2015-11-19 00:01:00 debug :
------------
String:
account-ticket<xml>
    <AppId><![CDATA[wxe5b18b9bd7e3626b]]></AppId>
    <Encrypt><![CDATA[C/5WBJGDBAPrPWATIzUhOaS9f029sPWxEqrVBZlAB5iM2Q0XR7+j0m38MWfDMb56CLXpVfB0kSXNSeBmtNGkghs2o3Vp9HThATZ38oqkb2ac/lslxnQKrZ1IkOF4Wz9hwlnoWWnZOFIMe7wugZat5OEVYIhLnz5IBsHM8WJcjBIjF4riIuAX+WEH7L1Cm31AQJkC2Ggy8T7h2oD5mGG5VAoFdbCvU5vOXnhjsbSKd58Wwe7MMo8QAnLZeeXzqENWnJFchAsIOGtOCqMDBBtPsHJZEWwg0QQRyxuoOVeK/t8BykJLQhH047+L4AXjVWKGqOP6aCPdaJs2nL71tmXFdbv/MjkbXPGkELojV1gUDuSCGMBUz/lAsLYmtzcACdjhqIGRyaM2zxk1R9FEN0Oyt0Csx5VykBm4rxnBSgcQPkFcoNjeytb85Hiar5fwicShg7zt4wkb0B6FUxfguLnIaA==]]></Encrypt>
</xml>


2015-11-19 00:11:01 debug :
------------
String:
account-ticket<xml>
    <AppId><![CDATA[wxe5b18b9bd7e3626b]]></AppId>
    <Encrypt><![CDATA[sKaqhjhaxyV7HmFWI+rNxCx0kLCZq+u62gb0XIAJ5uQq2borxBeGWuicQP8R4zLIFfttJwcpfA39FDr2DuJMqLneXUhvEwtnq1yp47wWjf+AlptHangZ2CgqcBFMghIj/TtLcxaFS9kj4wmaJliFS6mahgjcgLP4WObImXkP+glycLvcIZV/L1YUNvu14WZQSxjeWQ09Ii/cgz5vAiGlk5fqiQPeyKZuJif1Sck7bhjfPx2HiTA4PdUupn+W0M+sgSAvnRw07CDKAlDPj3f5L6XxGM859D2Iq21Srw7nNC5D2kvObDY7n9aa4WhjxKNoYu6ZMZi1N2hxy+IVN49HsSJCfCZCHo22WfI7kaFq9twq/21pKw/0KNpcrDMGYNzM8ngIWcJe48A3GpBvqvtHCTCLa76ZJBTdD84Msy9iqIzpIYK2kOlJy2/+IEM9EeZxDIdr/JUvXaZHglUWd1KORg==]]></Encrypt>
</xml>


2015-11-19 00:21:01 debug :
------------
String:
account-ticket<xml>
    <AppId><![CDATA[wxe5b18b9bd7e3626b]]></AppId>
    <Encrypt><![CDATA[pDmndQQL/uOwtwgIDZbsjmbAyjPJTvTRVkpO9PxWmOLS+SYY++gtN+RXdb7UY/8xxJrip8c6DmeuwashPZkorKOdjbP2zVZRqczglxbPRaCwKTa1EYmgSB28QZTv1ouLLUHiXOmtDOCzkuYsP1Cv+pCVqmVMRQfXYr82Tuv+a5YfIb4Wq+rSBFuCRFhSCcIbEeEhP7Tow+07AQu5BpGwf89Xlf3+NA8N+QCcjHlvaGnbpY8AujCBQJlW6PRBpyWPT9Whkj8I5qrA7BiE/gsJ4kVAoH9vxOz6t3MSxjuEDTyI2b9BLgrGbq5UiWTy1vNKI0/DwK8ZoFj0Fxw5O16F2oBpoKraazA18PW580hj0LSWBwoWW7/EWFSve1hVXeNUqd/B8eAkUAovgTU7KVi6g5XOh0SaqYWZKWTO74c0cy/c2EXO22Xppv05aVLxaQUlnVWHSjDVG2DVHoO8KfGxMw==]]></Encrypt>
</xml>


2015-11-19 00:31:01 debug :
------------
String:
account-ticket<xml>
    <AppId><![CDATA[wxe5b18b9bd7e3626b]]></AppId>
    <Encrypt><![CDATA[8yM7zi3MAvJzpzQ0WWsypGV22Rl4CIQe8Sqe/jy/m4xRgp01io6R7RYkS9nB7iNTu56aZPt9FTTbYqpGl0GvQjXO5rY0DB8sJqPCMBmNuuL1l6o86897yd3sHSDYZqFgeo1/CA9OvI8eZxWIhqcSVF7uppQqgQCn5lCmxcu/yudEPkvwl+iZybhJkBPs5x0xJ8zx/+3kVb0b+2YaWti5BNYl7dU0ek7tZF9cqwjtXeHvM6Z/PPHoOVuDybvZx9cTfvfaKU6hUEwzL3V6Wbw3kqM9/vF2IS+bHocDVyp7+k9mlql85VDNfgZsRmSUNCI5uCEZTdgt2qWQUg75VLLNxl6lEf7o1E1bbE9o4yOdU/L2eDIxbs9QO0K6Bg3+nsBqhVGqWntGA7kHtE/gxTp0rohKrcDSHVxeVA4Qz7wTacznNBhiJzioSS/VL6epJ3SmIRlFzQX7fBPyNk35M6RkkA==]]></Encrypt>
</xml>


2015-11-19 00:41:01 debug :
------------
String:
account-ticket<xml>
    <AppId><![CDATA[wxe5b18b9bd7e3626b]]></AppId>
    <Encrypt><![CDATA[Nu9gT1Qfq3eo3H2VM3cPsZhAAKy6KwGEOcV7n4oa8ynYVFIoKjyK6SEcX+zeGQ7m8DcmyiYjnzWgQDD1jvE/8cAOYI/A1q/6KyfLdQPJ9NgYPXyCVU3ggydDxzaKvm3859FK9Z074+RcGJDtgNmE+tM880cdaS5ZQHvhGqLpV4ithC3/Lx2Uzym2uga+Co+GLZOsuY7jZu/VTO4tCvlt1lX8oHmaiDFTOtnFTIRm/lsiCyYx7ldLleCLsI2Lp/yyoECuD0RbinHCHVq2p54hAXvGdvgTb1eJmLt0//mOKgd5TM9tU46/EZcRzxuZWzpQtDNSjHGs7sRalhe2owWalDT7hs8ggUE6cEzySQ7g8UDMNdJ9rpFU2JBvvh54nvG5Ub9h21jTae2UYSp/+2UrR5LUZJNTadKcgi58dZ82wqd2afIhU4rB3L/k0eMTH+iuvhqp3HInO45uvCOUKBMMuQ==]]></Encrypt>
</xml>


2015-11-19 00:51:00 debug :
------------
String:
account-ticket<xml>
    <AppId><![CDATA[wxe5b18b9bd7e3626b]]></AppId>
    <Encrypt><![CDATA[QrRnIKDBv9t8JRzJE485WXJKhE6vlYA90ILYEpXJOOfp8N5GnjUOjxMH5phmT8mODLzsUpRQ8UWviuKXmGgxMkPCSTzJ/lMeRaOGLY4gJv4FseJNOyUQinY72inw0cFQgVClo6EtLnC4C2/DiqSNjjzlBZe610nP1g9lREl7Y/gFKYrKugyRayLndmMWjDMtDlwpT/IWQXubEBWS15dhEkUSGwhV0KhbShG3d6JMtNY8YumCKl6c9WS7ivUWFenGKNaH6FNde/l/qU4U9YNysSyO0jnpRSlIolBO5qbpJWzeUi+JqBQAqihq+Wln2D8LqZdDamHxF29htGdxiFI5XmZKkyVduH9xdYAJ/xOs1Ynvx3imBAhVx+QOPHNK8lWj2099Neupxi7qJGfg37us6Z3K3iB9klrV1kcVSSGZ5nwwovg68v0GFpbvq6zPhqRA1SWsE4XRV2MLIL8/MAI17g==]]></Encrypt>
</xml>


2015-11-19 01:01:00 debug :
------------
String:
account-ticket<xml>
    <AppId><![CDATA[wxe5b18b9bd7e3626b]]></AppId>
    <Encrypt><![CDATA[U04jCPqgP3shD/awSdQDeRFNDW7VotW0CSloGRe7MqKCwVxuf+gTrrGMcRh21RksRJcBH9r6TLfXwnqzPN4dbjewpANVd7PFusifP+dHMe7rHn8eYv+4sZM9MZ1it0+NeNitMDy3F684QBED0+tSAmdsvtySt84t8htUe8Fyq0frRGU/KAl6m1PHlgy2/jo01MANVZZ6uynM4KNPQxsaws8Mm4dtxza33NdSrZ9np1IKjN6nIxYS8aZ/24tOz2xzRBD4ZGRATzkqS3posvALIH1nh1OOwuyM/iyLYVCqzzWDEaQwZ1KVf4rfdzkYwLIazkdqFNaW4WTOnTfViGOqsIzZ18eV5ofmEblRruE+83UwaedbSrB5DD46h1fVfpPuqkMwU1O6n2y1xgY0CLuTSiNbIYEfgsxN4tgQjSVnNTD2xwuUlf3GI40ItP7lJ0TvwhiXp9JkJu9imExn/b80dQ==]]></Encrypt>
</xml>


2015-11-19 01:11:00 debug :
------------
String:
account-ticket<xml>
    <AppId><![CDATA[wxe5b18b9bd7e3626b]]></AppId>
    <Encrypt><![CDATA[/xqlDOIOC9oNgN3QBQ1wJRhpnMx2QokcHq2BN0nQj5NQ9cKew2GKkK0AmPnRRvjIt9uLrYbiGkpzuS2r8YX+O1IRGFz8eajxSBZbtWVP1qMKDWz1MaSLOpiRoJIVKVkS52yFbdza3e5IEMaRyZe7M6bH2RFNvVziSGPahfP2k0IZOPsDwHc1dGAHRlOaiusY4Mg3r2chEYijWa3CF3u3SIgRsuXrE0eVf48D8I10YUOdApgV7bgC93SkqG9L04z/X3k6/oKcotxoXGqWh701OYFJsRVOn/moA9B1EUyuN3c+vk+HQtCo4hSSgV4QdI9jE0AFsdWXbv4ksNuckowmLeRb3rtAh+fy0ekL2aJfM8SsMrHIbsgxMlglcxfPvE7FiHOSYeENmRAMSYoZQ5Ot1a/+7Goxu1TNY/EqFEmd+xArxSHGXdiwAkzF5FlKYP7dOnPgiJhEyp5cQuPaEibmmA==]]></Encrypt>
</xml>


2015-11-19 01:21:00 debug :
------------
String:
account-ticket<xml>
    <AppId><![CDATA[wxe5b18b9bd7e3626b]]></AppId>
    <Encrypt><![CDATA[KirPD3rk+Eoj8UuzFYtobPayvE2i89q6mNdJmx8aR1sGUVhRyTd2cIwyKcu2TRTD79AkjezOaYURGS+96Qam2ZMt7aU5Vkw+cNbodyzP/ZC6lJm75TmXb/1fxf/+RArjiGRFofpPnwpavJVI50A2PkReXfIIkE0qpasXC2K8TSNcLb4ZfAMHqKGdOMS7Nm2If51156ijUNdXj0fQNEBHLd0SgjRXIbOyrKCrmXUWeUK0dcdQm3pWbE6ONcKbmG2OYHHpUZQmzUoxbOX38V50ff27xnyNk3xbl89QTXYsNEQYGpqSrdme42YXxOX6FmVHvoOkfg9j8B7V8xrVfGZ1AdJylR5+fsFrXHsapvcky+RzG76ICCX8btwhhlevhBfri45lIS8U9W8A2oCygOTkzBWB3S6uAjzzuqcNWRb15M1j8gzwxkWknIZTxL8WXwDO0o8AtWvDZwxDRPEnOx/ZaA==]]></Encrypt>
</xml>


2015-11-19 01:30:57 debug :
------------
String:
account-ticket<xml>
    <AppId><![CDATA[wxe5b18b9bd7e3626b]]></AppId>
    <Encrypt><![CDATA[zTDCwMr6nelaoPwNxhWPmxzDor+FZz9tMngU5EcXwwvUKJiIH04rOgI8ZcBKj00F+o31vzIozs1Y0ro9VUNotQu7kM89I6X8Hvj+to8/ru1r72KHGLlDEsle/wosGnYL0MvdEH7bXVYmM/NGw0w042kF5WfP7nMbj8X8Wxc/2VeGq8rRw75J9v9l3NE48xuRoOeavjxiL8BG+qOqAZBGbP6Ciuk9zJKMUZsuRsfXQRn9Qs0sQAPFnT62T2z/rYnmyKb7Y7KePtpOwyfhQ6Ah7QaPXQegbjbr68GZl4jP+O4t/JYXNhZOVLHRb6gFzgdf5tJhbeLbArOVLt2IuZIzobiKrd+NqWqiN0LgwFcxK5m/dz/c1YmAByO+1qOu6TkllR39NhXPzVbBe2pZmQJw1NxdwMEIjUKEmUgzbhF6hJr+IrZ3nZf3aUwJ4ESFjgvIW4e9h7qaI8NY4MwdwfE3eg==]]></Encrypt>
</xml>


2015-11-19 01:41:00 debug :
------------
String:
account-ticket<xml>
    <AppId><![CDATA[wxe5b18b9bd7e3626b]]></AppId>
    <Encrypt><![CDATA[SNeBDme9vjcnvnxAJCcG1aN3zAHKBDJiBoAp6f0d1kBm6Iaj+5KDYE6JcKzvHHrN35GJFOZI0P/C9DG1q8EOQg9E0JSY6LPz/siP7BzLgKRGzu1wtxJeRRGWEbnLGD4uNk+5+mUegZoks9oRxBI6WanzsPR/l1bE+Pk4bi2GDPM+D1he7oRucBzeLY7v2wlF+MoQ0925hZvWnjFn1yfEUbqjn1aJ8egDHNOMudydo9hMB3JVUcEb+IIyEdt/4AcXFL1HrtFQ5JBK8TrzJY/vdNoo+4Xmsr1u1/r87dVBHAwLBuWiSck5zSN16/2lQMv+39d0JK9l37rHIdASSm0Hfvr3ZaE4ynUnUcBGZv3YMGxRXfbg+bGEzi5mDiJlO12OeUrTeq5s7SNmchx5jA4Z10W6McQdFQWV5LkPgUZQBgpmxvzdj6GZ8Jmq82xsvuHM445jEAxRDIskw49BYFz8tA==]]></Encrypt>
</xml>


2015-11-19 01:50:57 debug :
------------
String:
account-ticket<xml>
    <AppId><![CDATA[wxe5b18b9bd7e3626b]]></AppId>
    <Encrypt><![CDATA[GapPM/rOQOBOnnUP0ee9x18vmixWAsge9GcICgB8cillFQ94/QfFp2dAHUnPjGnUBCHvsOoIfRF75XY7f8uEOIPl4Jji2DdEgezTD6bMaJjK1J0pzufmt1gioXEKVFq3PWdFsgujs+9qEVi6Ffe+Bkg6206Oz75OGnuV1O9Ce78R1j1ic81wiUF8M5iwfLdtquJzbPJnKwoQ8ImVLFMYIteKcPD+KDjmzwwgsi78tGqV+6r7lym2bS0WaLx9w4nwI0EctVkN3SmSGGlLRRpihis5XocivnjVH08wA/M/jnb3G+zrdTmwVsi5DfqKvyHLmT6KXYHgiz4eCIe0LpNrXGmMf4UHgP+CNiy+CeMtkJ09qBp4vl2NZ9r19lyNSBlGXyNAAa9pk1tWKyVHUCnUVaMZxY49mzPIarxm74f/UYCfO4birUij3Jd4nasMWnu1t7V3rQDrp/NYuowUuYCpeg==]]></Encrypt>
</xml>


2015-11-19 02:00:59 debug :
------------
String:
account-ticket<xml>
    <AppId><![CDATA[wxe5b18b9bd7e3626b]]></AppId>
    <Encrypt><![CDATA[mUyHdpxkvOsFJrDDLctn+N6WBKWzgDOAvzgBF/Is4J/sQGfNi+IHYHntdVse2N/GB7g1M4Hdo1p/a1vn6XwbW7reFC7QOazRG3chL48jeGdDPTNACh+lXyUdm6GTcj1ja/suBYit9pyyLuH04S4F5T2ncAOus6x923wTMpqgo+/aNUNI2D4UajZOrp7kSDBEqm0NnzaMLSxihO4o/FvNxR6G5NA2s3aie7gpZHEt0+kpsILwiGDek0xHPjDyWu9g4yPJDuwMBuC14o3fS84bpABVzUS7W8VSvd/tg+tM9yzfh6DeuhbppGFEypAoQRNn0xs4i7QqvkZfuWBksPoC9ppKYRCS1BPuWnpSL6642f4qz43fhbR33DNwDz3XLKcCOV1WNb1161YsvUgKAJZ+vWBqQF3tOaSCKYWOMCkgBeoTRT7ewMDQna3uskjZCGC0XxJz/jtKFA7ld42fujomyA==]]></Encrypt>
</xml>


2015-11-19 02:11:00 debug :
------------
String:
account-ticket<xml>
    <AppId><![CDATA[wxe5b18b9bd7e3626b]]></AppId>
    <Encrypt><![CDATA[O8RhpP6kMIzoNvYnvs7oL2FdwkYnXOTdjGj3Vv3X61UzciYVJeNOiLHJnigf6Ho6D9ZnZQPPtEhhE88rmYHEBN6Po6tqRodT1rEgpgbISjykid0lRdkMoPdWuwoxf1LFKkLX4N+057Xzx14jdPPvT2ariXUqgNfVgLYls/tchRbO238myQtHREh4zu/XubbaWj3bipgCcS7ol4CHGRFBYd4TmArxPkJOZwD6Cz/QIjh9q+otZdxk/gkcMRB8vuHsKCdY5Wt38bJeD2evi1H3n1Dxs8fVPujO+9DCZ3753/qeql265Yd1SbshTro82HT0Cu6D2MBgAlsrHY7BfkDsr4wZKELQz+oL96OJqZR+N3TC8YVf71QPq4dVdhAwpDAx6hHuVRoMsDMJYqf4YbyKru+ZOwBKSij97Ow8hZuDabTLiYXHdq5wBbNjUC0NeiuVz6FTtZNLQXoh5IueT7/ZRA==]]></Encrypt>
</xml>


2015-11-19 02:21:00 debug :
------------
String:
account-ticket<xml>
    <AppId><![CDATA[wxe5b18b9bd7e3626b]]></AppId>
    <Encrypt><![CDATA[p/HVXTRdI52M1Kf4n22PJ5vhYR2bwNrSZJ0LT5h6AyZwWh/TdL3slGm/L1zwF5kiCvpLJ4M60fNrIG50qrEwfReuuf4acXLvHWeDarcmXrTBvEVEJAIuUWT47crGgwJvkP7fJhyYB6vnqYtsuHY0UCDS99OapBmp3XJVrbtksVQunBC/TjhYtfJixSsOZGi5V+Vovn/15AjXzvDmSxb/Nw1nYrtf5KxOFz7KLQkttmtzXTSYewDlTo27lP2YNM68/XQvphO72zKUSUZpJOzFGy35Sh9Ra71h+7EEHa6PRjJVhw5ioEjAwYRPRjShEdys9bp38lsYzwlCj/WKuJnd+Umuxweh4C2fs8+2MvZX//3wb0tYvUzIWoPPM1BuL8w3TR77ouRT7E+latN2s2LUSbZsrfN+Y6WFQISsEnNxEAu+k3MNrhyDFPZh7G9qDnkaUzBvqTKB0uomxUUWnK1apQ==]]></Encrypt>
</xml>


2015-11-19 02:31:00 debug :
------------
String:
account-ticket<xml>
    <AppId><![CDATA[wxe5b18b9bd7e3626b]]></AppId>
    <Encrypt><![CDATA[rxHUjcOxIvaQaMlt7sPvdy3DKUWU/QU02MST7d19VPYZnkLsKC4FLTrbLkcC/Ii+o8EGy4r5yRpaWw0b/p4UbLbtVusFyY44Sy0bfyWt9VrIJwbWmIJfbjZ/YNbM0VBACy9SikpWH8TYQ6z2lNjnzL9dUbLIbj0PZb26L7/EO13POnCFVgsmimDBLg1UXeNdU4eLGxgvoS5Db9zrCTRa3dakrgAyIYcNVrasHKN7Izv/w3RnpPkkFX152J6FrZo9k4rZ6qPm7GuCKihBpYEcldxlLG1RLl6Xp8Ibtykx/S8CFexFrjHG9a/nXO1z0kzJq6u+aCD9KXSF2PPcoBkZThKBWAwPZGU5zWTF5IIuEUBo1tR0OY/E84mmnPX5dVFXPDjp/jAWhQsz0w9WRXPcM7Eink7KZrZE/O7uffSTVBLeyg6uBW3uzAuBj+e1rnnvBHcuZEREh/0tmNBtRLcyaQ==]]></Encrypt>
</xml>


2015-11-19 02:41:00 debug :
------------
String:
account-ticket<xml>
    <AppId><![CDATA[wxe5b18b9bd7e3626b]]></AppId>
    <Encrypt><![CDATA[dgXptL0B9MjGj2xb0wGWXKI93uMd3noPRuEFRwri8gGZujVDfCqS+o46xGHgOZY8Lwkh/gqNj/BDA8fcXyk9ANjQavJJVTsCMqWfNgXoV3wqOpCnwfRwwNQ3wgKZPKfs+VqykI9XFS5x5M/nGqU9KnRqHNaiP9c7TsMLhnhcRNC0AptsUwPQTElhGZyJaDGsI/NRzeutjOaiIrnaSL4xjjW3tLv20P6aN+S3AXiqp6IfsmVc/P221s6jViq3hgvXlhb+oVuSJbqEMEXHAql9nbQGBPixwb0o/bD11daF0Skb0N2yAw8qj9fPcnY/Bko9l69GLEqxeOnhqygXkN/JCa9JWK3SIS1VdpgPqeOKe2V7iIDDcli13/zgWhnmYqpuhPBBi0wg3y8pA1b6XVLW+eDzaIKQi+LBLOBU1TdHCt4DRswQfAwGVVqdslWxsTdIYzmmSRpzQO1JCX46qENcrQ==]]></Encrypt>
</xml>


2015-11-19 02:50:59 debug :
------------
String:
account-ticket<xml>
    <AppId><![CDATA[wxe5b18b9bd7e3626b]]></AppId>
    <Encrypt><![CDATA[q5yeiVYBt38C4PomcueUuj6Y4ogKgKGvo6HqveCA9ghz3Icwqu9ea7bsLToW3U4cjN24rrh8eOHV7MKo5ZR0XfOlCAJVWDOEykrEGw+vmsoKoWx2yHOOjlheZvyDLqBrZ0mxwcvsUIv9npDYvs99f78xIMO18DzEQPFP8g+Z14a9giF86UbSr3tGdQsX3543/I77ZV84VjaoF1Fn5xjegOZvBPOPEvhaNJcvUOdYivuO2VTSOZDjKFzmEfJVCNlKDJbHJrUGF3D1shQ7lDKzhTI+lPOvJxTlOoQ+eol5juTr00nDMXO2WDUJA4vMxPknIEOXVeq8znMeo6lkOPYU2sUI9HxqP556L2Xa2FNAGJeSuKHnCP48iW68nejSIfqAGorj4BptoLzSjleMSvppS+QDmnJAXop3hJype/GA1IxOwyse4U1LvRW2ni6v2HXvXWLcHPfr9Y+J5BhPxybQMQ==]]></Encrypt>
</xml>


2015-11-19 03:00:59 debug :
------------
String:
account-ticket<xml>
    <AppId><![CDATA[wxe5b18b9bd7e3626b]]></AppId>
    <Encrypt><![CDATA[ySzm4Y/QUHr6nWAO9DeHcf3mNuTHPBfAuw1sBAUG+O4yPJ7X/FuMK1J24SqFgJMWUEOa/4RRReFg2GU8aDHqQ//o6Szml8ySeaxaCjHblzkym+UN5OF3Tp/M/SCy8GiUUF90RcoPbcTjxP6kFqxapp/DMYsmI7yAdFgWh8dL9aHHIz9OFQKCuWl4JYvj5Q1MAmnivb+EKTET+tZLq80lJKTKU1Fx01pTZuVGSxIG7PQxxJ+fIOztMSMUZZVA+7g7OWFK/2tBfUT5BDNXmKjyWjVW+iiDh1do8qKxwu9Mxmx0irhMrQy/toecqzDiPfD6DWfgB5aCCqC0y8Ov3PU2soxhcUqYS/IdU8ysQcP9q4KTDnhJps8quYh24mmY+NLrys2mypNs90IoZ12zdqefLAilOcsSOUsUpdalIGfRJNluGQxWHmhu961QQ1BiNa2y1+y4LtqGYV0OT4CJ+jOj1g==]]></Encrypt>
</xml>


2015-11-19 03:10:58 debug :
------------
String:
account-ticket<xml>
    <AppId><![CDATA[wxe5b18b9bd7e3626b]]></AppId>
    <Encrypt><![CDATA[0Y45tFXC6ybR5PwE6/016EmDRuw96nmVxN+9mFmUW6l/Y1aRgbQI/c40nKXI1winbP2x6UoPIjEGwp6tLvgkHfTRQIsHEv3Iurkgyy279CE/gKTH2XuV2rMa4CDLBkYCj0Du7T6H1rDeHuyeBc3wxjkEfCS+tDh1z0Y00J0Jh+x5iQvyLH0tELnTwA//wLDPBa9QDOle7imjbqiyCqFUqdt57F3S+BvRKNkttN5xYfSmB9HLGRr0nR0rDGVSoE4x6pxYv/tf33FAk2BKFgdIlN5JSVsxaffvqFCkDp7vkNMxbW5IbIwhJLEd+zrBpZDNxj1qsrnZoL6r+8pasfjDE/rUA/SkKm16y6p9yGi5+fBkSIqsUoI9JSHxbAakNYS+4rOazx6vPJmknWYznd1rYL2D51D1SWrPzAvmvBqDBRoP5rZOhCDW7h1B/DDxMxdu8DI7KAMrKOBRLlItm0k1TA==]]></Encrypt>
</xml>


2015-11-19 03:20:58 debug :
------------
String:
account-ticket<xml>
    <AppId><![CDATA[wxe5b18b9bd7e3626b]]></AppId>
    <Encrypt><![CDATA[NEt4ajkKAfTrFoMdRVrxiUH7V058PL2ZWkSraqiXk7TJ3SAXXcuZ6/P/ArZGU+t2DrZxtYD/BJXMr48GJ//NWIqexvfT7XmFRShxEo87gUaCLeh+7KSf+XvMjVHyQ/j1egeIKU8zOOEzX2obiEeaxyh07f75+J2hHbOwj8Y1eG3ksr8AdScs92H+xxilxTd/7ywardX8+ouydAN4XMfGKQwz6V11V/MQLq5RDLWrObhJjSH9B1RMPKzqaiCYVP8dNgzTYDLf6hl4gLKs6T1RHYs9VLwyqAlH5jigiaP/RBuuyEkKUrqAR7d5ZYovznogWLnfeQxQMBDh4hdgsAMGNWK917iYDYhacMdhxdbmsTHo3rAt9cUghbXaAUPM4/7uDk200XRnz9Jb9/TnFL67RGS3pWzFE2PBEVW5ubcOisnQ5kzTc0kCaQzBk3Kp8vA9c7WvU1f/NMZZi8rArZ55BQ==]]></Encrypt>
</xml>


2015-11-19 03:30:57 debug :
------------
String:
account-ticket<xml>
    <AppId><![CDATA[wxe5b18b9bd7e3626b]]></AppId>
    <Encrypt><![CDATA[f06Yncv3ofgC2888HOZqcWfrkBfOkBbqcW6Jsi7bEbtjkS+n4Prk0ih3X2B7YKPRetLUBJfhtWAWYU47XRxdjaJK9Qkv+HFY4xjNLHtt7y86fZh/l+qI+rfHiSIrAM2FV63Mookj7qCDzuEgYVqtrTjp+cxLGxxXt/gWNHZW/jVuD1mbQq8UE9jjDHPdFbP4Kh3mdTxWkLMeUClRonwlshxdXGkV+Gukwkew/qQPRDrpreQOGYOOFyn92+yagg5xtGp4haFm9LTUhP3hqMP5w+8uMRD5dxaUrNfwLLTpKtbmBi1gvkpLwWM26V6j5rUEm3nzJIvdtMBsBiiAJcRGbMDZgaIVF/jTjgdm4hn71iQ+2eInSa9UpoIHT1ojZ+IVhSx/BFGyl238sjtSUdoL4NogPUj5pi78q6Uy+Bff+pBpoOX6vcn+2BqxA+meTIGONp7B2sqKOsggEl7BQIWavA==]]></Encrypt>
</xml>


2015-11-19 03:40:57 debug :
------------
String:
account-ticket<xml>
    <AppId><![CDATA[wxe5b18b9bd7e3626b]]></AppId>
    <Encrypt><![CDATA[OJV4FjLykaI/dFjaTrtMPnGP09OQpBqnLAUWYMkA+CpWLX0/13Yk2htbmL+KSXMbyE1PhzuBjj4WIFuRYhrxbqo4x2/AQryVk/cbI2SXyGoR0t0FMIRUq26nJWpRh/5H6EIfGeXGFHmsQvRSTVGDVRvhG3lV82Ic4LRRGRnncn5UAXEpoJUk+raLA8e3mGpfDsG6GifgD3x/jvnA+LoXdPJh0H1XPOx+Td7INTnQkPyKVBtFBuvfvZWkwwXa7Bz+sxTHFBnYqbph/EYqP1sINUtWWeJw1mqjUmZwOj3vhNNDAJCrwas+MdhQbtOZTGz+PbMI4sIanrq/M13ZaxRwnZRpXjKrBon0j5uDKyh9i0wJfRGTnSZ7g4bD8xLGnu/mdzjtDrUVzfWO81CyYmGw9iNtHlMGu9d23dyq6XzCj4FH2c96Sn2hAJGiPm21bzI99GXvI1vm0RljjTu09STqLA==]]></Encrypt>
</xml>


2015-11-19 03:50:57 debug :
------------
String:
account-ticket<xml>
    <AppId><![CDATA[wxe5b18b9bd7e3626b]]></AppId>
    <Encrypt><![CDATA[amGZHNEgI1Xnvnp7Nar23GFO+eqwdQX6QnZblCVH6DQ2J50SCdEv0m6cUDfj/F2DNHsR6sZC9ca2+n40oy64Qc0de23A95Thlo3onS9cVdL7v+Wu/oh2W5IqmxaxcZNRPZ1ZsMObZYwiXQE91+5q3HfQJWZEjNRt1AtaxRwgbmMpHhT6n3DzpbggyTWKQUduMdr9oN0IR0mIFQcX+Xja3ThqX8hZevIwKSuIzc0DHH3n47Y1MU6kDLBw/Hya6oFH3MiL3gAKssxno5kTunt+XKG1EVGhtQi2GmDn+KPA6htJTtYNC4JpEHSCtV6uTsPbFo4nD9hpbewSvQKic73yls9OVTpA1SZgFPjaCbiBUbubrHbW4v5W31UFIs7KCTUPyRDtUmbexyliVNnif0/HOSz/uZLhN4uCEIzD8Iuj7UfFSdvEazTj2yUlio6LxqdFgK8opon9eBBj+JCvkMJ7mg==]]></Encrypt>
</xml>


2015-11-19 04:00:55 debug :
------------
String:
account-ticket<xml>
    <AppId><![CDATA[wxe5b18b9bd7e3626b]]></AppId>
    <Encrypt><![CDATA[cKnKz4lr00luWE6N/ZvvNPWbo6bQK60a8boUXvO5Ze+vrd5hwYrMxbssl+yxmQ4Wd64iw13RjZ9XrlhyYAeCuqJPpkGW7BLB+P5nHlEzEFDCnzCvd+S900xE5v3xBbE9ilAubTq/NqBL2c0Dwy0YI8BjN4ouZCpKPLQnuEx5xyRJk+Pq4kYv5bptnVC7q1Ze0OxGsLn1rSkALgjhLdM43pBwjizUg/H/rz+BbncTdyh4nXzW7yFpB3U+bEAGJPsdobRvMvSC++DDVU6QEJ4gvfImwbwRBtXAgQhSciunqdqnnHH7Vd/UtkwrZdWHPzgNZpGb6UsYG/WdGvF5ACQExPpvlbU+vFaYXNE42xqmCne5nvy/W/KaWFAr7b6wDAr99FJQB8XLQ7JqB1ZldIIsP2TbQwGyD+ZdZ6jnx6b2E35WiSG9mLD/U+z+XvZPF9u/hSJiIZy85jLx6CztoTD4xg==]]></Encrypt>
</xml>


2015-11-19 04:10:56 debug :
------------
String:
account-ticket<xml>
    <AppId><![CDATA[wxe5b18b9bd7e3626b]]></AppId>
    <Encrypt><![CDATA[3N2LW/LsCizICehtExsyzSjmIcKOgkYmfdEZf2wnh4iXbDHPHroOh8iLUtW6TMg1o40wZDSywYBnUdk95pV9Yn2swfsb08FbgqFXz5Vi2M4dRNBojCnggm9sxb2dQaNyZba/Kt+zAqphrY2HKZSdF7tUnnmaQ1ePzuOoKxss0lYjC78WZq///8DIsEpSwGhM1seUMaC0wUw56hx+6lh6FSN0vCxxcfcoE6kow9sHD4PKaifnPdPLZkD03Y7UgyUVdqLPILaYZ5Qa7PJktrYHdhgXvE00JIe2vk8Tn68CbJrkQ1j9YNpxCeJJDacEyw9+jyBMm/tes13+Bru0CwPVLUmJfkVsYKGaGB6ffQVo/fMpi4cOmIYpFxuuOu8oukh29vM0xuIYlYm+UV3W4wRtXEWwxckDCqR368hCUZm9LtbmsrW4VAYFI2LXGetNTtvMLA8X1gfW7d6BQp3JtXhlpA==]]></Encrypt>
</xml>


2015-11-19 04:20:54 debug :
------------
String:
account-ticket<xml>
    <AppId><![CDATA[wxe5b18b9bd7e3626b]]></AppId>
    <Encrypt><![CDATA[tk88QkD8f4pd4dYs4QRX7FoiboSIUH2YWCJ+pb1eGZ46zfFcaqGsH+gVzRdi/2hC/JuD7QiOxGm+pj1RF6La/ONHGGSmkpvL3zDpDGGxU/PaqAgcLeN8zMN5YuxUY1uxrdy3K8f4+YwT4hjEgbJiKjYCDx6JtfSsNaFjdd0z99p8f8VHBpT6ePkYhEWxEBjoGSYvOZJ67pmC60E58P5SSNXUcFEcNWUd2GxinZWgWh5JeBpDZCnXHNgV3JfoICGviTKjPlT9JoxmusnaFo/ohGDYKKMi+ZmAVCeFBlWJDhyOjz5Nz6s53p8T31Z0Zrbrh9E7BJedC6LO4rUSEYEeLkNzSb/4jix+fmIir9BU+NatgVG9EcXRKqaLGl6WGW4CFRNZSGuuboZvyrGAQt172B7X8rtB/BRCYDCEhviXT6ycEzeLR9LMdzI8/X5CwNm7QRyRExoDXgIGLc90+sAeQg==]]></Encrypt>
</xml>


2015-11-19 04:30:55 debug :
------------
String:
account-ticket<xml>
    <AppId><![CDATA[wxe5b18b9bd7e3626b]]></AppId>
    <Encrypt><![CDATA[wrUu1ZJKm6qlOqW1+lgB/jwcyPLGfXfo5udrmH2j76S+4FKE4Bnl8Y5fmzU6Kz637D0MjUI69GWsKerrT7R9t/R2QoRxk2D6HM0HG2YMnttdfCII5e8fWKKZRxO745b7f4dfuSignfEmnSa7+ejD+QhJmBhJ+31D4MixBDX/bA0Y9kjqYA4211BXwKERK8nLO06vi9imOlmktTq744E8QKADJwwViLSLDote+Wi1Xhc5EF9TbBwTRp9l1JKWH4iXaxNSHhsM8I6y6LIUrHM9i19EthkioGB84r8gANK00yRSkRN23piWMXeN1WhD68ZTeJzSBKtKHtEmHHTHlZCVZgXMZjNFZ0HSpz7LpYZRgXIpqG+5taP4RMfdQNY8Avd1ASHUeY2c8RmyynWgUvFyLN1WO4xKvey9yMDZ17gEaFazXhPDl3Thyp067J2RGaTaZgE3k74EAEUKki7sCd0Vnw==]]></Encrypt>
</xml>


2015-11-19 04:40:55 debug :
------------
String:
account-ticket<xml>
    <AppId><![CDATA[wxe5b18b9bd7e3626b]]></AppId>
    <Encrypt><![CDATA[+BnNxDnXkM/ZfkoJipQnWQvUv1IpRW/69pHUP3k8tx0rp6IHGs7/0pukM8lo/LJdCcbzFTtELN8UnxAbIdzEpQTjYWzjt9k33z1v1L0rMAxa2v7yQkGG6fyytBDCdP00+cvfu4Y5yUal4jNtdFrrepi38g9tEV8osNKke2rIwjJdlCTg+q9lU4D+xncjtfNMg7jA2NDeP2a3qVgm90MGJDnpmNp9VUiu81OVypgXFg5k9XUK+ViHC4k86rv5r1VXJYydrDsLmYJuTuPa5tIifuPp3kJHaqLl9R0Q3qKVj3kTgtgvRyQ0SWZjPHW0euk3GN8jsLjuFpCUrila+rBu/pHwB9GK509TfZY68t+JbWVnPwjE1UuWrBrUBdAlb5dCn4ezL/AYAFyQXDK2dUGSsdzToN0Txc6Ht+4pWSxtFf6DSTehHUR4HjN1/DQFQtJC1mrx//C6jLol90E5yOlqZQ==]]></Encrypt>
</xml>


2015-11-19 04:50:56 debug :
------------
String:
account-ticket<xml>
    <AppId><![CDATA[wxe5b18b9bd7e3626b]]></AppId>
    <Encrypt><![CDATA[CFUaofrDDSGPnWzzW3uDy4muKjHEL77mhgSCoiwjmyjheHdRTOmQi2E/6d2dECdFiOsvZdlEbRs4pPgYXbopSgTrE0EUJ+bbbWN+4KgELFq73oLTLBv7r4xn/YWmTexxg3qCBjilDZYToFmCNhpDdzcoxrJUuAvK5K3lYbS6KkXvk/jW30qShfrD6V9+Juc8zGYrR9+Rj0WUWnRxmiFACG5Zt5XMJqjJAZKF2I/cz/lIzQuxe9sHen356A+h9ykJatshaCp1bruowHQHVutm9tfSI8l2zBT08MjrHrg6IIx4VtM6Emx5iHkvddz3dI6n91gutZU4LXppIw0eLulZ/td9auwDmkYyROIQARWfskZs0CtXWN58Md0QvrJMhL6hGwWFlph5VGkV3dPGbsOg7DLRMve348oU/XRZkMqfXi/w7dCSj5eSNRz244VA5fxwwkD/X7B+K2n+Wlo5Berybg==]]></Encrypt>
</xml>


2015-11-19 05:00:56 debug :
------------
String:
account-ticket<xml>
    <AppId><![CDATA[wxe5b18b9bd7e3626b]]></AppId>
    <Encrypt><![CDATA[VMJiH77DDeEJKp7SHBTguCmv4k0kc+7ocmcfaFoq9uMSF7QS1AKdN0l2PswX528oSEF/L+lLykEIGJMIyX30qkUEdrsSlCnCRtwHnwJI8gSlj+NWbp1ERrddxV6c08n9OxhavXwfXw4bVHWt/j4MrarZWpi82h1yGriTbZBGNickOXayzdtEc0THYOmfnKrIE07vWKpAeSub8PveftrmpzcHq01lSaRJbD25iE3xpiYqbLUmaXasZp6wQVnG4VeVfXozdYKD4N2GweI7H16ldOV3MI6d7M7hK1GP8Ci6DZ/J+0IkX53GE45+XaFYdpdBNntW5be0/UlU6b4Ln/RI40PRVYUbW1OptNYYYOtDzaiHZQBcSBf3BqdgTF++RzIDdqmOCl3MlYVc3pGzgH2eoLMx9ich6knyTqkYgN7+iRxRbf3uw9kunGpaZzs3UXdSanrvG33VLwPYa6JTzwqX2w==]]></Encrypt>
</xml>


2015-11-19 05:10:55 debug :
------------
String:
account-ticket<xml>
    <AppId><![CDATA[wxe5b18b9bd7e3626b]]></AppId>
    <Encrypt><![CDATA[H1WZafwj/niAW0gz6uK4RfKN8gR97/s7b/t+s8RwEDh9uUL7Kr/UoDZZhWoGxbEJpWHOw8igS4ENx+zWRSja2T5YyqOpGkUMJZuwv+2fnR3+1zAgxLzYLtO8ObYHABJXnZp1UL9YtwtjUZfj8L88jo9PAS5PJWIf4UHbsNhCPEy7NLwE+lJ0O1xHjRIR54kB97oLFMrl2lK+/rP/BXZGch0mtE6UG3/z2yYH94i1kmBv3alv0vDrCZ3U4uaRS61Zrz8X/9lpWT0mGDqnYMUFHqxZSfVXAbT2qJPiWk1GTgkv/ppUeTfvc+J0t2WLKc+4DW5CR086k0cKaA9xV3YZrFArTwOSIsZte8MttQm6I3HL8i8AYPq1sesP9S4KJGAlCV/3YLXlnhOchExPg4K3hZoUKaXbNsbPjfzPAbaGZRwV6zWXJikSyXyIafrQHudfiqFQbFFkoJAVHLadolqeLw==]]></Encrypt>
</xml>


2015-11-19 05:20:54 debug :
------------
String:
account-ticket<xml>
    <AppId><![CDATA[wxe5b18b9bd7e3626b]]></AppId>
    <Encrypt><![CDATA[DqwDWTslP++95ihHIU6y3cL7oQ0PbTIxzk7Wur3OS23LorYP4n5RTv/CXQWtoOmz7/4kS2QrMFTEVH5pFdTQJH30OhKE0FyKE89NXr+T0IfjFOOBAGbrTSmdLJFsn+mbE1G7M0OMusS1oyOxH8wpIfDtc8LKxlbQ3zQFuO9hRlGXzev9mY26XWYpx3YLNP3P8e7xw41OQE0E6qBVxzZgavbVD6I08xSEhIHyQPP9vSj21Zkkfho1CzX6fvgC4xssHph/lGPGeC1u8IPdlbBWM+YQJNfC7nsIYEfLhM4z8k2yr5P7bO401AFbeU9xF/QUJ2P0tZpTlplIzS1z/b+MDKQYJ0Jo6Sv3p42rw7vE/TFlKiOcYehAEPJK0jIWAfKBZ4KWoMIjIywYACkwvkvKhTrhnXsfhNEtH2Kif9HDpo3zVuBHTtE7IKUBzCV8WZhAJftzTDQeidyoybC16O4zcg==]]></Encrypt>
</xml>


2015-11-19 05:30:54 debug :
------------
String:
account-ticket<xml>
    <AppId><![CDATA[wxe5b18b9bd7e3626b]]></AppId>
    <Encrypt><![CDATA[UD8jHtg0tqo8BItBwAvuOa+FebqMTJoXT8l9U+PXE5QwzT+jB7nh1KrpgOroq3XAI6tGJpOY2dVP1tuNJ2of0Cu0POMpYUUAMX91VnYyCcNrr3pCvRFvPwM6ObsnKhcHBQFVtZZjjeEcwxU2E7Gujle+B5OwtgwLC4wntuiKgPzbUO0KnyhJ0WUKyqBivk1sFVIZLoP9gV5OJ+iIh6ylR/v1iPaEcAM9dp1A8CPzvkeSHleftWhEUv+MrOmpyNKSJ1fWjn8dTmut8Rhxb36ROu+TTNWwjhYPsAgbeFl7hcCpe6Xk2w41/smAZBfvBAJVuJryYA0N0Cb/6FJDxhyOaINfklLSo3wis4eaR4rWmFFYkwX5TXWpqAXW/4kPHoYj/dHVkTGCMYBfD0ZFRY9FDtfGnHh1xo8jT7v+MUk9BkjXQSTrb/yqwHcBDq6DtapGXG1CRsstmUMITmx4ZiPEOQ==]]></Encrypt>
</xml>


2015-11-19 05:40:52 debug :
------------
String:
account-ticket<xml>
    <AppId><![CDATA[wxe5b18b9bd7e3626b]]></AppId>
    <Encrypt><![CDATA[C0cbWwRn7B2VWrKFL577cRetycpotmY2MD2cmxR0S6bquvfZ4lQCypsV1sH1nxdlWhieV8LH7wx7mf7CVSmESRytjijpu2ClludWZcDcz/X+0lFV2BVWKSr4gXnArV6rCLmrc6abdQLVreP0LQIG9Ylg0fQ9oce5HiHW0XBQ0DGUvl/ltkppiy4XW8f1mzFYpXXdDVF1nsQQATqY5+N+S7ATHmei6/x9bXncXMKQE6O/zZvN+8Q3FUZxi+xo17HzffJowMM7Q0VKRJA5sIsiEMQL3zMEHwcVbTLgm3dZEYBxFy32Cx/DV+v9gvyNL569XzW+r945K1dJXC5/K9nPaQ3j8bgcjHL3sEL1baB66S6Ox1WDcaJmFY9XAfDIsjEHd5ChbHXR2SkXT9UkGgZVRWfvtkwfnfH1uLc33E4vZBiyGs0CKyplTiMtvbMela6N53cOdKuLy+0WoD3Tsux0hQ==]]></Encrypt>
</xml>


2015-11-19 05:50:54 debug :
------------
String:
account-ticket<xml>
    <AppId><![CDATA[wxe5b18b9bd7e3626b]]></AppId>
    <Encrypt><![CDATA[LOlbsbQkty2E416C9UFPHQJKkqFGE0YLV65nPUqhOfUI7UjDKZq9XTU+bI6P3UN9336PElNQlpR2UXk96wMv5kCdwfdEoCqABuLIzTut5dWZo2jJByENt5ib7NOBcoS/ik9AAIy1AKDs1SoksFyuT+9aSqUQ25vx+cNrdtm8DE3t2f/mJXnSdVl4LbMmXqlPa6Ik+U9rH+SRWwnleLFKz2QpASrXJCmU3Fw7XIp0xcr47Guzg8d0YAxMKQIE+NHFZwM3PnXEPXGbIk229aP3bHAYJdDiBYCqP2jlPbm5pzCFJjoBVqBTusXC00kwkYWtyvKq1WqnnEV/2GmG2yYL1bTClUvebPabzmYc9N09TpKezuhwQVEJItshQu75oBJV4FDL62qMeWC4OW+ICzl7TwrkWnlXiEA5BiqOdf7/pJl7XO4EucCPaS7vTnflkhIKCmJDpOpM3K2LytofSDIePQ==]]></Encrypt>
</xml>


2015-11-19 06:00:54 debug :
------------
String:
account-ticket<xml>
    <AppId><![CDATA[wxe5b18b9bd7e3626b]]></AppId>
    <Encrypt><![CDATA[aqWJodmoLEPqBnk3iltog2mzQlD4ZJxNm06THV1hXeCcmlrSe1itzPghy5ktdsY7w/8jOc+9SwK/WGJW3hbF52j+GmQ+CyXaeA+W1Wt0qTQwFqBg1oNZtb2DVXjxqTBUHyBjPXhkvMhcYchKTWJ1atuwgXIdnLODu/Mr8IHiRUlNcScp9cOC3DeMm8oIZUqwOrNLOL+p6UiqBiz+bGZpivdT9HCsPPM1wql6b0XjdhP6OElXFgNz83n1w6JKKrOYpTcGxrrviMP6yfMecc/sedEQz7yLfZAfXwWXBxW9haZ49Y6oYAHcQBxO3AMGtY/Wz3uELvjT0LwPYS7TTmlyEyed8vr02JNWWPHYnhqee8nh5UuSz47K/LSRVh9ieoHU4udSI5Mj550dweMAp1tEd0xvSqFz3ZH6ZKFptH2R2H0CEBXzoqxFkiHqaMe1PfSQXsSn5ltsUEvvnChlRZyFWQ==]]></Encrypt>
</xml>


2015-11-19 06:10:56 debug :
------------
String:
account-ticket<xml>
    <AppId><![CDATA[wxe5b18b9bd7e3626b]]></AppId>
    <Encrypt><![CDATA[bdmkPpH5yUQQRD0KqzocuxnheRwadRgKa1UL6nEGbzmHEMFEgCvvITklvpN+ambv/4LqNO8DomSMAXClRdXGGRgdmStpQVKIIIZsMoe6sjNXeTJ3QcaabkvS0pRUGexuOmYTfL955Tv8IEyLPINWpQciE4FNzkzynLNbvlv+OWC3ipWgbjyRiJGjjMjHdIEYy6C5QYPIiTev+1OrqsuhvlzvC2rmktkXYUdoTVgoMpt/87VZTW5FTfZZHdQAsocLX8B/0rXg4R0XcVz0ppvlH4zEED2E9A1YCBBiFtbNqKU+5scSU9dvqklFOXZlD2ybj+zhiQpy6tIJoLa6Us0vttF3vQkPlkqLoROI5Ydty36Xw/Wc4wh/HagWfRydhr/JUL3MJKQ3LKhmDnWRomINIlz9tBQwItgjm+tkoCSwRydttWv/mG5vq8a+oHXFaeO9sP43RJ0oLZJHLlIZgF4daw==]]></Encrypt>
</xml>


2015-11-19 06:20:54 debug :
------------
String:
account-ticket<xml>
    <AppId><![CDATA[wxe5b18b9bd7e3626b]]></AppId>
    <Encrypt><![CDATA[BsvoYxV8oNAy+3aIB/+HfL7uSpkHDjF4NI81dQBJRxLfrR517i/7Murw3rYZQMEP55On/6G9XxM4w2Wd2IAIi3qzcAADJUjT0x7u+/IEPNNFSiBR+SlRGjdw+ZHHForGde6TDXpDQLaPkk/Og4K4ftMeo307livgbNrQ3LSdjk8iKcIThMU8z+lGYwwHwcSMNxIWZjzyAIYXbTjuSNiG2Z+lvncftbQfLb4eG6P09jwNtUIA0HiiMbKoppv+BCbTaJAxj5lQyQBmxUtUa0uS6LWrvG97wgBYB6VPHfM40uSeB5Nh3fUxcAS9iCE2+RJrjuWRmhR/YZmWAtGjoCjFz9cHbYqeMot4h35HcLQsryrKIE+/49DJim/9hpIeScJ++j/ta+ZHqcC2YVZc8A/qmCvHuWoOjmxMl42vco2RNWOFsdY/hMVxzAARgEmmH4elq3eqdFERWTOYHzsxMukhnw==]]></Encrypt>
</xml>


2015-11-19 06:30:55 debug :
------------
String:
account-ticket<xml>
    <AppId><![CDATA[wxe5b18b9bd7e3626b]]></AppId>
    <Encrypt><![CDATA[13qzLiFCCUUJtmvoceyonEaktx++JxIA3/54uAOpeLOQpLbjyDIz5K64wnUQdQKZQ1tUjQM6MYS8qNqwweBmVd4iW6cAkSo7e4/D8Ro1EYzAiXd3fp87SF13UWiWdF8gcNs7pxmg1UHr2rAYwZ9oo3g0Nj68tMHIkamK+ArP7LjJu5W3Sn0mlMJwJRVaQRdmfoBKxUCtaenkIUxUhtgO5r0avZoGvLtfeM0PLb4SfuNerS0PPbdLlG54Z1EEHZ3tUGvgF6luPIRwO1BjD6ef8O/vNFHPViSmDWsQaEztm2i6gyzakSGEK4nVj/qYjmAhTs0KFKX8uY40oMHyh566j0fdGYtMaJxSPhqcxClUkvSIjnn1Zh9cL8Y37rKUugNED/CdtNazUj84KK7pUp1mpFkCM+hws5m65UltmwR1Qjwet3vyn5oM07GGPEJhr6x1Tred+FpH3AV+nWvPB+k4mQ==]]></Encrypt>
</xml>


2015-11-19 06:40:57 debug :
------------
String:
account-ticket<xml>
    <AppId><![CDATA[wxe5b18b9bd7e3626b]]></AppId>
    <Encrypt><![CDATA[bB9qs01oHToEJ4q33YH2ivuZWW1UuOBxvYvF0k+ULg1folmRkl5WVgI47avk/nnXLFKEMHwCZKvvyZ7KgWiRlNKolvjg/4UWlRnxnBMkE5PyE1BaWT0Q0pw+egoCVuVL+HvLcLlZM25x9NdjYtLtZERUofhvogbXMJCoNSn+CzI57Oh/xPHQ38bNKdplpOy6GEWCF1KwGriKT+Rh/zdyYLkeq1XTBGdp+ohiijSelFml1XdYtwQ/rUJTRAXGvDPYdYEQz1yYwIDGwVPQPEL0P8UFlcaywYhq8EdrnrNjw2oC6anMwyzLBMhZdl/MLm3tNZ1LPILonbtw6htBtbDySZdma53boNVTz/O//woSnWAKdxPmGCmMmqxb1qp5JfvhMifyboijmE2lbHYVhTe3A4h300lN5BDXpM+xJBJPN5dxpJCRF2t5cM8atZDsz29N8hVVWSvgYeo1y0Ex3/QY7w==]]></Encrypt>
</xml>


2015-11-19 06:50:57 debug :
------------
String:
account-ticket<xml>
    <AppId><![CDATA[wxe5b18b9bd7e3626b]]></AppId>
    <Encrypt><![CDATA[PeavbEKodRPN83UKCIuMMj+/zCDbKyUi7PVZQU+9oUuQMCaV7VNbXGNPt9pWWCrv2Q7Jku2DXen5QZcGWv+5PR3pLrtiD6Ve+qd1Fwb/CoyEFVW0VkzVEjK1z78+609dR/5eOWz74txM6oKviINprWhzn9nVExZT3NOqLaYzr3bDIvyBktG3f8X5OfHxvwx0i0dNfUh12Y8qlaAR4C96tvEK65uBQHqThdCHB/Bx2ggv2sWlhD/uV6eZTwwJQGaEfbeCg1FEuSGFGxpVqbTliMGwQO5goTjmU4UFdOqiYJQYQ/qxFUbueCwfTAR6C4MusuB9G1u/e3Hvw8lC2YF8iDQ7cLkhjSBaVPq6BHrjjB8bTgPBIAPP+W67idMDt6HHvRDDiD5ZQLSgMl9+ELl3nfyEHbVTRgZ/WqYY60B45Ps9MEut+ziTqkBTOHxlqIAEaUHiJe2HE+bg1z8JfoxJRw==]]></Encrypt>
</xml>


2015-11-19 07:00:57 debug :
------------
String:
account-ticket<xml>
    <AppId><![CDATA[wxe5b18b9bd7e3626b]]></AppId>
    <Encrypt><![CDATA[OkcLShk36sBLTbBhqwBGNzRd33zi2HLQDFP0WpMdwJr16CPdvLXtjiCD8esgCR7ayRPUpcXNLv7K3A6eEs9K6KEOaNn3pwR700yMnSgIzPAzBhNmxpu240Z7pEsMlF6KyDWxYLptat6aJzYn25pz1rsT1efWecBcrySucBEkRCYzjhsDhCO8sjY/rPmufpdHVC+xLjnQGpQ+nwmFo/AqRhqGe+Owe8Wl7ORIr5Tn4DWpuzNzNpFyv7jvujSawF1Fz+m/zAc7If/9H3Ufr2qmrNk4ig1qGFUxPi/KHiKSQjIP3jieejgp48l+w9LlSsU+ONjgspAMOlmeSlJNCqDg0xiM66QucuCzfhmKallVCD871RKK6+2WdWyNqYMksO1JRwkX9QErBT+tHZmcfW0zRanjob4yCeKj0Lv7uVTKTDlirhsHvt9y0VrntupnFzoO//pnYDJZtjldMgys2RditA==]]></Encrypt>
</xml>


2015-11-19 07:10:58 debug :
------------
String:
account-ticket<xml>
    <AppId><![CDATA[wxe5b18b9bd7e3626b]]></AppId>
    <Encrypt><![CDATA[+I9/kKOOCUQrRvy4p2eGaorqKb29dPvcDyeueknEwcyWGpTRuLGrj5qOyPCDx8/moIIACrTrpnXMdtOb30rcWDvnXYDNtvS9oavUlrUrji7stiR5trksvPYOB73izsM4Qm/IVofHlomVlgp78VnBdveTSWoyVy+FurwM2SA639csYXk2XbcChqscT9Ujkq+oESrle12MFFWTRZlrJEOwZutWX67Pl35qYKkiP6T/yz+54S8QcC93FvY+7KhPQEGaS0RThSHYpw0QNWwLh8IBVuah/lIiEvIqYtnIGadWyiZckbJEtukkAzC7YYlql+FTpwFx7SgqvYH8M/Us54ZovmkGmJgConwYuqCqS8+i500+4xgzJ/zvQ/sKYsRKVehEERjMjora5NyCb1FcC9P95gbcFrspec8Rx1h9q0SjWBzzwBrQStZzF/l1gY0xwML8iLn4SPP2R5UVWr59PkQdKQ==]]></Encrypt>
</xml>


2015-11-19 07:20:57 debug :
------------
String:
account-ticket<xml>
    <AppId><![CDATA[wxe5b18b9bd7e3626b]]></AppId>
    <Encrypt><![CDATA[Bq6co3lPoYU955QkLKjmp/D8B1mI1eiGxZ/RORdutVOL4yWpmWB3AejUesC7njzi7rhIZf5G55bhgfkem/A3GmTjHlEZFyDgy9h/38boYyy1DZPFPO1epqBNie5zMExu/LciddtPovhh6+S0bSHGwmFeGl2ohgmSnoqW3e5VZGRsV5CksGF+ekeE+3AtGSW3phWFFA7Pn1BY9lquCakYTDBWEg1AV5jMXKm1T+A+8TYD82TTWDxBRk12mUpRdVduO4UxKVtmu0BY6dslD6ISuCr0HpHgid2je4woNWIDdbLl8Fj8/bY+oyvAGb4lmfQq/LNhSjwkeuyiYyH74HZkgwq+wUca3ageYu2xRXIxpHBblar6BYfRXRX+LRs/YsRlYV4aegHscn8dRVQGeHFe/rl8be5Bmn2ztK7f2Q1/EGOGLACMNQaeL/ywm1BrkX5oUKnmQ+Rhsmk9LdBnNe6dDQ==]]></Encrypt>
</xml>


2015-11-19 07:30:58 debug :
------------
String:
account-ticket<xml>
    <AppId><![CDATA[wxe5b18b9bd7e3626b]]></AppId>
    <Encrypt><![CDATA[xqYq3LzUlFz9kFGBxmve2PJ8PcWou2LAtIFx8jEPq7bFsP7wmtdr1NmAi+RAxF6JOHua2h7pcaOBk5CZFzDk/Uxc5+FUXHf1b81kaisySF9Qy7CeiAPvMSiEJA+Xqjg2ahPaLSg77w1mLW4Ex945SM8S2zu/2FLX5sJwkSgvKO8BslhQ5t68Bm9ksakyrDRVZ0qfMWILnCjvxmtiKjDunF7oej+CKqLqbs1hRJcK3amO0qZ2ZcP8eGK34Kng9XJkfzeYFD23jd2mXE/pJW8PeTp71m0g82dj4C8kf7neFS4jjj1wQIUDPrFUpLaMPwbiAMWzUWkPv7EbsEcivLZ6iFvDbdMwS1js5Gia5fNl0e8MFITGoAhtZ5Y2LoE8zXDO/jPlg7/kAWgDWgNc+cVrPbhrdCCVhvE3rXF57wjSy1BMqWgEeuFmejh65natjeUwNV07kX61G7BLgjxwqgh73A==]]></Encrypt>
</xml>


2015-11-19 07:40:59 debug :
------------
String:
account-ticket<xml>
    <AppId><![CDATA[wxe5b18b9bd7e3626b]]></AppId>
    <Encrypt><![CDATA[PvDmqv3DjI8Abrt1YPuYN5/Jqk9iwY8J4N8oj6aFs3nkPBBJod++r/zNPqhY6UifY8K4S8Hy+09aPUjyI9UtUbuNo9wVbrKXjdTqGLcFPrlDIMQrj8MxTi4DZp0AOrgUp1y1LS8kIw6B6Az96VhvK0WBzf6PF1HIinLqHU+3vzvkV5NXBSkWOa2hwyIRKuqznVTTLjMDWefLKLQCNGm512XFMtmwzrFcodw6rPyCqZ6RMxvTkoPJWI+yBkeoJWogOG6Bxg2TAiCAICnNy8IvFjy2kI+Cd18Qncwtbv7Uy6R+B+8sA+7JI+d3RyUf8ic/HxM57vc4m7Myvt9hxQCllAgGwgj2tIsbfFby+QfFo/mFM6haQ1F9fcVQqzkNTnbFtsaw+zkM3rZWq2awrZnJbqfzzhpUtGF08fT25QPtqbZAEx8Ix0kZCPpYZqtBwV9+2K5W0SIo6G+vZ8tnD8n11w==]]></Encrypt>
</xml>


2015-11-19 07:50:58 debug :
------------
String:
account-ticket<xml>
    <AppId><![CDATA[wxe5b18b9bd7e3626b]]></AppId>
    <Encrypt><![CDATA[8jDEMkygHgYi8TEHrUmp2WI1dyR3nZOSwAewE8izUILX4qJw2ejgIUTCWtNXg1hVhBD+Zq4IYkl5TykXgSNJNnyloq6RgwRApb1SZs4up0I8zaKflMParbb7hyUGaCvhImVArb88SnPfa2ycSwsEQN1fFjMiCSI4cZrJu12CYiDvEgpgCTMEWRQnCjS4t7eA5EG0S+Dlsd0NXZrL0juBR3Y5JQmAfUFW2Q+cwOxfg2CgvJFNbvA4Pj86zgkW9fOrk0GvJMSrptPl4bpp+eOMhS7BA7QWf0kjvQm0C+Jsz8eVvq/oxX3LWLsFsFzwO+bL5DQ+iV5R0U2iup4CbtGB7HQiScA4wdR/4uL4FP422d55AqXmT9lnwpaj/EWesQteyrWNpchFMmgUf170WWv6ffxYffVhYWqo5yW8nsJSRvQF8XhVxFmyck0oOVsj57IE/fyPFz30pGBWkYGUo0LB/A==]]></Encrypt>
</xml>


2015-11-19 08:01:04 debug :
------------
String:
account-ticket<xml>
    <AppId><![CDATA[wxe5b18b9bd7e3626b]]></AppId>
    <Encrypt><![CDATA[+27EmUuJi2nwq58QUeTIyf5GOGZAkhWNKkKXudH9MTn9XYBLXvcPN8rbhPv2agIEt++HbgqTAAawqaTAZRqYPoBvDCMHh0rPeI3QArrMkTh66iPTtYaXPHD+Gxp2gTSuZMeL/Oc2FOLPNHfUDFZnALLaXBbFVbtFP0jh4miRhljZAj6+lGfh9vvJR56Br1GN82NBOKRAwYYPKhMQkexqS2jLT2TpBfn6VK5F/4gITl+Ii0i8gz0a0tKpGLSJ08NzCqFTnW10a3gzDfetycxFJbdpSdCYWUMh9RKy9z7sGBhitFoGA4IcL1oR/1BiA+uM9aeaondgmRhebfhaHGB5s10GPEFDhnq48XQmEer0OTUpeJfXKlVaWBoLFTWIX2eEd1+hXSSpDauHkNne4w961weN+DxC/wK66ZGmOenz2LiL7cRblE+kYDaf78ovuTJimqOuHNv/NEUBJxbUKUslag==]]></Encrypt>
</xml>


2015-11-19 08:11:01 debug :
------------
String:
account-ticket<xml>
    <AppId><![CDATA[wxe5b18b9bd7e3626b]]></AppId>
    <Encrypt><![CDATA[vLpxYBcI7PS8Tt2LD/kITysiXf5asZd2ISpH2ofeN8oKZFhxxUk1GtnQHtKUQL9th23g1weQFItRAreAhiTBSR6p+MBhIhh2tD1y51888UeaI1n3tt7WjklNALKvMo1iz7RcUTTMUQXX5xiCKcPvSQlJq5eMIX6PSj5hk9fgqooF8M4UF0IXkfhoE80ZqOK/iS2O8o5+eYT9EUh4HS/8qt4okr3IyUfC6l8kbQvtWD/B4gtz2jw+MC8rjEQRlS4nA9Jnev3ekQgPXorCJhpAg0ex/osLkcQ4fx4zk14gaPrUv0cPDgEKt1RHU1c5zQXdsC4fR/UY54MXDlFioZeeCjqXZ4Ng8w80QXdWomVxNOd8EWUMGWxX0q1GdKvI6ND54s9BLu6bmBZo9s/E6tW2BVejd01gxQ5hS0pOEI1+g0AmYjnKPT/1dBpOpCJpD8vkXil2WcbfWtKehmfbnAmyqA==]]></Encrypt>
</xml>


2015-11-19 08:21:01 debug :
------------
String:
account-ticket<xml>
    <AppId><![CDATA[wxe5b18b9bd7e3626b]]></AppId>
    <Encrypt><![CDATA[tRX7LN0YOZ29kO3zbgIBbiVXZ3c/oLGbyx8TqQ6/DtuykMyCKKcldsKo9W7KqGn1YPgita9qyY3KFfKjtQCe5CyEMZ6/pz2sl1SvjF00mbRaGjL03FIs8m3M40PwbCTkgdWYZq1SHzVdc7RP7VaQ2WfEWI8bcp+U4R3Vls2xECJHShrZAyBRIoCnC+aETgziARqbd/VXRg0wyUJCbniMf6yip5RsmDslw3AXZE5k2h8VqNWMq2Ow5pGkoZCHvZ5dn0kTU15T/l0G5nyRw4ARaWwX8r80T2OU8WwLc2xOTW6EOm97s52ZD+vkoJAtJZ76P/PARd3pxZESuW9B2LmTOVoH25QoRTHUByKZK9VE91OF1xlAKmtjkjXgn0hWgw7d3/uvmh8EfAVRkypUqJ9uAdBf/ay1Q55j9oIEOU48yYAU8R+s/wcHFmUsKynLnv68u+NVoHDda/Rgg3cJrHAq8w==]]></Encrypt>
</xml>


2015-11-19 08:31:01 debug :
------------
String:
account-ticket<xml>
    <AppId><![CDATA[wxe5b18b9bd7e3626b]]></AppId>
    <Encrypt><![CDATA[66CeBl8MPH9YiOoXLHX5a5W5ZqsBDGaxGzqORekykhnguw67X0Ww6bBhSUTE3h6GTvVEcQtJPg30vMbj++Rlyzb3JdGddthz/THmbmxNAIP2XzQFBR/bFe3FU0fhTn3nuH8l60BOKRliC2SgOMpaAGZJOoESevAi2Rc8du/eIq8P2qiXBliVfq+pa8SztTiFkxr1JIBwRgL8eNCrpnMfOaJq+CkkviR7OJaxW8u0NY4ekz+2RXY43U3Ovl6JOnQsX1bA5WDeDBFJxOctlQfN/U0qoxIwW6oNfefF0I//GH50cxzO/rr9rhh3ggBKsQdL5FYo/OVWKgh0Q8WSxCZLf8oXY0d7MP4vJIjs0H05Q19QvVcC1mgRTymDWnYq0IJGMUQa/uAA94pS9qtYNgmCEz8ZVIp9Y/ix11YhA+NylR6Eb5AXGV+laUT582TA3BkdtB9K1ewTJUVPlxapxOpkoA==]]></Encrypt>
</xml>


2015-11-19 08:41:02 debug :
------------
String:
account-ticket<xml>
    <AppId><![CDATA[wxe5b18b9bd7e3626b]]></AppId>
    <Encrypt><![CDATA[NfQj8eRcUvPhgMKBHMXMwb28Wt+vQ8LM0fOtVG1Y9SdstjkfEpPPj0oABm2Hx2D6k1KukB0itIeWkoWU1lgGLAY3E4FyD2aLRfgC4vI5Y+Hl7FqtEaVvk4u64AKngIWtcJas06NpRjEj4v3Cxk6WOS/73uDjV0axOv8EiRHU3CRSApRtOLKCthvg6j/h07onXguypI4OJrPaMhCJu4RbF7OrSrluJ9ns14WlBBwlPKl+rBXTpKGLA/8a4fWhjjua09Pa/30/BaAMc1QGj8Mc+Qj2lyBzCgoYEp73kJxM+t5eC6V8Ig7VixvqRUOrK1GqU6FKFjxd1mViXG1ubsZPMcfpn3Vit+fNh5QLnVQvYtuiH18YR67slXYarkJXlwL3R7kCbfxreCnzpOfDX8uyiqShN1FXATtm5hprFv7svP3ARy2Pu05u0AZc8rWfl6E1gkkePyr7a8nURG0guuYUSA==]]></Encrypt>
</xml>


2015-11-19 08:51:01 debug :
------------
String:
account-ticket<xml>
    <AppId><![CDATA[wxe5b18b9bd7e3626b]]></AppId>
    <Encrypt><![CDATA[peUp61/MOuEYxQoToZU6Vj0UCpYomFHxgVEEuwlbBTgsgnu43pOPxSGAUDvx15GzOVjZ9cLbhv+AdexZGar8+1n/F23CZZytmontWe732AuOhREacgpyOtiY4ON0/tI5VKKRdMM8k0MB8bj8UQm6rxFvzMm2ClkdthjD3rXjZvL0zC0CP26L/H3QuD1euf/8UldJF6ITMZYQreoQpwKWzuBuP0eTlREzZz2sRx1yF0J0OL2VMlC/sKvFnrSL4qi91BpWIJxQIVgUEiKCKjqQWUskurYOdWlyXZ2qxe9wUuRzVe/oYMFH4FoUQNSO/EEtfPeyMYUl2amwwNj50Cr8G+2abBjfpDl5QaLCzjtFyAeZAHNww0zkat3EkQKkD6NvxOmnHagAiWpwUxzQYq65QPYLe/PISztRMOHNKYQTGtYQW03XOTnFLDS/lYIPk8oMKHxD6yurgZrudcq8/f9xPg==]]></Encrypt>
</xml>


2015-11-19 09:01:06 debug :
------------
String:
account-ticket<xml>
    <AppId><![CDATA[wxe5b18b9bd7e3626b]]></AppId>
    <Encrypt><![CDATA[aNQ0WrDS/Q1aJv3qY5jv2jtgtnwKC0iN2Q79dVyQXfH8YbWK2afXbIonrhHSnmDraxPAABLsvIkWRL0/OXMjHB+K63LXs4hJvJ7EjBo4U0vijDhA9L4tqOSkjFnPzgNNnu3VeE90v446T1yHHwqQWtk116eFmBERzGGNQtwKIMlZu150d2c7naL1gEqJ6MEjx3fgEoWwdGNd78qXVf9Rt/F1vDkDKXhnUaa4AHk+1D1V5ixyacnf4pEydfZrXtNCn8a77uhR6cVOO4qpEDuYmj4qhPAZKB7vu+rQSKl5laIwWxsWzxy2Lx6SAkJ7aJ8HbRgVz/9iuR6xEfYSUKHiPz0nrnLd93vZFrZxPlYaSLAMqX/RYNPKcBxA4az7laeGy+ecasZoMDkbzFrYEZ4uWzaJXIjQz6QW6KiJOx3DC6jaksypWU+6zVgfJqDIMKr9p/0kd/zBMwPiHGyc76PydQ==]]></Encrypt>
</xml>


2015-11-19 09:11:03 debug :
------------
String:
account-ticket<xml>
    <AppId><![CDATA[wxe5b18b9bd7e3626b]]></AppId>
    <Encrypt><![CDATA[1OXQ/IYNRrwwdaYbaYG9zrI4Wg8FIvyYKAopIvWLGdcOHUkcwWPaIfsm1nCdpP9iiRdy+HWotb4gFuUZXcCeTjGbXFXV6gZQ6iQjeKYRnGiDz+dn0QmvKM5LSVEZS5taxRsry9tcf6a+K1AE7YqHCAV965nKNrWAfniAhSvQ/+6OQhDiRuaOB2Hy9Krkmp5QAYGhmy2elanZunZS1KlCWJaJFgBW/MQOY09uW4xIBCPC/RfMa/+v4fCJ1GtVUMQ2e+01Ewq9vCxBi4RJ/gM2nCSi9T8mO8UcaHkG8TrrLbsK6jTa8yffpJqcAOPmNc6+D1OJENYn2Ok+Kx/IRuWA1M4LP7PKHBnqHO7VLINTzV/hxGlwF009vC3U9ARTkKUFx9+/zKDTzXQ980f/0KBJzpKh63V4U/BQkSsZFuQ9YZfIJgcek75ywhYkLDsMScwhJrdWiMa+v8Fdp8LGTFA3eg==]]></Encrypt>
</xml>


2015-11-19 09:21:04 debug :
------------
String:
account-ticket<xml>
    <AppId><![CDATA[wxe5b18b9bd7e3626b]]></AppId>
    <Encrypt><![CDATA[l48vlyUfIljzuGhGntFjotGJ2DEvUU7QkyMCed4gW23tZ7ob/fi1ZqPcuFjBnmCVRJ+h9tIJni6ZOqnoQGomNIAj5IWjx88J1iuirCXXh6gxecp0qsV3Hh3yxlh4C8Zo6Jn0Ix5CFlFeTGPJdwLRaAlP2TQI/02UnPn8VzrqgyRE8v3/meY5xuBAaiPmYQS51KpZfw+gXikMfghC5DZaaKTOVPuibCZF3bA3tBMK0bHxEqbGLKvLxM/Rd116uDziO/HnSxZ9WydHhunkBLDQ3/X1jAIt6GFOI41Ie4SieKJsVg76HBOFnjOostJv+kyatnLe6RbvUEO8RiJU05nTOl/z76dXpIEd0xwdef/3sqbWJ5a6V2x3S0NVIZWtAK5fkqmlengeX1st2qPWw6mCEOen9nPzXt/B7DkjTVcaTeO7EhwrsWkBI9fRxhDeEHft5KdFtR6Ti5Ai1H48sDTSEA==]]></Encrypt>
</xml>


2015-11-19 09:31:02 debug :
------------
String:
account-ticket<xml>
    <AppId><![CDATA[wxe5b18b9bd7e3626b]]></AppId>
    <Encrypt><![CDATA[ZaqlJ+xm8nQ4T6pIwIaHweMSeaclw4gLl4hHDlZfCT3KTlM9DB4qVVobA9sQbwet4YzbixW+6xwFNHHydHw/eFVOkvPXkonmFImNeiC0bKEXm0i4iUJlkqTB35XnRaoSVl4mSodEsr/OC0AkaWNUi3MOfj8xkeot3FQ6czYdJJn7msQPkvo/yT+Ome2UjK3/h48n302PriLeBKRgTKh2rDmlHhlgClxF/4J4QeObxrlM7M03Hpc9CW76Z+snpExcFh162EdtRX0IN81WshIgPTYPnbgpPysIiPGiUwzCdcIzCHnVBqU4NrGAX1uIVkKhfFVkdKR25I7cTTq98Ml2ln/HB1s5rV+BNGXbzvm4H12ssgxF2foX96zcXSVmddcV+w0gXlqToCJfQ9xtpMNpCfJc4AfIdJZmpbfmH40TxJbCcfR94rJ1x/MPrOVa3BzVh43jVUkUTpBr0VVHRj9Lvg==]]></Encrypt>
</xml>


2015-11-19 09:41:03 debug :
------------
String:
account-ticket<xml>
    <AppId><![CDATA[wxe5b18b9bd7e3626b]]></AppId>
    <Encrypt><![CDATA[W1oT2qfj+3bl7nH1PJhcrZVVgu7NWg35FwS0Of46SBEMr3pfhMw6lVXqc0f9K8NtO+OJgxql5fX06enYdVwygc88eV2/SBaYZZptUutuhLTtJEzh9Afs9IV6RgPCZZ+qFB5kjN9MHwuJ4IlTJJc25p++agfsWaKNq6DVmZIoPYuLFxEHPEFSQzUhCj579r2Gh+w3vJnfQxK0bNItjEX8vAtFdRGlQ6e8j9E6+Tj06N0KzKKq6zyEcSP/voOGarmyknwwpFF5K7ehEmXmdy1mawdGDxVhsgnDP25WSHrRzkls3puHmeWd41aJf2OIAVFgRQHVzUSY2dI3CjVcuPvA1X9XrMGYvguMg5Lt5dyYjeaCLsC9ZSasLzWoZXZxRf8S5S6aRlvti7nPsCHqKFSyZ+ngApo4TmYGT/8BjohK5PTQcFC9ph3mlqqQoK6ctWvH02miw0jNLs9UfPhU0y2r9g==]]></Encrypt>
</xml>


2015-11-19 09:51:02 debug :
------------
String:
account-ticket<xml>
    <AppId><![CDATA[wxe5b18b9bd7e3626b]]></AppId>
    <Encrypt><![CDATA[vGeNTn31/Sa9ctg2YA3UjKzHEmai4Nr7GGS6moY7aK712VPeECGOC3xgDOlJQCQrWeCjvHrw3Isow7dc37SCtg4+rSQcnxQIx9m4b5LqBrimBLeOc3j7cnODFv220empqWqaXObzpas5q/UOTtbvgBT5Vjn36z13VgN13NKUnOsqLtJd4ShoqY1emCBFgITW4yW4QP8FyD7CTImUNM5D+OyRZbtxCIE020v+Y8gpsw/NxiUp483pGzsKwuU+mjlT8tnkZ377PT+YocD5TvymD1DdyoH+aRX2+GbldM0BV9+BRkCxxvJBoHo/IamvBQo2ky7dBF3OaxJTKCO4ULJo/mNkf2sROV8h8yZtfR+85KFVY8rOG1DMxRCh5J9k/9it25/9qzdBJElojFjSsH89TLO3AY1BviwLVR8DxuRqbbGmcCwohZ/5h3pSx+JXrDjyrdEyxLnZ2q9ngUMZ9eAWlA==]]></Encrypt>
</xml>


2015-11-19 10:01:05 debug :
------------
String:
account-ticket<xml>
    <AppId><![CDATA[wxe5b18b9bd7e3626b]]></AppId>
    <Encrypt><![CDATA[PyxXDSPlJEiuSpAwndaQW9L3uNstyefZHJGFASvfkVzpu/fD6VxOo7te24RSQrrPfxLSIakAZUeI38eMu2YO2IgOyhiyriT3NEJCcTrVoRd1uCqRkrtVdjrTKSpu5TnIxIzMqi+tz00z3optnc4e60/l2dJFROFebNI/XwmHyElcCvYkuT8YM3zcwJ4uevOOMFaWxXP7Fgz1djcZoPQNRegbpHEztKf1gWha5iEUHY1LmYbIYTqoLFH6ZkDWvgc+BgMizNi6U7rwBGo/2UukHSls0pEJg/9eEWD8ecbRRkhVEs3QMrkxFBFUOlNMHcf4fQD3l5fph973QvM4AaxyGd5OFhQDiSvvEGuEtT2fNMYD3Au+le4/RdwoCSYxO2BzbDFz4/BP+04uAiG16WKzrtLg3rN68Z4nI4Lus0fd1h7+QWIeBaMnK8K6+ix5igptA0nY5iDeffwsvlcxaDRoWA==]]></Encrypt>
</xml>


2015-11-19 10:11:05 debug :
------------
String:
account-ticket<xml>
    <AppId><![CDATA[wxe5b18b9bd7e3626b]]></AppId>
    <Encrypt><![CDATA[hpSRxQR9tbwCo4Rtx9Z2cA06gLVQAa2ld02ftIRa95WlNrZ8iMV7w49IIuGZV+JEW9vJ0T1PoTbNNavyfQsXOykSfSW+9srhalAhAhYGRWLv4N8Ed53iIRdeWUOostIHi3QcEPgFEXSd7RM4UD9OXIpVgclf2VluPSX/eu4Jx/Dt4nWilwkZcnjnJ450Y/AWIHSkG1L8AMg/AZvIOAYetEcvw744aQkUf3X5gObxYPmlzAjrmQ+VqTYKmPIwIg5aBTvSLSSYNxaQYSL2tEXrzKVabA1zBKLbYq7s5rX/mZqwZXiF4pEP/Xv91zUCCzpqx9IYlsj3EJqeGa2wJZzOm68T+LNXXP1ykDsR96NS84oYgEwY+b2j7voO6PQyDMhPaipu6INlWKGH8LyYMnrj04YRzT/C821XpkygNMPe5S6lWk+fS4diNRx4P4Xvs242FDi/80Ff2/L/jcruGetbDA==]]></Encrypt>
</xml>


2015-11-19 10:21:04 debug :
------------
String:
account-ticket<xml>
    <AppId><![CDATA[wxe5b18b9bd7e3626b]]></AppId>
    <Encrypt><![CDATA[jwWeTjAvx/tvmtlFN4cmpVPXg5gQGb4wXWuJByN+1l1pKBCWyDq4eZOWm6ZZPBbpftS/VOUHQI+4NoH6IvSum9cmSWyCgCAlda35HLxUDJRrWQsGPUFLlCCAIFDJOtDROnPQW+tYgWINFroe7RtJWN6UO+P2o3pVXKG0XfDWfbFyUNtRhw/Rl1RpXtivlG4mfgC+3FkihIyEDUtzD1njZV61mV4hYK7kDUn/GxyST5/buJZ2xawFJ2KFVKrId0v9eSOdNnlP08NdS3720Xy28sJf0GsnxSvJbLemyHcOjQAQolQviIXhpzXPHq2GiUVKsjjtfN6ktiTsnzGboR/wiNqmQT65u0lO7lvBToRcxXDLOgkfO/oz50PVkrE6sg9jv8FvExROmaawLIwl4KSlPMrA7yOwQS6vwr1hG8UxApuWz8UqCxbfzjkqtu4DSXSZb5fJKzkZCVnPyh2AsWqK3Q==]]></Encrypt>
</xml>


2015-11-19 10:31:06 debug :
------------
String:
account-ticket<xml>
    <AppId><![CDATA[wxe5b18b9bd7e3626b]]></AppId>
    <Encrypt><![CDATA[QZ4nVjCn/K0kOE7E3wtIc1CzscNF8OsnMwffUzFt2/ZlyBfbZKlCflaPVIJC0etVDoWqMTvwwCCQfwfZ30YIUKSJNm+dWqIpYQz0iV7EDGQL90K2j/faUz9/NY16vr4SYVNW6CMpSM19GHYZMZMajIc7IRKfqyjd5kyHXFf9BNfB5ozPlcewywbWTPXBtKa2+P8y2Q/B++Z26O0io+qozZRcwv05hiyVeyVoHWEtynyZ8YK3GE396leOUY6zte8A8urviEQ99xmi55QoYrsdIYEdQNoOh6RUIBSNXNE2UXrPl8jjY0eKbUVIfE8ztaibNdmA+hsTJG575QTT/GFfly8W/tqD6i06ZkQTssNyHvKWIR+Yk0xbGBu4TKVS+Yzx0VIj5I8TJs77uCfPFmxTdwjP5PRsDjEDJDEY1GIz0eOSkR3ql+Cu8hRW+J3Xd9DnwMFpWci7lhoDJXtPWQ/eig==]]></Encrypt>
</xml>


2015-11-19 10:41:02 debug :
------------
String:
account-ticket<xml>
    <AppId><![CDATA[wxe5b18b9bd7e3626b]]></AppId>
    <Encrypt><![CDATA[BGFcNS1A84fMsx3DGjouDrHJUtl1ZfZhGqsybJsng2xfwn4dZ58KFb/pQcs/+/XeGoesCkshO9HW4HNhy6haW7Pl62AMVHGxibHx8I37kWRU1j1W0ePaVDSIjDDkRChe80DpY4ayCAdj5QlMHo6tYeeMz9ZeIz5c4TsOjHUILUkXRg4kwKrQPqTuqfV1Wm/2rLaivC91/m5FU7DJFKdhp2AkPXTIO99CTBiiqDCT2r74O7WuqpoPeTECzJw7U1rwti+sSP/aNvUfoZiXNoPXnpYIP+HbZgY/almduMsU0HbbLf3nYyzjkCTyQKip+ThafRDTkB3bGaIQZYt4+pZZ8jl6eVKh4Qj2c2mEXJGTzk7VeL5cJZnvoiK4cXDhMHitJ0y1XkS1DVbA/Ike71vJcDZAEJvhDTaC2WowZnkUQLLOFSvgg0WjLKvo5oXZOB1WbIH7xNbB1bA9RBHrE+4eQg==]]></Encrypt>
</xml>


2015-11-19 10:51:03 debug :
------------
String:
account-ticket<xml>
    <AppId><![CDATA[wxe5b18b9bd7e3626b]]></AppId>
    <Encrypt><![CDATA[wpBCs4JiIfqwo2RZYP5BvDfKRpUjImmKuriLWgviO4qIbgobJxI75ASXq0mZl+bYq+keckOdgNzKbb0bIjutkv2HxOXoWw1eB0hTxxvMFpWfW+kwRXvxiJ3uuk/g74IV/U9htGUGnE6E2huGDHkW+MNcCwVwDAQmXZve1BARCS7oepjU4Bb4Kmj0/S/QQTbCi+M1fh1Egdmx1MKqLr6kfzfdDtqg02pRt9r79nC7yiDocM1q7ainzk+yZpbFY8q4hi59GIqAGUW24wzd1ua3watjnG0NtQ1qeJTjvBpZzmERn39CWSFExUoKCHl7FVRlxJLaJbCbZbFb7QRlpo4g8KKxNhpc0fPI9EbKeo75UbLdUwuHz4IkM1tsMkXZFaodCCjn5ebSErDVG2KAixLNdv0g36qP7UA4pKraQpBYGD2DE5uNRyrCjB2UivBqcvp+AO6hP3lWpPXOoM6Mq7OoMg==]]></Encrypt>
</xml>


2015-11-19 11:01:07 debug :
------------
String:
account-ticket<xml>
    <AppId><![CDATA[wxe5b18b9bd7e3626b]]></AppId>
    <Encrypt><![CDATA[Tv599nbZrrLTA+K1VNEtMYazygbzj+4O0Exnu2xaYf8HdWRCLEWQsjcK2t9TFs7TaZ0pdOD5y9X/ZfHdLTGQVj0YaUW+TxoKJwtzuAY7iJngVMCBjesCoJeRVGqAWo4RNeA86VLiVzweR45bUTzUZcFJWR3XGc4kIY/IUrUBMjO/dM7qpIHaEPx3X73NWIQdrEUItthiBjlEMvvS0eJr5z1+RTM8zdzWVwjRBTWLxtfuESIEryTcLVKcjTwqylGkOMV2XsJxidFVFeNuKZGSkuOF9sQZu241osSDD9VIPYurIkHwP1zZ2r9KIElIE6ntoYkclACLkdFNYsChnDDdkE4iIVU3ZDqUy//8Am5OLYRPA/x5EPgjEgNPTpVcAzu7SN3VDPnm1LUiRTLyBHiiU8PlAr5tuu4kw6nJWqFbs8X8PqbH3/gn05jato2VZFV4iBhf+W0vi5wW/gEwNOkUYg==]]></Encrypt>
</xml>


2015-11-19 11:11:05 debug :
------------
String:
account-ticket<xml>
    <AppId><![CDATA[wxe5b18b9bd7e3626b]]></AppId>
    <Encrypt><![CDATA[FpUZUEZePk7eEh9VtwDJAG07o70fIjelEi5PA2hqQpShJefgkI2mQLETmkSxA7v3WrGwplzUxD+l38us5hmjEwJn513SAvoatLjVmXsQ1oBlTZHWybDg2j78414B5Fte9H78kCNdPJtxhK+m3p/uIp3RDofw2IX0hsSbo8VL4uGuZ4fVSCy45hnGyGgn9/oj6xxKzW1NuTBwvkZgow6b3nYo5pYsoDXLM6EJtaCvpbqNFQlc4hKHcd52Q56YhHPLX6V2vTmaoHtHNttxUwDd4YeMW3vL41AdVRRH66ifvt/iKA/z2YQ8EfeaukAaT4+MtAbRd9WOKlp9OTqub8ju3c+ysxlboTAU5MVAVfR8SRYIwhaUcy+qqn9KOPuBQQuiXyuFdwWqIoMk/qAz4ogIy38np+2DZNLLbQIoz5IzqJ6Bx7OcweD4fE7iVNCdcZYRR0qiszkYjWPLk4VsVSiPCw==]]></Encrypt>
</xml>


2015-11-19 11:21:03 debug :
------------
String:
account-ticket<xml>
    <AppId><![CDATA[wxe5b18b9bd7e3626b]]></AppId>
    <Encrypt><![CDATA[b/jLEZvZktUXSc4dMsStfVVegfHscAEU+ieAsBsEHfdqP+3vTiXLItWZ1O3nHmFsoX/DtgDgM4ezV05nq1p45okF9hX+/Z+DK1I9FFr5JFaeQAdia20KOM0sdnv/cd1DQnHhGR/6sxfmA69/P/ElF1mWD5OPUc5s2tLWLpY4EsE5BuwdSVKHOYYAm2mFoYs6PtPhAYJT6SJPDL09fKiq/ZvvdEorx+IRlbLDDErTbCsootWZqpjtllmXwchf9UAYG8vrmk+nkXcMxG5YD0pIhw+1VDzkGnAmHKHOitD3MRfuM0OUOEblrUMamv26E6Y86X/uvk+GOa+xfDoE+0fwOi9SirLSAlgvKNJIxh6x0ZkoHmKaQqCmInHCB/mICN407BSO3B0P2EFzZKr6kCwg0QsdRLRCfQoESSyrwbfJUyzm/PZ+AoXhlnVAPR8JxEgVlwc/lUNPkrXKnZReCph9+Q==]]></Encrypt>
</xml>


2015-11-19 11:31:07 debug :
------------
String:
account-ticket<xml>
    <AppId><![CDATA[wxe5b18b9bd7e3626b]]></AppId>
    <Encrypt><![CDATA[1Z0ZSK5JxkNKRSkADrHnG2bComrcjX4IGJDCVO8pcM9dNrUrTqeta9eEjITaDpAMaSZcZm3nedQGs0M8macOqMOJRjieWzZpYyzm1PzaW1Sh2W7mx/J9MTdiHAIbv/6dSqRjAZNkgst5SVfw0K2cp81arujNA6/KwJV2NAML6hX4WEvLM6T0UvnQHuHb7x4Z9gXnqBBTljwlH6dTYtfV3quy3Pg5+Nn8P5qBgCS4tAQXVrrbAx95DmLJX0/msXZdLl9BINZzp+kMMphbTgpPz8WmT4/MkqjhflbhdY4FGfnoEUUwgKCvRAA/0k/P2NDpFLNrJu1Dr0wGPEQOAp+3LJP4tOUU2cx5C94uG1kEIdDzLJKyFd40UTON55PRA99mDvnc76QdZz2DwGVTqgHoRgi0K3yBzACPxWsDAi84MmejUpFVg63enu7J/rb0FqFAB3TCf0nJRSN7+ZyNK8h6MA==]]></Encrypt>
</xml>


2015-11-19 11:41:03 debug :
------------
String:
account-ticket<xml>
    <AppId><![CDATA[wxe5b18b9bd7e3626b]]></AppId>
    <Encrypt><![CDATA[Y00zel96fT4r8EJdF1hyplBq4zUAKavg2eKMTXYMThTxr9ikeTPfLOyGHKDXf2wMOgWz8DXjkpxxsBqk5TwOVth0YXCNzIp52lm46EgTFECQ8ekvCTWO4CuBxLBfH2OtQvMpVKdgcWNEb0k3ob3+M3bFWonpHbKbPDcruIKU6FoWwfB0QPuTJr8ibzLuG3yrQ78908sHGAEZipWvzJUhPj0wksbu9UUMxmSDSWXO5Hv55RtoZ7R2kPzqL4uWDSSFM9ZMoR5Ba3/35RUkk/RT/uG1Qui1LZ4qYSSTRDYok0Ay+opE/6WhwP7yn5EaGhYB+nqrW9ff+MJQkcTMsw4m6yrAdNoRCOoCbp0iY8fRKleyd11LJfoirFqYIvxDGksoiMrlbDmxwzL4Mm5qgz6l8shmUK11ZQqUhaYsZS6Q5E3KH+Z/2OO14HGXZMxLO8CIJOLub1Z6uWOLNewAPe9yPw==]]></Encrypt>
</xml>


2015-11-19 11:51:03 debug :
------------
String:
account-ticket<xml>
    <AppId><![CDATA[wxe5b18b9bd7e3626b]]></AppId>
    <Encrypt><![CDATA[pPrjsgxBj6pxcjfwMg52qMFU4CggZPvA4H1LtdOOSDSLmxQpxQRcuBvfACncPiskvcoGka8Q4HkOhAaR5wVLZeaeGQsmbLgq0O31EpPy5QOisvh1uGwtp6ERNdNH4Fkf4gW/DEmwIBW5WUtjPprwgWOfLdgkRW0n7dLc2rnjPcwF4GF4qQ01XNalsB00DJDtoLYk4AZPswgIqThcfsNunZsNzxWAuJNO3Zqo+flT96s7o3V9WmVOQJn6CUFtdfWrLWbBqodiUgvI7uT7YlEi9Xt7J9Ny0IKdGqmBgceeZqUrVHw/vd9fe1/EXsMyHf1v96nXX6KODNhn10TYcLELiWxxa2ZU2gb00LBVvEzPHFAJXUOXFcpmpIe+0ggmERvmUaHiBvNp0LTsAQo7DuNHi8jiO7rHnctugiHpKJULoFA8Zy7WlgUwqmM+fs/1M7spj57IWCxrzIVZkNkvnGdi/A==]]></Encrypt>
</xml>


2015-11-19 12:01:04 debug :
------------
String:
account-ticket<xml>
    <AppId><![CDATA[wxe5b18b9bd7e3626b]]></AppId>
    <Encrypt><![CDATA[kO40Ql6+O+sRyq586nj8CHVKne67Qzr6wivx2iu638Eo31EKZg4//zlKvzLoVDL8wTyQJeH/UdlehWulIC+3v5J9o0ij+nGpzH4VrssPd0J4bZPC/Laa1BZvFtYSs86qjICstYHZrU104TLCnRb7qcA/c3ngNHMHl+nk8HC/sU+bnztatoK78qz+Ifo76X1RrZ6QsfYn4CuBsCwBDs8m2LIl+Ig9P2BKm19jD0G67CdsG4VDmdVlFmq790blJbbIK6AN7E1HEYRTuCAonnFjxTQQ4FiXQw9CWeQ33j9o/ArppfLu0La0Gb4tzZMcElsw4EU+XRHb3+OoZtnXGxEVje9F3BcJp3ZmTTOI60WZPoy3PDth1lpVn5+5vKj4vGa93QxOxRpTVntLfj3x1KvC8jYETHTdEkBjiscpsH2hFCAG2xnhOhstcZRR/PVsj/MCbCbEIyXtHXZD46T8pYq2eg==]]></Encrypt>
</xml>


2015-11-19 12:11:05 debug :
------------
String:
account-ticket<xml>
    <AppId><![CDATA[wxe5b18b9bd7e3626b]]></AppId>
    <Encrypt><![CDATA[Gxgysi69LmD5oVTUzaqon0BvIIwEA7nXO4QVrGvOOGYKnGwO2HRVDjH3YxJa6elVn4eCqCPcg1v2W5oKz3Vy5qYUqyiPXKMDfR3kFpTuFKZxal7OdaPDZEP/sRgLEuIVnrb5bLdkejpLlTWW+I+Thhe8fDVK9GLoHA7T7Jk4/obLn/jB0ONawiQrccbN/vx8bDKr8aRWKCsZdLyDG48iho87iHuO6+/tl5YGBuFMikvnYMOHm6jHGuTiAn6vUYTZAmH5TafeECow64LuxfnKZGWtcz6uKBhioJVndpRWCAC9tMMNNvOBKU5k1hsNc0HbGSpfeuIH6g7vzIz6zwyWHSg4+h3AYp4wFQHuaaoC5hQ9MeJ9St955cW8EWYQ2ZIcTYbILAEDzU/RARvAXJc0nVRPcViX/XDduRTJ+CzU1VhheZJ++D541cppkYNGylkrnENUS3no+32xTiWkxaI8dg==]]></Encrypt>
</xml>


2015-11-19 12:21:04 debug :
------------
String:
account-ticket<xml>
    <AppId><![CDATA[wxe5b18b9bd7e3626b]]></AppId>
    <Encrypt><![CDATA[NI8ilc7nFbKCIUKSBJ+4EfHiifw1UgecBfjJN8y/B4twVE5bqw4U0nsDgsF5EW9UjRSuQtqw4LjAwgJg2uPz6bbeDXmIZK+U4//3+t5JaLwRCESaXjZXHHoYNTAGlgwylM0uGtZlNiHVQThrYbbB+j9NUUFJyyAT3nMCZbyDmFrSc9q4h+XXHtvL6tzwY4Ybp+44TVG/Uew/yzMst7CGBCrKeISW2mXf2DEvvwDNEITA/FitvSvg+VlBIMQUmxog7X4aS3ypH3txu18BnSepPrTLJAD1+Di+jb5j+SpEGU2PIh3Fi5bIup4wYzv1LG6aa2Fy3Y1P1ve9W7TMuPCPkD3OST5KVd+baFuLmJR8QzN33yLRGGULDPCdVJjo7wwssL182q899BTKul6TGSWB/ltDsJ8np3x0s8V5DfewXa9wDaJbMHEkBmdPTBtKmD/i7hnTsFh9dH9WC3s+nY0O1A==]]></Encrypt>
</xml>


2015-11-19 12:31:06 debug :
------------
String:
account-ticket<xml>
    <AppId><![CDATA[wxe5b18b9bd7e3626b]]></AppId>
    <Encrypt><![CDATA[Uhabt3HToLdu99TWUgAa0PeuOjr64s0xqCxvXNgdmqGMaiuGGe5La3eGvzkBO2zmqWbivWFy/YmhBlbLRFCcJsyFu92SFan4waz/syRrI0t8BCjdeR5h8kb3s3DmjjXlw1oiaYsV9Qv+Ig7da/utiZ9VVdO/MibnOI9fneWzj2D6hSmpbkz6hqrKwg6kYhcMl/Qs1JwmGeTZTzxUuPZBZN8dtL+ZoDPbwwTRoG+kZT0MGX7nRC+l31wCDme0xxW5gpuzYmG6BKY8fA08LpGtseo3etucHVuZZoo8L46ZZDHvJJKeND69tSXwac8FrI544ZgEAN2ouNHpJ1Hh59jEwi5U3/9UC3WZVd98DEU34oT5hOJ1nokGm1CXMDzm/y9L+Lbyh8CZr4T6qRKDALBBhV6QTChpUP7b2SZPa8WRJm6LU/VLt/lO0+6dUSBummQYOeFPgfhQ+JcNADAREJY+UQ==]]></Encrypt>
</xml>


2015-11-19 12:41:04 debug :
------------
String:
account-ticket<xml>
    <AppId><![CDATA[wxe5b18b9bd7e3626b]]></AppId>
    <Encrypt><![CDATA[obA0STroNC2fpZTXwAungpN7IEXwDZXG7Cl6/P919wGV2gVBAuJF99myRYwupOtdd4Fzrc/ILUZoOLLoD1KeK4TWXJmgIgT2PofsZFVuL51807S3RXI+SuXt+9Ruv9HMNT7oZLRQrkoEVBgld69+5Rw2DxX4vaWtkmPylwgiE1vnGclAJYikvNkgTi8vZ8Oj265IAtpUE5AKeBaO45n9DIy1/x2Il6v5sl6DdH10JCyTRsGoMERDZLqMebg4nVNlPuaSvl8J1vLHdeUF5M6DxCNzCeq72LXHbvE/KcX65r1KgPpRhAMEVPwcm30w7Oh0K0mnSuBOgH+Ivv8va5gPceRXSamFFQ5K0T67T4EGGtw/9jtRi4liMQm+ivFApQ7GTLNxDVJZ0AG7BpkAaW0iRr08jp2vN5grfPTbWVWE+/9q2qAkTNFmm2SSvCLu/qXDUSGnhEZbl3rDo2+Ch8V/hA==]]></Encrypt>
</xml>


2015-11-19 12:51:02 debug :
------------
String:
account-ticket<xml>
    <AppId><![CDATA[wxe5b18b9bd7e3626b]]></AppId>
    <Encrypt><![CDATA[SgAeX8Ec+7ilvvfP7sQ34TF/C95NKYNHTwfdzrMRq+k23VOJaKT0Zw5nB7xgJ1bKE4YxJCzBuTUt1Dpuu3hORkjqM3dI3jm89Gktg/gsidl6aI13zfQIuV9eWmpdEwAkVKB4r1Nuem8oVCPsuVOW/bMDH5d7OfM2K6xQwb8m4HLwci6fl05NF3DvCE4LwnZZsHHEUO0nzlUvJaRZW/66Mc9hLZ4HL5H+UzK/k1X3Bg+WjoHX2LctDVE6QiyfuSoKV3K2GahlMSkjBLxyo/PWKSwrjP1ZIkhyBqCaq65rp9JzFfbf5ffeCXEO+Sk6m68gstZVRSN3H+clehgDrm7J855f/DsyMNBM0qSXEoHRn3eLB7mRK//NokfeNzwvDzKASKWCV2lPk6cd9hXyKaUPBMGk/HEJLbzgnJat10TiU97J7tx4R7shf+3B7Y84tEU0yYTzvSulg0robh3Lq3HAlg==]]></Encrypt>
</xml>


2015-11-19 13:01:04 debug :
------------
String:
account-ticket<xml>
    <AppId><![CDATA[wxe5b18b9bd7e3626b]]></AppId>
    <Encrypt><![CDATA[aOWc1zVE8uw8Kb11sQzYKAm0uCkjGOsfmR7VO/ppSyDgkXhFRRrDr7obLTV52E0SOwE1WFI18i26Br+snSabQ5nz7w2vDBFPWS2PBmroeH8mtZsEfZ7FJJL4mEo2C2UtQqmCfDpfgV/RB3DeV0H2zLAFYUoCvRSNvDn1VnG+hknttY5SH4AfsOX//8PPjitxFFaUayZfLNFRDzonPQCoGCu7z+cbHAFBVGJWLg3tSsUd45Vp0Pb3SafiFIwXHucUQ3yshNdwJff/SXTnzE2X9/nVAP7wM8NHkD+HbUolHhlyVJOuI4chORK2pbWcpnkgAAh+4QLTTtBH08w/bN+8zjdM2zWaHkJk5R9RNuFlWflxKrSD+ybRTzD6t+wEHkjzaZfQbdShoOARt84T+ZM/kT/4Fpg/DBLe2+uGZ9l/AWHKgjyybJ6L4NpmZVTf6HdP8HtDPehwjnLtzjIAoVh4zA==]]></Encrypt>
</xml>


2015-11-19 13:11:04 debug :
------------
String:
account-ticket<xml>
    <AppId><![CDATA[wxe5b18b9bd7e3626b]]></AppId>
    <Encrypt><![CDATA[ezNbTpiWB4YYXylt+UM3fAH2nU2V2OwljiZlN0ceNQmWUhUg+I9lUZo8sQBYVkhcQm0KdUlPn9Uiq3jbQByqJE9TttD4w7VIajE7jbgIYK/HG05fXUxj4dMsv+Irn+3yXl+i3cHjyFmDQMWlSIYXXerW05PRXiay0pSsNByXQR1oEn8zJjnoZbKOJhRCguukm5W73EeMBxjjeAMLcbJCvLxxG0rJjzjiYP1h1tCuQ90lyxlAMavIQ4Il9FId+6HtV0whWI76D/RcoDM2Y8BE+GqddWRV9AjKhrGLK1Khi2f9H1BF7Nikt26R4QoepeldFXY/LK4osY86VSitqJpGoItI6TWMzAZFN7OEskLZTgiXRolzlsOjsnrqMcUpMjGwBv/6/XKvZtojZdUwGyAWLg232QOETlttL6ToMPcIYb5BDFGoUVc4CjiUi7bREHUcfF7emEBug73GgQilSkumAw==]]></Encrypt>
</xml>


2015-11-19 13:21:04 debug :
------------
String:
account-ticket<xml>
    <AppId><![CDATA[wxe5b18b9bd7e3626b]]></AppId>
    <Encrypt><![CDATA[W4o5UKuLDtJ1WL6J0G4bdkmmZWZP6eeueWxSYWK0aKkB1lGZ4tYoOd2aISUs/kJlmyiO7DlJPwA2jRMpsfNR0lQUvLozTjzZJ0Xz9urV+ttBdiHrDsvjGct2S1OyDApa8ZbaqOFR0poJOG5rCia2yp8DrEtsKE2/GmS5K6Cmb2nDmbLl3MfjW0f/lsYkY4c2jY5s2wRU5nMWDe2QidNGGVvPjmNbML4SFHRTAgDtWXT07nRneOKlbeiism4hldZyx7QS9CPTvRTBLNRBGffWByXxzJsr8RdV5IdIXYCNLr2PeBKNOjwlEPL0WbAdb/KopHsoJaHE2hfbWq0n8KeNPnC0GFvSj3HUJKYfvO3B/xpa/sz/vY7g77RVY6/oeJF8OcLF2DA226wjQTyWBjQAUz8SDaOqRG7vIVHsWrC1qlGDHMPBh72OHUSGgq1+VMM6fvC7ncXs/yxSJWqIV0yBVw==]]></Encrypt>
</xml>


2015-11-19 13:31:04 debug :
------------
String:
account-ticket<xml>
    <AppId><![CDATA[wxe5b18b9bd7e3626b]]></AppId>
    <Encrypt><![CDATA[sY+DiAnyhUoy0FMSJ0QSVZ6SifXhFvAKfekD/QXzvt4pdXkgsHwvJ/8b5pujqXtTwLMM/Q3UbaF4sLfeag4/WmhP3wZnrdcb9Z/HdLa7vMJjCsmmhFW0DkTlRPPkas5Mw+2pLfTAaL6pySCeU/9vlteXSCqE2nrJOc8kxvIos6Gru54nMVDJt40P5lsfdzBwAURW5pW0ljE+DqSYDBIKXyRfDKJ3H5nypNTRX50I3eRE/HFavPg2uFUGroWzFpA8gQWJiReH6eBVeOBYnsOy42vAkoFpEHtxP94Z90r7SC3CyfJl6lwWCE4tULfNP4OYK1WXgphpDs7zUIij+OqBiSso8totufb/WIqaWgH3UtDo2wnkOG+DGyvezBPMuyIPZ6Ux5bb8pypsaGRYrac+pN681HlbKm1CGO8GV+HA9Dan6DDN73cBO26VxQ5IR0u16MnEdks82l6GrpprqOMQwg==]]></Encrypt>
</xml>


2015-11-19 13:41:03 debug :
------------
String:
account-ticket<xml>
    <AppId><![CDATA[wxe5b18b9bd7e3626b]]></AppId>
    <Encrypt><![CDATA[4nvF3ZPokPTtpPquFYBetVkxYS/fZXNI7UhpDQr4F58nzx5L/AZ41JfiSv+Ygep6z6m8Am7EZqIOkcZekVlp7ssOTw4eyAUt/Q75cmXabGCG7Nt+3CEUHCjlXZC24KmhIN8wCTfLcybMMQoN5gjy/4G4zKANh3EbPmOr1CedwMyhaUEo8hEzhFuFC/rAcVmMNtYCXqkmZNm3p+b7MVOm+on6fW8mNvkakvs9FYJMGfdXN+4+B27ic/PIC5tTi+2Lme99dQ3DMEBXzm+RQSwxap/fs5A1VDBKgBZJEEwLfmd0MEFMZhoQt9JmGqpdO9n5mYHEykS3FgzjUlRgxvrPAtT8eucq5D54LoJOqu2IqTWzt8nwc4KKL3wbIIHODFXmxQsLbwoKoJTV8pXOP+WmpF8P96W2rgti4D0RZYvzgpvlWy3hdw5//eAy4aTviKPlC0/PrSxBnvBjQ0buZEoknQ==]]></Encrypt>
</xml>


2015-11-19 13:51:03 debug :
------------
String:
account-ticket<xml>
    <AppId><![CDATA[wxe5b18b9bd7e3626b]]></AppId>
    <Encrypt><![CDATA[5vTexVzIfHX105vULMespOOmqO9vJ8dR+ajJCVOT8JoVbaQEhQCE+2OQqeh7EnPZBrUdL8xbv79Fl6oe9bURQXwqP0d20nkBw6gxWDKs6yEld09FTiRMuuzxeMfY9ZwSfqsL0lHNDWe16zm+qsD9sS71vgNTCMNty1bbwexdCCF+9fdlFB8jsfYlp6M/EbZojg/JLr3OvcgFQXMSJu8casZCMqbrUhzu2SZxcRnMhAgZIsG72dR9cZtlCmAZAdrsp+w7swBDMJq9SgJ6ldpX8lHmNAGT2XplKgNjTw8xGIA3lEVsZu8tC/vzPoyIQBYJ0p6EETKmXCP5e5OD4sMDs2AnM6zSxMTEwchGcM/fnSikjNbRehP+T81EaYw0B3ftUb2o8ZLQfoFU7nAeI4swpCqH7bgctmh0MZ+7F9l9O1ck2cat16xfO9w9Zg3oUlU2KrMqiwG/L7EkRE2HvgBiVg==]]></Encrypt>
</xml>


2015-11-19 14:01:04 debug :
------------
String:
account-ticket<xml>
    <AppId><![CDATA[wxe5b18b9bd7e3626b]]></AppId>
    <Encrypt><![CDATA[g2xVMGSy+bocV9GIYQZ52bh85g/ajtvW4YJTewB6Xe9//T6w7gJbXtXB+uKHr8xhvinA2LGE7bmx0g3Uj8QwGzz16X96Y/O8CdKVyuV74uo8gQrTIaFE+6yJTCg723JZZ8nkuF7t4qU6uFirjXFgpXh3CGaUKrE8Q8aTgrA4oltAgofRIRdg8fsinL8KXMKTpRxMUkUcqf5slMOVBE0eQ4TvtEhMZ72LaDGa6zAHAfC5QupwONfMK2nE2xVI+8xEFJJh75NxLk0UfKXID0TEg+sAxJKH1/zzH76Xp85tt5mJSiOiOh7XCC2Soz/d/uc4heuSWiUG8wBGsTK2K8mNL1V0XToSwuCltXHH/TJsJt5onaXEIEo3uZtQeBP1h6EZQFXg1EEyObDb4Puw4JeG1mu2odQ/eNbDShITQ9ivp+nag5OIXDLObrzHCbUiQI9v4EaF92WfaWS7Hgcl9F5/iQ==]]></Encrypt>
</xml>


2015-11-19 14:11:04 debug :
------------
String:
account-ticket<xml>
    <AppId><![CDATA[wxe5b18b9bd7e3626b]]></AppId>
    <Encrypt><![CDATA[Zp2SSbkXA3cHewV66AqWGm3mtQ3DVAWYl+aXu7miunjn4eoq6KBJMJi8dkgm/tutQ1wjWCUKflIW31/HYS8pWn6pEZcwYP6O1qQ33L3bX+9daCSk8p7oj9DBQaSExG5XalQrOrlsQLR44z0Zb3nvgax1BGP4zqh49bciLS9NwHtyxsiu/FphnebQ9rCq4IXMlBh2Yipudu9SkC8q/+aINuFBmkXy99cLyEiqpLoDYnxQbfQoXKJneRvBpsXlY0jDHSeU9Z7xZgWdgOImbsk9ImFbXb91asHYx8/XeiD5vYnjGhSuGPwxOjFEBw3xOXtdqfpR6Shmy0qM52lQNSrI6kgJGDd7BdYpLXS74SV3vldVLYjGfq/02Gh07CMqie3R7LrlLRu/kxdh4qh9MpyzOakRoiSvSLcgcNu1JCGZGsulihZPDksEQ58SoRFCeTz8JwaX1UdUP22Rwmp0pCGu+g==]]></Encrypt>
</xml>


2015-11-19 14:21:02 debug :
------------
String:
account-ticket<xml>
    <AppId><![CDATA[wxe5b18b9bd7e3626b]]></AppId>
    <Encrypt><![CDATA[2hlnpaIpDjcY3NKSNHjhRkRhrxWxJVxp65uGnjhnRC1mWwggpPLthcN01ZAIwzfu1cZkzrYC8uaTn2hIbK7Jd0ef8RPrzj9LbsUW8ZRwmkzElzgXpydRasW/RRlbpvwSOlXS35yPr8f9zP1yPr0v6+ohVLsjxQ1xd+xqDEPaw1SGh7sjc/b6zBBQRfvFrKHeps/kETa6TXKjSrc2uah9TAymjkWtJE6eU638sfKNwb4Nc7QV2X6jTKmxdxCFueh+Q8npKvR38+IYV+8J/xZHkBLFm/YP2lBbXbwnuK3lm58JDYUGTND+76L7ad9meV3djp1iwboSiaWs3OxTdx8YJOCWDRGGNpY7h6w1zj/3XuhxMnemy3L994Q7eRJLGSoFqsZcUBA3iUTZBaRzhF0Ofk7OIHbz20PespUzOSZ8CMZYliaUc/cWamhRpfWphpxUtZdx4vXroBRDgMUB86+vgw==]]></Encrypt>
</xml>


2015-11-19 14:31:05 debug :
------------
String:
account-ticket<xml>
    <AppId><![CDATA[wxe5b18b9bd7e3626b]]></AppId>
    <Encrypt><![CDATA[nKFP1R2bi3CO+SkMpwSkIZjTEDxIEQFXrvUwFbKZ4LHA9sgN8ViR9lz0OOF6sNImi8IJQwaewy0uCIhGsQU365lBuIEabEV/ENQ577Hh+6HhVEb2h25OGK6CLfmJ6SREKOAX1zBtHkUinA99Sl5BQb2JvPcP+QGy80IJPsnDewfGMQbFHvK2BGXmvW4r2zzfAMH5sSXlvCeGbWxQKLT6sg37AjjvRE3SyIbaO0UyMCvr0l6ejWmFyQsWVK9LXWsIES9WJFPGprBwgZcEByLVDUfCqQcyDHWNR4tJhYhEGx5S6CTis/3ls9osVhWcaUBqwIoT4vmYM4OWKW16BL4sHJb1UoPQJc4LVYgBH4j91HSRxUUvHAN7Zr0RuAdE8MMq0Jlne89ssHe63AB8lApiMp9exGX2HZvwdBTbD9EsN28Sm9XLkinkiiMd7a/0wqrtwc6eeAZcVztPq5qJekAJAA==]]></Encrypt>
</xml>


2015-11-19 14:41:03 debug :
------------
String:
account-ticket<xml>
    <AppId><![CDATA[wxe5b18b9bd7e3626b]]></AppId>
    <Encrypt><![CDATA[4l3BuQipmhGQ369A5zwuebks0GWuQs6wzb17JipdQ8upNaIJhcYd1ui1yK0tphIcFlYy7lyXPx2b1/vyQZpLm/zW6DvrLGFkuoZNGtffH1vQYpwvU2m+GjPOMpUQ1UlMjB/G+MOSeHuRDoewXwS/cz+qGkOVGBD4uofxO9daoLwNholTcDNi/6Iyd2DPjjSj4qttq6vpBFs8ECx6h6b2vsRX/P4l++AiWRHm+LcTcASdUEg/hqC3DLN0pvz1MAj6k0ImdoZhLO2sEsUva1x99czDzQCGJPbIlcId7DtrryulO8SjJGkqKPw6cG9hC1Bu7VjbYa4Tdcvoj2nuIN+NUhnicVkimOh9bX/eRNXDKDrvRmB/M/t/dMVZlQ5mC8wnZMgZlxqan7TV1sO5Q6Q1LFJj6xrJu82wxivOIEWZE1qqJhaEtvB0nyQKQYZEkddBdG7N0tfESsnOB4M/6XVi3w==]]></Encrypt>
</xml>


2015-11-19 14:51:02 debug :
------------
String:
account-ticket<xml>
    <AppId><![CDATA[wxe5b18b9bd7e3626b]]></AppId>
    <Encrypt><![CDATA[hjbXKmsTM9kQrxW/4Tz56aHmqfqRWjq4HEZDmU7wOBYNlt2hViP0BGGn8lI64sCAwjU+lQMxxzbSdhTmMW7fas1tfa1bcwivFKdBgE84EUp35b3s9tmtwGquvj4zJ1d93X2blwJX+acbD0INEthDfezHGhjxXZD1Mqug1Pk6/lfBZgsUSq3vJg5yGgHMr0mXPGkwEl+z/cg+w8n9uPLK0T+fVlMyQ8ecPxmm8kQQkw9rkEES7shHBBz0mmRkYe4SRZ7MPS1ATISEMaGI+6U/Zyjz8GvnEYfGIGgyQ7LST+Zl9wLFCs9xsKB8qHtbX2v5BssSWkvKjswbVTE2sP7G9CK2B230LavG6t8oWp1MkvG4rvOC7SddGeExcPa5Z2zyneTvdlV1jCb1ogzAFsTmtQxZJHkqAXJXygzdY1Sl11h0ZyWEPcsw/9rbOvpKqgEIjc4l77/zdbcnyNbmlJTmhg==]]></Encrypt>
</xml>


2015-11-19 15:01:03 debug :
------------
String:
account-ticket<xml>
    <AppId><![CDATA[wxe5b18b9bd7e3626b]]></AppId>
    <Encrypt><![CDATA[f3keW+TZMQkbH9Js6rojujMt42Fn9w/Qpnni1pCsgdBNR7svSCD38rrTa+gHSlGHj5DjbmWJe9gFInjIM/o8PwOL/x9hLu4gyDtZpwvPD67dMZ9bKwNuBd3Qr8bF4fUB5zdV68u2Cn367dopbIK/8eIe/zQfWe9mbuw8rGolKj5S/15x19CQdtdkGkAY8BcW8LlKEfJP/1VvvW+y4PAWrosbk7ggn7U9d0iKwthrpWW3+D9rSEnGx+zGmOutO9xtypGLxDrM1kPVVkVw8fzsADVBU7J4xJ6tOwd5bp67bS0WAu+XBdl7+pvxrr/hnJ8k9TdIw4vP6+kQpKLccely3S2gh9kBpy+gtfPvlwIEYayahvaDQO+jcujKunswp2TZUevhk1tAOwc+h4qKKGj0/yQqk0b6touP0O8f1QNqQe1WJf1v/VG6mpTtX/m4InFq9jTKPlDzIJL4YlKvW5a+iw==]]></Encrypt>
</xml>


2015-11-19 15:11:04 debug :
------------
String:
account-ticket<xml>
    <AppId><![CDATA[wxe5b18b9bd7e3626b]]></AppId>
    <Encrypt><![CDATA[2tOHb4zXO3VGTUNLUTl8MwQQVN/nqTxxpzii+6HgP5YL9MmfecR4pwNvRjqrsHSkVXaCqNycc7R9vcmEYWyfkwupurqGIsqE8RojLrpMb6huwOYcNb4tIPThKnHUaPQiHZoFvbKsHgAt9HyrEzggy3wR6bH8GJGHSZ8q2kRhH5bCxEJVhlwkx+EdDr6t1ArBfXZNtwliluWzj43nQufKTBX5LK04fWRtSw7UnXyr+VDbW8NS/yRPG9M8WqCiHKdGuCIou/q1w3rMV8K3fsSEddZZm9kZG9yTBA9w1rmBAkjy6LsJO+nmD2XBThrdTh9hfZ7T7mjQP+Jf6SuU32Me80fxOl8feogyrdlAKlvIQWnfYnh7Qr2PEDaMlrzYSSAL3WO/wEeZNyQta4OtmnWAo7Pyckq5Dr50Msfr/9guIp2TI+0NL5I3g2yKWtI+kQmssJoS+tRCBI/+gfF6zX+TCw==]]></Encrypt>
</xml>


2015-11-19 15:21:05 debug :
------------
String:
account-ticket<xml>
    <AppId><![CDATA[wxe5b18b9bd7e3626b]]></AppId>
    <Encrypt><![CDATA[8oaLnctE166au0amTUMNsa6SvWhxO4MoG5EN0t8oy2j1QpMH9fOpo8AlvMfX7H1MJG1p9IdMMBDIR3S0/ll1eA/kT8i9o2cGFN9wmyZl3ALj8eNmZLPZE15q7gGkFjR4gIpr2O6YwIOKz6eFGiLNVQcFhsutv9QaVVB3dgiNmb37fNeqZ+vB9bIU8ExMz/lJuPrlLDW0p4x9RMjcV7f1Cl784abhej3bsuraFh6ysIJ1aOQ77bjCshzpnorEzGnLQhIesLmiY/GnwE8voMcLkeugmNGCH/oY7kDBbc2DxGDzcRaXWK3GvDGAhAQob5jH5i1kRsK/zTLCNQd3FaHZb667YaOJlMDsNVmqKzgJ1b6B2kKAp/WeUVNRymKP3wBSFFcXMd42CPqpAai52+1vGrniZB2LwSkxReBWSxCpEOBEUw1SXfldaj0hSUSRJjiC7qfON4funCd3cJtcHmjmew==]]></Encrypt>
</xml>


2015-11-19 15:31:05 debug :
------------
String:
account-ticket<xml>
    <AppId><![CDATA[wxe5b18b9bd7e3626b]]></AppId>
    <Encrypt><![CDATA[aplRId9O4V7rM/jdSPJ/VoxYuWItixo7Byr3fO0qLoSJ9DZhOjkG2gg1Y15UR18cESb+gn4o1B7CdNTa1c09Y9ER+c7rpkMVNrWKia6Wee8jtSbUybHf8wi9S7rwkrcj8h0NFqrPJzjfNL/Cd6S6Ah18CyLVcMIjX9c1Ys3Q/LMebqOZyDlsptmR7qKcO+7vMlHvkapywr+/xRqxV64bzvMJ3BJitu1ZrwUIb6CJy3ELlI4WrlS0oIUkC/j9sE/dMxcuk46wX01e5QR3EBjsiZy37oidvNNYe8gCSw0DqdUXFKtcB0RdPZazTWRv1XU/rxQtRZxvj1jiiqgF5o4VhmYvYathRuiY8lKQJSc3JMZJGWUTVlzOAvNWIzrLgcqZgDOsFM58F/rrLNzvqIutMHSrkfRJRnC8aIcQilSdIrobqKs+4rXmGY7gXQpyPNuY3F2/ux0s4VPfbUYAKOwWlw==]]></Encrypt>
</xml>


2015-11-19 15:41:03 debug :
------------
String:
account-ticket<xml>
    <AppId><![CDATA[wxe5b18b9bd7e3626b]]></AppId>
    <Encrypt><![CDATA[L6EW7XjRqYyy2QkDiADTO1heF9rzxlim9c9+gbcBMHTCOVqd0QyiLLxuxdrxO8Tiv7/AelTdFUSdDx1y5VwhrZkkscIn1yfqvcKESHfsDSPgkod8s8o+xJ0UmN71WDMNPV2n82sqtFrlvMrCtjA3I8UWgNpgwq+op3glzzuekxye9DWSU+QwDSLduGT1slt4mLUNqC2p9+GXVbZV8pgiHadJzxbDUfSTRpNfc5HAYdhL7weXIS2tp9OaRyBfz2/8jjzWdwQ8fDfyAb0YmLu7cjv/ruDQyiHY3wHoIBCVaJwh5Pu9L010iDS0D1UPlfWYvizQ4VB+rEB7+PbiwgolD8tdDOqTJR0I9VplABEr5//UsegS9sVElBD4eSzPwkoyWMWUBR/2PbzPTnkCe1k48ymieWtHc4myadhytqFVK6iNdKBiodQw+++yyVJ2xbuke2yWidQJlr/ZzNRBySdaBA==]]></Encrypt>
</xml>


2015-11-19 15:51:01 debug :
------------
String:
account-ticket<xml>
    <AppId><![CDATA[wxe5b18b9bd7e3626b]]></AppId>
    <Encrypt><![CDATA[VfJ+TFX38OB+9es0FqgOiC5I5e3Wg8LgcCTO0VrRhK1hOkb9AIdkzNLn1uQMKAiGFvHLI+PihNbj82i6ZXHcEZV9jUQiE+gP1TCbqJBiKBLY352nyCWksCEQj3v5G7mF4izV99OEUzwnunrkBruW+UNwA8dm7pM04L5mUCKGHVoe1hgYwqatcSaSF/Tw82N8PpTxNa4I28heslQIHjgUTDYdcYaguu8KdjPQ4vSwfNvzEyrZLyZHAvjGnYwO13UKy9453x+ILw5ZcTheu4ftplVNZxxSt4+lTzIh/lJ0gYwYZdEE3hqmAi82K3BAjxCzpgq7ME77HYrWG0URyztqeclp5plnzknQrG8WanhcfiY2IRBbHgZ5AWEiWjAEJZKrD6fxgc5ZBiGvylCdqtNFxY2CzrFwP6METjhiyvfAIGfpZWOCn9U2hSznRXonTfhnNfTYrWwaOGjwxFCPwAx66A==]]></Encrypt>
</xml>


2015-11-19 16:01:04 debug :
------------
String:
account-ticket<xml>
    <AppId><![CDATA[wxe5b18b9bd7e3626b]]></AppId>
    <Encrypt><![CDATA[zP0WZo2plaEQ0N1vXKekEHXt07BqY5ULJ72yIcU66PCiTrIfeKLzf4o/SAFJQF/r3q/hEhlZWazZ1zWArvmuJeh2Jq1xo5Dr+VzYBIL16sSnCCl25jft7SAeXri76APzP9oQCtMLN1sW/EjAujNJCpNT2whM2T/Gl1phfjHqAkyltAJb8q8FRhkqZgzXOWdXZsON3kyTzdGMBHEIb2Ngmy97el9cSIZ6LGXEQp+RsnJAhMLFaltaRNtALIuVnfFbT/GOzTc1zP9fKXe4CVJNvBOfehhJlKh5jCsPyAszqTo8qexsSUgGpqbhFwkCc2uIrQzYRWtV8f+xyr6aTqhSk2sV+J4IVWhdoZ39H7Ar8xSF5qQPCaT5TLzTYdS5H4nvJonNNM4teGc6sjjTDoMl7R2r8ccFvXT1dVd9vgG8ak1npFwBOX0YOZ8rvXWoleU5pwSmSNg17IRKGB9DLJKiBA==]]></Encrypt>
</xml>


2015-11-19 16:11:02 debug :
------------
String:
account-ticket<xml>
    <AppId><![CDATA[wxe5b18b9bd7e3626b]]></AppId>
    <Encrypt><![CDATA[VaZd+vY/isbRIEzokSfBHLgY41l8snxnjNmNIJzFAqYG4hcFQL9+HAJ01Ozl2wj5jVG0HXUyfLz3VDYJS+2pOJJVPQvlrLUJ7egyEh+lj1gsgzx7FMbtm2v6LOD7R0fbhiBfTVmbY6ie9qNiQ8PBhl5rEWmRK596Vlu2igLoP+wt4RKGrUqav2n6CZI47j4yHQQB4vLs/DkpuqJEFAaeGN7H1WhPV4Sp2+0DA30aNEAYdlCm64RX27TT4OAlz9ZvYzoOiPs3i+owskX2tn+vuiHZJZ1IBY1Z9yG4T3Ro5sb1eQMR7YhGDgkQJslvwLjEzvhUsowOTuNAeM1XfuZbOwHwpJz0gYtD1JUbKRj+o2zOjDTpZdy0qErKMr0NM7JJo0BKzDBqcERTW7WcslHfthubenE23d6hQDxlIUSynXd1sQgNZGCYQsdlxRO0+qjpraWeK3RX6G2ywXWCNZ7JKw==]]></Encrypt>
</xml>


2015-11-19 16:19:11 trace :
------------
Array:
from : o7SFQs9q9MhLGQV9W2GaRscHIksE ;
to : gh_f8ef5613cc37 ;
time : 1447921151 ;
type : event ;
event : subscribe ;
tousername : gh_f8ef5613cc37 ;
fromusername : o7SFQs9q9MhLGQV9W2GaRscHIksE ;
createtime : 1447921151 ;
msgtype : event ;
eventkey :  ;

2015-11-19 16:19:11 params :
------------
Array:
rule : -2 ;
module :  ;
message : Array ;

2015-11-19 16:19:11 response :
------------

2015-11-19 16:21:04 debug :
------------
String:
account-ticket<xml>
    <AppId><![CDATA[wxe5b18b9bd7e3626b]]></AppId>
    <Encrypt><![CDATA[pht4QqiUgxO44bx18VqQ9H5ay5UXajKPlNSl2t8xvpghlCgG25ffrC1EWpcyC4dMTlE6MZP8pxtxCLh8PpQGLTC5bysVBq/lZQWlRRMlUSqgG5fQqtuzAK9RBys89Rbh3Zvw/qZCcGWrBfw0PU4x0baNWiewORSRJcdc04CV6m+de19dq29GC0cSLmlfMbjXkOZs9Q5gYktxplqvNPLn8xaYuSg2vdgP8o7vIJ5vpfkqIDYMGUCmUC3fFBo4rkGbDSAul7cKhdjK0ABj4OXLB+WukmwgG1vmC0QTMyqfRyw3d4Y0+xq4RNIs5emqAFylIR07hy2Vr8sEIaMreFpdeR31+vonP+uoleM1mIRmQSxUWwBywlih7vTANho3AaN2tuvNBlcURF8hHZhZTvaO/3VWlroVkwCo2tJzxfTdtRGGshBgFF7VE6etcGGL9U2grOnyIbSiPZUVJKo2EhGjxQ==]]></Encrypt>
</xml>


2015-11-19 16:31:07 debug :
------------
String:
account-ticket<xml>
    <AppId><![CDATA[wxe5b18b9bd7e3626b]]></AppId>
    <Encrypt><![CDATA[KnaP/EC4l+S1zF4RZtkLfcixzl4i7sAoYiCf5cs50BdYM2yb13Rn13bmvSA2BluOnkYreePaCHBq52YFEn9WmCL4AQCY3xbWYZyLbb5z9LFCub9AIqJNScp2EKRU6leQ6OXM1qDzuF5sOCJbY0loHiUy7WwMwC5EIwpbKNKR9ZqczIPV442xLB+qzbr6PAwyMkwPSkJvz3vuaxrsjkJ7a+vJ7U96ngefO2MXkujN1R1lt9VMIdOLAqSfBDiVDnZ7u6m83KyPlEy4T2JYebk51kSpwawwJurmNkCNXT1zF7eImX2cYTSM10ro7audcdZP7iCxL1PhviNiRMsvaNUKHTtVZHOnfljX6WDcnXC69yi9YEA2YMjGdeprufw/6IruNyeXLOdAPsWhbWbd8vN5SeCz8RKPDNd7CB1jOAsCv0mInk6h7X1aIzJSeWtzMnOXy3kjI1vjaYeyw0U6wmBCaA==]]></Encrypt>
</xml>


2015-11-19 16:41:03 debug :
------------
String:
account-ticket<xml>
    <AppId><![CDATA[wxe5b18b9bd7e3626b]]></AppId>
    <Encrypt><![CDATA[+8pTZg3NzU5wHoISoRG4vIhP2XjdVvpcTSIdKwuN1zQZQ8NXMUzruRjsOZ9F0NwXVw+0qGBAtkPlR/jn5uAiFUXA1elXT9kffdShGjP8VSTFf85/VugzrH89PtzjKRhxl1UGevKGHxIi9rp9r0gbXqScI8mdaGLKzUlBFkbker88SlsWU+kjIXm5ZGKqlpyHNOWJOsn5IF5SOyXT7NoKf2Wb915+2cVjMt9cGkn9ZwGHMA4HSHVD5NypIpWrkd+Pg1YLt/Q1vmIy7e9EVLU/c6/hcvlTNJhZt/MMCrFZrmVheKxeebchQk77C5mOs4qXQoTChjcU51Q48t9S2RIwS7U0DlEGx0e/cmNcTKxOlyTB/3zH0/BxpyBF+CduGJShhkI4mEmS+OuaQ+kBDOItY4t0zjWArBYtrf03gmobP+viw4XOhGfTUolnhrZTHKJpHv+yjOntw3pD4ZY8+1J1Ug==]]></Encrypt>
</xml>


2015-11-19 16:49:55 trace :
------------
Array:
from : ohZ50tyaLI6Nx7cHkIG_8bOBsTAc ;
to : gh_6c2ecb8c646f ;
time : 1447922995 ;
type : text ;
event :  ;
tousername : gh_6c2ecb8c646f ;
fromusername : ohZ50tyaLI6Nx7cHkIG_8bOBsTAc ;
createtime : 1447922995 ;
msgtype : text ;
content :  ;
msgid : 6218781911052141953 ;
redirection :  ;
source :  ;

2015-11-19 16:49:55 params :
------------
Array:
message : Array ;
module : we7_wxwall ;
rule : 22 ;
priority : 0 ;
keyword : Array ;

2015-11-19 16:49:55 response :
------------
Array:
FromUserName : gh_6c2ecb8c646f ;
ToUserName : ohZ50tyaLI6Nx7cHkIG_8bOBsTAc ;
MsgType : text ;
Content : <a target="_blank" href="http://we7.cc/app/index.php?i=8&c=auth&a=forward&uniacid=8&__auth=eyJvcGVuaWQiOiJvaFo1MHR5YUxJNk54N2NIa0lHXzhiT0JzVEFjIiwiYWNpZCI6IjgiLCJ0aW1lIjoxNDQ3OTIyOTk1LCJoYXNoIjoiZjQzYjYxZTFhODRmMDJmNTQzNzEwOWUyZDY5OWZkNjkifQ%3D%3D&forward=Li9pbmRleC5waHA%2FaT04JmM9ZW50cnkmZG89cmVnaXN0ZXImbT13ZTdfd3h3YWxs&wxref=mp.weixin.qq.com#wechat_redirect"></a> ;

2015-11-19 16:51:03 debug :
------------
String:
account-ticket<xml>
    <AppId><![CDATA[wxe5b18b9bd7e3626b]]></AppId>
    <Encrypt><![CDATA[hQQpp6Vse3sCNXH15+UJlyks38c5mOgVl0t7F0zGcR6prTVa9hgT6ztlXSKbJ4pRCbiYY+pDBgUAR2YizdjRPYrCpPbnsih+KXZ8vFHM4aJkPaFhMTXpK1UhY8HakVCICODvjGTEa5CJovEWDEbelCMK98bk4sRmGMogKnjDAj7nkTJQb1kn11i48bWboezEtGdV1M/zrlfHcDQFJgl33MVdET9rK2FFp65v9R6YMnPosEVdUJAi2wb37fRypY3o4vpD+kvQphyj0RQtkkDZ+pmQNzXYzJRHo1bE3ux5mNf300rP8W1PbVwwDXMe3iLBSGSF1ZhE7+HJsnJDPyQcjmHs5Uo1vIPUxn1F7vkN5h/Z9bQAHUiSDPXL2PMQqiBmQrgVuW/IbL+h9E+FxgkPrhozACfZ7r9nKDVV8S9DnwAwSln5HGsTU38kCcPhXwgM57BmOa7JnKWgwn/bI0X1RQ==]]></Encrypt>
</xml>


2015-11-19 16:51:13 trace :
------------
Array:
from : ohZ50tyaLI6Nx7cHkIG_8bOBsTAc ;
to : gh_6c2ecb8c646f ;
time : 1447923073 ;
type : text ;
event :  ;
tousername : gh_6c2ecb8c646f ;
fromusername : ohZ50tyaLI6Nx7cHkIG_8bOBsTAc ;
createtime : 1447923073 ;
msgtype : text ;
content :  ;
msgid : 6218782246059591085 ;
redirection :  ;
source :  ;

2015-11-19 16:51:13 params :
------------
Array:
message : Array ;
module : we7_wxwall ;
rule : 22 ;
priority : 0 ;
keyword : Array ;

2015-11-19 16:51:13 response :
------------
Array:
FromUserName : gh_6c2ecb8c646f ;
ToUserName : ohZ50tyaLI6Nx7cHkIG_8bOBsTAc ;
MsgType : text ;
Content :  ;

2015-11-19 16:51:21 trace :
------------
Array:
from : ohZ50tyaLI6Nx7cHkIG_8bOBsTAc ;
to : gh_6c2ecb8c646f ;
time : 1447923081 ;
type : text ;
event :  ;
tousername : gh_6c2ecb8c646f ;
fromusername : ohZ50tyaLI6Nx7cHkIG_8bOBsTAc ;
createtime : 1447923081 ;
msgtype : text ;
content :  ;
msgid : 6218782280419329467 ;
redirection :  ;
source :  ;

2015-11-19 16:51:21 params :
------------
Array:
message : Array ;
module : we7_wxwall ;
rule : 22 ;
priority : 0 ;
keyword : Array ;

2015-11-19 16:51:21 response :
------------
Array:
FromUserName : gh_6c2ecb8c646f ;
ToUserName : ohZ50tyaLI6Nx7cHkIG_8bOBsTAc ;
MsgType : text ;
Content :  ;

2015-11-19 16:51:53 trace :
------------
Array:
from : ohZ50tyaLI6Nx7cHkIG_8bOBsTAc ;
to : gh_6c2ecb8c646f ;
time : 1447923113 ;
type : text ;
event :  ;
tousername : gh_6c2ecb8c646f ;
fromusername : ohZ50tyaLI6Nx7cHkIG_8bOBsTAc ;
createtime : 1447923113 ;
msgtype : text ;
content :  ;
msgid : 6218782417858282949 ;
redirection :  ;
source :  ;

2015-11-19 16:51:53 params :
------------
Array:
message : Array ;
module : we7_wxwall ;
rule : 22 ;
priority : 0 ;
keyword : Array ;

2015-11-19 16:51:53 response :
------------
Array:
FromUserName : gh_6c2ecb8c646f ;
ToUserName : ohZ50tyaLI6Nx7cHkIG_8bOBsTAc ;
MsgType : text ;
Content :  ;

2015-11-19 16:51:58 trace :
------------
Array:
from : ohZ50tyaLI6Nx7cHkIG_8bOBsTAc ;
to : gh_6c2ecb8c646f ;
time : 1447923118 ;
type : text ;
event :  ;
tousername : gh_6c2ecb8c646f ;
fromusername : ohZ50tyaLI6Nx7cHkIG_8bOBsTAc ;
createtime : 1447923118 ;
msgtype : text ;
content :  ;
msgid : 6218782439333119434 ;
redirection :  ;
source :  ;

2015-11-19 16:51:58 params :
------------
Array:
message : Array ;
module : we7_wxwall ;
rule : 22 ;
priority : 0 ;
context : 1 ;

2015-11-19 16:51:58 response :
------------
Array:
FromUserName : gh_6c2ecb8c646f ;
ToUserName : ohZ50tyaLI6Nx7cHkIG_8bOBsTAc ;
MsgType : text ;
Content :  ;

2015-11-19 16:52:01 trace :
------------
Array:
from : ohZ50tyaLI6Nx7cHkIG_8bOBsTAc ;
to : gh_6c2ecb8c646f ;
time : 1447923121 ;
type : text ;
event :  ;
tousername : gh_6c2ecb8c646f ;
fromusername : ohZ50tyaLI6Nx7cHkIG_8bOBsTAc ;
createtime : 1447923121 ;
msgtype : text ;
content :  ;
msgid : 6218782452218021327 ;
redirection :  ;
source :  ;

2015-11-19 16:52:01 params :
------------
Array:
message : Array ;
module : we7_wxwall ;
rule : 22 ;
priority : 0 ;
context : 1 ;

2015-11-19 16:52:01 response :
------------
Array:
FromUserName : gh_6c2ecb8c646f ;
ToUserName : ohZ50tyaLI6Nx7cHkIG_8bOBsTAc ;
MsgType : text ;
Content :  ;

2015-11-19 16:52:29 trace :
------------
Array:
from : ohZ50tyaLI6Nx7cHkIG_8bOBsTAc ;
to : gh_6c2ecb8c646f ;
time : 1447923149 ;
type : text ;
event :  ;
tousername : gh_6c2ecb8c646f ;
fromusername : ohZ50tyaLI6Nx7cHkIG_8bOBsTAc ;
createtime : 1447923149 ;
msgtype : text ;
content :  ;
msgid : 6218782572477105627 ;
redirection :  ;
source :  ;

2015-11-19 16:52:29 params :
------------
Array:
message : Array ;
module : we7_wxwall ;
rule : 22 ;
priority : 0 ;
context : 1 ;

2015-11-19 16:52:29 response :
------------
Array:
FromUserName : gh_6c2ecb8c646f ;
ToUserName : ohZ50tyaLI6Nx7cHkIG_8bOBsTAc ;
MsgType : text ;
Content :  ;

2015-11-19 16:52:35 trace :
------------
Array:
from : ohZ50tyaLI6Nx7cHkIG_8bOBsTAc ;
to : gh_6c2ecb8c646f ;
time : 1447923155 ;
type : text ;
event :  ;
tousername : gh_6c2ecb8c646f ;
fromusername : ohZ50tyaLI6Nx7cHkIG_8bOBsTAc ;
createtime : 1447923155 ;
msgtype : text ;
content :  ;
msgid : 6218782598246909411 ;
redirection :  ;
source :  ;

2015-11-19 16:52:35 params :
------------
Array:
message : Array ;
module : we7_wxwall ;
rule : 22 ;
priority : 0 ;
context : 1 ;

2015-11-19 16:52:35 response :
------------
Array:
FromUserName : gh_6c2ecb8c646f ;
ToUserName : ohZ50tyaLI6Nx7cHkIG_8bOBsTAc ;
MsgType : text ;
Content :  ;

2015-11-19 16:53:23 trace :
------------
Array:
from : ohZ50tyaLI6Nx7cHkIG_8bOBsTAc ;
to : gh_6c2ecb8c646f ;
time : 1447923203 ;
type : text ;
event :  ;
tousername : gh_6c2ecb8c646f ;
fromusername : ohZ50tyaLI6Nx7cHkIG_8bOBsTAc ;
createtime : 1447923203 ;
msgtype : text ;
content :  ;
msgid : 6218782804405339653 ;
redirection :  ;
source :  ;

2015-11-19 16:53:23 params :
------------
Array:
message : Array ;
module : we7_wxwall ;
rule : 22 ;
priority : 0 ;
context : 1 ;

2015-11-19 16:53:23 response :
------------
Array:
FromUserName : gh_6c2ecb8c646f ;
ToUserName : ohZ50tyaLI6Nx7cHkIG_8bOBsTAc ;
MsgType : text ;
Content :  ;

2015-11-19 17:01:04 debug :
------------
String:
account-ticket<xml>
    <AppId><![CDATA[wxe5b18b9bd7e3626b]]></AppId>
    <Encrypt><![CDATA[Mj60rZR+by3OhBv+VQWZBvxfcyhpOwN21nsCpIUcIqiUSyqZr2z1Nh04q3Qvd9Eh0ppg3bd7BQHocH+3S/xSHEorqjtuNgzjH6IMGq3i3NxfDws2ziZ0Zz1v/+vXVJ/Zs81RVI9MLxHGitM2i4eOi5DMTOfY73fhG4SEUOt7LMIseU+kH+qZm5JzOwfEHE8KfPmKFSlwIRNuU6ll8couRKE/pur/T6Ox/Jkp5IsyjPHdZ7nP7qNePAoaltDoWfU9YUvMGwME9XLc5+t4GxE1fh5LD7p44wPeKZE7QDh0t282yvnncbrSHxmFfoZdhXOe2a6NZ2SWlfPRJA24AVs3sO5XbO1NAzulPjQvrm164Naq++GX23EI6SbRCKNK5CJlAmaPE69nhX+1swY70HXXuv6S2DNh1tb7BEU82b/OX4C9UDR9hewjgICtFb4BHSvQtc20OZOC4AZRE9ujR2brDA==]]></Encrypt>
</xml>


2015-11-19 17:11:04 debug :
------------
String:
account-ticket<xml>
    <AppId><![CDATA[wxe5b18b9bd7e3626b]]></AppId>
    <Encrypt><![CDATA[z170fQOiqTOgS8pxg3SPksLPLIAHdjTbIJ0Vqm7ittPead2ItlC7E4zKzj1wYZ2c+PlWSxKPi6Yfl09ZVd1XDzvYFaiEOfsoa4xWeOQ9ubg649A3VD8zNrbXUG46E+F4Ia2ekCrdR5G5+x4s2qnaNXIF8ZgQn19urNDuf1NAR8hA67AZreZ3ZAmO6lVcM4puN0UGdDas2/Pu69IpLy+yattsMPUX5QUqxZHFlPAFvc9fdGXJaaVmDy6Z7bN2TYzK2f/luLRGYr8gHAMtHdhqhlWWp9WW370p7qoHPK7uLqASWgevS2lfk4GhzNQuEc71AmrpNGzhwBn6wmA6ggFuH7Z6+kiyIDTonNaFsqmq+2imYxDkc0fxPtmXicWKF2N3GXJWQMinjL7B9CNB3aVzhH3k0tdY5T/xV24xuY3TsG8WFG9qDLpk+Wq3KSKvd0mN2/RAcV2rfsSeHvFNX/sTgQ==]]></Encrypt>
</xml>


2015-11-19 17:21:03 debug :
------------
String:
account-ticket<xml>
    <AppId><![CDATA[wxe5b18b9bd7e3626b]]></AppId>
    <Encrypt><![CDATA[+9Hrr0gZ3BbZ3BfOZRZft/6/LvIawazdQPGGfu+pWEacc9JW8jDipzX/tC7SvD0MBKV2gbqghFune9JY6fi/gnIDmYECvEG1cbcUHXExS/9+ctB42tWKZB9WwDUV4kTtE2zoeZ1svfbOSUCUFwfX1b5hXVPwahZT+nYpJ3zbgCYAX9DukuWgrIpLxuXXb4mCMMePiCEXVST4OfUZZE50dBNatcVONkt8Gewyb3cIJK7VrSGk5+w2piTpyTAJsTqAIS6/Bo5/A1hvPJoHXL8h8kBKIU+Xpg6Q+rtNcm78ZJv4jqd6Eb44qMksu6QhdQ0y+5qC1O7+ONKYo0qtXkpGMqcD4FldskGWaW5VwIdx5lkBPpEIHDp3zS4tn361wRYpQVmdvhkw2BF/EXdrh5qcnPV+dNVn9OC3wpWBWJsX3WOzMDb4s0um28H3D0V/Ompguwam2YpXrQ7Dg3cSjbb8Vw==]]></Encrypt>
</xml>


2015-11-19 17:31:10 debug :
------------
String:
account-ticket<xml>
    <AppId><![CDATA[wxe5b18b9bd7e3626b]]></AppId>
    <Encrypt><![CDATA[Q+794Wmsnj/aIcOek112bnKFxWn/IpugtzKMNpOIsTBdcT5d/Y4GGMaZ3Mq++/NrnpFrNkqc8dtk5VKb6iCP7iwwsXTEA/3RqV3q9HXW2XVXto+UHIatdopW6Q9QD0dVYXY2LyejUVRZBDwPzaqNgFseIW/0PGAx/Z27rrUMra09nPc7/Mw0/iH+MqLEKDwIf2kr7UIczx3bQGgLFCdIXrO0UAXRu+zivfy6n4yvHKgnDyvniAu3Yb9byk9sWwwzfB4wQO2joNmERyBknuOCoC6anJXQ8xhpkfZO2+CJRIhqwcyJDqjFTyff1gCf0M3YKj1vG0EN2Aby+OmJg+9RT1Uxej9DvxB1W9LlK58gMItJ+U+5zP1kqywNHaCtP9NP0i5CwChgJEdPpij5ZgehNQdBK1rLri+3hGDsk3x1VMxCt5tiZwgCLiAq4+SCEds4nCM4OeQFgIXRylFlhQtsrg==]]></Encrypt>
</xml>


2015-11-19 17:41:03 debug :
------------
String:
account-ticket<xml>
    <AppId><![CDATA[wxe5b18b9bd7e3626b]]></AppId>
    <Encrypt><![CDATA[7ksRgwRHPF4pOE3p5Lz0KNSoLwhUhSqaSi+LVON0kBajJKUgHkVYadumn+rHQVhEcMgk5UKhuOzrVmDXwTiqQQGa7aR0MDN1fo4+ewgYPfFeDmY/9WDUELo97mOr6CF2qlYV4clKIDADqy8er+LrANcNr3MhmNr429A4Dgz5LK+0EMDLmsFwCJJegt/XLJNHq+OetXDkFu+i7Cw6ZFriUYnTIk7HtHiDSqrg3KXhm3X+Iqo3rEUnfZ0xLY4QMSPoVfmrb56SmN5c7VSeeUv0R2x7ndmigbIuU5/665vxbb3uKmKOZ2KOV+M8KYW6gkkWFhcz7cUUDpHntv3bp2Kz+gFuVYR6hwIFVZv4RpKrb6ewRw6m49MRhaBWRE2/6rlqRqML7ypof2IovXwaA0Hns+G4IT/cdTjIvMhCGNKenz35HG4n5kGjvPlDt543BVc5zH9vZj+GkU9tpVVopnuatA==]]></Encrypt>
</xml>


2015-11-19 17:51:08 debug :
------------
String:
account-ticket<xml>
    <AppId><![CDATA[wxe5b18b9bd7e3626b]]></AppId>
    <Encrypt><![CDATA[rtORjoVVra31wcbKmPZLygVMntDV/qXg+yY/6w9RLajDlxh/OUjvv+HSqmy6zbeUm0964NipnfUozASSGJjg5H3nPvYJOW+WBqmkC1q/vAmWkEq39QnF1I46RNs5kJRKkk7M3MfzreDdPuhtXf8/RJCOBkqHx3APT0MmInJ+7jwFPlN06UDvvVJaqzMSpDmq+28sl+m99JCzZK04ZcQV9ut+N7ZfwTqIshA8O+xQineZKora/YTXoe+GdLaNcAlpINqEwGU4GNTjOAGTuMHZ6i0eIfquGuDwl6pR2y9IiSCQ+TE76bo/eakqVTrASHAQEVsQNASu1CHeRwn8MyhNJI8Ylp0PWrb5HUfAB/y1+09THJCgcGKFqdstPXm6lH0t59HhwpNATO809RZB5pLyTObApsLYzuCXzBMc3C+P8iNsDQLi7M7jgYbumdZ+dKKubgSkEZeA3DyFyelI46snoA==]]></Encrypt>
</xml>


2015-11-19 18:01:09 debug :
------------
String:
account-ticket<xml>
    <AppId><![CDATA[wxe5b18b9bd7e3626b]]></AppId>
    <Encrypt><![CDATA[wk0twBMDpY8G7/1DOi7ee4bveRm/Hv+HSz1xIOryZC8NrzlN1vQKvqG4lqPll+obw9Km/6ZwZ1wFnTtV6hEQkt6U1ZX42rjaJaYyo1dwLv/ZuhNMfPDUpHhIGpA6EBlaquxrdLR9xFISZ4o+rr3SwTHgp+59772icwQK4wKPWbVTcgCF6RCO4Vlj26J78Pf9pbD/EXIM4edx9nYAAT8K1zdW8X8k8/c8C+stNxjvoPpBrdr5Ff5gCAQMKIqnOCETeNXYsvdu3DUc6zsBRx9e9tSOBRFMyPhfJcT/2GSVMe2COMcmfG6gIlttQd4uTk1p7pK/QeCKVbsBkwOvZrkG2r/mGB/h+cR9EaWjaSiTHy7uMY9Qiy+1btV7irAKjFTB4oNxW5+SLiU815+zRyWOtGvDqI+tcnzOL7b5eSS7XdWlXYA7HwP9Cn/LG/qofqhcBCJg0rWgmQM4QqrbsNd/PA==]]></Encrypt>
</xml>


2015-11-19 18:11:06 debug :
------------
String:
account-ticket<xml>
    <AppId><![CDATA[wxe5b18b9bd7e3626b]]></AppId>
    <Encrypt><![CDATA[wh6pqVSSnFn1AkZ7M5W4W7JVGNiqHpEQW0kwL+TGpJnkdLJrH3nHaUsJ7/nmYrcqMJb6WLp7RSeuR6lPjg0SwpQfHlgdqpJQzcFTdTe5aIuoLTf/LcuqUvS6qH5k5wT5upgtEKiLa0XqkV0ME7PeHgZFCn+z3bvjSdC5Stuxgnz2GYm//2iRVYvhvDhd+M1bnzf44mgL6GaKaul/5Spwa8bdC+/F4MLHNI2hI++kbDcdIC+Tjy3KvMMedh9kkXCy6mt9cWLBZ8mWX8/TCDTf/OrI5CFSZDzHyGU1ZM84pZLrLnwKjgPhICXBZkvn1yZXb7NTo5/cfXxA6hAbRtj7L73baT919VC5w8dB1Gqrj1G0ClgWk/nnjG1fi5MtuQKDgNsaEemfFe7/HISu2jMauItYE6zF4rQCu4C2oHLZa6TpnIVxFt3SqAPySUXDtkrr6srlEJHX99jjvUdoiKrAhw==]]></Encrypt>
</xml>


2015-11-19 18:21:03 debug :
------------
String:
account-ticket<xml>
    <AppId><![CDATA[wxe5b18b9bd7e3626b]]></AppId>
    <Encrypt><![CDATA[QTTwnGWApG3XuKdgULARiH4IuIayUgq9iWn3JIyVArM3kejC8dRjzcB65lisekcwbuifAkIblOyNpw0fbiD+Qt3J+h8T0ZrDi3mdvpfcph2t8SA8nNeAgrINWCbA3RXoDUUaV1K0XcPV8/c6BB1lGZX19a0ALm7TRQio/eDf2n3lTmEahJW27zyHdPYnUfuJ8u9Fk2g0Imah10GZzeJAD4pzoE8Kv2qJDOyPNXSvgDVYK5guTAIoHeJ+G/o1QPTu7k4/JEKN45CdEuJjdvjRZN2By/qekLgLV1pEx0NltdfwI5fJDcIwhlK58nMVqdbcLCXVYB2eQqLRixC/2CiZ77mTMK5VEYRZSW/hJ+6ktoXc+ieSSEqfQE6PiTG2/HHhP/nzII90KBrl+7ocP2msRWK4Twri+Z1yxqJ2DaAB3G4uGvCwu4F3Wt5Gs+S5+NVYcdg+SRjhxOPIuEvdFJ1QfQ==]]></Encrypt>
</xml>


2015-11-19 18:41:03 debug :
------------
String:
account-ticket<xml>
    <AppId><![CDATA[wxe5b18b9bd7e3626b]]></AppId>
    <Encrypt><![CDATA[OXaf814PZqm9ku8ontzHoB/J4Tv3D2yoaAi7ke9zKXZs+kZ28MhGqbw9PSmSPEF0UR6ghb0U5wUGvacgUlR47DCtQLIih8jztnIql6c3bBDJdyv16w6yXFit1POx9QeRSVhIXWr0dmaqVKHVZGCfIVM8FphCMxWPSxab/cO0WQZ9jWLMywzbBO5Wkd/SFlhLHtmZrpDKpAzjKvoUxj9NFYTvigRC1B1j5iRSX2P8BOS90AS4dkluKcqWV2BvlaoqJrV9jo3jR4RsbWUekQOpRwn0FXL2mmT2hgcS9ZkTpdkF3CoKMe4abVS+BE42srnBxakAA/5SwSh7EilVoN/a7p9OqD+nFy+QgES+gRu0DIoycuB7i2M6iTDIIB0m75InVceSqCaFL5Q2vmiIA2anSV3VBF3FwAxSijIGDKAcu5PjrnSXwloEsf2QlU49DjzbH74UfRmNkMW/d48c4G83UQ==]]></Encrypt>
</xml>


2015-11-19 18:51:03 debug :
------------
String:
account-ticket<xml>
    <AppId><![CDATA[wxe5b18b9bd7e3626b]]></AppId>
    <Encrypt><![CDATA[QNjrkKFnr2696Zv14notrt9ww+2sHyw8eGOBUCLD0wtFlOfd/cnXGywTI0oO6ZlBvbiHEkVgNGypSZE5dNCoebAp5WuTx0omKja/2+VgckBzDz0nN/ihugnNlU4uPnFtP8VpdXd4iRUUCejUoC9K9gfLVQLhIWBEvhCIahp4Lc+KefpbasFFT5utUNo7b0lYs9aySrDkml3ntQvsKp37DS3HMZ+mtSBsVg3/v155G1Fz79VxB0rk564nalNj50wx2F4lLPoGQ2QTbLsv3sCwgD1HbFDHvL0PBYIiZsFjWkugOFu3Yo7lK158bUOm+KIzRy4+hQgdp7E7a1wCuzy2p2ALwJggQBbOm0MVv+296rAKoUi7XDb8IbPRU9fhSH3d77AQvg9lODDZ+IFqPUqcY6o0Ki2lRH3wjovktpzxXo/mCuVSeP8xXia8BWkTLbm3qLcgAb282AJDAepBY03FTA==]]></Encrypt>
</xml>


2015-11-19 19:01:04 debug :
------------
String:
account-ticket<xml>
    <AppId><![CDATA[wxe5b18b9bd7e3626b]]></AppId>
    <Encrypt><![CDATA[Wj9qAeVQV5DlHQsnG0fIuctteFTPQokPVhJ1RCAxvMVn3gN5lbT7+LezogSlTMYDsexD3qnsgBcX0+giWnSVttITGDqQQSzsQ5f2XQOGMkwDDUCYPILx+nCWe60ZDmLr9c1rNqByE778Ltl6mZBEN/tTFKU+a0TZ2p6HzpxNS8lsoLya7cxEPcXemfQ1IxfCy+nNpk678G40jsWAIJdNC0Tny6WkeX6s+DRTsz3Qyj/0qG9Bs0vEYG+Fp1lUYEs3gtAEp4fOBvYQRwQOKmXS9jjPW/wAgq9jtr64hn8EmN3RMcTBollKHTVrWU1qbK/lBd9pKhclKopAUI1mBsm11WopgRhHVXFYqY4pmrLX0nMlADqyH4i+RW8DzgeQ62LLilcEFg9PDcEFwjE+lnKK6eScc9Oxlt2aoOJK/nk0Myf81WApWV3se3NfbappzZGF58/RPz+oHfdhKKZymloLow==]]></Encrypt>
</xml>


2015-11-19 19:11:02 debug :
------------
String:
account-ticket<xml>
    <AppId><![CDATA[wxe5b18b9bd7e3626b]]></AppId>
    <Encrypt><![CDATA[sFLhii7/ma93lt1YD2LBxNCPLM4v1eh/nFwd9yPRh3vCQB5g2jtRtjRIjzsLWKiDq8OIsHh0NmeA90RT1cBE4XHP/LEOyhITy+aPijgfqGm8UcrkcsHVULBxZ2kMdosEBvQGKrifkt25Nx4oCObYDYVW1os3EnM9LuULgtugb2ddRFaHoYpJjDcH25m4uUqriNI2lP/ju6DRCMgXpOq4pPv1P1ebYPJ584GRkdDYcLbZxkYTh1XllYwFk7opPm3jcgvvy4V5ril0zaB/ZfhEmdhgeuhV6Ii1+lunWOuPkZmRg5EuQOkUIcghMLHHznBAHi8loTqMRqMGwfgTBqVWCpZ/rU+i2INnKS2aOXg3rQ44orWAwjd8iJ1qTAbhVp5+gj8qJdhXAoAYVzxcSZUiava65SKSOBtKC5/2E3shI0rovQnKqOndNyj18TYIZI/d23rbKCSrPKzeOuxt2jGwnA==]]></Encrypt>
</xml>


2015-11-19 19:21:02 debug :
------------
String:
account-ticket<xml>
    <AppId><![CDATA[wxe5b18b9bd7e3626b]]></AppId>
    <Encrypt><![CDATA[p/O+VhojuzkvvJUNOeHAKFku7LJL5AeevRskIbTQzCP3yN9GqJ2t163168fhXnOQxOOkdd2XXCi8a01x679yLOwphBlKcH7uMdFM9WQdHCZtLwz/TSCEJEh/xDLd5H52L/YSbWX1BXNRJwvLOYwA/lrF/Bii4KQyg0Chkh23WRXsQNjx7//bK4jL4JPfepmnzf5yBn4zYbae0MGyBffEYXZQMv1XX3xL3T433dgQcdvqriTsjygG5JvhFAlZQLabsmkEehk0if4N6gF602o+IRJb1oXBYxMrGCy0q8eaPBLv+ypYhB+Z4KHgxVvZNG2vj/by8Xf2uCuioOwDFvMBLLSa6o10fOshcrbG0QetlokQtxa/sCsJoNQjA6Sc3Nln3J31N0ynXTG2tJ4WcDX2cC25qvaf3Mu0nOz8ixgQl6Qvw0nN/2XJOUrl0esWaO9Bo8o/Tf+EnGE9bWtUwWHpMw==]]></Encrypt>
</xml>


2015-11-19 19:31:02 debug :
------------
String:
account-ticket<xml>
    <AppId><![CDATA[wxe5b18b9bd7e3626b]]></AppId>
    <Encrypt><![CDATA[I1WOq1lwp/HV2QUxUHPJON130m8goT2OGhj3B4dprytSfX4hYXYMn9raPeIV/Pc6v0yj+8ryHWteG6lqB0Pjw4EyUQeivAmJOWOp4hAx9UVslymcRHYk6GXjHJrXlPOs8Ctam5q/iyJJ2MvPnuMJtsWxjtg2Xqdpq97ISXHHHfQL12p61YCt7y+Hb7x3GkLzqN8674ggobgwQwDI002CpYO8M0ZMuO5rXYZ7B0o8VDNwBpM0CqGunQY0mWH0DqCApmr6fv3j77YxTbdF+4yjQ8YbLVLwholadAlETl4tNzqEF9Y/CQ0HtpP998VF6I73VlCbC8e1O5HXnAnQppn6TwRbD+zeB1URa8Xed8d5XlPWdNr4Vq894yT/hGrsP4SqPQWne4HWRgUfPp8CLNyFgZ2DhdaoX/eXtZL1J8xIFXtxT2D7QRX2hkkigsmrAWwOAHRYBtLfXe+oxTOvK8hC5w==]]></Encrypt>
</xml>


2015-11-19 19:41:01 debug :
------------
String:
account-ticket<xml>
    <AppId><![CDATA[wxe5b18b9bd7e3626b]]></AppId>
    <Encrypt><![CDATA[uMBPThmvYuB/MfvqZBQN7UfCiKedsbf95QPSONwnFtfJ2Y1j+050lu2maKnfW+PGvU0gKpbqmNThVLtJvTxdQIqDsMY8BhTWraM+Hv4JhAdWF7HPeyD6dxSzmglKrQ1wnZtVu64Bg7NgfZ1gzqR8RHlNbMw7vl9A92kZENORReANWEZ64ytLvRfaR1kAZLCBEcqZvfk0FCH/EamEThoYMDJHHATc83Smrc0QXw9wnbxmTFLwdjdgkyydYHtMkLixqKEcIvH/5hzhJMV2c33VpcNdvCXsM67sQy5mOCqu3iMT07d2jivv/NqxMsmQqf/yJRV3qe3b5srkN7y6nA2yLb+Lewidr21mnGp6OC+nKIQJpZEnwLEq5o+m5+fqi1XHARCod/tllnYNtGgCDGlTfKd0mCBYH+yyvuSJ7OGVCilyeJ5Dq/DVjNaAr87GpU0pqJKUUUrdLxU2FMrhMndi7A==]]></Encrypt>
</xml>


2015-11-19 19:51:01 debug :
------------
String:
account-ticket<xml>
    <AppId><![CDATA[wxe5b18b9bd7e3626b]]></AppId>
    <Encrypt><![CDATA[rJb8MfDUTs9X37JwP3BOW/H44yX4RC2yGTaiu0Adv2qqnPQvjIdgJFniA7IV5Fgs/XaGt7i9K4DC69nQf1HvaqJoHcwF2ZCWnAmx/S0g9xbio8TmNtdShzyR/xjkfEO2O/oGF1X2iLkdjvqJJP2k1CifPpyGp6o5Vam+hBWU7AhxszaaPgSkJDVBFoZtUAlkYDdo2QyTXoogpe3eafcab/ocQAgIKHPUOkucxq62lFmXJmUtCYig9a3H8ERlyA9mkUYhfjZxHB2EUSlyIkEOGyrlfBWzORWY9bkwvnWTY327KAxC5W+yRzVtk431Am9Rh1MoXSfqccGjppqg2IYPvFP4U57Zy6QgwlgcEb+LdUgHt8QmegC5aKvYAdByaV+CatGta4Lyzu8mNt7JhhE6eVZGMMp+VN5ACMYZKYDJiMzhay1+acQ1yWTzjnpBZOrA+nq9gPRXA+lAylwlbQMs0g==]]></Encrypt>
</xml>


2015-11-19 20:01:05 debug :
------------
String:
account-ticket<xml>
    <AppId><![CDATA[wxe5b18b9bd7e3626b]]></AppId>
    <Encrypt><![CDATA[myL6vBLb7rX4UamTvHF1130sjCJc82ismh1/vB75EXiIKl02mX3+p4BgKVQbejLiBza1HqPIby8Js6gdRYYbrlNCwObi7+spg4DChd3AqHM+l3AxDiS4C11HnLbQmsBrsHN/MaRrlAOrhvRQScf6Mc4Pd5CHKVGRnlrpb0vCMgpq3nO8i5QXTXGu9ot67L5YfT7Ik2aC4Q5s/WS/9XAE2dalkDIArSuE9XObfm1fd+Zbir1HyF6breI5/r2MIICdzG1E67hQtOqQjZTlUDQkTj2UJdnTzyiQx2oZ9hf2iZmnw0tjkz0AAe+GvKURfu0k5li7Ofz9HA2KS+eplqt17tjQsNGO2qWYduVPQjKzKk8fm31/eTzhXijSdncEzH1BzZCtfHt5tJ335XDqra/DHcf3TuEuJ5VY/Yk+meniuku7+R8KVHUrvNrAIhpYUSHmU/7tIs1DVF4YLlKfS7xWhw==]]></Encrypt>
</xml>


2015-11-19 20:11:02 debug :
------------
String:
account-ticket<xml>
    <AppId><![CDATA[wxe5b18b9bd7e3626b]]></AppId>
    <Encrypt><![CDATA[Jecb3//yoLx7fVRWYo7k9vXR8vyLRmDEKSeDRimINfZF9ucRhb7ecyXn1uwKIZkI09xFQv6LBYKW6iKi2lT00NTP+jFFt3dLdrywMYeR9SqFyjt1JlJGqxleLla4Okd8ZeSH/4iRhIBrFrqX4Qm14n91RBxVMf8XKSyaNPF9aQMJBucYpgKNBrtXuknsLoDyIgrjRlnkTNkAWNuiN+MbvZQaXwlRBlfksBNkyHqFxATMhojC3HhyZQvrxxYZJLcjeQsOCyyyq2aGrGzIGSWvkpl9MrB+d3gHYScAcYMpuRXd10J1uMZL7wqxeZjPQXgmjoj+4WZw11xotWTzF8Ev7qyY0XkybvfwZgRq0w3lLgDwAQUZSXm6aJZvmj7ajIrmW9al1bOJEvrAoHhAnOidZWrO+mY7imrI2DT7locc4fzHL/bgvuwDEqPStfqwH1LNDE5JDUzNzaNALxvpfAZ0fA==]]></Encrypt>
</xml>


2015-11-19 20:21:09 debug :
------------
String:
account-ticket<xml>
    <AppId><![CDATA[wxe5b18b9bd7e3626b]]></AppId>
    <Encrypt><![CDATA[76feYEC5erGGRzgHG8OiNGkBaElM1j/KVz2TwmYfxxN4F390pLnEjoiRTeva+2ZPiKSgVRPur6K5vnj0trFGQGeNLfsSt79+nf1SQTYTJHz7twKqUT6ZULcHI82ThzkkBqFY+GjdlwQmWaYqB/+Zec7jEsVMVIQeNW9hyY31oEtJnY7YXLmJxsraCU+VoPomdhcgpjKv5kVCFnzTmx612/wA3vSAg0VyuzBw13W9ObCfeufuGUdX4QudwvoKS56ubrQaS/jUZDo1JMKrL7hcT0Bn+4quAz8r3Wl9UplaMbmC2RUt1oyphP3lbC+V2BEeLeBcVRXsmTwKcdua+73ppG1Iz7eBE1lZkE3ODj8628KXLML46UCagBgZVEcNhWkyg3yOFc5TqKI5gXjDM44TtsHk3HSeNTQyHDPKcgULr+mIL/5gmHqHdv4NW63850FbtEJq+rwsWsFb0SdCDNVs0w==]]></Encrypt>
</xml>


2015-11-19 20:31:03 debug :
------------
String:
account-ticket<xml>
    <AppId><![CDATA[wxe5b18b9bd7e3626b]]></AppId>
    <Encrypt><![CDATA[BEiWYGxZF5Y1nOJcHsKW+eiXte4MS42o2BRjcjASaFU7qT/AnurLKrUNqarnahsE0bg7s7tz0iELIOSK5aHfyYDevqfDoiDxw6LPCNnovvhkaj53c/eP4minft4Mqol1v31YYR9jz/nSmNy/qma47oYwIQ7i71Dc0U0Ff3Il0vZil34HYiobVwdWndolr4lf154aetGUkMnsz77aIPZqotcT2L371ibPQEWrG7TvGsgv6fPiXda8RsUKFQ0LTRQpv/skKtykBklvvCv5MfNE4p8hS5xE5EliR2yForSowA1vZ3+q2VZm7pR6gnmNNBVTvf1OBP2QhYs6FoVp/OaRkwjl4sDKZslIe5pTlU1bLZKYN4kecZfEjSsBZl+TzuPGr8mGuUU1RtSQ1erzDpIkldxm2jzQ1KAYZ7CR2DZXAaOqX0I1+gC5lc6p9sc23L/2FfRJ5SWbwxpVX7PVB9dGww==]]></Encrypt>
</xml>


2015-11-19 20:41:01 debug :
------------
String:
account-ticket<xml>
    <AppId><![CDATA[wxe5b18b9bd7e3626b]]></AppId>
    <Encrypt><![CDATA[y0bwX0uO7nBUaRgSL4+JG/gyADyWISemyF+2ykiOkjnBcXejKXlvz2+Bzro9XuGI7glm/jJlJyl0J63UjBFghJbEyBvGPfJ5FzqUbOvx4GD77WzLY8lkImLNJtwedgp4N6mX5fkbi8a7AMg9RSoFcYPV+HZhdYt5lfi3xVa/7HlgQQcPVyUWpCTHhEjjaKHnEKl7/d7bum57cRY66qKhh3xwOSHfY1E8KMeASP50AE19TJ3ggGiVvF1CKVU6rX1CmKfEYZCfMEFE733p+9SM+tASCdi2pfCAG/k3yo111pMAoh0stx89do2eCGdsYYcXKiJ2Z1nRqRvz3BcPN/5oVQbpdMOFTn8x9oSvyJbFT/GHhf5AJ5Xrrag47X8DyFk5+kNzWWpqcBYl4c1sxydrmJNkC6Aj6lx1mDmYPLKq2ZV1Sq0xsqQBM9MVz8CVNiF4/9lR1ODvqUclo1dW6Kg2sQ==]]></Encrypt>
</xml>


2015-11-19 20:51:02 debug :
------------
String:
account-ticket<xml>
    <AppId><![CDATA[wxe5b18b9bd7e3626b]]></AppId>
    <Encrypt><![CDATA[UcHgLl9bKl4HbbufXP2xZslo8gnKePWUQUhtEBUxbRJ7Z52XdclxalhWILPp0BbCnmZrz8mFh0E2b81uPoDkh5PoKZBntq5GMnrZZCAXaleT9HfGbpYKpldZFlIgev9OGLOdBe2urImpQMjcg387rBm/woahuXpF4H9m+ZENmvurNpJAyEWwNPW0zOSJ56BuA9yMCq/MSdiqk/87KbJ5hbGS5ZdmmnrNFvCA41Gp5tX2NA13EAI8lfKktqxUxoizxfcbcBB4BEYz0ufp1q3IMthay4rjN8f6mHC0ch7nCTLD1RWlB29/+e9qRyfTCrr1vUFJRfx21p6CwQGPJOQeDr6WWkujePKuWTemgz5WsN7PeateSqSvFaYP/fp9+95qFLFxvTkIR60rinN6pL4jOomiiJ/vkJxFz1lFaznu5+687PStRUnNLXXPYenY/eqck/IDJtBSMYSeGBxQonV1Vg==]]></Encrypt>
</xml>


2015-11-19 21:01:04 debug :
------------
String:
account-ticket<xml>
    <AppId><![CDATA[wxe5b18b9bd7e3626b]]></AppId>
    <Encrypt><![CDATA[BgxcTJyOlg1ruMIR9oXHJhcf+c3z2WMZesuN6H55dpaRI9tcUVUUHfuPzm0yxCr49LtsqEcQ10bD9Ska9z7n/yjguJUWi7z1965KM7w+4NCK7qRD0Z7GSRLwcZ4KsqAF/KOHBawnKYx8BqlEAd3eb+d5KC9WY/SYdrmTrFC/Nbk6oSt4g8FZvOvDG6o+CpmqTN8+O4TUjMhlEqacHI3Jcw0hl6BD040ylL3FpGszjzq+0mpta8bSD/QPYMl2VeeyJwvFyitvT/FcSvuo59RmAlj+5R9qDrXpsjI92I+4o3hwXFsSH92EEXik2R4MUni9rflEHi31zN9j9eWyFsrEjzf3qnGm36W703kbnj8y6j70gO9WQIHSGE3wSDIJhViHSCgXyllxrz6m5YPizrd6plt6mFekYFqFTiPJPeWXECBhxlbxffuW3TQjVFZIpnY97qocLhVmokMnj5SaZMmo5A==]]></Encrypt>
</xml>


2015-11-19 21:11:02 debug :
------------
String:
account-ticket<xml>
    <AppId><![CDATA[wxe5b18b9bd7e3626b]]></AppId>
    <Encrypt><![CDATA[kGxOpN5bMo0PpZoqIBNLU3M1F9skiUzeiYEXX0NRzSXPJeD3w0fA9bOryfxOU50WGJTFXujAoxSLVTuNMabdTmfWx7ibXz6J8fyRGQ3Ir0BKF4+uIi0darHpThSaT+9XIHMpz5oCMWrknuAnYyCV8ZUTfWL6RxSigKmqP385ssx2MnPeRhhGYO1akTQCmp07Rtge8MDBpxwCUrz32V+4YTpYymhi6d4qOYQ8BljH2Y/Cde2R4XR4sghzfwHAL59n4zpM1A/7kA4LOC2ji3D0hqtoAGiB65bnyYN9VgGTV6NUZllFeg3uHMGiYHbBlVHqQr9lamzKOun4oZ71CmY6E07rZK3BWCjeXm1+dUWEtZEOFHcqF69DKYcuqQacOkgzoPr+hEbIw7cA72h/9RerB2HJ9CXplZUyX3rrOgrfnnsxr5/hoYgdkKlX8w9jgivaNJ59UNU2R9F+dMXSuXiNDg==]]></Encrypt>
</xml>


2015-11-19 21:21:03 debug :
------------
String:
account-ticket<xml>
    <AppId><![CDATA[wxe5b18b9bd7e3626b]]></AppId>
    <Encrypt><![CDATA[31Ym+41U1etNywLuzlB9D09xT8gEw6fpA4gqBttzZlElSBmO/RN7tcvEEeXD09FV3uQwED+6sOijzOlh3M5FyGBw+jDPUs9+6NduFNYo2vKYC0y8DyEuVIuYd5tNFrevDkGbeOU4TvzV1c4GL40kvuFFhTc61YrOJ0FEcafoio2cnkDpohlCoPGbNTV1dAAKnUBGzWGzSQPpiflxY4tF1GuWDoHwIcXucQHXpDAJAZpe2/rjk4G65dDvpkBFGP7q+3fj6/ITR8rn0iDgXKNURyne2RUbpuQHgIwwf8EMsBqjhHnQOV+md7XEGDDwDf72LgFL96NRi3E+E7QScDu0/0aFHrHiTeQVgHKgfccloHbgiFk9OmwZOeoY/dxeoc6ESG4wDNdpu0sqVjZMFaVmCG3l6qqSvzW2UdbPJbJX/+Jv8ObXUo6QyPAToYzv1IsRd8vbkoTTE0vai66FedEqsQ==]]></Encrypt>
</xml>


2015-11-19 21:31:03 debug :
------------
String:
account-ticket<xml>
    <AppId><![CDATA[wxe5b18b9bd7e3626b]]></AppId>
    <Encrypt><![CDATA[pBWaD8XerJVQ22YBrnYb2glWBHlLgJYmN+qdnBgDMhvGQQG1dNpcd3r/8QiUppTPLLrBTRNRfpd3SOlZiceVV3od62iw0BBPv+pcc9PNA4GWPd2RXFaYFEtsfLyRASkb6fihDzO377o3A7OtsRoqS6iBCx0Vq4zR/z3F3osk+jZ7BrHWsVtYUVr77Za9wynFChDBZO4K8REYi2QrHbUclrksUYP2SeA8YgRDhkZlDUCglLIoTgb+UYzst5GQ65GQzkJ1jsqCR0UFW2wISz9Bw9V+mY8S4jD+Uymdsqp04pCE9ZOkkyMEUQqlPOePUmFbRdoYNngSTznCJVqeG+DvD4I12dwWLwbkS9mvAZrZNXvjAEe7qfvU5jZxxhBXAYbiPt9mPVCNQTqvVk/gtWKpAgAC4Uw2u8/EloiS8vdO9YBYhdvovLDXwuwxrB6Geqj/khnHJY8w1OSS2ySRbo+iRg==]]></Encrypt>
</xml>


2015-11-19 21:41:01 debug :
------------
String:
account-ticket<xml>
    <AppId><![CDATA[wxe5b18b9bd7e3626b]]></AppId>
    <Encrypt><![CDATA[6TFSrOC+mTgMK8Xccz/P9JVRM3OWdxCE+Ky8Hjp7dYOKgfVuWij6klgh5wiPWnRVr+WsA1jJ+YMjLCyfLPZjpE3Gxq2foq96BjrgEho409n6PFT/7W1EDNU5hLV3FeR71VdXJvkLwk4k0QqV3o154lNKgv3iEFHDniASYqvXpYyP7+UmuKKL/bM56/k3Kt3U5jiYPman9z7TbCsasUsewmJgZoWNQUsOm1jj1kFYspWIrz4ujDKW/7nDw/8O5fwpsuvz4A1QTgjp6aRfy0+yYeo5Jgp0m4pQV+cJyk2z7rrrpF3t6aU+zZQxOfRf3SG605u29s6nDrtgr/34HFzAyFNy3NQkls+igsS1BIaOI0vCHFHvFn5HnMRjF2Qvb6Zs4C/a2VqusyZbMUYNoI0mClH5AbiwJ1Plaq+xUL9ylAyUARc7EDLqdrtzUyd6d3h4kYQPsHWn25AM9sxzdhXIsg==]]></Encrypt>
</xml>


2015-11-19 21:51:00 debug :
------------
String:
account-ticket<xml>
    <AppId><![CDATA[wxe5b18b9bd7e3626b]]></AppId>
    <Encrypt><![CDATA[rTgPJ8qcu+cBMgUZohsqraHrKNWAj8hioUTMG5OLVOPc1VrypOSXOqjI9o8pMcCTSBnWEpAcHR1HBjbjSa/RBmJ7aLb5NOL7b3qaIXEzJ/nwFRsFC64w0Z5TYYXKHK1M80+6hDdG3kME+0M14hRMoMdzliRbjtvSMup8trUP2hWN3VKjuRdJCKWikE1ubdbZSGAlHiTrcmNd1o28fVypCElvQq6vTyrntORrNSVbXgYdViMeU1bCR74H4O89HP0+IW3z3XXoMy3NdXyBL+VlJOPxFNNZzrCH68aMnhJ+/uHg4UJhzVXd2FO2KVegVUppAOYhjKVcpRYkqMcl++bt+4m750TD987NqVlOy0AJ643wC2B/0S1GE6MSiGv8UG2ogQc58KGlbtaiWX8xvPClYQarOXWWciaAGq9ftaR4aZ4ts6hmSAIjBlI67obbJ8MBH7TgLEzmdAJx7yKSXAi5/A==]]></Encrypt>
</xml>


2015-11-19 22:01:02 debug :
------------
String:
account-ticket<xml>
    <AppId><![CDATA[wxe5b18b9bd7e3626b]]></AppId>
    <Encrypt><![CDATA[z4cYiaZuPFggNJkl4c0C0WK/QdmTdxNR07QUkrJoD78egNF95D8jVAchDDjr7e/hZy6ONMfQ+hT9sXXyVnYzz9114BGRzEZUYdw8XUYkbTGxzbIJPus5XXDhOeBQFPVGnuK7AcuMPQoBvubiWzMs9ME2xrPx1Lf7G3js+ToXQxYbfrfP9MdixDCml/TcfBQVLXJ6U1qMerzCsU9dcf6F/3ZswZVIrYmZY+5mTyLKLlZ5JRvBKFffd+IPgrPiOZn7MOaDqqP4X5NseK0LLKbQmn/I1MubWzwT/vb9duyfM0uWTJsR6uFyUQ5R3DopbPAbtrOKrIs/5EouKYu0T1KheqJhg2+vCjHVCIqycy8PO3j6ueh3Z9SNLtv+ooX0o2AftC07D/c0wxPVMHuXD078lRSyyyiCHpbL2fGLon8vSNkadw+vSAAybizutln3BPBCPYBefARqZv+AauAtZfdxbg==]]></Encrypt>
</xml>


2015-11-19 22:11:04 debug :
------------
String:
account-ticket<xml>
    <AppId><![CDATA[wxe5b18b9bd7e3626b]]></AppId>
    <Encrypt><![CDATA[HMZv0DX8gWnmnK/lf+EGwxrbL53mcD0h9SO/D1EA+HGwJdnoloOzyrRgD+QoryvhxYH5+9/1f6Tmq2gvYjEzCzpwqjGluUR4LNHHpY6t+vQ/Ng/tPubhiIMDrWTII1j5OhwitL8VyFFbByAxKyl8gUvMWABD5opGXCEc57hUEWr1zkPjPsWJcnrnuxNcdwbOEV1P5acD7ZR1Ig/CyNYqKW/QY+gwfXwXvMOAlGHLcw7xuIJIhykbVYgBA2AOa4Y738uFc9c3XX9MeH60qGaaEZGvRm8RjBhAj8Uw65CtEZZSbzV2ohL5+S82Z4mNSxM3XYiwTR0Ojq+jdFrK9KBGGGtpQcgOUrIz/clAtyimPP5FjgXZ0arkYUV96CCku6kaWp4SxDCnB7ekjyu3SBek/oFumZgHASD8nwojq6Pkj/rWtJ15hAdeBBo45nDQC2UTEohywoNZbmdC1kas+f4Jvg==]]></Encrypt>
</xml>


2015-11-19 22:21:03 debug :
------------
String:
account-ticket<xml>
    <AppId><![CDATA[wxe5b18b9bd7e3626b]]></AppId>
    <Encrypt><![CDATA[W7sSTtSAGLUWCApnegPHPY8je9yiSZjRFZGyca8iN8JZ/YpA3MYWDRDEL/WDO+z3czJwDuYxb5myaLY8iwBVpqTtAIF4WS3KYRPs3rNJ5Dvjdgl3Xvkt3V+Glp3mZUzNajmmEm0Lh0J12C1lKb5J5E9UYwCw4/wHGq+woRfo5BjWlKF2QCnrN1DLZEuzuck7OcSXh33vmErSwkXyC/4ANEDzfMkB2eTvcBb2nx7wdjXjiiSDKny0wEVKkUx5vzuegXIp40YYmIHgbzT3HFK/Y6gOb1vOxY9rI8WG/xXGzOe4O6wFBZED4xw7GZa8dQVHX7WA6mag9VRtfUdJa7jzmzSzvqHQzEeBqhid9bA4X33F2SjoNkdd+UiAfwZkWpXpjKVmgXPMc+m2sx1CGbIp6OXj/y2bmmy/405wZqzSTvEWnCtKPrIYje66eaEGsOIX+LjqHX/HhWYqRoI9Zgmevg==]]></Encrypt>
</xml>


2015-11-19 22:31:02 debug :
------------
String:
account-ticket<xml>
    <AppId><![CDATA[wxe5b18b9bd7e3626b]]></AppId>
    <Encrypt><![CDATA[3KQKWXhs/AJWvvPbuQKXGABrK87YmBh6q4024a69GkYuBkUVMWONafLGI1wtkTXyb81Z3m0R5ZTVc9pWWECLZO/68Frta+MKBaHBOdtb4FVH+dv/pM4KelrB5VpoDbGgO8EBQpOjCNj85dpIzDv8wyWtdKYWwYaA8I1TZxbKJuQ441LlM04INt2OmLGB7D92BvUPX4oFxgjMPGeU0ZmidLXJHe8uBd1SUHGRBRDnkRLB7BfPyqcQsm+IDFtDiA+wIgfgZ59sXoPZzKM8z3sRBihhx2YVC4FI4f2DEW1lTvWNnkdfiJyq3+UdMvUlc/rz0IJKPpr2RKGKOATL7s2NfcDjJAfJ7JLsQPPr3HNPVEUPXuMKhL6lPch/ObcVbi58q815hyM4l5p5OUl/hMhDVH9TF42RaBr/FCgcC/21wIrjkg5FyGNsKabwdGkMdF9QN336jtboEb+i5lx7xcJkGA==]]></Encrypt>
</xml>


2015-11-19 22:41:04 debug :
------------
String:
account-ticket<xml>
    <AppId><![CDATA[wxe5b18b9bd7e3626b]]></AppId>
    <Encrypt><![CDATA[5/g4tcnrvjDiVDacyhm2dDhEduVptAQX3pRf7xHUo+R/daEpEC3q4AlhXDlTDfXjLWNpRGFunX9Hp2amY9k1cKttks5qgbfmLR5cYpH1A5Qjn0kOp84AJV8v2vMf+MOT30rOiuu6oYPzU4jxPBSpQLgqhdKlpxNMZYh4y8x2PTN6uJL0TRaBp7adWt2nS7mx1G60LtIjSY8kAs7IKJPsNnl9Olh+Qo63eiYwgs31EkvJvoNfn+eALo+ra84+Y7Ja3rQDltxCbPli0KoPN+BAvLMichuehFI+NHqMK31GCnqd1XqcPxgiByPwBxAyE5EvOUtfnIFQn8zFbb4lcqRNEN8YlZYuC57vUeDgjy6UJ02kyXvoY1tdoIciH1YXgjjMwnwCZF0s+gyE/ru0ggAv5ELEhqtcFVVlPK/NgNh4TOH/7XwDT/uNKwaJhmSjdN3mb87+TN3HJGbOVeRE9mIStw==]]></Encrypt>
</xml>


2015-11-19 22:51:02 debug :
------------
String:
account-ticket<xml>
    <AppId><![CDATA[wxe5b18b9bd7e3626b]]></AppId>
    <Encrypt><![CDATA[pGqLtmRKKFtTvoTXR0j3ZXupLuuNRRKe5vVxeEUVhpGGyXpjR3beaEjeK21lg67YhXSVXw7pdV4xwH1+biVubp1rbiJfDH3lrilRf+5vAw9NU5txKVWW+l1oa6Sa2snij2gE/LPeHbzcvHoEeH37+OmvV28s4BeFPxdq1HPGmI+WTmk17sv+qEFuFDtMlu0b8oRhGif6EK6b1C4qB0UGYpRM2yvWNCCgt8gLmfDviZ1dn0NFDnUtRxUZWY1BUfVmftI2jsy44WdCjjV4TvC6972U4A4UcLMSpYoYNYaX+rhahcnuksCnk3iYC+S5E/v7T/Q4x2xcV+REp4dsZw3uT9sPxr28vqGZuYvzVh81tlm3cHlLBBz/s12Bm39FIqQuhXhctNcY4wA6j2/mN8OCJBJFp1j2JBVNnZUbzPdlPh2iJglLzCqmu6pAcQ+GkUDys4HvFzFkafDxd2RLMyF2Eg==]]></Encrypt>
</xml>


2015-11-19 23:01:02 debug :
------------
String:
account-ticket<xml>
    <AppId><![CDATA[wxe5b18b9bd7e3626b]]></AppId>
    <Encrypt><![CDATA[uUt5WaVtfAmioGQtCw3u7fLKyICQ703VeZ2YI/4sVMTAm1Df653t5zqRSGzydFiTaYY3HHjwEqzhLBvt+W6b+ts0ff4mMX/A+Qxjq6WdqR+32p2FxjQb7/f1P/7hj1Bo6AFDs5czfbz/HmhROgb2lJ/nLgft2Jhhq/1w9vNjeUZzXnSheFRgQHEXw+ff423vb3tyzEMygMGXlh8ud/AQi5bOY5HRG51WlUKrqkqcAchyK8+VHRzdaXkd4y6c3+HR70OIgXHnFwpAmRX3f1nnjTlHrrROOPnpymqNRjvHnYyBrd3LWbjxTN4NDxKrqYKUehj7HJauvPuBdUpzxYoenLf06bBmuaTqdAXKQalMpj2Fc9csvWVNfVCO57Sxz8u1XGKUSQpObd/LYnv49PZGIAlICIX+u/ck5SHchRLEz1VLrovAeKTMhjD8W+RIA1TTx1FybigjJ6QgRNOMDvScUQ==]]></Encrypt>
</xml>


2015-11-19 23:11:02 debug :
------------
String:
account-ticket<xml>
    <AppId><![CDATA[wxe5b18b9bd7e3626b]]></AppId>
    <Encrypt><![CDATA[qcrlVQsB7T9+buQq9dqUPCpxCi2LoW50B1aVp2lRt6BNm9VmxKToydx0z4Iv+/72mkTZ4eV1kjumTOaZR3n6ZIwgRNSXiQ+AgFDyROzKDqeu4Z2n1TF1T5Gx6f28OVU0QxK7Nw9WxJ7YDD99XU7cBqRrC6NKLFs66zKbF6U/lhdh9yUe9U/MqHoRbdTEGl1G3BLhl1x8tmyOxsM1d3VjMeBqlJtB0dy6EOto91uyybXu43lWpnbjFu31HV+Y5VSqbbJkSOg4MOD6VaAfazjfUjmIFFGfLar0y0hFviLDoqRKje0aviE0hN4kVzc/q9KoHFeJ7/fMhOSgocALd26YXfTCjsdPs5oEVyDgpxcrivG0FXGULocwb7gCy7h4lp76fvz1AZxWR82ABTXoMV4iqbx1fkQ0pW2jBrq8vJAtEwy6da6cdcO5R6yuCCVpSqdVeHDh9vjI8n3A7BfzmdgjIA==]]></Encrypt>
</xml>


2015-11-19 23:21:02 debug :
------------
String:
account-ticket<xml>
    <AppId><![CDATA[wxe5b18b9bd7e3626b]]></AppId>
    <Encrypt><![CDATA[mFGDKc0IB5FmYhEfKUDbTLuJBQfwx9eKUfTJl5OnJ/dJ+RBFFVLUsXmN/qes3Q0om7crPlqa/OgRiQfI5/kBPr+PM5Ui69U4ClFJjW/xEhF4AdWcWj6oGd006Dn9s7IV7hHE+JpDF/GGSAE9ZVXAX0qczKCKOkaXstH0BWNQOC3RQewrjmq0ZjfFwFYZ8FFIX1o0PnywRjLerC5N8GpQOUgKtf8ZEditltbAQEyQz4pE1nS9GuVP2d3954vEmSI26U9mRPTXwlF6O1tmGVq/JYimFEC5aRme7O9IURB1vmMpm3klr+mcoWnN6MvR05xCZBmowEb81bnDTDyLG2JzYt6lFFMy0Hh7HfKbHuDU2lS9H2BLxSeqbkI2UDP3pNpvcRfev5q59QTswJW+JEwCccgHbgYtufzrCOYci6GgkWhJDpzdFWW4pw4ieExxdkGZLlzcD9vIxYz8c8T4ooT0gA==]]></Encrypt>
</xml>


2015-11-19 23:31:02 debug :
------------
String:
account-ticket<xml>
    <AppId><![CDATA[wxe5b18b9bd7e3626b]]></AppId>
    <Encrypt><![CDATA[cbO4nOKgVL5TvKv09VxuT/YwD6OKEIgQSwxu6SrwZkMBfDPeP2pHvX8PiYGCgvYFW03+fLSK9uF85ucE7P+AD3J4tbiQWs9g/kGj1Yeb4JV5gWbJElPg0J53QDQzcfaSvTgv8j5ykDBZ77C3lutxh365dhtfMXeU2HE6jPE3Mo9C/9LCqBZs8axOPrE+vIMZn/AQxcICQVfOPbOtt+kt9eK4IJZp5NFAjRgT5R2lef4exzNavVqr1JK8HQIbDppJLLdER4iAJ+FwxUOEW7+QKy4slk9bqQo0F0jXGM6mfImvQWzVge/zIa1mc8BnIjkd/kw0z171uOofhiiE+OQIGLIMv08iZJ2/JY2B91jX7hoAxqWYOeKn3iD8V+6KarGGeFD4OSmThd1NIUW+S/RKHH8miUEZK52lM1dHNZvVR8cgiCqcv0D2l2DnYP4GNsGAVd37KgfDEPq8veGPsNUB8Q==]]></Encrypt>
</xml>


2015-11-19 23:41:02 debug :
------------
String:
account-ticket<xml>
    <AppId><![CDATA[wxe5b18b9bd7e3626b]]></AppId>
    <Encrypt><![CDATA[mqvhW2OvGFXL+gj/iqLbbg1A06bR01ucipWVCEuusOVbpGHX/S6wTpdj65pqLdoeLtW/LtJRZyEz6RBtABzNHpvQZo5p7umKCH9u6mvdRfvVskCsm6+piCHZtS0ZcK2H/NDBttGJVSfT5n9l6v7CkBMe+hoHxPRfjLFYlh5/TAfJ9FbOFinpFOGDzf+BPDO5Iwra6Yc7CMMGLyGCGUn4CGfAsRntY5NHtiPTSr411JAsXVqesqpJaBHSXNE1UCy2DYxUvdrMzCoXbDVKBXqon+rZKBZ35l4A5vT/jiOg0jNCujLf9tjZmuouQ329JvxULsuhP6bp3+QQGlbOY2yMXiiXRFWFOsWXb6f7OHv9Pwq8Dwp3UdEfIQLs1fC1loSW+l7lgXsPLs1pmmNfXLhqAszoVsjU6BFSnFeOSUqDzJFnwvqKb6gM9TdjBBUJW++NfWcvYizkkNy2CpE93mmx4w==]]></Encrypt>
</xml>


2015-11-19 23:51:02 debug :
------------
String:
account-ticket<xml>
    <AppId><![CDATA[wxe5b18b9bd7e3626b]]></AppId>
    <Encrypt><![CDATA[eMTp7HR69LNt8v8GoGEtdoXGzEFH6f9dzyL5LG3RmmRaTTAvJPHSM46/47hTlCPHOkM3LXbIh7XzWutoaJ3nyATlRnlqmdiSmWG9QxfPUFSWTiRoYkdXQE2P4vRybSTRDth/fonspln01XpvgjyZ90i9vCO/CqdjTz4NIxnTu8o5zWlBcX51d3uLQaOfzWiz46SsPNTUNJ1aWuLO4/Qgep5KBmGApMJaczRNUw7QnIcnY3lnnQJSm4kqU5Sy7Tim2CXdBOWFleI0R074rsAlMc53x0YUl4Dgd3CSA4FJaRCXj7cfso16AOtGbSj+wMI8MgNcZNhOIfZWc29eWs6fM9jP7hVCAqWPm4eBlYGuO1B7Pm8N1+Paju0ei8vhM/QW0Oyv1J5SGTRza1ldMhORIzeHcKNxyLdPTeeyFFuozjvmh0a4SxQLnmKB62qDn88Cb54ZJZ4vCz6F7pDxSKU5ZQ==]]></Encrypt>
</xml>


