2015-11-25 00:01:05 debug :
------------
String:
account-ticket<xml>
    <AppId><![CDATA[wxe5b18b9bd7e3626b]]></AppId>
    <Encrypt><![CDATA[g6ZdDcz/yAgMvT9qlTLkx5kWxZTYC6oY38ZmElcTLODESdCtOXPXNbQtSxBFLQ8EMwheN4mrpIyxjCoyIaYGNZAVIucXqEjRZ1jXWKSQlEm44a4h4eJEqf23meP3oSdusW7KPVRD7hy8mUaNosZC5P/91bxheqD0fdLMo+sBdpbPod4lp8qQe5Qmn6yEAvMV8H3wQ5MsLz02zHJDf/gMIGAL9CRmRlJVAiM7JmpSxWjx5a/A1Va6QlPCPhezODYoTLcut0frqMXJoLNmtveTvUvjw9M0lT+nXaJRzbrVe07/H2tY/HqZKpnHDSu0yYULV64lzJnPw2QkfJg4r9gRYjUy9M/8n8XvvdTg7AJyFcdPiahsl1LhJfqZfGfzB4vYE1idnJT6lt0r1htLadMlEta5TxCFJKDtI04EL/PvD2o7DVWaiWitgmxdZF+r+nK3zK62d7o6EAbfvhaTgjiBNw==]]></Encrypt>
</xml>


2015-11-25 00:11:01 debug :
------------
String:
account-ticket<xml>
    <AppId><![CDATA[wxe5b18b9bd7e3626b]]></AppId>
    <Encrypt><![CDATA[mAmAsrQ9PTE/GnWfMA4WHlcwzeLIgvjYIgfoZV/T0gtnFw6iWvjL7rK+mkeTVPq3k66HGkRBD8fIn7OhjJVH5H6Ep0ArrSYZBro+lhJZb9DNWBZnNmCMQsXVf5r+mDVTdsBylZfdZ7i0b1HwP1fYej9hYBojUaL8kRQKqBMusxse+O4oJzGob5RZBHAz8Fqp3wLAd/kLiybwpbbosJfmVyabxkQdTP91Eipmm0gExTMxs0596wUMDDr2KhHhzfbb7MXRT9UHEobqWhQ8mLApOebWXtuL3uyJvU/OACUNG0+gPJdg3eLGoO9rW5bMa54qNGYNf9gnFj2keVf+zpKE8p05SMrjgHI76iyvdtDko+KtAKGxJs97ktgKIcnMMP0zMvpO0KbHQX5ryMuoQ5DuBXGjhPLNQeqWtwBrGZ1ycVfWUv9ledkdzwyOSJ84My5WReAqo36iVDxO9pH1RxWO7w==]]></Encrypt>
</xml>


2015-11-25 00:21:02 debug :
------------
String:
account-ticket<xml>
    <AppId><![CDATA[wxe5b18b9bd7e3626b]]></AppId>
    <Encrypt><![CDATA[OYWQd4wUYw53BnR5cRn6mhuUV2XBzSyXbl8vG3CbHZl/Mk9Mv+GK3HiSH0TRQjTsWDy8pqF1mK7mPiEHJ5QEF3KE+mtHU+FwJMrUvRA4sm5Fi2CNyUkhuEkjUhAHbWunDQS7GsqhB+K0xfyxZimPK8jmsyT5ZT4pDNo9D1atkWR/YaMrqS6vDwXVkRmsrhVbmadSQE7+H15ch4YmRzuCmsAAvcn+x9YJB/ceehtq15vgYD7xevr+T+iUshTZhONYX1ER0RAgoD6n6/hdOMt3O2ToAFKUA6/0saxYYLZf215kVtu7TPxB69ZJgj3KqhyNWVY9vPWkf2S3+wFs7j0x82ZjQRNHVcaWifbqgse1HrIqx5Ly8vBFXAsdQ4lgxIFtzonDKK4e5tpthM6HscRZGEbTmc9S3REVy6ySi3X47fwOQtAJlYWfeaLvb90DA4NyW54Yx3dHS9C50iOxz++A/Q==]]></Encrypt>
</xml>


2015-11-25 00:31:00 debug :
------------
String:
account-ticket<xml>
    <AppId><![CDATA[wxe5b18b9bd7e3626b]]></AppId>
    <Encrypt><![CDATA[IoPwZPRZakUM42/Eu7Tzze5NUYG3WlqSQMx4wYfHYILbnBm/DJHb6NQg8w6W9ZLoJyOBMkVbl80ltneeoRH14/tnuFOyJHu7mO3tpFOsLtyy/NECA3hzD/n+X+esjKJ+5YnqSQv9qQZCG2s77tR9p/s/RbkzU65nAvbgYj8gEcP8UKXr74bbzBcTtkPFYrf24tFTPgMuFIs1eNugxb2J6+HviRrZzNcs0YAZsHi1+nHonYTnU4filebyaIZVp76fVHgB1Fx4m3bIl6KxzW09NcPI949p4hfrG1OKkLpihgGgsediNmHz7aVYysgRullP0TeBr5oIupRSm5YvST30MaT6AvHiflSQ4JO4PcbacfdKUmVPNUFU4tDC2dG1zbqOEEuusbc7mKuhZXr0SuLin5KwoFEqQlmvP4FUt1rvM03N9WEnErPmIczUoEmgR2xQQIckkxnhyUd1dchDvrkDWw==]]></Encrypt>
</xml>


2015-11-25 00:41:00 debug :
------------
String:
account-ticket<xml>
    <AppId><![CDATA[wxe5b18b9bd7e3626b]]></AppId>
    <Encrypt><![CDATA[6SZI98JKBR7BTXTgOa9KXqKu+wP4A2ZFlTs8gnEP+Le6X38/UnhqqOwe6nICduP2xrxizjz+UxDVzFCnnPPf661IHCinb20JSmEhodLWoMj0iN8sz0ZKc9d+AbMwrpdyOloLcydhZn/t5oohS+4dmrnJ8Om89WrubxhIH1KMSJDvIBA0XUf2qt2YTkxY4GMwIgZhPpK1VeIzivwTJbrvnNC8cg8RNc9sI+sFMo8sMTp2nylhziqtEV4ZO2eh4XHpxmf3CAZ09KwXA3Z3RLOgHnlcs1TbmSjr22CGEwjjYgTg9fcjR+Fdq3B4E4OCQa6R29/OqNo3lTICQDvpewZmXTuJx9fGZ+4ZOLUFhnuOAhcNtS3voHRrra/28xw9w2of1wys6ixorg2ukLd24LfsYhUqxxAGhBr6ulx8z2lWM9oepd7OyaHFH65Ep1hJbzc/V5BlsBi/wdrkKqepmT+v1A==]]></Encrypt>
</xml>


2015-11-25 00:51:00 debug :
------------
String:
account-ticket<xml>
    <AppId><![CDATA[wxe5b18b9bd7e3626b]]></AppId>
    <Encrypt><![CDATA[ziMLeavcvoZvdrr6b4iA59C6hCWvnghu0N3TZbJppbh7jeMT+PWxsckxmltXrZGdtY3wIQdiDCRXDPdhpDLpi8XlpXhKFSWKY6Hdse8EE09nGj74+YGxCtd2zZ1WW/tpueFpmnIRgbCZCzly7VHd5FjcdZLjf2a6/dm+7jXA74te/PQzhLjc8Ft4Q/hYRinHY1bxpggwo2uRHyVpF9+voiQCvpOYZcQUuEhz/3DtlRCuQHBf+5NYeYfLcIpaOoPEEeOLyx+c49sJLB+0v4Wz4Y9wpez5BZKPLqlI7Mc71IEE+xoZtamaYmn1emHl+8t8gqXoellpjTYcGb3UlbscrWURl+6Dn/eBvLDO/pnbfa6PAJavuzqO1xS5oHk1dIGfbPFAcMo4nKuS7Sjo645E/Iy68YungvJnw1NaWl1+Qbq4ViCsFyaoIWFvW/sHgnX8ENs1wpYbwQALabPbxq8Uzw==]]></Encrypt>
</xml>


2015-11-25 01:01:01 debug :
------------
String:
account-ticket<xml>
    <AppId><![CDATA[wxe5b18b9bd7e3626b]]></AppId>
    <Encrypt><![CDATA[32DLQLowb0XXN8g1QRH6plM8gmAJrhy6iZ7mR3HTW69YJFGDOpMcbE/5tu1OBZj02mfGd5cXXyck243aKWIojtSZ2xjTD5yatsprK2WvR/njU3AcfrS+282YKbXZDROXBc84Iq8zQfrzeYgM+RBObLLTkw6dRj60uU72N+4dYczw/r44GIiXlYNr1QW55civ7RdT+OJfCP7tGObp4XeFZE+CQFyM6zKryDAINCrGft6rjfzzpUSAYUhc1hGLhNzjoBHK7faQMtui/mtz6gaOh9PJJeuUF+k7lKl4uExoenodocL8ChYP7s1c1qzKGYHS62tasA6PAYBXFCtEiD5hR1B4fSLKz/EZ/97FJtfUTE/uUABNZZmnC2w/+F//W78pRU229G2Tjq30iAtCqnVPK2XKR4NzQmVJ746XVnGSeGFt03Nr2J8A42sYsejYrVmECo6vj0QzXySYjvxnKYbjUQ==]]></Encrypt>
</xml>


2015-11-25 01:11:00 debug :
------------
String:
account-ticket<xml>
    <AppId><![CDATA[wxe5b18b9bd7e3626b]]></AppId>
    <Encrypt><![CDATA[co6HnM7xpvC/h0ZuESRw1usRtKz9hQ0w9r/BLSwgPmy1MPUYD0hCafOxS9/DSbvvh3hCQeSQRt+b+AbCSKpJWu9HQgkLIU8X2CjbloibEE6ypVlt15+UiIL935Lu3BvZp2tSnNXwTGy17uy26EnJLOrlzsvAKbG70BVdnZZzVKbRi8uXnwdqD8QR4rKSTzVvtTgpL81ceyW1uMfy39KSfgg24xavioODbyNH5FlEk0rdK2I5dsSd+9lxlwHebomFCT0XrLgW6kJWNsboowexYfE/D185+h7/b2tuCI3dMGbYx8bY7zKZle1q1KWZuNQyVsuZR6cdH/DwN2GAnp/x+cTB3H4FYViQJCG/8zlyBtil/UHWCFewk2emm1LSy025C1DRjL4Z4id2+ritAgQRcD4T9BbaasMdEuyW9sflE6c3WPGAHe+dwefHxrnmYEm39CgtAVEy4r5Ub6YPj7rFyA==]]></Encrypt>
</xml>


2015-11-25 01:21:01 debug :
------------
String:
account-ticket<xml>
    <AppId><![CDATA[wxe5b18b9bd7e3626b]]></AppId>
    <Encrypt><![CDATA[Tx/5CEcNNrnHiZmjAU3lrdJLxOWbb8Ua7/w7mWyzseeC5DwGZ1WvPfu+FnQTLOVPqtjDpx3zofOzLt3bz67EUzv+oL7XHbVotJfP9a32Ki9P1hP0RUYX+L+3dl+2l2MJyd+xnKrSeJOdPJPOEO4peWtWfF2qOH9YWH7GqmtrChgoxWGzWdHt9Gb+UkX4cB7VokPY+dgLZz9Hn/rcvNjI2TWJFb0TXC5odKYzRsAMRtpeGHgDnCiGofwoUGpDUWUFGfSzyXnh1Io+858BYezPEzvsfnfU8RP/L+Wx2VcQubblWlkQMz3iDXvR+SjWKvL3eMB5pf+f0LD/XMyUohdbkLfeDjPJ9ZqfAWOdZ6KsN44NSHxrMHbHSXEVst2zh2DyMiHenUsQ3sWZzOBgVtji//iAZKFij0GLHyvhsHBuNs69zannJ4xAMaDhXY3CyMUpX9ZDgJ+hYaQ+b5Ksx9plFQ==]]></Encrypt>
</xml>


2015-11-25 01:31:00 debug :
------------
String:
account-ticket<xml>
    <AppId><![CDATA[wxe5b18b9bd7e3626b]]></AppId>
    <Encrypt><![CDATA[5jEiFZIswAOvENPZT7a9iDC2oJk4EkAhFV7iEvK+x5fShmzw8loNhABIapCwIuQzbxbL01VjRV00m1BhxFqcznR1RtnKq4CPAoVNC+JRPnxCWdr/1BEQ/4vbagRdFjCAcSAeNDc7UbwcTVJpe8mWrLL8NVtNFdeQ9Gq0xP4nTgb35aFrxo2YpE5feBJn/QMzqIDTidKpv25Wj1NJVSU0NGxfyOBRuX/sFXtqYCFbDpZ+gDOrKHTn/jg2D++npqX0CoH12rhsWRfL7BSkxHK0C14CsLnHAsIfZq2hqpJO76bZYNM0VLbMuPjKEjSHWTRVHWd6I3KGdhEaiYFEl31cFSxB4a9G+bS9JUuAF0t9r/Et4sJgG7VZmAI6fbOX+81msGvGjOZ9d8rmhA1N5GoKYSBozQNckayQKmM8rEZigvbqO1cljenYPS5MZseB3POri1JOxuK6tnyzr3h0uzr4LA==]]></Encrypt>
</xml>


2015-11-25 01:40:59 debug :
------------
String:
account-ticket<xml>
    <AppId><![CDATA[wxe5b18b9bd7e3626b]]></AppId>
    <Encrypt><![CDATA[1PScYhfQnBAfQ/DN0pLedWqeK8aW6rHxG0eO3/zfOy/bSVpRF9okQobPQfVZFM+yOGkEfBbYb9P9IlJjTNrFLLrdwc/HCNhXCbd/DeNIkhmnYmC2bhMSpVoY2I4ixhjia8k0EPVZCjD7EqEjju2p7Fs5Yg5ejKKnqbAIe9K0eLjLjVOGAIdrbg/Z6LB0zLweJUcnXUCiHi67oN2J70zjBvco87eSZkl6R5nkx3EgNwPUuvjpZiTOd3Y2StmuT+BukZQkdkYmvNDLFwTkL47zCCf2j9NL0WvZmDl16/UZXe6x5Ztb+7cImOrZE2dNnFSkRcemUjs+A4yO41Z9HuqyJuX7+ttxTo4GgrKgpl5CSgSwayfQlWAk2GvEXbeLso8Uh+PDT9eW6BYhvMVeTwDBLlPF9uwWs9WlsOAPMyCZ4eFt4aeQm1qOSlDgwKiCGqwGWQwP3BRufpqeR24uKyqOSA==]]></Encrypt>
</xml>


2015-11-25 01:50:59 debug :
------------
String:
account-ticket<xml>
    <AppId><![CDATA[wxe5b18b9bd7e3626b]]></AppId>
    <Encrypt><![CDATA[rHr3XRhsyJTN6FSxudbBAe56+I7Ni45OedUUpQMQdcl+UO9FWphNBCxtF2osC95b/1dzyReFp5J9aeBkjB9Gsgriyyidosy3yv+uHkDefdh21ghciAEKi7Fs4WB+EF+BUyJLb5TvNAoHoVNN/HG7o/gYdHnLdmbkar9oRVq5hsFu+iBBjTv80+JrBfIupHtY06Dif6TjuCKBMUEiaCzQjdiJe5tRP9M3XdZ5Zm+lwt6TFu+j5d5covBN0BVLJx8fcEu1jCPcLA1SUufMA6GllLa37PIyz3MqfOR1/j3+b31THdA1worf+nS325qV7GTTyg0gGuz8aDwGPIrIR9hTG6qQLPwdXMWl/07XA1gUcZX+K3XNalwUYjqinQmA6ytbVjHs+M57ToLMvdWICukRlVFLPbZELU3he59MzdwpEfCkmm70fwkwyzm7US+hrrF6MwY6OYDnlxVzWKLYA2LJ+Q==]]></Encrypt>
</xml>


2015-11-25 02:00:59 debug :
------------
String:
account-ticket<xml>
    <AppId><![CDATA[wxe5b18b9bd7e3626b]]></AppId>
    <Encrypt><![CDATA[OzNvYEBifOy9+F75xu5Isep6uSZl20DOS88DxDnGQ1oKGIIqrRem2T0oJrWjhJU+osmr+bN9IeDNe3hDOBhtUN2xHJ/W5GXfrpdRW6NB4Tb9lTls6tN3deNhVeYAtTmP0yT995cmsfJAw1ASqN56tamC9U368nEJLWSTLewTQAbwCV8VEzXHDWdpXvDKb4vPpDB7FRkWyzRMzivlJoQQuHx1lhEuXRfLx4WxHsLkUyLrjduN+1nzfINLEM1+OqtcqMsOQbZhV1uUPKejqQGF0sRy9NJ/rV1cYBPHGppBVcDl5YBdZa+WTSokkOwDOT4sNLrmBOAFX0NnjRWgWNuzyQhrJpalhwAI5eY1oXdvrQBtiUNg4tWyoabwTv7hFEK3JP5RYxHdyU14GRDXgsIzOpFQ7ILgN0cO4p1+Ylhu2ucNHITcxh6FHxSTWdb4pCfT7pNLPQ8DbuoLTVUsS5BDew==]]></Encrypt>
</xml>


2015-11-25 02:11:00 debug :
------------
String:
account-ticket<xml>
    <AppId><![CDATA[wxe5b18b9bd7e3626b]]></AppId>
    <Encrypt><![CDATA[OgyQXX1btMX+rQQM8XCe70UygT6ldNauyhf9RMTLCYdI/MhVafb+6vo7oIQnS73mLaQBz0VkXmf67fn3zyvLQKWM88cGD/8K5KDjbDzk5+Wv9fTQdyLR66CFMqxAcmbSMbSxK1UtYDiSn0GW3LMV3pYBUTZtoYtge0GxKuWzEW1r3XlUxxFi62duSWeJfq+Ngxln5sF2mw7FJ67vDEbzlGOzQOrRSJG+UoerE+QcUhnUB2IdlNindUscdaQuo+1PMZnEuCNRGukKv7iafGc1XV534KuAQyYXyQKB05JSRuMiaLNKJ7VVaomd239OnTGouHEGgNQGYkYI4sNyIwsaXPCIIAeuGgnBnmerh6S++8gB7rCDP/7DGNZE6y4yWoDl64UorCisHHaUxBYOR1k+ZOhsD4h/v7Kd/ba1dxhGLx95C5bHghsL6l8FVjJ7mE2KwNYD0Az+4g/lzuIjc4l6SA==]]></Encrypt>
</xml>


2015-11-25 02:21:00 debug :
------------
String:
account-ticket<xml>
    <AppId><![CDATA[wxe5b18b9bd7e3626b]]></AppId>
    <Encrypt><![CDATA[YjlPkmkfplCtHLYtkceqB6tMwGgvoA6K1Mf+RnCFj1hd9TnT5mdeNGl8Eegya/szn0UGAlJNMLsHVwm8s6eoPY8F5Z6Uy+jc9l+I1XFnYFyAtZfPMf3mFVWXOe7ZVM4naPvtk5YqnHvqR0RktYOAr+B60ZzK3kI34gKux77WSXZOfTcFsWUCQVS30cm/PmVBJCqMX9ZfFRbYdyW+J6h5gm0zbS65Ad8GJELWfyIxZTON4oT+ZvW+/yMblc3tWbJZbOaB/ilYRNZqG74PgcossWLJ6J1ap4pRRzY5ohVjVwMWtJe/mOGHYwYDIZSQ4KcE+wyipat/9j2mpLoXxkzVKaYD+a802AoMA+qnfhH2hCKSrj0pGetKJNSFb94KsEYMLWMc2RfHIUs61H/7fOpeKddoVDKpnc1TAt7Qb1MyKytJba5wKAuqzv1a8IQWdFsPewXnaTiWiPwey2UOXldbfw==]]></Encrypt>
</xml>


2015-11-25 02:31:00 debug :
------------
String:
account-ticket<xml>
    <AppId><![CDATA[wxe5b18b9bd7e3626b]]></AppId>
    <Encrypt><![CDATA[5DIuzeYian56rwGP5ADrpQ1nJHNVgCJtdfC054+qCPgz2Rk1wkKU+mAUrP3MN1RenH8fnw67tOX+SHgOSJDHiWknzWeG/nJxjAFRwQWoCB0cy/QFC0WipVW1jCFfmfyBPC3WHJIbuA5Ntv6BGW0lQuTpK6NrkXONsnrvUajV2R3XH4cWl4EdwYyt7UNcogo63pGrhx9khQ85F78UFYE98e1LWEfJJzgWycUacsHWTQnkL2HZoUVzRYurAR85MgZ1Y83aO41iernSuJYhGUabF65gVAf8fwTZP+JZEzLxfkHxxl9NRTQ1kthACbXPuNS2WNyxdvGMUejZuelYEC/PhAEQRODy4TdTY5slULbAYJbzf/bUm1c8iu0bnjANbara/8zo83AUvcGpMZPrrqTsx+A9IFsCm0bl7LcvI6izotP9c8JAQIB8fx+s1cbf6otmFMo1bo76EClRwD1ZaN8EQQ==]]></Encrypt>
</xml>


2015-11-25 02:40:59 debug :
------------
String:
account-ticket<xml>
    <AppId><![CDATA[wxe5b18b9bd7e3626b]]></AppId>
    <Encrypt><![CDATA[nnbjZ+JmGOtRAkvLpjgDQOzmwTgTDKqYh+H7lZDL6OFIQYY3f2ajnPvZCwNrrKzdhaCWqF5ZmT95vMe+qMGOsckfZPe6hNc2XzSoP1feFJYobn5Ebla9nLvbjF0ub0pmc09zGh/KKYSE7um5EgiZ5LbS6a/5XitUc8w4JZpGqHmofuYKGXMUvI0SdxniZlHRH2b7ruQ3O3EebQ1850nruBpyDOB2J/bob2vsVcuFyZmv5GXj2CAIhd3Sgj4lPgL/iEDRQqvV+LyHH8u/yJlPFDvSNdmKUUNHM5Qak36wSMnjc2SPGsoQcfDKWXCtUhLzDuahrT8X2PNjhDrUhQx0W2+UID+ejrSSTPNKLGF+hI6+2HBsRw9pLpmTzKXWG9j3KeYUu7bhAlhBrWTy0+JszwKN729RQ5sCAtlAWQeOdMP4MA5hUEPSw6CGTIVjZEeKAlrLl9Pu0ag1bzt894U0CA==]]></Encrypt>
</xml>


2015-11-25 02:51:00 debug :
------------
String:
account-ticket<xml>
    <AppId><![CDATA[wxe5b18b9bd7e3626b]]></AppId>
    <Encrypt><![CDATA[EbuaudZqQS7iE5gmseyhZvEOl7pEe7B3Bcm9OymLTTi/vDMtLGYMFDiWPtqDlN8MC7ooqGRwnhbyFQNNUiI8ItSxy3GyKgfnCPFMJqZK9+LtKzr7njdgH/iWkoVu52psnLd0ew0kCG0NSL2r8AZwjGDx3cZ+snlWLVG0Qt62lvIe4UNI9ewjuBI0aEBHPEseiIIb3H1S4EsbZWCz8QZqz9JBVvfrANYP+aB4QdPeMD+DDO8n0TgQ3BJvOANsMYDbd5P2QuhnTw2qL4d4OJID9HLmKrj8GC8Q17gvxrz2KG7IKhJ7FFhi1zX+sNFNFApOhbEBx68pfn5ZwSMqBk+3mJW8z325nG2ulbm59BcV6TFmm35skN2I7pb67Rn2QO/MoBkqsgPOkptyd82lwbm/1tsk3anmbIVW9vuGnMq5jI/f7560i8qFkgmNlhVXTh89tPmRfgnHFt4eVFbEPnywRA==]]></Encrypt>
</xml>


2015-11-25 03:00:59 debug :
------------
String:
account-ticket<xml>
    <AppId><![CDATA[wxe5b18b9bd7e3626b]]></AppId>
    <Encrypt><![CDATA[w7bhK+jgFwRefivDmfmaNNKZMDlQ3bKkFJElxVF8ShWSg/0xceVAbZvsYceb2wIjwvaHLkhPCZ2wUsQeDckF0jqSi/1aeQP9pDnkS2qYkfmoxArsNN5L+Rq70RSKOukAQiujZcu1nF/yu+s70A9FC339ZPKTF4krZJu0deNjC6UsSK+Lxyo9lFRlJSWTIM24oKuydHQrMIl+PDrm3wUyuuw+Oqm/087NDOvXE7pxIu2lUn6mjfhqFHCrzF2B8bHFQVIEDFeVO96foI6cW16i0Uu5uZW92NM/J25iE/Bw9PESRxmXG1YQ8gLHzhseyjuJOE2rwoM7fYPWioRE1OZ9MHVWCtSGLc574Ev+VFf3UsD/I0RkCbOW2CCeNsgmRMmaUWTRoty2QqSur0nr2VPZY7P3pl4kuA5jBC9vYRt1vFOE4qVa010hQr/Rk6eCbc6dbFdEsuhhYVrmaGBBuBH3jQ==]]></Encrypt>
</xml>


2015-11-25 03:10:59 debug :
------------
String:
account-ticket<xml>
    <AppId><![CDATA[wxe5b18b9bd7e3626b]]></AppId>
    <Encrypt><![CDATA[tGtmff13urKbGEnsC/d/+aWKMLp561IoeH+bm1qqiqbwGWl/EwsLAnqsfvXI3wxpRx8ETo9SEmK6DJcm3bsPnInBel7stibomMX3TEj4AkcYPwz0htRUl1cvZ0jVeocYJg9ycF8MEUeUjKSAs+8LBvJZafUsZsAR38IsZ/wGnLO7+DH1LS+k9rrI2IqAzowuHWY4KEpSCnnx2i36DKJkYGOARZ9HYidfsj1HAZoHC0sUA86LTysgb75bjYAkT/oIjAcWAmkuWpzNDiTg7rVbH6rhuW82B1PU0GXmtNAZz+4A18cHCRCq3iyUOYHauwT+U8ZEMhrE9Y1l+EU1HHCJCBtzuBmjXcJssRlZVIy5qpQERxa8q/qX1EXjAtmxJCA+JJYj9A9ol9LujgkNnK2Ua6IJFhrx7D/NIzDWdn8L0ReQtep2oQIFK0VXP0qol+2YJB7HiFUtNNxeH8E1iLinrw==]]></Encrypt>
</xml>


2015-11-25 03:20:59 debug :
------------
String:
account-ticket<xml>
    <AppId><![CDATA[wxe5b18b9bd7e3626b]]></AppId>
    <Encrypt><![CDATA[1e/fyLCzgk1kBZl7N0K459LiWi+pMftKh/RbMdWYpw+FkiHeacbSnEnz2X/TRXm+EVgkT7kM2L4/UnjKec/aWU2IL0BjUjOqsZsvRSoZKCRSU/s7GdhEJeUf2/mcOnf+6sRqMe43wSR9a1k3mhJScfgRpzk4BbK64haI7JKpgsIlj/nDVkuylpAVCIPlUbfHgSBjZJBKSs9Bw53TTLEUlrvWfBK11amVSJ9PZY5SsVzfF+xwI0SXlUu30b5lVf8GWRJzLcYuJRYORl8+nZKGvHMyOy6RG0VWGzn8pLnvecWSVHARMxtrI9cq1IxSITNhA9hhzaSPP6UyN1Exnax/nOfVVBtOxEOshT1r+NRJfA1DKD2IxXGDOp3rrcSLgB4vmFfJsjHiLYaUZ32QIetTqcNVK1PldNtidTUIPDfaXqhILBSfIrKvyVBd0H1whk+uFkGbYJPBE1HtpVFuLUQH5Q==]]></Encrypt>
</xml>


2015-11-25 03:30:58 debug :
------------
String:
account-ticket<xml>
    <AppId><![CDATA[wxe5b18b9bd7e3626b]]></AppId>
    <Encrypt><![CDATA[syFy52bOAaS1gh7/yU+vmXnOTDENMmg4PhVMx/zPrQfLrAqkVUm32vHDbjOHqDZy17TgAMSLqV65vYqs8jGiU7fWyznbBjQpgt8fMMddlh3BF1uSzaV6bW2qbCboVNV87kwshjCY3KiAlDiBrHdF1VGqdSvEthdkj0o6wgzKoxUztEKQOAkJY8mz4zOBmFDfhW0XeXaWfJU51xk5EnUtWlfZdqYxJzNBPQxn/L7RhRVRQZIB3o0XqvwFdb1avlrh2lF9U8frlvxdMIOMuSJghIH+9rUy5iaE6psmfl0bdSVR/K9mPhNh7YnF1iCSEhjCN6E1JSCAo7VxhcpTNZ4olUk8vi+XmYKd9DHV6bJCP2DBvD48huhdB2X4EM8Gv4hWavoiUQMFD2L3dYwaPJuwzOqsJVWERwV0s1aetngA791W/W/oLCc493KA1iAF1HdsrfFkp2h4wDe3JFVZaizZag==]]></Encrypt>
</xml>


2015-11-25 03:40:57 debug :
------------
String:
account-ticket<xml>
    <AppId><![CDATA[wxe5b18b9bd7e3626b]]></AppId>
    <Encrypt><![CDATA[MddMsHZt6yVGVBmvaT0pfKMvLKnAcMjeGS/FE66AiSjc7lfcP2TlO5UboM5YGaZh7gXSxaOguCS3RsXrQ0v450BaXS43ZnVaM2C/WdZKXVd9eFR/1DVhY3VUIiIoM2zcYkzZ0UPGNkC77d+QrWrxtUe5iDDarPZ/41SdE/gAoyxFRJ0S9KudJ60X2bc42Hh10WvDgHHZOhg159Nk62wyY/y/8GBOSU16C64FlZ3jvB6XgGIl8wOFXyN2LIzOvnWZZ7GgkW9ihGdKm0Cp6OvpkAnrPgz22Mkww5mhSBa41TOSFVXCQCxa8hZx82kULeXFaY3+t1BPGhvurj/LoZlTfBrw/M3SZOUgD9awkNRmS3fN92YAcs9JC0hezVtM5GGCpDy6oMeqTnXU+Mf3Pw47Xgm8FZvbLo8VeMFHnS/0v8QjOkVml+RKIc/Grzw0J0jsAK5yxLnMESg/y8ozUPuFzA==]]></Encrypt>
</xml>


2015-11-25 03:50:58 debug :
------------
String:
account-ticket<xml>
    <AppId><![CDATA[wxe5b18b9bd7e3626b]]></AppId>
    <Encrypt><![CDATA[Hm7i8LK/weUFVlI+Hmd2yzufWaJAqHFtPgKzI3phGn6n5owANVghjXa4rGQgPT1R1b0wVFeYjfiQ9iAysf4q9XcfrCpe01eGs56NAmRNFnYpjhGTKiNY83uro87GCjmjw1VsGIwEbvcWLM1Qc1bvvVpGbtIB7JBPzZccSoWUlxshhIUKLAXlbUfZW1QSU/3zevRpVPfpFA1EkQCWc+znIOK7ik8SDwTfTbDVzqzUOQWWZwOdx3DReSSrOxGP/cB7/lM2hwDvdHw3gETuqZCPtZ9F5QOPqcrBXK0bDwvRYSvv8vL5auuNLBrhM15tbF5PI+Q+X35CnigdmMNRABQmOiPLOgBNhslcWLqmwQYzDucCNHr+4UJgCzxaKmjMNw4TlAi0pIDWk1+xEU/dQJicAX2I0U+cZBIQhCivm/zvZ9rc2uDlaXY7JlEGIU7ep237vsUHmiN9dbeI9wk9qmwhIw==]]></Encrypt>
</xml>


2015-11-25 04:00:54 debug :
------------
String:
account-ticket<xml>
    <AppId><![CDATA[wxe5b18b9bd7e3626b]]></AppId>
    <Encrypt><![CDATA[gHi+KcmNZVYGAgGDMnFgC/3MbEwwS86YGQ4ulDEGGGMZfVgEtJohGo+I8xMLSvyw7HMUW0sW6jw4Ol+IeHatOzo82ctSVNnfaqndfRZ9Z3obXlAhI+VQhrPvgE07THVEPPPtImhHiEs9mWuSZBRSxAzM3okQN1mOdMrhIce2gnQuQTUFqhxTWFeDd+MSGrcpOQcI24djMdqeE90Oc27Fvdn07gPrKOapQW0KuY8vFz7d9e63O0n37OwI/wGZHMc5dnF3f1PkBAyajjq3iqohhOap2YLCZ6wIjWr5gAoCufTIPAkVkGcTEIOwVGMtvNoK+5wxFgZndCHu+VZQCigp5oPvmxC19mPaLB6iJqoQTV/0fEVunmnviHRltS8zyrdMtr0DrebGwsuBfgGzXOwsJwT5YbfR3sHU0iXw9JVGjaEWJUfDPJ6IaUqsgx7pydHJ1vmuuQthjj1BwxzQRwpKDQ==]]></Encrypt>
</xml>


2015-11-25 04:10:56 debug :
------------
String:
account-ticket<xml>
    <AppId><![CDATA[wxe5b18b9bd7e3626b]]></AppId>
    <Encrypt><![CDATA[F38LAjitaJaeXyHeXdSZxxKptUBBg/yTdKY1tFNJFSAwJnjVogplRP6D2uFtdHjH5JfMyOJKy7Lm7gurDEl1H2HiauQcjggwwDN7fpyRZpegBNxCJ+8wIpx+5eb9QS3+Shh9nik/e+Y+gh1fCK4O18Xv03rF0gme1JYSU/L57Im6HJrAKkywn1pIH54HacVXIOwY7h+zWj0QJ/CvchK9fkSV9sEt1uQA4bAzmyD8g33y9hOv0h2YKF5FkfAnuvHbxWvApnIqYiqrT+nYgkHwmhTdtQkPQcl/uNNeWkPL514MV4GpswuP8mcN7tZkYZA/4S5vX3FZ/4Saf17rJTdc+BFFKe2ptRV1zGWNdoj1IC994UIJsUB+9Mc9YFQxEbapt8HWpeJ4QTp0JS4UboYykPDyV2bLokYn7p2soTrPYyjr3CosVoDaRbysWkFifumRrxH5QVnvjAQcdJuCO0MNHw==]]></Encrypt>
</xml>


2015-11-25 04:20:55 debug :
------------
String:
account-ticket<xml>
    <AppId><![CDATA[wxe5b18b9bd7e3626b]]></AppId>
    <Encrypt><![CDATA[Batjqh52MZsdyvbN7OqdMYPcX8GQpFBWb6ZpvAtTruAuGp9AEPoSWZo7n60ii/Xu70H+//DAOLfRLv/bm2spyOE+Tcw4QJEKN85h0EYkpsVBSFXPqB2k6UaXFK9edUVVZ9DnNyGfswEX1Cz6bwPjgSHf/LfXyDEqNTH89EZuDesZFLIF8ZsF+Nuw6tPMk1hyzRhhxf8FPjixokmAksUY2D1YdPRs85uggu1sMd6dfF31xbNtNHq8kT6epR89RjIyvIWFhfMLOqAOmSSaKKGizj5miJIOMZBv+oLRtKimqnnaxOrc/ufPBr517r5XM56joIhFvKr//b+D/TURFvrMCLLWY1GciRrMbBfho87/NPs7c8svtv1kjUd60G0bey95Vmjcf1RlHw7hNCE7s/8HNjyvMxlmOBiQmEJHsMUDFh8e4njpfPFT3RCw88FQxLoQDU5n/X3xkDrSFBthtyq3ZA==]]></Encrypt>
</xml>


2015-11-25 04:30:55 debug :
------------
String:
account-ticket<xml>
    <AppId><![CDATA[wxe5b18b9bd7e3626b]]></AppId>
    <Encrypt><![CDATA[mYGCxCYyJB1hO1NMaieAjULCzqyg+4Xk1FX0T2UOYtxdFpsGWSnrJYB7Fs1ktR5VFMLcFaWnHzH4PtlnGZqxNY5y12Wr4asRPu+sqF3zfGrclyZV6Oq97XGCBRwLNs4RT/PiAytoLVxZu//oBxTjMibs3awuSG62Q8942GNejkcKHJyBZ1QgIszrvSpUp+0xmnCFOGfBgOUmbSawW4Vp33Iv344G49xgvP0I2RyM0oBbjOXvFBACKks9jmhVTvhujLbpTyyUmDIoapVjf7sn+74f/4IHjpNvfljZG5ycHNsAj1h3qJxjYQwwGElnBxXxunOUSbH8kyt8fAVvFfZfL6VzYD3mm8+xZdF8ZJVYe9G96ddPNJm1GqwQrBuMRbUcTuoxxeNjY6IFZABq0Egb/ozYb2IKG6WNykDF0vWydHgVFg8ZtfKPpEX+kU+YBpLL32yabRQY98idaOkj+g2OZA==]]></Encrypt>
</xml>


2015-11-25 04:40:55 debug :
------------
String:
account-ticket<xml>
    <AppId><![CDATA[wxe5b18b9bd7e3626b]]></AppId>
    <Encrypt><![CDATA[kfCJ7Wsxk1UCODer1jUYZUV17tpnCfnGS95otTDTp+TT2UHKJ9GBtvDZIiD0mrpxZNmCXhDSILVJVCpJ0JDihDvgbXN6G0l4ZWIpNlFnSdygz4Rvcr1S8EhQHgGrGjlOqQohwRn9dAmI9hIyPDbjObJbDeHBMhGvkcV1vkpOF+LEJv5mualbUeg4n9LQik0SJuPYDrZpxdbAZqYPdNwInbIyo/JJa2gXx5a+P1EDCtSS2ecINXn0cmh9NhC62rmUvFO7blgxO45uKKbx3ANu02tZ8lCqp2RGG+7r4TXl/lxHuq9Emr6FvnCnBikCUWZre0T6oVUhh8FsG2KT47Jswh5kf8/11x+k8rnbrXPSWxNVKOip86g4rrPhmQBCGgnNzg/AIbd1omKX8rb5KekJOBqFbv/LVjZTBf0gyX0pIfxx+/NRu9NtFAGM45jmSyYqXuOSp9+AMZ2GYur390Wn7w==]]></Encrypt>
</xml>


2015-11-25 04:50:54 debug :
------------
String:
account-ticket<xml>
    <AppId><![CDATA[wxe5b18b9bd7e3626b]]></AppId>
    <Encrypt><![CDATA[kYYkHDe1PenhDxbAwL7m8qfZUJ5+fSpH1C4tuzx2PrbxKp+mvIYh7UEFoE1KvLlNyIiFVrxFTXuYkGmA3ROYP8p/OQbmc41lBqzizMXwBO20D+7DhNq8kaDFaY1MC0VBteUyePknKZ8pAujGKEetaLr00XGV1siA1ysCyFuf4fwFHsY+/3ix+ygyas9XZbh+k7+/+vNBOTaH5rPgTio28xRtEZX1M+8j0xLFa65YzdMIzWy7CTcMue3NMNByeRNFq2obPU6riuMJCkxfoO5GIG1g0j867vIDUejyHcusmvi+eXa5tmQlyngR6HnFCV9svB/cfTtWv9CrPvXS2RDaiISf0gZSCKeqD6uXjLkkSgWZPs+3B9by73Po/e9Y31J4ooQJrEEHVwEtffJujyDr7Wvsp7K3PXTvn+TJSbChE42oORlKYdyIKB2iYfF9ilUlna9qL6RR2D1uqwJskIU1RQ==]]></Encrypt>
</xml>


2015-11-25 05:00:56 debug :
------------
String:
account-ticket<xml>
    <AppId><![CDATA[wxe5b18b9bd7e3626b]]></AppId>
    <Encrypt><![CDATA[mL6tmp4n9SnbTU5TWn9yQ/IAY5wLNHNiTAjUJsFXI6AKqC8fVGp49KyjZKo88I5DkEooP4D0obJ9nbH+JCgzKOCcW7OCySrYerpKmOpBmyMJa+874wf6q31uu7+HF+Jld/RiXOZw0Taa0y/5YSx/Legh4dcbnqQCrvjhhKuZMeMSqq96AiWfR/LqJUyrasXCIP6m+DZjJKmXHW/sFYUH5HIQpVBOgff5uQbULI+gGrV4DMjGcEOCydzy6Cwuru7zKBvnQgGkIoUdvxf6aLq584FqFZkiEkqbuSFI7tUmTe1riuCdpFGYQemHHqp3s9cKBzw8PWhg01zwoL0TJtuTW++dwGrA6zk+Rx7aruzcd3gFKo0zAffNGHP2TF5s6Vc9Q1aeRjDSmqnJC8s0/bR8ohc2feQzY+nmqBQlssOMcUOL7eBJgTFxM+wLB0Uj4ESHN1f8Mf4zPLbPNYEyVfDYrw==]]></Encrypt>
</xml>


2015-11-25 05:10:55 debug :
------------
String:
account-ticket<xml>
    <AppId><![CDATA[wxe5b18b9bd7e3626b]]></AppId>
    <Encrypt><![CDATA[/aAbc/Sf2m0sagBQU2QuISzRRv0CUbHRlsBR1nCkISfvKg47Gaa7vUsUoQwXBLxL8QF1U4Cup6Y4MZyQkvM7Q4CJ5JI1m5ifY67wcG26CNsVcHgqtXOLXizWymYGDeM3eM/75T2NiWMnhr3pGvQrUsA7tB7IobU6cTwAoyP73y6fOq7ahps2zGmFOsJ31ezFO7ydq0VIpkRJbHsRbbwxMt8Si59rzC53hKnRCBs+HIbUtsherIeyh+8zaBFkefTod0Qh0e+3JxmJpJhJAsHFGKcT6To0zbA2L9YISRH0JzYZeSmKDn+6TDsnuDhrGVsbrWUvZlWPlh+FgfUnlh/p4pNXUjN+LJrc4dtDLZDPivK0zcKGIq5X3lRPObolTvWVRJSa8YhxVn7INaZTX9KfY37aYc7eHMjdCL82U3mq0JMxTNL+DPVctp3U8bfKA4af/zDogGvuwGluubaPXIaaYA==]]></Encrypt>
</xml>


2015-11-25 05:20:55 debug :
------------
String:
account-ticket<xml>
    <AppId><![CDATA[wxe5b18b9bd7e3626b]]></AppId>
    <Encrypt><![CDATA[9wzWv7gG2VW9V9uAmPnEnLHfxR1ipxcWLzYtP/BJUVHbhzPJjEqBbn3T3e1BlK27GPJXm5Q3Rd3fh6+MmaY7uRCid7LKk34ABs3bGUL3iH9Coan65mamB+EN5n3eLW7X/e3U8ByRVLkBTnji7IXOLo2erUwBbLNfoqpUuPsBqLkOlpD0NU27Q56L08UEWrP4GoxSo9AHXZNDMYQuIpBazBM/2byz/Hgg+QDc1Lxfp9U0paAMPXIJQJ5x2aWXEw3zK74X3hgbSZapPQI9LG43/EVje+kOXCSPRMeGcEX6b2fcJClieGqsKWn99pckWw9PxnPaB+Qk74JHou3mnMF6s7fINbMDt39x4r5vl9F0xu8Vs8PjvhKGaybcKRbNsp7sAPFpuQspKy4kbad2rTIeMwt0zjQhHmx7FFh4FrK4O0OnGqGDkGwGBI5Com4ZPKIOgXrpY9RgwTUxdOdkXjQbzg==]]></Encrypt>
</xml>


2015-11-25 05:30:55 debug :
------------
String:
account-ticket<xml>
    <AppId><![CDATA[wxe5b18b9bd7e3626b]]></AppId>
    <Encrypt><![CDATA[g/ww2iD0m7gYLgx2qLTTK75gTMC4XqlH3lqSgfYwuhwl5HBeUUs6kX1R17EuU82B1/5d8DRkn3MfI7ESxWgsfAIBbsmAGUPgkPCcElRrJdweHfTJrIzt9mH+cZx1K0HPhdNOA6BPNMvpJJSEH2cTPrERsMGQ7NP9lI61r79t3WKxNbAdfL8I76yS8I1SNVIDru99qJnjbdXEPiIo6uwihxslVrwrsevikv+fHB6uVBBQsaRGAAeTm0J85wJVhH2+ssWiNfFSlGMvDhKtLgNF+iMnmcTcNA/PKk6yl2G+ReFaAHEYcdEEnN0XuOpMdMET8BQtnSYemDps/M+s8Y3iv11Q5Kq720/bzr4la0jrWjsOjnXDyc/a5d/EZz/A+QHleXArGdx0EH5B0p627kQzGjFfptSM0ZeAQm6pv2tcdNb2GnLaZlGayWM5GoGUVplaFEHvU1/I19wjk4CTqJ74cA==]]></Encrypt>
</xml>


2015-11-25 05:40:55 debug :
------------
String:
account-ticket<xml>
    <AppId><![CDATA[wxe5b18b9bd7e3626b]]></AppId>
    <Encrypt><![CDATA[MsMymp+a1myD2Bw0t/tLQGz2uDMlxNc70rY1pazNqG6QLqwkyDzS7L9ypJjipc5H+l5s+oeCE8+kBrMk8OPgtdXr+tliFIOZijx9b5c2cg/pyhcOu5VoXTA+SsfU7RRyR496McyIhYDYl351e2aE0JT6ZK+yflZLfxtz9lhx/gSU2I86SJ0Ngtv8YBpfTVuf+hvt5Ox8iu3vQF7SPOf1RKve/vz0wrNyY2i9zSTHst/NLyIPOIK+cIhh8vSGSwP68OVMK9+WlWtWpI3FmLYxvaUf7uxUDA32yJRelgHg7mCp7K/d2jCNaH+m7ATd7K6NuUcRntW7xgVYkE3odKHmAis/+UoNL4PgloeURAWi0/dI1K5rpeW4lG9PSCnCv7WnuMw1U/HmCeya/ytS358WFhXzTpy+yCARzgxXycJygO/2krc5zRhfwaskNlpKMkI1WFobXOe8j7fH5Wb8wlQJ9Q==]]></Encrypt>
</xml>


2015-11-25 05:50:55 debug :
------------
String:
account-ticket<xml>
    <AppId><![CDATA[wxe5b18b9bd7e3626b]]></AppId>
    <Encrypt><![CDATA[177wwQmz1LLdtJVtIE4bc7ZAIT4hqDXKB155pFHd6Y87W0HeljjQMI+7+K8WhTOsBPZG0jvpA5BOsMTskwl4gMBLZWkc0EUCYfxsEHgDipT6ydG7yJElS+P6nTei7QWvv15HGrtnA3U37G/RALJARvLzNtcDVWa07myk093qp9jBA9bG4tQIru70Sc9J1Pp1ltOhad7DgLtTog4PanaptMgXu8d0/ml+l6nvKo6lCrZSpsg6tHUW9YY9T2VPdcqWxMeslXus8mbqtNISLeVGaPLtuDdDrihexf5XXJrb1Ot15rR/bZM1kpk/ps4cBqZp7EcBhBNrX/aomq4sOKpT8ZhRY4Lmn8exI+a97Yp89wQbQj+u3sOnMtG5sr+altJHxJEVcZMEToSIWItLh9R0IlwXaLHzLnfmGo5lurYH48SIGy8DuDL7XJMUP82bJvp9DA4hfc1usorOyYQh0/vODQ==]]></Encrypt>
</xml>


2015-11-25 06:00:55 debug :
------------
String:
account-ticket<xml>
    <AppId><![CDATA[wxe5b18b9bd7e3626b]]></AppId>
    <Encrypt><![CDATA[kpfozp1p7+/E0c2u7wQx1FkJqsTm43/vJ6+bWLQmi/r8mWv8SZdFGbEMnpHTujIvRUuqtFpTzQAHC4o12tSAMXP2oYrMkCtm+cd/KX71M4Bo2wp3HmoJJR618xXllhummhr0tyV+AmMj2FFc/YJhoX8in6CCK362rEXd3zTVnInhGMMUofpwtupHqhhw/UhcgNqcghPwBLn/m6Oxx1c427wkqTyO4Z/e8sMMlsSvzV+sQ1mQuVvF+BK8gxGq8Wl3Dc2BAMLfX56Gf3i8B+gbQK/o55pDV2hmGzpWfVsLAY5IxOkN4UVscPdsOTGilqM/MAlTcu2VMWQRUONaCBkcQBQ7pv+Qjy3URf3wjceztIqMRI8tCVcyV0xf7LQA0lq8NFNKvC96srrQtDVuE6GMaXhvpPuaPR+3FmDrxcV8odPyKXbdZdO0qy3Nf9WsKff6gBdxSlaUwsZnYDoz2PeoMA==]]></Encrypt>
</xml>


2015-11-25 06:10:54 debug :
------------
String:
account-ticket<xml>
    <AppId><![CDATA[wxe5b18b9bd7e3626b]]></AppId>
    <Encrypt><![CDATA[cp4xi2Llhrl1ewKQYC/e/Rmb64CnCeYbQt7Gry3K1dS7y/XJEKMFmGOa66/bV3UEOZ8sy/VsipkZOMbEecNTWIPbp5hzWUcFcDPu+2AKWAmd7rE1ukET4R9Re7egWll7TXvKR8q3h/8EGSjO5mjPpObfaZGwmw8Csto355VBwuf7/ZpnqoiMdVARqWrXzgPvmSUUmwHgp9Thjn+b+LSeJZNCcLtq7B1y/+4IEiVNbRrKbil4Ipef+o4M3Z1xxssFFMronEige7BKrbxICTwtvm0Xyg1EBitemdwXYNwuPxYrx34IqESIfm/nYa3cz5HFlGjSYL7qLzqkvQj4B2u0UhiCGBcPtWKAly2UgSPKSEWtvPI67IjTSZAXZYgOJ8yUxTD6dLACeADt+4q4OgsBFIjRuGIYAcBHlOaXMM/yLrfkpUbDsWfPSUaeVsbgyfZ1h24ujRlSOwqPgjTwQwJCnA==]]></Encrypt>
</xml>


2015-11-25 06:20:54 debug :
------------
String:
account-ticket<xml>
    <AppId><![CDATA[wxe5b18b9bd7e3626b]]></AppId>
    <Encrypt><![CDATA[6WXofIB750Di939fvaJysIG+3d2Awtj9nC0coos4UAeY0tKz3wQcuyKDeezZKQN/QBLHtZe3BmMQbKitPAmR6E418bf9frAZPe52g4g6T6+J9apy6K6ACtb/XY5O9LORxJuGl1Cq51XIulUk+8BMR6PxqctA7lAlmecy8vQq5pp/R9K8TwXSUk2/0gDQ52L26Fb/di46tSe50WdXg6o4Y3qAztWFgHJLsIVqvBQhO9ZBYdS2O18vmW5tqXhIbsk2GIRsN6VzSNlJE+2gwxaWlHo1dLr6rmHYbhUmYlEG+yQ1PrfsIA1Hb2FPiBpDyoQxlG7xrdrF0/w0/AE2Haq3pXhMHIxz0VIUKz9JAYo6pt/HBb5JQ93cHwh08qUV+ZHHiJS7PizXuDQlNBpEcONiGGQzhuhFpEzZkssEon4Rr37RIN5GHwxuGh2NNQiTn7pMdw6xx/EYTvhxPeX1JUpHkQ==]]></Encrypt>
</xml>


2015-11-25 06:30:55 debug :
------------
String:
account-ticket<xml>
    <AppId><![CDATA[wxe5b18b9bd7e3626b]]></AppId>
    <Encrypt><![CDATA[prw5IInk5Sx1kd7tbLYrsW+O5LtZOuyU7DP55ZhVjxmPWNHG6bJfk7OW7xpGYQuhTtDTMeMnUua0yyajgI1rdNM1ARakHHl7WYmw1RQSxGTtt/6sHgULe9jCHQnbXk1nP65stooSuJrR9Tiizw0xXJjDE4OyrHo1WKff+jaROs8Pvsq01bBB9cLE7RIc93bmymv4Uts9al7Eg4fugYz+EYLQvBHDNrwgu0Y5RbUyhrBSpcISp6/2+SO3jZ5k7qVHA1AtH8VHzBC3pS/3pO2E6RwOyx3JzGoKNZeoVvn9NRR9idSVpgG/3vd3OWIg0+R/FYdZd8uqIXh0lTJ+N7lmAV/GMsLNMZ0j42jUGTBbgvMstQz/lDWoyCeL+Zulnrmw2eAeF1T4DqBEzNwYIa28sN+FFa0JlOlVSS9lns/1YDlKgbO6gAK6/xzSrs4h61OmK19DZZqXxmJX5HbkRmK/Rw==]]></Encrypt>
</xml>


2015-11-25 06:40:55 debug :
------------
String:
account-ticket<xml>
    <AppId><![CDATA[wxe5b18b9bd7e3626b]]></AppId>
    <Encrypt><![CDATA[qcZCy4T7Kz6YqRhCbfEsU36hIsCTvzJ3DiZHKTBYcu8q6mlgD6X50A5Iyk4dAhHzCyNN8tVX75Tkm2EWeunqi2V08hkcSoMV52rTuYa3RFepNf0h2uxXmMEMjmK92bKvm8F/MH4NoPLHJcWDx1XyC/29BaaQmZf0I2M25Qm8qg6EV3hYbW1UjhEatiSeJkl2d7A77OKMwMfFkZOJBTZbSE6zIfBeEhU/BX4BWlA5FhsmFVxjZAJcufySS2Las6WIP2FgB0CeW1t7fa5KcuEwmSWNJtWb9DI2jSsmC7Zgw8G/IUq9H5yqGpYyBdfr2rwb6Ku4NL9v7E5cYWSQZS/wkk3gJEDJ/Xtv1z8PEjhvI03vLDft/jLZuChpvvKg/lLg1Y+vZl/vRZI6k0a/01bGgh+ekHM+UJxJPxV6IfKYt06oLYu/K7qVKvvKcJ15mhjm/iwF4sLV0m2TNGIwxm1Z0w==]]></Encrypt>
</xml>


2015-11-25 06:50:57 debug :
------------
String:
account-ticket<xml>
    <AppId><![CDATA[wxe5b18b9bd7e3626b]]></AppId>
    <Encrypt><![CDATA[U64U0zLjqHkN/hbhtA0bhVSaoM3sqVjT/U/OgfeE3+SpWHiOPjM8O4hXO+MXrXVH0ex3lyKPBFFIaiJYq2FfeqVUvkybNWzxysS0G+ICyYKdakGOvZGFSFnAcocGyYtfw0sFZK+uuc2r01J8vlU0X0ckFvVZFuO0rTdP3bONNjcQWRbrqYCP1H7oLFrsBrPzcFOgFHbUD3OGJNitt9J+o+vjHaEpHojAEdFJ3OlFWEsjFUwLg5kHpiuK8eveQ8eWpYdzbrKqesdBYnJJvhi5+KBOuKE/WLYvgkWyDqkPdHp/94MoIGphbl2dREbfRKxg3woYalxumDubSAPz5qDI8+OdiLJnN0/bO2YoeG5ln2+Dw/caTiVKawh6ElDSOlmivXJvuLON4lS7MTOT5GYGyZRpHOU+T+vY/H8QSE9bZintN75DLPkcRRdzfzWW//oFPRBEqDCBsIBUNvG2Zh2P8A==]]></Encrypt>
</xml>


2015-11-25 07:00:58 debug :
------------
String:
account-ticket<xml>
    <AppId><![CDATA[wxe5b18b9bd7e3626b]]></AppId>
    <Encrypt><![CDATA[XLj6mxGHVAWipQ1HubbCAI30/BHJSDRdm1BWGuSESXIo+r3IuUeNf9BpINgJ9ljssdcDsjOTZiQYCl825WXse6US1xCsrI4xlD/m94D4hGqAGob/0mNV78hg3hvsOY7zjlD+Ms7MbUPG3MEUqSk8rIw4YDbZE2SAwyanM0kD+CJHLTqsvdpyh7ICjagL1YVc1lTYCCF7oanzK1sdd5tXU4pfuHkz9TKHgz5D5xvNqXBMJ4i5NY0eInw23+uFx2nCYMrM0STeobn8P5r6h5WwCa58LifFYmRPwNYO7pYqsMl8Sg1IGk9T8ZyPwoV8zMOSjj9ca9yMbA6NHdtG0HxRE3TMKr9YpdZjAtTrwQ7nXnk3Dl4oRW/90njU39aVZxi/VLWunM3fhvkD+39DDSWNQ75tYeOF1hLQQhfWFX4vcGxVXlx7NCPxwYAMCUysUr+gexw4klN68maOh3uvvFly+g==]]></Encrypt>
</xml>


2015-11-25 07:10:58 debug :
------------
String:
account-ticket<xml>
    <AppId><![CDATA[wxe5b18b9bd7e3626b]]></AppId>
    <Encrypt><![CDATA[ZI0cE53r4/foJ1kL/uvHMyFpHXpOdNI0GNTbRXT+AMZXFVaXRWuX4RrWnwxyPRbY0LV5SO/148JQsoT6SIw6F0hIMXCO+VQVLoOzFA3LUtaDekYkCLoAykQQdC2TAlSNcXE/2z05jH7ExoDp3TP234XF73qQFuePz8gDsjoPmyt1Qi52HULc84QP3NELr1bww2Vdi4fwJuipKJrMDvIknQPBgsKMrqNmT6D0iqbXGBmrrPPWgsYqR8ICrL1itcjgsIAtqMUYf6WOCY++wW2XSBIvxgaAMAa86f2tATkp5lGm91uZf9FZWRGDT5JBSo164pXqXBxZEtS/38GEgvWftA6Aim59hlfZDFeqIV1q6yxReDuLLvBP8GimKPXPnWgu0OqVAS3j+uWRLvSrGp3zN96yGrE4I5psrUJ1VzPTl5SqFDvwjX4/DPep2e2l+eo+Eh3sTVtFbaeEl9A8L5gZwg==]]></Encrypt>
</xml>


2015-11-25 07:20:58 debug :
------------
String:
account-ticket<xml>
    <AppId><![CDATA[wxe5b18b9bd7e3626b]]></AppId>
    <Encrypt><![CDATA[rYSNqNO6f6d+pCtbqKU6Ud4/co4rhOOTuZkGBZhYStWH4ZG+CqT2rqhJIjeP2xJL4WKwgfxyKA5A7y0V3BNspKBEphV809FK7CMDWlasuQfrNK/3om3eVkcHS65h7ixDAPpbkXcgV/G8vOo3O3a6t2uxhduaKSx9u13Y4kq2gtUDzHaP6r+qMzColCX77UYP7jOSMfEfc1/woIURKBqnK6Ky0IpJhDKH7nOyNKf5YwLSdrGbeAp/Dv3LOgZDZltEbMj9LXSZQ9eZjrczZlwz7lqx6OZkvc2nOJ1uKngHsaU+/z1ouuM8+3TEI3QEIRvwD7Jrbz4uJuc3bUAOQ1FR2SZKBTZ4pPRWxETsig1W0hQd2YkABLmDs8aeDV2uF7Rp6K584Hu11jExRJa3e2oWT9QZP6/5/+ezhb/FsxnAa8QicdFLL9mipAfhj7Yxc0hc5mgmT5fGJ9AlYyJLSss5qg==]]></Encrypt>
</xml>


2015-11-25 07:30:58 debug :
------------
String:
account-ticket<xml>
    <AppId><![CDATA[wxe5b18b9bd7e3626b]]></AppId>
    <Encrypt><![CDATA[5kldsQqyL5sa8OIvqHuMgpW7Z5eBAAErQm2E36c8WGjwvHF38gV9X9RGSYyx5R2Y/M+C52MC2LV8cqaHTnH03+4SKnY9lQJulBJMpWD5IdKFFmNnpzvpppAtr8Rhkh5+dXYIpdxoGnYC833idNgMRrY0pEbgqLkSAKtlsSQ00SzqFuBlOLYZ3xRGX8niwxd81yRRYSdZjwiWroI8e27Q2PivVhRtEos9cGhTqedwNBnBGb0ehFfCGYgMMblnYDmvXMNmdM3CFTo+UdAjMk8C70mz/+MlI4idICccQ2z4Tv4DvkFPXQPWAWjS8oZmmy++OZsf/I5DegnBh4E61/6xRoyaBp+aC6fUJzfvMaG0OXTj85OD+tumWnnQSxdTIFOK1niBRLXrRtRmiFYlhkYQw7qHtpTX6rGgokK95CbZ/ecJoDBbGo8iE2taWdbnaUwDNwOUz95RfI95Pb2ay6qSAw==]]></Encrypt>
</xml>


2015-11-25 07:40:57 debug :
------------
String:
account-ticket<xml>
    <AppId><![CDATA[wxe5b18b9bd7e3626b]]></AppId>
    <Encrypt><![CDATA[MpS5FqjW9CHFCwlMxW9faL7fF3scUH8f7p/kLs/PBCNW6FsTIpkp5ag3FbZODrow6jJIV1QH2HD/2RaybHSwUyT0/V6eOZjd5nWJcZHZY0Od9T1iWyW1kooDeZdwKBykKWxac1DmpTUzSRpVx1GG4tWo5jW5j3sxI0f1RWs7J2G6QmOtJ3umXZxg/0Xr1+VtiEu76QhDx2eIKF3ZoF+Ui794ODVyf1t+FQs2szGP690VlWQPrYSZGjNxhm8h3q8GU0oOY8wrHodsO7Fhdj5oBhmv3itqzjKmnKQDfARHRruIs07bf7kmcQwHtBTiHUSRNYFswNkg/H9ZlsD4ZuYDPWXEJIfRD+fQ2jf/WxTutYAG1lUt8FjqvNCcku5pmEuSIzr3kvhYbOvgw++k7SLRNb3/KYeysnP/pbsC224mkzviH3M2xLsPgx4r32tL8IMFoRm1r5vdlHza2Bf1Gs9Pww==]]></Encrypt>
</xml>


2015-11-25 07:50:59 debug :
------------
String:
account-ticket<xml>
    <AppId><![CDATA[wxe5b18b9bd7e3626b]]></AppId>
    <Encrypt><![CDATA[l5eWZ+gxezYJkMhLyaeNslENIeY8RDsxYEzRwaFGGoTDYiL9AR4GGOkA8bl8NixkxKbiJxolYwHmVPULISL5ZyoJqJUUxnWzFw0LUsJE1bJ+vEqEKSIO3rLiuZFFeFhO3pb5K14nuw5M2de5yV7uNmN5OOqGNjEJ1Ht6ONdGWlOHGXCz3fOQgTPECcuNeBScLuu1/XjXwHOlpeMGwE50oBsC5O5zSZN+fkau145tPFFTiaYwNMPpHjoIAhpaco2IjvISYF7dQeQ+/NojWD5tns4OkqnWlwRVTiL5cPdvhoexA/H9o4fhFmIn00m+lEWrTxobP3dNyMTbizTOPEsvrkktTLBjKDYy7pfOohqpwfSXb4reNj90ORihhk3F4emWUkWN+O/hmXzenbZPlU6Wf4j9bLVYjOLOxWRVArZ2c4zWQBj3s1iS8Ti1Fmm0lRe0pNelTqSUG7BP1sA9bqjUzg==]]></Encrypt>
</xml>


2015-11-25 08:01:01 debug :
------------
String:
account-ticket<xml>
    <AppId><![CDATA[wxe5b18b9bd7e3626b]]></AppId>
    <Encrypt><![CDATA[ihnmsvvWG1GWWsZtF9NokPyXBDn/UX/O6VTJKok45fQnmOSUUe8cOmp+wHXYYG9+Oq4nKPIsnWlAmdEIPOLZqfX1g8ROK24S+FzuIFhbYGGcFVea/YB7OffHMgsrQu2L828nu2RYn8A0X9NV9ggCOU6nYkyBBTJiMqVmRCQRdDSFgRGm412oxRelIvJ+yU/Ug4IAj6aPnMRE3B6n7w//8r1AeNSAovMsd/FeTVcQvZTQX8ALw9YFvqusmLju/7wp0Bd0bCAj11etsrUtMmSumxw2OS8J1ZtgeZmFv1C8sGIkDG8xxmD32yrIL6a+Y7B2q/f7dQum3vKoJnu3P9Ad5++lm+5Lf29QCLF7bO7C04FRzRrRf81w48L/dDXsF+S49xnQExiYHn1/qpUTawfIue1rcSjowBvgY07uKVjJget3qhGlDKAzg/BF/UwXbpYYa43V6/dIXpXixqZimpSqow==]]></Encrypt>
</xml>


2015-11-25 08:10:59 debug :
------------
String:
account-ticket<xml>
    <AppId><![CDATA[wxe5b18b9bd7e3626b]]></AppId>
    <Encrypt><![CDATA[5akjG5CqHfDE9oawXObWcPbZfO4tchLaEHmme4TDJeutNW2tpDR84DxEXbOqZLx95P/uRDPinUzWmVZ7RQpPmLV7A4eHEIBNftzJriejEIUAOgoZi+UIOO17tbjwUfx21SSh10C6ogTqY7CFzbSYgskWihPjwhAo+UizN1yxJMhUhMGJGIz9iobgzn1KDnoQDU+E3gwhLbAW3Fkt72gjvEvY8aZTDn+vYRnaXm+feJSKaGaywYdGZT2yH3VnXQJqpRaILWPeOTy4E6rCQjiAQ6vjx4ddjJ0PX0y4WS97XR7XpQOZsygIa8UxymGtsGY+LckCzJN6jxHCzVTTa/Ig81w8mqBn8glPJuhJnuK8YZP78u6e7j7Kcvwd23bBSA8g1tej0gy6+a/QEa53fO+LX/cnK3CNI47pQ2X19AOZJH4CZ83AskZCF7kjAXQzh98mdKSPUVF9UF0K3lrZOaxgZg==]]></Encrypt>
</xml>


2015-11-25 08:21:02 debug :
------------
String:
account-ticket<xml>
    <AppId><![CDATA[wxe5b18b9bd7e3626b]]></AppId>
    <Encrypt><![CDATA[352vk1nvdnEeoC8iPRX02L+AkYAQlEYByPMDNWdgRDlUmwMsrhKqP+JcCmEHCpaIuTvYIIeMH2UVSAheKBNuvkBRfTKfwzzclU0I2Kp3m9ZxvqXXJ5Lq7Tg91okJoNSCAGziZ1sPAzED/QyEAb1wRIiuxZa8M9hTcWASRb9pqeX5dEE97vNmddp1TyPGDqpDTGUfgSVjE8vS2O2xh+eWEtGDXqgj8PFuOny/+hZkX+1t4Y+8wht5t54EOYpf7WeSLmDKkLJW7lg/MvVBvqz/ypahqH1VzE0Y/+kcCW0WFnAPUGm2VXECVAqut+1J5KLLFvJk/+epRgu63e9qZNJUumjR1JqeF+XlDEId0hnRPFXcI40PRwKO9QS7fv7ud82XssbBwiY2kaCsBKj88ikklo91ybyPykF0rvuGPwYoGmdowlhkDqLprQueSCaD2VdH62fvuSA+CUyK3Hkwu2y0iQ==]]></Encrypt>
</xml>


2015-11-25 08:30:23 trace :
------------
Array:
from : oywoswL7phyxCPdhiX-HLYmfrvwQ ;
to : gh_594b4a77030d ;
time : 1448411422 ;
type : event ;
event : VIEW ;
tousername : gh_594b4a77030d ;
fromusername : oywoswL7phyxCPdhiX-HLYmfrvwQ ;
createtime : 1448411422 ;
msgtype : event ;
eventkey : http://mp.weixin.qq.com/s?__biz=MzIyNDExMTgxOQ==&mid=401375925&idx=1&sn=1055fe52b539b629ff2957852f3f5d13&scene=18#wechat_redirect ;

2015-11-25 08:30:23 params :
------------
Array:
message : Array ;
module : basic ;
rule : 24 ;
priority : 0 ;
keyword : Array ;

2015-11-25 08:30:23 response :
------------
Array:
FromUserName : gh_594b4a77030d ;
ToUserName : oywoswL7phyxCPdhiX-HLYmfrvwQ ;
MsgType : text ;
Content : /::)亲，欢迎关注麦记大包官方微信公众平台，我们将竭诚为你提供最优质的服务，我们将至力打造O2O“线上消费，线下体验“糕点派送第一网络平台！☀ ;

2015-11-25 08:30:31 trace :
------------
Array:
from : oywoswL7phyxCPdhiX-HLYmfrvwQ ;
to : gh_594b4a77030d ;
time : 1448411431 ;
type : event ;
event : VIEW ;
tousername : gh_594b4a77030d ;
fromusername : oywoswL7phyxCPdhiX-HLYmfrvwQ ;
createtime : 1448411431 ;
msgtype : event ;
eventkey : http://mp.weixin.qq.com/s?__biz=MzIyNDExMTgxOQ==&mid=401376031&idx=1&sn=412f72caedb38ddee6d15c9685dd0d47&scene=18#wechat_redirect ;

2015-11-25 08:30:31 params :
------------
Array:
message : Array ;
module : basic ;
rule : 24 ;
priority : 0 ;
keyword : Array ;

2015-11-25 08:30:31 response :
------------
Array:
FromUserName : gh_594b4a77030d ;
ToUserName : oywoswL7phyxCPdhiX-HLYmfrvwQ ;
MsgType : text ;
Content : /::)亲，欢迎关注麦记大包官方微信公众平台，我们将竭诚为你提供最优质的服务，我们将至力打造O2O“线上消费，线下体验“糕点派送第一网络平台！☀ ;

2015-11-25 08:30:41 trace :
------------
Array:
from : oywoswL7phyxCPdhiX-HLYmfrvwQ ;
to : gh_594b4a77030d ;
time : 1448411441 ;
type : event ;
event : CLICK ;
tousername : gh_594b4a77030d ;
fromusername : oywoswL7phyxCPdhiX-HLYmfrvwQ ;
createtime : 1448411441 ;
msgtype : event ;
eventkey : 1 ;

2015-11-25 08:30:41 params :
------------
Array:
message : Array ;
module : basic ;
rule : 25 ;
priority : 0 ;
keyword : Array ;

2015-11-25 08:30:41 response :
------------
Array:
FromUserName : gh_594b4a77030d ;
ToUserName : oywoswL7phyxCPdhiX-HLYmfrvwQ ;
MsgType : text ;
Content : 2015 ;

2015-11-25 08:30:52 trace :
------------
Array:
from : oywoswL7phyxCPdhiX-HLYmfrvwQ ;
to : gh_594b4a77030d ;
time : 1448411451 ;
type : event ;
event : CLICK ;
tousername : gh_594b4a77030d ;
fromusername : oywoswL7phyxCPdhiX-HLYmfrvwQ ;
createtime : 1448411451 ;
msgtype : event ;
eventkey : 1 ;

2015-11-25 08:30:52 params :
------------
Array:
message : Array ;
module : basic ;
rule : 25 ;
priority : 0 ;
keyword : Array ;

2015-11-25 08:30:52 response :
------------
Array:
FromUserName : gh_594b4a77030d ;
ToUserName : oywoswL7phyxCPdhiX-HLYmfrvwQ ;
MsgType : text ;
Content : 2015 ;

2015-11-25 08:30:56 trace :
------------
Array:
from : oywoswL7phyxCPdhiX-HLYmfrvwQ ;
to : gh_594b4a77030d ;
time : 1448411455 ;
type : event ;
event : CLICK ;
tousername : gh_594b4a77030d ;
fromusername : oywoswL7phyxCPdhiX-HLYmfrvwQ ;
createtime : 1448411455 ;
msgtype : event ;
eventkey : http://mp.weixin.qq.com/s?__biz=MzIyNDExMTgxOQ==&mid=401378263&idx=1&sn=28306028b044d9258843211986a56cf1&scene=18#wechat_redirect ;

2015-11-25 08:30:56 params :
------------
Array:
message : Array ;
module : basic ;
rule : 24 ;
priority : 0 ;
keyword : Array ;

2015-11-25 08:30:56 response :
------------
Array:
FromUserName : gh_594b4a77030d ;
ToUserName : oywoswL7phyxCPdhiX-HLYmfrvwQ ;
MsgType : text ;
Content : /::)亲，欢迎关注麦记大包官方微信公众平台，我们将竭诚为你提供最优质的服务，我们将至力打造O2O“线上消费，线下体验“糕点派送第一网络平台！☀ ;

2015-11-25 08:31:02 debug :
------------
String:
account-ticket<xml>
    <AppId><![CDATA[wxe5b18b9bd7e3626b]]></AppId>
    <Encrypt><![CDATA[P425nxFN+WCaVPg6mbPYKB6jTn0AVpS28JneY/Z+YfkmG7c+xH7x8/qGNQYx6rvm6GQBnieVSvnG4svAsHT//FIu16hau7+AwGpO17KMPAMaqhWDdqZQXmGhqvofyjapLpWGSls3AZ5JQ7PQfvhVt87Cd6jVFze5lsf7nSKxRPjZdCof4BGbtq20BVx9eIgqOQrwE3kds4Tsfm3+RZLNPm4GtgeJPDxX2hdMZbibyOEY4I7yrYnVHMwsmL7CMC/M6ewP1pf1fZfeJlhbpxiPsAnWq6s4qChLLlZFP4jFjKHOHc+nJKnuro/RPkP+GMgPtcZKzTDpce8dg6UuON8D6Te+++FF2xEgreAAqeIChmqPz/lCDdJGDmE9Fap+/jRlraliQk2JGh+K64IyRor/lWI2C6PboEGzfqekQ8mz4PpAk1LZY3WnD52huyz2gLEOxxpD2P8+gBC0XW3abMxmog==]]></Encrypt>
</xml>


2015-11-25 08:31:17 trace :
------------
Array:
from : oywoswL7phyxCPdhiX-HLYmfrvwQ ;
to : gh_594b4a77030d ;
time : 1448411477 ;
type : event ;
event : VIEW ;
tousername : gh_594b4a77030d ;
fromusername : oywoswL7phyxCPdhiX-HLYmfrvwQ ;
createtime : 1448411477 ;
msgtype : event ;
eventkey : http://mp.weixin.qq.com/s?__biz=MzIyNDExMTgxOQ==&mid=401376725&idx=1&sn=d6c25c449d0da256ed9ea240c9f03e23&scene=18#wechat_redirect ;

2015-11-25 08:31:17 params :
------------
Array:
message : Array ;
module : basic ;
rule : 24 ;
priority : 0 ;
keyword : Array ;

2015-11-25 08:31:17 response :
------------
Array:
FromUserName : gh_594b4a77030d ;
ToUserName : oywoswL7phyxCPdhiX-HLYmfrvwQ ;
MsgType : text ;
Content : /::)亲，欢迎关注麦记大包官方微信公众平台，我们将竭诚为你提供最优质的服务，我们将至力打造O2O“线上消费，线下体验“糕点派送第一网络平台！☀ ;

2015-11-25 08:31:31 trace :
------------
Array:
from : oywoswL7phyxCPdhiX-HLYmfrvwQ ;
to : gh_594b4a77030d ;
time : 1448411491 ;
type : event ;
event : VIEW ;
tousername : gh_594b4a77030d ;
fromusername : oywoswL7phyxCPdhiX-HLYmfrvwQ ;
createtime : 1448411491 ;
msgtype : event ;
eventkey : http://mp.weixin.qq.com/s?__biz=MzIyNDExMTgxOQ==&mid=401375925&idx=1&sn=1055fe52b539b629ff2957852f3f5d13&scene=18#wechat_redirect ;

2015-11-25 08:31:31 params :
------------
Array:
message : Array ;
module : basic ;
rule : 24 ;
priority : 0 ;
keyword : Array ;

2015-11-25 08:31:31 response :
------------
Array:
FromUserName : gh_594b4a77030d ;
ToUserName : oywoswL7phyxCPdhiX-HLYmfrvwQ ;
MsgType : text ;
Content : /::)亲，欢迎关注麦记大包官方微信公众平台，我们将竭诚为你提供最优质的服务，我们将至力打造O2O“线上消费，线下体验“糕点派送第一网络平台！☀ ;

2015-11-25 08:41:02 debug :
------------
String:
account-ticket<xml>
    <AppId><![CDATA[wxe5b18b9bd7e3626b]]></AppId>
    <Encrypt><![CDATA[ejiQRCXqbUNvjJciFF34H5pCskPNaICvxmNZheRUZqKw0jxRs1n1/MeRtbSDGYvAxtur8MZ0by2CG1H0CfO6/EWaSXgt82lcKkOdi++1qBP94/QbHlB3F+xhvjMrj0kiY5zo3kJjM//tMMMfLbzMb4Kg3Pq1iGFXa65fVAYUm8wDJjdwbySuDVPjp/D7UbGYCND6heYyXJzU71C6ia22c0FDHWlF2YjkmFDgPSHmW6hHbP9q1hwFYrWMJ/ReeTIxahGQ68YUBjMkOPiJTocZkA6pc4ftsHy0hCQVfe5p3xNfSU5wbz/r+fgcYpjD/DBZVNwAc+bQ3BFetfTaHN8TulHQGebzAcTVCrn4yC21PQmHqWFXcHnQXuKCnF+4Dg2hZCGFfG8RBGJ5HymCVsNSgL7xmFJ+KhWKyurxC2SeiVFOrtdrPSJrv2nDdePnz2gKcgiHx2CZ8wx92KqI0PY97w==]]></Encrypt>
</xml>


2015-11-25 08:51:02 debug :
------------
String:
account-ticket<xml>
    <AppId><![CDATA[wxe5b18b9bd7e3626b]]></AppId>
    <Encrypt><![CDATA[Hami+BwoRyOy+S1sE6zwMkMMoBVYvwSob6RrWuL77D8twoZ5uK70brV5AAUZKc1VT8xGJNfenYh2z1ts7ZhZkbe50Sb4bAzeerQ6BIddOQPyCDMljBqhdXRGbCoba0ugucPYOptmjsMzvQYBtatfSD98L9kamlHtupemDPzFyOo/624GD4PSsN9xQe/wDLwGo0cypzkaoCJYOkrv6DZICCrGNJtLZqxvXq0w5NOz1BOaSD+PoQ0m4MwEFvnqwdVWwqYHkJ+/CYwwvzrnkxcpJnNLjKfnu+bKH8z0XDfz846qxTNsXCb4x3aJKytS0dS4MhT4rWwjfCm+z83mp4qJZGqpjhWFesGsCdvW0nD4b2MIfRBDXorWZtxrAeeJ/NWVCAoFdRp9FkCX8r/YAiNN7gS5rLWeNSIH5qRL6opr0oO3icAoBcnNL0a6xOiq99cvIxzg+GVzkSB4yuBkBGPZqA==]]></Encrypt>
</xml>


2015-11-25 09:01:07 debug :
------------
String:
account-ticket<xml>
    <AppId><![CDATA[wxe5b18b9bd7e3626b]]></AppId>
    <Encrypt><![CDATA[ys7BcqRM0+NH8RNhpaY9q9GWWNhvSpJlYJeNQ1tqaHzx3o1LA6VCC+YwnojBXPWHn9ULJNjjygMKhyJ/dOnNkJt3KHGbseRtmOR6LsdkozWKoIMtW2oHvA203prXTDaDZ9lU9+GC7IxMuF2297Fwzpxv5QxiJgQdoX9nDd2NM2ec76m6CUToTxav0tbm/i7Spg0bXzqeFtBLDxcX3QAqgT89w1bqTogXEdFfvFNXC8ym0DiSKeR9IhkI695G4SpSzVivOyyF2l7IXYsUEyMvUfmSbiRYRvCxu9wE0/+RLu56ylICffPStQIkbeoe36VVVmXtXnmEV8yle1UePSYp1TofLLR0VwphvfjmQfUbl5f2HSrRqhgt8i+yW8SisDN2x66yIRF/HcDSIPHD/g7iUaePG92vPUUBIB3rwyjHoDfWsxJHvR+UvvwgXZ77TQ/zS2DF/dsawqAR/oCpyYt2RQ==]]></Encrypt>
</xml>


2015-11-25 09:11:03 debug :
------------
String:
account-ticket<xml>
    <AppId><![CDATA[wxe5b18b9bd7e3626b]]></AppId>
    <Encrypt><![CDATA[SXUUkF+9xygnI0lK6GOVZ+N4SItU0JRFqaXwgwhwbjRvAZA7aZx00gAXAnnBUZx1Aai6YJnskGtywaMOIhojhyxooDlYSUUJMLrKaK22uv6WU5BkUzqrcYqM0VkgzZBnY7XXu4ISapvt7GNx/H2GfWKCVmFpn5oBVm3fUuMeoBU4GslbiXooZSyIPfiFrIR1SAwcKOHf7qdFvBLwc471yZAoVVzf/sB6P7Q4AqOBB4STRkQS/E9Ttf2JXAL0hGrZ1P+BmOqnffE2fPoS3HguLJ/yQx+AYbSWjFwxku2wbExyOjF+0Oj44seDzg5leMkEGhn7KX4s63Y9HClxHy2XVxDQb4IfVEnvO80qBjXtYSxrNAMX74LRbHaLvNDvZtVDZbtFFjIWmjZIYnbqKVz4r4xobcFaliAb5TnNyQrteFQZflHgljhiGzwMED24ByPmgduUEcIUBTCPfp21eYTiEg==]]></Encrypt>
</xml>


2015-11-25 09:21:03 debug :
------------
String:
account-ticket<xml>
    <AppId><![CDATA[wxe5b18b9bd7e3626b]]></AppId>
    <Encrypt><![CDATA[wXZxgKg/7PnaTD4IzMjm4oP+l/o1P9KczljKSAEoFYQuOFycA01vqxl2sXcOtGI/N8t5/t8168LVcrPEZSsLj/VLvma7a4WK9OtvGFgQDNMUejiNF6ukDv52vxyDDrnMOXEoH8EIj+NJVP2oXhkNkTRmqOdEhExo9IZNYM23NyDkPS9hq5XEXr6TsjsW6HvAuEmGR9uDl7t9Dm58ZLE1eOjd7JKMv4ytmOFWfcguJHCgtdZIbc609TKQ2c5jFKRN1x6w1GN7x3rFGusAmLuRwJR6mEUseZHZ0lMxGUVGy32Rk8S1vFR+7nmgVn4Of2jak20GoXapejIaCtJzKTh3QtgFHETqupzc6yIW5QQsiQ3ORFh9DdSEel1KL1WcI6Lobr7TZdwgraAjj1x6UXEXMm4WHr8VvNG88OY70tbnauBJBG3IMzHiRf2B68QUatV0X+rz25lZrIeDtB2HBjCxFg==]]></Encrypt>
</xml>


2015-11-25 09:31:04 debug :
------------
String:
account-ticket<xml>
    <AppId><![CDATA[wxe5b18b9bd7e3626b]]></AppId>
    <Encrypt><![CDATA[xsDRNTlksvhGeWug/XXk1nVjBQlz9QcmlxIOjEyCO3dAss8ssD1jyyAe8TeWBPjNmi7jaY12ceBruiXc+3DNXft3SytiH0trRztyZ6O1WWyUCKw7so5HqHM1MNF6hF26oaRYjej7fLrt7HZkUsdatz7tBPF2sFhcIKWcV4bt14uiT6+JaY1MW81+qkIRHlhw76sSH+lDs7+RfN6e7FWJaMlj45y1VVsvPRxbVk17wijcZxsN6uIzMrxwWF7DiXf+AHf4O80GZ+uAJksI3UawJXnq+1k6BTodjikvtoAvvN4uhZIY/UQZhEpugKVlprN77Dj2AMq1WnT1cxT38USb0u3k4TzewWRxZwOfzugrujQ25BvTq1Dddf1pgLr6QwcQ2jz+xOqYoLjsnnD/xlxKWdHIMkF+ZGIScwlBVdw9HpQkDQoSJfjk/6b/ZnPA9lOsodcr7eTKGF/yyshIaSqt8A==]]></Encrypt>
</xml>


2015-11-25 09:41:03 debug :
------------
String:
account-ticket<xml>
    <AppId><![CDATA[wxe5b18b9bd7e3626b]]></AppId>
    <Encrypt><![CDATA[xTl/nXrLB8HhkRG19oj9nC6yV+mT6svZMac5oqXpU9hnESCX+uRcIRc7QHIexrDffRvrscUm4FhknqXA2xXoMPSV9QtnvxgeP9EpeY1uS7utO3xaFld9Ci0/sA42zP5Mr+78ZVySeo4vNK5ecsqIWjRKWqtiRj8gr/cZIFckclxweT3EUpLmKZsrsg1weu8Pn7wKwdaj/38OkSinU3vn9fZc284b7Ib8SjdJfltdQLV/20R3JBv28fZYux9PkORo2P2Dr4pO9sWuCSpeyFKvwF5AxNUbaZKoRIR5M3FGa1nWCFoBGm6bao+5T3CzXcog06ZA1VR02k4Sbq0S+8tpjv8PHubbIuPdmCdVGIZ/qDQ/nvBnnLxd2qUVbRnpaDVxW0y7kVGinMXsmEyvg5YF3Bl1AYgzY0rK6sJGiAzVUPHobhUZlzEsWMMgHEeV5fnPQ9T/8TCCuIm90qnnuWNkfA==]]></Encrypt>
</xml>


2015-11-25 09:51:03 debug :
------------
String:
account-ticket<xml>
    <AppId><![CDATA[wxe5b18b9bd7e3626b]]></AppId>
    <Encrypt><![CDATA[f5x2hbWSgOUmYoBSjBMXGe3/VnLOVYNSh0ggyBi9A5TxC/fCSGSFrl3k+2ffMUgcVrZFAkFB3IUrkRO6q9wnv9F/fERiLjSgRVvHARWsim5YODL/cVtB34LBVz6Cf91OoI9Ts9ydvTnPN1f49I5WE6ojO7u8l7+7E1v2wQODURRy8Mk27sY70Pwsg75TT/WfgECKHe5A+AO4gNhUckPSR0r4VXkc2na/LoxJ0TsMDHhovuWHnpR/P0SJKBLaGg66LqlNcQxqDZm4IXhb1D34tqxiKHvFsf72s+S9g5X2qiX+0qRxTYtg20P/ou6IGYZtuT9VikBnnbZFyYl6Ste9BiCmHDLrHaz0cjtCbtwUifa1Um8t7L6tdmhaN7zbD1nJMmLnA3sgZjxtIwkFrQtu5tHrB3TzKipo2Oc8rB0njFLk2xX7ahRalGoZRZ8l1Eb6PVCB2KhROuc52lQs9v9sRA==]]></Encrypt>
</xml>


2015-11-25 10:01:05 debug :
------------
String:
account-ticket<xml>
    <AppId><![CDATA[wxe5b18b9bd7e3626b]]></AppId>
    <Encrypt><![CDATA[tupWbpjX8RtPjos6Jj5pkFZ+3gi87p2DnwIXsCpgrXgCOQBPP/lzfEkvtRxbUXwlseedwxbLGVTkbEykIQDizfI30c2PxVxZX4RYaZhL6DnDSfLoBYv/jIyNszFYF4qlC57BA3s14fX2jn97W+xObCwwXXvWizvBag7Vd9GS+Z4iPTBhVMyWA//wvvh1lzWrPK/Eg4+z1HkG6sNcFHZmgEzbECwGkW57R0ESlfMDxHJqXIWkxYV1ZQAA5DG53aBndOWQ5YYqy6KiAFYueSi5KkWHfNamRECXaYDIvVF1G+Pf7INo4TaRlFBkEVw5ZvX2Kd0j4c2tyFUybDyAKM2Zj2SQ+UuzFcDXn+o6zDC02jCNNWSN/mnkE3yDl86hQbNg+FBfvumXkFJ1BceF3YIGBND2JWQjw4PZhw13Q/lvC2MEaQWduV2OgG8le6q1yvmy97y1zZ8UvmXeNGYGFRWJnw==]]></Encrypt>
</xml>


2015-11-25 10:11:05 debug :
------------
String:
account-ticket<xml>
    <AppId><![CDATA[wxe5b18b9bd7e3626b]]></AppId>
    <Encrypt><![CDATA[5/+71TJsHL7GFSNvhxFoGPLxnXrbPDMIxU9UoON45e9ZaA3UWXa6UWRJ+lCbvGurlNl7KddPS8J9KLuAJVdyeQ9e2IGLFLb/oV76INoC/jFTpA3sKPQ/EhjvNcD8rDwaNPhOnwBl5wJ7E7blfzsexiYQB4Kvd6uAG5LNBo9cJM1tLyWDPB/RVNJLOBkxPd8Ei+Dccp5JCXpier0kn0385xEOKgpwl7lgApD0IlH30+EBPZ/j0+IfcpPzkPZHQ84i4qcY6f3zskS2YfapmMzsX/DYDNE4HSxvMrbWI2k0GQzvxmXpwSdsydaQYxMp6AwAZkdVTlR6x+ARQm/WnKqBmDYL9DBFq/GV8Gj2cJX98IttxaVr2ouUSAa9xcTGCAxeMyn4gyuitBSzyTcIad9CeS2xk8aZuvuB7dss871v7O2LG32wxfGnxwIupPzSzT+frc5ivo35eHr8v2FckBTYCg==]]></Encrypt>
</xml>


2015-11-25 10:21:05 debug :
------------
String:
account-ticket<xml>
    <AppId><![CDATA[wxe5b18b9bd7e3626b]]></AppId>
    <Encrypt><![CDATA[LW0EikNndP9gOFvtvyumVVLOPkS1GpymgxRb4f2i9EhAGSTpPSvoc5ogI2xJ6cg88L6fv/tgsGME43imArJN782cJ4lDafnGweV1qI43+TOmf4mhIRKRmAWe393tKW8uUQHmXf3ZoUDvCJJY+mkKN6l1676Jqcnb0Q68R9+yUopWCYTiaug0bMM1cWKRStnRm9IgXnh+CKrG7jM2IcJDhc20UNhl5xtcDseddn751oLGycVQty6DnFUtvi/95+bpW3lbdFbhymCI1HFkF1/XZhRlbkFbow9i+T9O6oaW1zyJUtdiQixfjXmMH10BYc0eow1I3HfiFlRUoaJLAC1hKR4zQ2nZnVyQNCxxFxfyMa/cHS71MKXQczqg61E/aetAnpY+flJjV5vafvzjG1c9Wd6EaXe9yRMr5YMFyhrREXn6NNAS3+AU7SgJIAy9PZi04JzrP6v8aHfH+DksDywKCA==]]></Encrypt>
</xml>


2015-11-25 10:31:04 debug :
------------
String:
account-ticket<xml>
    <AppId><![CDATA[wxe5b18b9bd7e3626b]]></AppId>
    <Encrypt><![CDATA[1L/+tqZRVa02DsQq3dM6OQ/XpE8OkfVzBWMj9/zcXpu94gKwuJvIjRwakRqI7LbwEq6u6aaxocva3AWyCRV4pDE93tzk5H7I2qT/hAUiF+Przfkr32Td63Y6z8jNRKpng8SQjpzm2H/TVmRfnC6beW79qgpTN6KPL6XYxAx/YiKYKsNi6QpZAFbqwLEkODM+lNxBXku0spvJ8p7EqIw87CA4BMVGAEgFxEfYX+dEBMJLvz1PlcwyZ6fk18uxNegHg9fjRj/9YIh+nYUB8zHDdOSotmcsLJhkJSKz2YqZrNP6clA6iEZB190v6wVO7YvJ52oSM/Gwjp5/NafiRJOO8H1KovyAuIOw2U8M3vL0FVucZeJnhn8oR5WJfBiRdZ6dGrA2fXWepVcmXP2ItJsOP4EfqNZhB+UT1o5BcCE02L2dfpT1U29G3petEl6o8nY2i1DrVrQn5YD5p3trAF3ObA==]]></Encrypt>
</xml>


2015-11-25 10:41:04 debug :
------------
String:
account-ticket<xml>
    <AppId><![CDATA[wxe5b18b9bd7e3626b]]></AppId>
    <Encrypt><![CDATA[4GEirY0evc2e6uPlRIlsfekqU09WsFxChSinqrfmKR3/iiT9DPyncCFOcxq7sBQf+BuOkj2gPKmU9EDXiyIIL4jfUlZzp1dQJ9QC/fzoW+wV0JK6oIEIAjWc8ZydfbcFECnmfymUJs1orLaWqLxwfQIWzlmrvI7EIZWNnLHL5RLOmvOcH/4xnWFan5ZUeZtXcD9KJuExBRpVpkKtemc0e9tiL3G6IOa+HnwLirctLjla/nSjxw1toKCHnoYPPT/CW3JH0+PdeWRkHeGiPBLcNI9+qw+mnp0OHP2n8z80KslZn47xC8z5lsWEbMqKI8YHjh7QQN8jsf60QOYtFdt3bpkqcJUQI9gSYncA0oFEtrVAB5bYQ9CIGjNSXjWQWpckUPgk6mQ4SDimx+FhGtE9NFprePm3Vfre+jy7AE8Z9U0U1dqHqtc6pQyCvkh/gvoWKFI/hj+Njqqu6YrhoKu60A==]]></Encrypt>
</xml>


2015-11-25 10:51:05 debug :
------------
String:
account-ticket<xml>
    <AppId><![CDATA[wxe5b18b9bd7e3626b]]></AppId>
    <Encrypt><![CDATA[lyk2HrRxZK9cakvGCGCc1OI6E0vvc4Lb06fzFvX5JipkwOmWrITbvcLiG4LAMlmDL0KQgf9DoURnSAjjCXYqYR1mNBPgXHUEJU8w2V9oHFLiPAVx0ZEKdAFr9Uovp3v0l9u4EQK0AxL9F20jhBi0SVXHT3MkHNXaVN9yInUG2IjFdaZwjiUXkYXwQVuRQsrZoQwAVGPvRwA07RKw0BNJCr8oIzLQWK1LS5ye6+eTbmJfdTOA0fyppkAZtGiHqgrcYtnSAzx/9po5PNwDEXpbI+Kf/l8/N5LZap840CyrKXndxfONWmuAcjVQ6k9RoMYEmK7iVdgRG5C3RUTbetZnmxieBzc67bmXX3IChXjgOo2H0mic8+yBNw1amMqEAPDYgj6TArXjW4hjdo39Gz3S4wuBAhbl+tUSM5ldOSpUGpAQpPuJTqnc63lGYI7QSrqsATLJCwRX5oD3+oGB3GTGPA==]]></Encrypt>
</xml>


2015-11-25 11:01:05 debug :
------------
String:
account-ticket<xml>
    <AppId><![CDATA[wxe5b18b9bd7e3626b]]></AppId>
    <Encrypt><![CDATA[pcGvJix+QoXtaWWTQ//861vZQOVwme8M6jLfbMsRkwrswwJJk+eXUj6U47Wc1Kg8YO194NQeedzgxgqMEjfQHsoVE8QUH8kXNz+bKTVWfJGDjnLfUN7R/nlU36cQ1MjcQm8NMMRQCc4vzMwMlFp6CCUGgBQ+Ka9Y+p2hQ8uDQxFX+f66xFghOi/KV9gVDco8J1HaRHXkkxdhYjdSVpm4zItnBKJELlZ2X5Xcve0gS1GQrx28moXQn+cGwEFn4gpoNqhmHFVAxHHMqlW08f6vql3S4STyjJz8lKcD3EPbmCwsq2816e69a32IE2BatRgJtvAn0Xa+TMNvC73+lg0NaSu1DIZwmFDTBkwW+YkTYjywTzJfUYcM9GhHFgYvgKASQ91+pTo+WufOHqECsfn3BNZuL3jPrhEMJ2nNxeKD1JyMvYbPApp3Ob6xz/M5EYyhhKuqKyNR6hx4MEtSkCYnLA==]]></Encrypt>
</xml>


2015-11-25 11:11:01 debug :
------------
String:
account-ticket<xml>
    <AppId><![CDATA[wxe5b18b9bd7e3626b]]></AppId>
    <Encrypt><![CDATA[+JDdTE3ucBREeV5YXfh3KtGF+rbpsoM/USefYXeFP+1zdqCHXTfKhcIqaUSG1RETVu6cEI2RX4gSaOJKijCBE55htdli8LywzRIiXIZSPiuUgVvjaDJlLFP4NObG4mJPr+ig4X7SZfpYJZUyvl+iEXY5q6d5xm1VOPJubNTViK/YyvH4b7rkTvQl3j3ETf8ocW53dykdh/g/D3CAKajrv34rcZMojLxUhmq85ZlPELQsaSgBeFE5MEDxFejecV+UQLB51LPCMnqKdsZc5NHgBUYGQJDpZuj8pG2ae1XpkLyck+BHDnM4BF+pxJSjviu2sbNYynz1kvAwbET0eBujlKvRLhhtzUfJRAfGw6h56OFQ+euZ8WF2bhI5ugo2W+wvUTqF9NP1YaBPtTphOX5i/NjT8ZU1F9T93+wIN2WGYMByXdXv7exz11drK0Mss3ED9cS8HznBIwsJCXsjMVqlKw==]]></Encrypt>
</xml>


2015-11-25 11:21:04 debug :
------------
String:
account-ticket<xml>
    <AppId><![CDATA[wxe5b18b9bd7e3626b]]></AppId>
    <Encrypt><![CDATA[zDhpX3IrVPkyyC/WiqHkD4h5EKiDqrBSWDWjC1bo4Q55PYlkyZISQ5LEbKdl8XABrS7H+17rz5xfAWfJhlYt64Numv/CSIQCU93jsLH00k0EPUzBeGM05LrAJbY+P8A5FOQpKIYV9wES9TPDftY/R2Ysy/RyihX1j1mxisa9gIMIyeC+opcCFJ2u5fd24UJZ+S4twCpJX3K9DLWQ4IikDvU7QRcjuGEHpRTBDaOQWn3GVjPc3u0NbFlLxphyRLsdvBzDuw2XDGGrACeTpQagYAOWI/UByf0mQR8W40pVGHC/oRPOp0Ppuzv9G/BqvwwVhRq/E8dbhvZcMDZR6xMyDxpGxDqS92tujcXjoOi3qOpZJhvTh+T/Ap/YZaEaUh50USHXxQ/13fOiJqx6wi4Dnl25vSU3AUEubilWx1uAQ0ZV0ubYJAmajHv/a/6EpeVY/tFCWqSPsWR9EY/TNA3Ycw==]]></Encrypt>
</xml>


2015-11-25 11:31:06 debug :
------------
String:
account-ticket<xml>
    <AppId><![CDATA[wxe5b18b9bd7e3626b]]></AppId>
    <Encrypt><![CDATA[TxHiDP0ndA5Ghd55ivzO8yJelwIXt6USqrJ/npYDHQSk7wrKhnuCMvWEEem09zAQqNTLqu4JeJagwYikjuX1ORWmnQamFrKhFN+vEW7gyB2TwKIMmjstyN5A6TfYbYKbX4Q6Uy1YremhzYsS+t20d0iE+RJ3mY08dMqOItJN7NgZQ+lfnfUPRy2MyXigL7qggeRBDWpWQSCgVGHnKtCQBQOsgmP2bMn6gfY5/HMlBQzBQO5/qNIh8YqY8L3pXLWy/4rjjee7e23QB2LbvwgFoDswTxJBx+pwvidHCorEEMJ1Xp/R6N1j04x6B2JsOD4vdQt5veKseNpgPtLx9VEVA5/ieXqjYHe7ZGFY4w75yPBumBJxbYyaZ3s2Pe4bVQD4WINh0lU5LWs05L05qbuBOC3dBJPNASzssGrvFbniVuCwDYHF5I8CcrLaJdyTat+rB7Eszn905YmAhLYf+AMGoA==]]></Encrypt>
</xml>


2015-11-25 11:41:05 debug :
------------
String:
account-ticket<xml>
    <AppId><![CDATA[wxe5b18b9bd7e3626b]]></AppId>
    <Encrypt><![CDATA[yToHay/dJu7wB+vDycdtzU8T7U4MR60RKTttVPagj3siLZs7Hi0Y9O++alU5lZHjbCDJeT0++fL0zkmIQ0WrZZv/UZXPSfkS01T1MVGy3Q5PCExscwRKQxAZMjcLsaihF/M/K8+6CwJFtIjTYOqi43Cryh2iYvMQF5M5CduhdWGm5pMJM6bw/nbQZunaQ+P0ctmanmRxmpwWGGi7p/XzpmAKQJ0jOE+DQybBn2OFHgOM5IJ40aeB1JT7MsnKx7PvhDgzqH2zwYbZXns19ZIaVeLOc+DdKAWyXcKTppRqUmg1Vy0JCX08xpPJ4l5u26mVgBVowiCcG+bsbm9bjf1g3G2ZozHwgx/T1jzwJZ9eMSUqlmXMVHz5XSfZK47AiDcPSCJmseH4Nrn4B2mHcNbJnO6Y/ipW3adLWhP9UfJSzdj6yWGsC4SVctn+/OHdkoW59UJRwebl2YF5KfaBXDkNWA==]]></Encrypt>
</xml>


2015-11-25 11:51:04 debug :
------------
String:
account-ticket<xml>
    <AppId><![CDATA[wxe5b18b9bd7e3626b]]></AppId>
    <Encrypt><![CDATA[YGscyn7CDKAsXCgQ30H2KQjKuCz6a4CkTMlC4O7RxKhpYOzugLddNJGpVbgp0klpPO13lzpvAi5kG9hpF6FH0UN29PqPjhhliO/W5reztBylRXQIAzAmShZQ6vzGgYliPlCQia1obH+8o3tUft4JqWFjZT3Q/pAqnVsRS5kZNEbqXRl7cGFdqmYw0Vyy9+rFNTN4oeoGTWj6mZ1l8SBFj/+ibLZm5WMYI6f95B3HO81hzPzfzrkm20Rn26d8VDVP8/6LCI+WL6nNo6knDWXOt+snSfSKEEJ0LAcS8lAfGzZRYZfaeKvv6zIUil1UugAmXea0OLoGEmEYY9G/ptbfZjK6+ZfwbgDOaGBRWrSCatyjvNIXk+gU7UrvJfKubfv89fkyKur2Wrru7o7nhbT8XXWls4z2o3oDZnQKIcj5li60YybVMAtkVW5pC2pozbsdv4lKdoYB3ng816ZJlFKYnA==]]></Encrypt>
</xml>


2015-11-25 12:01:05 debug :
------------
String:
account-ticket<xml>
    <AppId><![CDATA[wxe5b18b9bd7e3626b]]></AppId>
    <Encrypt><![CDATA[Qg+82118SeK9jNNLCfKcJA+6JDuYLALaXSprOR3t6CegcG+etrCASmw/hnN7dG+aV89L9LpIsKdNuWVldWRBGHz3F40vq5oNTu3r+dHRGQYgd8mcb6vWBNRLftmVNHtqv3s8fjvdDJuuntgHSR2bnCtsCUUwsY1K38fa8BXS/SVrLj5QXy4jF3TFSaD7blj7SWnALQNoslgvhsmq786rEyk69UyzOKInkw8UiaUs94MqckcfoYJISLUT5ThpC9BbY6nRae/APVTJ/JwAuG1Syz68FV1LHeQjGMxHUTbuTYbT4BiCOf2sDGGGvMncLyJ0juNJHnunVL2WO9vkCWMB+XtkJnobctLZT6fLsRg3b1p2VPkcg7hxMgUYUHCcBqW3bDitX2ARbA6jdki3FS8TwrIxicag/nq8R4MVWzFkcqZIZCbqxl3v+/5ODoJk6o2+tuWr8fKBO5gxDF934KjZtw==]]></Encrypt>
</xml>


2015-11-25 12:11:04 debug :
------------
String:
account-ticket<xml>
    <AppId><![CDATA[wxe5b18b9bd7e3626b]]></AppId>
    <Encrypt><![CDATA[NH8GULeRjZLCFQFxM9++Xg5BL161iTZP8MKXj722mvunP/tfZFStm8570hESmofd62SDLyrTIytl548uMDWjOu/vMZhRQQBX1ZjP14P9kt/xRbaeSIpV2MkqvPpMwdbpGufyRVVly4SgBNWbPMzdpaiVSFcdYUlnqTh2SwEkCBXF8rFbUgsiq8+Ts1Z9jBsNXA+gNOxbZoyalsRu1oDV4rfvfdL1/C4svj3FCefkV4e+DsWmvPL8dGkORLjmPaBXjbd7MZ64nXfwOq/mtyZxu2mBnzYfnLwBaxSXPt2H4LEmneciv3A9sP9kIo422936zGBVQUMsqAIOnwi5myzC4xvoYD1H+JUrFaRJXjkb0euJuYnP7HON9nxZLdRUJReCXwJqA1tTBf25l6YUPjDk9Awzpuxs2nxISOvZ6uF+ofjc9/uaSZdGVZpGKZeUzfdfxYghW0obYdjX/A/5JNq21g==]]></Encrypt>
</xml>


2015-11-25 12:21:07 debug :
------------
String:
account-ticket<xml>
    <AppId><![CDATA[wxe5b18b9bd7e3626b]]></AppId>
    <Encrypt><![CDATA[0fQmLut8gYMVXx1zN+sAwrE78/hX3QDODvTO4K4dV7lERtM8wSHImR1oeyh7uMmq7mqbsPInHvfgm7YvQVHUlTZ6xYphdSIovWxmXy8OWYBFoRUnQHktbQk9NW4feQAUibNpNQPe2owr6DTncRh5RQYSEKuMLDbraTE0FIqXMUvSXrO8GT3uyj+4SS/wmc55oR+WH79dUqiyTZsmnsCeVG2WtCZ/H4bNYVPyBr1KO6OP/TFk02zUbxGG4+iT5XkFDZBQobgkiAKShKm5FM+cCgTj10ttGo3kMVuaMupcmmzl+aXFJOwyBDD3dUCx0DikLWA1Yw5f81Z6xcYohDUwtYnZD7bgcCqjGhCaL+AamcfPgojdHNQAaBIsDGJ5zCsNZMNCEU2awKESBuXuIbc48YjLLE4Jxh31elxoRPE+zILh+lsqvKfdHy/0RJXouX+/rdXpzV5QkT4cF/e8wGcKrw==]]></Encrypt>
</xml>


2015-11-25 12:31:21 debug :
------------
String:
account-ticket<xml>
    <AppId><![CDATA[wxe5b18b9bd7e3626b]]></AppId>
    <Encrypt><![CDATA[IdMkoDSi10UZPXC6W2ue+I2ZOnEygL00+JC4wiVKHYuR8d6N1js5hsCj1hxqSG5QrvwlW2+rAhv31g31+PMiRLHooG2URup0msoBPRWbQt2VasHka3Zbzy4n8sKwIztnj/kc+13SIELgAZDuzMlJAk/FdSWx9qrkCzRQzN1ADq3cq8x6RmeBVw5qk6xJ6Mz3AX1dJl61E83CGcGPq2j525UIqp9NBeRxZV/wZaoVjgI7XIMUHp4qJ2FGulHuuO3TH0ce1ugRMB1qPKL1hGtpcq9WPAAxaD4oCKNXdW1qgsA3J3/JNi7/F4zqV5N6Wh6ZZZ9TgN7CvYKIeb6i8rP40n1X6QUmLLjgyM+XgCC1nFFyS7AsFvg+ef1P8YMUuwgy8tC60i3xNHHqEZLwMx7J2US0yUmmSr0ytuhwfRM1HJvNqKf3B2aZDsf4xEntDh/79yW2EwSi+YqB0Qxa1yztSA==]]></Encrypt>
</xml>


2015-11-25 12:41:06 debug :
------------
String:
account-ticket<xml>
    <AppId><![CDATA[wxe5b18b9bd7e3626b]]></AppId>
    <Encrypt><![CDATA[12qEIrB9BK5ChMGq+nmv3p/YW9PPZslZZTyfGeuNV3OcJWuFazh4gQAYBMVdQl6S7Eolffy0acs6TM7p6iHJbfUlqUOMF1CGujmJqZDfCt+G8Hvm/2ipOhFTRhZ+NLXkvr63LnqGilnrhXXTR7h5n+Laiiv3vMFTILEf9D4fUZDsXDxbFaZ05343noODvx5lmZNqMnHiUvW01jFQKvOzeUO3bxjvHo1Fr5FBPIGNMKhGPL+axzrjAsi1fLElU5mcXgVz5YZbUfo78l71Nd8Sieoq0K6JDRNgjRIkFGvJ5wARyue+R7vf7GAaucQmW29M79bbAsi8GmJYYL8VzsLMhm7HHRje3Go2bRk9KQ/yJ2NOedmZo4XhMY7Jls1UnanjSdT6BOT1+hWdzY+HD6vwlm+iqA4hEW5u1R2z4L+m/Veis5g6MHLqAm2b3pGldHJIyl6sntjmtgdXa+rPCSx03w==]]></Encrypt>
</xml>


2015-11-25 13:01:09 debug :
------------
String:
account-ticket<xml>
    <AppId><![CDATA[wxe5b18b9bd7e3626b]]></AppId>
    <Encrypt><![CDATA[jPupmg5LtKTaS9ceX7/P+5aJH09TQlLn8LZQzQfBCmX8DBtnl+YSfIQ0x/D1mcA1EIRfL8P5QlnankYMWLptscXimLuw4XKYwzLlerTDjMVIwNp/+b+bOr0duqSxgxp2COADvJFApUjbTsADwegbS2yRO5/AUfkSTQNzqq3M1fJEGw07EA9ttUgHZL06PIhmw9ZFsGyKjThIQdvm6PNnY+erERYUfUqgDc1E67g1gq3qu8PeeuwIDVJhw+E/7FW3dcou8I76sxExKfN7uDE2BZmx0DdzsBZUve4X8GOmNJ0lMoTZxKP1kEfa/tDIqYSc0Jgu2yJE0bO8pnQAXjCQxFSEQ7aTnJkRPad9B1jV5GtpXDp56gDgDaRpDiZyP8QdHncWsFPrlCmLEUFrz/nRZeq1+qJi+KpVqTt3StVE3ms2L75EUrchEegUCaAzur4AMGibyn2vLWPeQXXu/W8zuA==]]></Encrypt>
</xml>


2015-11-25 13:11:07 debug :
------------
String:
account-ticket<xml>
    <AppId><![CDATA[wxe5b18b9bd7e3626b]]></AppId>
    <Encrypt><![CDATA[I7xv0nJJZZxn/rKJiLXyTP2B2+uPbVg6P9gXjfGcAnYJqN8Zzw2DTCIRN/F7jwBBEMRtBvvsrN4wtvVqjMJZAM7k2Ev07gsVfw7eiQZol9Bxc9g56Fc+nDIKcpTJFg1oMzpAjflgZtxV8bVQURKM50T+dMnqBEqm80TfdpsOOg+uP+Sw3XGZVZOMzyEdQCFRhf1GpnL1TsdCqZFrU3DBx70u6+vO8bwR+JcRtSjeyZnyOMHVrrQoPB88MRcirQKKEHU+Bu6JiyqFlfyYNtt+p1fOfv3cQRcBAJqqCkXjjoL8odvFH/fXLB3WQ9VnwImmFEZ6tI/OOQRXoxO9/X9x7RoTj/l5CV4cEuFkV4pMmtdPWqzS9TlT81oGSgkXJXE52Zuhc18yCoYCeYK1oFLG8XDCODIbkXSUSvOjWHqzoY/15RACHH+UyIUhBLcSsbLnsn/ikjrh9AmB58jaM7iUlg==]]></Encrypt>
</xml>


2015-11-25 13:21:06 debug :
------------
String:
account-ticket<xml>
    <AppId><![CDATA[wxe5b18b9bd7e3626b]]></AppId>
    <Encrypt><![CDATA[92fh3lihyMgxd2ZuvsBlO5a1WBFb7FLEMCL6Dh7gAIHvw1nTMbx+DmlPD/FnUTHYod2gbw4RZ4y6VqqnmFI/R3zgegmNjDeMygjh7x6AAXrkTjIdFBjLWtjlzJ+d+wCLuN9pr4lMIgPLz0U7CgEHFydEYXVA+5vB5YrHMab85ZBNv3MhjYRRZrAZ1fWYK6wgt5bHLvatGcy4RTzFOcbv+kDo2+1hpeOu2XwMaCUjvxhKtu2yoBIi1G1DmLhwdf+/UwOSbOaHAO9/YrJ9jnycogtJKoQIpNO6bvc3aFvtEPeNWn2ScUvUapIW/hxBllOWuoIK5r83lBfLw7BWKaYFA21vIEy+EtKknmNS1a5WlO0dmybAvV+MLo9vOp1BNebzHnXTKXItTO8lA4nS06nNM5amFOu68/C5IXXjqtt7rkHCO6C79B8/OH0bakWUzKg9UFp+JIKTq8MwW2gtBa3Ubg==]]></Encrypt>
</xml>


2015-11-25 13:31:05 debug :
------------
String:
account-ticket<xml>
    <AppId><![CDATA[wxe5b18b9bd7e3626b]]></AppId>
    <Encrypt><![CDATA[CHwuts/XFvI5J4b+eSY8z2nSC8oiSo+HTnrHFuUk8OSsV4o0CYpRbajQ0O2ednHVTTqNfRgkUiegekSrZYV/9ARsnB3jG0Itj9n9nDRWKeVGnn3w0SVULtuzEC7DjdLLI/i6avBvuRpq7Ps67PURNl5XlEMLmJt72ht2OXLozDZ7injcfT9aSiXl7Ao+9Cf/kWIm0gtF67sIC2bf7B3yVQnqP6JmcWCskZGDajaclxxLBKjrstaJlhbRD2rVNUCWxEIP0yvKRkLluAHQ3DUMSsQ29jF7c6dh2V2x9svFwLbhnIB9mjoJfCLSDBkfmLrmRITzASSHb/p2jKRrf7Kw8w2sCk/YNcB2SjI4fRmr1RnH91g+nE/3NdyPVI3567JXqR/MYbGS65aTqscorQ5rIjwTwFh7jNwy61bd3lIvSn4leF5AIVoQw92FehcT/Y3W92Q1HUQvxox7jkPwEsldYQ==]]></Encrypt>
</xml>


2015-11-25 13:41:03 debug :
------------
String:
account-ticket<xml>
    <AppId><![CDATA[wxe5b18b9bd7e3626b]]></AppId>
    <Encrypt><![CDATA[AK75Tg1/Y9CMqDuE6E9Gkhr1BO0dSc6UJVr883k5AgORHhS0lyeK4kXhpPr7nMDx86oWdC7BH308dMK9cIve+d+0YIva/CoDgasa2gt78qnOILgcWcHk+D2Z52emEbNh8B7pJzTydZXKIyiHAWGAT9f3r0fBlEUy/+2W0uOB1ZcZHfgVHGaoYbc2i6yahZlzv6FUbxponiS+k95tds8+Huw7cbqq+bsXbjhl9RI83imcfPdSLJp+AbpQ1WSfv7C7MZrRe6ohZ4UgXZd7XmfzuYNKxaxqVtahDK6Z3ECzFjsgobLgVgdLdyMW2KB7iTbUdyqUUNsIrOciJOfNeWo3YrGLnzZMcY55zztQW08gKgRUKLQ6oDrLCLQlubXJOoBsFnM8p7bvSThV1WYGKDHJ/cwr5LWT242lWEkB3sG2pHwc1n7jscDnDXYKNRodKEkJ35J5Z71XMRzn1tm32EEwHg==]]></Encrypt>
</xml>


2015-11-25 13:51:03 debug :
------------
String:
account-ticket<xml>
    <AppId><![CDATA[wxe5b18b9bd7e3626b]]></AppId>
    <Encrypt><![CDATA[BHbt92r+zgQnZY9+d83JBaDGaCR3RLNHGDjbzu8Y0NRtnwK7tUtPM3Zt6AZP9B4qgIj02b2i6yKKl8+URBKNxN8n8c3hPg/jH4JRWQGxrBT/z/z1N6qDEtBS3tY0A8Dat0s8zWdX8H0cZE8CugeVvirJymFf+Baj5GjH7IrjZNyc3VWYoUsfd6DzOiGir4+qS+I0Yc04A4zcvffdFuZOM9SME3IoU9zIRRiTcbe8+ifuoQRlYkKg62FXT33tJ+3CB3yzF+dwilzLkpQPvLpZyi7HESv7eJCz8jApdKUMKq+7wzYQc7fDUD9WlgkqFNOTfLzs2YJe/VVL9g3vB1P0kNRDXCHI1dN8YadQbd2tS97ij8QHvZTXTqkHuaf4DXP/jzUMJdT5/l6VfecbhJHxQkn4CE7G3u0RnoD9xynXEOUwqzKQfifAo2jrt4RTvfthV4FoUl+s2dHxEfj7cMYp6A==]]></Encrypt>
</xml>


2015-11-25 14:01:05 debug :
------------
String:
account-ticket<xml>
    <AppId><![CDATA[wxe5b18b9bd7e3626b]]></AppId>
    <Encrypt><![CDATA[X2LP0axfP6UVq4k7TJ6b1cROBRM3+aEOmcRlqTOfghFi+MZQPJIiVDajt5fSV+ewn3rTj1GOwXCg15IYAMHb4e6tZjUGjs59B1QIyxAqwUmtgb5aJRHt0mBRFIQCjJX1f3Wh3vlhrOy22Wgbx3WsTM2UV43fcjM2pp0bjQm3QTm1XBNaApvVPfXzgeZSdmIFWioc4rkdLmym+tfLsLz+cLrZ45D8xVB9mdh4kxpXtKmdgNHR9ycVc13IunLmJ3SU2nCB0c7JyqsDNSNmixLyLjaSI76F2xxl25fOmIFWGEh1bvPYY/XOUkFv4v+HoZGzaUcw78zcUQFaM92EcbNt/DKXZEOobqaFyGAUEV1c/c9cmeAEEIqhbfkIHVXcvK0LHEXHhZa/SmwmoVaL7/klzGAEB5a1T1Vuv37411vz7mgfMO0InSflD3UW4rKoCajv51ShEiPUppLD2xvFajOa5Q==]]></Encrypt>
</xml>


2015-11-25 14:11:04 debug :
------------
String:
account-ticket<xml>
    <AppId><![CDATA[wxe5b18b9bd7e3626b]]></AppId>
    <Encrypt><![CDATA[C568NkRRUJkoHbpq7ZMluRsLMGkxzXYU3RgGQYeGWy+WxmZj8vHtvA7PC0PnnhYzehZ3npIyiwUAublbpGdgZAoNAVQC4nVI+Oa9FKO1qdSrvdLHQEb8MKQypoSxwAYQgUJYHitDBcMhcsOniATUL2zm8i6Bqfyj4MeOxRxx/TDGDug1oO7n1dmMqU6kOsamNLP/+s3cEcsEFvcm5rmkt/nGnO6ST4dVzO0sAN/jl1D3UnEqcZN3CdszQhSoAYHoOwmpoMkmuOPVacaju8LKiMfdFJWO5dx6FwoiHZknVoCkrJ35jB37ufCJ0rgPE5jaRWSVfTIrFuSQX911lOOM4sHtC9lYCiE1HfZCXqRIvkM0VeOm6ckp45mrGlCCcV0s4kD+SbRbljYsUHRrhHNsyi2xAwU1B9BPOlspR9ZnBuyz4ygii6gHGe3CVE5VadO2BkBzRq6tDW2XeO78MW4bPw==]]></Encrypt>
</xml>


2015-11-25 14:21:03 debug :
------------
String:
account-ticket<xml>
    <AppId><![CDATA[wxe5b18b9bd7e3626b]]></AppId>
    <Encrypt><![CDATA[X57+Hv84cRxy7MTrn3DFojqBpmiMg9RjwkXyhndvPdPC7R01RMFV/WPrDmVoKwiMcFiqniJjnjTeOlJjRI8EyspwOmvwjAeObexK/ALr8urpZeOxOwc2cAfYAcKFIAiKgqWFEHM7ySVp8VWEOxMMZgWdEc/VkSUiwAGCbvxfyDpDXWObnsRrWgAfpfa9nd5qmOwH5ykTJBG6U5PUnrf3uvmJ2xna/McmALwKGvSJWBlFDK1tKlHBLp8u+ZG+EOQBN0pJGHzPYcdQoUaGm5Z7xVfmsDqx+pUmJp+CvQcTNAwaxlTJn03wg5WBR65aAfwRYd+0NpprzR9zqiY5TufhJHJiH70odnB5fK8kHhewGyWMAqHoSrKhdemP1eskkmHEpMJxfNbU6a7RhtkQPcqGqoCZO3yff/2qqpt1jtI8cyooWUGw2NgOs4XXyBBS/uEHV3rjZBi5lbM3UaNJc/nM7g==]]></Encrypt>
</xml>


2015-11-25 14:31:06 debug :
------------
String:
account-ticket<xml>
    <AppId><![CDATA[wxe5b18b9bd7e3626b]]></AppId>
    <Encrypt><![CDATA[RXxPW/GqDLtFVqPqHc7jT2U5sWv5TyIfL+ZYnqC9LCIXIOlbvmLPeJ6waAa96k7HfiY0Pd/PbBFDgp2YcJiqWEhTSgW4LgZsJeFM6Hh+aHnyWTIoNPvkmqrFhPBXHn2PwRSzdyrrw6JVFKPOPC+GbVzSEf2ORfGdu2Mv6NSim1P4W0kAH1SG5KoDJj3wu8zxToB03nD1OiY9G4uoMHfNdwqJc5CMhIzloVJ+6Jildzm5Nqd/khWSSZbfKcrNLhPYb1AJZxH6Q1QbM2/LGsae6cxZIEbugOWprvSXJ45LZur/7CvWcd599L4g/+PruU+BQkbuB8FGylFEnY0Iy+Hbfn0C0mdwgNRzVjun0vbolPZhQzx2Pec0AMtcjnMHGS0SysdDxzJ64jTiN84o4/MTA9mi8t8JvpWh8nrp0tQGkVi0yNqwqlD/Zd1N1EzUd1i/A4vfbpst7PFUCSB9ABoOuw==]]></Encrypt>
</xml>


2015-11-25 14:41:03 debug :
------------
String:
account-ticket<xml>
    <AppId><![CDATA[wxe5b18b9bd7e3626b]]></AppId>
    <Encrypt><![CDATA[fDeH/USrkKOsYq+HJugVbWjFNvEOglDADPdTRGzDufqqVGlEvH/r8LmnET6jP8dwyX/wDnH5u8+WxmgBjCLVmKYJCXvWtNEyVZ3Ui77qdzWwSHeIXAk7c4dcxAST8WP0n3ZNGWqSnqla4X2mJsxWBgEPN7EgynpyuN7jJ/tpeSfeXy0IxhAK2vOCR2WDIri8lLliraR7yHMa6cgW/+gLInSOdugsOnf8kE2F1LqfjSDrA3jZvb3EyVh0bSIaDxtmKQy6hfbculMqtMFFQsBhKyF2hIPgXbYIGBuWzPacWaBTqRvgckTQ+KQVpKzHCrfvHKFUDj5Wo4Du84T8ZDlNIwytdKdo/oPVBVHf8U1kxdMFo9nCJQUl0jukgosHJwW34HC2/Gbd/lOaG0ZkPrJ8R+SSddxmpQnu8RD3vPH+BBQkw1X6o2CpgnC78yfOH4J5fTbHJOKvZvDF7p1YT7mbcA==]]></Encrypt>
</xml>


2015-11-25 14:51:02 debug :
------------
String:
account-ticket<xml>
    <AppId><![CDATA[wxe5b18b9bd7e3626b]]></AppId>
    <Encrypt><![CDATA[Fbx/EPI0lr+AiQKKEJ3TVN3oJcy1jhPQKnepuDyFY7WHAsxHKfEW6J8sXZHKmk97NNhlvQDQMLNFbi0aida45k29wJ0c0bFNV5/DWx4q2BaSmRdXIwt5llzAbndF8bgkiqI2zSYnTTh2JUS1Klq1FE3xgGCg+BAW/w/iFENbx6Ah9u0ZyaHVqkpxlHQfAYGqv3c6R8cV8HUJ2odbXftRNFmcHcp1JFrtVMDLKEX8zkkJ2SKwtnPth1SVx4WkLPge5XeULk3IF6RFmrcD+JxT1DXBqzB9ru/RJHAwjgyWWKjfBhYBSHC6qm7oQBgZ6D+z7Fg4+p0AcfdZ0omre9uc5uv5G/LhqsjVr1emZZPot3voDlVtSO7nk4MnJzKTUNh8WwdPqHGltHQ/8a98THKGap8kjF0kqKFnZsQNOIQNIVLaJKAsQRwUXUWQ18hmFKjSyzmo4jCKXMEmVH/w7r7Q/w==]]></Encrypt>
</xml>


2015-11-25 15:01:05 debug :
------------
String:
account-ticket<xml>
    <AppId><![CDATA[wxe5b18b9bd7e3626b]]></AppId>
    <Encrypt><![CDATA[iv9hlWkD7bogMmyWLMpAzJNTwgygUapsGLFA1DBg4RNDJORJIA/dslq2BkF6TDOYpJWHrBiBRK4m1a77LA7QMxc6d3gLXEq2vUil4XrX8umVgf43PH1WuZr+wmUPDIIU1qCdW0lG0tiBFas/sErlJnUmYoYaYnCoiU14TIaJWIc+i7+Gv2hUrMpdvBktZJBXl5EQkar3xdy+4o34kpFaTqvMk/yVDJNuJ1U6Ulh0QqWUOJaCcJyLEgqs8gFGIjTLZ9WtyYpwJ7oYlvgo8aTzEbc37jpwnMYhlW5U+5JQDJq6pbgwiBznLUIgeOvJpupbo5xbfYa5kYWgYqrjCe0STTusPOky7IfvQU836fRzrzo9j8+eJhOQYmegJPonPs5zOFQuK+Okky8s8IMiY+EE3Di27s/OUBot6BnMx51nOZ13hrmZwt+gIAGHdksDVjVqptIbiBPUpWCuVqI8AEzfxQ==]]></Encrypt>
</xml>


2015-11-25 15:11:03 debug :
------------
String:
account-ticket<xml>
    <AppId><![CDATA[wxe5b18b9bd7e3626b]]></AppId>
    <Encrypt><![CDATA[Bm87F/xAbju9omTNGH4K6hRB7myAFo5idcMGH8XFWXUPGHZX+H2jXKWRX0Pl6uDn5qPcLGODG4zEKvPUcNDyegR7Pq6kx7NXmoQmEcvMCxroXRVuWHdD6CY1x34RBGD9E9UvuLtD8HXskggNWcIhpe5eiYGU2XpJLqCin3KzxgCxrxojfYuZEJZjx+XXR8HZZlqV+7cSnPBS9uVMtmh4u9o96Txqu/8rLnIND5xZl16WaDgAaRg9+WwNsXq/nAvpa1SPr+kxj0twHKmVsC8C2kKBG1wNcnQpEiMCuEwwJMgTSuafHwlJetip33u+rwAFmx/nliYx5QrhPuGOP5Cnvegt5Yu/irkMlLPD6A0JSpovAXAoN9JqHDyQgwlo0uu3qASnl19I7QETlot9F3hBG6pSxqFoSk3cJdb1hayB3/Z/+comUPW4be6G13RT6xzqBGH71MJ4p7raVpDdPPf/rg==]]></Encrypt>
</xml>


2015-11-25 15:21:04 debug :
------------
String:
account-ticket<xml>
    <AppId><![CDATA[wxe5b18b9bd7e3626b]]></AppId>
    <Encrypt><![CDATA[/YuFwZWF1IfXgA59iOXjyLufFzQppgMxJCQl2Tk+1Mbr6+XoR9x6uTVMEppBGKUmBBoR4mvBkSJiixL+w7tSpjnyPOY0k6rR7iUJihaU3AKJSgBPmKSBuxdp/9YlEfcErbgSDfJ1KilF5KNyTfxVUm8XLSkPuyJgKPPDltVbnbO9Ly8kjjUE8kFAYAVpamNNOHafeVG7xo2U84jHDIejRug24erZ3umoY2afOB0DfB2kVwTq2OUrQ2oJIWzXLJcNAfy3M/FuWt8NlwLbmSV7g9TrJmHuTB/rveeyGmmnPuZ8Pbe5uiuK8TDNemp+ItmzQs8OZ7cYtM1NyxTmLL77MTjF+CuRifnT/98Zu+Zj6nNLaSHEEEwNxTKZ2lfUOz5+0NOPxKGt6XB7yC3c3ZOXhizCt4aEL12Vwum7E7//RqtoGhQq2IByNaETsNf0iwFackSihPaspv17H1CopwWy6Q==]]></Encrypt>
</xml>


2015-11-25 15:31:05 debug :
------------
String:
account-ticket<xml>
    <AppId><![CDATA[wxe5b18b9bd7e3626b]]></AppId>
    <Encrypt><![CDATA[c3KBEXmy5asT4r/X0leoGPWph04f00CSFWavMVM2rQeQcoxlF281FmkW0aTAkVgOUTEHsH+H/99r0pE+ic2KSZteflgExBfbUPSrAGBjxM708oHIS5jHjwM/AkRVlvWT1Jm1ivLUz0bv+AnKHnQ8/uUMCMPgHhfB5zn/VFVrSMXa0yCjURBFb+zd2tm5VAWSWcYIJLvJSp4ck1nG5OZM45L56J4X+BkJIbRNhfqkEMLVa0cavJOz3T4ZTL0RtwSCtN5eJ6qWRd+zECyIRaxFrc3UAOBjpg+fOq31fQpM5hxBym/LJgEHsIbw/97tTzIPXn6eqSoyP0zgNzcuSO4vcTkAJJcN7C+fBoUnGVWccBbyuegNYHgUHUTNsT9i0hghbyEUFLdFV8Ah68+gdbPdL2KSXhA+6e1R89Qk92TkrDsckRHKzFvZph3FiUG+ykagV8taDKSbUdodlo1dSo1eWA==]]></Encrypt>
</xml>


2015-11-25 15:41:01 debug :
------------
String:
account-ticket<xml>
    <AppId><![CDATA[wxe5b18b9bd7e3626b]]></AppId>
    <Encrypt><![CDATA[G19BoqAx9WA+Inn2wzHk4oOfsLs5YhAsu9HQ+McqMih+FzIkfyEfqsXsqX0BZKxT2N/tfqkgzHhHrOX56m0d1iB6/lKW3c7VrFl2sdJJSydlLijhEHb5dOFjZJl5pGrvkevGmfHS7PhNXOAtjN8BB1cwwIUT4p2fdJv8gzDQaPmVjxCfUUEZp5op/meugheCnHk5suzX8v1Y4jrY9tgeSXBB1kornmekRgYTXZgd0YNA6PHeFY1kfxRtVRTeKqqz3qvxk7Q9ub8CgXMUdXu8nr/k5z8tDc6NJeDOdQz56vZvxn23jGsmY8nGKIgPsO1fs4ZYNqMoKGKG4ftP+jZSXIWcPnP6Q/QDJxA6ipFb04z6Ictc8w6U9FeN+p7oJaBsqAYhU03ufV//4VfY3P12gOYrBRa0317pKL717X/gF+Gb6+SSI1j9TVjTZ5JdtD3gJSO+iKMBU3DKJBaI9Hkjfw==]]></Encrypt>
</xml>


2015-11-25 15:51:06 debug :
------------
String:
account-ticket<xml>
    <AppId><![CDATA[wxe5b18b9bd7e3626b]]></AppId>
    <Encrypt><![CDATA[+EIFu3enfQ3bspulRbvdMzq3Zst2HAae6m0NF8FvJ50XjqlYX4FBtLNV4m3Cqzuprstbp/j1uLTuueb8b9roZcLqlohGSN/yt8LxQCt9kO4k0Lt6OcSwqzCJhLYr+xSMa3RCQ6PoWaoQCTPIJnECnyZD5Y7zkVlcIeJs6aweE1mKyXXBzM4Wu2QQJx2QlncT5LamQ/tFkriRWN0Zqd8fHN1rgiSBVT3FnZ34QatR64QZ2H2zA6XopMcjr+sD16UItDDLC4akLa4mfpeG8RH11d1+OeqBpA92ocksIFMJ/aG63nBhEdlhe1o4URgElTgBNnclg0tYPFmq9exZDq/a1AP4us7uCxrRe+dMfU24d5bMZvHMzGmXJq4EXWZv3eMm/dFEQWgYFivshKkMbU7owJ+7GN/3HIwKKxx5DfIPeeT4B5JMGPIeFDL+jvYSE5m7sAa1wBUJkceqibBgwDYiAg==]]></Encrypt>
</xml>


2015-11-25 16:01:04 debug :
------------
String:
account-ticket<xml>
    <AppId><![CDATA[wxe5b18b9bd7e3626b]]></AppId>
    <Encrypt><![CDATA[xV2mAKk+4yMyR1Ul9puH/JuyN3f6FNtaR12EkbR5iSBx5T2dOAbM2hVapKAh5Pvq0EmI5kd3g8dkmiByTjd98ne6N3wSreZJDOQY9qM8ngWFX99CUKbhQxwzKEJ93qeTO5XSFRnYief8oJyjqPMk+UsWXONQIUCpNvbDxwNjKj1nq9rGCzkQIHA3A5MsVo0WgHq+1ThLwVEuoKGZMwImJNaU5Hk0VNl9uIPbkiJmqkIzKSBHKeB7IU2vv4Z7sRfwNd+52GCGabFVjFeTf8kgwiCrI+wo2qSxj3YN+z6EtifoOBgoos9zVTBtFJSvp8PIOVfY+7VLUMAVg6CJtMy2DHVBOKHOC0XODabDGkE5HolufcwzHwArKHy2jNTQwF1cn8kB9aoPGLaB8pRH/ZifyWTNaTn7HhVs5eqJHjlFvo95WBf2Y2gIrhVgwFolivFZ4XK6bzC3T9SjlwFFEBHDGg==]]></Encrypt>
</xml>


2015-11-25 16:11:04 debug :
------------
String:
account-ticket<xml>
    <AppId><![CDATA[wxe5b18b9bd7e3626b]]></AppId>
    <Encrypt><![CDATA[hlZFqqR8TsLpgqH3FHQBaXrhxe/bTvfKmUIke156XkgbFx4kH94me9BDExghv24b2+lvckf5fRtmksnTDwMM6icYTYCdkVNKghX4HrFUF+JmtkhKKFlD0+CpSuMsI95uu4+Ihjlp/mrU5JkP+0A0nmzMHr16X96kCfYMSFqGf1DQb4fthc528h4elrhD1/+TqswUdmibzLsdpm/2toSAwMzugBvX6vnCMg0FO1O0iIZdlfcHysDw2+KM17vcgZPAw1ZXOMjDH7wzLW4osknNIRpMlRdxfMrQYq7CLCKvjcBQh7gyOvk4Qyi+KDm2XSNijdYTjwl8eFLAPZMGV0J0C/paLzWSGZfWdaCWh2CAn0+evJXzyQusoW3sIZ5R7v4tsMkMG8qqbwR+6r3kTHk/f4589qID1YmU0IZGbulIfG1P3vOiRXZig5IkXEIn9yjlpKDOW5AdoeJdcLd1eTrbvA==]]></Encrypt>
</xml>


2015-11-25 16:21:07 debug :
------------
String:
account-ticket<xml>
    <AppId><![CDATA[wxe5b18b9bd7e3626b]]></AppId>
    <Encrypt><![CDATA[e4Ms7uFKPt+tv4cqKvSPt4dCZjGMaMGhj2RYwpPTLuyWcXXk6FaKTq8rI5wQItS4WJDWAQ481OZBlsi9vIcehlC3MuDwCJ6hzmB7w3hNwhiMpC8NIVLZLUrwBU/UnqzHw3Iy4aKi3aYaeBw4RHMZJp7ov6K3YTK1xMC+ElHJnI7H77D8cyexHDLR7t8g6JrTnYmtxXh9T+r+0vjZyms1S8239Iti3HDyNidZ6JhZ1RLD6iine74g3deAFnjm1ef/AIrXWWQeiE4wyoeB8xBUVcRtoto06F6juyQSzIm17b6BeUOWTlAIDNJXle1oaICYkhP9PormDHW5Lf8QVZ7S6NR/tdudt1REBC6eNXSGnLORPctijxbp/i73R4DQeFC1RwF2R6w8fZAfBs/NejnFW4iBdS0F2X533OdJ7OgRI7gPXJ+HGxchextCpmdi4Gy09DwoTOYRDtLBOs8WdmJIYg==]]></Encrypt>
</xml>


2015-11-25 16:31:04 debug :
------------
String:
account-ticket<xml>
    <AppId><![CDATA[wxe5b18b9bd7e3626b]]></AppId>
    <Encrypt><![CDATA[Xc7bQ4FjK+RH9qW4MLsxUYqK9lMtI1ysp0QvXwqsAwJ5j0PIB0k8c80loJc9RqmX3hJ3ND7q5uEK9x/VQ9XYxauTftlsM08sNnqUx7RPJhaD8Q6nVEfg1K766H91lyncv3LqMEdwbckn0mdo4mu6dbLXQT8c1IzsL84Slll2GeKdhhH7lsspXecKO9Z/agzwUI5AkJeJrE0LLwEOw/Sokfv8QnPAYr+cJ+4V03HoW47jPZmiRengDG8qMp24ndJbB9OgNb3s4Mf0GxvzChvDteCyNzaHrdwKJQn+t0bSKuAtUJOzjP4MnWnGmI34mVEiM+saB5D+csEHAZqzvLDglN8i2yOlG9TORDQkhjxq/nBRAOPHC+Kgtf12NbxJr9PDlxVxha7QV/5X9CW6BYpweffXf7Lh69GNrv384n03yefU2y18YXYDN5l1FX26ddk3bA5REBfvdChiKMC6PN53+g==]]></Encrypt>
</xml>


2015-11-25 16:41:03 debug :
------------
String:
account-ticket<xml>
    <AppId><![CDATA[wxe5b18b9bd7e3626b]]></AppId>
    <Encrypt><![CDATA[JsTV7nARjz7XWA73VSmkQ9drhVowi3y+hbP03F+mRoASKO8hexkKm1578s7l+74t+YQ2dSAtGC2mDHCWKAgJacR+Uv0uaOdLm/xbS5FcUdqz2MxA3djeRt7B5mYnPHfGTmd9pn6ZJbdoW3oFflnrv8z65xg1UW9NVTK6aBMK3tR3+kX2RU1hqzavnf9LnZv+vP6PUggMiMRE/E88/PC+XM1RJhJiAnCVbBeiP11JewfKI72QGUxkERFoCfgGRbhbAS+ImOm+wrKfW+FVeYnSUZ8CZnntO0FIcvqXGmBLS6tgn5+wXjU1Wi+IgqI+gBbImsfL8HngLCTyZ53Jv5cU//7cE8CDtJ60JJqMyX63RvCbvhLs9xXX1gyKAS4CEdtC1zNPRUiYzR1bl9J7Eiqo9M6bcGv/xYYWI5XoeXH8MdSmkcBm28QNkkwW5unIgcOkf1fCd04JIr1vbuSsiTBNRA==]]></Encrypt>
</xml>


2015-11-25 16:51:03 debug :
------------
String:
account-ticket<xml>
    <AppId><![CDATA[wxe5b18b9bd7e3626b]]></AppId>
    <Encrypt><![CDATA[CuHAxyYCZGpPGPSNMxSBhW5c8srBj4KN0PuPDdGMirni6b3vK4GVYRTrpdw7OzsSwz3c2WQNmHvNZmqjdFspLBvXteVwSO3ZgOAeGbsmxHKjXu7csI0k6OxyKE6NwgJfc2eE163Bhn7lHQ5X4G1p11w/h2dnDSt5K+4NAMPCsn6wKP2O+WXJ68Rw09sbD1QTNEC7WjvV1DZ3Vf58QVoaN+0AKP0BnUjodjssJeuqTb1S5AEUR+A10sNCRTq7D6VVouBv4QiO5pL70DnJCvpEs/1UG/9GcP/hzOYwYW3vw709CHSoRH09XJ+rAKTcKqxoIpb4JhNexrl9q3pgYvzS48kueFwm2Swwy4ktYpXsnlVK9tqCtuSf1zjfiX7XHWLy52Sb9aLn6DN/GAOmUoe1s6boExkIVGvp3emN0ZZnICut61sj5N8vW+7wuBvXGpTP4jIdZajfaW6LWo3sraDPrg==]]></Encrypt>
</xml>


2015-11-25 17:01:04 debug :
------------
String:
account-ticket<xml>
    <AppId><![CDATA[wxe5b18b9bd7e3626b]]></AppId>
    <Encrypt><![CDATA[8YwXod2iz+xkf0DrOotOXgdhZLIz626xtlfj5hsHCA684vbCna8A17t+lxTkcEBhNdp3viUrde/+AkKEaEWBHpMais9KW2/1+k/mlrD0DV/ftFEwCuTH8s5CGQXbvmNWxR0iutsMymcKCPJeWvX1hq7/J21s4dkdc4cJoYRk9VxT65J0yTAa8rf2oGRx/ac8Dt1brwC0M9rVU+iitVjyePNSFgugT8bozlbdGGoI/LI/mqZfijC/TrnMQ2nM/XNhJ9fBzh5N+rn70ySMFtUYjb/NBr/joZvnYdFUnL5c5d02rJoX4Yb1QnSq4wrPARMvlJLZP4ROMsZzpuDfwK9K+UgzIeDpFOZxAFYp1fXbT0fjy14pb1t2hWjPdU6C/68S22IZZ2iq5bDhQT+bqbd9goVF4u80gnDDH9hwzJeldbTMq+XulEFUtFvOz4OIogA9IERHVOVeM3y5oKFXL+x90A==]]></Encrypt>
</xml>


2015-11-25 17:11:05 debug :
------------
String:
account-ticket<xml>
    <AppId><![CDATA[wxe5b18b9bd7e3626b]]></AppId>
    <Encrypt><![CDATA[MbGIr3kQhgwpSaEGGREwB6zSK/Yl4sNyG6nS6W1G+u87NLNPyuuY6jFjZM01fqNxLccO787cz1nb8po/oub8snhax/UOqBjfANM6VVC/jr97sT3ZWvIuiZQ7BC3P0A9UaLGWTjBnE6UEU9hb8mCZyCQwB240HexwauJDgWMmqIgRWQ/U+Ls4NFydVu4BVMyBbg9kKy6OlAATXvkwDuv6e+jcYv+vQJnqRQb0BORfzNjjxvS5TLicbdS4GxDqMl0f7R4EuG3VCMpeoZSu2UbmcmWPtMllo3ixYsiYdgzgSdW5PLsH/XiRmgCzaweymu/W4uE3CJwPyy8AUDKLhxfhMseIjYeRaLagoZhyCwDa2qR49IswSXksmXKUdwzLGc4pgLhECQ4JgDevNU85BBH84cpcRLMlMJpixef4fO+UADqYCYVLpOeZp8vwFWY8HGMyX+V6Oa/eH6K32rogWAqRWw==]]></Encrypt>
</xml>


2015-11-25 17:21:05 debug :
------------
String:
account-ticket<xml>
    <AppId><![CDATA[wxe5b18b9bd7e3626b]]></AppId>
    <Encrypt><![CDATA[WRVQENarCnoy8YfHLoYALuMzOJG6UmFoaTFg1wiQApLTfj95v0ZuLUCw/6XgpPZHnEZaywFaqutaF0TVchLdvW5ZhiRjJOYsjuVwODOuMD2dhwpjWiTY6T49KNx+KamYoAeyKXhsfaTg7JwuMjhlZAd015YPozM0gLkTZZf+cmqJw5FBKqXlhIC+z2DVyDCqJqrIDAt6RubzjIJEfpGkJ4ckwzi207HUF8fY/2lxucM+69cVpNucbq4e8q7CcqWS0Fdr3WAr/+fHAfyzafWs6lmmC7Ps/kj0Ayf53UZW/yt5hh2DrVZEvYvkO4Qz4wSA7kAn/HgrljxoWyjMd2A4nVvNEdiRrm3L2BWuox468BMQwcjT3Cs6alqkYk3MP6yPXbNjV/88XKLvHm0BOU98Nl8RWDEtpsEd0rXFWrC8NfUyG7jLdF908A8IbMp5iedi+ZRnOKlQ1MUCIXOJHXNv7A==]]></Encrypt>
</xml>


2015-11-25 17:31:15 debug :
------------
String:
account-ticket<xml>
    <AppId><![CDATA[wxe5b18b9bd7e3626b]]></AppId>
    <Encrypt><![CDATA[sxuvzaNOspgqElK0BAeMyHRIwIyW8ImBsv+pHoCJD9j1MRicMKGGDDmhYkwOGUCRY+5yDPiRmpJ/LiTjMYMCr93BXgweo1EQz8WrXqPS+OFjxUooDANFglxp9LJ88a/u8A/HZZcsAA++AZo6Z+2FZk6QNjuxNuHRFpGoip3g5tMWBmmULgrKTfDffGLlXz98V0NoSw8gz7T/oDDwS5SQ0kG7waCs1C/p2XMBNB4oXXXgZ0Nz8/+Uu8KBmFuU/cwVRKdvYQUxekwP/nF0SiMMUgw+y9iYwOo4k91v9x+iGmeX4Btb8rSxq0HnOw+/e+FX1GSW8UsJTxoTZhdxKz0xSfuMpk1Z7ojYLmjRq3gGJLQVMCES3TUQB2RvYJKM7E1UqAqjiGuEEqdmsagJ2n0MDe6MX2wJT5gnaM/Tnbr+t8t6XFCTWCbrbAWuAZ/ReFSfX0CTCdUifDVVvWMhtFrRIw==]]></Encrypt>
</xml>


2015-11-25 17:41:03 debug :
------------
String:
account-ticket<xml>
    <AppId><![CDATA[wxe5b18b9bd7e3626b]]></AppId>
    <Encrypt><![CDATA[pELu8rDrrx2HhtHw8+U4fHF5WsRuwJX49A2eI7EgkXQh59OV/lLg9iZV0AmCKAT5fApy00A/GUgWmys93Mk6e0/sGpfs9U6yKlt5sHgZWACrA19ngNv4PyjA2eeU3o5GMfudqQDXBf6lWs7C6NXIa+2OySJ7hZoTLmbkAQWy5wFj+yqxm+tQddIi9JccgGqpRp1nx2jSP4szhEQEm47UcLKTExlw6yaFUdYS2U3vSRC6miejgKd0CJ1RKHE50Hf4HQqLCtEu85sjATF5Ca6E3rZg2gqnrJp3P/H9qUiYQKmtmEm35+C1qn6wMZf4XnSSCEQjjahCGUiXzp29yHpBTYHmvIn3EKIpS6w4U4EVSf7YD/riyTjpueaDBkX0xkjkw57debhKAqH3j546AB1hXlVFrSnwqM73ZJtFCV8XqCdt3/Icj8ViZDPKhLq06YlOMXlVIOKqw8W5NJKnFj4Nrg==]]></Encrypt>
</xml>


2015-11-25 17:51:06 debug :
------------
String:
account-ticket<xml>
    <AppId><![CDATA[wxe5b18b9bd7e3626b]]></AppId>
    <Encrypt><![CDATA[rpJV1omRBmMscMFAVdLphBRbTFIFDb8pIOwfUB0mp+PCvpQEUbNtNtwGxiBh0iWedEYC+WkowvvszUYA1qt0dYZaP+hTE4f6nRbcfP2+qx22/IUa3h9sZQvmXA0Cn4jhhhbBYQVfBikPBxte2PtACYdXo3H8KxEuSXTBs9DRhakMGgvX+Zrvp/geuzyZtZvZNambi8Qbn4IFCSz842e5M+85Un+jgAIg/ZNkohbPRiIWeenhmDtEjuGf1kGkrmLU6P91Qmn8Ye+TyRdSGSsk6ZzWHYFUZdm/RnRkBCAo+838qpEMBe9YyF9Q07hvbftYFDkgrd4FCqp6ir+K/ulyeDnOK7FssO9/4Sw02OjHy+gk2RXcVNMOua2HNX+rwMi3j4qo5oMNKg8Kx12y7SVC0Jh7CRlVW+Eid+ZM9PNLZOEh9XSBcIMpIB05njkyDvEzYRHpdpcp2njIsHELgR9Iqg==]]></Encrypt>
</xml>


2015-11-25 18:01:05 debug :
------------
String:
account-ticket<xml>
    <AppId><![CDATA[wxe5b18b9bd7e3626b]]></AppId>
    <Encrypt><![CDATA[FW6REZEDakExEfpICdrkMn1BaZcwvnvzPYrh3KVeqlafV90bw9YrJelrAeN0RVT/PbZTwQXjTGB9wQHen/trkmXVwr7sRBQVcLg2TJMYzfwfl41wIlsqirGxmP0kmg1pnWZio9swFxcJxKC6n/qjS2iEX7mgbR/yNQVErOOBLE54fMBnxTAi8M7QeC+h2qclUkddhcGiBHoSF2IwFJrIwmCw7lPmoCDSOqtKXRMhj5YJ0tOilWc+rNbP8X1K20KauSr8HhcMdJfadV3CQForU27Ur2+WH1FgI/uHpyiVzYf9BfPZL2k+Q6AwQgBzwv/Xcr1bVz4zL2hzcU0VeX3m2H6W7kyPJgmUVDSz7b5WQEwXFJEB569znNXyawUwRqOGHfwMRqGbZdFYGWIUErEXooBCM6ocoLqISypcjHWUJtEJ9v/8KOR1EsWlNThPAuZtlQpMqHhwA6teyOvMxeJiMA==]]></Encrypt>
</xml>


2015-11-25 18:11:05 debug :
------------
String:
account-ticket<xml>
    <AppId><![CDATA[wxe5b18b9bd7e3626b]]></AppId>
    <Encrypt><![CDATA[vwfZCPNrP9xvs5gt26G8/nZ5JZ1iQr3UBqSTJWznzk442lnia35gWAwiuU9POuNmW+NOBIMh9r+XNwbqHuWhQWCfM2pYNcASlg/wLWuwdx6O8i4jA/qWKmDnHMZn858x3I0Can2O10ZoxtOPkUx2cDK1xiB3SFf8gIQmkUTT4NDiNyz8veu0KJWk5/0TTlBiSCfOSmVNTWnrvPO2VoeP3DYLxpJA9IezG+2/M13MpxxVtZlcnEcTAaSd5/LpqYxlOG9kvufaEiR1XvCpwJu0PkdXHbVh4mzQzxa3boi/bonZVET5PQpDqrAfBD3HYAcoCsnJG75qtJg0cdJaN4Y1oPEecVTIBMA5f+LUBJ6TbDPHN7p/tlDNKMsoSCxuCMP2ryZvS151XfmYBIZwOZck7WHZD0FHCy7U6lDKGqpaXfjgBfKhXM1nSD/9JP7R3tkv71t51UvfZwxjmMiYDkXQOQ==]]></Encrypt>
</xml>


2015-11-25 18:21:04 debug :
------------
String:
account-ticket<xml>
    <AppId><![CDATA[wxe5b18b9bd7e3626b]]></AppId>
    <Encrypt><![CDATA[GYnxL9XR9+IiBT2Rkse+/enVUs4SNSjrPhO3OvONrUMCHKvCXovgdpw9/jOEB1VvV5h0tjdNJyerij1T+Ui6GbK6wpwLDJSPyzvKnXr4ie/1BN+Bv8aHLfIBIKHt8bFjX7ALdpDzcUPIFWyPEAHIBB/ANyMN7TdJvU8FgVLBcSlToLbXGPgvvpAIqNr48Dk+VzENkwLdmAl2VutRbch6Ax/5j1P/uJ0yF26T9Du3NmSVe9dOhrLOvKSrax/A+aCTbONy4AepTDs+oPE8fkK2LyJkgZ0jRBeD00sM71+vEi6W6DvTP6GamudXjVrXCpqEEb4twKixXHXVcwoUIH/zU1sentmuR8KjNSP55kp8smwaXQQoLGVeR3i2EmrSYFutPp+pF4M9j+nyDPMpjgpDV89nsdu5SHoxlrkN5wegL/o404jTR4hqmVcjrG/mrSBt+KQIn4Keedgs18yO7nB3PA==]]></Encrypt>
</xml>


2015-11-25 18:31:04 debug :
------------
String:
account-ticket<xml>
    <AppId><![CDATA[wxe5b18b9bd7e3626b]]></AppId>
    <Encrypt><![CDATA[PuIvm1xcJUAZwSHMJakkJEB5OVqR2hrYyZ5sj43ozosMocUfxeIBScgxH/Qnq4WO+khuOFb0QDuJI7lA5uEVyngtYxIMvfEfj90katcj/eUM/h0OT8IMY8GvHCu5ibU6fuN/UzypbB2NPEKCBFpImNs0TkH+ZELNkZIk/gIQUbzFPfcwZCJxaKR+nX3nypvksKWY09ZUxrLcz0kmw3o+gED4lxHyj6ow7IhNbfPXKAu2vjfIFmoCVpZcVKDVk33M8DEoAvLOCMV/Um8SNt/3E4A09zZcSHucjB7adWlv/n0JteD6kC86g4lWR6lNqUqa6SEaY0LihfK/g0LFQlts5sKotC6rn3XVdYcsyYu/UaCKLZk6w/tHUqUfSFDkgA79vFB76aN/eJqjhVHc+sjBhN0+pb4nO41ex6Wo6ewh+Dn34CM+L2P8DuUJfy/6blxpYO5+GKq3MQ0q9TsTxUHw4g==]]></Encrypt>
</xml>


2015-11-25 18:41:08 debug :
------------
String:
account-ticket<xml>
    <AppId><![CDATA[wxe5b18b9bd7e3626b]]></AppId>
    <Encrypt><![CDATA[y3uXzWO9xWzlizjpvpm6Mtr7Xu1PTCNJ9SxXGUitjAboleho0Eo6u2BRUoMLVS60JX58WoHQ6VIdp7QeyJLb9s+zJ7fOQRVihzqLE1kT6iQ5YcDCZr+iZqfujDShSk9s4JThfwGO/MWHXUvzyf8IKf4cqCGy8PeAcvsyk3Vwc9Y6pl8N82v/YCTVO3h1R8BJ89gudn9rFK9ObP9gCJpTG6jkyBwzbeYbC5Qa3LwronxOqNzUVdI+ZfiXmo8I+fDaBv/DRstdkY7VLRy3zglqWvBw8oIv8XRwgnMVGv97XbcQ3ThJjUjERMfyhpqpOSYrfYhYeLdj4E7qFxHQSfdxy8svFZbq6TCo2f+7d0+0C9Cq8fN02D6lDinm8+3hHJKUdty2MwaKOw6KZZLU1GinhcT+ZnDJ9bI5Z7vmbfcJrtxmvv76Vahqt/hMsoHGgfjsiOxoDlvK/yXbsa2/NjBgGw==]]></Encrypt>
</xml>


2015-11-25 18:51:03 debug :
------------
String:
account-ticket<xml>
    <AppId><![CDATA[wxe5b18b9bd7e3626b]]></AppId>
    <Encrypt><![CDATA[BdmlxxqMB4Dj8HuZ8QvUam7qRK/I/2vFb9quXAhG1XWj/uII+dZYLSsofiMlDCioZsufGOUlDbX4fu8DQ1i/dis2jhrd65DJKKdADPa02oEbARwyxVVdvTcizctFPxBccli9TMGyOmDajQRObc4GWebMyzaYk6qvEUWZvw0KNzv0yWBpI1w61Z/XvmQFgVUkUZa0C/EUl6lXzqOUDp1cBvYPGcLm3T1tSoiSKI3w8YckMg3jMTSLFckQ6n3HeGvMhdN5pwvuINC4ZFQpk2qJZKReXn5Hg8zOfl9MkIy7o1qixZ1czwyZCU6AKzNstEU5SZgAGLuAfzJsU+/kNqVl1eDFpZ5JGb9FDC+CJoO15Cw02Qc+vyCdibYn2FNge3OnSi5ExY1V3409pZTHZ0yJiY/bE8O76hoFx3FKMTlA8MfnuLKaDDMgjCO7LKpFBU4CXc+jmaftqpyXqXNPFz9u6A==]]></Encrypt>
</xml>


2015-11-25 19:01:05 debug :
------------
String:
account-ticket<xml>
    <AppId><![CDATA[wxe5b18b9bd7e3626b]]></AppId>
    <Encrypt><![CDATA[dkPKFAcup9tz8ERXZqz/WEWJVJJfKQ4x7k1BPGsM9+WqrfIhsWnvyVOVL5SozFn56vcbXqkR0J3nzpBtqThikvAFWJ9fIMYYTRNi/McqBhVQFJn966630/KcnhjCPk4CxDVbWHJzpXX7x4v1HMOsHkHGo0VBv8gBTRbYSROuT6LLzVHquvBOVTmp4Mfdj8fG5mJD/WrVIGySkAqWGCnogoEnTWmkvDYS3A9uyNuB8G3t0rPBYSvqQ+jh8c5jGUiUovLJkeopiyVg7t70mkMeSP7zJEVnvdeDE+aY1jjATsijvP3d7gP9PDeJixQ2ZpXBY6u06s4/Hgjh9oFEowWHxW28SqzE1hUm60KdGSnNZoubZUNchx4AHgEkl3LjKL9GQzj2/28Qj2MVPwfCKeMC0uqPoYGDZpPqSSl0IY1DmEzXrLUX44CxlfPuQXKpVsPBpjRZJ56LoLx2ug/S3xXcdA==]]></Encrypt>
</xml>


2015-11-25 19:11:04 debug :
------------
String:
account-ticket<xml>
    <AppId><![CDATA[wxe5b18b9bd7e3626b]]></AppId>
    <Encrypt><![CDATA[13R5dJZmiFweQ9FBhEjTfDDlLZsmIwFpGzsUkkGi24hddY+RShPz8050LMX1mKNwuXa/3E+T68Xf2VhFlt1V/CXzc78nKlNQXtAwrkCUggDZNx5CnLh+TU2TjlvjZDv/WEFeD/LUnYBhOjBtfkMFuQAZmDqYnk4IopO0dwVmKGjqXCLnf19FACsvmcLBvBY6i9gZmE8OiTdMM5FCXZ+hv/GeHiBN2Z7KzaWQrj6Wh/i+f1SMGFFNtbxzeywtYiO1kpiMinTOe4nshEzCRWJRPalWq+iqbKhcQLa5mASRbVmoDkV2UEMm8US9CE/Of2XlgOOOMUw0XrjUOcDvG1ixSrcd0zw+IDIYchpNbww37fxnmKnUSgUxD57yqG0wSfeDmXPR6e/bJJdUJSxcf9S+DgycfiScMdkh/fsoUJKgUImxWCVDrBhJawHBXxg7JoV8EhhVT7E6P+F1T1xqFSwKCw==]]></Encrypt>
</xml>


2015-11-25 19:21:04 debug :
------------
String:
account-ticket<xml>
    <AppId><![CDATA[wxe5b18b9bd7e3626b]]></AppId>
    <Encrypt><![CDATA[Cc5ROg0WrXzpmeqOXKN1BbdASJHrEaIlnu0FDNKjh0suUhuZGYKcH5YBpPzDmRA8X9CVZmg8ha3O056y8PEeDniG+d2q6LnFOKrpTRZs3JLBMpOxyXHzlxKziClqWHUa+zmp1BrXrsrjxpItt/0AJlRSD8dFEDm/anHHQm8rDMGQurxlr38xYowoTCaS7wktfmNml9DjattlXGPB4a9kPjkdCF46vePn7gVx8Ug7eEsmE+75DtVaM2X5RqzkN6D7e+Cfl7unRMHX2df0gsmMK7OL5naNT24fCVqeC+s899nRzImtOd1yDSPxoplB6ZijD83K1yLCpxLa24Xz3ZHj0q07dGKen5acgBS08CQu5jCwkorGyDjddPzkuXPeJhSZ21ykruC6YXBCXW1OM/VbV6KDoeQFy7lVMh4g/qvrHKxvJIbwDUd5rQwPdyrh26r69w3xAE4VCFBCvbzbo8Rhjw==]]></Encrypt>
</xml>


2015-11-25 19:31:05 debug :
------------
String:
account-ticket<xml>
    <AppId><![CDATA[wxe5b18b9bd7e3626b]]></AppId>
    <Encrypt><![CDATA[2fXtEZouYtcWmUooEbnRR5YFBRoHIop58HgK7R6ks/DlVT6zXYXVSc2/E8jmM4RLBPAGGs8tud18kvxJ3OaZ0KACqtCQEf2QejEMVCWvHVePTjqAQCfWIJVCk1KvYVAzR4+NiT7mgT7vMrq9NOSMaujVBL9HCjpBB4et2JMlumCKLh/zATeGkVQwEmjTB6FaxzKKlKXu6xnI9cwB609r2g9Umipl1LIRfRfWJVB7Fsr8UyewSaE48ItjswzuNXkCzPYyZNBA25q62j4Ca6za9uT8en5XariX/7W5ILEmZFeJS01qayiC9RPa8hhTz2WCAPc26m/AKiRC/Wacmf1/kxr5MFmRZOQnfqMszG8wMGepBd8H4kxsvyDw+lclr6NoB9+MkQWrKYfFt1TlFOOpAhh1vLfZ77d31IAjvDmKDgtX931LPP0+toHmCMFiaBKiGfHdjSuk0/u5SNxcPXi0EA==]]></Encrypt>
</xml>


2015-11-25 19:41:03 debug :
------------
String:
account-ticket<xml>
    <AppId><![CDATA[wxe5b18b9bd7e3626b]]></AppId>
    <Encrypt><![CDATA[oIxfy4rNQ7oR8+2MJEZfqq8/f4VYrw5FzjELgDttly7FvKpxjbQGRVYKVJDsgV83nvU/MLfUW1oCp0AtQ/V1qmODw2HK1ABkvLu8ACeiQJT/B6zAHNNCWuzrLDAUTH21R8JS0cXLDZA8aBMLyD8knWmfuaXGiZF1ID/cu6XSxd16VMsqpI9g92hp5kKYfOk05DjjK0r78/EMP9wle7z+SQB9diEGRWOyUmn9A1eN0La4kQYYgcVKhwJJdKopX9SSLxj1+lwDDIRmw3G7XftZ5WbidELXjBH5nnwT2gO79dyDWyD5TIZa9W7a6jyJ+y89SYH8rmRjf5tS+PDp8xLIt3rglD+X8pFq8BDrVBWL6w+L3iAulmxl5jIwgB0dVONLYhy0MOkDqLp0y3OMGD3qa0NcZDzRyb/siIDPYaH6b/0/qTig22Rs77zbYC/Rh48GLy857tZcF2Dp62EhRvvTYg==]]></Encrypt>
</xml>


2015-11-25 19:51:04 debug :
------------
String:
account-ticket<xml>
    <AppId><![CDATA[wxe5b18b9bd7e3626b]]></AppId>
    <Encrypt><![CDATA[VVC3jpLM9tv6cWAf/MX5RlyjrHbz5bLD6YlVLmqZ9Vay+8yCno0FHxJTFcLUeOlAnL+2ryfrGrDyfaTfG+FuP7Wnyp2WKyedcAsae8oPxhfXg+psNMQBWK1zba4mqt/hYAX+Za54/12RiP5NdeSDASIbP/8iIgntxuuRvgb1rRMuurjp8Q2GSgjR4jJl7kBnuYy9tER8SsLhx6O6ftc2zc5VRK11l2sKSYx3GFhFE+Ue7laZHYGl0hNaV4zTrBEZTbHHE62bX3CIc62apVXDq60TqcCUi9SQKaQNvUz3s4IRN5wNQOdyZcBGuF73OjfBIeLfxAUqszo+VCpQPmDZPZqqZCQ/rmtLZ138gEAKXKXsXtAaeFJGHJn245mxrTDVTHkLZKgRJXnOE9xiWX5EpZSqcKKEeXAx06NYSYhGtldO1SyVuccH6jzjbP9Jge7aw3GIb2ch1wmupT9DBIje/w==]]></Encrypt>
</xml>


2015-11-25 20:01:09 debug :
------------
String:
account-ticket<xml>
    <AppId><![CDATA[wxe5b18b9bd7e3626b]]></AppId>
    <Encrypt><![CDATA[K87NXENBOx4SSaZeyYhoC9vfyqTHuN5NileXZgVWZKvqNAeAPHRIX/ddojuuesvLTvJi88AQRpuKhOvz/usmPGwCX8LLKvhTmlwCJcpRAZYlyQCSxGB3WB2nL1lTTKEPcPyzy2Cub8YKAfhvnrNrFLJt1we1smYsEk6Q8oSqxGRzU3OVhpIiFI52QnR13FVFTc6NB3yhpr0dIu3lbkOrkmevTPt4CeRBti07zIrk4OfYBaJ9X5rq7TLDB4mYoQs7mpL3nE4dAP9tu9tHWGMJDLCUvVTtwIvc3XBLXh3T9PC9/k0E0RTBRTErROPR60kOr4YhQSpV9YC/ebzVzZmlI7OMfLgBqazFGykCaNfP6McZioTxXKeZgkjePZuZktSfPlHMFdCpM1GPa4sTdh1RQMdsa966r0bFjHgj9YRfzegCeCO/K49RSRnBNwjz++ILstz44ODlNVmO0rxVvDwafg==]]></Encrypt>
</xml>


2015-11-25 20:11:04 debug :
------------
String:
account-ticket<xml>
    <AppId><![CDATA[wxe5b18b9bd7e3626b]]></AppId>
    <Encrypt><![CDATA[0a8FBJCJJ7Ezi14HhDOwrLYuLL0+WfuN4Dl2MND716jmJ3jYiyz+PhgB781hjKgGcW+JyqlyhVU0wrXDqANcSUl6UybUAEKHsxuiY6FZBX3MTCnKXiomgwm06HInN1X20DLpRV/OnBrsZNbc65+XJ1+utMPdrzX4cA/nnba8bHyzb990qOKZ7hIAFvwT83EbN/zJj9FhqzxTBfDyuG6gHpq6hgZDOvlqRNb3TCnC6pAfmPyIeeNpbQJLaYZMRhI0WXpGD+4RgGDiGJLJ37JJ5L7lqPDe9B8S7COdn0ZcY0l2eDc6Geot1x5NRl3ZAgU4fVN3ah1LCAT7Q9rRZLqhAGHZuM3jhjFxAxrdKs3XUqW3DfvxV7xZKryDOL9kfO/akMtoDfb43nynisEk6zXJ/bgyk1oH9lksStlSiRf8bDfpTyNAiU7gaIePlsr9mJ/8twdHi/R0kAEpT7R+x29wZQ==]]></Encrypt>
</xml>


2015-11-25 20:21:07 debug :
------------
String:
account-ticket<xml>
    <AppId><![CDATA[wxe5b18b9bd7e3626b]]></AppId>
    <Encrypt><![CDATA[DSOCHpLs3CJkyjHmF+x6lFtsRQgZ61iAb5zj2jM4r7T4COajde0rvf2xG0zBBuO2yUnWq5cc4KWayXdtZNF5nJrtUY8sf4uVEdZXB+D4FTFhU7yQeKevNC9DhNJU27Xsk6J4D7ZYd9ou6RtI4E3Qmpz8xGPj1XgePAbMHaKw428c2bAw4h1fKCz6ibxFw9/n606hFAv2cOgOxdRH75Ys0Ul7T7jAJiH8deF8vfnf9nHTUxqI/vf/KTE4vNcsWvTrDZ217kE0+sug4A7yCaVF+2k1w3403z0+H8rHvZ+O0xpi+8jrZTA1vKAgoTs2DuAvFeLGDBNiEySQjjyW8gCZR5iw6xNbBnzILYdRqlF0iYxeldhU5/Sdtj/yH6pNPc6S4HJnm553NQB5i7E67zFFzM5+6plXAvh7IPyE195GazkLFhCldPrUUfegkSCIj/IlKXCpkwZEwhX9W71qGwGlzw==]]></Encrypt>
</xml>


2015-11-25 20:31:05 debug :
------------
String:
account-ticket<xml>
    <AppId><![CDATA[wxe5b18b9bd7e3626b]]></AppId>
    <Encrypt><![CDATA[jVR+EpmVgMCKrk0PPyKk8G42/5XCcieUn+IlquPSW+P0URpD+97+VLCU7lDiZVvgoalxPFvF9bwozP0eK+GJzCTv84n5Dmb5ORVa1CJxtp3RnvpQLqD/4G5kc06d36IAa5BzyBV5JjUnuNSx7NfDNc4PEqeN6IQBO5Kg4PWr102Brp8Mr3PixeSxMmPNjBHFcnrKcx9FYCEwj2EnxP5IY7OBTQ4jRylWDFd8o3WTvtzHLszwEZvy03RZKYBX7QfTlEgK6TpRPha5YTOVl7G4OW6WuwCIvEsgm+3a90DNChalnyrWzVHrO8KY6yZ6KrWmmO7zlOkzoo7X7/ILs2TFiFP6fB0LPUMgeeRW4lWMPRexPAWeKbHCjVILuHr4fqiD6N4xS1WKGVeA9KfF9WOAY7kHjAwneddErMa+PJHzYF4JcZhmBCG1GubjP0XxFRXI1qo4Fjlz2ivoT1y34/ZPew==]]></Encrypt>
</xml>


2015-11-25 20:41:04 debug :
------------
String:
account-ticket<xml>
    <AppId><![CDATA[wxe5b18b9bd7e3626b]]></AppId>
    <Encrypt><![CDATA[n8cHAiCrQ1t5N7etZASXcXtvcQOedI7PtKqfTehhZjv3dike3JzwhEBIiX6bWn79zaz5awulI1BPPfRb9x2pRHGFZFSBh9Kp8Y0sCoaOz3rXnV5XE2xsCwb6Li8jsq385PtRGYVEahQPyBOaInzlEtw9dHSZ+xUxnJtqigx1+4gEMLmMeIUIiFrDFY5nweI0XO6ZscTKt0vtCPPgIakGC/hriIDZpDtMjABssqP2u+n93gpSPPpwzMiDbP705Ihr/b/E6RelkQC0M+yCzSWaN6Jfadnf9RTN/4aJyMKYmC77GhQwD165IC3zO7vTS2Ny5/qMioA5tIP2BrdD2w5w7fuN886/eqYx6DnIAuGLFjOAUzevdnJ6IYGUJ1aCPbfSrPXuApnMRJbgNIPR6JXz0xxsdqDlkSB/Szonfd0oO2QYw8rMb6fSsSiTNA3L5e+Etj/RaZXjQXRaxN9qTDkSvQ==]]></Encrypt>
</xml>


2015-11-25 20:51:03 debug :
------------
String:
account-ticket<xml>
    <AppId><![CDATA[wxe5b18b9bd7e3626b]]></AppId>
    <Encrypt><![CDATA[iCi+1lFrjV8do6/uHo8ks44tsV1dcS2clz7XyNkejpVqxAip1fgrr+U093Y4kIs/KUmTtz7b3AcvUbdBMvu6PVKFOtzdOCcIsFWhV58OaxAIxUU67iQCZOlMe9KsDROkGuAPDLREJsZQitvPyd3S5u+TWoXqrX1+P5AImskHZ6yxXXT4SDfDd4fWhSQa4YciNq92iM+57Fid9V7JbfxY+Ve0FVcD0qsMawO/ijEVz2UdaryFV9Krydl5lS9hiH91A5Jhxo8x+hgxnw1zdKfG/Vm3K3skcKzYLd1iym1r7AXb56gXwAPQFeVCMlRtf+FigvxpLQA38/41k0ACUSj34F6rbhOTNKGNa1L6boGWodAGSl/TwIbMcV7uWaq3BCfySNWAfs0iPNeHhE9Q6TMUQgHiid7CCftc0Pg4c0LPpRvNL04mH/zxxOA1Zj41JhwI+qrZLSCWtYN2V38AxaJ3WQ==]]></Encrypt>
</xml>


2015-11-25 21:01:05 debug :
------------
String:
account-ticket<xml>
    <AppId><![CDATA[wxe5b18b9bd7e3626b]]></AppId>
    <Encrypt><![CDATA[W6jpzZzN8zAxqRuqM5+QE7XTjjKQpZ3OtEOcyncW+JD4qfPJG+leEmtIUFUkjhnxxvmTN1TfSkhBZp+HPkwe4iQMNv98LwUZvLzMrR0Ns0mQ5Hh5T4oOkbWeTCBWceRLlbCwaDV+RncEyEqMgs3JBNW8LiyKFcoweERMxctDhtbNSpmFdnlNJApGIGMpeRh0lAS4/ONcXQM1zei/GvEqj1rAsNfM9g3+vw8WmLbf6FcWjAN+b2pgn54JcAtmPxWnN2uLHfcozMwtXfIoTXc/a6lAPsovIYinNU9Pjgy2KVP3xCY64QGMFjtQF1eBSypPFwa6lwsT8dxxNlU7gFYZInRwAmG74GRZKkq+WpJ5BwAEWpe7o9w1pIIIrpPsCBW6bCKNKc8D3+92ysm91ZtQSni+WluPR9w5JoUNkX9ssQHi2LyAqT6s29ZPd86ubDHbMgqofk5VZyO5SXE7HaKk5g==]]></Encrypt>
</xml>


2015-11-25 21:11:04 debug :
------------
String:
account-ticket<xml>
    <AppId><![CDATA[wxe5b18b9bd7e3626b]]></AppId>
    <Encrypt><![CDATA[om5U8vbnsu0RwjwbIH7pl/rlsEUvEPt52mpRukAty51QiR9bMWBaNe2hroO//DLgL7/WFCH62IlK+OD7sCr5u0ct25YQY83RTsb1sL3MfO5vawSz0OukObwlYv/9rHhc1Wjx14SPwvWccQNxPj9bfduPkQ+7d0H9cAvb7c+toJkfkhVyvz4E7K8gj1D+YLAlRW8AxznOpIZxk6QsQBVwI0aIYyx26q5G+1zRkJRsWXucVKfwdniV3INFamIazhAvMMsLm8aiHMMjaWpU24i/ikv2GiHgSbBqutiurRcjXHJVjs0pE67pKy5+RA4VJyoC2Ecd5rUr8GQiGDLDExLp1CB2jc3GXHSgxD3n8+PlEqnwNO/XBnzyis8SiQqoJ9CorSul5N8cNbnpCJGjsXnpCsANQJ+XwdgrQ545WUasXH9NTHiqgkwS4qa4rv2/zQ6EUlQdWzYy9saaJrthjsdFmA==]]></Encrypt>
</xml>


2015-11-25 21:21:05 debug :
------------
String:
account-ticket<xml>
    <AppId><![CDATA[wxe5b18b9bd7e3626b]]></AppId>
    <Encrypt><![CDATA[3WFY1qcLOA2ZLRn/ik/KYJBxHDeXw3sa2X3TffWVd8Vv8PfalsV9OdBiRzSAKSeSCG0ENT1us7xc/y9MoEG1ZUvUnjxrTRjLR3Pe441n3MBJM3Uvry3377AP8RazHoYb31Fn+S89B3equxqesCZEu333P/sCa9qwaFhaU9m3BG0IhhEYP5qqw2xVsgdx7A3mwGBeC0lAqj7mXzWWIlsDBBZ1NzFr4vXmrWVcvhApeiF+8AZibrAoP5ObWOZ85FCKrTHH1JvmVUSGECkIJLrUg29rOGX33SLg31+8S6VaUM8xJdY1d28VFYeu3gXJw9F2sqcVoIzyKAJ17I9Mf57A6A4MzdUM8qbbPL4jzJIZUWusalynAUd9DM4D6EJProrDVNQvRbfrwJ5NL+3iKmNgDtFNKQyijqurjBNJvO5yRB8c0X4r+Y7iiP42B39UptglA/W2ePcZzZnTQNALen8mvg==]]></Encrypt>
</xml>


2015-11-25 21:31:05 debug :
------------
String:
account-ticket<xml>
    <AppId><![CDATA[wxe5b18b9bd7e3626b]]></AppId>
    <Encrypt><![CDATA[QU68a2pFQju9uW4YvZouUbuPw23IZx+xAzscdUqmhXLuBzxmAIskXSh47yNXwzEdzCkHx74DUq02Q1PXVYOd3Lwpcj3gAI/xBVcyMmwgGeWg5fDy81ndDGRsa69aPaD6BQapg4OhwSSsayyBYsMSHe/knBsk/9C/c2muBb8WHstNaRQV1itl+NW92oEGxpgtQxZU6BKE3PGGehGsITnVhc5mWXS8kZXF6YTAg3J9xgy75i0inZhRv0n2v2bWaNxKH7kHbilC/4Pi4ZmWe5THLS/qcWE2B2zsRGk0oWI+AAn7ShgWyJO7bYW9B5Xri4o7ans4OxbItxrVwnyVYMWwBnDdol1SfdqfRcJ0xo5m6WprDLFP0f/442YHtObIOsW0elym0KSCxCW8RIVM+Q5t76lPXlSjgVpb2j4hCYbGLtAmE1gMoI2TSbs4Yyv9dGHEJ0pbxZnNZToY3HZbW5kQ4w==]]></Encrypt>
</xml>


2015-11-25 21:41:04 debug :
------------
String:
account-ticket<xml>
    <AppId><![CDATA[wxe5b18b9bd7e3626b]]></AppId>
    <Encrypt><![CDATA[nI7WnKKJ9hTifao53APy7pKvkIKHF2vpQCWwqgjd80hsK1rNHD32TiMj6lQ7lU1tZAqar/yq5lf23QEmmtvKf8shl6ireMlLezluid5QcyUZqTkT2sMkj2+uSwzeNbopiciz2wxqXPNECnB8qfuhTq98eDPtd0BfI6mM1iNXeFZY74P0HQkhKCWIRT59LjTypy410VTpQ78kfZr0lcoKp8OJyaDCBXtHWpG7m6ErNt7WCwZYwb5rL6/c5C7tTUT2LglnSudBjM8DCi4mL8pDkmxYjPFH/T+I+jEmfcev46UPoQlsaCtHoREVUjrGhbOfPErSUCTYF9X/qQNIXxN9r/4zu3InQqehpuMC4FunpuNrJjjME9l35eJiSOSAvGyFttX16wtTkSiWnKsFlwKwEJEzM32mkx6ScifCGjO8NSPakKn4OUCz1xmZBUmz5hUN62tnhik34dFikobN1lD1RQ==]]></Encrypt>
</xml>


2015-11-25 21:51:04 debug :
------------
String:
account-ticket<xml>
    <AppId><![CDATA[wxe5b18b9bd7e3626b]]></AppId>
    <Encrypt><![CDATA[q7al3ifcb3tLDKC21LWC4CKjd9BbZroXzdcdh1Jz10AhY5xLXIrlEjfm7UCBNk7lalM7Rw/sobfqBroyFDjKGwmzDXoJcgpfzcyPga+SbDt7LATZ4yeO901CiAi5+UO9/lyPtQfIdr231cuZgn/kM5ECUS/O78B9+b2oHPp197FBO8tVWzRLLz95XX7ELFc5LTv9xFM+51AU2lHSG6JOPQ2IN0C6Sc7VjEsmTSFqlub0n+SZMwETVXREe1uiSHxEQd3kC0y0rVqOdbjgtIEf5KBVQegWTp7QT6Kt3M4iH7e6cxqRlenzhgaGSz0baHRfMzWDG04MUB/eP5nLdLjSHWCVUETD0bdM76crvEUG864iPoM2PP74s7UMGPXAWzuM17T72C5Uj60dd4TThiEJP+L0Op1aFYnTlZYA3s9ab7vCBORN+2ixHCTRQLks5J7pHQ1Xxaz+lArqq7JErxuCBw==]]></Encrypt>
</xml>


2015-11-25 22:01:07 debug :
------------
String:
account-ticket<xml>
    <AppId><![CDATA[wxe5b18b9bd7e3626b]]></AppId>
    <Encrypt><![CDATA[wCfQwfaz9AhOvjn4aC0yowdI8oACvPZ8pIl+BfqJ8zSG/TvggbD4LQXrwKPtxhg6Jh9y8XkfY3HMyNObcDxUSiy5VtrmmytsjBhcPtZdqPGTxBkyAMb2B/xy2vMA6hsza5bUZpDP+2WHKHkuWwKsdZCxuvmLtogj6zLuql8xMfQ9zzIINzZ2chcx5HyRNWX94UV1aa66PVQh0FB1nxtEXrh21dRnNr0P5GPLOzEXNA8VUwYt60yYqzs6y7KigmDbMP2yUerZUsLNv22BXkJ2AWRep3UYUDsgzbZWBBbdTejnpEzdzAPliMtCeqYkTNNg87TyiIWCqKZuxECr8mOcKFZx4yNnRqR/g9XM02DD5Balsu4vh57VJKOth1RXcmMjx6UdjQZqYIFf3flEGi9tXi0H22VvfuiHL6zf6CXQE554dgh/NTZl05QpntzzTzxEbQ/6vqpV/pZnn3JkRpTPxA==]]></Encrypt>
</xml>


2015-11-25 22:11:03 debug :
------------
String:
account-ticket<xml>
    <AppId><![CDATA[wxe5b18b9bd7e3626b]]></AppId>
    <Encrypt><![CDATA[JuZZZZNUGeioKHjVNEHh/tS7PWogXCJXH85kYL/Sq1wMWGpktqV5fTWySl1t88L67PVqMklfRPtLdUk5hoSHDYeLzeNoKR/CJ1280+HJlMexBhm3efj/UN6EphWUnYO8bcesHc6GlsqinuvslhOAvWsQsUgDI8Izf227MIbjknnlu4xzeAwueIskczldtKw/8o6LvACGh4cp7jbnRZcl4wZ3YKtpWsfp47UuEPxtF+5GPj5RNH+ZCgPK37b3MvkvD8Ga/0tr+K3dbCb8eE/MqNKLjfUexuBK1vHZNjRdoFoHaGrDnaeB/8XvEdGFxN12KwaJUWxDMbEtCWY9XQCi45sl6/hDul/yDAS5DS+zbeoNul+Kk/dcZS+WwMe26KbRdQpAnM7UybWoqQczhCViAfmVONl7W+6Dv0M2d7/rZsnR25r04mBCOD/V7UM+y2RrOewgznPqBGAFWYJ9PYDeBw==]]></Encrypt>
</xml>


2015-11-25 22:21:04 debug :
------------
String:
account-ticket<xml>
    <AppId><![CDATA[wxe5b18b9bd7e3626b]]></AppId>
    <Encrypt><![CDATA[RzUfL/JYd/mm3UwZ624QWGsFSyNcjXy3ATsCgyw6Gt0dYDUDpRTcYwwkUngOvH2gq2usavImf85XRtVGBuEhSnT6VEPEWjAjdY9wivs3IIYvHBPvlCWYDt49h/IkXmAfFmJXhQJwObav6MqGpXKXUkNfTnvsNgmiKap2roWBI6z1p/e5AWEKPzUjjI3m4YFwXFd3zlG/eIpPlZFlTgDnjuUc3lcci86x4xn7Cd29stY8wbwJaLOHboIOkYj7b5bhUq8jiqPoa3LlmmmfkZIZ/+bImJSuY+1ka4WEb/PjqaqgQ1gHQWMh9Vs5QPhu0XRfHNx1JdjRC2zDl5zQLMnNKdlXTOFvX8BglwvqNbyFJYBbtiVMVQGJkkUHVAorLPCUkvAqlEWlNBlOZqd5ykBPdLIITrlqiCS0jlX64xr6xWp/zkUW4GBYyuWxcKZtTikEVOlNcSJC+ybDvDD4gvTmAQ==]]></Encrypt>
</xml>


2015-11-25 22:31:03 debug :
------------
String:
account-ticket<xml>
    <AppId><![CDATA[wxe5b18b9bd7e3626b]]></AppId>
    <Encrypt><![CDATA[B5RDFcEdfMzZmPPoqa6ZBTdnki9yE1lN53NbL3K+lbUXaB+48e1XKvoBEyYZMHeRKjsH7cdyz7fZCSq2v2Gte258Bj8ch0RD4c8X5NomXL2Z/OcNZ7EYW4CSK0ULaJglcbbYuC3oM7zgqSe4GucIQZ2lb8/3JmUe1/VJ6k4KYdgJYuFIt5l/7lyRnDxHE20Y4chz0CKNYfvej7u07Gx164oVyAw7kfPYgaN2p1evuAqAyJ/hT/RTCe1agwC7Zrn4e4pnRggN2ItAAZbX8gAbhdDrZE0lWGij5x81nCkly5jzPH5hkQwaNMhydO29y9dRqwM48NglBeg6n0tVkK5bp6KXo8gm8NLuboGbaSDVdZ139zN4UhcwZG0/54J7a2+PEG/IF+3weu/yTGmwRIcLiraO1DrdzKlIYQeh/Octw2jnw7cyVTotSDB8oOObzy+ZwA+vyQLLup/HKjtc1dUrWg==]]></Encrypt>
</xml>


2015-11-25 22:41:02 debug :
------------
String:
account-ticket<xml>
    <AppId><![CDATA[wxe5b18b9bd7e3626b]]></AppId>
    <Encrypt><![CDATA[MkLOk7y1Z/JWBsFnTqeZLDMAx16rN75+SUjASSUsIOFdXTSrVDDUKTDUBG1RRaDd4aQPoCbf2PIAjnmfz5blfO/Vypws93QdGuWGgNoK51ow/DRBXXN2q3VWR2EIs9BStK0OuCXcevFRTZRX1lVISl0rIBzB4oaUVS5wPK9HYIowGMUff+npv7YyHK1VGoe4g6Q7ciu5i0+2P54OuL8Ho1cfbxJtcONilbbwqTivhNFub/jlDl5881D+MLRilzMt4my9iMYklTN7xs5gXrUov7fXaYsp+pMNIRNfAFBQspe7D1jMiT8H075MCd/YytmlKHYyXp5dEWhxJqyf4iARHRVTmbPiIeLUwSL9G6mOAW+bqIjnFwm12G4NsX9x3NQgaaWXYqdtYbsB3TQsn8pmkAuWj+U5BlOk9UAH25M/KCLq4v4U37fDg/f4ZgKM8noEK+jeWv7zVKN6sGYp+4mlVw==]]></Encrypt>
</xml>


2015-11-25 22:51:01 debug :
------------
String:
account-ticket<xml>
    <AppId><![CDATA[wxe5b18b9bd7e3626b]]></AppId>
    <Encrypt><![CDATA[+gPQyj+JsY1BRvQB6bTm0IH5ia3aSUhS2GtexbsSfViXOFA3By9WMsC8ldpUHfpq5GenY872GoBuvNvgKBubJQ8v3pNI/UsCbDb9bQNtVGHmTi7yAlpcspGqACr278wWVOUmBeeEMJjKhK3eXvHfe08OZlzLnzS+yEqvYz33TvukYryrDsA/nqUS7i54MppvJEap6z/LpzlfNGwMSxhn2ar5hcaZAq0QM4B99zDyoMm/yJNIPUazGiVqCEmxxXWsaXZRXY8r8eMCN6ns4KjiNDaPXCH8D1OzheByS+dlF7MCG1KESMF4bCeRunNkWs4RKgKFCC8laQZp8OLuIQJGqZEAiuMuCDGuj/eTRsDfiw5d4InfoxnSfCUi3f0PAA3zkO9VFb4p4QvyLPPwI1I+Zr6gUP7PKk58b6L6kS1KaS2piu3reQvstnlKc6t5/UOzn9c2JzENqR2G2qEN4WaUCQ==]]></Encrypt>
</xml>


2015-11-25 23:01:03 debug :
------------
String:
account-ticket<xml>
    <AppId><![CDATA[wxe5b18b9bd7e3626b]]></AppId>
    <Encrypt><![CDATA[ZpbowpEuL6h/eelWw9im68a+TroW9cJYbS/B74T3dF0nGpVUg1rETtZQUAaQzd+SjnGyswjL5+miD1s1PRpUlbF+yVL1bRVwsUyhSUZM/q8mb2eAo+hnsGFjlmNA3+VMM1YRfaSIYnuAAEv+FVVIe5znYjNNpL4FSn+1rJcj3g2c9MD8jf98gfQhcoWoSU2CNc3yZLWZ+oa+3Fwo9/g6yhHk/W04xQ+cXSbLaA8oBSkeMMQ1c1T50paNE/UzzOLNs42F9HkNVpImVwAXepjfML24WbSbVTHIIB0Sw8k8ntwXpnBh536FloNpRQjbKz2fkeUorapYm35Fnz2CgSx7A+m54MirqGu71PtlnFIC3bjPrIA9zy6IvntLH3nlRHpKh6bM8Wtyl4UzjnntzngQKeLl+yrP4qwloBX6QgmzzwqUOO/MThfAcO83tFv80ZNgh2OzuqvYlr1hliLQsesgUw==]]></Encrypt>
</xml>


2015-11-25 23:11:01 debug :
------------
String:
account-ticket<xml>
    <AppId><![CDATA[wxe5b18b9bd7e3626b]]></AppId>
    <Encrypt><![CDATA[xwH+VjjqE8ngJuU+w9tZI0NrWyh0brWhBjaNUsvrG//DhqivM6d7hOh14lYSSPrXWnk6bNoa+YZUPA2CDNU21IFDT/EZpU4WCMo+BDAJe2qVtk44VrGoZuqcJMTLPdf1+mshaSg4lmeesnvK1MEAZcGJrNi8FDJbYfhtn4oJ/HxGYQoDczwKsTHLEUuWki069L/vWAp5ov9Q7W5dMKkzh4KQ7vpIMtUyQa7tLiASHwtoOnEbsQ6oHzXZGKzRJ0TWl2VT8j45ZxQwRyRf/oWS/OT1l7REZJ/msTJQeQjUA7jCovGdDZJpRpgfVFaGz0UTnR1pfl4uIu5a/SFwOKbwUHTDY5VJC0mh8L5jfqYurYhq7tBMMEoBizr4knLUV9pkU2DymNDy8m0WC9XsAx6qLbfcnCb7kyI8P9619IBHoC8LCQcIsDp8FEaJ/cu6MlF6Lod+1yW/4Neh1XUI+aqDtw==]]></Encrypt>
</xml>


2015-11-25 23:21:01 debug :
------------
String:
account-ticket<xml>
    <AppId><![CDATA[wxe5b18b9bd7e3626b]]></AppId>
    <Encrypt><![CDATA[BFTyssCzzWyiVRMe4zrD+6Z3D7u/TNvSvMsaoYUG5hAr7v+4gfxK1fDhHtxp3V3ZJvdKKPQJwA0gWJNRMAYe7iaAXHF2L9pZPZMQC7kD7JexvfO3TF3tmyc+rJGtc1f0JEzf/OkP0tmJIBqet2oYAkaRex+2n/YfBamJ5Q2IZaaQqnQLZUEJ44bL/wvGg4xBK+GMZCkeMcD82whNJbDGKjIffPYrJ2W8cYdO8VjFSwHXjAbsqSNAFjPmaLbYpxhR6r5DNUHPQ9PVMiU0GsYlvw/IHc1mKaQOzaV0VwwngUhfhc4Yildj/Q558wHrTp8k9ZhNFxE/Ta7IYR55l01Qh1ep8qJO5zilB8xAiS8e1JFyvDyH0HLfKgVTX5lgjMBXxRLQ2QR8sU9kKr949faNqCal0vEopgZXYvtIU5qlczKcJwQ7RfQ8nUvnF+8q1kT+A/i4E7pcRvbyM9/SoD7MhQ==]]></Encrypt>
</xml>


2015-11-25 23:31:00 debug :
------------
String:
account-ticket<xml>
    <AppId><![CDATA[wxe5b18b9bd7e3626b]]></AppId>
    <Encrypt><![CDATA[EzSZ8f2FN7uZBflEEC/ARWXK9KlN/oodmQeHG8s3jTl/cBly7DUbrmTr0snT3pNvsa5TnXw7NGhjfgKZCv4BHIXpjaCWtBSmdBsQobaDcQv8yGuC1gb2s8egpvz/omk8ItCvFeVnjmXOnkp/j9qWvCRfusKWMO55694+IzjzImzK6b8QRJAlbS/seKgW7IhrIiZ3DDLZx4UTWVPDIhicn4LW6t1npQ4BWwxJ9Id34AkazYo9Gx4bf9cZK/EIUBD80Svy5Lxf3DvqzN6y34itXCZ3YSnCPIT7DfJ0kwCkH2AUynelFJyy6ilOKWPq29jaW+sSDCpNrUgHShxJXlQ82nOtdTL9gu5vCLBT8n/bzCO72XzmktVwXTbAmxBDW1aPNts1ibJPbS59TUhqZKvBzesY3S5Xrqbn3XZ7qbHrHQ8OH+vJE57c/7BBFNIWw1ffhnu4SlCsFxfdWyge0RU27A==]]></Encrypt>
</xml>


2015-11-25 23:41:03 debug :
------------
String:
account-ticket<xml>
    <AppId><![CDATA[wxe5b18b9bd7e3626b]]></AppId>
    <Encrypt><![CDATA[v7RMClSX6Pxg/Vm9wNRfafRlvMEEp7SzKBQ9DK8zXMeb+FwBzSsuRIaW8JzDs79AoKDek7erlLK/GdyM2zmKi197pO3r4xxxemBEuvz3FyVaaPh0sX56aLJNqjV12JLuHyASojrHqsCXIX57tdwlHU/oYBXJbcMfSl2Zm3lkjeLMewnscGjhpDtgEMSUpKf43mHSgmv62R6HsFy39q8M7gBALQEs1SyvBsC4nPxP1oyyRYEySAuqrmiYH39pobDn6CSWvfHVRIjLCeQFSLJQ4nrT1W2+guNM961OVROPtdWsUS0KpumQOJ/Q8T7IGJT4f5M8ssnAjjfvZ6Tx8F5iwzUx7yM991rNeDFGMSN/YjkU32dG/Q6zajEUeZTFj6Jlu3kuBsjIb6w7cFIEEkiIJXb1s2z7KlY63GcZiEUn+1eLa8C+cgXYGDf8+sKmoO4zy/13XdDFTM8d+FfLEUG6MQ==]]></Encrypt>
</xml>


2015-11-25 23:51:03 debug :
------------
String:
account-ticket<xml>
    <AppId><![CDATA[wxe5b18b9bd7e3626b]]></AppId>
    <Encrypt><![CDATA[Y0bbwvqc7V0X94hofvV82cYz7EsQw25h14jeZ1c2nNrvSGWsh8bE4UPu9C0yxPS5F/G7WyU+jACWiiZtylmPT87jY+QTkX9pTzfP/Xi8+bqM4Fp8qrpG85Y3OkxhVbkpzQ1cdQWP2dAyrNWb7uoyOBpRWhHqZXTCOVekgyCj/28Mg5p6UgzGRlTsnD7lp0bA5VSXA/gB7uyAXwccYBr5hKX7EQ9PPpVhZnKrD3kWee8pKb5ndyRkZ0mgUcpc1yVY+fmSUPj2PF+cpZ3+j0LfJQwCc+CGr6q+1PghuyTWOGXgCIB4oUoyUVoqXlOGDcJ6KKlxhH24jd2ASx8GEhBN+GQcKn3jzoOOXsY0upkZVfo0IZaGvJfCM8Zk/GzOmuZ/KqTuLAZgqbvebNwr2X7zMqQrfIyWQQFnKnWOcg/h3a7E7D5Bcm5e7sNzmKNBFfXUK5U/WmWE0p8a/5tAheaEOw==]]></Encrypt>
</xml>


