2015-12-05 00:01:05 debug :
------------
String:
account-ticket<xml>
    <AppId><![CDATA[wxe5b18b9bd7e3626b]]></AppId>
    <Encrypt><![CDATA[w4gNNKc2CYc8+WslZK4g81Q2qTNZ+Ejlr0qq86OA+BphnUSLQj+lfbIlA5qjq7+DSdN1L5/B6TlUnkJ7lUHOH40YYs/yPGzR76qJhgJrkFlpQWItG0N8C4ba6JJHNk8yK6KPHAKyD8yN0cvvi5UvzyI8BoCeIvYYWnB/RavxRC7T6ETSTotRJZFbV78cyImgPyYfEfNTSDBN+ysHDA7Az8k5FuG/TFBo8P2UYDv7VeooN+ArllgGf1LL9zOUwMiOzbbnO3AzTkSHPPdtoPeOGETl9ebbYNuQZOfOPIgmZLKCQnm8My1YC6BAU57I2cKbS9coBjNBg6NJJ/ToJothQaXS5V0jtC0JKfQUvFjFFYuPiZW6M1pLPujN6aqfg2EdfiPwE93B7dPmQVtpQGMrLe36naSAdE1eJUSHwFdzR9sMOoKD7vPMOugAjugKISEhMQzE/Rjqg0P1vdsmhrazxA==]]></Encrypt>
</xml>


2015-12-05 00:11:04 debug :
------------
String:
account-ticket<xml>
    <AppId><![CDATA[wxe5b18b9bd7e3626b]]></AppId>
    <Encrypt><![CDATA[m9VCZ9SOSKwf8USS0E0xkaEtqf9COEJiDLziWJiVsV6PLuQRGwfsJ5v8VgpsgDknfPAE/ET+m5uc4255VrFU+k68YMzZIkocsYaecizM1sUY0Gylb5tTCrzVSaDN2Cbm5KPLSoVVn8LJWPY9rELYfGG0YFFw9kIeAEjpkHDfq/MYk8dfVdYc5b22FYtJ0lzjLErtTnCzjr24T5zU1SRlmnUviMoCl3WpzMAaLji8mwheM9DhKmFZIh+6X/wG01G0AZGJhbW3xMrtZPsQ0Iof2nla4KR/qKv4gUV7wc2qrl0NL1WUc52fMlBReOjyk23GuwfhY69+9jV3QteIh5yCQOUZAKHkNZaB4usQsWEWd67qxSCF8ptXDzxfvzmWObANDKe7lA2f/EwOWQp80i8k8PY1mjU9ZLfwl0MoDPJWpPLaWUGxPmScsfJkae3EJTFUl3M10nRS8XmHLbNJKz6png==]]></Encrypt>
</xml>


2015-12-05 00:21:03 debug :
------------
String:
account-ticket<xml>
    <AppId><![CDATA[wxe5b18b9bd7e3626b]]></AppId>
    <Encrypt><![CDATA[8zN9ywBwhBHIr+47LFV8Jf4FlSgesx0fGvVCzW/3vSxdE0gIY/zJ2FIlIGi1bFiuPB/S7o1xBSF0A8Kx50mgdA+K6U4pU1wj7d0QSxKSCCHQeWVrwEXpauXyDRo1cAczhJmZBo3PZ+/hLMyVKEuwND7OmeVrSLxOPnYG5IooUIlZV+14E8aMoc98N2wKnUNLEYcrTOsK+5y81f6RbHJE2W29SdjKOUPEmCOikMwEMqTgCKv+IJVEP4dqukhOF0+0iZyD4t0vVM2MAa4Bb707+KWgiU3O/bxNb2+PM8J4k2a0MBRYxJ32XD8WaO0G6vgD4v7tNvYcSykhI98AHHFmP8qRL6c1okmnyolytpgS7pzWfboo/K4ahA982zTwEC+W1qjL2w3JK4jBL7z+0uU/9D67bkLV/keHf9riruYJl8E2tb9DWvz6Z5xVHthFdrZ/i4vHAqgaaD8Ld/xuXZeHoQ==]]></Encrypt>
</xml>


2015-12-05 00:31:02 debug :
------------
String:
account-ticket<xml>
    <AppId><![CDATA[wxe5b18b9bd7e3626b]]></AppId>
    <Encrypt><![CDATA[lenJTRtBNiTXDvlHVPjnXQrOAItIQ1AFKMXttSBpnCAPZicSMTLSwMktMo3ZqdR2NiN+AANwpBFDg8XWU+JnNQFujY0hhvVBRReN8zAZQeZecRyjEeT8vI6Dmer1tjw5scV/FRB95gSdQkjdg9FyIHYzZOkUKkbCQjpYp6ZPzagBNFfrck4Biqb/LCyhPZ8c52YyKxvWEMijq8i66sEyQZvOUJ/ndh8o0nTxI3sgAVI/2MfnKjLA+iLtez08uAE4DJHzcc+roVLoBa2Ftedrgo/hoSh2SojcmuGx7TVfSrtvnwvG6vklZ2A+2J6ii6eQNKfUptaNyoZkI/uVEOxaLgWuleMWC3uieHnV/gxq5HWryj3bhCXkHZg4ILpumGRFjh+iXfwm9HsgdhcYZ3EqKKvn5rafqe3UoHV2kyaFt5EWnt1FdIWPKRlVTV9j0OlhrPEpeT6vRkwwAhT0oXCyRQ==]]></Encrypt>
</xml>


2015-12-05 00:41:01 debug :
------------
String:
account-ticket<xml>
    <AppId><![CDATA[wxe5b18b9bd7e3626b]]></AppId>
    <Encrypt><![CDATA[Q9u5Adbbs63VhSAn1S1Qzg4Dbe7cj1XkQFHLBEquXzDBsywVWNP+V3KbW18HOjACYpUEP5SJ/2mS0dyW5KW3W6Z8KNyhYI1JPJoEU32qJJeTFVCm+S9QREQoKGb4Se7IcCh3Jdlp63Rv2w4TQLRu78+MQk0rfIObLxphBFwpLiaD0hUvvfZDVWCI81IMycS+XZA84Iwv6xfUiq6XFFrvOU3LJAv67beSp1+KCO51ZLT5roUhXMhnra0OfPWXOiAg8RfVgWWvXkgK8U1xfK+T/RNPGBsKXcOHLbQmzFzgLmH1xcq3vlXNxm4CeTXBzGOqN7sDpGhwMgXVE30aATpLuM/ITkN0DeEhHtv0JyOB1smqy2KImvDgC6d5JKAybMBAVR+Cnv3bYPsML9ivVfpAExv0NAi7sdEduPn9neE4TpF/ZXiE8D3uMroJkUeco2/3su0I9GJvYGufGngHXQGm/w==]]></Encrypt>
</xml>


2015-12-05 00:51:00 debug :
------------
String:
account-ticket<xml>
    <AppId><![CDATA[wxe5b18b9bd7e3626b]]></AppId>
    <Encrypt><![CDATA[RRZxauXyoNKHuwlV269f/lmSSAxctsnI3ESKDxJWmJA6fmeQ+NGdGHla8pflHhHlB5cB1tM7f/Bg5Bs/QphKfBJFVlaekMwbQt+GQTV/96A8kFv9e6R7N6yLHqZbLqYqZbtvtJQH+CMEAi6JdsP5EZXdhaTwoxhjoNrO9hUgpdHx2mV9POMbAiQOQTnj4okTuUJbCculjkuAFSf98+rpX2KXkpbLEU71U5/UEYQklSesuzIM4ZEl/YZKIw1oWEn365ev04FR+PyPywAv1cXxpQxs1LjTJv96/HggOgqLq1oIjD+3+Zhkv2h+x2+I9K+Uv3kbyMrRUXUlvHtIjfEW2eiWX8io3Szm3aG5FF2rzKi5vQnzfDvdwt0nsU/d5Fk+Ikntx/l/ytV5u0FnyQ5FIBVdP42dsAbLePRbaqC9uIXGEOWJc+j6GLQsvAoNhNCRQbuofl4zkeXmviJcCB0IPw==]]></Encrypt>
</xml>


2015-12-05 01:00:59 debug :
------------
String:
account-ticket<xml>
    <AppId><![CDATA[wxe5b18b9bd7e3626b]]></AppId>
    <Encrypt><![CDATA[yhLbasw5ZkSB56srsN6FYf1vc8dcNutkLRvZwOINJnZuIg0lXz1VlR6021S0bppcVTVcuhjYOgtw/JZePEen12N1k1kyAmKKo2WaO+nr1M2+UW6vzgx3sL4a7XCGfHU2wngszmmNUyHFOvEBCkOv1RmWHawoIprRR1LKM+adiUD2oWJ0juh0w8kj7tYZzaWDcVzwfcPkJaK7DWgtJLvIQ9oHYXFNCggB+J3IkKbtB5ndtpF+fDCMvTM2YevCiE1TRC9SwgjijAyYRJ50+tEXht5pWK0Qjc/W/7yUJLFPlKL4Avq7emoXX52YqQ6EAqP8gC1SIPp7d8XgaswLFOp0OTtWFXldpeCuahEg2xKCyHor24lpj/8DAMIODjYykzUAB/7+p9NOtIBQwNWGFDmnblUYXhkAvaKwx8mHeQZlgWbROQWjmwkg914/hsyqRxdf140QBgdsdlsF81OrEF4eBQ==]]></Encrypt>
</xml>


2015-12-05 01:11:00 debug :
------------
String:
account-ticket<xml>
    <AppId><![CDATA[wxe5b18b9bd7e3626b]]></AppId>
    <Encrypt><![CDATA[+IlujFibRPFkoz+ZddKElRo2WI5cQheRGKP6agOroXtB4c2Vy5OxB8wWyq0LdHtOZ6TisCeYJD19tpdsDIIbgyYtsUmF8tDT/XjUQnYoWHalsXVn6oUdDN5Q06sf4BwPun9bBYlletx6jhwwFAm2focQQQ4dDRdYpyg5ig20kKu0NIRzdF2WfAebtbEmMJIR/JfPHusTRIcUdEW9wrGe9nXc+Ise9HNEF4AWzahzpxDjEJMPw3e/gh3VOfWUAN/Be9q+t64jE/9+nJnFAviUW/2yuY18nQDPsua35KMznRAA7mbmM4web1/nMMcvyyupnAk67nt8DjLQHEmhjKSA6WDfNVBXOovJ/ZocPhy0jeJ11MzBP8cHMkCOo7wshinH0PpkFwYNB0uN7FI7yXOE0/mKN2RPY8lgsLmJmxJboeFC2OFBMtfbqcK0UW+QyV87eitWV019ydpAjFWNH/TJEQ==]]></Encrypt>
</xml>


2015-12-05 01:21:01 debug :
------------
String:
account-ticket<xml>
    <AppId><![CDATA[wxe5b18b9bd7e3626b]]></AppId>
    <Encrypt><![CDATA[n2/k9QuhCGjMJ6TK8cudedOeccOHlonRW6J7/BZKluzEBsVhCCqs6P6oLT8MuB4DnlkSTryHY11cxzytrtmRSipgollNEpWmO2ad5xIRt+vE4+jL2+RrtJulyXA6gCyO3cAYhYe5L/7H0mFIGFSsTs7G6FwJAycY8Qy9MWE1F7+R7SE0GMcKCQS3iY6ss3ZvZbGqPGRyCPzG+Z5fBEW2622PyzrwTmvS3yvA0w/KDnL0/VOIHRCHzorgbHqOCdhsRO7iJDEffUT7cdDL7aeftl+beMA8QMtJw94s3/LIsQ1B1UTURVTbLb76P1L1bh4a1VQgcg+B1V3xvb1JjVlM6GIh+TwqvPLtbCEN3owrBXCZzSLZ64oAOaXlnoSnBgrcNeo+RUy13IQSdbLVaPOD6GRTfD3BUnx0iIydRAcHwgX57vj6As8VCbWGaE7i/EJZE1Zy70oZ2VfGXO2TOBTUXQ==]]></Encrypt>
</xml>


2015-12-05 01:31:01 debug :
------------
String:
account-ticket<xml>
    <AppId><![CDATA[wxe5b18b9bd7e3626b]]></AppId>
    <Encrypt><![CDATA[h2tV7SGA7rsoYxhe5uETGO9edNCKB6WAvtAyMxMBYLIrkOHTALAb4/GiNk2E8yxGehSmlfeRj8MGV9/f9ddOmmv9PjxKB5rF8ODla7L5X7mYKKTRODUilYBa2dE8J9hcpgR0gpHE2iEI8UOm6wHBWkal8VkqBadE81CwGc/1SgpWBSQ/EFYSG3rDGB2I6Iqp9R55nbiehsJnj5LUh2z1LTAmBKNfzR8jqUcu1nbKrohjGRM/rfb9ygE2rwSQ8fncY0CiS0pg1Po8yyuS9OLTWYSf0521tv+U3hKRFbLRvhjHXQQD+mjFST+jfSRfvMwouJWMgpU3IfMDI2bvvyIP83fRM8MrBCBiuGUdIPSQ/ZYXF7u7aCHc8qiYPsiySqm44zYcWeHdyndFsWjM8UNYQIPPg5246fGUXnk1GLFN4Y5pRz5vn4ogfd0qaVFJtV1PEbLEpyrsIjtKpWZN66DFFQ==]]></Encrypt>
</xml>


2015-12-05 01:41:00 debug :
------------
String:
account-ticket<xml>
    <AppId><![CDATA[wxe5b18b9bd7e3626b]]></AppId>
    <Encrypt><![CDATA[Jwv6RPzljzwbcSO3zD0iTmt5yZ0pjCCt15A5ry2v+kd3B0knTQmhPjF7l5P5gBCBZAjTwIux+M1rxwe1Uhz5CM5yH1rc0T+84aRupYwmL9xIbZDsw0p2zNfP0OOer3Wm1hC0zuZPl/NFbhyom0ZIw/MrvP70IpU8r6amWDzoCVf52KdFfv+lXZMZlTJSWcs17JuTK+QdkEMzxgswJ2xlHwoOeu8i/ZGEyUftpiSW0aG9F7UhO6bh28mXW/YWLQFojnYL+qNFP9QLeRMi/u5eTjPiC3gAaRNTvV0eH8AznfkvgdIFs3IpKjCsCW590KwtvxHxWK1ds/Al9zT53/zyGzq3N36EN4zTGLBrtHudGhwvHoQu3fb333urbw/WvOJQMYTAdS9yRrocgjziWux0kELw3YZRyaS4/3Pzb4mGT6i+wZIhmHXvEoE/sOEE3Ct0JRJpDKfW5qLVnue+TgL+ew==]]></Encrypt>
</xml>


2015-12-05 01:51:00 debug :
------------
String:
account-ticket<xml>
    <AppId><![CDATA[wxe5b18b9bd7e3626b]]></AppId>
    <Encrypt><![CDATA[sAjcbiRA+NrSwsJ6wmpEKoyrwrYJeYlU2rilPUmidIfZy0OQCpaKuQ2NqMzxIbJJTKZ+CZYq8ZHK9AkugqFVHaQDSuEkFJ/uotgEGtxhJZbXhOdPfAK4TFqDX6FxydUkLIPbrJH9XsdbOGi0Gsz2/PHqZ3LjLJArLNqF5xoIQ1Vo+lYP2C7wtyisnaJl+XIErWoAPlD/bw4NkOijrBZ9js7pJSaPH5Qc2hRUSf1edzNnit/fMSLEO4adx8lMVtS1R6RuWjT7MkzBQRNV0OWTkWuW58PxaHM2sVXz88HbS9u+c5CEPII79NowIaAPpl00D7wMSYr/FdcUJQRCXmFZsp+/oKXT01CPHLGgmmAA3mkQePNOodXCMPwkSb8vXsA5tEwCwuILzBuHgE2cmYfbBlld71LNPxyxoMnUG4uTbTxCOyb1gr2TQ38f/k34IGTcTM6u5edNXk5pOjaLDJQtAw==]]></Encrypt>
</xml>


2015-12-05 02:01:01 debug :
------------
String:
account-ticket<xml>
    <AppId><![CDATA[wxe5b18b9bd7e3626b]]></AppId>
    <Encrypt><![CDATA[QDC4rk0IaxAxJ6LgnWV5sotXJb6fTBj9T6Ww/wufuC6bYxAlaDgDrVcwgsAR7l6Vits15iqwnbuiibduuOciEpF+8XbBJt0xxI6xTLfkWVbM5QYhE43KjF+MjkQ0Wh9WJZ9519MRbkCvUT4SiqnjMvd4LaSf7iSA6MAVY9nVoq2DYeej4aawy04VDlYJ6CokWHtnTfrHsDcRymLArgmlmxmYySFzQaq6P5cKrmRx/J7O65mCypLX8XByCjolsgo9hXs12THcq3VlaVOcRvN6WIigcvuGZMrnBC0agrbBoQz0sz7piwWfsK8xIKYTLW9pwxhtUPFy6pCzjmtaTtMKVxWxqMbBtMYr8s37ANOURXQ9HONEH/v4E2u6rmx4sQAfUnJjUamaotSOan7me5AJlZDNMaP/TDmhoSUUQjZPItI8NtGXDbMCo4gad364S5edDgtxd3dEnGoLrWDRaamEUg==]]></Encrypt>
</xml>


2015-12-05 02:11:01 debug :
------------
String:
account-ticket<xml>
    <AppId><![CDATA[wxe5b18b9bd7e3626b]]></AppId>
    <Encrypt><![CDATA[ZCj7mBPCXQo/1PVpJ4LTSfrZsgD5bmsltsSYEOeVAG8Aq41rKkfaonrz+BgcjAqGKrV2Y1/IlHwqmhYlwXNoST3X8Ed4Mkic4yIzlE+YHhve3AZqteNTinVCbJNKdY0GngWe4dyTFNPG6F8CHUDkUXYmb3u7vZjbcJhWxN54fTjZAop3uoyy3Kl96i++Hgeya+tBJqYsWznMJGDvWulu1x9BSdcJRW781jonYOjewg6k/BctUlG5VbT/scxkf42Tumuk8Jg9pUSRxegW4vZoSgQUP9Nu+v5m2WynMi/k2LbyZSk4w9Fzs9MLYVIiscQNMDJnzViLBwhXiWPtvUWaOnkFpURBRngqQ3vZt/crlimB22h4E7FtB6bV3gfBfN8prVdt78YEx2jKGkPvwzrzu5RaWqbVWyCE0Fr5VnxKUYZUu9YZUd8ItovLnyoZ9AS9bn3UCsdOaQYShlGqdVVI1g==]]></Encrypt>
</xml>


2015-12-05 02:21:01 debug :
------------
String:
account-ticket<xml>
    <AppId><![CDATA[wxe5b18b9bd7e3626b]]></AppId>
    <Encrypt><![CDATA[+wVtQWn0ooFcs1lYB8u1nwhsmEWCYo8gN9iwI8wNSEhq28Jb1KY8DYze8SCRlgi3vnuLwXM8gT8CQeyyQZ5IgI9zKxK7btOGnuylOPENsSXdUmrwXHH5wY8nfD3QpMJ5jdsJowk0NKGVO/X86LsZPmMl70soyZ98VFXiIibIwf1ZJluyvtGz7kilDICdqlHwpAYWmYvm4BY6OigDckLmxpgaaekM5VxV/NnDzfUwTBx4H5+k4F1w/58m+v7UnEIzRd1UTkBys7Yvkz69qm19WkPsE6/5VeiPpSorqbQQwPihnsPt9gsc5Y8+NkFnoExRoNoJovmf/ZT/P3p7wA/ZTdfWYWJ1rkvJTiLmcmeuEgv/5PK64edp79hNm8BCSxBsy8ZXnJ3ONgYSEdI3OQ3P6roxny0lzV4cFh5NvlgAMOmA7UFffEyTRYVPj93STXAYBrdk+vfTM1CfajrSiTNS1w==]]></Encrypt>
</xml>


2015-12-05 02:31:01 debug :
------------
String:
account-ticket<xml>
    <AppId><![CDATA[wxe5b18b9bd7e3626b]]></AppId>
    <Encrypt><![CDATA[wC9ZLMaZuT2NfmWxjrqWqIczCoNw5iQHeCdnWDMsvGBZfzEuy28/+a4ezkmvjg62B10jsNc7wJ8yNBdDafaBHg2gV42XscmKyIM+1oAUSvz3pNdg3YqY41v3eSXLrqmiEY8I7lmRg6cbhcKqPSl/PTy2AjP5dD3kyMx7koTr9Ap7rjBblrpTMxTbfPVpKVOenaXB/WbLj/T2YKbedHvpPGUSfwHjkymzBIRnILJ976rXQZXM7ZUGGuQzXak4+WiVDTTAziYIzRVbQ03za+kpG6VcuJPqiGGY0S1MDjFa/toFFl6yGGu9eX2hCJpjmTBydsNv9cXx2tgAAy6fg8PvUV4RBpukPKm9MD733+rydF0vtayK4Fh1gMuERdOaIMQMeNZF3GJGoI/YK6NYX6wSAoi1xGq3rmm0Gq4cUuRf75JWwWF0LsfYpzlUZ3huVANKpzzr2KCgqxHMowsYRftAFg==]]></Encrypt>
</xml>


2015-12-05 02:41:01 debug :
------------
String:
account-ticket<xml>
    <AppId><![CDATA[wxe5b18b9bd7e3626b]]></AppId>
    <Encrypt><![CDATA[QbJw71AjCpd/a7judi5K6W7XTyiSrxtTJEOje6c3AB2e6V6tV0ommDTOPWJfG8yBZ3kYOvMqa2B9AOa1CH8zejkdW7L0rP0pSAqjM0GYg0KM2T0kQFmY4nR8MHATQpE/9WiCMbZJbXwGhk+X66MZNxgci5ePrIhI3934FJVu2DPTJkK86XHsTAXhAPWUJDI1cynXxLV8M1o4PjlEo8KedaMlcohRCzt+njMRUuKySOkAissf44Bx8L0yuOKG6Z8Tu2aDKWshNSdQiuDTOT5gDGN9NUx6a2z5hzjUR5f5Mj046guYnbJnJl2Ehd1mXg0ccZMvsTPhluXNa3XCUPSg28uruOOJjZPYyYiLPXWoUZi8jbKmeucIcXJO/lJ7mvSd9FwFgn7qX5iFLklDqtPyvMW0iX3RCjFJdSQQpjnIJDf/bogoy61KKJsNmdtpUGqmy8H9Arp9UxwaEyslSAMe9g==]]></Encrypt>
</xml>


2015-12-05 02:51:00 debug :
------------
String:
account-ticket<xml>
    <AppId><![CDATA[wxe5b18b9bd7e3626b]]></AppId>
    <Encrypt><![CDATA[6L5tdxJgaiw7rD9TIRSN762Of3UKOIhtIE7jGw8se/I3HXZ5AsxPngDaL73ah2EaYV3/m2oGnpcQlfckvc0bT2dbfVKZr8yFmyJRvcjfjCGGEeeRZSYe1lV3D1NF5I0Yi8w81Tm0w7PJsGC1N1BY4/TMWJDcblo5orLMzd/dtOXe5GTiBv8tchNWPp6NCEHw9b23v6tUgy/z2kp0rMFsAHwmDyf8tWcKUo4Ibmk2v/JBhwKHYHit6Bo97kB9EaQM3VRCdG5+NbqUqyFZ2ChgMtfxXe+BOtkwEXld2BxKWQepaASvo0Bag80X49eQ0nL4vm9IjFXpDOqX/hRM0+zqVw/5Z2B9sPX3vTt3FY7QHqg+TpWirVgHhKrehu6gu3OgPzd//13/8lu1kITjur9y0nwIq16GjAu+v2HI169JXi50GZEJAVel12kNMUhUNgjqU0bEn0R/teckLYzeq/AoyA==]]></Encrypt>
</xml>


2015-12-05 03:01:00 debug :
------------
String:
account-ticket<xml>
    <AppId><![CDATA[wxe5b18b9bd7e3626b]]></AppId>
    <Encrypt><![CDATA[XW1SBo6VcQ82feQenKGOuaOKF4GBeFJ/IELR+jFmg+4Sjjp2wiHVPBKllpwODiWjlGiGZu+rY3yFI1VcYXbp8ntPmnjd1UFO7vd2kCxec0/OKXpJsTzKKfOJ57VT0wV5ONoF5amkQYlOFUYjo46jObyXXv6uh3sfhaRO+qVAu7/0A7QqAl8C4proMva2FtpE0xIdIfMKOiqAsgiuVvN9SN17Ge2qCgqM+iF0BzR5OluTS/Snd8YzPbjBz+1IXjrsQqTyvCJAEb8J3frUgi8ZMx9PVhJm448sDj0+M1YpGVke6KuQBTa3obpBLO3XhfYcGK1ViUCivYAeZOdCF8+dVr9gGqVExU1h/ShkB8ZcznjSA3U1nZLOSHC4tnK4W1pBvmZZK1j0XJOdCqB1qCSxQPRmLN72xEdh5c7jdL6paNUlEdwUsMn6fTMblxp+Et6d7Pe/AKJmoEckmj9pLUbpgA==]]></Encrypt>
</xml>


2015-12-05 03:10:59 debug :
------------
String:
account-ticket<xml>
    <AppId><![CDATA[wxe5b18b9bd7e3626b]]></AppId>
    <Encrypt><![CDATA[vJ2f1UhhUb1XC80cybekunAKmEMeHe+nMytkguEFlsoVR9UF4XO1MRxdiQFAkZNdFJtWm3xwD9izdAo0W7YL4q8KsjadW0kdmIKtUAGFoQ+5SfybJxJ5kU+9UpTKCMideXG4nCVnNiTlnpL2Ow3bK+kUt2c/WnIuyxVMD3lf/86Y/sTFqiVWMn5E+w/Yb/u0AgWqYIt+shHTjzPG2xguQbRwHnExQnclHc7EaQcdobOEc083Gb8M3tY8F2KmyVwUC/I57zcRbjdEJc9XYkx6KBOAX3wpwXX+aFuqqk+21100C8fDlj4zli6O/17GjEJETrTO0HXbkV3WWEsz9w2nSBSQZANRmkyOrkIp8MdpKuKpliVeEXlujFqMenrx0uaq9QFN14PW5eaZlHyQ4eNZhh1l/GgFFJeraXhG00/3h+SL0xU61HRnb7rSbD/RkCPftpkLVnqM/qPg4/Pg6s4Qqw==]]></Encrypt>
</xml>


2015-12-05 03:20:59 debug :
------------
String:
account-ticket<xml>
    <AppId><![CDATA[wxe5b18b9bd7e3626b]]></AppId>
    <Encrypt><![CDATA[ak/05dJGhRQQFpVtYckN6q8NH0i8SxDRrMsMqqBnN1CGwTHrLsC6cK5A3soEjgtnH4xQMFfGbgM3qg0ZS/yxDluB8DcBd+BNIzvE35ZvTILzEjPSic4weFjYYlJrSueXVpU6R8HVwaSkcX6pbw7JJ7EUtshbZiFvAljCeilYmVzRwAG5ukqudfWeLFTKXL7nkw3Cknbja6Ges+WZR/eqvPSkerCGTt2QM1jVz1xzYHOsFotY6vPZCwOPLOUIahec28cTJKHqG6oq6ujD/qTR2k4POp2T7XGaRKhOj/26Iabv7ei6deaViZjhScZzKtS7ECIaWiNcaeey7LdDjwyE1jizuE0UjijQVPm6Zgbv5CSLW9SQkFIgBmtTlH5btL/D965O/NsMA4Lr9LL7Q4xhYYqVgR0sbDzlzhBeMYW5PqbbtskX+VHjLMoIAFyNxkZvmvNsVHkLhBI4mqsdRMbKEA==]]></Encrypt>
</xml>


2015-12-05 03:30:58 debug :
------------
String:
account-ticket<xml>
    <AppId><![CDATA[wxe5b18b9bd7e3626b]]></AppId>
    <Encrypt><![CDATA[SDPLPWVM41ALJton8ADaTjsVaQG5ND62E+b0PuuQwABhQmm336N0KrfcQT4aN0GeMaUx2/Wd9MdBTKXePpZu6Llk/CB9rcNReUq00sd0UQCYOei7jMmnGoweUCAXrxMpz1xPJNJ7FOvve4V73b3afM/x7hJ/gFzMBWddWzPXaf6Kl0ddQQKKAf8PDRgx/3Jn+y6dAQnFVcqECKXi+JZh5SYIAmi5DkH5HgbGHbWdHkvv67bdsTZlhUOwakL2fVcciyxHlTkZJlf/yEfWZHZDCOscRdlpYnONYxDOLFdoRVICNTIRs3TG7O57mUP/EhRN7/7K6k/qcfbx6rzx56OO0j+4gSKpPSBP4sUSVsoiL60yEvAXm2pr74F87NuvAVMXkso53laW8EhD/eC+eE1jB7MEK+iGQukg0VnbkHmRkC9rjXEWVZkfobF8WEZZh/a0fWjJqnelvn51LgJofeySsg==]]></Encrypt>
</xml>


2015-12-05 03:40:58 debug :
------------
String:
account-ticket<xml>
    <AppId><![CDATA[wxe5b18b9bd7e3626b]]></AppId>
    <Encrypt><![CDATA[RHF2qZ2jpZLKVOKLeQym//eLzfEjxM6qQ5XGRW0s/ZRD4ie4rBYtZ+FxCcILsT+F4rCYiExxU7ej6uknudEE1XnpBKw2rXfK0YMuPntQSPEGzAcF8lGXuYTOWPQw5O9UwFYfjU7/OsHMb+dadk/SAhoHrzpe9isQHoxlOqajzjHETVUvwcsssfQ1qBDR6TpEmvBPMNzBx44PLy4JdbRU4LxEtTzCQct9zwglESK9/vBwNif18n1vN3BeHikTpegIF3C/skjkHV//3Ey2OijmsavbmJkxsFoDzfU2SF6XA3/oIh5mdhGa8dx8QpSCsaPMTq/C0lQa1SklIzYIAAJi0tNs3EaaFqwXam6KHzl3661quOtxkzcAkNzd5kfC87J1rTVLWgk48venIS8Pmx9jTwvmawKX4s78RxiNiDJDxu2l1LZLBB+/k+WHit13ERcIRGExX+c3C+58EjlxfgtYRQ==]]></Encrypt>
</xml>


2015-12-05 03:50:58 debug :
------------
String:
account-ticket<xml>
    <AppId><![CDATA[wxe5b18b9bd7e3626b]]></AppId>
    <Encrypt><![CDATA[X23kI2GVnUJfjAV1qSiqC99JodFm3as4qLDD6UhAGSCTxxOqyE78EdD/8ubxB7LRPbqelpJvVdbCv7VGxyXQOcocq8MMJaNXVfwyVNJ15rsUAYWIPLR56iJApjJ5l+qW3Pxrkuyx+lJ5Dt0mVVf9k6ucl04Uoo4vqQ2HhfdwHVjUeDzHmkux6ORJSDrqnTfqM+DdahnOuyQhfOtJ3QVslCpZ03sziGXKW2aN1q1J844bJY6zYKU+TlAZgg4xf2LH42Stz1AX0ByCBQlwGKwGUBDbNGSayynO9t3ihImA6gy3C/sZEFMrSHIMRZdUaupDZw+eXOOTagp2iebfy+fxnl/M9R3ZilSynbbmuR4KeUoVkDWVu1kwqgIjziPRqVwjN6EBJc2cPlsfsnTZXMx/ejvzDFXIjfZ+UQ++hcBtv+DdO9qWq+Alkg5FszE8DDaRd13IHppHXfKO6oPqtd82+A==]]></Encrypt>
</xml>


2015-12-05 04:00:57 debug :
------------
String:
account-ticket<xml>
    <AppId><![CDATA[wxe5b18b9bd7e3626b]]></AppId>
    <Encrypt><![CDATA[1y1PirrboXiMKq6UfL6tlkILjLaZB6tMDXXNjIauu0VXx3Qqs4b4x51ZMUWPxqzoOcHA8ojq3DAM919AASB9QMesVvBVhhxodtts8tsStw/GhzWaeRyDOOh/p5cRUByYJFbn5ZaCRZOsmt7Pmv2e/uFkpUBFw0PSftKD+uSAIZ3Z9Onx18UvSSJ8UpoS5mv/4mvS6Oh+IewMXjJ8WTk5PU3dYDL8vul32BUBb+Zu7ImQy2ikeC+Yo1I460qbU2e0hTF3GvsMnW8eQmaK5v1joPA0myQDwQi/ahb3HzJamM2cOZA1+V+olwGn9txsjidDDUHkfytK4OZARFGg3PUOkvYxNZdhyyJIs0Vqdb2AgmkxGWZwXF/CAiF1ryF++hAw2lCyXl9kPkNzTMvhYjWl1CePG73kIHqRgTOC1Xi8XNNbb9bK9ftyfW816WsXy0FksAZp2aIlbjEngKkne1+/4w==]]></Encrypt>
</xml>


2015-12-05 04:10:56 debug :
------------
String:
account-ticket<xml>
    <AppId><![CDATA[wxe5b18b9bd7e3626b]]></AppId>
    <Encrypt><![CDATA[nNRCMYfb67bw9BecWNHl8Q99Xew4hSZ6U7EibNek6z/vw5Gc5jTk/GxQNVWeJ/UGzt8pBfQBecj610jA/efh9qmcPZIHvBS5FWpuWjCZU3Zy6KVq7CMXvd1GRiGURiedshbRg4bPpuRYGooKpcx5nZemRRLxWOBuctxBxbVXFN6V2vgGVf3IM58oNpvOSLu9w3xPHl/AueSMZiDPm0Cak3hA1tmh2iF2qMeWd7doicvBwttksK1OBPCHomBady2ZwCJt9cD8OpcdWoU76Vq5TY31ukaE6AaEsYnIcgfR68KmydWoIFUcfyoA23p+IvPI5hazqOxBYnYTcNS3QYwNEWfExRnxyygwjO2L+hj2UoQi8tfoDKBeuvuTctw5rEu0iyeIaeRVmRcFKRDpsh8+5yTTz3HOC32UMCFAbU0IqiEnCG8D2p8e3Y5IpZSDOb69L7HhlMcHBM3LMX18njc9tQ==]]></Encrypt>
</xml>


2015-12-05 04:20:56 debug :
------------
String:
account-ticket<xml>
    <AppId><![CDATA[wxe5b18b9bd7e3626b]]></AppId>
    <Encrypt><![CDATA[RvGOdVTrkDsNSMuNj+Uu3FcAmW+vQnzy84rREUzCSmd0j2aQXi3xFNsaxY8lkKqbkdHpG7i5Fc12uCPBcygcAYL0Wq0le9/aHW6Q4QZow54qm4PyEbCtIvCQFQTNVrr53+oXntkP564mPF7/3Cyz12ypFSP87mpzouGy51ZjAtFo+zFaC+/c2j49g8bEwVF13ZghxbYqVKpPpDxCoiycICqDAcpzM+iffdgKLCfSqDXkB50HiONi359N1/0pUcD0//FRh2X5e2zTNCUHKd4blOWsaRdongwlmcsznfW9hRblb1kHF20f0QT2miC6xOevqDOv6/Tb0qwhhdDc5hn+9YOzVsDyLxq8vVz7w5eoDFLeDdf1qDJ81oSDTGy7EybsULQbNhGplTd9GbG3PwUHiXKBAiofJqbv2psYcuY/+bkY0g3Xocr6jIfVToMx6lBZfNSYL35emSv839E0kU2wHw==]]></Encrypt>
</xml>


2015-12-05 04:30:56 debug :
------------
String:
account-ticket<xml>
    <AppId><![CDATA[wxe5b18b9bd7e3626b]]></AppId>
    <Encrypt><![CDATA[BziPKIFEcGA+va1DIm2vIm4nv6gzwShNKvOzcUUxlI9VMxLCcXAi+dn9dmVM7EZ8Fk0HjjYGwKFSP0BGyk8UFDnSxRVcMZc3+zn4pJkIG55CJnworDZX2Z3xrpbPtTsllxob8jZrIQrXAM+qMAq1pRoHpaM2EloKwEEzTZnZbdH962TGmJs5Bbs8ddtiNHzfB/oFvUNlWMhwRwfH/NuNwNImzonhydJB726JZbaAOTbjvO+Im1WekBhFa4Yoa0MzvjxvQh1n5xmXtqooxATJJB9e3e+JOqFL2R1997fM/SyxWGWHqdlPDLCEbSnKrI5Z/rqzgc2myxoY6Jl7ucTJVSmFpxyP7jllbZGHUVfI0xuzMzxi/3Fe4Sb/sUQWXFD6yD2R4FQQO0TMGi986fh0hMbbmJJf4jcB/IzttCZ7u87akK4XGliZl02wcaYHivHkNjURevfLnVYPWx6W5YtnvA==]]></Encrypt>
</xml>


2015-12-05 04:40:56 debug :
------------
String:
account-ticket<xml>
    <AppId><![CDATA[wxe5b18b9bd7e3626b]]></AppId>
    <Encrypt><![CDATA[/JRdAMiQrle5uRoUWvEcrQ9vWBQIRHObxZ6MBOkkQk0jHUM0cs/p+rxgH2UuPo6wvUNJuCZYxz1WuRqUT3DuN6DMVKOPOi8XWctxcvUJ/XyTOavaHio4aTrbQZPfvBqvSztDkcHkhtKcs/WxMt/582IfYLSECBL4FqS2HJpU8kJuFAzwisQGLlW5VphtjpMauhDnvgQf9Q/j2D/ltQefjjikZRjDdKPJGKjCARo89FwUItvaMXoGQ9IA7jIXxb+346YHZy8ecpMlylMyj+hXzal6mPbWPGGJTOrfQFrHKd7aY3X5OS9DCWllGGpVjLFegYHOiJtN4gGpsD/mppTXXt5AJMKiEXrSkzts/vxGZinVtSUWZNfPG2H17hLf22bJJuTJoJVSeH4B13d1DvCSJloZQHvEQjoSD5V7DRQzW+NJbosb1ED6yTzNRom3zKOap5+QAKos8/ids4CUt5DObg==]]></Encrypt>
</xml>


2015-12-05 04:50:58 debug :
------------
String:
account-ticket<xml>
    <AppId><![CDATA[wxe5b18b9bd7e3626b]]></AppId>
    <Encrypt><![CDATA[ILuL1wGTmr4HJjX8tANSfVKzt8LdzZD1Zebafb9mnlbPzw4yuEnAEJLFhKqPOo8D/c1ADP+4WVUEav/bvxyzwHIhIo4HkussCoFFVGSRsbjyQK8NyIFWoKGr8k3SqeTifq+XfwBQ1bCeJUIUvL1rM1f4dR+HDcjEGz5ME21yGGLJq7bbZ2ShFbEj/oVfS4bG66BN5wc9mvZQNcxl4OWHryfvtT+63cO1P1VpPwl+t6AmyBMiKrqJG23xachMOx0AYwkw7O5VwisFg1njFNlSxcD0XPA1EAYxuWhabfN6wPrvB17nYGXC5qg49HMbXk7cx46Bj8ECFV6oLZxwNWOP/8SqogY0XCkealPmJw0bXUiSDmAXcC1YNmnA2ajkqF/m1fM5As6nR4ZIymfgBow22uv8w8UGZMrG6PzfTAa6LR37opzDvLv7LU3D4A/zjM/8O50s3iHClZr5GfPtTo6rIA==]]></Encrypt>
</xml>


2015-12-05 05:00:56 debug :
------------
String:
account-ticket<xml>
    <AppId><![CDATA[wxe5b18b9bd7e3626b]]></AppId>
    <Encrypt><![CDATA[N36IvpytFCn4Fg8IFiZbBfOxAH9IQrCv8EhOkh7lAcm2vAkWqtZXT77cxl5c27tEaeUvTMSvaAknENK/8PsiBwaBPaMFOy3z2skg7kq1VTUml3bEcQOhO6sNdDnr2HxPKquCAjL8zbvQWNbVRHtj98i2R73bpfhrouZjQ1vwICBAw7jQpJNc76qZj6EGLrohtek0b/f8V+L3/gd2OkthBmxIUabI/pNsCrJxDBeOx4fa8NLYRNa2UbLh66UWI17c9zMnTdhPQx6X1xJTxv1xHz0WE8AB6mDuK2bNiusKJF/i0SNkNDq12zvlrSmNfCArX7eYiPEBxiOtSSaHwBTgMCTkJ4JurNjN39DoyoA5MXlFNXlphqjgb7v8KSrH9Sm5/ZxdFIQjPZH5XicHTtOwMlLzIiENd/WQi1teGfUkgDfOFYJff/A/c6fLMazHYRVtdrZ9BH+rZ04944jhgbPpeg==]]></Encrypt>
</xml>


2015-12-05 05:10:56 debug :
------------
String:
account-ticket<xml>
    <AppId><![CDATA[wxe5b18b9bd7e3626b]]></AppId>
    <Encrypt><![CDATA[MdHv5itIgo0Tw7GB7eRVlWrfqUVF0q2OjxYgZzujiMFDGk1RV2zc+9plaF5IeJbMX4b6UMlAjQPzw1xvV6Gdf9BAhM3AbuzjrjMCJDepCtuUCIessgR196qq0yGrFP0YxXauEEezHGrYGOqxjEjsfJBwUTbaBBjfxYQ6NCoHoq37UI7KdRAdS1G1uoIL7pANJ8whldYj2fILcSULwUqrKqO0n+h0XD8YQOAsrervImyGAaoj+4jGU+Wu4rboInVmQkBDw1kUq9jRqaHP6POzvFzX24qev9UmQUJdAl6EU8mx5ACOsHGgAc5b6EwXmG91Gmc0whgqHGNqKdMHa1svmXp60j6epgDGpTaJfEp41fA9fkMgQ8fViXIBmxu254T7xGfVdunOiA5wKggKIqEApOEJksVRATs7Z18iL4MzXKD7DB0IWj0Tyqr9807CIikVZK8prZGIAvGxWJqS/94uXA==]]></Encrypt>
</xml>


2015-12-05 05:20:53 debug :
------------
String:
account-ticket<xml>
    <AppId><![CDATA[wxe5b18b9bd7e3626b]]></AppId>
    <Encrypt><![CDATA[8RwK/jvpckiFsHIH8XHI99W38key2nRi3tyRq3fJaQG4EPtWpSWVcLEUBH3z+kIiT7MZrZuJ5RKbqVG7e6XxRiaL9DeTRCjalTLWFpYO1CXASNGjIa6Ap95R6HRHzGr5QC1mkSnoM5pbwDOOWz4NE5+ipgNVqDNNXrnHt38Scx/xN2eg4k0xd+t9I2oZ1YKSh/R6vUD8ZkDmh2DzneHUzBSVgVFpJt1A1svlCgybfs7xsqSHcrn8rgWnng4R6j4Fu8qfkQM/cRstGFfp/RBKkO5AEHqLngqFV6fYjja4JZeJVzN5glaawDVsDoCasSkNNRlYEVg/5Y1TLOZ8UK4dwhWcnYACNTdMUUxT+FeJ1xzj9zegVJGnnyk8AU6OmJ4J8e/LBSJ8nSXFj9+/FNbn5Z5lLA6O4jp0VYLWC+oaI+PGg99zFQllCpJVbOlUTqRf95c4mTFQ1hdbyv9C1RdK6A==]]></Encrypt>
</xml>


2015-12-05 05:30:55 debug :
------------
String:
account-ticket<xml>
    <AppId><![CDATA[wxe5b18b9bd7e3626b]]></AppId>
    <Encrypt><![CDATA[FJazV3sC/vYQVxTdIkoHbIrMPeUvEqUm1evkL0mhXR1TDn8IMsOm+Aj2OuErO96f9oRsowwTPOmZuTYHCucqSZULAMhE1mEkNSJFCWXa8E6pAWcSvhuFBobkH4UWO2wTy+WmoHz2bT2Z58xKGoPi6XfjL8BE8FVAt8np0uyxH0bem3Fjta7P8PjrZi5HtESAFTflIBqy5SqmXRBr2lsjCQxLdQRG6+J74njOXd8fa2Ruh9aUuZqj/5ClUbYb5JlpU9WzDMr+qXft1QUb7/+D3+W0erXcg0f4QC+/xqo0Ou7VBEeebEVvFxegZnlbA5ZgoJue68vlrBhmaSrqIf+x/BGTdvLzS7MKQx1ByBN6gOnTX7etVVFFCgA+pPxis+UPaDej7dX/4fiS1MARkJkASy/rJRJayGqqwj4ZMgmr8xhI8AejMdAWKjludxdq7ZVIGrUBzdtnoci1vVKUVEdODA==]]></Encrypt>
</xml>


2015-12-05 05:40:54 debug :
------------
String:
account-ticket<xml>
    <AppId><![CDATA[wxe5b18b9bd7e3626b]]></AppId>
    <Encrypt><![CDATA[lJlAF2x7xqvz7WkB/UJft8/yNg9zDzIj5Z86UcFkjQBTywoxZTHhamW/8M9xtcSVuBGfUWj3ctGDchxTPpPO3Eq2SuZgqTFZTlEhOupF9VxdpCI+BgbLY5y6AczKjmCQ+d63px6VAwMg4DefYK7gZnv2w9FcrziJNgIVcEhafWOIc7yEC6sm+L+CEcbQTLqo764Ipc7zOPqdH+OabPbHITXWHlbW92d9gEtjpXG7dyKzibzBzMJPInoHI2OS4GhwiQxw+kXlVhgIcOBzNquWj2RBM3feuVoaqpT5D+OTOeqbNnttr81epcglXYZVVkJlR9693Y2l82jY8VrWYx61eKoMdO6A4HzWJkQoEspE4dBoPncSqa4FydG98XGC6tGxOYYazQmggP7VbwQeyrQouaR8WPShRjk8+xD2eXFafEox+5XwO4hcPG+xz/hiNRyCe+lTvCOALyWfgmlHeoDR0A==]]></Encrypt>
</xml>


2015-12-05 05:50:54 debug :
------------
String:
account-ticket<xml>
    <AppId><![CDATA[wxe5b18b9bd7e3626b]]></AppId>
    <Encrypt><![CDATA[B5RBstLjDWmOBxv2Du/FxwA0HBhxOwOLJsEPnkCuQ0PbPp6kfD3RNb1ok2dIUI+acRq4cPlQTmQcm58TP3Sh6zTKN5aftY9NMw/bQF48qEkVrZ4jNRpCjw7rBPPzxtf+6DMPt1L9qILXndO2kryZVCc2K3uQvyq1ZTYYKgTDwv8wghoZh8ZyCtYPJpW0oNRl3jIIj8KLYe1ZaoKld9avrRnPnT4a7MITVGsBVIvKN/6wEYxKDDobgqVJKb/ksnyllpAJJntFv1vz2mofRuoRYOUVotpJEBpx693DdtJmPC2TjIQVNXCH1E6t6+l7+WohuiRqC7IQHtN14Jpn06eaW7rHivEtx6lhg3w2yu5QN+YlYoMFCi/PaiYln6qWII6jFGNHnTWTuK9YEXVM4Wq3rHpigbEdMd+DGr77XyqTL2MKOWKkCef/TE74dD7rYXe4yeOXWS3d8JFC0YzQAlnPAQ==]]></Encrypt>
</xml>


2015-12-05 06:00:56 debug :
------------
String:
account-ticket<xml>
    <AppId><![CDATA[wxe5b18b9bd7e3626b]]></AppId>
    <Encrypt><![CDATA[hRjroZ3bicmzzPbIdguGmGQ/Ku0FaXpAnseh4BqvyDZkVvT6zlDkPzOZwSjsiXSdMT9fALPoBMiXas3GNJn6b9U94uF+9R8f4A3ZJ9DtXMXBRIuk9A191zvX/s305skvXsUhC8JeyFL9tMBKQYMjdvNM7LQQoqSs2rQYWkLfO41h09MYeQRf3UIO8gCvkq2TmeUYjfsmE52fSqUd1t9wYrlnY99iDzlk2yBCvKLk+cPihB+xVd3ozlUOa/23nIT5Ekf1Cn/NSG1/Q2qCBg7fknspEtrVDu6sb908WFk/11d0RcnoNpwAewZcqOrUjVNk4pSxBmPedgZcRvTcU5FyhLJWch+zIAcGhK8J0AeDKJYzOi04n4axP140PW65i0wvaRr3mNmoOKHu4EfcIp0xjM9jCIeVjxXnp94soBrewSVktNtuKiLuHoFpZ5OzJLyUA8y8/eCoGAFqU5LQgI0uUg==]]></Encrypt>
</xml>


2015-12-05 06:10:55 debug :
------------
String:
account-ticket<xml>
    <AppId><![CDATA[wxe5b18b9bd7e3626b]]></AppId>
    <Encrypt><![CDATA[lAO1y3qnFcQx6LGLC2/PCmP8XRoaLdYU/HQ8Pw4jQCNdH1qprrx+W3gDSdqk0OKHpHQjhuAZ73EEOtabHHALRNw8R9QWxlUw2iOa0PdOQcoUV3xwPOyGRgM8ibvvbmEFwOdf0cNF5YgXaCXVkjPcrCsF2lV0wtFiRgG7W+DacvRXu1Br6cyMAX9w5ZrwgDWRRCfC73+SxXHikBTFW6vK7dPSW3OOt10yxTE0gEUU/ZIko7u6J5gdfQlCkCcfC+DYjZDdWrfa0qVtsSVd6nW0y9M1+zZgxFq5OYgKMl8H/ay1fnb4JrzeED7ENtvSc2isN5lrspigAo+6DqQtYJfRB3Qc8Z49a3vncu0GpK765IA34fCuhDj1vq4woNhzSLtPDFofwHbM/3GrD3bfqWcDKnFi8EhYo13yY1seZvD51NT42KFbuW5ohwdEximC39TPyzS0wM+bvjOqmOsb99QZFw==]]></Encrypt>
</xml>


2015-12-05 06:20:53 debug :
------------
String:
account-ticket<xml>
    <AppId><![CDATA[wxe5b18b9bd7e3626b]]></AppId>
    <Encrypt><![CDATA[6LsNr0mPnW0eKK9mS8r3xvG7k167wespn5KDCA+0Yua3qV0gQK6Z2VG5RlxFZyoig9+wLpOHxjbD53YEm39T63kr9srGyfAxTDHpYwF68CMSJUNl2sD2nVRvnYT3A31tuIKSh5uJZPlhgiTBnXEfEkWSo0Ox3PRE5NUPldonuyqFOs8jMj8jrbyS9ERgZgPCYKJAQ3NsokCoiHNBKWeNaT5ERm21n+nxf3mBtwXMRo4jGw3JDcW+NGZbNsdGUU8Po3yzMsJ+/HUkXYMJ4IXeT2t76voHizqkjzGGqVVPK4i+LJQL8xKK7A/+HzRUswjs7Tp8vvDyfz8RnAKrdIgQaWUV85yZRfe/9S1p389CIMI/qtFtAomzinfoqPRoXkYsj6PLWmQPM6BF6mBN8Zkl3peoWyJQ6M1y+R/UMWBZQwVnf58MAVYwT1E6gRJEFzYOA8hiqiceB3CoU6RAijdGKQ==]]></Encrypt>
</xml>


2015-12-05 06:30:57 debug :
------------
String:
account-ticket<xml>
    <AppId><![CDATA[wxe5b18b9bd7e3626b]]></AppId>
    <Encrypt><![CDATA[r5NLcnHWkx2baSLaozjqr4Wij6tUZdm5vtRdmBQgbWhkX6lVjAQoQk2UCuaROjiJS2NVlNViXVCMir9N+u/QGuNAp9Zz9H3u9S4Lq67Lqe3eIU/EuTMna2pFvXyqUz2NY9yxLW4SkTtXVi17HTW9cXVd7Umvfrpd+FxaF+8vznr9yttCR2TxHZsHx08/gDa5xPHZvAPHxq2hLjoyIu+5w1eObcOeE6BPq7zHPzXpWD8MUEcga4os0hShF8vRR7GImK94BatheURxJY/KXP2KC1oQuLUv8sWPZVbRFMbsExct3voz0HNSvnSqCa9s9lEcdDgr11SMIHfZhVfpLr0w6kwNCYnOUH3D/obYTHFLA1ytIon3K/Qvuaaddfbm3eL260SDPXglXrTL80qzAk55ucR0pPY4rdQAa5fDAwV112AsWgrla4xHmXoKjSMG50cySE20yukazCGGkweE30/IJQ==]]></Encrypt>
</xml>


2015-12-05 06:40:56 debug :
------------
String:
account-ticket<xml>
    <AppId><![CDATA[wxe5b18b9bd7e3626b]]></AppId>
    <Encrypt><![CDATA[OJKielOjuS49tvrbaQNNXrC9AlHbBBXRU2LszUczIl/aVB44uCT59uo6O/+az0+30totqOtl6tY6gUVTrmCaHhg3jdMW2sj2TzlFUQxyyRqr2s+08p10r7Ssjn8FI2gWWsKlBAFhQpxP8VZOdUEodMreJUbDHvDHqqtrcYpWB/1DL2kmlKSM9hRiaPjUoilOaWDPemfb6Pe+VHDCB+mjdI5/DQ6IhOOnAW8DkMjC0qabNa8ua110fElAA+xufw2KLTmRLwxwLI4MFBTf+mxG37njGX87SWSCUjfPo/1RvUKXvfpUkhpeO4XuswrBU04r0xVl7TrnanvtMtB68cHqW5F7/A8F0IPW53o7xzmQp4bCT/5oOjxhdRYhQ1gsgK/k4mBvFoZGE3CqO12dEtkqHEyYLKuooSek19FJIzN/r/sXNl2Pm7IclOE1Fm7BXuzJoV7UmbB2t9ib+LAXj++/yQ==]]></Encrypt>
</xml>


2015-12-05 06:50:58 debug :
------------
String:
account-ticket<xml>
    <AppId><![CDATA[wxe5b18b9bd7e3626b]]></AppId>
    <Encrypt><![CDATA[2clTeyEmjD1H/LJbdkRkPH/d/kMHEFQufbKeuaL+mYIrkrZsCMrUypxQ+UMgHsuPsG81ID3pYt6HdmKOhH0qdF8I1nEKIntsbGMOlth2X+hLQ+UB9fr9U8cR+cK5vd18yZbQ9gopZheaOeiWV3mtw9VMSMhRReEimjIZiE2k+AVQ1gGgH+JyQHWHAzeT5+VL3aiWtofLawoDBdMIxjQ6VdOaNvuVrK4BA+QRhQ/5Y0DbVfQ35VwrH1N1mf5U0MK4kof9Gj1Nu429wD22azs+67lF8q675C/RJ/QL8VQYt8VH/h/6BPfaZoErcK43UfeRQPNrxxlSR/lsRKZ+LhuyTTfkxoS9TpF7G5pYGraCLo+4WLdirU28K5f/iKH8yoxnfh+kSmykZuDa7gzEeDMt6DXLl7OdjHCbynP/gwyym3FNtRpvJ9hMs2YtMcvvOlNylOZJA74LcStvhZ/bXoEhrw==]]></Encrypt>
</xml>


2015-12-05 07:01:00 debug :
------------
String:
account-ticket<xml>
    <AppId><![CDATA[wxe5b18b9bd7e3626b]]></AppId>
    <Encrypt><![CDATA[9M0EvqaEnB7xNodnadNGFxnm0IH7EPCL7Dl4f2loFIv7GikLc64X8ZMlInNXPIoSPm5kTbBTa9uPnXLQTRBBgQww/yJiponCEpj8V63ZX/lWfqCn6HlGSyO1VaDIhF1BaJ2GBodeh2lJOxQOI9wsjffTuKjWxy/DSO4MyKVufimVsvEd7V520EsMC5xcFhEOrnLl1hMNCm5zSLld0guaI4+xJlFXYdYEl47EEhvri99HHEL90NK3Ofj8fBQRMxA3vuqJnRXOe7TmpOT8I8smiqTFesM97CpB/KbwJ4B7bB0sRC3mt0j3b/qaRvZY6v34zWvXtn9SYXMFFOdbzQo2KlUlSZ0m+E3afWJp7I66mqcuMlF/urqIZ+GC0pjs1ulA+3Q+UHm97ZWyFmbxe3DqaA+y/GHygin4NIpik2yvdv7iN5XKfLsdUrDzYf2W5nursqsaHS6oATjeLV3EEK7P8Q==]]></Encrypt>
</xml>


2015-12-05 07:10:58 debug :
------------
String:
account-ticket<xml>
    <AppId><![CDATA[wxe5b18b9bd7e3626b]]></AppId>
    <Encrypt><![CDATA[zxAO3x+6cfiYArUNVD78HjwmLC1vVAwyOoEBrmDQT9pthPJ9/QcVeSidq97yW64z1p4nIOli8hjttzTQz4nH+5xfk4Uf9f1CdHsl3ofiIXlpOKpBEFOFqb24Di5jplPQd16yZBY3OZKETgN3GAFvtPx1+OtCoKnG1is8Py5/ATfn09cIoZNFSgSyZ/7xOrzfjxrj0ljpw/FZEK+xYfOht4htRLgnUk0U8QnGmkluy2qG1KZ6jP1/6qNHfwVEHN3e6u15Bdl/EVM3CRWnR2jortmOSsCAvxj3Ir2fLMCNWL5s4YIzmZgYzIM5XevJMKSg++jSh9Tn8kmHcQlK+7YyHerpu3+1dzoVfKCutGb2Ss9HYLQpvGTcuJMHbQvVdeQd8HVZ5a2W8QvCeIKoP52A2l9oSKxnXVAKd9OEUJxI8rZujjYCI2w+CgFGZMbW6t1yTc3FEHmLgYWy6nojHA4QHA==]]></Encrypt>
</xml>


2015-12-05 07:20:59 debug :
------------
String:
account-ticket<xml>
    <AppId><![CDATA[wxe5b18b9bd7e3626b]]></AppId>
    <Encrypt><![CDATA[zCBjOPJp3IsYv8CYTOqoCgXhCyUkMEz2AkNwNB91BP25G72rcQecO4NMnyiZTbfc+Suh4yGoeHIq6xImfGUg52LUhs/0NT1gsy32uTwbESoKyC2lmdfwXurq+QLKRkMLKInLl/biet//VcpOrEXzi313rA08GDX7B0DsXCwV70xLVmUenLWSrbh68JjZ8zPTXUNBeTOua+/jnyuyGr7uz4y59cGi7WWJ25XNwOBsqLz1KH33ZOtjP5Bs4RszErrCTop4kjTh+oyBd3INve75KAw/iR+HBSkxhYM1/QGS4TRwuCPiOJoNSJpaBvclJGiEI6Ih+w8glM1VNTpS8LQ2K4KpS8nMVEqBcErBLyBL+Bxso4pMC7JKyZNQxkK4IYTyFup58qDVGOe9P4rftfwhmbJuMBQOUXA5zR7qpiiklRPeOvLvE9Z2wpyd6ieAJDgCKKcVKgWMBhV8lwxvrUDthQ==]]></Encrypt>
</xml>


2015-12-05 07:31:00 debug :
------------
String:
account-ticket<xml>
    <AppId><![CDATA[wxe5b18b9bd7e3626b]]></AppId>
    <Encrypt><![CDATA[Em76bpU/v9kq+45K/OLae5Oe8iZ5pLp4vx9nwAbDeQYLYcaMCAprh88UAT6dTUgYVFHEhib0EYIQkpIrxaEwTReu88lbaO2sywX6a+ECbhr2CGBPCCw/Su5j7LJ0fXrrfYFMaOCBGdfvLJ1u7e/br70CeJVlWpyEu0R7uaTctnz/KhiffuWi+FUFk26jIj8Wo6fCQRmheWh3Xpl9cfmYJX3usD6wUd7UMerfm5xXuAmPb1Y2MA3C2w0xec/ATorZDpA0+vBdSn891l4cGq/4AsBjxlRcvupAe6yEXVgg7QvM6d8X08QyaBvIJJGDqzu8KJR6VzNVyKHDfFChtlzWDK68oP7+WusKW12Y1ckpzXvDSj+H0g4FwNdet09KIEbegd600A6Luks+Ce3lQfRw/8YlKynXwbNK+UKC4RpwPY11wD5S1BIt3UPfPbV1o/rSOC1SJozkb+1x9VPDRxPokQ==]]></Encrypt>
</xml>


2015-12-05 07:40:59 debug :
------------
String:
account-ticket<xml>
    <AppId><![CDATA[wxe5b18b9bd7e3626b]]></AppId>
    <Encrypt><![CDATA[N4+g84AB8M21/R1tCI5rXbCa/OSUU/Jc85AAxcd7L3H3nOzYZWwMp3RIi6ylbkmKeZSXxQq+RxJhljabPXDnOvcvBhFv3OmdNLjiigHU4e6lNedNj22Y14kCh8+aWxY+9LFpzYbrlEhwm85Jn/8kg2cWpLiND0th6uWZ/13HtIp3aQCufyOBiTrBvlv16mqrsRt3Qi4blFSD599yQRPy3pwhLcfEjpTvpW1Rurh2/1u16hX6GZX6p8KYoM150YXu/IkEvynquEjf/soooylWff2CSo2oXaf8PFK85YAcWWXnRN6Ms4Is9T/IZ9Vte6nGZoOGsIfJKHo/33+L+GVTjE91sAQT/SzgzZ6Agv9lD5SWrykcYMZoiYer0vE1vR/rAt0kqiOpuk9AgBwHu6tDL+1YtTojHijWxuA6sUPgGc2WuhkMco5mOLp4mA9rqWbLBm0+KgT/EYZvktkyivI7gA==]]></Encrypt>
</xml>


2015-12-05 07:51:02 debug :
------------
String:
account-ticket<xml>
    <AppId><![CDATA[wxe5b18b9bd7e3626b]]></AppId>
    <Encrypt><![CDATA[39BUklc0mbcloG11fYQ4QlbM2AfCGoTIo0IMMukxVBZboEoCPkMfrn91Dxqvdv4zMCfJGBbK2KzxURMu1Ezq5Y5g9445oq6qPhchHBNFQMqGrWwVdXfjx8wOW8Vw8OhzUi5FXBvogilarZLU069anpOjPqGtkVJjfkMs0JTjhGbVJR4nvUvFbNQWBFw2ZXWFyYDVYmBvyg/t2wErBH706HA981ksRfCCsMZxQen56s+9byuCTuUyKdLLjkf0BGnK5r0GKTnYlqqzyOvwnWQd7eGs+GiHD8fM2nL3LaNjqQFu+52iE3mQ1+WC50Xepd2S00fdpOIlcv1hipyj1bQpIOt1eL2Cy/iPHrYQqUCzBB+5/pYLWkgRZjVQ8LJOKbHeOdZqjxowUxFJ56vxVXWMC1jTyC4kT3DDkRpBcQ7VonW3Ruxmh3M3kahnVg81KpCISKl1YyNPzEy6Q8xXQ5TVYw==]]></Encrypt>
</xml>


2015-12-05 08:01:03 debug :
------------
String:
account-ticket<xml>
    <AppId><![CDATA[wxe5b18b9bd7e3626b]]></AppId>
    <Encrypt><![CDATA[aBOFHwR01GbGWtrIB2I3SnFHJvd4z8C3zQCgr8rZ148/INeJe5dtJg3PNH9I5WCOnIwYSqw9WHU0sZwK9tjCew6KxXqiG8YjUB+CIWudpvbhCXEhDDChoH2xssdwGGpzfY7zgILvIazjHZOQzuuhrPvGd5ruEYTtsncfPjdqs5UGDCCsWTljjRciR8BwkV1oWG2Qy/H92T/nQQb76vEQZ4osGL0etdkBEZv3qGjRs484NKyty+MbHk4LqEvfPXhaZQ/ZYzRH+y/ZXtLMsokdYZs8AZT6/ymYVqosUmFPTazF5zPVHyFF8/I94dqZb4ONt5zNoIRODV0ruazOCzze6ifjfkHKxMB83KYLxmKt4Bqgw92lzOZndiwlLRJwnQLpd35RBaz2lYJ1VlGQMdWRpcPCdpYwtOy5ZabflPIGW44gY9j6zsWCHNnqnWrFTGhsU144nY4yvchK7BUIt9EQNg==]]></Encrypt>
</xml>


2015-12-05 08:11:03 debug :
------------
String:
account-ticket<xml>
    <AppId><![CDATA[wxe5b18b9bd7e3626b]]></AppId>
    <Encrypt><![CDATA[xsuxYiQFAa+Fx5XwHcJWzROIdKz7Ep4TjnDnBJ9tAzw8Or2qWQrS/yGJT8i2tjg6Ia4eMWXmj0ZdkGx4tj+HWMFU/td8RZ8QEDtNg9yBJJ3+n+Nbf8gt/t4BgnEYb2nTstHpUjp9HwsarX+u+JoppRnksTgjrXbGv7Qd6KkpfHdIGfDSrgE7z2SV7jH14iV4gtAoXjbOSBP6dTPZo87WgjONkIJZkdPoS5w+KiKCjCBPp5WFEjJ1JYHy/QTja96k8aquS+zkPi+WwbvQVnHpsIU/nxtRh22rMwfJxg4nZaXfYZcniuImePXhTi4OabGVJg9jvCjOOTdspgJV4jOwKt4D4PiNmjEN37B44PTM2NUOAYqQKzpcCEo++q8MJjCIT1aV5Ep+DsWvf3nnYyiif7OP9fn+9l3LCI6Ohw7akUtLW+WOERJX2v9Ih6+YRE4fXPuqLxR0qV28ObVCgC64/A==]]></Encrypt>
</xml>


2015-12-05 08:19:59 trace :
------------
Array:
from : oywoswL7phyxCPdhiX-HLYmfrvwQ ;
to : gh_594b4a77030d ;
time : 1449274799 ;
type : trace ;
event : LOCATION ;
tousername : gh_594b4a77030d ;
fromusername : oywoswL7phyxCPdhiX-HLYmfrvwQ ;
createtime : 1449274799 ;
msgtype : event ;
latitude : 22.921820 ;
longitude : 114.072365 ;
precision : 65.000000 ;
location_x : 22.921820 ;
location_y : 114.072365 ;

2015-12-05 08:19:59 params :
------------
Array:
message : Array ;
module : default ;
rule : -1 ;

2015-12-05 08:19:59 response :
------------
Array:
errno : -1 ;
message : Invaild value ;

2015-12-05 08:19:59 trace :
------------
Array:
from : oywoswL7phyxCPdhiX-HLYmfrvwQ ;
to : gh_594b4a77030d ;
time : 1449274799 ;
type : trace ;
event : LOCATION ;
tousername : gh_594b4a77030d ;
fromusername : oywoswL7phyxCPdhiX-HLYmfrvwQ ;
createtime : 1449274799 ;
msgtype : event ;
latitude : 22.921780 ;
longitude : 114.072334 ;
precision : 65.000000 ;
location_x : 22.921780 ;
location_y : 114.072334 ;

2015-12-05 08:19:59 params :
------------
Array:
message : Array ;
module : default ;
rule : -1 ;

2015-12-05 08:19:59 response :
------------
Array:
errno : -1 ;
message : Invaild value ;

2015-12-05 08:20:01 trace :
------------
Array:
from : oywoswL7phyxCPdhiX-HLYmfrvwQ ;
to : gh_594b4a77030d ;
time : 1449274801 ;
type : event ;
event : VIEW ;
tousername : gh_594b4a77030d ;
fromusername : oywoswL7phyxCPdhiX-HLYmfrvwQ ;
createtime : 1449274801 ;
msgtype : event ;
eventkey : http://mp.weixin.qq.com/s?__biz=MzIyNDExMTgxOQ==&mid=401375925&idx=1&sn=1055fe52b539b629ff2957852f3f5d13&scene=18#wechat_redirect ;

2015-12-05 08:20:01 params :
------------
Array:
rule : -2 ;
module :  ;
message : Array ;

2015-12-05 08:20:01 response :
------------

2015-12-05 08:20:11 trace :
------------
Array:
from : oywoswL7phyxCPdhiX-HLYmfrvwQ ;
to : gh_594b4a77030d ;
time : 1449274810 ;
type : trace ;
event : LOCATION ;
tousername : gh_594b4a77030d ;
fromusername : oywoswL7phyxCPdhiX-HLYmfrvwQ ;
createtime : 1449274810 ;
msgtype : event ;
latitude : 22.921816 ;
longitude : 114.072357 ;
precision : 65.000000 ;
location_x : 22.921816 ;
location_y : 114.072357 ;

2015-12-05 08:20:11 params :
------------
Array:
message : Array ;
module : default ;
rule : -1 ;

2015-12-05 08:20:11 response :
------------
Array:
errno : -1 ;
message : Invaild value ;

2015-12-05 08:20:11 trace :
------------
Array:
from : oywoswL7phyxCPdhiX-HLYmfrvwQ ;
to : gh_594b4a77030d ;
time : 1449274811 ;
type : event ;
event : VIEW ;
tousername : gh_594b4a77030d ;
fromusername : oywoswL7phyxCPdhiX-HLYmfrvwQ ;
createtime : 1449274811 ;
msgtype : event ;
eventkey : http://mp.weixin.qq.com/s?__biz=MzIyNDExMTgxOQ==&mid=401818231&idx=1&sn=91761df4d7dd5c44587d5fa4a0bbd647&scene=0#wechat_redirect ;

2015-12-05 08:20:11 params :
------------
Array:
rule : -2 ;
module :  ;
message : Array ;

2015-12-05 08:20:11 response :
------------

2015-12-05 08:20:18 trace :
------------
Array:
from : oywoswL7phyxCPdhiX-HLYmfrvwQ ;
to : gh_594b4a77030d ;
time : 1449274818 ;
type : trace ;
event : LOCATION ;
tousername : gh_594b4a77030d ;
fromusername : oywoswL7phyxCPdhiX-HLYmfrvwQ ;
createtime : 1449274818 ;
msgtype : event ;
latitude : 22.921812 ;
longitude : 114.072372 ;
precision : 65.000000 ;
location_x : 22.921812 ;
location_y : 114.072372 ;

2015-12-05 08:20:18 params :
------------
Array:
message : Array ;
module : default ;
rule : -1 ;

2015-12-05 08:20:18 response :
------------
Array:
errno : -1 ;
message : Invaild value ;

2015-12-05 08:20:29 trace :
------------
Array:
from : oywoswL7phyxCPdhiX-HLYmfrvwQ ;
to : gh_594b4a77030d ;
time : 1449274829 ;
type : trace ;
event : LOCATION ;
tousername : gh_594b4a77030d ;
fromusername : oywoswL7phyxCPdhiX-HLYmfrvwQ ;
createtime : 1449274829 ;
msgtype : event ;
latitude : 22.921808 ;
longitude : 114.072380 ;
precision : 65.000000 ;
location_x : 22.921808 ;
location_y : 114.072380 ;

2015-12-05 08:20:29 params :
------------
Array:
message : Array ;
module : default ;
rule : -1 ;

2015-12-05 08:20:29 response :
------------
Array:
errno : -1 ;
message : Invaild value ;

2015-12-05 08:20:38 trace :
------------
Array:
from : oywoswL7phyxCPdhiX-HLYmfrvwQ ;
to : gh_594b4a77030d ;
time : 1449274837 ;
type : trace ;
event : LOCATION ;
tousername : gh_594b4a77030d ;
fromusername : oywoswL7phyxCPdhiX-HLYmfrvwQ ;
createtime : 1449274837 ;
msgtype : event ;
latitude : 22.921808 ;
longitude : 114.072380 ;
precision : 65.000000 ;
location_x : 22.921808 ;
location_y : 114.072380 ;

2015-12-05 08:20:38 params :
------------
Array:
message : Array ;
module : default ;
rule : -1 ;

2015-12-05 08:20:38 response :
------------
Array:
errno : -1 ;
message : Invaild value ;

2015-12-05 08:20:58 trace :
------------
Array:
from : oywoswL7phyxCPdhiX-HLYmfrvwQ ;
to : gh_594b4a77030d ;
time : 1449274857 ;
type : event ;
event : VIEW ;
tousername : gh_594b4a77030d ;
fromusername : oywoswL7phyxCPdhiX-HLYmfrvwQ ;
createtime : 1449274857 ;
msgtype : event ;
eventkey : http://mp.weixin.qq.com/s?__biz=MzIyNDExMTgxOQ==&mid=401376031&idx=1&sn=412f72caedb38ddee6d15c9685dd0d47&scene=0#wechat_redirect ;

2015-12-05 08:20:58 params :
------------
Array:
rule : -2 ;
module :  ;
message : Array ;

2015-12-05 08:20:58 response :
------------

2015-12-05 08:21:00 trace :
------------
Array:
from : oywoswL7phyxCPdhiX-HLYmfrvwQ ;
to : gh_594b4a77030d ;
time : 1449274859 ;
type : trace ;
event : LOCATION ;
tousername : gh_594b4a77030d ;
fromusername : oywoswL7phyxCPdhiX-HLYmfrvwQ ;
createtime : 1449274859 ;
msgtype : event ;
latitude : 22.921799 ;
longitude : 114.072388 ;
precision : 65.000000 ;
location_x : 22.921799 ;
location_y : 114.072388 ;

2015-12-05 08:21:00 params :
------------
Array:
message : Array ;
module : default ;
rule : -1 ;

2015-12-05 08:21:00 response :
------------
Array:
errno : -1 ;
message : Invaild value ;

2015-12-05 08:21:04 debug :
------------
String:
account-ticket<xml>
    <AppId><![CDATA[wxe5b18b9bd7e3626b]]></AppId>
    <Encrypt><![CDATA[XqeA1ZDZSywBshMroMT8HlZ+/yd58VWQTRnP2N4b9eKb/9ox8TwyQ+bjkqxrYTYmzU8Sd29vfNfbseSdLwlWu10UxsTscU/XWnaIUHGeiPOnkKt7EkNQ3sFImhpz+tPcBRBc0CWs6FWHqfVleXZIqFQmhS9CaPvRb3wlPusqJ7Mdmze5Xuv0dMrtMYSpvzGic7dvuAQv+cn+RQkCKjg5aJjeOHRKXWY8rszkyUugxzTUb1PRE4RiFuh1k+ssxY92o+RQYsOo2GK1vzTe/UIyzPRS8nYzyBNkuveA7PrO5rfrihDpMfKtw3P30EphlvZhKeOqP+yF9ZnGUK98YWWz+/3bUgSlrxQXUUjUgyY48bCbFccJsaAGJnWAMkPD4Vld4CpeXcDS4SoLpGrjUTYzEd/om2Iw6I9STctsbvUb7d1mXARtsmi1OaKOzZWSkNy2iUTB53An3sQi4pE5qQJwxQ==]]></Encrypt>
</xml>


2015-12-05 08:21:09 trace :
------------
Array:
from : oywoswL7phyxCPdhiX-HLYmfrvwQ ;
to : gh_594b4a77030d ;
time : 1449274868 ;
type : trace ;
event : LOCATION ;
tousername : gh_594b4a77030d ;
fromusername : oywoswL7phyxCPdhiX-HLYmfrvwQ ;
createtime : 1449274868 ;
msgtype : event ;
latitude : 22.921799 ;
longitude : 114.072388 ;
precision : 65.000000 ;
location_x : 22.921799 ;
location_y : 114.072388 ;

2015-12-05 08:21:09 params :
------------
Array:
message : Array ;
module : default ;
rule : -1 ;

2015-12-05 08:21:09 response :
------------
Array:
errno : -1 ;
message : Invaild value ;

2015-12-05 08:21:30 trace :
------------
Array:
from : oywoswL7phyxCPdhiX-HLYmfrvwQ ;
to : gh_594b4a77030d ;
time : 1449274890 ;
type : event ;
event : VIEW ;
tousername : gh_594b4a77030d ;
fromusername : oywoswL7phyxCPdhiX-HLYmfrvwQ ;
createtime : 1449274890 ;
msgtype : event ;
eventkey : http://we7.cc/app/index.php?i=14&c=entry&do=shoplist&m=amouse_shopping3&wxref=mp.weixin.qq.com#wechat_redirect ;

2015-12-05 08:21:30 params :
------------
Array:
rule : -2 ;
module :  ;
message : Array ;

2015-12-05 08:21:30 response :
------------

2015-12-05 08:21:38 trace :
------------
Array:
from : oywoswL7phyxCPdhiX-HLYmfrvwQ ;
to : gh_594b4a77030d ;
time : 1449274898 ;
type : trace ;
event : LOCATION ;
tousername : gh_594b4a77030d ;
fromusername : oywoswL7phyxCPdhiX-HLYmfrvwQ ;
createtime : 1449274898 ;
msgtype : event ;
latitude : 22.921837 ;
longitude : 114.072365 ;
precision : 65.000000 ;
location_x : 22.921837 ;
location_y : 114.072365 ;

2015-12-05 08:21:38 params :
------------
Array:
message : Array ;
module : default ;
rule : -1 ;

2015-12-05 08:21:38 response :
------------
Array:
errno : -1 ;
message : Invaild value ;

2015-12-05 08:21:42 trace :
------------
Array:
from : oywoswL7phyxCPdhiX-HLYmfrvwQ ;
to : gh_594b4a77030d ;
time : 1449274902 ;
type : event ;
event : VIEW ;
tousername : gh_594b4a77030d ;
fromusername : oywoswL7phyxCPdhiX-HLYmfrvwQ ;
createtime : 1449274902 ;
msgtype : event ;
eventkey : http://mp.weixin.qq.com/s?__biz=MzIyNDExMTgxOQ==&mid=401378263&idx=1&sn=28306028b044d9258843211986a56cf1&scene=18#wechat_redirect ;

2015-12-05 08:21:42 params :
------------
Array:
rule : -2 ;
module :  ;
message : Array ;

2015-12-05 08:21:42 response :
------------

2015-12-05 08:21:48 trace :
------------
Array:
from : oywoswL7phyxCPdhiX-HLYmfrvwQ ;
to : gh_594b4a77030d ;
time : 1449274908 ;
type : trace ;
event : LOCATION ;
tousername : gh_594b4a77030d ;
fromusername : oywoswL7phyxCPdhiX-HLYmfrvwQ ;
createtime : 1449274908 ;
msgtype : event ;
latitude : 22.921837 ;
longitude : 114.072365 ;
precision : 65.000000 ;
location_x : 22.921837 ;
location_y : 114.072365 ;

2015-12-05 08:21:48 params :
------------
Array:
message : Array ;
module : default ;
rule : -1 ;

2015-12-05 08:21:48 response :
------------
Array:
errno : -1 ;
message : Invaild value ;

2015-12-05 08:31:04 debug :
------------
String:
account-ticket<xml>
    <AppId><![CDATA[wxe5b18b9bd7e3626b]]></AppId>
    <Encrypt><![CDATA[+BK9W9udertxvSBnhPiNDdrn8UvhmAKdhY6CdzFAsfoTCjwFwlleVgeBf/LS/jb295drd2je9YJ2e3U0YsJ8sgDjDWwlyb9XjZ2Hq2GlvkGeakSLF8ByXiGV+wjQaJDTYhpmyj/bYRIPpyINvMinryTDZMuXJE5N+pFB+bo3YPB90mnTr7nImIjKOWMJB4KI/ZvkT7Mi5rLVUKkpLagf/3fl+6p0CF20I9gYzw5iGYBqWMzolkX85q3NSKATLTFqHDS3G7BJcuNnLcCHDfiu+wdouWVxcoidSqYA7iqmu7ENoBSDhUT32aJJmJ0Mk4Ey2ppIqxmw+nVY4z88LqDvERx9Z+ful0JCwDsPrFWtGZJrTz+4SdEONMss5rUfWEo9PccKz4NeJu3mNvTeCt8rDAF9e6w/HYHNQ4de1rh/6Eh/d5wARFhKvdBXjYVIFSF8XMJGnwmayE8PjpN0nmbIhA==]]></Encrypt>
</xml>


2015-12-05 08:38:56 trace :
------------
Array:
from : oywoswL7phyxCPdhiX-HLYmfrvwQ ;
to : gh_594b4a77030d ;
time : 1449275936 ;
type : trace ;
event : LOCATION ;
tousername : gh_594b4a77030d ;
fromusername : oywoswL7phyxCPdhiX-HLYmfrvwQ ;
createtime : 1449275936 ;
msgtype : event ;
latitude : 22.921801 ;
longitude : 114.072372 ;
precision : 65.000000 ;
location_x : 22.921801 ;
location_y : 114.072372 ;

2015-12-05 08:38:56 params :
------------
Array:
message : Array ;
module : default ;
rule : -1 ;

2015-12-05 08:38:56 response :
------------
Array:
errno : -1 ;
message : Invaild value ;

2015-12-05 08:38:57 trace :
------------
Array:
from : oywoswL7phyxCPdhiX-HLYmfrvwQ ;
to : gh_594b4a77030d ;
time : 1449275936 ;
type : trace ;
event : LOCATION ;
tousername : gh_594b4a77030d ;
fromusername : oywoswL7phyxCPdhiX-HLYmfrvwQ ;
createtime : 1449275936 ;
msgtype : event ;
latitude : 22.921797 ;
longitude : 114.072342 ;
precision : 65.000000 ;
location_x : 22.921797 ;
location_y : 114.072342 ;

2015-12-05 08:38:57 params :
------------
Array:
message : Array ;
module : default ;
rule : -1 ;

2015-12-05 08:38:57 response :
------------
Array:
errno : -1 ;
message : Invaild value ;

2015-12-05 08:39:08 trace :
------------
Array:
from : oywoswL7phyxCPdhiX-HLYmfrvwQ ;
to : gh_594b4a77030d ;
time : 1449275947 ;
type : trace ;
event : LOCATION ;
tousername : gh_594b4a77030d ;
fromusername : oywoswL7phyxCPdhiX-HLYmfrvwQ ;
createtime : 1449275947 ;
msgtype : event ;
latitude : 22.921785 ;
longitude : 114.072342 ;
precision : 65.000000 ;
location_x : 22.921785 ;
location_y : 114.072342 ;

2015-12-05 08:39:08 params :
------------
Array:
message : Array ;
module : default ;
rule : -1 ;

2015-12-05 08:39:08 response :
------------
Array:
errno : -1 ;
message : Invaild value ;

2015-12-05 08:39:17 trace :
------------
Array:
from : oywoswL7phyxCPdhiX-HLYmfrvwQ ;
to : gh_594b4a77030d ;
time : 1449275956 ;
type : trace ;
event : LOCATION ;
tousername : gh_594b4a77030d ;
fromusername : oywoswL7phyxCPdhiX-HLYmfrvwQ ;
createtime : 1449275956 ;
msgtype : event ;
latitude : 22.921787 ;
longitude : 114.072334 ;
precision : 65.000000 ;
location_x : 22.921787 ;
location_y : 114.072334 ;

2015-12-05 08:39:17 params :
------------
Array:
message : Array ;
module : default ;
rule : -1 ;

2015-12-05 08:39:17 response :
------------
Array:
errno : -1 ;
message : Invaild value ;

2015-12-05 08:39:25 trace :
------------
Array:
from : oywoswL7phyxCPdhiX-HLYmfrvwQ ;
to : gh_594b4a77030d ;
time : 1449275964 ;
type : trace ;
event : LOCATION ;
tousername : gh_594b4a77030d ;
fromusername : oywoswL7phyxCPdhiX-HLYmfrvwQ ;
createtime : 1449275964 ;
msgtype : event ;
latitude : 22.921803 ;
longitude : 114.072380 ;
precision : 65.000000 ;
location_x : 22.921803 ;
location_y : 114.072380 ;

2015-12-05 08:39:25 params :
------------
Array:
message : Array ;
module : default ;
rule : -1 ;

2015-12-05 08:39:25 response :
------------
Array:
errno : -1 ;
message : Invaild value ;

2015-12-05 08:41:06 debug :
------------
String:
account-ticket<xml>
    <AppId><![CDATA[wxe5b18b9bd7e3626b]]></AppId>
    <Encrypt><![CDATA[nb+Ywzxl3+1DiOxzoTlCnnRJMRHNIEY+F96Oc4Iw1axvlyp/MmIdPeU2sxxeR8nbZtQcyz18A/gK7CA4LaIytnOgYzucGOcHNBZJjrM+S9ycZyY7xDSqyxgaAtK7JEb9wg8+6Y5xZwxfJTqDtV/TpnAuf08RJ52JzS67Wpc0hBKuW0nmMbRrxtND4wA4jNa/+nf7QXXnOBR7wQxyocyHSHQGDHNXw5U34iicytMMo/XLblKIXmGNPUindQ4yH4kchVZngP/PqjbGDc2XL2ZhYOX1n+QBNTNTFNY2xLaHNebqSkXSFp60gADDQr9R3wv0USNvZc8FAeECxyRY3jNtVxfD8mC2Hs4DUksgrtyMJBVz0U73v14VIiZyFnmKbMGAMx4YDJDNgkeqgw+YBzCc45+wAxVBtazrNNMsPwYo6Dmr9HwJ8QKxIrl3/wNRVMfv3kSyDck9uzYS2Zcq0NB3LQ==]]></Encrypt>
</xml>


2015-12-05 08:51:04 debug :
------------
String:
account-ticket<xml>
    <AppId><![CDATA[wxe5b18b9bd7e3626b]]></AppId>
    <Encrypt><![CDATA[j5GGkZIoWoYGJsZKssONyKgHEhPWyn1u+Dx4/gRirQVQym3v4zPlDBZHIzw0Uf4OHZqi4XCXvTDs4XM/ZNp8N51WygqaYLLfwgF6tKN9FM4jUq7TfMUloU5Nxr4LHbBoDVtgJkNQ/bgPcvB1NzfNTo78XY3lbwO05yTnytyPA4aVko599jha+OHKiqN7dEi//Q/yJqQG0lXMjVlA7ES2xJET6w0pCM4XZaIPez1xIV+quEX1toMUkrFAd1e/UuRovf8+myhsx5fMpeCeL3ZEbkLdjJEP53q26AwTjCtrwSZTkLGtg62SxKnHa31e5oyPeEIu2lt4nZ7tbfjuEInQU+ouGuQygGojBSyCjpTGVl+RUYlkED1XJiEg1EUCnLD30hcN7ZSjtTYIcl4nfNl6Q5byQ1xHWg6JGp0geDX8pobPj4mU0hTigqmReLI9UPnZEo01za3XlNMwsO6SHIV8Sw==]]></Encrypt>
</xml>


2015-12-05 09:01:07 debug :
------------
String:
account-ticket<xml>
    <AppId><![CDATA[wxe5b18b9bd7e3626b]]></AppId>
    <Encrypt><![CDATA[hzMu6teEjT2bEL3kVYT6utmdh52+YkujGjUihXtOKnduv48U130NavZhInGWvDpCT2NvXGCGsjbXuUyHRNor75CikMAlv++NsbgWI/MK3FcHRy+whGZSR1go3rxUjzHWLj6bcqiLpgEG7M+vsIgtnnvBL1eUcxNfqVqajs9LDJx/djv+hdzXHfTa9WbkiYUrMgn3o4vYmk6fi+gWpb+2GKseE5x26aK8Y5gdzO1AShdm15UWn1gMyvGsx/1VBQHRVGEucSfjXFDXVUh9xf2JFqmwU1ni8orn5lUUr+yCf5QGBX9m20Fdajx9gTR/tnTRosY4onLmakDYPW+NC8lqLb7nEKhbsSKJM9nw8LOchkVYxY/LPmsq8OgamG+UzmrE8xmKgHeJx+4//pXSm85osuJYc/pulfWjE1pAp7M5o7Edk7cT9+m4X+DVvDgZ+9xNqiat+4LgMV82dAAAoIrMGA==]]></Encrypt>
</xml>


2015-12-05 09:11:06 debug :
------------
String:
account-ticket<xml>
    <AppId><![CDATA[wxe5b18b9bd7e3626b]]></AppId>
    <Encrypt><![CDATA[OssgDYnqtVuu15//usgchoyqrZUj2gWB8mLv1G1fmVWW56G1d89OU1CfnTZpzvs4qFEQuguTw9rqv2b819m7tzthae4JPUkdapodWJIGOFaC2LWLRmy6MIffCD1/p53XjM7Im5EhxeWSqHqawAquc6Yx+R3VIiUMozWfFMC8pAmFann7+RRg9Q9X7gOK7XpJ03OeT70zkflomyYy6a6PGbrdHT9NM1KAEcm+ZURKrH4hH3yDg5NvldJsXmOMhKdox76w/Xtcoy2aKwPmuaPJrZTURed+lQw3dNldWblvMZTQUJqASV7uMba62Pl96nKY5UnsHC28VsGA/ZitSNyCDhFFDFwincwM46iaxCMUBjMtE1JqcZoTHsPN3hLHzaMTrm22ClorLXaJWx4CldXi5jvipvx3yvVQGgc36TwfkDaZQb1z/mr1gigv9uSsHoBifVTIqwYzPgNu2tUhCjWKyw==]]></Encrypt>
</xml>


2015-12-05 09:21:06 debug :
------------
String:
account-ticket<xml>
    <AppId><![CDATA[wxe5b18b9bd7e3626b]]></AppId>
    <Encrypt><![CDATA[g+usfzcJcYiv/WSdtBP90dTazp94WmX2lRT5iWY+xxxfdn/WhxdnRcQKgxU/ufVfvH3HS+gj6pg/rn7lVT2wVlQvkg4g9QBbL78l7etRByJT7zqr9fUSqgGocSsTxEpDcKoms3eQIX8cfSa1xlfpYiw54dNXNV6mKO16HH1hZ5wNwMe+es7gYgBN4v+HlpUk6hvDnAcLQIJ83J24zXj/FUkF9Jp8USc5oZEMh6CQLJTYiU51j1BRUIgvIwz0eOaiYT60RjWI2mBNtEV0DWniiNodY5SwWe7BfUJ09JHl/84CmEajoLL5EJG7UzUEVPftF49uo+CCRUS2U6d+NkpYVSJZ3CzPYysAT1n/eTByFkPqdu+i1SGuYISONAFK0VeQEN8m13xESx9cCGkhlTY6408H7aYSR2zv95wKmPhWnELsx59gbx2B6Zs4NxRs8HY8WkFvMsL3BEpXe3u9VQzKvg==]]></Encrypt>
</xml>


2015-12-05 09:31:05 debug :
------------
String:
account-ticket<xml>
    <AppId><![CDATA[wxe5b18b9bd7e3626b]]></AppId>
    <Encrypt><![CDATA[AACnFevBary+OKQdjgjpQZdlf6rheSmLmTxqY0U2nuJCCMzXxjsCwo6idYRj2WjZZzUTjV1FLcln29MmEqEX1onLY6aN+TuNLVY4BB/wPSCIFDDOc93gTHnAMbSWDdECofAKvySjg93ENLhYxTeGQzBqOI1RW58sajYw5nfUlENtym0D49QSNriRFNzxkV+aHz9cC8QcUUF1dvalUNC+qEEFfKIsXMyxC5/kT7yWRBJWsNDeUduqTLfetmJ5YSsF6FajhZytG/CKp+NNCtL04jDyPly/wiOp5lQyuc7m20Odd6mnbXDbYZRxzS0FZNUarmLYItbr1O42shplBq5s4ePbnVKH3bsCT2MX4Sro69RTPRLE2h0r1NqshXqJNLM4ztPoLOgQswIdytGO+azrREOo+QcpNuz3KvWHS5vNm/CEX9/ysjS3AHp3el3SX1o4s5Pfl63rozqZXpnuSuoNCg==]]></Encrypt>
</xml>


2015-12-05 09:41:06 debug :
------------
String:
account-ticket<xml>
    <AppId><![CDATA[wxe5b18b9bd7e3626b]]></AppId>
    <Encrypt><![CDATA[jFkpH6iY+karLpzfhxiXs5CRQW1W0cwusYot1JKMHxLkQGbC8JBmu2panfa7EBzLauAg7j9vfepxwJVb5DFPceltrwdViRtzf+NNwGMsYEYWBUEyh2cXfa7sZhUdKf/P90bsdZcy3IRtBwNeOxJP/JyteBobX+sy24q3XQoM/qY/XMf0xqGqYDZLhV0TBDMA8WQkbagD1tjT2+93YKDr7BXpihzmuP6F8kOL0NVPSuHOfEGIzfQ7BjiaXRqj3IZ15ojoi0Ts4mpJVINLOKRaPPGoD9DUY+aQQljHquvHcT5wU/XPplUzbdDajQ0LEm3I+xO8XKeEkV7awC/Th31a5aESvGl8ZhZQA4Mi9qSR7wvZDllajRCFsfyN6ltL5jLK2O03FWE4F/z2DoDdr+xq5Z5Cs5qGs7I4c149zlJQ6bDwoCsXlgOha2zeQNSiGSeBjwFKZEncoSt3Ee+HL+kR1Q==]]></Encrypt>
</xml>


2015-12-05 09:51:06 debug :
------------
String:
account-ticket<xml>
    <AppId><![CDATA[wxe5b18b9bd7e3626b]]></AppId>
    <Encrypt><![CDATA[bGLM3B+kFvEev4rO82c1y8+gBUcNXm3C89RFly+Aq62E5+dgWLLezByc9VIgHWGcqGEsYiG0XEt993sLAZCTmiI0ffUt2YSkw8JEq510ygOG+V3ty4wbuxPRuh4fzV1Ofcrn76Wt6XQPSXTKed76du8yqQrdJ0CxhLFydPv41j7uUKykiUk9BfA/ngKgs4TBiJHqMOUhi6xgKfI/ZomefJi+CAnpKBdLSjQwI+G5pi6MO69vnb6D4G2z74DGhxp/CdWyGpvUGnoLOnKBhui6Uk4Hi6k7i2YAOoXc03SZhrrlTk3vProLp9bb6KJ1n2CEAI0fJ7EzinD3Chh0PNue+r6VXK7ljusZwBfpI0jZLyV85zmbcRxR/ed5ekHwcYNWH2YtcBG1GcXQo4Lzw7CI4kB2+LMKElSTwlJ17dKi+w0ETWup8gSyGVLyQ3B2yclWLYIgssrk5y5O/ZU3lUZ+Hg==]]></Encrypt>
</xml>


2015-12-05 10:01:11 debug :
------------
String:
account-ticket<xml>
    <AppId><![CDATA[wxe5b18b9bd7e3626b]]></AppId>
    <Encrypt><![CDATA[OXawApj4/iTtj/8eJchjn+svSvcCKwJuyjJ15aYuZeMPGtNIcDA6kXM+8x5UGziXZFPgmD2bUmPGJNIjWtA6Nds9Pl18Km/4Mcf1KPV0DQOcR0SLgjqqGzlJapQZ6nGUoz5q4W7gCP/DOtcJNsTXYGE4Im+fiqlWcQa4xA3BEMIiROjTp8w4G2lus7NtCAt7lxeCRlUipf5woyL1dBGVrWVRT1yIi0iD1uqqb2qj+g36Y1dEuvYMrr5J6c3PBxGf/a2BzeRp3/ZeFV7/xTkp3seCjRStRCoHP8XawOLtrsHht8X6mAqS/eHqxCsfAhy2qscj0juda/yxvQGEWsmCTfB6+PLbo02EpQW7lOS5IzOUoje4CuLQsZhUAL4GPgcxjppqVkyCHuP4Eg5YhGQbYC29Qg5yvcUii0JxKQuqwMcr6/MVDu9YeKWEOUyaMF4IOSnbL/W3hyVtgDlmCiVpcw==]]></Encrypt>
</xml>


2015-12-05 10:11:08 debug :
------------
String:
account-ticket<xml>
    <AppId><![CDATA[wxe5b18b9bd7e3626b]]></AppId>
    <Encrypt><![CDATA[i2OZ19WfeKMRaepV6f2bVCmYgtfgv9BcL4p/Wi7BKcm1NCZpTrmHAbN14EjJw909//PzIis83x5lv4t0uyI3QYEPSaBfS0jiNT4JC0j25/jED6wK0ggssxLwvVXoO6w6Bcabk+BsCzhYNHdCYJ2Vq7oHoH51XsUpmeTwUUdBSzp7MpZxt7GTaM+CEWrwmSRiVRphF2JlEku7lzCL0aqtr7oTpD+83bZL9TgGgddoTsA/67jpEUoozEGfRw5GvlBMQjI85rAq+++HW2klHZQXeOgfcwq5Eh+ZRW3DssoZO1zb/Iac2pAaKABfTs2riiZiITHYXt8F7kmoN6NkmF+09w8P29ceio4BVcyni2yI+Xn6vwrZUKHe8zsHCsET11hsjd46CrEusuLALMcJVFuF806cWXi9Gs2oBs8jfVQ0gA8TWRWrpUw9DuwR1hG20xvkGlk60UOmuI9MhQvlgKZ3FA==]]></Encrypt>
</xml>


2015-12-05 10:21:08 debug :
------------
String:
account-ticket<xml>
    <AppId><![CDATA[wxe5b18b9bd7e3626b]]></AppId>
    <Encrypt><![CDATA[4M3dUXUKbJGa4NJNOOyaU0OE9oAhKiPsruBYba29mnclNcZTL1JLD9SOG75rUghhrZCmIzSIUzS5MEhre623WhX9qzc+Yd6XpRL+Vb7MhmW7aKtV3P/ST+vFxtY31/B6pYpRPh+7RbVvenQ2rYcWoKhd4dFyaGqLfYmenq1Ahyo9SkNJRVinNZiQhkG5/Hnlhag+j7DRgu1KjXw4Ilm+YSaih2+PTQfqLfgtGLhavZJXnRXHGVnyr8ipIMy4lt2iWRs8Pisi4Vt9rMx7PgNirdNGwWWX0nKz2lIfBhMHhT5ig2uXMVPD9eTsHTq3zizMRKj4PsIGwHRVXoRdoVsUYdPNbwEny16y42FysE0IzGo3TuxlKYMMVWWMYfeccgpbrFy2jyVl0WvsZ/9TUXVXWSa0zXf5gO+YHNn5VsHMMkyoeBqbQTcgQrTzU/oJLchZMS7nbLr/Bqmc+5KgL0is5w==]]></Encrypt>
</xml>


2015-12-05 10:31:13 debug :
------------
String:
account-ticket<xml>
    <AppId><![CDATA[wxe5b18b9bd7e3626b]]></AppId>
    <Encrypt><![CDATA[QjYIIJOoqt1PAUvxBTbFzQkIBL8N2F+AgPltv3koH4F2rSadpoKbH/3L+0oaDKFBBWPxkgnuXev+zcZk7TAXNsoPMkDOq8S+uplzl9tW8Kg14PSGNBusl757CigBx1Cak4EnrudNxtmWLKXlgbOw1Gj3wq9hkJkpgN07vhZaZToOFTCYxkPiTPsvMpLe7Xotja7lodLrSLY8V4lV//2vcTvDpCmFRx3YlrOq9yyywIdVFy8mhbYYkWfJn6id7tF7LLEBwNlAnP6mwgv2q5c7MAiChROUQta7WR6XtL7iHtsL+3KL5/0MXCwsXlK4+A2YHzhMHngoGnzXF4ZCxDttB7TZKxostRK/J7Ao62CjWsoyyMvDSOzYmWEe7/6iNpcSnQsHGsIJE2MedTsTwMiKHDzVIJXP7KygdAaYhqCf9j/qG2XzKjjJ4xkPdLHSJr3Jv8gubJXf6DygnhCXZmXKVg==]]></Encrypt>
</xml>


2015-12-05 10:41:03 debug :
------------
String:
account-ticket<xml>
    <AppId><![CDATA[wxe5b18b9bd7e3626b]]></AppId>
    <Encrypt><![CDATA[Wj/rupPkMHHAgA2dzJFD/wH6F9jkNDTHLBGkoujwU04w/yRS+k6sHxP3iiQb/6SNWnqPDnvHlrG8V2rVjr/zq5WRCbe3Ii1xp1QAASDG5EYw1FXIr3sO2nwklDY0pSid/rEO+C573u+2OjCVmw0J/KR+vJoMkEgbJKZnuTRtpGmQ1K60BAkRaY90LqmA0WJSaxPEaGe6vaJWD6U/A6i37bwEnwCrLcTZIp3fQMtxNafa+D9c0Wuetwa6IAUuPANLFfRKiZ5zTzv8FtmLIhwyDIbz+p34W3h1PThnrT7B14Duy1Q4CBiPG2hVkwMnEXHCG6pKa67SYff7L+Zl8kV2/nVCKCpP8wWqiAYBTwIKHkImSKsUtH0+A/JK5Vceu7uCg5ZRETm3bd1S5GVaD6kuDhZVnRlPJjAouOLb88D9dl2e5ZExtbyVevVwLuE0eTFyePsUlpSU62i0e4ib/H8jew==]]></Encrypt>
</xml>


2015-12-05 10:51:08 debug :
------------
String:
account-ticket<xml>
    <AppId><![CDATA[wxe5b18b9bd7e3626b]]></AppId>
    <Encrypt><![CDATA[0mGktCU5WUXLscCmn0pnGy0dzNvalNiDwg6YKQ28mlqavqlyXa+fRH7O7gt3S7aXMlxNyKcqZ5q8HSLLM3sGQUcpUvjFj2mdGTIDkD08364iHm65TfPnA5kG/u1nWv8TEOIvvMCS8rJhGkmmCJohcv37VvIbwdChiqVgopovn17R7SBMlMqCIXCVUkVfQ9Hoe/un0PJmM7h3ITS3E+4mFAv8tmqNs/rHkPXhu33f9SZkNzJYXWm2yJQaOwbgu4sy27hqRigFL6tfOzcCjN4X+S9Qsj/rXFZk/vlklK6ZdtxyKvu9d1LITW7lPUJ3FSa+RwWPSNLIdUAMrpxRUWBkT78cVk5rBDnj3wZN2brkEn64WRNxgnCi4rcC++ugqSMlv6WFezrezjMbisNGvN9bHf44w85KHiFGdyHc32MrGi6kUephmlaPpL00OU5Yb55dTPAog3jpXxKiK+zDTn+kEw==]]></Encrypt>
</xml>


2015-12-05 11:01:13 debug :
------------
String:
account-ticket<xml>
    <AppId><![CDATA[wxe5b18b9bd7e3626b]]></AppId>
    <Encrypt><![CDATA[xaT1s67+MqJn5X8AlLhotMAHLJBpeM1eURV//Qr03sNfuQzM9fHyn/EbLoLGLtr5HXlf4JcjDUoUBShtrObcDqP/p3V39qCN4r0jzytMDAp8b1iYGLdCfSj9/Ano76Yg9k0MGE8ad3FLvw1Ew0PUW5FJ1VwlDQPsxIYU9C8LfBPmIaAGHgnEfNm6bTCyfMp/lqOOyIjfvRcZO9c8RsprN39vopEEAaz9kj4T1R5ZPHjFsqs/L2LGNl0vSzNzeO8xtTWVBIEoGOQ6louAvM9xHZvctwzIfwfpguqTqf8sWzJO0LHSrvsqmkfrStKjKd5zC+N9e1IiqB750bCi5cHORgV4iYjOcShSU3AzXx6cti1d5Fao5HM5RsZxX2CLJemmBKV1BU8bdTtOPnzY6tQsdkuFgYzA6vlGWfPEA9xTTIj0D0TomIht55aVcZuWrOBXRHDZDsHlGBNgG37payjtew==]]></Encrypt>
</xml>


2015-12-05 11:11:12 debug :
------------
String:
account-ticket<xml>
    <AppId><![CDATA[wxe5b18b9bd7e3626b]]></AppId>
    <Encrypt><![CDATA[r6ODjEvgx4YJfjk1qibZAKbvI4jc05girznOCzrXg4hiIRnDhvebCwRzSCKbk4wtNlR8FZyE4DYGIZxKCim4i/cgmvtVskP4qgxXZIUSJ/rBvMgEUobtmBaDXqVFGIE0p65Pzmq8Q26cmmubTiCt+1HUR2IH0FxfN8MKSQjby58mJsNNSN/b5vFTiSgi4+E8UC85ajFbyjWDoZdhFD0I3MszR+UJ1g9kPVPEqXXYIaBh1J5TPsPoS9cFoc6Cvl63KXh64TfiSogKz/3NWFPzT3bE1hwW2juepViEuyFsNbmjCFZGKE7vUmu4G2HZ2jJuFR9tmg7/vv50JfzwIcL1EuMGvLQANsWjGEiuTWgVpbIote42ZuHmEYwsvzNt8W3vzOUKCoz0JSuZbhBvZwgfTkXUZrMzqidipbUtjMpwojt/GIK3pxrECT3Okegi9QNr9VIw/1rE0PdIulUIBtvxPA==]]></Encrypt>
</xml>


2015-12-05 11:21:09 debug :
------------
String:
account-ticket<xml>
    <AppId><![CDATA[wxe5b18b9bd7e3626b]]></AppId>
    <Encrypt><![CDATA[VIbdzKf8AvVD6YaoeMFYLUXyx/+pzUpD+crTPlU4tf5PWKkdPAbkXPF9k2aymyX3zlntv5zzDi5uNTUkjhgf5JHsbeDCvbOnsc3FceuI3gthL5U/vEPYVsPYckszkalQ1vy2/3cbVfFesLAuq3WJl1zWVUskMemEEO1A4zqM3UBjbadiaEqbq+lRtESXYNy2BUQ4lRmxsL21AXgJbRJW3PwEIJBt2Fv4Iyht9o2lKydKlYYqC1UMU4wKnZE+JtUFjHReeST/ysDqDUCq3s5IJD6u1vM1pAKs4+lUUM3FpbVmF1vuPB/MLevluEg0Stm+ZNNTCV4xMluWEosa/UZNCB4ovMXRdFAmpEY6aaM9oemKhlo7waEo51EE5lWPcROIF4FwikYMhue6IHYNEBAFOwpSGHOe6q8rrlDbOrzLYDKAW+l4sW013hGuKWI4+AJLgMwmoVwq6bDAscll/4XZ0g==]]></Encrypt>
</xml>


2015-12-05 11:31:12 debug :
------------
String:
account-ticket<xml>
    <AppId><![CDATA[wxe5b18b9bd7e3626b]]></AppId>
    <Encrypt><![CDATA[zrpRBGcssoJk76TH//+AgYzFjM3W5ppUq6X2V6alktWzqejDcfrAMgVFjLHjTtLmAB5QR7X8BuCvQ5Agr5E6/c18snjnCPuoidlMIGO+9+qoZBGdZUjbT+C7cUUXO9ZGS2j+RWYiwRnJ9AxRv4IlY7UnQ6V8BwECeoSU1eUS9MtJPec22968o3tVjK8QpU4ajvhPTtH8q9xhOiW2zMAfZJrdFR4C8B6+cXLhLCt0ob9fo8IWS1f7dq78+C2Kaa/fuoP4rOBt6NlTEauK9rmTODbVtUHPlZU9fQi0E2pf3WeZ5EjxF5yXbCoAPXlMJIv5WYeWzeWCqzbzgVzQALZcD0K6rLXx6TbpDNnyfU1KqtyLHvxyfOBAn8MLh4rX5f3l6jYXLQ8yQ/B7sgbTL+19SYRInjT0wvKsO5BMzVpkkl+zxRyQirWTDOVIZodK6K7I3y1ZmUt2XXXjnqtXlaHcLg==]]></Encrypt>
</xml>


2015-12-05 11:41:09 debug :
------------
String:
account-ticket<xml>
    <AppId><![CDATA[wxe5b18b9bd7e3626b]]></AppId>
    <Encrypt><![CDATA[+eZJKt6Xk4tzoZZiDcn7/0msfRB3U/0DCtG67XwfbGdVNPeMR9BXKtPHhD3bLff+J3dfoBMyrPszZatKCyHwZ5hQoPPkrTYriaBpraUMqkP/iVsRnE3dcNSOuosAZkK+3wsVvshiYjbqgFtkH34k0o23ttcJJHL/0GVWy7diR+WAAYYs8O4Y7dLssW865srtGy81hz93LvbSl0vLQSSLULRcszb4i0WZQDr1fHES9K9Tj4/9UtqrjRslcIvBwM2BO4Cj8OH9aWGANDP78pMnYn/XYpYrSvyGVDBqxhss1QowgF3SWMBjbWnylWL/tEuGTs1tJYWEHNqdPBUi+z8SqVGAuAq+VNG7zVcw5Sma0WMFt5zZvGolkPbCQkdmAxpmAFyb4GQUVcHJGHMHFxDk8BZHYU1ETWYQfNj+S66jKdwzlXIqlCnXA+kxEGj19dq29pbFSA0Nl6dyAdL7LAhCPg==]]></Encrypt>
</xml>


2015-12-05 11:51:07 debug :
------------
String:
account-ticket<xml>
    <AppId><![CDATA[wxe5b18b9bd7e3626b]]></AppId>
    <Encrypt><![CDATA[vL8EaLYpEIZFylziuY+VOvcbt2a0+64TjzcVEBtvxuhUTIAp8KKuK7IDhwPSAp59cltIZxDVxOcXhdYclZuhpzX15zMMUQ7N1xWX70snc5ynmtPJTXsgtHfZOE+Bn21FsWTt9anDsWVjo1uPaiK3kTSjPjNFctccQBFqz9Ef9bYjepA377fooFDbjmxEM1SJfeQrfg2tkhgJ85b5GX062tLlLBtBKZLNkN4diw6jU0IpUvGhZ9QVaLbctkt+jr+5YjJswKALDI902LfqRY7/3E6/K1hApFn6wxuYK5aAihrxUQHIGH4kPAz/8VlJ5tOazHvyb5jubcH9jAby2RC6Ak6mZQ7l1E8ak77FbKLJmf5GX3TirGRcioO1D6nzgqSqUTN4roIuFRPokM9hdUzFhpxW16yc8MfjZ7qxA1X5lgFQBKhOq4jELQH+UHh/Z0oScfLZuLSMaUPo2pGsxjccUw==]]></Encrypt>
</xml>


2015-12-05 12:01:12 debug :
------------
String:
account-ticket<xml>
    <AppId><![CDATA[wxe5b18b9bd7e3626b]]></AppId>
    <Encrypt><![CDATA[8Q0Xg+hZBHMJ7yvLCWCDNg2ytSR/JSCOoJ1Y6zHgLGBtJITlpol1BjhwvR5syhl9YWgE6kPD17uNkM4ex0brgxigTHf5XmwaDlyVGdfKjyIKwYG450he6jW6gWmslWwzBW6SohGoaLB86OTAu9zz2d+SNOjeqyH/xUf6hyK7auIOUPHc88bLvhMTW2Wh86LBxUjuI6WzbWLGqttFntI14hDSt4EyihEgpfCpSiZzIMzienoIn6wWMF8s2SV8bWh2yYWW+dGc4dEXvepSiDetxWfDAUiDPr9hYioE5RTJMudpBQRO6YqQqinzez/+J9kgOXbyPy8X7vX2ZcrcntZXzySUoj9wHxgmWkMZinrR3QEOyrYW09jVJ8rOXvfIlnBQDzVWKkQVtUPOEAm/wHFfTMYmKPw0dcYbjjhf6egLDVmMQ/6rr8bB7I6sgi8aR65YFpgjwELeztVxscflNzHiEA==]]></Encrypt>
</xml>


2015-12-05 12:11:10 debug :
------------
String:
account-ticket<xml>
    <AppId><![CDATA[wxe5b18b9bd7e3626b]]></AppId>
    <Encrypt><![CDATA[Zt/9h38AU9Zr4T9zIrj0NYxV10xJTTN94372ICnjsggAkGGaVKqwEbvj6SMwwFZq38Yd3YHkB+LSx1jPWYjt9cVY+GxjunsG5AKk91BsnQDqeFZrIFZIdvk24BUqGqlTGUsL9//h8c47ju/qj99Nv34/TI8qyayqvW96PK//GVFEq/vltYAvwtP43fEhh+FoTm9wcNGowuFMLsj2rg5yLiCocVK0TyTAltLTnaDRCo8NmKOe2jwjafHcMOFR0suk+a29zgIqrhg1e1bLVGRUXqNL+B7RDkA+zCVqIqCPnGkL3Cr7o3nr6h72yKfH4mCk5/4VO9JTLWCmAJ1QGQFIzXaB0gRc4P8KTpFN4NVV+KbRrFf/BLRIRqrU72PZqjvg5QTBmmwLEg2uFfe7sJY3GEcMK0iA0yOH0VCJu4mBRnSuhNKSnsx2GcX2Qt9FL1uMSL3WKP1ReWgbOIaP1XyZeg==]]></Encrypt>
</xml>


2015-12-05 12:21:08 debug :
------------
String:
account-ticket<xml>
    <AppId><![CDATA[wxe5b18b9bd7e3626b]]></AppId>
    <Encrypt><![CDATA[6ydF7svIk7PF7+QM/bBQpTNlkHYXbuHMjpGwbccnG4RBtN0U/mv8Aqn2SO4m44E0kAWe0YGwxVlaHypPympVk9bxq1JS6aRQNxUa7z2upxGzOZ6NKsjG87DYpwAjifsdtFoYqlvXsnLTgwzi+9n3tjKt/nPTxsLh+EdVC/Kj7am5unDK7WzWE5x2IBiAqlT2IIBE/3vDgH69YZmF1AH6W3JJ7mmUaf+iJaG/mO6eR4cflUHROvUFR0YOtvrbdOEiw+Ky2TSlPztl1jlFQFCDENZQCG/DAobIngomeyovs1QrW/y6sXk2V7+StyUQIPh0hXPvK1uiLZZoHLvETTyWXtAg0kLitKl/lvOwfMzvy2L2QCK32aVdzdhNsM0thxSjBSUOiJYWtNNwCglA88wKnaqmWXfOFRGKn6fg1nIGXqaKJbtTt6lPi3/BvXjJ5+aOQFJNhDprWm0Ai64fYXpGTQ==]]></Encrypt>
</xml>


2015-12-05 12:31:10 debug :
------------
String:
account-ticket<xml>
    <AppId><![CDATA[wxe5b18b9bd7e3626b]]></AppId>
    <Encrypt><![CDATA[6g5iYNAB88oiwYKt1WoSko1AbAdMQDRcZt8xi60NxYBqf44LhYQ/laJPvxsiCf53cCnjmMr9Fz88E+Lsm87Ico7Ip610aQO68s6Umq7n8vRSJXjaf32yVHOy7iZm2OFTdBEoNZmBAm6FXIUerwFK5z7V2ZWkUgG2ONeuAAJt7iw5o51g9Pu8a7sMFKwN0W0Gq0fcWMnuGWIxmrLvPtwsBGiXWtKS6WfSClGQBrKSCe2TrnWNVz4IcXiKlF413LEcxPt0Kp50xk8nsv/724mL6mCeBUi8NIpbRfT6tkeyeT4yI00f16z3iQD8ZvqB4RKqV38/ZA0BxDqRQK7OlsRPi/cFk1VBgvXhfejspAVDP4G11YymSM/3elsgHM7yyAkpQIJ+4Vm2H8cajjgE8m5FOwxNQBQ+kx4l2YBi8ON0RpyqFV2WNf23y7LS7G/1zgZy/Dy297i7CnqgYLWBCSCsiA==]]></Encrypt>
</xml>


2015-12-05 12:41:08 debug :
------------
String:
account-ticket<xml>
    <AppId><![CDATA[wxe5b18b9bd7e3626b]]></AppId>
    <Encrypt><![CDATA[GJRO7QGXZ+WkAj4xTKRp3loCtWKW03QRBbjjfznSPox7l3DBLkPNuTzNVtJmIu79O5qkAf02tm8eoIcy9uMlv+ZjRD5zM5kO9Xq5V1BLV2omjyH0MwCMC3sWRzNFJVzgI9THwzgiST9KyWzPtWmrBF2Aeqnag3CcFxH1xy+5VaeY1Xf6G8/RQSUm2CpHgzB01UdzJVI/RbfIGDcP6/UU8bj1OCMmQSZNWo4L5VTKgI05kh/cHpvn9D7A1T75wD8+X3sceydl1eg+WT2J+uDKGFsJBwne6H4OaeQT59i5PtknHSThoxqcA1/qXKZRRP6q6XeYslMTA1c11G8S90sJQ/4U+9dnVCgCIm2k39j+KiAMbHJ8dZSDanFgi/O2GykwgG/LaNpilmU48G7vq2VgGicardq9TGzf/KmGqpp1kGuugFOJ1OAYFDeIsDIcQ7Aolk8ShRMr1vqhJMwyD2XR/A==]]></Encrypt>
</xml>


2015-12-05 12:51:08 debug :
------------
String:
account-ticket<xml>
    <AppId><![CDATA[wxe5b18b9bd7e3626b]]></AppId>
    <Encrypt><![CDATA[TFDQm9+qbKvQ8BQleXRhsAsXvQqzavReLgAR+YaP6FAH2wlJaSf+qKHHgUuu6Pyizm0lXSxnNkRE2drCxsMzIJXU04o96CuhAXNX8bU6PaK14VZVvMnRdy44Z2vBrEaD1nvK/QzlTHLgvXtmiFqmcHIS+gqfrKL7dSN7OiubERWzVgybN0R8mgxkFZ3UYNXytEuJx/gN7gw4y706DM1Y1xvcXbjTXtJl3TN4IUsgnmjQPIBHEbZw7snTelIdrEK4ykskRjL1sjmCMap+Mt5ZJV0+Iot1evBRenl1UM3ZZnaWUMLg6LBszqYqeKqQNXupUdDqAo93dIrYEai30ahV/Xz8Hd1OFS7fzpTIoTax/TA6ahCBjw3FSTvWV6BTHs6847ywfFS+MY17YLFCbC++hRD3N2HqnZPmNLMcMpjIyeUf+Sp8UD4zpcKhKf/Wxfydw4FK3U1mh9HaJfkRcqm6BQ==]]></Encrypt>
</xml>


2015-12-05 13:01:11 debug :
------------
String:
account-ticket<xml>
    <AppId><![CDATA[wxe5b18b9bd7e3626b]]></AppId>
    <Encrypt><![CDATA[F8Nd9eWSw3cJuZKyB4cJyNa9Z98LmmX+ylE3TkZnJY8iCmXKh9FeUJ5jDBwP0YrM2ShEh3ZWbHDZ1fLLSHBU8NTUzBMqJtpd8nQ1oNB9XQ3J8rUFXM2A421EVp1se1ghif2Bgm8PP6fFJUPUfjQlEr/OtkyZkURE1uRx1CZ7nFuqj0mrRn/loYn3yMIBXte0gQtIRh+KrKxNB/PyMIAWMhOGuv4qNMysZoM1hcvvnGekzl8pa2IGQ64Cm+kARQHDAKPnP7RCK3FCyNSYutrINPsWFGf9S6EvYpHqyKLTre5lvklpSEuIv8FvlGh/nk7MJ84W/9XJdcfgvwM5gc5LCv8lRmFDJo3YL1WOM9p4gcsow2SgAL4JUspUZ6u/4B+GWHkAaFBt+t0io9rZjnKwZog5ZaJGR0dxN+OJR18046egPzMRBu6Enet7TsNG2rR8BBBQe+GNWwv5lq7lLV4Yjg==]]></Encrypt>
</xml>


2015-12-05 13:11:07 debug :
------------
String:
account-ticket<xml>
    <AppId><![CDATA[wxe5b18b9bd7e3626b]]></AppId>
    <Encrypt><![CDATA[LHqRUEfbxl0QWkGOWGnvuNBkh9+3qLdqcLEX6RtWqTi3fPrr/LCBbQ8Es3nmixtFBa/MZj6GaOG5P926MvpRa2lTgntDrxcbG8NTPKsVCiwS3c24lApopr/uZ7dk81hPNbv6+XbJi3yZgO7uP2mnk/hzBxH1ugZvIfdhyJ1hYiQHodgQRLBIzOjWj9hv4ZBMTq8OYQegTqxLyFP37XaCqVMEOcc1YdHCygwksZVrG8axyqBYSdyO0d7h/gbw6MG7N5FGVJJQkVJvn+k2r9g3ZR4Nw2JiVFoqMVRm8/qWpt96XvT+S1ts8sG9nEomCB+756XBzjZkIxs5ZKKB4g8ANHGsupVLMvtuKGL6NQ6uDlpzTtAhV42iYSXWuK9lVB4NKjpMrqjmNDVeB+IJBkYeDBdBZ7RyDnTOeLu/mYh9H+QIoiVhtLfKnrA/9/Hu1OAXzScqhwRlyRTJWJWkYKMU2Q==]]></Encrypt>
</xml>


2015-12-05 13:21:14 debug :
------------
String:
account-ticket<xml>
    <AppId><![CDATA[wxe5b18b9bd7e3626b]]></AppId>
    <Encrypt><![CDATA[hZFb4NwyeoofrE7QmkUtJJWteRlbKBR98i/HMEIZ95uNfWTofjsvcB147hMu6HNbvaKSynJJblvQ8rZF6mZaGrW5qSPsYEKa6aWA0Ggt/ECZ2n1B2ygZQuyb0oBYE60qv7HUgpfqwLLCNxwONwiDbXB8pNoBATWmdCRdGqfttCrDzG4+rlBefmjGKmok3aV6nNGwlJKUOK5rPNLwu0lzn94ISpVUihHWdsCQmY72aGR0fG5wYv30r6+iYXlomIpTkD/n5oHBe6uqXmvZnAwM68sH4QgDRN/pR1oa4EW6bdZnJZQDKoxB4wHM/TjqTqrG/KGNAnoUOJSSpIYKYWmHE1Ja8+m3x6gX3kze8lYCVE59HKWFJmNT764JUbPX9fYwK2tRLSwBws2Th9Mm0Tm4IYYKGHHulEc9XojzF7dSMfHfIyscqIspjaFMI52KJEtYRXshefUu/XBT0vWciBcbcw==]]></Encrypt>
</xml>


2015-12-05 13:21:14 debug :
------------
String:
account-ticket<xml>
    <AppId><![CDATA[wxe5b18b9bd7e3626b]]></AppId>
    <Encrypt><![CDATA[hZFb4NwyeoofrE7QmkUtJJWteRlbKBR98i/HMEIZ95uNfWTofjsvcB147hMu6HNbvaKSynJJblvQ8rZF6mZaGrW5qSPsYEKa6aWA0Ggt/ECZ2n1B2ygZQuyb0oBYE60qv7HUgpfqwLLCNxwONwiDbXB8pNoBATWmdCRdGqfttCrDzG4+rlBefmjGKmok3aV6nNGwlJKUOK5rPNLwu0lzn94ISpVUihHWdsCQmY72aGR0fG5wYv30r6+iYXlomIpTkD/n5oHBe6uqXmvZnAwM68sH4QgDRN/pR1oa4EW6bdZnJZQDKoxB4wHM/TjqTqrG/KGNAnoUOJSSpIYKYWmHE1Ja8+m3x6gX3kze8lYCVE59HKWFJmNT764JUbPX9fYwK2tRLSwBws2Th9Mm0Tm4IYYKGHHulEc9XojzF7dSMfHfIyscqIspjaFMI52KJEtYRXshefUu/XBT0vWciBcbcw==]]></Encrypt>
</xml>


2015-12-05 13:31:10 debug :
------------
String:
account-ticket<xml>
    <AppId><![CDATA[wxe5b18b9bd7e3626b]]></AppId>
    <Encrypt><![CDATA[IgLIDjNWMT0FpLU++E8dmKh5surMKnYgmFURqxQJTutPPd3lgoZS12LFRullGB7pirv/9xiesDhNrRFmnxwAqqSN8XrCcGiU5WG7A0i1HLJc2aGq9n/x7+xOTLK0KRPOsQ4W/Az57H9gZcgeqNQacd/OQ6qQJPO1iwGmI+RzBAHSmuFvx92e7qJvrjclG7gcoHeT9hPg6VSD8utexJtPQHAsu5PDm12Xi7dC4AzM5TzdSz+oilgSULO6BUCIgvzcuXbe5HDqKpO3zLSEpX4iZLfqQx+cqhY6K60AX5DvKEzIlDWeoWRjtDqDZ1OyVLyZIQFKkqHgvxEI0YT9RayzHskvGGj7H0Cc95M5BPGl9k8tEysq3NezmJGBiEy2TF8eche8gf426Dkgp4YYH26Yd81OLVCzTEZWk233v0e2qhnshuqNVMtRty7IsS/Ik7sEh3+cEPGLeRUsjdhez5hbTQ==]]></Encrypt>
</xml>


2015-12-05 13:41:07 debug :
------------
String:
account-ticket<xml>
    <AppId><![CDATA[wxe5b18b9bd7e3626b]]></AppId>
    <Encrypt><![CDATA[PrOvf3LmaYpmfuBZM9vPJquHJZfZxFw/Z0Ib17kNesjnml3Gsdb6uygy+lv/QMGpxWQZkswK4cw3LlFemFrogKI5lHOlD3jPt+EFEKxzxtwsBjIheejGHeGwApNsgfQey+0KrZgHf9KnO+8YKX37xVth7j3iFkXND/FYMmqFV4MNb9ae59BigLyumrQKBQ8iwybnhS2/+dXT4du+kKUPvxGdtCezJ8SErI716izbvC9PYnQ5DU2ggBP8/0tEKfT6hgxnaz3XSFdczt3u29W6Mp9Fm/lFYcimb6PVECExYosW9LFvFmXn2Rr4+lvx/kad2/ZsWbzG25lZvr9IA5Pp+2hBuSmD6gBv7eJhO3Ww7g4BtneJZX2/lgLFDhiDrZI61CbyAFFumpDY3lJZvdHKcm9z29q3Si140KGhsTAq6KRY+mkHh+v3XoRcttQKWFzofuE8lffwaNxIgdSn7hAmyA==]]></Encrypt>
</xml>


2015-12-05 13:51:07 debug :
------------
String:
account-ticket<xml>
    <AppId><![CDATA[wxe5b18b9bd7e3626b]]></AppId>
    <Encrypt><![CDATA[rb4XD8W/rjXqP37oYDibmUA/a+/+H+qlN4cHghoRVLo2I6kQzz5qe5MAwudlpv4WJ1oboEMWASq20/maj6d1GaZK+5AINsqtXrDGqbNFktcHfRK7V/MvvGWlLp22uh1BKamT1WWZf0Izmp9W4pgnshuXA+FI63kHPS2R0mbc1EWnQcOiIO+LOSB4bnYpm6iutSdi/uhT63JHniwoTWZ9mFI580Z6KyHYUMmSvblPzg1e5qsvCce3/Xl8M5MSCKeyDCm+HN1J8Ft7bhQMyoarRarkpU1kfy20qyg4hpTEs5jihEDzngDbahFqSv+gLzf8sgaRMGJoep13CwlMKWnPRn8X7HGsVm7CRIafPxhaDFFpxAg3l5vSdJo2TWk+x4L6Esxue/7ICVntNTVEBcs6QJ60sH/kbro/iTrLZYlSmwRcyTFMcSwD5dXjzatx3wNiGSbSZxgSziP4ytFEEcrYKA==]]></Encrypt>
</xml>


2015-12-05 14:01:09 debug :
------------
String:
account-ticket<xml>
    <AppId><![CDATA[wxe5b18b9bd7e3626b]]></AppId>
    <Encrypt><![CDATA[Zap5mPKg8kaQdyVmcI4X6tkjOvAIbhF77HYrB9HKFcT/WURJDyetQ/WJaMIlfpPVdfRGOWhEfPE0L5D6PsBoLtdqr5cbWZ7J27ilrsEsIC9EbsnKMMj/K9XsVFm6v+/zyXzSmpORMxqh2BDn6uBoapOZRYqo4nr0Le7lI2BtndtbN2ha2rm7U8KkfXjng1DTK3fw0IF19ZbARrjXGA97EynVBVDVN7KrRf8apEzEaSq9TyDUibnersp0TOUI+W8I8RehiATvXRx719TXXTmF2dKxSo2DHlAXbR9A1WapJg+C0hm1KDdJawSljVYPxvegdLSj7FrOpa/PrDB8cZS7PIrlB6BIe3Fe/blcxCzxsMP+QUFVjH63HSyVeIvS7Wu5C15gNWgpAOhrQv0mRAfvNEPpMvx9WNG88BZu2XcnLFZ05UG3ZO+eeZNXg2BbEv4HTK7g4ivfQ2cF+XYp0xK3Rw==]]></Encrypt>
</xml>


2015-12-05 14:11:09 debug :
------------
String:
account-ticket<xml>
    <AppId><![CDATA[wxe5b18b9bd7e3626b]]></AppId>
    <Encrypt><![CDATA[FPLsu4iPHaBK0012P5X33lonrPkP00IBIEbPVgIqIE8X+NbbCLtuHzWH3fKkwpKqC4fsjpgyLzwoxGjMkxgwV6FKll1gQZvggcbzt/HtKMMEXxUroDTpGrB4Dr4fi/kjXLaUDBIK37WwPh9gMUwMI5xSidy6W17MeUQ1rP4v1RY47oNv/MlNSXo/iCnA2jJld6OU9ZNQ3B67JjwMMLHPP0+0sl+BCaZHGeQ/ziV8xFuwRe6Nd9SBbwWW+cqOq/RXlYKLw1Bv/4u/qiYJZLz/lkYYuEAL9Sd/mSffcA0JE4rJUejzSWeiwxpprWBKOIVrpzs+Gk6W6gvLs/77m8w7yBM9FQGmkTmuOBAWJ8uJj88pjINgbe73sW71HnwZlfUVZn+OEksik3ySHpH9fIJ/6/MlshHOzUKT0EV9ta435v6J8EA9g7Y0LnpBfCBiqlH7U+IZxUB6PCE/G/mfAZhD9g==]]></Encrypt>
</xml>


2015-12-05 14:21:08 debug :
------------
String:
account-ticket<xml>
    <AppId><![CDATA[wxe5b18b9bd7e3626b]]></AppId>
    <Encrypt><![CDATA[Qhp3omZDjW3gcPYvFWuEHzVkMFLyxOIEZ/9pHm0p1mQoIEgNRTFWvoxTVPHv/6jpMcIDS9Wu+wxrnORicnXve8icj5mxF81O0ShnyGl3bAc+ob4dsAqEdHxzfsB5pAnraem3PN+CLtDDpk4qZTgDY3AR9VvKf8hyLCb7YIhTiMbahii4WmJ+8UAOtF39UECeMwrnv/gn+xmMS5KENgAy8bfx+ysAIFZ6xTos8cdAIOxyeUqb5vwgDDn1yJbKVARjU1uvY/zjl+aD4o1icOHrSWY3whZfG/pScTY+tiDp8dq6vLPEyM7+zFvkTZa/DvHLDmRP+rleBtKdtWC8OZ5RmE7mGZb/hKUuhNDmpSc4QmB+Dg/hVMJPbwxyS6LNLTrKnL53R8VctA9Tmpoc82cZGsE33VXwt9z+scKLBqokJgiIpmh8nW1R/4b8bIt/gVkreT9afpiod2XRYbg7A8steA==]]></Encrypt>
</xml>


2015-12-05 14:31:10 debug :
------------
String:
account-ticket<xml>
    <AppId><![CDATA[wxe5b18b9bd7e3626b]]></AppId>
    <Encrypt><![CDATA[tsqPe3EQbgt/kqkUJ4B3GSg+ylt4XgidNT+uZVsPdjbu+t3+igrgsSMF87LvNZGUtLsxQZYnudlx3ISNv5B2cV1rjkB+TG6LnWiGtKBr1r0bA0CL13yZ+K8vZQEj5LNsgjr6APJToYwa59uImNi5RSbq9xm9CFKg1JCQ4utva/EE4yXykngvhSlLHZqu/DrHtdP80z/opxSWxphBALWXsH5ZOL7F7zNl35SKQcmJFXqp2n/vujkZdh2XFKMKV5NFKqM1h6KYH+VkmG/ZWobS75SOr+L36Qeby8BCAfBOxJhL4OyZLeDMo5ZOH7fF+4KZ35tOJX5zsjrkMeuITZHAH6ZBZaxNPpyL2ebGiMKGu7PfOLEloItXMbm3dLhoKbMo2OsQ7yceY3yrpVKgyrGz7A2fsU6J2LA63FOIrKniIELdM7zvxrPE53Hh2UefhVC9P/phuiQEn2ruo6XnFtO50w==]]></Encrypt>
</xml>


2015-12-05 14:41:06 debug :
------------
String:
account-ticket<xml>
    <AppId><![CDATA[wxe5b18b9bd7e3626b]]></AppId>
    <Encrypt><![CDATA[m4/oxWJPd/IdtHl5sY/q6I1cPS3cIo4emeIOd4e9Us/yd2LIYJ/Rdn8LjnG7iGmCbhHntp5luZJE9lJUW9Dxpd7IbLgADyjr321N2IzpmWBYZP/P2Gy06jhqgC5J1oKFEnx/wDg5IPXE1PZNIOsn5pcHlrFgFfpEQ5vEr9SPtStMoZg/StTyPiEIMU+oBi/0JHml9aSCZ8uOshvVLnJSWvKr6cah+E6euP682qvjWLjEDsB6oNt6jNuNWyoWNx8Ndfv8IwKOu5GW/qV9OD87pG7hZ69C4rd5NoUrlV392z9JCm1+4P1nwP31jDNXMwnnMpQXgWpt+3/m+Qaq/59vSUTxZ1FKG2Q+4WOW90oLX8QGh60JAYQDXn9qnfAbV4kyiLF9a3yn8v8a1xDMhvmxKv+d6KvVOmG40dNzNaYyh//XYRdKW2/N/7UcJE6zdwkr5KKxq9iyI0h0B+CMI6tMqQ==]]></Encrypt>
</xml>


2015-12-05 14:51:07 debug :
------------
String:
account-ticket<xml>
    <AppId><![CDATA[wxe5b18b9bd7e3626b]]></AppId>
    <Encrypt><![CDATA[LhLPPp3W9m+CXnPCVfkaTt3RBZBSfu0I3LAk2p17S0ivE+xwwyotM38t69cR9n/+zcqEW7pkiyUPCn75fHWBCXeXZhV2VPjeujugZ92k+1HJOKHo2Lodafly9x/tBe1CwSgP42M+I8SgXWZOMXVrIuF/aKNwUNrhimsLjAHnKue2G636Mu/6xG5kiT1O1yU2ANSUcxW57ghqysXSRZlAeiik+Dn0fQ6u2jLhPWOh7xsE1pLbN/zXPhJciGmCWeXuwcwJlf6ADwas5nuczqcfdR9uyTPjkBGl+Vlf42M9arsXe4dABgGg07gBiHI4ib56m5JrTj++t5btQUBoA8lx660UwxgtEXcbDPOw9ZWPfuf1AM/KEvrF9Ey3+/oSMxdQISF5/x3Yuy6Ogc33woJW/dRXfhUadCOQPa2DUdAZAU0iQoTdYeLUCoUX7jHPKs6NjzrEYT9YAHNk8U6BIl/OzQ==]]></Encrypt>
</xml>


2015-12-05 15:01:09 debug :
------------
String:
account-ticket<xml>
    <AppId><![CDATA[wxe5b18b9bd7e3626b]]></AppId>
    <Encrypt><![CDATA[WDBZb/ieIYPXiSEPebSTX3wStgTGkxqGSpIAaD4PwE8QlS65BlwVXyuUJ03CvgYrVl41W9b3KpNgZ6hq/VQXESfgEvPP8t11Lus93KxlwiBkCVnHtiH6P53l4a3+Ll4Y/YweVM9TP/xBCx72BU0BlrLWuVBNBBSJh7/NvNnFarD58JuK5AnLX1RTDfI02JAScVFrsylXwmSArKPvF7HdqRBjzNDyFH+Sy3Lty713CLqzsgdJAHCKQqneuEZgN5owta0cqJ+IFTabx34SlvRh3DFDYqXuayIOAamOQAjww4wftfOxm1YOyn9gXoGR41OxfQOBEBJ3UbwXkewm1FAo62ihgsLDVQS+UlOYr1LayHwQFZ69WUNqM5TyNgA/NfviWXPW+Cr7KZhN9a1k7cXSuPB92oI9/niPhKoMWptdYMtoz5peX0FhYUaVUkZbfnpVamdrwEQk7lub9hinbxr2Vg==]]></Encrypt>
</xml>


2015-12-05 15:11:07 debug :
------------
String:
account-ticket<xml>
    <AppId><![CDATA[wxe5b18b9bd7e3626b]]></AppId>
    <Encrypt><![CDATA[U9yUJWnR08EMhnI5AyfaT/wZ1bKCwKD7K3zsKcTf1eWdL5uYv7MlEMGjTBvuJvjqPNBAhrskY9CkjJIGi0xXcG+jw+8FV5/z4bnlL76BQiSBxE94SgxpEFfT0acY+5kuweww+BuwcXZNfpQcPtgiC6GAdlQ1Mu9a2k2OqygKIMaSy4aIU3ft7iMC8Gaflcs1M5jrdeV5YGSzX1jgEeWbZLxFpVzD4KklHGzssqbJoic+jGZReJ9OvfPpaZp1EDVYa6mEqhrMV+DnaUjCgevIyX9Ji7Oa7Bq0jQ/dchgW151iv6eaGLg0DmDx5+BE1jsZtsYiYkJWTvSEIRDPdyB3raE0taAa80e79KcrIuZY7zJ1lvC5BAFPgB62yq5kqVX7MtHRdfo8AVaeHzEH4jzAoLy0tTz3hn7OHDTpfBaabhJK1r2AlLYykjN9qxyLva8jwq0QEvXm1WRFh8IL7C5Uyw==]]></Encrypt>
</xml>


2015-12-05 15:21:07 debug :
------------
String:
account-ticket<xml>
    <AppId><![CDATA[wxe5b18b9bd7e3626b]]></AppId>
    <Encrypt><![CDATA[sHCccVjo+oWxJCEULjX/n3uhZKLcA/a+rxdxWmY6DII7f4n9gkHyNtNczHfP85EglWD9zGlfv2+pIj787p3nUCRIlRp9hQMyawDzMKyO3NKU8GhjBiTp0Xdw3WocpQkf01l5hZikYsOP/f8oT6+/09rMzprJglWxNpZoiQGH0/Be3XKY6v3kFVADK91OT4hBknpLvFbUW4Cfizks8zBFWRdMIU/7nD5KSuau3riV8KSFAS9re1lZ0lDtak/e0baHrIg/7BdVIYOHw7y5AtjxK86QAzHuBWqZw3JjnVdtccb7AvQwsq2FMf5tkTXsrPwVa+I7I+vhwQE2gC4/4efJwSp837S1GWuv/eVryTr4Vwlp2HemgZy5Aa5hiWsHKO5Mbo+qqJTIc8RhGQCasjjib90s6HjtBSSp2VdK2ethkRgdOYCYbOoKuI/3DbBeRFCbmAttpBV9vm2N39XGoE1Wjg==]]></Encrypt>
</xml>


2015-12-05 15:31:12 debug :
------------
String:
account-ticket<xml>
    <AppId><![CDATA[wxe5b18b9bd7e3626b]]></AppId>
    <Encrypt><![CDATA[z4PuBF78S0k6IIFx580kMi7i66uderQLGiBsRjJa/uoYOZM9nPQkf/pNo7ISV/DiwRxmNkk6W1kfXEupnDiefnf7tjSByimwtdeAJl3WMSUXKwXi8LPtEpqihEB7gG8xPXq+U+gAJs0fmk93iN2wtpgZdWi72nPBMn8+1xS19IlRV+bZJOxicR2wAoL/f6caswYtq5gwPn3HyU/3EMFNch1zTRv6MAYJHzXrKJNFCjQ8LY3HZgakngMUFqvvu4dcf9N6CbIXVgv23hl++FpTdm6odvBY390wq9nfpGT6DOs4JxhQrehw08YR0kcmOL4HLzzPCBr1fUUJBh2qNJ+2P3a9XqsTO9oMiA0rKGhg3iTO0Cat0g4E1RKJMYNRQaRjXuu0W1C8Dgwcevs+H6SY+ZNcFyrttc4NTpKxV4Cfy1MZDrIJVBs6f1OKl0wjTFKml00PvcuoiLkZ695Fc+0QwA==]]></Encrypt>
</xml>


2015-12-05 15:41:08 debug :
------------
String:
account-ticket<xml>
    <AppId><![CDATA[wxe5b18b9bd7e3626b]]></AppId>
    <Encrypt><![CDATA[3bl/nB1GEb7CPjWZtL3qLs0oJni2yQ4RqwLAfx9DwVhcWpdyTLdB6+ipHh+wkMoBes7K2qhYd6U3ehQuPAhPrYjfBmBAAtNP0ZkCyq7LBd0D8maCq74TNP8K91/gpEJ1vf2GmTGAoHfhRJSHk0mDZuUEXYFb2AgouqyfrRfcL7jrsufP9I/POKIvxuIJM/mjY0386XWXWKc7nZktb2ulmQePeyq/xboEwKLpBWaBH0+YKOpu+wL2A2aWrDXW7YGiVmuw3Cd9PGTiCApO9ZYFAS9pf4xpZ82EvdqJ1h08HHRaYnDEOnNmLLVKI1xQu0bJG3/tkFMwIERSegbTXbOgvYbcIgnus9KC35ERKWdMuolt10O7kWemz3IHFJqlPmX4nBiKRZGzkJYItzC8JQ9/a7BWtVVnf7TIuR5O3AkbVv/EO76jKIIzlaUgH0eQmbMEu9mhdCBJXLsp6zPZvhuPUQ==]]></Encrypt>
</xml>


2015-12-05 15:51:06 debug :
------------
String:
account-ticket<xml>
    <AppId><![CDATA[wxe5b18b9bd7e3626b]]></AppId>
    <Encrypt><![CDATA[J6OXHLk2hTCciAwvRrsV0nyCm2zoqn7q4PGLBwcRx28creLO3VAa9rTWsbjBeWuyZApLVzcocgmuZnKnzmDWJ6zwSge0im452i3E4C9pZzcZgs+nMPFVqUQ/PnIVfkNYRyG3hlizhDRvhfsmku23ZsVTPbI6oxw3Lc/nfYHmD6EQ3GGTc2urvsVqDqNDMj9EQCeNxV+594P2o/BRLxX6wBtNcfJPC95wiPHSlIuRUzw06opTFYjyi4fqjToKM631tSUwJQCn8TUJjf0pU3ypM3uJ360XeZLAPLVK0F3iNhLRDhKObrIYe6q3EITodHcQevebKji+PUazn402dyJpL2Ys+1L8qCxarmu8tHM4H5wN41uISLQuABoDcgX8jLZ8lKEuRASF3Er4w9likNXPSalg8ABDNErYVMf8pCT8TQYqSog/7Pivixy2TqFilvszAB8o2F94paaM2UoFntZsZw==]]></Encrypt>
</xml>


2015-12-05 16:01:09 debug :
------------
String:
account-ticket<xml>
    <AppId><![CDATA[wxe5b18b9bd7e3626b]]></AppId>
    <Encrypt><![CDATA[Qe1iPUMm6hcd0Jtgw2SDtoCpDN7sD7Ep6oux8S7GMifXMzoM92N8aBLr1iqPb42DlCJl5wDHL1D21xaYmspze12NKuJ4SzJgw+rey9a9lILQBnsALwJgmmVmnMt21o8l7vQFjO47qyS6iuW1Q8oM7A2AwBO8C9mF6qrpfe9y0ElTDrxOmH0ZLDOCRHzDHuW0VjCiO0OTq8kaX9tl2GvIT3BN+cnNcNNTkVPQfBXr/o0KqBqGrtaqvNuBUL/7bu9UY6XmqlVXQIGDU4CdFATLUaQdVkhGO+P0vOEb1L+BSAJ969PK2bPgNHOJsJL0knmv/YnvuQjCG1vkt2xNI4JVtQjDRHIJegrqDTzGsJiHH1iboR1PqOQBfZLy6gA5792j4hOkoFLisoo5H1uNdLLe5QeXtjj2BYBH7JkWtjFJxiLGznowlWni5eXfcrxoCNKNrQzEkjHgCi0vV6I4151dLQ==]]></Encrypt>
</xml>


2015-12-05 16:11:08 debug :
------------
String:
account-ticket<xml>
    <AppId><![CDATA[wxe5b18b9bd7e3626b]]></AppId>
    <Encrypt><![CDATA[Gz1n7UXHpHmqr+y4gvCFrBFsvaPZI71sYcYue4Ne7Hu1hcXwtBVkftb/HS+TSpa9+zf5fARK5Wfk9nJdpY25UoDTnoqyWtx51yysqN57Af7qh5uiDbq+g0CuDry8p0RHKjgAjFfjsSl34MpwpOh4egfmboAnSBW9TW6ZdQnVmhFXWjGdiqWkHr4OXVIXOekEKClphhl0a5kvWU+kS+sfBMgm+tpntN8Ajlg/l/0n22OWyr06MoSGfn99tz+0vcw4WjWKIHxg3w+rbx4hViPhfmU7wulb1ZhEZ8zZI9FsfJP0ARinsmZIIewvA3EQat/ptsX+OsT2AkZ/PNxAxG65TmWMhzRQv4P4asGl69Zx7FAaJNksVSGV+YSkiH+YfXPQ18GWY2tb/D6heRKSQLuf3d+2PANPJZroy+gi8zNoCuTiXX7XHeWD7B1VJ/4OdWxwaSzNZgHMNG2ftnlBv6DBzw==]]></Encrypt>
</xml>


2015-12-05 16:21:08 debug :
------------
String:
account-ticket<xml>
    <AppId><![CDATA[wxe5b18b9bd7e3626b]]></AppId>
    <Encrypt><![CDATA[Hn+S9D/wnQbF/NpcvqvaHcQbYLwQWC+hzFfa8y6tlGqM1w+BfA8VC46P1EbUvacUdpHe3wQ7JL5lr7XhRgP5HKvLBoZ9I6uO9Ca4eDD+BhzHmd9lULzyvgwVhU6eUW1VLj+c7muGHy31NtA/+twrnZDiTvz31r90RtkFVFKPyXJYEH/Z402ZEVxHpWcDat8lwJuaWSIRJj/nj5pvod4DfwBm/hcYPA56wdJqS/Lces88mUOXrUAAIwBDY9rSxMAH8nKp6tIXKMhkTjqSJ2jc/s9zbY6yu3k8o27CcR0a7jbk8Z3jUovEZHqxUfBckfDTcUgaFBYDD91gU7gfozG+/q9QGDqX+22T+fseroHflbwcbTdw/vqefH+lyfbhZ6/dKNKgXhi7lKiEYuik3/IS2o4hv1AfrvpTqd8mTDcPbyJOIpO+UjM/hvSapN/a5hrfw9znaLD/BBwyLgC6Vpge2Q==]]></Encrypt>
</xml>


2015-12-05 16:31:08 debug :
------------
String:
account-ticket<xml>
    <AppId><![CDATA[wxe5b18b9bd7e3626b]]></AppId>
    <Encrypt><![CDATA[astskaEmvHGuzNF8T238kc5WmOoDn1HZ6DVrWwJrRnGAVtfHjJdzcvs0iAKlkf1cO35ivlf3n+XrNIwkbRnSJrNP9hcW1CXbf+31SASWR6Xlj6QqTRLbYHedvB4g6vFJPsEIoIhU1KFtl4E+MOTEod7vt257Ph2XLuwPVUGDGCdNlzlrS6tvMOQzTikHdVVA9h7gGKxroDMNkL1MgoFmB31cQHBOoB4JpEwFk7J98hTllmPvXZoI5hQxcaup1u+iT2FuWt9taF3nliIFZlnyMsJ4cThXoq1gjsn+n+mwDmHCKdAW6gugiUJ12u0poyfCnnQ4Yz5vYVx7R1l/ScuHQ7SIr519lQM+0QWh2hzDM70THdv2eTGUQdVMGpGWWVM/Hg17UFj9xj8p/2s6Zfbsa2A8ZleDxLBBVczkKT9C6mH5YH7GFdWxJGyDjs/+B0kQdFwwVLUR2sDYMzdpesnGDw==]]></Encrypt>
</xml>


2015-12-05 16:41:07 debug :
------------
String:
account-ticket<xml>
    <AppId><![CDATA[wxe5b18b9bd7e3626b]]></AppId>
    <Encrypt><![CDATA[0E3Pnv/sGfv4YHqmwQ9vZj4RuhEx5NJdSI41WkQa1Pf1v1DWmpt7Ta8WlNGL2Nc5K/Ub7siIpTsoEwnYvLr616i0hLGYRV2EH5WtrzadeKy3MATeDh5F7BgYs93Sk0jouu0+5OROgnE9fekGkHET0xx5y07RnwE0l428RXlflYwrVegEvGqaDSKLLzWwpmlp22j//RpaHCwZHKFNWO1OTDAy5Vfi5wnbM2/KxaP5MwyDa5LxsO/hq4T3EQrOXT+MfO7koIKY6089cm8aCkWmY/hu5l19/Sw0z3wnQsO8EpEz3gQYapZv9EbFUywEnYK5Ni9khv5R2p7aJuKPX+MU3avBPuctcLLpWBBGlU4YaSs/hUu955arylM+fOgLKNRYkIwfT4Sl2PpJRgAXqPTMS6uEgrqJqlquwPOTz7z1KJ96dO9z1HDn8SbZ7QJ5iuwK2y6Q+1fYBoyoeabcl1mo5g==]]></Encrypt>
</xml>


2015-12-05 16:51:04 debug :
------------
String:
account-ticket<xml>
    <AppId><![CDATA[wxe5b18b9bd7e3626b]]></AppId>
    <Encrypt><![CDATA[TjKrRZYVu+DXXQj6uMQT7I2nYEeRbnZ5PMAbylEYuruHcwZVLYaP9XwAYqgnZ5v/yDKHSr+nc2WvL33OYjSjvCOvg0o8KLxaeOvovT8cL7Cgc0fQBUC0xDP/qNXSkN6X3pmKLDWvqhdetaCh2FOrX3rnRkBztbO/Ul5tHd4x91tVPF0ABAoHn5nGYLUuA/TQDuqX3yb6c8f6nwtYFeXdfPiyHC4MtwuBrd3diGmFwC0HiYKpOOxrgEh/dyQQPEdhaZvNQ9SQn8ksYTFEi3tNtdCcCBWeWYfLA8mlNAClJCruphKzuwUUJp98GjvJwEb4vaL5HNunKoYAFJI4aHrtLJDmqtP5oLwWqfPIYKaLdyceeInQvMh64M/JjC04ObxUOfqkDJbEKBtzaom3iiurZlkYNVFEPKWsnkVEx3X44bt7wRWGEidDTyM49UULAT4aqtMSC79aaB9Q1giX03D8Aw==]]></Encrypt>
</xml>


2015-12-05 17:01:11 debug :
------------
String:
account-ticket<xml>
    <AppId><![CDATA[wxe5b18b9bd7e3626b]]></AppId>
    <Encrypt><![CDATA[BhzIbwHMIGG8YYxQRL4P7gi0bnfFVypHNVAYX5Y1WnUVqynKlD/+ZEVfuBrkbkfKrgW8UJce+O773grYjszUyXyHl/ljcX1RQOz/G1L7Qwsb7SoYSFPgf/UpjVz/CaDfGpnKEbv8ZLTvFhJ55c+0j8V+JsKNAS9FqBrW+pYSefM6fFrvEeoqtW5KFWqREadbdETDtb7nzlDpzv/7i5UdQUp0/lo37rLRr96xix863gD00irA5t/7ZRHON0Q+JFvAG56js5aLM3hE727zFiQAbbtXahp6e0KKA2S93Ju+yOv7VjO/AqH4J7egJyx5PklWXCrQk3/okZTsWySGSEsWr1IleOPezA9UjNjDeGwfqV6FtObxm3hL8sx1HOn2ghJIRAB4he7G8iBMLR+EEURh+mOqzyfBj38BJRFm3cRdXC3V1iMgvr659f7A9WxaCHCSnfVOOxXdfzITqoKINvYghw==]]></Encrypt>
</xml>


2015-12-05 17:11:08 debug :
------------
String:
account-ticket<xml>
    <AppId><![CDATA[wxe5b18b9bd7e3626b]]></AppId>
    <Encrypt><![CDATA[W4GpkkhIGtCNxdnzBVBRshJnB6oDYiQSGdKRU0KJBYpZOvk0fXp8t4FTcxN7Yq/ywG/wZsxDotgGjNkEILwOJXaHpG8cHRmwywsb7vPoP53SvqoNTNWwW+W/JhwVUJmI+9g7AkqwwXHQrHe0puVDQqew7gf9ZcUHkFiuL2VVMmSMI1zIQF7a5c2bzmngqduz5+NKeLfjA0y/SYbox3L+8jjaq9MuRZw9J5lNiMtuSo0Q3gQF+4yu1vo1srV1uh9ebGCJhD0jwzMXOaZvJf+v8dIZfFMEImNemlo5O6rh4ra7Ya2HlFN0YnmAzsyM5c/SgqbjUlX7J/hltiG71vuLEhfF+PkUGeOgxYBLaPEknums3MMZLpNQYebyZlR8H1k1LQfiKQoYLamfMq+fgxeYflQEDOmXHpjNszthVs6JINi+XQFyp58hbrnCFeyrl5UGAxIZlcOEqoJeJC1a5JaE/w==]]></Encrypt>
</xml>


2015-12-05 17:21:07 debug :
------------
String:
account-ticket<xml>
    <AppId><![CDATA[wxe5b18b9bd7e3626b]]></AppId>
    <Encrypt><![CDATA[5ah3PYafhjmB5PHi16FFClma/sBJ692exPIV7dOGPlUsXVidd3NDUKNGifZj2r4G16xAtbAMJ0xi7JJek57Pw/Yb1sYe9WrB+ydx/+7jS6AOBfJCtJ/Ycd+amFVlv2sF0ky8abM1KbD5+05BlAaoxMaVLdC2DadF1NeXrTAOvPoio2HGxIqa9lTn1BZm+V5havaJWX4qDA+2TvNCur4rgph+T17+TyagrN0r1eMMXgf3XkOgTNeoG9zuzrre4al9I62xvYu6lzlePuwol+LjeRnh9aa0x3NMHR//jGcs1IXKUhAGAmzRUTWgp6awVsHcjGuR7z1PzQeI4Yy1yBbq0oiZlJ06kpczOtwQoLXYqHQGD0dSxLb4WYMlIi6a9IqR6+MsM94P0neMA/7ww/HQr3rAmHSdaRDwYGFJXUOtyCFoOIlvDZ7CXgz3kG+L8G5n8hYS5EsdeUBOHnFt6+dHWQ==]]></Encrypt>
</xml>


2015-12-05 17:31:07 debug :
------------
String:
account-ticket<xml>
    <AppId><![CDATA[wxe5b18b9bd7e3626b]]></AppId>
    <Encrypt><![CDATA[CsRwhpuclf4dRGHsekn7QIlIEu7RUNuQpZtSefggeyPLIdbaHbG6bpKfxOQx4bnaQwjhnMAmQV+AWJ/1EC3jJM3ibYkry4ZO4P7St4Q6UrhYGOVMJjGIgq1yYQdwHwkdVPMKSSq4oJCvScyzY7w1sB7h4d2uCqOZRFEZKx/5bluAS6dHF/72Cl1/dGkZYwR0ZFlJAYfT4syuVmf0Etc2tjwdRN+wM+tFgNOPzG7z7MfRiPRwqEi1fzJOrOl0hHs3v2f5cA++CSN6pcRq6AIiaBgr/G91JgxxJ21cel3ZX/tdz4cmo916WZuD+PBpQpft57M0C/QEzM6zI1YHLTBViogOKW5W8RAHVWRfm4xm9EjBO5HoZDNpvGnLolIs+GB/bScNagLtOLCinZQEGDMQ8BRq5OcBbWntcIIbf3ziq0luyHI0X5espvPOUORPz0XQc6ItU63t3h1mACw1FrAHew==]]></Encrypt>
</xml>


2015-12-05 17:41:06 debug :
------------
String:
account-ticket<xml>
    <AppId><![CDATA[wxe5b18b9bd7e3626b]]></AppId>
    <Encrypt><![CDATA[VmpDlwyq9Uad6t6bGVhnHfzM3SKi8twgTX5w2qJriCr5CoegOchAj6pTUFNqROgLkaU6HrlpW8+2snMr9clNyCYykslO6tzHeoOrWLUcC0UUGJlI9+4y/kTMvdfK/LGgwUnZrYET2y14+/qmaSAtiRK/4T5uRWeLLsJhR+7zhewwS1xLhX+c/rtNhO8qChwQq/7+CzKj8zWH5Are9gGxM/9aqpI45cM/W7BgW7b4tQNSLVZnaBIAyUjR+CwW3zXeEzuo4NphBUaxgQ+sp4on/0nOD3ptTV3BDhVJl6CNQ+63Oc7vIJIpPMmzF9zbEot/OHoz1CS4WgAamXzQ0Jn3LwrxPakaGHwPQBJUKZLJtZZPhWiefI7zPoNhHFySN/nqe0lLwXXN5N+URIfkiimNQ9LepZSySTpJ22ACi0A5OAdewNTyZFCkSB4sqx7wxa+ZBeKWHdNv2ZWB7XjHi9I0hw==]]></Encrypt>
</xml>


2015-12-05 17:51:08 debug :
------------
String:
account-ticket<xml>
    <AppId><![CDATA[wxe5b18b9bd7e3626b]]></AppId>
    <Encrypt><![CDATA[O0dS1ZVKBWLZnw6U6BsKVEPXzRrPXcZH5hfpm71XqZbwCsRwjGEJcn1kfYlnhOUwUz30P5flFElxE7igf7KnoJdkFyzcbaqose8zgv+vV5XKwOL8J1WANO+JqK6rJhpuSClYRZ+v0SirpZgS/EOMFzYK4fQkjc/UcMhW9arZoT1V+HhAUAPDStjgr/WkvBo+/Kw/XZZMtPB3wleHM9FIOFwsKSQljC+yTWVZacdSBrOaei8j5P3oQ8gYrVRv4xTuRU01VCDq13LHbgqOLHxplzQPAiibeoI0GLbkfqRXZyKrFslB2IYV6rrhRo6eUYhWi/9mvuO97Yz8FZX13FvcDxBG3I5uvrvAps0QLY66/DxLSbOqHwAU/myNbEPcjkPfvHNAY68e0nN/0k23yiOVeutSBQsf/lFC/sx+SyNml4cWsHoIlXK5Kvh8VzI7k+SOuCn/+vdStUC2dKl8DCfHgg==]]></Encrypt>
</xml>


2015-12-05 18:01:11 debug :
------------
String:
account-ticket<xml>
    <AppId><![CDATA[wxe5b18b9bd7e3626b]]></AppId>
    <Encrypt><![CDATA[FOz6u6aJKklfbSF+7wMSrENmEEwv1Nkr8sFC7I8VeFkw/E1O4hUYFdIeCodK9Y1+fonags2cR4dG9u4KKn08KYXdsss4SlaaNMhcXTPfJkA0NIopq/3GzoAD3dph1cqnhqJEZjAbY6l/CmjHfH+WOoCInId5JUH2iO8jlWUE/GEMuflbhoVp9BUyUBh6BIe7aQ0E9hGmEN2k7JQSWPfg34EE06E/pO5wf5jQvOBIoCz+oLkqGjAMHHOP+rzlJnnP8uOhkrLB4XJmUeh5CXY0mA1/u8W5HiIR4LzRmiIyIqtHa5Isvrkme35BOdknJVN7OIFkLAVzfyiFX+0DxUWZ1q7ZKnltD0ThKRRfIbQsjwZNHRPE9am+lqjog51ggQOgvbfT9rQm/MW+Sz5b2eXAOGGAwj/cm45hF84hkUtYihVwqzGBsJYD4VI9s0/P8D4h2UDkiH2vBrMAys4v5/KXHg==]]></Encrypt>
</xml>


2015-12-05 18:11:09 debug :
------------
String:
account-ticket<xml>
    <AppId><![CDATA[wxe5b18b9bd7e3626b]]></AppId>
    <Encrypt><![CDATA[SbDvhlcrMISbUgofQs4N6Vwp2MvUNz5bTzNHmQkcgenJK5jCQUxuvuczFZUJbtHji6cmMXP/Q81uhNGHbTjxt/PKzpvMT4UbMWe3miPiGs6O8XHdiIiJg4rBRL8JawwkBH0p9Mn/oDXydwPbCctXhJ6Jy1Dv+lhxu7akTLE/cQ4dN2X5wFBdyOZetpFzyPwdcFrXIWzFzumu4Ixr+wmocaZF+BQaiZrHt4dsKFfWq4T4YtnAbLiYf/q8ZcAmtMAWVJHdFSyyvjB3IR8LwzBh0Dq3hVH9lWB65aH+x8BI/eJLKh395cVz/AIFYe1Yv204Mw6ed3y5ezUL72weDpSXT1hOs/aZFYsKsIGWJeDSt0AU9VHws+CINKTVy56WYihS6Wlwwzv80OCUzt4cSn+0Cmx0srg7djvgU5TDmxSR5l359BFHBk31bmwhxmY0jjt9EX/F33A0xSorWUgsvPY8rA==]]></Encrypt>
</xml>


2015-12-05 18:21:08 debug :
------------
String:
account-ticket<xml>
    <AppId><![CDATA[wxe5b18b9bd7e3626b]]></AppId>
    <Encrypt><![CDATA[ceoVBflIPbn6rpfb5xS3S/V3XtL1xlswOck5nD/Z3m9fb02gklJNsowC2hiIuwKvA/WOCeFbx0re2Ao6dZDyltwcetqa6RZ+a9rc/shrdqcN96iOj7cM6JFFfXbHT9lodvyIWW9Px4yk1xHYYwWnd/op5ISpaKoPmaUc83xn/jlX9yyyNOk7LwK/UlipxC3m6fsbxvSD79J9CsYa568MH2KaEZSWGEGojUQPt+RRSMf6kKhBR8lhTCOzPzk/JQ+1AC+XtnkKyP69V+GNIZZdrO7DWn4v7INQXbMKkenILtyxywyU0SQeqezdwibCjYdEkVYiVpesqozPkrpTG5axWCRNB8hwdXJN8YQ097r6Y7mWtAVjB/BlF1G1QAjUPx5QYiCDRjO9kZGLDPU3AtT6DGubJBVTFwZXT2pcgq8WCBv1W+ncK4EoFL4lpw/UY+6n34Lx4jnbLQZ5n6/054KShQ==]]></Encrypt>
</xml>


2015-12-05 18:31:08 debug :
------------
String:
account-ticket<xml>
    <AppId><![CDATA[wxe5b18b9bd7e3626b]]></AppId>
    <Encrypt><![CDATA[Yk6e1U5zF6+Pu/zcVawNlo2tOIw/ms6ouJm8jL2jqOrcm8mZhgMZZ3s2EITvAt7IrzOs4/IedtmTAqiuMzTFGJrvarNo2Ws5aX0eUG6uhSVrJryBbeKV+c0CUuDDlThITg7O59irRCtDdxEavZN8yAc+wyEsSkI3XqiEZ1CqRFVrFW62tjMG0/F0hj3V7YNqMOo8WqstrFIFBCMp5v11Q6TolAoTxGW+sjZrIiKU0V/cIbE3Q0SFMOmDTDz2yBgPmlcAKXokzYrdQRi/ZKCXZYeZfhuy41H1ZV7jHb1tMQP3y5mDAjj0C1sKXVGFmZt1XhNqUxsRoVhQ0+y4cIIrN1yzH68c57H7H9zCExk3Sp8LB1FS4sZvtdFxFQKlfrXzC1hSrA/Y5vAOgtTgGbdFd5Y32V7PPmbg13kjTX86zoRJPj1e53H/dWzatUFQ6tCLR+glwFWGFSw7m5/d1Wm8Xg==]]></Encrypt>
</xml>


2015-12-05 18:41:07 debug :
------------
String:
account-ticket<xml>
    <AppId><![CDATA[wxe5b18b9bd7e3626b]]></AppId>
    <Encrypt><![CDATA[ItI7Vn6fu+HeN8g/iLIJUKUIpzsgFmg7Sq8v3xOsM233OMR+ralLC4bHJJUsu6dFR20uU9UL4rFQCaWWzq5qHCDagxzBdozuo26KEs7JVy9LbGGrLQ2LWqPEKV6rUgt5NtQJApcFLzDfOo4lNuysBCcppVrhA8rGMfOmmnlyTjhXycwYJ2jcnNi3XFS809EOaP86OxHQ+Sbw/vBKNImx0FkDmaJDcqBBBr1u/uFpiDYn7Jz//AuHMtz15+4Nq7p1+4QWoRaf506I02kimaxW2fpY3bGmRHcZL5Au3qoHr58pRnVmGEMvdC2ettT1LhTupGSwhivYc5/xQ//RHXS09vfya0QvkPEJyJRleqv3iCc2YUC6JA0LN1G4tgiYKwV7gcD9uphx6yAkVOYH/v8w0VSskXt8h+Oib6ZDHh0DtsK1/0AV4hYAyEjU3A3+UqPFqRT1FQCdhBKSmfaMj62FtA==]]></Encrypt>
</xml>


2015-12-05 18:51:07 debug :
------------
String:
account-ticket<xml>
    <AppId><![CDATA[wxe5b18b9bd7e3626b]]></AppId>
    <Encrypt><![CDATA[bFjz3FxXZwKy+7gVQSajbWRHBBn7HzD7duvIMih4AeNuq+ku8H2YJMGo6zA2grjfAOnjG6O3kxXdcoK3bXNHBMq1N5jX6NICEuI8WzaGGQY5QgT83V78Ff0zIJywXHtEXYp0vUhFxMcod6PUnNlDcIrKV1ihhMi4aeLy7/pJtWHWlVdC7LzMmOGPlol9F/lNQnutHAF3NGHy1LxFBdNmcAdE6v5hNPnqMjsLkkl0FBpli926agXZGGmx2dqq410mBNpxFfcIjGRgCvfVi1asVQwdB0XndmYJGxaCV0y/aa2M+9WnkTBt2hMGlKNZUvvQ9hcBm6JnEBaMitK88GRORF8H4FZBr8eoxAKWWtBBXjwh+kPEG0EEeA7squ19etMPca01HVdLPWkYrs+/CDPYUI6/lELT7Kia9PIdoxIJnGHbtsrwDxyyxPM/QYHAPWu4RyOHgMCX8eNkvIHaSWH/Hw==]]></Encrypt>
</xml>


2015-12-05 19:01:10 debug :
------------
String:
account-ticket<xml>
    <AppId><![CDATA[wxe5b18b9bd7e3626b]]></AppId>
    <Encrypt><![CDATA[fMcsWJTsyyTv4ZEn0kPYdyzKXWDjXCSQo9dPl5cjepdzWPBHs5nc62ZdSdQomT/pjCc2SmFCjh8CiRSIgx2FaST6TTr0FgckL/IKeVKK+quFg02vLXngKtZMER08Z/Iomv6pDvYzBWFNmncO8AEtBImMXzkHy4PK+O8boQxlgflsph0MYdIXBVwUHXOQUy60M/PMEur/wH23DuXNLRYTzHsOKcjknJNJuu7qSFuJlDuQdybhCN17Wv7yTwE6JPTItPu8U266KOGlkUszvzhXQwqBno7udkxj6b+gJpIOQ/SzV/H1BuBGpkqU01xGS6/PQA3V6ksK1eZmPR1Yp0CFwcD/cGGMWPGVc+H6XQVMNqRXwnpJNHh4rZHJCdU6aF8ZEyFB/Xbxx2DehuoyXZOghbVDyxXtrWVvqCE5pmJtSX/PJ9Fr/G68I2CrHMiE40gy12xR3hOnWjLqFbD3F5yoMw==]]></Encrypt>
</xml>


2015-12-05 19:11:09 debug :
------------
String:
account-ticket<xml>
    <AppId><![CDATA[wxe5b18b9bd7e3626b]]></AppId>
    <Encrypt><![CDATA[Znv1wObWg3sXuaHXudi9L90uyHUtcdE62NQAvLChvASqJkGtXeguHOG+p7Oa0NaCrcRmh0URpM22tDVUUw7vZWOeKj5Pffwn03/9xqA9uLjhDtDG8QcH3ZLKicph8eS/fD9ZbWrX5e4pHJFe1WXE3Mbxo8N0kOH/PcNBNuJiwFeHeY7DtCcrPrwYtKKO6sQ49R2MONshKK42Sjn+pZrnnya8/tXOwjfHsxafB4nymuBISfDP4WCu3QHu2L1ui2YT/3++d2y++CVlW/NlSpAr/TbVFuw9UHipibwOL/GKMtyKt9cUylhp54K+WdrWCj/y446YenyPZi2LG4pXuxRTHyyrpO6gWlL/9G1kSyYrJd+XP3jdpPY0DDJl52YHq4Js2mM6TIwHm0HWy+A9DkdJwCn3WG94IQ8kwgHwTkTrLi2s/mB4clS4LHs3w0pIjhKFNJzEf2DsDZu/FMHmfQEcBw==]]></Encrypt>
</xml>


2015-12-05 19:21:09 debug :
------------
String:
account-ticket<xml>
    <AppId><![CDATA[wxe5b18b9bd7e3626b]]></AppId>
    <Encrypt><![CDATA[IzXbDNOQ+XX2LwTePjt/IpmoTDXFnJFBJdq4cQaEVUyY1PNMUa2bcd4tjfaT3jc+FuO/Bir760XtY09M1wBgYEaQ5VBOBNVMpGNm/R4P11Haai32b3ueqspxz1cZEcIlbbcRREc1vp3VrhpBoSmeS9gFdrcpgw9p1YbN3cixHYZ9mh2yZyEsMTspDWKdMs2oxlmfUmX+HR5KustZ3oCIDnIZA5wtZ+PUCax9wSqWoHKKF76+rukb3CAYCVBtZnkCbupFCAjauLmR7TJBmFyhTa0Olwn7pu00ZxjGRqoahC0bOi7osDx7ybdJZNW3G/I57T+98Gi6yvvsO+NLEd6R76LIir3GKY2v11AlTPnxIjnIEBqKBFKuaSkdU+Y4GkiAM+U2ukj4JvX7f4Wj4gC249bLugbI35sjQr08gXX57ak0WCEkaCbhi1peW+VNQCcMwgDbAxBFKKDR70u1epujXA==]]></Encrypt>
</xml>


2015-12-05 19:31:09 debug :
------------
String:
account-ticket<xml>
    <AppId><![CDATA[wxe5b18b9bd7e3626b]]></AppId>
    <Encrypt><![CDATA[cPypMnOsN7e0xPj0b2SK6qbP4xgmfYvEVZ2Qq78mMBvSuHnKiRMpZiW6fVLiKrCk1RKbP4j0S+Sc/pOS2szn2YXHPcgeDyvDltunasYdxSl56Zs2bd5QBv/uMnAz1Yyl3GZYxMGMZ37EsQ9TbpuR/TYqRi++slIU8keI04IMgmkQ/jKoSW9pThky65ixeLiZkfzqgsjtLw9xkzP/Wg+KVKyAO7x36EO+/LvgKejbKUsVMmpIIEPrgXUUe0w25PIO6O2Ag9chysne/6FDkYtN81B9jxbPOGfVvpcraOuviLP5E6Cnr7LyX/ks2q5tA0tIOeKMzMUC/hiF7CfZsIHczCF/LKJ0wuPd1doGzOyqcYQ/zwuKCwXAmw8kIdjJt+NPZZtHSyMCdrEGJ2y/rR8EhFlybBz0DLTeeapUoOs/c+0KDPsQb0Kn3Koc6sxPFI0Go/X062Lu2K+qVkxgAiicYQ==]]></Encrypt>
</xml>


2015-12-05 19:41:08 debug :
------------
String:
account-ticket<xml>
    <AppId><![CDATA[wxe5b18b9bd7e3626b]]></AppId>
    <Encrypt><![CDATA[tZyq8ijjrh/B/cQdazXwOwjqiSRysMTO+4HIhhr70ZgVQG09lRtKMgqRIb1t3ZcPByBkmGM2GkD+AY3X35bIVU9e3tSdrPPBirj7dUcZeG0SP16duhlaSXvHUudYKTloTDjBusLeQ8vrmAbTnq38q5hZmw6QR6AFvufPp0vZ4euLVw/NjAZdzxDv3d8I7Y4AE0tqUf++bwfVPIyxnbOaMIaWDuUpT5w/5FwG21ajQ9cV1/VH+Cr+ExRZZwb+HK87lwbZiDCG12bMflwRdrKxkSyczOAGxFyfGevjqO9oMWcphqaAXkUWILZfz7AbFJUYBkjpau45D4Sk/5WAMmnvEsuHub1fv7F/DPMwSQOcPRX1qNuOdLYA2UVXwA26Ph7IuzMOMrDjito9N+jh9P5QjqIs1W9ogfL74E94ahkW2PEIjNmbPla7EzFqixBJ06gbwcyyzbfx36AV0K+kzRWIzQ==]]></Encrypt>
</xml>


2015-12-05 19:51:07 debug :
------------
String:
account-ticket<xml>
    <AppId><![CDATA[wxe5b18b9bd7e3626b]]></AppId>
    <Encrypt><![CDATA[AkiY3GlQWUBfGhEw3jS1aMRwZbtYxyI2FH9tPVIOtKmDCP6z0ujrE2uS5uWK5FJJZWa9uOqWaCc4dpAeANStrefalG32DVnMLxOAeK/MzAQBML2vL25w516/bZTKo0vLjS/fd0k34RprjnzcAUusuPNthu0Qf5ULDpz5x0SV/1AXR9Bu02sXrWYeFZvT+eQsKrA+k3CXvJwxmaBqnhcGcSnNJ74nDCCS571gBe/6ocjhFMVcZ0O6aB3/q5ALGSB/4he0fT5fF2PhCGhIksfyEOC+L7QhOx5/GG/4Bf6ISLS0uU6doUD0mWNlC7m8+kqRGgEmbRhfwL6kCG1o1vU8nlooz3SJMN3i3H8Q5jbf6qNpvMteFqb0RjTDUwvNgpXGVeBZwKNoK2YWvuCJ4ZFSSDKhK+bWH7gJBJgBpp4oPWen5tRI3e0PAHYmIvFaLC/H0KgYkpFq2huRp8aGgbKrGw==]]></Encrypt>
</xml>


2015-12-05 20:01:15 debug :
------------
String:
account-ticket<xml>
    <AppId><![CDATA[wxe5b18b9bd7e3626b]]></AppId>
    <Encrypt><![CDATA[Lw3PeBU0D3OpqnBSUh/Luw9CJ6vPskies1GAH68Uqkf2vTTL6TgfYfM69oZvzaW3Cctj3HeqYFUS6PmTqAW74GgaicRgrhH0HxSVn0Da8xWY275KOetZMSdGAO5mPYlmV/0s0xKGcrCfSMpgTSoU/bCgzESn5neXc7SSbU3Xm/wnrG7SeLQIxtCdLKUhtOp53jobdjfoZelDBKV3b7L6kO1XrlbBZR7pwb8UFYqoxXG7FTtvEHDaeBRDorf1ZnhJwxi9CreVkyDu5g4mRH2nHBcreLOnGNU6RSC+mUpRV4hrEPoBZKUrj3MlIIhKmRnLaSUFuCqoLBvxj/Qh5MmMA6yVq/G80ORqE+gGRzTWGyPzSnat3cgvmziTAnEnrEIrxbiKRcdPo/+qGo+bWa9+JEJAQoVwW1taMq1dxgwoTdL/6u7jsgtEsdHjso4E/DRBn7vdiFj67o5Jin4fXQ89Jw==]]></Encrypt>
</xml>


2015-12-05 20:05:10 trace :
------------
Array:
from : o6-vEwImjxrhlhl-f2xJMncW_kdA ;
to : gh_2a681ecaf54b ;
time : 1449317108 ;
type : event ;
event : VIEW ;
tousername : gh_2a681ecaf54b ;
fromusername : o6-vEwImjxrhlhl-f2xJMncW_kdA ;
createtime : 1449317108 ;
msgtype : event ;
eventkey : http://we7.cc/app/index.php?i=15&c=entry&eid=157 ;

2015-12-05 20:05:10 params :
------------
Array:
rule : -2 ;
module :  ;
message : Array ;

2015-12-05 20:05:10 response :
------------

2015-12-05 20:06:12 trace :
------------
Array:
from : o6-vEwImjxrhlhl-f2xJMncW_kdA ;
to : gh_2a681ecaf54b ;
time : 1449317171 ;
type : event ;
event : VIEW ;
tousername : gh_2a681ecaf54b ;
fromusername : o6-vEwImjxrhlhl-f2xJMncW_kdA ;
createtime : 1449317171 ;
msgtype : event ;
eventkey : http://we7.cc/app/index.php?i=15&c=entry&eid=101 ;

2015-12-05 20:06:12 params :
------------
Array:
rule : -2 ;
module :  ;
message : Array ;

2015-12-05 20:06:12 response :
------------

2015-12-05 20:11:11 debug :
------------
String:
account-ticket<xml>
    <AppId><![CDATA[wxe5b18b9bd7e3626b]]></AppId>
    <Encrypt><![CDATA[KjK+vtosV5kTTRqM5n8PAUrj3724m5E/agbwFESHI9VRE8e1MDcA4guJqScsHRzKngvjXVBAzbpX4JkwB4cyDzfUiOPao/QGfs40GijFGKJSqE/Ac8VRxh2rxOKUTA0AWkOH9m3JWdAbtrlEb0NHupcyly/wST5ui3R5vPLASFgD1zC2OfVWO2gJzTIQPSQngNXlvge9riSz2iLuXgmQB4gdhGBjGATrP6BZbOkkPUfwPvKTFPT8ewY3T1pCiNFMnVAqCCDV3UDwD7nN4XHo9tb5/AIf4MEKMF9GzNCknhN3NKSCmP7Ggub2V316PmFs74SJAi20fdIJMA6+EQ4lOUiSUX5jBR72pQTh/rvogW3HlqAPZ/1tXHGSHjwVVJeksZ4NqTNHRrJXeHsCkBSS5ULgiaUFylzyFv5E9O02SSa14mjSyD62TdJEG63qOHpaJdS1TD5g+Hit6XWIF/rD/A==]]></Encrypt>
</xml>


2015-12-05 20:21:09 debug :
------------
String:
account-ticket<xml>
    <AppId><![CDATA[wxe5b18b9bd7e3626b]]></AppId>
    <Encrypt><![CDATA[ybPu0t1pwk52ALEwnhwRamLZoGdM3WtidTNvJ+l+qTSPjrVJ0qnl4OPdTpl/CwJDHRNhj8OKGhXIhA7Bm5mfxiSAz5G7gj6m/0KbbCdG8NEQCBiUf6KPNBYwWuRDsCWaszUaJEp33Lo+IOQg0p3h0w8cE2i8KvqVOM9el22NTF3Vw9tbBEBy/rdZ9YZAUm+Qp9I1jLrcuylU8K9QRQXCOG+6CbSDAhlNpeZymkm0C28YDph/lFaXKbENAEYZJNKJLCsmcGGRBVKB5XmFVdfGCD6vN7fmBLvyLR3vPq/aBOnWxOyVb06S/J5Shh5fS4wk09SrTWIYyhwRfIAvTHwxcgBBCkx1LlL01Ddc0KTHpKpXu8tNOxIbg0b2e5ktepG3paenJDROxb/OR9CIuAl7PX0DRatzNH9shfV7gMK1eM6TuzdNOTpQcPOACPN389fYK4BDj83Q35yWS7Ckl+GosQ==]]></Encrypt>
</xml>


2015-12-05 20:31:10 debug :
------------
String:
account-ticket<xml>
    <AppId><![CDATA[wxe5b18b9bd7e3626b]]></AppId>
    <Encrypt><![CDATA[yt9uEt6Y4jBWGrcv2nUwiYkSVDTdSXAhyVwMfGYOzmWiuP3Tl4Pngem1PHHN9+vLe5rsQLub3BVBe4O1hp0XYXQqM32uq7QS6QBIBYivIEwnkTqaCrmDeuBle5B8mVtur7BpVACgiG1ke6dslGrujtEdXDgs2IwW9Ugakj4yBwf1lfkhOp+qDoDvhwsgKx8KJyqxwea9ItdmBJwGUFbNS6G5XOr3tB6sGjTGDV4fSzLZaQ+lSii688Cb6Ilc9NTIlNL0mj48Dzgz84kEqdtW7QtOQ6spmwb5jk1hj6dWbgRGf9+n9UOm9qbLTL9LfqN2HyhT5XAoWB6wbY0Qimvi3wgdvqt8PmGUXrxUMLCKY3xXGEJ5XL+q/l36K9devJmOk6ZmdAxQQ060hb5n7dFs84yfrj26sG4bCzbdwGxLl4X9rpvRL47Xb5gYQUpp5IdycMD5qrWNzqCLp6ZmLbMxww==]]></Encrypt>
</xml>


2015-12-05 20:41:07 debug :
------------
String:
account-ticket<xml>
    <AppId><![CDATA[wxe5b18b9bd7e3626b]]></AppId>
    <Encrypt><![CDATA[Fi1F/j8D0DljsAzc9lOvqZ3X1By2UbhQlOOQZvPoMWi3kEUS4dIHfO1ZJzW3XddZHklXFGKGWyXcJpDKjtdZrneMSSwikaM4mSUsybze/9u4wxAXatmYTNucKXWHK/KOSu3TkcR9CeacS1TDtdZghCsEY5AMO+cKGdZ1VW99SG8Gm0prNJ9QwX9wBc/T3/BhaBdJqcivDs/eeYn/N+LHaf/DVlgwjtGIobPNCpQR5N+sIKSna3oSOyawnJa+s4FQHnDZ6f7VbzjbkHWdNWwT7qFqLzgPVuuztBomzir6KWKKtPS/Zx/irMeS2VvfG3cYXbxulG3+DMej0QtgMy26yohGmCnfHuty0+pxPysC4nL1KoiRb0M19fI1fknEWSUI6A2l3NbzHm3wTYChN+JudWMPpkJgYCS/1wvMsIvVOukx6K9upV/kUMxd8MWsbdtdIoK1lzlzIGwUQPU9PFdKlQ==]]></Encrypt>
</xml>


2015-12-05 20:51:08 debug :
------------
String:
account-ticket<xml>
    <AppId><![CDATA[wxe5b18b9bd7e3626b]]></AppId>
    <Encrypt><![CDATA[f4QvGuMBS7MJGkL6/QH6fAAG5TjAZJPNBebMCGLx+vmPujKkZqnhJINqxyti7Kyn/1K+RS1wmS96FMQQ+GZpgQfuw/zafQ04M8c2+JY2M+l8chq/RMjIW4G8zptISPH9yMeuwNqQF5ENBHocpYqDtRet8RvyNvvL7+5vmzHEWWGMI/JeXrfTRPTV6uar9cE5GzkT9wJHFen0nq2fsGanhDquVB47zCKkW0EYNi7GEQ1YBlJYKV8iDOuey7Rpz6/bRC3FJau+XKrBi/v9LAkiSIR/sJ9H7Awz52gfOkobJvLG3hjEvvEtDt2Y4yckq0nDN5DzxM7iC2Ls5Mt2kw77lhyRlZ+IY4mJnelhOtJ3EXgtdITP48QhnzZLqz0ZQwKNYvJvsImI+GPNb2XsYOsoU1qALVf9OFsV4sYrq/yU6HadFLNJoqvvuZCLbSVkO9PSqK4fOlU26YCC3/Qhk4eMig==]]></Encrypt>
</xml>


2015-12-05 21:01:14 debug :
------------
String:
account-ticket<xml>
    <AppId><![CDATA[wxe5b18b9bd7e3626b]]></AppId>
    <Encrypt><![CDATA[fWkmvl0n2LZ0rk5flphSwQMwFV0EUr/PNoc/Kiw47/Uts33yF3qGWzvJ/5NlcH/jC3lh5Y4kEPrMqyeyE0HBwAPp9tywFTy4eCPwJIrJK5LR2HBYSt+1ywFOmEcuisBwJy+NGUhuQDMkSA1DmlhXK67qI7mkvW4SAou/XC/dyP14EuA3znQNArg6A7IX/PaYkZTcvUTVnzqLcJGjurTeyDUJzZbkBgXO3GGn9GWyzVusaTPeQ7NnQqSWCTo20FiG+KoIgMoHwR7+QwYfX2+Hhj6vS6VMxjFuAateFmfEwWBYXoWcv72tkXee2P1hyKLK2wdeerFPojhVR8mS3A54B3Nr4Gb8+bLYvCAljh+HmpC2H4TVjmOlYznGl863gKqGeqdXzj6GLjYGF6094xFAnx5FzwcLmZo4sIHJ0VGl/ABDNK9sFLVmrgEipLpy3FK1OiBxcEMfcsVVusLg0VJUlg==]]></Encrypt>
</xml>


2015-12-05 21:11:09 debug :
------------
String:
account-ticket<xml>
    <AppId><![CDATA[wxe5b18b9bd7e3626b]]></AppId>
    <Encrypt><![CDATA[sYddWHX1g6OLP+hWLnspLiJAQZ2x8xVNOyrmHCDRwOEjPOaMLOB8A7WA5Sd4vMc+KrTdRbkdubVy8SHCk1Na4LA02m4SAP6b5UgUZZGCiQeqktDTiVrkaKUrPzIwmIvQhqSyDheiXLcgs80snt6hCF231D/gRA1gWp9l7v6o9rRqJfWv3IrsJJg9A9y7xNwv4gVgvJYdDm0nBaLxgRnMsGB3Z2mz/ijwvDZqox2TP4rlRDRR6o3FydIkeZdesqgB9dafsICtj2GUDDv2J8uDulo4ZuVzsndeakRfKq210YpUz6z93vVvxnwCknOM4ItFVGe6iimptQObhizHmafMzDmCjul2Zio3CmsXlG/of5vZnRFDA508hMqE+BM58SGsK6o8coeKKBhMYbGg9WAxN6avc4hcuetMt8+vMUkYzya47tbgqhLBpXlye6MwU5sRCfXCZyuLpyua4LDAnBLndw==]]></Encrypt>
</xml>


2015-12-05 21:21:08 debug :
------------
String:
account-ticket<xml>
    <AppId><![CDATA[wxe5b18b9bd7e3626b]]></AppId>
    <Encrypt><![CDATA[FDiBhyiHz/IBF6wKRg5LsZvaX8gWa5K4tU6cLTNWKb5reh5y+repGCCAvnVaOkEf1xLpZVNtV4aGZ2Re/T76/vH6sqKKkiGHGd48X5G8YKZNIqQX9Rzeb1JV9wDbJEXTX1Rd8+UgNq3L3XIyrgPo5Yas7yP1JWd2WTM0+1koYXgEkVwIngIQmiWApzDFKDGpTjhMXVAK4RbPcWg0cqAGFjGSq1ixl539Vomj+BhiOqVRz5RZPmEgiVsE/wWi38IwIaZ5n0cmRxa1CGnYJj1+gooLgHaNKOMpcuLsaE6vkvDJkxs2cr0+qHfu4+IxXNLJ1ZhFtxpf41NPoKxLAi+AlJcJcE6u1R/5wNARvzryrhTKHw/zI0e6k5U5OzrZZMmwlhNSfxTHq9zxxqR/nBVw+VJA46VsGXusIGeF8Ld4NI1gyjj1db6WARfi+jqCYsqVJqT6wsaaCMsBttTAb/rG8w==]]></Encrypt>
</xml>


2015-12-05 21:31:08 debug :
------------
String:
account-ticket<xml>
    <AppId><![CDATA[wxe5b18b9bd7e3626b]]></AppId>
    <Encrypt><![CDATA[BVAZQo0SVpvR6X+FRfvEs6/gDTzxPCrCvt0oYYKAtiXu2FdrcE16I1aPc3onKfI3myks1c2yWN/IvpA49EGkPaVOVrXrvV+/+JmPGy3KlrA9G0EkvQB/ZQL7Pms/lSM0AHsfuMw0tSSMIbzi0VEVWVwHebuNcGI0f4gBr+VDL1YYN2q/qJE26pSIPMR73/iDkT6xu/42hkB2ZdxYlF3AOsnfqmlvOhkIYgKE9HUOYuirrfh4803tMEPf+FseVs29cIZx2DJa8Pjid9WcJEq0xGYn9n4+iK/NzKdiFg20AxkRkWRqu9x3Dax571lVeZXN9LTaEdHwvJ7uV7kTOgwisbca3mKcW+op4QuSM0FZcZCeFpCrw8W2IWR38PmiPxAHxw4f7bQOOQoRHDhgWiWKRR+AIhMOa972DX8a6GxOnfKq7G7JbIgxJdPBWvQC2KAM1opxEbrMzleewPBZMDsHwA==]]></Encrypt>
</xml>


2015-12-05 21:41:10 debug :
------------
String:
account-ticket<xml>
    <AppId><![CDATA[wxe5b18b9bd7e3626b]]></AppId>
    <Encrypt><![CDATA[s9AQWUYohdx8DJpLzby7Zs7OtbRCPDMwx1RIZ6A/K/AHy6b8QmN6wmC2QP6OhMqZZ+MiPa5N+X0Zm/Z2yrORNbA/4XPhc/UBPI5iv1I7/F0yDDvEsPfAPl8nLGvfU9WdYh2lUpDwr4OxkYn3uy5rSnsIHrgKFPMlju0198cswbvnoZ+kenD/MqP/FryjAQNzM8862O3qrrnYoHK+J2g/nxlst4vBV3DD11HIG7VPjthepUcFGEYC8wuGRhLZ9HwAS9Y4CX5lxzfx87t/YeNlIAHyIGuveKSfuPRogatt4MHluFeShyCrW/kupBkaHojuLo20bGATauyysDghGs4JJoGpNPsLVysShAMYGzk2PgW5Ma5YV6HSkY4TVt0BhdyRjDwieF995j54R9oHMH0dCiJVJjUb5d1qLnslbC80X4jy90l5M7MG0d0tSwwa4ht+JqEcL+eys25PCxXnXmkETg==]]></Encrypt>
</xml>


2015-12-05 21:51:04 debug :
------------
String:
account-ticket<xml>
    <AppId><![CDATA[wxe5b18b9bd7e3626b]]></AppId>
    <Encrypt><![CDATA[8zW2RHUG6GrmP1YaBv4vZjVicT3OfXEta8GmqLkmeM8F6M4VV7LMLKmhiZdytKrK7nsb/1G3GsMvbPj5pLMFbeD7cQmmudWDU/vkegFaP08Au+3JTLeent9wL+5qVU44JI3G135yJ2ANX7lVBHAAgUpR+B8OWL0QHPGWMSxCY37uXyh6z/XJl2G4kob1Kj/hjVSuQ1k/DPkPv0xGF1SMvDJ4oJyTIvLKx5Dmn3RzVEOo+yPdjSYOK9oX9OKinxYIDvyACOaUlCyzK02IAqFYlvjSqApt+9OhtTGj/xziv44AC86+U4crP32Whbwp9Nj+owUo5NPXLRN7TId7i61IHNQdvlfmTdVBPRUxMFNjcKN2+NGSVnYSOLTx1GDiGIVJGMkj5Ar65DJ5skFH7/mt0Mx4UXoSXgdNslExg5GzvPb360O39geD5Zl1mY/J1CyyG0642Vmt7iV9rz9kl9MfGg==]]></Encrypt>
</xml>


2015-12-05 22:01:08 debug :
------------
String:
account-ticket<xml>
    <AppId><![CDATA[wxe5b18b9bd7e3626b]]></AppId>
    <Encrypt><![CDATA[VHmoLUlKr8xF+ctms6BN+4U04qkz3UaeYNeKBHbm3oOt+TAZ2CC1YvW7Ivg+NUmjtI7lpKzp07yKOBWIQbAzXolYar15WyIe6pz5EXwiBxY9Dy7eqdfSxKkXCWoRubYLrHksKYNF/ZuISzj3QruJp2eMYUaip6FlxrsFqFSGPpvrdeiQ5wK2BhyeeYxdpolx5P1+Q0Dn5wINtyRzIi6iYjD09mZR5zrUOAgu5QyZoOKpKErlXH/LJT3MDF+nYJnQYjprKInriWYkO1ykKRfgoNd+u8EprYDRYV9GLM8Bt2trYtlGnI/80Jwb/C1ZAJH1CB3/8hfaKRtpd1x87EbZtiTqt4sIMNrBU+5GTbYAXZfMYrgp7gh3/JBpJR2DAzoDNsmU6h2dErG5BLIOGjascB9cQlrarkNDd9/hRBqDnZZcDiTHh3hpkzaZSENmlwiP41SZ0R74JBdpPOfDxKFk3A==]]></Encrypt>
</xml>


2015-12-05 22:11:06 debug :
------------
String:
account-ticket<xml>
    <AppId><![CDATA[wxe5b18b9bd7e3626b]]></AppId>
    <Encrypt><![CDATA[BiwHi7rQ4LdAhDw5qBFHhVOn+fev6aNUbiPoBxBWP/QLEOMzkUzGAX1crKoj0lMy7oV54ypZ0W1JPmOtD0D0JxwBa2kKGyYGlwtoorg0+trgH5/q83Fu5m7nKgw5iZY3AQ7L/450BtCfFIWAMe5jHVnfLgHCUkevh6tlD1J2ZkhtkFP/4tis3YNHYrxjQWS/T7EPU9fcMjU/PIC9w/1EGyM2dgJjS6UJy3+/DNloRWUTo/s704mUozTdG8wZ6hduhd+XJs+FWMuUYOJ6n/czc5A9u27vP+KNecUapqd6TugisaHFNTZoslyjPIewCoRR/iyxl7R/8gR7tUXxB5BS5R8PQoTOWzX2NkToOAqAWWw8M5lpyttfG46p+oxmt4AndL87uUj0MmRvhjo50LN/d6xQlmuS6p5DhmGfKDBvAWp++N2LjK7pPp3M7inKIoU91Lk6ftIKXISGRoKMvEbKtQ==]]></Encrypt>
</xml>


2015-12-05 22:21:06 debug :
------------
String:
account-ticket<xml>
    <AppId><![CDATA[wxe5b18b9bd7e3626b]]></AppId>
    <Encrypt><![CDATA[lG1goMiEsU/6yIpE6KIyvWly6Q11rXOFLZIqyRsYO9P+c7efOyu/aqPH7bAtBjdqK2z0AO0eKP0kDRm00LngUSKiTZn0wQqn+x3dmapKqkXGqyrvCCPbE4zjtPBRNvMMO41ShV3xvFwxS344bcrLsecseX78YO+JNm865DU0/hOjP6k3SMYPhSxoU5U0WA+OkfoIYbnKzI2fd2h39ozk5XJkQuRghvpqAwJk2VskhaTli4V6EK8Fgmgf7oCMKpeirle2hOsh3QHZyJ2XXCQNbuQJNkKAH2y/2g00Mg77L0qhiYMtVKt+vRX7Qln1cxL2q8YzDxntXnQSolr0o2Z51vgu3Q3eoyZpvxEMo/u5h+4/ASBk+gE+b6soYes0WFWp1kUE/oRvXR5UEhIqH1m6LmewyW1oEMGQ8cwfCtGTLMte/pJVtpG0ymZGEK8PvfMwqZLzcXMsW7eWfziv5NGA0g==]]></Encrypt>
</xml>


