2015-11-12 00:01:04 debug :
------------
String:
account-ticket<xml>
    <AppId><![CDATA[wxe5b18b9bd7e3626b]]></AppId>
    <Encrypt><![CDATA[chBdWoWyuKsPlIACILEvE73UlnqsFUjzNTt6HL7SYaJuzpGk2ZEJmtboFVr3H2Q+i71AqF+JKelFAejOp1+U6qiW+lS7s4UU32hmklfSD1PW+FiIWyhKMsAGWbSY3tila6b1DR3p3tFFi82xt9SHckpWqY2caWRJCabMex3A2HBzaGklUsRga197weiZqyAy9MC35IosDHd0D22ALb4jukK2F99L2qZN4nY+cdroBlw+CO6U0zYcJ53WPZLyqJNcIcivgCsuXt6dUQTeUAzRdUVhTUNLBRyyQGIFCPeJeJ58K8ejmB0keDWu1qNYDHwM027TpbBJFAra2AKd4nAma+PDRdWpD5zJdXxxuhs/qUGOZIF3t58Tf+Dy1X+H8KGWgnWusdcP0c0UNWZ58UPOOZGhUqIvIJVwcoM8bCE3Zg5d+tZJNJxDCY1oSfzTP8QAl/rrQUhvqTO5tgRrYSHtMw==]]></Encrypt>
</xml>


2015-11-12 00:11:01 debug :
------------
String:
account-ticket<xml>
    <AppId><![CDATA[wxe5b18b9bd7e3626b]]></AppId>
    <Encrypt><![CDATA[t3jA0BPghEV8KAA3qxnHD4/Tws8BewMx1fphr9wyO+w0fQwRSs+W0aCY1XtI0+lrCePcdVVbOULz5Su1BR1Qr1IpUTzMXP6JNRWGj/Isr8T7SIqJnKjEBgX3Jl3GaFBk5TLhyjrF4JT1QmCPEZNRPldPXvsJ+phdEhktS72MVAQdXPyoh8cqJcYEA5gnALfDP9wMDAG7/G5rDk1vJtM/E8yjOe+BM8fQ0QfOYYzyV7jN2saQwZevdfF7mBDmcnhFunUrcsJPtLqxK/17UqZr5vsUvtbpS7iWse5dCMoGP7vAwRqpmK20qs+fE6qsapN9ZLXllrFZUhBdbYIGBOfpRVUntohki+pRFsiBDPRxIDC86yg3Ffxnb50q4QbuMFPeXMxts/bKePrWmypIxrPcpN4l16MeFAGc6+tLTp/CV/xwg5XqqOMiAzTiRHdGi7cE9lWWmwu3nDhsPBsIvRbGbw==]]></Encrypt>
</xml>


2015-11-12 00:21:02 debug :
------------
String:
account-ticket<xml>
    <AppId><![CDATA[wxe5b18b9bd7e3626b]]></AppId>
    <Encrypt><![CDATA[vFZrA144diGkYasKvqY1orcMSHGiX6TJezFVr9V4VqPVJ+5bMOhLvKX5Piyylm7nDzq3lP4AAR5pIHt8+x1rVdWe/2B+5VlrPRKG4EsaTp/NwMYrmNtvYMKmNN2qxewP3dFzFwnOujH+TvEl03HJ9aT5wpFf96BGIV0AWnvvaOHNLoTAi1RhcDPccSLyfYwTZGTs86gixysvinarZ4Pf86FQujQyLh2jyTHjePNo92iBDL8aivARnQ498I6zxlIjvt4cro2EjJRAdGgzPifSXbxJrc0ldfMQ+k+5pWbnwBHOWMMXYf9b+AKbLLHYTydZYL/6Xw3/acdjsiOUNRyR3UXmYwmnEXvINPdhhw6XaDawizP/pSxOLb9e2OHm8P8niO+tZPCIz6YdcMFFmnUMsHQPkO55iSe09IdFclo8/Tn/WdS1G6HZKc/Hct8hqnXGUn0tltQXayiJbgolrMWeVg==]]></Encrypt>
</xml>


2015-11-12 00:41:00 debug :
------------
String:
account-ticket<xml>
    <AppId><![CDATA[wxe5b18b9bd7e3626b]]></AppId>
    <Encrypt><![CDATA[7smkX4GvpqsXWYX9aCiqdkj1EbWCPaNhivAmDpcgz7O1IXEUo1tFI0pP6IN9u+PuWllLa3+QNVSdcUL9rvW9fstp+jNdwyo7W4NGrtbUiN8yAOIou5hQJKV3Lp9KHBUkTwrkl+O0Fyo0kvQNyWPFwAFZuNZ+7d61iqfiHF7FakcZKAvREszkMjJG5nep0o+WKKST69Qdl0EaAP2v7GoygnLYoklNzw+rVhnEamEfeSHs/0atFLW3igiuZWhGvALYxRtgySwagumcVAcoxXCwOEaWPHUMVd4Ok3qvPTba5TVQYva0YfdhR2vieuee8WL/+z3ZhAwx+LteCRFzF5DtvJ+Q3oRiyn2GS2aJeuP/7vTK0kFGVXX/FWR7uOLqbLjEj/D0ycVK2NGin5+eeNJgw6xVlQNIh1FmsQAaAipi/ShWeTJ4hn+Ks84II5tUWpcxIoGmNGKPymlii4zQQwIrxg==]]></Encrypt>
</xml>


2015-11-12 01:11:03 debug :
------------
String:
account-ticket<xml>
    <AppId><![CDATA[wxe5b18b9bd7e3626b]]></AppId>
    <Encrypt><![CDATA[seFlwigk0/40T2gRK5vu+oaoQHSNrAhwzSx7uCu+aeJRwE3G9QcPpptdbUChhMEycyoLtjftDhmhGLPeIgfwtjD98nDITandl9oXDAEKVJd/J/IoQGcfOdZ6eHXSeOQioAPY8T75NLwGUUlXKHZ8dw9Z8aLyWLhHMXVlHOxUQrK17V/BDyDxMLqbxn4k3X8lHajqFFC/SYrmvjxWbgVCudB2KFSTs/xGYHT2Rk+RaRjhPC89ft2rR0JDQowXgi+3coe/mGrSY2TWXyUnJfWTJlKcGulFw+WeHGFaDV3jhVCNgJ1jW50O8YXzUrSVHNtSahHaU8WS8A0Mz0Bm8phIQqb6zlZHi18wYA+33cBkpW0KtgtdlH7S/COlCEAvSjiV2FcvK8tULHY+yS96Re4GzvPGrMtaQaAviYFNAWygxfyXBXDHOeCB+2M0F6AZHth/OjvGk4hwaSPShytCLNy3Pw==]]></Encrypt>
</xml>


2015-11-12 01:31:02 debug :
------------
String:
account-ticket<xml>
    <AppId><![CDATA[wxe5b18b9bd7e3626b]]></AppId>
    <Encrypt><![CDATA[O0LXNYf9i7IpnIsXLwdXHDjdtYS4LXaJXQxmjBqMtI5/yQE8mNREiKC+ulA5RIRtagqi6co/gwA0J34ayhq0IdSqfxW280PzYul088FMjuZI0p7Gba187A21Yfa9RtNHje2V3C9EkxOpedPpZG6nD10TexyMWutUeOFLU+5YJaujFeUYcBHFDPWRBTQ+9gPzfHwHU20dj71uKCu2H7kNszO25zgoWyEDly8ApPQ5XbJUtdcChhooqSDr+zRKL50VipBNPEMnupwfe4pOf+kpPadQM+SFLPrX7sM34Uu3chVM9UMZIRRjCb8ClB/oyYb0YWGGdelPTx8AUCLI6ABLd5yx6wOYTv2uhUFAnsmgRHJBJjSL+GIYbbhX7LKnz9C0rsrZDQZOCY8aKIPwNDpEE/lT5Svj/Nz1I3OsM6ZjJtT/IHTM4RU5hQKIhoiz3X1rL/s9WTEL5vTm40ALo8LhMQ==]]></Encrypt>
</xml>


2015-11-12 01:41:01 debug :
------------
String:
account-ticket<xml>
    <AppId><![CDATA[wxe5b18b9bd7e3626b]]></AppId>
    <Encrypt><![CDATA[gdluAsyVE4vdCxJeJbfRHeoCepgXLmOIQGYxj2Yjr+2tEC8cB97DaC4xjWN44Nw+FOH2N4YsW6N760i3BRm1exYVDvO3Y8QPqIWdRrR83x+846S2h9d7qLL8ldWrabYDXlmOw6kgG5dsVao+FWIEi7VKN+2vA944U34AAj7EbHjvsaLScLZE2B2Bfwd4M9aIA1/THhV1+5JRuy/pDTOvvyRsq+pnzqVLpo+qFIwROS6VvLG8UF5kS0c/uP1Tm1EHU1Yx8iH3P+64neXvc0C4/qaVidVxs/jIgREUHcGlGS3c0twqFcfefW6GLHIh5Ejc++1z//5LMnDNO1gs58Sz555RDM18PotiT2L/LYEpcXcMGnFOy1dEgpXt4GjdloaXXXtUQZsbQF48SGBTevmPJH0k26xjF391GTUJ4sQV59IBPa7X1SD13W/CeBeQKEsl3plE7/db0PPrL4q81MxXkA==]]></Encrypt>
</xml>


2015-11-12 01:50:58 debug :
------------
String:
account-ticket<xml>
    <AppId><![CDATA[wxe5b18b9bd7e3626b]]></AppId>
    <Encrypt><![CDATA[Vlar2Ygr7BdFALZDCZfrzqJ2IzbmO5XtIG/oN2oFWaiOKOiKBZGmxvwT3TcwInOsPjnDGt52AmhOjqtMMglXZ1MGCiOoWWKeCt91MzE1v86bRafsmuQrVUCxvkbO6BywvN8um+gXIdd2qWNGSDPqMGQBUlM/xjjc1dszJdiKTijwepY7oTh64EylER53hvK75Qzqx3S1BgVR6PYYMe4MQZ5CQP2oeCGdZwUwY2ptm5anXg/pA2iBrkFhgYIFk25Vyx/Rl2bDd22GbROuBUrpubHXdo2jhdkcsshjLoIDfQXqRvP3Om3oOMo8mBr8TJxbfvp0DWvblZ4p1vVUkf0WX8LCJ1zigz/Zguzt+Q+yWZk61hmah9uX3oU0Dbet8WDhcCPLaPPehmeEGH1htrYb+1mI2xDw3txBaitXJtxgOYi/3UGYT/a1YZsLHlswGtazIHeXlueke+hVuyhCu52PDA==]]></Encrypt>
</xml>


2015-11-12 02:21:01 debug :
------------
String:
account-ticket<xml>
    <AppId><![CDATA[wxe5b18b9bd7e3626b]]></AppId>
    <Encrypt><![CDATA[Mlv0BztGU14jPyEOvBwCaTzWJc11S+jDi1VT7Ivu8yxPe7D3RGSPlytqRMCg0q13Ws7nC0QgiHn8l9hWH4rK3IXyR6YC3p9nkWIvW9j72KQXDf0lIdXK0RtEK8TixH5OMk9TlVWDgFGE4wkAn69A11M6qlptjz9c3vnEaFNCZCAeyWYB26F2BCYwm0vJ9+mYuJIW+fQJiXd/4XxsSO8pOte7JlhRLZvrZK7Gc2jwqxhUIF3EpFDz9wQUwjXyUTSAylaXKVgF6XnJ2C2JLf9tR28R38RELmndgOJgSn6fxQvZFDau7/f+VRV6R6ncafCUsr1qlqUygUOD3W0ll7y8qEFCHgqSowwux+hIfXGZx8X+qJ1eftlXc+AiRE0FO/5O1nQM5A80emyDJ5OLNrlz488Mui8s1EWplNrLsh/jjmTcb2JTgHr/uEkQ1QKEANhz7Ua/xPgbHcJMUwoDun6mVQ==]]></Encrypt>
</xml>


2015-11-12 02:41:01 debug :
------------
String:
account-ticket<xml>
    <AppId><![CDATA[wxe5b18b9bd7e3626b]]></AppId>
    <Encrypt><![CDATA[ka+b7RorTZ2pU47d6p+nCbaAGUHweK11e0j76Q5uf2KUJwo4qxie+V3r49EJZwqakDAUUNKgxr/mACBVQbMrGa2q2yrShFs+lBR6R7v1DKZ9Uc8mtPG3Svw5I1rUAyWzY5E+YfcARRLmeTmHwOX9AY+/PXUvzhANzGCJ/+jPaaWEqH88q2OKEL4VKe7LRYZDMtUKyBb3OX3rDtcffY1CgI+/wsOdZxjhfRQ6HPKve5kUNqt1MY3XEn3nBzzSJObPNi8dNIuLhiN1v7MaXIQrChkeYvG6bce79eaHJPuHLPm9dpgPneB1GwVIrHswusglpLuk+OD2yyHZmI/Aozfr9xHMVAv363I+lZ7rfC8ePdVJ5kNh56MUe128u14KPFMftj1Qtx5fXbLUU2eRaNwJEs6aDSliZ2+WH7OE4lrOhp3O6ykJ2Dt0NhoDMGWpSQwrr0QyrSWsR6IYVf4WATpung==]]></Encrypt>
</xml>


2015-11-12 03:10:59 debug :
------------
String:
account-ticket<xml>
    <AppId><![CDATA[wxe5b18b9bd7e3626b]]></AppId>
    <Encrypt><![CDATA[D0wwvOYGY9JU1M1Mz9135mWjrBgjbqUntYLklkrLDOwSzc1Gj4leciOjxu72JGRsCQYbOpjywqldWAlLDpp0WDrRow0q7wbIkeKF6Gm+FG7LJUBLN/U8AyOf07532BRcLJBkPQrrNoTYA2GSIYaJjTeJMz00GVaqsH8mMxWh8c1uP+5TZmb3GLL44F1c/Rasc1jcUnrUKhw6/hcxHErJPXqU31HFMb5FzAoDugzuZIY2KVw12ALc5tp2gAyhD/16xwHDbfMvIGowCnCeOyl79dYJYItJMN8JDgm04AXbkFd5ks30t/4a7dbOD1U9rddu3shqGVDH/EzOBYzh7nHVc7ExVi0774NoPoWc2wjPcHZ91kOPGk6xAY8lbFA2S4y8r7ZyQNPjMB6F6XJpMz4Bl9mNPGfrmvSs7XalzCiUx6dq7m5UBzCEfsfzcbkRFytY4bd58G9U3oirsaUzU5h4Qg==]]></Encrypt>
</xml>


2015-11-12 03:20:58 debug :
------------
String:
account-ticket<xml>
    <AppId><![CDATA[wxe5b18b9bd7e3626b]]></AppId>
    <Encrypt><![CDATA[gbMgCACVCtNVxF/8KDI+PAU4JS9Fbg/K6dt9KezTdAhsN0B2MJ0XYRDzkN7S1iRQ6mGuutSEvckGv/F2edp6+VQ/YXREFFfarm43c+Tt4UBW+e2gp3k5paTPHO7u96HAm2E4wuh02Vn5/FFsMb4+rfYN0ge12XvRzqKfJr2PYZPuQG24Vg0XX3v/mYE2PaEtCPAWocXk8OOvs2e6gtud6DIfkhbOxkt+7QWYljAuPbgNMmA6/vU2QLxotGeB5TAlCRTsgB38XUdOqTe//q6iOW9CTPG7qgxWVCNMuZax7oCaEAvgWk9Alfpzu7OmfK3z4R501SsvKa/QsbxImKpB3SSnSE6nqGmsNWLGwx8budnS+d6JAQpM8c9zk6rS7BmgftRFc2lCLXrmrIDqtsdjQcrjI2UxF+7osxkG8rISbOYuBuMFMgKiuM460vTqfYP1e7VjLqXlUtqaj1EpUjW3UA==]]></Encrypt>
</xml>


2015-11-12 03:50:59 debug :
------------
String:
account-ticket<xml>
    <AppId><![CDATA[wxe5b18b9bd7e3626b]]></AppId>
    <Encrypt><![CDATA[1JZTQMFjEW+vzlt/Tgfkz9FT2sOIVx4yIbVuCrLSgX9gCF6WTVhMU7pNokupC93QaApo1LQLnWj8vhXV7cIzkSXaC7hEL/VYgHDZM4Qhg94FsGN5HjIoJw/1dmy6rGR4bPeD5pppxeRlGyZ/jHreu3EhSSw7vwsO+vyDDvILwlqrnAiUDq0DzThfZdDYsSkiWauCf7YWNl+eBMuD/6k6CQCjL/+tE2Eg/8kYyIAuR0mwaDu4SY6wDXIQNQmcxNlRbdjT3G4nbh5ll8PXA5BSdm2XhU55mvsqvFnCUFl7+YVy0rtQp2h8GxHQQ0y0S7nn2RkEFVFfgzLlcUpBgYTE7kCvg9UAV3KbsZBPuY6buwcopi75zYyNZPTRWc0GA1O1Y7cZPe9OZxGfRmFqMBX0bT14rs21+JiTn0Z106ToBFBl4oeKQ8EWppq4VgCp6tNKTH38MSAwWAoEeE0rqzmj+Q==]]></Encrypt>
</xml>


2015-11-12 04:10:58 debug :
------------
String:
account-ticket<xml>
    <AppId><![CDATA[wxe5b18b9bd7e3626b]]></AppId>
    <Encrypt><![CDATA[fQdreTf90MnrUS0dLWDF64K5alih5haEUjNNdzRiST73HOSBu280fAut983568ILYovyO0F+h44O++jvPtXspDgrW41qkPi1KJWzPoGNm4DfyPX6qJp4rcL+ClpRpelVBsUP/nXQU0cV0a8YGlO4LKj0G6MAX5yPmnzwyLQuX+Q1TzYO5580vACg/LGp0TDMyqhdHBrQPIKAk6FYt63KJZ3yxNmho4ndh1oRmNkERIduLvmyyjTtFvzNYRw0pb3YayeQx9Mx4hKNZm6NVJEU6qF9BmYDMcJR+TmmcAJASmDki19ZrO+g7QC0QiNUxeLZR0m486ZmYgfqQXK++AHVByP1Ds9QgNDCbscnK47DSYmxttqyNYw7VBqqUIdXTEKzDFa7U7SqlDrHPRfpA7Paw3XgMVro6daD9GfY4NAxxApogqhhk+nILgQ/9RP5F8FZVSnZ3jLB3H6FtxBI11RuHg==]]></Encrypt>
</xml>


2015-11-12 04:30:57 debug :
------------
String:
account-ticket<xml>
    <AppId><![CDATA[wxe5b18b9bd7e3626b]]></AppId>
    <Encrypt><![CDATA[sSPompFNGSC+GdaymxpoHTMgEgnucyDL8bTyQ3Ud7OFfmim8gSc4SdXJVKXfvtpRuXurb+rBn1rbMHm/5nQWaGOs37JCUisU3VdYHVsVb4jXofpSGgeNNJqXJR5OgJpnGkpc2BCGdoghaaUC5eYPXOryJByi78m8SjvJxa6Vuz3HeYmS1lQm5gBZIuZVdCoyZGKo+SzVfTGzvmq9YXzQC1hB/pWiV+1TxMSTZvAzsybyzm2ykog6pL4gdGJlzH/sBmmMD675Tm/tl6nlc1m5z5BdpBKpq2WxUg/Hnuillhfd8YpH0S7R7Y4/6mm9smDpFVoP5jUT+nKZvh0u0Svvwl+uNt8zkA0uRzIz/c5CAljbBU8o637vBQYUrBGBWUlp94kOANDrjaGCvjL9VymxGxmnvt1pMcDEEk3+gLKQFX7zv2ldtGMPtftd8Xaky5XlrQJlkGIODnOjoCRPgjiGMQ==]]></Encrypt>
</xml>


2015-11-12 05:01:01 debug :
------------
String:
account-ticket<xml>
    <AppId><![CDATA[wxe5b18b9bd7e3626b]]></AppId>
    <Encrypt><![CDATA[PbBF68o4OzuHu0qh/XvigWy7rvcmhe7U71cx+Rhg4TVMsZ1P6iOXGymBUSt7oG1O4IZkxJBL1O6PAq6f9APA11NTtLAjzbBt26rpkl91llHL+z+UwoXinX+mAuTfsLhOKif3l0xH8VoytPzwbvCZcwdVZ+0oRlFXO3w15jCvOS86PSHwU0yDfQSSUim7y46887rpP4ARPkgUBQGjSQAOVkWxidRrbk8aJS1XtRMwqh5pN0uY/7Hk77zb5k1rca4iMZucglQvZmXK3wUEyPHMxM2eTqa+eRne4/sGVY+04rlu1B6lQXdEyVqWvAcejGlcPcECHrvl5oQOVnbVDVDWp8df3gpnXZH8aVImOCOh3UEvNJsgYVvrojSOdY7sGhIA0mDY/Qd97T+pOTbKYY++/Zb18RKDtXcL64pIIaruwMdm1YeNifN09YODJ1SPLQHSGXajS+RvpVE/2EDH/Q5f2w==]]></Encrypt>
</xml>


2015-11-12 05:10:56 debug :
------------
String:
account-ticket<xml>
    <AppId><![CDATA[wxe5b18b9bd7e3626b]]></AppId>
    <Encrypt><![CDATA[s1WtExD/VlDHtmzrGvHB8uwv0b10igXccE1x07nyV0oCB9+lgvyB9TPCUtdMBLRIUKphPj6La8YplQbCG/xcYNQVciFf5X52WvIfDf0w8UzEAuAADy62DTEv4qk1QlV440jdFlsKsAKfajBvmkraq7I/DfJoAdcbEAcVi9c55X52nFLKk2MbBlmWoLiqrbMZaH2YkCdfCXEn3mNGztCW0fXIm7gjgJZoylCzPs+vrHWkjrkszW/u/vBjVlQjwmybszpC+XaOSL0ejBN/GheGt6xrC4Gmzw61hj31TQZT49Cbp6e+zWuJBlXKiYPgTm5prMn+r21KIseQLZt1Xar0RR/FxoGRRWLO7QiYAlTlGMD9JGM6IFI/DhB7uzIah8HeBbLpT9iihOOPXHVg5xyM+chhEKLLaj1RnoCcyXSVVjenpVgWlDdMqcSQO7+ZA8Aov3rO+yv6DiF49SH3hBxmBA==]]></Encrypt>
</xml>


2015-11-12 05:40:56 debug :
------------
String:
account-ticket<xml>
    <AppId><![CDATA[wxe5b18b9bd7e3626b]]></AppId>
    <Encrypt><![CDATA[vQ6ITyphW7Xc5LBlskhl0DOUDxfAwR8bwSm9mCo+vbpLgdHVsSOWiiijSOhFSJksKkpmW7RHuPDbutx8eJVPVq4Ch5i1cieY79HdKDNG1vphbcPG0U/nmfGkVbJoEvfKtjvBM0cvUnxzz0H6MGeISouhuvdCFQn8KzX+LO8EvoNGS4fcHrUGts0QSWBv+wdIeLl3ucXALaPpygdijtQgOln5HGDIn/dxNg07juAaHer3f5+ljmtfJvG987HVla3U2RSTTMD/zd6u8HivWvBKHq5K/voFvB81DBJUL9VyoPRhXhp5eGVd1jqYYx9R2gYuAOZ7WzQVd9dlwd7m/mtQL3Ti+RZKbDPOC3i7JC1BCu+T2LOyWQMOGUDmEFoTKAuGa6nfUvxgxBEDFyoTV4/RyhWDMDNkEn8uMJdFYbgzDDx6OdXzSI8O8ncRqLdBrhKRpS/j48o2iiy7DtMpcPl4Ug==]]></Encrypt>
</xml>


2015-11-12 05:50:56 debug :
------------
String:
account-ticket<xml>
    <AppId><![CDATA[wxe5b18b9bd7e3626b]]></AppId>
    <Encrypt><![CDATA[9KcMlyjf51W1mItIoD0kRJtt2/MZ8QiC2ORo/fFyHdGWHHBaPcJKctH/khpOm9zNPw9yDFpihWtjfXB1gTmhgsKhUJcaLEaTMnnBQ3cdfoW0LO9UjmSQ5D2BftYge4hGIWOdqiRZr0PFaZpmTD8MBRvWD0VKKRzIvSNK+RrSCUntxWbkNxHia6VjeWnLMYwMh8KWjdnMiNcUqK9xkDXpLOGZPFJ+n50eaT3nCEHC1Hr9MBkrTHHmsU1051f7ni72wxf+b7+SncEcDb+L0lRumPGP2pLvUvunBICE5R45oAhd3nJTQow075vVQtKSwUuKFnQbNFGRD5zcUD1Io6EQo89+pEbi5b82TjgXcf4XLCELRDunzMXcSr8ucYj7PpxIfmhIS2Hi4J+6NfBFwGakmFc8r8S49apM+MmnpgMQGQ/73MYeb5clErBzUn4ZegMBJNPc1fMdqk65iyabdRlFHg==]]></Encrypt>
</xml>


2015-11-12 06:10:56 debug :
------------
String:
account-ticket<xml>
    <AppId><![CDATA[wxe5b18b9bd7e3626b]]></AppId>
    <Encrypt><![CDATA[F6ASzaUv9YlcoQUrNzRYVUP//gCyUqeRcnje5Bx/pII9oJ4oUJXjFR7nKIe+kZoTBMH6bp9P7h5GqU71bMXESf0SbjI7GkscNyhstWPV4g2DqvCJAYz603lQKJJQMAZuy9BCNs7TonOtbXg7CtC4G4MxLCPOUN4OUH6Pdd8km7gyDf7m3StMKfxoBUKcKFKGz1RNM6URTlpG4LBO3Hu2SvNe9ODjpY39PKfFzxm8JcpsLwRUQo0JZ6W4aFt4orAZSwH0zvin7V7QiaVKkGkyVAV1qVAnFfyLccduixSS2cO74kJ/K0QmEn2qQtlPlXlxAtrXKKKkOnwYv4LGX1HONV+u+JgwYj8nUCdzsHpnMSevBOlKYJGuEprYD5nXIRHbe9ljCYSr6rkcnq+HtJxmjwOq0vOVHIDLGlv/mzPCeg0pgRPwR17YjBG/Zc6JDglqumamNIP3UZ5s7wQ9iwGZ5Q==]]></Encrypt>
</xml>


2015-11-12 06:20:54 debug :
------------
String:
account-ticket<xml>
    <AppId><![CDATA[wxe5b18b9bd7e3626b]]></AppId>
    <Encrypt><![CDATA[MUNdWD60EWkMlON4TFFGjFpT22HCnPyw5rqRvOJImxF5WMzjjPXfAIY3BGJNGeBMYPG2nOWOuAMNzsAEtUmDhlbGwpOzEERalrQ40LjdfClIeN+gLfXlY0QjG7VtwS8C0SZGab3DtDxbuiRDyse7h5s1EX7XATlWbi2JA0Wv4LKD2LPJjIGX2igS2Id1BMjr9+2VNyFjM7tNqtim2OrbRPHPQCwIBcXJ1/MFTchS9cgG1zT7Dh38xgl4jJ5BOts9gDvy/iYtW1dfklHWAEKXugFrdgdnTrqMAdxBaewzT9Cn+ZtyL7CF8MBnH1uoFliN+SN52/MDbqwkhzXbu/GOXy3QlyPXni0qAyUeRDe2jDumVXT5e2zn4q9KtcPUXP/DAnr5Dm2yBj0WxyqVxc0L3z0k/60ryI6TnnMtz4i8HwpYj/2MJ4PcSpMj344Id42YLj17K0jKAaXppd6xIkWe5A==]]></Encrypt>
</xml>


2015-11-12 06:30:55 debug :
------------
String:
account-ticket<xml>
    <AppId><![CDATA[wxe5b18b9bd7e3626b]]></AppId>
    <Encrypt><![CDATA[CjTqeswYg5M7d+CMDwdjBWN1TCaqQkqzY9kteGk8vASe7SIyYBbZ93C8bc18Hy1+r1R1eZTnkFNXgV91Ogt38XcPJypi7ycWRck9q6vNUC/cxT6iFKT53D9vlABK2k4iDwft05pSt7d4FwbstEs4osnd3LwcToOYa3VxcPJ92xOLlE19e8PHzbMlRYcRjski1RV53nXA8IFQ3EqW6Vpnoh10o/jobqL+kxr+PyVy3KWUTcoMTePSPU4QO/FOoI/Df4U8cnltPl3iPvMNOkM7MY9mqZi9G6KqnapkpK32diVhG4AFbBKAf90UbvGmG6jju9SjNIyc/RLHkTE/V1HN32XekWAoJtAXbW6GntFCMFF0TmQWLDmoHh8D+BUXMyj2JnQ3vGcw0OfU6wYANpy1+HAe8LAGjPbhx+dahsJXOIjrUdkrISRIfTJ2UjgK+lnoMlCq9pw8xkzEqknTFkJOMg==]]></Encrypt>
</xml>


2015-11-12 06:40:56 debug :
------------
String:
account-ticket<xml>
    <AppId><![CDATA[wxe5b18b9bd7e3626b]]></AppId>
    <Encrypt><![CDATA[ESiyoHncs7cTsvgk8qk0bf1qTuFXA4erOgrmWqsuO2lKzcmLIkgK833DMP1v47G+dZWUUMyW8zhJsEQCSECyRI/fUuyT+b+bdOe9Cdzg/SsLENtN1NkW/lpBDXp613lUdpvfVD3aDb3iMuENJjuloQW+2ljiJyFb9qwYHvZ9E/tvtJOo69CIQw/o1wlv+fVQQp+fpn6mBc1JsIRx/Gmu9XdokLREWi2Bk6eUPFfcAcxBFZO9NoTUuVd3zDahBKPCEemwFpxBehQsjOCSKhsbm0Q0RQPAICdDWC0MgOZHyH8Lpox8dsYQc+Voonr5NjDLsstS0Nbj8cZtBHnyK1uJf1/QhfUNxdPLsdCEhNH80EryFe7ekzDJ/RNUcbTChGdt7b9Cxrnh9okOuQdRzHnny6WCZi4MQ9lFLFoEe/EnWgHKZ0AmLqJRb4jgFlMTSIcqf+dPFLzz3gSed8129GGKXA==]]></Encrypt>
</xml>


2015-11-12 06:50:56 debug :
------------
String:
account-ticket<xml>
    <AppId><![CDATA[wxe5b18b9bd7e3626b]]></AppId>
    <Encrypt><![CDATA[pAA8dphZJHftXkwYvKb2n18Ls903cGjziXOGg3p7lHMtIDwr46kK9vl6aGVA9MfpzEpCnoTGacNkd2Ia3ufnj5FxDiscXdCJOc54fCwK2hDnEqWowYyune4GICMT8vYpuyeLgslz0RDl17Co51XPcGLyoFs79+bs1Gv9p/xrYPSa+YbK/S1Xy/yPfIsKXLUof+vxM+YLk1yoilCvdDNpsddzWRLdX2C3RnrF/fwNH0UdyI292aQaUCIdII2BzH88mFhmfEPwoL9utRWagiVsQjm7hD5sONKZkQGMymbCr926ymd2pj4qLqp2vZlVuisfd2OfmSoJIU39OCLQ0/Ka9RNMjtUA/Wi6pJhJWbkKmToid3b8e8cpa07LmVt8occa03pOzF9IUYz16E+QAnVtpv4sT8sRktaCAWjFrjh76KgoGcQfFoo1BLa14u9x6fLBDAjOk29pI73Gk7VfIx2wkg==]]></Encrypt>
</xml>


2015-11-12 07:10:58 debug :
------------
String:
account-ticket<xml>
    <AppId><![CDATA[wxe5b18b9bd7e3626b]]></AppId>
    <Encrypt><![CDATA[Kbi3xVVdGCS0IqMpE04zaG/EcNGi9aqPfNLNjgZxu4P1PEOfbXDVcRYcXhiJxeVDdIR+sy3k/UIbGHnGhStZLplyBl1yzwv8gYpDbsBz3SQgwVlnYnqSHUgFTJeUQVNXtPufwazZuxFc3Co5ZzevNct3fGZD7R/oeo/Jaf4u4FgViZ8SmhP1T6R5OQ2f39ieqNrSTwFcb7Uyifn14OZ3tHrB1Y022HKbE0X3hoKIwpIZXTn4Cg1G9DT8ln8cujIErLNqYASbLcia8PwGVoOr3K49equPhDJm1OAkrLd+TcSAnvxDGKVBy5dKsVj9rH3hdchnHibdYwZFlPNA+pH8ocYtMUdtQ32trDAGcZuaGI1Ho9r8Ja3SPp+ckl/jPCriNU7lu8600XOmu+qOlTovah5IpbHcpoEZxPOsUQf+TnWiy7zS0m8oLSrDajm8y/nFPdoSCzOEwwY5K2t82Cl/lw==]]></Encrypt>
</xml>


2015-11-12 07:41:01 debug :
------------
String:
account-ticket<xml>
    <AppId><![CDATA[wxe5b18b9bd7e3626b]]></AppId>
    <Encrypt><![CDATA[dog4RUlargixc9uHBWvXAylBx/1OBw4ti4mKJ/Zzn/7vCaql3QFElCY1rAXfTFyoNT+i7gVq8QLtCWGyFxB6B6pW1zjV63bnbJMUCakZM4ExcmYPDuTGzKca+ZhjmTgHxZKF9jiXfAvec8wT1LNgs89a/KlelZfftHiHdary+ZdCrzskFffSfdCNbEKREcvAKXsGnnFmRfQfavEDXeZl2ChZ9zlTmMboaX0Iqq+RofVn3AINwAmynqsNK5RMMZ7QC20E4zourpbxD87JuaxZUW/Ki/az6cVzqrxG0nkfBJ4/5YZP7W2xDeaoYYSWGTyfOXGEWMqCrcDQBOhtbOC4hlSLV0eGz+TVJSsptsFcvvVnlmCXE12AadoOA3lCKGgdMQ5NdpRILNGnKSKftlLMKYaYsRDFHKAkmCnWf109ZcVQ+usR8gwhjiteFI3SJVrZuZ79jemHHK5HdgpGStEAAA==]]></Encrypt>
</xml>


2015-11-12 08:01:00 debug :
------------
String:
account-ticket<xml>
    <AppId><![CDATA[wxe5b18b9bd7e3626b]]></AppId>
    <Encrypt><![CDATA[x9E1Vx12OnUFg7MieGuT+cDlAb9lyLR5R4xQ1wInLUk6vFRxYX5gDWyF09ycTqTX5hGtJNdJmm7++6DNlnbGpxEGuxk+wokveUGbMdX+Lau2tXFr5P05who8CTmnAy5I7fkHg/HwbFCWhADZODL/LoxOagaRR785itRz4sF0JTY84daqNDaBRNRcANpE2xdal0/31C9c5QdBZD70Cd+H4PEH/GRXd4IZ7vMByLtFBWc183pRAHe244cvUJVAUQt6jRA9U4Kh7fYV+EmOOmWbkElbPNZ7uom/StvvM05PuKYdxy9BodqJFmSb4CfXyNmsd+jSNniQ5ka+R6QBoYNzOeon/CBciPdXNbhu2ahKg3ezXesLlMd7lrC037haHzF5hrK+DGe5ntiVxnPZBxvLT8wQfQzhf0YhhJ9ejNuCy+5TY3pyRvx8bPaOM4nCdPbCOpgtu6Njzb/2FmeIRUbKcw==]]></Encrypt>
</xml>


2015-11-12 08:31:04 debug :
------------
String:
account-ticket<xml>
    <AppId><![CDATA[wxe5b18b9bd7e3626b]]></AppId>
    <Encrypt><![CDATA[PHwxWQ76e7gm7wQEDgtQ5bOdcTvc2UpuB0JoiyvvhOuIO2CRMCi9M4iMlBmr+87n5JYI76Vx0uaa/1hsldsJu4z4Pn1ijH2E0MeUCb+YnqlgjtJdSIEolZ8gSsrWu8huRtYjWfaqLaI5STHvdeEZ0KgMoytZpA4ykgf+GBGwpZWnKHi9spkKv1djnmVbLqMXSuLfL/EpneoT7AYgVjGJsE+/Wioj11oLHB6a5plT2+v92pU8XsfkYRNkrGsFK3wInVgFpaqAcaHkkjGU5qwFQj2Kvkv395sZP44hJduZV+Rftk1R9yyUpKnPhF4YbRRMiWoEzMzOiIqIwdGB84w6mwhGNZoHmU+MzWGutj9BF8+asMnPA4xfzIWfM/mufzOQwcovWWMW70skRe8julfERUDEVJmb0AxGrRiJfaUOKfgkiOSii5EYyT3APwf0Y+ggLL10bicPINXWvyKCTmnVzg==]]></Encrypt>
</xml>


2015-11-12 08:51:01 debug :
------------
String:
account-ticket<xml>
    <AppId><![CDATA[wxe5b18b9bd7e3626b]]></AppId>
    <Encrypt><![CDATA[BBCWuS8pAchmjVc/wC+8Mbo6csYFGDeNeGIUrRRrrCb4TyZwkLDqkPtubbbWIQ2eOcPnvB4LlvCdkGC6C4sUIYKbiy3qQPuBtajziUP8uMLJi6ydxA3ArlEasSu/9M/Wy1tdc48vfzO6thjCTc+TLTQsnRGkotu1Iw8A11b91WJQ02ifL+0ZqzezVrjxUWGUhd0xpxWxNmugwRbjj1VGO5T7Weaa5CIz875EN9vVogQ/RWs/v/XWVoMHYCWVdBUYIiXowBeXSzKa7k8fSq7VpQ09Dbs/7Yx6dT0n9iGbM00zGR4z1fpLMz3oqhFRZkcDEfmDamRVP0i/wYWx8IuSLC8cLjCJdoCLAiROTTp5lg1RPgGrLlbwyCopcJ3lsm53oNiAi/8VC7qfy95Le2SPqvzPvXItF4SmMydei56iiXaslqi24LmpWxPj8h6GCusxrtMK1DQ++5QRkO0eGLS39A==]]></Encrypt>
</xml>


2015-11-12 09:01:06 debug :
------------
String:
account-ticket<xml>
    <AppId><![CDATA[wxe5b18b9bd7e3626b]]></AppId>
    <Encrypt><![CDATA[vedjWpKKEUP33GkoivlRdtRWxjGUESBTEQnJWDeoX6x+4Z3WZroCJZ+1zNFTDP1bytvVw5Y67pTBDnyfROPhWg8khWzmAqCNHenphkj4ePlKEU8PGil4iyOXBvhhPI03oQ045SendTyvxfb6akbvu3j2/uFYvlnHY8lwKs01sqslTpPz97gJXUAIYWI5Cz2kZAy73ZXaXm8aopwWqe6lqFZTJRq/ebARv+V9RoYdQbaA2EPpsCH7S5yuFS1PVPGn909bgbiN5/T+jmPX/a9nV2JMXLvBKva4CrdJQcjcXyG7VOmRx5gUTVxPeD8sBALWO+4y3OvwQqRJbVUZA7tehsuOrbWRMazZLgTFFFL952YMTfQR8r6gt0CLlru26ectDRHMD+9RlxNhMRQj9W6cuX3Yoi5QWq5CRulZmmEBEfbvMD4wj2mwXemwzKcoK+90BfyMXbvOtm3Q4YIydsfIKg==]]></Encrypt>
</xml>


2015-11-12 09:21:03 debug :
------------
String:
account-ticket<xml>
    <AppId><![CDATA[wxe5b18b9bd7e3626b]]></AppId>
    <Encrypt><![CDATA[9A/iDq7JYEqKQw4NU4FAWiCUfm0aFCkzvzMdiroSnUj/XGdXryjSFvFAET4O8G4Ryks9dRvSF3k1Y/PrORa84Uigx5RAUo0pjIr0/N8YA9c84h0JRQg5S+c5nYxQ4q8Nb05LHi9GYWMxOYcJTiHQDzidxX16blY+MTOBepe7eS48Q9GK05l7EoReXzUF4W63z3jWrZjjlEKIfI7FuPjstppLn/wMN6sRplT/jYC7HEL92x25uwjVBasvLELnTX0hsnZAmlI1S0+NRPkqMQ/wBPkoN3Vi1dCuWFPXuDwu+4tuBNaupNJZkZHeBvu6AQWZwNAEWM2CD4TSyy++iwJcX+g0Lr6f0XnGSruVW6FtrywjIIURqL+jaDVJwLToj6GAzcBMWWCJdp1nuLQfmAoRPYiK2EE3x1y9XxFZLPS3cyc6CIjBKX6KwKUfU8glZaIwfLZdjE62vyMvNKSrAjP5wg==]]></Encrypt>
</xml>


2015-11-12 09:31:04 debug :
------------
String:
account-ticket<xml>
    <AppId><![CDATA[wxe5b18b9bd7e3626b]]></AppId>
    <Encrypt><![CDATA[ix+Y4b3Yp51b+EZpB57EOgJAUv/XgefpJVeXHYXPZHOQWehewqhfKCrT7SvUdM7onVppG+3EgZjoynvdQuNOycfRBqhDP1ZWHO+3k/E5u0ZGjyc41ZOaz89/9Wdu4abuj4+b0G/b6YrZsnVvY/S+lWPraLAbAhVcCcz5Xi1qtuxM39UUgrx814WPwTLxlDlGgMMysBXPkg7nuOFhf2h/YV/CvSby8ilmPx2sX6jDZExTPDkGDYDThD8wh5chv5UAkfEwI8lID+7yQ99BW90tYzWicywIS98tX5dibU9RfD4q6TzYd//SASTfeqgNyolu1Mpunku5OGblEhWKEnD/VoVyRJhvIiucuxnRRtunvayPYzIVbI34cakkGRh2X+DS0bWbEKbp7O5qACW5dYmQDYXjNqMGbgoIbTbpsg2PAFq1PLS49O3bVlG1cB3sWDBaofPERhrMUWeIctu7KiNzvQ==]]></Encrypt>
</xml>


2015-11-12 10:01:06 debug :
------------
String:
account-ticket<xml>
    <AppId><![CDATA[wxe5b18b9bd7e3626b]]></AppId>
    <Encrypt><![CDATA[MlqYnV+GNREIsL7sXDfnjwXkRP5Iuft/hPa90Zm/dcll048kUf6afqVmQJcU1F3FCRJiUGGK6hWNpwrOODVhdErydRizFEfv0VFWsNRD3ChU1XF7RiTJNwUOEXlKoqjoMS9wXJFRu2/79WlmODrpE7N4JDuPOxiq4jPDlJug7gLas7c8ZKlgDcXWuwFyS2rx8e2ea3yYNhalsVEwg+PpnXeHbSlrFblqeyV9qdMD3Jam2KDJxq1jBYz4hlvV+EVhRErob5Bg4ODKXW1wGlgdb+uqn8VcDEuS5kty9ltpjMhDICHkNdT7AlQJibilZTVAjLK6OgNd/36Ai2mQ83UmIKFLe46QFvYsXTCVjgvT4A2f5zFSC7yENvecjbc5K1LItAH/PFUaJ7HJroY4u6H7Qb/4tJmQ9iVJubKj0GI2iHibfaEbBEOTt62hdFnMjxnpZ62XJc+LvsjhXvSw3KN3aQ==]]></Encrypt>
</xml>


2015-11-12 10:21:05 debug :
------------
String:
account-ticket<xml>
    <AppId><![CDATA[wxe5b18b9bd7e3626b]]></AppId>
    <Encrypt><![CDATA[OSYXVW2aIjUpzsXD+dGXk050CWPlpeNcC3vStAVwTuMTB7YmywzK3KQdOlAkRaoyYHz15V63AzVbrSD7rN9w72/E6uVx0fFYR1I7GU+T4chcQ9sAC4erMOoAO0sZXSVZSzmE2zNJvX/+op66pKfkEYEanE7Ol+/wzOEjML5Ge4wPuX8NyNq7CsmjyXuk6Nv32uSeFspydP7+rZNdRqNFk398pSx55AYLJXU6ChnpwbyMQA+ZhytGygjlVhLwvcgKZkbGfJETWN66NFQpH9RqKInJyghh8HW6ksFTuxXjdQ3SqYuAP5JLvzYDby/LneePFzfxljZMo2+k9+3IK6PSRtPIerxdCBYekvEoy27FwKhZkS547ac6FmmmfY6VZTfiupQ+fcbzAAu7SqlXkNWyAS0aw9lquf+UDYcqv+X6qzJr/tjTnLZ5WIEu3lClZvimySt3b2hOLzYCQA4KmpvkWg==]]></Encrypt>
</xml>


2015-11-12 10:31:04 debug :
------------
String:
account-ticket<xml>
    <AppId><![CDATA[wxe5b18b9bd7e3626b]]></AppId>
    <Encrypt><![CDATA[iEfkrbxzKIMC8UCwIKRjhmTPgmwqPN2i+vEBTxPRYqilnO7R2q8ULBneKpoA6Kh7WfWDyaROdpXL8fmUaLeX4pMnAmEAK7eeN0SHuphvY3oOIZf1RGmsr4MEf+5qFeAIdtNFSI6zDk/+tukOgOixKHTiQAlgoXuWatpgMEhc/Eak8KfTLmuVetgwmcmxgWs7rOsuuNjJypr3BwgbuM0ZBCkX+11TF4goNjVZARvBlsWtcjEXxiKDub79eehMTJE0aJxrZ+uOKuHubSdADdMF6ZJnRSirgrsN9DgIeZ/WL6DjaQT38Vx7/qQBs3fmUSbKP0kVQ8NteyjB08w50vD6k2AAETGNt2a0fX0/nC1SqqJq7Qg8TP9YVjPiAlcNh1kBk76I1dhPJY7nD3eqLaKk+tSF+ilO/SS6TyvTE+1bj+1ND6FPnHDQMggtz6ayJN/uVKewJeweInUxJ9HeE/J2zw==]]></Encrypt>
</xml>


2015-11-12 10:41:05 debug :
------------
String:
account-ticket<xml>
    <AppId><![CDATA[wxe5b18b9bd7e3626b]]></AppId>
    <Encrypt><![CDATA[hmqyGAcYotFeYQgIl3JVNNrzuaJHusPqKElnU3a+UEzUdKfvSuUZPZYdSvL9hiY3cygFMfYC09KblKRX9nV86/HMS/eMcWiH+NGT/Emg1MJDXp9Xp/VIC2K4Zh8EOIwXxk9xrNf1BBDefCqaEry3GG//qhUEBUxnfYITiJygKF6zvS3+HKWbWpaFEZfF7JvjcT1i4FQYNf6rkIhQoLRul4WyCB4FlSHKEaZAGckJsEcL/qCAUxBV88TSeL9SyqysPjy/bRohRlTzIzooaG8p5+xd3L69+0rSairm1VYZQKSvHp8U9RhYLON0fOkA0t8bCu6QhiovqJjMeeCs64tmUr0GQKqeKHku5ZxYNuXlvYLzkiQAz99+VjzHugHFRO/hyIDvfUIdZZrXM74QMWDihS6PCdLDE6/85KoHbQO56wVORyydVo9tyA6o7R4zCmui69jZXJW/tBOxuZIF3Sk17Q==]]></Encrypt>
</xml>


2015-11-12 10:51:04 debug :
------------
String:
account-ticket<xml>
    <AppId><![CDATA[wxe5b18b9bd7e3626b]]></AppId>
    <Encrypt><![CDATA[fKB/+72yN99c1u7mxsUgyoPD8PuNeIuhkPP3PNqlbGCvgDtV2s8FiCJUJjTMdCdd6yQ/ZzTPJmVN5WE2S3g0IcyrPTLG4CW+fRd2m52Zw4hFQ/ZsXSd1VlZf9MQpb0RCV4+hLQQGei2rxfwVoKK0Iws2SHvRRx5MMZHIg3kdOu/V0H9dI4sxqtpb98hUk0GtC3TGB8u01CGkvQf8G0UIDe44nd/WvVcjBo2KG6ElCpivnK6paV8R2J2aAEhql7lXfrhsyIAsBt2bUxcFeyUED7eqYNmcwiXZSc2tnJZQX3tUMn7LWKcA2dsR246AM7NVg8pe0nEJJ40HZ32MwPh0HJat4H5ONzNzNkPSVFG1L1UqNQTdgI/r+y5KMJEDgTabMNUwrMQyf0xIJEwZpDySsE9XPgIWyRH3ppHN/Xgn/VGBmNM/dv35DYRNAvJ9u5MHM1n4HDUsceBUCtHEK3tetw==]]></Encrypt>
</xml>


2015-11-12 11:21:06 debug :
------------
String:
account-ticket<xml>
    <AppId><![CDATA[wxe5b18b9bd7e3626b]]></AppId>
    <Encrypt><![CDATA[SO+d8zZrzIrBMjocKVueXsOc0/ElbYzPTA9ZOuewHxNWZlDL6ytjkBlnqOgJGSpja+KP2DQ7oFJHgOp6Z7OsobfwSP63gi8/DSILF4oA1S+QABhdgIQ1IGa4/qGbPeXjWEi5RW7p8mlIAyMce9Z17ciZz/EKXjVD+LMUTnA4DFnZsgTNKSHMM7U1NCEjztq3YqHA4HQTLn7lVpQBClBOnV+XMx5yWL3LmuOc49Y7QN+Sh2h138+DrmhZGJmGwhZ9fsMBVDLPXQZdXwZuF9ytXzstI8VhoGP5o9wL/nUFtnqgh/n/p6PqZu0VegyqgimgtpwZtjPFwK1fGSHuemRm2kjptGFmeOzCMYLNBcuVKlKQAeqyZxUzo9j8c3JIhU2m8uLpM1G1fib3AbfM2wU1sK1tXxL+/o1u1F+CXfwWSrZto2UhWBh6fzcL0yAFNZmbsYuhAyV/jZgDAP7ieG9/eA==]]></Encrypt>
</xml>


2015-11-12 11:31:00 debug :
------------
String:
account-ticket<xml>
    <AppId><![CDATA[wxe5b18b9bd7e3626b]]></AppId>
    <Encrypt><![CDATA[YDQD0wYi5OXvgdxsaOE4pzQmiMnIfo+jjayAd7n+rt3Ft4z5kXE07I+vVMQtPnWyZCP3NYNdjyAnM7VKxBNtkX3lOlPZV6RQKenH3fDuo3PJEhhO96kZivgocGo+0oMxjVKmIEb1Qd6j9CMf+gQ5Tx5DzqchqrQegHsUp/TRevdC2wFrtbdQOxdMKBU+kQnKK9arLuYIVUEXxShocH8M2OimkYnKkbcS6BwxRyW8X02wEIkb8YU9ZoKft3hI1msS89WEBdiGeGSS6T5iHGF75X+tz2WF2EbPi1YxXoYU84RYdQaBOEZLUDbvmC0G1d5Dp7Y7oNvkxpcrrNwL/gUr11Oeog8xKVSrsPjp+qz3CK8RJzLjh7jCJEh4wrvj0q4cBCKgZ034bD1M5Poj8UEsaC7Pc4LdtrFQjxTa31Qn78nOv72ZOMdifj4ogJ8E5rVk8YyUm6gBcp1OUi4NcFCohA==]]></Encrypt>
</xml>


2015-11-12 11:41:03 debug :
------------
String:
account-ticket<xml>
    <AppId><![CDATA[wxe5b18b9bd7e3626b]]></AppId>
    <Encrypt><![CDATA[l+GX2uR/Dt43Abpt5HisC7FDUMiGcsV6R9uPgM6tBEOHRhmWN0Gz1nrJnLTBCn96lmjl+ZJuWL/yn12g5lqd/07OUJDuYiyuQIAtJfVO7EpRsVafU3SjlpVnbYxhiyw+/0ZikPKH2Pbk1TwpODBlBmJz45c0IdeAOR9jDwrmwVUyiDeD8ICr5DOysgQX6et1m+2fZn90lRKLF0BZR2dOINfDktcPzB3BY1oqLZEOTNxnrZMTNVJBDGl9Rl7433Z8ZSqkyaDomcdS5leJ6bd52KTEutyN7kxVDUGMNJghs9heqhEymmZM6WkLIaF60iF2zx5Tk6tgrTuCpTQXK+rJ+/vZqKjqVcE2R0G9OJDBmCV7ktEyB5i1gi5q/Td6wMbdzg7+gX9AZCIXpsDfoqIrg0U8VHG7FA8nixAE3NfBXyVj2nvJ3EATkE/yuMFEvv1npvskUfEV12h64fhFERjXAA==]]></Encrypt>
</xml>


2015-11-12 11:51:05 debug :
------------
String:
account-ticket<xml>
    <AppId><![CDATA[wxe5b18b9bd7e3626b]]></AppId>
    <Encrypt><![CDATA[hQE2bs0r4Sm9S21xmGjzA2i/fkDyG5Lg3D8DCWRrXLzQoSYJNyEpeC3ToVPihOJx3Uzk9Zfzr56TJo5LFJmv3ldFaxR1aNg7A6AksMwITbuzchWV7IVZR2lXmYa2yHH0+ubASXQaKCsteSzztqibjfn0gVWA2uVdI01KhP3kiTU2Yv8tYdroeM3qC3VJ7/8PKi/FgJTyO94/iCAm/BgqUgxM5AfoEf49FcYgVSu82RdPLKrFs6QAoZd6CXJL69c1jBEOyPlbpW8aF8/KcE66Ya0AOoNg+4Kv+3OGvtykXj1FAsAoStAem/fJlvDXY37zgn2bICu3bu66u1T2iUJh0LhfkQpkChRnkPROr0Dq2BQp+14HmTBQY5ujP0el2Jx5lVQC7wQvz/xY0Jttzca4UvViL6JN+quU0Za/wt+ysExz4PJXIKbKFv3VW1VJdgEcUNoMZSAASic5FuGJxzqWzA==]]></Encrypt>
</xml>


2015-11-12 12:11:04 debug :
------------
String:
account-ticket<xml>
    <AppId><![CDATA[wxe5b18b9bd7e3626b]]></AppId>
    <Encrypt><![CDATA[JvDRVW86LvWVeLFPllRhuAn6E6sa9/5yyvPiqJ2HD+1WEkx24dt1VG3N59duBwB1meBMCQ+9RjxLdM16hGBhv9zUrSvUv9j1gt0XjXNykGvNGtzKZGfWflJL17frrpsotdPA8t7nFvxgf+FXv1WcDBoJAols7ZJJUE9/iWBL1IsZ1AXU7veYmsGGriRqCQFTcS85C+G2IU6BEzn1QliTnQ9nof8kImcMAfHj4h3T6mWJzJJZfDM2sKKHeu9TNhTpayPB7LQ0nOstz+WbOWNZScehtyDKuND6LaEF31FrvkO+azj3H4s+gZy6JsdFSbeBF/BQFVducCb6JogJi8vehbWZT+Osqvy/GVb0MzZb5OlzMWB+Z/DJVz0k48qcPFID5LhShqBr48tQXfUKDK3zibynmuUifML44WSLmtKrYRyF0t/ZDeQy2AcrwMmTK1341OmvDiaomr5wAvFy6JaJcQ==]]></Encrypt>
</xml>


2015-11-12 12:21:03 debug :
------------
String:
account-ticket<xml>
    <AppId><![CDATA[wxe5b18b9bd7e3626b]]></AppId>
    <Encrypt><![CDATA[9Vfrm4ep3QF3JLPyLY0tOsEnH8QNd3RJkNKSN/CPsBWArPKfUTk4fP1SiGV04+mwLaG2pixkrkiJxOKRWvqkkgSLNy5QcxLEVYNtminO/dTBHtojqG8Knzzs4PhrKnvpkztbbiJnv2iAKofPlPbtxCgUd7gJdIBGl9QESMu8ey3eemFn+FAXNtOPmaAvULWBMEBVBZqDbeiCK24+LrwgwoxRfC57dExYsJTviIqNBjZP4HgfZS1LCBwPLgCB1cfaM3wsYjHB9dJ1zm7oYhqTXhUmIMGxyUVse+sQv6M5H97oc2SLzVPYCIMb4uSbbiEOpYr7extBHscm2mkVu32I7cQXzWFhZo27bIWrMwDNoR+dul8EOHS0d6ERl+8w4mtheGKDeYMbwYYO1uvohSxsDLbGELZEnwxfihFeGATk+Lu6XBTIrnAwbk8ocELeYaNrEQxZbgZMQv/jLH4gPhYAKA==]]></Encrypt>
</xml>


2015-11-12 12:31:02 debug :
------------
String:
account-ticket<xml>
    <AppId><![CDATA[wxe5b18b9bd7e3626b]]></AppId>
    <Encrypt><![CDATA[9cxdq9+T4Cvcvv9atII+xczqc9DbZX7atAvtA5wV3zNofiT9Jdbn8l41f7VcbSuu6RUztEJj/4BSk1u8akRLTGTChkjlh8Tr6V0vUgakpvTgBVwFBOCI9NNIVcufArjnO883F5U9gN5m2w00EEMDM+c4r9a331kngekyjcuKIp5zCMdx+RPWVfIYJvAbsc9tc/ehrXy0AjZcYUxarVG44R1H0NbaITCPFQhQtDzCddM0I2egGtjaBKmhGnSB714C2TgsvcSjDrrYQHAUmib/x59U+nVPHdU2idcNftW00ZNX75wGPG3s7tSMXHAP5LbB90wyx8n06nNgODL0UYSHiS0esGRrrzVNCKsqe0Q9V8HZCFAAKHBLRl2AxMjeioNZw0yr4EJS+Hb6oP76KttDEwf/tJgaD8P1v3PG08FZiX0SBUUPDcVBcgZLmFsE6Izi33z23BQ9l1dtBRLzdpfSgw==]]></Encrypt>
</xml>


2015-11-12 12:41:03 debug :
------------
String:
account-ticket<xml>
    <AppId><![CDATA[wxe5b18b9bd7e3626b]]></AppId>
    <Encrypt><![CDATA[NxIuXusVKh/fjITN7qIJYp1erqVnXM7jU1WDMI9QdWIR+2etwiY1Vpriv6rWpQYSsmbOIYi3rgvd6E+JOLx1hspo4nsfOeCNGjMJKTsZ13dyRSLj/JqIOUrcakOTCNVn4oXhkXvC7GK56ujM6lQqCmlJI/OScAUykoJRKeX6mEas9BvfmdT88XXliKP+I4o9FqWgQxIJgNbh/R8e6zIhDKQaAdCtOrd0aeSegUyXj3Q+f3pQqQDa2XChrV7im6EYxrm8MQgVkRGi4H4Z6g3JAe+NWW5ToIyE33uRY9OnLd6wM6OeU+2ZYvHJzbrLD5e2LXE4vIi4N9Y5yCAevduLf+2ONunAOgLd7phEqp5yPJOZ5TyCAXsgOd0nEdJ+8n/zjdorN6Tk6oAZxdNy21NL/ww9eKzbmJKc0BnksqmRD6hpCkTOAaD5/v5nOOxRm7H7AhvHbBHKgiwlbfhsRB7Dhg==]]></Encrypt>
</xml>


2015-11-12 12:51:03 debug :
------------
String:
account-ticket<xml>
    <AppId><![CDATA[wxe5b18b9bd7e3626b]]></AppId>
    <Encrypt><![CDATA[3bd3WZzxdhhHIrvxItPXgICpW2SgIYOt73QDGwGZQzo+Xxa7W+2jjh5YXv5nnC0uGMoaFWAz7zZ7HpnRMjS+AJuFrb4ekCNNUi58thcPn8y/ApWHrS/zcXDDmbdmYX8gW83egqS43CAtUqUee03zX2cN4X4gEheYiXWsaAYoM4Y6gJkV+ZeiXAP1vlshjRze+vMFOW+bsHrDL5v8C/NNMGVuJTrp+Zv7T2MTKGQkM2sp5Bt8pUlfsfQuhzHfymvuoo6zWtfXVTnFZ4cnT8+ztPQD4Igx+HzwTxpw7hUHzkLlhjdCKsB9gZzqgF5HFlnei2qAt74l/mg89qxz3RaDdX0cxnXy1bhUI6u9XVfxkTspSyBKRQD6SfG34NBkyODNEaEvIcfVnnm1gOoudDA3oOwjwvEpz2YPvZitq9Q0+XaXNO7FA11QgVm+I0iWUJpL+KinwW+2Sq7SGXbX3sBKlA==]]></Encrypt>
</xml>


2015-11-12 13:01:04 debug :
------------
String:
account-ticket<xml>
    <AppId><![CDATA[wxe5b18b9bd7e3626b]]></AppId>
    <Encrypt><![CDATA[CsD2rOE3Sx6MOMlBD49vBl2IxIqC6L3My8qmjKt5cud9hYfenE5Hr7HaLxklf9ihTwgs7tHSdZqMfXNxh+eWRY7V4ekKzbdi6RMa6Vo1XhgrK0TE0p3SylsW4jcGvruyucVUNwxe6EQBeANbSwtSZiQHda3wU+i+XREelL9UFPbeqir7Cx4CSxxaP1xaZKiVK0LckXhvfQQHBsxi6VFiwixr/Q9QKhK6WX15s8E91C2LXDd1kOzYD5Q1WOjMcZ4G/PtzEgW1gf/1JakWQlGm82su72MNKLWRZoh1VmESIiOiS/MnqGeV2GQCeUtIURcXucUdGDYKQOlKTvzoCstxdsreCL/2AwLnIt0PtX74UPhPmxuj+qu30Vio+ciTVjrkkUaSyIjNIODuzasFajmPlJS0rWVtVGBzLU2PE24LV7Bz4Eg435vpazt8tRHroVOtwAsrwy1xNwxFbVAsRmlUEQ==]]></Encrypt>
</xml>


2015-11-12 13:41:04 debug :
------------
String:
account-ticket<xml>
    <AppId><![CDATA[wxe5b18b9bd7e3626b]]></AppId>
    <Encrypt><![CDATA[Mc6iD1e/0zFZ3wWApOTwE1J7XZG9IBw7vcFhdG9LlfGgI+D4BItIulzEB9PhB1H4DOlE6cLfkN+CERi6ulvjUiXxkDv3db2dReVcez7EUwY0LdQTlq/jirIRgznBoPirGyWhNSySTm9ouUMzei7OI7LFBw0/+B4Vtw6LrAyGI/xhJ5ArIuYJKGFuXoA4UFPSiyfpnj7jL7MwoE5JW+Ae356ahqQrMM1fdOUwnZqYVtsFdRz/25Q2ErEls40qNg7jMGotF9XCCQFuX0OCPZP5U2KJhmzX8FN0cEGUSscDXqRv5WpH9aHaot79DMG8bRu9Mtqap0DDLV5Obg0/OOwM3aF2OvKjtCIsUQVp8WsDD8UyZq9zkzgF5CtNWuDPo3qWe1C7FaxGga7kTn27p1YKWFU/6poWiyMfXZfG4uwbpp2QMK0eL0cdilYdQebsFRIOIG7pKTa8ZIh7XR2qZ54Plw==]]></Encrypt>
</xml>


2015-11-12 14:21:04 debug :
------------
String:
account-ticket<xml>
    <AppId><![CDATA[wxe5b18b9bd7e3626b]]></AppId>
    <Encrypt><![CDATA[hTtrAPsqf7+pPrntdbnqhZcDoKl1Cs/UGOYFbAb239hyg2JikLmeS+E6BJOuVYaloLiLkZ1wu6KO/oXiy0328hhEFS3/z/BZHVXmjMJAxZBo4LsynXMLYz4wfP+05ooTerbLMIBGXYU31yGyogvvR+76crFjd8+fUrfi/BviWvp/Vkfn6jzmmTP6+1irbPYTe4RJerAf2M3/b4lNOY43Eme9dLKUa7vwtAzLJOn+W/TENOhtPzRrldjwzCoI2deRonfJABdkp/iAgUtFym0XF2YcSlgMI0pJRNWv5z/EP/AEljtAaty3gOVqpG5je6bv+0O9z/bGqQPfe9ptoJLVOslRc+zISDV+RuvfJ+BjqrO4uITJ/5cJO6JBupX2i60UaDqW/vpEKiYsbNBBcjCL2gmWUvMUsweibsAFtWmrG1IkKRxuHOVbKEf7PqENHBefK1w0+thoAAK5D+LcrpkCRA==]]></Encrypt>
</xml>


2015-11-12 14:31:10 trace :
------------
Array:
from : ohZ50t5Ar4gwdTb5ah_18CWLzkuQ ;
to : gh_6c2ecb8c646f ;
time : 1447309870 ;
type : voice ;
event :  ;
tousername : gh_6c2ecb8c646f ;
fromusername : ohZ50t5Ar4gwdTb5ah_18CWLzkuQ ;
createtime : 1447309870 ;
msgtype : voice ;
mediaid : MLQt6h0Xh3iFiKHdOVF6kgsnq6EyVvLwcxhM6fmbpHE9CKxuOtCjVcgcTmN-F_Y1 ;
format : amr ;
msgid : 6216148559228616208 ;
recognition :  ;
media : MLQt6h0Xh3iFiKHdOVF6kgsnq6EyVvLwcxhM6fmbpHE9CKxuOtCjVcgcTmN-F_Y1 ;

2015-11-12 14:31:11 params :
------------
Array:
rule : -2 ;
module :  ;
message : Array ;

2015-11-12 14:31:11 response :
------------

2015-11-12 15:41:05 debug :
------------
String:
account-ticket<xml>
    <AppId><![CDATA[wxe5b18b9bd7e3626b]]></AppId>
    <Encrypt><![CDATA[uh5sXlMhSvxmtFhKTovsqLweMzKPFpZNH32T66tTjGkwSMMe9Ty6Tos96y8NQ1LJyah9jBtuIihkyqYFqyxqYlaqkUnvg3Yj4a9xmZ5yEAz2KlcG1LM69bqo1Vk5mwQgzLCWMG+/CKjOUAgyieM1lSGrocvOZ5ekTBOmBjAoCfxfIcMLidzKJQHnnQehYHJaTYQsGdnF+FBc49NWSaHgJTkm7YKopSqigTW9llc8v7FHTImDBbbKXjbNDi1nWYqCa7OMTQC5TCgX5nNatEoVPFygEP/aJl9pNTuifl/TDcHK3Nu4+8Dh+mYSkE5+64muU9kyOpGzWq9Ei/JpLaYkb/+OLJpQ0sCyvMWd8ne4L14w4EbDJE21YyTFqxwRrdqwfbTh4BWCPrOSqbABCVgVYISXm+DubjHQnzuqYWj8jst0cXqSRPlM2rhvVWQqI0e6T46ypep6dZn9meINKewXnQ==]]></Encrypt>
</xml>


2015-11-12 15:51:00 debug :
------------
String:
account-ticket<xml>
    <AppId><![CDATA[wxe5b18b9bd7e3626b]]></AppId>
    <Encrypt><![CDATA[TJ47Kfe0399EX05ZyGugk04aA7zdMb7dhbqOQTwoPocA3U+ecLR7rTKVfo+1SHPTFGBWyD8aGVRaWVHpJzpxqQv9KhO5BUuHBipkN7/wMYdGDOcOihBSRo56UvWZlooVugTLoV5j24117VJnXogOLF19UK7R+yN4tsvFdFwzkGFEDkFdyBTlNbvvfltfZsGh/MhiJC7bErJPzN8sOLsnHoSasfdJ90gzWEKGuhLVXOQwXosjE0qOqXg7T+X6Ds6QoyTa5X0m/FGaxDPmIr6TmP1BSUdTR+Cn5Ym080HIRRY0IkLX+1ShBZA/xNP/ifHkzwyvIac0pcOm280PmWdfjbqAoQD2FzV3oD365nG0dRNr2zNy8+ujPVLpc8LxAOmF5KzZWCrzZL6rUK2tRV62+IQ7SWUUtHJ6i4KFJIYIBHDyjMI1F9JPxJU8EqACrbNPzR1kzngessmekwlMlS5s9g==]]></Encrypt>
</xml>


2015-11-12 16:01:06 debug :
------------
String:
account-ticket<xml>
    <AppId><![CDATA[wxe5b18b9bd7e3626b]]></AppId>
    <Encrypt><![CDATA[6oB+YBBoE5ejzvfBBHNpl7fwKJBgKIERxTg3KGJuG3RYirFzJz5fWqODUNmfOrMugQ3nojCU7xZHbRcL59oKHxLJyqiIkfQah2IntlEK2wt+vHFgVVVIgiy2y8QYw3r+pYkXk1w9CFOUv092o4mlI0XgjlDKEynQf5brR6pdXGcrQinpfmZfkIJwQfM1vGSP2X6RxzjjSU8pDURFYl1+xVWZ0AwZS2WYno+4Z3vrpj+ptA6gcjPmhxbL1YVgux34/vjkpDN+VXSBX/VLAI64fmYU91nq1BtIGhB5Mx1ca2rpUyFOEzmuL+2USYCyj9/bQG3jgzErAE0ZIG55NwQcz/qTFQqaNBJFc3mSa/jjqd/LwigIInUVuZlkw8svPUs5bm78r7c31Br0RRxOGvHc+Dng+7xTIxbzpi4NEfFHU8HfajSOdizTlXldGYx29S79FV8OQrN5xnlJzT637UQIHw==]]></Encrypt>
</xml>


2015-11-12 16:11:05 debug :
------------
String:
account-ticket<xml>
    <AppId><![CDATA[wxe5b18b9bd7e3626b]]></AppId>
    <Encrypt><![CDATA[WYXveIxKbO0am+cOmagsNWl5i8traqjbkkQGjKCo1R9HNJ8pPBvCd3+FMBtGFuUMfTA/nMGcs1oPlFa4sYyNrLvdFZBnk+9lhv4wlLxq1tECPcc/9hI1ZgPTl4NDfceAFSUG0AByMhd6Rb+sZrRtodMno3aDyDK7vJ8WR/wwFPEJwC+Md6ItoKnsJyvtMZs8ZKr7fc79X/YmVsmSlgPQGmI2gLQVD5bwnPbA2EdHIFs2ALr/Ajvvt/lVK93BdKQHbiIpn0BhsGDjq9lBC0Lik7qGuFIId0OwyIpbm3RYrHCDXvyPAlTXqYJrgAuxQ1zAbrb3d/y3N8FtpVi1BZqvQOmsge9pJMKyAooZWwseVmDirsIZudnWS6efZnRAw8DdY5azRYEeQ1NrYuzlicRGte3/pGMTwTym8XsBj+3Lm+SI82kbLZLPx6Z5CjYiTX8XQaz9szKKnDIvjzcyCsJRBg==]]></Encrypt>
</xml>


2015-11-12 16:21:04 debug :
------------
String:
account-ticket<xml>
    <AppId><![CDATA[wxe5b18b9bd7e3626b]]></AppId>
    <Encrypt><![CDATA[vt1NEoPLehBBIDHO/nUcQoWAHFK2kMDOb4rRMtqtvMqW+sAaoC2CzJ8RyCHNtpjRBGBqDFq3nbTjXEq5/RzO5vTOgoS3PPQlk8vmOHcgj7vB+hdpJ89meHgQXcsOzNlE7bcJfYHpCscyddcTaG1H4R5CcGiPq9nAUwfW/gLISKM2jt+BsH9VjFSrp4sNcDiaTuuQE2VYH30YV0JQM/5nxiYKTLuDfqiPLejzOoltPqbKcq5t0P0FJKtS/HJ3rkOJGJ/0ct01uu/poK/QEbZ6ICSy/FHzL/rcmRxLu/S0rbII8bawZMZNhelNDbJfglNDCQOv8qp2myKC66PL+6+63Yn845lLBQX9yblq6PVNApZbKvDPGIpaUyCE69nEf28l0Tk2TiDgqMTDUeeIj6wQ/lZ3chBuIifobEeMgmuJGcpZboIG9XOxsVJinlahlct9EzJBPjPyLtS+tpsTsFCXYQ==]]></Encrypt>
</xml>


2015-11-12 16:31:06 debug :
------------
String:
account-ticket<xml>
    <AppId><![CDATA[wxe5b18b9bd7e3626b]]></AppId>
    <Encrypt><![CDATA[fZAMTI8OyH/5t+LVaZ/5yfpNFgZ6NPx38wrkEwl1Y1P70+puiXCA2wQ7IGJ4wu/qmamiHb+wEBGFVxW92O3sCE/ZTCjzAzOWnP2EQvJNz8BaOIRarBip/7cPZsGsetMuuyq9NYDb5oA9vh13IS5K5Ih9VQ4bdJFWkhNZWSZyhRSClBLGaXqH4WuI+ia/2USi1ccqyGx+rxcSRH2btY0mG+9JVq40VTPOmK/vOJ3VJA+w0n+vXyGsLTb2o65MohqCNqudobWiSvZ+eoSdr8o+JFh3Svvfvpa2b2KqTVsFK+abCMLZvmETzzFbcdwexxiVNfN6dqTy/K1ZPEgwXQN36EGS8CAiSwFSnzTUR8OSvgBAgbJZNYgTwiXHgDpIRQz/sOcaH54gkNf0W+dNV36QKLfZI6bIHgKgolrJQ7RLYS0p7UrauuPO01miuNsr97hYU5Oej29yeuAi5Y4YSkB1HQ==]]></Encrypt>
</xml>


2015-11-12 17:01:08 debug :
------------
String:
account-ticket<xml>
    <AppId><![CDATA[wxe5b18b9bd7e3626b]]></AppId>
    <Encrypt><![CDATA[llmfdiIpAncqMVMomQijfSMDodgCYTXyDwqSaZnzx60mOf/DZXPKfsfLL028dT1R92x+4GwfA/HS32ltImSppOkNu1/mbj77Ww0zoz90nJO4vL1KJ5mKW7CSXfa2SPELHpJd2HfkeR6Iog/y0XG+AI91zJHvIxMbJz0o9PuOuifxS5fijRDvCWfoPR/JroAmulSfDEizieIOz6rqPsK6zvF+T+8K5eky1dI34wUZjl0f4tAT4jolzWjVVdNCM79I2mh/osuU05LZcUwDjljMEGFUHRNij8EjMeX+0wEcxqMo1vmXZ2GjY00l3aXpmAVoI4h3eCv9bvWOsckBeWBN2utDTguxsLN7HN0kYFWRB0exDKewHCBY9MdCU8TEGHf5ahIY9L3IAjYSp5nzrFCq3zu4jxvGOlFA4E8SxBuAbZmd20SG777bq4d3rhr8hn6SCRYF0YeLK30M/eK1Od8Lpg==]]></Encrypt>
</xml>


2015-11-12 17:11:04 debug :
------------
String:
account-ticket<xml>
    <AppId><![CDATA[wxe5b18b9bd7e3626b]]></AppId>
    <Encrypt><![CDATA[a76Tf7++R/EsK0ztbj/k1QlrN0JSvukzEaSPic8DTT4LiwkUra/FzL/kYlTZxBHb1YkHxxy0Kxcwkj7VgqYjydWF4HZS/vhHRW3f0YouPp12x8XWjvHWe/YTeEbZET2kHGAWtHGbIBAF41xisgMFy9CsLSbIImIyYydbMyiaQbFGpnM5aU1+PD/1JnIVbCc1syBuXDlV5WDNCStF0xQEh6N9HAxZyoYE5RZZxT1wOISxF6xqzg58F8ZoBUaqTze4MWoA3Z0lu7HNRUntZV5QF1Wya37OxGwiU8l7Fa+Il5oh3vGLIWy4kuiwCd50Pr/FZR/eCIA/0LZFTdgF4H7q8ocLShVbe9QnSdh7W6+C/G2ZakLuREtAx3Tc6Re/8RhEj5Lmb0JJipxla7LwC8Q88XjeOdCaUbnZdL1ZU0htdR6R1Lxa6CWn7SQI9cMh+RWgH9jVuEZNDfNdSeAaZwDzYg==]]></Encrypt>
</xml>


2015-11-12 17:51:04 debug :
------------
String:
account-ticket<xml>
    <AppId><![CDATA[wxe5b18b9bd7e3626b]]></AppId>
    <Encrypt><![CDATA[ZIvdrtqOBsY1UkvHo4QcVsHTIc/5LYU8wy1T3npDFKq0xTXWrHk7+JNEHqLiCtTynx3h2YF+j/Ro7boAd7MgiWYjuANTy6D8o4QsLlDcRMBG/6exA3cllIdYNCyc71F+T4eCdrmGI87qHGUAkq4dvtXA4X43MHq2gEodfpWfNdWcuX8pbWCNcpo9TtpFK8d3tyJaYNyPxdWZ59lJgeoaMCkxliqRN0eu5OFLgQV1f8zG2v15DUu5PUydZ2AMf0OA2ZqHU/VvT7QF0W8JGSJWNaCzGxli7ip5RTowZjQ+6L2Wi/wKjpzSwHkt0MY8ROY2pqVpnqyVSy2xwb81uo5YKxBp+ozS/sOZldwFJM9twjKnEOmR9dQMG2cY7E5Aa2guN6XAkC4DO37duG8iMZ3bXet+op2CJEgpqs+aYk6MkH1CMBaPD89qIzgIXHTDcMwHNMT4lBtxuwLs5UB8y4Uyrw==]]></Encrypt>
</xml>


2015-11-12 18:01:05 debug :
------------
String:
account-ticket<xml>
    <AppId><![CDATA[wxe5b18b9bd7e3626b]]></AppId>
    <Encrypt><![CDATA[Wc5ouulDFeZFENChS3AjMCyfAEa2OYlqEeGkBC8/xgH8NpRyhPVAXe/PDd20PKMIMTlObHh0JE2UFZIxluwVH3G5ipqPiUZlyFkNkS6j/DlS/VAN8LKYbEz59nHvQ8kXyojsClqj1eYsOQghTg69nl2xMWwYajiaknXIuxp5GyS10VFptvFjlDqEfV0puAfeBuAuo6mG1IMx2O0EazLHrzV/AJcRkxM/zeOvcDbBddvOyAiGOfCFWCLSl+orpZFoe0FVirDqg/AW4LH4Cx+BLyYksxBZDB0qFfzFfQowtOmblPees/VX0V4W3xuYzEnEArD1rdkf+m6ryWw81n+pjfTU1m3KgNHbeIN9Rqbl/10hfsEyJoZtGJniOZM3ccBY+SSXkfiSonXT1gAFOQfNx0GrUliJpSVrJ9j+nP/vZZ2IGap1SppEqQhWHDI678NbqypnQsTvTFVgcz/2NvSB2g==]]></Encrypt>
</xml>


2015-11-12 18:11:04 debug :
------------
String:
account-ticket<xml>
    <AppId><![CDATA[wxe5b18b9bd7e3626b]]></AppId>
    <Encrypt><![CDATA[Tb0zd0Jwt36OwDexz3bQC3bRHeDpiRc4bOOb4423gZF1QCvFiJWK9OIf/VgJwlzX/I1tMx5VR6KdLkj/sLJNtCFq9w+hHsY5tCK3dNBc7NqmlXYbB381ZmLfg5dKnxtpQLl850gBMA9W/K3lL4p7wVuNOal1eR2COUw+8YHAGGENgCY8CBbPT5bbx4mqz3OQgjI2bwxBDuSV1VdI22H2MCiPZFHJajkwCSty18rwh7IBQ45B7Fc+SdVM/GsdP1K1yBP9RCqTFuMsduVnBradnORaPupVJ7b321Jrt6fkTohjO3SqD0Cz1QAJtdSNjg28ipbSF7TUi3BOwa/KABeBE5PadX3wuRpCnI+tshIZ4gP/N9ISQNY5doENMnUwIDJFfa7vqiIOVWEbJWKRYUvd0LH8dWxe/3ChSB5qASX4jk+hJ4DVwgK4VdtFhjzAyC3lNFPRZESjiADh8mc7Jk5+og==]]></Encrypt>
</xml>


2015-11-12 18:31:04 debug :
------------
String:
account-ticket<xml>
    <AppId><![CDATA[wxe5b18b9bd7e3626b]]></AppId>
    <Encrypt><![CDATA[8W1jGTI4Tpx4SXdPLZMQqZpIz+aSiRRHT3cqcHJwzNiRWGiaG4pS2z3XjI6LU1tt9rXEEd2j6Jhfo4eNYxZMVyHsPBZUdufAf8wub4I5xXoFp+cLDtCcP9IsG6+8KjoFulrgUUYfyVY+uCEu/RYn0jtUojAwCJ/K1PglVu1fz+mgXV3P505NAo1RC+YP2ju8UvzCuspGkUw9AOpRS3kQasgSc0g0qUcXbCGcKLkNXJirdmK0XPdGQwI3Og86+tvO84Re0MQ/9D4xL1kA96rMG2z9/r73rC1BvvOPI59a3FG8T1KLIaxBRqDlK18zq4S0OqddMPJybhSM88AnGf7DaEXN8sOgiiNy39nm87spbx7e+WhcqO0cEqDdE6Lx7PoGcdph11zS1bFIabTPhGz3x4a3QV+IOKGHYIw612uew4EUfEhhIwGfPjlnp12QPOM0qn6g1j9n8ZFCr1FYDzHRfQ==]]></Encrypt>
</xml>


2015-11-12 18:41:04 debug :
------------
String:
account-ticket<xml>
    <AppId><![CDATA[wxe5b18b9bd7e3626b]]></AppId>
    <Encrypt><![CDATA[ik79lgKyOimDNm+geds2GTAZ2Mgkkye85PAzztnZsyHImw41/2haUMV58TlbzbMMtASbN0KV/CMlgnatDndkhqXbYOvSEhH54jYRrAG12Du9msAc3NVKCppTtqm2qYcFv27J2ATLRGrR1ms4C8+t4q3gYHnaEkMw54vBfxNe+zk2yEi6c55OqPLcwYjV7It6+QhpypBN2f6xRFK8sudIwQMydzGry4oL06vKAmmuwZLRhn9BoJcfFr41e8ToiHm1PV2dE8r8RaUH5VQG6hLs11rzxfHK/8Q8tkeAMBKD9Q7vzlMVazVroi0bVCLPaNyQfmbbqWXqMZaswBiI44lypApHKSI6+Z+u67u6utBVu0BjjpvD9blU6s56vdS+t2GGL/IyMahy9gsJxKXYxox1OZZmMcHlgTKcIQf/6W0bBVN8TBLwt5SIFKls+FCHEkkNM664hY9JzbWeul1OUmphdQ==]]></Encrypt>
</xml>


2015-11-12 19:01:06 debug :
------------
String:
account-ticket<xml>
    <AppId><![CDATA[wxe5b18b9bd7e3626b]]></AppId>
    <Encrypt><![CDATA[AMaIOThrv1/Tf8QiCIdQty249VPJcl0powaGKXIyGL4q1d/DJayUbmvJa3P5DieeHsYCGi9UWupA3boKC//PX5gt/NRDEPEZ7hrjoG569xGg9QfMCZRLKEwEAgczijK+25OAl3/AvSKNWg+vRxWVQotJZbN0X4Ukj0nibDvMwbafI8G4HQZzjyFGrf2qp8+OYzma9UWQTZtd08nzfxvJ1qyrl5CMqirz/5RPnv6dVauJY8zoN6kZAIfEB042MRTP4zb8ezuDGHvPfwn/YOlSvzTAwdW2ssotKaXGEZ7BL/+BzI00vTDL2/sqZ47mdL9ubH4dWTt6t/OW0BGpKbGeBqmy7yBUzQ3mhWfW2RpdmZhhdTcagkVAClYGZ094fKl62F1OYLfv5SjTV3Y9zNFhh12TvBE7hk9g78hEIgB8bzHldPhncuJGsSfruJc0r5ZScHlgGfjuZopBd/qa3sn/xQ==]]></Encrypt>
</xml>


2015-11-12 19:11:05 debug :
------------
String:
account-ticket<xml>
    <AppId><![CDATA[wxe5b18b9bd7e3626b]]></AppId>
    <Encrypt><![CDATA[qzHa6Y4pab2iuoceinvk86oehYNhQ2sC+76fz2PLBHipodgTpoWWCODVQ1WFPmMxRtGnknGfsjm4EzKSW56xtWJM8boSl6MhS+S/pbwbcwdufdxdu3yfukilqwvtwdD7J9tcPFnFP2FXHg8PpBxkxkEBa2S2TD3smXNLzrLp2tHO84CBrlXgsGxDEoDDSQieb+p0LlSBZgzXAwMhcwHKU0GTKCozmgTfnyFSMCVODtJkS6b/+4GMj8daUrjJ34ZW93/3cwfsuQk8nzjpqrLn31nyuoH54uYxXZYeKdq7wDHtWN+eduJy091WAyAXA7GTjNLLaLTbbX6fBLQ/sf7lzqUZ+FEJmYJgew75TbV1aPjPePyA30VVY6t9NmW6WILv4Ye/1xl0B71LtPhb3Dyb2FYdQyNbH/PipmcSUmw8x12wrk64oiOfxtofC2UkZ9N14xSCbyxHgK7iR1pf2JY7mQ==]]></Encrypt>
</xml>


2015-11-12 19:31:05 debug :
------------
String:
account-ticket<xml>
    <AppId><![CDATA[wxe5b18b9bd7e3626b]]></AppId>
    <Encrypt><![CDATA[8FBlavfvB6pNADFrNjHgOKo1QsmIEu5AHLz/DA9w6m2tlp5I27Mb3R97ADlzNyaW+n+6kKrP3w5OSuM6/lw978FgJ2DGkkAJ0Wmkpwgmf75+f+0eBZO9b5kGS3hTcJcXr/X4q/3XuL0SS3r59BU9Z3C8RvXicROHN+Js1MhMUGnsgX3C2FLjRRbiqK+k/TvYd4ObaTUn/1OZ0HTebcl9467bu23nTRVijd2DFAXtkNLNr16tpDOr2hfD3tvM/NQyoqSmLi8avQ9cuKs4/SSGzFW/Nbg6BdNmqfKQD/tt6GkokTVwNKv/Gu+E5naYfFjLf+WfzhuikbjO4ocKUerICbnreKqZcgdVWtTJR4babXXmS6lyZ/NGO0f8wwO/wwzCE9QMJew2nuMISRthyBkpzGq+4pPXTzB+/cBaNxTEdnhH7BAwNhNgymvzSFASBqkx+o87buUpRX8+pa23r8avUw==]]></Encrypt>
</xml>


2015-11-12 19:51:04 debug :
------------
String:
account-ticket<xml>
    <AppId><![CDATA[wxe5b18b9bd7e3626b]]></AppId>
    <Encrypt><![CDATA[tcbx3FSDEuXHIBilV8cDWFk2dfgzdKXp6KUB26wExEdVpg1azTaqoJCeHPMnHVoVx649hJw0yp2oKQZRWE+8imaqzkr0GEjXlar6hSgf5MMCbN7CF8/ghXQaCubDWmyM06DqUT+h5PxtvKgITNz0gcI5Tu2aI1eTPuTFr3+vzlN6F3nGrj49xpmQA5jP53Omp25N4/teqI4tm1JPpVGkCkIcsXzQ3YbxnGPJQ+U1v38WMGp8hL9zDyODi6gIr9KldPvgGoZ0bAeYJExiig2yVkGJ2gr3iTQfJLxsi9yRVcQLWV1c/clAtP7lt/n23oTQUCdc0i5NI8oUqVQdnEQ/Ksp3ildB/yvwYDgagT4I1wz3H3pB3R6oaP4Sz7E8hXkW0mbEkdwLuGyu5k5ML7OOwbtdrwwtpo60u8ZK3Ft9fXEsp5v7JXmS0R+3jn8Mcy1d0mxhN/6R0PT+a0HAeRnOsQ==]]></Encrypt>
</xml>


2015-11-12 20:01:05 debug :
------------
String:
account-ticket<xml>
    <AppId><![CDATA[wxe5b18b9bd7e3626b]]></AppId>
    <Encrypt><![CDATA[Bozryr9epHubPJ7MI7d4cSjMgu1Br9VPn/V53RN2jDaozgc7QBPzTV6gB1XwXubfh100oSgpukK7uWwsKLEdnD1gdIJJfKR2zs2EqVRhrm5wLPjXyunoswBeJLkxgzQc8L0Cqoy9Yd0nBq+vAuZYeJqHkBRiiYf2NHmhFfRmYCVNN408t98NXRXGMRXOlongeH9xNJ8844eLyD2dffzkziLnI6ii6XsToKBXnHUJmpnOHysr51rgQZm6/DCYJD+GkyGUpV+Jrh6Ag4NpHmIhZ+/j7ameYH+rAMcP8Ur4lqNp5Mg/uln0BMUi4fS7fXFVQ8EaUsKtvaDQEIgo/A0cWa626PcMgZHxWjFuDL9B2LdmDEGGpaecuAZHWX0EKseeVbzyLG7l/kyT2wqAR+5rUf34IzeNvzzlBhYwOXL6D3ai0zbmnQyUQRiOi6CVCj4TpjmaV0BEZjr1X2InFYlK6g==]]></Encrypt>
</xml>


2015-11-12 20:11:06 debug :
------------
String:
account-ticket<xml>
    <AppId><![CDATA[wxe5b18b9bd7e3626b]]></AppId>
    <Encrypt><![CDATA[smK6HCF4Qe1gvV9D+g7UAZgOZz994mYtoKmfxEGMUc6Mm4wHUnmLWj6EHfD1ORHQt3PFcEYxCDJYBpdnoeytsGjWSjDe5bVLpnbXMTy7XdVWxEOyjxlOhB5lZwl/UDhicS99nqWZGT2qn9BdNXZLcZJ6u0Q7MMoixqP/xwu3sTawHovKuKQA055+kYk8Y4w2aGemFKqpAeskj4dbp/HK6apyZav/TfBtAqYFObkIWRX8SpAYv9xb5+kiCilhzGJLZlw75CcWjySUwHSkUuG6XhHV3WBlPPB9J9s8fzSAKKn8b/+31U7mgkw9G9WeJGXwog9gUQcrD4qp6ryabFP+cUE6NkIA2bftgi8mDUpnZ5raGwcupAaQ9ken6oCCSkc1Y0ZPhcT4GVKWteRsdgmm8QdX4aN2Enu6Br/eMqjPLTn1xiX/8pWBolgOT3Qelq4OCtQ9tJxSqs70yRzfRMyYeQ==]]></Encrypt>
</xml>


2015-11-12 20:41:04 debug :
------------
String:
account-ticket<xml>
    <AppId><![CDATA[wxe5b18b9bd7e3626b]]></AppId>
    <Encrypt><![CDATA[J02jVaUms5U1gCceNYY9phBUT6ckxGdvyuCKy7/U16On9AQLJrZzUNp3iNkUlrVANBWsCtdlYAEGlLtEyyOUw8pCZJEFLbxb6Uxs1ry2+Q3dBxpUy+X9NwO2Q5YelzZSC1hKQBq9VNkdCjFdrTaXGpoCqXe0wTnlNz5Co491LGEocDibHaCiktKwIYLm1f5lmXl4dFr4OjalkMpYVWNY91cUtw1uY3qTzNVKeqZCuRuf0LPduO55LSZfjdlnuTLCCK+cjyyWU6OAZRNrLCjn6Md7iGkQoGfx/7Wmomg7Yy2AN3v3rkfimr9rMU1y23+5Uc1tYJ/1KshnD6gIs7Ng/PwS0hLZrMiOMcRlgIMSmtdKP7qE7X3kHxXxtQDSURSVToP1HnXfMqcIQeT9TsHiwJAEXGK5P61T4uTiWRXzFNIdzbmtCPEEuX1hxGpy/Ld4QxDWZbwSsjkUDR1b1enDsA==]]></Encrypt>
</xml>


2015-11-12 21:31:06 debug :
------------
String:
account-ticket<xml>
    <AppId><![CDATA[wxe5b18b9bd7e3626b]]></AppId>
    <Encrypt><![CDATA[25THbWIleduJ9H6It3YBHK+A1zVTtJt+RxyF2X0rneknsHS7StUL+Z8WE6MsEkfLxcZ2mhsSmw86uQ240KI785hHq3uSNymeL0FkX/DRueT1WzupN575rN+q8WaBMClgnEXs+mzLt5iZKtJSCT8hT5aAYUgJYqL86MV6eLEI80ZQTWTtQoDx/QQjJosv+bA/xo1VwVqmx7JOQD/Cjfy5qdHGv3GXdB81wcWUfpLfSGrCvxL7QudG61Ab7tJ+POrb9AKGltlUweNcCsrOjbKIZB3Pv0jYitYCoJf9gcV4nt3QA5IH5mlMRHtcqw3B0xx4hd1sWRMl1r5RbztGUYUi6MMFlF4EOkwkHKS3LxULJzJEtz0q8KhMqP64BnPNSdPv9hhZUrys0MGVwl1UvDueSLsPibarfDDwZSEUC7WIXGabKYYLsEwvy7ZiOpCeTEfMUBS9H7qWWwJkBrfk14aiGQ==]]></Encrypt>
</xml>


2015-11-12 21:41:00 debug :
------------
String:
account-ticket<xml>
    <AppId><![CDATA[wxe5b18b9bd7e3626b]]></AppId>
    <Encrypt><![CDATA[5DLcDiRrUHzqbsdLaentwZbj6gtTFai/ABjIAnvTnPAEOJt62hCkkVBzVIXxCvnJyjSoIZ/S2otNhhbRbYurzJaRU0ncrhL/ct/PiwpYiDqN/Z4tSOdwLmZ+5VJxXFfKMjt9WSRSZ7XDeUwtqtCpSdA670mMoLzDeGhDdwzepGlQCFo4VNV9HrfGhp6pBSe+pObwg3kfi57nYfPa5yM7pl4Rg7a3XUmWPNieBkcrm+sDGhVWXmbeeI/gJvUt9m/R7BJbC1K3lHGIwEuZAQve0yhwlBbezUUbN/8X5mJXcX86MGOT9R2ZsTUsEi79adEU9ch8HGsWb1SQuknSfLerTBxAcexKuSQUilobVWVdQjyNccDK7xb6FBmVkrA52sf/Pm9UM871er6iyuM86SnE2uNErbBFziOpA7Np3xAJl1Lqd3OWXsr6AurGDqZJdYbC5nkPDPztMOVz5dqeE/RbSw==]]></Encrypt>
</xml>


2015-11-12 21:51:04 debug :
------------
String:
account-ticket<xml>
    <AppId><![CDATA[wxe5b18b9bd7e3626b]]></AppId>
    <Encrypt><![CDATA[9Wbl9TPQJGw8/ajl1dhKqe2qYVI0dBPrj9BoHBYzeNFQcqU+V7UB/UepDW4kbite9OuDVOPLNKNUdHx2mmwxxcJ55880M1KAMsSvhGejmrHaX5Xm5IDZysfb2ykXQy30AmdnlC/ei+R2Dq/C8huh5TF9GDIBKkwFdtNbzu+uo3OkX0SfyYbwvnvMUg3buu7V0DDTOERbKa1wD5q1UKSYI5omWwPClA5OItEz94/WSCmR8zeVwQeRzTYqRZydIr3WsDF1PS/HR6CeXGuMzDHEg9eeomimeXAHsrTr5DbEYiDV+8O+7xsxpfNoHdRLmk7H7KGoLGUqSZkEzeQF0T8rwbfoBPkvyUxVUo7M9QwU4tKx/ITrCHiKXkgVAZAIgPY4HCckw2tcwtRuyYTXGvNlACcIluDZa1z2Fh8YyKTAlhLnKdXZOuvJJWrjz/EJzYCYa/kaYTBAJEJFLQlLaPPdPA==]]></Encrypt>
</xml>


2015-11-12 22:01:05 debug :
------------
String:
account-ticket<xml>
    <AppId><![CDATA[wxe5b18b9bd7e3626b]]></AppId>
    <Encrypt><![CDATA[vFcvECSmqf0R1EZ2Kglha2jiCwkJP1v8DLiW5Kckad49sVXE+d8ryiyEOZCGCjlDRFYPSIZlZkjRqceAzw0dQ+p3E5+daQnaUStmn3dWITFE92ptkqpxDHUVLMhAAxpiPQG5NsqfKP5sZUa9qYrbJ/dFTKd0kh1Bvpy2JStKLv08LQrxCDWTQd5SHLwtrPiK7OxOpdxt4wdVomH/n48e46mGGypz/hxkW+hl3FXynczOPfT3Jbu5IFRkx6czDq+NdtDKT9ZaGlKpXjA7bE9ZnsJyBc1gO9NHyWPoPpG9BsDSX4WJBHi8mzLKxV16k/8aSM4KZD5KGxbsPL6dD44BIRJmg9ggHT/sss+E8f/bRXFjZGue8Z+PDXLFanhxKlii4CUGmVb9rWU25x8uF0iaLZMalWBSpznq3fJatfsYOmfqdXq5L0yJkJ02FVgtcQALf8H6JboUi5y7t5Acblnkqg==]]></Encrypt>
</xml>


2015-11-12 22:41:06 debug :
------------
String:
account-ticket<xml>
    <AppId><![CDATA[wxe5b18b9bd7e3626b]]></AppId>
    <Encrypt><![CDATA[WyQ4SDc9LiKg3nnFjmdF+UeyFEqAu0RvkEdDmCgREWsdlAiDtKQ6Q4Q+VUnfTDZxRNg9867tQvFlG/P6teAZiVeF5ldoziVQjNVnOHfJ0rvF4AV4Le9+gkSsQ57zM65FyDvl9XR8mvNCIsK98pHbgj7tqqxHDfr44aHmURKID2vui38UAFaCECgxwfRsfRMxOy80El8/JyH1I0RRPUv5+xZxH7Q0ZdBB3MCOFFyGLs3C6tFKB7etsAazDxaeUuKglsnLyE3JiM6vP7HyY+5+fM7YhDytNoB0uwbkPhJuhlwDDXr4vnjoSBo/TT2+cTmaBtnyzyhHfZ4DI/8zEg6rZ3gL0B5h3ezILHATxGYIVGx7AjF8GCBJR0gIK/Oy79706/2+nWZEezGMr78ZyChvzoA2FvDIvgF0SxI4hC/bC4ecnSCCW7SuHTgvDvJs2zWCNjMzKQuMA9Dk6DorGcnrHg==]]></Encrypt>
</xml>


2015-11-12 23:01:03 debug :
------------
String:
account-ticket<xml>
    <AppId><![CDATA[wxe5b18b9bd7e3626b]]></AppId>
    <Encrypt><![CDATA[QU4f5NyK9n9ek5tT5swPK6dEkPbffxEfmBRi7ZJGhukaQ9vWCir5zleuT34qXP1mUHmcWAmKCyeg/sG5isyt8KZy70vB57TwviJh9109ExSpO6MI8s1wFkb4FGv7mxM0woProqO4RGIM5RWOXhTPDtUBzckPgFnzr1sy6LTEW2iadXHoqKxPx/jvgFW2BAOgs8WwYPiiMfYWi6kPF03XNkyjUmnyLI6p4m9Cgs7Gvh7MgEnTkSPH+zU7YiOoLlNDywCGDiD3Tp6aRm27uNNu6GbZAAjSpIfrX5Qv6so0+zJFPL+vvgciK2cnBcQ00p4gI7M4c15I3o0l/zq1XeTy2ztlNMiVwL5291VRbgXExA+QFV+ny8kUscgaVWIQO33FHDE0GfLgDOSlIUD1ak7zCK4a2ddi18/eyV+9Pj4zPaNeDzo9Til2pp1GTWGvXAj6QH9l4OykblXvnolDEpX1gA==]]></Encrypt>
</xml>


2015-11-12 23:11:03 debug :
------------
String:
account-ticket<xml>
    <AppId><![CDATA[wxe5b18b9bd7e3626b]]></AppId>
    <Encrypt><![CDATA[Xgu3lnQjpCwym7wVsn1c2bgfX3+05QcluZnFD8Nd7WIFc+jjcfPGUeTogHn6rIOjq4s3IqULCeZ89rEJm3uLm7QNOJB7d/cEF77sc6m+WwGryjnDvTsbS71Y77mfjpSD/EDIIu/Cf5I9U4wzTf2xNJhA4xFQwYn+y2hKJxfIkhL01+ewf0vJuh3/y5PbceROdrPyjEE0m8wR4tJLVmN5tlX6N/m/F5kWmeCY/7stTVtpgG31gzglQ3LC/bZbL1VJnfTGRe3B1TCVeWrY4TqMhgj6J8phJopeiWabYHsYOR5CKLvvlbcAgppJYVcwZuCRhQ2zCm6E4Y/Pf/pJ/WABaeS49++m6VK3UWcsIh8T7AbRU032L4PmIjZmT+R2HDoIkgQUomkh7d+4dpqSlvJOZFhAGfENWEJSjh70V/AM+yaupLswuc0+7eJUA3o3mmTogYSwsVnV7yLZMn5YYRoXsg==]]></Encrypt>
</xml>


2015-11-12 23:21:02 debug :
------------
String:
account-ticket<xml>
    <AppId><![CDATA[wxe5b18b9bd7e3626b]]></AppId>
    <Encrypt><![CDATA[vDrZ7hh7GxiQDALWaF02DL9B90VEEkj0R35Eg+aUr8BklmxVzdvpyZuprZC6HL2V0YqU7QpvGqKqINImIIapOmxDzyDUHfQ/WLzdkWqZ4MOnC9wuDsLS49E7H+zxLJjHsRM8j8B8ZQ5rBgwbSMrB4pKXoc7Y40MEN7bIJj4ZwNeFEfYFkZlVaDoiLdHFYFRUj8OedljZFORa9bI+3e414IVAsOe5xMBuMcjFUPz22+V5/RJ6Gy0cvpt/+JwOumUJvFKLSPjkXp25D4L8+f82GdpUKqrPZauvBYZ2cH2UCDkx0RMP5ZtOzG348x312/m19BjLDAV67ab2Zc0SiKR0hadOLy89vlmtrMcUDbdg3dNp6V8WeWxP4j5XqhPfK8IlJypy/Vk9NCxJt42u41F++nZU3mzOKzZZvURgFZFvKfm/R3XF112Z/uk7iwNGKb3fVTkkige6FWeiSxwW1ubYOw==]]></Encrypt>
</xml>


2015-11-12 23:31:02 debug :
------------
String:
account-ticket<xml>
    <AppId><![CDATA[wxe5b18b9bd7e3626b]]></AppId>
    <Encrypt><![CDATA[s9Gda8hklWWtTI4DYA6Qnfh+wySQY7vXy211YXmu5+YuFA+O33gU3p8aKWdlSBnLOTvew/jmR6otF//4eYkXh6HUT96kSb1Neqq44fn+qtB1FcPjsHZz6ci73mZPFOupQCH67meA09j61zd6eRD4BqHcH05LLJDEGrnWP0sQ4v6zOvEmMT9aDycEPwJYlPvqvRXiqDTrB/a4b1GqAITf50b/6veo1AsLs2ZGqY2qYP6f7uaLRXGRnhIAnOuihg37umZXsAl0lHm1ShOFNjhQQn//MtewdKB1gedfohnYm1+PZYf+9LvpaHtNyGXYcRMzHdEf8OERaT9lpbtBAzaucRMZCkxLPvyj/qc2jQ1p8vESI7FBjySiFWxmSjDy4EFRoHxQV3FwzxrrXEVVLjUE+X3BwSeBDawPNEcsMhBCvwg+3xuZaB5ecPOUculcRKhm1c28GnxYiUKT4hwuI9RhMA==]]></Encrypt>
</xml>


2015-11-12 23:41:02 debug :
------------
String:
account-ticket<xml>
    <AppId><![CDATA[wxe5b18b9bd7e3626b]]></AppId>
    <Encrypt><![CDATA[B3YaYaUNvS1ifVeHyTfJpRAiNipf6efETt3DNS1ApkamnccAGMyEhyKuKzNvK6BEidTpsZu+gPQqiqBhSYxI/kSV5/p5TjWWsCBdeOP60/zsm2HrzqMtpa7tCy2TkI6hEgkwp5TGa6Mop6PZZc5t+zpibAyTW2OyIgbmButDv0k02BO1HmZl3ZbBXEx/SN+ON+7Fp3OiOGNtOCnBMHgzuQqcjX2KDkU18wsLBuIS8WvYO/Bau5nptjhdHG8B6pboiJ9CnEnHEM45IoJbYF535i1WHja+4ED89TdbLdRIiklEz/m/bel4WS+XhWQ4OTCAcLeTgDpJ2ODlJUaMI4xaa3qcSNU4x+qvMXaHs9zGMLzJrbK5HgjN1aGzGvRpBMIpRXMnjjqBCaqLn/9snoToZ8gGbrCL05fQPIXjA1nOY68bq3hDD4wmwb+mPwBcnn3O6Fnj9ie3BvBFTpUYJVJVww==]]></Encrypt>
</xml>


2015-11-12 23:51:01 debug :
------------
String:
account-ticket<xml>
    <AppId><![CDATA[wxe5b18b9bd7e3626b]]></AppId>
    <Encrypt><![CDATA[jjvvTKsYmhjVcd4+FortHhG1enUsMSxPt+Wx9AkXEgzUYkYDNf/fIuxLgWSyruhUCaq8AC5GWeAcSDJ8PQ6TCTLG/KLG1E20DazlnGHR2RH/jizdUxxgOEHcZpugUN6hYU7X283XABGOQok98lqRzZVjLRaLFAtAwGctYYjadWnCNsz6KVJNuLQ+GpNlAokInoZHPVAObHlvroTu3QjyEEwB6xEsyfxap0STLRhIbRsdj5CjOuI2nfBbhICB01AIxzUjCHA02uvVCbN0xyL/u4qZKVQKzywNiz2G80oR5ah2U5Q+AZ97azUZgmKfqWOLs4i/dJk0rTVLYpV2IT2f4iuya5cn7XwYVwarNZRgyd/vHzIv+fqLMLVRFFffIX789jSsa2xm/IL2JXoctxQ4JGkr5PoQK9xPO56bXHJ4TpEeE44D+/oDWCUiVyNo5PgwJvXhZs0zCAcs3/wiXfdWvw==]]></Encrypt>
</xml>


