2015-09-25 15:38:47 trace :
------------
Array:
from : ohwsCtxALncMJS0-B98tcv3bzhnA ;
to : gh_3d8df4f58672 ;
time : 1443166727 ;
type : event ;
event : subscribe ;
tousername : gh_3d8df4f58672 ;
fromusername : ohwsCtxALncMJS0-B98tcv3bzhnA ;
createtime : 1443166727 ;
msgtype : event ;
eventkey :  ;

2015-09-25 15:38:47 params :
------------
Array:
message : Array ;
module : news ;
rule : 9 ;
priority : 0 ;
keyword : Array ;

2015-09-25 15:38:47 response :
------------
Array:
FromUserName : gh_3d8df4f58672 ;
ToUserName : ohwsCtxALncMJS0-B98tcv3bzhnA ;
MsgType : news ;
ArticleCount : 1 ;
Articles : Array ;

