2015-10-14 09:05:36 trace :
------------
Array:
from : ohwsCt7o4YXQBMQbtyBFukkrmfVc ;
to : gh_3d8df4f58672 ;
time : 1444784736 ;
type : text ;
event :  ;
tousername : gh_3d8df4f58672 ;
fromusername : ohwsCt7o4YXQBMQbtyBFukkrmfVc ;
createtime : 1444784736 ;
msgtype : text ;
content : 微助力 ;
msgid : 6205303191100303209 ;
redirection :  ;
source :  ;

2015-10-14 09:05:36 params :
------------
Array:
message : Array ;
module : mon_weishare ;
rule : 109 ;
priority : 0 ;
keyword : Array ;

2015-10-14 09:05:36 response :
------------
Array:
FromUserName : gh_3d8df4f58672 ;
ToUserName : ohwsCt7o4YXQBMQbtyBFukkrmfVc ;
MsgType : news ;
ArticleCount : 1 ;
Articles : Array ;

2015-10-14 09:13:16 trace :
------------
Array:
from : ohwsCtxALncMJS0-B98tcv3bzhnA ;
to : gh_3d8df4f58672 ;
time : 1444785196 ;
type : text ;
event :  ;
tousername : gh_3d8df4f58672 ;
fromusername : ohwsCtxALncMJS0-B98tcv3bzhnA ;
createtime : 1444785196 ;
msgtype : text ;
content : 嗯 ;
msgid : 6205305166785259860 ;
redirection :  ;
source :  ;

2015-10-14 09:13:16 params :
------------
Array:
message : Array ;
module : news ;
rule : 9 ;
priority : 0 ;
keyword : Array ;

2015-10-14 09:13:16 response :
------------
Array:
FromUserName : gh_3d8df4f58672 ;
ToUserName : ohwsCtxALncMJS0-B98tcv3bzhnA ;
MsgType : news ;
ArticleCount : 1 ;
Articles : Array ;

2015-10-14 09:40:38 trace :
------------
Array:
from : ohwsCtxALncMJS0-B98tcv3bzhnA ;
to : gh_3d8df4f58672 ;
time : 1444786837 ;
type : text ;
event :  ;
tousername : gh_3d8df4f58672 ;
fromusername : ohwsCtxALncMJS0-B98tcv3bzhnA ;
createtime : 1444786837 ;
msgtype : text ;
content : 肩周炎 ;
msgid : 6205312214826594147 ;
redirection :  ;
source :  ;

2015-10-14 09:40:38 params :
------------
Array:
message : Array ;
module : hl_periarthritis ;
rule : 143 ;
priority : 0 ;
keyword : Array ;

2015-10-14 09:40:38 response :
------------
Array:
FromUserName : gh_3d8df4f58672 ;
ToUserName : ohwsCtxALncMJS0-B98tcv3bzhnA ;
MsgType : news ;
ArticleCount : 1 ;
Articles : Array ;

2015-10-14 10:48:52 trace :
------------
Array:
from : ohwsCtxALncMJS0-B98tcv3bzhnA ;
to : gh_3d8df4f58672 ;
time : 1444790932 ;
type : text ;
event :  ;
tousername : gh_3d8df4f58672 ;
fromusername : ohwsCtxALncMJS0-B98tcv3bzhnA ;
createtime : 1444790932 ;
msgtype : text ;
content : 摇骰子 ;
msgid : 6205329802717674599 ;
redirection :  ;
source :  ;

2015-10-14 10:48:52 params :
------------
Array:
message : Array ;
module : hl_bbb ;
rule : 145 ;
priority : 0 ;
keyword : Array ;

2015-10-14 10:48:52 response :
------------
Array:
FromUserName : gh_3d8df4f58672 ;
ToUserName : ohwsCtxALncMJS0-B98tcv3bzhnA ;
MsgType : news ;
ArticleCount : 1 ;
Articles : Array ;

2015-10-14 10:52:01 trace :
------------
Array:
from : ohwsCt7o4YXQBMQbtyBFukkrmfVc ;
to : gh_3d8df4f58672 ;
time : 1444791120 ;
type : text ;
event :  ;
tousername : gh_3d8df4f58672 ;
fromusername : ohwsCt7o4YXQBMQbtyBFukkrmfVc ;
createtime : 1444791120 ;
msgtype : text ;
content : 统计 ;
msgid : 6205330610171526390 ;
redirection :  ;
source :  ;

2015-10-14 10:52:01 params :
------------
Array:
message : Array ;
module : news ;
rule : 9 ;
priority : 0 ;
keyword : Array ;

2015-10-14 10:52:01 response :
------------
Array:
FromUserName : gh_3d8df4f58672 ;
ToUserName : ohwsCt7o4YXQBMQbtyBFukkrmfVc ;
MsgType : news ;
ArticleCount : 1 ;
Articles : Array ;

2015-10-14 10:59:43 trace :
------------
Array:
from : ohwsCt7o4YXQBMQbtyBFukkrmfVc ;
to : gh_3d8df4f58672 ;
time : 1444791582 ;
type : text ;
event :  ;
tousername : gh_3d8df4f58672 ;
fromusername : ohwsCt7o4YXQBMQbtyBFukkrmfVc ;
createtime : 1444791582 ;
msgtype : text ;
content : 接力棒 ;
msgid : 6205332594446417585 ;
redirection :  ;
source :  ;

2015-10-14 10:59:43 params :
------------
Array:
message : Array ;
module : mon_baton ;
rule : 127 ;
priority : 0 ;
keyword : Array ;

2015-10-14 10:59:43 response :
------------
Array:
FromUserName : gh_3d8df4f58672 ;
ToUserName : ohwsCt7o4YXQBMQbtyBFukkrmfVc ;
MsgType : news ;
ArticleCount : 1 ;
Articles : Array ;

2015-10-14 11:11:55 trace :
------------
Array:
from : ohwsCt7o4YXQBMQbtyBFukkrmfVc ;
to : gh_3d8df4f58672 ;
time : 1444792315 ;
type : text ;
event :  ;
tousername : gh_3d8df4f58672 ;
fromusername : ohwsCt7o4YXQBMQbtyBFukkrmfVc ;
createtime : 1444792315 ;
msgtype : text ;
content : 来吧来吧 ;
msgid : 6205335742657446202 ;
redirection :  ;
source :  ;

2015-10-14 11:11:55 params :
------------
Array:
message : Array ;
module : ewei_comeon ;
rule : 125 ;
priority : 0 ;
keyword : Array ;

2015-10-14 11:11:55 response :
------------
Array:
FromUserName : gh_3d8df4f58672 ;
ToUserName : ohwsCt7o4YXQBMQbtyBFukkrmfVc ;
MsgType : news ;
ArticleCount : 1 ;
Articles : Array ;

2015-10-14 11:28:51 trace :
------------
Array:
from : ohwsCtxALncMJS0-B98tcv3bzhnA ;
to : gh_3d8df4f58672 ;
time : 1444793331 ;
type : text ;
event :  ;
tousername : gh_3d8df4f58672 ;
fromusername : ohwsCtxALncMJS0-B98tcv3bzhnA ;
createtime : 1444793331 ;
msgtype : text ;
content : 微信墙 ;
msgid : 6205340106344219837 ;
redirection :  ;
source :  ;

2015-10-14 11:28:51 params :
------------
Array:
message : Array ;
module : we7_wxwall ;
rule : 148 ;
priority : 0 ;
keyword : Array ;

2015-10-14 11:28:51 response :
------------
Array:
FromUserName : gh_3d8df4f58672 ;
ToUserName : ohwsCtxALncMJS0-B98tcv3bzhnA ;
MsgType : text ;
Content : 微信墙演示 ;

2015-10-14 11:35:13 trace :
------------
Array:
from : ohwsCtxALncMJS0-B98tcv3bzhnA ;
to : gh_3d8df4f58672 ;
time : 1444793713 ;
type : text ;
event :  ;
tousername : gh_3d8df4f58672 ;
fromusername : ohwsCtxALncMJS0-B98tcv3bzhnA ;
createtime : 1444793713 ;
msgtype : text ;
content : en
 ;
msgid : 6205341747021727271 ;
redirection :  ;
source :  ;

2015-10-14 11:35:13 params :
------------
Array:
message : Array ;
module : we7_wxwall ;
rule : 148 ;
priority : 0 ;
context : 1 ;

2015-10-14 11:35:13 response :
------------
Array:
FromUserName : gh_3d8df4f58672 ;
ToUserName : ohwsCtxALncMJS0-B98tcv3bzhnA ;
MsgType : text ;
Content : 微信墙演示 ;

2015-10-14 11:35:20 trace :
------------
Array:
from : ohwsCtxALncMJS0-B98tcv3bzhnA ;
to : gh_3d8df4f58672 ;
time : 1444793720 ;
type : text ;
event :  ;
tousername : gh_3d8df4f58672 ;
fromusername : ohwsCtxALncMJS0-B98tcv3bzhnA ;
createtime : 1444793720 ;
msgtype : text ;
content : 嗯 ;
msgid : 6205341777086498368 ;
redirection :  ;
source :  ;

2015-10-14 11:35:20 params :
------------
Array:
message : Array ;
module : we7_wxwall ;
rule : 148 ;
priority : 0 ;
context : 1 ;

2015-10-14 11:35:20 response :
------------
Array:
FromUserName : gh_3d8df4f58672 ;
ToUserName : ohwsCtxALncMJS0-B98tcv3bzhnA ;
MsgType : text ;
Content : 微信墙演示 ;

2015-10-14 11:35:32 trace :
------------
Array:
from : ohwsCtxALncMJS0-B98tcv3bzhnA ;
to : gh_3d8df4f58672 ;
time : 1444793732 ;
type : text ;
event :  ;
tousername : gh_3d8df4f58672 ;
fromusername : ohwsCtxALncMJS0-B98tcv3bzhnA ;
createtime : 1444793732 ;
msgtype : text ;
content : uhknknk ;
msgid : 6205341828626105935 ;
redirection :  ;
source :  ;

2015-10-14 11:35:32 params :
------------
Array:
message : Array ;
module : we7_wxwall ;
rule : 148 ;
priority : 0 ;
context : 1 ;

2015-10-14 11:35:32 response :
------------
Array:
FromUserName : gh_3d8df4f58672 ;
ToUserName : ohwsCtxALncMJS0-B98tcv3bzhnA ;
MsgType : text ;
Content : 微信墙演示 ;

2015-10-14 11:35:59 trace :
------------
Array:
from : ohwsCtxALncMJS0-B98tcv3bzhnA ;
to : gh_3d8df4f58672 ;
time : 1444793759 ;
type : text ;
event :  ;
tousername : gh_3d8df4f58672 ;
fromusername : ohwsCtxALncMJS0-B98tcv3bzhnA ;
createtime : 1444793759 ;
msgtype : text ;
content : 男男女女吧 ;
msgid : 6205341944590222956 ;
redirection :  ;
source :  ;

2015-10-14 11:35:59 params :
------------
Array:
message : Array ;
module : we7_wxwall ;
rule : 148 ;
priority : 0 ;
context : 1 ;

2015-10-14 11:35:59 response :
------------
Array:
FromUserName : gh_3d8df4f58672 ;
ToUserName : ohwsCtxALncMJS0-B98tcv3bzhnA ;
MsgType : text ;
Content : 微信墙演示 ;

2015-10-14 11:37:04 trace :
------------
Array:
from : ohwsCtxALncMJS0-B98tcv3bzhnA ;
to : gh_3d8df4f58672 ;
time : 1444793824 ;
type : text ;
event :  ;
tousername : gh_3d8df4f58672 ;
fromusername : ohwsCtxALncMJS0-B98tcv3bzhnA ;
createtime : 1444793824 ;
msgtype : text ;
content : 嗯 ;
msgid : 6205342223763097246 ;
redirection :  ;
source :  ;

2015-10-14 11:37:04 params :
------------
Array:
message : Array ;
module : we7_wxwall ;
rule : 148 ;
priority : 0 ;
context : 1 ;

2015-10-14 11:37:04 response :
------------
Array:
FromUserName : gh_3d8df4f58672 ;
ToUserName : ohwsCtxALncMJS0-B98tcv3bzhnA ;
MsgType : text ;
Content : 微信墙演示 ;

2015-10-14 11:37:57 trace :
------------
Array:
from : ohwsCt7o4YXQBMQbtyBFukkrmfVc ;
to : gh_3d8df4f58672 ;
time : 1444793877 ;
type : text ;
event :  ;
tousername : gh_3d8df4f58672 ;
fromusername : ohwsCt7o4YXQBMQbtyBFukkrmfVc ;
createtime : 1444793877 ;
msgtype : text ;
content : 嗯 ;
msgid : 6205342451396363979 ;
redirection :  ;
source :  ;

2015-10-14 11:37:57 params :
------------
Array:
message : Array ;
module : news ;
rule : 9 ;
priority : 0 ;
keyword : Array ;

2015-10-14 11:37:57 response :
------------
Array:
FromUserName : gh_3d8df4f58672 ;
ToUserName : ohwsCt7o4YXQBMQbtyBFukkrmfVc ;
MsgType : news ;
ArticleCount : 1 ;
Articles : Array ;

2015-10-14 11:38:10 trace :
------------
Array:
from : ohwsCtxALncMJS0-B98tcv3bzhnA ;
to : gh_3d8df4f58672 ;
time : 1444793890 ;
type : text ;
event :  ;
tousername : gh_3d8df4f58672 ;
fromusername : ohwsCtxALncMJS0-B98tcv3bzhnA ;
createtime : 1444793890 ;
msgtype : text ;
content : 咯路 ;
msgid : 6205342507230938836 ;
redirection :  ;
source :  ;

2015-10-14 11:38:10 params :
------------
Array:
message : Array ;
module : we7_wxwall ;
rule : 148 ;
priority : 0 ;
context : 1 ;

2015-10-14 11:38:10 response :
------------
Array:
FromUserName : gh_3d8df4f58672 ;
ToUserName : ohwsCtxALncMJS0-B98tcv3bzhnA ;
MsgType : text ;
Content : 微信墙演示 ;

2015-10-14 11:39:36 trace :
------------
Array:
from : ohwsCtxALncMJS0-B98tcv3bzhnA ;
to : gh_3d8df4f58672 ;
time : 1444793976 ;
type : text ;
event :  ;
tousername : gh_3d8df4f58672 ;
fromusername : ohwsCtxALncMJS0-B98tcv3bzhnA ;
createtime : 1444793976 ;
msgtype : text ;
content : 哦哦 ;
msgid : 6205342876598126428 ;
redirection :  ;
source :  ;

2015-10-14 11:39:36 params :
------------
Array:
message : Array ;
module : we7_wxwall ;
rule : 148 ;
priority : 0 ;
context : 1 ;

2015-10-14 11:39:36 response :
------------
Array:
FromUserName : gh_3d8df4f58672 ;
ToUserName : ohwsCtxALncMJS0-B98tcv3bzhnA ;
MsgType : text ;
Content : 微信墙演示 ;

2015-10-14 11:42:01 trace :
------------
Array:
from : ohwsCtxALncMJS0-B98tcv3bzhnA ;
to : gh_3d8df4f58672 ;
time : 1444794121 ;
type : event ;
event : subscribe ;
tousername : gh_3d8df4f58672 ;
fromusername : ohwsCtxALncMJS0-B98tcv3bzhnA ;
createtime : 1444794121 ;
msgtype : event ;
eventkey :  ;

2015-10-14 11:42:01 params :
------------
Array:
message : Array ;
module : news ;
rule : 9 ;
priority : 0 ;
keyword : Array ;

2015-10-14 11:42:01 response :
------------
Array:
FromUserName : gh_3d8df4f58672 ;
ToUserName : ohwsCtxALncMJS0-B98tcv3bzhnA ;
MsgType : news ;
ArticleCount : 1 ;
Articles : Array ;

2015-10-14 11:42:08 trace :
------------
Array:
from : ohwsCtxALncMJS0-B98tcv3bzhnA ;
to : gh_3d8df4f58672 ;
time : 1444794128 ;
type : text ;
event :  ;
tousername : gh_3d8df4f58672 ;
fromusername : ohwsCtxALncMJS0-B98tcv3bzhnA ;
createtime : 1444794128 ;
msgtype : text ;
content : 嗯 ;
msgid : 6205343529433155585 ;
redirection :  ;
source :  ;

2015-10-14 11:42:08 params :
------------
Array:
message : Array ;
module : we7_wxwall ;
rule : 148 ;
priority : 0 ;
context : 1 ;

2015-10-14 11:42:08 response :
------------
Array:
FromUserName : gh_3d8df4f58672 ;
ToUserName : ohwsCtxALncMJS0-B98tcv3bzhnA ;
MsgType : text ;
Content : 微信墙演示 ;

2015-10-14 11:49:48 trace :
------------
Array:
from : ohwsCtxALncMJS0-B98tcv3bzhnA ;
to : gh_3d8df4f58672 ;
time : 1444794588 ;
type : text ;
event :  ;
tousername : gh_3d8df4f58672 ;
fromusername : ohwsCtxALncMJS0-B98tcv3bzhnA ;
createtime : 1444794588 ;
msgtype : text ;
content : 嗯 ;
msgid : 6205345505118112214 ;
redirection :  ;
source :  ;

2015-10-14 11:49:48 params :
------------
Array:
message : Array ;
module : we7_wxwall ;
rule : 148 ;
priority : 0 ;
context : 1 ;

2015-10-14 11:49:48 response :
------------
Array:
FromUserName : gh_3d8df4f58672 ;
ToUserName : ohwsCtxALncMJS0-B98tcv3bzhnA ;
MsgType : text ;
Content : 微信墙演示 ;

2015-10-14 11:50:54 trace :
------------
Array:
from : ohwsCtxALncMJS0-B98tcv3bzhnA ;
to : gh_3d8df4f58672 ;
time : 1444794654 ;
type : text ;
event :  ;
tousername : gh_3d8df4f58672 ;
fromusername : ohwsCtxALncMJS0-B98tcv3bzhnA ;
createtime : 1444794654 ;
msgtype : text ;
content : 退出 ;
msgid : 6205345788585953829 ;
redirection :  ;
source :  ;

2015-10-14 11:50:54 params :
------------
Array:
message : Array ;
module : we7_wxwall ;
rule : 148 ;
priority : 0 ;
context : 1 ;

2015-10-14 11:50:54 response :
------------
Array:
FromUserName : gh_3d8df4f58672 ;
ToUserName : ohwsCtxALncMJS0-B98tcv3bzhnA ;
MsgType : text ;
Content : 微信墙演示 ;

2015-10-14 11:52:14 trace :
------------
Array:
from : ohwsCtxALncMJS0-B98tcv3bzhnA ;
to : gh_3d8df4f58672 ;
time : 1444794734 ;
type : text ;
event :  ;
tousername : gh_3d8df4f58672 ;
fromusername : ohwsCtxALncMJS0-B98tcv3bzhnA ;
createtime : 1444794734 ;
msgtype : text ;
content : 墙 ;
msgid : 6205346132183337610 ;
redirection :  ;
source :  ;

2015-10-14 11:52:14 params :
------------
Array:
message : Array ;
module : news ;
rule : 9 ;
priority : 0 ;
keyword : Array ;

2015-10-14 11:52:14 response :
------------
Array:
FromUserName : gh_3d8df4f58672 ;
ToUserName : ohwsCtxALncMJS0-B98tcv3bzhnA ;
MsgType : news ;
ArticleCount : 1 ;
Articles : Array ;

2015-10-14 11:52:33 trace :
------------
Array:
from : ohwsCtxALncMJS0-B98tcv3bzhnA ;
to : gh_3d8df4f58672 ;
time : 1444794753 ;
type : text ;
event :  ;
tousername : gh_3d8df4f58672 ;
fromusername : ohwsCtxALncMJS0-B98tcv3bzhnA ;
createtime : 1444794753 ;
msgtype : text ;
content : 嗯呢 ;
msgid : 6205346213787716251 ;
redirection :  ;
source :  ;

2015-10-14 11:52:33 params :
------------
Array:
message : Array ;
module : news ;
rule : 9 ;
priority : 0 ;
keyword : Array ;

2015-10-14 11:52:33 response :
------------
Array:
FromUserName : gh_3d8df4f58672 ;
ToUserName : ohwsCtxALncMJS0-B98tcv3bzhnA ;
MsgType : news ;
ArticleCount : 1 ;
Articles : Array ;

2015-10-14 14:17:08 trace :
------------
Array:
from : ohwsCtxALncMJS0-B98tcv3bzhnA ;
to : gh_3d8df4f58672 ;
time : 1444803428 ;
type : text ;
event :  ;
tousername : gh_3d8df4f58672 ;
fromusername : ohwsCtxALncMJS0-B98tcv3bzhnA ;
createtime : 1444803428 ;
msgtype : text ;
content : 摇一摇拔河 ;
msgid : 6205383472629016398 ;
redirection :  ;
source :  ;

2015-10-14 14:17:08 params :
------------
Array:
message : Array ;
module : news ;
rule : 9 ;
priority : 0 ;
keyword : Array ;

2015-10-14 14:17:08 response :
------------
Array:
FromUserName : gh_3d8df4f58672 ;
ToUserName : ohwsCtxALncMJS0-B98tcv3bzhnA ;
MsgType : news ;
ArticleCount : 1 ;
Articles : Array ;

2015-10-14 14:17:28 trace :
------------
Array:
from : ohwsCtxALncMJS0-B98tcv3bzhnA ;
to : gh_3d8df4f58672 ;
time : 1444803448 ;
type : text ;
event :  ;
tousername : gh_3d8df4f58672 ;
fromusername : ohwsCtxALncMJS0-B98tcv3bzhnA ;
createtime : 1444803448 ;
msgtype : text ;
content : 摇一摇拔河 ;
msgid : 6205383558528362337 ;
redirection :  ;
source :  ;

2015-10-14 14:17:28 params :
------------
Array:
message : Array ;
module : news ;
rule : 9 ;
priority : 0 ;
keyword : Array ;

2015-10-14 14:17:28 response :
------------
Array:
FromUserName : gh_3d8df4f58672 ;
ToUserName : ohwsCtxALncMJS0-B98tcv3bzhnA ;
MsgType : news ;
ArticleCount : 1 ;
Articles : Array ;

2015-10-14 14:17:55 trace :
------------
Array:
from : ohwsCtxALncMJS0-B98tcv3bzhnA ;
to : gh_3d8df4f58672 ;
time : 1444803475 ;
type : text ;
event :  ;
tousername : gh_3d8df4f58672 ;
fromusername : ohwsCtxALncMJS0-B98tcv3bzhnA ;
createtime : 1444803475 ;
msgtype : text ;
content : 摇一摇拨河 ;
msgid : 6205383674492479350 ;
redirection :  ;
source :  ;

2015-10-14 14:17:55 params :
------------
Array:
message : Array ;
module : hl_tug ;
rule : 151 ;
priority : 0 ;
keyword : Array ;

2015-10-14 14:17:55 response :
------------
Array:
FromUserName : gh_3d8df4f58672 ;
ToUserName : ohwsCtxALncMJS0-B98tcv3bzhnA ;
MsgType : news ;
ArticleCount : 1 ;
Articles : Array ;

2015-10-14 14:35:02 trace :
------------
Array:
from : ohwsCtxALncMJS0-B98tcv3bzhnA ;
to : gh_3d8df4f58672 ;
time : 1444804502 ;
type : text ;
event :  ;
tousername : gh_3d8df4f58672 ;
fromusername : ohwsCtxALncMJS0-B98tcv3bzhnA ;
createtime : 1444804502 ;
msgtype : text ;
content : 哦哦 ;
msgid : 6205388085423893041 ;
redirection :  ;
source :  ;

2015-10-14 14:35:02 params :
------------
Array:
message : Array ;
module : news ;
rule : 9 ;
priority : 0 ;
keyword : Array ;

2015-10-14 14:35:02 response :
------------
Array:
FromUserName : gh_3d8df4f58672 ;
ToUserName : ohwsCtxALncMJS0-B98tcv3bzhnA ;
MsgType : news ;
ArticleCount : 1 ;
Articles : Array ;

2015-10-14 14:36:13 trace :
------------
Array:
from : ohwsCtxALncMJS0-B98tcv3bzhnA ;
to : gh_3d8df4f58672 ;
time : 1444804573 ;
type : text ;
event :  ;
tousername : gh_3d8df4f58672 ;
fromusername : ohwsCtxALncMJS0-B98tcv3bzhnA ;
createtime : 1444804573 ;
msgtype : text ;
content : 英雄联盟
 ;
msgid : 6205388390366571085 ;
redirection :  ;
source :  ;

2015-10-14 14:36:13 params :
------------
Array:
message : Array ;
module : news ;
rule : 9 ;
priority : 0 ;
keyword : Array ;

2015-10-14 14:36:13 response :
------------
Array:
FromUserName : gh_3d8df4f58672 ;
ToUserName : ohwsCtxALncMJS0-B98tcv3bzhnA ;
MsgType : news ;
ArticleCount : 1 ;
Articles : Array ;

2015-10-14 14:36:23 trace :
------------
Array:
from : ohwsCtxALncMJS0-B98tcv3bzhnA ;
to : gh_3d8df4f58672 ;
time : 1444804583 ;
type : text ;
event :  ;
tousername : gh_3d8df4f58672 ;
fromusername : ohwsCtxALncMJS0-B98tcv3bzhnA ;
createtime : 1444804583 ;
msgtype : text ;
content : 英雄联盟 ;
msgid : 6205388433316244055 ;
redirection :  ;
source :  ;

2015-10-14 14:36:23 params :
------------
Array:
message : Array ;
module : meepo_sexy ;
rule : 154 ;
priority : 0 ;
keyword : Array ;

2015-10-14 14:36:23 response :
------------
Array:
FromUserName : gh_3d8df4f58672 ;
ToUserName : ohwsCtxALncMJS0-B98tcv3bzhnA ;
MsgType : text ;
Content : error ;

2015-10-14 14:36:46 trace :
------------
Array:
from : ohwsCtxALncMJS0-B98tcv3bzhnA ;
to : gh_3d8df4f58672 ;
time : 1444804605 ;
type : text ;
event :  ;
tousername : gh_3d8df4f58672 ;
fromusername : ohwsCtxALncMJS0-B98tcv3bzhnA ;
createtime : 1444804605 ;
msgtype : text ;
content : 英雄联盟 ;
msgid : 6205388527805524587 ;
redirection :  ;
source :  ;

2015-10-14 14:36:46 params :
------------
Array:
message : Array ;
module : meepo_sexy ;
rule : 154 ;
priority : 0 ;
keyword : Array ;

2015-10-14 14:36:46 response :
------------
Array:
FromUserName : gh_3d8df4f58672 ;
ToUserName : ohwsCtxALncMJS0-B98tcv3bzhnA ;
MsgType : text ;
Content : error ;

2015-10-14 14:39:25 trace :
------------
Array:
from : ohwsCtxALncMJS0-B98tcv3bzhnA ;
to : gh_3d8df4f58672 ;
time : 1444804765 ;
type : text ;
event :  ;
tousername : gh_3d8df4f58672 ;
fromusername : ohwsCtxALncMJS0-B98tcv3bzhnA ;
createtime : 1444804765 ;
msgtype : text ;
content : 周边商户 ;
msgid : 6205389215000292043 ;
redirection :  ;
source :  ;

2015-10-14 14:39:25 params :
------------
Array:
message : Array ;
module : news ;
rule : 9 ;
priority : 0 ;
keyword : Array ;

2015-10-14 14:39:25 response :
------------
Array:
FromUserName : gh_3d8df4f58672 ;
ToUserName : ohwsCtxALncMJS0-B98tcv3bzhnA ;
MsgType : news ;
ArticleCount : 1 ;
Articles : Array ;

2015-10-14 14:40:19 trace :
------------
Array:
from : ohwsCtxALncMJS0-B98tcv3bzhnA ;
to : gh_3d8df4f58672 ;
time : 1444804819 ;
type : text ;
event :  ;
tousername : gh_3d8df4f58672 ;
fromusername : ohwsCtxALncMJS0-B98tcv3bzhnA ;
createtime : 1444804819 ;
msgtype : text ;
content : 普通话 ;
msgid : 6205389446928526067 ;
redirection :  ;
source :  ;

2015-10-14 14:40:19 params :
------------
Array:
message : Array ;
module : cover ;
rule : 144 ;
priority : 0 ;
keyword : Array ;

2015-10-14 14:40:19 response :
------------
Array:
FromUserName : gh_3d8df4f58672 ;
ToUserName : ohwsCtxALncMJS0-B98tcv3bzhnA ;
MsgType : news ;
ArticleCount : 1 ;
Articles : Array ;

2015-10-14 15:06:43 trace :
------------
Array:
from : ohwsCtxALncMJS0-B98tcv3bzhnA ;
to : gh_3d8df4f58672 ;
time : 1444806403 ;
type : text ;
event :  ;
tousername : gh_3d8df4f58672 ;
fromusername : ohwsCtxALncMJS0-B98tcv3bzhnA ;
createtime : 1444806403 ;
msgtype : text ;
content : 二手市场 ;
msgid : 6205396250156723929 ;
redirection :  ;
source :  ;

2015-10-14 15:06:43 params :
------------
Array:
message : Array ;
module : thinkidea_secondmarket ;
rule : 155 ;
priority : 0 ;
keyword : Array ;

2015-10-14 15:06:43 response :
------------
Array:
FromUserName : gh_3d8df4f58672 ;
ToUserName : ohwsCtxALncMJS0-B98tcv3bzhnA ;
MsgType : news ;
ArticleCount : 1 ;
Articles : Array ;

