2015-11-26 00:01:04 debug :
------------
String:
account-ticket<xml>
    <AppId><![CDATA[wxe5b18b9bd7e3626b]]></AppId>
    <Encrypt><![CDATA[KJE3i1IKEG+KOpg6fLY8FH+dUB1zxMLZBKepPTGgCIhzLjBRwz+I6bLrgTfb8oBfRHwMddvdf90KAF+aE6pyhdP8OgOfqfdSkCu2UIAmsJTy1ml/OfG8WyOL5uEF7QHxOQPnEEyRMc0OYHcRDeWuMP4UYjSb82/id60OjSbWZ267EI4+7Wf18FvvmCQEaE12PNYpzLNs1S+tfeMyJSKcABkbyMoUKXpq6OBHgfqUkcPVbJMcCdZnlSXz1uPMtROPeb4aB0UeTctN6SwBks3nPVkOt0GYKN0F4pxpm6ZKNHjZU65xIR0AiPFgZjIvcPepJe16jCqzhwXsbMZ8INmO3U2Uu/RE0EoEC7MfmrW8PiZo4fDTe8kQkFXGqQ+oXNFF9IuWKy2FG7oc9CouHP+m1gsVqkV7E9nFDLiUOUr55mnySn2w0RZ6bVCrnTgrw+E3RYwqiLzV6mz5t/atxPcLCg==]]></Encrypt>
</xml>


2015-11-26 00:11:01 debug :
------------
String:
account-ticket<xml>
    <AppId><![CDATA[wxe5b18b9bd7e3626b]]></AppId>
    <Encrypt><![CDATA[kMvl1jgQqfdY4AqEdBlAwTqAXcCNArSIOZ2+RgKKIYFN5gtbi0Vb+/TH+nEGgo3PQlCg29BNFT80M6vrVrJkM1JQ5JC4LkTZILUzX0gDtQaeJZ2IHHu9angoBR4XUbgT+oGrvTXbiigBMcQ5AOHghTY70jj5o7EsSEG9pZ3hmlU5AoEPggZ+9m3fqOElsKVquzRE27N+BjRXROwRKhxhW1/Ao9lzjyKsJH3z8keGQzvIYHE1bxHlGoOPrIsaDnoI2Sb+RICillWaO5qcGSUAGoQQFgd0lFXfNzevqbsVLhf7NB4j6q/TItJAz5lq3F94EkbHcq3v10x8Ripih7aQ+Bv+RdH8sUM7PaYsGWvdzo+mwLoR40AHRJ8WBa+SqI6AMAhZ54yKYPjunEziRCxHH4duOHVkLiOzZ0RS+a4nUBZkL5uMxp6+unD7NgWnzD5GPUx1bGlF4XYiPYGjAn5m6w==]]></Encrypt>
</xml>


2015-11-26 00:21:00 debug :
------------
String:
account-ticket<xml>
    <AppId><![CDATA[wxe5b18b9bd7e3626b]]></AppId>
    <Encrypt><![CDATA[nCArrZFObPZcnYxiWdRhohEYDk6rSZQxCHJrPkIglzNlEpspMM3SBQ3hTrUOVbQCReC9rkb95ljvX6PRx18krpef27r0zeij1+veePxGR4Eo7rRQ7+pv82ktjNc5RWAq4CxN2/Q54R8G1vto8OAw4slVa25y8W3SdNEsktWMuJnlhF36ca9/Ygr38RrLFjgCAfS/7MRE7uFAsz7912qegP7rEsNuUS6mqKC+B/jaJ0Eq8HrEe27DucklSDU+1i5K6fRV7MI4RjyFUdvApGY4qWOBY/kGyu/ccsRkmS0Xx0aR3boHdNZr74OplvsMwjipBbzzr3dPhJWIrRHiJwxRNEWQU5iVTrm2dilF7rLJwfPRz8yVLb+qac2AlSoIIX8h6JvK6rpVcTPzCISSGFFKpTnqtTPqMFllNBBdAWeDPbqFeRBVvNYeT1w3LlQo+VUXex4dkoZnBHeETTvddLypAw==]]></Encrypt>
</xml>


2015-11-26 00:31:01 debug :
------------
String:
account-ticket<xml>
    <AppId><![CDATA[wxe5b18b9bd7e3626b]]></AppId>
    <Encrypt><![CDATA[Ia5b4cjRUIJO3f7cnYR7gflTrf9mMUc0A0PvnTXA/VhFkCMQt0XqAewYUJABDHa+3/CBf+kt9YMzvvpA8BDyGo3iSJfWZoZv5IqxjV7dq6mXUmGdj5bMkkUrSiLGucu4nKkmMVJCF8WbMPGXTwhRiQie5wlWz7cD0VJxsi9ttQ3V0TkImmIsnfdkNEr5kX1garN+PvPRTz6G92QIrueBEPidNCTc+OvZScAnCYYS+YfIOE6fzy0OM5X/Zi2Q0WPNy3vxIMMRQ208flFJif31MHiuDk0qvVRuIB+NB2vDqoNawtfA6UMJ9FjLT9JqMLYAaORidwDBVeJHe0/Pzg7a5m65z0toFWtd0l7bzfRzhr5iQuT9HsbMkSU1gF3Iu++s0Q8++Zdir3SWx/Z4DxhFa4IYKaEhKBXiBrTn4kWrDqsrGhXJLyMc90HU87xg37IMpJE0LCGksPaux3yZ1LKFwA==]]></Encrypt>
</xml>


2015-11-26 00:41:00 debug :
------------
String:
account-ticket<xml>
    <AppId><![CDATA[wxe5b18b9bd7e3626b]]></AppId>
    <Encrypt><![CDATA[AJh9mZVZShSPgU6YMzb5GQ+DhVzFBIzRjmiQ6RdSUlTI3OA7UJv8aRAcuR+MlUrV4IRrS+snVF34GpK11K2Uwm5CcdH6L1nnLwFKQYRudIEtPdjMogbkUDYPaTlhiA4oTU+zuE4n2EQVWpRklXa1C1oaPx+PHDHB1tCdtSdSmhhApOt2h8u81C47IzoLmWBEXIgxjyCGjbwSAVTrFRyIWuReJqTN3qe+laFxZ+KzzEwuQBykdnYRYx4BuJHpDNYzxYuOcGG5iFu+0NhswetpqVO+Bnu/wBJWZoZ7p13czGC+9EhD3sb+JOzP/Q2lXXdNfBy8+HRA7DDkUjtSN7cx1IYGqEfM8DxXYYRuO/BTMb5aWb5NzdrMyFnblVXkU3B5L+qJ5nNuWTRyPVVgHURsOBfi+vRSj474Pql4OjGMwEOWrdErdFLATM9iugJhdf/aOO8jZnNFMg2w9O/RgLzdng==]]></Encrypt>
</xml>


2015-11-26 00:50:59 debug :
------------
String:
account-ticket<xml>
    <AppId><![CDATA[wxe5b18b9bd7e3626b]]></AppId>
    <Encrypt><![CDATA[x5N6ILTuQVfbuKwlzNjX1rIrvAjm/7zFKaqohL9HdjtUL6zRYuT8FSPN7kiqzwg/893B55077HTAdtcF1VslKA8UtafeuhvtKWUMZ9rKVMgIkDNpZFkvkaKu4CeKc46+RSpeP4uHseHw+HaJCSSLUgBoIFo+sH2PZAFr4xPFHzVAjOxrpR5hVUkA9w0RKjkBISI/aEVoN7D9QAg84R+8kZM0uPaXepj/zKuOx765WWuCKBodnmOBF2Dcr/JhvxQyie1+Ot7xmaJ98vTU0maXt5WfckLfuukYJkaY0QOGGsMs/a9p2Q3eK5Vr7R709hsTKIfYKGkqKyjIHvmROZS6h8pOg7kEvSuGeBW0PAMqE4BI+PLWwWfDKYwbmY6mZhBr0lFQtOueEW1/zy3w5A5b/RHWqr9i39LP99rzHm3PtoWxjZjdJh7n11kBJrVTagc4Y1HG3w2k4AqSYK3v0vwe8Q==]]></Encrypt>
</xml>


2015-11-26 01:00:59 debug :
------------
String:
account-ticket<xml>
    <AppId><![CDATA[wxe5b18b9bd7e3626b]]></AppId>
    <Encrypt><![CDATA[iZeR+8PFvc1NFIo1gYixRjky/dO+bDS7AQpvxzrbIAn5qb8RdUTnSajJsqmYb1DbWGY1CByaN3rhCPl1Vghk2UXSCmhGr0YHZllQ5pPfiT1I9kvpWV6f9G+DDaTL0zf94eUKWX3cbde3WT4gCyg7VSl4Ni1J5wTZeqRqk3LuXGWMDFswJdEbplX9ig2aAbZhdU41GLd3Rp91e4XcYwsX8ACycYZJ3oMVzUHwiQ+meTCPtSAwc6ISs9Lc+AAK5aW5HD8XaS4FvAhaJyA7hTzLCI069hrthxI1UKQshuwUb8Ki4uQKvDjpDezOnm9GvHqvfuHJTZYvH+JeLSFWlQBDwgPkGa0VP09iA7zROO6fSKaBuK1Drr79GsZO0PvhUDRVFysLU4BFf2XjfRT7J+RSY25+bqcNIgHv+f/EtnbLLnKPhUk7e5dluARl1NaV2i9RCJZ5gToKz+mcnyYxHE4itA==]]></Encrypt>
</xml>


2015-11-26 01:11:00 debug :
------------
String:
account-ticket<xml>
    <AppId><![CDATA[wxe5b18b9bd7e3626b]]></AppId>
    <Encrypt><![CDATA[FFMP4aGRqP9iO6Gc6CAkxt9jqplDfDzYA52qbgNGs+RMXTQ3ttBaSO0yPitmVvMcwTzvG/PUlexVvAvEZsFIBM4k2kxmqRAEeBy4aatzN2hZjBdibU3fj83NcGjVf3hVDHgbcABxWfCxIouc1rt6nBPIqW/pGk86uxEt9w6exiqE3MXYzol9oD1FTdoTnUE4OV7sTJRw/mLjoZ1i6jgBJxOeaPKkjXCe/GZbnOPdZEiN4RFBfQE9gQAMNZd8GDpF7LRcqMNuZljuTO2SqJQT2ublN5W2IOnQc5gPCbTGnZUBe4C/UwQc8j7bysq6vJ5l4qbv6k6mmvSpF03egJ13UYne5niTC624Odv/S5lSV1XXTVD2aj6tDkINKfTUkyA3yIUeh0LP/1IdS8kIAb/qbpfDO+enXkk/ca5zmQufJDAgPQfTZPMr82KT5jpRjWbRn9CuIBbjriSZMWYjJSO/4A==]]></Encrypt>
</xml>


2015-11-26 01:21:01 debug :
------------
String:
account-ticket<xml>
    <AppId><![CDATA[wxe5b18b9bd7e3626b]]></AppId>
    <Encrypt><![CDATA[xSJLXDuWR1lc70AgB/AWtb8RYJ0WNEbY1qi+mrQ62qxejeRITwSqbESPKEzyHE+1DFhPBJCMmk1J/41y/0yB6xCOcDD4WC/InGs0dOCH3uj7Rzqt5w6HUCq2AuU+hawvOwbd8glZ6/xi6dFTO+P6OEQ8YCEdPFEyDc23rAjYl5a0GlxdZ2ASqPdkIVT/aYiPnkJ+g4o9E9QdjyWCGm53zDtTg9HmX70Jfef86/yx+jO9EIz1EVtcWKBTX3J8YZBbrvLkJOBe5l3d7aFidPLXyCf+h5bcd46vE4aURg91QpZuCBQ3l/VSIugIN8s66U35MiKi8du2c07FZmtBWTeOhpHrt2BNebSOXA31mAqIc9UkVHUvOMreJ8iADywvfVSYxynQ/uXidX+EwsNj+sBFtQJ/XRHCyKD+lv0fCY+00z0UKF6804wtVIwLLJKm5gZapaGRrfrIX4n+WCMMJGDQ7A==]]></Encrypt>
</xml>


2015-11-26 01:31:01 debug :
------------
String:
account-ticket<xml>
    <AppId><![CDATA[wxe5b18b9bd7e3626b]]></AppId>
    <Encrypt><![CDATA[gJqkvS1rQxblxTpv0mtqC6sCwT2KlKsAx0luW01uJl4gW2idKP2Ky03uiDx4sfxudtXaXs3Onj7Fgp0oO4pBInfvQvK0Mnq2/ZCuB4nFlo5HKaqxmWykFDPjxu53H+wHAnzkLJeFc7apBx3QhU7z4L72mEyBQBkzteJyi1lss88DX/NWCjmz+E0T2CEfC1DAVyuf5YuYABj0VYqEty1P0uAweQ2sOFGbYtxOGZd0NMuNHamMVRV1rUEcJjYZPbdYkyYeBpbB0NQJAXMe+ZG7i6TDnz4Q0zBMQLZjlZLri/ZCD1IosAoZkDSf+5Mss3N5b0r0GbqtbUhotyv/6WT9VvhMWQJqTyYnjh+m9Q9UvdRzFyEG1ogSQd2NXfEf5Of7xWfZlNN589983wrUO3W4Qhc8q1WBH/uCuUhwLIKvZjw50yEzR8TUA7hI4rlaHENIPQ1u4XjSIwOklOnqU01+uw==]]></Encrypt>
</xml>


2015-11-26 01:41:00 debug :
------------
String:
account-ticket<xml>
    <AppId><![CDATA[wxe5b18b9bd7e3626b]]></AppId>
    <Encrypt><![CDATA[sbCILHhZgQaGJYkh1DD8+Jr+WUc+QMKcUtYkO3t26BQS/g5So1c787g0EFXqfM9/PE71nGd18q3HEdrRHVHZdNANFJglkUiLCFPNF62KyAX2Y8y69c3bxEfd6dJhL+8iUEooL32uLElI/y+4lwikZKVY2l2Fs/2luLoAj/9PvPgXu3WTyx2W/5VrmH8NxAE6txLEJbPwjb2r5NNbJX5LuwSZY7YRKfiTkq675CnjT8zVck0nOxCJO+ex1rFbyazODTnGnJyuDwGyBSgkmQLrAIsM2V+1Q0d1QRJH9QrgabCX/COu1AqMWOMhxazEMcTAGm7eZacQdXCM0PvNRlSeZIFxhWbFhzX+GFd5kHVcB7PUEC++++KTJKQLLP8T5TbcxWdAjBf/InrYz8plmX74Txpv0hSVx2R9yycKQpJy6hHz9dXj+Zd3ZbOr13eybby6bPHpdurNSZTcBPsXH8wW/Q==]]></Encrypt>
</xml>


2015-11-26 01:51:00 debug :
------------
String:
account-ticket<xml>
    <AppId><![CDATA[wxe5b18b9bd7e3626b]]></AppId>
    <Encrypt><![CDATA[JlREQ9ZN4vJrHqtnPpJsbhlaX/SjtN+ak429c3OZSJSLx/c8P2YjaeAxbyBV9DRjrNQqMtJFyfpNIO2muI0D41Ao9oct/HQ+HC8jWwvwX7PpslZ3lMKiEkfzAHDbhu/NYzpXW+ImTnRZJeudMQmdlWUeEE8hpeK+2Af/QO6MzRdh0+BcT5t8j9RJSUVZaSlXUfLfLw0mR/TP/aBpVAG+vZUBvcU66BN4kdf27u4mpVPtXiNGJnEYlcttSjdYDoHHE56NaSwM+YItCMiMarnb8VD2z/PZcDuqVcz4NRMKVppTfqR6DzgqtgE64L0f+wrsh7/jXZiUl8ufPviASaadqi71xCI3M7ZqUwIe2kM0dD5a7vh8p2M8omg7Rxrps7e101Dv32BCox8N6Ot+xe/8Tvd1uVnDHj3gud0KBUvE0DZoiGpdLpi2Ob0oondB09fOkjSs80Fu46FZnuq66ECXrw==]]></Encrypt>
</xml>


2015-11-26 02:00:58 debug :
------------
String:
account-ticket<xml>
    <AppId><![CDATA[wxe5b18b9bd7e3626b]]></AppId>
    <Encrypt><![CDATA[ZtmVk3Qg9IanBqbn68KzoBKDbDY7hSk24xWOcfimnLWbiRmltLZ2dhoRN3MWtSOcO0b1Vbn5SB/shaoDsqr5KrPJfcllrmjNn4l9gA4MtAl3AQUs/7z6WuiyMemmH6X7SJdP99RgmgC9BbcFQFdqDFlvGVPpOPkrkFerAK6CArrUjaFo78hq8wk+hhqnvfwd9v5GlrZEB0yGkmOBypppNWHfH0kCg+jZ0smq84OSfCMlke1Z7sWfmxOcHUWWZ3koQ02CCY06iJcJes9Mlj7DSSIVo9QXAMWX6ZOKwAdvkJhEEDbY2jou56YhAUQgZzXAmeEhT6uKDMinApNviV7ErLOYyIHqdaQf53HRYY343wZP6Wzt/auYk7U82hUbwrsk52B3ckS+qaXvZ4m56q1/SOvVfDhEW1tdxGfEIoJ53xcVxdxnBjSLBqK/Z9wqkDChuo8JA8aLTUEHeFc+p2QWPA==]]></Encrypt>
</xml>


2015-11-26 02:11:00 debug :
------------
String:
account-ticket<xml>
    <AppId><![CDATA[wxe5b18b9bd7e3626b]]></AppId>
    <Encrypt><![CDATA[Hw7u2jXj+ltFxi+54CqbkMgwaHfu4R9THvOeJy+AaKVB/VYHBv5LOBM6ZIbxkLzSwRdGBDrtK+UXxwAWDzCPTDsWl89ZqcDLnNKYykfK1/4b1e4aFokRrB/rpgn5UXMlK7VDEeEu6M8ARPvYJyx3nx6A17BfxZ7fOpKd0ERoK7jnNjx7KmFq/6tGgKymK3jgMYQ7pStWPSGFLpXhr2SLM36BxLKBOW3EfQi0TPpvkji8rTjmgsqkjwwtyzmbF/ktkx83HSMkiEd7VFCumBNFM0V4rwUwgya22BI6+Bw8vQFtER0PR4P5OuKpIdQ1NIK38qQiaFRYkwNg5YqWRgLFboMP92P7mKXwvaNk0LLNV7Q4aGFnkzbJK6JKhSzA/7T+v8eq5os4F6A6N34qAWy0eVAgcTS1qmwMJDWrxcT/ncJFjuaESrbRdnQSVNXe6t+2i4Cbpv2GJcRj+AZcGb6KKQ==]]></Encrypt>
</xml>


2015-11-26 02:20:58 debug :
------------
String:
account-ticket<xml>
    <AppId><![CDATA[wxe5b18b9bd7e3626b]]></AppId>
    <Encrypt><![CDATA[7iDzaIXOfc0yoBUYPaDRlQvzE9coQC6ZXifl1QBIEVF9CwQG9mwnlChJ1bQrN5EzFD8B4k4H3Wt0x0jp3k6EJFkhyeQKFyUaZQFNZ0PipQW4vxrT60/3bk+3CaZHkno2NY6nBaM/MZRHe9+tNni8MEGRSabIkXQ8idtaRiNkz32AKly/+vsvQC4Xhoy0+l9srCNxb14P97i4mpnxfeZMBmAUzkZkNx2eVm9XbfT2FSZSOCqV/cSHsdVQ8wOk1oItClRfidXA6Fqw0Rkk23j5Z8aKcZ5XW9z7bchyu7wWetXsDZgGaZlNIjycFGmDzZiucX3huhWaB9vet8BtlrkC/XXT+ivkT1zzgabifpMyQ08kBoh9pJ3Ui0bBoBAvmb+AW8KkOySdi8Y9xpZszb23HKW3Eurk3WOPyxNF7P60TFYsbRTAzXVTl9xbjmwkPM+siaRZRHFd5F1IEoJqNDY24A==]]></Encrypt>
</xml>


2015-11-26 02:31:00 debug :
------------
String:
account-ticket<xml>
    <AppId><![CDATA[wxe5b18b9bd7e3626b]]></AppId>
    <Encrypt><![CDATA[LypRc+/mYy1zs2xxwmden+zStJUw9iQZhwdvidiALHBEKdbhmj9aKYSbl+wIBy5QY9ZJ0UKPWrXGNsnYdVuJBCLRgBwpVbzx3yqc2Tfi0EWvIbMYWZ31FGSsf/FfyoYS5ToLF+V3djZKHf949z6sjInPZB77U8BRpOog4QWVK0DTAnd8ZpXPGAFgMEsuRZA3QBTBE2fp8iqRkqfratZY0NVPluEafK702uLOPRKFdiSrQYhsVgUScYbs8UWw1J7h/Pp9a0WDXvGzKk1+Pw0mHSaXINLf3SltnW+q60Hde+l5A7lMGw/yVXk8d69bWu10pnBoBWlOh60svFA6N+RNgQB23LdxOKbM9vtQjEkHauQSRRJtNpn5jwoHlCAHCU5aRZGn1tC4GpiOrvTXgrYSWdBf1pjt6O/KXLi2rP8XDg7Me620iAilZMyBA1D4aRCXQoStUa2Nm7l+smb/OW43Vw==]]></Encrypt>
</xml>


2015-11-26 02:41:00 debug :
------------
String:
account-ticket<xml>
    <AppId><![CDATA[wxe5b18b9bd7e3626b]]></AppId>
    <Encrypt><![CDATA[dhp4gqYu8k6eoSko60BeBdXqhTCV0Z1ELtBzR7tnlUUypL9WHHxOV899t9/FEp8t6TLqoOly7BuQbK2Q0yXJTksmRxU6dMijOG5iBa8DpDDHY8GNUW3y7OQ72+bXopDViH4AG7KIliVNpR9EIYG4ZaXi8MXg9Nz0dDcLnt4JGLoTf235g6v5NPbMkQwNk5GKsyLccQuf9i39MQOEMPuQ3sfkFqmhCtj13PSNfH4nwrvNCrCaEhB6CSzgxUIiS6OvLmbCkbjPTe8haA9Gl4BncZTR4YTR8KmHaZoO7WiTZuAEPGAeivHwcazOcyC7qUuS+E//7DkzWAzprnxP3oJlkMGRwZYsDntKso7+E9TFpBMGREJwoeb0IEmCC8sxk5x5L2iPaD/A4hCjBzlrZx73XhTnt0aT+cwH/KzuH6ByHAq8wOYI+lgFhHDBAj/VNKNkBu6xHSfyQEG8UrAodNW8gg==]]></Encrypt>
</xml>


2015-11-26 02:51:01 debug :
------------
String:
account-ticket<xml>
    <AppId><![CDATA[wxe5b18b9bd7e3626b]]></AppId>
    <Encrypt><![CDATA[Su/0WtmXYT+w2cXvxE2WJvlAfKspVdn7kZ42ZFI2hg3PTvqvD1ngygJ+MJ+7A5JJDWkvHpibmW4ntzIg5SOA6shBLXlmqBEJ51tWD0RPDfg7iKPpv8OD7kRe+smor4klIQrRzBYdnmPCWO2NTcfPCfuhzJr8VHyz36QVbQ6UrKkI2Emqjc+Lppzg+x6Tix9NSJxD1ObTJ5w10hNtck8BSy5RLJ/O0OKxdkqTKWLRm7+vQqveCbmT5y95QgEqJ+Luxvrk4T0/NwNPFNkjpva3lZL5aTEZtEP8MAGELe1sAW+KNuLHENWGBVGObFp4LYajJCiJi8sowVAxLHwaeeaNw/yPgQlsItt4tQ0tZPOOmljPkDRiPcspY1SCBnzGhr8hP90PH5Ifb3guqOVT2j3WtUswOJwI+pDJy7VslgqRxpjNBJSvtFnfDLt4/e5vqZKrJ+TD3faLx2OeOnC6ZbXFDQ==]]></Encrypt>
</xml>


2015-11-26 03:00:59 debug :
------------
String:
account-ticket<xml>
    <AppId><![CDATA[wxe5b18b9bd7e3626b]]></AppId>
    <Encrypt><![CDATA[BxoWNR3L1afnuDST4onxf78p7bmLNu6/rZXv8OmqADc2aFVZQxWRLzoX+1nOQ6DtqkQIT8zlrhyafZ0u/Rx26OWOQpbO9GGrizkAKyppyegLMg8xFuCbR2ANcf2xfrIT1s9vse156N+fkuI2SkJcEjHfQxPodKp9Qqgqn2S4S4ju3p4AsYVdgzD6ROfKOD5gFWcfqLE/A7vQ+o5tsbIYuzEzuz0vK4KQuXRThSGpBT9Q5y3UySVe1PaAtBAqzRYSSnvgWhk+NzFj1F42Lts1n2gH4vCDbVePH30kuVBFvNh4MCe4NOph6h7s/+GeSFzjgPGSY6h3dhhi2Xtdi8tDciXjbN77jX4dt8V8Znhj8ir7zBEZfeiCa+7tEx0pLbm7oGQMLTZpzqgOTdDsQTBlqNhSZuYnIrdV2O21/ecsjJ6pDc6iMyqCojt3TdI0c2BPoEiRw8IDV7NQVX+z9iIG7g==]]></Encrypt>
</xml>


2015-11-26 03:10:58 debug :
------------
String:
account-ticket<xml>
    <AppId><![CDATA[wxe5b18b9bd7e3626b]]></AppId>
    <Encrypt><![CDATA[oyQkIjTiXz4cnjdAIVhqKfHvjgkghs+1G6Ljq9AAud62S0P7uzKUVNVEtWw/zaRFmaaNuvFxX7aDmoXyzQn+SRuEQBc/yCXcdJYpqD/ICLvcaGdqhRzpgPs0uyu0CAewYzvUUKOzbzYJJno2d4oFZpIpOZrU0tLWdL7tMGK116X1wVfbSj6C19Sz+aJpFM9quaieatLEJliVpGGyN+luzW/BAeZZLN6xniuwlfV8eocgmu0ZAfudKrNJxiBEncaoX/ado7ScKoK2z970PxWeXeH3/vG2OjZJpTuNqfFZBwry9p/pczlSJNYXVHjhcCROVShin9vCc0vBezOw+b0f03GV15c7lOHwo54XqxYHJTpdG4RVzkAZSGhcnQkKANukOfKITrHAQHI+U/jVYHB5G7dQtHU7LDzbGo2xp5iIxu7hupvdgWxC91oikEnQwfwwAvIub0rnlVzXAGSZ2xUsBQ==]]></Encrypt>
</xml>


2015-11-26 03:20:58 debug :
------------
String:
account-ticket<xml>
    <AppId><![CDATA[wxe5b18b9bd7e3626b]]></AppId>
    <Encrypt><![CDATA[InE8gUoIk7+3uyylmNXCmvAjYVZH0+8T9SYDgOrFfEpR0gz6L9vp1x4YSCacbBJ9YM8XAK45Wo1+cB5MqILjB7AKW5526HZJn2IyRLCESFETAfbwrQhIViCJbgKXtv57bhX6YebCxmhThR9JyMJEW/G2R8PlV6Ax0asK1jeC0HMphv4p+JYxSIf0u02ULNAeaNl2JnvL6/ozUUKDy2QTtRp7kHYNTYVRf+dIBRjld1k9cvA4803h1tJ2KgZetm+wBTyS2Oblqu1zB02Ke7nt7XrKbTzX5JRp6G943qIzdxgBxWUcmoWkmW+E08Vasd2xKETcS5M69JM2g2SEEtdFtgsTG2rTBvtW4VnVESo2BVjTEQW1dHwTU7k5lqKSD+Ujtxqkg1kc+yJWYIdw5VUQlY1X7p5dAeV7x3OhbctahpN5SzKiTCLRMHVYk0xa3ifShkAWhxGBRx85Bmu8LRz1kA==]]></Encrypt>
</xml>


2015-11-26 03:30:59 debug :
------------
String:
account-ticket<xml>
    <AppId><![CDATA[wxe5b18b9bd7e3626b]]></AppId>
    <Encrypt><![CDATA[VKoVTS2O9kExEGK8zA2bp0hJv6qAms9n1KIkBn9aPiV9XTZAQhLiZFxHE/W61QsFH6UbbR9KjRUv8gT9O/Q75GC+uGTLwr4PNVUxpQSEyVVLPTmaQ38gipR9Z6POzHgSoyD0G67AkC3YEApQtWOY20BaktmRYmlJkkH2BSBCviu/rSPnxd7nsexnWlICxlHnkazOdC5B4Rpu6K78aVWT49H1I4SS3qBk1GRjtyu4zdWIAlHMoe1rvF5T+PeUeQfJHj/1ReVXjhoJWd8kFAGz8ZAds07n8/C5RJCsVUjLHHATTnSI0Hb4NukBij3dBtkyPKWrlxq3L+ztEI3HVDgRlurcyjuRyDvgRKT/EUB2yLZ75f8bLpMTCS/5aO/TgS9keWx5Fvg2or39ziraS+MXS3P09kNvXZAVmJtPg4dHTGexZwIHFRpYrmE205asYGBCwxL8p0WHM6PV8SRrNN1oCQ==]]></Encrypt>
</xml>


2015-11-26 03:40:58 debug :
------------
String:
account-ticket<xml>
    <AppId><![CDATA[wxe5b18b9bd7e3626b]]></AppId>
    <Encrypt><![CDATA[Lf64QfK8pR5M2jasCXt5RZcWYi+44VyIKxPn0YK+790gbtc4Kj6ZhgPb2E7bucImG/mc0lM2achnN2arP2qxN2hxPC+yvqz10yJeAcJujMMnFFLKY3XzQpYTEQzDEscIRnfd9STorvTor2UfuzhpZZQGMm4lpTWRoJHIZUlH2XbDNL9H0oC96oxzfIqqc+5jHQE663ZOTgChyTgsPwGSeePNtbVHC+cXkAONnxHc6FQgBb1Cr83wekQ0nZ5qaI88HGk/m8CIhA6IugwsFClL2/9BmbZ/fQEs9hDBZdaeUYcC7DSlXWwXzoDOzlY4RLd55GZYjSpbfSc95vJUBh8yTqAkUnsTcUbaxu4IIS3slMH5DE0JeIOLEsmO6TSaF8pGfPKAsoMR0AqZtAe9iHA650njxgs9D6DM40OSgLBdbujZliJnbh9uJn0iksfER6Z8h4gDi0ntoweHgTZQvUouog==]]></Encrypt>
</xml>


2015-11-26 03:50:57 debug :
------------
String:
account-ticket<xml>
    <AppId><![CDATA[wxe5b18b9bd7e3626b]]></AppId>
    <Encrypt><![CDATA[+qRkISxVJ8EtBNzFXpGm2XKKyJzP0S2b642Uu1FFR8Z4+fjWXmUJloT6iCzExxucqtY0rJ734mSR5zHxkVnI4sjeNhFfgAKjMDunX2yNeVAjkN6D/gFnizOWQyOipt7ITD+ksevP5fKLXS8F9B5stWw9DzeL6wC3a85Or6X5yVBZa/qfvz3bpygujXVt4hQik959Qof8zsWonlQZmUhoCEk7BsafP9+ErmDWwn1pxiSj8teFHRR+Cna94tJkHJQ5qce+YtbILnSnmNpjuKIv6zmY2ANk5GGbZgUG8ESvwcdtM8a0H9BS9RYaUm2oElraAZ88fjSP5tw2upAUuDH/lFMm1m5/lrQuSffs6kX6/YkwafC+/CORV5GvhHQj27vH8tCICYKB8MvroVg89uOw5y6vkApHbnkpl6t4Xpehdeg5eD+cs6e6jsLW/Agle9XoWbOz62ehB0Js/BK0liz/Kw==]]></Encrypt>
</xml>


2015-11-26 04:00:55 debug :
------------
String:
account-ticket<xml>
    <AppId><![CDATA[wxe5b18b9bd7e3626b]]></AppId>
    <Encrypt><![CDATA[XOM/MV+oHwtSTPo3tgRi1kdZMo2Ya3b4Jnbi3sXZX0coTDSjAkcpfFhIX4nA9GzBQ18Fah/1EGJElcTrzN76v7ZGbwU7y/WDqYcWQSQYQloR4tRTIo2RoltopQO996Ho1SjnUSeqTX5ONffaKeL2rVCSezQSXxvyQUx2Onh0f4e3UY6GqREUlK+VUcVTPrUX2tzqZQReeLXG9zF7N2eIF5l/bPMKwdf6cvELw1ojgeb9mvewihOLYvPG5AAWRBTD+107DDugOBWyrKYqIdMPN3Hm6R2XY8sUGiRVHC3NJfBQyp/Pvv4clU/SzES/1nxZ0Lt+nH2VREyZYQegLJMKbdlLy4jubs4BXuWRgYweCZ7CWhF1WgZslgLetrBnLywHI50tD0522hElqKjEcupehM12uRSCKL2X3fnijgtjZ6SxVs9jGXIAGtvaqwsaBMx1M087Yxz1uo+kxzr2EULu2A==]]></Encrypt>
</xml>


2015-11-26 04:10:56 debug :
------------
String:
account-ticket<xml>
    <AppId><![CDATA[wxe5b18b9bd7e3626b]]></AppId>
    <Encrypt><![CDATA[4RM/9iRUEXj3hocVBVYRJ06khwGczwQgs4EptlB1y2yLZfFEbhAsa6XmvJu5HVGjqgPqGycKpcC5rI/uM35Xwa55OdIhwUpca7ZAhPvAxz9Hx/O32n8OV3JxkFME93Vm/qxIQ7t5sbeqYkzBzy+FU/O8IOrFsbLTOCRBRhb/eC6OlBhfZV9ua2txFiKz6n4JoILZcBNs4pAd/XqGORbleEnr6b0xAWBenBDhvmlfafP5Zw0LeBCRpew61fAnjfNKEfVJbkiiiaws1cOfYr4tsvo59udoHtHU0Qns67r16H7TZn+CP89ncPrzlyojVTQkfIWUewuOKUUTTcSABCuY7vTg3A/b+X14TaOywtX7cZqnjTz51ozyUg7Kc1hk7NVML81Pvi0Vbq9XYxCgRKM8+CaRcppxvZliyGTcv06/IGOfo3TWiouseh3T8vT3f7E5v/BtcwQN9e+MNERTrrNNOg==]]></Encrypt>
</xml>


2015-11-26 04:20:54 debug :
------------
String:
account-ticket<xml>
    <AppId><![CDATA[wxe5b18b9bd7e3626b]]></AppId>
    <Encrypt><![CDATA[mHgE0J7yNCSLgAs0UGxeJt7JbHtAB8f4bsNP1QfcLVIMocoeA8r9ZbJ+spX/9FcQpYqrY6wCFkuGYxMTTW2iJRn9Hk1hrQY/zqwpj1G+6+AJ0Uerq1DiAgrRyeYFXXgzS0DXpH7eEd52MF5jPO1RYoGerpoRHuBu6LDViP3b0JSqBzKyRhnCcRUCADXwudeQ3cLejwjiwD8lY9Fc5Lp+8rKLCK09c+QByWmAbym/rRF4q/SnFFdHSRddFyJIv4fX6fln+OSDmh1VHzF9R2oR5wlGbiTm23ovGT8grLwMYDggI+QjI1JUQ1lZeKRDR9uPDlB8J+eNF/rhAAHO8/6PMw3ru8Wi7VwLJhA8ZbZ/r8Ii68GgUOH8+chsKHaxm5EzEjiLRxaCw1+IAn4rZwpknRIwN1tKpdYAxVu61QPun2CUgYjOnySl4DWVQOuotMaKN/T+PzWqflITatEU1TmKRQ==]]></Encrypt>
</xml>


2015-11-26 04:30:55 debug :
------------
String:
account-ticket<xml>
    <AppId><![CDATA[wxe5b18b9bd7e3626b]]></AppId>
    <Encrypt><![CDATA[DjyS5cIkgwhWFT4tRhpGPQGQuYLfdo1I8LacjMzivdvu+ywwEmcXUn/tlDZtEpoqB1dcCCYBWA2av8xgysPDzQflbyvL9uSFFd4QCpP45daVCbBdf/qLHqOn4mWn1EAaDdEytnpWBUCBpsarTonZ4tJ5uFp5OdZz/et48Z3bj6LyMcFjplSwRmEXFitZHhPOY3Ke+KKD2kRQYS2fTWcKS2K5uwmYwCXkcI8uPdfukMnpryKZRV+c8kld574nHfx1Uv62eFbb+f+rwCVCebMT+Lj1djfPdwHj/yIdXBAg5oWsQoZr/DNlWgIdSqEdsfcTNltfNoH15hj+azFovAgyogTbMlJ6NssCOxqGFM98WV7dv5nVDoLkzWfmkIBT8Ge2gzj0Mg17VumHbkVR2iog4qQdhmAg1jCtCBPGDncstZ4ksz765rr2+WMk8Q3s4zC2XHsRTlRNlkflcglgWKHxiw==]]></Encrypt>
</xml>


2015-11-26 04:40:54 debug :
------------
String:
account-ticket<xml>
    <AppId><![CDATA[wxe5b18b9bd7e3626b]]></AppId>
    <Encrypt><![CDATA[e+7MuwD+Th+c2XkmMkt/wYcIDFAl6DrTC2xP2K0e2SZup3iHcuUIJDh1G07Y8fwfBO0AeZ5sdI4qZmzdPZkV8FHdugV2DatO/JwLX4kDg2srkRWHqOv7ujltaenW8sao+YZ5HUiKk1djE7EsrjVQjpMlFMeb46GKuBvyvayCysR7ucRWiYioqmXhmwBK0jehifNNSmhSlQtajEioPVUrC77zmEWh6zBmOadp2oOkpnrgFJtFvfnZpM5L/7eRY0jZi+qzeF7BIes74Hp65RXkxpJ2v/zv9GbJDn1r6RjJaJGF3I8yrirsAXRWwGMB/QAubo6CXHYoNfTyzdMO+T16JzQ+YqZyPMXPrxKwTGqpW4ukKlc/FTGJAvLQlvICLyeLTmOOA9qlVPlMkJSH06zqP4qIXTzuVbcXz1OX/mnoKbGpcJMTA2bJPz6fTY/mBU4QZc4Qa5eoGmjyP9lxYb3kNg==]]></Encrypt>
</xml>


2015-11-26 04:50:55 debug :
------------
String:
account-ticket<xml>
    <AppId><![CDATA[wxe5b18b9bd7e3626b]]></AppId>
    <Encrypt><![CDATA[W5JbDGjPhxmJd1l9i9FI2fN/pqx17wbcWvxL0MdFcJY8qvVylNhDRthfZfizTlS/vMsaI4fIGH+hT4Y/Xaga6axAMpyNfzx/0QzXmV77nhp5GTREHvxiMqWrSf18UlaN3eREmrqS2ZJDhDzeU7UbVsh4Y5aHFfPBXl0mlV8KHuU4gKkCL9AbHvh0Engvrzmw0UgT74Z+PE2SWA978Iimw9rGDKtb1+61fiMiYbI2eHKA6mI9i8Qpds+eszKSczhcu83/k1g9BwnaKJ3lnxqQqGSc2KkAVoN9i/8nIHo4wXuB1KgMLy7GybsVhh+gCHOKTMiig57dz8oIru+7Jc7xeBhj1P9p+FPDXaux9K3pXiIhbBl+pHxyPkt6XuZBzGF21MyJ3pGjZX4DFq1fe/vCIgbf4ZwWfBAQ2JCB4eo6o+PqG/tnPRt38XpBNb2AIsU7ilRa8SlPJQDjZTaYL/bzNw==]]></Encrypt>
</xml>


2015-11-26 05:00:55 debug :
------------
String:
account-ticket<xml>
    <AppId><![CDATA[wxe5b18b9bd7e3626b]]></AppId>
    <Encrypt><![CDATA[MQXHDTzZ2t57VPU/61VnTsqAA8pfT/za4S0NJsIaWn1BHfKOszHwFq8caLUVkfu3QWYFZME6aVZck6XoibYWTribKdebUjrBTMww6lvG6rZfLy87Hd1zQMHiy0MiAh5cZsTc1FpONiD3dpAJDOxfdOvxoJyetL07qozFkb71lwUQoFhZD9Lo4LxQquW+KBUEtDaSMebgf3zSwAqDpoyW19DKbu2IbIp4hk5Hq4pO9R5Ne6+ZBi3IJUrlmIphtPQ552sOIYd/75F8cBxrZoHdqzR2Dn5DaNd+E1MeQMlSKesjFW3fIRA0OZf/5Qw4SRN5UH74XD8apcuZzfECnWl/rJPuXB6ouWpbUrLoJu3FoC62RqrsAqjCGE+cpsJP6K8BaZxAysgG3HG/FcltmrMIv1Oi9rD4QTsnBS1g2fZjhU8BSniLBUtaWuFc/wndb7qpTpsBn8jrOG/p4LPGL/e4sA==]]></Encrypt>
</xml>


2015-11-26 05:10:55 debug :
------------
String:
account-ticket<xml>
    <AppId><![CDATA[wxe5b18b9bd7e3626b]]></AppId>
    <Encrypt><![CDATA[wgZ+yVLQzpHpX2RhLwJdLF9I/v1wyk18uxyRAaYhzhoEqE95UFuQ4pUpAEbEm2A6ttV5WEVJsjD+5+HW7aKLzEA3Dy0hKSHdt9kaBqz/Mb8FjV98ix9BLCJAbUO44g4GXC4ubDS//I5+Q5crJHmqRD0F1kBuDYXVnIPnmno7oUdz0zDnGfLdcqCDDg+gQu6fKR4KpKrtRPSSpW3KuV+C4w6kLi618UIgvBFdpgrkbbuZd7+zd6uBjX6oQVS7RMjHPwZHxEnA03ylhdmy86iwnAYgbl38AYbSr2zUjbnxXIUycigYnsckC178jryyleT7uT4u6mXF/lxBkY0eXzv6Ikt0LmIDQDXmytIkFisA6pPZoJCHIAyYsH/QdqHs7wMH5eQmprtd9ea3c3MjINe/TsVLyjINyj+A1Z2eDcTbk0W0wkxIIVEmokhzoY9YYyWTVmoK5C+9jGb6ttYOHz5wpA==]]></Encrypt>
</xml>


2015-11-26 05:20:54 debug :
------------
String:
account-ticket<xml>
    <AppId><![CDATA[wxe5b18b9bd7e3626b]]></AppId>
    <Encrypt><![CDATA[5IubnSgvySzZ8Xx7CAMt3Y5uAuVSdrJTLzHlQ5E7U0VapX1XglYQEbIPbrJ2L2dkYofLTJs2MnHUzOoKEmiJH06OeHWCvpUN9fdENOQijSqwoymjQtzsOEpsL5dG48klbNDyg/PAf+luWnBqoZJPsdpcx8LsHxEtQLEq9xPeaInL2TJ9WyoWZZoFjZ0V7iYoAGIU6GDxRzZo68HZrTcwCVV8/NYBzipJ2sr5OLur8qdmxSbbACqUEZlHI2HQPP47cImjG8ubGpq1lhZrFrAdTLghmPDrDr8D7YUsNUzFRVIOPy4v9ZLT6UYCgxYOFjO/ppHkLOcRElWcSxURv++IQHTyWQ0sUVidvMaLLB99rQZO7SNF+gWXb7f+aKLVJkjSsLpBatNqxkvuh7yqhRL54eXX9LDCV9ZjBECIWch01iguJAWvH1d0bPsGQLg5Q0C9cPgXbNvF/Pmh98MeIzzPFw==]]></Encrypt>
</xml>


2015-11-26 05:30:54 debug :
------------
String:
account-ticket<xml>
    <AppId><![CDATA[wxe5b18b9bd7e3626b]]></AppId>
    <Encrypt><![CDATA[fThPlNLTrSZSnqYm7zRw7dDOf3yHtY/8IO5WU3EpnStEN1vMPK7txowU7c4yBHDDO98fvr4E8U+vPX33M47r3ZJtmAXyOTbpa316/Gv3Per/pePDhqDUJpe/WwwpuWWgjSMizIXH6epmlH1dYMZSvQ43gjA/eRRzANc5BMcA0y+BgJSXt9792UusUgbsDMwPQrv11Nc0cVo5NSIcyqg75rEvhnAi8S4+d3PpnMqnRkP1o+yWLPxYJ2O//YtIUk749sC2a9BOYOFtz1XJ411f7oWLMDYBzxMWZb6+E9LmTIfLZacjuNk1fzfm6POeACtZuKeHk40E45FU4UBl1ZUghrBrq0YJpj6qoaBW9LasTUji+ujJT0C7iZKxwcJTTmtzbOnhsn0cCI3FnH8jBeO23LXm5tjIMWC5mVSx1Ua17d8061xKUuBjdRNlsZk2mm7BWr/m+8uOmLRaYysNK8bEag==]]></Encrypt>
</xml>


2015-11-26 05:40:53 debug :
------------
String:
account-ticket<xml>
    <AppId><![CDATA[wxe5b18b9bd7e3626b]]></AppId>
    <Encrypt><![CDATA[089b9sJyHAzhaLodXn1m6nM7R9cA4iji1juglAM8Osfxcrj2oQ9kOhopwuqsriipJKSu4aafriS9klFCYaXlXwhyPoZYs1wAiYex91flRpO7wrp4GOG2YR5yDxSfrrCGIYXtZvhG7vddIvTPbWJ0ZIqzrs6hXQe8N5rrUF8EGlE4dt6mYcPyc7lOEGOe5RF64x7UGzgrYtlFGplwAnrOfK7F8ctEUt+t/MH79aDEpOuQ1B3ooDyV6VKytcdfEdTt9FJSstfeeArbetKmXw9ZCR4jasdU6RdL2NeOLdRu1HHFkHxTLh3n/U7d8temxcLNU8WQ23N4uZE02Yuryrx8ogUZpN8o6AtjdjTum65NsG4y2IKE0VaCo1eTcNmGOEtw4qhs8fgcl5YoNQ8SBBO/QCxecALoMpKpXARSfzNFE+OasDoxXZuOF9xSgejnuIRN9mIa9CbDFmCMWGbxHodAQg==]]></Encrypt>
</xml>


2015-11-26 05:50:54 debug :
------------
String:
account-ticket<xml>
    <AppId><![CDATA[wxe5b18b9bd7e3626b]]></AppId>
    <Encrypt><![CDATA[IxCquIsTzy96wnRuwDuUbYTwcb4KyWAig4fxJO8lDgTjuRyR675FWu8B7haZQ5wft/wQSjnYiv/nXejEnvJzNJalgdHQOvtVNIZ2Or2aXWryeV8LqXIpQztmGalOdLezxUDSVbXFsQhSc2ppVZUquvS/tlXW9Tfyq+WReRTcvd0m3XcGvaoy+SbsiuTvE9ovqqDHfN5QK98gFU2W8XGFkiq891v7Q1qUbu3SH43MRR1AZfJAUcmmr39dUaz8ekA6/17ZugSPNR+DkPCQ/mREBvwYPByCBbZLGSXICv21FlYI+KEymMx9I06yjnSf/KdiBJ6H9uv1icR8YZ0n1xUdBv9IYl0kUqUDkgid8kgODPu6fLgvynIlNzc1uw2SLqgreED1dtAqFKi/snmPtebTocvnQZ+S7UPmp6/T/x+lO5CyOYfAVzzv8x1EHfhKJMr/z6QIBLKTwJoK36lCog4mwg==]]></Encrypt>
</xml>


2015-11-26 06:00:55 debug :
------------
String:
account-ticket<xml>
    <AppId><![CDATA[wxe5b18b9bd7e3626b]]></AppId>
    <Encrypt><![CDATA[nhV3R2BWdkU2Lf8eBHgPtgCwZ84j+gZgBrK+xhsZSGkp7xyIGVPJvrvcW1lQKA45B6e1GFaInF7VcLS3epL9hAPTEM1yBegB8+kwetvI0XCNL6GDt2Sj4cJkPdGl1hOzxNmjta8skf71VX58o0f/qzrzfbvilMQGdTCSleJQtfIwlSMS3DoicrrnNeyaPn/F4SdACLoIv8RV/jR5U5uRK7zAbA1HEHt4KaEt+i3CW8ZRDhKiPEgrdQxXl4meAZDBhIdj2eTgAL4P/G1j88q5qYzSbMQO8eZVYSdK37yymMkgey+2L9mshxQ3qTlKRaKDTe2dKzctE2N9JnIx6HSoq4NF7M7kBn7pd1jqdhT4mzv5dFcloaBGoUUDIlGerm5rVRBOCpubXn0/VYI8mZlDArNkuh7EKbTfT+OXEdKiCdH5iDHH9L6SNMgUU7DixyH6TaESycLw+e1hOh/mXUtd0Q==]]></Encrypt>
</xml>


2015-11-26 06:10:54 debug :
------------
String:
account-ticket<xml>
    <AppId><![CDATA[wxe5b18b9bd7e3626b]]></AppId>
    <Encrypt><![CDATA[2yqROkTgOPUqVv5Jr8SmL171rZF71OY7OoeVLVphVNMVhY1SAO5sV5/RSR6jwkpx1koygNPT59PqCLmCIGNMfr7PVIliYMNXhsosOuutZx9bMLhNwoAbn5cQcQ9Pv2pqhPBznUWV7TorYS4UNftVR8nIZc7WhewffbUYS9duPPm47mvJoFh5QgaEUq8RBIYLCtU0M2vdS1xX/6SjQTK4cvZ8vBSkogGEpzA9qTmwGHhNfu3P5di7fsA7OywqK6G03KTYfHSk6ONMEdr7O9VXjqxKGQc7kzQXwCkA+Ta27l1+9u+s6i5kZ8uG0Qb6Aciz2eFUnklbfosKHUC9CICjv8q7O0gpony/ljikK+e0slzwbtNQoHrbcrAky/u2Cl0SM3mtFx5uAtOdHDdCD/HxZ++Q9I+90dKaH26zeSY8QudFV7KV157cXs4hpMgPrzYlwPyT9fU+NNTMsjP4fVOdaA==]]></Encrypt>
</xml>


2015-11-26 06:20:54 debug :
------------
String:
account-ticket<xml>
    <AppId><![CDATA[wxe5b18b9bd7e3626b]]></AppId>
    <Encrypt><![CDATA[ZSkabHn9Q8kehEIW1MK22fa4qp75GSu2tlAJoy/oKYUiouKr87M0gz6ySsyIixeuC3naROxuoC4wVzJqb2eurtpFq6ed/LWPZ7J12da1Nj2AJ7EES5hxwfYjLZm2iBmhvNwp3ugL6pyAQvdwIMUfrkoP8DfjDBKmW8P3GAZvGVPaTVEwfzDOj6KasGGQQ98yNiyUe+3r/ygmsSMyA7C5we47ltq6q2jyQjNe8FdT7JNQK/wRTcSMDA2BtXy8MVPekTk5beG5qo5+uHNJG7sljrZ5COgFqCv5EwsINjfqcFBrBv51YyQZIYVS3NraD7epLUGq7PeCwSjRw44FDjCW+BO58UUHkngv5WJsueQ7uFLXe1kXKURSZjpM/cOmDzTiEb9gySHVb3Hp7Lcmlupy8LwVHuhGxM/doqPq3cvwzGLYKaP1AI6KowojeoyU18Yl8j7iSDgvboi92DjReV2Gag==]]></Encrypt>
</xml>


2015-11-26 06:30:55 debug :
------------
String:
account-ticket<xml>
    <AppId><![CDATA[wxe5b18b9bd7e3626b]]></AppId>
    <Encrypt><![CDATA[eHZLs7E8e0NLHE7VXtLXYEroFrbMZLBdPUdV4GBSMSSugA/Bj57le32MoneM79NLJGpqzqIgpG4hlIrsLVzPhmY5XilulfnlDIUdSQFA8bipjoVo4z+f7xkovH13Cln25UtvqyALxjPIIcsAs2pxSv8FzNH1yx1vZBFLR5zt6Qo6AmGluTNYDmchlH0JwQ4P30S7nqpGS5brwTNDDbsLFf1cwf2Py0CI7Ab4xikAE18ZKJNkjrRPrrRPYMERgJe7wVCgqbw1C6j7LVa89LEhpxViQvzPtBDTQ7E/VPxarHMgtb7pYgSzMzvS2LKmX4iF68QliAOlqyduV5a+YmQak63ipGh35aybYpq1k5zHXSYqn5w43O5HS9cyuzJZONr6IjPqsbTYWEWQskaJK+ylRtXX5bBpvkDSDBKzekYQIiWeztuMf5o+6ZLaP8w7A9T8AgWyUvvnotgGVVRBPBpU4w==]]></Encrypt>
</xml>


2015-11-26 06:40:55 debug :
------------
String:
account-ticket<xml>
    <AppId><![CDATA[wxe5b18b9bd7e3626b]]></AppId>
    <Encrypt><![CDATA[GuoHzmAVa9svYOWgp+PqBLJeoNdHDhlDXU6DCRlq2Q+jz6dvtKwwsCNqa8va2/qZTH60ibMJPXd6YJaRCuEfNx16FCZDOP4lyIYFckLXnE6R5jznEf4ej3HkfO56u/d/QiY3/+XEG5qPOM6xKZo47hkhoX+TdjXKcexOAc1sSUZdLzi56kL5IY1SwELWcBDX0cKZZRKSq9K2wQZoVmA/F9R4ugQ65ZMich4/mR0FWljhsJO/MWxjUwXUJDAxycPatW7Q8xPtCvXXyYfGSgKD/xUqf+2ofXDljX9cC4KCz5k045IKwbb8dRQLvlX/b2Zzt4VYDBz35Qh3RCBdDH8eyjWsfuLA2ajzu0p6BLZqT30SaDfZOLKh5tzji94POB/NKazbe3ZjADlfKx3td0qvV2NF5Lg16T45fL0WnVkKdj6L9zFtLOxbnjwroOtwtg9dmJzP3EXhe26KyVHXowvmhw==]]></Encrypt>
</xml>


2015-11-26 06:50:57 debug :
------------
String:
account-ticket<xml>
    <AppId><![CDATA[wxe5b18b9bd7e3626b]]></AppId>
    <Encrypt><![CDATA[f0BjaxpFOovI53C5SHd3DJXjJVgfM788gxj5hLNg2MgOsUzAa1MJ2wSAf+t8dvC844l9Uj1sjmDtK55vMH6l5NvbEROEV4f9/mN5y/69nRCZUQWr4ipnHkpify015QykUMfzvHUd/OcB/OhsZvTbFFQez9XYhpRBiWNHgQZ24h0pBPIn+rqcVUBqZCsPs5QETYoOF4H7RnEbg40bNzw8WHIkzLfp4KngUFw+SnrHz8leJz5lKNrGxx5GXMSNespDZit1S7fbbG/ZbzD6g6attwQ6U1ifpgynxCpXUEX9tfoxGJXSW+5YYIKbv7C8PNrtuizS3tZk8RF4+JJHirbBbHX9yn10SYyoDmJSCBUBLJwPDOOPfKLksmXifVAtmnsxVXJ4Dyjp4Ep9SNKJ42QBnVZs6eauNOzqPZrKCkAfNpEkOzMgiYbm4sNzCebpawGRyTy/Hn5Yn8MUP3bZcsU2NA==]]></Encrypt>
</xml>


2015-11-26 07:00:58 debug :
------------
String:
account-ticket<xml>
    <AppId><![CDATA[wxe5b18b9bd7e3626b]]></AppId>
    <Encrypt><![CDATA[oKsQbcvwkFftAz7sZv0na7Hub55mTWYKLnrH9nGkQ3EHiyl7itV87TJLuS2e9yreHB0waR6svgdddy+iKZ+b9P7bTU3FMprqgiYSvzAIGwXVnDyh1eX3hV8hkWuCNT83DMZsqepApwUm7FrHUulUlbvo4F1ZUxmkeIqCSVbuSdnpU4gNoG8yhtt51oZPCZqX5s5TojOSEGZITLBPRNZL/5yEcYxBmpgpkwf8DwmDf/oHtaGG6Uxjnyoz/yE/lh6zy2yH8nfJCugaJstfmYvyh8JWq1kznerozFqZs9iB0UIKIY1b6mjdOIixi4aXTVcZK54WMitKw7hLTZ0oovR2gKiHiFffB9BV/kHAcPR3xamJFaNocBRFJNFofuhLAqattOM9WNXFKGn3Af8IvDLvDX2L5YVbbvheKv/DCHf/VwTIMIsfqzDu5/xjEKjhuxGE5DBdoUBrVfLbENAImzNGaQ==]]></Encrypt>
</xml>


2015-11-26 07:10:57 debug :
------------
String:
account-ticket<xml>
    <AppId><![CDATA[wxe5b18b9bd7e3626b]]></AppId>
    <Encrypt><![CDATA[bQtS/F2sAG/IUOW/itnyRHQpidQekCW7Am/YrPNmqmQcg9eKFcPNRrz8axgxBkrH4UcRP6wrqDOVWuCw5JKVp7xhDqqmYZyQepC3jFQXH1ApsoOz9Y4+66Lh8PukUKDyNaWx2HS83lmHVshtfEBTJgMEEAdopydlRlIYSkfIIAkc0oXTW/NiLXd7qzkkc2dk4PowsCtfKjpQlF0Wa4MV/7504VyxThgMUIUJIi7J1vPD3JVB9FDuV/ehKx8r2bO4kfg8w3IufhWznssT6GbHmCCsexEht4bthI1DLUglp8yKPfklp9SPwYrnlCTENKzXvcK3xuIxSoYk4K07+4i5d7mqvf1dPptuXnwvgERfCwWtWXUvOz+3sfX8le4zv0tik6xZf6QZ5rpBqBUd63isUgi1X2n+5j8WcdAWClVIuQ7XAet9DVCAMjTGH9s06TJ3b0mo4wdqFUOe3Z/H70HhDw==]]></Encrypt>
</xml>


2015-11-26 07:20:57 debug :
------------
String:
account-ticket<xml>
    <AppId><![CDATA[wxe5b18b9bd7e3626b]]></AppId>
    <Encrypt><![CDATA[928B2rUDICMZRo+HwG1tbPigbnBE16N/i4uGwrUO4baqWxHiq08aAYIRhLIt3ESb9PcnLflspoE7qVsdzba7VRyBmHS4i71BIleAF99C37/11IxJxR6qJ4M95SqG3ITpNTGvtUsGzo6dWY19IxdhGs/pbvi2GsHAyAMgPUYfPDebtZK+UQPM1f+xMfZ18fQjknrBPtg6Qv+N1wGnUrYORuH9IFZhxvMV36gEV1Oahwro4UhsizAxfiiVw983n30Gi7oHVNQbif7fkLgf27N8kDwxcWMfAS6M49z5+QajAtG/p63CdH6gjpJBcuAM1RxB7OnMr3aigc7fHb4SCmCsQbcLGv75Nv0tRcXdgZZB3YaAqQEwgipJ26dYEzP390spvGvn1R+DP/m9MJG/t6mz55221lh0VcqrnreZjMohoAPILnk+N16AUHqCTiNZfLn0Huir4JoG5m07h+dr+sXdOw==]]></Encrypt>
</xml>


2015-11-26 07:30:58 debug :
------------
String:
account-ticket<xml>
    <AppId><![CDATA[wxe5b18b9bd7e3626b]]></AppId>
    <Encrypt><![CDATA[ZCvFBp0z8vkrN5CT84TxrLxmWK73AwEgANvPqbro8mroZ7A9tInBm2T5rXQ2UGIrmmeLHpE8XTdQJ/gac1Wl4WwjzYEmB8nz/SItj5AnvicVYgV/n9cAuFggPkKlYcvf3SSpyX0JfR4Id9Je9po//uUSCQrx8HnrZq40lCrIpMLMz89uliaOkIf4JOqrOqebf6CrzfmmkloS6CSnujy6EQfj8Ev5Vp1TYBUXVqnkExAjtChcRywREoTnQC2p6Ex+4l0HiMChBmGHVQu/RgYEiWFzEal7/fDc9pUS1nh0NBWzrY1OIQG9pMAihTj6sJUdVc5StOwm7J5eJtg9JDjXIZ8zrENRNfMD4ZAoJHjh9pA2/roGqFeVeYor7aB5fJrqjIh96UBdI2uKpK32Re2m4ke1wFj1NRIr6dtiyqfGjuDGNA0+P4GK2lAM7nqluO3aHcD+u0hYHEOBISl/um3npg==]]></Encrypt>
</xml>


2015-11-26 07:40:57 debug :
------------
String:
account-ticket<xml>
    <AppId><![CDATA[wxe5b18b9bd7e3626b]]></AppId>
    <Encrypt><![CDATA[TG9ttq5RbvUAJAgSVlYa6O+iP5HpQsRtbx8SG4J63o1RrB3n90XryUpfgKVWz0dQrEkRQSDc4CV69FO0wqXF0bGysSwwMVyym4IVGI8zUIjaPJFEwHs+LyszsuO0pUhjed1/IcHOo3533bvgjCfwfeq2G5TtTNe8gDaBEImTxoHhbNLPV/6dJkmP6UaWy5biRREykctpi9Q9TaZZGiFYPcXffQ1brQIVA1xyD/AMr5x1t2gRaXPn0vcq6RJDZ5/rkievA7Yh3DFtntddd6SFFtLuVxxilhR5+iktGYbL7/sUgckUljN7mUMRqlRY7nXZWykq3VSyzm+rtEh2TQbNsRMuu/zncJ/GCPYQJ3rVrsvjaxlozUCbXWsJH7PqhxN1wi+XxFbcir30a2mtgt/K46u0/e0HP502U67GLwGzlEKnENk1rSL394muuxRB2QyY6OfjWPsLlr719TH6TUR3tA==]]></Encrypt>
</xml>


2015-11-26 07:50:59 debug :
------------
String:
account-ticket<xml>
    <AppId><![CDATA[wxe5b18b9bd7e3626b]]></AppId>
    <Encrypt><![CDATA[QH/w2KzfK388fZ+bkw59FOq0Lv/pPpgDmnl6+0Bfh/BNtJEpt0XduoRrgKZuWiJCzNomWsiNPUQOSEQkLw9ajq8zwfrpCBN1fevxgXHbQLwP/4P5RTj5rIjRaxm3Ph8xlqkVUAaBzEMFoNpuTiGtaqkLkZ8aezjBuxQSKou6FW5YyomfXk7dwWRTxI333tV20ZmYs592uVyOsy1cBZ5FUq6jQraJKSvPptZEN7bGVPDCViFSMq7dxoe+yUf6QnHwab3sHybVzn2M7jLgHclGbPiXaAD8AXmcELILd1MB/A4RefKxFBjyHPQMfBmvOJ2mcq8mLbp6c0xhgAbY/hZ414bAEEDCj1+jRmSvPK3BkQdH29KcuA/cbuSGgwa74K0+8hB0i6H9IB73DkuDfFtccG1tkNwEVMfMV7yCgCWNULx9z1gTOy6k2YUuaTh1rqHlmmVGBEDfMRkVZYtmE8Y6tw==]]></Encrypt>
</xml>


2015-11-26 08:01:03 debug :
------------
String:
account-ticket<xml>
    <AppId><![CDATA[wxe5b18b9bd7e3626b]]></AppId>
    <Encrypt><![CDATA[xXtfIL2RAWkp/i5M3VV3RjsIyP/0I4xOjfeNtC1fbAZLEgCgTS0lCKM5oL96sp7dM7QCK+BHeZb3QWqYL5Sch7gtZYc9rnHl6F7x+Fp5HqG8bT2ATknOOoxp42g7oc+ycWQM0Ea8l47SH+Q/aCqBFLxI9mOKQroVCS39xAA+l7oZv7xgPXY6iSeikewN91OnfC3U+qCYH++7PHvlX5KASEDiBjfWRu+717n0Hmqvyx7+GSphwIQraIRO9FmGt4J6iEfqDGH4OBTMMU4+uevt0Zbc1uExgTdYlr7w/8phflDIE4LNhUkZ1rxJxQkQ9ibXpM7FLBfmcAAQ/V+wHSLvqTTcwEfFz+BOJERTjEQJ5FGDzaIq1+CT/zB2HFLHAWHbtcLKreJvOVsw0qXACc+PjhNbsBIygTqHtHme1DFsUEHOuFB7T0CDR2BTGjjsYWobzGq5g3Q/33Q5TQQM/0wAyA==]]></Encrypt>
</xml>


2015-11-26 08:11:00 debug :
------------
String:
account-ticket<xml>
    <AppId><![CDATA[wxe5b18b9bd7e3626b]]></AppId>
    <Encrypt><![CDATA[DHYj8ZCXw+AZmCZK1dRcU7H2EY0qB49cQ7AfDbXDqew2/YmKCKIrkG8ODyVv4SHEESNyIssqNSnkFMLF2iSvl0tssjvcOFkHX9RsiIeLgEK9Lc6hDnp+9nUyZbrgdnPcqNRr35Zd3EYBpnHJrmJQpfJEmki088lBMPCTAl+lX7KBBDuO+WVJPlN2EpKAciV+mXsuRZ06+FO4Kv7jW4gcJqGp6ArttngR0qTDQCkmt+hE8djFLJ+JyAHSEOOLKn3/S7rd1pw5tO0yZPOFtvB09rpQDj+TJcRI/QkTLnXN3WB9n/8aYtdRvPdt/9E6YYNUskmy4Csyfng4+3UQn5N1KNlFp+ZzkS1ogNbV3qaI/ditzEenbisaK4We3BzWJ8JT3lvUq9TZN7l4n5XphktgT9n8isT718xSeURx/cNYiEAl4pezRSOBhhn1Tv1riH8MGmlRLM3ZFXtqnAkeF8B+ag==]]></Encrypt>
</xml>


2015-11-26 08:21:00 debug :
------------
String:
account-ticket<xml>
    <AppId><![CDATA[wxe5b18b9bd7e3626b]]></AppId>
    <Encrypt><![CDATA[8W+gdVenpzTkgihzTHZatGCXvJxSFF4VgilHZEzVVqWxdNj5TReL474EfXRelowZcgXCBBLHeItPdoDZA0MzGtIi5zt4/sxPrPDJnPprPdmcpN5Xp9bUn3mTl0ZxA/LChXKYjG8n3nkk/5CSTA7OzCeBSriaz1ubJqeyNZHwM0sxkvOoLBnjJlrfKwrF/9sIj45HCbbf21qM8WqYITb7QQYOUZafn2NF5FveSLR7O9R4f6AEkrd0gEU1ZJmrgJoT9AQVWBpTV3JsLjubtTs5eWYIlVeXfRhOzKnTe3F3lS+D2bRPT4zn/fU3fFW3ts5wgI/MSOiVdrzBhzNHrllaVswBOY7h8LjDilKx+YqZtWGHs0b8I2WuQPu4w8o2uA5gmsUz/prLKZIXscvcTKzwaV/lhio1rRn4STTfogrWGI3yKSy0St8RYf/ZKMMpJ9V9a6jv0ll0I6O6P543rrompA==]]></Encrypt>
</xml>


2015-11-26 08:31:02 debug :
------------
String:
account-ticket<xml>
    <AppId><![CDATA[wxe5b18b9bd7e3626b]]></AppId>
    <Encrypt><![CDATA[si2A1EKJosnjEp0BdDR4lHtDrEpTI60FpcP9fnnZvlyeJVtnelYYNhtKVmdsg+4cF10MmFsuWUy6WaQt/luDuSyG9YZDehrfgLlBXhW0WHIk/zLnucNbLAVPZrDvX2gbMOgqUsULehIGOztmXcjK5YApi+eWDVKqOBBFJVbi5yIjOkeirUHi6H/Q+AduPa7uVM6D8jRq8O90GD2xwSISTKugJDx9ZUu3xBCgm+/5J1D7aj6tSmkvtIgavX5ZLFtgpOhVby5WY/2O5uelmVgQRLVRGf9IcCqr1s4+wkpwyOzsxwblFuPXSWnqm9qJlhhNTaHJjzjO0lWrroeULDBUqQDpWUSFyy/BhMNJatKjLPjPpWn0nGSU3k9leCinAfPUqnZWCVw5BBgRmXRm2zlNxNpLGN/oi4rTqBM6sRR/W2IMudljxxLj3mqgXxCb9B1xGT1sMUd5W6XhTowdIsp2Hw==]]></Encrypt>
</xml>


2015-11-26 08:41:06 debug :
------------
String:
account-ticket<xml>
    <AppId><![CDATA[wxe5b18b9bd7e3626b]]></AppId>
    <Encrypt><![CDATA[CfOJRBoAGFDgm/hLTUh85ytd9GE++aFuBtRJq6R02u+3PfO2Hv6jOBvk1LqnDpWH4/aj5IKzh4bg8C95f6Kq9sM7PhkaODdmMVTyBtj3YxA9naRHcd3iaACpWd2Idr7m0G7f/Pxawhy8H21WIielMs2JzM+UgZ5ZHZ/1Xai92Gdw4CUjE1m5yZ7mI8TTa4lNfRBScRo2WhhAcFpaxTMU3xcfkPp6akGJnM3X9Hsj02DExalL747mYIzwwAo6m24oY4fXFUMbJuh5RFXQ/fRF7K2y1Elsx0DZt89wMcYM3WFzuogZmg9lo8nTyZDbA2gd5bN9BhQjjFScjTfQCXYpkI3tbwIW4VjC+4LjoMdRkfDhz/gAbrdfDZBFW1tmxRMPSRSndlvwTvVNUV3p6oxNy3cYtqVMlFT6yWXq7YHiJ4YsrdCiMHSvV7o1quyC20d8D8wzex3PT0H9qMAeR1i8bw==]]></Encrypt>
</xml>


2015-11-26 08:51:02 debug :
------------
String:
account-ticket<xml>
    <AppId><![CDATA[wxe5b18b9bd7e3626b]]></AppId>
    <Encrypt><![CDATA[s66T4mxH5JWc8YDYmEQV5vwdQgvi/NAxePQbMml84W27oeledq4PqDyF8kcaiu/SKJzqUm/NDbGijd8yD6eYxmot/Ht4fFA1FC63jUB4gf8HouedlSg3oqYocs37cPH/lDw9LNU8Fhin9yekn4b+ny3hM3UVIs+GlQHqLyPeTAkLTwyGEPuzFLwlWU5ktKohbs95PMMprG32SvvjmaECropsWiWoho1PUjWB+AZBvRocAFUszSFquqkjSy7JGtnvfTinK5f4cgkIlHvg8uTMiRG75hFjqonduIcZBGfwN6WSQGcbTix09HYYTqvd4Il6kLIkJVJDvK0s5OY8k1SX7FtlDMQF9XjJ13Rd1VvfzPGi/CubCYyqZJC5QQJAC3zdzWs7UQqLvhqmgVRRgZ+xNz2nNcmjz2Xo3/86Z58Kfa5EgZ+JmOFd1AYV+bmSv7/6ovBLrt1PctmJ/3J3CQTeaQ==]]></Encrypt>
</xml>


2015-11-26 09:01:04 debug :
------------
String:
account-ticket<xml>
    <AppId><![CDATA[wxe5b18b9bd7e3626b]]></AppId>
    <Encrypt><![CDATA[Gs8RdFVgHTTKyIwiDSZfUZSSuW9ZktS8zZP0dRRNuUpe5GTs6MvLDBIl1j4iJAltk/7qCubsI5WNS7JyrUZH0X8aEVxMTFK0zX/liRKdd+Ba6WXrnB1dQZyFkjtmU1RAEy+pz/Y637xFyweSZZK7n2kWO5PoFbDgtTxpsI/9yyi3bsN/O8hPgcBxVsMyzj5Flww2uvFrXi3EFn1yAhG6oCGuOEhn8xB1pzWYgt1cZ5sjapDSOfg4bd2XAcRsaBJ1sp+hZnrumvLt/pLFfKKwujWjHV+61uzdFL9Qbg8XfyxGcWqyxRpeUwmQbxew0nyAQUG1tMcVAsemmjWDY9DKCs/u2LHlWanE5FgpSmbPXE3x8EAy4sE8ylfstrPpymmDTQcSFyxPtQG8XoRoi9CSixGh6rBK06ZxvJ2D20560HGHmLjkfHqe5O5ZS65Snug7amfNcT+XcUiWD22sEkoaNQ==]]></Encrypt>
</xml>


2015-11-26 09:11:03 debug :
------------
String:
account-ticket<xml>
    <AppId><![CDATA[wxe5b18b9bd7e3626b]]></AppId>
    <Encrypt><![CDATA[CubXhl1tyKyg80mcBBLwwfB7BY44f6M4NJo3fRI4v5oeyPB+V5SCT3AVK2fH6CdlTMHZTMuq39a+IqM9djcOGKau84MbAf29EbPxCu5X8vraR+L22mE1N+FBKZ66QtVhlCXR3znt50fMorYsjz4c6+E+UDrhRKmP5s1ZUCKSi23sdwhmtlVTkSZKz9i1D3yw4xFNGfZq5LAqDC98YLI3SdwooxS98QnrKm+HkcwGpbSAhToU/Nkdn3yYTbEMSKyD8HYSYlJ7DgBAEJcB+4/uqdZ2BvaLFVVf063qU954dJceBjzFMjO6J0g9BScmloHuOAXi7tO/e1UA/w3MHlShaprfmcwgdXeh5WyYMPdtfYbgmKnnDKjOvi455bqIucAuTZ0ezC66lTReJAX0n1vtTCjt6CAezFoBdPK/+YPON95khqvS5c2W4oWw7mVWAamrGZMrGwzkTGLLOs+h4TxEIg==]]></Encrypt>
</xml>


2015-11-26 09:21:03 debug :
------------
String:
account-ticket<xml>
    <AppId><![CDATA[wxe5b18b9bd7e3626b]]></AppId>
    <Encrypt><![CDATA[mJi8kt/6JICijRBWSZzvrq2PcG0Acy0d3KSL0UW2veIy/c0+e3CIaNHGIXrDFBjhL58JJ8CBBw/qIyPJzRWcNiTIVm8Wfq+vqPL4cYm10xN32dVHniqLpy0k0yPMyiLh6a3ghGyfLEkjhLEiEsv9E5VGQBNroIxFntobSpsM3XmlDlLfuRv+UOjhf1piltQ7M6vu7IN8vfUW3Obg87xybNS8ELPLSpAiACs4g+2CzcgnyIlN8CQV70FoaPY0xKgUW2yKFTtFH+B6pIoUear9fKVaZ9Jk90afb7LaxJpkI+gxRWnkSRptFOVzCiJtT57sH4IUWYapEZa3yERxdut3qQ28F+uDPmbdNHJlezKbtcGsvJVxgo/R37XKcpR8LsiFPFmmxg8rqyTMB3DJfNWQvVhZUsT4Xlws0BWjYPvrgqKW/qXaNVOKm6CVaD0E62aaSZhSwAHrDlXCqCboeMp3Ug==]]></Encrypt>
</xml>


2015-11-26 09:31:03 debug :
------------
String:
account-ticket<xml>
    <AppId><![CDATA[wxe5b18b9bd7e3626b]]></AppId>
    <Encrypt><![CDATA[ctfF9gIGtR4GECfl1LvxnsdggNB4qr1pci49JvCj/Ce1bFa5v45NtnalsQ78GTrinNEqCBD/lGZSpalT7YZjUcbsxqN+g4Ox7B5DoepUAmcRcERgaJHOqzWLQrlGl0nBR+DELacsQrvcrsDRg5CpuyQwOpJ1YvxaZhGUPW1ZIMxtK+hBGzfhBg+rc+SF8KdbDVh0zdX9zhj7wvLpmEY1Y+qa7u+0Ujjf7vkifYus7BhfTdmz828HJpSXkoW4LdpyTJJ61RrLie1iRbaEqz/xjKGzZxR841psECZ3XY8//+BNOUXBejGpMxIWpfeBKAjBNOAkhE2wi0RSY2Jak86a5UhM0S9NPUK6ORThGqdnv9aOECgGfjIin9sNn7h5d/Xqz+JEuYx0i4Aps6jH4mJ2q44KG8PlHxBuOIU+FA5D6UjyOEAdWa7GoQRa3WtxzpiCS+xGIayxjxSDY7G+QnS/Bw==]]></Encrypt>
</xml>


2015-11-26 09:41:03 debug :
------------
String:
account-ticket<xml>
    <AppId><![CDATA[wxe5b18b9bd7e3626b]]></AppId>
    <Encrypt><![CDATA[L2gHkefCWYjgHsJuafGtGfyrM6NKukTUE72ncag3ahXS4G0mebO1CvRdvlXOV18gzX/yWGNnUtCh4Pft8qQEDTenQP7UECaq/akRIHsuF6wgwzOREuOUHBMIEYW07tlZvWzSyMDpmGlsRBMucZkbXKwwhSpuSaI/H9JKjkNmy5DAidF5u72uuYjgF2PygzVp4XMiJPryLNuPqm2LOdFL0EmCD1goc52P28KjeK24ll5tQvlb+bSUCkHeyFGICcP7utDecuD8qUIpVa/nD7NRjmU4j2DWY+cwVS/4ttmouvuDbynSZPtF67chdnVMY2kN2T4lfbfWZmXjWvF6CFqAlzlFz9PEKf/08O4O2jMpMPkIp1YUw3abPu60dUH25/xEwfsTMkzWx4mekEKQIrbhllPXzF42k0jy9TQrtvqbYZdnPolhdLuBBM+OqZZZx56NVjvw7Y4qPXQdmAfuJXNTzQ==]]></Encrypt>
</xml>


2015-11-26 09:51:03 debug :
------------
String:
account-ticket<xml>
    <AppId><![CDATA[wxe5b18b9bd7e3626b]]></AppId>
    <Encrypt><![CDATA[PMNp28w4fJia/Bb1UqcDyMwihwqM43f/hqFPwZW4R1ecdp7vgoiP5T81DbMUmrsbgjtp6t9syHjOsKoRabOzVQ/VmUtd7IgjTPvqocF5Q1vbcMJh/fe/ijuPbUNXwe1gdedFSX7X4+Tl/lZi4mNmNYUSn/l1XAcUANsYtQ3KKCbbu/b3VZlR82pLriqlgfv7vXLYRzsdT8yOHhVwuv/nwXfAfiWd0/uVz7qJ3Wmeh0Fyi4avbx2PrpJaE3oTWfY762dsGDOuw+rZo9+1E01AI4kkYyptOBA8IkNvf2C26+ImKkLGSaytXuex5zIpe1mZ2DnhS62egGAp0xtDknzoyoYP9D7tTYOWOCpVKK83BPqIRxJgsU8UYXuOq+3eGkYGGnrITL+q0uZNFcDvY4q6Jfpmjj3HThGAozoEp60+7J0H1i1RCmG0MItCfEDxZoB0qqSjncSnqYwBa8Gg4fU2oQ==]]></Encrypt>
</xml>


2015-11-26 10:01:08 debug :
------------
String:
account-ticket<xml>
    <AppId><![CDATA[wxe5b18b9bd7e3626b]]></AppId>
    <Encrypt><![CDATA[mZoghBfTihDYi9LmESODETrpiI/7H6TXD7Hz7fo6G7d3AKh16Tj82f3g4e2mGsL4Eo3e5XjLybRh2KU7EFnKxK/ZO4QU9gH8O+WNo6n1+lXhCn7lnu6weTSLuKggmgYEdH3gopRrjrKGgF4STSUglGkWR926rT3oaXLom2SC+GirEVLR+vg5hzpLYmvcpHxA5pacB78lurz5jCw3MtAxag1HUGpi5FpGOb0IPX2DAtvO2SVreFNOuaGwWTRjMi4tTpnLfwHsYVmGqbzeP881Qqif0SC1pXudPx3Nfc0K5nteI36vnWFig5a8FlmcCVFR9m7CuzXfRSteYAxrDjHNfiRF7I6lHiunKb8fwfp/mlSV2sTrxn7wUPRpsuK3XUyrwZOwf3lI8Avb58By9bFSKI5C3ZTL4tf6OpckgC+OctTagvYudVn/UeJgtrPdcKICSbMpCfQJQjVEH7V7E+/7YA==]]></Encrypt>
</xml>


2015-11-26 10:11:06 debug :
------------
String:
account-ticket<xml>
    <AppId><![CDATA[wxe5b18b9bd7e3626b]]></AppId>
    <Encrypt><![CDATA[utRGjujltwxpRG2IMpeVanH8TND5P7UI0KlfX3mE7NL79NSlI2RXv+XHUyrZuI2IgpqwysP8jl4dfWXxuhWij6h8Bu2H1ml+kX8j+etjd0zWk/m5hGALV02tiU9daCFFOqlrMHBeMLk2d6znTAPmoP8qbrPdMs/HDmkSFuQkIJOJsZRPUbAWJV6SEqhapQ1hDnXga4ALlRAeflbJ2lXtrZXt2TO25HdWwo8G+EkbiTwjOCuKRrbHyTSBd7lgSqoqj9sdwhBvYbBWr0MgW1QIC3wwUBNKpq+dNsdKU6PhMAPKJ0CPMHxIYOujOhvjP7gLwNVMs8Btby/lnHkPcPkcnClY8KP93QbvSUREsM5qHiWJ4JFUOerIO1jMf/cJIoAR/J9kjz5YqlpRkTMVfP5gMF4HnAaOoabj8nguLECKiohToBEcWsI0Fwd/yPz4U5MeIWFkis9EvhUmTCX1ft7YfA==]]></Encrypt>
</xml>


2015-11-26 10:21:05 debug :
------------
String:
account-ticket<xml>
    <AppId><![CDATA[wxe5b18b9bd7e3626b]]></AppId>
    <Encrypt><![CDATA[XycMgO4Ac+9nMotKHhWrZ9e3NeaxsXrVOXynSa/3d4a+TMYVZhgURhIY25VQzjVXNT37kFeIY+nZjWfdLs2wD6JF8beg3h5v6dSnUcVEIge4Iapu5WswSsObb6cIT0TForFypV0u8O+zD7hxHU6ffaatXx3gBMXHwbwhPYFdX5PC0acahN7VfpiM6MoagRUPQVK5QRvdX2Ws7Yk+34pV9Qm8NnQjHfJw0z5BU+U57KU/S87C5EuclW3lbuf4fZ70vIYw9NU0ScBMuej1bU0P1LHw0DIv5ybCrkzeADlYA0X4ncZ3ICZrloe0ODo9RfYBwzdfW9J+yPdpFaErUy1G0JJ/kvgLjQT5WmgU1npka+Wu/p4+AOAD4MmvabW0UQ5R0UAODJro1WULpuOzGydGjwTx2Ui0NLfrhVStJNktrSryz2Q2lCU7ENurJ+TlR52xTjGHZZ5aL7kdXeto3U/NNA==]]></Encrypt>
</xml>


2015-11-26 10:31:06 debug :
------------
String:
account-ticket<xml>
    <AppId><![CDATA[wxe5b18b9bd7e3626b]]></AppId>
    <Encrypt><![CDATA[vvnOjxFXgGe+re/2bdEgx3ZwATPIuOqVLjksI9TUy/lnLJSHnYtmX7geqnfnnayA+xHEaI8B+9xFez9ToHwCZORJCjSvCv4O4TlpyFike7zqsWNaGYMqNRSI8h7MbZlrbv/aEvurNIH/j+rX6BVkOWPVDQI78WTezcbfnVDSz3MZkmKrlVbba0aK7TiUPyVWUwCA0753axq/YxDiH0wWwd+JmnMclEEHNeSrAm41hbp1eJx2NHZUYyrw0Xr+wFh0YNrHrIU+3GeHfXmLnIi3cCj87gN8skshV0xVa6xRI6cQ+CPnVNA57Pak48pDLYXbwpS+J6fzkjKRpTitYZoks376fcH6a+xbeowPcJXJDIxJz8F8qYXCxYlQYmE/SpGZPOLr1A6c1D75+S2fsNazEYciTEu2cgW9CQpBJC3poUQ5uBWoP0d6bCXaNA1UyVE2+clpNCg8znZLEJNygRn67g==]]></Encrypt>
</xml>


2015-11-26 10:41:04 debug :
------------
String:
account-ticket<xml>
    <AppId><![CDATA[wxe5b18b9bd7e3626b]]></AppId>
    <Encrypt><![CDATA[BF17oAGFs2TwU1nPeLOaBipa35jwCTDjmKSpz3j4tnfD1NS2/6LVl0ASBwis43l0pm2VAcROtpb7k0tSjDo3xZd1WfDjQCvl/vfU0OIPc2WgNA2lHNn9nThxFd+tK98RTjqlS/oljChEDBlBgTGqBzpNdnCl0qkJZh78l+yu0se9hTSKZr+bWDwVZpKK0sR54jn/X9RSmAcS6SxwOPS48ha0zABaoAwF6yfDAlPFlXr4/HMvsA6KHfMONgSSjgjFude9nFHgl1/bvUxt0Z7fBitTXisHlxYdBwIhoTP2KfRYFA9mupY8btXJVRyytdvpt/2nTsvgpcHq9pxWN6jCFTcIqUHmJUNzjPFazOeeEPx8AZGirUZzflsmiZlZsWs3QV0c3UTopIWMOGDVPx529skN2+tuRImIvuuAS5TEpNP+D3n6oySz4efSneKhtGEf3IQs0y5QbOInrvVKNTdvcQ==]]></Encrypt>
</xml>


2015-11-26 10:51:04 debug :
------------
String:
account-ticket<xml>
    <AppId><![CDATA[wxe5b18b9bd7e3626b]]></AppId>
    <Encrypt><![CDATA[El1h2ErZMqpStbPYCB7ap0AXHqm792S6/dxXzrai332k0nU60C+Qo2uN4afmw3+n/uFf4PtCzLjmfDizHS+nOkvMJW1TIenyFXMucqoabTMHJGb6sB8qyB8an1ZUSzcHhag0lCrMYUCqj65hOOURCRcesUyfa5pmYor1XNGJybwbvGBmQC+bkcqTh+IxV27UbJMgCoNG948xjhSvfV4B5c8qnTHMTXyneoJ0e3aVVCUAYdeOGApR9MQLjSCXcQKe03lVz3Sj3rhf8xjChb45dLJNTAQh6AVpEz1i9H+RN2Crg3Z9hWakcVf7VhsJe92jOtCQRqc2bd8d7cg13GdqwACEuDVC84jC+jMUc2GeRDDnpD+8ysJ2gWH6nPwyMLbUQhAE2lhZL7QeT5S8eqPjy9DdtGswCAdUYYkyxMx8zeUlJPZnMvkKW8dDJqLXxPf4N+rYMFpuBQm4fkdXhoipZA==]]></Encrypt>
</xml>


2015-11-26 11:01:06 debug :
------------
String:
account-ticket<xml>
    <AppId><![CDATA[wxe5b18b9bd7e3626b]]></AppId>
    <Encrypt><![CDATA[Pk8ADVGHrf5Hi/h7VanYN6btojak6T+OrwrgkkzFldzLoAEh43P8iHwoYFGoDOSvwPODyZ2z5KS14gaXH4cEGn3pL6w9Pfjlv9XedVWElqoxAvgOC18gTd4By3Yny+RCrHYGqoqAi1+rJpSiFwwLwCj+lzr1Bv9/4/FQS3i2y7f0AvwWUuw+ZtuniHCt7v4ekPiPsmRaz/G741b+CrfDk6lBRiISclveAgEQ6QNa3U5rNinNpBs6LEzcEvSPgmZFNb+qkqBMZ0rRrzhl2Q0+ihviWeBIVhdlEcJw+VHOESemAvAH3cVlYDGkmUUSF0wbOq2LyyOd1YgS5Bqmc6+tbrT2GIO8MSIRAaw1joVU3bWS1yrNhVr326lefx4JpqSDreEUAWcTX5rwNWgeeQtVu2UrMaVLSe5uDDBz9epNVp8igQ4Slw1xt2Yot0VKkkCRgpUOQ+j+8XTtq1wCXYJd/Q==]]></Encrypt>
</xml>


2015-11-26 11:11:05 debug :
------------
String:
account-ticket<xml>
    <AppId><![CDATA[wxe5b18b9bd7e3626b]]></AppId>
    <Encrypt><![CDATA[B0An7JlPnJuVSqVu8SX7lBRbpS/jObo2PYgIH6WhLRd1rWlyeFBeIekWz8xipona7WomHGLYuRr9MF7U63oCKfTVmLpWAjp2PiIf9EkCQTyuIbQ+CIrdO0amUtWDsqxZQyaAWKjYH2FooB4A/LUBHbJ3pB+jYqr8rOrLp+8MaKJJY1jPoUHc/pnPePWhSQjh3TV2ZGdJCo/dYP0NqAHrtbE0K1PQHsX82trkEWZyBUWJu7LdDcGtOovxwy6W2BQUhA1Ekd8NZ0v9MyCq6tF1ulb5ykre4YKEcqX9wGhnOlV43UFFw2FDuBYET74IhUvfLtbXzqp19lYvmPIMMYRaZ72AzKef/EnTNAAAZxfOOEhDygV+iZdiiyrqWRv2e9YISSG40PKCytMVg8viFyjFsZcuNt2tyngf3S1/hmH0pfvj8sEcg0G6jEwKjPVPptJxddj/R5nKzSWR3fK9IsMSQg==]]></Encrypt>
</xml>


2015-11-26 11:21:05 debug :
------------
String:
account-ticket<xml>
    <AppId><![CDATA[wxe5b18b9bd7e3626b]]></AppId>
    <Encrypt><![CDATA[jjrxAJgNMTMnC7XdGzE6zpqvDr7NQLJyM9yPnpA2zmsGN+nQAyzUoh4ScGJ43jlSfyWMaskmP74fN1CPx3V8/qTNHgUfwbmz0lHBWAqjyUXQiNHtxObvfIfZFgq0hPZvX7OHCoUL/GYCqOTxqE8EIF03Y8V0cPTsneTc9g0eKShI7gREWG/Jf8CziedVNqMahZws5IaPhJdnFvrwQ2YGjc9UgVp0h9E0Xnewxd1WPg+3FEfjmSwEHjYzhmQswxnyr2lQzyAv6GN5VchnL421qqEpoMI3XqM941UCWufgu5HONgAaTOX/ybh1Fp9TKIodmVEfaraIAuuKNvny8WKBmkSpDPooySNR7dQvnGLJDnAu22skrPymWsgRcaQvMMt4Ck0Uri734jwiAaRUqrMJvK6Ocji0iwKM2eaoWEj8jELiF9PTb1fqzVZ/jOMIS+uWnPLPmDnkZtWw/7y/faOEPg==]]></Encrypt>
</xml>


2015-11-26 11:31:07 debug :
------------
String:
account-ticket<xml>
    <AppId><![CDATA[wxe5b18b9bd7e3626b]]></AppId>
    <Encrypt><![CDATA[FjyvMo6/QeygyrnX+0l62uLuppxlLNkwvnpJFUnGiazgXnLbBlxwJ2B/inUSW+3BC5xocei2gThnHVkDovcJyfa+oCpzgbKlehcF0k9pViiYbxuOPfsP3GIZB4cZC8F/vhkZYBVsD2ITZ8bB+N48qM9ob6H00ybStFEK0AvEsuJ2IxqMK3zAlcuHKfzEU9CMhWUXg3sl3Q/VeDbpfw3WLss56qdlOd2uz2hZYxZuU+88UYqf7mHeBmS2Fc6FJpKBKcKNRa8yv7/2SPhoy2UVPQZLKuQ5jVmee+osQ6uPN6GurmLlIn930qEHXlsEobnV0oGhtuB++b7KQKmd8kt86AuidqTFRUK0yJHJkKjW1pFAogPS8JUl+1DMOD1MZ/PleFQ6qXt9mz4AH4lfZplaJXq2TrRNKLxEpA53x7sW3KOo6Wi1q3SQWIQpDaiNGIFx7mbWrWcVDSaNeX9z6AhzOQ==]]></Encrypt>
</xml>


2015-11-26 11:41:03 debug :
------------
String:
account-ticket<xml>
    <AppId><![CDATA[wxe5b18b9bd7e3626b]]></AppId>
    <Encrypt><![CDATA[ZTI+ChFQ179gm5ZBVVKCfvq4Ia1XseQjkWT46cFz3l1cxoo6Kxqjwm4MlvVOEJfWVHVWSPMX4cxuiR89/ZEVA9V+rhJvn7jip7zjOkSqvcSVFaaNUbhpyyN0rlpTTtuL1Q2SYYpzBRTf4JFwTMuPsSqJ1iZokzpnf9aH6oGk4NsS86Nq8P+uU67WFBKCsgpSQRUJOfQ6PUB95/Wu7sZt6HclKz+6JT09twbn2kJJ1ueCRZQo5CgD7enpO2MfKFAfwhfvwcM+WlCQnE3nwrl9Idq9rSmAFFrm7jGGhE1Y2gg9r5TLLbEPrApssfJshBBjz52lU+vfkGci02mVO/MzmNTSw0DSomPcRM7IulzqvNkivwAgg8I3TkoMe0/JmkswunY41o491k4D+Q9yKdb35/IbnEH3REY1DVKjQN15x/v6lKjDB7J+1+kx3by1zeqq1rXpi7+mX1lcGSTgiou9fA==]]></Encrypt>
</xml>


2015-11-26 11:51:05 debug :
------------
String:
account-ticket<xml>
    <AppId><![CDATA[wxe5b18b9bd7e3626b]]></AppId>
    <Encrypt><![CDATA[Lp2Mfo5hkCn8KP/X27scPbJTY+JPLuxlI0QPipb+OrZbtYCuq0xraRDH7Febchw9uySc6TQRkV2Qgx+KujqxljNFdeCcEt6gRIq6otS0wJJNR2ySFyeHqCE1VhcSsMOA2G57fm/cMxFnnJqd7tdA4KQmBi98/cZA0UzG75nM1rhFMXS+QhEdBdx6vXxp7fxmaK0IQ0jhLxk53Go68O/3GksyskbE7jyQ1N4yHOdmZdy+D704Awl8Wai7EdpUY21BcHdqU+oSxwwEwUTmBCnmqsMmckGe6Th/mWQzARDPAAFbdvnqQuSAU2ufgHR8ebJ2k5Thhop84kysQITrghbXwmqa/PFRZkFY3QSM8P5oTjD23rGHaMALV+hkd/RYHACBKsg1glgMo1gGjuO+m4mcJLLPk5RBAHB6px6Wdozj0nmD9ZTCYlNfDVuIa/b/Kv0Ud791Bc3MOHkP1G+XPhOtPw==]]></Encrypt>
</xml>


2015-11-26 12:01:06 debug :
------------
String:
account-ticket<xml>
    <AppId><![CDATA[wxe5b18b9bd7e3626b]]></AppId>
    <Encrypt><![CDATA[UuwNaDmb1J1zeQIwdbBMuV8ZhofBJ/ssnDz766Qx27e2riCbN358VBT/eEse5UTQat9WJQ2MeYN+8WSARrqNxa2YrSXPq5ibZ/KPGtnkWLr02GvTta9Pu9kLQqtsVCAL9zghIQIatbv5ikEZyXe3GF7g24d/Tkz9svNCpmynnLQ/wlbUADJnxGNgY6VJYx8PC+pf4PqKEdm51M1bvuMjFSrGtsVKSErsjnNlKHKE5/qPpNSbguI9krwV3DkscIiTi0nYgSN9bIIIK0Jn6KBz41YiRHp9OXhloeKNYYXIVhT+WDasSay3pdD+5NxBXgwns2eqpQ6ioSdLxx/x8kyc/orEyYLPKGGX4/gdSkkURl38NDC0NwHJRwWnu5Yf+ZxAunRVKJH3l6SxX3FK0dHpi1ktly5Y9yU1L+B8rD5jds2StaQKKXzgEKTslND4M+jPT6FaCZocqYamLwGzhe2A2w==]]></Encrypt>
</xml>


2015-11-26 12:11:04 debug :
------------
String:
account-ticket<xml>
    <AppId><![CDATA[wxe5b18b9bd7e3626b]]></AppId>
    <Encrypt><![CDATA[DDenEY6oui6mG5IuLiG/j0ud4H0rKVFt8EyR1ZRzyRfA8WZu0bJd/qOx5oVkfXknJlni7zPa9gDRWFSwRlnt82dLBs2ONzTWxQuddc090B2kO13RWrX/Q3kPePIVJ4qB4uP6FgZSgTtKq44rPxDCOhyo7iKL9Db3BGCp5VlsGvxonymoOgVgDvePN35zfL4dmElFQzGDCPzzP5z1OcffbWXus8nho+I7g7iK/jk2HWXZwg9+p91WCAaRi4yjAWOCS9w3PU5ClE44yhBdOB1MWanLPj6WYWolKY+Przs5QGOPjpSe7ujBWKjDr3oMW+F8huPWVFxHY+PFw1P2xbkYgiPKOYRsCh0/0Zr9JFvWF92zwxow9FQ7vKOFyAqrh1aK/8mgeJD53sHXnQVc6Gx3Gh/ihYWbvmcc78Ml9fW8LArhY2eg2JPn7PqZc2GH4Rl6c4GSReEXd1xZLe+EoeHx+g==]]></Encrypt>
</xml>


2015-11-26 12:21:05 debug :
------------
String:
account-ticket<xml>
    <AppId><![CDATA[wxe5b18b9bd7e3626b]]></AppId>
    <Encrypt><![CDATA[YL2LWET6s+COLLX7cvS3Yr3k4Vg+eMe9lk8fRhGvBlZ9ZqBe0r2yDJbJP0jrLdl1uMAUkZ+AjOe2LYYWU1flkky/bhkrFZLvsQcYPup9Toz1JL2xF75VmY4va4lX+LaWjEDeMQnd9EXpffDyB9Dilort88M/qmNfEL5xjZnJ9hriTkS5cMg9GTzWoHaxn6q6jvHp2xNQJNLITIb3ARdcrPHDL/2ZfraNCfb6U7wapXaiCDbS/6hENR1iFZSXGHolDn2M0rIOvXZII6jWDX+Qtyzaq8V02nN4kg3NXfmWNOiTO5fdH8fRXmDytUVreLK12YZkR87uRwlyh0IykRWftK8ozlSeN73CJ49Nv8s3BI6Ke2nqAHKSVwAJ3X+NNgzKS7yPMe4zhjISW9YEOL3ccdIfyQQJaFNTyEjT47jHEHWidVqiQdQml7qTCbEB0xZPS+UErDB++pNngQLSCDZXxQ==]]></Encrypt>
</xml>


2015-11-26 12:31:03 debug :
------------
String:
account-ticket<xml>
    <AppId><![CDATA[wxe5b18b9bd7e3626b]]></AppId>
    <Encrypt><![CDATA[jKQeU0mGtX0wJUgVJuVXPfCcqbVHqg7bnmBZ7FyNBm4KVXdnFf83l+BadygRikDh0PpprpNI5j3neczwqkmeLtWpgqvrtAl52c9AcTrdrJBvQOm0ihWllvWCDdJ3GAF19jFUYAbTyFDbIEMuNJbF3PPKNXBPlerRt6T3e2VD9ZX/pcMhT3Eha9BZbqbqBpqLDV5VgRSZSpoQhwN0pbrM5WVc2iKJxURkUaTkQ1c8NZe1qoCbU27DOzr+ysr2WwsMgJk/vQDLWZqGSqJ3xIQ5HZMD0tmqujriaduyQHHeclQWG0/vqYhsfT6MHaFoORHYG/B3J44JPz+oeFzbokwQpL8HFaDadVr2pCOzaSyQpdHd3L0qbwcVZ7hIkboEG1DOd7su5sHtlmzGZkmLFSLEFjAerMjr++rvNbWBrz79F6toDjweol4dBX85LzW2xwR9UeR7VtqdMUuVpS+n9vO/eQ==]]></Encrypt>
</xml>


2015-11-26 12:41:04 debug :
------------
String:
account-ticket<xml>
    <AppId><![CDATA[wxe5b18b9bd7e3626b]]></AppId>
    <Encrypt><![CDATA[6qOc/tRShTNFKNKdbxcbPFyCJbh6f6JPx+Jdg9zVbr8AGhu/o+doucKQVXP55m2+1iiXsyKlT65sqhFREdmnkP25uJeLAML42m4V6rOQ+zEZolt0/LAiqKO8AeIBnp2RfLRYnaM3d+prwydyPiqFkZxTlexwnv8kevDAlDuek90bEbfdZtJrnBW8ji2QHoKDhaMiyIAlacR24DDNOyje7hFKwt43X1oxTrx2NhUy2SJlRxPVy72uXzwctrf6WTt32Z2xQ8lpiDrX22QiI9fKDgR2tAAnXYVytKhbNuirzmJFrixL7vG34n96po0kF/xhHxv5IAhplLuGTuJqaGI8Uo9mP1cQfo96mVkgSlo6TlQLGFnAQh0QimLvxX/FVM5gO/jh1jEv+4hbgZG6N5R9jxbseTllNLpLi2yYHt7INDfrGT/sStTSrYOq1kJt76xtfQV3BoXhYrefJBT99B+Cug==]]></Encrypt>
</xml>


2015-11-26 12:51:02 debug :
------------
String:
account-ticket<xml>
    <AppId><![CDATA[wxe5b18b9bd7e3626b]]></AppId>
    <Encrypt><![CDATA[kFVmam2w9Q63QPtNBRjvPp2xlmug9W6yHS+WNBNpMT6w8GEacsemxujMNILm8wa7VF2eiOWSMwuzowb2o3jAilCK3MQFz2W8R8c+DcOZkQ5z0MlO+jB2fvaIeacQx4QS4NDZchrkzWFamP1xSqs/QP99G5jn4v5RtFVjmj8p4EP/9TFZHezWdICNK7Q3K5Dy5n9FWkqu/uEbJZypEKUrg6RYQOlqTD9PCvwUMjclvKAij4BlYGSvIZpCugZVfiQpEVel+lg7dgQv3gEoBmSzDA66cgNPEAChoADpPiklU7h9MigE7KrPyLu5ux9gWJTt/ENU8r+aP7Swj3zkEfSM17FpIKybVGbXnV8AuXz6WlrL9m4k2obv39VnvZyv1IlKe21AYP8oHH7cQOr50O9du2ueZ1jRiDS1pfjOIBBe1OTAcB1TyllQ0L8+a9QSzlUJVhQV4h4YVRfbxtNzpkY+4Q==]]></Encrypt>
</xml>


2015-11-26 13:01:05 debug :
------------
String:
account-ticket<xml>
    <AppId><![CDATA[wxe5b18b9bd7e3626b]]></AppId>
    <Encrypt><![CDATA[AIH651sVqRojPbgyNUdEG9ileJuRtQRkhXc1pOfoA/mrM2rBmlxS+UM0INcNJbWyQUjKQ7DgOghoE4MdmD7sgtjmY+2ok3q7OpAHAiTxNeZZgffSV0lJKiWq5F+ATK+ojT7TNx19cpbfAkApHFIiGd7fu/BFJ2d3cKPkxjFV9kcBUrMEqLnO5U9f4fd/CsH95cBE8b6+CiHjVsSovGSp87tdSKunDypeyW0ccZ6Qx+UbbCmsj3/2FrTdFSGddHvV5k6Z7GBbwJzc6ZiO5UdFZLIabRdpiSPn5b2F+W76K3TkHalajVI5rJ6i3nykbXRGwHXNDLu+bEKWauopnX/a1ih/ase1lUyT0Y6jCd8t8yTooV5bgvSbDWA3jeB6aqMjvwV19DZTnwadJv+5/LWF2uCgwkjB6lfTW1ppL+1gmXueJZWYAY2Pul2NsVXl78E+VyJpIR5Aluj/gAg65kjr3A==]]></Encrypt>
</xml>


2015-11-26 13:11:03 debug :
------------
String:
account-ticket<xml>
    <AppId><![CDATA[wxe5b18b9bd7e3626b]]></AppId>
    <Encrypt><![CDATA[CP1tAWRnTOl0H4cFeL27R/RuiIkHUhmqxe9wUgUfN4X7ohdFO9CGJM7nbmsADsUciaFunjwI8yGjYhlO+fxg6A1cGvh683FUsEqD5WBfrhGc5SLd7sdZxxf8rwcM7+Ir/Bg5pu1LBfYk+3rQjP3Q5tK/PCINi1mqp3ofX/bZk1v8QgAhEZ8NOTWpmlzVpoUxlaicBuIPt+Y0w3c6Xri2z158NkMoTg1SiASv5pBYkRmJPP0eg+B6mX5AV8yEsi6dPNFNBOkqhA+jGKP8V5b80BnwPBkpDrlWGqcKl5hZuO5DdVb0mL0MX37Bj1/U5//IYeqdOC1Th/52GI3ts/7OSRYBOSurKOeh+Pajsz+nQJv2zFMCM8nuag82d64ypLfhNat3suiZGpZ9K/HGUEpEQ6XVJkG0VxtqdtSqXkpOa82LRkgKyX6f10v2pTd5R8RXSl4fKtyX20uZiWuA3lBzPA==]]></Encrypt>
</xml>


2015-11-26 13:21:03 debug :
------------
String:
account-ticket<xml>
    <AppId><![CDATA[wxe5b18b9bd7e3626b]]></AppId>
    <Encrypt><![CDATA[nD7tRNORqHxXJKDPtVBmlbEuEW2OVHSR5GgJ1X7CJYSCLCP9ijqOVDaJRF1Nh6TlsdrfKxYzBRvrGI9lUutb/mGTbQx+fZSKIOP0VvzArFs2S+dR4AWr7BZPX1ltNw89shfVnVG1y5uTJh6tamhhqHLIa/QKGJuMzLX79w6J73WsiqdckRq7oZbF9FLFCTox1GwTLXEtDNZetIc6oCs5OgX443gfbPI38QjJfc5zVVzo7M0l1iiVtPrPJ7Gm5NqBkHLuMOUyw1dWrMeZuYQrh1/oeImoWPfLqFjrVVkKFgkhvLQlRjg8q+lig7Q3XIZ2IlRkABO8+oGJ/S/al7m1taxkWerweGZsSlPRbvIZ7PRTwvqomXr5LZE9aCnU2LyUEZUSOb/20dQpocfYySQ1vKiAVcSJcev0Pm3UsUdmyeANm8GYpUtchabrVNCsxcbNckwVHrV3vbC0qawaq7yHig==]]></Encrypt>
</xml>


2015-11-26 13:31:04 debug :
------------
String:
account-ticket<xml>
    <AppId><![CDATA[wxe5b18b9bd7e3626b]]></AppId>
    <Encrypt><![CDATA[rqUveGsG+FIc8lK+P9UuuNRMKP08qlrLWQS2W4JRxi0xOumQQdULp0YQKdWc9wC/GOjEqjjUfyV5wreJDrM9PTUs/2Vhd9WvuyZitSFKah3/eZNBrOm8YexcujjOSvFszkTMUVcZMAWoCcpmol1SXm/8KAL/mR1RqDrE3wKZOY8GKCHziuWdkVxqbdeXvxUDQuuOP5w4M7awVqFHeGMVtHLDV860SPK2ueq8wIQumA1OV4a/wrRU3U737OCFPxaHuYjsWIhCMqQWPqbzi/o6NlGi8QoOinlcK7RY+yuhe6XDGoMyfAlMRatAsyzMoFkJcGCM/WElvLkehbD1uWR+CLIZaBf4iRNYEDEOLj/hK1mJCrXffDuD0Md6ETOtXe1y/0ifWIMCgJizamMHlmpvrrIRhOv/RCf712eWjxEf49YTC+lCrAkSmRghwiwxEc5MDkGFKA5Wq3PxG4QzGuNbyA==]]></Encrypt>
</xml>


2015-11-26 13:41:06 debug :
------------
String:
account-ticket<xml>
    <AppId><![CDATA[wxe5b18b9bd7e3626b]]></AppId>
    <Encrypt><![CDATA[J4NE859I+EaU3ckXov6FG0jstAYeVO6G+zi7c/r2DDJ0DJT0qzyfX3nbW3Fcxx861VKpEHQOxp+46+SMxi4cZJ/2pwgfIpq7G4gJAUKSWHZ+GF25dAbhGmcW8GK9Xmib+ikVgKV6IIOECwlyvwnAAuU10WJU+gooW1kWmLCXxCYqCeySL2cEa3caSCD2V8lEeuyUUQYbj0R0bKchcSpgRF/OLIT4eZspUEmkYxghylVkcb+E6xWfBS+5gKY63gSz+mczK5g/LC1iOuflDZfiNBZ1XfmL69Qm5Iq8XGtgH9diq4I60EOW/GbNcs0e0JhSNLMGGEXwDry/n2y6bRrwGSZ1PKtBcxwr/JcY3Wk6xDurcD1xLzy4/JxYZXgi2OdR5oepmQtXOFG4EXlfepYy2oBGDMzTsAE5yCKWzYBG/iCav1meb0sc5DpFWuqXBuw6s3ZqntetIoQJz4Cbtp+rjQ==]]></Encrypt>
</xml>


2015-11-26 13:51:03 debug :
------------
String:
account-ticket<xml>
    <AppId><![CDATA[wxe5b18b9bd7e3626b]]></AppId>
    <Encrypt><![CDATA[T5uwB03xdY1tm5dmRS3NiWF6PhGLg2KfH84eVS2wRrBVNKMOGldKMxzPh2KwaCV5uZ7VMBz6N26YucsqlnJbi5tGPnzwNkAklvn/d9JZFsCIlq3le5bwoizdpB8cywHOJz/VA6z0BSQTPbjDd1/V7Go7OJpSsl6oLDluh6DD1dbh5BtA26qWCKxgpyoEJUjtoyTBm2xQ697+RWQwStgGkHmLMG/WgJY1AksScHwM6Dznz/w8ow7+sM+HNAlCjXrYJWvBXFxCAntc65txHDKPrN9lKnIPrDHC9WZeV1iw/B4hm3oYz0mdeVAouCcZ8F77G1s9pfCiT+fRBTcaGj+OQeOE3slBdd6wDpKUv6Mu1s5Anu03s89AMjfRvkQenOVe5HmnUDts2bNQPZOY+ah9s0bLTMmP9gL4Wzw+G2JwrrJqPZFWXCRZaGdS+5i2ZWONKgpqoz3rYZdB7a65FdFbBA==]]></Encrypt>
</xml>


2015-11-26 14:01:05 debug :
------------
String:
account-ticket<xml>
    <AppId><![CDATA[wxe5b18b9bd7e3626b]]></AppId>
    <Encrypt><![CDATA[8JVnsw1lruKkAic2W5q5zWmEmyhjyboK1ynqBPO/QhotaRzzCP5EpfBMPvOzKTne3X/JeW2Ri/3FCdnwZmjJvlFBdHC0UV/A6FHJBFN9eS2As/XnlJF1MyZPhdlSe3m8n7lmq0j/wLCHrGK76SiBFZUKqzEWmUO4JkpZBVAedsNN8b9G8bpXnAa35xVtOMvpEISJP4dMudp6x9q+ekp6m58kQTSCiHvuOly2JJSvMxR6A0lBYLMiVwoIaAAV5Xt6GdydZ/YaHK3n9+owB7SUVvZMo8o2zxuU2rHYJnpf4q1sFrfvZ4Q1/NmeEBP7DHGgdZYY4HujChMj0uZ0/VkuM94Ax0HXRTNUlYO8wrQhRyv7jK0VlYSLZtMbRpQR5khvsdTvdxGSSCD+P8Z5joXYO7WzPDdLyyznspVKuFoeXz7ZVipbAQIlsQs1OfUQcMBS/Po4VDD1iJX721Jg1Xgvgg==]]></Encrypt>
</xml>


2015-11-26 14:11:04 debug :
------------
String:
account-ticket<xml>
    <AppId><![CDATA[wxe5b18b9bd7e3626b]]></AppId>
    <Encrypt><![CDATA[IvOh1C12V+3XeZXDHDgF9NE42VEhm3yHT9hTEPyaCLvDFj95MAh+NAejpVNpRSYDRRBAO0UKrtv+d5wPe1Kz2Mauq/On0xYs55uWLk/8uWoaM25p78WmrBF6yKWVmib8b/vg+jxWz15o6ewlkpnJlsAcYhCyQxxJUjOuvq2wz7V/pL4zDgZXu0bqskRcTjNIIjzAz41GlrcD5PZYaE6+GD7eH7MWSt8UBXk/oxUm+pzVsVA1vqJJcl0z6mRImKA5x7p/cgC6S6LczfxyIh6brTmtfDGLvd5CWA03gK4js1geYiSI6GzP0IGZBhwCJbcYdAvka4s7ZfRUp/20CPttUH1Dx2xFFtnnIQC1VI+OWzLHgd60xFyV1piZMvtOH5RG7cPvIFFJnCBoDtjrFl/LjGJVS6BlNYYV5rrCbl2/8l8bKRdqH/pD/uNHLFCa76gHW9YHtQtqKzN5xoriBP26FQ==]]></Encrypt>
</xml>


2015-11-26 14:21:04 debug :
------------
String:
account-ticket<xml>
    <AppId><![CDATA[wxe5b18b9bd7e3626b]]></AppId>
    <Encrypt><![CDATA[Hac1KZPTvPabWOUHC15jAxFuM8gRMEGZAxnkcXoPBvCpeE8j8AOYl7ZWHt4bOJSjYikJM8p3luUSpR5P6yz2I3sI0taB3GKvcvXdoBCXQc9CgvwBZFQYs8t1lf23Z3umZ7lB+KjJe6PrXLmLXaBH4UGRy9tuREBBDlXF8h4MHz/IQzWU1GLudZte5yGwZZtFPYfNMQdph91ht0eL0H0lveG1IbhSKXINPZo+LZEgqmk9OfQCB1mupT+ckzYYvHIWLnBDokMGn3UpgiOA4H+40yHB0yiyXBmkVlQAvaUyM6TyZFeD0mvVS1ysSzQumYYv3Gb6XHVHibvu01vMOdutgCCZpSCaKr84RbgUvsLSXsNPZEKSbzgNsSZK8eot5PfnZKIn3rUURGjPc/fUrUEXkwcICA7uFtTzKr2vFnTjpUPOk+q6jpNKxjuUtayHUdPGyO4sj0UD1DCzN7jq1Jjf6A==]]></Encrypt>
</xml>


2015-11-26 14:31:04 debug :
------------
String:
account-ticket<xml>
    <AppId><![CDATA[wxe5b18b9bd7e3626b]]></AppId>
    <Encrypt><![CDATA[gMfOJRai7FXOITrKfggVa0GE1jH3JRgN0I2HQc3Tn78atdIzr3CDRfHMj2nArcyiCzeKHo1otlW7rFV9tyreZInWFaiq+2XOvvcpPj7fT/M7fqJ/QNZqMDthK+taNVtCeSXkJXEASt4wtxElOunUNfdrj0OFN71JnNUqcaZbNQvjgSnllz8/pOX49KOlWOtsWu8Zhrwn0V+wmNt0fnVt+iMBcSZEuzoisw9CsB10hrilun7hMVy1Wjk/4Ja75c/yxRxwSGukZNt8ZGzN4xl1dWcKtNxKKpdtvKNthL11o5BIdSjr08jVhfP2FWGD6DzXfdyVUUj58XpYfoQGtxO/x2uhHJi5zxY0fEX1dONw9fU7ZDYA43SKSQS7Qt4Lr+thHnsRVjDurF5B0MoxTL1OvgrsQ+21FbjqMM5ld3owIpnv4cVrxosSbpQetLxmttfw1c99U2lsNqh86JMQR0Sskg==]]></Encrypt>
</xml>


2015-11-26 14:41:03 debug :
------------
String:
account-ticket<xml>
    <AppId><![CDATA[wxe5b18b9bd7e3626b]]></AppId>
    <Encrypt><![CDATA[I4vgHQG1sahkJD08mkIoDtZOI4qrTuNubLccw2qDrpUF3iF0EvcLnRaJZkbC1XLVwa5CL+4OyuXyv1UqBjDAyX+1q+5137p2LILGro88G5uhyL4mSqIXakqLtLcs9jS4CMJmHbNRX8E8/fvCtjupPggVtrMfNSICrapMzmgUdJOmLg+WAXJQIeuotoHJaXTOFYhGgIQx+3b7+W85v4h2denpdJAezP15LV9tWNbD5z4Z/YKyANAyT8R8XenNHcfvwsyXhMmQcfnwkj/pnDgPHtmFMZzdYkTMb20LvS6ctM0h+Ujtndjzec68TN1pOQg/6iIs3bQAiEjnbSQxgHUnb8SkGYsU7LMhXT71ZZ8X+TOA0+HpWKOeZ4K9ZQtUZzC3vEtoWW6qHhK1gGCtzXgb1PSGUaj654o3M1Mrd+vqx3/72O/160wGEz7fjuJxfGW/pO2CcZFH00ULEENi27M4Ng==]]></Encrypt>
</xml>


2015-11-26 14:51:02 debug :
------------
String:
account-ticket<xml>
    <AppId><![CDATA[wxe5b18b9bd7e3626b]]></AppId>
    <Encrypt><![CDATA[P9yl5XCL2PtHcBI/qj2BOrecNqK9GHj0yJ3ul6IT7iGnCV6UxcCz8GQOJO15CrgTxpIah+YGUhTRJ+4OIJyJ4kOcRjoW9QVj9Yi4vYbGckQCLV7iuLWoF6hShnvYwRTe5vPt6Qx8D3w5f1z5q8rLhtXwj39iKpRODIe2E/gE5FIjB3Y03DKSX4952p+hnbPfii3Yr55+ASVj+Q2qJ5AjcW4XEAE4+qd6viPLx4mQT/drmBBTTx1eyuE4649XoN0XVO4uTy0b46F+9kv1PIP6f2aRvHEG0ANPmzxgExwPOYsX1PC0023CxOMJXV3g4pgPoiRzqm4wsoJT2O+RW4nx5zj8KbbDc4lfuFW+49tOloXOzAviaBDQOvTTsi8wq7JlRDeb310xCbsf7lq9WjwI91bZW8jHJXEWOpo6G9B6DJFVz0hc+JQNPnA712Hjglwi1+xwaxQZkR8Dxb5uSUa/JA==]]></Encrypt>
</xml>


2015-11-26 15:01:07 debug :
------------
String:
account-ticket<xml>
    <AppId><![CDATA[wxe5b18b9bd7e3626b]]></AppId>
    <Encrypt><![CDATA[zWfOMSgmLlVkBx+dGI4UJHXH0bfv263kMFVbnMAqIyrtb+jIyC9P6S70Salp1AGlWupgXAkey8oAPpTBknmN6YYhDj4g+CtkpZCOebQIrSmRgkj9JLcHs+IjjBmgHDz9jzfsuxjsPITn27umqiTYKvnbcfOzi7aF8tpJYf6H7tw6ZaPn0mn5h/zKQXiOWsO5cryzx516Z0XLMUOFspJeyesFdUwCFIb966AupSqzNE8ciywG/o4rAcCzBETTYRFJHBtT/Ep2fJI8q7W/aXDgGags0STODoz2kzm4PJLjWJVufdCnd/8I9apUh3Fd52+m8vnw136oIqIgsEqjEtoDKOHWud8e/FQUeTglWNhXmbM8zCkrZJ1aHeNsDFQ5FmpPA61lxtJrXJ4DX8oDnKDdG8JvZfwGne8Kki+CYLWpvdU187I6xrAKY27OWTgZi4iwGOL0K6NVroaAoOdaN9WrHw==]]></Encrypt>
</xml>


2015-11-26 15:11:04 debug :
------------
String:
account-ticket<xml>
    <AppId><![CDATA[wxe5b18b9bd7e3626b]]></AppId>
    <Encrypt><![CDATA[ieBVrtgzTlKavCcEfa/i66Nbcdqg7I36DhGd0IdHcj24OFxn1l+LezhV8cZ+bdekmwxeBrUx0ouQqOpvJ12SInrghUb/m6+qZ1utErcuScy4V4nsbFXBCI+QAHeh6HWG+GoXup078TY2xWKH0xhdVUK9J3bOwHHFj2xDrfQW0pKwzcCZd7YpwH3/Ew83fYQMp7jAdBUT7tm8J1MYEL9balsdGKSdvrePIl0YSqNF8CeNpYCEwXBCNh+GK2tbblkSy/N357mgNCnu+bbm6dmiVtJAwuuR5pEc6Do3Wd/nqSYzoMIwMkRnVJtSj/3JCDtInup8j6DuolNbi9fY/vELR387xhH3sYiY2HvP9lVsCYIGURYP/SXrsV606vIX/rBLRzt9qz5PNb8po0HH7jPpeuC10lxf0gh+ZjEVxOJDL0ZL1awYwqDudqrdN2uPCtVgufkQ76umr32PTzZ2BTXFcQ==]]></Encrypt>
</xml>


2015-11-26 15:21:05 debug :
------------
String:
account-ticket<xml>
    <AppId><![CDATA[wxe5b18b9bd7e3626b]]></AppId>
    <Encrypt><![CDATA[b950rt0GOQ7caGUcuwQgYzuXCG9Z3YNMkcvJGyDw1Twojj0V34C/SJ/PzQnqtj36DYVZnsOQ7EpD/YBUlUPwgTKIVdGEF0VmvLJUOrnTK6R+45BYpspiuqxAQcPWNnm3bX0TfpCGL006Y9HZt5E7+IbzjBq69rWRY/mn85akjX9Nm1Ew8r2NsV8qS3IX8S1xi+N8dJCnjGpBP1qwAtsTumGL+lHCz0BALMRsmGozpdeOM9NwOMOYpAlBpbNwKGit/yOIKqGQI7zTiMikZEjqIJxeQfi1LateR29DChNkkddnc5isNIvOan3HI4D3EvRNpLqEwkRNlc7VPvZfidxn08oPF2ywvIPey0KX745CO0MPkguF62N5KeFIUd/Vga9dNgnPFSEgYZ7xeYiFcWQLP09IrJ1v6fa0iURRaevuuMQTLVIIc/Yxd0Mu2G/3pUe0FJDxaeJXZnP0i9lqnsTSdg==]]></Encrypt>
</xml>


2015-11-26 15:31:05 debug :
------------
String:
account-ticket<xml>
    <AppId><![CDATA[wxe5b18b9bd7e3626b]]></AppId>
    <Encrypt><![CDATA[U5Ckolt33h3nm0vxIBfLcodnYHlJA2jz0ZqBGChTFJ585MLZXgpex6UV9nM+H1rin2JGJp8RRC2mpmRla8XBeHMzHyHWcCtFNXNT5bhRIVObiwGxudE/12FGn0LGTw/g+zp3HTO7Xql7FG6Idp+HTJ0xhKVqOGuIIuVCmU/QDduhOZwtpi3Wmy9xuuO8HCvzvOoiZK33/tarNEbgnZLRmoQ0lKxRhr6RM7rQzHF9gs/+Beho1PGvOin0U8vKVRQefORknJeOIIXjljqJkRVYyccpmCgQCHXQ6WRofjlKsnr2j552GkAUBy66VTWlv/QxQAx61Si4lKJeaeHRRdHoZ7HixGrMGiMv0bEYIgRCjHumoRDmgTdxp1v7kqk0qPNrUDeGi9eB9KXjINzpuysDEZUrO0iDYDdJ2fApR1QaeTKBS5WXprjGcLpYevoaHBgiWBU8pSDY0rYHLxCaegOhbg==]]></Encrypt>
</xml>


2015-11-26 15:41:03 debug :
------------
String:
account-ticket<xml>
    <AppId><![CDATA[wxe5b18b9bd7e3626b]]></AppId>
    <Encrypt><![CDATA[6dp+af4pAZ6npuMzYBy59y3RPB1Lfyp6g6jrd5w5GeRCnANhPqaMB58YmJhhzyYtUtgcrwputDFIb9A0z2nPbdG6LqacgI9E6HuY1V5nNMsr5vDI4QyRO1Uq+rQ6hnklL3g7gRj1ygppBA4Fx+kwFqbofzoSpQxpC+bOIvOGClIUkjI9uwQogHpDcTbE/7vUVZDKg+du7yetESV3D0gPnUGJ3T8HvwZ6lFw8bJCsmoY65lDQncRSVKGwIxGjx7xXIsg9b0MpSOBwEnv3TbCCoUyiLlRtCnEz5AmmMOQPdPNEXMYShSsdmiW9g/Cj72acbyeF+mD7uCDvWZVdZQvbbgfWtYB3AIESQPfE2g+2U9sUEqWpCUhyz/WsfYzc5Y3tVsF3u36kZwGwO3WSjWsy9QyvtS5lFjA786aN4soD76o5prLSYZntMPCsxW8ZAZJCcZ+adrtV3vY1T1OyruIHJw==]]></Encrypt>
</xml>


2015-11-26 15:51:03 debug :
------------
String:
account-ticket<xml>
    <AppId><![CDATA[wxe5b18b9bd7e3626b]]></AppId>
    <Encrypt><![CDATA[VK7IJWoxKGgCKYvTvRvnu7S/uUpIuny4+LflftzbjwNOl+jOt9pXOlT06ffRWv3G4IR7aMEMW/YdOuxQ2UAV6H5a3YyJM8ul6zFLS+0z3W3+SKm7snQPgpJWRgZ+xxsnVWGhjwrcrSYRL63GQsQHLRy7YDoaodoy/Q12MS3cRFSruAeedW/tl7IqsDp5Rw2kBQc0RR+Ih3x1/qFfZ5MFXpT2+T1oqmrZvCuL63G2BIh3IHHaOjGcoo6xpKUwEWTj0WCS9jCr9YnlZRQ6vEgRgNtnAwkKMEnGmPsK0Ka4seWLzqzAIeHonVfF3LmVQzQekShyT8a2q47WOzEWXy0atuxAoBSZ+HNvj+BTc07Cb2TNpXj80KcdtjWW7+Kk6f5JNPfQkiMi6hItek7y6iybIvddNzV2VOZmBq5iuBkMgbUPVGeZo9U4WV9cE7QsGfA18uQC8mLwU4I43GAT+JuNLQ==]]></Encrypt>
</xml>


2015-11-26 16:01:05 debug :
------------
String:
account-ticket<xml>
    <AppId><![CDATA[wxe5b18b9bd7e3626b]]></AppId>
    <Encrypt><![CDATA[SsIIhLRTw5TObqtEhG6yD8Lpy7Pd0g2lwIdEAvkXOSTtcCmzMfqcXXNs/yAtLP9Ibrj52eGnnR29yJj9c22ro1OtuFb+tvyj2l2CUapSpntSGpP5/fKfbHhy7tltZh89gLYeelxVOAFOOyiuDC/AdsmCLKeQ/eId/qzaTV01OXyztgTYtQQZ+Y92l44OPk8pAeKyN5STgHv8nKPWXvRnE1Y6IYpgxQc4//lsikpnAAToiD5e5jkrODrnZOKDKFpaZzdpKvV1hSOGurDwbbwNVROBu3QWNiZXN4J0RdbWYi7sJMSfCbEtgaQJ+pMP93YbEOOFjqZj4J8g9+cfttLppiXjUiIhlR9aXHyaSVot2Lul79oPMYfK+sfWSP0KDV0G93KZOT5g6Kpr1VxLea+wRGZWGJiYYZmw9hp+f6wwPum4uCTtp8AxoeKRPyURgagGrndoC8Ed7I31qCS0EThMHQ==]]></Encrypt>
</xml>


2015-11-26 16:11:05 debug :
------------
String:
account-ticket<xml>
    <AppId><![CDATA[wxe5b18b9bd7e3626b]]></AppId>
    <Encrypt><![CDATA[pcwPIEKZfujMSW2J7goQDybgFErLDBZ+sHf0Gz4T8cAPlmXWcFeEMiO6xhYMAgo+wjuuv+RcrQVL8Kk14GeTpZLoHso579jbpXp4w9cEbE1N9vu7GooD9XM5gHMfHckBlfRCA3bIqETQ3ixz5hJPPxoTkn26evtSf1zBy2FtcjcwSy30nB920eOQv1h7Uu1XlULmbRq59uIz5W7kLOQ5dLfR+UjMY03iBAE4olBcFv++wPqhcR4TbN/vhk4PlAU6IHZa+vi1111Pnatmhgyxk/Rnz8qm6Lq9r/j17qbRLDe9UpmLgijfgzWrpHxocLEtbY/kC14bAW7Ig1yjrQndzenZishku4yuilF6ivCk10/sjx9Uxwp/8w3EPl86AmFTkJ1U3i4N7UcwEgbtnNfSwc41cJLmu23wOor8xR1Nqx5IfVu55z/b8An/owgqskiFj690gBZI6U+voBhheFGg4Q==]]></Encrypt>
</xml>


2015-11-26 16:21:05 debug :
------------
String:
account-ticket<xml>
    <AppId><![CDATA[wxe5b18b9bd7e3626b]]></AppId>
    <Encrypt><![CDATA[vBbzCXYWV2jWpofqZPjPqdgrdYrXNBS88u7mndJyZRFuGMoDp6qnS+C3TqAYjImuLNHOqFSjG8OxSvKbBnQogOi107X74r54y+V2Ym0dNShROc+/5Auon2ii5m/voiWXZ32empNOC+KYYc8k5q1XhTr+r7IO4Ab9ZnsjjecdvJEqS9XpiFbRxqIMbJq+STVgr60MqByUKWmorENp6yT608+mndNCgO2dQmFMF2BT1KW3mbx8aNXELAiGflOawkAwiT6slsNKn+/awg9fPUWjTVpyn85pxhVD1EVIco3h4dLhLpBIIj0X416jwkTJ3O9kP7lBniX9VNX+ZrU1Cs3qdNYgSjDyjaA3UXxttC9cU3vOheco/9TY3Ybknhfv5QxA6Ji2KDRPoTyHpIxDlrqV8ahc1clr21FXq5CeA245RLOU8u9zjusmWct2ns83esKucudw7qGEg5JAJWiy3JQzzw==]]></Encrypt>
</xml>


2015-11-26 16:31:05 debug :
------------
String:
account-ticket<xml>
    <AppId><![CDATA[wxe5b18b9bd7e3626b]]></AppId>
    <Encrypt><![CDATA[o8+0qY/X4FcTmCrTzjNupztFmAQFyONhRuBV+yHsjpuIksmKPsEpfmjoUzkfpgoNMMSJA/ECvkXq38wljlQ+ctiZGOfFmrAkuLdFbiY2/WQF0wNVaGKOnton+15rvq8SUn1ePLaq/7BbWjS+CxMLBWWsXr1H40Q1m0O47bcTYeppbBg4kJeDNGCftR5R65Yq5R2aqVmxbSbRod5k92LAUR0h3aHDiBOhK8amETM9jQ41dJDWIO0xCyn/+OnzCqhLGwS7buBFoh1EaGLfrue7EdsvqKFNEhz2QBerLm1A+RglQjsR1RdoVyoEQXHIvSlfSZH9tYJX9NbWnjeSJVsdUdO6q3aK8me5X+r2HOUXTjfnPZJMTInPKXmbdlQPydy/W8gokSJRVe3i607fAQgjOAl8Y2JOp/JEU3CBdoCCELpZbabIPSATNVw1zo9XOrHDzVXsoUd1dTFN7aWUtyudMQ==]]></Encrypt>
</xml>


2015-11-26 16:41:03 debug :
------------
String:
account-ticket<xml>
    <AppId><![CDATA[wxe5b18b9bd7e3626b]]></AppId>
    <Encrypt><![CDATA[4Yh4CPO0oHAKX9e5HRVsDkJH6y8S0mvfRkw1Zwjg85+AcOWT/xFs/dNxfOdAZsOFk7HDq/Md3MVBqHoKZE0gdbh5r05OnnXRfq+n2isB9KnIOj0Rb+qY/3isi0FcgGA2Xn92PqkRemJ7Q1MNOOATpDrrxTPzrKTwuMEG8plmVgh7ra78nHSyY2jrQLXVuREVwmvrIisLK+Y2WNM4VxEHGMan3WEFLW2yqNayGGKSHGgfcNISlEXl/fOoyZnjuApzjWn8PHXfnCAKgs6UbwYf3pMSxyCOxJHRZV+t/K6MvheJOH/I6JnzNIgPJikUD32+zfVvSTcw67VpHTSd0Fq/YkHzcH68BcbDERb+57+uP2xpHJW4n3ryXUmehNTjtVtP0vz/le3qbCOxb7wCdjbLpRRQdFh0arlzCm1svgALqJFS4pBVWjnLyyhd/4dkRPD+rszVXo480t+6RcMjo2dEaw==]]></Encrypt>
</xml>


2015-11-26 16:51:03 debug :
------------
String:
account-ticket<xml>
    <AppId><![CDATA[wxe5b18b9bd7e3626b]]></AppId>
    <Encrypt><![CDATA[svSonDcvM2SR8ffW5264y4WECePD4hDXBRX2gZOBpRTdz+jncNydDGKgg4x0tkokseKmQ5BQZPfXBR2xLUz4rhnKeVcO3ieFaO4xjkz+wZKmvjq77Ti0rLhQacMG1+R41s3bgROnWLPp5zTX/8+XC7h2Qg/wcC+XkONWbSyjfn+P1HQ/AkJ3NcEWxYZdGD3KAbOOMeE1MKF6+G8V5SnDAC2Kzrui2gqUzfRtDWIOJvyYI0rkaq/CsCe+HITd+W8GRm6cv77oFnMFSw+5Yqcs0HbmxgzJLYFKkqh6BiWDrTbVEQEZIlSuC6XNY4iLySuIEbyVueVSzll6rXT7owNuToWW8Fb5AE+bv8t/sv2m1dg1ENzZRDJhZHT1+UeUZ6soqzVraZkx9DBGfhG47aD8RE47iCXXcBp3tGIPuxwl3EQ/1fTsadPwlQyuvjsBnFc0rBsTZSNQRtt5eyl5gxTRZQ==]]></Encrypt>
</xml>


2015-11-26 17:01:07 debug :
------------
String:
account-ticket<xml>
    <AppId><![CDATA[wxe5b18b9bd7e3626b]]></AppId>
    <Encrypt><![CDATA[Qd2Cn/zGGhUOu6IYsfN7VgofygQ6btQxpkkTznqOjJPU8N2Rc2rg6ggk6dja0gfHuCGar3PZM2le3OrWBmaz8XnXLCRG5XXurqe6DHuLNG8HrFOuPGbGxSl4Ze6OH7gJuOxRdk7RA20K20a03ZPgfbPkCilf7rZre4o1sdZhF4EBjWsiWCMl+GvMUusUUJG6GKeQ1UsxMZyL8xojlnDzFPMff3Flg2Rq5cn1cBxFSOBbYM4YxYxMEvxoYz6MLmagb786JFBrg5p2uYQjIrnp/6fuxbbQA7Sb22p6Xcz9LVd7bwLEDx9YeI1vCisBJ/i3CdgdxRxLpfRxNO7EH6sRcszKnfAT4NHySfjgNgiNctBH6im1AvToY0z9olLfdqosmKEl0/n2tsQtZzBBou3nj9+z2bCppKYJsMaqopWh9+gE38t2vUpU7nv1eR8DRYwVx7ER0PDK3OAAGM98Ccbi4A==]]></Encrypt>
</xml>


2015-11-26 17:11:05 debug :
------------
String:
account-ticket<xml>
    <AppId><![CDATA[wxe5b18b9bd7e3626b]]></AppId>
    <Encrypt><![CDATA[4tviokrb/JC0omPIRmaCnW8kraejVEtJP/pZxiB/bD3iGuXKnNnvfz68Txzf1GMeSz6l/lJL/lPc0lQH1OMGhcax4bXFbq5wUF7l5yEgqOUYI/IRAkk++YuoOA1f8clO1MZ78F8itt8tAPwF6+aH2VjqPAbc3ehSw0Qd6atljyiRDR9x3FDRfSzFCRtkPT4lundDjQs1wdzwZ1Kh5fvdZToi7Pml1SZlRgMRssFMGE+ML5OnKnL37LPh4fEpOoQ68a3hdn2CVjfsVHcHiH2XdWWRggNvPZVq7cnvtQ5IJo5S16O+Ir3poJ70G5QkA/1mKKpkkBpbqFPyP3rsbNcxu/44p6CHcaW68REaO07x5VtOgOCpC6E3CB8RDHYbNaTQtAHvMkYKlw+Pi4CFpIT1j+r1PUDtm02hYm3KZ19NU0T1KZ+UvswWTEAhsilBFfiVfGQk31Z5USoi4kVInbQSLA==]]></Encrypt>
</xml>


2015-11-26 17:21:04 debug :
------------
String:
account-ticket<xml>
    <AppId><![CDATA[wxe5b18b9bd7e3626b]]></AppId>
    <Encrypt><![CDATA[5RLJEkdoiwAifSMbWPCF3jc8s66h7VNSnlUMn0LhIzqvm/cjG4Tcd4H7d3sXTZr7nRTnb2oUuuZX96P6ABIgNFNoJ6DiA+q7+pyOEqSup8Hps3A7xTqTEQtZrbJDw8FlxZ+erH74jg2Ip3EifsTuoEPpB10JWVF5r8mkw3VyjfAE1gRIUXwFkVcHkkzXoad1xrzWlv7SWL9MBKaA2elc76OAQqJzC2CdGTuyrlsLmqzVplH3nWylU7mjuHsmzcmCi4OiKT1p7B6AxYKdmDUtUa4mJVPkx+haQ9KPI8XfaVg9cphW5KS2nBCYsgXex5fYps0A9oTlB/FmTIsZ/IZ0EW/eWmbEH3Vrut62RTNbvIeC9iMo/znE6v6fWS+h/tMpKz1y5E+wGlXbvrNEF9UeQKOKka/Jux0bQu9/MXYX8n7gJflCXrjj3YxsqlhPHVG6w4h6uJeXvvXJaFwb2Rgd+Q==]]></Encrypt>
</xml>


2015-11-26 17:31:19 debug :
------------
String:
account-ticket<xml>
    <AppId><![CDATA[wxe5b18b9bd7e3626b]]></AppId>
    <Encrypt><![CDATA[WQ8gO8HLGRhLSPe6GyaDpqrepO/3R6NH2tFoM8L3erPh03WM5H6mFh1WZvyxpxhLvUGaZ7MBsZB9AFxrZ2NxzYrkGtb/QeK7Q5BL667ASq240jWIDQs+TLYza2TLTr8daC7CF1Ruqvvbc5jtwcWkRYrS3Jr8jO9aKSRpjYzGuibr3vFQZXgGdjVyT8Rh+yRTxdU+MS071RpmlP1NvyjdhVjGR+Dfp8PRzZhqzI2Y6y+Ih059GW+6cjCIk98TbCOtEmvY7Cb82kvRjKUYeaEuSyBr89uISwwWC+jdjo4R13nur/JB9X+JT02XyXcHqoAKfPg2SEDBphqMnfnlW+2TCF88yFuol7hRX2S6BDYHmnnRz0pYVVs0vjaEYFxn35nLBcSdUObgm3N2cCMpfrUnD0g5R5/LhMZLZW1QmoA9ra3MvQjfcfLChpsfbi4DhGkqilhff5B9B6Rf7bwBJRdGZg==]]></Encrypt>
</xml>


2015-11-26 17:41:13 debug :
------------
String:
account-ticket<xml>
    <AppId><![CDATA[wxe5b18b9bd7e3626b]]></AppId>
    <Encrypt><![CDATA[tNIcafVdE08hpWLCLzC2kNCmqrNlCAWSQ2kI28N+1zoIK9qUG6NgH6vtOch2dF54zTJvNvgg1wkx/2d/wLonjAMctVx6/cbXxBq2PSYZ8SRwSHIqeX0y66kD/tZUSBlHm5DZALJCPtF1YgCMQmf+CAh/LlAs824A6jqCS9l8ljevgk8FSpJTEe1wvYNDwbHOUEJY+aAN5zcB1NJnYqI1aNsJpc09VQcnww00ypJFcAS/IP6PxlGPhoapc+RDWipa4NEUU/0DeJ3BgiCmJtg8owCFZEe2TbtSyhgdca326TtWeGHPqJYihLRudlI62dwPK/7EpXYQSo/NTS6QoEbVj9KI+c03VuGwY5xJQmfMi7068LCbKj0yJbXjXmKJbHvxYXRoLNH92oo1FrUEEUyuGocLDF5agIBUI53m0DmarFyzs+EfQ75L7P+06KlzXX7zvYpc9yAe3Ejy83sOXoYvzQ==]]></Encrypt>
</xml>


2015-11-26 17:51:05 debug :
------------
String:
account-ticket<xml>
    <AppId><![CDATA[wxe5b18b9bd7e3626b]]></AppId>
    <Encrypt><![CDATA[vfQkHW885dZFDNP1nS/TcoFElHhrcent5ceI0r05MKsVhkBR1wEVT/11Z8OsBa4/nuIP4npMtC8P86OZBUe0UgcKabnoxQ4qbdkSrACi7seq8twR0E13Ta93mM7hMo1rQGtre3M1nBjZ0P8n3pUWTOSOy2cqv6Joznu6UK28bX1LgD0+VnoXfF74YLzHJ/K+ZB88DWcFtFEQyN1BAKX1yOYage9ozccQAwqtSc/P4wRYTMxysfDYy461bIrFJjH1yrW+mwLDMfUXvnwWAhmwSNBDwi7eo8IVl6hf+HHZbStpBk7ikLLOBAKAi1KR2/H4sKkwvs3zG5H8pW4whXhkSMPFZ7IcJzir5AWpOO6h0rk720DsUvt6kVt1iAs3Da5HZysYasvZxT2owlc/4AVw3QsTaIcJ0WrLv/i9y3p3TkfELDQatshfXGU7dhywGmOsTn/zKMXo8+Pe3aY2wp+IAg==]]></Encrypt>
</xml>


2015-11-26 18:01:08 debug :
------------
String:
account-ticket<xml>
    <AppId><![CDATA[wxe5b18b9bd7e3626b]]></AppId>
    <Encrypt><![CDATA[nOkq69DSLmVm+6w45+XdWcasGzeLCmnAjUym+xcWf28Rx0wj7nmST0/VVY3SZ05wD2y1UislVSXR5mz+2pXaySk/hmXF6AMnj/qlo1SpTCppN29zOlUQzMipYZEldSfdnxL23+xEhQm4w/n12qMMAYXck5O+OvAkuX9PsLmNI/adUyw+joC+jKgcopAme+ubpvHlexDqndSsNBVMMXRcl1MU++bMrMopPYozjyLy8sIZzDJA0XqiGMg97+/tTLtzO3G6W0JrvWsRBBCaiSdWHdofRquCoQKKvDKhJH+Ia1CYv7SrNP7SMF2tsv+IOGOHc2euzc16/usBMsGRMWJOzL0eQMn+sbpmn6RF27qFq5mhI62udHNjQ6zqkkZwauV/KCsup/qeFrKEWcwjF5rd713T1BACgBZ7QCrEzcM4HXjcECwbKL9S42PK56nSXpUCgW5shHbn/eEa4WVxjDqVNQ==]]></Encrypt>
</xml>


2015-11-26 18:11:07 debug :
------------
String:
account-ticket<xml>
    <AppId><![CDATA[wxe5b18b9bd7e3626b]]></AppId>
    <Encrypt><![CDATA[P6OBDbV9m4A6DWa8HYKUHAMCe9F0b8UjZFMEOifVSXXWVQkKu6VHgsVPYHWI2S6EIdgjk4iIbt3HiZ01F9d+7Vrfrq5a9HjB4Ou1sH+/x7xj6Z3plz4Rrm1JIUg1kFjz/cZb9AfNu8FpYX/J0n+squo+i9QVhPKGn2oLI4Gncmt9kCwkErrmCaZPJ46Ra000BuXzNLtmU7xjLL57OzETTM1jNdDAWvk0bBwWX3ZsCq+/Gao8f2nGq7ATuwIbSxG1uK9vCSQRbM90E19Tl/YS+D4dwOgDP1w3jErBfDe/f4opKpMiTfkTBNAQYBwJ2u4BxvHh+lAf53xk6DhYG6CoKnPhOZjPuvRzUjSiWs1ivXB8NqbzXGofkh+kH2zTONrRCtdvjbv0+P8CajFscFhbIIr5TlC6THDdWZREjx4McWLRLoICL0YxR0LXSpeumWFZO7F5C5lW7OYv4pVlr8DvUA==]]></Encrypt>
</xml>


2015-11-26 18:21:06 debug :
------------
String:
account-ticket<xml>
    <AppId><![CDATA[wxe5b18b9bd7e3626b]]></AppId>
    <Encrypt><![CDATA[Gi58/oX0EOi81UyQHW4V/OsmUT9lG4cei48rFmBsZemduf/igCcFCuxaJ5na5tL000kDTkkxuKjb/9pxbv51oWYPvSx6Ad4SxvsZ942n4/X+qLB3BrhtqGk5aOAYt7usOWk3//MkGJpkIUA9ajI60i72Q6UE0Tg1cyu639VPe9AfE5Kcxa9563P2XNR3cow9dxpvaI2r1ADrGi8wUkiJ9gWC7ahOABVzj9O1WkvGj1H98oUQrwvbt84bxKYOv5uLXOSZ3prYAVUYjzQU3yBwE/Um1XsPVfJ8czh/tgfC+0ek8sPaW6MQt7k2pL41CG8LlbYofE/lGvPCYnxAhycgnUhZQarBB4ZTnyZBr0HgB7Si3xTSE9dFynEHCZX0sPv5YBhGp/kyfJvjei5s2MDkD1b+DyyssPAMsgrubOwapq+AKLrAiZpDNVmuFCqMl4mA+g/P6Hodq3oBmeWg+Z3AiA==]]></Encrypt>
</xml>


2015-11-26 18:31:06 debug :
------------
String:
account-ticket<xml>
    <AppId><![CDATA[wxe5b18b9bd7e3626b]]></AppId>
    <Encrypt><![CDATA[D3GdIVpObpkpS0mvmPs66EBC4HLrdsd4dJTwxqw/Hrb440t3eMFDRAkM+VuD6FILR6qU0akBX6s1xe6sTHJl3CbTJ2EqfHRnYFYq+SwBiZ00l1ci2wNyMXmgHfdJI8HEwlUn8Rxv/2pwSyZzU+bJzsTgP+ikN/Ciz5Y9nwNoYtqVjoiEoTtrrbRfe+R/K9bLtPj5ZpQtjVWJgD5x2e14TDJbwgBlmy0kUZBSmdOys4WJrLKGMvydmXpxJs3sqEEN1NzRDbTGecqSJGK0B7yGHAuXyeSXjLI5O6wuWdYMLF+wdZhA88qF+2kbhAzOCvYd5RCBEkH5cdcoRonbhoBse6eBRNImRuJc2uzCJxk8okmmX3TtZ2T0jZLdiFBto6r07qTzN2HpJfV4Ru3GKqOAWII8APadD/XbVDxikttTdGij0ntnYexiRx+BzGQr1BTuus1Cr+8t8oUq0QLh5CreqQ==]]></Encrypt>
</xml>


2015-11-26 18:41:01 debug :
------------
String:
account-ticket<xml>
    <AppId><![CDATA[wxe5b18b9bd7e3626b]]></AppId>
    <Encrypt><![CDATA[sLqYjBMBorLPe3rbWeHVKG+g2IOowUhBGNkOCeLqtUeOuXwtIiBHEINqgkgKplcF4uRhBdfljiJeZrKOEQCOOV8yILC3fhquDTCyJM8S9/0NGj/Yyp4Km12QVuid3UXb8EZwZgDCXqZVQ6LcLJdjk57e+5648ZDNNfOQvLpMk9jCFgekv0XgmX4+fGY6DHa0+KPWx52cB5KZ8tdDQNKdXqzfpsuVHG2YSs3JjIUY3XvXZ9ia3Z8Gm9oddaoSu1gsxXXZwUkBvUgu15Hu0MlvqEhDHKdoArR5+TCQC/gIOWiNZfkzePMMU2UKjWyUqrPMPnXFB+74OoAa/coNrKVQlCjQnGbI4UP5VmrpHBZK/C2g5hp4suv1MHIr/SvkpFBZoyz5MORYIGT+ngFz8bjsuk7vtFWcnjeQg7+CWwA2LUinRh7hdM0Bcg+BEet8bHl+Zp8VM2qi5/jp7FTfQ6iZtg==]]></Encrypt>
</xml>


2015-11-26 18:51:04 debug :
------------
String:
account-ticket<xml>
    <AppId><![CDATA[wxe5b18b9bd7e3626b]]></AppId>
    <Encrypt><![CDATA[c6a/WgM71oGSVzhX3btQgOoDz0LQmINEgE/JhQxvjus7Fiyvuw+c1pMzxDnGHRYmp31jmWFRKxlW5QqoGyRraJ6RzcV4SMkIMiJQ1tnv3gTbL/AO0e63VaKLUNFGKmQ213VtOat56BB8gAesijzqRafOpsava4SpZIa9KFrrOnBJW1mawZRu2uepLixDdDzdOYDG37Gxw1pM2EDaJ18Mxvli2g/+HKXEkALQHBRBPUvlmCUgQNSNKgAYTU1t54pPWQ0n+bpVmGcJm7VJvJyWJggnQ9L+YVNeRZnaZu8fHWmOq1Up7w3AF8okoi7EfbTXZd+rA64IGYDwY5z1vV8rdOk5To79aH+tuzg2CCvFD+AwNbtNQ3++z23EVN68jXRpmi8BQRKQJGLuOJ1c2NVQGkTQIOJhh6O4LMwAKpls70/9vtSNDtGyBkUKcqAIwllTp5sA/ZBl/jsun9Dw32P1Qw==]]></Encrypt>
</xml>


2015-11-26 19:01:04 debug :
------------
String:
account-ticket<xml>
    <AppId><![CDATA[wxe5b18b9bd7e3626b]]></AppId>
    <Encrypt><![CDATA[uwOub4XueuYcGRMBu591bS2H7ps0szGyVzYT+Ko6/YLDBygelulpb6AilQSGfoBHTGo1oPg00U6jv0SX+Ci2erv5CoPSL17PaeOAkwwEyoFPC5Ab3t80I5IY5XUcnFn16b/MtWiYc4p7j7EUj3ywJ8qYrRF1Sg1+VOyC1KaRUAt0utOyaSDWScXPS+THbmO+Bxx4NguytI/LU0L7tbGVQavTE1bmt6NhqAjbdqlu5dLjy9muvOsn1fapZhEJoR6rJuEIlzoSnEnafAG9L7L9MVkGfFFBcBJQ6RFGgrfoBzAVMCwBDmBvZLFFbYcWlTWOGsMLu+ctjQ3kcaen8dhbLeupz2SvsfmXyMMBXHIIiS6JeqGNGuFG+OctiMzwAop5FQkfk+bLVKISJ76sIn849jUoaMzx89rT8j6oo4X+58vfMX2SLsxB0pNkggBtVfGPWIqvIdSSyZuxPQRDsWSW+w==]]></Encrypt>
</xml>


2015-11-26 19:11:05 debug :
------------
String:
account-ticket<xml>
    <AppId><![CDATA[wxe5b18b9bd7e3626b]]></AppId>
    <Encrypt><![CDATA[o439XozvN5tBF8wKgYxrDOHcYrtYaI/uaLdYPGW8aBg1JoTk8/YJ4kJqD4WQI6IiVFgtNQaAkmWQbVDihiX9vbJTVsFqxAnmN+7BIdrbZYqkGV4/P+QGt0+zeMVmvyFcGRV1PljMtLJvYjlBKw/dLOqRGUqtoC6gm1jMVwcIL4SCsWHSnV1UY7WVadq6PwdSG7ErlPnvyk7P9/EDBXruIJAqeZmcMfb6qitxgbyV68c+QOE7rj4d6XiuwsX9JT6/3PA0K7zqNVvcMyMBlJoLFYJUhARRRLehLsxAu+3G4tjb44/U9CbgW6qaO7J5Om8r8E4ZFymVuSH6OJGr8hV23mf4Rn+5C94N1UCqwkASRoqabrB5S3xggdTZ1dIXr+U0wKD2xhXOX5ALS/sCZTWEK6F4FcX1u6kctoqT8UxDwwzSaOXiJGLxrvwtz18FUc2yAnDp6FumMjlWEvKwkxIPyA==]]></Encrypt>
</xml>


2015-11-26 19:21:05 debug :
------------
String:
account-ticket<xml>
    <AppId><![CDATA[wxe5b18b9bd7e3626b]]></AppId>
    <Encrypt><![CDATA[V2qSIu6X1wU7anXR4xbGf0IliIaXi8KaWJoqAVy7GhlzdUqW8wuUZxW6BGnZAV/sPVha3viK4nbHkdXcZt/6utPgw+hpSQm7MHR0BjrowSOYj6oXZCjkDkJlplR3QZ6bXtqQEFqztq0SrHR0vIEh8nGFuXma1Kb/iMGjE8fial7LGIpyeRW7YGb0v9RI8j5dYfgT6KHd11sNnfBk4eJmin1UNLCxqbd9VsOgCQARQYhn+6iqHG/BnY00GOQlzVNwqY4oyV2/K7en7uwg60dHVM5dAX5DOSEXGmt6mz8OiXjYJWYM+DF1Akt2QXuwfZxi00+IQ9+zsCp+FcxI0ILP+urz2q8PWLtQ+XoFIxj9DMi9VcfJ37T9ve1SkI3aIv6rzEsXaIdteuAgNP0wX0LpWrBkqWLAB/XIMQm+PiSiMsBHmxmt6uVBhPyBklA+anzSH8Ij/fz5vmETKaD1vmT9/w==]]></Encrypt>
</xml>


2015-11-26 19:31:05 debug :
------------
String:
account-ticket<xml>
    <AppId><![CDATA[wxe5b18b9bd7e3626b]]></AppId>
    <Encrypt><![CDATA[bY25vm7M5fMLNWLCRkEEkeSVsX6PplwBjVe1e11v9fDMlDT814DF06ddZpRA1PhT3NinXfxY4x9aAq7IFC9IKngJTrrD/HEx4ZvjRD5ARsYm/X5a+2RnEZcO/t+t3omsx7BzXrJ3r4SsGw6heng8tbLmgr0wZw14SQro4lK+2kiO22SMmgBTg7ajfUh0zydb8D5CS9nqDPusx1l2WHjgj/zLvur2490zj0JhePagirMsAnIm7dL6nzERu2J0Q7ewyJFAjD1d+JmOJ+/juZlW/vDJjXUBYTN9BdhSVqURx93E9FL+oQoJToqqOMSKZAJmg50A4ceHd2swdFE0oYQUzpvPsqLkfT49T0L3GAdxzT+VP4T6iyen5TtNhBoyWs9a2nPHX/2Tl4Q4FlEVLroRk+p3uKPq5deLAuZeRZAiEqCxDCIR8z+ZMph4QOAIcp/+oSDE0ObLL9pu+zucYlwKAQ==]]></Encrypt>
</xml>


2015-11-26 19:41:05 debug :
------------
String:
account-ticket<xml>
    <AppId><![CDATA[wxe5b18b9bd7e3626b]]></AppId>
    <Encrypt><![CDATA[+BJMmS+RJ8Zc9ciU6DVMHtZQPn+8cXjssZmYjVvavMh17rDm61Fhhn8biVn9rREeWaohE30BU5JBI9JNkL72I5ea+kS1si+ExJ1PGBdtkW53hOY2zPqLWerDf/lkt4GlIpxkpXScSx55knEUimqooksPXdX+I8X3Mw58yTBjcFUZnJkQ+YZBnWRXFZ3/1NG0kU4xRRoYDTEyn4HllKz5RWJDyQ5IBic2TxeEfYg93ER8vz7/IiYz/9ilpMmpPvnri4diMP9U5QYosHDLn17iHSK1JEzh8d1xLwMr448I8PFsJGp8ts9nIANmpV9uuRDOz10bbRMPdP56sRiEgjuxG4jol77G/oO/0p6PVBVgB00Kd5lHwnipELw5Z9WCRmOM8YoMLj9xdwLguBd054EuAhsrJV7JmLAAxQqengir+395mnQGVo5EH9WbQo8cwbS75RsAD78kR+tp446cwdeNpw==]]></Encrypt>
</xml>


2015-11-26 19:51:04 debug :
------------
String:
account-ticket<xml>
    <AppId><![CDATA[wxe5b18b9bd7e3626b]]></AppId>
    <Encrypt><![CDATA[OLVJmt0Y9LhTerpmghPBjIue+JkXgZlRXWeSj8p6K43ksV8OT98GA2Q4lrRNUIS20iVtaWctBF70wAuDvJbImMfFdOSRZFpFLXaMr41pC/UYhCllxhX+xTYjSvrh7Ifd8tfXk2yfkyZ/t6Gz24ZwzqCryfH+tdRDA83KZD4tWq1xTD97ab8piXagBnvsd5rCElgUBzfVAO+L3Vu+ckOpA1ZWS0SKR2tN+1A1LDeDzxPtGAT0H56smzfNCcG/MGXrWYn390bTa1kKfTa8fhtDIMCxpjByujLP6iLlvFXnXrzxSHxm29Nb+4NgmGq6Um9nqWas3kiQzhcMjnEr0h3FjuDb/97PpBkJUkK5xtDthjd4lqcKphaBxmjsLIIWLT/t3giPH8Ih5g6ixpj2RCsquWaGE1VbGCXeuN+CDk2xekQV0DZpdmy9OoUnXB3rU7ZIbFij5IEh/DWsfclFDEKG5Q==]]></Encrypt>
</xml>


2015-11-26 20:01:07 debug :
------------
String:
account-ticket<xml>
    <AppId><![CDATA[wxe5b18b9bd7e3626b]]></AppId>
    <Encrypt><![CDATA[C6I9dLsicics6oerMEvW5qc9TY38aaFbXOTlNvwOZOBB7eLwYhxQIrzvR/WlowRzP33l+a3y41eZqO1M23QA21Yt3RenCNIEwOfNEDQ3d2Y7JZ4sQo944C37dnPqZu+NHPi4CmLpnPzK4I69smG/yylibR6Useqci5MobErs2lh4Is6g6/F5JLTn4/ZJCT8b8wZLzd+AMfnqaBJqWGLcO/msopJnIXJtrlKpzdlibrrIlPsBkHG9FRD55tgSwSccKkB1ZzaC3yVWrQje1Unnr0kE0KzLzwFR/DpRZ4ah+QFvMYYcJ9YslDWSlpvowwScp+SnlOwE42obKW0iAKaoxh7RnOHqiztSMH6zIsiLBchNzHhrlsLBI+UWOMC/eTGRH7UbptboUliLtdOdS5SE6U3Yecr4B7JtoZDYRFegjRg0aPZbdCxfQWWoLmZddOsOnEggG8n9cT38a6tv5dT7Pw==]]></Encrypt>
</xml>


2015-11-26 20:11:05 debug :
------------
String:
account-ticket<xml>
    <AppId><![CDATA[wxe5b18b9bd7e3626b]]></AppId>
    <Encrypt><![CDATA[atVcQYFC70yvCqPXaTBUsiixIfmcjN00QYDKyxgXaQTWF1P2tTeYFQpypfAb+TjenA8tkvDvstJHQxqCU2dMB3vK7OWNdAn4HdnncxeFw65CKSCrgBBzxyfRwdx6sFycKOtV7wnQIgbqREu2fc08YxwhYvK6ZrSq1DWpeEljIObQRjK4yb6Vm9/YBTt0ZOcE1+QqO/Qp5pdsGudB40QgqYZAihW6Kok97Z5W7XNmO6r3NHekBC0pXKVqoRt7lE7SDNfbP8fTorbB/2XmOVUPP0rYv2Re7i4DvTtfIQf9Dd2tflnK5RnhS3EE3QYT0Dl5P/JZs22TbsEyjpVikzBsOZkvrT+JwUIHOu3eiKSoL8LttJlxJlhwWjotvVpohADhCF0T7nuSlWVHexnHwenV/S3zpZ33nUzliLSD9wLJyK1XfBN4cwL27K7Mb7hXLhjtlKot1IC1FDvJztG+WJexkg==]]></Encrypt>
</xml>


2015-11-26 20:21:04 debug :
------------
String:
account-ticket<xml>
    <AppId><![CDATA[wxe5b18b9bd7e3626b]]></AppId>
    <Encrypt><![CDATA[eXJ7vfPrGeAN8pn6x0qDXDdst3diu7RFIpNk1t99oM/yN7R6HGBsywIY6NsW/iDJYy8Yaj6/ccBiNgqzc8x5Ou2xMMmxYDHwhA+1gAJHgUHD7NSC9JunL2Eko1NHc/4mCzdJt5JWMMFHqjCy6GtjBvJr0LdPEryQMkm9hkTLRmnybyQPTWDY/hX5Cp4OIQg8QC9XvRMeC+4Y4mFadOq0XG6nbxm7Hu7Buvsodb7apzD4d08AuU6oVbky4uYJaeauUrUcnv06yl/BDPgFcgbEAqwqcbf2lB77JjRXs6v6Ct0RT9zrlx22ac5rCMBmdTlEhhNQ17RXci8fmYuCMXYxHFYEh7Cg3wSiSFzxFI1jvfAo2sWUtxrEHKYn7ZhSCXw1mSac3YTWTwK0fDiGCpztz3jesyv748astNS06mp+N+2Fvx1UbuuaBl4ihkmEXlSlPB7To7dovNcka7tL8hNCEw==]]></Encrypt>
</xml>


2015-11-26 20:31:06 debug :
------------
String:
account-ticket<xml>
    <AppId><![CDATA[wxe5b18b9bd7e3626b]]></AppId>
    <Encrypt><![CDATA[U6+R1kJRxRMDwKkV+RGZK6dP0dbDW/Ie4+qbbSll9HuCCFxF5TiC4Q1r+Ej03vmiNGWGjUEg2FElEq4vdQtCrlPnPAypfEZE4Qtj9lWNQTIOlvC6RqWeAsBrDaLdTBSpcY8myfVLKp9KtiCFTnTuSRUMM38WTQIrTeahS3jkjQdZV2Hs/wFt0BIfA+6LCvxXdCVBGLrl1Fc0v8a6bSd0H5AycZjhVyPKZaZGU3iMhp7oMzfICoOy47PCu/jFkgBn92KcMcU+Esip/LWjWUMt2NAhmYNq3OUlVGl6lNKzOYX7TTtNWJnQuohHF9NI9Kzd0dnGohaE2XI98cz7THMf6NN5exaiOA2ReDuNTLXopSqD2fBRACRS5ex/rxwF1BUH2YEmuqBPeNHFnvLvkv7UOMH7sGkoiA6V22wamybQ3ODVBz2HVFVndejFrj7FdlGmGd8xEqL1r6h3F8QPqjwjeA==]]></Encrypt>
</xml>


2015-11-26 20:41:05 debug :
------------
String:
account-ticket<xml>
    <AppId><![CDATA[wxe5b18b9bd7e3626b]]></AppId>
    <Encrypt><![CDATA[cJ52nKXMqcIlcgrjPcRRrwnulnStrJoepClTTzKU810D3kl16UkSUATzEpPndEuHUqfJfLi4hxsEBtyC1zNzBRv3Z13I0G6/7uqCQznV2TKSLkH/KClB+w1xW0Mo4KasxvqX/i0z6B+t7gzFZ+d8IFOqSJe7vE2HUZy8ROnDH9L4qAP7IGiKtI9h6qoW+Qz9lCH54t+GEtBkVQLTBDfVZfVHTSIKr6J0R4yz6SeYCFhnWm/jR0qiC+r8ITH4GEaewvQKMwUYbot7K0qf018faHjrFavE7K9gDtzGB4TgJJVD60daxHijyY9UddQe3z/4deLq0SK5gZuyv78IipW/HD31RPW8h2odJ5fx8kfjoAH1O7lveBYJkY+o+4eYMIFRUxjM36itnzlt1ynmqqIy50Sfq8urZWjNyuIsrWlVa0+q1VDuzTaHN2yykm0ee8eIHHdJv0dmFbsB9J+U+wHGYw==]]></Encrypt>
</xml>


2015-11-26 20:51:04 debug :
------------
String:
account-ticket<xml>
    <AppId><![CDATA[wxe5b18b9bd7e3626b]]></AppId>
    <Encrypt><![CDATA[wpIc8au7onWyWrd1DB6B7cV1DlYNo6dolQrQYn6iiLKirPmC2l6Plg+mH+0Ule6DLkzH5eVQENpZ6TWjdoJOXkCp3lKF2SRz1w1rmm3FS5JUYX6wQ69mSHPDGmutvLoX9Y7mC+hTlRAcBa54hDYjRQK8GBkYWv627gfNNfEY1rX/IplRGi3GxJoanau/c/oy5DCOUh9vNrIum5bsU/MY5jYhFBlaRtkv4HOB1RP3EU4DHDuyEkpvRok2bZ+4OHNpTKkXcz72jgSduZAHpuYo/DdISTVMrID9njUqai6DfqpBrrTw94RLZ/qwkeXcLqyK9Aih3xf2dQUG06UPIy2ieRrSR3QXaOi5HqXtFTsPGFMFOa/hjfEYuRflgcspZfDLu+SE3hb8WFMu9CXONVwZhOic6QFCp0buirhK/W9kxAFX2nbl05cRxBWeg9jMp3nUQ+52JPsNFA/Z/HfN0HDSsQ==]]></Encrypt>
</xml>


2015-11-26 21:01:07 debug :
------------
String:
account-ticket<xml>
    <AppId><![CDATA[wxe5b18b9bd7e3626b]]></AppId>
    <Encrypt><![CDATA[A2xUvpVAFQrY3HJA/kCPorGCLzXz4Iz0M3ZVm0D2Z1ag2cLr4+bgGoCQd5y2gNvuppaejELcfB8Kb8Qahryv/r5ozf3xK7b2A8WjEO7y4jbLtEd93RuA5W53XL91AEFLIindbUzaRPLWEC5lMaVbyW/ULwWturBI4etJtHxHyy5MuvaZhYWDMdS3otkjvrJdfQ4c0jl1YwpMxU1DHCNl1tFzGET7oht54Q6EJ3IbXQMM0BO4wS5nsh3waLG3BTa05tHDiNUT9vgmSd0WzQAEc1ADQhKEXvGcA4YtPxcFKElbn3mYqHoPYBkt3ClCgP3D2/Maax9Q98EUki/Xh6IkBZEATXqGL5l6pKVlsJYbhFjshO1IXACWd2UEWFaC5t+SUZGCiNWedllV18no5asBcWtvXs5w6RzHQEFrKkGTfUJBarovRewYEmeL3d4f7sKbYLpq+jbe7wNBM3IdnCcFKw==]]></Encrypt>
</xml>


2015-11-26 21:11:06 debug :
------------
String:
account-ticket<xml>
    <AppId><![CDATA[wxe5b18b9bd7e3626b]]></AppId>
    <Encrypt><![CDATA[0tBxVKWv0XCx+1KVXZiyScECMwuzJF4j8S9sxyrHZ25VKOswY6x/MoaZbinaQHo4+2CmbTa/YmCf5rzx6dV3LEatbfNuci3+InUwwPqkpNO/GZwnKzfhXm+mhe+25kXdMG10vT6eoS+g4grQ0y4KOe8KGIwvnNjmtsHM6czirQVz1LtCYEBiWRfkuC3L0sJdQpLTDSlz1Db5RC3D3tVz3jLn9DYmMAkezF+x8XDT/FtJb+OOsFZSTKYcQAaJHY5bfWZu7w4OD/AIEaQQ7nBHpyKeYwnCo7So952oL/yJSpdX/N4HA6KNVjK0mZQYsjGRNeMUr5V1CtzrzukdZMKcyWlStIL0IJXjwSiD1ELW9ZhzkMKtaa/ONnMfyeLl7n6DIxY+fXBgNhlHT7DxjSg9ODiJ29WNUToYM98Gro5CmUlCyJ0/7pbA45tWPpyLGIR5bj41BKZg1cMvEBO+F7vVRg==]]></Encrypt>
</xml>


2015-11-26 21:21:06 debug :
------------
String:
account-ticket<xml>
    <AppId><![CDATA[wxe5b18b9bd7e3626b]]></AppId>
    <Encrypt><![CDATA[E06CHyoy12EyotecCG2XvCBMZSMVM8mIiVmRw4rd4BwIxAVWtiskodK1eaX1/MLiHFJHd1GfwIfkEn5OUcKVhh42rUfsbgQhMwr90njuAi2lI8J+p/FvDJ2co48DpKaCysf7Y6LKUP0mDweswO6Ia99vsSaC8K5N5njflOY9/IrePJSa3vCKAPHt++I/Bj3rVChSE2vO+fB4o3ExOkXenRahsbIJJLFGx5L87R3nRWUGZJny3Hz5dvgi+7aY8O3mu5WKxpbRgRXTomuexwAL5y3M1rTQLrKzBsm3vZ/AshmkOD1Eyucei42fAVg3dtDumAOK4SpqBp0Xe/u9e8Z3b/OxW/nk5HqItZpCvr/JN74lA7vrcAUnFCdnvNzLU01WOdmlCLlFp5l4sH+azNJBfk/mBpaaGSqaSniZKlP1p285hcddQb3vY4VSBWRvHzvUmhW00je+APqojZJ0RW83sw==]]></Encrypt>
</xml>


2015-11-26 21:31:05 debug :
------------
String:
account-ticket<xml>
    <AppId><![CDATA[wxe5b18b9bd7e3626b]]></AppId>
    <Encrypt><![CDATA[5NzthMzKuD9eZ7aSgDDTEkiIDHBhAeqcZHT08HNpHiyrbSVQKDMDPVVBh4+EOrVe1mmKUayJmz3JcSDxajCwJf7zqBUUSxwRnNP7aVi1yO1LQ98osxak0LoaSKvV3EhdsznUzdnOBNf36AvTzVW7BCXfzR1lhGzOYop9UySb2gVPX0p8Rg4rbD/dcplrkSQcO8ibe51IzbSN7iRI0H3hzTiCQ0slD+GaKqTOvlEiP2/2mbCa2oQjN3OehN6GPHHxkePs4TadkGbmLaJc/arsu6/AUQ4d3iy1VxZ+OCr1XTXQ06wwTAp1Q1Y/EUcQHXcFV4uO9+ongf2Zp68BQu+OorGDQqyzDRK/2hOC4DDkuI9mW+dVlJd0QyRBp7GkxrgN8sRC87Ii0BoQ0zhnfmc0El5tPoAI1YpxaS9OscTlo64vqIg2U50u+tz14cU7pitIhZQe00Onf8s5nzKtIHrEsw==]]></Encrypt>
</xml>


2015-11-26 21:41:04 debug :
------------
String:
account-ticket<xml>
    <AppId><![CDATA[wxe5b18b9bd7e3626b]]></AppId>
    <Encrypt><![CDATA[XQelCUuLktfcw1jMjf6aApJxx5MPEyVxHbW2Zr5mzImtor7jMt5EPgt/u4OJcIihcLwhgv+X0Os4T+5zjPfUS7YfvoVHqvw8dY3vBj2Sn0PYbSsXT0aQLrHbN0JVA/wJKUzG6ViF5ToXP9IjEpXvfVb6stioADuRQxJXx+zU3dos7uwIEtLbabIF3HJgtvQxcxPjlge30aHz3KTpWFZOIapHAGJ0DI4wUdVhkyNygknghNCmKT0tbHlI00FZ7GUQc/Fil5tuzeylDlSSeCVEROKaZXcs0VvoZjWMo9TzPQ3hWVRyyWSiek2AWkBHgWiAk2NPGgnkowZiFnoyIisgLkLQ2UjeVcnyFuV3fC1em9QF8RMI1AEn0TUUgzSpF1Gy7Xf6tSCMX6c/IUn4f2nQRoIHvN5hX72RdFtovAXIbnswJA4azlNLW7RkNpaxuLJu7j1anhz8dkcj0JjpD0WubA==]]></Encrypt>
</xml>


2015-11-26 21:51:04 debug :
------------
String:
account-ticket<xml>
    <AppId><![CDATA[wxe5b18b9bd7e3626b]]></AppId>
    <Encrypt><![CDATA[ave6HXdXe1ZTxCgstcnCAU30RKV659CG5s4+DKxQpZjdAVUqGNomU1dTU4UQEawL15Mv2VCkETwP5vLHmP3zz8clZc/IvA2gG8uX3Jeat0vZAN54ySbXBDbXT6zrpMYZyFXE8QDFZzNoo/p2AL+M4p4t7+P01siLw3JARghYG99o83SiDuVIW/h8NG2l/95D/epyHp6lS8dKmkcSVbpT7AO+LyhtWBW2pbi/wwL427qK/g1IHx4O3SUg5qKYO9OrbD40/PqkXe6wqEpoIHroKL3mSaTMsEGXjbXrNUzFSeadFI1v0KioJJhdAI0w+7peiVJsjXQ4UhVq8+4hClvVXUV8V092Lhk+P5iwk9r84XHrGKvPKOGopDfyHXap4VGNsg0ApjxlYdmW8+H9wSBW32rrWx6wlFnW+IM/uj33luCu+KWJ54WdE5LB/8UhMPjOkaPghmVgkiSiopcrAOCb8Q==]]></Encrypt>
</xml>


2015-11-26 22:01:04 debug :
------------
String:
account-ticket<xml>
    <AppId><![CDATA[wxe5b18b9bd7e3626b]]></AppId>
    <Encrypt><![CDATA[rVo57b6xsqFC+TzjIsVEjdJ0WWft1bTrxERVppWAnFDM3TtTCe3hYMoTyqWWnmxCEcDAa/12mgbYz+eh8IcLLdTyRUHqTxJLBp0cJNu34TuQWtGqgi0iNAZ0+6QEU2/BGH7c3lMFUKtQyIJPQ3Xis4MAyal/qQGdOtsSYV4OSbgfot8Ceh2L7jYH6V1rO9ToqROpOkejQcwyvV8qGrn4EWDEWRL6aw9R4++kaBwIEMAhayjNU450rhBBA8n/HftTIRDqU8gUQ5BZa4nWprkEvggxThPhR5aylSFJ8kfW70mbkZkuPN1gXmbwSZh5WjVqGtEF2D78OxTn8qh+/3wRuR+dlSEzfjsaKTmLL12FAkt+SnLt/NAXSbQeFXt2XoopiyNvM0mUgQTLrAPFXP/XR3soS42ufOkTUFEAb568geyHqHmnR5XbhSy1a5OmQTsNTJbF8lfkNFW2yjCWkfsD6g==]]></Encrypt>
</xml>


2015-11-26 22:11:04 debug :
------------
String:
account-ticket<xml>
    <AppId><![CDATA[wxe5b18b9bd7e3626b]]></AppId>
    <Encrypt><![CDATA[u3Ks6HKxB97kNIsBQi062HQB/XZBv9UZOL1JYnUPeXjjv4GMn5OXY0dwCMcuP2nnFS/cKdqojwkhYlCV5clEhvHOAss94JojPeIYW4web/CyL+5sQaosA+RH9q++9L6Rcfxvf3UjLSaJ4d0us+7OYTEEMhup1o3gZaWJiAxv5cOqM8iZVFz+50lLKPciR3iqxmE9MI/jb6vHWNxta9zrxA6irsaZ9dLx2SW6WFMZ4mgulRuKgD2HnW5zYT707j2Nn9z1RJk4vTZ+xl9O45UWtDxgA28V+ibotJjzUJ0/EarmhMDZsxsq4tsF7zg5dzSmseOk2vGRyKKMwvOe2w0ty+wTFRNgZ4IxNL3WQgWs+S+v29n8s1IGFdFgyeo44u2xMCSSsRdgux3kTnPepNoMr3A6d4P3mkLpsdTAE9FODz4fACjuOkOb/v1LwlwBplGw3MbFIuVQdSZQ5W9ebUZoXA==]]></Encrypt>
</xml>


2015-11-26 22:21:02 debug :
------------
String:
account-ticket<xml>
    <AppId><![CDATA[wxe5b18b9bd7e3626b]]></AppId>
    <Encrypt><![CDATA[A7NueFK5ohwrikpuGIjhtNNRBqU23g2JK0KPcj0BQACPNOqPrXUvIlJ0F8dhOQSyqJtWXqCSK+qM1t+ivjbLamUu4GVPcSUwKFzvnvi88/6uinasB+hr/gR8uCjsl2zyxRCSweTpSXpbFMlsetrqzZ3TCJxjBVgQ66d03pY3YmzS4KhAqTLkAK8PkSdUh499/5JwQJHlqy1IAu7cT3TTX1SfODeQQPGuEowMTY8bWxPR8aVSUOuzvn4ZOF27k+4TtTyv+1BHvCNc6S4glJoGI+T8P284j86mq145bs7xWR1cUhxsvWlgi0DtPsZv4rqzKCHpxx3bzLKxKr7UriDNoGEniiizbrD+ImUdv21BQJqmYI8JCHujWAsygkmI2FszZ4DTFmgRKm6XGOVcxsTm+IT3w7dkvBsVvnRwPBQSMhLci6VBlsYY9pc5EDZAz7tB++fYLZC+Zdbrbx+SA0bZyA==]]></Encrypt>
</xml>


2015-11-26 22:31:04 debug :
------------
String:
account-ticket<xml>
    <AppId><![CDATA[wxe5b18b9bd7e3626b]]></AppId>
    <Encrypt><![CDATA[+rzY0gZKJEXJy0ftiwoVZMq7DsUqYlYXsxbIHxd/ojmxO6ZPdla0f/pqFS67CXdYCKsKIOKdXgzyDibYuWCIA3KqBr1pY/HmVsNZqMo5MFIscT8EEexr0ztiV03UldeKP/jdiYPqV+NJB+ohMEw7irurA2t7Kfj4Ny6TQkRqjX6lELHW856Ws0PoTNzyJ2QiaIfuviB4GB0rsdS+VyrZIQoGvqpTD8+5+AmGJC2eSJQtx1uiiBLjJVSYw2SRcs4zmqHW//+HtxP+nD7lDUPFGXS+WMbl54uRpecYgCTWnNCI8oZP5YM4RueK+iDDfM/BE1RVkUw8+PTBl1b9hLf808+q7HHi8qDuZogWynAf+cNvNtg04ont7lTsDX9rEhupFdPAFWpNetq5WI6RaQpCsX/ou0BKdQhJiXSbc2RM36hPxXK2yYqFz4sQ+iwjETq59hPN5Gyg7RcMhJ+usAfd1A==]]></Encrypt>
</xml>


2015-11-26 22:41:04 debug :
------------
String:
account-ticket<xml>
    <AppId><![CDATA[wxe5b18b9bd7e3626b]]></AppId>
    <Encrypt><![CDATA[2M8hgDyUIgWF13wzdSSGKzKs3dUxug3CtvCWwPMrw6AS05mtWtXLmXqpacTom3E/5LQQtaHa2gqToz0wmIhnuMOOg6W006r3oxDCe1rocRfekmuS+ji2jHuHtKMrO0nO8aUeCUfM2obh6cNgDR4F4M9E47aJ3RhuagWhanGuwQzCSJb3X61vN2XoQni5droje1Cq0FwpAqgI2wMgKp2d5hG8+DK0otaa1ryHaSd/JCa26AY2s/s34ofjYvIhprAIz29neNLAqqBVTIohdcpz1umChohchRTH8sJD9EMRer+kDYdkXPz1Nub2Xl8sf19fyniZSEAEdNxpSofiv7+mdaQ2Y7o07OVW5L5wQuY/u68JI0S4rERyIwKkMhRX84n92duACUmoFj8pPVDh+O9gYpmR4WoDkHO0c3bFQxngXX+5zv3p0qxvG7D1VJOd6Rbpq1LaCFkGoYIhwBLECsSHXg==]]></Encrypt>
</xml>


2015-11-26 22:51:03 debug :
------------
String:
account-ticket<xml>
    <AppId><![CDATA[wxe5b18b9bd7e3626b]]></AppId>
    <Encrypt><![CDATA[mNyJ8zVIK7RZrtGbzZdtf1EOk+112tPjq8B4f3PLvgdvPhM0c1JcpTvDNIP7ORRdOdqX369MSeBfh11Zeg/RdvGg7sG8xGRQWrAP2rbm25BYCX4EZ4i6d/fEctqNRI+3qjmetV3rPLKZoKhpKnVmP8vKPM3GIBeZfXBcMRRzce0jATh4V3Vz95q+trh1vJ1STTMvAaUzOo+ZV1r93l6vxAlTUYTxTu18V7Myr6UQ/vZhLz8KE5pjeaFBstB1uc4n8KUgvjU0HGptmRFASHQ6sQUOkcmSqjhOu3puPcnAW+tcOzhxbfNriXiU88UFsH/dfWcQ7w2u2KYYG54+Y0eSjz23KMHURc+6mt0cNVF8zz1fyTj4oNfkHHEON+wsnCb8JJDk6Tel9KgYfEUrS+onzc8ALtBcbs9qAty5XIhLP6nb1HvxRl04CiGDJTleH7c/vFWgiGhoKmGg+Rrgxzs+Bg==]]></Encrypt>
</xml>


2015-11-26 23:01:03 debug :
------------
String:
account-ticket<xml>
    <AppId><![CDATA[wxe5b18b9bd7e3626b]]></AppId>
    <Encrypt><![CDATA[4Bf2CM8MyGjK0yEaAuDxCYO6eDQm0ajLapaTRdqsyL93A9giyt2RDWttxrDPlOC+Kgf4sfFaYP8kr+3eUBHQ/O46ID4rOYeG54TPW31shNuWfiv6hm92efBT+GMZGu/4Qzg+7lROSWr6M+ynmW0+26/VKaRpeSy4ijOJgYqcchrdwXKcfv7dvX7F8fbJ04n3EfZiXiYq2vI2ldwjx43QmnxRm3wBxYat7afJYrarzK5tGjp5I0AQDdeG/TnbkaiIEWuIiU//yRVyWXLopPp1Pur1SC9w5XSpSGzv0Cpu61sqZEoWIJasqufOvE9X8HMCfHwFzDWKHDfoNaml5f/4cpuqombCvzzrff9qE6FuAdFGfp8wwaLUEbpKRwx894bzsuTD/5gceslIWu643Imy+LrKlQaO1lS3yq1mbJkK+vW9gQ7CAdXWQSKe3jgzlkXKkQS3REIex0p1pkpmV9ibpA==]]></Encrypt>
</xml>


2015-11-26 23:11:01 debug :
------------
String:
account-ticket<xml>
    <AppId><![CDATA[wxe5b18b9bd7e3626b]]></AppId>
    <Encrypt><![CDATA[MCoT9vTtke3djD8qfjwB08iYwE361+GV8Md9pdQWjE8+B/QFFwjooUG9OKPZ23lmcFdf1UUhC1e+2BJ8YXLaE5aMYot3R/WTa9PUhD/xPIeccldlyigdgrV96jpyK/GcvxExgynVO/R5THHj48d/epIBhkHcqx3f5m0ZZ2KuE7ihV9btkqrKQiRVa998climl6fxBby2/kj3yEhsIVU2vw/fgkUGefBOIjMzQPnj41dM6qZGoeIRWjQ4dwzOt34T88B3nXTc0fFKkXUJgOChLPaRh9QPo86hNLuwbNPKe2iulA3MI9rNtjltcGvvw3yYmYr3w8Qf/U8K5jZls8uupYUDfC+QBM23VuBiOI/GkABSXJuaUZz2LkGNPmJQTwYs6HDHuOXSz6TU/fePLpi+Jais9tWsiL5OSulmAf+mAa0MmHtpmsNkHgfXp4+jYYfZwNNL8kYa5c6aNqrU8MVwxw==]]></Encrypt>
</xml>


2015-11-26 23:21:01 debug :
------------
String:
account-ticket<xml>
    <AppId><![CDATA[wxe5b18b9bd7e3626b]]></AppId>
    <Encrypt><![CDATA[I8O/OJjNGcwsNt6kkklpr9h/AcndjPNFuWQyAcC03kvCNKRwFyn8YV3tJurPsBUrsBOQzGPvxcI/zLuK/mOsWZLUMDYU0RY84xhfioI+BpI5Uk7H/NWQYeAGo8JLS2uMZ8zaqAookAoqkRUB9g0Ub0pQ87+B+vfqhEs/f0c58quXVUtHhp2L47ztyIEQjHOf0eJOPD2AoKjnMGTS+RgY4bDjOeIU7FgY4U0/t4zrtmXu5CLam9MbzK+g94cZk5g22CwCR2RKUtiFxoHW0G0lsqJOZnxs0TF0jghW6QhxFcr/epPJF2AWpzGKyXlqnSgL5Bbs/mwvhRBK1ON48xFUkeN35uZMaPlUdcOXlO1Bh5xaKvyS8Ie5uu/sxeRekScFZ1oZtvnPTto6oWC/J/w6TNQnSWMxxsL/Mm2Sr7MO6Jq4Ugrlrbd8IRSLp9Dz4L91Fs0PZl5MQ1+umagZdD53Kw==]]></Encrypt>
</xml>


2015-11-26 23:31:02 debug :
------------
String:
account-ticket<xml>
    <AppId><![CDATA[wxe5b18b9bd7e3626b]]></AppId>
    <Encrypt><![CDATA[RdB3mJ2oWebjPy4NolnfXjxDPrkrqywjw3uoCGQ4d8KsCG9gYrTLhc5fVizOniKAMgyOLbWxZmcLsylgMsjW0a54i3UaTfoXFiOoE9seHCFRPK7JHdvdmXiI+V52LIbo+3j3yuUVgv8iQ9P35WYgH2XUk2oUJxtyjT6MKD37ud2WKChBKn8wBh/dI2roSubcBx37NxurwWGVFddrf015fbicHUg5P9b4dl4cg7COobDYZHjpq28pgQJNIPSJB2nREWl87gRtaJ70GZP+PDuFB8OOW14G2jv77P2eaSO+Tdx1X35JUK+XAFX7nIjqbx+1Z2VAGMcypzWOr9X2W0r9HNeawC6RBYOlW0mFGwbrdKVgpG3IRj7auNrnoLtsExxkgWatWsGAA354fWqbcsrxb/QjNe7ep7aPigBwU4W9cd/NQLUIdVL8MlK6U/Kw1H4+kPq1onv+jlBsTgldqGUGJg==]]></Encrypt>
</xml>


2015-11-26 23:41:01 debug :
------------
String:
account-ticket<xml>
    <AppId><![CDATA[wxe5b18b9bd7e3626b]]></AppId>
    <Encrypt><![CDATA[4LwTD2nfl0yFzQtptQ/+wyMfhyVf9D8kl9dHNowzB6/gwGQ2KsNGZb7pqEbd+NyhuN/u91xhUlUSkl2QhYNvJExMV3fdDVGbZVO10YTm+dncvkE2h/804xxIAsQ1DfRuR1/Ko79L0ZNaZ5DWzlG4YIbidaSaYE3T5MhQbhPSfLfaSQkg98JA1P1WjvITAjlVaS04G3QhEvyOKQuV8XSnz5YrvxJX6N1dmPUcKGceXwpxe1R00YGPAoKSzQI+cQUSF2QnLcVANyyWD2jUUhrBso92IP45jp3z54VixFxQOuWJNU9etppIU5SjA9XPBOkGEajgbyAU1RKcmN6SFdYsscn22uKwnxy3X0DCOaboNowiyYF/dfIDczKHceV/D7hq3/c14oQ14P2xmuDza7QwAu6sF+6piEKGfGqg6mXIUq5J78vqpNiZAonuTBTxM4tPuS6pb+BzERLlvfRpUzJubQ==]]></Encrypt>
</xml>


2015-11-26 23:51:01 debug :
------------
String:
account-ticket<xml>
    <AppId><![CDATA[wxe5b18b9bd7e3626b]]></AppId>
    <Encrypt><![CDATA[VqCbVPR76LOcCh7hWtENFvU7UsXJOwdBGpA7Yi25EprKKGS1q8NSMi5bFlY65wRKtRQ1AS57HsYqxIA7pqHtkvF7KRxdNsWd4bBqEvwvzhkYw95HAZRWOIIis9flo2vhCE9Hb+qby4LasJp3tudPG/dpPhqdZgFnz8UH/l8s3oa1BDsUyy/vOCt2wpeBb67d6bdU4jqjcE2Demyxe/luPf66KlgsdIV9ZmLKXWkYPPUjJD4Lbo3Ot2nvGPyWWC8GtX3OSdAmiNA9nhxYQ7tzDnK/qgBNtRE2DV1MkRyv4a3dcFdZxeY1MT20JB/D1LmVg+pMO1txHdj9fASMP1bqP36vxZ5xkXK/RKTowYQTwR6hFf2mYQSCPuX3+CieEQZcurYneoMWpkOh/cat7ryA0z1rmcGz0TIJhVQVUfOJRvLa/Tpm51SPx2QAH07WXC3Y/ginSLlH08Hvsb6JFYbhtg==]]></Encrypt>
</xml>


