2015-11-24 00:01:04 debug :
------------
String:
account-ticket<xml>
    <AppId><![CDATA[wxe5b18b9bd7e3626b]]></AppId>
    <Encrypt><![CDATA[qt1eZmce2pwD9419OMrz/rQOKpWSWkiHX26STQop3RI9IIM4YuZlGZbAPSqHwOq4Tp3zH/ydUFSVMBIM2uBmUr2zfnSQ6/J72IAA6Gg2CrPLqBgX9Lfm3U4fcpUiryAVyNHXrNt6ARKd6b8i+tQSkO+GjEYadOM7PzS9Jwgjf9Lqm3XHT/bKqDMxfMnN6dTTHkzOe0X2V5vUQVejzMPwwNsQ4R9DQu4q1fHRPIaHFAUtj+O9GhsWZelIYWnmeUGC+q+2T/OMpg8R6wN00KAq4xOZlUCEfVelsitptZUFVwcgK2anrpqf8PXFqJOFxxWD0MoghNC8o4K2770Skj9Zby0mNxYig/z4kVXtUt+mocwaiJtRyl9IsmV5M4iGQzvoAKvoDXlkP98emIo2kC3lzbnJiJqiTORvdlLOm7DOwwWgo7b35LqD7G75Vh+j8wKMhrFV9cIxkvfGgWCU6+cesw==]]></Encrypt>
</xml>


2015-11-24 00:11:01 debug :
------------
String:
account-ticket<xml>
    <AppId><![CDATA[wxe5b18b9bd7e3626b]]></AppId>
    <Encrypt><![CDATA[i+POCzOQ/8drNZKC75NYemxpf6agHH1AbyiBH1ndDHzLpDKJzJp4UA9KMllFpGSEzVQapjiZmYwP7fcHEn2wmwsKwQF2Ienoepn7ynBtL8RzWECs3nivYOENVAPaybBGR2b9iiBRYtA3LGPYOiXMb5aZYj4hMr4TJAnC95t3whQGpPsZNa/XXeeKKLGsa6G3zcVH0w1XI/KE6kJbDg9gtsLuSRt7Nd4TQhUYq+R00aTB7dULPUuub9VkQ9sacHKR/qS1aJYlpD5wLNFqrBJpX+ulLIiHrnT3yjz11UCNHygdhnLh6W9/kHhOYDkFxx7EkT3JdcGeO0P8qzmbxNf1KN/Y8GFjFUi00T5N3ho3BAx/43eODhpwf5SI13BL87rWBbklV1bTSQm6wjQC66HrSmQ48+5nn/7/RYgeUuo3BIYSpbAtAFyNu03M3wdHNQSbxEDwkwbl5BXyb1pQ4NYIdw==]]></Encrypt>
</xml>


2015-11-24 00:21:01 debug :
------------
String:
account-ticket<xml>
    <AppId><![CDATA[wxe5b18b9bd7e3626b]]></AppId>
    <Encrypt><![CDATA[0Ayko52BDO1ABrsusZhTn78zJsrS7FsyHLXYEgINu8FkO7IiARCkVIvJygRNVkmvbn+RFIzVfOUypFWC2Qw1MsVNTjBWPrAvJ1mi8ZU7oZONshNFf1V5EqjLKt+horzzl2ZYDeRu1aoG8rSdwiS7I1Wo6W3G3PFjja8MdZky6C8s4gSNBflqLx5pjtsFTtufjQvTjP55AJetweJQLLdvw7xMlh2kaF7ga2ejcL7pto1WDYu7oXggfJicGvdb6SEtSq9nD8FdoIc8KL/87sZyFmDsuaQZXv9U/7NhXtPweYr4/w/O69MB9BQ6JWN7ONd9GiNBIOAM48gjq2dX9FXo1M9COXN13+8/cdeVfV3tIji6pzsV+PrAOIpreCuNTeo0zVjzKaVJRi/q7prF3t5+kHZ/GEVXuz86j7Y3Ptb4NA1FBDVcP8v2iZqFwXmtonzBVGpR3BTwUmqAps2DGifc9g==]]></Encrypt>
</xml>


2015-11-24 00:31:01 debug :
------------
String:
account-ticket<xml>
    <AppId><![CDATA[wxe5b18b9bd7e3626b]]></AppId>
    <Encrypt><![CDATA[TvonU854JCl4kGxUxx9vwcwNgC0aLmZg8PvqQliAGjA7k1lhch1oGrS7qk2XMWPvK00OErV1BStc1RFRJoM+fPEkEHIjLK1ZLW2FFJmgVqRiMzEuUrofV3mFYM77/2+8ITIwBmXTvt3LMwbZHRbqPZCBqXk9MGnI3BwYBukEf7Pcbv9hWqrGHkrUfdvyoZNsIqETGfxQHAAB9BZEWQOrrRZcSG5Ml4Kb2slEbE3vEAxWREU4Z1y08fzbrZKVgeS3mA1lg6llpM8YygraQ9NfUBepEnbA/6cKW8oJDR+jErY+gyNkRB8Pn/lJLEQ3xw9bINC0jrl8bnHdZforBjQROlco0/BJ0WWyVfnPcsz2vM5PksdIxgRyPkq5Ujq7MTLE4BqzuifRuIRwD+JvAIM8VjLpJ5+UMOMtF7EyzzBRUz2ZQq3gT8SsZhiT5F6r4/pi9XKUwcHlRhljxUi4mFyuJA==]]></Encrypt>
</xml>


2015-11-24 00:41:00 debug :
------------
String:
account-ticket<xml>
    <AppId><![CDATA[wxe5b18b9bd7e3626b]]></AppId>
    <Encrypt><![CDATA[M6eW1LD+EUEww5K3KIVXeNcpASsv80rrF6njnxUmmZVfvOCCb5SC5gzJG7kbkt3fXPSnMXTKtIgzfZsdU3pcMLKmTa0MPKCn6xm0mR1PM7Pj72mjyIcI3zhfRa5D6i0YqP80pKdWqG+6VqXU76o/CWOFrHRzXjXqskJL+edODyxcARKE5pY9jWLv3aXGb2CzIyIUCNZ8KF995vyBZ31ajBezwYESfX+P90KDXRfM0OUpdkjsKST2FqRmJ04kQf3PMHBh1oHGodBDdDLo/PUthY+qZBTvOxCPoGw5uhFWsv7fxFXfroxvq8rjVSbEtjCXz0n+UbFVPBXLTv/1shEStfN82KF5X2lNqUp2F33C4vVlTB35HdGmvDet2IZvlrh0ny98pdqgvvpdXDyxIxkbmZk6l6qJvwRdaX6fnT+8+qze0C9ZfASBbgQ1HfZKoyuXvE+6qOTvUN3p9FdYWas/FQ==]]></Encrypt>
</xml>


2015-11-24 00:51:00 debug :
------------
String:
account-ticket<xml>
    <AppId><![CDATA[wxe5b18b9bd7e3626b]]></AppId>
    <Encrypt><![CDATA[3Nc3DWrRaOkqrLHyYpfmwxhwv/qUoKP8jGMjONQh9GR7plcm9LYUDYH0jW08yI+7C5Pgnfs9Q9WDCI4kl4TIvWMXfm56QETQJNoOsanyTV3s1ujurugdysjA/tBAiet0dGzBDlt0wy2/VO5SC3s1qerA9dJ1Al1OWeYCKdg3FW6CvQek/xA+k0m3af+U7nT12hRBw1EFM3KtIJO8Ru3yJBaJuK8OeY8TzzqNiqvLIezXw+Bh2l1JDIB4tXLVlb6qsuyXyM/SotN9M1eapWb6zWmOLYToqmqk4WCXU9i8P5puB5oeVQLwxTTQUxryK1Ou6qncgFhkgeeHiyOVjZs6Bmm2yGGLjNOsj76vb66LThrPhLf3fpuzEwGPCudUNzkuhTFWIKY/SJHpS3Dlv4bI2XpHGjl3FhsTlhBc19UpMKJsmbabbrUC4rFaiy2MWK4edCQxFet4dKawQL1xebpS+g==]]></Encrypt>
</xml>


2015-11-24 01:00:58 debug :
------------
String:
account-ticket<xml>
    <AppId><![CDATA[wxe5b18b9bd7e3626b]]></AppId>
    <Encrypt><![CDATA[jF5SDVki/QY1G1UwZ19IYJ0frjfoO2s45K93XXjCvD5EIYcQZpkswUFc8QPKcdnmQrkIGOMdLRAuet8NLg7fT1KPpW4YvEopx3ZyCNAEnaeNslSxgXYbpgfNX+aWpGlpUZCwyduaiRU8ZLicoTZgTB43y/gDjmqucZRsoK0TZASgFuc/ZhIClbbieQgFl4OTSMx84EnthW59sL22gKdzWH1Jebc6/TGlhPkVVVscEUS2khk/7tU0BY41pNKjk5w58n8/nhCxLQneTi+r6xbo0pf0KZIRyxWiBhEeyYtXfemPWOhTSLni5ck0awCWEXgg0Kv7Uvqa3PL99StELSHIFKTl1mmZ2f7ObeJI4k3IHKdbkQgIkli8wv76yB67ThB0fLhX8nGQR7GjEw4HDvDxdmkPkAhPBVk4SgaysUfKZz7HLYYCG6Hb/mHHdc7NCkPXS+J7LAj3HSuj15CfriExEw==]]></Encrypt>
</xml>


2015-11-24 01:11:01 debug :
------------
String:
account-ticket<xml>
    <AppId><![CDATA[wxe5b18b9bd7e3626b]]></AppId>
    <Encrypt><![CDATA[3OLQ/dR0hc/VWXb1L9E84N5ZorXvHKH4TO0MeD4zcnc5DiL71grEGlilOOeNZpjPmGZW0nlbO8qyqkzzJI07ITn0mMGjT4HZCzrxQKIGVCgxKAwvMMy8qAiItkjHdi8UW7GCr2PiC7H8zaKXCd8P/tzHG8DhKWG1a0LQl9YM7vaL5jNR+JRv/oIkAdiv7MKUO1ToNr090hgYSrAU0TOVDXXmml4okZIoJYZSEKWqSpQu4IEoIxMIJjaweRNtas0Z25+c+1u9e++u8I/MKA0BOV65gahM76pr00NRA5IDwH792vMvWEIsxqD16ApNw3kj8issDHpoHub1J/imN7nDSzxaWvq+K7PpGBrQ3HdCPRul2TUKQeUNViqHsr+0LmAoeI/oTZcCc8cMvzzlukPVA/6GB8M5g+OrbYoj88xmGo6TqojDe5AUgDvXvn8RDXQZPH6IJnsDGWnVv4FHEQI2fQ==]]></Encrypt>
</xml>


2015-11-24 01:21:01 debug :
------------
String:
account-ticket<xml>
    <AppId><![CDATA[wxe5b18b9bd7e3626b]]></AppId>
    <Encrypt><![CDATA[E+xBj30Qd0p7NNzSJC6qF8jEB18zynNygwgPFYdF5s/GVOSjbAlnBXKJGnSYcyFgaofvobKJgwckJoYf+uuuCGvHLQDdmvB6DCMYDWhBl+m0nR+yJTlNLLkPZ/9IdE1pGElG9kgmzRuzeV2Dm9E/jFy9+BKx6geS4FWPIw1wxZXkIOuqfPXcVrJZdVfG1lC7tkqhp1ZnJi+jJVkcaHoOkk5WYXgMEuOXGHr0+/YtA82Gm/sOFUzSg3xp3ghG/c2PDiNQTjpHPMtVqoeo4Y6liJgeypHAKrIyOnN99JjSpmEJhEPOPCr0vXDi93RTQdcEXzn9ovbKrDZH/hTaMOJ+wEuxdjBQUiRWuLLPzIR9Fur91D9oeZ11mlx5HRljz3n+Q7Pyog5pcegLU7cKzYD7RuSFJUTAr1jsZtgOQa7dpu6ocFuGV9rBZAXWazsS/DxLhO84gOaOxHvHic9rnN6rug==]]></Encrypt>
</xml>


2015-11-24 01:31:00 debug :
------------
String:
account-ticket<xml>
    <AppId><![CDATA[wxe5b18b9bd7e3626b]]></AppId>
    <Encrypt><![CDATA[Jn5Kyh3WH9JRKQnqOOBU1zgIBD3Ble8pHqP9qoLtfwaJYDu4o+DEEzuxfummOvffg91LPASo8w9Toh4Ki/quK1o+pfWRIMwO+I5EKq1kV4M7ls0+PZZEjKI8fW5UBitWaRIOHyd2G8CZ1k0xJyW0zV8gq0IhU0OZ+P3WefUfi0m9cHXD3hkDBzRIZ09uVrmghQb4H6ePFiZMqavnsQd0vWe8OA1NRVh8V2RAQsBXoEtbPX9ic/T8wV/oaL1gpk8Z/nrZNNxzT24KP3N+jTJxpaWDtDqRofi0aVLXDJWTHOYLH1OktKBRyKfXdmzryBq+in8mxK7lFOvpMk5wiV1X6suLCTWcTXRa7Qq5LNMMwuk6DiNZPvqrV1Es/jb9FEH3ZJlz14c+nPXhCnejyccSZMBL7b3FCBMaLZypVoO2oxScIQSFgNzYVPul7zc7qlJf50Pcwdu6Jhq0p7a7c8cglA==]]></Encrypt>
</xml>


2015-11-24 01:41:00 debug :
------------
String:
account-ticket<xml>
    <AppId><![CDATA[wxe5b18b9bd7e3626b]]></AppId>
    <Encrypt><![CDATA[bTVpGUvbVFL/0z4UlEBlDtFNbWxjpLHYRN91ZrdpDfdPs2DIOVtacZgNKhx3M75J/LuSPhD/KoFnSPYq+Dw27ZwbmkW4bHR/pplm6+waukt1eC7od3yYxHpN1fMefx+8Gvtg86IGO03McwTaTfHGeYgU8mNYeSHqpM5WDmsQbXmBAoGf3Isuz3S1YNQRVp6Iue3t/dHN44xsXLsvO8v7m3emvJ8FCz111hRiLcBSgmRTU9UjaINfSPJczPNKouU0EJgrgH1t6ZWV5+1NZOZQ0f7eCftni92gqmU0vkwybMR0S5bIQXwZuyS2o77J0+rc/1nIU8lKbCpt+wy+YFTbNH0uVLU99nae2t8HOEuGFNn7XPXDceoumq/SW0X+swMHvK74lWVtp9Jt1av1fHGTAhdZSQkLxNjBtegdYwALC001CneWVhHjR40QasJVeFn6SKiiUeQNRYL6axLo7MRH/g==]]></Encrypt>
</xml>


2015-11-24 01:50:57 debug :
------------
String:
account-ticket<xml>
    <AppId><![CDATA[wxe5b18b9bd7e3626b]]></AppId>
    <Encrypt><![CDATA[v3Kg7O8zZm0PD8IdcXT09ftsOp/wvGsLWJSUZWeii3WrquxPW+ANLbFVEUzVw6q0WzGmKpkZVtxaXaMNIlavC5jcMom0MM3q7J2PNhL3QhjstQmLuAL2Pr0/oviwD81aKpQG4K3Gy2aBhjbWgLzgpQcHVc4dqE1nNJ1bO3AnNBPVcjXcErI3Xk5wYnEVPy+EMAUwksMObuz4KRFoHztJuj9tZbBy/ArgWhxRjHuDDWjorLQirsOcJiVrACD/R/WTmtCCmzzsAD5RZC3Ax+b8jIwXr6+6yqUq1qDJtuK5ulzYJkPwfabfUReVIh5Kf3EAmzH3Pc4wCHzyAGq9RQiNnTDfZXec8kTn4VLSro5qUVwZagQL3fF05FgfrVLl6w5JY4JR5XhSgkmeyescTW9MyuS5PZeZneElEiKhD8Jtg3oVhuegoOmDpNJWNC5kqjiEupSYt4MeXXiXdlZXZNTA9Q==]]></Encrypt>
</xml>


2015-11-24 02:00:57 debug :
------------
String:
account-ticket<xml>
    <AppId><![CDATA[wxe5b18b9bd7e3626b]]></AppId>
    <Encrypt><![CDATA[y6XodLpPRfqbPE670CGjujNjIDXZSq9Xmnw4rkQK1m5fodcNsfpbQg6LCt+XhCPL1n931RVNenNPjAsYOT4H8jRNZ1Fzw8Rm6JKQRr5RYi4Q62Bg9Xmj4Doj8a3Oc8bM5sfBQIWCHsAowYN2KyTpcPcEvkxMeUB3WYzTEhhoS0nw3+cK3MB3SW6fnXzMDx5iA2NKWNX8GG9Fg8HSJr+yXVkgCIpThNwVpo1pzt5h28esGChwvQZrI8woqJwOZwPFTODpQytRcDCXdnUxsBhcKBpDtncRmsULitc/v7p5Dc52VQHhtOCb2hsiuw9S/4tkKAG2vsKrMT9uoJVTlkeLkCooQLJVxl2FfjXVw5eKKNLjjLqZLWa4F1jZspRfZotfrLTiamPgbvCXM78Ky0uOsCm3en6UKrEu+7vLgEHudasjW7y4QY3nRCR1sCbrgmUApYjS6QKGm7egXzQNobVJBw==]]></Encrypt>
</xml>


2015-11-24 02:11:00 debug :
------------
String:
account-ticket<xml>
    <AppId><![CDATA[wxe5b18b9bd7e3626b]]></AppId>
    <Encrypt><![CDATA[zedaqE4S6aqULJuRcRSYGE2jq6n/lxpiystY07KRkgiYkmlaNHLdNzooD3FJ1FYTADGDcg2VbtLzSfQdztdJ80WXJzRrtaPjetkpOQs7xdZcOVoapjeh9Ef2T54jCYgjFk7TwYv7tRcZXpJ/3n/pzDO9npFiEEHM1ZCHy5SUBYfzeD9Qm18kw5TkQlX/IAYatlcXmV6wpLHcLdfP/zbtMHIoXJIe+j3qjrSwR7zUoNRzMZSKwvkdwYM2E17cBUx+cfbjqBDvTy1dcF6APwrBskpOhnc7F6lUqlcYj0lJqbXhTlA49hTSM0ka3D1BqUGrIxY0JMNTBrub3EiRJJxBWR/YqQF6vteS1IYc9im1XlhAT3YNYK1RTlcH3/mvYIN9G172FBkIsnzpWKpM4dN6Z7meQkFOt0m4xWxSBAcKf7hd+Q3vDEIAWyrLMOr4/CGv1d2dIvRLO7m5fH/KyJkRVA==]]></Encrypt>
</xml>


2015-11-24 02:20:59 debug :
------------
String:
account-ticket<xml>
    <AppId><![CDATA[wxe5b18b9bd7e3626b]]></AppId>
    <Encrypt><![CDATA[Erl8KZMdtFaAt2ZcVpeF7Ok29DGZk7SVV0ZTpwf3ntYjWUWNxtFjU8rGhbz2ensiwOzl1TeDMTBJCZfOdiD6j3BgY0MqcUMJ1Z7n1FWf7FmVqd8eDwkA/8hT52hMsDVNDZkf8bpR57HzgwvI1SfYdsie0aiSTdtS8KLAPU/UuFE7FPOj6rE3vi+qGSW4jPb/dGe4XdXuOS4eh+iafOlPdFtHPDqvkvMpe3pwgPb7rVX87mqHsVqaYUDTSxXJy75WHjFbV9H+MGNXhmLJ//cw7d0VzGD6NMagb2ZZdq/m/vB6Xbbb0QEPYiL62OhU/zdiIpE44biIZ613diAQbPhSW/3reNPtnaE9jG+8wB/9cggy05MOUlTyKjfoeXNfUjXhw5BNYRVBmV9YERwIkXmHlmg3xzzzwMiWSoX2HCVdOau7JFpAgOa6xC59eGAme8aTziWwmT7vkv4T3PpX+mPQtA==]]></Encrypt>
</xml>


2015-11-24 02:31:00 debug :
------------
String:
account-ticket<xml>
    <AppId><![CDATA[wxe5b18b9bd7e3626b]]></AppId>
    <Encrypt><![CDATA[PyZc8fOg5w1Eqj516h2AT1KkyHiA5KBc9rV2bvENw2fjkHeseVZ3lto8OngTXIUkm/OamMDg3ZqKi7qV0sYUcs+kU0vWVfQTmDv2UPHqeiPHkBREXDd7bPeb4aZhCLYibZ0ArTJc901fSLjTqkYsk4wQNZ3MLevMpU6P5ZSdae1/lQSUrP7xrKPJrakwhQ4I0dO/Gp462UiUBBMFl/IOVCICy9bS6pPlW6G74opFC0aY0ZV50NFisKIobjav5gTm2KzZu2W+tJCPUCMq2rI9z4fA1Tj3Wtx0D/ugcpSpQu+utyObj8XyOhVB4hNVbUHmDnn/07RVg3WR3//LdoSopyreiD38FOuTdDJtw5rRigBaKGAHmevBmSVT4bZwi2Ax3yJ+yb+lbnctm0pEWH347lqaJdcjWS1FAiCNdsToB4WM6DOrQG1a+9Y7AhoOUufdICVsio3+paZQdshggzo1qg==]]></Encrypt>
</xml>


2015-11-24 02:41:01 debug :
------------
String:
account-ticket<xml>
    <AppId><![CDATA[wxe5b18b9bd7e3626b]]></AppId>
    <Encrypt><![CDATA[irWWM9+9BvgMc3OjxyvLGAQMU91weSETmEpNeBfew8PD8YMF+BmLAU9SjqFHO25a9Q4i6jj0GVKbaGYbQWiVD5V8XLopfCgn7/V1+rIdEbcnMK0FM3T6FbG5+EXiyny7dvL6A8ynFewhec8d2vmD100cK1zKH4qNxxezIbzMN2wD+zCFI4VfGjQUxbw8PIVJwKJJGuQETTgEGcB+5CltXDb9E3pjmD/Yox5+Hq7nL045mE2a5iMVNd7p/CT+u2+HJBwBU64bo7ZZ+E0uWTISRhIFDm2vZj4Q/MntZ9ywWAvP+P3Mqyrttb6GjjtrE9T6ZuLHbAMJzW+tCvONQRqEBqeUARZPsOF4VCIeTZQW7On3mTWfBS8AhxdwPy7uJZWP+uaIx3HoDz83MEtByYnzPcDc9fxSVuBwEYQ2wOWgtGDe6kpnUhXFX4uksFSnzp49OjjyyvUWZuTXahuDzGCUDQ==]]></Encrypt>
</xml>


2015-11-24 02:50:59 debug :
------------
String:
account-ticket<xml>
    <AppId><![CDATA[wxe5b18b9bd7e3626b]]></AppId>
    <Encrypt><![CDATA[3AZIWla3QVKoKBjF1Fgt4lONfD+hyIuj9tCZ/ei1zwk43pIsPn8TVwPxTKxzARvzTK+TO+KUsJIxHCyjV7mTaJ9+n4eoYb4ltTaCLMaXFi5n23LN49Ypggljm9M0JwwDJ8wv0b11Oe0w7IkaQP162wWQzYI1CEl5U4srP5i3ckjPI32DRbE+OtatOz6Uyx7JwBBeJNQtI6rEviWYwvrhu7aZaqnuAwwbbCng6hu0Gh7Q495rDSUUVgCpnxO7dDFgqnMAeJRI9C17J63xST0GfDMVS/XWZQloFhqk2U9H7pJHWwRT9nWe8PcqDQBaE3oC6bCeD/ArnfwUYRz6SpBMgN8EAJ7zaV7Z+ZsP60PH/AzY/wRV5YNzBkbxtsw70ODUUx6funUtvbMIeWpDifdhlju24Sy1I9qHM1l6XMg0OYPM3vFsISsVzRTvPvBIxpyJDwQOu90pAwViXcSeWL0DZA==]]></Encrypt>
</xml>


2015-11-24 03:00:59 debug :
------------
String:
account-ticket<xml>
    <AppId><![CDATA[wxe5b18b9bd7e3626b]]></AppId>
    <Encrypt><![CDATA[ZlYKHVIpdhQ/ePuvhW8YefU3WNN771FN/G5gr7kETkqOrK1NKxPcHYgrJ2bXioXF/2G0FohU0IHDCos30LlkL62sveGFrzeJrl3n4ntNOLPQ9p/+TntX3J0+KNh2h2rmMX4h+decNNWI2a4OsUUgCzRcOo+Cyhnnw0zR1q7LnUf2ybj5Vi/1QPMrulp/cT/XY2tixx9FiIgVL5KuwhuY4+23DA3LHIwZxRZwHElYxLpb2GllQVxorD5F937GBTSmXzjLTXv7Y9f4IXOxa3HnWVwXnG1gyDAU4F5axwIVoFQb/jcQUqSgqmgnkwnFzz9eqrERHe5PqRX0O9l0ozEaybkF0FwRMcAZ2bM1+wl6CeW42Ro+bCxUISXYsnQ+i7GDGvIVG4v2L2SJ13z/v1Zqd+ZT8gGcyNFu6CmVHaB5JYGy3qMSgA7my+woBEygNTSjtw30svTBokd03RN4qGNLlQ==]]></Encrypt>
</xml>


2015-11-24 03:10:59 debug :
------------
String:
account-ticket<xml>
    <AppId><![CDATA[wxe5b18b9bd7e3626b]]></AppId>
    <Encrypt><![CDATA[ErhbZ0Dl5MEPt8SXYa2lbwXteH2iGUdkH1cw0zkcz6w5BSBQiRk2QswcRGn7l06ZVidngzIVGKz1mLaNLPACSIuVfDnaImj+QhSz3BNksiflb//iYuqDZ8t1fFEtEKy+3c2dxAsuo1AzgOcN/gGs7mHqc1K7uoXe2Y38MQ4OkP+I1T7eQYaMoaobfH4xG+Kj7OI+X1mcGzlSAkUGw3v3nPPZgRKKgR67oarRZHkQOgarUDZx1PkfS5pGS9WB95TsEqUy/1FAt9giFqs5c7s5cXAicmLSYtYPTR5kloJQli3Xm9O8PBAqCMbzn9o+me17ypm0d1amrKjV1mWVIUESc3lOBkYfNokO0czlOB361wjbHL3pUqvem/ft9NswMUf1rrDgG84vuXkMDK7Hnvj2Yge8dImKWMLPRnUj0+BNA2WcXYulgu3HXB3uEPyV62kSMd/1otHRiSEFToqgPkEFXA==]]></Encrypt>
</xml>


2015-11-24 03:20:59 debug :
------------
String:
account-ticket<xml>
    <AppId><![CDATA[wxe5b18b9bd7e3626b]]></AppId>
    <Encrypt><![CDATA[K5+ZquPqGRnm/O8emiUQcHyPyj9JugbiA6SoqBAf6MfUWYA9fUlzzbF3ZrBWq9YA+VY0AMcncbq+INwKQ6u8+lcTUKGk0h1YiqcfGh2xIOCVGeXmDpvYb8ySztnqAoLphhGQlF/fF5bzFXNnWEb2ov6YrZ4HuCJWEwbIhpCySNiM5vTKnBx/zP9hIDTXW+redwtpoTqXrHB0YVV1WvfmHIKukXQjqnAPE0ZEVd4Q/KdxeFnnEe0CRKvOS6vkwbIbxJQdtFX2zdFSfRMQZLIbPNBehkjj3ePWn8WG1dvsZ1TXv8A6BW4NxyOHgygpbj3mcOcH9oW5BwzzJqhfQzuk0uNHBh2+VmbqFz1yVF8cdZe0kT/L5v8R3Zp7Z9Ib67WCQ0OlZAZotpGw60W2nttdi7U7TZlMrYmDtjVDE7GMNpoZIdXYwpp1l0pBivP4USaUQD1okiiXKDyTnCARs04n8g==]]></Encrypt>
</xml>


2015-11-24 03:30:59 debug :
------------
String:
account-ticket<xml>
    <AppId><![CDATA[wxe5b18b9bd7e3626b]]></AppId>
    <Encrypt><![CDATA[7/hJQXjrbPi0hIw4nLMmNsfnw/oz8z4meHIhNTld6citbgHsRABS9xlgiMPZQ3eazRHjIUReBgOcPi6KmxPD58Z6ZI7g5wXa8Q0mBefIo2Rmg3fuwVG9WCRpCG3uM0fhxV0L+NuLiuSu+Y08gWtsqfZdmlErFEDFAdPfRtdV/d3cisfNTYvAY07veVS+DIX+5kOioDuqYwMRUklc0K40PC/WEl9hGc2OM5mjzuscQaKJqGKvryax23X0wrgkUwlO81wwPL+II5X71cKPx5qCfYWW+BTH8Ss8VQk4gpdqyd3k6i7yNRxigNZyst82ZyhEXN8iKfB9HI0ibM0/AOferYqtgshPje3oqW4DJUJvieii+gxbGDQvxrSVzj/CFZaTZMSLAekX3unZ6LqHSWtVWrBUAGH3mY6fiH+D59xTgV59Q7WhEZe215ST7cDkWaiI2s4Ha3rHrJhM81Zw8rKR0g==]]></Encrypt>
</xml>


2015-11-24 03:40:58 debug :
------------
String:
account-ticket<xml>
    <AppId><![CDATA[wxe5b18b9bd7e3626b]]></AppId>
    <Encrypt><![CDATA[jkZr66QoVuPPASOEh6JxQyq++3UdhXe4rDfSLl7zsllKrHkb+FeCfweh9fayW+tuVw0tZ0GT5v9hwzL1Kk2VZbHJ2Ke2oyF5bop5zuPO+pbFvKh2e1H/NhXs8biogpsFOtIjdVo0YFxu0X/Xn/m67X6MxGC0MfmknLRSsyx/bcyLbXFFT0PkF6SChF0M1sP0Bb0+5PtGu28SCphGChsv6ZmsXs790BiqAWHRQ+XABcKtXRnmJsXOsMPThS1xKIJdr730CMQnBmH2+EYvuaBugCGKxMpsxVEplSWj0yJKDFwDmlDAcWWW20uZ5EBP62yT5rDQZCZYK5TLd53jL89VRiTwbmJsK71s1EiOMPSjyEEoVocLeN1Py5tbQ/C9ED41Xe77zanOoYKoEbdLpj6Xah9QGeU9LhR3ybktF0JXPJ3YSn+ZfE/EBZsskHiDZg4259Rjt78HxPmyxPB+m87Z6g==]]></Encrypt>
</xml>


2015-11-24 03:50:58 debug :
------------
String:
account-ticket<xml>
    <AppId><![CDATA[wxe5b18b9bd7e3626b]]></AppId>
    <Encrypt><![CDATA[iVgcyoqhMKywYq9nnXn0+TodaaYAlAS4GclJYeuDogapNF+7mA1tnnWG2kOhL2o7cZmUSaw2QyAx4BW1qBu2rtLUojtgtnv+JgJX++bzTLhXv7yB0tJTxRXZyfNu/vh0HotUW2tBnZRDkHMXo968D9y90jzNGJ4Fg1SfEsAPUbSbRwUgccbXuuBtKlUosawROLu2KCz7Q6foybbHQgyEIoGHbdj37UGOTkHG0roamTVOulhFijk4L+wRgj1ErGkhXCrpB+W9JnTEJOlvKCYw3Vf3DS/Uvns0LyJLZ9lwRdWc6zKqYNqHeaopKYYSBk3pGntHKBLOaQJarAXZdVbMn+RHwwDPTJ2xlP6dSwmiqFKKzQ/usp8UXJHzfx435bv0elCXq3be+r5/h+ku5cEQCS2Z/ZXrK5dq+Jl+NlU3AHhuJp7T2BziNp+wAo1ZAZ/AJTNXz4y5iHmQ+RWKPAGS6w==]]></Encrypt>
</xml>


2015-11-24 04:00:58 debug :
------------
String:
account-ticket<xml>
    <AppId><![CDATA[wxe5b18b9bd7e3626b]]></AppId>
    <Encrypt><![CDATA[zyh3STKMUmTlA7n1YhICIs2IIiCIDlWWyYzglAt2E0CHWw6wa46MwPrJ8oESbAsU2UTq8tPiyy6uSoLEDN83SmmQIGblxjC3ccZCEg62ooovIvnecAbVG/R0K/mL7ufaX7czXl/NKYHdRDnVwd0HddXH8+G81ouF4eqVjnzsyUrGRyL3YYm2wzPPX99na0x6cB+YQsBl9nKL+K6w9o07HqeDnLuV1E6n+xsVha6mvFDDQdgM/Rmnh7Q1tXb06tPt195eFxSAUo2JJyoL0CBpadA1N18QYxSYCc4W0BdQ2vMY3z9uSJMdsXLt4pxpqa7v5DRRByKO/gJ4zJVqwHg5sx5gQ5b0CvkIhiSiNnDWyP57ygIN8lOkEuod6c8HUQ2hUB8YfOXlj8Wty75GC0XqPKtasLXsnQ/J5tsgwKiAz7+CXkdCJ7KDaA5mYrLWtefhk2c2mJGE83Pu11n/GJOrTg==]]></Encrypt>
</xml>


2015-11-24 04:10:57 debug :
------------
String:
account-ticket<xml>
    <AppId><![CDATA[wxe5b18b9bd7e3626b]]></AppId>
    <Encrypt><![CDATA[8r1L7LgNqQ4uVraDczCgnxvtXYeeSNTPZM8xymEW6c5Pj5QUZvkgRsXwSyEMKTwmapDQpxfVcrDIKqU8GPoevZ1zgGMz8eI4pXojAgqpwq1DPfKbTVE79UN5y07YfSztnnqWltxnuOOJ7lndeS+40fbDT12aTUMs6gotnfR9Ksl8UWvf3u5vR7l9jDFNuuWAK39O1ALmsdD7ZY9ABfrGGzmzDva3U2/H3fkdXGZ/suyjv8/SvOit9r7hEXvUGR1j24pfTK8g4Tdy+7y+c1XUdIxlAmr2KbSGz9DUElu6WHs3C8sML0IycqtwcVKygFR/qhEJOfAwjlkDxRLlIJ564CW5+C++l+ki9iTDoeLeOEnZ+TG6K/2fL9KuuNgKf4oNbGmuCk+GMHPjHBr47pFiJz0DITNPDLS33U3YY/HXs9dL78yCyWW9I0q6ilw3FIeR1//v8otFVbwcfbDeegiZIw==]]></Encrypt>
</xml>


2015-11-24 04:20:56 debug :
------------
String:
account-ticket<xml>
    <AppId><![CDATA[wxe5b18b9bd7e3626b]]></AppId>
    <Encrypt><![CDATA[lJJ5kFoh9xlfqXmvzFPc7x/Bg9xwDYBcfz4sOR/TlIvsvhy2ddvJcAK0s6k7m8pOhXL2Q4H6ljreEZfVqbgr0zqWIufzNAxm9XXafPrKdwpxNze+vCo2cocs6iOyQSYhuFmMXbPJ9ZZi1fQqvdgdUwM/rvn0/fAUiIhvMsPnDc09kPl4HSOzyHKxmXJtAIYHPmDaZJFUrTVZZMYCJEx3SY2zkxJs5x0QKUTTzwmH3piPzR/TZ3ZcFaZ8EspTNGkkBkGnSXtMRMppk78bRek1jB5cvwIiScfKtpFDm4MWmjvHzKRRuawQdcYRK3TjV5wff8rT7YbkNS6QDIRC65DR/vGTKBkKWWQ3tmhPwG63Dkz6IrN/MFL7ZwmJlvAu5r0Uk5udNIJ/yrI+HGmbjonYWqk+w3zh5a3iAsbwTglZhjrQ12xvBHls6mwtJe7RzEMgA/gKI7ytf3a+8SqxZOLWTA==]]></Encrypt>
</xml>


2015-11-24 04:30:55 debug :
------------
String:
account-ticket<xml>
    <AppId><![CDATA[wxe5b18b9bd7e3626b]]></AppId>
    <Encrypt><![CDATA[/gaBIeeSmbszcww+t6/lfoaS2jkzgGJg8vpw6xjkD8QbnpoKeh6BU6wB5ryF8qgSfClng9boDm+7Gz1hu0XD5Px7uTLNEp5pVc52lzIbiwwD4cNnPhkrPRamI9suT0SZlC0bk8FGVAlsjgRWhLz6+RnvSSWI3FESrc1WJrehMFd9i8Uy3C2F0ntu4DO41VH3Yy1i2Zjv96JBx0FuGkwVNvXxHZs8UpoEmAydEi8+JT01OupX4O4M7LnOv3PEdMh4xsCRHKxOMmojfhPmoRqQ5TfNOi5YTAN1vKMvuM7aDZxJWdO0H1V0eAqZu0rcV6oqpvp/GKRMlo1XInH1FOUdp0lH7g0iqxE44NdfunAGn3yd06s22IryHSVTS9csjdNkPBQN3Awq1ryNIVeAM4tX2c0UmtNTcD8GPMQNmR9ielVqMz2Z5bhupna0FWk9QeO2aVc4oFTOYl3qxZfKT46hEA==]]></Encrypt>
</xml>


2015-11-24 04:40:56 debug :
------------
String:
account-ticket<xml>
    <AppId><![CDATA[wxe5b18b9bd7e3626b]]></AppId>
    <Encrypt><![CDATA[juqzouRbqbc3gzVyXLd95gy2H7X+7pIlJv0CUpNqfONTLnrAXsWXxbbAGa+uvntursLOqlkBPUDqysVmHTpwfVnOmyOB1TuZ5XdaIFkOgJN3+JnB+jT+niF4ahPa3a8g68B6ebqz3xAZVEkNkgJcWgqQ2HBcMFxp62wCB3EsWbwwGEPcL5r20ZLdD43XX8l5ueuez9ivMERkJaYEeGdQaAWofXrdpnI2zbJDQWIcNGz/C9U0cdUDU8o3KtzwASmSuC0GXMPOkpa4KBGHX//vrRaAlOsjcEyX3tg0740XYzvN0FeZhT2YaQ8tlxm1igDfpSk1gaz1CzbiHQvC2N/Gb7dVkZpQ8z4FXoWLpyn92vvZsoJ8RtWJCCrE1ztr+RYJpqT7e2NsxA1VwvHn5FohnV5lTrbL/Yg6Kmm872ii869x9buK6DwGY5hkSY8kh2i1Jp8aujeNFQTU5+YTP6h8kQ==]]></Encrypt>
</xml>


2015-11-24 04:50:55 debug :
------------
String:
account-ticket<xml>
    <AppId><![CDATA[wxe5b18b9bd7e3626b]]></AppId>
    <Encrypt><![CDATA[R//p+jxgRhi4kic0C8OUiT0K2/aaPNk+W9NeDZJDmrb/c+6pE1M+XU6mIsXioK8toAnjDnC4Pg2NwsHPrcQ74QCQN7TTXrLL4jix3K4sgDc+2bVyFB3QndhdNDh4vtnyMjrXGsVu2Y/BjzvyS/Jf+vFvnyOg+MGleVaKGescgsXnxnvTcPsdH1pOiX2K/hAqM0FJLPo+KEn2aVCN5Tcaos3BjOWfGFfUs7tyx9+yc/g8JFXry3AQjXcOz7y/ytqRbG1pM8vHHkST/wFQGeBhtX2ZQAZj40l5CxAd2RJwsqFa0LWiBRx1wPS08IvFURhtqj2gWDB1wwyXcosRXvwHeLH0Prwvau3WWTXJ0gCLc/5dWy9oAht++hhzhINVI5pMbGzkwsBAhwR46YAykTLn/3WyCykC8xAhbzBei73rXaEUZs/06uYhU+A9Fjp3sJ/QDMQ/QlNrLb5KwdUMZVpTWA==]]></Encrypt>
</xml>


2015-11-24 05:00:57 debug :
------------
String:
account-ticket<xml>
    <AppId><![CDATA[wxe5b18b9bd7e3626b]]></AppId>
    <Encrypt><![CDATA[ZP9ZbZtsN2PSyzaMUHU6ic9hAlfv3I5rjThQA07mo1Iw5AFUXwett/bCzBqd8imYkFitf959tNezAegQbgQnTYTgX08eKVagctCpd0nfihvujRgCKiQY+yEXSRsvHg8PTwdgO5E8mTNe4/Ixz0dIxma+vW9wb61dDK0/lBbhWTT1fO4r3KLRW4ic3HEPP9StbkyvfOPuI41jlRGgo/u5Y3fbR5LrLgIksOofIx1nRA8GrrVClTsgd81gweutctb2qSbE6e1yFlXe8hNG84PY9T9QJpnS8AomV06MykV9mC5h4k4Zp9VdxPvzniU89t4Vz0Vy4JwZKJWCE9kJ75aBu1UMw5lOy9bnW8Qw6aRChs9LEUV97VIWJrFfStAmy/aFVAGqezOrGSX6up6KfB9frMuE7+ASY76LEc+358D3e/dQ+pqL1smHt0Uc+tkQcZQ/6K/d6gULUI9UbW6MQueRFQ==]]></Encrypt>
</xml>


2015-11-24 05:10:55 debug :
------------
String:
account-ticket<xml>
    <AppId><![CDATA[wxe5b18b9bd7e3626b]]></AppId>
    <Encrypt><![CDATA[jaD/zY6XyYbBGsNomMnLXN30xGBNHzqNKE2e6Ud7XJ2oYY28ZS/+05kGy31nXN9zRrq1peLcWq5IjZ665zWLXdXBTu17E3SeLy27D4y2Qds4l9YXUzYdF+SG2za4pz28GAlPTeSwVBDHurOjAbEfJGuUuYMRusZdpSRfcOq9qCKlrdzK0ARTR+2fJ6LqeAV94b1llDU7D2a9NviuMMvdwAEXLxq/9sczFwhcpGGxVW7ZtU7R5LrZEn5jsQJ1RBP2I0oNf0DVlDqQ2txrP89D+RU60oJgZI/i8i7z/k9D0fBLSNARpdeX0XTA2USHKDTY+F1Vz/7lw+RD9UNyaSSnTkO/BG9qK1zYRVIyKN39uxFlu1Y7O+ZEhc8a6bfo9XHTCnuPMeCnC6DA+NDeL3RCPKc8X0SGo8HuDoH4LmAKKLeIXZ52CgDlEwj+2oWZXBk1YMEw5CrxNAgEkPdiOtpxcg==]]></Encrypt>
</xml>


2015-11-24 05:20:55 debug :
------------
String:
account-ticket<xml>
    <AppId><![CDATA[wxe5b18b9bd7e3626b]]></AppId>
    <Encrypt><![CDATA[27XFln8pNkqf3fAvFAbt/MEmBBQefcuMZuZwXPjNmVk2obXIHdWp1LlVViuq/+ehERQjtVO7r4k+FhwHYKzLLD+3MDQ+IVgFAvuvCkBLZDtoBs0qCDyNjO3/qAxS2MUsND2FbI1ZinlAxrSyiOu0t0pdpBghv0NvBP2ZuGifjpqfB1RearXHEjaoBQey2taNDvHizktGYUzVAf+rtya7Vi3CR/+UuIXXY4gTZwo7W+LxN9XPVEtNspIZnq/J2QyGvld0Him2YMd6Yyh7Q/jUh5068FSMRzcWqrorxKK9PxxS57HzXOFxqBN4XoPDtRKX8b85kg4g+EewklOKyDaW+Ce/7HdW13x+5z3cHqdyRBLlN93kBQuj69KEgcbhu1igzbG7bVVrfXeVefTwOYVJRK0Q7rqBasNwICqqXxt2Zj2XNLsBu1hMOpM+z8oDbHpqFM6sVkCM0bcQW3GK7piQEA==]]></Encrypt>
</xml>


2015-11-24 05:30:54 debug :
------------
String:
account-ticket<xml>
    <AppId><![CDATA[wxe5b18b9bd7e3626b]]></AppId>
    <Encrypt><![CDATA[tTfQ/vo3jXCK2Xu8bh+oXbToXkPAntTvZFvRQ296LQghay8JkKvI7HjcoyICbFpB3VHMyGmxr2teAPw119VRJGCIIatRCeZmcthG6tnuL9XVtHF3OtXpLb6Xrvk+BtOvfmKf6cfQcVRKcemiA2CT6qfGZ6no+P1o2DYvrxlE7hV2Cd4vXBq+vZV6reWf7ttcsmfdd/RpLeQUrn029xyHZBpMbbnRpbgGm9AV6TDjhmWIoqOj24mTxu4ciW40bTFDK3saXZjJKm7T2bSsFlU0Z1ndE4Gs9gDhLBTc4HTEIQR0z/GqieNZFz5yofAxpeRPI1+utCC7x8gaYLi9kZKWKVzw/jF48IrQ7MheBWVIhD4vA+gmtda9WpP4J/cd6q5/OEzYbBG6d34cHw6BTfeK3QaOFWhOBfSa5EIWdnoDIwMdsXNNK5urxa+e80tqNs/Xj9VFGt7XOJp+DIFl57wCrg==]]></Encrypt>
</xml>


2015-11-24 05:40:55 debug :
------------
String:
account-ticket<xml>
    <AppId><![CDATA[wxe5b18b9bd7e3626b]]></AppId>
    <Encrypt><![CDATA[b0Y8BRETZvsJYtdSoD8f4yz2UPTIB4EVL+8UXH2Klcx6hkOIeVnxaIT3ZklJfkjRk6bnUFdY3f8iwztfgG2QylbwZC4KLXsk/aKWisdEg1xP/9UtZKY1Z5cU2AjfgJz/Zyb36ei6zfw5mGnelC/hPoOjJx+jZoGoxxOHQjymK+yxHNzFxZWHSA296lkDJoeiMn4e+hSOrcynRmkmrC4dxsQk7bfKlE8N1HjsMGLqua0zSQ5YnuV+laf3IZKTg1KQxbLAbpI0tZZP7zOzQBAOilKfqaknwsHeM6VdMdheRrprEDnwPlEVxg927GADpt5bk8pHD3RDT1f4NAjufJRj5FQvKMIVZqCf0FwQHCoSwNKNTY4GW3S3nP0O7rbxuOZ28Ms8NW8eheLwj4yN8HgbSjWPLCI/vZsM1ggo1Jz9baffhQo/jQFGSPkJw0WO8jVN5ds6TQPRphozsEouSiEW2A==]]></Encrypt>
</xml>


2015-11-24 05:50:54 debug :
------------
String:
account-ticket<xml>
    <AppId><![CDATA[wxe5b18b9bd7e3626b]]></AppId>
    <Encrypt><![CDATA[CoL5Zw6D+o3fNCsRRoCL/5AO/n3hm00MevdEO2klvqK/A43vvHhcE6MhNQ8HldmzkCj9NgcfOQB0wcfkSCZkPh8wCMftU4YOnTveXJpT+TQC7e14W4+6f5sBvoinoqqCGuvGEdT1clgv2/jQ1bMkAD6WEk8kiNzeyhvKyf78bTuocmoZ+Syu41G+8Pbkpbm8wGW2Dl/np1OtoVpXDNT9MADfTvXvlJ6pJ/4n9RdanKlGIIVkN9vV4o1gvj120djVNFmt7qsyfkn4MNIM8EIilUorVRjU9AE6i7DD8w9qnC2hQEKiv2WWAVgKD/wWhlMe6Yj9x9QloSUelqxuf+KPb8eQOdZq3K6dv6uwEgeNWc5MHnnZ/XREL6t8mmxIWpu9FxcKYh+zTGNQ457aKy0DMiSidpoOTMp954CmddvWKKTG/CjWBfBG4aFYdycJFwoBFu4eBvEz3NhxWMtEYdbdvQ==]]></Encrypt>
</xml>


2015-11-24 06:00:54 debug :
------------
String:
account-ticket<xml>
    <AppId><![CDATA[wxe5b18b9bd7e3626b]]></AppId>
    <Encrypt><![CDATA[j6ivnRswapXqtBcHnyI4Rlpgy3KuuaIRovhksbTO+zeVjOs3dxREKY0zpPHxdOXH4WzF73rUmzh3xoHz7GX+dpbbjqcwCti0dwtnIWS1/oP03ikTNkrZjCD0o91sBz2UvBJOA2eadq9vphCwhCPAmTTqnfQT7i06SavVyK9EajcOV0/rl5vZvYCiaPv0zzlhOFoFWkW2JuMXhsjVJRb0NbiAz7Fic5wD5Tl9aZg5DW4sNjfzpfskrhwcZn1e4SenRbxk7qHxVwcPkiXHAkzlZ92T9uUOePyhW2naf//AWoegYFwX5KLXhCAXCZ+uMAgDt3odSF8ZqWbMi4wUt+UBMfOj0iIx6tNQVgShCyjrthm1tHA4Eq243V0TCKExWDn+k/psJeCfE6y8iW+3+ACnDuWrRWM5QKpt6GIGyWIRnZ9FSDz2MvTDFRROQ4uMqWZbA3o6bK9u00ds5ntjwPnU4g==]]></Encrypt>
</xml>


2015-11-24 06:10:55 debug :
------------
String:
account-ticket<xml>
    <AppId><![CDATA[wxe5b18b9bd7e3626b]]></AppId>
    <Encrypt><![CDATA[0GDoXpHcPJ2mqGNORBbY5mLWFY4wCGNojOoYBKu1cLTI3M3CGos75zGtxRcU3GlX4UIs1UkFN2d7b52iBJJDvrlG9q3ddynhheSF/JR2TlZrxb3q/qDiN1G4htyKOdWAg2XgNvKrC9ELBzYyrpokXDT6jyzfS2UGqtY6zuP9l4BxuOm7HRYUMUWzA7tHPA8Widbuz2/8F9mXIXjKn5pDFtJtqjq0sRETqU42PhX+TVL+1LmD3M53NqDgpJox26XgHA4DhMIHqR53FdbrJYL6lsHpiy2GGiZ0UnwPPJTcayULycTvCjwWoVj3/QkTraXCFlPwg8cEHR6P5DTYE+4yte3gUvfVtcF44ZCnS/67uKSGDNSmaBMK/bOIxCj3EIlp/IsyeWhugwIW+BgAgkdttyMbTsisN6WBbirsMOiOX3D0c/Ls8iyTIKdDFQXAtip9L0/KHtTATWVx6ULvF0fJ7Q==]]></Encrypt>
</xml>


2015-11-24 06:20:54 debug :
------------
String:
account-ticket<xml>
    <AppId><![CDATA[wxe5b18b9bd7e3626b]]></AppId>
    <Encrypt><![CDATA[D3KOnefkq+B/aSuWbXz2SYULW2SWa8hp5Gk0UCSQKKSkLfksTOpeev6K3//ceNfJ2tSIEdeMQ23f2528zjGKdi4NhYvf9oLKGncNxZcP9Cxa/um16tUSe4HKVIYyr7+wp8ISyRfOdE3sGQWsxLij8WLo0WYu2JSaKXSyO2UYhs/ZLAPVaTMYSHUlA8k0o/cdT+mCVYh8sKT9ljMNNsaw8lWJQ2ocNiu1PaBO0nD9/c4TUmPA/xTIqnoRCDzUctLGTQwDwJsZyiX7BUc/mWqDMsBA/GldgiAm2qsx8TEttC5iIlRj7CN7YCMjjmUOdr5GIaoGmxonS62MSht5un9J1FN6muNj0Lt2CgiYPOBuVGYRAdp9BNtd7wZDbUQ3VBIyW5d1X5NyiZIFRXchGBCQganqeDiEHxwF49I1NPNDu+eiZel8aLRaXmUR3ykt/8rgmQxVEXigMlkeqw0A14WLsA==]]></Encrypt>
</xml>


2015-11-24 06:30:56 debug :
------------
String:
account-ticket<xml>
    <AppId><![CDATA[wxe5b18b9bd7e3626b]]></AppId>
    <Encrypt><![CDATA[HeX1YiTV/aFku4GFBHjgR8ygPzNgjeAlPDKHkGgkFTahGUrUrRe8j6y8KdLgMPaDfi1cl5SGTq+qbriNLMXr1Rymqe2/mrHHfvdmkSbVy0V/R/AzkT760hjvJWk64gYXol6NgGc2MXnRjkT7Jw/GzoN1QIjwJ9gbwFAOgNAKewb3s24HOuDnw+bytWqeURiUz7Q5eXCOCd40dpmXLy1JAcKvsuUtg3/zx7N/biT1GSs9vN477wN5WQY0HIZLfTOc0I0aX+v0oqikSNfyPHOiBA1wPvhx69BAxukf2hHdqzo13kmk4sUtexmApns4boJ4Ii+xeyzGiNg69bBIQWnu3rrVW5y7gxeaGIGPTuvMiVLt7spE7jhlcMTk3MTp344rpjzSDdGEnb+OzcKAyV8Jrm+35UhSsxDy8rqLRQI07DwRocyPAt1TZp6wgAm9dr65R0DaEkK66Y3m9mfuXqkXZw==]]></Encrypt>
</xml>


2015-11-24 06:40:56 debug :
------------
String:
account-ticket<xml>
    <AppId><![CDATA[wxe5b18b9bd7e3626b]]></AppId>
    <Encrypt><![CDATA[Ad/ornERNZK3N0Jn0WiAdAdY8SxbtUU7HTPKZPisvUcP9HvbdJg4DkqmJeXo3G4K/MhPEXOOor2StMtvKsAro/pIMQsdxkOzqpGrXKQDPLewfC1aTPOtQp01vJk4FdR9ycn7GVx/0UPyftaUq1fJ5Iwnf8B30OyagUhXsZh4K0ES7FWUPgMY3RX2c1snQk8sZFOftvOI1xPhRDDQp+LuZJngwHcWyG6Jga9e/fUke2/PK+hvp07XZarruu7BU3j07An8lqwbl/fhQ6Q4kh17dVD+VB/A9Wvn5Lpf8TRUxOJAHsbIi9qklHZaLzNFIQLPVLwWrmXtpvaVGF8i/yJATYODSQbLGLrSxrtLLcfUDIZFMh3olM6TJ8VbB17IJ5XCQg5pwiEZ7W2eITtTVRrKUgUVXXIjRezlP1cjobtCzAVERhTWU1iEhaNzJqk3CjXhoPsvcGM/oxShAsn5v7wkXA==]]></Encrypt>
</xml>


2015-11-24 06:50:57 debug :
------------
String:
account-ticket<xml>
    <AppId><![CDATA[wxe5b18b9bd7e3626b]]></AppId>
    <Encrypt><![CDATA[1x9vwqDj8DTow9b2olGp+mCZQVMSzNfsLILAoeWnl88ulTq4Xavk3s0nEElFQHJozXES2gUMMS8QBgYLPE+Fgxhwi7Oaplr55uGcVhlMwjuAMafOTWzAjkR2maScAFcJXn76ZFTxMDofeJXr7NeX63hsKd4FJY6OOITMkMEZP/rhA6Zt57Zd1jRIhYixJY1vagpOSy5g2knEQkbkt0AeBcN7R5W8a3SLv/BcB+vukPYyL3gb7nDEjTWveLhpSr2ajd/ko5Um/xXCkq2CsiCRKpO0iyvhQMSpbk9zjxabnFSPwZ2klk/Q6x7R9tQVUEL4pqAFfBZs1sRxCEEJ+dHsf/I5KioSrMP6tsLsTLmhhqSmry4DE9ZNAwj83DMXsFs2qiEfX2g1+KAGOeXPY9fqfGQjYTEt/VpzRn/yH0X0Noj0vBjSgm+Nu4aDYfUYZIvnhdKEGc4ECeOPg6h+rtSkbw==]]></Encrypt>
</xml>


2015-11-24 07:00:57 debug :
------------
String:
account-ticket<xml>
    <AppId><![CDATA[wxe5b18b9bd7e3626b]]></AppId>
    <Encrypt><![CDATA[KP6sSriJ5dFmE49aOtB2N5ageHTjzepLyKv31k9NCP7ULH5wa63S4lzyVLohTY9HbAXt3B7vP8AaSdNRBOP5m6ekwhhVXZD+wix46KTPA0Ki2IDf5uGwxDwycRFYSgNES2F2gJm5/UkGiiQx4mjkyljVZCG49orc339guIBEJ2ZF3Ei0NvXDamzkhaKyBSZ8CMVHD7JJTT7M1ZbSWQUSyDtHXRxSai4lBNbqONH8wEURobKAz8FSL2rhZBoq6t3/Eev/jDrx8PW/3HVTGxKSKmkxWNsKpegCNz/7nZGLlxO5fk8QsNB1cYDLeNbJ+anG+yDPc8hIGsGR0jGiUl4tZSTu9JAfsS1ym4MGEoNWeN6RtR/OiHkHJ8e/G8TAaOFobc8R3huYsduPGBKnAdbV1atPz792aRALe2TGWn6FMxT11KrvrNnelFlLAf1x5hQwbD4UFowxSE1NIhOdmJKHfQ==]]></Encrypt>
</xml>


2015-11-24 07:10:59 debug :
------------
String:
account-ticket<xml>
    <AppId><![CDATA[wxe5b18b9bd7e3626b]]></AppId>
    <Encrypt><![CDATA[vT4lra9FFgyXFK3OmreeP2MBOUp56h3prSeYNySVLGPRTLv47qd8WSdNpyOUV44pT1Szp9BFeflDi8kfn8QiDVJGKq1g2O5iZZHaiBGlP2eecrD0leAdT9IvbRKfIzjyCWpkZS+HL9eUThM+qLY3A+ImONDm4xC+e2dsVZyI2q/FkWsOr9AtgyJi0/pERxMXxUTXdHYrTlGpdQMRdrAh2p7WFwP/egPReUEETzt6yWSYC+dG9FP8QVb0iLMsrRohlvE2U+wBRSmdVAC9Yf40UmiQUjg4vw2aqicuHR7ftULgHNwVf6kAFCSZCJOqcEvEgb/iDFDbfUetmtlFJL0fyM+OSGJfffSxikQm4MoKkfXDjqXFf4JcLRKDOu1oQ6WTHi5Ro0u3uaCmAIHGTd3R7H5pHQnY7htXw1Y+wDW6jigrGg9dP4M/Hkus9WU4PTjZMRjFdh1/VKJEfGK5ymGIvw==]]></Encrypt>
</xml>


2015-11-24 07:20:58 debug :
------------
String:
account-ticket<xml>
    <AppId><![CDATA[wxe5b18b9bd7e3626b]]></AppId>
    <Encrypt><![CDATA[Ob8tMcdWzBHYbMiG4qCua9/21ishL+kLWBs1MjUJj+R5Bf0zQB43V43QT0eSEj3bhGrJGagfHSczBc/vzcDF7IXTYZ9C3uoHokKHHnDpn7C7iMYKFp3UYAiY1KvCsW9/74anTrvh2+wumsq0obCJUAFjGsxCJ8HnhSTh5apZUFs6j+YI1EhepmgNhPb3fdh8Rki45gjvtiEdNllc8dizHM3PvNO8LxX9bH3Hb1+ljWjt9NgNCc4TFbY3OFnKDPrjWjAQjPks8d15Td2cULXE0cAmvFD1o3DbnQUiTp/5IP91nSwdEIzYvNA1wKn2V0HMMBc91AiG2DkX9aFHZGnRwicR7q0dXBPPU94ziDLPyOfyPT5vbmewXw+tPzuIaGlYzWTURbh8b6SsVnsvIhMj9xnPHr5tU2n0IB09KpyG2fUXUndDEf6oxyLeFFHIckRkqkwYY334ocGMMJ0btJ4img==]]></Encrypt>
</xml>


2015-11-24 07:30:58 debug :
------------
String:
account-ticket<xml>
    <AppId><![CDATA[wxe5b18b9bd7e3626b]]></AppId>
    <Encrypt><![CDATA[KI5CLEgVZyL3wDdebF3kLoADm9gJDotJk9oyGafBwVvXUSK0TfuMrcg+zVq3nnagVsqJ+sv4fAl6YOoN/oquY44Hhz+KdA3bW3SFP1Ai8LxFFKG5DGyN92NbDVpo3qsqrr2ZmCaXda/BAZxF2cdyXk8HDrFBVnkS/yhlllsq/TzrPIemPPvBWbsbbDOD5CvOz7KAk/jQErevHF+TAJ2jldniOjqJX+zOjap/wwYwKzmWohftAKR40Oy24uTYbMSIy0qISzgrO2uSuBGQNq9vjLJG1PULWWWWrHdSsuMVIikDYWnQ1k0IXE71ahrOGypxhl4Oy80MaTffHt1Tm1b6lRwAUPQ6YTMPExd5mzTQxDGsVkmRGauQzORtaRlexiD6dgUcSlQ4QZQLDeI3xnZI4ubNemWatv5HlIVvPooOohFTGBgIlGmYAS/RO8ClVasK+Rh9RDKm5SafCM4kOTxRYw==]]></Encrypt>
</xml>


2015-11-24 07:40:59 debug :
------------
String:
account-ticket<xml>
    <AppId><![CDATA[wxe5b18b9bd7e3626b]]></AppId>
    <Encrypt><![CDATA[oBwaclA8jYliw4ZQnnbiKH4IyL5+MEY1KA6SFDjGRf6A9GWfZjiAM3C1XedM5kIY7579b9YIJPuKXJ4ENpdAIRqGPGCn8QA/Q8kEIl51yS9KO0DySBq8PSf4DVJnCu+uA5fVMTI9vAstz3VG3D8s2iisAT30j6XA1wn01EPPp/cZ4mf/MC4wuDInaqaaj5Ypt9YKm24kDMTM7myzSdI7uQMA4gxQGIn52QCkPapRr8drxkWGyccvhOpbzaZIAinmnOyxngGR/AT9ahP4G4gHHk3HjTVZX9/ReJ9YkvXkbjORyWcG2/NiOhIC6EXHykGQxJMal0xVzMDgJuzsEJFPcOrWPOVTU0LqBzDS+y2EBIvWXDlkjTGWopukZ3nZ4YKHzX+tlhfNcUts9QYBvjluBeMydHraGPlnPsmFk5tHXDNrMc4FebxfIZw9t28hAfzAVLENJ/eZq8fMK0ExChJGyw==]]></Encrypt>
</xml>


2015-11-24 07:50:59 debug :
------------
String:
account-ticket<xml>
    <AppId><![CDATA[wxe5b18b9bd7e3626b]]></AppId>
    <Encrypt><![CDATA[7RqVEl1RKZPrgqh91TpXsDfL7P5J0fe8P40QcTTWgQkOKaFhUM3kDlIuL7sGLMtW3v8Bj8+Zr0S3Hno5rIz/DrvqvGRnrhvBnQOuOG+q7OusJIUjTaPnSw073uxNGeuwr25f9IfMWjmBx6GVFsokcEV2SFDlB9RNjDQvccBBi2pvoU6Slv/ldR29VNh34xJMLARtn1lterpLvhclEMqbuC8KBOimynEWBmxUqToYpdMGQWqsPfQlgbU+vYf+vBy6qLmH6qSD94bKobKilQ2BSsRW0R8P25oVHbNzT+JLU3a6eIz8R5bVY/ppy2kz7dPZkC95PzwapcTDpGS82fQUqoOq+aLw5L4L/CFySjDef2kEQvh9mULeWTjaRhrMU6iqGTPY4aQeJpPtccxR5BqmXd3Yb2m/L2qBi8qteWig5ui0ypWVB05emh26DT3SZQOnhU9pjCEJJkeiXO5FCHbYqQ==]]></Encrypt>
</xml>


2015-11-24 08:01:05 debug :
------------
String:
account-ticket<xml>
    <AppId><![CDATA[wxe5b18b9bd7e3626b]]></AppId>
    <Encrypt><![CDATA[PBpRfXRu9h61fD1cwUGGkwHUstg+MTcaKAC6VibkvLMjNVA7XASiEwL+SEwSp7274MJiL6Z6j4g77pa6HJ+zAWflKIo8c8U2EypPSpjtnYoN+0j+OG+Qfj5xQSov6ONuc+M+YXBzbee0r0L7LulsqSIzY3joHp3rEYEwknuwvGdD/vWSV1SFSBatdl2HjbIXmaZoxLtKUgfSUpAolBPa/z/+NDc4nEqhaYCM7562y+a+3Sl56N5cXxtNM9xazBeJpcsbZR8s5jyh0cVVjkI6sV5ZQdYdkcHTnealY6i34MagEYdx81HyLeiCM+Fh9C6V5zuezdTgR2kga2i1iUMt2PgZAvqYlG1nGzM1DkGcP/fh4COlJdSR1lPEd8BUvBsTvVNHyql7GXsjZuW0rZdoXsdP8F1SUBycYtK8qP9/gcdLHdZeCcUr8VSTOnODFiiXPVPdYWJMlENBLzDytcbecg==]]></Encrypt>
</xml>


2015-11-24 08:11:01 debug :
------------
String:
account-ticket<xml>
    <AppId><![CDATA[wxe5b18b9bd7e3626b]]></AppId>
    <Encrypt><![CDATA[EoKaiTFgM+VSEDSr8nU75x9eFCSyX3lFQ9ebi8vWHeVs8bWYEJGpNgguu+BEa7THCKALpG+e3K5m9bLyoV/fs6O+ygECFpbtasZRsPJslOF9CT3myM6/v6n2nUV2OOhGwrTLRG3rlTaD+0BX7bs++/GrEHcQV/eREpHD8rENUcTFJXCPZzNya5zWPtiupFf9CazCUPORgAHZvm+TgSiYAqOf95GZteLC8NJCYvVaq/zgLYjANRk3mGzJSF+tJu9C3ByGacyq4Qej4zo/sD3Ma5AXOtUscv8otvJCp/xrJWPgOn7lZi2/IsgJQLwwoHiyx0y7H0terUi81Y3AY8b4XQe373HzEu13qaEuBzT5H0/AV7z9lVBG/xaHxGqhJsJZQ7o3YVvZjGT0LWxiWJE3linfrJyC0JIiL9Tkri8DwlxtY6HrbYS+yN7FUpieLwdd96BJxdaNtwSTPnbTE4HN4A==]]></Encrypt>
</xml>


2015-11-24 08:21:02 debug :
------------
String:
account-ticket<xml>
    <AppId><![CDATA[wxe5b18b9bd7e3626b]]></AppId>
    <Encrypt><![CDATA[Uz5V1fl8hLCZROk4cfC+F60TG9nacsFoSDtddWGuXNzqL4kzvggpjqWUIZaSCuf7P55stLLAK1RpxGdtkuAh7KBDdf+s8IMHZpwpuzeqCeVB34QOS1/vQihgGMLAW2qC1HHcQETlpcuy8Hpr2vKY1Uw7EhOOcoBcRhYhpoKAEFHJLrDzg9uUrRmFyreqvfjhWamXTgeUiAKjCz56cqlmPIbtdEZegbhounMlCoqRV0Nf3UeF2y8Ba0Q+Mk3hsVSP/M2XJeeJOfGAoj3lp8cpCV+05e2lMv4PAis8BvTo05ulFm2M+ZYkeSCK3jaZfh3FysJjYLammcCX5/UexzaTeFFu4Eeo7hpnfCJJjqG53DScLv83FWoinRkeVkJB5zm+miMImu3CMGulWfVEVTOBOHJ44RJ4C+DibEnEg+QkwS4eiJozQQdIMiRHT6UwAiIWnIS9gaHD/wRgb91NnU9W/g==]]></Encrypt>
</xml>


2015-11-24 08:31:02 debug :
------------
String:
account-ticket<xml>
    <AppId><![CDATA[wxe5b18b9bd7e3626b]]></AppId>
    <Encrypt><![CDATA[wJ3XyCNzWszDP9OBlMt6IMd1qH7tgFhGUOQfwJIaR2NuoMXDwclUAiyyOt6vz4X5CIQIfEu0pVkXj7nLM4ht6JRYsElPIPlyQdnGU7h615kjrAHeXH2PecGYogfMZ36h4zHBi64mFGFJOy3mt09eImPYSUcjW6KAN+SRBVJGWwc0Sfo/EjGpK3devLGyZHUHbGX/ZEht4/SLw0wEl2XPprI0/roZ8F6i39MLeN0IY/7xuapSsaS1w15BsFBMdovMXBO9zDte+c5+q7tSVs3LNRG3afNpuEtFsrpQY6lEoVAcGpeARzYUrzag2UZg0KyNNTMjyreZ0eQNa5Xv0rdnS+I6DTLKAAkZg8XlqdsyK5rUuJWvhCo6g8ZdNj+0igYVDs7csfSckI9RcCkjMxwU6FMnwu0zTftncnmFw7t2kuDNXSgWYO7ZfiYlr1G6yIF3scOU3sjOLWYaO8v8k/yWwQ==]]></Encrypt>
</xml>


2015-11-24 08:41:00 debug :
------------
String:
account-ticket<xml>
    <AppId><![CDATA[wxe5b18b9bd7e3626b]]></AppId>
    <Encrypt><![CDATA[xkNDqDWZFV57b1Q+pWZIRyDFzpy/LzJSSjvcypHqq9JthP05YIDy5x1tMwe0VVy6MQDBSp7UQSVwMsv+zSRWxezl8X4bESvSHBZxrXKAXDCj2kRGxnp1VoBWhF3dqQPaNkj1daSCZK89av4vP9J5c+BiO27HR6D1lU3QxIb5D0UebVhnbsRloxrbxmlSfdh7iOPDpr3O0/qNXuDtKBC4x44X6CV2ijHpnqveaWsBwkW3VhPQLgrwCt8lwjAaq5gqlPboOwVSxZ/UszxAR+3/3ZUfsWQQE6JzgelSpsKqKLcAuNJFIphAmQjCg3U+69Mi9sW2lE12LIyUJmzCZbWM6ywqP4mnbSvu4sup+Gi9LqoLG7H1JVQHOi/ncDYj27w2B4kLdiqVsSRKJN3imbB4mG6fULZWIVSe75DwMl1tog9Tz31eNPedqit07PD/oIIZVyrJZT61OvGPzUvqwEKaCQ==]]></Encrypt>
</xml>


2015-11-24 08:51:03 debug :
------------
String:
account-ticket<xml>
    <AppId><![CDATA[wxe5b18b9bd7e3626b]]></AppId>
    <Encrypt><![CDATA[+GM/CAouYX134WAD7kM5Q5Vn7uOJ5dIepqvYaCg1+PGanRvOAigl4CQWmuaCfc8QaC50HEnIXKJxY3DBZEBWUeaAp/pFXsqJ0jY9Ry2zNfAP3H+W3HoVMMQNOHWlgFtdJEjiM3UAinW3uC1vNey7IipGGCtG4pw0gh9Tn0CyUpuWfVqs1T5i/4b3aDX0cELQ1g8dtINacJsYZgWvtuuzBQSLofQrSoa4UNpBk4I3hUSPwtueyHVMJH2AdgzlNaIe54ccGQ3a5ACo8HGlaf7gsyEy56y5kygLJ2XYaMKfl3kYucxotsdNJFMz05ClyPoIOKBQJ7ogDHYHsUgciO9dSAjbAU+Vi53CkBdZQ0Yhdzzk6YhGgQKoLUbl6j6WqLG7RB6q0vLTOaMU2rmTsKpO8pMOqUnvjrQYz+5LH3niXgEFqwQmxBkF2FIOIBPF98YGkvEGScIEut0Z02xU3UkiLA==]]></Encrypt>
</xml>


2015-11-24 09:01:05 debug :
------------
String:
account-ticket<xml>
    <AppId><![CDATA[wxe5b18b9bd7e3626b]]></AppId>
    <Encrypt><![CDATA[ZUzj7KjeNrqVxkTBPlvpmOXt2yW+5onnBWZ5SKU9LHEd0rzW7D4s45Pb2CsyK8+6OQg77w9wAXFyiLjv4a0yiulZANMXT71KYyFMVn3D8TCzAF4LH6Jdi+5JotOYV2+zRIes4LtVAjEHtHbBTpeuTF4H6NST1shYIyLw2TmKdNc9K9caJ+mnbYcVWKQajaGSZyeFJ1w1n4J3cK0KjYul6MH5tvlvmdvvfqCuu2//ueVbbUSUWBvSLPlTBc55HVo/4EpPcNvs0I/lpMNrUGRWVGNRI5WWhjiBhQP7sfjvGaO/n7TG5Isw19fxBKGH1lzXrEcwE4c1Nk8116bvTfbLJpDBhDb0XCjS3o61EdqHjciEe6D2NIDh62kpV94oFOznfcI3eaTFGib1XwF19Vm7Hd+hgNioJM05jZuZ5/Bmu55Q9hUmlz7XV6ShoumpyEY2LvoVTbAIZVMdk3FCREklug==]]></Encrypt>
</xml>


2015-11-24 09:11:00 debug :
------------
String:
account-ticket<xml>
    <AppId><![CDATA[wxe5b18b9bd7e3626b]]></AppId>
    <Encrypt><![CDATA[EYzB3uELmkh3A2vZ/iI0CtHCRYL2ebGFTmtAnAHo00JwEhc45AdS1TLFlOdyChEZimXf30m63BPTYFLzHNN2aysbr0xrBuJd2ENYtIWKHR7qJGIT4l+atQj6GYcRcjcjc//7jovRSP+fJj/MzDN2RhySfjPVjxUYZPHv+wx76y7fpf42TlMrFmK8jRRcDPGesLS0GgXPeCaKX2pPKqTH234gqDJbS43pL4kBVHcqqv2jALZi8Avqg4PPx+juWO7eXrEUdSj5jSoS+yX6yKSh0v1tLervzGfDWJ1QIT28xh4kv8R31uV7IoyLEc9e5btiHbCO0E+0a+NRl2fi9f89Zw91+H2k0pQRJLbenI+6NnmRnY4BrxFbCmApmWXGnFQPn5A/C6zj65UpWoOkIYSvEpgvk4d4gpPf1YmMkQBN7/yHc+qC0IuFfT7q4wuFPjXPZiLEAOcg3etxkEIOTz4txw==]]></Encrypt>
</xml>


2015-11-24 09:21:03 debug :
------------
String:
account-ticket<xml>
    <AppId><![CDATA[wxe5b18b9bd7e3626b]]></AppId>
    <Encrypt><![CDATA[jZeCs++BPlR1DToSbYjpMI3ZIHtBsQbOqsvCKvoizY7N8dVrlZ3RhgaTgSmXvnVCYOuV9zgQv2mpnfcWSCMLYYoDwBRZeUtBcQ86lZVIoTl3aLr6EM/UlIZL4yhUye+G/o2ZnIxM/uJiViTSPeBJ3jdmB5vgMKU5wBGBOua0kmBz1ywTyanjxvz/WWmbrlS3GiuXi+BV8VUR9lOS3zlr7O04h4CTRzBR3z1NiBka4cl5ej0HBj7a3sGHZF6U++RtOONRKUqoqi+p/1Z+WmnNZh0UIiiOt3VLLdGshLtdjiKYRNV5FnYY3JOVBd0AA+ow1NSq6qgGDLoipD8sBpg6CU7bUG3tD0rS2CZEQHGpFTWUlpJcpX1i5Bsj6uTHBug17jHmN/XBBKNrU+JrmNgAzhVlU4SlPlGkGV8IsOHNTfOjJzVJrQEWQ90asJ9zfDI6NrPMkqkQ7lXNb0rXbt+cWg==]]></Encrypt>
</xml>


2015-11-24 09:31:03 debug :
------------
String:
account-ticket<xml>
    <AppId><![CDATA[wxe5b18b9bd7e3626b]]></AppId>
    <Encrypt><![CDATA[ChkNip4Y5PZc+XZCRI3tewlW+lGYBwda+NkxfA36wDKz6J2Wq0YdmsTOXGzWn1CX02dKndh16JC2X8Ngwe4wzYEjjtEJ9UnYNPprR0GLtd/8bCxn71wmMF/pKSZCCoCdrSOXjDEyYMrv6805vR1at0x7Xfd1RWIN71yt/VE8/vpWugTRkHOzeF0Qg1l22Eh1D1X18aq3Up5kBj9nz4A64Dg5JdVsVletJ42Vp/h9IdJqaLpi3pmqdsD7wdCsZR6LrUg9SRw9ep9i7UceoopB+6Uc3tjxXkr0rkqVNQiEL4zoAhx/GOsj3f+Dc7zn+q+RQv6PC5wdcxfVV+IkVrX3dmDvbTSRt+H5qpESl8yDBofzgryWZU6wpV6neE555dBpARaBREQ6jpt7XoSE5O5pCxSfsbZIrKmk1Atke+TByDHX7FVd81fr3RYH6eREcxN1NqUzfctPfyR9v/lNnYC39g==]]></Encrypt>
</xml>


2015-11-24 09:35:14 trace :
------------
Array:
from : oywoswL7phyxCPdhiX-HLYmfrvwQ ;
to : gh_594b4a77030d ;
time : 1448328914 ;
type : event ;
event : VIEW ;
tousername : gh_594b4a77030d ;
fromusername : oywoswL7phyxCPdhiX-HLYmfrvwQ ;
createtime : 1448328914 ;
msgtype : event ;
eventkey : http://mp.weixin.qq.com/s?__biz=MzIyNDExMTgxOQ==&mid=401375925&idx=1&sn=1055fe52b539b629ff2957852f3f5d13&scene=18#wechat_redirect ;

2015-11-24 09:35:14 params :
------------
Array:
message : Array ;
module : basic ;
rule : 24 ;
priority : 0 ;
keyword : Array ;

2015-11-24 09:35:14 response :
------------
Array:
FromUserName : gh_594b4a77030d ;
ToUserName : oywoswL7phyxCPdhiX-HLYmfrvwQ ;
MsgType : text ;
Content : /::)亲，欢迎关注麦记大包官方微信公众平台，我们将竭诚为你提供最优质的服务，我们将至力打造O2O“线上消费，线下体验“糕点派送第一网络平台！☀ ;

2015-11-24 09:41:03 debug :
------------
String:
account-ticket<xml>
    <AppId><![CDATA[wxe5b18b9bd7e3626b]]></AppId>
    <Encrypt><![CDATA[+fUUDro5RLF1Dzmdh4xEbfeaj0t3cR7QdCK9UEY5VRctRuhdTDZZta7v70dBuS+a/sX0o7D9oDw0GNXJ9mi9wvDxc5ANqyykvdxPZWme56lXZLi4rytFszmXug2JoedHm5wn/NDbOYG72XxWvVsCRjF8zhcyJ1pbqbhIrY/qzH6Gn972i9QurMtNAi3GdSrr+73mK0iuMHKDcEoPBEealLgTSeUHoNIsGhHCF7PDRzgHtIVZcDiErtQgmF9O7GvXRbd1An5K9QhBWeh0QzIubsKiL2EYQVm47FDrWVXv0aOhnEZwjmuiffmfHrDerP+W46O5WrhLVFDA6mKeZ5+CgSdH/Xd/Nbzc/9Ny8LaUAnoAVUj5OfhAFOpzR5IIPyi15gcmHUnxB/Ig0SN5mMoIqFV+DpOD4HbjTNTV6pVlLaBA0NR6mg2DB8+xHzsZMCQIWCpu2EdmfrIAioqPhyPKGQ==]]></Encrypt>
</xml>


2015-11-24 09:51:03 debug :
------------
String:
account-ticket<xml>
    <AppId><![CDATA[wxe5b18b9bd7e3626b]]></AppId>
    <Encrypt><![CDATA[a4cQbZVjqjavdv/G4NgzinxQMjR7hK9uNRQLIXTXsiOloYwboaUFuDNEJmtFvH4PEsrV/7bmTddESJzQTWY6/5w1fcRN1TL3fIKDqPZi80ybKLpAi8GdTqgfa7YdvhmYAqDXyIDrdyrhGgZid3Y/9/HZlEhUcrI4/W/djDUeY2KAxoVSmJsd7Tz3HuVz2EeVucAFqdYTJXQ8TXo2Crd9f+n56Efo6OMeQlYuJgYJuk6hVUNpSioiq7iEyECaiMbnEF8CYQ/7pPfUBWjg4quaK9BhhYvN6fpDZUl8BZ1C5NoTQWXrApIeH7OnK34Dzdi7GP45DY1k1Fx5BeKYgiuWE1bEvkYoqCELzmxSq1TSjPbZiobP6O1SNz2NncFIzW8SMeuJwolQbhUmbehvYJLvrrIFQfAyPz6KnNYiZ1zVyG2Hh6bF6quTLAb7U8pQJ9kyLpsOB3VDRCcW8XxhqlUU9Q==]]></Encrypt>
</xml>


2015-11-24 10:01:05 debug :
------------
String:
account-ticket<xml>
    <AppId><![CDATA[wxe5b18b9bd7e3626b]]></AppId>
    <Encrypt><![CDATA[IXLISxrgULRWNqeUrQ+PEVG5DG4Glmeys7aBn3PlFQsWVKKp7DKPL7rpWwGTwjSyx6OGKwdQVrhXAtZPURPMIQJRjrIdIEC7Cl7zPJFY5PbS4HjsALGpyXwmUg3Wq+R7iNwABHLZoItbmw6oDscMoj+Aiov1mG38oGzNcNQI27Ulvdl9f8/byOq4tfSZOiluJUVMroZv/n2T/KfL4ttdHKbOe74JSWD8aItueWXobQA7drqIjJFWzhl8FMS6ZLoX1OjI8e3z6cWR/c9XAhni8CWBFaUP3aa8+xi1q2QIpERxDT2T7Jjmy9DoAw0f7+48pBdT7yj9IZVHRbzAbkMSy8g1OcKomZLmexRravQ/WnnqT9DPQ8bwFaBHNO/sDEQ5MqvqAksK/xJ6qH+lJSfJ16YhuxW2+v+vrn4BAKxaI9nGnX5ihFNn1S1GE9KVc75DctoejSjdJxG0Q22gWDp67A==]]></Encrypt>
</xml>


2015-11-24 10:11:04 debug :
------------
String:
account-ticket<xml>
    <AppId><![CDATA[wxe5b18b9bd7e3626b]]></AppId>
    <Encrypt><![CDATA[AdsmmRFH2maIpcclPrmAsnqF6Ssnm8I/4KdCb9aMuzlkLd+nfFWye3bRJmfO46afDKLFjrbOXlSm+B6hV3OH00N9/2A/bAcnniOvbEXw4MlXge3paqUugdbWG0IyDgd8y6dZWlr+IiQtGdCNIIS/QFVLoFp2SVCsSk13cUwsQTxg8+2CI3crb2sFSM+MNt9p9gpCkRDR/Y2z8Fkn6YOaxUcRuGFp5C2vhDKjyBFKnCKppMFxvCwtFVvHffXoMzbTLh1y5eijVexxqUJM+BifzplV1nkZMLcvN/BBtwMcJnpJhP4l+gsCM4UnY/cqu4WLA2C/E0HZ1IVBBzYKYeL3/Gg1wraoPdO9dVY0NyMqUm6WgBqi5wBQtwzWesq2bKb/LsHYs+S1VPP3sGZ1UpHugzUj9uRGUs0J9k98okffo5PNY47nicZX639oaEO2y2BDk45ug2dVQx3mwHx2AajSZg==]]></Encrypt>
</xml>


2015-11-24 10:21:04 debug :
------------
String:
account-ticket<xml>
    <AppId><![CDATA[wxe5b18b9bd7e3626b]]></AppId>
    <Encrypt><![CDATA[8RwfGDjavUjh8FpxDXtcYCWCyHpoSnolLLYdWTicj9C1LEYHVAke3cOufdnKB4HbLNeCH4EeuuzKgxta/EsDO2Amg/f/YOKC4MPWxQxdJFHY0vOtWjWoF66Ro1aiJw76eSWvcHEW1TljC4iT9EekT9JRYNj4i97RkndMekuzjKc0ydLx+D0squeKstN8UF6oa8yd2Zna9CqqBfoZ3SEfBhFUYbV5geQv8JhgJNjR0dnqaRmKN/OOGJJUCUDXjgAtvD+43jk4xzmq1i3hXvkDkpepmt+Ra9qdJzL7M7ARJQco2NZcYHh8i0pHM90lZz2U20se7HcA1sUYhrIPpWfy0gEAiHED0WXAAKQ+YJVqdP6ix6OZV3ZEmWGn9YOb4OxKRKZi32aDCq9kfVgPAiCcYxqJAXOxpM1HRsS0XQLo7IrSWo9Qe2MPxjLuuoyfQsTAtfNYbg3HPpRA+abRCMhxjg==]]></Encrypt>
</xml>


2015-11-24 10:31:06 debug :
------------
String:
account-ticket<xml>
    <AppId><![CDATA[wxe5b18b9bd7e3626b]]></AppId>
    <Encrypt><![CDATA[UHc7pg8gDS8Mf9lc7I+2FumI77Z5v35CiisYYvSbqjZL4YBwdRFPBm9vrjjkOg9AqauEYUL5Y5ql74l+w9E2fGPMQboT+CJQ/kPGG/qwHRwnzVc43RfkvotqSwEX8S5mYE/OVumUo/O4cQj2zhznGOhAIwvgPFuqtV/Y8pFjYhfar+Co37+g9nPpaBCarQDqOOw/bqpZ1NjTtMnGpEIw6V+hay1c24y69Xe2ktsumsNgD9nHdGITwcaufd8O7suYaVGKUhwWriu5vXoCEdB4i2aDR6xVxzurVU5fqwWN61mY2rE/hWLVD3bHCWrhhI0DFhSNW6niOEgTk51/pIqqMo90EsfSG3f/DD5M+41faghPNZefiT5qcN+dwK10Pg+cEQgUcjhlDBphWUwIBtdbMuTbZSzzbRQIqgUnBcBN5iRn0f6ZXzr9+e8qhS1VSL2JYjSXi/QAcjrfcE4mmu0WSg==]]></Encrypt>
</xml>


2015-11-24 10:32:30 trace :
------------
Array:
from : oywoswF0t6ckcoIxJZWfio0e5zwU ;
to : gh_594b4a77030d ;
time : 1448332350 ;
type : event ;
event : subscribe ;
tousername : gh_594b4a77030d ;
fromusername : oywoswF0t6ckcoIxJZWfio0e5zwU ;
createtime : 1448332350 ;
msgtype : event ;
eventkey :  ;

2015-11-24 10:32:30 params :
------------
Array:
message : Array ;
module : basic ;
rule : 24 ;
priority : 0 ;
keyword : Array ;

2015-11-24 10:32:30 response :
------------
Array:
FromUserName : gh_594b4a77030d ;
ToUserName : oywoswF0t6ckcoIxJZWfio0e5zwU ;
MsgType : text ;
Content : /::)亲，欢迎关注麦记大包官方微信公众平台，我们将竭诚为你提供最优质的服务，我们将至力打造O2O“线上消费，线下体验“糕点派送第一网络平台！☀ ;

2015-11-24 10:32:38 trace :
------------
Array:
from : oywoswF0t6ckcoIxJZWfio0e5zwU ;
to : gh_594b4a77030d ;
time : 1448332358 ;
type : event ;
event : CLICK ;
tousername : gh_594b4a77030d ;
fromusername : oywoswF0t6ckcoIxJZWfio0e5zwU ;
createtime : 1448332358 ;
msgtype : event ;
eventkey : 1 ;

2015-11-24 10:32:38 params :
------------
Array:
message : Array ;
module : basic ;
rule : 25 ;
priority : 0 ;
keyword : Array ;

2015-11-24 10:32:38 response :
------------
Array:
FromUserName : gh_594b4a77030d ;
ToUserName : oywoswF0t6ckcoIxJZWfio0e5zwU ;
MsgType : text ;
Content : 2015 ;

2015-11-24 10:32:42 trace :
------------
Array:
from : oywoswF0t6ckcoIxJZWfio0e5zwU ;
to : gh_594b4a77030d ;
time : 1448332362 ;
type : event ;
event : VIEW ;
tousername : gh_594b4a77030d ;
fromusername : oywoswF0t6ckcoIxJZWfio0e5zwU ;
createtime : 1448332362 ;
msgtype : event ;
eventkey : http://mp.weixin.qq.com/s?__biz=MzIyNDExMTgxOQ==&mid=401375925&idx=1&sn=1055fe52b539b629ff2957852f3f5d13&scene=18#wechat_redirect ;

2015-11-24 10:32:42 params :
------------
Array:
message : Array ;
module : basic ;
rule : 24 ;
priority : 0 ;
keyword : Array ;

2015-11-24 10:32:42 response :
------------
Array:
FromUserName : gh_594b4a77030d ;
ToUserName : oywoswF0t6ckcoIxJZWfio0e5zwU ;
MsgType : text ;
Content : /::)亲，欢迎关注麦记大包官方微信公众平台，我们将竭诚为你提供最优质的服务，我们将至力打造O2O“线上消费，线下体验“糕点派送第一网络平台！☀ ;

2015-11-24 10:33:11 trace :
------------
Array:
from : oywoswF0t6ckcoIxJZWfio0e5zwU ;
to : gh_594b4a77030d ;
time : 1448332391 ;
type : event ;
event : VIEW ;
tousername : gh_594b4a77030d ;
fromusername : oywoswF0t6ckcoIxJZWfio0e5zwU ;
createtime : 1448332391 ;
msgtype : event ;
eventkey : http://mp.weixin.qq.com/s?__biz=MzIyNDExMTgxOQ==&mid=401375925&idx=1&sn=1055fe52b539b629ff2957852f3f5d13&scene=18#wechat_redirect ;

2015-11-24 10:33:11 params :
------------
Array:
message : Array ;
module : basic ;
rule : 24 ;
priority : 0 ;
keyword : Array ;

2015-11-24 10:33:11 response :
------------
Array:
FromUserName : gh_594b4a77030d ;
ToUserName : oywoswF0t6ckcoIxJZWfio0e5zwU ;
MsgType : text ;
Content : /::)亲，欢迎关注麦记大包官方微信公众平台，我们将竭诚为你提供最优质的服务，我们将至力打造O2O“线上消费，线下体验“糕点派送第一网络平台！☀ ;

2015-11-24 10:33:19 trace :
------------
Array:
from : oywoswF0t6ckcoIxJZWfio0e5zwU ;
to : gh_594b4a77030d ;
time : 1448332399 ;
type : event ;
event : VIEW ;
tousername : gh_594b4a77030d ;
fromusername : oywoswF0t6ckcoIxJZWfio0e5zwU ;
createtime : 1448332399 ;
msgtype : event ;
eventkey : http://mp.weixin.qq.com/s?__biz=MzIyNDExMTgxOQ==&mid=401376725&idx=1&sn=d6c25c449d0da256ed9ea240c9f03e23&scene=18#wechat_redirect ;

2015-11-24 10:33:19 params :
------------
Array:
message : Array ;
module : basic ;
rule : 24 ;
priority : 0 ;
keyword : Array ;

2015-11-24 10:33:19 response :
------------
Array:
FromUserName : gh_594b4a77030d ;
ToUserName : oywoswF0t6ckcoIxJZWfio0e5zwU ;
MsgType : text ;
Content : /::)亲，欢迎关注麦记大包官方微信公众平台，我们将竭诚为你提供最优质的服务，我们将至力打造O2O“线上消费，线下体验“糕点派送第一网络平台！☀ ;

2015-11-24 10:41:03 debug :
------------
String:
account-ticket<xml>
    <AppId><![CDATA[wxe5b18b9bd7e3626b]]></AppId>
    <Encrypt><![CDATA[HSclM9TBFstWN7HLnvlr4Mv9ZAaHBEN3tCw/pEay/qHRODlhCo6JemW3bcN8BHV881tP11eixDwNWA+502le86zNhrozCrWqeHcptORrNv4FcIncQ7nhZfIMiePOcvFkD+RbA31EVaFOmKlUAitUYT3qDW4ooS0dpG2EtfGTggZYf7TPnP1faZKmx0OjAkkuCVZ/VEtApYf9c62QIYTA5sXupgUIH4V7ya6BvfVRXY8E0JACeKvHqWWa5FVTjqdTlnZz/7PuJTchIIZjq6eK00awo9C5fUgmsn4+S1ECEeVk5NqhVI15Qr+OWi4ss8CLwLS1t3Loo5qXCo/nEtywG4LCD24bCJTEVmk3kpT2cw5yW+jijsIxEkV8dOlMYsW9qP2AJukejHSV2WgJO0IsQx3xCQAstFnMNbPvhMxlXM8Y1xLThYBCSfBgvtaHd8DawlVeadUThwdA8mcxGDF7Zw==]]></Encrypt>
</xml>


2015-11-24 10:51:02 debug :
------------
String:
account-ticket<xml>
    <AppId><![CDATA[wxe5b18b9bd7e3626b]]></AppId>
    <Encrypt><![CDATA[q1vjqsROmQEp35FkBDNiIIC7z28gGH9dXDbpjXD5dQI3ahsfS6TD9H8sgAhUev5sjsYf4BIsRKDaAMn9tHkQkzsQ58oSjIPiy9cQd62/uzCzWN3f6sGSZbIBan+dxq2k2opJgyad00uX4yon30Cf02PV4aJJh1qRVRGCEM/LIy15dmHIlDnSU3pIVvigTCpwQuNAHi6IwytUY2ebwdThyOrXNS3XiKFCuypM9gupa+sKv5IL18/JQ/aQGbQxEEO7eD2u/8tCOxx6rYpkHUSj6XcpcKrrdW5lvsyIUfYfSZKFMTpUiaRPI/YHmP/wITu7ObXiLkFDRgjACAiyPrumvJV2FFDbNgRYIuJxc8YHGxrJkR1Dm4j3S10Fdvhpy1AEF0/Q0rHtMX6nhed8afGShiOoIaA5sbzXqK2MCzqqBrREqd2K3VaPwj7GfDbVSB3coRqQaKfE6JgS22AVieNGdQ==]]></Encrypt>
</xml>


2015-11-24 11:01:07 debug :
------------
String:
account-ticket<xml>
    <AppId><![CDATA[wxe5b18b9bd7e3626b]]></AppId>
    <Encrypt><![CDATA[fnSoNiAbyyOX29STIwmsP3Sauo8dfZZAJvnpMP8A6oYmkFjKydPpWuhNh743zgaO3ucnfEWkZ/hr3vwXOcjU4Nw5AKM8Rddtv0H3suVcs9T1G6xlEG4H7jlXhUDO2mGP0RwAUSjWGL42vYAylV8z6UutseKawUh32SW8Ty4Rru0HG73QlBjinPT5VCSDK92BkOtEVO13u53V+9ujWjoZM6D3Ig2u5tR4g6ng6ToOa5CNWOukxHN1xQ13dR6GFzdHvFxBIrxyR5vRXP+sLxbOu6GLeAkAA6FphaqVnL9Te/7+8jzWxx2nOp9R1PexEb6qHcEVNT8R2CbI3VeMoNMRFmC3p+hgeWgRvk3Sb42WfxwG2G9iLvZGCifFQtnW4Ad0XVCU27ooBur0kXrzWmfvhPBvvJREb6S0j2ON8lutfaYjPl7F4nRa+Xi98PSTMxJQoNWJeTx00kTpufAxafUA1g==]]></Encrypt>
</xml>


2015-11-24 11:11:04 debug :
------------
String:
account-ticket<xml>
    <AppId><![CDATA[wxe5b18b9bd7e3626b]]></AppId>
    <Encrypt><![CDATA[cGfbz51i+DU8vF+oAKHr//D2ON09/VALCskwUmNATe8JHrJleVNncYm7FeFm1LVyR78pqZK2dnFVSq2oBKnq9OTJOZANkwJqCv1g8ohemvxKqv3KdeqPG10YBS9UgzRJKmbVGz80MlbIf4DA21X4GsobegzHILaU6Oj4myV4DVMbRbUVbaXs0P0l13EBbEBdIBoGbJMFGFqi7xnRNETYfOdcCTCeZcYXjmgsV1iQewQHzhP+wnA2qDN3MIWPbJPxxMN9hJ4A2al8uLS56riKb0X+53X2TOPnlarcHhseGgZy3h0l9/ZiUhv0Uj5gy2IDJf/C8N9LCboWGq8myDiBd2hCl/e67JwZUN+1li5QoyntpbRQIpljlkSJlBDS+urn4KjggAgE7Wfzr3i/9S0LkKJv8pc/gSQgGOD7rGFgzyjqoK/CB8PHX94Rr7deb1L8gyNETde4W3GUkSm9URkGBg==]]></Encrypt>
</xml>


2015-11-24 11:21:03 debug :
------------
String:
account-ticket<xml>
    <AppId><![CDATA[wxe5b18b9bd7e3626b]]></AppId>
    <Encrypt><![CDATA[0m+iD5Q4E+9MINihx+N4VDIkg88QR44T03bnCfiXgwIGdk78q1ysITOLNe7R8i6FO9XMfqL9heZMdcZISaz8/VfFZqPJfmwfB2chOoFG2spY+Ual3obuQgtDLKX6QIQBXvFMYjBF5uSdAsim+x6wyaR15VCjXdx0Z4TaXmgLMkQ8uURfz1NVd5ZOEvPcZq9wQp0tpcZOVUwsKU7BlJoNtJGp9MykfW8+yjpF+lakzF3TJ/vegl9gmKcE/z+nRptbgRKBZN5EySI//r/91IKv2zlKGArpUtcW9Eyam8VfnPOYdpUwm/N5ftTonJghq2dmDREEP2JNB2v2xT+De/EG1nbgbOfzeSnAFvqouB0ja6Aiuhl0Po5snmT+kaV+bZY7+cfUl0nkOAN6KfoO6sP79nquHdegXjxQsQP/xg5qzXzxsPrMnEb+DHbRlAE/PAcxGjlzgFLptptRuZTefSCe8A==]]></Encrypt>
</xml>


2015-11-24 11:31:04 debug :
------------
String:
account-ticket<xml>
    <AppId><![CDATA[wxe5b18b9bd7e3626b]]></AppId>
    <Encrypt><![CDATA[sHu15/GpHpel208RF9ixV6JFCsF37j/byUbMjAoeIdajzWcAstFZPou/hD9YzPBJcuelckdOTsb0/zjYR216h6LjiQfRJm5hSB61PZVpyUk4hCS09N5JDbkHwXK/1QvMM1qp/wj35wpJTjzGSDjGNti0Mjb7Sg25bJihKTaSWJlGe3MuU35n0zJl5/hDBlLd3UUHL3jZ7IvsStTwts2LJbrNVlRsFuQ0TiGmDrVWvyLAEDrpKBXFbUShaIwbDWs+sqP69AocVA4SW1fmdpl8GxgL/M3g2sh8z4ztb4T6UUFeyLYbsakfuxyd+bIddHD0gC756lyhZ2DUD9Z13wkUmWlYcqcnXbBvvTOtPqK2ZwZiCflqdDfwOp4PXfE4ch+1o1hQcByTAWw8vaKFwExUUFVo2PyAEMR6PvNpMT6aJWYKxgFefRPHxbIfQOh6wG/HmUqMXY/LuwolVvH/OHu36w==]]></Encrypt>
</xml>


2015-11-24 11:41:00 debug :
------------
String:
account-ticket<xml>
    <AppId><![CDATA[wxe5b18b9bd7e3626b]]></AppId>
    <Encrypt><![CDATA[ujClhtkBJtHF9AHqx2ncNW6pu2k921XPnMqglRAWklRxJDs0A0ZFBKe3+NK1MGvIsuw9FoXRdJBRSczfwYHIMcERW+DeX4wmDDcm3jQ+HdqWhSSpVsxJhLZUbf/LGVL2E3qiZZLQqOEUO9H82IFdglW4x+AQ/OZ0bshxcvRFWy1HRzoabdEpOz/9D9POPF8ip40DGHJe7pHkPYzQYPUHJrTCMlegwiI/HET9GaNN5pySBHSn8D9BxXPcL8TInKt4ObaBVkaUK71aFstBJqpegmeuK5x3kP6/Gt2W7A2/mxrs1Lbnhq7JPwZHiJ9ByVjFiJdBWlh2rF9HqH50ox40koCcMq4L+Ex4sgi/nkKYeRyCMFUR1r37wBzCWZgqnpi8hijzvxga6Zo7xYz7ljqhK297FU9AfXU4i0Pw+CntTfVsyMK/6ju36zbXtAAyMQh1tzg2fE3bwbk4XAQ8tgMRbQ==]]></Encrypt>
</xml>


2015-11-24 11:51:04 debug :
------------
String:
account-ticket<xml>
    <AppId><![CDATA[wxe5b18b9bd7e3626b]]></AppId>
    <Encrypt><![CDATA[T6U1k1qHgnXV2f71IHj9hgbyAu4iHh3cheADNjRymj4xKyqIy5/QE62rn41GKQ0b9Dqd/Dg5kFv1sw83MehsgyU40W1uD2Bf9NTIWSdNJj+MriXzNniXcb3+hWKgt6SCN11cRArcZRBPnEfkZYN9Uq1kflMMBb9u5n/loWfHdm3BANmD3pPFEea8G2OcLHlE1EomxQIeDLPzYLmdRGF52RWc31NmkKg12xd848dEU+PadNpz6wy8YNY2Z7mubnLYOwwX22yLrM/lKPRCLQuxuUbwl1AQPoMUk5GeKKm8ec5YzaCOtLI6Ru5ikgDJFq4CemoNw2HjSxkHnaEXz1jrVAm5scU+7BnAKlcDrMkbRqxRnpVOdNPBuBe83iRudwZCwYE/f/JLCFvrkTD4uYbJPhuCRpwfbDjfFVGx4C140sclKc7k5VrWnrEUyAojjuCKupJFa5ovrS4Q/zJQqMKQkg==]]></Encrypt>
</xml>


2015-11-24 12:01:04 debug :
------------
String:
account-ticket<xml>
    <AppId><![CDATA[wxe5b18b9bd7e3626b]]></AppId>
    <Encrypt><![CDATA[vy+zNg+xnLN9knLKdg8WWf5BIXmHJhjn9SvtxynvgYJae0jH+T1eKRwQeVFEsja6ScvTKJkub51WEgJK2C1re5G1bvSz19uvsqoxRPPLHDi+hn4gRENfq3UIZi3ElxV0pBIJx7jVz3FKlU1P24F94LUOR9REDI8K/IgJfuq6SW5NkAAa0cIFCskteoCjLWD020TFyrZ1BR6TXwjRNS1lMUN1SulduTyfW9UQcs0HdmlncnRZmYyd78gJkhnoZiWnmzgUVn1aW4+kZXs4XgSa7h7mfFfgP7u7UlM6O8h0JJz5c6VQSbV7fFtdS3/kSQEYzIyr+4oxaWBPjThmQvvkCU6Qtt3qkGiifcKp7KO5AwSuS+1T0905VK4UWytHKMRpxtucw5rPRo/7ksZBP5eQXKee408cT8DrtdsS8DEczllxGwLki9TAW3cUHfXFjWQu8Oczn57/2MTkoHUNYYiujw==]]></Encrypt>
</xml>


2015-11-24 12:11:04 debug :
------------
String:
account-ticket<xml>
    <AppId><![CDATA[wxe5b18b9bd7e3626b]]></AppId>
    <Encrypt><![CDATA[wh3aZ1UZfTbl4nk3Lu6fbnnT0WE2XKrA5Vua3L7pNe8fou0fShqTCiWen6mEDQ8LdlaSUiDqMMA53RPVncMzMajOzS5EgLTtZL7JQY4qjpplEx+Eu/GExCthI3n36HB/wJXT1hZysfAAFplnvZj5JtXy/a4qYpCvOZbcSxBJlR74FHo893zcrScm7Nv6hRIsxxN9HrMJEKKmSxVch+4osoDRrFZRLAjoJ6rf0sr0tz37DOQ1vgYWXWH/sMW+xV1fJllEztSm3r6j/OkpFKD5x6xZh9mX2THSi39M+vtUsvwUxGE8G0QGrRAmyuo0k870ElRFNh9xCsputgv2EA2FKpNsq5YPTLixIwmMvIoFaQ3QDFjht1zIa3SkGOwknBxSq56B+rOK4cBjr6uzzBTzHn/vNe2/CEZe4+HN1kEjWlcIEqjl+ivURNbbxsXzTL4tjVK3BPFNK35mxjY829MScg==]]></Encrypt>
</xml>


2015-11-24 12:21:03 debug :
------------
String:
account-ticket<xml>
    <AppId><![CDATA[wxe5b18b9bd7e3626b]]></AppId>
    <Encrypt><![CDATA[+HPG9ZQUS7Z2mR9s46r4gsxv0ecbMbeHEWKU9y5xri/OPPG3tIYMm+Q6UGfX4/y6SzC46K59bZI4LgRqQgvalRxblEWaekiUrpg6kz5BD9tThma8DgJk4Dhp8CpuVKC29Rix9fZeuYOy8HkO5bB7+kDLYdGom4z+pp204uOI4DHEEADBk/hIUnChRj+mp1ko6KoIbwWhe/i1ve9zNNGNOxDIH+M9V4+tmmbfM93JNWxL86wx0ioJ4pNqKqYwjSelye5ziatQ6IwCDQOMKpupt55+xDaeIgy7uwYX/bgyorJQdjgzV4wH1QKGCfugm3uGzbk+XfhiNnhNnif5mR3nSTtG+uRJTXEq1xi+kQkN8wiiym5p6Ej3lTSIo1QtIGzbetxrOkSzInw2GD5EaezIiZZ64EGN93Q+CDLPDgEeMOKdcFyfotVXslHBEKLT7/UoVCAdg8OuP3APYTAeQuMwqw==]]></Encrypt>
</xml>


2015-11-24 12:31:05 debug :
------------
String:
account-ticket<xml>
    <AppId><![CDATA[wxe5b18b9bd7e3626b]]></AppId>
    <Encrypt><![CDATA[Lk0T/KQqQinQPC4ldb1b+UbVXJ8ShHzpzW2wacr0kct4H7FBEqDKGw7qP0wrLGKGtLGWpUFq4YpD5Kv/VkvemVaQI79cNQbQdxUwrrazBt3yFUFfj078Qw9EWXiPIFwS7MucEtYu1uUtp1S+nyrS5x+8Act6kFmCTcvuHKRV5BzB5KjEYrF79uviy2Yeiu4WD38TOpeDR8IDSNeuaegnikF96bZqlPw3CaAoLYF9Ny9c4yNGgq/YpsBLir6dBQYMDVmwP1htVUL07waiP60TYpR+W4aA4I5PZ6nxG/2yFwotnERxOQdvVEn3Zb42t80+mTOUSyOkNO91tFZ9P9FybjJaVl1nK65VV72KKu5V/UmwiXHrjzBMA1xrxxQh5Zls/kKLPHOeYEqMIIvn0gHMHUcD5lltVcPaMaV3KGgn0r8Vw7ThVvdRHngMuXYye5LgKW9bBUpBoU/KYCqwHg/Wkg==]]></Encrypt>
</xml>


2015-11-24 12:41:03 debug :
------------
String:
account-ticket<xml>
    <AppId><![CDATA[wxe5b18b9bd7e3626b]]></AppId>
    <Encrypt><![CDATA[ZTXRTBhX+43WFYp8K0aMphD6EiWsVmh8Ou/R63pci6bEjKtoctp7UEXEiPKVpKO2byCOr2YmdSDTgkA9RIWDVkozg7IzPttQipM9FpuXhokjcD6GhGLPnk3e8ht48oCHeeKenvbFPVdEd//wgD5vMViV2TYjxvOaIZXNddcaN45Y+MH0kyzNYZ0Ys1o/q3nFIOnM4//YUb+vPbmZ8QGm3MIvmyAn0D1yzEohzjyGAtAp92sF7WQGSXFKjd9wleDzmWO/Lyp16zwmIDjYRjfa5zrdr4TWqbDPrlU9b6cQ/nyHIMyg8Es8Y5RSyi+u3tf6b5EJpLG3GbAEsr7I83f+8YzQqncZwXPtZeu2o4MLOXGzJQoAKgorDy/G44/XmU1UyZTW9sZ4i7U5sD6R24TjwMnZ6lPk6m5VSuTCRcqncVcynkapLe+3K8HyRXbKV9uf3i0A+O4eJBaC8F3m4R2JcQ==]]></Encrypt>
</xml>


2015-11-24 12:51:02 debug :
------------
String:
account-ticket<xml>
    <AppId><![CDATA[wxe5b18b9bd7e3626b]]></AppId>
    <Encrypt><![CDATA[3u+RxSB+KKMtLTs48pDAI4Jq0mtBopRUw1jkDW5F5zpy2vwgdHsw6QUKi2CBEOaemwy5zGXDqvvXjack57v2TfivqrnyYd68raUz29B2O+sF1M6+RRbU32Ch94ujfY6IQJ4QU4UJUEqRBikiJxm8cmrhzCHmWUojXjnngf+qL+o4ev9wCZu4D7J9dY4Sbwkqe2YN+3Cnrr0Rb/JZqkWUx3mT9cLZMWha0CzjWJTxJ9n6c2ZqxSRyL/KmKdTxaD0RId3X1AL1DBLapClILhO8CsqloFdvxoU5J4ISce8vh0HkyjjwHlpgudmm/e7+/9um4gy7b0oU5Bq1RrKzmph3/DhOXgDylirPMW3+9faozcJreyFjnDXrU2V83/Cs9NEcpI2fkOX6x3tN7GN2qoYCz62oGIbzv2eQbxKrBEtr1MEP9PicZHTdnYXqbzSk4b3cK9ZBWYjyqMcIkeHrEbnuSA==]]></Encrypt>
</xml>


2015-11-24 13:01:04 debug :
------------
String:
account-ticket<xml>
    <AppId><![CDATA[wxe5b18b9bd7e3626b]]></AppId>
    <Encrypt><![CDATA[AkCydLp57R/cA3Na4QqPIlnnlXC+7NmE1c1F1m+XFkZMFFXLDcnm9b0z+ameSktH+ChKHg8eGWRcwboTnBxdGR0uO7wTdYkoyU7r7L2qSbSvbrejX8Njv8cPl4hqXv9gLqu9ivKyoNI3VKVQNqgc75Ou4DAZ4Uyzx5Z81sKA12BivvhSnsVLMfciUguTsq/lbuHrKsy0zNGcb8VCqHEJfZd5ZIFcWavF3iGXtoYZ2FLMcHDKB5/qSuKdTL331qU/tYEGWxp4nTDy3KFsG2RgVSpU89H631bsSWEhDPc/4KLYBM0VTzSSyxVbHn3+BIn0Olcm9/SPzkXB4CRJ5QIyjAtj38GQTLqwJmpxq9zpgJka1obop1xUEHrOkGoAFmd4W0t9t1MSuzE7yTkMKZGOHYGvxenWmks0ag+xHkNtxZQLv4NL+p4uVLW2C+xKwGMXMy0ZKoeAXvNYfmca4SHtww==]]></Encrypt>
</xml>


2015-11-24 13:11:03 debug :
------------
String:
account-ticket<xml>
    <AppId><![CDATA[wxe5b18b9bd7e3626b]]></AppId>
    <Encrypt><![CDATA[tREbOeGsANALbOAVqwq/OapuxkM2DSh3dNkA75xJNi6pGHqbpbYI0fCNc/192K3Aqx9JWDjWNcwMiG3Rbaj4+B6ipSel9IQ7V1fa6R41gnA1x+XDcbrOwDZ01SO0TiXBcdxqMQVeUPbk2GbMeX/JJtm9Wp4pLiyhYGYoFt0h67x9vLP6QzyHPpbUprx9N7CtrI98CATag5R6srhQmtFOFwkSL0BZbjz0tAc+aDu9kImVWnh1suRPhOO12lyXmHjHXKvGje+xMt0UWSGkw0bmIPlBnJL9+QeAhUREO0whUIBAMagz6opjFqhiQDeAf+7hOOTuxJ0huMIoyTO39y47Dp4kEMEX8osxBz0/ErvS2ceg3y6Ahe7IXaTuUqfzKq3tY7L7EYoFOiD6Ue9wKfYUJHR6j7uGUHSeJcNJivHPC6X0HMr1CtKrCnuIrndYWfToVcgIIafaAL+4ssuFAx5qPQ==]]></Encrypt>
</xml>


2015-11-24 13:21:03 debug :
------------
String:
account-ticket<xml>
    <AppId><![CDATA[wxe5b18b9bd7e3626b]]></AppId>
    <Encrypt><![CDATA[8KjG9YtwCEdOKZkPBTtRmJ3cabk8MaFJoTl2VRiKrVLQ07hQWBUCp0rtF7eszs0Ju6FhErFhdVFuFPCjsI/MtAEu5LUdb6bmIu2F78znwJ4oYe+/Up73KtCXK3V9D5ID4VWIwI5xfY4OYL2cBIcMAja+8ZBMmuVvEb4KWXUCDTVjHrnWiIgDWtZLtvMSGsAjny8yaWZEgcPl3zm3DsIItumesgNsbmUYQrzoxcFlWmqk4nzDgBiu2lc227RDFrWC28E7SpkTwaf6Xm9bQIQUbe9EY/Bgc6m87muXTJnozRJZ1o56QlDubz+4CiTE+nLTBXptFzNeh1eR5WL7OpnHyBPUCJtsbwfBn74Xq9gPEmFycine+ZXbdHB3PbJmes1tcSBIwbUbbdWNtUL7nXFXQVC6Hy+mSpAH0rPFaGb8XqtCRqizxIQjKl+VGGiTU24+3yiyfGlYyg5FaM3jecFeJw==]]></Encrypt>
</xml>


2015-11-24 13:31:05 debug :
------------
String:
account-ticket<xml>
    <AppId><![CDATA[wxe5b18b9bd7e3626b]]></AppId>
    <Encrypt><![CDATA[TDaUdUzp3z1uiGeKdPJ6gt9V+tSy0fwGh7w81NH2Sk+wDXYzpAyXfrC8XzJ1b9wWcII9VKosRDe0ztV/waqLLSYnQI+AVLzdHdRoZ4UiiJgUGFsWvYhSuinZEu8cojfRVGG9htW9mvhxzZEYrgP3Rbvkd5SMd9O7IApCfhZXumjUqy+MvUVpSiTc2EVzQelLPIbRexfgUVoBR8ElDr6m4hy/gwj0ShiR7cuQm3vs70qIx3YJa/FaX3bgmTbbK4KfpxGftSZPgC79+JnJyCwMHKzRc26Jbbe5MZlHBfybWgdQusg1xcTZoGpEDIg0Yy5wd3cmUWIEQemDQ2zarBtBIjBZQ25ov38xLb/1Ba7NdglKQNHxROJJ/ZbWZHMU6yBXxfGd+h3uIOzL3XAJKDNOo0/GyLBFsK4dzNfXnxZjO3Q5LWhcPfGGG2xg7C+UFYQwhVH2o8E8EVsqcrZMbUlCtA==]]></Encrypt>
</xml>


2015-11-24 13:41:03 debug :
------------
String:
account-ticket<xml>
    <AppId><![CDATA[wxe5b18b9bd7e3626b]]></AppId>
    <Encrypt><![CDATA[2vbmJXWZSQDUjVqUZoCYumQ4211VIebXIbWhpCwnpGmsVBUzHJ43iaXk1nNPpESR5H7SYpJZRTBt0oqh9WYlBm8gLx/6qF7i6nrhXpOCYxA3Hol+3cc+eC254MquMGKvro7y4glmrIqMzI0j0Gl7XDV1+N6Eu3nf77c94ioheDSrqj2b6bl4pO9yYncsW+vV2VVVenCkvLCra7xu+COvQ6cavMvYXvzL5m3hx6+gMDKlfemNf8REvvPW5Qq1XVGrX5F5nIqNVQrFdPJPH05+lkjwZkcJBDmwdDtpfI+5bme15jw3KstJG/5GzXD/8n7AGGc0xOEJiW4ymSsoqi+hUc9Eh3cOq/hXZQ8LCHn8c6QT634St2WKq11pC0CfBeA6er+hwO7O8N/aIARt8u0sCGIQHI1hLPVvdsCxTitUX+dE1ICD2XTE8RwrvJn3z1BrL5dCOFG4yDMz9m5L7aeiTg==]]></Encrypt>
</xml>


2015-11-24 13:51:03 debug :
------------
String:
account-ticket<xml>
    <AppId><![CDATA[wxe5b18b9bd7e3626b]]></AppId>
    <Encrypt><![CDATA[POlvDLyie/5LnBQ6bZzIAXasfGEIqymY+E0zOPL9CN+JhYHtW2xHzcPSwnrBBZcoqUpWgv66htFS6NP7U4gDRkDULl95ngE9kzQk6q4Jgm+UgueNlw6PcCPK8dZ7+V8yd/KMXKET7hX92c56Yrhcfj7IDncuUW7D9zl9ImJ1+XMGxHEIPZL0Ib8qBVmBP1RnmD9h16fH6gTR7NPneUSaBhrZd6PY8mRLQwR+u7scBQkbfzY/TChICOmfGFbu+BLHWlVd7Z9iaydWPz5nSMQWDYXkV7I0xr47PSosnAhYts7inAGSQq3cj1HES3qcxdTQzLzdYUYeN6t77W2fQQudRvMcuuCzk09ZzP2y8Ux2MViEFvBhjB5HweVN0MTBQtnRt7QXNFLpLDXICBFUvs4jzFQl/TgoMj4SrKMuP41cua7hyQpKZOaSiIKmJWv3RuDRqjsmaMjQIIEarG5w6Mo0jQ==]]></Encrypt>
</xml>


2015-11-24 14:01:05 debug :
------------
String:
account-ticket<xml>
    <AppId><![CDATA[wxe5b18b9bd7e3626b]]></AppId>
    <Encrypt><![CDATA[SWzgS+X4AbKbt3pFZJ5AQaDa9xEhB0NIkrwExM+2m1XPZnMlgo2rrB2olc3mxm1f2QcVUlp+8i7dqSa+Z9fdox2n/CQYjYVzjM8C1SpqXrvkFlC01gh9Q5mp3U8ATo+dUf/chd+J1Tp0OkLenkrgIwb8tX7QQZ2/ZR8u84a+aUUIIoA7S3h58TF1TpX0NlXxZ/cNaq6JYSoO/gy+hWtTo5aeXnbubZAoSnKvLG31NIyvWFOJ6bXG6SpHErkov4DZnmSuL6NNwF6DPGegLgV8YRS6W+ADTiAmPxvmvUOy0/SvXiGCN3NMxeFEFeX8FfCwVpKv3Rc4AC/XNJcEG50T3KMIIPuNKLLsxMTmW00iWaMUK1fRaXuYVSkEMiSW8apdFmebMOUWHfU1LGWvl2HdrJr7GwW9vInp/BMiufYUOuqsYTCFoUcwvUWO+OtHjfv4IT08g3pISsSVGB3Q0jpB8A==]]></Encrypt>
</xml>


2015-11-24 14:11:03 debug :
------------
String:
account-ticket<xml>
    <AppId><![CDATA[wxe5b18b9bd7e3626b]]></AppId>
    <Encrypt><![CDATA[rSFKwMWT4Acd6MbkWasm1J1GlqdDsM0p5Ae0r+ynwbt13SWA/0aOvSyBs2jht6LrMq50r3BEsJydO96ha3pYiOjEjZPF7OH47jPnKR6TKCrhj8MbUB6q3ze5EC2wJhcyTlCNYJXmjE5e7iscNLNT06n9vdANdEnxGVg/OzTaWPVy2m3Pf7sR/P4KtZMPzPo1DZlI5wXgChUmG9xdbRYQZatCqUJyCWX74+uE1zt+/DY/so4IoXeRK6NAXfy4lky7hMAiXLflQhtFFrwImAv7vBX8mMfVjo7i+lt25AaV7cAmnIYAO3o7KJFPZ9fMmNMVEvbUG3Z8UBzyrH9XOYFioys2KgQxfoIgmbwIymKf9th55JZsNs1rebn9AFhR+QVMqig/Ro5zPq0h1PlRR/IGG3TCrwybQgBP8f87dFYWiMD+8C98tSbljTLALn7UINeWS3EFr51RMHAZEyovXr/xeA==]]></Encrypt>
</xml>


2015-11-24 14:21:04 debug :
------------
String:
account-ticket<xml>
    <AppId><![CDATA[wxe5b18b9bd7e3626b]]></AppId>
    <Encrypt><![CDATA[1RZFD7zDL1VbXNak15gk8BQLuUvQjuKiF6XS552V646qmtPRFLq/0RdF6oA80taZrn6XnO2w5QzOdackFvU4HSapfcPFxHZn36Gh3yNC3AJhitRNant/Rf7NMTGcyLfhXTd579JRhHJvOi5ekXpOC0y5aZ9OVPTRlx4PdZ5KPMwbkAwrRY71WdwVgTMA3r4W0YAzkNgzbwGq40tEunKQYkRjQvuvDIuT6tUB3Y4ako2EIkHiPgs2CqELbQCF2jKm7O2wHqxc8D1WSt1dxtR0vRv+LFsnBIJAGZQnAahNRiL4JSlTPvFKBXNTOgfmXyxO+z9q3jfirF0RGHg3Vqxr3nXfj8TGg7MGk31svoTjk9qq9PVtq4x05464I8ojGqtwSWCaq0LJmEYQHslZGuOxTKvWUtL/Uxej/SJmfufnwiRl67DMM6ZYPGRRpf3AC5HOqP3il7PalfwL9OZrJw/IyQ==]]></Encrypt>
</xml>


2015-11-24 14:31:06 debug :
------------
String:
account-ticket<xml>
    <AppId><![CDATA[wxe5b18b9bd7e3626b]]></AppId>
    <Encrypt><![CDATA[VirYPGIjXdPJjg4WiW0Hs0eupxRxwE2gWQd/vvOkojJcpyaXG/2COr5M6Zd7HVo3dsqsW5gXoP3t9fz4TbuAbBmqxSzbGS4+Oh46GAKJC/RDb0Bpap/TpBRyIBV1GreyoK9mbIh6a3WIkhlCWTyjYhJZhBL7MvAOFrp+U4fzDBAQd5T8MRI3vmrnqQYb+AFdxcQmvOyDm3dgH6PTkkFZtq6Be9myTWcvxkSsruRQIgJfQzqVGIVr8+OrSh2TNgZMRYoJP25NhmJ5YaV2trazzqbzFJ4M/a1fdGyPBvSL6u6kwuHR4+n9dalYucaauKYGJTtXRVMyZZ16G4at3dTWVvjXYA5xICHmgnZYLan5L3wjShud7C1azohMIYLjeivMeZrZOjFuR+uA8SHE714KKG+6+m+2AJfAgo/QGjw4Ak32yaPV3Lj/Wn8nThtYEyV+0m5S+XqFLmpK1SaVIC+D6g==]]></Encrypt>
</xml>


2015-11-24 14:41:04 debug :
------------
String:
account-ticket<xml>
    <AppId><![CDATA[wxe5b18b9bd7e3626b]]></AppId>
    <Encrypt><![CDATA[A/zTCeVGneJz6/wNpZQVaf006DemlxLHX9TIb6hCg25faa7JouWg6fGQGvVR9TPhEeLe0LahvnL/aj1A7w/pHYpQB6BKRZ2Ps7FVtPveywxyLnZB07u4z5FJZMRi3HiodbMH53Ul+qftM8YvcqXKbvfhbhUuv7uP7o47yxTg4aJXzcWQIZKdOoV7kkX8Thi1eJJ229GjVNTAk39f793In1ovmnoa1UMWEte0eGf6Rle0KgM+35O91wOtNQdIUWtiMF4gU867FU0a35wDoW4a05ZHMMrwwW8M7V718wHOHnQlUIwIG+0BL+18PFStxsmPPKKHlFvElz4nLqMV20WekDa8q/mf4p99/TY/3ZiL0rFwGnp8ruOwUcPidGdw+GiCmxrK80rCmF1wwK0WWDOVZDpPL9cOxKjjCfaG8RFk2z2n/oQdFxZa7jRkf9Nvp7lz3EpsfNZvajE3tlLx4FqHBg==]]></Encrypt>
</xml>


2015-11-24 14:51:03 debug :
------------
String:
account-ticket<xml>
    <AppId><![CDATA[wxe5b18b9bd7e3626b]]></AppId>
    <Encrypt><![CDATA[WVIRQk2ZRyTXo7pqH9eVeVH7ncPjoW7xRWgVqwbdIkbU+083PKCGqkutUzQO43mkkHrktqdJ8T8kPGWSg1Nf+prlVKb/dg8zJ5GKephM2KtwnS5ORF9cNLX9NyJ/MnxftsqIIm95Y1Wk3EjlkEWlXxxVwe2m8kaDEm1KEgy7M1QQDwBmqKzG7Xgy8zWJcJtgqn3puZ4xGzvIjRbCYyFRKfw9ppl9vGJMvafwAoUgc47pqvNE4NLhuD/PcDX25z8alp7KtIzPc+mgeAtHSmMDxmmD+IdLOq5RbabpVxdv5gRCYq8DEZgCQd926DRqEnUevo5Fw8K+gB9SkgPnUCGLrXkbvvP//d+JAAADwW0Vtf+5hVAzuvix1eKpQstr5wgJUJszV4vpgl9qi5W68cXj9kRTKNogC9hhV6gKqHxCkHR4KsQVGIAOX8P1IKyhavOGhtpIDyP+66QHTEAgqMl2Sw==]]></Encrypt>
</xml>


2015-11-24 15:01:03 debug :
------------
String:
account-ticket<xml>
    <AppId><![CDATA[wxe5b18b9bd7e3626b]]></AppId>
    <Encrypt><![CDATA[ir4h+FvXby7O5wHBTfqMc2kAveq8MsyAP88CZWWZlaHEeDV9RnY8cdfMaq9KnEW/ltihk/BKu2PPHWhxjTYlyezQqZVT/EMvhiJLRdQBvhGYOn4ojWSPZQYDEwBwTI5lS4yxpRE8V+MM5l5H49i/IzNgx7fJTUvWZjOolaN4rvP4dlXHCmZXM/0VmIO514yzq+tm7KcM8lu+NpCY/F/CLGVIYWmXgEFrybHZxWhALimZtiJ86IR57V+hzJsOyVEryZ3J1lbXtEIXQuWZLRwyVlX6V8YgaMQKJCjc4GO+qEQ5MN9LArfUPvs2lXQiFG00/+TIrbaJEMvzo8aeo7H8/Kzt+FuBOfuM5sp5eDQRnrO/SSotr3VZ+nSZmIn/80xraxpF6TiwvWn/P3GV+e/4HtxJQVEJskAcEfsHXNF4s6XR7mSwygk+6KvJSkBW/Q5CZIA0nvKT+zvThgnQlKFX0Q==]]></Encrypt>
</xml>


2015-11-24 15:11:04 debug :
------------
String:
account-ticket<xml>
    <AppId><![CDATA[wxe5b18b9bd7e3626b]]></AppId>
    <Encrypt><![CDATA[Ynwj3jxYT9sfSxAhQK4Sjw0Y0hoKmR68raICch3MhlVPR5tDhyGEDkjeh21hE727okTUFN6Dh9Ku/ueiP2+ON7EcXOos7q2r4tXECf5adTW9Up9E9Ugag8SWuVuyoeo9o4e/3JJGS7jG3uGP7lHC8W5ktpM9XZbpelj+xpyQciiT3UaEhQoKeEMcAx020hXjZVstfSt4u4i8VkkRogVY73KTT8ZKE2GkDZG3ANVvEcg3pqlccklk2lAaBpqu8eYvIe8e85Z6ZR2JLx9i0/ujmcrBKWYD6qYVoij/bFh+4o8rHwIm2cL09cfdcPu9cQ6vI2n8oA+dJda7wgXPfpPKRP8EUVbt/JL0jiavMSi233Dlw6xAlKzwJFte2oey/iBMTrl/lXHHAj6tGg9huklniKWQUYlDtm9CxxM9d5PdC5mOumk36bBepZaWT3TxwCOxQXcE8Qo6PbzccJgCXmZQFA==]]></Encrypt>
</xml>


2015-11-24 15:21:03 debug :
------------
String:
account-ticket<xml>
    <AppId><![CDATA[wxe5b18b9bd7e3626b]]></AppId>
    <Encrypt><![CDATA[nptgALZlXAjl6CNyBvUdmqS21wGfSsT8LW9N7eslPlun8uL/rod7OHIaGT+v1kdPl4UrO8VdCQjQ+Pm9VQVDCU+HEv9FsvojWVxzoRkXnEReJeryhhj6ynbdNA19zx26TIycd5swY3Dbllhdh2lDaoW5hmztI88BEcS5w6EWX9LNIV2kPirs96vwzPj4tGB5xg5vVcght0EUNEf5jZQytwLOfAPM/2nrUFbjUY4+8y2+Xf2AW2pViwrcDAqzC4w43m1ZJfKlQTh/RDKO1RhVSxiE2xcz4IsEjLeo8TSXqAA1f0RqKydQdr/gnVTkSpDaQOHdgmWkp/QM/iqlbLQ4nXPztS1wY/6Fzt4bAWBu2DP5sl5TS/mu4AkyrDTFQS61XXkOO9j9C0pIaNNL4HnLg6xyXtlFwxosnN9p5Zrw1keF7fX3rNt2lDxPWBPm+qBzNXCky44mOVWL9G0Hpz8tWQ==]]></Encrypt>
</xml>


2015-11-24 15:31:04 debug :
------------
String:
account-ticket<xml>
    <AppId><![CDATA[wxe5b18b9bd7e3626b]]></AppId>
    <Encrypt><![CDATA[wY32bzA6BhmXKzwTyE0WMJYCaqq8fmlaWE7nxhvwn65x+KZiLPqWxr3/h13ckqj+jh1bx8dU05fTP9azfM+zJ6A514gC6UqR1MmY5oMTNV8+JrFyQq7FsMycnSeiyF/Jyypxb6LB/1+oaOHxm5dy34uMzfegM9us1zPNPIcEXdlv010nezCpaIaE3UIbDI4Qs56ifvmiMrwqtspxl8+xES8C0QBLvqmDjxva5J97MkPqpwVA2OJPIvOPgjnIJ2wFPYohJYB87Zno39dbAHXfp4/F+ZP6aaDWKIbME3Ju//yMhAj4jS1/E6L5/rDgD19h7wjKPZzEN94UagSkQlY2MTSBtZkfC0pu03Rrzamdg1LRzHDCFUdRJuIKax3K+URf9I6pY6z4V7ZYRJk9mDTgCkZRwGWk5GygNUq2gg5vEtRjKcg/U/GxJrmTtFfHQ+bhv83nivK33wDG8Ld8uOudiQ==]]></Encrypt>
</xml>


2015-11-24 15:41:03 debug :
------------
String:
account-ticket<xml>
    <AppId><![CDATA[wxe5b18b9bd7e3626b]]></AppId>
    <Encrypt><![CDATA[K4UpuH3/OpDzGeS+aqxiKrAFzRgFljQ/nHYQIOge+YyVX1+Yk3X5vvVegKt7QIWkAtQ99uF5dnFkKdS7QqlCIVOiITVSXTzzt/k6vPRYDHhJJ95r2DBPSwWeYZ6J3MIhsi29eYDHBW+W9YaLfbLtTCj6KrMOo/HjztOPM5lldZIf4Uo6mp+rEX06+YZRft8PvgHWyzyW3uXKBZ2D3mIdrFhPmLVb4AzdJRWIFz3AvwTipgI8pyjhZ7bQsvdJ5NEwpRJOWvEuVFo7j3KvikRciiblChMGHHR5doZtSPrUbmlfv8MiKjqR8+oT5cl9j6owmF8S+2TO2QzMUrXnJ7uZ9NmvXM1sOEQEW1GBL7gq2/mwRYY0Q5wMsD6BmOMX+1x+hGhYpQvJo+BrVZVFPP71YUjT2JjKKHqosugxP36Nyaux1bxUDiUFvQiO+ogOymQ0piXCSUJ9S3nZA37mEkFCZQ==]]></Encrypt>
</xml>


2015-11-24 15:51:02 debug :
------------
String:
account-ticket<xml>
    <AppId><![CDATA[wxe5b18b9bd7e3626b]]></AppId>
    <Encrypt><![CDATA[taNT6bN7YM7J0btelgurorHIqJkyBhzqe3baTKvJZ79cKDj1majgCcCvKFIgrCrlBM1gIWOs63xEuk8VE5JwHhljQ/+gQYKHbfEoLUwC/UfvX0QF1SshO0kVEA7gnjNf9tUqB38TaKsdR/4dlEzS9+p3JWaUBC060jjWulcbKMB7NVEI7iinkiPuKxPPxA3EbM63/oFQnC3f5hvHlrVG+5I67bHv3ZIB/lwXUYWj0tMyCoJLt/XdKYUgwWMHgGcK5Of4ll2m30A/xTuAfxlyffLXCJxBEdQLWaQj1bPA8/PucinONHYeMfGxhM1idE6Nu2O2UIP/e3g52E7HDAybuTLGiiC66Qp1tBBSdoJJno4gg73gbQehrZrFklvu4WF6ei7PXkbj2ZCMZj0xuHr3PilbKTLKsWk8kFeUSO2aY5UJvSMXijAFZ11UhdcNJo8szQtnPYGioc2TezWbSc6iVQ==]]></Encrypt>
</xml>


2015-11-24 16:01:05 debug :
------------
String:
account-ticket<xml>
    <AppId><![CDATA[wxe5b18b9bd7e3626b]]></AppId>
    <Encrypt><![CDATA[bZ2RAodsnjElmezFAYf+dkiHshKcSWXY3y8eagsBRHaNZsvwMmroYR8ecCvir2n1zuDQwIuzMeIhzG7BpUqFwefrrvbhLT22uns3COUYBE3+0P5yOZPvu0nKO7zbdJndn9wRHPSinfvMsjGeOCHPyqeUbLTFIJQcE5WnfqQ89XocCcywGZunimlMSCCOJFQS7HYdtQMsFQLYSz3JWQpfrqUzOS0fEupvJbx/3zLAM8jpfZKHl49ZNVcbx/P8gsvoSV51/Ezr6ZJMnwcT6fu05NcaHt9v+Nmm2W0DMHE36R3gaS8lY+cHVxdVL3JhzZnECxP+MTWdE4hJr5F2ttzKA8tSDePnfhYOmWNxguJmm2KMlMPIYU4qs8ntsrNQkJhpewPIszozLmIH/QEm1P07pKAy/4WzzQysV0iPALGuIh5aG3RLWDeLX85il9wQQbTRNwKLCzS9Q55VBVda7cq0NA==]]></Encrypt>
</xml>


2015-11-24 16:11:03 debug :
------------
String:
account-ticket<xml>
    <AppId><![CDATA[wxe5b18b9bd7e3626b]]></AppId>
    <Encrypt><![CDATA[iU/VLj/Sathus4rnq5aAMclEQMW9+1FpOUTL8LtvqHORNBsbgbMfdPyGCkUT7TBle9Y+UjgVkDRBVMU2TH1L9GZ2d7SoLBvXJQLdfuLFvWo87Y7eEVo8uX6Gf3l9xOOJUddN6L42OWAFzxyNf9YIqUgzPSuhCS5wx1A1gqiZzlkmgJHZI9JlXQozcezwua6iZtLXRkLLu16w/zBhjlkUPNzgykWvC+0EyOBnf0sBGjIynUoJodZ6xZTf/1dpgg9V38IFatpx0xEJfm/80oP9TTcYbW7PVebhrIIWV+1d0ip54ET8PLYrmJOog/26BNZOO85BJJDCSvtCiiDE9f+2BD38V8vxIfstarHWIu5M25CLf/WpxmXD9XPuLOu9Uo/fzmkwi4Pc27VwksVl/5kTNDO1dYNYdwcXni7goHQr4+fnwY3u/KtfyKIeZcoUD6nB/O2E0qPc50sMurmImfPtOQ==]]></Encrypt>
</xml>


2015-11-24 16:21:03 debug :
------------
String:
account-ticket<xml>
    <AppId><![CDATA[wxe5b18b9bd7e3626b]]></AppId>
    <Encrypt><![CDATA[adsp8oKyBM780bie+qM1B9wuDBUbuBFCQj59h3SwMYzz4aIJkpQMMawCPYs9YVhRvOcT20yj4UUNbfv0oir355JIQ0NJJx5Hd17NSifyY52qrJucT+YPoTQTAHZYoT9FW383cPOrbwdSRA9t7cIuNvbebIIHy/a6y3Bzb3tV0DmByHuDbGAfWgdK+vLFIteS76dfzLAH5GKhYaFYPFvbR2G/oRl+ERVBRqpcJkVHE/W+8P7/XLTttDEem65I7vQmAtWywtfyJrzpMyfkpnNd8SbLC5iIxhk6KlzyydH8OKz+fzrLMO55N/0YeW93ibFrsrgvJG0FaFl4OzM8xK9e4SHirT3gIO+NOxXK+axy6gK2S+4vExGuMjD8hL1sl2fHooMtejElfiO+I5V/K1x3Yd3ZwXV4+a1qbHrue/V8rV6o+53wE5Y1K9cDmT9iXRVWZQ0xOkzwbcWFyy2k7PrjXQ==]]></Encrypt>
</xml>


2015-11-24 16:31:08 debug :
------------
String:
account-ticket<xml>
    <AppId><![CDATA[wxe5b18b9bd7e3626b]]></AppId>
    <Encrypt><![CDATA[EOs09dq3Ofz59M95gYKTcPS2LyXbiNVlnHNUzLEaCmKd9FPpt0HCGMcd0vtuIsh+izElj+FYCnCIC5uMMa+82LrwMTYvCb+hKkEgadJ1UNPeNMSDgQoDLmlBT/UIpXpBda4mHauARBD9sH7mu7btXA6eeIlhAC4WrgcqhHmPQ8ulKeDVIRVSVcGPli1A5yLT8J6E9fjRalsj/DFOFOHeGzRh/nVuplhgG1BdYJR5tmaxSATCgtA+u+OqP7t4UpnOZPrVTzMondlT1kcL8aaCnpb2q7w3n0mqUvHkDrSjQ0nfzu8EUIx6EqvfbLHdPvd0iOmT/7+KpdqQYvXBYAyWC5zqgksaC/e65v74+mAtSzr1AR+BAN6IpAzBsONMpWAwIJ61KEpJVCsWrEmGafczoJYexp2Ysigzhe+ihxhiPw6MmukBrSrhlWE7Q/FoZDx6lgAqPX05irLDo9ojfnL7SA==]]></Encrypt>
</xml>


2015-11-24 16:41:03 debug :
------------
String:
account-ticket<xml>
    <AppId><![CDATA[wxe5b18b9bd7e3626b]]></AppId>
    <Encrypt><![CDATA[yRPGuRmM/389aK5jJXIJtQ63pJuPEUV5qZygcJuC+o59pIQV2OfAAAbZ3U/Zye//XHNRph0l0CwXaw4YHJSAW0KyY0xQtmlWZQ3g3S+iX20wIusAYY1GGi5AxreKhV0KvrYvBhVdSb6ISguSyWC77A66BcW0rqo2T/E0ZnH53udnAZHb7dnk3zGZ0wmi428Q5fnCojeZ6d1+hhwyIszBfXXLbXf+1RHNcsO6UA6hfKGA793NRuD00D4OK6HD6v0vOKzCTOY/UshZ7wG9tx64gZKyb1iTLuYnVhqZUrT2q955Z6i9zyn6/Yx7nuZ+00Wn7ZfvMC+3Eyxjj+J0A/XQjJPaIfxvrYjT6ci+CySj9FPTcZk+UdQIaJ+gtCMGLgno6+hTNn3QCxe4UtLPf/Ytx24qv/4P7F6NKofclAW5HqpJ4dSRSRmbTHPsJNW0sU+lJ99kuAQqMzfBifDKZCEueA==]]></Encrypt>
</xml>


2015-11-24 16:51:02 debug :
------------
String:
account-ticket<xml>
    <AppId><![CDATA[wxe5b18b9bd7e3626b]]></AppId>
    <Encrypt><![CDATA[SR/APLNKZrbFeYNJOa9XtuWPVfeoyFMMd5jfoydbZ9IyQJdoLw9y8kzPE1uFyHKG7R38OUIutdYi8ZRgTth2WsuUU4BkSmhDuWh/XXiFmu78Q6c7RrAWkp8H5OijdpY4ld07HudN7TMeCOcRonEmZsB1/CNusEt9Abomlw+wlDI05+8O4b8SLcUML1HbhrkjaqpnNfW0BYnJd15jQNi1ZqxJoG5VrdfHzAT0Yxuyk4rZtMPJrgnXwC5Ep6XBCDKBWtnEU5Sk8oipiufGaY/NEJP58rATaUwpGi7PhBump7hH+YipeAut+TTqeFwOMv47Mtv8088hMFuKyKDB5Q17hUtcGu8gwU5Fm5hSZ1p8yQbAphtELT2kalAdYIoj9l9PggJwHFB+I5EKJOuofPiKhXR/nOztyHnXepLw58PnSX6y0H5TEj2sfXMdeO+U/pU/bddlixt3yduOAVsoCARolw==]]></Encrypt>
</xml>


2015-11-24 17:01:04 debug :
------------
String:
account-ticket<xml>
    <AppId><![CDATA[wxe5b18b9bd7e3626b]]></AppId>
    <Encrypt><![CDATA[8pKaDKArtwZrIAHNBIa7DxpWnyADg/2+yvi2DtlwfvY4etYgNsO/KNXgIhssg0lXj75lHc3917/8nKILVoP2wiS2n+E5YAjl5zZclIIYgoWZ7RK5ifWB5Q7wqzw/v3FKODQvXc1iXGajHw2YKs4dhrXuenO1139W48oovOGW/OfGULSZDfCXTe2DcDO5XTL4v6AWCrbal5O5hbA56eJMnbPzWlJyQ2YTkQQpnzWq5BgFVsTzJYtRl+jo0o3a7W96zGTh/E5Ra92NSOppMjTcqfmTJMAYKI1SbTf1J4eUAdm4Js72V9z5XiAG3qjNMpcQhpQ+Mzvbt4onj5BvSwKdgbg7fcI56RMyTrl6wOUJiATI+tEd64xvztg6Dw9wbRnV0G3F+i2vaHe/smJsNbGyqRAkhoI0o2diskQb0B47FgXWhxlfP6TXkayJ+RQIP7y0LVNAVoC+zqWGTixlmMguiQ==]]></Encrypt>
</xml>


2015-11-24 17:11:02 debug :
------------
String:
account-ticket<xml>
    <AppId><![CDATA[wxe5b18b9bd7e3626b]]></AppId>
    <Encrypt><![CDATA[wjOkd2TRk3HqsIa2gZHVNxvRHFCGxIDE+/fD45mw+oG87z2CEZjIG97+GerFEdiCtMr+N315y2awIMq66zr7+vuIo9y1HOtjFAojmfEozeFbDUwBNPgGYdrFG9r7jF9VZhSV361gcoTKmECf7mTD62yJhfS5S1GJFZ8Yj6iWL5h4hXg3LTkTUpRTxWaLf2J20ZFwcWkjCftY0F3tNYnaCOA8AZ24bGomPRr9w4HgS80T+Q0pkpSfuW+J/bQtyM86Eegnji5v0++f4OOsdqjU+EZQRq2ZKqF3KfojeiWyLpLilwv4n/0mh6BawErbEcVMqZJCzG7abPuXLdLZPiOrB/F+Bcb9V2yrau1kXr1KfmQ41n9berGO6d7fLbfra2Do4Q501VjhUnvRxnQ7uciNvVcpmCAMKZ9QoYq4LQE0dCCUrldgKhWrU+oAZ+q7bwpsPU/jvoC1wRwRLLjayxtOUQ==]]></Encrypt>
</xml>


2015-11-24 17:21:04 debug :
------------
String:
account-ticket<xml>
    <AppId><![CDATA[wxe5b18b9bd7e3626b]]></AppId>
    <Encrypt><![CDATA[fiVpf3XJZGEEM6ix+AqBUjjdvWOnftE6x8gmW1953GhE49hwezRn+g1s6ga26oqVQ8DTdIpXgan5lgnIMBnaTX77HB3IDnoGza93dGSgqDmA3laOizFJlkP+trt22hUm5ygjcX6Tctki0Ehnqop25gsT4H211kayKpLm3U8Cj05RBjiNfnZmrMAnMjqhQXMaBI7DKF6JryiPW4desHrJpL8UjI8rCjG0motMPDMT2joX0PA2jl7LCysh5gbSTfzxgysh2ypNo/2Z3othll95YHi8fHAvtGU3+CRXH4BEIJJCgbwCgeoC69dq4ia4qm7lCsh1BBNn3fGytBb5ezxjaY9qIs+r/vXcw3GdVxTKU2tLQQAZMR92Skwe2xlq4LOE5MZvujPRd7dXaJ2optUXWrAiD/d4O36dj6Xj7jDVdlkGx1k4UsrAf5TOKw9dRSrlaxAXFoKue5km/RGglxt0Pw==]]></Encrypt>
</xml>


2015-11-24 17:31:39 debug :
------------
String:
account-ticket<xml>
    <AppId><![CDATA[wxe5b18b9bd7e3626b]]></AppId>
    <Encrypt><![CDATA[RhhlJ7DVk1XzoAAKdNqVG0Iaeew9k/oRLqw94X8Bb1MjEs/mAZ59pfTHhGE/buGBAhc7Jsgz7l3xZy3pqgICoVWaP0oQWRJNp0bLXZE5tM60lK/SIeEvyePnIl/TLqsU4LX7ewbhDovOJdiLYUoUPbYrkXXX2NbF3gRm4UlE+EzSWkyJmtOIrQ78i4qEzhq67DKwDPYniQmRImUx1ncfyJtBDbvUPH/7a2vxmP8Dh3GbOQ5J2/pQorvUnZx76CRlParzDiwvTMbkXKFw+9TY3RG2VsebDiZrSexJeHc9wF+9LeACYXW0dReJYFhMM6PXxQgCOLG2GXrkqzjKEGaJaHKbjSPbQjlFVWoFgROTke4sJITqdgYIB4wkPwVB3C/E3mfTbzbFQrDqbc8sCZ6vCPR3WKc7bxG6qXVfcJaelpCKmVt4THsihA2ZmcZuaBiWqchN9WpvqcwhAANFMzDkaw==]]></Encrypt>
</xml>


2015-11-24 17:41:02 debug :
------------
String:
account-ticket<xml>
    <AppId><![CDATA[wxe5b18b9bd7e3626b]]></AppId>
    <Encrypt><![CDATA[v3ZBhCWy+pVEpRcSAVlTWH+1SEmNA/XKqehch4Bkkmi5J3iz9DjPweGaFsQhcsXe7R4E4RuHxy4tZjpaK//p+jXhLX83dnba3xaOctiiSSGVm/PKHqLvn4Mkg4E7MEYIjyXhcuHJ14imR6/UJg6tfTiI1de5PoylT6xOOMz4LOggIl4vUDL6yJXbBzjJ7XiBhCss3DSDANNcRvYhtVAHFpSCkYnopzrt2F1bJnTtQ05/SYm6gxJ9d0Pbk7ZoR4R9+yxUNxiuVdnQ1EZEn3P+CMMWRpGLsQGuRDZ9X0hl+Ea4c2PnH0idPNqR/Hmqv6SoizI3c4fFvZosbQF90URsV5CV97InEmBXvRNCM8qNOucfM9gita4c95P1LUgbOhCrUuwM0z/cXPd1TOTnSMollIiKN4VJidIaw46Y1U+dVslLRc6F1iC1y/DZ/liHArFfQtb6BKrCxHSBMl/JHCaQcA==]]></Encrypt>
</xml>


2015-11-24 17:51:03 debug :
------------
String:
account-ticket<xml>
    <AppId><![CDATA[wxe5b18b9bd7e3626b]]></AppId>
    <Encrypt><![CDATA[V2Mm1NPvXMYGdFiQNqWJgUSs1v/3MiPm+xC1joz58/ygpTcFxbHym4kGnJ2LEr2Fb+V+z+JbhA2YyPJWFnbRa+D5P9OfFerT3uk25prr0HJg5FvpU47zLPXQQwDu4NZgDJzKoQWGKglewetcSkp5tpkdiGNFxLEcIb80M7hVqUErghfioJwDZrEbLggpTyF953Tymch7Dkng12m35XpHqOKd6LxHCFieAmJgTNeG4qZF6GYoDboynj4edKGSNSvt8h2+sSp7E1223icjWVZGw9xSCc++eY1iTGV5H+lA2feDGHfQOIgHvD2ZiavRvlYEURfo9SibexoJj1MKDB08Rv9VVuJOK3i9mWDDF8ANMxfVuxx4oOCx9NjDa16HJ1i7XlJa+AcX0beupwP49tp1XQNJvQLYqy3Ge6l28n9AsgBCaB+LTr342sxgmsde0Qu9zL6fekjozxGbhSP0dimhRg==]]></Encrypt>
</xml>


2015-11-24 18:01:06 debug :
------------
String:
account-ticket<xml>
    <AppId><![CDATA[wxe5b18b9bd7e3626b]]></AppId>
    <Encrypt><![CDATA[6ko9SAE0Qtn1PucF6uUtk90Sr/t9Wcqt+Wc3p6mwojo7sXznyrkltvGsU/cLjQ6UMSF43MNODQYzdb3+rKLIDUWyqHuH6cgQgmLzPed/kU5V6F0V/9f3VAPTx6wrR/jX4Mz419pTvwfzz+b3JGvtY7fYocFyDs+UmVeQNGEW1f5zMfSxFLk0lCAJTRDgQpgMrZKJhBEiP84bIxt82fHyobnkBSZFyv3kOd2bBxVmMk8rNVYAvAIOS+G3G63kr/kKuFl6MJZ0xE6CK9XthHLxqvMU2jZk1rF6UgVKny5DuBRVM+cn0ZwPfM4lXdu8rEk4MkP34SOVoWJjhHrphu5pdoJOgaU1BvAa4akTEX3eaguqRRx3QzUQ66ux4vHOkeNxHkvUNxa1fOm3v95ubJM0PKbrnJkWC13LhU+YKOroeJcq/LHwlns4cKyKzKA1E4loiLqm/dEsVYgtiSMN6AgxAQ==]]></Encrypt>
</xml>


2015-11-24 18:11:04 debug :
------------
String:
account-ticket<xml>
    <AppId><![CDATA[wxe5b18b9bd7e3626b]]></AppId>
    <Encrypt><![CDATA[mE0JVUaWPnfBH503Z24R+rWU33WSrSQAVPCHuonyunoQLaVQd52dRmdeZT0b/rhBTYJCLbQhsz6EjGECxg5I7YFOBJEs9uUBh7lbmHZn6rndr7PFclVOKLjflmS2yL4L2Lesi6jBeDtsdy9FUrxR9UA33nhV8lVSFndQltCB27Iw6/d8gYqopl0pcgDQdi+ut6/+UF8JN/3JxPliXqeGSYLVeMF2gne3NCkpgrpmbYxLIFs8faMHk4HRFVOXupucyUs6LMyWpOvEXWXWUZWTYg3bFgRaRC+Dn20HHZaaOWQVgEyD6BRMqQmEO2TlUbSOACiZQQvj6x/eyy5CRYh3DbT+6cx9YUdYNrdxpJYoVYbeLxhleYzUw/BXGeX4hKi++Gd5tjjMgj84IneB0tlXYX96E4KJC4cCBwperSgKVK3kEUPBP56vs89hMOxIu72AykrtsDqKekbEK8ih0zpviQ==]]></Encrypt>
</xml>


2015-11-24 18:21:04 debug :
------------
String:
account-ticket<xml>
    <AppId><![CDATA[wxe5b18b9bd7e3626b]]></AppId>
    <Encrypt><![CDATA[063hjIdvU8EIuo2XaMZPHgOMuFptpU9wJloViPcUIc/lVAwyHRDwPZ0ArKYxvDx2Pqe4YEmL3rz4U9bluGDyfGcobW7OiasEB3fGDhUTEZ8zu+B/S/PoR1JG/dqaJP1Se+QM7U4x3uPU768yAWVSsutbk1H2vQ6WTT6KeFzgWtohXTPrkjpV741UT2MQxZC62F/e8ddcxafJBs8u6Vb60wivxoMdj7dci+y2uSWAHt+9ttvY71IT9RuWYBYxhjA7IVD/BsN6ZY0JoYLFRfR4LuNzZQL4Xd7VeUkYwp4PAsr/9PTOWbK+kIFGkriTi3qfddNPtOe/dlNSRFQ7zoIGXaoDLh6EqWExP3WoMOyqioxLF6dE7xHJZynXYrh+jr4ehQUlrSSZwMgW46hEetAHkYxMfQOcDODhqED6TG+LZnI85Un4TnhewzbYF22UTnK9Dy/jOLsvQKoiK8oGXokVMg==]]></Encrypt>
</xml>


2015-11-24 18:31:05 debug :
------------
String:
account-ticket<xml>
    <AppId><![CDATA[wxe5b18b9bd7e3626b]]></AppId>
    <Encrypt><![CDATA[2Q78d4ZZM2THk3m7Ze8Mu5jHzMAawj1FxGPYKUqZZbZwNaWrEuvSbBCCelQu+lO1oFL163t6RVXhsh/Ro4F7l01haTVgim34Ar+iN5Dr2LY9cVbkg74BbRS4mg/7xDNxoA79OsQTOu1NEi2bBHgnWUQZ7g16s4StSk4fvnXcK4QPFWCoRA3qR3bFQj1G005nytv66G9d4QbfJQ4ReeRBaO6Go99bqLJ93ZQJTMb7iYk53M9pFe5SLOPEKPyrV1QzNvzeFA1/7vre7m3qUwAGKwC5J4ajRiFQgrWd4op+Nmm2oH9XwCSEgBIorocCn63bu0m4eKYVxS2hXYME4UcWgWv6dcQ/5Y5sRujOFXsd02qfAYDsC/C+5zx8MDtxBqKHBfeOWRrYoECx4uldex1deXOxpsSkt+jPsuZiF1rl/gtvoY8vt1wyljU7G02r8jvLT4Q6gy9TgTExKbhQz1LQMg==]]></Encrypt>
</xml>


2015-11-24 18:41:05 debug :
------------
String:
account-ticket<xml>
    <AppId><![CDATA[wxe5b18b9bd7e3626b]]></AppId>
    <Encrypt><![CDATA[YDdXgbCF6DqNKU5Ui0ZB8PkiEKq4vN1FBkgqoKRSpYxpILHfZIu0DaILpo+hUu6uY2sKdWNj1hTKUxVQQ0RpyHBr/vB33iz6KHGqQRfRBx9n0w3R1SlLZoldV2fRtOpTR3zTbidFAsdPCegUbImYlo2P38fKhzEIvgTxIulxEF1S4rqDSPhvf1MLIrO4VQAhI2CWMM/vk/OqMIY1kc88ZlXxqk26AnaXE1HFzGho1QSSpKTZ44Fq+SPvgXkCxjjbTDPmf3JTvQg/ZAL+3Thcx+W4oIx3tLrnn/qL6JCFtW4xWysgerIDs8ODccPBDR1+nevhbyudV/0vXBGT1yFeWTTQJAJYSKmuBg6v4zTsAnqqkjrLNWBL6ESUvwS+1Zpj6CQPQz1Jh8YkbToLMBh4C/YunX2gRvfYMcZO2RhJ5h1/eAnSwgDJgJX4rtA/87eABZACS62yJw+XlcMJqJHO0A==]]></Encrypt>
</xml>


2015-11-24 18:51:03 debug :
------------
String:
account-ticket<xml>
    <AppId><![CDATA[wxe5b18b9bd7e3626b]]></AppId>
    <Encrypt><![CDATA[vDRMAnXp49Z21NsdfOQpHzgeGqrDXXHfpJa5ydKhC0EJDOr2uyBiRSBIszBx+HT//fTPR3oqG8lO/Gq5OxnsDQAxn9VyxMlMdtgIkECEjO9jX6JyeHHRbke/KtOMjD4lMt+L2bplnluJC4RSMTOWKWi2TU8mu0NSIzTfj+MitLP+5hm0madGJaTNcg7gQO2s3nGlDi4/d337fAM+oamaA7pAAX3UU/cIeF8+rPfF327WXDAtz85GOjk5iKPTWuq+zBi75sJ6zomQoVdGp61q4HlNGkkZO5EsC36mB90qW7jH77J21BcD7NLyU08HMRfVluOJwL+KdtatHC+hMpsrWIYsR/viE10py/3FH/jVu/hxlJIBgD2ZeKbclTmDk1qq0ZLGeMB7RtDVe06N9+Jm56dFQtP8NLDQ7NBOvUeBIzQ+8gFTv6xP0/gj/h+cKEf8dZaWQma0fdFpuATjS4KTog==]]></Encrypt>
</xml>


2015-11-24 19:01:05 debug :
------------
String:
account-ticket<xml>
    <AppId><![CDATA[wxe5b18b9bd7e3626b]]></AppId>
    <Encrypt><![CDATA[CCGFJRkSc4MSZbI6T0DD9SOWeYuPuD3tqy65iTmBSerDP+1QNm06wTMA34/1HhhdqvkYdN6HSN9Vi5nUizb1V2h01Q6TtNOueQ5/MW4FI3xFloEDxMhztB5AQfyQ/VpW01uUO6l9tkZ6eQpQCr9TIO8xPugRQMCgckK9z3vL2zd1HctdDY3OoavBE5sdjLnqPvM3V46nTZod2WpeSlXfc6fAOfpBMwMwmgNTguWwaMvs12sly8mIaslMGcwGR03orRcGLqsWWprsaFWfPvcTH5d1q95AZYxO0BquObbi/P4IHp7oV8pw4mDuTJaY0z5pKAeMkrXNO+/NsZdrws8kJuz23zKANe69f02qm8on80wfXTT0NLnIm7hFOwPwcf8b0t0dlx49O97dFutAk5IQrNRQoeGxEwd7nHMUr+BZVDSeEz6yB8WyDMWdvvMngPllBnvcAhPDzhFz0gSEyhx41w==]]></Encrypt>
</xml>


2015-11-24 19:11:04 debug :
------------
String:
account-ticket<xml>
    <AppId><![CDATA[wxe5b18b9bd7e3626b]]></AppId>
    <Encrypt><![CDATA[ckzU6FA7q3MUi0js3cZaDm7fkfjY6Gj0r1gSImTtKIVqdl4QA0xFCnbRAVq3bYISSeF0bgm8eA5r6pdmZB/9VqqI7QNkTtAw/wmo6K2Da9gB0618SUJABp8HsV9I9V1udNi/SjZ3GA004sp2bUsxzRBW6S0+k2/aC2OSU6Gl1Ou+ORZk8ZNsv3jg+G5WhIubsWbbp7NfkhZGMohM7TVJbO+9OtpEaL1R56ZWcNLdUBCb9qEkhbl5sVbbTEqRpVx63AQgM/p/2TUaPRlVnMAwbEEcfdhgYtJNTTKIIpBzCA0uN+IjKn9RMgLOfaqn7WnZPyBaK1zK0r32vKjpy0VyaApRqgyDy+qApVmKwKwSRLDtZPwx3Ww5OPt0KksHRyRcn2z5LPNOK4wK8rG/ve7lOvjkZadnBe/aL/Jtac3Cz42dOT8pf2Mlm+ZnbxLSrBosVAOZXg3e2EYCQf810yWwFw==]]></Encrypt>
</xml>


2015-11-24 19:21:04 debug :
------------
String:
account-ticket<xml>
    <AppId><![CDATA[wxe5b18b9bd7e3626b]]></AppId>
    <Encrypt><![CDATA[4DMewB5HwyHqkGykv73sePNVCoj2aCjoV149ZL4UsdC5jSqMFKNZBzwVohqfY2AEaYTpRGjaTeBWONsrpU+SqS+N5C1MqeKkhHx8daRJtC5bvyENwWM74klxIYbFafRIMXbpJPet930HMsexse1UJ6uYgKr+UZ9l120cwH2Bx2sDBwHOQy9Cvz30OlU1KCqov0Qeg4RmH0uMak5r7tmP852AuOPTOsF1hnxag3+8tQ7rUBOXzWGNG7GBYiHHQQV6jva7vrzr8zkar+fwqE29wBlqAQ7AimNhwxCaphkxd2w1KvFcNWi3uzxTgH8O0grprVhQfiXYC0XpYSf0DBVNr8ycf6vJHvWnI5cUSqOilB43g5oP4CZYCcTBLUaQ9bBOcba1E+Pe4URnyELlOLlEWwq/FHe+Dl9wlI8NnsyLPPVnPsqeswrX9m+vOwkvk2DXuBpKBvDX61Cy2u63f40bkg==]]></Encrypt>
</xml>


2015-11-24 19:31:05 debug :
------------
String:
account-ticket<xml>
    <AppId><![CDATA[wxe5b18b9bd7e3626b]]></AppId>
    <Encrypt><![CDATA[zXtqjJstRCGFIfLrc8m1tOXXQEv4ZkVMcBfhigxT60zeMtNl7YHEUlFIyJ4wVQbwJyYXkjn2q6AjaNrN40fcazEpnWL1Xzzo6iCtIp25PNEqkDbUaoOkePB+EgUJ39RtiE2ct64X9400idUEM7HyFOtiKJeVczm7B9b8H2K+ZQ9OKAvlNR4coxphyGVAgOOzLavjFgf3q+6ygwsfH1lanGOK3iW5dXYEoWSkSXTLraGTee71hyR+t/ztOHz9NFHdjJ4AVvtcQyNz7C1rPSnNso/VJ2GgEnhUfNnHRjswZrNuSGNMxZnBIvxhUkccdNk3moTb+Lh+17pGlnkSRMx98a3nrdIz9uUE12UD5U1rMF2X4Vk3kjYOZXaaQgQspKSsGwnJrcuS+oEFxVIGOf7y6Y0zS0/ZOpj3djqkVYQVmI7bGAX4SCuOdLZNJecKj3yiqS4TZk3aYdos1wZdidPMAg==]]></Encrypt>
</xml>


2015-11-24 19:41:04 debug :
------------
String:
account-ticket<xml>
    <AppId><![CDATA[wxe5b18b9bd7e3626b]]></AppId>
    <Encrypt><![CDATA[DCV6z2lVw0+Kghky95H7I/jduiGZtDMD38RuJOcUsiCRRTtvR3hCQdz3ORp44u+QaY1J+3QNEimQe8BFfsSE6xw75nXXkSLhGz0dkIZqSIBJZnpcPGfwTnTwFMQnf4AXbRfOvqzaytPLXf/Os0/Qucs8/PJ8GrVOZbkNmsLaUjEuJFUlHgq+W7wKuY+0zdZ6OYzuFuNN56YlokJYxitihyhV01u/oOYDdZDOCXhXl9H3Rw+VQ6explBK7RePkAO2+9ytlLa2wR7OaMe/DqFe/TnzSwHTmlUi6G3xL7WB94iM0SHp5KrSX1vxOTv3B3TH4hTYRjM/raTg4T4uVpaKB15qPxHf2dYAwRmZi4P4XbF7f7EuqZA0j5HPz8kWj00X3mw6S//9iirLVAA6cuTHmvCx7Lm9v2LlDWPefcEHapqxAcxFTmAbdgzRuNKluPB+YApBlrA0EDwSWQi6QYeiOQ==]]></Encrypt>
</xml>


2015-11-24 19:51:03 debug :
------------
String:
account-ticket<xml>
    <AppId><![CDATA[wxe5b18b9bd7e3626b]]></AppId>
    <Encrypt><![CDATA[0jeguR/FUgCqIqV56AYrR7z7odM1o7+7VFchxRbf0K9ZhHDw93yuq0r0D/hXxmLuCQ5hMQb1mM8JHV76oLq0Q0eAdrd8OEyvq5VK6+9RPhyD7mtLWCWmzgt11ObJOcN5pV6M8v9S8bdOZMr9n33+GTuskFujNWcaymnfGdt8Sm/ZBJtiXR7DFq8kLojLwzg7hRfk0BHR+9y4SF+KPFIZiNiUSf3Sse5aN6v9sX3bfX8McTI89PGaLYaHbkXWCnd1YJNq44/jEoIhaLFQ32uXO0lGcWWnR19Lp2I7L7F19wuSALcjoVT9R1zRwTPKl2dhNRUaTZEtd+T8qumqs7RQhvIbAoKakuOosq4NocCplZUCqEHXBzOOIqGoa+bx+XglK/Qzlb/adss7XQkQ333g8TQP5XdFlKK3cIshtQ0nJoaoyuEiQboBlNjcyAWsmxE3kryZHABr0wwDnb/WAeVsHA==]]></Encrypt>
</xml>


2015-11-24 20:01:05 debug :
------------
String:
account-ticket<xml>
    <AppId><![CDATA[wxe5b18b9bd7e3626b]]></AppId>
    <Encrypt><![CDATA[9giAzmAwajftdW5/27/b/kEJGDyWYbPh+qcFvTe1RZp/8nbNb/sNKUENHw2uVlN+J6iv7IvqTqF3NTciEalr2V3LKVvTHKufzqEvatsBveHg+pzEAwKbq7qd3w01huyvMb02YUQDH/iSOWrkDYwi7Q5fPccWlCjAqfB9EDlIeePuqxgwBX9lRHHnWTVnNqWarH9di1iMNY8Jv20DZn24idQ5zm97Mm3ncuOwRHWf4qIqmNP50wuB6enSWDns+i+951hPpec8FhVorKFlFQt2PLxztvn31U57PAwLxX8/4lOCpEbysNCWEn+FZeZnZoE29KuN1gjX6dpW2ttdLUmggIyRnAQPhOSjPhOlUmgnX8KP47c3Nv0quU9WQqxZQ1fUVr0vvCeKdD2REia5xpZXs34gSXJ7RuGt8hPgnglkpkLLM/WdSWQl4ilSCKnRkeVtTbRftQanWYYWvBvuEW2jcQ==]]></Encrypt>
</xml>


2015-11-24 20:11:03 debug :
------------
String:
account-ticket<xml>
    <AppId><![CDATA[wxe5b18b9bd7e3626b]]></AppId>
    <Encrypt><![CDATA[bz/bO+Mdw0iLHio6dwNgHVBAbHMIgWIaFtUSUwb7jdBXNLEvc5ndLESrChX5v2g4MM0+DvJZ9ielGk6iyMHPqIw7PezFu3Ns+YFdwmtXKGgqRbctSIFLHt92iC2oeZEyuwbmJ+lXPlOlTyKDO3caJKrk1Fzw+zVq6cPPlIKYDXYO/sduIEOJO6ePHFNEZM2OeZ/3l0F97VKoE2Rffz/ajCRp+OSwzT3lDDeGI3vNep3aooIyNCaneOOiu/hrVCx2CEEIDI6RCR46VVa3TgGq6ZmzWXxLGGh4UGV1qSxyapHr6aCSXcuDItTQUfsvvEo3l0zKD2zZ1S0A2r6chTUWDk4iAzarYU+SzzwhKAarryhU+dpCb1RL0kfABZw8kIrJckQpTo9qTTihwSy2kdZOOsfdwJOH4RO7xw+/bOfM3mSv6UfM7Fxg9GGqLy8kCckUPascHhip9ZIhT7JE9HqVOQ==]]></Encrypt>
</xml>


2015-11-24 20:21:04 debug :
------------
String:
account-ticket<xml>
    <AppId><![CDATA[wxe5b18b9bd7e3626b]]></AppId>
    <Encrypt><![CDATA[4+2+Fyx2mkHglFOtsqlx8TdCF8PLx3K5bokA/Xs+Jn4fAg13L0tMgqyq0jGTjHE/xkZDqdQY9yNFRAqYrGo/A8lzH1C8yDqkyCfxr25urmEAlFXToDmeRsFFoPYg7r/4TWuu+xvhFo44JkzjYpGvCrwY1JFpxYXInQOv7/NVOkjz5vkytHphJutCAD7i/iD+XloCvwb1xULzbP8EtYDaB/tFnmJnmrbyAYc3jZxIuaVDMhAv5UIWeTo1S2LoqOFzVKsydJDOY20Sc3WyNWtptCiZVmovOCAXFQ00CJ2pwnpPuN9p4XlrIjiHB5j5/qA9t5N69SjqP/y/3g0CZXTUb4DqIO922W4Bm9N9WGn4ZDhPF4aCCyXYGqliBrdRnstBm3VmNsTg8wCfgvPZ97/I4O9BTyIZBfxCkMAO2A22DanlF8v7Yzv0BxpkXZYJrrNYgOyZhHWdfHWN3THjJx2Dug==]]></Encrypt>
</xml>


2015-11-24 20:31:05 debug :
------------
String:
account-ticket<xml>
    <AppId><![CDATA[wxe5b18b9bd7e3626b]]></AppId>
    <Encrypt><![CDATA[axNLuhQ9u+slWFNq6U6hRlYLmSXmKSVPCUvZPwZ+A6XqgJMLCoo8G+QiB4KivmRszSCrx85tRu2yT99GjEfaOeWWzKfUlJLrS6FAaC3Fs381jms3FUVgUr1uOpgO5aTW5LikCmTDW1b2HeIJTkXPNwFv/61f1IFRsSySkcLDaOHB6DsNUL5vsL+kd21p00HD7kcsau2su3p+XmCG39jozxL28vSVXdFz5ONCbFmeKaVtpfLIjBDqfHKoQIlLwfhSBt7Znx268F87hE8CCMloR2FAQCMurgZBA2Jua8dqhBHszr6n8rWCiyRbcUKhTBVPXKDKO6OeHGmWDA0glQuSPEn2ylyzN7fY7wzFtQx4Sl7VXIeknSxLBdvYPBB+h5PrJ5i3Kk5mGOdSU+nUrY4XCzUUfWXWkxHqBHORTE5BGtZsbzMkURUBJoRYRi+pYZ9hvrNRB+5WvmZkaF9uLbqCMw==]]></Encrypt>
</xml>


2015-11-24 20:41:03 debug :
------------
String:
account-ticket<xml>
    <AppId><![CDATA[wxe5b18b9bd7e3626b]]></AppId>
    <Encrypt><![CDATA[GernHldExo0LLOhOvn4wh/0/izKwxJBimHW3oWUFquFWq+AyxK+qM/inJfZFyszjGl0YZ7odjk3EIivRV0hCt1jfaGVclHjKHTz8gJiiIQrEHr3+900UJtKfFVnK5rxorVdCjyyie5aNGE5HoXQNqkjwTf3RZiWqWVp89k7eoblCVkM0A8AKsYgQlV+4zL+T5dkc6A3gluchYdN9aJKHu3tZX/Ipga4cnnFtSdbsk/MPBKQgFxdXYYE76OS4epBj2DP0Eea1FI1zDDVfMo42a0MNfGaOvXjjsYjOxURI1QswUn6Rfr2SJscAxPiDtjPlg/gtbt8D/4Om5juw+5ufjyK0wiEz/EDU+Wk/yKB1tXtEGEmZYKM288PUMLzd+RFxe2Zcq+uLZHRT+3P6ORETvSp8HT9u50yHs8JnpepIXgkLVjCYDx1T9PQRPtYQXsyC2gvjFyzL555CKxvhdD1C4Q==]]></Encrypt>
</xml>


2015-11-24 20:51:03 debug :
------------
String:
account-ticket<xml>
    <AppId><![CDATA[wxe5b18b9bd7e3626b]]></AppId>
    <Encrypt><![CDATA[LVmXb+PLO6fipxrj8ozD3Cc8993Ku72RoBGqcAiU1O60gg4bIxs24ioHHIEzUmvpNIPAteAQsK62DsXS0pmYp3oQzNf3MSgJ8FjHEPaFwo9/kJDl75ulvKdHpR+GDkQOrY/9p+rSocbDejIgpZnPkJcXSmKvpSduYfJTWRUpx4cQNspzK1Du913s+V/fPOeQ8y3zluxO9ErUBqqLm8EqkfcYt+84irXLB8njT4rlWnZ/G2oL2aeEqBt4pQvMkBdVeIvSkKDYjeropdNC4fFnQbiBEKylyWJJad/DJFYXAclGB3JHm8VjXSwbMGNLOsyDAeUd6puNC63G3Nd6ZkmiAzMqydtxt7UYXNJh5swG6JEUf8/yT6wWR0edu6CuYTzoWczeEEQ+d0E1LoAH1nBRtc6pH411t3u89v8KVOxsiisyrlmOBASnobJ2wZXxA9xFh3gyEwT/uGe4H0J5cE1+jw==]]></Encrypt>
</xml>


2015-11-24 21:01:05 debug :
------------
String:
account-ticket<xml>
    <AppId><![CDATA[wxe5b18b9bd7e3626b]]></AppId>
    <Encrypt><![CDATA[xVSM48FZPt/TPPzmBo3OaXIlH1UMMc1/DoXW8QmM5BbiX3k+1CYYhFzWQtdKSn7NqXZyOgw4QeyiEMFzywtFXtTx1c0HDUMtXVgiWuSzXuV17iIZE8654zO1wnIrU24H4lhB2vQP6nK1MHRMWtQrI2XjDMpDD5u+3kVBnNjJ20JqP1i/PNkENTKkpPz1/jzzc5uOhNJo8jbjhtvp4WzXqlWmfYfPdybB5mSHnPEj6r7I0iO6fZT84GeReNXKajdTU9r9iTrTqt1RLCJUmhCW6seXjaHtAPvy7hewecXKku7Hj1SKvbkBBLTmciILuNe2OMdiKTD3Jn6roswRnlnsniBhlyliYhfPKdkKTCiXQ8dPzANAgJanZreEgBzuA9ZGUtUj2WB1yzYgejIR6nyJ0o4WUh4hoaK8JWDHR9y+Fv3vnrT7hU9FKt4nq0gUgxDj+UcHIvAwjF5yXamGe9IIqA==]]></Encrypt>
</xml>


2015-11-24 21:11:03 debug :
------------
String:
account-ticket<xml>
    <AppId><![CDATA[wxe5b18b9bd7e3626b]]></AppId>
    <Encrypt><![CDATA[0HYE2FfiY8PeM7Kd6feidWN8AageKvJ69+orkfIUzZgEs8lILbWFzCe7rWb7Wf8GY4jwvSXG2SeLDMWgLL8rbT4PV/pXpQ4nU6DbXO7js0kUlddnQxAuFxyNDAl+ozP8AHKTaKUk5LhoeZB3+nC9r9ikFuFdz/88vB/HFjcA7yBJwnaPxlqph7htl4VysyWnF1EK/dydxLnMNEYkh28rqvMy+SFJsSyZoNi4/HxFW/dmqHLfyJF+gzBoJ1cbx9brvTUpRCDL5aAJD2GfUmFVoJp/mCAQlceUz7YFW+16u9swf8hIPNrGX2dGSW15eVkeyUJCPDbP98bXKcyGjNAVhZJoQEHYgbmzXDH3LTS48IMQJjRJ4G38zA3ArS4dJ5dJbm91F2PozyPbxKvbYVO/I2Yy65mhLmyfb4G8tavfnUzpu7YbQr4USJ3Y4gIj79xfSK9eun93hQgYr9umtcBd0A==]]></Encrypt>
</xml>


2015-11-24 21:21:04 debug :
------------
String:
account-ticket<xml>
    <AppId><![CDATA[wxe5b18b9bd7e3626b]]></AppId>
    <Encrypt><![CDATA[CAAG3BQpSOw6Qpb/v2JX+/Ta7PyOI3oZ41abGS7erDwIVyGafkkQnYNrpniOD02YoW1xt4pC2Z4OtKc6O9LN0hPy/Y4advZrmeUVmpn0L1KaNdPa7oMR069noCmqoGdu1ZElYrWO9E8bpAUlf61YIlv5iu0ZGQwPnN+WuQ1x3MEC4OUCRLdRY122d7SmpeNoMmnmJbA07YiJPFlvojZWK0rKIfGuZB41BXhaP9Z2MOZV96w29RD+poR1iN8UFBkvwdJgn1erAaYrZFu3EJSglFLKg7VNFSzce6Y8o6M7FZpitZvrV4qEtfDYR7h56IsH0yJeQeN051CNbGJTnkvwuWhJIsxxqnkQVuSsbokzmY6uzbcGWs35kjyd2ZMprlJ5oLyR5v6Wldqqqt4ND5V4zMvMHi635Rf9wp4ZzshQr801mo6cRYyBY19f6Ui68n2IKbBnPAH/0OPepVSsicMiyw==]]></Encrypt>
</xml>


2015-11-24 21:31:03 debug :
------------
String:
account-ticket<xml>
    <AppId><![CDATA[wxe5b18b9bd7e3626b]]></AppId>
    <Encrypt><![CDATA[UPkMV3PJqrWQRHtOxFBOfW0/6mNWBtvL3vXHslKMwMI/UPNnt/ex2DXsoi5aE7IXyjVfIoOD6P2beK0CimL9LDqhochizp5kJ42odRKSjJpqd6aZMfq1F3uwUczDmz/t+DtRKLI9mtbUW1KSJaXQAW/bkhyn3B0iT4UcvKg0bKvhaETte5+0qfwpgYJTawo8bUbzX/qHDOQhkkn52ArOlNaJfkk1ozunKoCHcYHy+z178pccjQ93aXcP7zO2aixi0UR5DK9QY8+zcf1NA6vx4HvEh+INVzH67WVLj7BTyQsIjuYnjUJONv1ZbySMeYkZmfYEk1igeLjCow+euGoR5rAmzJCtd1x7d/KyEGnuCU+2JePT6U/qvOkqd1hSX1+kSwadfdicxrxaCNMQKP9YpCJixiQkk08Rk8MHQcl4tvp8G7kRznsvkGk1FJT6AHuyoa7ce4fVUKsHGXVDwhOJWw==]]></Encrypt>
</xml>


2015-11-24 21:41:03 debug :
------------
String:
account-ticket<xml>
    <AppId><![CDATA[wxe5b18b9bd7e3626b]]></AppId>
    <Encrypt><![CDATA[gGgJ9iOJdmQ94I3QhjPtQgut1k9x8lSjMgwPfSPkqiKD5mAFL5pmNuVV0AnHhChmiCwelB95RuZkd3d+g5scPMLa9j9JXNb/CR22BRLUohGCWXBA8R00Rg6RecK2ZYd6kURX0+aKUi5oCMiNTyysdC3Ysuq85mxV25Mpw405RPmEWslRB6H5oePO1+dWU8+92KJvbx3LgEGw9QjpmJqWhLRJtQqhgcvDk8I/g76OkqXHWhYAYfX7X3XdgvBy3xv/PRRfo9/eBrEdUsh1S+KiEVpfa3YHhQOta2QA0u5z0sN0u+k27WopVZscbyMCycPl4B5Hu1UnYS69mwhpBasAmUHBtuzEpyyoG0Jt2y0wUGWgC+mtMrXFo2fAJcP+zQCmIQxDii5ox9rhQoKpUsZkqxtwuu8zUbMfT0cfVwyVnJCIYkIDqjME2eVeVOmfdtuko+zj4SPTxew7CDdd2udohg==]]></Encrypt>
</xml>


2015-11-24 21:51:03 debug :
------------
String:
account-ticket<xml>
    <AppId><![CDATA[wxe5b18b9bd7e3626b]]></AppId>
    <Encrypt><![CDATA[N0tumjhVqHd+7kjWW/egA5BBkTxsW3KBAxSuFEW7GLQ0aDxXG/IeNdtwZEt7RdDmI3ZctBEOJJ6/UnpjIjMngeQ+HfEktWXmgXKFyW1bZ1TJqujTpJoP+oxtAkoLdRYjRryFAgJpi1/jG0qvaycCRA8Qbb7l0j7lU/yOHToaVjdWbEYtd8ahsLiIQd+jzEHx3vx8M7OUENH5wPv9EmO0F4sY6yNb/MpZrj8Yr3I8uChtJ/6i6+z4uvl+nyzhNQwxzBWSLOndEEkarlRrBEhrZI/+uoPKTkkHzk1hpy8qscWT1cFWahBma5d4773noq7TQBUmA5cTb7iiGu8oD5rdCF1oEvaefns90yAzdcCQZ3BxKVo9Y0GANj0V7oo6t9OLSwOMbhXc24FL/WERhWpDi9xKpAVxEx+eHN0Uol+LsY7igb1BKq4/qp6S0RaUv8vVNnYzSH9y8FdXuqhZDDZlEA==]]></Encrypt>
</xml>


2015-11-24 22:01:05 debug :
------------
String:
account-ticket<xml>
    <AppId><![CDATA[wxe5b18b9bd7e3626b]]></AppId>
    <Encrypt><![CDATA[ctYuVq3W1O2YctEh03xza6aBTS4DZQwEArf3fCJZF5aZMPMdX3SVTjXlNbPZC9FPjKLVE0QlFVPUt4xMAIiPSJdFCHal9yktQXkChq5LMO3l/kYUIr87jUKiHU/K87HRNMA4DN5jSvzF1Bl2/YC7JI+TUoQjSIezc/CufZuChSAio1fveyJzMdEEjX+iJ3dOATGWWawz4yNm6ngDbmAGtcpXulKy3U+9lyKJhdl8mAz1T5GSLKcIzVhrRvHNXW94e2DhXFH9kaf089wOjSxQrWeoGziuoNpG2RslELCTHROqzn55nzWnt9zsYEAMSyISp3ggjq0IgN4ELnnRfxSrHj3yNgG9u77nb62S+8JpVAKp226DZKcIc4Ex69BM0JNfB6kmyzPA5JJILLojBvvyjOmZ++2FtKb/wrSD7LKV67CTBkS/kX8mgUUH+L3ZSJAT2+T3biVWFycRTGKhjjL5xA==]]></Encrypt>
</xml>


2015-11-24 22:11:03 debug :
------------
String:
account-ticket<xml>
    <AppId><![CDATA[wxe5b18b9bd7e3626b]]></AppId>
    <Encrypt><![CDATA[CtavdYDPGqGd1Vt/cQcJPPFyd1YDu9B5LqeXPw/aaDU97v6y08fciuVenzlAcVKBzeMycDE9+Stk5A7ZEUnmmEUbjqydUcULB6axE/IkYlrtG7JYyuczkAIK1RVdDrb+lZfFrXefqyLRINuREUCQWVJ+owh8nnItkFbyoZTg2ejbxsO/X2fu3v1F7gq2OlTHcuUulRr7CfzgTiaHYagMFlnX7IOXVQeffaHU674WFO5bv4G3jKKP+3+RcPP83PYvowEJx1cn04n4rYQWf78W+fZc97yp8N9TPTTuGdkrgRtRnxxKwxVOeG8nZ0hmu7epMbkK1Z/Jas8y37QqMHb2qnI3R7nXE4TdoZx1J2skz39Qpgh6OGElXqnDoeDOqMWiexLG2htx/ZNQT5likeA9DyOOz6jDusNGX/1n+BE6w/asAtWAk/xzrAf6ZF1VsYLbT0+bGjfn00Mmke6mzh7ImA==]]></Encrypt>
</xml>


2015-11-24 22:21:02 debug :
------------
String:
account-ticket<xml>
    <AppId><![CDATA[wxe5b18b9bd7e3626b]]></AppId>
    <Encrypt><![CDATA[X3UxbY55PCb8CSiCtTINrTbu1J7Uk31LjF5HfcK9Qtrb7ryj1ulfp8d2Mw37vt+edL21m7eMoV7OkQSrsOrxPO3Bb/LYGr05gN+fSndIIjKg4X5MwHEkg0MB/CLDlfdR6Yyz4jwB0OfQ105231Tqc6KktoAAR6ZdZuser9FbA6QNfFqMkN1nv3rCXU07kOoQSOkXt2kQ44IglfW82x1cScXeMbT1CWhIGrP89rQsIT0vB45zbOeRSaqP+OiHJdwtgQMRbpUFxOdySKVw0BVPklXOlXhU9mfFliBYSdv/jHUL3HFYSCqMYC2CyxeInz0Y9sGKeNvY/+PVk2CTgw24LFcvouZA7IbsTTe/xZ/TuftdkYyY04O06kL/gT0sGet1/jZ9SI4auQldW2F2tL9UWvLnFn2J5IpT0Zo8Y6ybt9HV3xuh7tVnx70ApkvP6Ll2p3ArzqHMra1pcJZ6AnaIpg==]]></Encrypt>
</xml>


2015-11-24 22:31:03 debug :
------------
String:
account-ticket<xml>
    <AppId><![CDATA[wxe5b18b9bd7e3626b]]></AppId>
    <Encrypt><![CDATA[cYiPWutSEhqNV6hrOYnqJTZBuEqHCoF97AxO0DTYtDKsY7FPxUTZVzU2ta3MwL+2XsJylUM6aPDgHCyU5AIYmxm+aMuIy3fdfPwxqBDqlNNisrxaCOoWiljok+/1h7HeCk8lP4pLDNEtlF8C4DxH+V2m1xMae7QRwby9O0nxEtXnkorrcLfti/Dp9HrvIZBrRVow6Czzc75Lsx+/sCkLwWt2WaOuMolI33LwcjXeqVzdd/lBHuzojidw01CiriQw+kSmeboqbhw5eXTwkxF3Ul0I1TOSRy+0OJRHDklnB9elkxtfsAFGpbtGM93uEdukIIopSSddIn+ttzIPpxTDsjn0n5jd4BakUpaQKpJrjtjwJ+V8Gibw3vHovfs84E/MQfGpOmE86LyT+9i5mGJiIdwNISw7+wlc5uwOHbnAAEKCXfSyw7N02R5MFGTzq0Vi5/8jKcODTjfKT3prREdWMw==]]></Encrypt>
</xml>


2015-11-24 22:41:02 debug :
------------
String:
account-ticket<xml>
    <AppId><![CDATA[wxe5b18b9bd7e3626b]]></AppId>
    <Encrypt><![CDATA[jEhUSxljz00JJlnfMpFvggw71PlcNRU9v8ZKbgUNlwMFBzFJtgPtDMDOb1modh1s5QB5T/w/T62ooEypd2wCr/UPKXvxdRTHPD/68A5axoggFr/mL+H6evkZHUR7Jp7DoCCC5dcCWqWSOlbgYn1kCv5tsRpz7vsOQjesKgDAbxva1Ct+e8EK1FxfrX+bF+ywAOvwoHkZ3nRxODXJkfUEzA+HFbk0Q6ijEnhCNKzqX7esYv2de/X8TQ/l7szIdkGDofUS61Pwhq9sfqWXTeHquAx7UuwdABbyjLEz+jdj6cjgvmUslrtoU+0bZhkPdkGH7UgaxFc0khQ928RJ/2V4SncpXPFRuUKcEFEhz1S7Gm4wW8yXTGsnWwy2Ea/oUZrcMYrLGfUkoI+5gYgIxwZbU7IrQHl+im3iNh/fzL92ifChxWjuMRbDUYMqQlwWjXHSdTQcLQ2Wb257xrVWG+z37w==]]></Encrypt>
</xml>


2015-11-24 22:51:02 debug :
------------
String:
account-ticket<xml>
    <AppId><![CDATA[wxe5b18b9bd7e3626b]]></AppId>
    <Encrypt><![CDATA[O6zyewg6d4n8U5JKSpmSaQn4eBfCNIYKfT3fPJstKZqz5KxcEw20xsbSG5JVQcyUUAphjc8QyunqeS546EExPfPsRJF7sGDDrO0A7vbTkROchSFWgp+VV4T59c//EghH8H3RESU3iYT946E8DbtSoGpTJQ1yV2E4jrOUeJIxfSDYqiHrxyRFo8OtdMl4EhB/ueHR4nqwpxETJsFRSunpnEsB2u8Ei5m6aktoOUuNzdv91rH1VFYkMtnzKg9CRoS55XrBrnnScQM87Li612HNVO5mu/P88F+5lcafIMS9VQlbWdO2bFZtDX25s5IEBdkTgrfUqnh/T3YBLbKtptZhU4j5Rje8x2yK6imYKeiKwLZEtcyCpHMGxI9SznZgOnZUO2yZ3AcYnQ9sTS64/x4FNoWr1eUUXf928O82fjVMO2f3btROI0+C52qxbK0B4Dt2XegQpRstBBKMuTgrhJXn9A==]]></Encrypt>
</xml>


2015-11-24 23:01:03 debug :
------------
String:
account-ticket<xml>
    <AppId><![CDATA[wxe5b18b9bd7e3626b]]></AppId>
    <Encrypt><![CDATA[jZv7ZtvjFoVEADa0NvTHxiH8ZDfiCT4FyPhjk+/L9QTvzavTWJJE10646+8du2wlkNrJjNGe69rbXwOpsKDv03cjISq1vyLwHt+71lWxStYKBTf4L58y3DuDRk0Z2j7MueeHm0yT0ltljlysLFmpCYlPK7XN+4oTMyV8tl5lj1Ks7JenCfTmVMamLkFW5d8nUROHP3JldZiPid31RSb+FyTKc2r3JaBXk+vZi2pGWYl/0yvic5/lcVmF9UPb/bNeBq6uhSPRxlnwrDvJT7Ee1bctA5d8YEbnsxTI0lIHs51bi9oAFxmDKN7Mr9rVg2x/lc7zTrd+BCe9UKdO7R4+BWlVqlttL2rzXfZ/CFmxsg6pe3Hkbh0Zlp4/vOFgvhoL1oIHQUMCl0AyiAyQ2AyYB1x7MniX6VTv/L28np9wDhP1qpn532TgaI2s/mtpKU9AoSDC7Fygrc+pXANhbxjIIQ==]]></Encrypt>
</xml>


2015-11-24 23:11:02 debug :
------------
String:
account-ticket<xml>
    <AppId><![CDATA[wxe5b18b9bd7e3626b]]></AppId>
    <Encrypt><![CDATA[mEOY1iNddERFynZ4QShvi9a58kZvr590/CPgLuwnMysJ5QfzlkocxWLvNqB7NksmEBSbOOmyJVD8vzzgPZpcwW/qhispauNSJdIpkD/BQzsSlJj+qKfkAergm8SDcPXuOflA6417nn5WHAYRIQaZb8vHgcFsdHKpmVfXm9MNH1f9Lizqj4olmeonQWk4qU9bs5uKKSabCKkbC6d/JDuIYWjTb4mRpy0lf+wUxqfC1JAkZOD7XEgXkm1fn9rGu9uHF+5f/5xa4hwTMIbUuiklbg+OuNfg3eixEaHKwqDc7Xezps2eq8rLbfRKy8FUVhWuiCeQqY8I+hdidTTN7jaH2m+j1t3jg4NpNBOeLGAhjKBAxzrY9OSUxeVgW2cs1z5oytX6uhjtakdJiASc081Ap3+y9oL39zaf7e9NIBrD7uXvicFrjdCjI2CDEwZdpMUsW0hvZrTDVpzy1KgOM5ZP/A==]]></Encrypt>
</xml>


2015-11-24 23:20:58 debug :
------------
String:
account-ticket<xml>
    <AppId><![CDATA[wxe5b18b9bd7e3626b]]></AppId>
    <Encrypt><![CDATA[2JdMMoCbCmcP82G6TJtTQTqnt9fi9dAabrjHlopsSY2bjvdbiGny6xMA30694l+PszRTYdL92FxjV3BkAA7/1itZxFpJAvt6IpAy+viE0vDdI4n9WEgx9LwRlDEa830nmGF9XVfPqbQk3mBW9dC3m6sgai6nGN/o2KSjDskH6IZydGfxNxZ4NwREnmLWrXUaA2HkcYBZjMbBXzIVf1ydU/qwa84iNz0GPvSEzPM6hrAQJ3y0mkQYvqrnhgaVAVURhpynWDVRG8Y6nvLSFv4yio22FrsQGDBCEBYBsVi8H/UfZ89z+Q+tmVqogoThuwkUrzHPHljiQewDfdXt6r9094T8KuM2eQUclJYTTeNSU6DL0kYKKqDlIxQrMxr18GbCqo5mFB6Fl2DMbvk9uP/HN8Q2cCSSC5t7YLwN7A5hPdKLpbOI3Ov5zD3LIX9GeyE/DK2z5nGwMDYT+X93RsJbwQ==]]></Encrypt>
</xml>


2015-11-24 23:31:01 debug :
------------
String:
account-ticket<xml>
    <AppId><![CDATA[wxe5b18b9bd7e3626b]]></AppId>
    <Encrypt><![CDATA[6N/N7j3wZ1dAYw4kPE6X3t2mPRyN8xGGSUmS/XtwIyjfAGkkqYd0cPJsPwiFgYwKSvkGeq54izRk8FYAmLQUNJT1PFms4JdsH1t0UDrhJ2ejOISQ6aSRpm0OJtPca6UeUe2NASNFeOF/8x19K2vtKHwIP+uK2N5c3CI0ig/vTzDhnxLO2TBkWSYRSKpr3so15wYiubm1Lzkp0pcufAS5oRVQavSe3nTVDdSQjvQtoZWCv927Xh5/6sp6/zO8ryrlyTv5lIwxTZZYfzfRFgppRV/Nhq6odhheKxgvxY0iLdmCfxdqP9M4LWaCIG1Y5G8kV3P3idGfOKbY3jRha0LFzrx8EgveS73EfhUzRpMqCEJOS3hRCnUM4VjOsL6nTRRjAINO8EQEuHB0XMZbjlyKgrDPvYtLulv0wP0QQR2UQ7aZ6o9zcG7CNMa5ZhJrapnUEBWOuLvJo9Et7FRJeNiMIA==]]></Encrypt>
</xml>


2015-11-24 23:41:03 debug :
------------
String:
account-ticket<xml>
    <AppId><![CDATA[wxe5b18b9bd7e3626b]]></AppId>
    <Encrypt><![CDATA[2j6El+iH+6Z+t0r8+5UaJKlabGl+nahDC/K2DCarpTgQF1xUSfGbe2OdowgDBiv3GAsMizuScHMf9sXQrf0y6n+dYiE2knbBULj39RBP5QQ9gNLUBY/lr9Y6/3ofLyhyssYxwY6x3Hb5YC+x8CfVx2LVw8XO6wbHyTSi+geB8yP8DvLuAa4gePoUecIoJtCier1XafBVHaBY2SdW17R4T2+/DesvEf9qijUgzAKDaFNNs0WKYREiC7eojSlL0MkMNYpS6uNYNbYbhn3OR7cYuOarmv3xcLr6PRbvvPubppAxLfosO8bycZ4NRK17YxWwJ7JNjd6ypCdyewwKsJwYrVRSg4dg4d7l66Uls65+H2zLabB8gTGefO6QYPijIcdFaFrtthD2EuDbYWceR6OW3Q25/hLQc0VCR+XmZ9Rz6Hy+yAY4xmTqSFmNbrm8BJHXv9k40PYMPg4S2zloA2YV2A==]]></Encrypt>
</xml>


2015-11-24 23:51:01 debug :
------------
String:
account-ticket<xml>
    <AppId><![CDATA[wxe5b18b9bd7e3626b]]></AppId>
    <Encrypt><![CDATA[RNbGmwrOEntxcSTY53vrRHLhhYSzNxFVBsUh5XedbH0GoNyClnPOV7wwvNi3DnWH45zAluWtmv78LZLXQ1SGFiMtvxpso6cMRH5YY8xvc/sCqqD+7vZDfr3y/Rpbj1yCF9fFUxC9KcOz2lHjT3/pkrluHgEFkAj+nSg4mVEkYW5aPmaI6kaQzCqPeba/Yn2VuIXcza4eY9UzU0/VV62kOxZezrtCD/WVGbOVo/ovqQ7+tROSjgkzHMWimvobRgEm8En9RNlZ9tGjirM/eMXp/GP160Jb+4PmWWNjzCcSUP2bG9cM5k8DgTwwfUXaQqwe2n8fJQFGo2mxDBCSH4ryVln1+iVcZf4kwjJhRze1BWEqRdG0dqQcCfqObjzFKbqz0jB/Ihd3grnrHD+pBYl+bUL+uwW+S0ij4yZpZI/UTRJLWQVAX69OPCqvy2PmL6IxQfjztlFC3/K9Vs3ZqGhDfA==]]></Encrypt>
</xml>


