2015-11-28 00:01:02 debug :
------------
String:
account-ticket<xml>
    <AppId><![CDATA[wxe5b18b9bd7e3626b]]></AppId>
    <Encrypt><![CDATA[2gIgPDVeC2kMRMyUk3OgNlz8mZ122UC7kMaXhw01F+EaKsEvxJ0AwAmFeF903YUEWIq1La/GvRN3cI8IZMBtUDblgtdhlwon1bu2M4nF8f9WWhGuHLEgen/5YmBFaZgZXlar+MJJQh4dGMLZabiD4CYXn+oxtTSfdjMg7IgwzdS6l+Rc5p/oxzXYl/Ra31HA+P6kma+kKkrZ+fFlIHa3GSfgJsXFZxt6Wv3exGkheFcdVrEDm+yqkT2EEIFeG3XibcebXKRLkjCS66VhaUKWFOJhW4lnbGi4zvdjVbV4dKhAzGsx/RFqi/v63lTjmPpO5Gc4u6FSrNfJSSZHqo0XpvYefEoQUAUFojGyjw8JF1G8ol9L9jXw5PAue5a626Q7D5j3aePidMXchHIwbqYL+0swySREP6TEveShBWJlk83VuzRFmLMyznSpm125PDwuGA+3OLEl5eB6KJLy+EARFQ==]]></Encrypt>
</xml>


2015-11-28 00:11:02 debug :
------------
String:
account-ticket<xml>
    <AppId><![CDATA[wxe5b18b9bd7e3626b]]></AppId>
    <Encrypt><![CDATA[+4oLNpeDfPmZBB/zprrYlf18M2tNHlDQh3J6NiIFn7+xwXdA+uQuniV4OqosdiuDHawUdB93erN8vkiyuQ0/PiTLp/T8fiWd8TiGyrF4xAFPxZMrDHaQXXc/u6hZu7PeWliIZD6ODS7w6a4+b3KCj/lBhcUU7rA7JGdxGnzjVZifmCcePWFxT2OlVM3nRffIdj0sImpU/dGGsvx9BGiP+XfZ0fD/JmjPu1RPRy4rrINdFOiwuTA3FPUWnCrbUIkxIq7AIsP769w7hhIojq0HzbGzNSgFNosuovEYyNLsDuAXayYzTS/xLrg8VDCQeLjM8eVb0cI0nX+NBoEI1XAIDvUekJLASNNONRu4KIY/K/ROSXcIpKRFyB0bFRMgsb4md/Cmu//jr3NYCBsue4hnrqmRzAHgolklTHXzK1qis0go67TadmvfXtzXNBIjhBhwuS2Hb0yLEwxs5IpVb+LDOA==]]></Encrypt>
</xml>


2015-11-28 00:21:02 debug :
------------
String:
account-ticket<xml>
    <AppId><![CDATA[wxe5b18b9bd7e3626b]]></AppId>
    <Encrypt><![CDATA[EKeqtQq10SC1spk1yeH4/hvrj1EKBKwBZ2DT0m6osBaxkGl7ZjwCx4ecLRIjfxQrQPp+Psby2ehesauwmN/EUPmIOW79j3IQvXfXDmFKEE8Mkq6sZoHOfYL8Gx3TcrjaR/YqF5lN0SVPWV8xMtYsHXtVVT7t0130UX6fScI2pdc5y8srIDJIafIdwJHsUtB9ESO1L4Yjw0DJNwh9ceAha58EQ97sMdtm5pgJSq4tIIBTJNm4hf6rnsAkwR2KyOYUZyjPVOeyqWCSGdliiFSGI9XzWGoYeypVVD+D3cDKdAjuh56UzJSnwb1KlhAJ0FotmPZwxh9O7cJsOGp+udLwe1LSWjB8wbN15lVuq9v9DXeibjb2G7deT/XXp91h9fQeDHXj8WwCz/B7HkWo7y8cxghsJca0bZnRg9rqlIdtmFafoKTtfD2WLKNW4xeGt0CRAght+9OY9Zx2CeouF0yIvQ==]]></Encrypt>
</xml>


2015-11-28 00:31:02 debug :
------------
String:
account-ticket<xml>
    <AppId><![CDATA[wxe5b18b9bd7e3626b]]></AppId>
    <Encrypt><![CDATA[rGM5mhBYes1m/cf6rBpAR3tTutZt+W5BOjbbb2MUvxfVQ0n+iRrovY7Cofs1zhNls6lYOY6ct91fd94VLJ62BwPldtirOiVeIYlOV6sO7VD7zwF/oW5N9zHflVtTppnFkogkhOKmyT3xbuKeBVK2/ayftUsRknbcHnVEq5gniZBY2TDA/OqGn3v6Wg8pKKSA5bkzMh1Pf/J39nbOaVRbvrGmtQWLbNL64W/eHmDagZQZu9Mt69LtRaa9NAi83qrTyQvjVar9rosZl6BNe9+njoKR/JHluwU+bU9DqZ0tmksxF3pn6QM/kcEEpUGyjQ2Pb0lit7J6wWuAxcE1n3aWUK7oV1InfZEWSKpsL+6CFjRcPC6cQWKzHJ7cn1smt8zMdvbc8MRJFOOFLXeCbAC60BboRtuvP0JRNbLuKCC4npQtsNXde1xM3xjL7Dpiu2mILOyxTfNENOTjgmxx17Uffg==]]></Encrypt>
</xml>


2015-11-28 00:41:00 debug :
------------
String:
account-ticket<xml>
    <AppId><![CDATA[wxe5b18b9bd7e3626b]]></AppId>
    <Encrypt><![CDATA[IYafu6joUm2IX8J9Niy4kWM7R/FwMyjbxxepLBywuMdtJnK5atWnK6artgMO254BiF9BeRwqgi1WPA1RM3Apfzooxma82EeL9BVpErZLRm0mF1uLX3GOkkbt1VDEz0Haqj1PW5v2Y8rtCEXeJ7y3NcMc+DoA9jGjHbrvUy918Kswdlu0JrygsSazaE8Bxzcg7BFV5JIWIgLukhtKbMGMjzzxpSZpJufn3uR8hTrrVZ1FaYFYzy4+9JsB+/MSmSOWX0ffmREwlKm0MAiA5wZhgkUAKMpNEAKk77Mc5X1ocsgy7St/mxbW8FjeiXd+2BUZ8CDTFQyo3AWmXz2ZEt/GEOPWDBFzaJ+3yu/HCqAIv9rsDrP3ZV/D3ucGkdgubF5Qz0/yBGV44NzbQVneHOQW22CegvQXo+k/dR3ZTKGLwU4RVpd6/2bnO0wlyVWgVPPZvf1ZfUtGRV+bkNZ8K0Bp8A==]]></Encrypt>
</xml>


2015-11-28 00:51:01 debug :
------------
String:
account-ticket<xml>
    <AppId><![CDATA[wxe5b18b9bd7e3626b]]></AppId>
    <Encrypt><![CDATA[WrKWA/JF2SOUCkdOeWx/0gcVahquHr+T05w4ycX4ZAyXiY1DClYEMHlcH7qC5yI4w30CyRpIL09c5+g6eJfxwiBWa/fWdVpEXTYjzRtHcWiOoDkeC8yamVSPfeFUoXGD967vTrYwhtoJVYXTAs7j34mSmpOpUdLgGOeOvXd6tSskECoep5WWHdKEmhzhnCYVj/PFZZB/Z1Qwk6f2AGrwbWf8NZgnaezs9y7AIlQPJUS7qLNXlCXYt5O1eSujg+aI0rADhH6eXYMEfrZf85MRuiPHTOK9GOuDNMiq8lFEfbD8OnxPcR/g3PjgI1hm1pPSZTpVBl6YvtKdx5sWsH/lZWKTRs9d3XNnUe8iEUaqdn38ytaLioSPMA9PzuS0QJsVUUxx3LKTbqAVJsDG/WVYCw+sjLcvTOd7uA9kSyWbVvQLbY+e+bt02+9NGh5SNE9qxyxpN7oHkuqzD2tP6KnvgQ==]]></Encrypt>
</xml>


2015-11-28 01:01:03 debug :
------------
String:
account-ticket<xml>
    <AppId><![CDATA[wxe5b18b9bd7e3626b]]></AppId>
    <Encrypt><![CDATA[gHXhozPoUSPLNklo4oVXZctVbz03xdW2KE2StM7CGis9yd947qeAB6+powPtE1DhIUi1VAJi7soa4TGF6iEABmxgOT38WCjCutv2dZ9fRG2VVF2v2DWdvpizQWg/dkgHklqGmEFJTl7lhynegdpFGILf8cy/pCAOaH7bP0g45MC8k+Cbp0w5JvdnOL4iErbAdb+nTtWt0CB4HP97yKdA7UsInZV5Ohs96/nJT7Q3keNWJx7JkSgiFsMsuoI0a/YnQMZ37Qy7+ueWLDwsYwXN6jv20gJLJuYtmiMSr3IlCtzPty/x6m8NYarhWgc465b9L022t+sRGoAQ8S7Em8Pv7IWrDtITaoJ0jvnyNl1e29QwlBSLFbTnWBb7uzvrqg86BqmSVBqEg6eWoe7zFMICxqSbS6J/gr7o8Yysw/iBTQynTm2BD+L8IElZA1+u1lrG2vmR8klkolnoHC9GFNyRxw==]]></Encrypt>
</xml>


2015-11-28 01:11:01 debug :
------------
String:
account-ticket<xml>
    <AppId><![CDATA[wxe5b18b9bd7e3626b]]></AppId>
    <Encrypt><![CDATA[Tl2GuAAj2q7hQZDzhbYK1wi6sOe/xAfhtqi+I8g6rwKneFFgw2PZt5/q02D5iLi0kUM8tLQJR4/K7nHH/shcmBBW4GP3zWhLiRNFEjzDe/0wSpZHdPIyLjybDNlftdrowEF293K/KnvBcsYywtoT5GjI14+Q/luvq3Y7v1KIMM1bWYyHxSx+oEZz2G/pXpCFl6E6+cWWyRUHAZxadyMU+HOmoptcMC//NGivZEjJfBDyXGk4cTuBPmnz87LA1yMIOgTLkx1p2QXoT7rOYWhb8Gxe9lYF8qeDSmAaUbsLgvoJqxthJDwPgzsmLxI6PuxzXUgcM7lbcq6OUoUW9ujkeuOv5hl4ug4A3IsBQqhLTfnNEaoWPjTObTVDuEXj4DSvDCI5SGrb+4DF0BEAxt1EkLgX2n9XpjZxxLXJ/denKZcbJIg09i7x1d5eFKmcfSnYjnXjGBqsYFuW8cj9IjbdwQ==]]></Encrypt>
</xml>


2015-11-28 01:21:02 debug :
------------
String:
account-ticket<xml>
    <AppId><![CDATA[wxe5b18b9bd7e3626b]]></AppId>
    <Encrypt><![CDATA[hAH4MbshWNHQ2bAiich63KgjOO0FOPbBc9gwImIfPjsP2FhsB6nkQVm3brX46I8ZgtE4aUdjZDR70flHuCgdX911fcfQiPG5gmma5I2yTGwF9Dm8+o548QKM0gAbBli2rR0eE+6xVrydFgVJF8VdaGdyXR78WjZGjhigyEo3jWR9rhcYcFPGZYKPxOY+vgi+vGw1qRQ+qilf0lhD0ZxKetMA+llE3YYB/aMVm7Uc19TXr7xjJW0+S6pIEEahvsYczW3fO/ipYVSIU3X27svD7VjLw4LK6OxJEoLcLzf+6A295eeqVO3IDB8wkWe4FmG/yooj3tl466rfN7/hKqhJrK2o8bLZrsSHGrcEMkz+ygxemM0QQ9D9AsRLYVajAKQKTsYay1B2wmumy6u8bu1TNTf2KjntC1MyISetvzlLs2NegfkuwUiM7s2OoukV6sQYIqkhwD+ScPZLOKyfYQb53Q==]]></Encrypt>
</xml>


2015-11-28 01:31:02 debug :
------------
String:
account-ticket<xml>
    <AppId><![CDATA[wxe5b18b9bd7e3626b]]></AppId>
    <Encrypt><![CDATA[ByUK8fbCiDjr05PKWmUrAqfjbaF0m7xHU0BXKArRwWbGVD+C65aZjFjFsIz9WBSbJYqxfOY8c/Af0K1hUOW7ij8uV5hAM4u347jLa/EL4g1cvu2yCPKQE5H5sBC1kWNluwPI2nC5l2xel2EByzXCXU0UvISSRnu692uh4Bk4g78D4Xu+21lphIibf5CR8AkRwD4M64qOW9zOKUVp+XpSGMK2RAMa/g/Hmwav569sifGinNMeJ5555bM02MnLFkhAUk3Quw49w68squ11eXXzud14r74dFuZlDnPE3WAobrT9yzrFhSFZ3untrjay7tgSOlOBb1d+YZp+/RdTKBIiPojibJTL5hl5knyXTQMZbIE56+YvpNsKkzBATd5DqLlELc5M9US/sYQ2SyzozYBoNOuoTAgyITgVlFw/GwpcjjgU1gifJMigl56ltxXOPFngW7FJ5iHoXEThIoRlUeeGUQ==]]></Encrypt>
</xml>


2015-11-28 01:41:02 debug :
------------
String:
account-ticket<xml>
    <AppId><![CDATA[wxe5b18b9bd7e3626b]]></AppId>
    <Encrypt><![CDATA[8wWsiKdqT+TKu9UCLMsGKV+RQ6sf1fiScRdw7qGtxNV4sZVQSIqldtdxgAWmdonZ68QdE9/kVOUb5LH1uzE+eGW92vapigkGKQKuuNAiWkK8gyOOpY/2w36JU3v9JncVOZegPf5OCxnLiZrm4vW6q6eHC/xVsmfHKgpcEIAygaEb6RKwFNOno3E89fE1Xz7dBqXMLvo4R6987kRgrF80oWsw3fN2qlG8/Oc6qnYrrbVkPArX8RLzE2+VxRGtq+l4gH2J2E1CJJlapjbWnq6sokIuift+33XX9gZy2oEFmdR4tlVyVaKoMnlcick3NCsgSBT85F7PaiH5THKeJ+ADryWej0ieQ/ng7q7FcnasOpDGlnKejx4KbS9Gq5XIbvlUuJjGiebseoDOdVg1rfOes7st1/Ba8ExLt/uYAkYIxtryn45wEfpxyJMT4Y1CSSJFTDnP8n4UYZ/KlbmutAKymQ==]]></Encrypt>
</xml>


2015-11-28 01:51:01 debug :
------------
String:
account-ticket<xml>
    <AppId><![CDATA[wxe5b18b9bd7e3626b]]></AppId>
    <Encrypt><![CDATA[uPYdjMP7P213Xjt6oEOqMWcoZYQsmyMJlFwp0hCk5Q7PiM2Yt/U9e2f8qYZKUonJe3g8oNFz0Pf6atWgy2sHlt3EAyl2x36xP0rQFNxzlB1jlGDiq/JK/i38rN/s4LXmHdhdbHt5c4rPOtHSim4cGTqy0N8cQtveHLjuW4HzHWFGmvDEsAnKBS4uu7SjcC42M4/9tDbunM06aQdF8cDhWlo7cPv2Tsbb8W6TiblyRPl1Ki57wa0NRQD1gwZlBQk6bZFmENNQKFCbx8uyL3NzxYQ7UUsNf+KS4cs+Utjb+ZloieDF1d0+QoC36TUb9BWtFeazBNtjX4iEQuS5Cc5XN4KAVnDLv1iDO0PsrpKPEPKRkGVp6VkeE9ZnFO6BrJdWA93w0/9HQTGORDuXMaL5WAASd2UIKuGODQ7uNqW9nAdaiiTsLJyLTAIEL3q2Gkc1dMCMdNICma8t34BUkcoTcQ==]]></Encrypt>
</xml>


2015-11-28 02:01:02 debug :
------------
String:
account-ticket<xml>
    <AppId><![CDATA[wxe5b18b9bd7e3626b]]></AppId>
    <Encrypt><![CDATA[cdyRsbgu02Wr5KMp9bLoJVT9cI7L5a4vIawXVk2k4Qeha2B4tBgW10QuhuO61SMfNmGKzzWv+G1p+wVtmoxN9SND8cE/CFpkjnScQt2W5sPOa6WvGDVmjHWfhlVMTXYZHcwGXS05uPeWRyYmILtiwO3hn5K8yw9+STgMpkGTwtrcEzugpyuLCr8nN40MNIooRRK+xo8YciD8J38bBoMxfHlXLLHwVVTZZ7efKAbV14pzzNM4G1wa4GDt0rJEvR3ejpH4uia3PYPiB2sbeGnUs+3XWse9b5j3Q47Mrg6vABbqPfCJt1ZmN79IGlVKRWp/B29ZM0cvOoGkYj6D7hTW2M3pj6Gz7iPoejZodDh/QWGIK8eBREUY+k2Rz7f6CtxKVAhOS9STDIWUw2wUwPd1rGW370keE51tPGcBF+9BXZHdXo4wIxvtsCLHrRU55muMSo/3toRVQqtw0QHNa0P0nQ==]]></Encrypt>
</xml>


2015-11-28 02:11:00 debug :
------------
String:
account-ticket<xml>
    <AppId><![CDATA[wxe5b18b9bd7e3626b]]></AppId>
    <Encrypt><![CDATA[CXX1Ii7o6Fz21/FyzyG/+AIcabh+SgQd30RtyKKHhAV2ak4iwUPjpyoJqbwO1lihOzvJIsCcQPyPa08TQnQYlJQFF1w510+2qRDzFhLjdMHKTzcq8L/QLtKtXa82pWO4U8eZl9I218+9L4MCbUJZ9XOvDxNg30IHDQ+UXp89XY9+NU9zWWDtUZC6pzNjU6dgowpo+RFty2az3mPSqxZ/+bVt5JnVyKZ7g4vjfJ9Ch760SOqSTorepQwSriX4FUktw57u2AI2pIP/L4KIosCVy2eB2vvBYli4ZxA2epomp7MTxdHvenViNdhaZ90FEq6ArJx6tirzr/0lvXXVF6dOYZKa4XqaQBthCH3nz3HpNWobMYVkZFFMFOBhrMkjVls+zOqK8Joe9zawIuyPn3ZlVwQ7Ky4jb3KBhnnFHG0N3AlHHHaWOp8adFrquyY9VNUMsOachmrgyRFkKQKd7tOO2w==]]></Encrypt>
</xml>


2015-11-28 02:21:02 debug :
------------
String:
account-ticket<xml>
    <AppId><![CDATA[wxe5b18b9bd7e3626b]]></AppId>
    <Encrypt><![CDATA[JNKs2Fc10NfTZPUhOFx3dmRiyIlYEv6Ag4MYSy2XYCo1PdbYYNucK0qRkhvOaNPNDPM6BhbUM+FV4nJjwGO5Jm7+u4UdAsSGQz9j26oPuXfRsKM+3OGogAoDG6pKF2ZOgKZWk48f5SzC1q0C1Q10ZqLBskISCFUr4uBla+h2yvD2cV+6qwj0Rr10OaQ8qu4VQYIWl7i/Swr88jca6KKTfbNnQeaoN3cEvx0ZH5lcxE0qc0EkPsBkRw70bjFh0HsiyAVlAHxrRvbRypV/Ahyqgd1UN+tYl4nceUVGFuc/jEEB436lCrOZQJ+G/3y+9ENa9pncbzNoF8Ddk6uscIHnmMZBU/iZv++cxXep0+/bc5gRxS06Ca6Tn2gahEW0ykCTZRYF6FQKP3tQGrYaHZeyjbKc2QrZ9KNUePg+yMP7ntjYqkKKIVMahoVH22xRCwi5t6NdGDwLMEsBsmJrNbazhg==]]></Encrypt>
</xml>


2015-11-28 02:31:03 debug :
------------
String:
account-ticket<xml>
    <AppId><![CDATA[wxe5b18b9bd7e3626b]]></AppId>
    <Encrypt><![CDATA[RvixycJl5i35bDktTUIGP7oS51FahsC1wqpdIyKxAJwAS4/Ax7wE+y9ngW/WmXg2xLOdKYpToDqkqno1oY7mi0mzVu8bMDcr/kTptqqHRh/F36VxJlLUYjJ/fPANmoKy+idDqlW9jnEHe4AhPSsxCYY9Ses9Gowsnr7D5qVxIon/4tFdVmfpO6SUyvYnvL5ZjWdyF4KBMA7rGdnAqzsmEI+41ca5y/lsieY9RIJOPL1XZmPoEgVV0jbztwv/rpfi9TdvTd5u9vxTDG1Lfc+aCtwxIfEPgtrdlH1BU442TMl0HomiAw3dpo3wb0jDmpv0sqg/oWqc7VMw7Yv33Z5TYg+AKn+bfaTKw6BY7nCWXCknRAoAop+SahFRisc600mYE3vs7p4uuFWipd10mPPYV+OAVh8ERFFElbU9jfRl6CQgkE+I7GOKUH7t/WV0I8VTjb6hbAJ1N8wrLuWi/Zug+w==]]></Encrypt>
</xml>


2015-11-28 02:41:01 debug :
------------
String:
account-ticket<xml>
    <AppId><![CDATA[wxe5b18b9bd7e3626b]]></AppId>
    <Encrypt><![CDATA[TiXEexe54aoaCcKFe1B2eyoLXfPzVgcXwP1Xyx4JeB7MeNQd8pxev8RbW9VZUYAFPL2AtqnZ6vCNsqHp2ALFXgNtLDZu1I1GRmyKZ2jqZijaS0qRrVcOW3kkBUksEXe9WKRl9w7efcsIT5oeTlh0o+z5SBvZT3aBRxrB0KOtocfLydK7+BlF/I8Sb4AxVzVYQwlacE1k5O7p7xAjqFexQd+LISNNUmDgK77+/KvOs5/0ujEWUmJC4PATvgZINMNFneCX3uxaWhVELju1DmPLSZ6tHq5A2P5Da+8emeyzNjuSE6A0kdAsfooVaniZghZcw86ttnro3ceNuaKNW9tPqrSsi/EbbX6vaXX91kZdUPVZgwGBlO1yw+r++sF0OYkMwyhVpVoK99t1VZ1kRbGvw41LobRJ1cV/CHBKtXKcBb4Rrzz0+ORnIm0Ve3uq+/jPhRYRwTK7y2J4dFThuQdcNw==]]></Encrypt>
</xml>


2015-11-28 02:51:02 debug :
------------
String:
account-ticket<xml>
    <AppId><![CDATA[wxe5b18b9bd7e3626b]]></AppId>
    <Encrypt><![CDATA[oSCaqTAAp0ilIPG0Tjv5fo90Mz72ruQ2rnDBcrB/OeLtituCnKZrmRh3YELkeJ3QojBFquGtLpIIzyeLXlstvQj/vxdlUbapfUru3n16dBTBjL4Wtum/dUzBEzJIL54UfKZUUk4lwpf2pxbIzaZtTlejvwQ34Wx1wQA+8KafjCewNcdIS2LQqY6dqXQK1lUqe/JNvGe6k8PvYbYz3slBVfXjN8KLSVKocvKsRwhM1L9nokOSIlujY0xbUhVai5lzysqQKEA9x2tAm63sPt1GwADoeM7I0u/9h6SiEWON+yP3exUG4Zd5Be5W/Z1HWTYWS58piAAHEKI0o0RkZrvOXhzmdmoJnGTMpDFxNEEiNrBaMf730wosYKN83r1smISuLrfRpLVg+D8dArn8ac5Ey8VgcXJN5lW/6XCGhJQNd6mwqRuFhJKGfhE6i58BuA967Zeevxm+ZAPC5B9c8mzzWw==]]></Encrypt>
</xml>


2015-11-28 03:01:01 debug :
------------
String:
account-ticket<xml>
    <AppId><![CDATA[wxe5b18b9bd7e3626b]]></AppId>
    <Encrypt><![CDATA[CojoEnh6ip6df4vVk7MyJeGvl04INackMZ98OXdF3XvyWWi62snCLD/JfA81UeHamiClZO1FIACpizppxWhpim0/+BwfsqQLZaF3mKN0j03cz8zfHuNJ6hKbpSVPLyfRPcKcwGVbCaraab+Tp+BxEykhNinM/5uc8+m6S75/2X81Y4rPENjTFhj5u/hxVcx1sFYExkHD9Ks3A6MOC/fyX2KCn6/uIuoFoxXmwLciqJoej7LpT5I38MPMRjLeqzjIad0PJpk/D6aA0f60brA3NB1v0QTqxuUS48CQVCQlwVq+4rZVFbHCU/gfvJyGbuRJQN9BRPvcC0TAhX3uKnfUF2B8AD+kS+/U2xW9RcBgvmAVSt8ZP+HQQuLIskeiNfK0sdYjOkeAMiwU9sw3sQE8M3p7I3NYsP2rdkPHKANxEmajmY0UhmEvKDGRApG/G+rWrgd7ZC+UD3qdazQCivK8pQ==]]></Encrypt>
</xml>


2015-11-28 03:11:00 debug :
------------
String:
account-ticket<xml>
    <AppId><![CDATA[wxe5b18b9bd7e3626b]]></AppId>
    <Encrypt><![CDATA[oXWgkberq5cswG0Fgc0zuSwxleFoj0Zm7ujeO+wvI0qPiYickivbwqS+PJKoaFub1Q37MZfpbp5YYJTEugUC47H25XAli6ysgaQYygOSot8T80HzU92OkCPwZuVCf5FlDP3bzilraKhO0O4lBH1OGkyeKHgQ5EJGV/Mb1nR0XihcLztl4mIMD9p3UDIzRVS8XLzDz4aZzxdyJNo7K3xcMHulr3gjt+O8URn/XZybSbNYzGqZAF93NAqrRdXtAArfUwbClEbUwo4DiivYdoxuATnP7M3kv32iJNURWgRcs1EM+laTaTpENNiiHsHQX/F6eDLJyC5eJDnDxzel1KNThhBPrUE8esmhCfzKUjSJtzT9MmZDoF4z4MnClxSCe3k5uZXLvzCqpx6sxKeLp07fQbSCfil24YkfdAk+60LglWtIvVh5u8d1GushWrUOPglZPw+15/QpPctPjMbcwSnoqQ==]]></Encrypt>
</xml>


2015-11-28 03:21:00 debug :
------------
String:
account-ticket<xml>
    <AppId><![CDATA[wxe5b18b9bd7e3626b]]></AppId>
    <Encrypt><![CDATA[gvK/YUH5lKzbZMVvjKd/NT3BJozz1M0iQ/xMbZQ733gFXqVvUHbWLWKG1Ekv5/EWkh/bxLDGmjuGlvCMLd+SVX8rv81wveL8J48AndFWi8C2DUkR1UmPsHazhZDIkKDpMNvKJ4laEHcSYtwgy+5FTvOAly8QFfROaCTn9PW670yfc+JTDUUliSl/0VtOY9+iGhQ6TKFbGk+UUvij06FxdHHU+ghcd2p4kEqBksWOWRJgR1WU18fLRr6UNL1jMtKjQfp80yOf+IzfPp51tpC/PzDlaAqwmGAebNIHzMA1UD9Tfr4OCQdtF/snLpkhpLroGmtCWZHDocHnr65Dw5DWZvpD4nBT+eZUATxZ6C4cdWZ81lakqxTFZagi0YBJZxnmdEmzX5uP30lCU6PPqo1GCV5/jtrydY27MjtOH2UBgI4fely+1LTeM+psIn/kaFAPpbOyLxl1iUFw1b7N4hV6UA==]]></Encrypt>
</xml>


2015-11-28 03:31:00 debug :
------------
String:
account-ticket<xml>
    <AppId><![CDATA[wxe5b18b9bd7e3626b]]></AppId>
    <Encrypt><![CDATA[O+/3abKs8WjC5sV1fBeY+CvtUBsR1AAkZpf1Z42gM0zALtMRsgd3XtnqHKVmmXfzGYYKumn7DpZUhRsgo3TJ1RoeVR18wuqHhs2r+4idNHo10AUAC0Ae+eq9fBwSp7z73BscvOV2/TuobROCpSSgTfgTDRa426S4zNlNOYqs/Cf8ztqsF/junl2l6vBqQDttZNvXUPYxtWfLwogrigLY/7izdtlL9sAdt6Ooo5+5X5NOXZhTwJV5SXj/blZeT3NxENgxEM1dUY9MDYpIJjKadgQaayNFOCL2F+C/QzYWrNN42yC81wU+X4vfjFdvU0uINg+nraXPKCAYPf2LkB3vYNJZWEcxaH9laUYbo1cWx9OP2jKYla2nEvmEtNoqkgr2T/Os6xkfO4stcBz8Vo0YfTSPYXsgh4qAOo2e0yFe6/wpFxtAXSYgL5l9cPh9tt7SFVMy0E8cyVllAuEGQI0YWQ==]]></Encrypt>
</xml>


2015-11-28 03:40:59 debug :
------------
String:
account-ticket<xml>
    <AppId><![CDATA[wxe5b18b9bd7e3626b]]></AppId>
    <Encrypt><![CDATA[SweH0YmKpgQKC+nbjOr6NpAph9h8j5cwS+PrTmp2aCw1UJ4lnsdpZc+K3lpfS2tm+8wPYt1657pmgzsNwJVbe3bnRp70FbR9Jc5UoFAQ5eOAZu1FYlnf4lbkZie+UvG3L2R16fVbYlQm3lYKMg9DgfO5+EMt+4x1hSagJb796lBmxxP8zoD28FfDOL6dsb3NaH9PzSE9GnDtqGFFvWswKoMbqgaXKsfnYf94DxfmezmsOhoN/Hp/ixEtLvJ33ZEw1CY3NkFm4QvPnYbpiRfQRc9OAfRrYDxKlI5qsZpKGC22q4GueNNUrN9eQYYCWrMWvoepNyLg5+oktHFNuyMv5XMJR6+7Pz66OApqIviiq3yKCBRwVEiP+qhv66UZwfOnqf9ZASQ1nXvMnJq09JtbmlAKUXpkBTKehmi/TwbZNCbkNSfgZ0sA0JIBw9ZCcqeH/B9/s93OrK8fxk93EuwG5A==]]></Encrypt>
</xml>


2015-11-28 03:50:59 debug :
------------
String:
account-ticket<xml>
    <AppId><![CDATA[wxe5b18b9bd7e3626b]]></AppId>
    <Encrypt><![CDATA[idkmcO1yk7spgEwdaEkXQ+F02RqX8Gw57GdZAumqkU9I3dVao+IncezdTO+cZYj1CRYiuvuQxcrKcg/nK2FRnORMq6KXqJbu+Tnrwa9V3vWquAl+kvkbPbBgvVxGICN9aU3xoR0dqdWBW+sIEki1d1RQpHe0HFC4qKS/XcqSmf3qfeB066pjRUf3iKKrkiVauN8GaFQaN7rKFCGuEDLFA0n6iLb2zjVrPClJgqj+haEydQFE0d+yoazRLtl6S5M2kUfkxJAmGdfAeuVZaj06VWwTPZKJ1YrLwJoukg5mHmgySrgawfnU1tWy8gAqneoQo1CoEflzi/ixh5XFNQ29TAbZ40DCkKEG0ZHxFzAckK43d9Jjvpi7+GM5uPaKzYTUs0GTHzmofMTWoV+WrSm6OwOqei0Nrz2LjAKRVRRl9vNvuTIexLS2/9YaaT49F/uuzq3saV7tGUFPmTSe4NQQBA==]]></Encrypt>
</xml>


2015-11-28 04:00:59 debug :
------------
String:
account-ticket<xml>
    <AppId><![CDATA[wxe5b18b9bd7e3626b]]></AppId>
    <Encrypt><![CDATA[PWrAfGMa11/uss6UZi85WWrhqO1yBTUV9ynsMDy1Lthb/Ch3EkCve3NPZd8L3QRImllwR2ZC+uojOK0H1vq8rc3sRKffqgVDkIp4mYva3c5ZJPQRKo+Kmggem1RpVMI0oR1Y7T1ti8TzmMbfEUZuEB3kHoL59qJl+AJ6K6/I+KVjVSWxRmmCyZB4Z38sXIXr0rYaq/Ev2CrLvn19ne9JQLmbKZ3yA9rLKGXLWwvtZgVtGcdoJ/V9W2xhipXw5EdVPHROa2Wt55wxEWKKx3Ui/FXk+Wi9g3Ty1RxHJhhBZYrxfRyK96uD9aGGxrXiAUqwo0AQzi9+Mf45G9Ev0s5jn9ORgKvO3YJuWSKDe3CjzsVdRGOi7E9hrTYb+nnlNxOx2oQ247829PdpnNHw58P/twDBJh8baBE+XJjMzArPFnyD+fo2wuFNveqSutGNcJEsFxJWy5Trwu/lMHLd53a1Ng==]]></Encrypt>
</xml>


2015-11-28 04:11:01 debug :
------------
String:
account-ticket<xml>
    <AppId><![CDATA[wxe5b18b9bd7e3626b]]></AppId>
    <Encrypt><![CDATA[/apM8N5bIhjaZzex5B3FX5oalEZ0dSZBMnEq+bOnemdMHnTXomakpa0E2vfdpK/ZeBluKkZGBBlpgsJbJykry/qR5O0OdlYpMbvxs3m1PB+5jVSUA86AOFXDt/XCiV+YzjRrEBrAF7IddzYSAXUmYBX53yj+m7+p7QzO9aDfySToK+4Kfpx0S1K1cJthcF/zuudqgyIkrG2InDV/jaTxwFAu/XGW09H/p+eIAW+thulDzPmgtgWm1r8qhxBeN0AnYFu7gdxah3KaMWwNP0U7pyi0NYGVGmS/Ocb+pLGykGHJRxg89d0d9wPW4p+mR0oT6pOiRW/wHcY/+6Zm/XlznzIVXhfNGP7O963/twsTea1hxorxavRUJ89far0vBajgJaj48MVVpB7vV+bhTTFNl6SrtesThhpDlafwSnVviRtizPf6GdtiCRnuWTX1Sq8TrEVEDUj8lrQK2naz5cD8iw==]]></Encrypt>
</xml>


2015-11-28 04:20:58 debug :
------------
String:
account-ticket<xml>
    <AppId><![CDATA[wxe5b18b9bd7e3626b]]></AppId>
    <Encrypt><![CDATA[qvAon+4Z9SvWdW4m5h+q4b/D8X10i/kMEeC0MIA2oYdDiWbIdzvSTnN5bZndZsuA6V1jOvjQwVa9T3qZnxIJgFNf3YSvsWTyIqGEe9zSa7ctQOhFNCEjxlr2OVHFl2Bm1mC9IDXJrZOs93OucCm7uTSqVAJTmBEjc3lUR0thN6JqF5NV8pq4IhydOmVXiZeQByJNpGA2nm15hr1AWD66103BDOI8XYYuuIfNZ5D6gnJdxeOta2RPZqHiuuk17KpkIAGKBKRWfIBLS2U2a/axxc8b4eFnpPgbzhnT26IQSb5GMzExV70biZfogiWgTHFW17i7r10Hb7gHXe9xA7n3kMyOHQmb9nnCFJlTrdq9pYoSDHtc47ZaVnnOlVY89BTfI0JEenqzNKT53onqoSfRDWPwokcvXeaFgzbJKYUmYPWS+an0Tq9ufcLLaq4qnhwNO5cO0XM1BX25UZklIoTFsg==]]></Encrypt>
</xml>


2015-11-28 04:30:59 debug :
------------
String:
account-ticket<xml>
    <AppId><![CDATA[wxe5b18b9bd7e3626b]]></AppId>
    <Encrypt><![CDATA[DhckHelf6oaghLSQ/wDO3t0/xC1MoUt93r2TvHxY9c4dKojyGBGRsFL30RNfbBjv1R05nJk7y4JznbHhyRS5pbSPd86nlamGF12B3Jm0Cha8jYFWPaffIxmHbL5UaxwHUO4XFxtE2RInJmUYolgvwilhKs4ScTsbG1Xy6UGop1wfDuNNijEqD3wxPoeikaIVOifJR7MZgL6a1jQgvEI5ReEmJovrZMof86lUArtzfyvhMKXbeOBCPgo+EeDs38EgQN6dpuyqv13VkoqUFUfDgy2vE/FD7DdqmnB+0JaJ9GKJahyVyu5tnF31TeEtbbGKV4XMyt+8MFH9/BIQ6tBinye4jyvQUkXPBysm+9x62s/DnCnSCxCb+8+vj+J0fh9uh00zuG7YzvaNIFCwMu+pP4QA54pSXReMqExzuVPaf9zt7eCXIiRVxGk3O11paKZr7NReuQYI5AUzB3qpeD4ZWw==]]></Encrypt>
</xml>


2015-11-28 04:40:59 debug :
------------
String:
account-ticket<xml>
    <AppId><![CDATA[wxe5b18b9bd7e3626b]]></AppId>
    <Encrypt><![CDATA[q03FZDw//W1xxKZ7FxFWKMPTvXnN8xLDNawXm4/6OLn7oqi1Qbfa5zORkqPRtmKFkSxXaezQEAAQsE1nKfQOXNzXtw+zfw0eOqbNaiKh+lC6bDCf7XAFM1Y/tZ/BweUFomZM4tQFKvhevh1msY+HRkbnhzcsyvdwvuF+XPEyPpwsMC4QQcGcM2VNl7aNOtiymnUn/Vz9lCBHfdatdbkaFHLKPGPCnX+K7Uw+TntMSBmYaqdT3nvFoM2cS9eWv5rQewogbAU8t7LBy3cwghXR9WgyfceJlXZ95XF2JOebhhzqCGGdzUM/Nt9hG3jW8FxjPLPVMXtrS/gHwx6P7fzTT6+ScnqB56WKZSXw5ykd6cmZQ6DihNF+PC1IS9CMPIOpTBj9fTmnjH3wbzgN8tdSMsH+qyXnzPrp2eWAvmbbkKqDXuwqzILyj1c0CgUlDs6MZnEvvhG3snxBML401LmcBw==]]></Encrypt>
</xml>


2015-11-28 04:50:57 debug :
------------
String:
account-ticket<xml>
    <AppId><![CDATA[wxe5b18b9bd7e3626b]]></AppId>
    <Encrypt><![CDATA[eNSGw1kgaNyXXYAGxKxW+goPGob/yw3p3+ZibhvHG71r84jDnEA9a3S2GlGcxc8Ctqt6I9lCNitlBtUMxMff9/aWF8ZTyHUDG/6tHNVXrDkkwNNfAHlPIYGgnI+BLtuhWzxJ43D9Z9AbJp+Z6/hHz83ZavLXOpr0DU5/ctsiMYxeRpxW95rQ8HR85Bz+5b3z0zZMFTvfL8BXJpKm6qlif73s1VWxCe1lHIOLkYszckQI0Z3j7P0i9Gni8YOQ9xtEgC4kNfFFPFO1jR3x79cy8VprAqHXPaAnG7ULzYaZ0clbFeYXvpzsLTc9ZYadLWUQ3/Z+fDR2t7+1HkXqggdZ+7wCPh6kgRzt0LcXs69eKiSodAeFUmXbZyADWnTS2TqDVFDLYvuX2c/I3a5kAHjqiIJ/9WUK1qCYUa9Wsuuaxo8tgqdVjegTMAiShntvb18DGoccVTbqqvIe2SF+8/H2Sg==]]></Encrypt>
</xml>


2015-11-28 05:00:59 debug :
------------
String:
account-ticket<xml>
    <AppId><![CDATA[wxe5b18b9bd7e3626b]]></AppId>
    <Encrypt><![CDATA[IlBtlYio/HP8m8WJedsVx736x/G52v2XQNCN6j+baS4G7HmujYqTrJ4bHQEKM4FZYoBtRJjLzJav0c5SnOIx+vNCqDcX3KqSSbah5E/a5jRNNe0SVDM9tDsMPwI3bxcKJqOVnAEomil8vROJGVCQKFnbAcLXkKHUKBd/8mPoG+NGLkUVjeaTxL00GSy8PxngITFSoDgW+5AJEdlZMSRMOsz89zao92Fnuff4RPiWP4sMhqAp6GdsFyTAnrMXYeOsfNePn0RtrZ0ckhYrwFXsjvLVKPLt6BKVgOhTOB6pINFguTfRx5nDhVrksLNbvRulRgtuiyaC1J4DqbHy013XgRUZgjip6iMjXHRWTiFCXud67YaaTsKpDXWGX3vW4BVPj3I+oCw+ForfYZxWoOrwWe117aIuIyWN+BWAXsRmT/3FMmPqCVyxk6SZibTGUmdAswWEiIme5sM+UICXt0tnsw==]]></Encrypt>
</xml>


2015-11-28 05:10:57 debug :
------------
String:
account-ticket<xml>
    <AppId><![CDATA[wxe5b18b9bd7e3626b]]></AppId>
    <Encrypt><![CDATA[HFub2kXkyxL6qeffvV3dnFjdNBjS2Wr93bSNlqhdFjjkaMjBXOGoqnupMCYl+S1ii+U+da4CYMMJ9/SgV86ERpsETsWJ9S5neR94cd4Tp/ViI1I/+U7aluOudwI19OnS37NEgAo8/lfnrbG3RGilmrkbC94BIIq0ZC03QYr3LfUWWmeYcvkW0UJri97UpRRY9ZUNTzeZOcCSwOUUY5YU1ao5e8TjV3EsH8D26vLRapcx+X72lDP/a3FpsW8Xv/XhvsrUDvoPeGoiEqxaRCvWU3KuyoJzJVgV1M1d6up2qMpg18fYGL5K3U1urEShn0K8aitlRSroXr08jUO0/w9fIDAR69qu6Yau9Agcnu6rKqmHnH7ydoItVv2FWw7z6LQhXK6ewoNS5sIpBUzMy/SUhr4bJndb/IeLl5oZmyRmkIVTtnaTodSFO1ZkRtqaPZQo+GIYOHD20l38L1odS2w2Sw==]]></Encrypt>
</xml>


2015-11-28 05:20:55 debug :
------------
String:
account-ticket<xml>
    <AppId><![CDATA[wxe5b18b9bd7e3626b]]></AppId>
    <Encrypt><![CDATA[JNxFqYHGI+ZKZovdRhutfVeovPH8WF9fk+CcLmb2wD8q/BVnx0qTdI1b/nmjGLHpxuoLwU03t8WIExep2umZDuwVPdyCUywgaBOmj7f40NSpxX9ZPXZ+qyxkutM4VyN8vvvkRvmwtRyi0GYdULXwhxYw7tJ/lvml1M/jC+tMMQPmi2t8/tk04jlXMHjJQhHALTI683f/ELC7fIPun8F3cKYYyuq+hqeM+fEL5mE4CnOn5B/8PjioXNMC9fV/z4h/I7Z8JWGMc83I1MgtamLjTBtwbvqwSyTu8/EM3B/cVbZG9B1MgnU1EuLSZZ+sSRrxFWC2X1x5PUCO2c2UiiJWGjGweR7J9nZDRfsXqgZl921xv4VvTfaB+Q3zqhjHjIUuS1Xe9roH1d1xNcH9M1wKlZPJR4kNXV0/aOvAML4PjXpjdrUi5Nsvey2q0F2g/k3O1XsN1B/CW8m0Zrm17HOUIA==]]></Encrypt>
</xml>


2015-11-28 05:30:56 debug :
------------
String:
account-ticket<xml>
    <AppId><![CDATA[wxe5b18b9bd7e3626b]]></AppId>
    <Encrypt><![CDATA[UkpwrAFHC3ab1vkS6M2pAZEMhqj8Znxm7xM5TArPLSJwaZquDdo4wMKVIrVLFJCn9+rDUtWBcaBpRlPUlMbYLwqB7K+gD2gsCFcR4xtH0YLjuqdNyed5UNsqizxQnHBIhNxTdm1DE2Hd4fZ4hbJhs8jlEMUlb1ViJKs3FR3mP8p9DlIsmiKB7XLzGxg7M9SouulacfNzpProCFlThdPd5I6AYay+LEnjVD0OxMPSSEZtSzNCWJsDjNLA+8LuRBcyMtlqcX4BEaipxlgSzI+ZVxAOVn8YyLeMMPtpipVPQeYksA+QyVXNCG//5tnKM9elQo7wbtLQtOsP78vtxnyy7F6iQ9qYDiaQKL35NdXQ5/VLyTxDjb1ivtcKlvTcSYZOibpQIcbSE4Jb1UN9+1q8w5rUNpTe2PnIa1V7qXeSifRXGlKP9E+eJs0MDuARwLnIcodcckmsfNUKMMWyz8Te4A==]]></Encrypt>
</xml>


2015-11-28 05:40:55 debug :
------------
String:
account-ticket<xml>
    <AppId><![CDATA[wxe5b18b9bd7e3626b]]></AppId>
    <Encrypt><![CDATA[eJm7Mc6K2McNnXXvMkf30KatIONr2GFRCTSl0CQJna36CNtCPyuZPa0NgaRUhJrt2X15poLh9P//J6oMpSSdYANd8T8aufq/jYZZA9OHnJ+4SbG+04UIMJW1euirNyLNipJPWx03I7ReyylEZy4nTAYQVY19X3uFotwfgvEzF9ZCn3zmxGW0sSX5wAjIw560SD6dSoqBiVv0rb2K+JiCOTLhuaVz1a2AHDeOj2/NgIFXR9njaN0geb9w5nrltT1Yy+N02pwselXs2fOh9I1burfnBAE0Vkfuff4oZZkHwb14a2YI9256hoR6/ijt1IMAc6lzsycCLY3gYg8A2LejSmaTuU3jZCwZ2aW12T204NUezkE2VN2Y3cGvvGptXTsut1Ly2VNtslu5u5CN2PcwP6eYWwmwOqRBgeUVG65y3oEz0twrBBsMt1L0QGgzIlE9UBtg7qXPyGro6KhjHzFjNA==]]></Encrypt>
</xml>


2015-11-28 05:50:54 debug :
------------
String:
account-ticket<xml>
    <AppId><![CDATA[wxe5b18b9bd7e3626b]]></AppId>
    <Encrypt><![CDATA[JJoC8c0L0P4V1rxhJ8EWcIBSs9y3O5SGzuXptBceY/6kF2+z+d4KA9UMbQCtYuV32DHDAopduI8YVW47XeLejRQSWW5cnl6RBBTGbWU6fiU1r6wda39TJajG24rx9Tj1oXFeEkK2dwdelmVu6/sWG7vcRiPakgT4VsHZIVAZAJYxMUJCWfpAv+Zt5yXLEyqiTWKhBMlaaYTud30FjOjy92uniMxlqZW0FQ0cpb6nzUu4aI154E+NTXApWmfgaYNHfquhbOq9Tz5uKdQcCPvcZu1OBrQeYl0RNc6tMPWvB9AypKGMZ/Eo7jugCfGodrkOTWUWWub88UJV5Pzk2qmeAI3cdSYS36RpvqRQMZvoiNt0U71zTCcsj6hW3C2QFr2wI2ZXR3xe3wesiPltVrKkVP2PlfhRj65P293W8cP5VGj74H3TBSF6/+nG5aKq5N+KRuNUZTKUakxLBLUoG98FBg==]]></Encrypt>
</xml>


2015-11-28 06:00:55 debug :
------------
String:
account-ticket<xml>
    <AppId><![CDATA[wxe5b18b9bd7e3626b]]></AppId>
    <Encrypt><![CDATA[10vxqQ4oeb2d+ajIWbSE8jx3xZCeFdZzZfMgFiMwc6W/j09IrXYCW+4JOh69POz+zO8kvNQotiMv1CKM4693MWgqWObHVBIun+vvhEYRfpKP5LLCqafdoOQMv0jA5ms2jASjXvQezHNJDZlPlWRR093GukMjnH/PIXULEcKVh4Efz/BjYZdBpNNGajQ2NjUP/sjeu8BlAVDmZDhDkt7ijw9vsblhye8ynVhxnavd8+9KQq+r2e9WWWzWRuIPT8rzyrtAVzit5AnfJBQcDfYdnjG11Mo9wznuT8yEhXMmeQrmabBoLZMiwPmFfRUpOl1ldtCUY9Jz4Amkb1u+AHpZW7xuTHHIDx0x4v54VbxcGO6C/o79pkoV9KypZ2a6K86vdIl8VjePSip3KLD2hiRq4aIfRMX/rcqBe3nIFjisjNW6mfsUaiOKt3kfVy0/ncLmiMQXiCbzTsRDOXCu55ESMQ==]]></Encrypt>
</xml>


2015-11-28 06:10:55 debug :
------------
String:
account-ticket<xml>
    <AppId><![CDATA[wxe5b18b9bd7e3626b]]></AppId>
    <Encrypt><![CDATA[N+tGtPvup/2BnF4MyiDPhc28956Sy4wfmloDm0AnO5b4DmBE5bXa5uZORL03hf1xqriWFtsrnMejTUnWR9YBLLFXW5V4NjKJpu/WCuKy791A2/aMkBsIboWxjViti3FwqBMOfnv5aEWgqSoyR4Au4J3Q6U7CU/YusjI1Bmj7J/ub/Mb58RHjmPHpdnfTvbPNnV8mX/O1SUVG1VpGYJFKDHhL+0TQgNERR2KAqVqTgPdf/FxCR5Ps5I9mTgw5/bQgdoOvf05eyGEILWGY38LwNUvJme2xn3jnIsvc2y0sTS8WL28/iKot4Ez+WOZClLti6u69zShM6UFUp6+tgq4Oe1K0GFY0FkQaZp1M/iVkWtNX6vvHw97PWnVV5Vi0AqPvfUb3h3bgrzysxzW8VgCYDLoj0qBPiZcNbZ3o72Cyx5o1DN7lFwq0iMFuZwzfKYVEZDGM92ko+RDiOnMMfYS5cA==]]></Encrypt>
</xml>


2015-11-28 06:20:55 debug :
------------
String:
account-ticket<xml>
    <AppId><![CDATA[wxe5b18b9bd7e3626b]]></AppId>
    <Encrypt><![CDATA[Y4C8HYXOPE9AVGb0eoCadzZrn6Eg99PpGOXc41Csmlr1eunP2FFzBT7hGce+s66PljK1rWJRDtDXZWKYrh8lJUVaz7PMox0+NxAKwC04T/eeEtBLnz/FbNim0NQaKwH3VZBS+GQ7zWibsu8K/epWZtETKwmxREp1N0pG6X3mwVyifChbpN5/vdz9olr7vdV3HHjFW/OUkfceOxhZg++YFEqJ/lMXZgF+7qX4sBL33fAKy/EnHta1wdb4amY3upTRbueFj87YEwbmQ/YyCwiII5AV6oqdEPEScgBqbXgczVOcCLu0t1zdXfsKAyxrba/zMuDyaVLv5bwWpPcOZDbVsVCJj/DonCxzUjmWyBPy1ffPM6ZFkpOJ+uhIhm0EQnnvDLi+9Kk7uEmXfATHlqYal89CiKDOP9PeYFiBzm+EkSH4tQil8AyZ6qJE49TE2PL5Ps2HvckrotkmoKjIBy9qmg==]]></Encrypt>
</xml>


2015-11-28 06:30:55 debug :
------------
String:
account-ticket<xml>
    <AppId><![CDATA[wxe5b18b9bd7e3626b]]></AppId>
    <Encrypt><![CDATA[a33XmGdQZHp982km2zJC29X4gYJAZg/J3w9jAbh+MlI8UQM0KIKrMzv/+px2S4U9Qd+MYeOafJJY9jbkXmC+cFykTSKH57Q8caNjJBMJzxPZJUdg4Xk4e6D46rQFHQB7A//vj4IFyFMz39wGgWE0j37AxtbHWKHXJ9EcQYJCpolion6/h9cFi2Yzo4h2SPYbcS5EJXJfNc0IS2hy+LKiYVKWQCFKZi/xxBJJPtlz1wDDGSKnN/H1DAeOMZLrh6oCWZbDUNY6zBBc5CMJDWg8x436VZHVJkVgTevGATqOfOBl9XYuPYe9pVkHN6RnonCAdUBqbWSkBOpx0Whg6bw4AZfV72chvYGNXg45AQmGGUofP/FaqHMN1PqAAk5trow4zNZT0spj1EbQa0CQccWETMbTN28a+AVGSvtu6vtzgZ3Vfo7qH+WLAUGfMg2n6HU34e8lVimhV/qQarvfZ6Uw7w==]]></Encrypt>
</xml>


2015-11-28 06:40:55 debug :
------------
String:
account-ticket<xml>
    <AppId><![CDATA[wxe5b18b9bd7e3626b]]></AppId>
    <Encrypt><![CDATA[ZZCmspZNGjxhpoms8XsRxPuWhnAiZ6Slx/vScuCLSXXYQGFIF5APN77n7qSvo+eOjuvWmHGzW7bgGoQAWs8+AsI1Q8bFj8bCej/8/6mj4HDT2FV98FO8Mq7xwA+LagtGSN2CAVbxrK20oxNthWaV9RtaqI+QHBxrOsIylJ0dp+3bf8jc4xEcqPAyWls3PNEwVxTLy4Eejqwr23BOEHON+4VbzOVGdXokcr1KZZ9xgEDVTgWgmsvG8jFOXMqaqjxIDvPnOFQGEzmX+HRFSoii0PlTlGahKGWCFj92G0Wz0DryvDM8EFyVzvs9Z+Cbe/WO9zDiXR9emOKdE4sPUubqlQKll5oREaxSzt4PaFsIwtqaHipAkXMgxu2B6TIvPf1/CQIac+Qrrk9o2YqH3oqwNIbRx4sQYHxvXXgdybJ+K9pmdnb/lDHSU2TbzFOpbwoBNsAnvrZJKfmHaN0omiw6vA==]]></Encrypt>
</xml>


2015-11-28 06:50:57 debug :
------------
String:
account-ticket<xml>
    <AppId><![CDATA[wxe5b18b9bd7e3626b]]></AppId>
    <Encrypt><![CDATA[wrySDigAPKVo5cbcPdYzlyb9Z5RGUgk9XVgtZxASKrxt+nDz7M+j6AKjTQpghraAJGZADa+6OwiqOT+b3156Mek9QtpqCJTq/EBvA8Gni6aZYqTYIHtu2JWeh4GkHdRQ64V44pWR5ObXiqAlrXIWPjsPDUR81BH65yyCuPc29u9PY9AaSJ9WsNykf+fdRNs4PX2n6yhEs+PzDbxjh9p8TzyiTsMmK7CcdSenvu7xGCMPy+Q6O72hq9jgMHRj2pxMqKTasTJQHCt4cTBNFRSts2FFfQG+b0KGU6s3TUpG03XJXkjbaTWLaw3/MahUfRO8vwhi5K1vAB2qECKZ1Nv48QJCK7hHLAJqkzSgQhe1O/03j5hx63f11r4wZSSLvZR1YW5ElEwNiqtfNQXiaIPxshe+af3yuonQWYSGB9WtBwu37B9rNMBCz2XgE/wd78REBo+v/5qmZKZYAn5CIDSegA==]]></Encrypt>
</xml>


2015-11-28 07:00:58 debug :
------------
String:
account-ticket<xml>
    <AppId><![CDATA[wxe5b18b9bd7e3626b]]></AppId>
    <Encrypt><![CDATA[0rLdKvTtNIjH2F6ntg9wuokDkDlPZ8gEnQgTY/1Awx8L0v/MHy+aP4NwTX01AKDbH+w+7TOToEIFLI6SnAv4Jq35l3dED15MeYy/1fbtgjTmQlCUvv7GiMd4iyOMvJ0kLM5KJlGB1dYB1Emgwcip27HSFGKv+5+jMFwWzvrcyERE6LTt/0iAIpDT44V216VDyGdNMU/rBBJ1HI2F3h6UDwlljjXkjfNW/PJlUuyLMfchpNGLLDpQZkg0f4+ASxKHEvNZcWV6TZTDzoiQKaMxkGFVzETmbuibqbPOZGEyR/qXcJPfgTURk8EO5LmoWtZRAdQYjqz5hE6eL+6XA+itYTU4U55mFLuP4sI6506PifLxktZ5Tpldky2YuQSdZ7hpr3g2BMP+qaqFYmGjm+I25LZPEVVdK20FUeQ1CimNESoDH9ZKABGsji7f4Il63EU7ySCLlO8Og4rM9KCuFGKFAw==]]></Encrypt>
</xml>


2015-11-28 07:10:58 debug :
------------
String:
account-ticket<xml>
    <AppId><![CDATA[wxe5b18b9bd7e3626b]]></AppId>
    <Encrypt><![CDATA[GtJgXmbv4FrATnqULiMDyO0qnocoVNhWDVNPqjc2Y2mk3O92A/F9Qc9xzD9ctJgF6EtRrmdJYpnvC1EuL92yR9fCmw869/jBN/RTeaVmf7+YsBstIIurpW70nNlWWMLfHDIrrGM7LTvp54v2SW7vfb+ep5suBMXy/yGcB9nUnbnz717SMrkEY3i30R74Wd18HjnjK75fEvK/lp+44iABezDRY8ikt4wl4EcwsfNLGUJ0i5KA6Ek22yPFZGER0Cgu2fNgzvmlZKCFRfQcwmnRoeaq1swuLf4sdZKtoadWkZvu3T/aq8YqFe1PMCUMl3QeqQbZQOWl/5uCDwNJxWTxHaZfgear8R03xYIoaEwP+yRYzpNsBJwlfXjg0W7Nqk+FPpgElLc0HSJ2h+2YVJQPOV0ZSXSE/VkEZ3OenU34C4IimYXm4s7eHgPdJfN0AolC1qxFVc5rYjxmChEuY5hrVA==]]></Encrypt>
</xml>


2015-11-28 07:20:58 debug :
------------
String:
account-ticket<xml>
    <AppId><![CDATA[wxe5b18b9bd7e3626b]]></AppId>
    <Encrypt><![CDATA[XIKnNR2xymEq5o7KPCqeAhfUnzu7SOCgBg77vEw9dW6rrFoUuqQ4NAhUNa5NIRFU4JB1wwhZMgrArqW6/l4sNwqKUxW87CaABd6sJFceO32+Q81iGxSlu1Tj+SBIF4VJqlkBo0VucMFV0u7+U++A7xNgKmtAWD4VppMTzkBa0nPdDHHrKwcmROl+fsIL7vhGLwCetsAEYH6JZkrOTspsEK1ub0n/nMlz0y9Cs9Wmdoc7ojxM0qkTgMB9Y68sAuO+MalbpVWar/9kbn1DbsiODX49GZPH3c/iQkM/OTzT142iy38+m7QuJmdiyBglytw6I+InVQwbTdDuqPlzRAgWIFeUGGPsWuK9VWPNfhxRAdNuFH3A6nsKrVbN79hOxjNYcJNqyDNth4aX32+bKpTmuqPN0HjkTSoDjMAFHqHyl9N6Jb/Uy8Ydq1BSsndAss1+d0qURHuTU1Dbs25giLeOMQ==]]></Encrypt>
</xml>


2015-11-28 07:30:56 debug :
------------
String:
account-ticket<xml>
    <AppId><![CDATA[wxe5b18b9bd7e3626b]]></AppId>
    <Encrypt><![CDATA[HmBWL/gRehu7HNPO8uIxTb/oGIexASbwnJotl9RhDwXPjEHfJIPuE67r0mu528KKOy6U3tsUL5r+lWHH/M0NLywx4s6xLA11UzPXttfzaQ+4t2sDPIl7K+hfsAohxWwpfLsuQVWBh29TQpIZ1tF6u54vuFPV+4FtwAkSGNyqqbgdnIm/HCk4HL8bn3rgL6ADOFMvF0w0ldVdYYbm9FnGonFE+HtM64lm4X3DN8iUejUhZF5u4tmffZbGOghdxG9h7+jeG87bBzwj1vqk8SHXcaNZd2fKjbE2oc7tVQ0kPWUhxPulOXwsglwukLhwqAmDbg1uayYcMRsU0EK9drwGtnA5qQAhcedg8wtqVq2EPqfpReU/rLKeqGnQAcERt6UXcKnyG+zscyrg3uq4m6VNHAylNlYqZuHJHb5EaqJ+t0sT41oeGtz/3qgRohiS7cd9fHVfmcITDcTjueruzryVmg==]]></Encrypt>
</xml>


2015-11-28 07:40:58 debug :
------------
String:
account-ticket<xml>
    <AppId><![CDATA[wxe5b18b9bd7e3626b]]></AppId>
    <Encrypt><![CDATA[q6ExPmPdsAx/5CmyBU/r/QiTL7SoCoEi3+resoJKcRVsK8WRXIPkFVWvU9iYyWfEqkQJzQU46jYSjjnMk+t/ecmrh8db6ZaaPEDR3FSTWqn66m/jzUcwXy3H2sz6cTqF6Wp/ip8XQeYyfZXQ4WVa75iAt19EEnSw5Z9YHgQ307sc3N8VX9ckYFkMHA7F2Aoyj4+hqukpnI6idYntfxa7ALHQ1khH2K9QjJ0OCQNJbfpA6xkGipy855wRh/WVDnlnBCrr1Fm1i9RdZ1NLGmyr5xyoYSbvMYQstEjrxgkyHj5NzpJIEh4KDLxxFTTQ4JRD1ABRPNiQxj6fK0LW25QV8r2S/ZWofsFS4/HrHYNEdVDnEyiflV/tamqn6iQw+IBrTddZ2PyZmiBZ8iQF4fbV6ClDbYdYOvsckP4oRBOR6Mg/7ncJWJrEVEGUzpkDc2lfqBV50NSU7JJhvyzhLr/a1w==]]></Encrypt>
</xml>


2015-11-28 07:50:59 debug :
------------
String:
account-ticket<xml>
    <AppId><![CDATA[wxe5b18b9bd7e3626b]]></AppId>
    <Encrypt><![CDATA[sVyv2RH4UnDbA+Si22ijlX9k0wGkeSKPUFkYN/oKi53v2XlHrtW47Nd/RvyQgD1SvG7mO/b0VDCSNcM0UokCNHgU1txfRJhETaBbDHYLtpZEcZR6FWcI/WtoaVTiVZ14lnmeExmI/Oi5wP/SzfzQD047cJ7ZjhaH/3M8ZStArvamzEaaq+smJZ0nZbloeRg/CgnXTqixPBumZ5jCINhMZXT15H0jRZ+bkXW26PTCNUtDfmS8/h9BnwO/k2CCIrq5v/l1DMyOLNPI0G7TWHtxCyIjc080P6p8y6V9TN1CmtVsDHdOoefPD2CS5K6x8EvQJ9GCK+oVoO1netrkbgO36W5JpRVtbfRcFnOx1yenHB6ia9wNL446ekvCmWm3d1fgqSzTycSlNDUFy5mPR3822NjRd4ZYMSO4HXSmtlNIZMS37/5oiNy3k9jzts8IQGZ9ABpUORqq3XPv2PYiAw38sQ==]]></Encrypt>
</xml>


2015-11-28 08:01:01 debug :
------------
String:
account-ticket<xml>
    <AppId><![CDATA[wxe5b18b9bd7e3626b]]></AppId>
    <Encrypt><![CDATA[PQ3RWQ4D1pCI8LkzyJSfDoeFIlLYWXjzgvI85CNaEZBNq6sGk1zmNs/SJDee4fWKx44KccJLEvAwulrVPlb3inpLkNQhHylLMqpeiVN20RqvrJWKTq9UTUR2N0q39tXi2e5LlERyDs2PV7flYwD7g1yb/aLgYAZ39RJopEFpv2LHnz3jEedy8CrRyLGLfSvabq5Ez71D7jRMmwzvaapU0+IZPlqZDYzPjjHDU8+FX2O0/esD6EJLBEIY0icTK8uNVI44SVxFOFRjDDaRPQsr5Ps372WMzK/8GisMcCbZM7nG5tnZUkR+UehVMEzRf12XUFmd8L/AbR10DnziyLaWIcfi0MEzuxce9SXR+mJRuFMutNy0ZYzZukfB0TI2302mWxrJSY9X9dUHi3pezf4rftj0H9LmOWDmO2NfDDWKUK6reJh4dhHGerLa8Ih4t2MUOJmFTp9L5zJHKl70qlJBpw==]]></Encrypt>
</xml>


2015-11-28 08:11:01 debug :
------------
String:
account-ticket<xml>
    <AppId><![CDATA[wxe5b18b9bd7e3626b]]></AppId>
    <Encrypt><![CDATA[UfrTYL4EcMoHDpNEw1ZjcMIFzkNEJ8l6ROKhp4YSYZMDXvkuA1D/qPDPOpAzJRxRSPXs9TrWZTfFe3CDmPFKJsrZ7uGO/d4s7FTZw0RE7z+B4Di6fxXmrophgsyWbKpNpczstb2CI8sE3JXbaYNybIbN8TIMYhl27zlFGjriRPVFKK9pEGAgK+pBr3ocbA4KPKNkkO3280SljKcr1/Nmj/eD8vCu2TvbpLg9Wm2iFtEdRYQbXrnzzAd3xebB1fx7rT27GXTO0/OyUPZ5b21WJdqC+b+dcJD+fjpfgpUFiSVRJckAWzllniKbPbw4SS5Ye9rcSLaBJGgoKBoz6v5JC0vDjoIyGnLJYg5hp8MYcgs/0zWdrPh03uMtPDZKURdoNeL8CDx2Q+HjKLyu4BiYuiHXkRGxzObEc5CTCegRCEXlfgCDJeeteevAzLMaix+xspUnBdO9HB974Ean+kbkQQ==]]></Encrypt>
</xml>


2015-11-28 08:21:01 debug :
------------
String:
account-ticket<xml>
    <AppId><![CDATA[wxe5b18b9bd7e3626b]]></AppId>
    <Encrypt><![CDATA[SqEg0mQgsVGpvefosqEZqub61i15c61GLfm3YDvhJbrLS9UTMs34QDn1cPE/5eiXepVkdQHbYWY3KLH1fj4MtGV1Euey2sn2nGxArAl9WRxQnxq601lhKHrDxgKhoCKXted62c1CdIjOPA6upRcKJx7lp5QxqTzAQ2AWrUJuBrVj5+fCPyKNUnpIGUh7zU3prMirdGve0Dd3a5ErmH6/UFi4e655EszetusdMYxWOdvkOgBm+DH0/6N6IiL5+mSdHTsGtrgH/MCZl8BGV/MWkuKbcnkwZvYFm8+/GkRyLiz8Rw55ZBzrRkRxap0IAWLtWa5KBn/WTUcCYw5KIDk7DQ79sh+7ij1FdudIVHs/yrHB+bBLLjVBr+vfgPMEc+uCTa5OoV2ZqxeFeIhtqIU3rpOiR3zMNvNGRH2iDnz3181TfdnXb43ns3B6MBAFpp+fhm4ogQTMTs0Q4hvZsxwDKw==]]></Encrypt>
</xml>


2015-11-28 08:31:02 debug :
------------
String:
account-ticket<xml>
    <AppId><![CDATA[wxe5b18b9bd7e3626b]]></AppId>
    <Encrypt><![CDATA[LuyhZ6HkIgepRdWdi+SGpVMnaZU67S9MEjPuwpTvsuq5UfYwNIXGe47JzbfJOh2ImpMEkD5BXFdvQs33NooyV0557dM1WRKn7m/25Bx2kJqR/U/eGzXanI2MG61Ddtz4Gwo1xCdoDp0kwX9RYXbrTGBEqSG9778Ler1ei+4mRqP/OiXaUcQBqU32CH4D6rStACh5WH7fDIumXL88vHe3WHxv7CTIpWKSAjILvrJBqEhS5gCX1zLHLSrihJ5q4lTDixBLWQ1fCaC0PGqETjQ+xr5KuOBymcfxZ2/Vtd8EIsyWE308PwRXlMDhqV9wd7M0pSz//FJ5MJGAZklPmEIwSLZ2X8kuUlFcEZ9wBas1701nBd9uYMKT3FezAYM2dQ3D6BUmTctM78zBbCWgXL4AYTpoty3XYU4N+SiTDFB9elAzt3nd2CL0U1SyCFS0lnWegeiPhuZEqXwRwiKWCgAZnQ==]]></Encrypt>
</xml>


2015-11-28 08:41:03 debug :
------------
String:
account-ticket<xml>
    <AppId><![CDATA[wxe5b18b9bd7e3626b]]></AppId>
    <Encrypt><![CDATA[eeOSsKrlaetO2wk58cCw/f0E9tBalBZ7HADRUC1y+EclX1hZ8oTKf1m7Lsgccr4hf2D+ImefdrpDjxugKSJdX7jRYlJTY/AeuNrFo1smXUTbg6HF1Y1UIVxrfMAjgrdHe55vAt97qZxthfXgOK5k8Y4X08oktu1KgdWbudBtPehlMolzOqoARugOO862G15CNNw2Ydal4yaN4+jLpsMRP6LJVsCX9jUIHyf+ZvrI9rQw0r+NZEG5JotJk4I25BbMYOtl4IJImej/U4RHmu5ZqLR6jAYTMpM5wrSiiPOJgfPMjdaMBc+TnFfkggxoTt5Dp5BoKx4m0soILy9qe/X9Kxk+CFJqAOmg+93OsjQdDp1R4+5j/t03cs+g2x+Z95teinssJkq8Ip3pUCChPis+MNpjQdie7A7JcQzKimRHgKHiX6GUhADr1eCegh9H4Ohm9HKF3BQ1AhcTP2t8e/QgNA==]]></Encrypt>
</xml>


2015-11-28 08:51:03 debug :
------------
String:
account-ticket<xml>
    <AppId><![CDATA[wxe5b18b9bd7e3626b]]></AppId>
    <Encrypt><![CDATA[C9bp03IEukZVYG2shz4tDVDq0MYhn9YCcvqwCoyyNh44VBwzQh/bzH6QL80NEeCL1KJXW7C1DBaVZh/Yy+OFGsnsVGXH9HXYX+J9OBk4IAMrFBN4mpDB6kUvIDduFU92T+t+L6/h5bqIoZcOKmyQBiDDYK8LpU+SMj/y8pUoEWrL08fJTpjPKCZ9bjozgRUgc7vWzAY+hQvxBuHgNaS4e2dH8UjWNjdAZe0wOc2KSseUAsAHetK2MVoabQ4bwPeWHT13Mxr6wTokFcC1FPQtoLyXj5pBGyCQzBoEodGAbC9KRoRuOkRZ3i/dFFNzPFS0r1PG7AD6khM/tupgZuBiWpjCnvsGoemkaFgqXcfUIkPpW+ewAYZcd1KffmkLdrnfbGAWRqaflHSE0Zq8GmAr9kvgal6o2bTesOFtRlXrSdFSRWjFzw7R6hbw9DCXlXKx3/PnByyLQVLar/yCX1SUDQ==]]></Encrypt>
</xml>


2015-11-28 09:01:13 debug :
------------
String:
account-ticket<xml>
    <AppId><![CDATA[wxe5b18b9bd7e3626b]]></AppId>
    <Encrypt><![CDATA[i7bpIbMFeBuXx/6O0qQqgixNgFa2Ykh2wUBW5GBbRzYUIvjEYtFZ+mSR1kWXr/6jtd+lLCWnrEjRp69p2lyRP+XPesarJKows8+RYPxvL53e6+mKdCWkT8Wb1MkHWvgidMncNoPHJPOaXCTJCa3gZgNqVlv67Jgi4DGORn0pJcFsDbEyu4F8x9e7Bmz7RS/dDNDHc2vtYc8ZLAd+NKLhU5TxAemPGEd/c/al7HutiOBD4FoOsQDgp1TisHGDDr9ZKFvjc4HaYmogyfxBIpZDzkR9bLUzMsFUnlLrRpKgzzHZw34VgcuHFx/l8X2+ZwtM1m7EIzcvC1zoVrnTmFzXVySU7zezhebRlEcYJ2dwP82vP4pQYPp8LRgWjOO/pSE1OV6MJpdCONAIhENw5Av8eoRYmEqXN5DjNpwvMGdhYEHYhomJK5ZzA5RTg/dvqw/57b0cXRK7B5W258QKvjTcdg==]]></Encrypt>
</xml>


2015-11-28 09:11:03 debug :
------------
String:
account-ticket<xml>
    <AppId><![CDATA[wxe5b18b9bd7e3626b]]></AppId>
    <Encrypt><![CDATA[ebiLLsA6KqrCx3Ore5piX0LCpCVw3KMzV7g5xX0121J8yUn2X0PaYBkIGyKqQY0QVrMQNFkfmlYVO3mTebXAG3NRTSS9wAQAb0ru9TRGSmesHuve8pWBSc1SEHcOu5Ua+jw1AbWT9iidyPO/JN6PqqIGFH+5lEkOKLUbHkzCXaWN7xhAytST91JYbIv6HPvxt3Hcsb5tS4UU/6Ym4N3CE9xgty9HqV01JRyqpVBhGoCkMBwNXxd38OoNkWb/YXeNQUEL4WbXijZAV3jjn63v52wsQmOv2vVq8nvgna48MirwrbSFXVGrhP6K6P7dyeb+3uBjXt7MU5KIKbXQ31pbCjyGCN64vZmeJolyBJw05ahkR4nsuUJLezMedY4VE2JqthD+Al4/CN1cc8EF5k+DeAAi7OM3zZgelAMyatVGNGAW6BO/hMKl4d/pyxV51DnpYUFK1CSDZ3j7+0U7lAcgDw==]]></Encrypt>
</xml>


2015-11-28 09:21:03 debug :
------------
String:
account-ticket<xml>
    <AppId><![CDATA[wxe5b18b9bd7e3626b]]></AppId>
    <Encrypt><![CDATA[6Dk/RbLmbpkdptgpqMXzYivpdR8KJbAF9HyEPGDlrMsmIgVSTyG4uMCf+tDxL7O0xwaa8s+ZhZNRDDSSNfJVum6Rb3hXPbucHG+BBCfmkOB7J6toTglX3Y6l402ua8K8YQuiBWhhyMMctyVCc/43T0aaECqdsKzMxt+CPtaPkJm2PdmJ8VQ2Ek13lfgmtJ3+gFHRiM3Y7G9fnzcf9M28xqdUCkLowTwGN/05KAQjGpZaVaRqPkqnkFNNoW616N9YOd0IyMQAl7uNVvLsEmLglqGzkmiLSaVaclX8LoGSrGmR6lkNMsizCKyiGNV+6svqdQSJZOuMX9ZflnUwQxGOaqTbxwZjLwsPdJxKE3yG4+HNnOQsKVQtBJlBCuvokwkr39apvewjb4jdVYrfk4ebNQbIUKuuhfLa4xnhslGFEZsQAa0ZTYyKxm/I/aa+vfqdrbNuEW4ONbSYKcRD7+fy/Q==]]></Encrypt>
</xml>


2015-11-28 09:31:03 debug :
------------
String:
account-ticket<xml>
    <AppId><![CDATA[wxe5b18b9bd7e3626b]]></AppId>
    <Encrypt><![CDATA[lQF5+hw0E+AHoL1ic/5ry9wjjR6UHKN6ZB6B+nplHrZmJDwYUKrf9NtRfZNaCcrjAIUWGl6l4KKC1cac7EN/fZeAZs9hHBVhnJ8Wgwm4oM3buN3IfGAffF5ocuc06Df4Mv6XpGTxQW+xOun2Yc61w27xdpicSd7QEhqJp2O8TZX6U+pUQIP6H56IdWZP8TTYJ69tJuVMgBRVoo67t3o5sJnb2TlmVPoXtvMNOd9eiM8HRzA3nLrfUJY4sS1kAQzx4hCVjSmsYarQfuZUUGVUiVLEj9oCIbusryZqL0V7sipj2nQM3PJcCR+lohmAJnDNuHlvRCNXmdmHoYWCMgvn+Rj7G+lKK3do5de/Z+SFx8nGoWcVDIgxXzsDd20s4ZagGUIY55nNgWUg5yIvh+FpN2BRL6mteSvSO0rVwjN/Ek49LPI0kc8axO+nFhqAUgWRW59iaJBJvqdzFJdBKaSXgg==]]></Encrypt>
</xml>


2015-11-28 09:41:04 debug :
------------
String:
account-ticket<xml>
    <AppId><![CDATA[wxe5b18b9bd7e3626b]]></AppId>
    <Encrypt><![CDATA[/5d8vJrvxTte9p73rrM70UM8kWkpy8k2Ky9s/BugWncvzJ91Ux3p14lBI/ZToOZ8QJxJsabpTyNsdjg2SrjhExFTpuyAKyrpyvznG4Oo+D/AQKfCxUsyqQJKLHOk8rNruT9t/FPTxPztoLK4qwQeCrS1J9/Jf5svBrxXTqCMSjj3eyBC8/8670Pu7iOpf8IMUZZ9VRQkT5nWrD5wWwKhfezFTGR1Wbgy/hduEE6aV27GOhyziSrGwjnOeSHJ2g5bqTp5laFLB8sCNHYxbXhN/8X6IyD6oOjLgEugoXZfWHO6VTGLVPdbNCIBt3EO+dKule4pPtbzt98TaPh81QkQscpN1DUHgZhwPd8nT2YrUZzqY4dbSIarFdHoZmZJOU5o37GvoeMtUyt9mYoQxrQeTRmp3JweGzXyjNkkVzbwDNTwBc5Aii53Es6grVCk/hvHMW57zHrXRyEUVc8Hwd1Ldw==]]></Encrypt>
</xml>


2015-11-28 09:51:03 debug :
------------
String:
account-ticket<xml>
    <AppId><![CDATA[wxe5b18b9bd7e3626b]]></AppId>
    <Encrypt><![CDATA[xXPYQpKUWvUCoZQX2w5wLCnOYh8cdvUWlTHBvu5j5bgZYio2VuHnjipcMW0chrQly0h5Ftf4T2VloMRiFVkDY/tdiGNQgWmh6OjIXD07RYW4zsgHimGhzl0nFmVMxVcTq761lgGEnzJJ+AwXBJuFH14etuutJc/kIcfufdUTWF8tnyUpAFx0KwNanfWJ8K61ufdpkerFLU7brPYoz9D/Ee9pWQgH5UMhNDM+rFewKj1mX0FeqsjmLAJzE9gsoNDGP2EX/JcOjqEsRcyVaBAi5iFpKdbFoYDfYon0lJ9ez8Zh8QUyIkQCjM2wjsT3GV8ybJ6jcHJykavonlbOXo1fqz5ule3Niu4MmV9SriFuYMpNgbiGWpLAcpdUaJABdG7birhHGUtP9nizWLva7v23Q3xJqj+POr2RxjlpgdjQaGn+nDCr5CMV1HjlQm9mXrxh81f4GyzjEP9YbAveJ9Fo1g==]]></Encrypt>
</xml>


2015-11-28 10:01:05 debug :
------------
String:
account-ticket<xml>
    <AppId><![CDATA[wxe5b18b9bd7e3626b]]></AppId>
    <Encrypt><![CDATA[4R0Tu1EjjZhmn/jPsdoeR9Ua2U7aqajvu1B8cUeDZ0OIEF45FC4P/xoHZrv31hg5a4FTLmbofs1NrWsOAoUZLOSLfKVlNBduWIJMPjHdpdveKDu8ARzdmt4v/Z9AZk9lki5PZKFt2jjKuncHkJLcxddi4SMF+R701ElcR250kD6gxw4r7BaAAE+QKvYRHuxWdRIynoWJVi/sB4CQOjyHrSOa8CK+gTn7l2xJmoyOhtSp1rLmbHQRKz+DoZ3RekTYTvwF78py6vJ3zO/4b+yRwl7PGwI77ev2csd+Ni+lMOrIXYBceLoNzOv4bp4Aa45jS3c8EzGc7V7KFeZu0QZiI1P4PtVyHREzAsq1nOPwlW8OZkb+nf0sP55g7QI6lIZEQKb8sACdtMeVEjSXXSz1lYTzNKCpd7kiWK87oGpqBWdTVsqBfH5j5tBGcBp+67Cgrc09COU0Rz0LI3BXlfDwQg==]]></Encrypt>
</xml>


2015-11-28 10:11:05 debug :
------------
String:
account-ticket<xml>
    <AppId><![CDATA[wxe5b18b9bd7e3626b]]></AppId>
    <Encrypt><![CDATA[Wlneu0F23ky6iwzxcNyYjYngjAqG+ULDtA8px1GjV1HbyEHIYne/N2hWDzdML0zM6+Ljhhr2BgqG+BIdGYApe2FRwoh0KKT7y6qNGbXl4J7MzemEX+LAxpRn7NiIrlPUh7fbjXZwENJEfzzb8vOO8Zu2OYnhahIo4YdruF2N2m9dS9LtVsnvTUvjStUj7VR5w2puN/I/SDh62CyumpvgHyidxzhVOP4QdO6Id6vJHf4XcM1cxZMSnJ7cOWGU+JaqcLNXbTa5PZ76/isHo3Dls3SbaO2KzQe2IFqVVAt/GaM3Yi27fAXbqntxPHGjbEFcYkSiZv7mvYDWuPmMILgYwyifMHvRfFEp6hjSH5ECevzqMc8dhGkL9N64s1w0Q5CjS3fmrPbEKI0ihly6U/4aMVxQT5bMJ1igZ7Bg5LCbaUWggROpKyyJmY9uCrhBH7viPm50bu2bE5grAPWKMkqiNg==]]></Encrypt>
</xml>


2015-11-28 10:21:03 debug :
------------
String:
account-ticket<xml>
    <AppId><![CDATA[wxe5b18b9bd7e3626b]]></AppId>
    <Encrypt><![CDATA[sAl6qCX/dGersURf3BtLtYpc0EWKZ0oi4fCzuaVNr4Um9REAVAfVdv0uFS7Y8LdDZ4V0qiGF1X6sjmmw+e00d1YPLY7oo1rW4laMYHcoC4Pgh82/kl6LBpU3hN5vAMbrD0NURJkAmIwX1Scsw6LB8q+VxFyWd+TQXfLc11OAj+AiUW+weve6iRSW3p+rNUzDx0Mkx2OddtWnt48L4JyS7z5iYTGyt/EuyHCTdAU/Gpt87pmcBN5mNas6EqSmbtaLvVWa+mLNn+wVFIAZGrpsm1//xqbjSjZW5aoSqKDaqgn/V7ZUyTxcVoaSzivwvWvf1lC/EMnTBlbG3gEkAl0/R61ePj7cxC563KB867Q7zyYqqQi+CnHZZokd06cWJTcGUnCjgpCZhHljdGfve88k3IeCRuVyfidmGu1axUo2nPO/Wbcnmdo8hj5iH8hZ+p/C1krIHNrZzqu9Nq9g1lXw0w==]]></Encrypt>
</xml>


2015-11-28 10:31:05 debug :
------------
String:
account-ticket<xml>
    <AppId><![CDATA[wxe5b18b9bd7e3626b]]></AppId>
    <Encrypt><![CDATA[1Sy9mYS5hlJ0c3XLD3v400WAtqXxTaGr0Fr+HCLTyZlsWvQf9VGZH87QhlmHXO8h7KMHE9g1ivSBIaJrCU0MyQmcy7VJr7G1Cxl+Civ+qduJKw7u9AToUQgpuhcUSOTYbZHtOD8Kii+nK3ChCruXiSpB2a4r8D3uurieuMGUBmRmYdwPQERSCrY/TkVTe2qMCUBGmhPYbg7e1OOIg0L6MfIQ+CBeA2pqh/0mBKpWUByKG43KV6SnS9gL49VzlX4JZWlPCqJ9i0bMHfRCEN7FQD8xGSdgbhEnHCC4Bqx+K/9RkDoc2qV0dTacYtghaWBn22E+B6KO+nBe3lkeDPlpp68ob4gMBFmSn7HozkEwDepdFSK3cweRzokCG/p8b5KvATkwoNTIvUoxYaOoGe3btSwshlcSDy7RuFUoGR0YVVyHieRlK0+wZf2Z6LpkC6RcRs7ReX3cIBUPKtOxTPOIAA==]]></Encrypt>
</xml>


2015-11-28 10:41:15 debug :
------------
String:
account-ticket<xml>
    <AppId><![CDATA[wxe5b18b9bd7e3626b]]></AppId>
    <Encrypt><![CDATA[EAIEHhZqh8GxFi316IgiGhkk4QZ+005k4t985zoj94CiNQPxU62KlOqHpv09RpcreL46vJcaQ+v3I9pWjAfk2VaA3mZb9/baTpMj6wsVOnGKLyDPF1xu3RLqrgJb4NBrOibWQ3LOL7sGVEBlletAyXmVykkBvgC3PFMj2BfRADpNOB+XY0NB9DAVpPw/GVRFuoGporuja5jE42pGc5Lxs+JkM9hr2ywG634ee0KbxQNTJ111jBqnXAHPO9F/d15NvhHLNwSfpYt7kRaq7mc3dj8Ha8CiN79p5AfVa8LHxDVpxB7n3ZJO0GtMZq16pfzFWN/a+BY+yAoY8yJJmVSfb1IobchZ9F9UFn7kAwcEfAAKZQaN8BtsF2wV5Le0NOiw6FKgTW0uJmrKa9ETalnmo6z6Ohje9ibEGNeYUidGESM1m/8BvmliMJLLvOsKL0XObFbNWX/WCky/ENXVyHFVBw==]]></Encrypt>
</xml>


2015-11-28 10:51:04 debug :
------------
String:
account-ticket<xml>
    <AppId><![CDATA[wxe5b18b9bd7e3626b]]></AppId>
    <Encrypt><![CDATA[GJ60NNMURA/n6QJ9zIZtQZIm63ehpHkfXGc7EACqJjJ0JGynXNLWSAN6I73CqGgDo8WbRHQlmODgZHJvq4/aUteGhmC5WtZ/GAZNjIZ6v/qvkPG0tpzRpmOfmEpYtBDslklDzaTplchOhqJpooBpjD/AxbkaOfOF1ZVgY/5ZiwPJY5MAk0MIqadd5d6xvKvHgNaFkR9JUEm6hOea3F2kpc9xl7xeTOAr6hImB5k8jdQeahAPQ4kOrFtPAeynAUdoi8I5EW0aN/EqzyHON9CkLxCwDkmlla33erphdvsxclxGZa7vZtdW1EO03M3WHqkTRfJfxEml7c1AemiKZcCOobCap0q35nW+rclj2EswJZ9RkjCjJonsEFIuCG3z9kBhIuSTwsvYEmSZcqlKa5vsJ6z1IXpJVpYgFY/CI2aLuVpFvD4HdrRs+ZV6kDA8y17jGCeGdLeWQkJg2uV1IhLAnw==]]></Encrypt>
</xml>


2015-11-28 11:01:09 debug :
------------
String:
account-ticket<xml>
    <AppId><![CDATA[wxe5b18b9bd7e3626b]]></AppId>
    <Encrypt><![CDATA[VcQjWZaMl0hc/XWM3xAtYwTHNE0bptzgDPFhyoRgBC7lEmHrw+hFNjmUoa0smKv2ooDbQ2xPeYwyvkMxndlgfZyKT86bqjnIKo2bUdQMgdLamAxlRWeDxpqwdZ0m+ZEDlnM6XY2Aopel0IojnggosUDulPXb0blg1tVA9XRRFcNcT6qWrwuqxSmpecKIx5+t5ShHTPaUH+YRf5f5+vx6H5ETmEaxQa7Yvsy16y3W9gW2BQnyf+KjsZTkEv8AQdSQXIFyPS11Dk8/WXk1NjGyJHi6GDwRDtJ7LxRHifswvChL52NzD5EBPPin7033wzmuPOq/LoNwp7QXnj4W5K5uyg3W5o1fXGLrUFKq9h6murK9uw2lzp61fjxwcLcKcdwjJxQc9LP/cnYOcm0lLNNDMEkLZ3Mq0cJThh1DJ32p6fpWtCbhrmgIiqRXL1eBgLwsgtpwliwFLGGv95uCjVpoBg==]]></Encrypt>
</xml>


2015-11-28 11:11:05 debug :
------------
String:
account-ticket<xml>
    <AppId><![CDATA[wxe5b18b9bd7e3626b]]></AppId>
    <Encrypt><![CDATA[ZFtia8t/KARq0E4r1641rkFIIRr9nBUvFFKGfn5xuclnQjG4/QmAt2hdyevgLbvS1pUIp21ovm+DExQy0o0kb5OShOBuchq54hhLIFh94MMPcmOErxQanLouAj/RkJbgo26C03gnTwMXc8nqxw8smBxhWn/i+dWvrJ40bSDFQ5X1LDD8zDVCnTNoYR3VN3DNL5pQIndQyMplIYUSbTI8xTAV/49juJeYbDB66alQeuI8FW96Utbr5wsK8/VI11Y3BtMUspQaSsy69ggCQdgMtgVe1AZtzMJd3BG+LfzLlmrricapnKeYjpcvMwQ8PHN0kotVrtxr5O3S0gosTHDVz7/tz8SERxK7slhr9PIN5VXa8gsHOj+9QXh0GHoZZ9G8VdJiHrSroLgNlMqC71J1i5EUMW5zuYSlg+pHzlpVwHUZm4+tcVPm3JhWJ1tzLjWlxCE9ylxiJ+lXP0aNoR0ckA==]]></Encrypt>
</xml>


2015-11-28 11:21:03 debug :
------------
String:
account-ticket<xml>
    <AppId><![CDATA[wxe5b18b9bd7e3626b]]></AppId>
    <Encrypt><![CDATA[9O1AbU0FaPy/K6Ajq85+fHucEyv+4eNfVAqq5oWoitL89USsekgt4TLFhfLPb3FXQx3TZvX71bneVb9frK24+ochasQTBRWXqsDJj/6xQkAfECzueAKOp3Gt73jCW1mByxxIjV0ERqLvWRZ/upZ+6JeagWQTgyX2aJC1RK6rt2f5kK+DGLOnyWRFyHXMUalXSBvupEN56c21KInWQQvH5gALNHavg44b3AdlGBARiAUQNRpPkc3cX7zyAaCJC7h/VfYUPqN60IIVzgyVF7exBxjiErlD5hR7mNj2roQm8l9x1BkKVJZkPgDP0rRrw5+4fPuuJlsQ3FMNI1Zl9Z7xAp0B3EKvB0D4UeEX7xCLsYD1SjePIL2wSNkhx2vd9inElU7JVbgO0uGIkPmwgEatAkalShTBnoeB5eUY8X2oAW14s1eF0CykxvTsE0VNs047wRun4r6NL602fzOqEoBWWQ==]]></Encrypt>
</xml>


2015-11-28 11:31:04 debug :
------------
String:
account-ticket<xml>
    <AppId><![CDATA[wxe5b18b9bd7e3626b]]></AppId>
    <Encrypt><![CDATA[tj+xUlejmUI+tD8Mmb61eBROyM2/OU3jvpUuOh95jPcnsd/KkUgKlSdIldgaOb0OSYs1TTNTSbSA8bZqmSs8aIr2Syh6QiQRVa3xiWPs6I2TVdbrrzAldga9pfr/+9lZg8OiW1ukGMfhcxDJ7jsIChVLanmOHe1t469vwu6f2hi+6EKItg/t6lYPKulGTVz0rl/oTeN+H/tifSkYCAHKYO9s/YYrVN8Ja0h91Yu00C7LmzfOGPt0OCLO7NZHfb9n9S9H1/AXP872KWtOUNWegGo/QJrgqnnG2zI0epeXnbggpoiyHTfh+JQ9j6vGcJiteaFLSCxOJ35tyOyhOPKquKjWEi7iZSJNjAK79EdswUfEfXvsuxEQ34+WJNTsRNnfm8Xh2OjXyDagdNYtCe3UbJx8fwHFUpRq1SY1W33TaBgqvr6N8/5YNWP+SbxFrap1aaYBh+1OuTM/jAO6I6QBFQ==]]></Encrypt>
</xml>


2015-11-28 11:41:04 debug :
------------
String:
account-ticket<xml>
    <AppId><![CDATA[wxe5b18b9bd7e3626b]]></AppId>
    <Encrypt><![CDATA[Hqp2BGNpUS/sjnKBvhKLMfSSHBmiuyKDrkZy2PL8f8qSwCD6gbOHTbYdEXrrGnnaJWwKgAoi1xcIR+tW18TOkStg8fxn1Rpq5GQfM65RqbWkisOZJ5YVS7bBiLAHQHg5JLnt3GlcE4X4aIOF7K8+284WRMBt+5gpYpy19ZbT7BoOwcf/ZZwlS4sy/h6pyZuY9ISMNUsJUND+JMOFgK0+P5F+PastNoC6HoaQHt0eKytIdPFqXC0iZU0gjGXS11Hf7t9NTBEjOwn9xPvDv+XsFggm5bLPXmw3Xd2oeLMyj0vRopjkAEtbVk1WNvTGebhnyK3YOb27BwEZx4jFbyWAhPpSmaEFSWubGV4Ll8SQhv0WslH11NhIHRol4dy58tSNNQJ6hGn4KUtJxatKnQ4y4jFt/i2x9myn/GgOYRTRSJHNHi56L8tsArp/wBB7nPoEecf4JfgoYauyUHKw8TYmyw==]]></Encrypt>
</xml>


2015-11-28 11:51:04 debug :
------------
String:
account-ticket<xml>
    <AppId><![CDATA[wxe5b18b9bd7e3626b]]></AppId>
    <Encrypt><![CDATA[STWcgP914Jau7H0b/NQTS6p8v7AAzoYLSfdJ3COR4uveDajFbvps/hYNp7aJdVWF2DvvwZf3brrTNMgu400CA7LbHKhuhqP6T+AE8YvMv3poIvPMAqrq6smgOeHFDYMD/QBMI7zeq7QLMSK1UyXuBzuUm5AEwLbp+wOeoouR5EpT41CyTX8edwNR3uWVPzXBC1JsRH+LTj/FC6VH3bcICFh8EqRorFoOJmCjoOlmc1ONQ8VAbExh5Wg8viKUeCpkX9mbY/oXlSvlSAuzPEuc9blbXGIlzvxcUCk901rCS8+sGKaY1N3KrvAYrE7CAPMiIuGbc8e/0W6VDyEiSQL12JinQxJf2JY7q7NQBrPoGwZKFcqhR7jdRCTC/4+pOILK0pKY9jCYVoSpposu0Q+1JdKCRJ7F+Jz8BEk9dou52bh/TEXRiOsUK++L/MLrWJz01SqZQJANDdWAXNO2EcnfNw==]]></Encrypt>
</xml>


2015-11-28 12:01:06 debug :
------------
String:
account-ticket<xml>
    <AppId><![CDATA[wxe5b18b9bd7e3626b]]></AppId>
    <Encrypt><![CDATA[zKB9bbsoBrSY8Lru6Je8i404rVnvS55LtV/ewQQwHeK9GFI5nOBHXfVsN1Nx+/BnMTvilI4png9Aqv/M+2cWIHRi1qCPRlLQ66Fhdumgg0XAEDPfnNk2GKPscK4i2OMhxBYLFhkaijLe/ieImzAbrF4i0VfDvL48FPK3LIcc2Mpe8vSzIavMbYnxMUFpEcSRBImllFod9ZxlNwJemHnuWuXE0+3FD/URdfZhlhYXTHLw3JytjpzbrjWGJBKzGW/WjYWa3W0GykEz4jTVDPmwocEDVsmM9ezqjPbK5cDCOASRg1Kt2MQtU4sNhHmvqdI+tElm+cMg5gkBNLUx4Hz0y64flNgYKgKcqRcLVDrfEvGEOQYZhWGxNekqr2fsnLZCr5OglyEBED469bwHHgjVDzGEcFXMy3jYXGEF/pMz7ABYvkVc7TswJ3Orakpopj4p6ibkKnVQ+mWbywB7b/CrQw==]]></Encrypt>
</xml>


2015-11-28 12:11:04 debug :
------------
String:
account-ticket<xml>
    <AppId><![CDATA[wxe5b18b9bd7e3626b]]></AppId>
    <Encrypt><![CDATA[zrMOdp9rQEtDbFmhFurTHQOtxvJMAz4yhsh+aHLwsm4cU9u9UdneL3tFyonoXC8yubXXdpxo8d5YVuF3VeYc1ZPrqPqADn3W1ASlHP+UrvFSXrlbuvAtCxgFOQcSu02wuxiPsKVKXSRwceI5cadCa/flU8WUiaLoVCJ1wPfrxM0ra+Gy1MABuU+3TwJJzdDtfV3pHfgreyLkQ53UTBz2aRJRK4Rjy5H++NSHlpW6LJbRqJPRiGHMj9ZzZZBk8eHWchUnN5S3340uckUoJQJ2o7a7w3KnzSl5tz9VgSSWBkZIu8E1NmVC2T9lT+jym5om8JRzSna7YSm1S/FNktFDP+GHhTuoofAXpq+IKKBYTaYGoz4mI6S+qLPoC0Bq0G71qliy9PhRpPR2e/F2gyHmzrJPIb8V5VI/qkSiT1luHOeIxmpK8JKUy7PP6T1fdoF5nQ1mwnEaLaHRD4I10Vngug==]]></Encrypt>
</xml>


2015-11-28 12:21:04 debug :
------------
String:
account-ticket<xml>
    <AppId><![CDATA[wxe5b18b9bd7e3626b]]></AppId>
    <Encrypt><![CDATA[cb+B7jXTPOZtgOdXT3Hu7yHNP5bl+VHjotsMwitfDnKsuEXUhNYumygrWSJhK9zulAxx+Ifji+fkkHF5llhCG4BWg+hTnd3hx5quzgMv5lHNTYQ6ondtcgEKLdZub7phFOKWN0z7SgxQzDyzRcKqDGvWLD2HTJlFk8Sn9hODinZZWDxU72YSdp8AbCfC+jTLJXuqCa3OWmyjwklrwHXEcCagfzDfBsiSD9ys2RVgIhf9FjAXz2tMGYawz37Di8ZZkY3omvw8L66ynXpM8ieA9FZVYZqFkPhTxekV47laRJWbaDGfE314hOH2ICcDrvFQsD8n+YurSVLk1+8vWQZVAfAi5cpe2/adeyl9BDupNiuI3ghcMHEtLbjHoysB37M8ImKkhxGgB+TJ8wdgTvNGSccM2Kc3aGQQsi5DklJNIudeGPd3SVyj6T5scjxeLa+54BpUfr8TRvM//thW2xKu8w==]]></Encrypt>
</xml>


2015-11-28 12:31:01 debug :
------------
String:
account-ticket<xml>
    <AppId><![CDATA[wxe5b18b9bd7e3626b]]></AppId>
    <Encrypt><![CDATA[8GLWMMuvPhK3T8Uw67v+Nvas0SKypEXQoSBiyFNnw/+OAx+tLdJL85dnhmdQMA0o6NOG8Q26KDldMyfTzQ0Un+PSE1AV0oy/2yGkEAh3F6DCdH7iDSOKTP345pbixpIIpBQYXIpO6nD38WUZUIy530JZvmHW8cIWWre2K/9x/5Am+jVrPSKPqfpSecpXzQdnaY1vbFAyf0z1psMUVui8IDv06e22kSqcLXbm05Ut+usfguBsR0osvfBdEvIhHSk+0gAb27OiLaD0wV61rspYe9JA3tmajZbsTFbJEG3ocSDCVvcVTXsvHYPecXDAlpZxoK1T/DuMI9JHSKEsPJENPQHZ5iJ4lllYoYoigNoaiQ9t0i3crZQbfX3sy71q3UsGgsnU/ofaxAxJTCt76YuASQ/S/IgpSjPMeopA0iZv2SVDfqOFA8LuyzSZs6pxg8olG9jkFeR6bgEvWnxBN41+TQ==]]></Encrypt>
</xml>


2015-11-28 12:41:04 debug :
------------
String:
account-ticket<xml>
    <AppId><![CDATA[wxe5b18b9bd7e3626b]]></AppId>
    <Encrypt><![CDATA[B6mWTEiCEJ7syBFF7xlY6AmPXGYwRG/0JtbPFnEb7Z4ZZlf7g46nyfufqOoF/NMkQbUEP1tUebuLVvYRBUu4t2E1J6OKAaH6PvUHf3cr77EKTOmi+zVahqtc48xN9S+yB8UCgxgdsOVLKnQiwY/G754MAuIVdwA+HjbGuhW9r2pYXvnCyZ9pl5xly1JbokBX2hZ6YC/uCpf+YG/GSGudjl6B5h2/Pc+RuNHz0bTjekeSoG28XNzzR2Ve+fGQVLg9ut2gIY4yYBjnWgQZKFAObqGm7/JI5URsX/Nlf4znNTFw99x4yePmQCEhF4EcaV5+u0RPg3TwbxlUKM/qs129wz35/6CF/xtZwepbugxRbfYgiTFZuJ03F8jw3M0hdQbxcqIEH9wrWBypm4+JGfR6Ka/JCItl1oUCg6aQj89l0ZtFeIGMVBNgMIzrO6pJbYg2M2aONtrezAvcFAMTJi3DzQ==]]></Encrypt>
</xml>


2015-11-28 12:51:03 debug :
------------
String:
account-ticket<xml>
    <AppId><![CDATA[wxe5b18b9bd7e3626b]]></AppId>
    <Encrypt><![CDATA[GL8ZksxsVoVIHcpnAwyxLgMHnIk0oa6Lz+fMb3B+YE+bhBi1ZYzyErWpHIHck4wI3V8o4izP2CDvHPXWLJe6aJy7kBcjudWH+GYxtp0CZfkmal2PUSpdzFmjxkZJhc5xhpO79TVQ5d5nIQdoI/SZtpj65ODiQkSmJL99n6fIHlk00lZZbV0HEeIcwvx8acoTxApAbBVD7ztaF+1ISUVzqot1KVlzY94OEqs+8ZCvbLK2YXlLwz/g/HS8Hsp+SLrCJEiY9DkiVSNmhURclUj2T4HEnLZX8CUupqis07zFxjC+rmsz6SMwVI0B6s6v59CYlVODlwyHELhfyrmUExx6QCy4gG+QEcD3PLFmWWBySAJz3mE47LJWSEaml9n6TPMv4r7NS2772/4AbmWNkBgkMEvNxUCm3o8jcOaXdISUYHP0YaQAY8iSf3L+VNM19Qm9Q7oiEGeu0+uvRHZORwz8qg==]]></Encrypt>
</xml>


2015-11-28 13:01:05 debug :
------------
String:
account-ticket<xml>
    <AppId><![CDATA[wxe5b18b9bd7e3626b]]></AppId>
    <Encrypt><![CDATA[lpGu77L0DBtDLRnyVq802o3XyJ4q1hgw+UtVzoAj61IQZSFhoBZ28uf28M6zx5Ez3xhvP+bjkgGqYm5XSg0rr2bvbm7MNbYQvx+l+rR2khMabXeJwh7nWxC9IWnryX+KJqKZrjOX3Q80uSG6R4kmHJrq9Aw+KPqGcuKpT2MhP/BxuIna5VlGbO892P/Xc5F9HDC50AUoXoxlqZ92JF2+lq8GptV85dp9xFG2lYGXixhnR35+XxaSzjYff9IVIkiBb4pjTofJOIEa0oMe6hm5oWUGKpcEUf/utuEsAqJvX2tM7ZhYGxoVtlWp+NUPh2oqrt4qy4LPaY4iCzGcpXBrErY3dFd9m9vg7acatBq6q6llcObvIXkOPuYrBCMhLeJJr+bLo9MPbeXZ0Ck1ytrh+8fQorkHql6btbe0hygLBPytBzhAL0Qray7aG+T8SpVjQYzH/OYKRI2LUfj6JQM7qA==]]></Encrypt>
</xml>


2015-11-28 13:11:03 debug :
------------
String:
account-ticket<xml>
    <AppId><![CDATA[wxe5b18b9bd7e3626b]]></AppId>
    <Encrypt><![CDATA[GL8+Cp2ky0lwi0mTNcZB+o+6FflQ4LjUzIwuUniWj64m7vjxgGxmRzHQoQAqHfLaEDjLi0skjWzde2lvp9HWIY87St/iODN2xsvay3kHav634jC5+ZPAt+GdGk35nWqGkCGdAPmz7WmNTA+TLEWLzMI+zDhdbxv/xsaPk3jKeJ2e52pL3c7nhmYBq+8+Mn9FwJvVckRykd+55/DVnd9eI52pqCvVUIFgLNY5wcM+ndlhubfT5s5S60trsKKf+d3RGUFso9BhZADNlZEZORDdDW6YlDeBEk0gQisUgVdftEqT6RleZ+v+Xhf4aL0NzoufvHHfxY0pDZyGWbMzd4yZw+BqaUZnbB5ruyRY1KOfvxe1XE7p8i/zwOvryugXBY9v71WzzsKXsmDo50wzmhDQM9bzOeslEbRFNQZzYPeGXW3H8f0VfSsY2/OjtVvVVHmd0Sy3NJADatbzGr935tGZTA==]]></Encrypt>
</xml>


2015-11-28 13:21:03 debug :
------------
String:
account-ticket<xml>
    <AppId><![CDATA[wxe5b18b9bd7e3626b]]></AppId>
    <Encrypt><![CDATA[SylPpTAgI8QSPg7UtGiQd/bsQ9JIIZuBj5B+cvSXi1SA/bsZdK9U4VA+gVzJsmVfUekmHKT5gTutVS/GM3WOmKuU8XqjEv8W3au2MeCL3kuAzmo1xICUDMGPE+HMsIdYwTXHTGGDMEQfTMdM+iXDtzI6TchyFwGie+QR/iCpmEF+PePdB/02nv/BkFcxinibFLZtQ4IhM6SG/vvsTxKCddmozKjkJabnfQ//40T/+h3jTiFRa4zys9pIR03YZwFIRPKtSCv/lyJEsUurf9z4NestTB2sMmjb+3KWO13/f+QzdS3s4zYgog8+ye8cGj/6snQ2MaTZ6EpJtolOimqIXqHqQFHp1rZbrbn+V6QYnHj4AgjwaZQ+6Bekwx1d57PGf7NWPgzVAKC6X1CIeAZZ8I3x9G7RGygnEciZF7zP0IBFIizgdDpPnPZIUfuEShP9d+7At1d77sL2jB6zjuZPDQ==]]></Encrypt>
</xml>


2015-11-28 13:31:05 debug :
------------
String:
account-ticket<xml>
    <AppId><![CDATA[wxe5b18b9bd7e3626b]]></AppId>
    <Encrypt><![CDATA[1lc732eZYTuL+5EHa3B/whBS7CvrETsvY0jBiT4t57pA96niWMKLRB19mcSEwYD9INNL7v9ay0Bsb2z1QNIFVWqzWXwKgCCh7FNPxR1FuJPRoO3XKGhOwUoC+N+/pA7m4IkKVtPBDCRbwmgATcprxQUxewAfPivLARD/K/81ENESknueH40QCSYTN7h4KJOPl6cEY1q/b3bWp1eoGQUjODsLxwwQ7nsYvX5mo0GVIV0+Doz8fJBYtI4PUCE1bMpuWlzeSfW9B4QpzgB4hCzDGa1T+oxoacuNUUDheiiUhuzCMxeAH7wqrQCSik98ucftPZ/CwEBOLCML05FGKOaZDCBy79ktkdwulmZ9D9w7ErayyhNrWoq7VpXGwAbfW4A5L4mmXwiqFt1bg5iY1PkgcIW6kuLwHAyTpJ979a0M8Biku7pJrYyGh4/wyeDKD3z7OUtIj/cFIUjnV8W0XH+I1g==]]></Encrypt>
</xml>


2015-11-28 13:41:06 debug :
------------
String:
account-ticket<xml>
    <AppId><![CDATA[wxe5b18b9bd7e3626b]]></AppId>
    <Encrypt><![CDATA[2AhF7uRHEkSXnftI5ZActlcCf385Uak3UUkfMBUzxz+Cc0Q/TLDk/bsrkW0cb7L/kGQrq6jC+WIcjiqRfgYjvRi4FC5MnsPe7+D8t9Q2jiQ2xq/vzPVURhC6StsNEdfG+okNi+HhlBbsEO/QlzWD+qoCToOSfdKyO/G2lES0cPfOpq6DLZ/CzBaCLMzJazIbaO+o8Xx7IY92kxqhC/oqzFIInUpVwd4Cv/45TkMC768DgezQTI7zM0/1y1dURWONlbORcFf4wkPwOFKaNf6oyT5eaAzuFCU/llsH/DKS74jdu0km/JYJEOKxQ7s2cKi/Y/WcoGBxPXU1r1CRn3CwmGolgaKWxLZnhyMtWuvqbZTxI7siVf7y1q/xEYsixGkqMfMQ9gUvZ/LxdmRyIxZ77Sd684Av39eZJzctGjJKeLnVgeOqmF3eoI5koMqp1tIKJXxU4dmHndjo12Js16s1bg==]]></Encrypt>
</xml>


2015-11-28 13:51:03 debug :
------------
String:
account-ticket<xml>
    <AppId><![CDATA[wxe5b18b9bd7e3626b]]></AppId>
    <Encrypt><![CDATA[xMpHQrmBecpCp03P8u9buZX/PB1UZItl/yPTflTVo9nusUeRq3QG7aUl2F1RE9nh0ypI9WOCrZW7DECVP2SN4ig3rSVXWNkfi8fYlZhqBgfZ9pKj52xwq7evkwT7P0cI7PbfVOmEMepdhPhB7EvXhthXTXbjewRypjrf/nTLRSoDPkv00b6l8VXqyhPzq8sIwAG6HZXNH2guwUpY5scYh9Y672fnhkyj/dCOI62d+QK4y4MiZvqG0VZkd2sUZI/NCC4quGZekp9JLfUQ7oWOtiSNXd7SsUr9HWDpw5grJ0Fl/hnBW+544nVK1feF+kArQ9hN7QehMfzGsc8cwGVYse+vk0xMTeJmsP3r7+DwMIXEK+q8vEK0qCNWp4ZP7TBi0nagpmoU7UkArMMN0gRYyMBiL1ax6qW5H+XNsjNTbc1250oz784Fy83FarXxVskhNLo0iJvi9+EYTw0KEvmBiQ==]]></Encrypt>
</xml>


2015-11-28 14:01:06 debug :
------------
String:
account-ticket<xml>
    <AppId><![CDATA[wxe5b18b9bd7e3626b]]></AppId>
    <Encrypt><![CDATA[ytSYCBaBx9WGaBfyP6krdGXiejSkHFXIWuwfWlds0abdmtmtyxQt6CyiOs6RyALSNzIY1zF2W4RxqspLYSfmBVYZ2IcFiovjMN1/sMwMWyIpXklD4N0wbvojlEYTxWpykoer6nD3aGB7IGYFq+jZIHfjItLXPYTchga0AV4M8shvNvzaiChlxAeOkBJWsjfnOjsSdLm7uX54R1atoJVofQfBEufKjrFFIyvQ3nCC2mBDk0uFZp/L/s6adp1YgB+yUZgeN5NZcfescIIRyiU5YQ55/bn+P873JXpRmF4fX1AWULxSPHDtHLhwzKswzn+gzbsPRhwiO0uXa0inv3WPTZIFZPmHv4MF1H/rfA1bnFXIB/8knEuUBhn3p+Q9qswHSNJJd6KkCPjXR4DKUotRkGuSYwLqVRmht8GwIw84P6HQG3Jz9meE2wcS+tM7VxylRCc47lcYuk+g0KRBvU0Igw==]]></Encrypt>
</xml>


2015-11-28 14:11:03 debug :
------------
String:
account-ticket<xml>
    <AppId><![CDATA[wxe5b18b9bd7e3626b]]></AppId>
    <Encrypt><![CDATA[uF+jxBmBqsbEtB0+fq2ymJO1d3muO1ast6fSY1ZUQVFRtMlQ6e2P0OcpqKmou7KhguIjVGCMKoO1f+BumGdhROmwait8NsODX+kId/eDi8nIqwVUBygnFOHJpvt16ZZXECCelIT5K5WNY8cjp9Igdiob/ar/6YN0fLZJ7hpwxf8LoXfNEmbYCoREn3Ol8z+cydzJ7DzGQM9xq3kHApH+eAre6kT2mzPjrHCY5TESWleGpSMnvfL7t3qFIK85oD4UL0auGszlCFGhbWNasMZrATFtA5C+U4Yxx7nFiFsAGqae6Y2pGlCg3HHrMKgR+y1PGlwwL2bCF2UjNvyr1EfvnHhwEW+J4YMuFXNz3ipWrNjWAed4InP36uQN8t9V6bckdvZYnn8WF3X5FWCigRAM5NX45qKGeo0hdQhZbzv8sSdg1ww8XMM9cw+TW7wbFTtJKRCl+MGYlFye+Ate9tcCPg==]]></Encrypt>
</xml>


2015-11-28 14:21:04 debug :
------------
String:
account-ticket<xml>
    <AppId><![CDATA[wxe5b18b9bd7e3626b]]></AppId>
    <Encrypt><![CDATA[3naUaBTCt5EaVY3Sy9lrXzckBhJBAix3mDi30jqP2d2oF9UiCjnqpYl+ZoMj7CYLRUZg5R/B+8llfnnxkynUPAgbkFu76fXknkTaOP8wPrEZ8e2Y9VEjaS7FTgUzjElvUXzoN/gIohhBYuQHidFbNeM0uPE1rYEpkdtngo/WUEcoYaoAO4MO5mfllf3jusHJl10Se4mM/AcHQxD9eDJgJljVWllmDbNkLNAld2PFpTuDT+ObP9en0CC0R3JfUl0xqjremR54PNEijNAEzPulLBSb0vgMerLP3tgiAKNoX98VwE6ecYmZY/XIqjANHfqwyI41GAb2Qb20ZIoiBCuWnyYuJyOI9i01UN04PNQAv+vIu9nqugWRIkFpxZ6p6FYGnRok4rFuNE3GjA2mC0490rCZR8jf+X7gP/Jeai4poAYyRZTHcGmdaGiAoUI7Y8T81dbynJ9/8FX6If44TEJ1MA==]]></Encrypt>
</xml>


2015-11-28 14:31:05 debug :
------------
String:
account-ticket<xml>
    <AppId><![CDATA[wxe5b18b9bd7e3626b]]></AppId>
    <Encrypt><![CDATA[qWCcfj+bO+8mDw8T4Mh22wzzESRgImU4YmV59UTGYY9f86UR8a6mLuucalDAODDjYjxmMiUT2e68X4sJNewAVAL2e5Vk/RqRE3U1tVoWvqEi6wJs8ZgTTC/+GRVc5oed/05Ymw9fjO6SWz8dSzU4eLQ0TMwULnB/lzrI9IGi43LNlLMXQAC48zMfRJuIY7tVQm0KAAY/WDPFl4wvXu/Vuo+o13bL9xw22k6Z2//a/YAs0irYrXfzQr1XEsSjg/nek2IYYEk5OkxtxaHc33PHdtVjNvuQjusUVly0tCtUT7NabW/JVW9zxvw3LIIDV76GAW1Vu8kzL6iJYMup7eMmj7jWOUdQHco3WfrbNc6SxmgkwXho66YGCHqZovhyqfJecyDr4xSZkabxaaZpQdOYNZCA/hx6Q0UnY+IJ7BM5vrcuEULywCbgUuoGo4iU/5TAdcX+2jfLrpk/G6/srC08uw==]]></Encrypt>
</xml>


2015-11-28 14:41:04 debug :
------------
String:
account-ticket<xml>
    <AppId><![CDATA[wxe5b18b9bd7e3626b]]></AppId>
    <Encrypt><![CDATA[DJzHfFj0HXxg4IG+bVewA/iS4nPDstVi7MPvpFl20dWFbL4ykY2h/tV3l/OFU69FrNfLEwBdSQrJH6NEt8n5aEqHiC9BgwNfWjhBmxANR7YkAcaNqdbLBO0NTwp8WJ2o694LLuaAizIowye3OLdYFxtynVD230M2xKEh5ejoiAj0f1+xLDcXlRGIaFbl2Ep6Bj6j2b29dc5ixlFeUDxg2uXrnqRlqFL9mHbrbxc+jSnXFUGAq/Jr6h0f8P2Ruf5UVBpr+UTSVSOfxbBOncG/3CKRQOwOQtLPrs/MeRhuBDNy1GSrvWDTunsOw5kQN19oDEz5O3lZ5BI5zv/y0oa4Ba46zrzV11WnGkDQ8zkD7aQCJhScRyplRvXSjRwPnjJhL/k+W3vBASQV3xSMddTP4uxzyEIsOlvf6sMVZV/whnrByq5FQ7Xku2GbT/J2ncjapRJoPqzvpgkhIGJV6RHKZw==]]></Encrypt>
</xml>


2015-11-28 14:51:04 debug :
------------
String:
account-ticket<xml>
    <AppId><![CDATA[wxe5b18b9bd7e3626b]]></AppId>
    <Encrypt><![CDATA[u7dJ6C7p+SkiC0o1huw1L5HbRXCi0WvnVTBUxBExiizeFGI+13jsU25DdNiO+LPLll3hQuMBVTuFqcUTRe72qdy1qCCzNb+GIDln6q4yHwbMqSMmUekAEFra69IFnzIuyzBWmvCVlmE7MV8d5BSIj7v08Mfhf+IylWB3COfs1UngKS+96mp4omURIeKdcL5VKy7T+659NyrsbAYFgR41QFLwJ6qKq7OYDqB3ICWzZ28Aqxp+o0dmewc6lRhafrUt9f5/3bJ87RoEXCbZPjFm/DuRIwgVDWUkebuBvCSUfhUc5x69xWHc6AlUNaVasehC7D2oauxd+Tn0Wd+TiQi395pBe/TLH6RADIRDnW/WroqMfmKQOijXXPhJrWScblpzZNyoCDWdtJN2DcvfdiynT5aWUP/MfUq8xVwGNVvLsuT9/BIilqK3HArxsU9HOgybUgLQWCIxHlkAutjoa//Y/A==]]></Encrypt>
</xml>


2015-11-28 15:01:06 debug :
------------
String:
account-ticket<xml>
    <AppId><![CDATA[wxe5b18b9bd7e3626b]]></AppId>
    <Encrypt><![CDATA[cD1Aq4RjujtZYGe/Kj8l1X0L5JTdC3t98P5wP06WyTG6rZwhYqAv2hEiJqejClVYeO34wKk0CLsCkwL1DXrd10Y/6KXzwTmtcs4akMZaskCSPtp2O0Ga3haj68X3HpX11oY5dsHvPzjBBmOo1Rq7I+Hy+xPX6+UycNHmarTwOUhEAaj7w1ABTZl53tXWcNZDIDrspHXQmgXTVznv0e92dLI3Mz1xUG1RXA031FyYjWcRs+160Yy91L+z+lolKGCDtLqiQplXhvIqjnc1+XMehaG8OULX54e5iOrjZ7ZsWIcxb9uXuV6sh/t3E2WWWIRw3P2sDYRkmv2oBKKVPiuR+kgBM7i/O3ojBQIqWccw8Gh8mFNFewwKUNOjh7jm4E7d4kwBHOPwq83KDl3l+4vsHQWLmsrh3LOax4S/QFWd7hfmbBkVj7axg/Mor45uT0EXnAEqZVyLHcd7iZ+KVpKDFg==]]></Encrypt>
</xml>


2015-11-28 15:08:15 trace :
------------
Array:
from : oywoswL7phyxCPdhiX-HLYmfrvwQ ;
to : gh_594b4a77030d ;
time : 1448694493 ;
type : event ;
event : VIEW ;
tousername : gh_594b4a77030d ;
fromusername : oywoswL7phyxCPdhiX-HLYmfrvwQ ;
createtime : 1448694493 ;
msgtype : event ;
eventkey : http://mp.weixin.qq.com/s?__biz=MzIyNDExMTgxOQ==&mid=401375925&idx=1&sn=1055fe52b539b629ff2957852f3f5d13&scene=18#wechat_redirect ;

2015-11-28 15:08:15 params :
------------
Array:
message : Array ;
module : basic ;
rule : 24 ;
priority : 0 ;
keyword : Array ;

2015-11-28 15:08:15 response :
------------
Array:
FromUserName : gh_594b4a77030d ;
ToUserName : oywoswL7phyxCPdhiX-HLYmfrvwQ ;
MsgType : text ;
Content : /::)O2O ;

2015-11-28 15:08:20 trace :
------------
Array:
from : oywoswL7phyxCPdhiX-HLYmfrvwQ ;
to : gh_594b4a77030d ;
time : 1448694499 ;
type : event ;
event : VIEW ;
tousername : gh_594b4a77030d ;
fromusername : oywoswL7phyxCPdhiX-HLYmfrvwQ ;
createtime : 1448694499 ;
msgtype : event ;
eventkey : http://mp.weixin.qq.com/s?__biz=MzIyNDExMTgxOQ==&mid=401376031&idx=1&sn=412f72caedb38ddee6d15c9685dd0d47&scene=18#wechat_redirect ;

2015-11-28 15:08:20 params :
------------
Array:
message : Array ;
module : basic ;
rule : 24 ;
priority : 0 ;
keyword : Array ;

2015-11-28 15:08:20 response :
------------
Array:
FromUserName : gh_594b4a77030d ;
ToUserName : oywoswL7phyxCPdhiX-HLYmfrvwQ ;
MsgType : text ;
Content : /::)O2O ;

2015-11-28 15:08:29 trace :
------------
Array:
from : oywoswL7phyxCPdhiX-HLYmfrvwQ ;
to : gh_594b4a77030d ;
time : 1448694508 ;
type : event ;
event : CLICK ;
tousername : gh_594b4a77030d ;
fromusername : oywoswL7phyxCPdhiX-HLYmfrvwQ ;
createtime : 1448694508 ;
msgtype : event ;
eventkey : http://mp.weixin.qq.com/s?__biz=MzIyNDExMTgxOQ==&mid=401378263&idx=1&sn=28306028b044d9258843211986a56cf1&scene=18#wechat_redirect ;

2015-11-28 15:08:29 params :
------------
Array:
message : Array ;
module : basic ;
rule : 24 ;
priority : 0 ;
keyword : Array ;

2015-11-28 15:08:29 response :
------------
Array:
FromUserName : gh_594b4a77030d ;
ToUserName : oywoswL7phyxCPdhiX-HLYmfrvwQ ;
MsgType : text ;
Content : /::)O2O ;

2015-11-28 15:11:04 debug :
------------
String:
account-ticket<xml>
    <AppId><![CDATA[wxe5b18b9bd7e3626b]]></AppId>
    <Encrypt><![CDATA[7bb0YMGlSx5Q02gAPDDlTFpWw8zCs+AueJd8rh8LHIbXxeKq7bs5uETrDPyUFuUXMvXGGEbHJ6Q1/exu5HQsKk8M9vAHOITk7ib6E7QUncq5E/RkPQsvG3jFTODOUHawtP6kUNzIz42VBMetSkfpksi92BsD/C08Q7IAV4AmQ6pNOX5mOcMNVdIGbIoJgDhA//KKGEY42KiqtcYBXBISNAJaA2hlkriIQ7d6JablI1h6RrqIFP0HMOWyqoTsMT68yUUfl8dg/HKQvPv4qXY8jYo3TSI2jmp0NOaBDAyN6f8N/QgBR6IRVtBr7gJEy9e7bvLx32U7hmR1oQMUyQR4Ad01zDGEcnNFAULZm5GzG4nmIUrFQp7TixRZ696gSKBu/xRFMEbYNLbiVvU/b0TYoXUMEWi+1kj5ud/rZKhD+ERBsT2FUqb9E9fd6bQD8EBP0URVGGWfWk0pY7OvdiXphg==]]></Encrypt>
</xml>


2015-11-28 15:21:01 debug :
------------
String:
account-ticket<xml>
    <AppId><![CDATA[wxe5b18b9bd7e3626b]]></AppId>
    <Encrypt><![CDATA[EAKbiOH566gRvrOYCrSGkvYx5PJuEgDun8XBYq+VxAExMSlBJuphBmGuTRvDp4Jb2XRFUnjhIV1waCWxNy/sx8unIqet0kif6s4jvkFTCZI0IoIJ2p4WYLmiP9o8UNEbnaCMaqQ/00UlE0VmwwgCCcA5XW9Z/iC8jLGF61EbfwMFFVZ/0kIdJlPW0mmEzuLMFUjHFHn1VAr5o2bQoUQ6EohtmQKJ6FXes03kAQxDnSye7TuQFWI0O7B7A6B8FeUsfhB531MSie2aJ9o4twLa+794sI8gIdFphUs0WwS/9JPxK1K7CBreyJxsvgP2pk8gdwARcqS0AYN5Jnfaev6mjVdc3sLfyF1Qvm7gdE/ZKCG3BqbxHgkegXtMs4Mxwe7Wb+S4ziS2Iu3ML5eFj5R+9W3r4Xy8r1G9gwFijUPo3Kb6s6f55ZF4LHimdW+Y3JEfwGLCT0RxKt01ZUATTzenqw==]]></Encrypt>
</xml>


2015-11-28 15:31:00 debug :
------------
String:
account-ticket<xml>
    <AppId><![CDATA[wxe5b18b9bd7e3626b]]></AppId>
    <Encrypt><![CDATA[svZwP5+DxeC/Ikgckv5GNhtehowSD1Yp+qacde42aplmQF/aoWpF9Dzaz8EZJ2VYXgEJEKHBCF6BsSbfAqsi7h0dmaEMm/tk/F7PtovcLQXDbLI5ePLflp3YUCFprfrohiSg401ompHh9wpOFqkNCqXrbj51o/SwbBh1b74sYbRVnEWpkVe84PDsFKt7zvLcOZJq5k+KMCX6NZhuoJqeEm1COYJU3CS7tqGTJbIcvixO5YgfK2WGMqXfnkpbH1C6V16NiZK0OpfGgsPYEMJRZ+bdy32P1EwPa6u+Z+LltL30EVUOpWGceQETN6s7YNt2PrdO4qcdX1tfYy6PLKIpxd8F5LhBUcweF0s3Z3drcDYcw7wz+I5P2688qQLnTuEXHOBHc90Q3g7kYZVoC+qDgZTj/LS+QKl+VIVB4+bL4XVGe9zwN441VxdDD8hY87i9450VR3Tv33VEL0gHpNcJSA==]]></Encrypt>
</xml>


2015-11-28 15:41:02 debug :
------------
String:
account-ticket<xml>
    <AppId><![CDATA[wxe5b18b9bd7e3626b]]></AppId>
    <Encrypt><![CDATA[7YYysoJd6AfqG3WpmetIqUlc4yLVb8MVo3butEQwhCn+1w0V0BE3NsnqCPOr/d8iZdYEtxIpMAJhgkp2mLfR4NGGgkrFXq34GxdqQla1C4Pbr1FGXDmhNNLrYqw0B2mGUyfkjahk0dLXkPBzbVXGWi3/qKn6b1zgZd7p2TaqQQang5Pz8dMva1h86JYxWgSsNN1UkAY9znBWoxpibOX6LY8LJVcIGYfhcKoy7RjdE8VGLDZDT6UFc0aMqiU+huK9V1ZvEjBRpgCljgeyjs0MF1KVEkw1EE/nq7uQZ5tBL0v8axcpi2cll0MKh4XubN3kBdeS0QxQCgFZX/d7i6UBhW7/osPbZTzMkcgvve043ZrYENh0WhZ84zWcrYJ05wXK5m3HCtk1lOJd3Nv45K3ADtk60Uf1mTChWqNCUc57BwJQZ+VQAeqpt3xCjl1GzoINew9ME75CJy5tooAHCTABJA==]]></Encrypt>
</xml>


2015-11-28 15:51:02 debug :
------------
String:
account-ticket<xml>
    <AppId><![CDATA[wxe5b18b9bd7e3626b]]></AppId>
    <Encrypt><![CDATA[u2pwm7z08uWkR9Bq22wnK19wuvxCDtR9rcHgWxRP+EXHTK2JwF6TPbMHqhZNEASmUXlgWK++3/NmeD2ZiQsCLCvL8nbsAxsYhbAlQz4ksdAionRr9fizwAs+DwqyfwNZKB8GM0gd17VyOtBHMlpSmd7ZkXgyKaM3tkuP7JTjAA5iaExcx5oV9hofQ3oZ7KC9GbGn+I0jJH0eAzi36q8MAN1EQaHbmIWPXzYzpB+mXxqiRDXCvb0qtahD4Dl2ebc0L/8qzRivQHoQm45t5u1CoGrUNqlPB0wSBsP3riug36jMFE3EGTFq4jFrp9Y37+n1KNOjcOp88adtk7fHKpMFNGPt17djqobe/5mxXouxnq1We7sao/TpRXNB8AJHe5p91ksUu9yXMcYpA5hMRIQPcgHfg8G/LubZER2TxGiKOIY0FPTksX6kp+KW/VTeuiH2iLnGRD9GE8xNPPpib4326g==]]></Encrypt>
</xml>


2015-11-28 16:01:02 debug :
------------
String:
account-ticket<xml>
    <AppId><![CDATA[wxe5b18b9bd7e3626b]]></AppId>
    <Encrypt><![CDATA[oEVGPmCx2cOGszo7xH8ycwygNFw5P7KAF6hVjZDHxlpDz3R9yok9SScaCRiJJtUc99xNTpHU7t2aNnmjbfxGiL0DVPe5U8ofoMct6oXmwJsI+zf+7yAa5Z7dOuNGXpzl9DFUX5uuWusJRzlguzVf/PmIUiWZ4Vq9UrMkMr5mx1uj9UGZX3J91ylS/1ypQ3tD+Z/ETH5BZTMSp3XTpN8OwOHlj0Mp45lYAh/tDO2DWspGbJEBuimj41/uHlLP84HMTqXytMzhh3Mo7w1XQYs7ZbxPfPwXFJ8BEPK29wJBogN02idnGGcLVKbLleUoRfhvATnnCDlx6rQeqwAKDheycliGE1z0/QjRcIG4L5AqO5MICYBN0n1L+LQ2Pr+jSozV86pzXgreXJbpFjmMF88Hqt4czIsd+sXXpG6oTVVosn5RSvgg2zujNMjrrzugWt30U9lkA2DH6f5Jji7jmbzazQ==]]></Encrypt>
</xml>


2015-11-28 16:11:03 debug :
------------
String:
account-ticket<xml>
    <AppId><![CDATA[wxe5b18b9bd7e3626b]]></AppId>
    <Encrypt><![CDATA[kmk7TdfSy/+1X4CRtug9hcRelYDd6WcLZR9nsN2f7mY1R4n732ZDetBf4eKdhgdTvBxuzpDpjNs8v7GIJGUn5bdU+K3t7HdwfBXSHI9JzenJ5Nv35h8P+xdwuqz24dCnQWn+M0QhjFn9C2BQfms9XHdGA/TL9uvN2iQiryWHL4PHgL1dYbT5eKlw2jr/xGveNSkvpwWU6UoOEH0rFWOhGpizJ/sU86Y2/sQwbAGKhKLnzZmyR6FocJbAYRjjxi9j5qu0GHR8jhmJj3vSkc71tUbIj5WJdk22zQ8KrsGadr+EtbpYppyT50rB8hPrh4YaX72JS361oGo0aMXFM+mbAY0C2OBGSQPFOn02IsXH4l8ZxOh8TUwmIXxNwSWS9ER607SiXXWgLnySb2jM05MyslsGUy66PqICHQkvbQr+553P1LllDDSO6g5yl9ruyX3S0rAqGamWHbm2AcKcBOtChA==]]></Encrypt>
</xml>


2015-11-28 16:21:02 debug :
------------
String:
account-ticket<xml>
    <AppId><![CDATA[wxe5b18b9bd7e3626b]]></AppId>
    <Encrypt><![CDATA[ubfq3wXYN7NgJLtwS6Ql4gIgFYC0/JUWABbD8vf1nSCLdb6uw4Qnlnzc8EoZ4/iT6Wv5H6KYnOJrTFhUbj1j/hDFea/3dVYm+vBFjP7q6hNKTMt27wD4XiMzBCOvCHFBM24sGs9R6hZgKrvbuvwV133WOFc375HM8+Hb2jdk6KKBPjiaqHJzQe4jBlQdOsPMoABwvp3zHwxOxkXLrv9AVRyKQUv+2LXsEVQoHA3tGpBLgd1YERBolAWp8l50guoFcBRWgl6xqx6PhAdA4YtEjk2wraT+N97cx+NYYywUJuG8LPSf+KCEeOnPcKZnaCe/OWQlcoHUFb++S/bLQ6VHxZCQr+lGv5Iac/g4UrY/avbX4MTEFytsQFilt8/6llxTAdvU95K/ztykzj7WZ7tKe8AGOk7D2jyAgOByfx0abqabvqpXquF7t0N15jQmR7VJZZDXzby5W+MbQ3CqENdGQg==]]></Encrypt>
</xml>


2015-11-28 16:31:04 debug :
------------
String:
account-ticket<xml>
    <AppId><![CDATA[wxe5b18b9bd7e3626b]]></AppId>
    <Encrypt><![CDATA[mwz+Fsv4dQar4oN4AdH2BGzBpSLssMyPRdTCM7eC6WOGE4rV7XoaZUeOmbmZaoATn7pcZMbApMMZQnxAOipaOZmvfaK4joFInzgQUruvgeeSAxL0QWPbiJBS3JqydRS+Yob5o9JEqoiLn5odkz3uiB78sGW3jYYZu6CN4Fc6x8qV8pEDI8mCSHpj/IHjxuVpCbNH+AI3oIV7SnW7jm5TU43q1F0bQxLCJbk/R5lemKSmpUyxRCXUivUor9L/2sUkXudg/hKDhhbAvAYLmwhDaLofkTZEb4sxxZrqeKmwpdOAvsGt8PKqaOXo+lh9jXjgVfrCMddP67PhcRH20u6bGFT2BsYy6IAafdAy6ATeHZOG9rN1GQrG+x/MXECkagHzGvDTkR7o6TdQdGFxN1Kiyjew7MAkhwv8bb/rSP1F72pWCYK6LUPn1JlsBkmcqriI0ZZLzycWpSkQoR7zARYI1A==]]></Encrypt>
</xml>


2015-11-28 16:41:03 debug :
------------
String:
account-ticket<xml>
    <AppId><![CDATA[wxe5b18b9bd7e3626b]]></AppId>
    <Encrypt><![CDATA[jBCi39RRzzP6pYS0LO19yDHNCx3Lp8c9iLRRUfrvKfHADJNhDf5+reJaAR9ipRm3XfovH8RtcVR1gJr7L/5tF8i+Y6AkTItVY8lDJstMbj0CfEsY0dDg86ITRW5Wrrt1Da2kFITxN6jmysPQane2RPY7LclIf/55fdxUQNX0VVWon+aIKer3LEWzPLVnT9l3KXdk3KDUzqtATko40BvJcIucIxTBOAml53zG17+exMLnPiqnM7cY2NtdsCl4lg44Pxqsf6d25ASxu9KWRU/j7xILIEAIRA8A43nbeJzRWdTdoDbnHjjs2b+D9S/LIitFe/vF1wRfuz/fkhxZKoeYr9zYqRSVqGcslUPco99rag4Sn2QoI8h1ng/k9G3ptNZ6p9uQZJEMKljhxw67EFdLoyoliyElcwB4qnQNKbMhmx4X3jvCCEBvkUpnEF42P+BxyByo4oWVptHrko8s0AWqPg==]]></Encrypt>
</xml>


2015-11-28 16:51:00 debug :
------------
String:
account-ticket<xml>
    <AppId><![CDATA[wxe5b18b9bd7e3626b]]></AppId>
    <Encrypt><![CDATA[JFbyAyOgax+3a3zW6EO99Yp/CO6h0DHqDJUi7INOlKGHG3AdSE3hcgslLRRm1Qps+T3arNiqT51dX8DRBj+LUAvIwGDL4mq/fzor+opji0D5P6H14EFlwo3LnZ5BZWXGVzZLuuOPaPwRGrZOMIU+3LyM+hGMW/gFW6YyaePVxAexUMDtkRH8M7kylANhQ8TgwAC69K5IszOMuo4pqqwCjkcLyCFPCPhlSf67gEtwcMhgjTf3Yfwv4y+goCxQ1rfTXiqG0URyvOmn1ahZFyXgoSVUOXn+KAdy9bNzjhWBPaqUfqPErmGZnS5JYprkXLn/ZQ1bimbwF8UQwYc7OKc+T9WzrEpmWoK+mt1TNdVe+IMcSFJ8LBu3+g+TFeBFVM46VkG1O9wmJZLC2faEoNT/+nrn1jid1R1aG7uvRPozt8Nq8ygyhR7tAc1s56e4K/yyiS2GAVbx/o9hedTBOr9A+Q==]]></Encrypt>
</xml>


2015-11-28 17:01:05 debug :
------------
String:
account-ticket<xml>
    <AppId><![CDATA[wxe5b18b9bd7e3626b]]></AppId>
    <Encrypt><![CDATA[5hD8ZwMWMf8JSYJF0lCqN1Prd/heVkw9tNVIs7cQoS1grC1OJOE3PTzLuC0eBf2Gu9UtKC4slfKvw+VaWFTqw+tt50OILEp1usAQXSfF/wrMXCfd9hgbiLIE0wxGShy9+tt9QCS6lsBWft0m0KjUKRu/9DwkD6WIj5mn0UBKyFSsWc1o9aPRPcy4S2FwPe7SMK0BYojUfgJYmJTSdlJTLLos66e33QQ/SOA7AmEkbFegnC1AxaMhQ3yjy3/9UbOpRpawNIUcJIunHzSlIViU7+wIjxO57NBI2zQoat+0UC83hnaDqwpdLE2o2Sc3nUWe6dqIsAJ6Hbj4yx8J/uh0zBtN4yiS71SbQ/HcIxRvo+rSbTftjwa/vvuY7sxrfB+xKF5nXHCMJc4sXOpzB+iA3K6/0kF7fwj9dviyrHRySbQBRbYW2rP+0v7k9k0IV8XggW1FpYqBz4KgxH/B8O5QTA==]]></Encrypt>
</xml>


2015-11-28 17:11:03 debug :
------------
String:
account-ticket<xml>
    <AppId><![CDATA[wxe5b18b9bd7e3626b]]></AppId>
    <Encrypt><![CDATA[ZTZWuRDAgFISdkTODoHWKRThD3zcamHvFWnJGnIxslsHwIdloMyMzFltsSId7lzzVd8pj2yUy7kZqs+VlFnnau51+k6iE2vHnrsNjk3L13F4O4DVwjjwWawfM7gHgnwa2rEAcUP8Q3xfjmTxVwgwA7DpwY8XNgv7kVOmDrcMle8PQY/hlYDz/CYoCajrE56CSS+U6nIUb3szNKLut+DFHMOOFO/c32QveLZtJqUCAqi3CogHtoJgoXkcBi/nBfmf0LJoFiMV2BUxmziLA6x3GA34s/WB+wD9TrmoYfWnFFLkZbgBSMB93ggai2fkdHHLlMScvthDyPmm2mj5RjyHGZJC62+xUO01VdZwRKD8vTVp24ycOrQX8+cyaoIXhL/xpcQc/mEGt7MLC2n6W5X9sjbVSmGXl2u+/D1LE3TcQYteU40gRM298SPPeLUQe+wwg1uj4KUWnVRQ/6R2v8PsFA==]]></Encrypt>
</xml>


2015-11-28 17:21:03 debug :
------------
String:
account-ticket<xml>
    <AppId><![CDATA[wxe5b18b9bd7e3626b]]></AppId>
    <Encrypt><![CDATA[VMVYD5TWTT+pBlXk87moTLAZWnm3z+IGgk/3V72GbW/Jmy/bm+p3VR4xGCa6/jUHTAEttYeIQjimyjVZQfvy5Y1Y8QutJqXM7D81E6mQUcqqA+PaY/PZj8Vre6k5LyG8z+afepvN68hEKv0mTdhctV7kmu0lmL2c1+vdWSxdJHxZY/ejqlhMAMH7EPl2Th1CxNuh8ylt7m+P2NhO1RS+K2s4UqY3t2ID7+kGma4ZQhzTRpL4oR7mJwOUDZLZ6ap1cU0qjFt/z8u5aP0y8IpXsKFNxkEgCqQxWL3nwWgHx4W9WxEcA/gs9vp37+gXfa/w9bWEIfZ8m2bxjxh1R05neDkzmntwj+zRVw+pURvMtWWtWmDgL7Fe4Jd919DBR6Pf+DmirEhVG6lIAqE9S/flao5eaBzYyeWRMJyMrWHv4o1XG5c3ofvsGVsOthnQDId7BYDWxw6m+H/PDdURvC5IZw==]]></Encrypt>
</xml>


2015-11-28 17:31:04 debug :
------------
String:
account-ticket<xml>
    <AppId><![CDATA[wxe5b18b9bd7e3626b]]></AppId>
    <Encrypt><![CDATA[nCPL4xvCKy71HzyrSk7lkJAX8e+9wRJ4pX/M0ibF/2M4onlN/1Og9oULw8kt4tkE1+V6Wuhe/3VqgZYYwmYh0335hR21InA55hAahBx3HQ8WxMnuHWITyJl+QO7kwHz6TjvcQqsnS+pm2o3wwgJC9ai++V053+rIAKh3OEIrejvFP8ca+45Xq9AhiAF4mRx3mxfVEQ/cj/mX9RFR6v7ppFN9ARDVdm6e/CopmBNmuHLuG+trMP53kStoyq4Kdner9rS1jWuw1mp3WRHxgN2LTnFvVW4ICg/g9BUxy7xKC0YFYGs99REeUxiS3ZinwIRt7givfBnJ5Kf0klawCxrdF2AtkBSBD7+A/CzdHUxt7Tq5kd8bk0bJfVbqD+x+hB+bGioMJZrgqbLr6ACqqAk7zfbSVb628Rxc0L6lWbx55irnnvTMS6kvoy5kIRL3q3aN892wuk+OSqP2G8fsGjgX6A==]]></Encrypt>
</xml>


2015-11-28 17:41:03 debug :
------------
String:
account-ticket<xml>
    <AppId><![CDATA[wxe5b18b9bd7e3626b]]></AppId>
    <Encrypt><![CDATA[Z/fdhBgq/TQV7GhoHNpctMl8GCxhXKIEg68kHMaZsUbCdd/j9z7TmTbuLwmQgHgpjokSJ91wm0Xx3Z37yqSp1z8mtS+W/xRjX4b4NpKb80QQEAGALQRUZXNutLg+aicTBYs2InhACy5vd1RE2n14fRRoi3SM/lSawBImwruXpy/9yeCwGPuvnFiQl3KlYfzKcfHxkM+58Uc/vIG4rWWIvDsyQpa7rXgPbzGHdoJVYMxkavCFqeD4j6s2PGDxLaj19liL/YmSvQtXAbR37SJQ9uaDlnn9cbEqBtJK/pic74jOsRFlb5fpAAOfzROAFqEml4QZGsWRfW4isI6vzaKfVvxJQAMWad+TyznSQpiw2Z6Nt2E12tH23+nlUoK2ozSzS7H3gyFsaq+BkWieT2LxG3zO536UfYmo3Ts6DK8TcwGyPKFZdtI31WM2A9Yv8D3gRA5YCPfdEw64IEVeva02Qw==]]></Encrypt>
</xml>


2015-11-28 17:47:22 trace :
------------
Array:
from : o7SFQs7Or30vr1h9PQ5gmcUUd0wc ;
to : gh_f8ef5613cc37 ;
time : 1448704042 ;
type : event ;
event : subscribe ;
tousername : gh_f8ef5613cc37 ;
fromusername : o7SFQs7Or30vr1h9PQ5gmcUUd0wc ;
createtime : 1448704042 ;
msgtype : event ;
eventkey :  ;

2015-11-28 17:47:22 params :
------------
Array:
rule : -2 ;
module :  ;
message : Array ;

2015-11-28 17:47:22 response :
------------

2015-11-28 17:51:03 debug :
------------
String:
account-ticket<xml>
    <AppId><![CDATA[wxe5b18b9bd7e3626b]]></AppId>
    <Encrypt><![CDATA[TlGL8DYE9emSDiJaedsQDwz8vrH8sC1wmm/hL2t0q0Gu0EOwaEo1dvxnYMgQV5DTMCtaWor6x58XVxqkFuxAG6BI/LgbjnpygNn+FZ19JEqI7UZ5GyCWLiX1244pcoYlmNEDZjNVU+v9NJzRC5v6qN4rVwnaoocshCpaUngR2UckipG8dCskaHrn24tXJOVO+enNV7YA5y8NpzD/n33V3zVTRirxugmQDKAJnY+Q10OjFKbsrwIWWx68S24/KIF3IdI9VwstnB3dwAH8b7gw3g4Wm203mfrgPWhj7X/8OBkMOrO62+IeyS9XDJhw71KdB2mOIe1oba5Nj/XOL9drqIHBlPSxeacciDFRs12jLxSfsbG/BA/2x/SDdr4t9NrsP64a5Z3m57EQRoD2fGpxcn8blEWRxLSbQLTmpjBcWw+y51IpQRJkWrThrlEzLnDWhvaXbPGy4wrw68qSIaPdGg==]]></Encrypt>
</xml>


2015-11-28 18:01:06 debug :
------------
String:
account-ticket<xml>
    <AppId><![CDATA[wxe5b18b9bd7e3626b]]></AppId>
    <Encrypt><![CDATA[UU0T1nTckCpTNpOKzqzvLz2jEBuyt/btNV86uiRii4ikL82JzN2QbkKcdxae5ebptRg8pLoc0zAYK2hnq8U7Pxf4qxlpxrDctR2vp+pIHvA9ldfguS7QPlmO7+fatMTKqvP1I0TkX4DEAFIc/pEqv4i6TvJN0HyTpegbdrYKWsmQXGgGiOEopjS3drdIfiZDthUt0WGCjWp1hC7vBP5vTk4riAvjtPy8wOamp8U/xEdfkYNCTETrJG49VzRuEz4whX1tqVFqWhmXFjJV2GX37v9foeHZ1MNAwxrBNwhDt9jAWx9LUNwI4JCCoR5Yu6s6xJ/ljg76gqdFj0Z3JzYNo49E0ryKz2E1NSmb/bjvwrFCaLMsRjLJN1u9N3N9PXfAdUSH3Kh1XeqjeJ07jFlKNJW0FG0xwwN02NLxtDQIVI35PItJeqsWfUEZDfV6jd2PpvpY7SVDrNXvSwwUrWcMmw==]]></Encrypt>
</xml>


2015-11-28 18:11:04 debug :
------------
String:
account-ticket<xml>
    <AppId><![CDATA[wxe5b18b9bd7e3626b]]></AppId>
    <Encrypt><![CDATA[yrNbpu1xnTPUscCvkiz+Tr1mGY3+6ziiM07aoUU3imSnYjPfCeuT9gYARdTRKHvEe/pIiWHYUBlVLHxBhtHGG92L68fQ8+GZek8NqmsThQQxHfVTPZNSBsOIJ8vC2Fb168K5v+N7LAqAVCVjmS5OLvUbfsWz18N4yMuRycO0MOIOSA6OhF/g6atwW2hTIPuEzyNJLg2bCxcqb2GwsYeTbwu/6mbQMfoeWFIDIoTXIW4JfDXu3vLg1CugO1ZLm8F8yXsIz7KGiQMWlCk++BsguEjD4aT7GVswXB5ZIqJDPnt4yNJzIsx8TUwuV5jHCR04FksMFXXlz70tTwvVAGnL6icAkysiKzFgdfhR5Y5MVE2c0GCL+koAj6sRn9YFLRhn4+75HL1zLOIzDsF4XBIVF8At9kopbJeqmTHlvFChsGeQPJQDQgud30BRJO57ziARQ0cuxrvLZSCuwepNEnJ0Cw==]]></Encrypt>
</xml>


2015-11-28 18:21:03 debug :
------------
String:
account-ticket<xml>
    <AppId><![CDATA[wxe5b18b9bd7e3626b]]></AppId>
    <Encrypt><![CDATA[QkGS/vFOsjIYBP4wYm/laBXMkHN55Xy+CV4IQKJx0Ic+v2r1ZYbndFpYh2Qxv35dmm0GUb3WsaBu/1v5IM3XhosE0yzqXx6rg9myHIhR0lN0PbQ5jkZh9WcXlvMNsEfIyTc3mbLYUWKnV+un4oX2LqUdczBDXLu6KLoGvpfBOg3ZSzvpTeJ4F/760nun9oyJd1hLO3W+BCqiHglZxG5REaVcGA1BWHy5gTfrysRvLhqgSq3Bd0mnF2jjr28Fb4AMQH3AyfuU+SALn9cnoSR6pLJihnCJIx95rD9DbvDYh4O1FjgpNta6xkeXbg0cNOa5Kdm9oKKdP8EPfZy/F7KZVSWpHDnSgUm+HNLXjgPhMf6rd72DTyStN7mYCIyQtAPk8XTYc9wX9DlWzOBJKWZZeg8ult4Hsuz6jIol9TLcf0QpPkW//iWMEiyDFf/HX23QK1TFodG0+Ac7cA0Y9c1HQw==]]></Encrypt>
</xml>


2015-11-28 18:31:04 debug :
------------
String:
account-ticket<xml>
    <AppId><![CDATA[wxe5b18b9bd7e3626b]]></AppId>
    <Encrypt><![CDATA[sYhu13Ut6/oJvezX0WgC8SOX7hm+dLj05y1QOfjKFtkF1rodzVb70b7GNVb3HOSdYUZI2EeCVeD/OBzL6+w4pTeFd4viY+D408v/DaOpCx9v6WAKOslXgKJ66XsdSgaVuevWr3gQL/lq6qCl4ruj78lqw88p5W6eeIjdGpMi95v64SErgdP0tOqjV3460lCJVpsCE7wgj1yHDJZ+IJ00CAqWdtkYtyVzhPwgNs8DU+7BKr1M/yWKcflguEF02JzM+baZPoKNCwLSdMX4bAhTANQc3T/UzjXw+WIEWXXLyd1ZQXWa/+qTveDnVdL/xoXpsobkrXyVWhZ3rY6i+5P/r3Ms/2dSlJlwz4YSC6VL1n3XeBgnWj7hTx29Qfj1M/blfkquF+TgQNuL3IpYbjB70Nzterh0ZbiBBWTYyzXG5vjkjQhWvtkko9w+cNtYc44F+3mGQ/ZESAH31KkpenKqyA==]]></Encrypt>
</xml>


2015-11-28 18:41:03 debug :
------------
String:
account-ticket<xml>
    <AppId><![CDATA[wxe5b18b9bd7e3626b]]></AppId>
    <Encrypt><![CDATA[U4A2kPHJ5P3IkJ8sIizt9Tb8xWmb1ykfj/LaPyLIC5gmv7fLGLmRPIbjSlu2DBYRrIGVw8sHG29VnCXlEMaLzDLrZGiJ+bWNEbpSpz1/mKUNQr3ambxs/9iH5eG1vyLsaKTZOpGVeXKkX/6G+q6Dvze5w1QzQhE8fT+bMvJuzfN5SFwgWeIF3ctzic+B1MPd/qPtYPHp/I9AyHC2E6h3JfjFho90nDL3Gsz1v+CakSOpdukcfwJzPkWFhPwxsLw0HtF9pkIxP9mkQLWc29TwXJzXtrY5Uw+TWt3xy6R2weV3drU5wg9WKJXsPg+eAam39+bnpGxvOthEb4CXrD6EOY76VEXe4hMLHZzJHvnXWcli88RzXUNr0FVQdQKYoDGAXhXk/TcrNu2nBvyB+HNENXJ6Ee6Hq+XbQrmklaT4AXK5NggtwiIB9KgAiBepgOeRSgf9w6Xsl0ZJqWFTLOtvzQ==]]></Encrypt>
</xml>


2015-11-28 18:51:03 debug :
------------
String:
account-ticket<xml>
    <AppId><![CDATA[wxe5b18b9bd7e3626b]]></AppId>
    <Encrypt><![CDATA[jng90FeeRBNiWboNJZrJXShCq5g+xsJygsXOlxBVoeez3x/EfMV9JG0oFN+I4+h35pzTQZXsQeYoBuCBGveLlB207Mqa3GSo9ei7IpXISjhO4BxTlrEO3wR9qZ9qXhKu4WOtBsxeZzS0vhb7EbKG3OK0zgZvaiLSqCsXJh8otsZXIzmK6XI0qEKa64EPt+3HyQ2yVTxtN0SsA7crMjG/nZ6btvIkY3JLHxq2lzvNOb5O7+rresDKOTVsVaB/bNN4JV9fw/jsFleOfr8AXWxqtnmgX38u8yyJJn36lXfFrSppT5Vvn6fGmdtcchovzHlLs5d1wt6w6cjxoGN05cPLPWitpma39fezs2o03Y2F/i9CYWR58R19bDcrWwwM98qjyUUuZm+mxnKrOX3XCP6Trhy6OJREiYqrPUlnodTWshygYhmeTcxyeX8TVbEJbTIa3ZQZ4XW2iT7bNBLC0ccFoA==]]></Encrypt>
</xml>


2015-11-28 19:01:07 debug :
------------
String:
account-ticket<xml>
    <AppId><![CDATA[wxe5b18b9bd7e3626b]]></AppId>
    <Encrypt><![CDATA[5ye7TLxXqeqxTmhoBiS6BhIYTGaWVrLNb/J4+eoGAq1/tc5/Emp0m45EBCFrgVKY6YYEQIOZVJsZiIaOaginFt9bY9lACqXt79G5pq96HWaqKo6Z/q6CHvUXzyIUm2PDB18kMNjgF/1MTdMpuRNpd0BFgrzFv1Ul6ClOeAawQbsGgFdmQmzMI1DJi08KRZYbpnNlUM6lqNpY0znwi4eL6XcunAcVOcPSSSKyGwhTJsSYT7XaUzIx8ekt50m+TgA7/VtCv32MEUMwsvHddma5rvJ9+Ly5QCDSTEZzkOyb270161slnMun/DGjJFMz7FhKfH00dPYhQf5ujsraHSL3/gTdErh8BLrNg4tUK6IoOJRtXxJjS50fnmyKENPiAFfhFf3AV1TgxKzyb7HPEEKFnF+yvILalQK0PPZSiqD1XFWaHwqsX/0Miba6g1yE6znwMMHp+qBX3b5ydhg2DrPSSg==]]></Encrypt>
</xml>


2015-11-28 19:11:04 debug :
------------
String:
account-ticket<xml>
    <AppId><![CDATA[wxe5b18b9bd7e3626b]]></AppId>
    <Encrypt><![CDATA[+KRHBXQwM3sMZAmacT6OEau4nilPXaPmAc5OS9ddW/LlVZf/IzLoyYw1JDtD1ApF7twtofQHmfgS6y6nZFqPRFhHQ7/qP1HE/2kLikg88wiAVMjbzHF24M4u94rmg7dqGaMl9q/mUYxBzKLQZdP2y9GwKIFHECOlZF80qxnEL60P4I5Je7DT6CL0L7nhAg1B8RZCgJGAbfcr6C+FApNBOwRYKjbMdnGqXK5bPtM3A47aedo1668UXjdGJcyIfhItRCbIAXtgKAtNPDI4Od6Ww87RFNGKVSIhU9yXD3/YedIsPREYmZAiv9U23s6IovEsohzBrJ1j7Z+hRQzjs5IQZTwjrzlO7bBan0B2mYZLDOefgRhYNr1EUFXA5f0dL4fT9MnmGKjYB77vMwnLP/UT/Q/gtmovxo4UEKObxZWfK49DG+ajjxvI8fcj+xaLQWsgQQTp3fMfaGtr8DvXt8LCLw==]]></Encrypt>
</xml>


2015-11-28 19:21:04 debug :
------------
String:
account-ticket<xml>
    <AppId><![CDATA[wxe5b18b9bd7e3626b]]></AppId>
    <Encrypt><![CDATA[n4PrXUtVODLjaXYtsCozlKVKIo5i/aubl0pPLZWI4qjXkIgQfIx1OduPte5mDlWgltdV9jrZEeAyfRSfX+WYPMZVAgjKyj/K0Q+85PgerbnCZzq15UDQuYD3yKPRJ28Z5wg+52SxOSwam9mKVSVe17/7Ls8UNTnWItm5IurCHKsNUPK565eXvPhGyyh+xoHEkl3gGUpVyrKNrAxZhn5c5ZCJlMCHOo8OMuYfYZQYFFff2DlHuio36m16jjRY3UbPwjtJCWZhEI9f13IYCezPNpHFAJRh3URkOVwSXspBYZRjx2rcby9z0+McIZx0TP6A7mmsXS4bkzYvzAyt+xlZBFLDvAVIskCNBmgTYdswKFn09MxHco+gwjMA3r1+aKdl27GDjWCMXIsNyFirhva1wlljkS986+c9f5sPtAUOonPkoUwAA0RJ7U4EWTsjq7wvBIWog6iFueCRNTydR0X1Gw==]]></Encrypt>
</xml>


2015-11-28 19:31:05 debug :
------------
String:
account-ticket<xml>
    <AppId><![CDATA[wxe5b18b9bd7e3626b]]></AppId>
    <Encrypt><![CDATA[Fi5uy6L+A8md00ZqkdAgpXuJ2yIMiFbsIepYtUhWqMlyWveFH7a4EpsHdZuAzUd6k27jtID2Tt4Act1sTz4Nupd0f0p9QaFX2jB8mjOqzI5rdwvVLGNK/f21M/GCKc6dfS+Bi+9SFjadtU5XcD/ihhJavEhS19rnFDwb79bA7hrLGwM0yc4sjrCXa5E7YYm4o1UV3DbHtJt1vKKBcRT0vziF3wiZagNxLeojYu2HyW/0gGK+O0i3f6NOjncMNBThhLIQg2x4hYQ3t0iYG7Z/poLHDvFKXDnzDmKEEmRwuJWRKQCwlkxrIoSuKbz/yCsxiCr29Nj/6sg+XIi6hYXVbnEImVLgarfTdsxNN63Ill6rGemcKEK9qIPx9NI/XsOjiVG1RSsqi6t2IBE3Sy2MpK8YgAVQ2skHqQtQAXYAIB7XWyhaiBGff2FFgjDHilwVL1nbQV+u7oj2jw829uebpA==]]></Encrypt>
</xml>


2015-11-28 19:41:02 debug :
------------
String:
account-ticket<xml>
    <AppId><![CDATA[wxe5b18b9bd7e3626b]]></AppId>
    <Encrypt><![CDATA[7VV9UgGgXNu5tTTpRT3yZSsv2CYwkjCNGFQ/KeCscBZUz21ZPVrf+PYUbMiYtVjuSSeTq6WPRE17ejDnvihs+L9HAKnLqBf9gsaE51TIPaaGRMUJMpS05Dg3UT2lslVZgU/qVMF4kNjSYuFKQnV0Gt1Lm23NFi9VyX0T2OcEu7fnEiyHDyK4NORuyCZ5o4mJdbOQ0jP6sHNFT7j6y53rmuu9UyNEcRbG1mF6i+kAQF4gomS0TYKOPpDh1SI9JhUNzUTAYMwh9dpZc0GyXIvVGUUYRWgzKrMfxLxrFzaRUlL9sXKl7dnj5q73048BQudZDRyuT4xKMlGwe5/3E3Qaiaw/VS5r26CikWDKbLFiL+EOv6lOEkzTpsfi/+mhaQ1RlHuWfb1LkTqVxUeN5l216+CdIy4lAtyy1YffM8CrBCDjS/vxXbr/lNRkJ70Ky1Hywk0iTXre6elOTnuKcwiapw==]]></Encrypt>
</xml>


2015-11-28 19:51:03 debug :
------------
String:
account-ticket<xml>
    <AppId><![CDATA[wxe5b18b9bd7e3626b]]></AppId>
    <Encrypt><![CDATA[vMBycWpThoM0FTiBee2WPGV+W0Am8cJRsTMjfBw9+PvzD+G58a/p25OhzQJntrRorDlWc0Y1sALHJO71YXqB2+hrkgyOEOoT31ciS6Qsw0NCH/0n6+HfIqDhCMn87ey6EZ6gTQ7NaroNEkoEjo173fb3xPTejfYrH7bUKDHolB7xrf0pgBleO8fzK7rXaoEwtREs1FUY4hj7GwdSj11LYot0R5oQ8FCcTu6YDdv6Q1aAIIuRdTsCa49aLEOGftRiU8U/uUX+lVhB6TbbfO4tyVFt2QYwxuOSl4EwGmm0Y0LMRKSqyMX6JRaCX1c0ycFQUpvz2113RscYDuKEg1MgI1aewzpIGsm4ZMhHDb9MUIdb0nzwWa0AP50fzj9Ro3XphUUdpUkhbR5pHDgdRGwzpuZGUfB/oDxwEnBRTtJKZ8UbVZzUxEh4wYy6rrlPO/2RHO+giKbpBdVZ1YsumfMM9g==]]></Encrypt>
</xml>


2015-11-28 20:01:06 debug :
------------
String:
account-ticket<xml>
    <AppId><![CDATA[wxe5b18b9bd7e3626b]]></AppId>
    <Encrypt><![CDATA[vS5ozjfrj6yybnJFnaLbN9gh6uFoVHvK1iDqlHMXkvv3Buws8MwC17R2/LzbTDRBf5PeTulWEHOJbqij0s9RhhVA0XsbrWU04Se4cl1BBEwKsAH2DMtLogcWZWWyuFlA1Lo1M5vlVk2sYUPuv8fyhLp1cusVagEij5xEjBwy/fPuPxC5owECUYR0lu+hwtcuQOEvG16++CDBWHnLi4fPzotvYfjHLl0K4bz/Z1kvxueDzB/db0vz5H911fiP1OQA8ciQBMS6B9zDhK3yh3GPEG4mgV8baAsW3Hqs4whPZrUfy1Phqtx0EDwWWEbDx+HbSF2g3Z17LzBm+0+1fPE8BMW514Q6ycP5nAcBr2SSEEol+zg2O+hGQr508xEE6GsdXBw+5zaZn7086KAUU9v6SxKNWE4qyaluDjTamntm4DVWczjJoDe08AgvARLvfr2ogGzWw3i6XFRLvVKrii3oHA==]]></Encrypt>
</xml>


2015-11-28 20:11:04 debug :
------------
String:
account-ticket<xml>
    <AppId><![CDATA[wxe5b18b9bd7e3626b]]></AppId>
    <Encrypt><![CDATA[LqTqYpSsICUP8ZpRioqAhRTbQD6iDHzY+imq+Nl27oHBoUpUiEkpN3/YBFWZK2Gv4VQL52ZPN/+MNxAnppJo9qBwIouN4R273Xjx32GCpBDmj6wGMee2AEicA6sYY8EQQjGWu0s3i3MANQHS7YXtV3U1i/zSPRM28KmZqEgCr2Q2Q+6t2gi118tXzgKCjfh4YeVicfqBs6fpYzF8jwYDdP8w/sB9XUTc/Tgk9YvgVYe3YcA9O2oQh2lsGbQ2GrA1UKbK4Cz/02b3NnbzMqtVgiiUBbP3icsQ9u2cUJeVHH0FBG//OkafPLb44jmkoY1KX+Y4gbTqXeoI7LUleH243VLF35x6XNOXw/xZZUBY3y+7dayKY2knVCxa46glVpG+yNYd1B9bAb2VDPd9OW2n/ESk9Ckpkj146jUlTSgibxFWaiFLbLTJrFUhADrgxNOqXBAcGiO9Pt4sl1xoQk3HHg==]]></Encrypt>
</xml>


2015-11-28 20:21:04 debug :
------------
String:
account-ticket<xml>
    <AppId><![CDATA[wxe5b18b9bd7e3626b]]></AppId>
    <Encrypt><![CDATA[OXGNJUduB+apP0JXlB8GuBekqLWSlbbcXqm7v6gv9RF4MLqbZ1YVpy2uNMX2TjKOr9pDUWbmoodZ8exqgd6peKogFHduQnzUMd5JbAVDqKdTjOpNlb6sbJHv/WN3s42N8Ps/xsgv/UNVHDVYdOBKxYcnkAsRqI1WQTwrtvNa45a5RvEqicMSNhqW2n5CcQ67rqeU7oiGNWUN3GVWXq8hqxTzSiNlWVKtCFdjutuduym3R4sgbbPsJw4Kter2nIozacOUaAj+7/X8dw4MrpFBK9MKbduvCh9a8AUNFmrA/XRvIMaMPzsNOWCxD6jPNTVcxF5AgtdaRd+pyIxota7qE2zpRpGbl0A/LWyRFrWaWDJBn2R6xT7q9ZDTKQkpu00UpLnnQcsnvH5ZEuGrWCdJtvqpKH2iM97fFRl2ne2dBd7cQwKk/Nf3N3KK/xsUD9eZ2+ZK4TgbXKrdTzV0dyukmQ==]]></Encrypt>
</xml>


2015-11-28 20:31:05 debug :
------------
String:
account-ticket<xml>
    <AppId><![CDATA[wxe5b18b9bd7e3626b]]></AppId>
    <Encrypt><![CDATA[b7iNgssTng+cDSM6Yhlh1sB11JPLV/RUc733/8CDFt9kgKDj4ULo7snBcnWAOrR2cUbc0oY83zrqxqnA92A3vkgT/Y2Pxm85hp9bnR3X0YOAbwR3sCr0G7oqr+f0PtUQYI1oEQwzPWFlzH4pz2+OXSeUM6R22HP052a7Z7eF2AapbbXwbvJ8RtzhbQGHYHrX4WzUtFDqZ+qLh4J4rmZuFJQocT0ENd43psEq2MYGl7I1MgXFFAQnaEEWEiMYVeAq5tDmbEw9bdYrnYJkzhc0Uyf21Rj7PIrWUCMDXUsv1B1mU+wSY+aL5gis9TFy/elGje8ZMGFVHMu1Ew4vaxDKTWYxksM35AUHO9+qkoz7B/VY3EyvCjKodunILC33HMcgyF3JHpqSCmuGfT4YkJYCJaCJ82m5P9bWPlUUJzQAaB5/LsV1lg9kSqZhAHR+ZJEGwvhkRm5AnBouTB/D037zBw==]]></Encrypt>
</xml>


2015-11-28 20:41:03 debug :
------------
String:
account-ticket<xml>
    <AppId><![CDATA[wxe5b18b9bd7e3626b]]></AppId>
    <Encrypt><![CDATA[B4KD7QF0Zj1DQo+9Jt74FV6dzKbnVKNamsbt+4sovA55p99EWDsb4QlAk60lA3iM6A0cFm3WzFmaM3fJ0+wByhWiM7Pr5o6J17wQzJ6PJWHc0t2tiPQXllznur3FNaY8+iiMo890GHk1xFvVVJcT1Ok0Srux/gf2Qg7ktElTsxDPeIDZWlNAG7VfyOYaa72LhgJvoX0dgo2mGZkWF3E1yZcmqKt7tDrYPcOKtEu4ssbf8ep2Xg8gIQ9tmjU92ZG1M4kRQon+3pC1HoY2bU6mmhNW3IjkeeUE9RU38RQ87fFirlZmtCfzE0+v5esiPA/xutSRVnn20O4AyBwZ8qlWOteuH3IoJHA06ko8UFzbvxbS9fMJ0r98yDdGh50nem8pmYTMSth3LOyeR+7EmHBk6NbLRyiPHvPl9Ke3XTwREhaQX2pjVKOqDuWP4IuwVLXtolyWQK7oclw/s9qDMgGb+w==]]></Encrypt>
</xml>


2015-11-28 20:51:04 debug :
------------
String:
account-ticket<xml>
    <AppId><![CDATA[wxe5b18b9bd7e3626b]]></AppId>
    <Encrypt><![CDATA[NiEuOjHjFWdl/Qgg+lC5gluB3QXqwnDiSGfntU+mGkfyqjWvo7jlp3ch8Gynpb80XHrRwkYrUfJHvRzysgKdBoix6Y/N2SfGcQ/N7lIVww5DZ8WVAt5+8ZqQlNL4MT/t8iQCPjGU+kYQoXdNtQw+8BNwefEeQgmM/OCj3wUI3wAG/6mO7DY3GHa87ZWBIgIBEouKr+itWlLSTwsgcoGddJt/ag85T4HC0MAQjyW9wGf0k8VY6fGOw4E4GaXtOPYxjRa9VoLrDLqBdtbLs+ClW9ijB2s1+VSW8dwsxvkYovdmTAslGZqf51LG/t8cf0Jj1LhahAbd45OWar1Jy4oc2coRGDYvVLfxT8KjQXr/s0gK49/I7Lr+iOgnWHYqLyMyjia8br1AVeNPD62OWGrTAuKaYWtahpyA+P/PnCGTaCnaCENzVWwbwJlxFtfwkkKvwSSzWhOyAjngB7GqjRMQMg==]]></Encrypt>
</xml>


2015-11-28 21:01:07 debug :
------------
String:
account-ticket<xml>
    <AppId><![CDATA[wxe5b18b9bd7e3626b]]></AppId>
    <Encrypt><![CDATA[RAqyhWoLbeZu5APhSHnu6U09+E6wPUD4ybMfRR0grLrSBMJAPQ1pY8EUElFpH0msJflct10wgKsKX1UcjYfz/wK6Ut3Ka98jRJQJ2tDgYQ/WsEUeiCA/4gJHZ0HRqtME47AVxKAtsY6Zx8/RJHQS9tRWUkFBRZY+8dOwdpoBshHtrSWfc0m2R5yZB4yOPrZUDSW1vtAW4YAWQY/pVlIMrqxJw/+14F1T6XAABk1qnuFsz45viq5HMgIHO78hchoYTmV8aRL1z/PVfCPavAHfxMD8Fkw5GNPmfYbFDi/iSj1ztXD25pOi2rbKMFameAYFOnYQfC1wAmF4nFtfyyE31LADMLjhvmfzryTXmdvTGziDKoMaAzS9hMfwV9BZdo7O59I/2cud1pgkJDLjzkLy0HC1OTWdWTYODLWLwBUrMI1J/LMqaKlEuq/8B5cmnUEjCKw8WaU5DFhHYZVlcBA4fg==]]></Encrypt>
</xml>


2015-11-28 21:11:05 debug :
------------
String:
account-ticket<xml>
    <AppId><![CDATA[wxe5b18b9bd7e3626b]]></AppId>
    <Encrypt><![CDATA[fQZFIpCieW0fWZbWPkUr1ZuVvGEr4cs65ycEqiP8tx6OxWD0ZRdbHeT3HJLRQPVi6wRYX5c82Xx+IgGGMr8CPD3qLncD8S/N08y+n+kYAUddQhI2lNT+14Lu/GTgLE5iVskp/IBaD6iufhTKYSXesCeJ51OasSzhEsizichIJPPSXBu+jUgbVtGfcfP8uHXNhs4l7XE6J+BhXSDh2SfbdK/K/Ad7mfC3M/rjBzRm+c5PlkFpgVagJ6BSfGbhf8ZzOro1BDUmulo8IK65GtwA6YfhPov0HKSzcHM2iGsYwkluf9HLzvqEaynEGWxnnd7b3MJbtL20mfAjPicGoVs+DFDcKPSDccsMboNiX3E5mw397yw8NTMmnFqJxE0jKfPbaTBYQC/LdGrW/CnmPNBj2lG04znT3rWhn2aUpIQ9HYq/UKFb6H2e4nzhlC47KHaGylvf/ssLMkS4B7YT73vVKw==]]></Encrypt>
</xml>


2015-11-28 21:21:00 debug :
------------
String:
account-ticket<xml>
    <AppId><![CDATA[wxe5b18b9bd7e3626b]]></AppId>
    <Encrypt><![CDATA[NLwpjGtdNYGieTdrWGWXAptFaKscPhqEutEdXU1HzJBzIaONybyVvt0VypvbjfE9AcmYe9uNheceqBi3uiQCF/Q/TzHKoeZZILeWWQJdRCP8m7Mo/Z86gEhWL4e2ZWshZpcZi3lAvo++sqHoGihZlgKxNI86t5kprKvC6xkd+foiXKBMjBCzNZfZi1uEJBMzroHHkYDdCDngJQtjILfL51jO8v+Zrvxvy2inQaZj7XqXyl7yRM+mTZaIXE7FFnGDMQ2y/DRv1cqyL3aHTAE0CWZP/fFEySLp8zRLmjSVTaVNma71qIioYmb8nE9zbxQ077no3+BkcIjV99kRx4/CD0R8pZFwdn0K0OAinrblzd8Xs0Lkke8ee8OsGWTfX+U0VDu7mQMRKmBAN9aPJbfS0jlwot1U6d22So6jg1e4xIQLdH5EEaIdCeVKJ/KiJ9dp71GlEAyPxX86Pts/vMoy8g==]]></Encrypt>
</xml>


2015-11-28 21:31:03 debug :
------------
String:
account-ticket<xml>
    <AppId><![CDATA[wxe5b18b9bd7e3626b]]></AppId>
    <Encrypt><![CDATA[It3f13yF46ipcGf42uWHl4d4b3qYnBd8Vfe3whIl89gSjxaUvbeSivlDDAZ0B0qMbcXFAEhGBZxeWlsFKQ5ZselHT/G/VfnVFayxmKd3o58kvgzX3GtPaQ459lvNKpdYj9YFlAjvSjBtw1qDigOVxbPSbZ1IIy6OgecAnTi8ZLbKsXhN1o26PoNB0Ruu/uvGCM1MJJrZTAVkE/I00Mb3VzWLEhyLbi+p5lV3Bn9Vv33RtAqDOeJHwb2+zPMwGpf0SR/OJ4Gc7hAYBb0MnriKX/3xoeQxwq+xaqerDGWxs9NcupLxMm2aYyuZVxHyiQzwqAYSFb79deMIUhuYZpqfHQbTOfjFmkSc1bHBm+/czaCCfd2ka2WVYDlKSOLKIylGei5r6owBDiaFsT+9fY4daX2zKGBN62caMYn/P6SMiNPA6AKaAc31a/LK+TobFTJzbLRDltQtqfp8Jr/iJtoXOg==]]></Encrypt>
</xml>


2015-11-28 21:41:02 debug :
------------
String:
account-ticket<xml>
    <AppId><![CDATA[wxe5b18b9bd7e3626b]]></AppId>
    <Encrypt><![CDATA[DgY++U9VoEuiNYrE9GnF09mNhMl1gebq5CUGVmldlrosBeIdle0AlSeo1hLptXeQaeTw9jcfiu2QZ8qq9IOA5VXQm/3Kmx0sDa/K1Jgb7bf3ItYbeujYcIcOg7uQeDh4XQWXFtKHU75C895YnxSe+Jz6REQg2W2bbYc/IvLsd/iNMMIehOAqKsMIp+UV/us10aJAkNe7KLYSR5wYvaMvzEUwnfaaE0HPBdmOzrqPxUmgfjaqkdu/gueOnQQ6Pm4Beh3voDX/3cAv8/gG6KaFxbhr6yzvYksiHfZOTNondgajPzhbaloYVd5PGODPhH373ZjkqKgEi+7TttAAFP1t0vCBkL1H5oZW/JY69Oon45NUsoP8r2LAIfYTYjeXNNe+MdsoZDCFW/PT03c6ZMcAuAzuHnDvtA2iKBAFWZVw/8FYec3OPE5yREe6+F+fp+M9DFJAfVciT7z1J/RJjAE56w==]]></Encrypt>
</xml>


2015-11-28 21:51:03 debug :
------------
String:
account-ticket<xml>
    <AppId><![CDATA[wxe5b18b9bd7e3626b]]></AppId>
    <Encrypt><![CDATA[jSCkOI+Dg2NgBqOXpp5L6hPINhe3iUyjeDDLfnEgZXO8GqUZNiB/YO3TN+EIiVXz+t3zj0BPpC/QoeLOiZtKlZXqi5/IkloBoSrIxiHteE/WAHNyME9iVZHLLMCSJk8i9rnpKZJnrtBP6qdxPErkhG7Z2jnbJflE6LacmQr/iJtrDtVJg3DNyQjTca6uaihNeLEJfnMVcyW7HGUW6pFV/KuWuA4mX9e/kdkImnHqcdPifKe5L5DAuZynLwQXu8Bii056Q/suuY+7Wrhk1WKdDSA7iQzzJaH04HkysqM5sexbitEHfnIfEmNJkOlwjNn5vcAE91U9lTnN5u/j263wrHdD80rGpMxS6DhQAqWWbXE7CiQa6YNNAWkNWanD/Nb5Bu2il6O0dwdjI9NglKxLSGQLioepKUK00VsiXHxmBkG4IG2K7H/AEMtVhxpR+ngvloQNs+MhR2ej97P1uR4t7A==]]></Encrypt>
</xml>


2015-11-28 22:01:06 debug :
------------
String:
account-ticket<xml>
    <AppId><![CDATA[wxe5b18b9bd7e3626b]]></AppId>
    <Encrypt><![CDATA[1PkYu9MP35vkCwnCL3F1CY5rVSyZYPQ+vqG+uX94N9VlSmVhd4gHaXo3qwxiiWMlu/M6O5A8sd9lIuYWjWbCHYgq74C8y4eHZi6A0uU/WjloohtjUJlkRffcUW/F6fz144bg10UW3++t+0VLnbvVFkSJe+2ASrtpgo9D3tkemv5inaMdt+6r8V6B6YsRBKbIuk3Md8FCDvOPn9grX+nJx65a9sL0o+615xms7QWRdqq9gd2vuzORekbzu5izTfac1lEmwN/RTR6MGBkHsz4aZlTTR9C4ryUK42AzPdIV4+8EhF8sxU3WuzBaPRcHhop3mhnQJZL6r0ezAtjW42t0sckDSR1sfuTWAp6zsQ4Keqp17inS84MhZbWXxzcjN5SShociug22HkIA15bt23VkiLq+WjHwVKjbC6DkKTO7emTGAh1pIigmJEsEb6IAAqMhN5CkjhiAsnyOyew8IMeVrQ==]]></Encrypt>
</xml>


2015-11-28 22:11:04 debug :
------------
String:
account-ticket<xml>
    <AppId><![CDATA[wxe5b18b9bd7e3626b]]></AppId>
    <Encrypt><![CDATA[F0FFwvFrdudKYwB2d0HV9gWcWSSMwTk29cNYjw+f0G3Y5j//OBx3TavPpxpV1PER/dlmJatGsLzlLplkFlwkmu45601o/9b6Xa61K3ZVK3m9gQeeEji2txrBjpNMjP9BcXmeH6VNOtqxPrQKvTlgtauZVOAg6trhrQfnNEJhJvxrmpWXW+omBEDoumBYzhNM2wXp1LthXNf7bWO+7WvRhsooXzV0ebK5v+tHEAuIeK0dyzPl5DI5JqWzZDNMRj+mokKWzFhf3ChDopi+NSRG39efIm7dvQxfP38MRaXm2aId4W030BXWLYfxN4dy7KrlzMjTqicrreNKHl8w35CHpve3L+SWkJmoK6zhcC0Zx5ZJf20GXzE42xXkE2Mg2dMxf6sTkT15d634TfRakUy54unmjpThdQyFVMW6ROjPlAZ2wzFobB9vxs0cOndQ4/i9pADFbHYHj0jScy3yMexAqQ==]]></Encrypt>
</xml>


2015-11-28 22:21:02 debug :
------------
String:
account-ticket<xml>
    <AppId><![CDATA[wxe5b18b9bd7e3626b]]></AppId>
    <Encrypt><![CDATA[922HsVgnKscrbwvyD2ou5d99UFRv9JS3Cl7985sD1G8C1pb0dwiUjNk2AvLAIgOzUpxN8+nQtlnl8MbkYQEbmkQMiKsFAGMxhLpBNT2tptu82Zdv08Wla3bJX90uicYETbXiHF1GvSTCEUxNZvwNnTXvfqdH3wcm8w553OrSA7Krzvjj6xP+gwyRz444/H2b44Xq+DqdUNFzImfUEDNxgByTZpZaYts3jWEyrufeTLPWlfUlhg2qTqE4sWBC/lPcnVVjV2P9SA6JpCbdcxXcld7z1D2gAN8srNas+QmrCbDan1slIvTgv9Sg7JiVPD7+VX4RVKQML9xs2Fhied7vheqAabgV8z07vEpcl75PORmS1EHekcxZLjENrUd50eY8Hxwr4/S9kBXv2k7Y2XNl3qZK0NleVE/pxAdBRQNmleMTkoJWlrI+eTToamu/EGwhMARwE8OIWHOSEwYnkqTJSg==]]></Encrypt>
</xml>


2015-11-28 22:31:03 debug :
------------
String:
account-ticket<xml>
    <AppId><![CDATA[wxe5b18b9bd7e3626b]]></AppId>
    <Encrypt><![CDATA[Eku2DNiXbJ1nYPHU5bK2RX75B0o0rZYhlKVWje/u6FlcjGPw1//Gj+Prx0HKDzVaKmTKsPHFcMXkqw+kt8su5/k+9j5bwvWpz7PNDzUJHeNzqH/0NdICRp6qztqWirELR/uK7fDSo0be6RkH2euIbD11w862qt923jn2FWNoPDUSqLGptTsjbuC9F+AJN1dQwkRMtXs/khGXmaXWige8H6hlouc7/uIxZQoYOxSZvUgb8XFj4if+0qeFg2BvRwfGJM9llziPvF19e586PIErmJT15E4zjHoMlDYH67LSmg9oWf3s6jSxU414GtKMy5xd1NO6u//jvbouaQBIYOJlP8LK31TyNNyyQIaOMmoQqqqAIVK2XqIDS8H7yeCMi+NgCU5wz5tpT4ZXqBCtTMLilRV8/l3YKmn7YeRfN17mw96WDm6EqRCFK3oUWCXXG1sU6DJFfQopCG5yY0ebZqkjVw==]]></Encrypt>
</xml>


2015-11-28 22:41:02 debug :
------------
String:
account-ticket<xml>
    <AppId><![CDATA[wxe5b18b9bd7e3626b]]></AppId>
    <Encrypt><![CDATA[xF/GRbW3K0uZAtHd544FcP+7fj/3Bw8LYSp9MYLMCcJGscWgMRVmTIBhsI5SfjN4vMaaTQA84WuAdZ1VIm9CPtm8kY8eUjCB16jA9JD7FX33U8FI/Cjt2KkAvWprb1PQP/PUTt/PE8J6OVS3w+OXnKWdPIutsNHmNIDhrFzfy+o8MyoNpEdL4CFrG+h03Q4C0h3ie9Lpmv5YFznfqUJ7pf7aNpw7kUkwX+V9jb7VxGyCSOP9nv9hoFZOQ69sMuY4iC35xu7vwxJoWco63XFAunCrjdm/3Mm9AZMuxbiTHB/xBI4XfyamDPJQ6Mk4svtNysIrl1snABdj9/PtWQ04C5M/Clde6LcVsBG605Hrh++raetiWSmtC2MB7Lm3soYkHPlvzrhlZvcbOB/ZLV6qM+KMZnJlQTVSJ6q/kuEkOY6EckJdenBAvKnRFkOBoGJYaK8hvCqYfXQ8GKkvHsyV5g==]]></Encrypt>
</xml>


2015-11-28 22:51:03 debug :
------------
String:
account-ticket<xml>
    <AppId><![CDATA[wxe5b18b9bd7e3626b]]></AppId>
    <Encrypt><![CDATA[etJRqjn7W+NehRK8enSTEbbUdTK6FRMvKCrkN//2x+QjerC9SuidE8PMku47q7zeyRyk6Sn1VIjW4o7XdeJePbwff/Mzwi7FV2KIQU0Yk2pjgNhvLsFYERiY3KSqgOgKonFXyu8RCDB+2iio97U4RkqgTU1SMvnEouMh6eOVuD9QxdxXeNBdfToxR1dc3Fq4LAafdZSiemOd4LaIhvpkvvZDmCKveETE46Ltvmfex8Yava1w6fZCf4OORHG1/ibIzp33vtqJeRfRrt+X/bAhbxmrTcAWIvSfRQHuP5W8ApaSYpikPe5C49BEsw+hLwmHWWwMq8d4ZPlQDqMygqWg/TnxUWPiYOzyvtLRBZvxv/Kkq/UlHa3j5eiisxTJ0Obv9ZUGywGSIhPN1GBMeg31J7jX2H7bDq7KQ2EaU1LKEO7ZshXmrRYhxDJDqa5ZG4sbjkDm5nZKFLymLQyIlnuQ2g==]]></Encrypt>
</xml>


2015-11-28 23:01:03 debug :
------------
String:
account-ticket<xml>
    <AppId><![CDATA[wxe5b18b9bd7e3626b]]></AppId>
    <Encrypt><![CDATA[BqaYq+oyHvnsSw2XqjILHqxDOS3W7YUiEi3B+688RIuHZa4lmzGPp+GUAnOQB0FP+4Bz6ETv3AR3gV+lt2AeokDJH/Ig540FhBRGHdENGIwC8tclmVVSUweV4oR1PFAdSQt6m4pMfVgjGTOuIRlZIE0wuBNA6XBrb873oXpANaDxT2DZC+ScVeo1HeN8toiiEv8ePq5GhLyLBc55YWMVZjgQwpRVlofX8QYStx8LJh9Sb6oawMW2dxxX/swCLbUj8EAo8tls4xhRxq6iejXn3MwMauwIZie9oGiZKd3iwStq8E6qE92ew0AUi23VJz6BunCzJJ940jIiHilFaJ9xWDOkGehRxCiDl+hvwrOgY3j1a7NQnRG5LD/B9r4Tw7lfW90MJWeKdwhLXQFV0fhk0fT5lmvQ46FmPxqyUK/bMXqiR2YidoiIkUJvpwV5kGu49SMrWts/Bqtsou5yFzIsKg==]]></Encrypt>
</xml>


2015-11-28 23:11:02 debug :
------------
String:
account-ticket<xml>
    <AppId><![CDATA[wxe5b18b9bd7e3626b]]></AppId>
    <Encrypt><![CDATA[r7GmT5Y1Ww4r0+u1j9yJGQwMPOAU0vsWgS3TD/CfQRu+lIb1nK1eeo1CqywJIFqKtDlrz1xpseFwBadU731dJb3MGVsIX9cPJH9qlQF6yWhSyeCOW51txFdHda7Kyzuj6rm1BXxVU481tH+R1m2dyPV0GiZ+ejBJGi41f6M89D8zUmQ3QdwU+t65ZXTL3pr12MbMmdfzNUnH58FtqkltEHSp+fopqbrLEkpbmO2I6zFLMRPTdCywQrKmgVr0bo3Z4/+xK3DLjJi3YbwdX4DjCPc+0zC4jSKyXrkZTLgueC6PeJByB4TyieGGq4zlktWuT871mv+TRVfVnpGfrF3ZWIGsQaW4rQ8xuBy0JmqVMOKfQSvG4oF7LEQwIX2ImRb0JaMVqMrfJSsQpLg8+8KUK1EXtr7gQD1RrKPQ+rGkC+EUO4YVKByz/ntgZObrBZwPaFvW4bBw+uQJwJ17hMFjpA==]]></Encrypt>
</xml>


2015-11-28 23:21:02 debug :
------------
String:
account-ticket<xml>
    <AppId><![CDATA[wxe5b18b9bd7e3626b]]></AppId>
    <Encrypt><![CDATA[AM1khABe9ZXFN4gmnzkBYnGNT24UiIdC1E0/Ee16BcmK3WdSY1soVxILAGp4ktNx26zizSTzazeu55tNh7JWAk5JKbPzcLc/wo/MAat/qtVY3QRzY6emwxzZbZNABVAJdf05I2VFqJUN7JyECX/Et7r/v9yt+N+q7e0SccSH2pLOgO0NoZAJxbOb9rPwznbeKaEMBSuDCDKoa/SJJoGOkvNoE4/nL6i2b8FQSDOiW/UTJlEO+cBRhYVM6aVz66ELjmDTqW8aqpmoZ0pRaoquJjeymo1C/SnTm+ipgheIWRe+JDxB38Yut3EIdW3pewDHCjzAl+Cz3Mk43SsPmPLATLt9HzwbrufVdoPs3vuHmDSwfLPjCl9rKO+OQV2Mau4xZekvIE9iiu0aXBOf/jwJ0F2fgbUDGXmwmx3mXoIXeOz3++42za86OAIZmQk56jz9mUsQ0iatSGom8w24qXkWJw==]]></Encrypt>
</xml>


2015-11-28 23:31:01 debug :
------------
String:
account-ticket<xml>
    <AppId><![CDATA[wxe5b18b9bd7e3626b]]></AppId>
    <Encrypt><![CDATA[QWKRRFo8dOkh9xpp8sugg1YfNcsj3BTQSrAVaTWRuGpBSzJxdV/S7e0pc1VfAnrk3uOkexy8XsZXyPDICqWTyG/Vp9YE8pnFjt65a4xZ5iHSmdAAHvHFGQguh2PjuSPQ+wR7lCmQoXwmwxB2E2T21OPJbFAV86EbOLmvdSHpUuSxNT4wcmlXImC5c3gEw1itj7PLcs5je9JvWJuivxIZgynxmNklF/r+aqGn6LeHGEAyPDrb+FL0J39PSQ5tNoEM4Sj4KHzU03Mj4Y4nHpCXIrhzeWHzWmnQCPq59vPj8sAPeM4h/VsnFw7nEBu8WmGiT8e/SnIdphyHvSbPwefg7iNTWAeI+lvfaiFfS48LihSG4x6C/IbjdtPMU5Z9ALonMGhBtDatcrQH8JLLYleotC05Ou1EDbjyvcEXkRNeHtFFJxZz1KbxqHoK/fMlwTF9rlr7XWAs+ZmuVm9fqIIViQ==]]></Encrypt>
</xml>


2015-11-28 23:41:01 debug :
------------
String:
account-ticket<xml>
    <AppId><![CDATA[wxe5b18b9bd7e3626b]]></AppId>
    <Encrypt><![CDATA[T/qjwc3NiaZv8E6s7asmGZtWcM8iHB0YphI1dH7+mwuAybqSzEyaK4DxPcUtM1XaYDQhw5yRNWhg2V5qHe3ifSccFnJc/T/ZvANZ2borG3SeCfq2Jexd2AjGltDLmpr+tNX8iqkPKjZiqbgeSJyOe4jGuA1nGvVJjNxF6RvFtFB197Y7bl5106Es4L0L+1sNerlCN+TQu0L1roAkmWKhwR1+HJLJE+rHXXmP+PpQ+OfsbeOPBQkNXqIS80mffoHsRC2ZkHNfRID5mh0KskdXRqvzKvUZHbovLPOPsFlyZXjOUexwMUNMEKzGLpR/7zuydcPWE20mdJnfDdKKpTFy+GUZ3JMasMoF8tK4hYXoi/h5UYLdmRlc2Pf9rHe6lEA/3pVVMSTkWOWt6algHwRvF7lZwV/p0re4li+U285RNtqeHQduW6y0EbSNs8xaTdcvwRzQHEfHhUgs4bcHzJVx0Q==]]></Encrypt>
</xml>


2015-11-28 23:51:01 debug :
------------
String:
account-ticket<xml>
    <AppId><![CDATA[wxe5b18b9bd7e3626b]]></AppId>
    <Encrypt><![CDATA[tNtkXrRrnc0WkQRMixxkTDlfZsHUhiKGJ97iyKV42Pi6HBMITD4ZHfqW23IGpJI6XAdMErd3j507b9EWdAQ+hNCsb9dr4HJW1cyNIi8oFvin/yWUBu/D7JZH1ZMy3lywupTcZvP630PoR5nXCusv4QAIwpjgtf/6NxchDkTlAnoSdjBjoocEQXbmssmVnHjUIeTGPK0WQ3iTPl1I0QO0M8enqXJqLeEPCkNMkGGvPhjvOmX9RhsK3c+ABYKgV0vRxuaLvu/mM71fQnaMnOLZXmJk4WUAwY2w7dgzoJGw4uJuhn12If/5zOEalRzs9ohd2uKTG0omS9e3FgkXWCS6Ubj7n6+INM7IoqDwMgvskAZgHSjuRgBItiII1NfULMpDMR7d7repJEWW5+WAFl4qDpgnJmut6iydj+6WkNK6xscr9QuAsg/mc+/wF1hd9u+yHDkUqh8XXc2BPqbAoPz6PA==]]></Encrypt>
</xml>


