2015-12-12 00:01:05 debug :
------------
String:
account-ticket<xml>
    <AppId><![CDATA[wxe5b18b9bd7e3626b]]></AppId>
    <Encrypt><![CDATA[4wNDwM2yAwKFAZW9S0X11humTv9To7V2Gp2BuN6V/xBKuhFB79vzt/zbqCVWQN3gR/UbSsfneld3P2WMStfxw3UOssB6DCdNKeBDPgN4eeUaoQLA28ey7T5Qll+0YsQA0sii9BtyCROiGwyCac7KwZB3lDGPurwbNH9CvoOKOzh7Ztl1L2zY6LoQ9AL/+K8u9J7CGq1T+16JLq5bONxWlu+z4+tdy+XA0VPaglaqIZ1uz7EjaY93joy1PN4atov+8ZPQcVHg68XSF1NRdXn6pwMOpdjep1/AN3k4Zy8UH92QwA5FtB7rO20k25WueTZhYXtkkT8vi4N9FgRGh1eM1bxUz2yfJcfMr8d7jj4T20pJPF+iLVHBvWvQ+LGef+RFF89Oow+H083HkNOiDalydLJ/yf9I9phsD6OWZbUCHVjWijbmLajxWWbzOSPda7/OcxfMR6o1wlX5mAf9k0GNoA==]]></Encrypt>
</xml>


2015-12-12 00:11:01 debug :
------------
String:
account-ticket<xml>
    <AppId><![CDATA[wxe5b18b9bd7e3626b]]></AppId>
    <Encrypt><![CDATA[RiJ0NjX+I8rIGKTegqJ72AEnK2WBdLhti/o0zfYuUNqgg1UWC1QZ/PDPTWphz9AFC8ICa9LB1qJm2Kwb+GNA8+PUl3OWtb888YSLQOYxVbbljmJTTguFyG0QdkPEPIH7ZC1WUNM9VhmOQo9qPRIdp/gWA6zU/owcIj7dEK9j6hV/N7no7h351NNzegpyTM41y+NgFtnZtrqSiSz8pqVd50zzjLMKX3elmhmff7kvedaeL6yKzh+a/La7WRosoQlIyaxeBlqITFgyQRqH4Ygszb19olUmzMH+EpVC+7IJDCil/aEADq+Dm8RYQfKH1FORYwO8WBpgC4PHGTaPt/TPFYwSqrYZoGnGXGWF+41spqjxRQE7gTV0S9DHHuQFKnjRQRL0iulAcmvvsH6wbk1g3lA4RBw9x/HrCTwUBXAOVw7u61pW5CiZj3Bmi/CfLh2S6zLvCCKBiv+EY4yvTgvi5g==]]></Encrypt>
</xml>


2015-12-12 00:21:00 debug :
------------
String:
account-ticket<xml>
    <AppId><![CDATA[wxe5b18b9bd7e3626b]]></AppId>
    <Encrypt><![CDATA[n4+pUO8rjZvSS2HocVDbaCiW3Wz7Lchpc8udN9qn7abmoz8qmAWcAvPtqgpypHLXtebiPtuRvke1ilIjt2wxNcBbd/hxkL85RicdRIWU+vlBAjGLFk2RRUpL8SKh14urCDjMzhudWYYh8IM1vFOMbOSP0mBbHrHvnY12PdKA5TWxHVdHjORJaWiD5Ay+4oJWiMIGXLkY+Os6A8BSZfPN6H7bWpBQjiIG6WYHx2jI0dtwpE8m+WecJy+oqLhVE0X/33qwYPRjpEA6wgvEmuCnLCR30NNySb+gNJqmG7sB01GgShaWM5PWBuYOKF6ZotbZcyCEHx7IToVihHr48hKJZWRadHLoh88rPausckExVfPCtbFq4i4lHLR7FOmI3zQeWgWEAt7kKdTLQRVzygUjLvIgPO25e4ha4rvqhjujHRuk7MO1JGPAbVu3zMEDeBfjVIz34oeDP88ayAAt+7k2+A==]]></Encrypt>
</xml>


2015-12-12 00:31:00 debug :
------------
String:
account-ticket<xml>
    <AppId><![CDATA[wxe5b18b9bd7e3626b]]></AppId>
    <Encrypt><![CDATA[PbPO5xTcSWKKE8AIMI7bVxDFr+8vsmjH25NueEoGVmNWvVErIMXFuwnGzrq9J7sUgeNS1xCBwLN89QOZNk1lRCwI0tJ4b8DTgsZFbgjYWmXVaWydwMwEU9h0JcOdmQtle5UaA+O3fBM99x5Cos61KG9VzG0jOJa0sDOytGUQA76JTJFGTagIGr073PXKB0EFvnYkej3n/Wnz7OoWpPCS4r0y5wRVvld3JsGXIBYyHKF4sNgTemWkfpFi1vMFPMWMLmGGW4zA6Hh9ip1j+PkdLcVRXVrXw8rcOQF5f5yDot7t7cuYBPhJL/xRiCh66IPsMsibkaGHzjbsYjmsD7Mz5K5SRuAHeodtEclcN6ZwXsAi1lxzZ/nkosBvdg0pGpTpnyg/uWpK56oa7ELYvGNbi+MWYn6zmsmEcsZI8i0wRrn1yrTJ9D6VQp3SjdnO+BL3uZlmgwlmhTLYRu+9fieeSQ==]]></Encrypt>
</xml>


2015-12-12 00:41:00 debug :
------------
String:
account-ticket<xml>
    <AppId><![CDATA[wxe5b18b9bd7e3626b]]></AppId>
    <Encrypt><![CDATA[N/HldiPfo/nC9kLPgRvn7x3XYvYWqeY1wqj8j0yWQDP0pnP3e3wm1enPT8CLvWRas5gEpXVhgg5lCLi/B+U6PpASumfwGSAhTU1Wf3r5tc7f60vsUa3z22q3tw51b3zCpwcJ8R2mRmmxiuo7wK5lgEq/aK5+SdrVU1L/tX/6kslR4aeohI8cgq7VVe5OZCgeZ1uvFjJ+RmKKXPSMTAkGsWQFDTzWrrWuVrjoTP06JW7xG/i7e3gWTsS28t18oiwgKBqcgYuuLNwx69JN2YL/b0vW6DKvFFLpldTUCEIc1AK41LUDnhp4SGR7QZ93dvUcYbnu5NoFfze5BjlHT2qqmdDPwkvlyt/8KfVo2fuuhclh5D2ewCZeyOvVfpLkC9u5t45ZdhU8yAly/RaNv8rLXPq0wLsva0LyiC4GrpReKJek/CMRPzn+Onuv0490ewKfleJOIxHr4zoekCTCZkDnig==]]></Encrypt>
</xml>


2015-12-12 00:50:58 debug :
------------
String:
account-ticket<xml>
    <AppId><![CDATA[wxe5b18b9bd7e3626b]]></AppId>
    <Encrypt><![CDATA[IE+1GxjeWrcbFB+nsNt8qWqO6UqB6mLBrmuuGThzy+Eav/5ir/G9K2lFzlSGebefx7tz00Fov13LLkVvHoQyn3prjQDn8R1ucKw9co8NDt7Ym3vInL6VdeFYYW8W3a/f2D0IpZH5yQBit7LyHkosoilyH2PZAy/aG9F0FqSyGTiexcuSsJVNrREMzVnuRpYBOJjAdLXVJr5J3FkZT3E5hLo5SICSCRW2Geuvcj2L7syu1emKp0V7jxIvqr/Y46rUEn6ncybGmQhHEasm9ijeZFi5DDPkVMqoCmsrcz/AvZymUNGEN0xD7yBpMe3SMoibQRK3TbJgeR1927PYSW+dn/P1YmkAuuvmCi+GeTMleBeszP5V1gMZoV3lSQz4Nbtv2X9WVj0/CtWyb1mF3ducnmZpPvjUR16xbWjnPsBpk+BCG+X53V1tHJ8H2SNq+SkNW5wDifhEmNh03ClkBCPlQw==]]></Encrypt>
</xml>


2015-12-12 01:01:00 debug :
------------
String:
account-ticket<xml>
    <AppId><![CDATA[wxe5b18b9bd7e3626b]]></AppId>
    <Encrypt><![CDATA[Q+26GrvLqUCf+S3xeGeL9mzylmm4PcOc8ROdbRemmHMM9QAnH9LcuNohy/I+NyXx4oOJ8tL9K2/kwz6s0oykoodSEY/SAJqmUz01P6wYpLmArEsL5lbumxM6WEoa7pgZp8f5vDgqMR8pF0AnCZWH7LEuZoBR+WLcey+R4w6hbuDKwalL0IkMRD3ANDhalpjD98oiCOQuyvH2BTfxtZMybneBWZ1jVAPQxIyjSDlk11XMW0kiiQbOyaRMzp6NT5zSMx5d9GSKNFbRmLMR1Zf2ZAPozhDALFw7sg/3OFBFmaFsORUMUE2AeG2npM4gzvmf2KrzMCwIgeGRwUSyzCwm+Lt2x51tvFQOHoHDurpbtFcynyGG9vUJXhue5Gvu0ZK+tvFTR7edylbJH1bOAFK1hW/C/T6CzN96x36AV/UJIz3M9v/M1h1Ptht4SDrFDv60RpQ2U7pVcXRnSBU60tAVEA==]]></Encrypt>
</xml>


2015-12-12 01:10:57 debug :
------------
String:
account-ticket<xml>
    <AppId><![CDATA[wxe5b18b9bd7e3626b]]></AppId>
    <Encrypt><![CDATA[dOK/UHkoQg7izvEIkODd3crkk8sYBIsnGKVLz/nhil7RF7LoMIMQY1XzsOsRuKECQU/WRmbAjxNLPLa0e1MYB2OeYxjXZ7kz1RpIO3lJ+aFoOGcSKedzltGHmiwsawjztVM/g6uq1txX5et2TJpa2vHrT0XwPT4IMazzOSM4J8OVVCRQH5QG8SlNnXHrz6Q1+M94wN+10D6qbwzmiOa5nXKvT+12o5827Ss1sl8IFtiqAmxu6x2sfB3FP/GQMVkbZ7kIDXXJtA+W3MqLtaAUCKsnjc0J3+mJCpS80yEJttE08ZeGnY84DuXsPvdbk2MnsyrCpt87+Qai/FTj1bYUBHi8cnJ5nWv5TLbYokaDXrN2VAcM7m9og1b0ElSQe7fNJ0OkvuaqlUoCLKth2jLdAvyqbRkOEH8uWpqnRhlVOmLF/x/PR1ADzPEtdfjCvvwHPijDcKbqiKfIYaiLHennKA==]]></Encrypt>
</xml>


2015-12-12 01:20:59 debug :
------------
String:
account-ticket<xml>
    <AppId><![CDATA[wxe5b18b9bd7e3626b]]></AppId>
    <Encrypt><![CDATA[CDkjuvUEOt9mSl8V80DURB4NeoLhFCDPDg5oX3oFyi7DseWq/gbBLI+LDrhagSJKTrtZgZ8vliFC9i39exF2L7kPhQQO9AOw2FXwLmGtuJIPBI1eORxXYdlyzSTQ6aweUEWdaq5ZY6Q2y7DVZoU0CFL2oprHTcYYoeIhpH7qbNhA3NEOCUyAOEepYIzoEgjzdhEZy8gxSY3AovqhJeYProvxIwAyHisUxOu6nvE3ML2iVypf1LsNWEQ8o5K6a6VfMhCCZjKSS+rco3ZIf81206UAcLEoZdMfDO2TCYm73dOJG92QcYxrtNnX+XSs1fDrThOHJ98Z016opAj5O6zfJ5/peokY8RR3u3erUZnIM0+PPJxJgZI25DzHyjIKqYxryB6TA9R6DME0HHatMxGxRA+6eUPwPtbLzxysx+d7pEVMsYN5iIE31ehjCVkrWUj8U5rIuUTQfCihLy2wtFL1fA==]]></Encrypt>
</xml>


2015-12-12 01:30:58 debug :
------------
String:
account-ticket<xml>
    <AppId><![CDATA[wxe5b18b9bd7e3626b]]></AppId>
    <Encrypt><![CDATA[lNqB9tN67VI62jxhBreoLFdPGZQTTc8iEoYr+nGe2sMtDrG+UOwuorHOboP2s0YUcZ+7iLRidz2fgEVmn0vuHGp4jfTe86yQZsmUeLC1H9I5ZImewpCdd9Ek1MpXsBjkXGCYH8A9Oo+vxr97p5d2sTN0u3SH6TmtaFAWmCBeAsFRzsHXUNOhdL1tk7rj7/zh44rTQkHRziQZzrbyKIflrfY8WnP8Emgm+YdINHGtFRUJJWGDh0TkSjwd+yO5+Ln0pqxBdtk1ZzuONrD3aR0JJznHhOagKqGiZ2jupQ6EkMIls1tyPbsme5J1e6SNvdaG0Vk/yINIaATccxMfJP9SQDBpKen6KVgz/pizkFTjQXFFkgiqCfShrIzM6IJH4fe1muP4op790h+3cxwd+p5lAANZy6x9pPXyrcsScCKwV+x9R4N//e+tD3ZzmPoOBqxqJxYCAjdtPywNA39Bugc76w==]]></Encrypt>
</xml>


2015-12-12 01:40:57 debug :
------------
String:
account-ticket<xml>
    <AppId><![CDATA[wxe5b18b9bd7e3626b]]></AppId>
    <Encrypt><![CDATA[H8sbE5N0Vt6Ikk6/EnMZNOO4E/BthG8rpGNrM9wNbknXUEr/I3pITbayDw5v2enP+XxV6euFphxj8LOb888aLK7YfVYy93/FUebUEO8wCDEnEyUqGovbM+BibI/JAoXNv5yuMTBFLL31MR4L/1aNjXK2EuOzmDWCsYJkSddKgITHsRsSjh1MpeIj9cc4bYZ/o5D6laaNpS9kqe+SDu42DENm1LGWzn031xjHS1TXEmyc29pQf0jxOIvSXAPra/rk8pvdqGUOtihAERtXAAJ3MfKSZQdgnOcB2FPxjLpU/3EMqYkhnc1OLS9G/4fSP9U1PybodV1ZPZBcsYjrTtV5QpxEAbLhVC9K0fuy9B5J8B9n3/gMkKFAdmuUXTNdMNBkAa7HxeIz6GqpimGKbkOyIzG5QHneuZfvpWVlOVvCt4IVWp8l1ndiK4beQnmU3/bhB55s35cbrBeMKF3fmLov7g==]]></Encrypt>
</xml>


2015-12-12 01:50:58 debug :
------------
String:
account-ticket<xml>
    <AppId><![CDATA[wxe5b18b9bd7e3626b]]></AppId>
    <Encrypt><![CDATA[l+8B+kqXbOp+o6Hp+0VZ15QVXUHaHzEm1O7xRKn7L+GgcpmX50127CZ9X1SmbvryYDTBge3BKrPom7m4Iq1hy7Xu9/aVnHwdb5RDqzYtlbk6QnOA6tVd75HrNHQFHuIkSE400Y6GtQ01TbpSawjZN4PO70M/bDUHgelaAwVobOWeN8bneOuh+32zzyyFCaz7ak5X5j/Oad2xklZ0GBleOgQ031smmlTibagGNA1tReutcwsGdSX6ciys2AbXNoiDzfmBcbY3A0esIgAIM8Tjzw6kk08jwVTGa9LFhoxTgms5jrzR/Lda17QBM+LKiL+e47sDCWRTYtg3IyHvH+qnSMtmffxSUNQA0FJHaKG1+teL3+d1Fh1xl0qrYXhDjulceF+Ij8ljI+zHkEBNvIU0Q2j+H7DjInCxkP5t5mBKq8Z3ObZB7NmM5VaRgEvgeQzHFfMCfsggdxsj4mx6E7+NsQ==]]></Encrypt>
</xml>


2015-12-12 02:00:57 debug :
------------
String:
account-ticket<xml>
    <AppId><![CDATA[wxe5b18b9bd7e3626b]]></AppId>
    <Encrypt><![CDATA[Lt10CHUCuf/0v4lM4IKvyOQVGaGpYxYrvqEP/Uec5Jy7Dh7yAV+ZtdyqrbPSUQTp2yxv/8+2NIdARbfnU5eji7RHo3pEbDKXwCJLCVS2n5pfwNZ0Yuqk6iJIGsRMIJr17WnzKpDPMfZvzWDi0FBUowKHttuRAXHQ02UOh6u3izowvSMyDTa8OTuqf6Kp5+CskrphovCp15r1d1waRe8GwVNX5zfWrjOyYWz/NRJKmmxU7MDqKUASKg7reYQrlPyiWs/58Ec5zKUX0WlE1lsJ4o0wLt2JWcrzMo9xiCLwxQVwmiq2L+vmjrddF2rleUeppubNIidGD6C6fztPt9q/YYRXwDvVxpwXhSDJRWkweqVkMw61D3fy78peu/HzDAKHhndNNOPhJyTEf5GQjEweX+za45OYKRMxszpf8nPilEXAxLmIUyBM8WDLhWTG1i3ioVsrIlpZ+MrtF8Jm/ewRWQ==]]></Encrypt>
</xml>


2015-12-12 02:10:58 debug :
------------
String:
account-ticket<xml>
    <AppId><![CDATA[wxe5b18b9bd7e3626b]]></AppId>
    <Encrypt><![CDATA[y8+rHw51Z5YY/+SD7t3ciZaKwpmXEo/1Rc95DmgxE/hH5HuTPTRBEIzmzhP7dB++XjqFcaTvu+2fQz9zZ6UFUe7za3B1xSXpf+iaRm+5s2vQU74ubvGpDEQlG1rO0wIewc02btFlEqsN6PsOzfs6DGfz533rLfi3FJU2cktW/6Y178OjvplYJGPW4se2xwrltvjQ4ViIqZYN9sZ7m0EYnauU2nnY65pG8jWvnSHwSmxOJFBT85t3RNFjGizL0JVIBWnwpDxBC8iQotSqIWTxGXviL4qqjfCOAF3tOrqYY7TYdg5lf01geWzvf/eWNdzJFqPGcU74RkjVPEOH+kcxeGZVJOW9rwMsmx0mOryNvRi/B87GonkY15fBDOsmG3pOBOJUKL0ycBqf+WgPIcBp/uDAvpydb81iS+mpnqZ3QDSFOu6RiI32QfX6vLtzxIvzAC+JXssjsZuCUyygoTQIXA==]]></Encrypt>
</xml>


2015-12-12 02:20:56 debug :
------------
String:
account-ticket<xml>
    <AppId><![CDATA[wxe5b18b9bd7e3626b]]></AppId>
    <Encrypt><![CDATA[EUi4b7/5INWF5Wd7LuF0aXj+y00nLWj+VAmh4HGKcTGsJmzP++IAXl7YSKB7a9LVQixwdvL1QH5NlGbTm9YWbbBKt34UWeagZ9G6HJgMznouzkEEE1+pH/TNuXe5K0EUxtyXEeyjUxnT4fgNcdwJLgYq2sx9aYcTywpTJES2Gq/h9ejOLzqOKF7Dl/dpAZdw4x9wBrrniWejMb/DKgsjnX2G8SaS7gQVW4ltBp52s26751Aa/hFdpHwevBVwRjATbrfc4gSOQZSqY5cV/0qzwulVYTp/zOOlwPRcHkClWpc3vnwrydaELjaprNHZOADapJDI8MhJHwthwFSvypE5Mb04HaqgcFFsneyvUTmA4llrtZbqhOhOW8hdgxBE75tkXJd3Blylx2rYIcbYtmCxZ+22J7LBndE9OpiBVAVtmAQRlYCIIWBW/+3gENd3QmBnh4ufXrYHzauqeA5LLin/pw==]]></Encrypt>
</xml>


2015-12-12 02:30:57 debug :
------------
String:
account-ticket<xml>
    <AppId><![CDATA[wxe5b18b9bd7e3626b]]></AppId>
    <Encrypt><![CDATA[AoY8PkKjxqRd3SPoJLlUrwUk3Esgez1c8a+qPAI/qnw/+o4fEiqi4HZ/FRwh2pmMzg7tmqzlAUSZQCucLfQ1hsMiDKdYCn+A3g3Fr/iJ2zDY5zTF9XAAHE9R4a9YdqSIkIQ1rsEvkF9z2OuwgK0R1YaWMd717umhv5v40PI/KRE5adOKiM3zZmdn0XP9pq8JGwx8piYPOOV015AcSpjRssLkrO1w2F8ryJ4EYewjmMw0ElpHPpBsuZpIi5H00lDqDio0usi0RTN+8UI/z/p1cblOwe8FaAC2oINRoyWkfUS651uc5pYqt2lcvHBGCUZaeKAu8Zbw7kiCXIDGTGWoVlZPQAPjS166UAD8f+3tPO6FRU8J3VMUOKBswYc8Ex1kZt7TrrmYdVy2/oWU7ih3wwvrDFwI1rXbuv37F4Kw+5szMvonVI154yVJRDXo6o02/tlvH99Ejl258U5s2rcJzg==]]></Encrypt>
</xml>


2015-12-12 02:40:58 debug :
------------
String:
account-ticket<xml>
    <AppId><![CDATA[wxe5b18b9bd7e3626b]]></AppId>
    <Encrypt><![CDATA[+EA6ccZ+3MFWjjCYEX3kDYMPHWHvU/AaE153k0oYq+y3FpOc9JKW8CBzuYQe6+CSh27STsuq0+V23s+J4V6P4nFPcR3nrQCEQkzQKBp4Q0ZI5Xcv3BXMz5Fv74lhAwkJZ9gYPYMJ/lPQyrkE68miKlCcDcPNA/LeKAo2TmzSS7RldcfJMT1iit4Zbe6hipN8aBdUJEE528PXDSWZkH6ixctQagOimM3YE/rK1t9i/prDrplXmJMQREtnDREyJfmSM+rwpF1MRiT12+kmus0nKs06W29qOh7PTBoHMxxunAubkvF0+EbNF8RIJ8NtipFoQJct5szi6L2GCdkhwgmIm9iG2kjxNFSzBDeQ9Juey8p/F64MPGRm1n5/cnAzNDI9x7WTCgFx/WPJltOKx5vW7pF8fEM8gK5puyXMWb22fp/038BI7NcD0HHcw/47/azgkuRqJG/puNzkZz/+ibmxCw==]]></Encrypt>
</xml>


2015-12-12 02:50:56 debug :
------------
String:
account-ticket<xml>
    <AppId><![CDATA[wxe5b18b9bd7e3626b]]></AppId>
    <Encrypt><![CDATA[/z53GD+NZOIkhbHDCTdXX1ONqpeZOkIuRYiXGO4f+ooDpcD5aqOUQpWLoA0ALn3vRAkDhtqcleXJ67LjjTMkqPx/HxZS+lNkA+jr0AnHSdxUlzHN3RB2a1tI7nrk3sxpVP+fil712x6nGWIC/UFriG+3OS6e4kkEjk0iDGTOzg4vHoDzJEiBwnY2Dgbvs8RcqjFR1+NIutFeI3ntyBNbURjG1PxF06vTLRUg8uFPIQXGMv+LNwmnJ+7jHY+RbQuldXBFaSKPFwHodvhxlTLScqnSKPtUr5+YdyIx2+RYX3x0kKK+wnYbLiwti7zQojuAodK8Js/O4+KA8+Bpej/5j5T9h//YL4sL+OUlX+CDXD9KKrPa1mFyVg7VLSeXKWVQc/jRJJTMScxzlaFM/6rzf4RUF1zy/TA8W+WKT6sIYexq1keeNP21cqM0/USZ7bF0lAAMF7AAeNCsrxLwj3yPEg==]]></Encrypt>
</xml>


2015-12-12 03:00:57 debug :
------------
String:
account-ticket<xml>
    <AppId><![CDATA[wxe5b18b9bd7e3626b]]></AppId>
    <Encrypt><![CDATA[6dpIZ2meXAI+gZEfCg/eEgRtbgYqz5NUSD4RxcgCjyCSWPfRaoFSFksyQ7m6ER0v4MzOALast2vqpPSuSFLlPgoEp5Be9OOozrFNadbOF9Zd2lwVmfE1owPkcsX0kOmYt2Lth/tNdhHJkv7N0qqY4a0OqMd4jYsPucWuKg7Db7j048t9bUdFhPk/8ekqBXRJ0BYFaxcBxhchQYkoW32dedn/Xo+/iYki/Vmj37fYaFcttIkajGqwNwAOOgA8s0zN1b6KuYXgcQtRoqzdqn/ji4Ah0Ze8QCN3KbbredmRfZWHfDKPQvDJUN12elD2mbmTTYgn/gz5poipmODJVsrKVaDU0/MCkUQTEscfQ1pEbVMRgvckGPe19dU/Q0OQP9OSSITSu01fvtTMXOP35E/7HkxsPOjXdMT7t2/Qmn7B7XkslRtrBnnFLGOnNAWrkJ9W39FmPjl91HrYGN8IJFyCoQ==]]></Encrypt>
</xml>


2015-12-12 03:10:57 debug :
------------
String:
account-ticket<xml>
    <AppId><![CDATA[wxe5b18b9bd7e3626b]]></AppId>
    <Encrypt><![CDATA[dn8Lx1GQPiyK4cvZfl5Vwu1wAGVyaCTDPEJ00HomwjFDMEMBFDR1y5NcZAK7knnPLDnRTsBBEI+VQcdAMr3Iu5/soLvmUdgzBIWw96oc/Sj0mHgOOZ9z8YJ18kszyUgCO8qBa6tN0hfBRymH32pPzHSp+k6A0GV8u4ey+h9RQZRgugMC6VnhuKJuzfPVnZmIqtTfSvSTRmNlZRKpiZckyh8LFJmwWJEm9q8VKhcJ41NWFsz50gZ0ZwmdyL15trYrj3YHH6nUqrg0iXLowbW8buV1BbXCP47mkBFNMCdu4PkUWWZkE/doMV7r3mg0ufnOG9HLey9Yir0iesTu1etuTEcUZ+5QrgLpE3kmYNLjzqIcdPjIiQjVjcz9x4sXhGrG+Ar63St1qCO2qoU0bGF28Smj3wtV20cE6O3DeeZy/GKKHJ15qreKYy074fg4UjdOC7UOPY7zZlUyvd/ahHizEw==]]></Encrypt>
</xml>


2015-12-12 03:20:56 debug :
------------
String:
account-ticket<xml>
    <AppId><![CDATA[wxe5b18b9bd7e3626b]]></AppId>
    <Encrypt><![CDATA[COt/vIppk1ke4t33bAyF7iD55kurAMxp4Z89cZslFpn/9bam7hta/+Snl5tMqb1R8kRpj41mu7kb1tsedkmakYXcStEBJIbNzNNmZ53N4It7TCCymVl+oYOpgSWg8/d80sXtfsy/fvb50zXzpI1JAXSH4EZ6Y2pS8/EkxqmgpVN94RffG+sL5tawArTZdEdghXxlZBu6If0hgdzH8Rr9Sh9/mj/ZK7WuUrUusPH5hAbjo6Q5Npj2QNKUP954l6PJDdA4S8zONuI2OoilQM9p4wSKNZ0F7FFScviFpJXcxQvsvLs94ZAiVXcyoTI3BQktxaiItmPJ6YLgfZa704yIOFgnHX/xELHPLsVIIHMxrDabDHvdls7GIZxm8mWwQ59dxi+xUvzdzVqEXU5DpvNc9wa3mXSn+tR1oDI+7gIdCN+GlgIrc/bqxKY9L76XENZpLQwHsRmblQIhcZ3167+ziw==]]></Encrypt>
</xml>


2015-12-12 03:30:57 debug :
------------
String:
account-ticket<xml>
    <AppId><![CDATA[wxe5b18b9bd7e3626b]]></AppId>
    <Encrypt><![CDATA[l/i9+oC5vLrXeAJpIm0wHS6SLTrYLBAwOUXRCWahNyFfZ7ijUB/N+zB+HBfir6LO/vm52LxPQBCMVlb3N4xviGhyay9fzn+LqX+94K/8rzxFkgAfa8ZnSwMftYTg5eV7U8eldvud8ESE7SI4z7+b7WnEfZjfHt+NabbigBZQa0NlvErngj20to1wAG/3DgvlEnM/8rvRQN9xCqxT5pc1czMzFc4e1RWsL9po2Zia+6tDCWTWVMXOUe7QnGOD8ePWLwNQH2yF91gNJhnmcz7OEPtvGna9byS/9UhTg5xhgXShiLqKVDx57XQ62lLUMYlmjiP81kUmoWG1Ya2WXNUkrX9lIR8WyiLJ5lNxv4kPxkCgzI7xFdsKDdn1Ur6UavAEbNXb5SsQZktWcZDMFTXcmW2cWI1Oln1ruBBMy23OY+JbqGmSwAux02BvbrO7uFacA2ioDcN2Hb9iIustW57IWw==]]></Encrypt>
</xml>


2015-12-12 03:40:56 debug :
------------
String:
account-ticket<xml>
    <AppId><![CDATA[wxe5b18b9bd7e3626b]]></AppId>
    <Encrypt><![CDATA[5S5wetDoZ7kWKVD0LZmK2Oe0o1wPSqJaLuSDgEMBmOPWokKAK0xuj6OQIk+QDPDLAYJ9PrLfMPWS3EwXbh08zveoMxHmRpvA5Hbt819uS0J7UrITySFwozN5tCF4Ii8My7y9ghAb6N20PAx4vYkJRINd8/ykLqppHA1rc1DxRV4Td0BLUmooqsQyqAjB0oI/vKphuNRSX4xlJd4fD/bmLWwlgR9JL8SXAWIVeLXXtiPxo7eXL1xkDgxYP9z9KKCcT54we7pvd4/h/ZJU4GOfS3AmbpFBqyJKD6ciCboZgwfOA4FVRSojSoSyEWZsxXzOqDqRH6/rqq11CV3NFpbf2BiuWn2TfZzhLDG/O9yTpk/Z5jlF3mtGwQO1fuc/19tZYxvG9P+PDuupiS2EwdK5X7Oh/wWJ2a6MFztJxW2NFPRGu1YcM0iCNIVtraBjyJx43DzMS3qjcUHG6mecx4p5zA==]]></Encrypt>
</xml>


2015-12-12 03:50:56 debug :
------------
String:
account-ticket<xml>
    <AppId><![CDATA[wxe5b18b9bd7e3626b]]></AppId>
    <Encrypt><![CDATA[NNBfJ3k21jfTkAdLIub4zvcBXJfhGy/uHORHP/3f0Z9kIFZbsJIWRF0wbYEL0gvyTKIX0MxnWeo7pbp9VQ4Z6m4oKNSdI7GnAi5mPfPGPb42KrrjttEO+PuF7W6x/ywA9zywK6kBnwvzHtfnwZR9CuclknqG/1Nrorl3mPghIX5lj32hK1Ij7L04aH5IKvFnzY63QwenqKk1OfZiPiEtLCfuAsWKPwhh62RWoxtaQgCPxbmaUWgq0hnqL3zNINNlcGPhw6q1FkvQIHd7IPk0yUdipwcASXvfoTTdn3IbOrJjxDfYPp7KcdiN+qqaFLgmRegMcs6cioJGqSpmVLu2YYzAyZl52ClBYm4vDcGV2Bw6KzUgloNuFilqLiK3lqGm3a5s2mZJPoNDRLBQlP1KdGozC+DEz/9dGKsIW2PDwTRrpQvR94KpIR6FFS96M6ooYUHAsFRiqxU+/0liNCpHOA==]]></Encrypt>
</xml>


2015-12-12 04:00:55 debug :
------------
String:
account-ticket<xml>
    <AppId><![CDATA[wxe5b18b9bd7e3626b]]></AppId>
    <Encrypt><![CDATA[AUqv2Fmbj2P/IR/+9ZIc/0jT2Qq9T3KbbbVOeQgV1z/YSh6uroPaHPog1y7MLTB2ABvsRy64LiCqSwZPDhUK6unsUBxKfHYSUWsbJErU1ooD7Q5FJoUH/7XegdisxMiBOLzBABux3KwRSwBvsSw48yW3QOixdJRKJb46KZLr8FedBYdicigbc2ZtV+Ejp2/tmnAi5kbnJsDnudkb/wxKHdbdEadVeToaJE9gL7GM73F5kLAl4xxTJic9ZIXXdqaJLY3mfEpW/FSHHf3Qu2OFNQNyT4TcmsMJeKTer+ESzyvL1KECsN4GUb+on2KlZK3TpNCPRtLVPAdtVO6JH8aHVaYw6C/0y24wqsLQ4sgQPLoFcPED7seBJ7uYqw0BAxSlmxmRj09VpwEwsUFTiuiCqE+9bSANkvTEs5l9lJNfyb7SULCrJcem1rvlv3bVF85BpyjrwcUAw7Buho6OxGQonQ==]]></Encrypt>
</xml>


2015-12-12 04:10:54 debug :
------------
String:
account-ticket<xml>
    <AppId><![CDATA[wxe5b18b9bd7e3626b]]></AppId>
    <Encrypt><![CDATA[5AGgR/57/ufZ7OqVMQgmu9AIyhb1qcI+RZzLPsapdL0wAO0eLrPiNtCorjTFeFW3tbyARu4YN6EUph5QIQcpAYWObItFML0QRcElG9uFci18NDmRthG+9JpsFZTBNPsM0oGx9mpWv7nr+tRheXJkfDR8w0Cj5ZW/Ok4FnNR7uxZU+pWn5/bf14EWtrG2j/aNXfzmamGaPl/HJ3AU8YWONR49GkFqdkQfVtwTnNOSbjAGnA0n7dI38T12ImPsvrU98amiiEivXtnG9n5lAgwKT+44fdWYbag5XeAB/lepiqlbwubL5wUxG+8yB8e85owgHVg9GY67pvVeA/afQha3JFZ5cQAJLXQdCOEMsA+XZn7RWTHQMQ5dPIzd4jAArz+US2QEZOR1vN5zD9AXrBazcO41vzq+rAb0O7D9G+vC7Iir0zIJJN/vhWfzUp2cibK9jlEIG8sRcTy6sHpAhzqdag==]]></Encrypt>
</xml>


2015-12-12 04:20:53 debug :
------------
String:
account-ticket<xml>
    <AppId><![CDATA[wxe5b18b9bd7e3626b]]></AppId>
    <Encrypt><![CDATA[7gpUJU2ldlM/dCAi5/jUN1vv9vXQwqhrm+bFVLjolgyVyfr6bWin+NhRtuaroGKuOABUVQmvxJxvkNxeJ55K2ouFfaXdEkpIp365/lAZV84T08qa9gyB5CLr6NiO0W6UMJTCSt3spvpA08dYyZzAwAmgYUvHyNeVow1fcJ45NR3zLStqmegtM5POxaGsUiwy7h2My2May0SDliKrrRu6I6iqkRwZ8vQISl0B6Tn/NaQdA23i38SIA+Nzka7s/inS9aj/ake4X1odT6BQxDdc7Q63GBzEkzPCDn3a06NwAoujJjLqNAa4p/HygY8gPX8j0yz0wca1XSUkjGBz40tfuY97LdAWf/DUzkg6Xz18HsxG4GJbgUWxxHs93CU7x9+K2y/M9n9wrFkDuC6T6mchku/dxu9xaoow4549Ko/11x9jebEmP7ihiMDUHHz/QARuB3etO/21xpyv2DyTi+ROGg==]]></Encrypt>
</xml>


2015-12-12 04:30:53 debug :
------------
String:
account-ticket<xml>
    <AppId><![CDATA[wxe5b18b9bd7e3626b]]></AppId>
    <Encrypt><![CDATA[uqtbVpwVJIWjbJt0Yo6yLJVv1td5CHEzzjy7ZKiJHHQOXHMbRrWfQar1Ye6kB1aSR9jcy23k4UHrvvla8/pHRbgQkZ9g/lTZOCxhKN3JecJLTsypWLpAQnGVWebKFA7/AntoLoj5CFikaefGNqJ4HGd8DjWvk+iL3Mo/NkelWRb6G7kl2D3ButPLhvj/wDB6XxQbsIr3NnNOsINfAZq+xSL9/HsgMPGrZ8dVlcMl2uSF0pNvC2WJteThlVw5NpR+sTcSzKYdz9JWaW0E5NlAt3vnRQ86wbQY/2U+/xrkaZjn4J/oe6wD/NbIBlaQ301TqeGpQEM0+74Dc6yGYXEmgUG12ObyjAd62FIIa7rt/KbI22Ad11hGxFHux7g/0wRNmsQuqrzKIDiaPt2PCg9mXjgt8VZSH4/9+JDB0UYPleRJdYxk3McIx+1eOn5c07psIyRIYuf0tjPVOQz93zDACQ==]]></Encrypt>
</xml>


2015-12-12 04:40:53 debug :
------------
String:
account-ticket<xml>
    <AppId><![CDATA[wxe5b18b9bd7e3626b]]></AppId>
    <Encrypt><![CDATA[A8KwFAyuyPz23AfqtKj1eB9cPdE0aQbkDhrnXONUhPpb/1BNQhHmQFuZUXpL24vRMI/tFVOThLBMWiPUwnyBuR13rDdP9+UgNoJBXlKu/WJREWQQosd9b2+6lDyVm/Bz81CjTShDbNLm169qGJqs4yGX7OJw5rZfw+UFl9fe2AufKMyOrYIthirpXmAJh+8h/abzNBzdMnIaR6o9E6Kh8or+wrGBaP1jzJGaMOZAF5PaUoneULCtPEIK2X0sLVxABv0Y+sGw6ktf/uxMUOmSMq9SaYuBb5Sv4fLAu/VYWIl9Y4EA4npf7AlJLfigkbkiTw8bDdOV+QNCdNFLirgwuwQOco/gthPl6mI+X/pCofwuX+perlfbU/HnzXEMz3MAFoBQKE+4F6RTGvU1P7JvT0esTuwtWzQB4xc4Q1xvQzgGgfEIaLEBrHI93l2YLWYfqbvt1R4k+9kgh6vYY45L6g==]]></Encrypt>
</xml>


2015-12-12 04:50:53 debug :
------------
String:
account-ticket<xml>
    <AppId><![CDATA[wxe5b18b9bd7e3626b]]></AppId>
    <Encrypt><![CDATA[u2Mr4dXYoeAADCZDMnikw3mfk8CUgE9h7GPgeVyTj265bODi+Yv+xMuNlh+OSDin7Bxo46Ya6sRTyMYA3Emg6iv3Quto9fkbt8w24n3/RIfUY0n7opFyhkMCbmYG/NKmykqIms3rwajx+YbahiC/QCcz7s7qHfuJGryX1tojtdsJnB0Jwk/mclrBSYWWbE9njLCTCSJ/TYqkD5pqBKgcP0+Sx1UpHz4u4EC4T9gAcmPqxU7eHisXE6ykPiU96+hB/o1kYKIFTernbBt+qNghmBIZQNDXHYngPHRLqXTkwhjLn2lTVE04S9X5Kt/hmBOFg0ftotguQ2hx5xc4xAVC2h0/XUUSwqZ2/R20DQIEB5/DUig9/v5IJ+cV74JVnhFoMZI1mGvIwwSNFWhbIjzmsUJ/4jKfT5RhWt/3Ynr5oQaZa715whpFhapfjwOr+KiAsG6B4MlOOehSFdUz5DhIHw==]]></Encrypt>
</xml>


2015-12-12 05:00:55 debug :
------------
String:
account-ticket<xml>
    <AppId><![CDATA[wxe5b18b9bd7e3626b]]></AppId>
    <Encrypt><![CDATA[GKTA8WIdw1i1yx6+6bJga8RNBaKZ4o9N69aPclwk6ts3CUrQZ1T8MOhX0UMC0NZMX4MktQF6gqj58Ll8zkHYI4GN9uYy+t4zbL2jorDHbyuPyhq5nS9ZVBjzMl/5zJruDNmq6gSKTn3Dg+yewwdDWQ3qalyLohaD07Uzb3z19GYCB0FSdicCVuNSfytst9L308/KobyRGTC3V07wsXB+0G8rQTsUZ+/D5KYPw8vTIK3flVcQz1WqS0tiBJ/0eNPPXv4upNwq33lQCbrbwYwGwETBQDnvIOJwl2n/Rosui16d1M9uEHC0rhZhZ6lvyK/61C9AUoWCBqPCDAVXIjLQYZhLAHWX/zaqRHUEK1E9ifQslGDK0vz/MoaUsiH3n6jZCqkWxNTugFd84ZEGXM0oATF+WQnjoHAhEKfJWAw1rGirMwEFJdNurUPP9WZ5wnwobXpJ5TIhP/o3Fb7UlUBV3g==]]></Encrypt>
</xml>


2015-12-12 05:10:53 debug :
------------
String:
account-ticket<xml>
    <AppId><![CDATA[wxe5b18b9bd7e3626b]]></AppId>
    <Encrypt><![CDATA[dUe+ZIdyZQF1gmjAzEzFfd/h0/9zxTdba5MDtrClU1Bha0whuzDkA9mqxbiw6ck9nXTNr+iQBLN69SKFyD9vom5SJ9zz8M5AqQklA6OoL/WFI5yL1jdG0NAuVpMI8mKmTKfMn/+jOggvvfjpIpiUjdJUvz6OsCbIC+G2iWLrfZxbbVusfpBuQ5sEUaAmy6aIPmOPB8CBj8g5Jv4vnyAfU52k5JX9PxOFAjAjWsZ46f/LuR9j+AWWegIWSfJmK1FKUsD9V3QadTRK5U1iLW+wqqqPX1deAK2VGSkCssRGF9eWKLE6vI6tTIPNnEFH6jj7rwMNP1ZIUaM+3y7QzTNOOMOu8S6DwiA+Nh0kOXk7TqSyeDeSd5bW/I4fQ1mEX75Sqi69Uh2g4MbGvGcaGarMfvpv1T4WJO4Nm9UJt2PEddviEx7szCdfKVxbiFWwwXxrj7rSa8hjsWrLzi6fT2tr9g==]]></Encrypt>
</xml>


2015-12-12 05:20:51 debug :
------------
String:
account-ticket<xml>
    <AppId><![CDATA[wxe5b18b9bd7e3626b]]></AppId>
    <Encrypt><![CDATA[f/8oCZerP630ez/V1L8l5mjY4p8JalY/qci46e6S/5cgEVYLXiWWtk24sdj5bBYbtzSgqeW9NJW0xXVULxZ3KenXh0jva9C/U5UFcmh+4u7kCSMM1aXg04BonHvmbUxeZS7BfyQq8TUAThiDeaMB4eU75NLT/WpeUgmBYkWAFUX39ZljneYO9310lt4XuWeUlqcxF5Wb18zFwqarslY+pQGY0tf74CUwi/9jrtCwmMr1gPaMs7Idy8jD513RuRTrbfpkpYP4zLcdR6CzGW5PukGKjqfq6hLWdDChJUwHVqluY96rmrLstLDVDgA4EsQ0tyD9zPQ5y3jVmSAoYcKylHYz4DU8Ve5/M99BeBDbhu33HtKHXkl6aYCTnPpn/Hpe4vrPlnrEdWGmDqJ3Yie/XgNbAQS9ElGCLXUwM7SuQzO4oJzysUVQMiBHxz5w0a857BLhXOPruDE9dwv+79aXaQ==]]></Encrypt>
</xml>


2015-12-12 05:30:52 debug :
------------
String:
account-ticket<xml>
    <AppId><![CDATA[wxe5b18b9bd7e3626b]]></AppId>
    <Encrypt><![CDATA[jIxmMTKjgD2kJywsKf35eWqSr5DtDGZb2wZEt9bsaeZQyIMi+d6k5lVyDVlBzst+blUdiI8hOXSmho5NIWVx5TpJIK7i25VXP9TweQX8TbLEYvaZMGRxdjhvvoT/Ym2lIVEXX9YC7HnebeWIPsm5Z2e8YCGVyw9tAv5DSJhNqiKcJtCV4xHzPWkU/C2UE6BD7sYeIU9EjnUTU8iyGcoBIy8723SE+3maG+nDiqOOjfQRa1cSsNIzHATfml5mwKomoTr7fQNea+Nrj74cI09qdzI/30EJOg2IuC9sENuF4jlcO0Hw6f88L4LMD65W6WxwSb6kmumqeZ8XdpToKp/LEReU6eF8aMkej0kRkJreay9HUkpX6d6+GElCTRGChZpQRo3IlKGcHRjIr0RHu8e42auUvNlawR4rkvaaTuyx41DOUwDwED/iMAULb8l8L//DAJitm+hHA+DhfbA+NoZn6g==]]></Encrypt>
</xml>


2015-12-12 05:40:52 debug :
------------
String:
account-ticket<xml>
    <AppId><![CDATA[wxe5b18b9bd7e3626b]]></AppId>
    <Encrypt><![CDATA[x0L8hQkzVt9+exzz4tHvFA6vL8rwDD2Gind6tR40LHHW10SYt8ZPmixh+9J7jPq/Z9Mb37o4QN3C2DPAi8RdCAyPw0AjplBd8yQxV8crVNpnMQZfSStk8D8KAxUzhZTs/WOCLH1YnHogYlSJydJMYdbzoZqydhLI+ua6juKNM2AwIySot/ZHyq671O8UeQL3Xi5HhoX+QWwQ1mr2m8aHw7NDS7AmWKhHa6w/AXFvSGFV8NFVBIHaR5AMhhm4gfUNzE3qAFgpbA/CXtQOZmFX2XOeJ1Z2xE87Nu7QQii5wzj0qilaq9jhZiHw3GEGkAXb4DNAlR4r17Y/YBO/9UTPvT56JQAhMemXE/iwnE50zKOaFVx3INm2cqJetouhp02Tdw1TLfH57bE4RjT2fSLLM7vCqhqmv74gmpbGPRda90Sst61D7dsTZqInjuKfbKuA7Mrupa8AFAw1O75w/Ja5aQ==]]></Encrypt>
</xml>


2015-12-12 05:50:52 debug :
------------
String:
account-ticket<xml>
    <AppId><![CDATA[wxe5b18b9bd7e3626b]]></AppId>
    <Encrypt><![CDATA[R/ePhpUbWKdKTrZrQUdvE67HKxPqbY9KJx0tMHO7SJfInc2VMkCOILqqyT+9gRXabUAnXMoFeO0a3czI10Sgto9aFCZzQ+cK1nwV4Qw1a/wc4wcCjTCqg51UFurRW8d+u4HXLYosmb4h1Yo0Jqu0yAZ9MefrSCBuYkJtemb/e1hO9/lzXzEdZzEDEZLk1/G945/vUr2E9QRN8r4GQCm1wyye/ERNAy1bZPTy61nwsBnU7oOrC3qv+VHWDzQBZGzXo0x/0J+L7fbKcDg/LCnS294qpebNmaEMJwy6gqnrLsdRGO8SJb8GPRXXVOG65rIYTsFSuYDwJLnktdoSWdp7pdgbN/St0HrOHy9kmT3dcOzi/XQ/OocABuk/kzxTT6XU9NfNlH+2J4cbOUXfRkHrL0EK+ccsJdlOOuoWCwvoIaCskkp3ER02UnPqW1uusCeC+zufrgLD3y1cWO++GmEIyw==]]></Encrypt>
</xml>


2015-12-12 06:00:53 debug :
------------
String:
account-ticket<xml>
    <AppId><![CDATA[wxe5b18b9bd7e3626b]]></AppId>
    <Encrypt><![CDATA[LOTWGeiPAfQZJqiob+k9Kq9s6f3Cwn7kj8m+l0M+9VrpOByOtxZCTVR6rKROPV1KRVd2WWcyl9Wu56kjJDytizwoazzW/x9qz9VWqnK62sKDx/ilw62E8IBMY5bl2axQ4gTOM3xo2LGQyCynAUkrLhiLW+fe1r+FG5rMjok7lz5mPI+AonHwt1jesh7kTT3vmV7HXzg6NW5153xYJA734DZZR2sN8PSoOK+8mLQhS/mpZju/cy/xv7SR/E0oX2KtlBr1fU1yj6uIvNhKkKTEPxyCGyiGhZmelolML4DLevo1PiGmvViKv2h9yKVldbBi4wmT5cF9tWj+IyxonH2T638BuMiiv9ffkjPzagOqJymInhtrPvhZPimRRQKjzxixweff0KEZ12kLagCO3DJQM2YX22vTzTCpFdHkY5uHm6RjZHWhUlUtvb2h8GoaQPNRzP+FLCXcsUnoBeogoHfPzw==]]></Encrypt>
</xml>


2015-12-12 06:10:52 debug :
------------
String:
account-ticket<xml>
    <AppId><![CDATA[wxe5b18b9bd7e3626b]]></AppId>
    <Encrypt><![CDATA[+zl1x5ZE7MYx4BcH7pLfoumgV12W8SU0PKK52sZN3mpQL6r3KdRSEj1kgY8u5fhdz95NsCeBLQL8o1g80W+h69hM8fXL9M8vfpS3NuB1+LGcmBeCtePEZZ7BBjuXmBe9dPyiKqpiEO2Wywl4ZUvW4oMwyIdEiWhrhvZKcHu5k17YqbdUNEUkV7s0lRynMblntTDoxZbpY89PxvQh+pc0WbOWR5MzXH3yZW5AX2POojdQDCrl7eWHcH9DlTrLlkL8+ulZXJ0B5xiDjYPV2uy4VDz6ESR9xadz19/WbeBe/uUtUp/Oft12J9zwe/SWTJazshVuo5MAs7jUGinILT3K7iAsrqhzWDLfIEdYrh6Q49H8znMXrplJb+zPAaWR6ARWHiFn32g31Ok64Zk6aginyJWx13lEUx7CF70GPIap28naP8N/gxsp4Ii9KmVRxp7xf/rg//ATh/5in3srbUnd2A==]]></Encrypt>
</xml>


2015-12-12 06:20:53 debug :
------------
String:
account-ticket<xml>
    <AppId><![CDATA[wxe5b18b9bd7e3626b]]></AppId>
    <Encrypt><![CDATA[1OoUNAZ55XKFchAsIKunvUxYNSP8wcsPt5aha+171pYGLmVTju7ucZUiJrdTNfcktuduRoaQUWtXGJKt8ppmfRgZ4uzqW/30PTu9vDMvCa2kDUQ0qSn33L5iSh35uQX3yVWO9S9vNEiumiGc4lFIQLEITaoeRihy/iHx4/xCC7T8fzn2pKp55tdk3FK4EVPPqfoZiC31lvL8q1T36U1qXSqeDG/UoE/K8gCrsz0miyr8GQpkyLMsl7CHrrEAFFncLh8QblSiQoepyk/OkOIlaSjPp4teUFgKTZiKZuu+Ef9zeMVCoktjdIZnYUkx+qAn9rIzI2UMKdAjzp1ntQe3hFkGGKmpaJiobgYdmljIKjsNaUXiw5ONcqfTNkE6nHRLBnzFzPd+u98tPhr4zQEWkCr4Ahqag7VDcPjh1GEwyF/AJZlw+PLVvUhkVGqkIZv7isGA2s9IM5/1U+MHipvG3w==]]></Encrypt>
</xml>


2015-12-12 06:30:54 debug :
------------
String:
account-ticket<xml>
    <AppId><![CDATA[wxe5b18b9bd7e3626b]]></AppId>
    <Encrypt><![CDATA[klgeFEAPNi1XD6XvHu6xQ63yHPO6pjDEx9FXHyK6FxfGp1c+pKhIO6JjexRnDSX8Hn4THIDyvKNmGWPe16sJSHF+JTobM0IvAD12tEB7yAdvUJvwBVwSmvS0kVxzfeD7YVCO8Q2pBiRhNpgBS3M5V1lJQI/te53WFnNEYXJyhALTQbAGKP+RDiOA6OztnlI4JDVl27L42WvKI1vP7eUOTMaQUi4HaAJ9iH8R7n/0dTUAjosTdyg4A1Tj5bcKscy8eVMEYPkefyemI645GA87Y4QuGhRsH1DUhZLSaK3IdFc4ydRSq3vEnVilzxARs261CQ87bCC5cxTSQlf6OPAuoI5X/DrhdW1yA4toHuafOYnXmAyKJChhIqI+CdQ4Z7qTorTONiDakYpOzuDy0/zcrNrpgU4NfwQ+BLqJz7yCWgKxLsfsNHcRzJ8OnYXCu+esmZrv9A1q8p5zvanXCzexgw==]]></Encrypt>
</xml>


2015-12-12 06:40:54 debug :
------------
String:
account-ticket<xml>
    <AppId><![CDATA[wxe5b18b9bd7e3626b]]></AppId>
    <Encrypt><![CDATA[DAXBqSTteT7+N6U36hPumouItiC2nbhrg6xzSVkzhzAgBPHvCOxD7T0A9ZiLEpYSimvbTKE5CN8bilG5TKXAiSJZ3LDTLskXcKZ9N/GGj2ghJ8LGaZDlMmZZjheofCjv714hF5WwGbTm0O4tRKRAY4O9dENRTcj3dsfvDAcUqcWar8dlN44JbVyR4x8oBJ9zv0G0T/NW7DrYOqq5TB1Jf/1rbXfcvpv2WfCpWBQFP9mT1b0OnN8x5c3+mre+7Ivf7YGhZukdpzrb+4L/uu2u/qFT3QedVDfsMh7JPtKC1l1PT0XOw5qh7OigDNCcE3y1oQM3ZP4KxeqyTugpG8G9c490vKc7Pnym/8+u8s4JL+gHConvti8zAas9FGuOaPlIMW8qw5IPInREn9eEjtTUT5nwMYDSHwjs2I1PxH093gv+/sk2RSsJnWquzt3g41Y9zxabPo2XMapWcVQxHKa4Nw==]]></Encrypt>
</xml>


2015-12-12 06:50:56 debug :
------------
String:
account-ticket<xml>
    <AppId><![CDATA[wxe5b18b9bd7e3626b]]></AppId>
    <Encrypt><![CDATA[oXwHudiSdCbEXWlht++RCOTSD4rPbxLR5C5IijvyR44ITCx3YAvRDrofbkYYEh0Fdj3ibJzfG07E64HtouFUn50bCQmdSG13c3n6CxkWU5E87nvvk2KR2QK/h6fy29Ge+yHQt65tgWw/a902OUiemfAct/jsgDyz2B5wsS/r8a195SKIhbrdEZVQkMfVOXyCcjmFfdZN2rl0OvXq8s0sUs3C7O+Lx3WF/2DrBXhdKcY4FKqTTLaKRBMveiZUzBW0kJGR/jb28Z520Vrp0hOziJTwJDkWYnvn6NGe0bEz4LeGoTyY/6EZ/176RFMparMvmIDJq9mMP+bGg3TsjrGqNiAdnd7892RJ2ok710QTcIc9Jj+rb9QUt68OKQ0yqTCouv/EIRbBW3zlQaP4sDmqGcfvx8/y5G4+dve6xPnwv0ece2g57z/wxOjvd2s4r4MRfFGOnFUXRAf/6uQbFIlQIA==]]></Encrypt>
</xml>


2015-12-12 07:00:55 debug :
------------
String:
account-ticket<xml>
    <AppId><![CDATA[wxe5b18b9bd7e3626b]]></AppId>
    <Encrypt><![CDATA[IR3/8LBTE7SfxGHWOIsUe7jdUfw3KKxZLQ5ew4S40tlie+vkuyEBnfo8wAQ+TsBQSfAg2Hv8h3twSDzdvF+g1l8zSJJXMujs3s/oe/rxZJyztTB2Q0qtLP3YAnXKAYj6vKVc05csI5io0BZ0RkFtg4kz8WRvhWBHJF/L2UShy5ow9YLXqIQVjc8cplR3ZoBYHRNJapZ4xV1zwD7mDa+BEKVUJ162BSxe7SA9RDNf8zg5Ffqun3rcHfgEtkwt8hmqomV7Or0/a6vjCxsNj4UsrLFQ0tsGqyNhtOBItcuheTOT0wI6mDOIER63aqynL/Bxrw8PjkICf0uKyP7VMtPinLvtj5PJdxvlRj5G4TFFeNKyU0rZ6bYsRk+Qp2FN2Of1mo/o5AR3xm/tElJVq1yimTr8wdQeh2nIMuJRVYQ9c8BDlYpZxJLRV6UXjxZGKEaubPxwMH8cHh5WvT7XBuH4ew==]]></Encrypt>
</xml>


2015-12-12 07:10:55 debug :
------------
String:
account-ticket<xml>
    <AppId><![CDATA[wxe5b18b9bd7e3626b]]></AppId>
    <Encrypt><![CDATA[UxU8w7EBgQoCiCwgeglQSlX7YGhdGt5cKQzbDAdDrwfGvEFdl4faE6i+pjrGiiZvr1SWkzoTaWXAnjtGSgRlAGvn5hPbO2Hl+FyBCDj0FBkWos/OiLFKpxEb7ZfIGnuXa03HLOfZSeshQrz7wLT1OzElFUSMpCFv/kU1VLCPd3jvd5ol/lVu5vTcK7sYG/XJy9YBSKzaJEuiIonXHX1GCUH4fbiLnPugiKjftJwXm43Ln0cPKKlvjaBh5g/9vEbilJSJ99vOMwbzQaAv/QttCqtMSSkEDMi0AP8RhU3KUkKzCDHXQNxgY7uBETkoEx8htBH45mRBwNH2U9s6qz7a7tt6rSbtrdlQMHa3t3rx/pG0I5riInoweadFYv4SXmivtibi1DAlgoDo4uBBe5DhzcHEU9BvmzmX4buS4BgE9GWVfvAp5CiWbQnJtD/pcXafCuACBN6mtOCwZ38a0gVbGw==]]></Encrypt>
</xml>


2015-12-12 07:20:56 debug :
------------
String:
account-ticket<xml>
    <AppId><![CDATA[wxe5b18b9bd7e3626b]]></AppId>
    <Encrypt><![CDATA[jaMlF2UXdrax5G7nzgJml+xS7y7HdiCMNeqfKYdDB3hNY1+YgNTOscbl8AoF73S07xPXXBGaxY62W88mYGDXtHK4XlLMh39IJ1mDckbTdUa0nHVUggsGbS8GjU3iwM6BVsn3N+9zY8qKoLjivnmHoR2+9auwFc51h4f+/4cdTTSXfYXBpZiCl1dk1AjpPD66J4Htc7FTHBkM35jXrNnlSaLrUSFsLYeoeOfuPXfR4CXWigRzD7oTqJk89NTYoITsbNKABoqSraEeNLXRxOqYEDSYzx4cMcaCmIPfgJ+c/EMN0/FuLOhWQd+wZPbfVim0Ay6JmnFFuXIrvTKmqwuYjEjbnPJRngfWmwlJZuTf/4RvGlo39Svy/Fd1oKcZBwUWXt/hxBs6j9lLKzLCVCzLLqvatgaWdjGHFvPEp9xOTCSBAtP9D8bki5wyuPoH9kn5xwzHZCggWYJKGYRiBBmmMw==]]></Encrypt>
</xml>


2015-12-12 07:30:58 debug :
------------
String:
account-ticket<xml>
    <AppId><![CDATA[wxe5b18b9bd7e3626b]]></AppId>
    <Encrypt><![CDATA[l+4xK6FL8ZoXlZeCpXzYjyCOPZZTMjqVNf09Ocr6PPpHYCobhqZEIs1+W7BUTwH9cKi3YXJ45UC1tlrCuU957wn+jdgO3Tn1qX7OxWQZvvMCViU1dWl56+5rVT3za9UQ8xsxZbjJxnqjpBUYtNoYTNSTieJU4xbA2EuJA09zQac9brWv4sQ83esO3B/ZYK25N+Mj7Hhs8Pqbne5L9hnr0ECL5dU57gWN+4aGMsVbF9pnRBxTXfGCv1bsCLkLIZG6S/XuzPLmfbIHxhJBwbFoJBIkuKTL5C2XHFAYIBsLVtr+qvDvUvFqPEbtstuKfibPzTQ++xKbAjMG9ka8roLBTc8TPgB7/zarMjQNb7aZZr6HArUZvbK4ynSD7tFPxPHVq4gYUHVMsInkkk/xTboFZulVlfXafu7IbgZ+ccWJyoSb85xOkGjJGN65JvX1Pb2eQm9/bpSpyBRLDuF0El/FaQ==]]></Encrypt>
</xml>


2015-12-12 07:40:59 debug :
------------
String:
account-ticket<xml>
    <AppId><![CDATA[wxe5b18b9bd7e3626b]]></AppId>
    <Encrypt><![CDATA[9WSHkaoD6YKgFfAYzuwChdD94O/FkfYnvGnxWjuSvgImv04fgUFR94B2FbYQsecbxLFqzsfWImlPdQclQrgZXdLGan7kEg0rZg6QH9oHsCy0vKKlESE/LQLpME3ssI4iZzgVHbpJmX7VYHVfcNbYaoUbD1z2ZjUqL/VuCQIG5m2lxebNCTijQkCvpyWqvEFPgMLl6yF3bmK+svNMN591zTYx+Nxjjg5TTioOoRHXQ002g8ssge/K5ulZ/KU5PshmoXLPKfqwiRTVnWjs5G92EhSsJzZrnS+RquQxmBlo5a6lNEGA31aFpZC9ptVtzGNRKyL1VoiyTO7rWpcaAqD4ppaH6I49wvhW/70xCDNZkcyAupaOi75AR9/b+0wt/3sUO1EMxrF0RCa42H/AZ9i/X5L9twzoCl4zA7dYj3G7Sj9baX5mlScoWFa7sfKvuAJ3dEYI9eD+1mS7FWCXgTeXIw==]]></Encrypt>
</xml>


2015-12-12 07:50:58 debug :
------------
String:
account-ticket<xml>
    <AppId><![CDATA[wxe5b18b9bd7e3626b]]></AppId>
    <Encrypt><![CDATA[rMKMm9or6xGXVhcVgAvztfDGY6Mpc1AiDTfm+VzLHYD5gC1E3b9f8lZStixwRqmaXHrG3lqmVdouE3zGkJX1VJIsy2zdqFfnSK19x+kYwaSo3iTdHevbraulkx0RdoO2iNGzr0t+7OzL3bAFjFaCho/6pnBlRPJxicaUUV1UMPw1NSaZjusAoM4Et2fsVrw2gXEVgAGXP2FvHlUvCZpHS09ZSGgYeJJe5bO/ldU7rgzgfmWAOjyqrgu5gc/OcCjwVUKjRSroSeRyzFDKI9EavGmdBYJUPg6ylVSO8MVx5QgxlW8Vtl/kqPWrx37pPmGaWHUQsdoHew3841e+/2TlLYzcQnSXpPs6JOTRxlVWgc++P6Ta+cgY8dcIl5embno8OKk+k9Aibh3YKS+dUM3YDYKtPbIKrF4D3e/cVT80ybQNLyNC1AHqIA+ytZoi+zrOnQii08l6VTEtwoQr+utPAQ==]]></Encrypt>
</xml>


2015-12-12 08:01:04 debug :
------------
String:
account-ticket<xml>
    <AppId><![CDATA[wxe5b18b9bd7e3626b]]></AppId>
    <Encrypt><![CDATA[3jE1h/UdEeTTv2QmlvrDtjmnbWfGJDo04EZ6ke+u1x6QvDcpDUthTsWHf6aatbjd7mKH8ibWRKKdzsTMqv+xG18w9SisZsERI99Sa0EWiN9CiYNJt0OlOHht/WgXDPhzu2WlfgzH0V3u33614v8G7xIswTKqS66vdyWd/9wxSeYz+/HK4WZV2fRQ1MJnL818z8/KWUQ8wSehPnGQY5ha19ExbZcjy7JL2UnHAH3bbOJ0DFMAOd2pMHpTKKi6bzuNMGJuY8DQGjnMG0zAIMjaEAcef9tfUlCjPI62QfPRi0dLaVHBVbUXB1nMwIRnvA5gQqucKlFjz2V75IdzF2nh4P1g5rKLV7tf+n8//o2jaWXIMrvfbYhmWA2H+tF8KB4aooGlJATXWU7Lv+Vs0CjnFeJffVU5o2pfJ+9Rv9uyoL+eKXhIodCLjmMUttL0E3XTs3FvIefXk6+2Lq98H0eE5g==]]></Encrypt>
</xml>


2015-12-12 08:11:01 debug :
------------
String:
account-ticket<xml>
    <AppId><![CDATA[wxe5b18b9bd7e3626b]]></AppId>
    <Encrypt><![CDATA[OHB0R15Kh5ftH2XJlAG9sQv83cLGvJOfSNsPiFtpTHI3oDIvL9+xVbzQ6nEh80pZKB7YWKSCbyruyizLg0Zy2I8JsZznTZ18G+wRJGm6SPfUSeJVYcP1+PR30+rzgE1Gm0smT94j+fYAbuXdvdPpvvNrbtzVxxRxaRJIWvYymru7AwyvKsbvDrRmCJXnhxnfEhPfVMfm+K77x10wmMJrK7+Hx3+4K0BeNSZSAYPp/84rrPHWyy+CyrgqNOwO+by1KkQpe0wuJV7Zrgcnksq/NFAtwX8xPEa+N8ePre4cyxGyBdG91X3CRleYu/9KCNJRqGNd1H4ARK7fF8i6UQBC0UcGmyg2cyD/NCuZdGDLeCs/V8Sl1/zlKcxTWIuiczktDxbwsEJm/rZEdba//nXCo+AEgKViLLZC5E7s8Q+Le8DGPDlzZ+zaWmfBYmo2DK30QGahKTC2FBC+9C0h51U1DQ==]]></Encrypt>
</xml>


2015-12-12 08:21:01 debug :
------------
String:
account-ticket<xml>
    <AppId><![CDATA[wxe5b18b9bd7e3626b]]></AppId>
    <Encrypt><![CDATA[DsZLm69kJ5BkD/RuPJ1J/IA12XQekW7gbULrvcvaHuJHsWn0UQq0VW55eNgs3m75tiXj7m6lDyeEuTSeagCN4Toh0YysBkZhATdaaBG8blzVJHj/SG2ABYpp8iZsn9UFuZYBBb27QzJfisJD+iBZNUPjqJiSM23er+7grDoaWNsCkMhQN3C3hiZsXIkeykxczNVDLs4pjDMloFYNvBH0CbyhrUKcFiRnklFMIPniFylaB3CNqNJ6RgQkUYXvRMQsNJ27KCmbEs7+s1qztXYouZFHmWwtCUjLImmXkrkD1WAiWiiso3tGSReLsgor0iUNnVCLqjCd6LtiAC2haqt73ZqNd/NOvQ33i1oDL3Rbcje6yqBftgm1oO3/95Mxr8dtq+Ni3jZHgPHwx2WwANAIuKiWJLcFhQSoXyveKG/nH4iZ3Q8okB9nK6JWUYsgC2Txsqqw9gol85+kS5iSIFGr/g==]]></Encrypt>
</xml>


2015-12-12 08:31:03 debug :
------------
String:
account-ticket<xml>
    <AppId><![CDATA[wxe5b18b9bd7e3626b]]></AppId>
    <Encrypt><![CDATA[Li5X1PllfSvU5ak8n/JocMukyEAXxQ0uHx5gYS4NrB/Rir68LCJkdxBLgUaJdK6hqLaJRKAcXdfNgl4D5KzsWGuGmLYiBk2dUdl2DsGi91dza1Qp6J7lDqo5TNGX+fV4jDyeQmtSGG96IiZf4NmECLWKcY4yj7GULdoqgSR/4EQgqv8G4nxW+vsQu1bAmQbDSq/xRyirnWpODFn4xMZPTU1kM0ISZie7IjAF5Cb8Oa0PRH7hSXgznFndOHFJdhBv3t5qHAnvrS7MwCuOykuBwdLexsGE7YkwvIif5sQCCvwwT+niTFwodzMlvJ01X1GYoomhPa5kD9+oqU/Kplme4fXUgBr/RfUE9LkB5jMvweevRS/cf4RpfnmeRYl7KBzxcrWPZSYiTIey0T2gdAELOF+++I/esag5rArmS7pq+x7/mlYjzzKnv2CG0wwLLCbvNWPW7uszv6NOh4Nl1Fbe4g==]]></Encrypt>
</xml>


2015-12-12 08:41:02 debug :
------------
String:
account-ticket<xml>
    <AppId><![CDATA[wxe5b18b9bd7e3626b]]></AppId>
    <Encrypt><![CDATA[CF9nBwJ07X0jaPnD2MBu75W5SEufI+Gtzhvbv5m2DG8kvOngl8Ej+TP3dSyMABXiWguBJqDiZD9+KAn5fJzbsoEiXXwpiH3MuwBaM1NIRZIhYAIxTM+U2Sgfz+wMge6QGMbg5xYmkM0ltefMHa303x/6qIYH7W91EDHn7iVzD99pjussmQEWlzAWqZzg8XkZOCaqGfMJ0Be8XM6DIjMZKcFLwN2dvwQ10c/jz9GTyloS/OGieAsQ6iaVkhmUyanXxDyxmCBfJ22mFySbavCopopE9JcCu62XayotkKrgFmd5Zpq5vpzB1IoJO/b40YkiL3xjnMre3FbrcxfAuG/KygXhn2FvFCr3g7HCVcaVWqK8QAeuvs9nBEM2+5HNWcWBKoIXD3Fusi/PRF00GTW1b5BAl+5gUaVhxG3K7i2MgOys/kvuKy9AFDJQR8D+Po0whBCspLvReQqpDcwkZezuRA==]]></Encrypt>
</xml>


2015-12-12 08:51:02 debug :
------------
String:
account-ticket<xml>
    <AppId><![CDATA[wxe5b18b9bd7e3626b]]></AppId>
    <Encrypt><![CDATA[drpHpPnPyHGgzfoPZKmxW+DNnT3fohxdfRpYTAo9So5kb+LlgFLRqBpbvAoXocA6FO/hq040M0s1kOSC5ZrJ72P0ZtVLxu5rMZxUHR25jHqOqjWah7Au1vBMQQwFiKL7pT3lZZrJBis5ElumKVjZDTLp/MhsJCdo+m4ywz7ChtDn8YRHGbSSJZzwJ78/WlR7qgIvJFlfIl1vqWBqcv7CQK9KDR5DIprKsmZ7A51AbNmUZ74IPAlU0tk0BSoD4VOkt/ZxwQjoOa/4LuEVaIFDTqeCKCJfjfnUxX1OxLeD9NCZK+Qkm+iFJ7YZxgV9QcLtpA0ftz3dFvk+64QNQTqsaV4okRyzvY+wS822T3xs2hS+s+scSaCml/qGX9asa9f4WyOftdy9rHXgr6eBLUzPl3Qfn8rNx8EemYpHzA3Ku1UBzwqsoEgsUXfLkYmHI9WjADQLjmqKkXr3j6JpyCbuPw==]]></Encrypt>
</xml>


2015-12-12 09:01:05 debug :
------------
String:
account-ticket<xml>
    <AppId><![CDATA[wxe5b18b9bd7e3626b]]></AppId>
    <Encrypt><![CDATA[cX8EXOCwAFoqlUcygh4J9EQ7k89wqamZFCxYYDV7DgTbymIXUgH5oNd62znHaVF4juEd1O8lq/T0CMJAuF7uBOdAxNFpRyppmh4GygGM6u2I8UNjShznIYzzabHublh1b6N9qp+vx213doaHY1dr4gIOMlcUvwOus4Eo9ApnVvK8c4VSlA4p/mtJkZ4CXpXjckxzWnNmE+lWbK6YWIMZ8ojBEJweE7iUy9TvtY0NJoeN0UoInvXPGecVs9typ0LNyD85ColtI5UtxC2mKDHFc7e4SU+qTU9+ax+wsC3b1oAJGEfu/Zl/w8bBfHN9bIXH+CPVqBSxEFhIAHl+nz6M4zBIxmPtIF6+X8Hd98DJtVjJV3OpLXMHkAmuoe0RPiB5a2wEiaLX78ND9pPYgwvj9d4inb2yU26KxmGBTUl6saCloFfD5GgQw9NwvrahN1ZHMAwS7MAkLsluUVSroxNIDw==]]></Encrypt>
</xml>


2015-12-12 09:11:04 debug :
------------
String:
account-ticket<xml>
    <AppId><![CDATA[wxe5b18b9bd7e3626b]]></AppId>
    <Encrypt><![CDATA[61DKq9dFiDP+47P0p+4F4+5jVSbraXB5mEPGLg+JM65fQUhnOKQ/ds2ISfcVb/Gbl0Lm4la4swL9hO0sWfrJe9vh9qLZ9x4vwor7LMu/nnQmm6TH+BnlTnGacztpyGmfiKW+p/ML7jgOsQj1DOSvYfm8rLEFKvvLIecckb1TC3dVrYk3RDiuMtrHCzE25s/RoLrDFxChYdDoMkI8q/gny+zrIUDb6w5oGtN5GoXLMwzpoICz6YpdG5yr9GPMRKUezGUPu7SyKVtDZKmRqhCuTbUzYIMIQRJke7Y1zoH1mp+w3EPlTqCdJW3Z1dAKDIFnSJAkYdXA39udn+SsVLQxPT3jPHDsbQtyQ/r02sqjigPe6YRgWYsdSXpfZy2gcKO8R86MA0aDqqBtlfhjJ/rNl4uMqvYyr77Mv/ra6itZsRGOu4sFnAV2ajZHm5nLZHMmOHw1it9CSzQ0pbBYTv3bJg==]]></Encrypt>
</xml>


2015-12-12 09:21:04 debug :
------------
String:
account-ticket<xml>
    <AppId><![CDATA[wxe5b18b9bd7e3626b]]></AppId>
    <Encrypt><![CDATA[WTlkQRbjGVhGhStZWZGomCQGC5hBdNyaGC9rTlvVXTzHXQMmN0GWLrDb3+/gPr9cB/Jt7tH/2QmklFF8oC3b4h+kRsVVwFHR8BcWT56zCnixoT+AtC668dtqTguEPN3K9u6USr5v2ljoPVvi8qX3P0/bdiKAenpWUTqBAWxAyoulz4+wVvSPPJOY5NAEOZaFGf9oTGhucIBo1xp77jpXnYPbZSRnqdAUVfEaRoEkOPjtiTcsT09b0WGWpFdnf9WKK/5PnjmQV8mzpii5NtJiOpe6wg1SLFInBZAGL5s7ROZUE6Xy7pbDdKnIlSbaCCl/gIObtp6YHVq5ttfTStkWLruPKLZtgezJQD1we5u17pOqHDWonZp5U0BccDv3HQ+Dq+uolTx2MnNVhANGegXVGNYNIESReQOgAsGANTI/ZPwBNZuZX0njThEJkNwvTWrmdM9PJNs2zFi9S40WGeXwAg==]]></Encrypt>
</xml>


2015-12-12 09:28:19 trace :
------------
Array:
from : ov-0juORxMyh76tXWdfywPToOU2Q ;
to : gh_2c27a8e247f9 ;
time : 1449883701 ;
type : trace ;
event : LOCATION ;
tousername : gh_2c27a8e247f9 ;
fromusername : ov-0juORxMyh76tXWdfywPToOU2Q ;
createtime : 1449883701 ;
msgtype : event ;
latitude : 31.113543 ;
longitude : 121.373528 ;
precision : 150.000000 ;
location_x : 31.113543 ;
location_y : 121.373528 ;

2015-12-12 09:28:19 params :
------------
Array:
message : Array ;
module : default ;
rule : -1 ;

2015-12-12 09:28:19 response :
------------
Array:
errno : -1 ;
message : Invaild value ;

2015-12-12 09:31:04 debug :
------------
String:
account-ticket<xml>
    <AppId><![CDATA[wxe5b18b9bd7e3626b]]></AppId>
    <Encrypt><![CDATA[P/Ez0mdCQrDmdRrX1gpByd+tFwR46qMDNrtvh7MWMM1s9rVECujei8PRNN47hFZz7xRyB2R1pvqZ0LHhWZ/3d3+6AuezYxURoossx4SeeI+zdRGuOcUSJaR/ApYwkzXUetP3Khbk0umPuWco21sU9Cx+xuv8DmmAJNMI/hDPkOzrPeGbhU0zN0/Rus94jYeH7ZEnEs2uy8JAH8SpVc54yCtn9b+8Fn9AJETaoRpwdCB+14gPBDsa10T/tYlub3Gx+5nJyESZVxM4LexLKXR0i7R2DujDQV1roh50b0xvrTl/GmEGz4aiNVRbsqKOWhQz6Q0iQvsrx4WMMinVCrawrUm653HOzQ8YxYPEo6EIT2YhFGeLSrvOVV1cmuMKmVbhEDwhesuVwQycgBIePnyTf31tezCs430J1x94wjPl9EPyK2SdyE1gg79wG0GdzUddSIUgwIrva8ImeJ+VYb+zVQ==]]></Encrypt>
</xml>


2015-12-12 09:41:04 debug :
------------
String:
account-ticket<xml>
    <AppId><![CDATA[wxe5b18b9bd7e3626b]]></AppId>
    <Encrypt><![CDATA[JoBFkGx9UBM6Le+qiAbVTbONjKtkrAls0aePwzeUQY3cjY2zd91YC9t1MOCsOl+b2F7hq1Q9WMe42T+pnSrgehbnA76T3JRNEFhEjKBBs7Aedy9PHEmwOe6L3WtT2DHHUdoO0fqgFKvjW7UlRXgmgQauxidGly7q3+nWoyMhgYrkjaO9kS8oFw40tWc1Lf7M26dyZu/39NvI0yL/fgX+gy9v01L2+86Rae9rVz88bASx4TPpe7TlBonCt3Bs6CfmzNwr+5QwiowAWObaXCdGjfQn86plFmKyW2csqHgNtJUMX4dvtMk/IgrsHV0NDfSprqODvU567TQ/bAxmPI/iV0EfyFNLop54qs38l/QMAnV3W7CSrvrR/No3rMW8VQtPZdF6Pu4bIYhnJMxXPUEh/6XP0mJQGepMyKUzxs4yczspsPN9MJ+Tio24PgAwVnQ4TmeZ/amYX0+dQSB+VlWuJg==]]></Encrypt>
</xml>


2015-12-12 09:51:04 debug :
------------
String:
account-ticket<xml>
    <AppId><![CDATA[wxe5b18b9bd7e3626b]]></AppId>
    <Encrypt><![CDATA[DCJhUWZR06WOjJPxU05/2K8t8vIjd1eVjdRqLx4BVIvCTFxSGoZ75BcZu8SUuul6KEz6KDxa3ynxQMZEh3jocTog9QL44N+eEUtR9mMsKJhJ8NGVxPRIdqatd7gPOqszD/HuTzwNo9SJAqu/+4oi4uRFoaUdvWloyQ5W/AJXnBklqvBhplLEFE4kxDO9gopOGk3HZuRIM42Vn2/dxH73T7p7GqC55zDAzYVbtFMS3sj/V5rzTRBYLWOi2weOt1FTJDUaW0k4rlnoUdCBP0vrVL7f50hWtpzFvylmWCxcXeNC9DsjyRa76zgFpQuXAbNLGtX0wudthVGT+/65zMia5PvgpWnd7c1mTO1TsK79um020B5DAuPKnHG1YJbBMvppOrpoVkal1Ci3iqjHUeDoCYcr8fkbgU3XoiI8KUv0w//KaDWIu7DPchagw3bzKoQdzyxOSqQovd2KsE/eQ+qT1w==]]></Encrypt>
</xml>


2015-12-12 10:01:08 debug :
------------
String:
account-ticket<xml>
    <AppId><![CDATA[wxe5b18b9bd7e3626b]]></AppId>
    <Encrypt><![CDATA[uSuxV9Vv/9J2z/n9ntmDdUNhfetpe5Rdcz0IIPeEYEzdJhH/itCck/uFnJianYbomEknP54u+iiDtFVlOaK+tC5HAjgDY+nxXea37z/OVvBkGYAXi89FXfIUMtWkSeP0xokfRmX4KTs1DNCV4pYvixS+exkIziid2XEzPRLDLfnCEL8jLZUNde0dpishn4FrhCZqQxc2E/SDNibAk5nWtULgDr+8oDtgGRYCWuB0dQL3SU/L87G9Gd+RypyRUhoGjtw6Lc6tKwRrJAQaGqioFZT5XdScSinlNeFT1tzuNG8Dv3pYQs5U5/3iQk7z+NWBvOpRNUTyYDFek4FI5l7iaeDnHg2L4p2rc2O6kHAdkcgm9vNSG1gexPgjVXNzyzGSld28W7zqAIgM7OLNGkANHoZRw+LNCnvJTvXZ5F8cS26yEre9MutAsryhW0jIoXhrE2CVg61ATXr2cy5JIw6ixA==]]></Encrypt>
</xml>


2015-12-12 10:11:02 debug :
------------
String:
account-ticket<xml>
    <AppId><![CDATA[wxe5b18b9bd7e3626b]]></AppId>
    <Encrypt><![CDATA[wuV5PaaaedPpCGmrxIl9rkLpd/umc9sJ+oWWgbmt+GEIghevpF6aQ9Hq1pjbJV7tghCtImevjk0u3DTTGgiEq9wCWm2MvafXhOfgAq6WtDm8R34AGdwIkojuDSmQi9usBpZdJlQhjpdBdS9RkPsYbBhymOq9K+StI5dnBPlGQVLxG/EEQuJot8ewGQK0Ha4Qc+N25yLfTA4Gc9n22BdDp+a5SxacfoTcBHmMfCfl3u+NTpXU6UGdxAN3Fxz/gjVGHFZdjKp7qN8WE4o92LKulcUfLFiQZ4Nr7afexBwE/j7JuEQK/fBqfIafrGwVFhpOaR0RL8hJ2yLw639FwAokwessnJMfM+CbpsYY8oLWjAcKr0lGe2ZPjOXNwL+zXa0BslU6i+SGyKMLJIzkVRb1cDIObrhyd/YW3UnmShp363M2x+/YdK+omfEVlODCGWagwxtUie8kTS1uLGuD/HkFLg==]]></Encrypt>
</xml>


2015-12-12 10:21:07 debug :
------------
String:
account-ticket<xml>
    <AppId><![CDATA[wxe5b18b9bd7e3626b]]></AppId>
    <Encrypt><![CDATA[Dpu+Um7+k42DeCpGHlLOcaYCEfGwErSy/oAjngQXgWK4td7ldVHAyU1sD17QUyu0gexZtS3JOasu7HaUHjaGPXPVxarWmvZSBh2hU2YdDLOScL1vRGWCYpA9sDtxEYlKwzVNzi13QlbmGYUOg1sE9Lii8FEGUJAjO4Y02RTcIOwGxkFenYKiEmmg7gvwgKIQu3WlO9N+WSesv4EYlns1QTDakBBfR3kSGt/tjSjnPwc5/b/OU/fL61Zx3XUDiXQIbuA9Zbe0fVuWLQVZiRy7YaB5xLLScfM+9JqqfHwTbby9wit3PGHv8/VRh2lQ7dQVzDZe3tLv1IQRz/EZQ4HJ1MOjvrosBa5qh8gohY2Jmw7PGcSpFrPSB9u1qKJnwtYklPm4Cuu2RPFU2/hLtsOBkEatN+6OAvMUKgwyJKP8A4MgAZZcZvmt/Ity2wnXEIxzifqzKgkF6oYoTRqdDirgVw==]]></Encrypt>
</xml>


2015-12-12 10:31:08 debug :
------------
String:
account-ticket<xml>
    <AppId><![CDATA[wxe5b18b9bd7e3626b]]></AppId>
    <Encrypt><![CDATA[j/TC0UYUMCNmsqx2ZD4WeynWH68d3iZBP3O2xIMEjfdSXWcmcqPsG1ScHehc5zMFFss2rfN3X474j0oCwrhFZu/XV9rO9PDwRwwzkejeoYjgf7sNVc7vRqnlMu0aAYTKqsOsjCXMOJZ0qF2E/7i9ROvXCGCxRuAmhRwxKBg7gSnGtR5o6sgFMTmmg4JN/kt9ScMiR6qZOPWCZXr9z3Tzwlr50PVMv0Amzo5KQuoO/HiQN2VbX83iuPqzGmku8TOv+cDhKLKkI30Mo/62cN9PtgpWiwNZ8HDf1xPECnjOmNw0VgTaovdv+D2S1ruU4UksJ7UuBh8LydQOXkNFo9MFTQP2h/XtmiS9wNNXH4KtAKr2jLVjRhdGAx5uhwkaAScg+PwYKjcvMHOuYM0RfisU8aZ8/8kAKkRKQkgsl4f6HCYQZxcn9Z/+9bz6z1a2cYA7mjLlOnynlO++b9gaApMqZA==]]></Encrypt>
</xml>


2015-12-12 10:41:06 debug :
------------
String:
account-ticket<xml>
    <AppId><![CDATA[wxe5b18b9bd7e3626b]]></AppId>
    <Encrypt><![CDATA[pwGGBfViQprzVS9915DJez3/dTlKdmYPIXl2y6fu/ifg7uFBBZc7Fr0w6nY+rolSPLqhMK4B86uNPtu9+zA1v2xIjZX8z4ZcCGlI/WIN3Flj/JECt27j13DylyvmfEQ5/zPW7NqlV3Df0Qwl1HEBfgCzWnN/Gyy3DehYGSj1z/So9SPXmKIcSh3nP+g9/wZFKgk/Av93HbF0wLeHYahGTxCgMrggO/20oICO2GvH4+ClWr2JvsBYIjvtb5xz/emC52bezQvpcp0h4cI22NoPSVUDW6xPzjPz2IMolch0I40dKJ63Vzd0whJGwP3BtKOV/NvxXypDgldAv0WHRDSrJbnxJ4XIcMTVO5AoHxkdjRglfeAqklcU9hrZKG2TTfqJESgXzVe10OBEIM2BqUMUFYBTsNe1hoVSLguLxjyimV8Rd5oSV21Mwca4okqFniyBJmwrHn977J/R8D+v4xCS4A==]]></Encrypt>
</xml>


2015-12-12 10:51:05 debug :
------------
String:
account-ticket<xml>
    <AppId><![CDATA[wxe5b18b9bd7e3626b]]></AppId>
    <Encrypt><![CDATA[Pd/bYY+ft20kWjpe5eXbYa/CoT/2ArAr+br9BDglsCsKyx9CS1/5zUS9n7jjp8Lq2PCHqLQVciU57dqdavH9jZYXGVzdhH5sK7OWBnuc7tVckX8HLs3he82Ic1VpW5XjyJTAQYnmolFXDRhmUN80JahLsNJ5g531xv71PHrcvC1CNLPPwih1hEqCArL5GEJs3HYe+QR386h7eyhudrIEEiy9wFuPHK8D2/zUZ/va50YsHfAw4xDXryiHU6igR1+Rrv60PZbwE5Tqaoy0UcVWqrrvnNC4xVN0pIpRPWhQCdxp93fzwADnMI09umYq8Kpe/GfePgbM8Dqift+3QtXK4cRtGgW2gZnc8KkaP55TB6k7ko7UqxXZCkY1jWKnkvXu3rG3XpYRHqilp3YYRwAPOF+ETDIUdFTrWrN9aynDJWEhzTMpAxfD0jpYptOky8PcypzuJ4r+pjNaBOJ6XJjmow==]]></Encrypt>
</xml>


2015-12-12 11:01:11 debug :
------------
String:
account-ticket<xml>
    <AppId><![CDATA[wxe5b18b9bd7e3626b]]></AppId>
    <Encrypt><![CDATA[X1z05lCHtWBnzTBXpHIEYRJN111wg8NUKAq7uWxSUBuUwPRe9MOn1I6i/+NZwh2Bc1o/I8Qiwon0cShITHBcPkIy25DVHOdSGNSxGn0uaLxqE3PLUs2yL4WPu2nsD3u9xkdvHcJXgT/en8oJwacrPfvWSve2xKHFYV5bP4cVcSlghiX82NHjEJFgDCu1HtgEsQCZJX+7fUVZef6G85kqrZM+L6r0bKN+cKPHyoF6cpTcntJa8bi+zSUMb3dyks5zta9dKnbgw8hsY8URVHgtcuRRFeGS6YMAOqUU53kThOb+5gBS8/k5M7TcCXiTCoAOtqoZod+nDalMPPFzB6K+9YPIhzeN0hsKXIsS60p58dju3oR3MEPtmy12k+vRsqxxOfy4enOWMP2L79IsTzZfatRzb+7/aiL32sRutrqzXIJjNjb3AQOkGnLkijnPnOElCfLbKtD9LmLwfzgv1XyCpA==]]></Encrypt>
</xml>


2015-12-12 11:11:07 debug :
------------
String:
account-ticket<xml>
    <AppId><![CDATA[wxe5b18b9bd7e3626b]]></AppId>
    <Encrypt><![CDATA[+Vu+2lmR6p9V5NdyB1ioYk96DC1UhHaO70iETG2i0vtbrvtnDkdkiYMXq/J60pE9HTb2TTdbw6DD1OTP/bBlkuZeT1z509L0SSnx8J/xwc6mKxVinqrZnWNdPeNOJSYaK1h/5Wfu1VuFLEYJGqW+WbiQq9drycZh2/nJczgbNXSCX76X4Pt8hngUb1uYVI96tpW1QDcYJ6L6eBimPcxO0etOSm+C7+szQBOBWKnqPGhhYtzEh2wiLKIXsQEEz6aV3UBEIdDKgwGpN1e86XpyW+XhLM0pGEM8Z+W1xp/D9j5Qarh4iSvhEGh4PZ9HZEQRh5dhQxWOzbN2PbtPKvS0bIOEy93UzqDo1UlQdqFNoiKUQyOwHI9PF+5E+NHups+IIeRAW+BpCdvoGGlvXOadXB36swIgW00gtgUh8j4iMZlHh50ansLLHlvAh9l/R3ka5j6s5vWIkcNIDbtZW6RvcA==]]></Encrypt>
</xml>


2015-12-12 11:21:08 debug :
------------
String:
account-ticket<xml>
    <AppId><![CDATA[wxe5b18b9bd7e3626b]]></AppId>
    <Encrypt><![CDATA[YQUWOQS7pmJKRhdHEpRtcBKfEqQx4dcxaTk+Qbg64wLhF6gWzoQ5MUhzs0D596nKGIjfRp0Up8LZhbbqfnQ1ciQleaoyu2A39tm4vfvnHtkICY4j5GoVWah90fpSJQ+MAlkFdRbuaZbLCFhyA5O1i7Vw0GFHvt+tg2kKFesppPr9bcNE8+tssJfZgSePGX0FPaDpYEZP9J/K68nwaluAispRBXZlnNyAledmQLbxDUOMS2pNS/4fyqxX2yi5yqu7mi/V7U4twuSFstSsh4oVrgM72XtOIJ0y1copWtkFKUXdruQ0zkaVFiQe/z4nhCh4bpTSLtBL8NWMk0CKhcyOFxOU3t4tGkqXRckmWz9PGRb6aG2GXw+iNzi/wbFeq7bAKbjZ/a3lmUtHIr+s8lmliILU+T0FULxkiB6SIxPCf/xPXk6DRJcOr7xcRi/WXXtrvitSrvPv9ddF3QyTmcI0+A==]]></Encrypt>
</xml>


2015-12-12 11:31:10 debug :
------------
String:
account-ticket<xml>
    <AppId><![CDATA[wxe5b18b9bd7e3626b]]></AppId>
    <Encrypt><![CDATA[booM5XuOMcds7+iy2W1kgyx8rIxGUa4PHqI7Bmq2iZLY8MH3KgdAze9Uzsm0+DKnS0gBcwBNO+YMJP++aHgpuM9nh4L3F2NXV44sOmvN8AO9rs2kB96p0/R0I4yR43N0ZPsp+LNHjUcEhIxIPdxCaHzB2ewtbL8ejqJLKjxPKovnaSEk2wKtrRFhiTJIbBgxRMWTGU8YEZCFO1+LGf4gsGCX9MrJ6JGFX8WhZYnfjTSkwCtkEnCzejILmOBWM8xt8MUu9s7frS5dOt2EnOI24I2fSTrDaoMcl1CwCEx2GCaNR/CPqCIPj1COtXSTiHztVjD9ROfdLxasLxeIjXE1vTrvhrcQKkQDJASq+YnHuUHLKEBUmrOb6T5vxatTb+qEOB1JdhvK4UpnESFUKE4/koygt/VAAS48j09KDF5+WZazRCNvL30lOQlr3CIR0GGoUqGvMqkFverPibXGyEZCow==]]></Encrypt>
</xml>


2015-12-12 11:41:06 debug :
------------
String:
account-ticket<xml>
    <AppId><![CDATA[wxe5b18b9bd7e3626b]]></AppId>
    <Encrypt><![CDATA[gpvplGl743xfxTZX17vwjLsgP/5EBuL5FrUFv1G9SLo9XTPRL69ANYIZSE5ODAjYmOKwejW+DJmwx4FrZJStSAGTJYy/7dZtfvqhI60uJtPu+7tgKQ+8hPNM2FyrOr3euJjZiIQu+3Ad1dtFZkFpF4xRJZwbTazFtBT/rYefYY7lpW43ZEHrLf9/bEleUhy1sVmhU+O1a/wNoSZ006bWC/HpqtvLw0aMoVZEFulOLbbdQ9p30xoFEq6yzZovEz4Wizm8o4CYjUFuGRx9M/ubXN8xMrStMoBiPPrgYqExZvNwIOUTMJwkCB6EWYtveqFvOxSr0ktm/K4+12+jw9Qklr82E2leQgaPwycs7lPn7adux08ib9n5JOzOvNdi+JK1zhLgvrWD+DizUqqFIcNYledLFlFYeWRDrqFmi3dlnNiqyecz61+zWCr8WJiWaVd7mLtp4qszw3wD8nGINgiM2w==]]></Encrypt>
</xml>


2015-12-12 11:51:06 debug :
------------
String:
account-ticket<xml>
    <AppId><![CDATA[wxe5b18b9bd7e3626b]]></AppId>
    <Encrypt><![CDATA[rmekdMmJ+aITrdim9kKk5WXaxrcwkRcet+To5AowwzJaUEwLghr2xfpX6nCp0L5QOj0pgdkzfQ67qa3tkkMdfDIX8n0YA4+Kz9n3IdifFM4BKU7zsfusqPI695r760oaaesqWBoDqt6Ykv3DIAo/pZvqSuWeblATqNxP+U4TfCAu590ptLQc+kB07JeNJNjzDvzbo67d2zH1BGIAwaGiXjN47sFkR72P8+q24XtKu5qjqLY3ZRKblPhkQbw9xFrA5wu53mdZ3nHsFlJDypA1tpjYu3rp2hl3vz/EoPHMC9epwq64xvUC35QBL3yLW4cbRHChpP76uGTCPFXTOq/2cxapiSYtDKgXzBg4NJjJHkfeQyy7Xrp8pRWOzdW1SkaNZ6g2Br9h+syHF4xoXybGEVvB0VUboST7QFd7zozlfwZsqMov3C8ipuVx7diCQZasAqc1IqGEZW/6xEUD1ovZzA==]]></Encrypt>
</xml>


2015-12-12 12:01:09 debug :
------------
String:
account-ticket<xml>
    <AppId><![CDATA[wxe5b18b9bd7e3626b]]></AppId>
    <Encrypt><![CDATA[jiupeRnn3Opfhe0gvmX4pyXyRKdqsBr0uaSd3lS9My40qJYHzPe8W/4onU18Y672IRtl3hV6mqMTiBfDOTEkO/Lpn5VXPvo6/AqchOUh5AxkYu7BBHhX7+FHMkgFPsRBDGeBJhak2zAuEJSyLDkoSkhBkoxNVDrfl7xzo9lvVkrFE+TYjrkG0rf1BGFvajju7ReEsWifGmvUdgTeMYWJ3C/M2sxMCoW+BRFyNM4gPBOQyicRtlQ7O4AHIWqDBfQN/zLorb8tjMN16fRF/CewsxmqcNbCr2taYvp5pLnndaK8Vs+zzD66YihWh8AlDzGFIfP0jGqlGJakMgsUdt9qT6jwQDlQepbKekJzm/o15OeSGDp7Al7QjgXKxXjQzU5lMAvatmPGkU/wQs8XwUmn3uoRNp+n/voh41F5xfVS9Thk/TfVZpbmwidFIWYYusynTK6+KSopBGCYQF5wHE/otQ==]]></Encrypt>
</xml>


2015-12-12 12:11:07 debug :
------------
String:
account-ticket<xml>
    <AppId><![CDATA[wxe5b18b9bd7e3626b]]></AppId>
    <Encrypt><![CDATA[AORZ565EB0D1/fwYoDb0Bmd4saivossw3/TjL6/TkfPgT5gJCwxFb79gV5v7kwxbHnAM/95oEvStFMgfSpEq/Gp07So1y0h1WJiktTaTULk+M/h5ckkO+W3nS4xuGNECDxqGAGigIa3Oq4riU71O9RdcR8tnEIMMyzQLQc/hhRqz1GDn9PvS7YEsHRlSWIVdZVWbEDFlT0jKc/VHk0NGDgTZIDGagMRoDnDt2aVyoorvV4CwX2gQfbeBiKJ9aQQr+nWfqgPB43ftCv8A1uy8rrnelZ0WZW9SE+wzOpo4L9rNhBRWqSM5kqsjJ1fU7HQUruB768xRJ0ezue1N+ksAso07z7FIxWV6tgK955mmAesw9MUVsMiYasTNhYUriuo8jRD+ITYtVvrjAZHGKR43N2fycj4s/LKSM6HDT9ELTtPC+c+SU6jkqkI5mK0ZNXezVCWgpDqKgSGHUcdMPNMfFA==]]></Encrypt>
</xml>


2015-12-12 12:21:07 debug :
------------
String:
account-ticket<xml>
    <AppId><![CDATA[wxe5b18b9bd7e3626b]]></AppId>
    <Encrypt><![CDATA[DvFPJ6HTjIkxMxZxsBk15MrSa0bLBs31FSJzuIQg8bGUS796zEuPnhdIclDNK1Zu9FxPkWq3O6FhKTIvqZsGytZcKXV3WYqSDmGE7/0ZeYLVbDnpj0yynBCVWZCr3f0EWYacSJ4p8/t/HhyCn5VRjgz8h1yCmLGcoz5qoG8Wmhpa4mqLldqMcBlXOczaB2CD3Ba89yG4nYrVTTYKNxLWMvxa0gdS6QmqMWA7k0V+zP+39QfCLl0JFjmZEGG3mE8VuN/AjYbkdI8FEE+O7hup0UtuGkG5HL7hOZe+u83bQ5kN6eACStHyOJSCBIbOQLmGdWJVehy4f78c16zyTKDozUzG0fAlJ3bESF+GxeHZFMzo6YfBVuFbFFHhLj5tEUoytMd4Jk+zVMTSYqb3yEFknz5UzkX/aaBbUvky71QJvtnI091g35aGMll1VQZ54a7PYuf6jxqNmONMq6LxN5tmvg==]]></Encrypt>
</xml>


2015-12-12 12:31:09 debug :
------------
String:
account-ticket<xml>
    <AppId><![CDATA[wxe5b18b9bd7e3626b]]></AppId>
    <Encrypt><![CDATA[5AAcegxzGM4+LWyP+FUuCBwq0bYfj30308NRmGmRRHWPB43/j+tl0rtRN3rW037N/Va/td+IkqA3scJloiN0q6/+SgEEHpxtF7Jldm/pt8F9w9zSAQ+rEb8lrKgHUBkRvbmPb/G24oFHUAJFHwgqD59Vf2WRV8cdWI+j14tK09HltB7Q9wwyCJo3XBmEM6eDDFTzgzLdhun4XsxiN65P6VJIjnleIdPB0+HCw2azSIxA3ADeUQ9wAbu0TgQVQcWu7rZr3naOz3e1w3DxSZKFaK7gwl93scTMdLALc8HSp4s6zjdruAmdWE6uMKBpUoOwf68JyelG7BtSam83MWjjYOgSDGW8OJAIFhuTDgmKQGQSA5ZAYYHXsTKAdQnFVpy0KEuel/0sigPkrNlZW/GqDKQT0U6QwNCMLPUBKGkhkMt4B0Yv+b0Znb1zObTqxHh4CtDDHvaSPHRvfAi+Mjc1Mw==]]></Encrypt>
</xml>


2015-12-12 12:41:06 debug :
------------
String:
account-ticket<xml>
    <AppId><![CDATA[wxe5b18b9bd7e3626b]]></AppId>
    <Encrypt><![CDATA[8YNjclOIsGZ9l8/WBH7PIx0Dmc/o3RjPDTwJP35TeyMInc/LJWJHlffqNMMUrqCtT0HhEokz8eAbyv52nQuhFOwQv2ZaeKaIRMRdf7L3d4S3tMg03LZ2hBKL7sOqY33CtvGCETl/jWn4Ijw2qxzS1y5XFsZu3fP9fKR0FpER/AkZMa55oqsmPi7I5OdmhNfITKZltyszm6yYhaZVDFccBMoR+ItxfmOmsyN28pWpIMuA4wbangoNq/M5tU0BFiTRWvJUXAiDY+xB7OFTrKnl7EXP+fUlHMiv1TenVSFnBeAb7YGTEtkEf8ew0idpwI3cXJ6PnhMNj1OYvpUdTZsuCajrTYQ97wS1IYGC7wFkWD3ocbhK/TBEV7mdZ+U5hKgme5PsQW75LbF01XOrPyYsrPDp02Mp76Z0cfPtsaaAG99I8gvhfkfTm8QcVX8sPOfTclUTtKIQu4c4D1Q7OV1cMw==]]></Encrypt>
</xml>


2015-12-12 12:51:06 debug :
------------
String:
account-ticket<xml>
    <AppId><![CDATA[wxe5b18b9bd7e3626b]]></AppId>
    <Encrypt><![CDATA[ulyPxrBfcxpp2YzSjrfZ/eL3ZIwB3UtHbl3NeduTSmd/r231aXZqHOENddNxfBO1G7F8HCV868fFWkcVDRe47VoMuCJ5i4Sj6NhDvPR+f4ze0+5F6PgB0eGxt9ss447ZrzZ3+vIu4pIzF9aKpwze5QjSpLOGDAPey4obAwiq4JpypoH6t/ciVFLnbo7Y5+QrntzwbGIZCEthCRK3NF2dYJK6YzjL2b4PCouX7pXtR0xLYjn+YnovXhOySWOJPa7aOsoGmJARFVcUIOX1FW2hbQOagGYwJQ4onCEDZW57rMj8gGlQpm9TwE/2VVcBmRXKeGDHdRCSDk27G54/8lUplJxcK9fWlqTSDgDyNi5uU2w6j2dc0l+CWxGSp52hdOz1VNhwLyGtXFkJ6PlnRWqljbQbdAGJb6NBSMaAF1OTCrmxmWRVbHW/GyVNswBpnqSurQNxX0wTtBLwHSxLOLOHwg==]]></Encrypt>
</xml>


2015-12-12 13:01:07 debug :
------------
String:
account-ticket<xml>
    <AppId><![CDATA[wxe5b18b9bd7e3626b]]></AppId>
    <Encrypt><![CDATA[57VMFeIFdGjARY+ceIRghNlVyQHEMltyQRcC/aq3rRwPSS8mH/yuJXLA7JHA95Ml2NvAX2CO+PTlPcbW+wGhhP+ANidKf1PjKvxPUowIkTaTaDv1ZwX0m0Am+zioTmIqgKbWhDqiEmBUUI4DwcrqQ+uyrIxh2Z3H1y6hAjQpgc/u/z7WHuFRvEliAvLVFNaietI0nN05jt+gI4CTFQiCCSeJQH+zEjFd/Sq0Z5yKyW2Q4cnB6k9XKoHPmkVW+W1OoKZm0MQpViWFYGY4RN5lYWxV0o3RFWZA7AS3TPUkAS0AnesZPb2N5eLyMIEdQ0B29JQU3FZoaguBm8MEGlIJPzZZJ6HOUqgoBhE4Ope64XaaiqjwPnVE4a5InbiGQxFecXp8CWUo1LleZz/n0nktKg6Zst8NpKldmO3ni4JEER6FoMBxEZ1DxXjXUF156lP96ek253dHgKVkiapq02VbXg==]]></Encrypt>
</xml>


2015-12-12 13:11:06 debug :
------------
String:
account-ticket<xml>
    <AppId><![CDATA[wxe5b18b9bd7e3626b]]></AppId>
    <Encrypt><![CDATA[uODBS9I1kyI+SjOL5JNth1g3iEXb8Pbqlt1+yPdD1QAKZKrgtLJZaYfD0j5sEGDx3tx0rSruFO8eCAGvdk7o9pt+qzrLZO6D8p92HoV2zp/TpkaqtbtIPhJvx4Mj2hartwSemf6MhQWOTvbdyxIdQ54qiVhs41nfOkoNmOrfrK8j6VlzON07oTctvlEoHTKg+J6ctiklQtQ4c3gPqDZjCBueV6y75UXucbEfV3m3xwIZ5moS+hkAMGkh9oRCeu17KPPOgrjlXJds6VjsZoRKRTMcPp0cKZdbh1e8K13HEaPqDtr1NY9PXjMSNtlreaH0+3UzTW6mQglfvCUAU8k+aFaZIz4UPYYydk4pJYX6uz4g1ISsisccq0KnaG26GJo+7k4X3uFj5CFiItRVePsk1qJ87c77j1+MxEn1I+wGKpOwLKLyxc2gtEKI1twIgOpe8VfFrOwTSDH3Y12XePIHzw==]]></Encrypt>
</xml>


2015-12-12 13:21:06 debug :
------------
String:
account-ticket<xml>
    <AppId><![CDATA[wxe5b18b9bd7e3626b]]></AppId>
    <Encrypt><![CDATA[46nLmtv8akVeJu41I7CMRQlGpxPXEqoGS801oJcu63CvXqNEcE3sF/kyRcWCJHmaICHuXB2D3JccmBZfrXCL6DbMr/Rr59WMmsi/3ED4iMuJjh5Y2T47UKGsH3VoxIR2b5MfAi9kAX2v5Ggi/wHDjW84Zry0r4B1XqIzAowthLeGDt/awzhT0El1xI75FqZ720kP6Y5YweG8M8E+ebD3lP6g1jM1JTzVPCNsADboRiMq33AoWlanFMF0SFTAg9x51UhMf5QTzdednZanH6DkkPVFNe5NUDYh1m2o89yyz/3tcb89/rS0Azo+KqW1Q9dnabL1bSYPcuc2LqFncJ9GmyPp56hOxJcJAXz59QuWwmYyg4+1v/vffg8q+LR6LENI7jWnVPJ7ssLIfrtLty5Df+mpSLKvyUsxlkKXH3BNg77Zim5B+k8pV/8gfVdGuL9kJ167MLeKX7N5wN+FSgAd9Q==]]></Encrypt>
</xml>


2015-12-12 13:31:09 debug :
------------
String:
account-ticket<xml>
    <AppId><![CDATA[wxe5b18b9bd7e3626b]]></AppId>
    <Encrypt><![CDATA[mSOvRt31sB3NWmnepEHfTLCZaV7fCZRnUoONsu2JddtJ7nrWyUwkk0+HqDJPAuqqB5krPVi1xTzZoMDWW1mEMMUNnfJ5MhBYV+PwLxVt4DRn+PMyGgNfbF0Z4uY1TVUlOFnhL2d0LpFy8tRbns8Mh0ev5qWm2PpgztMls5bt3l2qstrP2x5RDNoGFHtfio63ugzT1lUIatpARzu8cWYQNYzqIfItVXCCczme8zxomFtPdKJTEUfFVslern8/NbzK2QjCruWTXoYyVvhZmIIDZo/yLzCuA83Br+L3QhBirLoU6yVnoKjRibPg0igt9midwQFbbJ6rlRLsh8YPwRkN3V027+l1jeU5aYpGnJM91gOIP98xJIUTdRVxI6Hp4pnkAa8EJ+jpnHsllWUtXmbKnVMu0kuaYIUmgUXFzNvvZ/dgaZfoAGrZXKMqudyvwG4YpjRxJaXfOqcdaHxc7UCxrg==]]></Encrypt>
</xml>


2015-12-12 13:41:04 debug :
------------
String:
account-ticket<xml>
    <AppId><![CDATA[wxe5b18b9bd7e3626b]]></AppId>
    <Encrypt><![CDATA[nWWF2bgsPXLWbDpEWrcRjoDhZZPBQK7QVxNkoBP2XbGvfHEEAScnkHHYgmMIVdB4/ZCPWq9ezEztzbkXWV0Bzp5ynZR1Ca4Z3wuVH+zZxpnnKyNyBZhjpsaQ5qh3Nu2Gu4qO293AVm6gyvsOtWEuy/9ajw2WHa97dEAvKsurgcBnIstIM2enoucU0jfRBP/GuA4iF2lCR5yqMWnyJlNK7RqzKHWkEEYPDLpp15sMsctGWKPzCkEx+5IXD1JEcV5r//gvrYcM781xm3TknrF7bDTCbmq7kSC8Q27H5JoQ61YD2xHnuiSD+s7KUJ62rZIsLo00ENnpZ0Z8jsXo+p+8SBgBOkIvQihM3FJQ63v+Px1icSkzpTzzSq++d08suOirUO1he7XVn9KRc5DehLmtz8CZHbSDXowz29gQpuErM6WOkpxU+xpZTDSfYIa5n9RTCD1B1HvUVrR8EWS2W9TM5A==]]></Encrypt>
</xml>


2015-12-12 13:51:15 debug :
------------
String:
account-ticket<xml>
    <AppId><![CDATA[wxe5b18b9bd7e3626b]]></AppId>
    <Encrypt><![CDATA[Nt8fPQ6X48Mz5Ax7RjSfjZkRQ5/pwQ0jYnfRFUFufe+ZqmchdWqn2GRF+kpNM7DPM3Zs0fTMfASG+rs1KxLVrUHydOAzWJWWiCeOqXWP67stT+4HAeK+za7vxO4xTKgD1UkeLyxHylRzdT833n7to1DF9aWoYNgFzhsuS9OKF4T8QFj2cDFvnkf4+lc6fSgOS2iADVPdCOxmtr5C/+B75UE6O4hPky3/lmpgX3JMQhvdK9veV68uYjn816nwNBeqzj4sURU5SAFbGJM++mgpcFuU2wTfXIFnzzJbJHrleaiYZNFqoQW+20rUjxwlxyb3cbX390aU4oYRe35A0Ep2U8AnY4p1TdVo7DMSlGIO1Km52xrG6SUSTCnTFsdB2Sgb2wu8A7PPFHXhQMmyTpq+ZecoLMV3X+/JXPmCO+P9wbxNUQOvVtbRWFREQeOhDFpUBuw7+bZCa8eng+IR0pJd4Q==]]></Encrypt>
</xml>


2015-12-12 14:01:19 debug :
------------
String:
account-ticket<xml>
    <AppId><![CDATA[wxe5b18b9bd7e3626b]]></AppId>
    <Encrypt><![CDATA[K48eFdOGs/a6bkWmbKLA0sVkHlThwZCruZo5V6Az29vp4fNOugCR+FAzynwpHMfQ/X3YZ6bxR0E7k7Srle2zCyZozgqSOcmhGlREfrcWK+nGv+cSs9G8WGIVSUMP7Ycehi0jTm1nFdc+B0mHJ6wL8gul0d6q5ppGafUb2li+m/MHXutSI/7Dbk4B49QK74YrLRtNFaPWxJ4jt5n2BY4ZjRIvBAt/7WLg7ntoG3+pflb1oDdSDstBX3dDxA3DFvJJ5xNvKUaK9RLmZrX1nswLuevT3LDT18A3DcEb1YHS0LloKlIC9PW+yltpLC7XBaLh/Jb4+txfqGvJkrZU7xl32RsSAqBKwqIl1toKMeSDT67+nkvMc/e6TrGGmcwg1q9G7lRBYgbE2naL4IKWcdwKqB1AnjdxeZjowgyGMxkaAU/5Vqz9BdDP+LTJhnp8Eo+kO7RBkWqa19EE84HRXjE/Gg==]]></Encrypt>
</xml>


2015-12-12 14:11:06 debug :
------------
String:
account-ticket<xml>
    <AppId><![CDATA[wxe5b18b9bd7e3626b]]></AppId>
    <Encrypt><![CDATA[M1mFj3KELm7FuApeO9oAn6vHG41uVjmdfijy4ljJYGbecs9s3Q5jTMdkdUCYJ9vRpBvWm3sIV523Svbz9baCgaTVVhj1mvdSat3iRhGTnSRaB1+XEdfFhNTlyQyMPz5n3aUPBU9RSNMPpfYLd0qx8VpawrRhantkIaxpL5lEzAczq2U+iQ5sEoWmtp56MBvfDrV+3eDjRP2bSsjMF+YMDu1uLD24dD97ctof242CLwfYFVAhvnGqS3qJSr3CgduQ3WnP+zNIdeZ2fzZSDtVPiHLBe22Pt9l9eoQw6c1coS5eBxZqnBE2vvqj6QBogiPOIlTqne7t/+mPvM60eISr2Hxq6m5vKsFh00nMY1uXq2Pwq8Su7bswMmR1MTDL2CFYKdvIQwsU93VfCvHvCFMY2GLb9CL5b5inTaPwDwZa7vHyCTVjbyLau0li9a/uhR6w69jZoO2fdHRQQBW2072NRQ==]]></Encrypt>
</xml>


2015-12-12 14:21:05 debug :
------------
String:
account-ticket<xml>
    <AppId><![CDATA[wxe5b18b9bd7e3626b]]></AppId>
    <Encrypt><![CDATA[lenHT+bdmXKipRXEDI44gmThfNZSCb+8mxrEx7bS0kMs/CbfoSKN3YnmTli4pZ5PpiRyQXyqMvdPVmVuOM9Bic0tm/58TfeywCkVDPpWUng4ObBowC2sZ379QQo2SB42fyiKsIWXwt2a+CA/HX3CJeIAuzYKZleAdJG0wS/FMBwudWa6/QQ4BHvaVhW/muh4U/oglV/b5wpl6XIidF0EWCDkwNKLVVQCff1GZICWdTac6/k36wMuaVwQT4zS3GVcbDTN6kZ3pGnxwwBBoJ3aV6Fuug0xSPYIliecYORCcPFushbtHUxwDlTbUwYLGmybEFCg6FsIF8pdWWZDSMj+yVhfs768T//jXHbpjyv2WcaG6V35LdZwSf7aBqMD5dnW1JQIYa0Qq7KPPN/H5nSFMovgVl+m7vSGO0046YOeLsjEI2+tZmvKyR/LzIZZmagACN6tXhKF1Qu+UHMf8i72rQ==]]></Encrypt>
</xml>


2015-12-12 14:31:07 debug :
------------
String:
account-ticket<xml>
    <AppId><![CDATA[wxe5b18b9bd7e3626b]]></AppId>
    <Encrypt><![CDATA[1awBBfbN/T297AzRG9/mr4ukIIY6iLxtMWGexurRnTvFCSdCrpVHMnstOssZwn6bx367tQyUJBD8KL5DGhn3HYJNZ9JddJIMy6x/UMnksXtszB5YlyaiBAoNlWd4odM2k0Nj/hEhuCYMtkO2r4gQQkNOblB9Z6baV/EUmVJYvXFo2l5NJ50f46h06V7EiNFVm14d6i1IiEKOAZJnMdCkq8rdQD+3BeG9xbnrbc+I+ze8fS9gfg2o2xFDJ413gFD9V3tORIHPzDx2yX5HmyX8zg51DXCOuHTvFP78C8YxD+16G9md2cz9g2dOW9rD5szNqltRcVBJS2bpm7DdM6tNE+fzo5xNCJGuGe2JrKlKOwC9o088NVMPc+jXKCDTy4PGgHRm38RNklz9Q4w11/1fa4yAjlhe3oy7UuTXGEskTuk1axERt0WvaAQCT+ooCaEkvWFYyL8j+qGOWq+tEQcALg==]]></Encrypt>
</xml>


2015-12-12 14:41:05 debug :
------------
String:
account-ticket<xml>
    <AppId><![CDATA[wxe5b18b9bd7e3626b]]></AppId>
    <Encrypt><![CDATA[zsMKghninnzqpUXFWwHjbJoapHOlqX+xbma4+hGs7FP9WxwpjwyWZ2XmFWV4uUNR6fmJVihjb5KYhCsiUj1sDCqnWkdI5E6U/YLitcu+sR/eaGkLV4t0MJJeaNUiQpJigFzCcoYwfiKJLzk/h5MR1m8o+LikDsMLmMZZw7LHcXt7Ds6nSZj5YfxSZrmoXFgnr5qid1ZeAxDGFtNKUbrq8I17IIy+o5dansEiyJRImGNqv5eA4dCZzE/Evt79lJiYyAIcHSi7xZ5GB5vsRH+OFBJMsoTOOiX+opUksEVFUEFiLFlvd/AvKzRtmN29/6iDFMPMhSiMlP1xBO9DSbUqoCIgbCmdFzz9H6SFqzySb+/a5nQZrTKHPuV98/XACCmcGKEsQH+5yvHjEEZA20FlKQ2miq33AtP4gv20YLIEKFB1Fp4fe8jVkueQttH0ciJ7ygujAxMwZUFhPmkIm2itZA==]]></Encrypt>
</xml>


2015-12-12 14:51:04 debug :
------------
String:
account-ticket<xml>
    <AppId><![CDATA[wxe5b18b9bd7e3626b]]></AppId>
    <Encrypt><![CDATA[Pj67IixWv6T83YWdMQ/GTCe8CJWNfNYjfyJ8qN8PyAtI1sAaqqht/io7aIUpuntyeXkksfw58BaTBYjjmwqoPIU3l4ph4HOd8Y9wa/yb1y21++0V/W4Zs6YyM4jM0wxSIwC/AsbKyQCACni0lk23cq192z9KiAxqV7g+bfzoRUvNQdntyMKk4btYy5+bDO5ZHsdHCMyPQhpnqJ7M3/BH2v8oh92Pc4UlMArgPuyywUY+i4FlYCTX/UZbhg115MzgtTo1OBi13iBSp9eu+yfv/vycooL7IuUytMIl0ZXMlTmGhtineKAkQwxSkYB2FcIX3juaAhaD0YMzMb2AKZkKJFf/sJoTqqyIw9S4QtW7coPoIsxSWWlZGukQGLiNMFYLTq0W2Z/4HUB87c4o/+GVx5CPQPg7phx5bSGjV5oAQs8PrN/lEDCpcIfYnAyvj4KRFKIRU5KADBGA+GPqM6Gmpg==]]></Encrypt>
</xml>


2015-12-12 15:01:07 debug :
------------
String:
account-ticket<xml>
    <AppId><![CDATA[wxe5b18b9bd7e3626b]]></AppId>
    <Encrypt><![CDATA[XZNshPZR5cZQKZIpUT7D47Z1P2FAH2CK+69kj52HpW0VcLvg58nyIEcWrmulDyqLKcy1Z/wQ8AJQv79y/57ibnFukpY/h4Q0g25N/m4LJImDrDsyiAk4B2ReXd+2Em5Zeimfdez3kDmVSHd0x6nwCMgA5+fD4iAxS63qRo5EPOIV66Egy2wNLshFasRQM8eseuwJzhBXqNtMTYsz0Lm6nz7b8K3WVDIdQXG09kvtMo3CvCHGprVT22OZRYiosaPifAuRMldRO7/CO3QRMnSVdw4pzTK5jG0hfEv8sleFI3ybkTlTAilPWpdSrmS5MIrsiOZ9qZ6u9C3ygXCvXOQAPd4raQ+JOtFDuZM/5PFLRlk+DzOGkT52doYNhxx8BTxOfo6peTg8/+4VE9CP7315gYbZZyRj9FoxZMbUoTmTTKESHH7WKSZ814cAKIu8h73NPFXrQXFyRj3YTWUTYQVyog==]]></Encrypt>
</xml>


2015-12-12 15:11:05 debug :
------------
String:
account-ticket<xml>
    <AppId><![CDATA[wxe5b18b9bd7e3626b]]></AppId>
    <Encrypt><![CDATA[ac+C9Sl4w0zfmJIH8nDWugijIaDOMtJEbgZm7iJMhOoM/Jju5JjZA58ywHqZQvkKu5GTZh7BNP+2obbL2jWcCkdTCRdj7rMpoYoJnJar+iKsy/dX/EQwrZExKSXH5qXt4u//zrwwg3BJBYWX71uivnEY6aEAepNULb9JZV1J61S9QtQSUeUoZVQS+5WfFVu3rnC16B6PcnxM75SSz0H7Lz/degzxckg6xeoZB1j5wR0cPy94q/xojCnRUstYm/ka//nilB+7HBeIUu2RHumV0XKILoLuBEYohRc75XCQ52qVnmMDHdEWZS9i+KUkyfqJFy0fbb6OgZCIU1UD0fc3unr5qMUOvyYiRd7jmDCT63TEv9FtD0w1dXg2q2CtygVjNJD4Ti5Dz7wSLC50G5C4X7z5FUrkqRAYqAl4hX9Jp7NLyG8kHpbJIU1+WLQPNKp23feUonIWE8In1mwDXm2R3w==]]></Encrypt>
</xml>


2015-12-12 15:21:05 debug :
------------
String:
account-ticket<xml>
    <AppId><![CDATA[wxe5b18b9bd7e3626b]]></AppId>
    <Encrypt><![CDATA[6zGTkfeAT6ytcc7Z8Ygf2+IOV7j8pgELrHLh2vnmKSJlQ/N7ZRjuByNd/UgxDlNXTrbzl6/mel/Ua1PEi5sK+m7g0DazmlJSYv9W06JaX8WfvSuhM+Itp6bTjCARuN06qgWtMZ8BURd+XP3HykYiuPbZ+B4rA2PWXlCep2sY5UB7W8fOLQJiCy9tXc4qNZhy2U7DgKPdYkolJY1dztgqxIgiGYXPRNkdMQ5U4GvCs+pxe9VfN+zNT//b+JMlEDpLrAmX/CS23MWaM+tQ6GcJvLC/U0hTPvPqAimYtCZLeVUusxkwv4Wp90k9HF9mQrItm9VD8nBv9eKS2A0izGMU+ayd3pMIlCs9xcQLvhIRCPxjv9N32i59qtmmeLpkcKRmuY56RQ1QU9gj18V25cWZVGOQ7j+Jb+DE7w8h0BD5eRKTOQ2IH1KQY6iBu8XWUFxEjxZzdTi3lmVgX0OiBk/9pg==]]></Encrypt>
</xml>


2015-12-12 15:31:08 debug :
------------
String:
account-ticket<xml>
    <AppId><![CDATA[wxe5b18b9bd7e3626b]]></AppId>
    <Encrypt><![CDATA[GfwZnUnQKl1h7dXnaXLV9o2CLrQb7eaUWoEtW9hWix9bI+7sGQGt6uwefN+2WN5zbE3HLEiYHwyvujwDvfXzAkh2uC9XF3mRlAez+njob7I590Wj2U0Kma4BH78QO7PQCeP2ROCCdQ8cezujYkmIWDNZwd9zlHSO/W3Otir+PLaYenaxPbQFkFbHi4iALNU3UPkETodqYWJJY/T/wmU+HzNFUEpxXGELgrhDDdK6bytCed48H7t3LhY307Ha+1zFMJfKwI24GsUTVC+bYZ0rxNSIazQJb2AM3UcV73KpTrniB9bXgJ0cC+zHAwP5xLkoS3Fxk5f72bYjvEF9gzh195Q0GAljEFM+agz8X3xHAeDgFgSSLYXDDXGT7+e1pBSDkhvSEg4u5siNPOcvVs8DmpjSbJW0BkRO0sfTu/RjSMCH/HRpyP9efGo818Q4EAMPqz9i4HkrrjYA+sS8hPdAYg==]]></Encrypt>
</xml>


2015-12-12 15:41:07 debug :
------------
String:
account-ticket<xml>
    <AppId><![CDATA[wxe5b18b9bd7e3626b]]></AppId>
    <Encrypt><![CDATA[Lio0u9atfVYxIh180yRlydOHO4gP8SqXqH9YAKr5vE+102P2059mTLQTghEktavrBVHTq9JK+VGEw1qYxwuR3C9zOFBwwB/+JykxIxU2fI5Fir1B8Q3cAg2R5z0QVX+oLwvlzttpHT2GOEEZAJg+kq/ofMmE+VCFlTBAvAZBsEwwHSQmNW9tMwwyeU46SS4oWK9d79aojgRqROHJW6Fnx5dWmTaR1y3ONjBv8KvaFL9opNbvrX3mjg9KmKDEf+jbZ/1r9x44QlzMhIh9Zh0csoKTzNFYvprKxVaJw/cCLmGNohuatpTZV0flvnbXaNE0zdzchzjWy5J5vLAEor7cmpeIHwuGJE1gDpX6c7wlBS0ZuMC6m2tNxpDz97RN0NBnrqcreTuN/8HHZ9udI02jGo/3RKWFY2p6G1XRKLxDs1opyYtSZLbWl1xBdlRcIR5Ej3K2SbBgkDqheGDXZ8begg==]]></Encrypt>
</xml>


2015-12-12 15:51:04 debug :
------------
String:
account-ticket<xml>
    <AppId><![CDATA[wxe5b18b9bd7e3626b]]></AppId>
    <Encrypt><![CDATA[xwzEPKEkiaElOUVKxmRDJSw+blGJJJrHYQKFQNVAXo4W5KYYei9p/KQFAKGI03kR2xKvP03YCoG6Kfk+61XsH4A9dv2ynW0sNrPv3EWL5m4Cmthr/qlAQ4ejHpzLq3AFrqMMwVyn6lFzG4L+4yzype7dlX4w6tSrOxINGhHWKC2e5v6bqJVBuMSynv+f8/vkvThn9tykt7MSeujKdJbFlPdjC8rUQV4oblCZlLKb0ifn30lxfQA7wOPC2LyUM+k7w7UOUjfx4lP1B0K6O2SecPPzDwicIPhfmTi/8C11Vo4eC80jdtPHLIKECAnafZBpWPKhoPBWOezOzgcfkG+8rEic7Z6gtSbCKlqWvZ5HwbPm0fUUqge/SA0jydDIfUMVjWru0zcKtZjX5vfsgFnfEceBy9P2IvHy6zN+McyQSo1Hx6yTw+zZhwY7RsHwohTPHrRUZO6YojNIoO5boRc2+A==]]></Encrypt>
</xml>


2015-12-12 16:01:07 debug :
------------
String:
account-ticket<xml>
    <AppId><![CDATA[wxe5b18b9bd7e3626b]]></AppId>
    <Encrypt><![CDATA[OKWBKZjGTy1qZ1QO49OujXi/g3CTXIzPoNaNMiZ4hAe/Qt6IbTABovNOQwtG6h5uURyOJTBBZzJ43AzzTkXNF0GKybjxCVTUrqsYK2zXeOLOTF4bD89ziwKXJOFuQb+BfU3c5wCr2owP7/l28ahq71PlPuxl04Lg3ARPifOJVKdGEWZckvNnXHYgqPe/44jn+7QW9Skzw62OpE8492TMltN2GIgtGPCjdBsS2iE6A0nX5j3nE75AUMIU4zQjp3njWjCjBC8fD/Cgd1rs0QWJkxRbYlb/H7OW4+6EG6XFJbBFrmFYdw+qc8WF7qTh/r0d+dyhDKpoFZreuHnOwZ5q7VeHYDDOxUco4L37aT4EjCy5FfxGUoxYvYlYJqBog4mLTyQIU+IDCdm2ivI8K81gQqd9LXcYpNLgfZFvf2I8uMrIECGGFdF5IYlrJhWS/RF1jbLrkuoLMu0DX7yOHzB9JQ==]]></Encrypt>
</xml>


2015-12-12 16:11:04 debug :
------------
String:
account-ticket<xml>
    <AppId><![CDATA[wxe5b18b9bd7e3626b]]></AppId>
    <Encrypt><![CDATA[okdZO1I5BBLbUiXCosIw34F7fHFbP/qPJ2InU9j7KRuCtRbTfHxiIarzXTHutV/FeMmLVILSAgFZlnsCKCnF72Dmu4DnZ78rBNs4jqAhPDxM/md25hiYaFua8cmR4ENEYo4b0E622vfWIiNa3J4PxFisx0j5ZzrzaxTvBcAY1nAAu7ts841OwVyAMcxewdbd7/RKB79EFG2NgVQt9GNcv/IJ2+EcPJk/VdSpCn4Qq9dIze4d2fUyEEvfccGx07NtstSZaI3lDR/7ZSxTocG+1py8PJFdzgddjSGfIyd2fkv4/LI3fOFPKpXPUlszbEeWXNKMRM8PaO45fkcxcu7KkVrleE8i3ZawFzw/K8Yml8KYuq+WDaID/PQkfdKr36iQ+S6OAPXKnQYfP8l1PmKhazkwvtldBPX9xwNkJS+zkraHRobnCn3nf8HiKu7Gz8ZQP6aYZurLbyk7JxOdQ142CA==]]></Encrypt>
</xml>


2015-12-12 16:21:04 debug :
------------
String:
account-ticket<xml>
    <AppId><![CDATA[wxe5b18b9bd7e3626b]]></AppId>
    <Encrypt><![CDATA[MW3mbsd/PbMwbPVqP6gUt2Q1PkhpTpjlARTOYfHUee7+gG7X6iORZilQ0L86nrIqcsjUQar13VK6pf25nJ0MRlNd3TfSSbGnFAhQfMdfPhuu5DcnLggBRP8KwUQWCT1s0679dF77KJ4tijQYgqfM1AqZb8EzdC5GZ+ymJSK6UCObdKcW9I7cvW/lKuQhAbFJDsG0y47tf6qoaNoBGTjQFUvDBhfx3jERSr6BmXvftl9F7IwrUgu2Qy97mtiTuabkTJa8uUg/RrfbOXD9vMhReoNhtub9LxTlKDFyscMTND8/F5YtCNsFraGEGIDQ8AYk4kazUdnsOO0br1f9rDIik5BIxU5tZ6qgkwXCWOeDCMJNS5X4aeu+hAhG9jZk4Wie87ckEYwiwQ1jOI0JHo+zSgBsaEat6wY4N0GQr/TdZKNv0ScbUF0fY/nR0YqSlVoPCDBYKobErqV1BC0P8VgwCg==]]></Encrypt>
</xml>


2015-12-12 16:31:08 debug :
------------
String:
account-ticket<xml>
    <AppId><![CDATA[wxe5b18b9bd7e3626b]]></AppId>
    <Encrypt><![CDATA[NloJ6PcrmiRBeAQXFbm8QkI3NPywkCchTY7EA96pZxF+Nyom/bsrVa5ruMCSKJeuQuzVYIq0JXt+CfQOW57yqK/Lp5JkxPQZmkP/IhGrrHc1O+PzFUr5ZzglpTYYJLHN9AoZt9/4wEihrsbDSyd1RK7v1cVDA/7mVGTNaNlHYnvct0JT3+ruhQr9Bxr9xNY/+1TIiztChvCvNwRWcgQlVJ/QiWuPcO9mlmc0o8KRVvxllXGeTHqQQmI0N4jJjjcDmc/rOpRmhjC2MRHcAdHdMvFKZWxOQyBLit1TASiS3w/6S9oM9wlgTvV22EQ/C19xokbSGgsshkF544GPAndp95kkK2jf5YhSfVOPNtnd23Elqsy1et9E/I3Ko8ljzFaDNiuMItdFxPRaa7GFNXO5/iDZPkEmdW6Z3GmkMOC/lGO6g4ZOpnxteRRzAwocKPoPfXW5Xj5gLgafVqrlZWC46Q==]]></Encrypt>
</xml>


2015-12-12 16:41:07 debug :
------------
String:
account-ticket<xml>
    <AppId><![CDATA[wxe5b18b9bd7e3626b]]></AppId>
    <Encrypt><![CDATA[bXal0xUmo7JVja1EbaFHfsvY08xcGSwGMA9KMQS1s5cXKfgXBiPFy4zqyD9jqOKuwrR9dfN+O0mRJ/Ayfb/e6l0z98mW/Aov3IoSY+RExi+AzuRZ3adL2+wMQaf2pjCsva5CIn5CDytaS+2JqsizYpNPWJHMOGVRzEfnCnWmwT0l+cfkjUmtbDY9Cwcn3R0lz+VrT23AQOADRZRVy11p6jFBjubQCYBrVqIlllWwX7RsODX8qA6eoYpUVrX5C4O5iTx3v9TEr324ZE/gvOkJnQosnlIEDkwyyWVK/Up9VhrkA6rAKA9sw35DV6p9oxI0sfPijUTH6By+wSBTyHNTCPV3IPul4ImhVYe2WSEQ2MRRcZAfFdSvA5VWRfwe4tDdAcANRX+AmOGv8mWF7n27BcSFRTmXL1SsKuNLxRgxMny8l0FTZahNtqDNVVvr+cpKFj0BaNDVCIdSpovoOZHEJw==]]></Encrypt>
</xml>


2015-12-12 16:51:03 debug :
------------
String:
account-ticket<xml>
    <AppId><![CDATA[wxe5b18b9bd7e3626b]]></AppId>
    <Encrypt><![CDATA[1Zo9cpcVfWO4g5VjL4/D14jLRqjl/Glap5fgjCH2FbPnXTiCXvsEwTmkf97E2vrsEWdNEjcIV7DLgHg7n5smd3GFLzk8L8JM1rBGxAdHAhxuIMEP5hTA8R+me8xsHvakMduNcNlC3b0eLEVbmatkufeAbcLs80KozCidVNUlFY/bZLrCZecBViywfS6ajOjTo36n1HW5pcglT9JAedQHPFcJwTuN6Bm8C3Um93NAb+TQ/m7fxms1O6jl3NzDS4zHaU/EYr1MGcTYHLZBgItNBmgN+Z493z8L3mwIfwBDSpAlL0QPsdsDInImAoW1XmpLzCWQzYbnbXBTEYTihTsiDxvRKnMZVRCmnAiRgZc3QwzIkXS8zRmkwpOQvmwSk76nFCB1Zg7r/Ej2Xl4oWL5WdgvzHpFzNK22fDEjf/8j73f8X7Ge+A7DOIWZVkXaAzIptmZBScMQY0NfoxMvoFKjwg==]]></Encrypt>
</xml>


2015-12-12 17:01:07 debug :
------------
String:
account-ticket<xml>
    <AppId><![CDATA[wxe5b18b9bd7e3626b]]></AppId>
    <Encrypt><![CDATA[sElWlCfBYOmK4uxwCglCduZF8L+7ip7PirjcWxFv6HY33RhSEguqLC6olTs1mYQ6axT3PoczB7t52z3bgWMl2bnDpsd2itIs/am/NOf5jFpW3tMkj8gXhUQ7PbhkkBI7Ba3QtftyTQsAX291TUefaEdM/idfvS20BhiF21dXW9nN16juLc2/o/PbTSSkv9Itc/GnPpuNwrmXllnZMJMCJP5vUeKZmvJpT9/eb++EaX9erKWqsW4Ark6thPU/rs62hU88SMfcUUXNZKg6hYaKCukEq9xPvlnW35h2MaGX6riDr9ZUQoGns3iLEnar+h2V2d/MJPWr6+L+hbyEvXkWj0+FpLGhuTQYmpFOPyXcE95ZTV6HF5RjoBh4Gp5PyftbT4Im1VnNWQTF0DEUlAbzTnCzBfE2cRiRo914U3dRvNVBPQ+a6EBrSz9CaW9DLcvPZXtBHfU6rEJBNvn4SKqGug==]]></Encrypt>
</xml>


2015-12-12 17:11:06 debug :
------------
String:
account-ticket<xml>
    <AppId><![CDATA[wxe5b18b9bd7e3626b]]></AppId>
    <Encrypt><![CDATA[cAEfLcD8eVE1sqi4BWbewq0zOGUQi3NPHrvf8ofN1XLX3J9UPKlPaBCu82OMJTuDHrrL+3GE0dZEvzhYLDVvK3bC0R2CQvPxMhT6v/g8U1Z9aU8CBbtCBYRYgF71WLa2543qffcOynckrcZvYvR5AzU1snlk5Kny2gToHDwmq8u5ud9VHdxOSA0SK7vaPFERiq3/EkqbuGk1//1fJV8JU1gatgeXNybhlf6wf4a3CFYXqxPengyagAjYiU8rPRNSQQjjT2ddeVs9kqIsqZTP0QKcp178wW8arxwC9Lk0jEUtQagjP2T6ZXADEyDwuRJ58HH5JkKw0SwpmnZt/jZHdIdrREpnpZz37w4AC1qXd69O9lBvME8E7pyv23IF/rPLC5CHnG+WzWWUE+ZqDYF+CvkautC5V2uXFNNVxxYkT6Wd+rE8nv4okcPOY9Ul0hA9HjGRB1i1eCOS7J35fRl+OA==]]></Encrypt>
</xml>


2015-12-12 17:21:05 debug :
------------
String:
account-ticket<xml>
    <AppId><![CDATA[wxe5b18b9bd7e3626b]]></AppId>
    <Encrypt><![CDATA[ymwf0oZKHPx6cS2mvcz7gdF5Qnn/YM2p4HI8U4vzeMm6lsU1qFq/iNS8xYNFfZ5KfhuPD+KF8QV5XVaz0HXT0dZCd8XChWKIoYaAYSdIcirQcJpMV+13ffJ/XByr7GPPn95SF3MYHH/pSMI0Mg3vY6GqquLZ2C+DjNqUQjoSZInrbacotpZHoYPjdch5HfxxqlbZJwEtXFLkXQz37lMKAzzP1b24gIP1NjBVT28ECjIjiqyJlM7sg/5MwkbfQZmhKe3c93CHdnVf647CPvCjZ2wTczvaqy3+O53anwzQqA5f8yOW5mZPhfpvYzHf4ALERgzH1BAgzSuLuKA1BZJ2aorIXoz01vGH514mQMOLDnzB5R+i7JLeSQYS4g68ow3h/293/PtN0nBqJNNVjHj3lQiuLBiCbtmxifcsUlvON88OOxOCU1ua5HoJAtqwAqNUPUfF+boDnS8PNJ362QKtIw==]]></Encrypt>
</xml>


2015-12-12 17:31:04 debug :
------------
String:
account-ticket<xml>
    <AppId><![CDATA[wxe5b18b9bd7e3626b]]></AppId>
    <Encrypt><![CDATA[VFcyLJbRbpKGX2U9dCC62WI6/XOayoLqbh6caIQtBkpZY0lQ509yDu2vmuoVpHcKnxNTUF2VyC+d1JWwds5eGTz7f1Kt9U93mm0EZsko7ILQlTUYf3WS4+QA8zEYOmk87U2HHz7rJT3fz43rJu09mYtTT+prKWyj63G1BcCLHfm4OfI0Fk/k5RVVkJCjVq6NepbSwEsZ4pA5jVlXYce/Fa4/qjRyK8TIPoJ7Axe9WmZDcvVbbZ7PZHKdVGJnXiqNT2MXpcem+UzRNgwOx/gQYTeuxd3A0TVB2qs7Evld90ekv4s8F5nTDMKyags+5/8OYA+c9vbAO4FN5F7e/7IAD7P+kUidErkP77LsaSdVTB4haIkQ1/CuIk1Up3ezZ5RHXHN8Rz7fbEDB9EIct+ol77PhPu0gYwyBrr1OvhJEU08JqanQLNMiPJAkHCJ0JNFEPO5O9pGHbat19ecG2YgKIQ==]]></Encrypt>
</xml>


2015-12-12 17:41:07 debug :
------------
String:
account-ticket<xml>
    <AppId><![CDATA[wxe5b18b9bd7e3626b]]></AppId>
    <Encrypt><![CDATA[iG/nVjMZkUmYvbsOEojDpvPDHQkuvwjlLWc2V8kiCQzbwY25pZO2duUryxZ31vVE0qdbIERmCCy61blXK5vLhsFWDGSm5MDo0SNtSdCo4o16a/th43jTOfOaIYH+Rv8vuMSHCNxR4W8cyyAS/48OLgCnbaBIQ1mLsc4tHYqjMaAZhI3ou8BN7PcP4CAftS/+iGTNLsGyFmEpVFtVDQwS/JDMt82Att6m0JPgkVyc5LL2AsdhZ/iqoE4lDksk4NPmV3hE3KnJOJgWNu+ezpZOMq+sW46q1VkYoJzTXp0PZlb/BGtLayCkpLJPg/sfhNW+6wZ6MzCBhAbi7T830dcCPptRb1zgbaKEZw7LXHcTlTxwGyMM/ERw+wNVDzndtwozELBCqcn2VLsmQEUHymWHddcvZ5NYwZIgzc0xQ7sdtXjTDPYPJT6xdB2hv6BN8VnV92aqDiW0m1IGFj1r9UZRUQ==]]></Encrypt>
</xml>


2015-12-12 17:51:04 debug :
------------
String:
account-ticket<xml>
    <AppId><![CDATA[wxe5b18b9bd7e3626b]]></AppId>
    <Encrypt><![CDATA[qJGcwX5vjrKeP24+XSkYAZfZAfpVcbwL2haA5USiS/Yv9ToBYdkN0AYpp3CIYE7F3+PW5B6KRnKTL0HEaYV7wQ1/Z/lBDHjJfp+ZnJGgFMzmMhCt9yQZiIc5rnti2CYdoFkfIVVZVR+O3kKQbf4vwev06uOF5C9rASIzBnN2Irhaz3tLYzK95ogmp7fuuWcvQAv5Q9ysxNg5V9aXUhbuu56ZzqtvLR+wX7CoSJl/CSCI4RQVgNlhYl2weGXj+fb7sMSAqaAE25zqdxYidPcmemRqQgfhV2qaCSpQ93exX0HF/Idm/MR17I8EkFc9zurt10Vr+5jhy0OFRONw5MnDaJnGpNi1dvmQ9VTNQzzjR3BeIG0tX7BkXNfzK6Q1b21EYBorFEZrxKszXx3WJldLG7n2pQSj9RuQp8e/GvBFnWJhQ/U2IBqFxJpyA3Jf0ZCmf+6LmtIAkjxLBpw86XqDCw==]]></Encrypt>
</xml>


2015-12-12 18:01:04 debug :
------------
String:
account-ticket<xml>
    <AppId><![CDATA[wxe5b18b9bd7e3626b]]></AppId>
    <Encrypt><![CDATA[qNXQricJzY1iGg7n7gXZqjbHUj78IoGzc0BfnMsKXSMn2sD7oF3hxfA/RfrDTRJoBwJJMOhW/Zls4KNQU8GjKWPWTP2ma/M0QwWghN0+C6rL5HXpVkqgLdJ7QcYmLDWhq/0nwOaE43fPqZBAe4G2KMJvYNjiZ8RWWbmJPf1S/VWLftdgAaascr3hYzW8PrXLsLqMUeIRA2Im2qKOkjCMalp4l/mRVdtdlBobjZylBPOdn/KaH7qV3ACSQaM4NL7eg+JqoaALihVG6RHlbG1L3DFHvLeUkaPm+fpCVlNM+LJDIzHkHJ+ilQgojTq2SfxSPdWrTbmKyfqWoczzh9gbUIRiWi+T6f5uQSh4iqGH4qY12uz+TOcbJ6oqKgJKUKSyp3JNJVVd0dmxpE2pu+ZDf9Fs55NhK1DbjVXyjQrkr24k1YtRVN/rms620mFF7JDsbgeeK/QXv5zuAQ18K8H5Eg==]]></Encrypt>
</xml>


2015-12-12 18:06:28 trace :
------------
Array:
from : oUu8LxNnnUIDuUN3xbB4wC7-CJf0 ;
to : gh_d34560fa1761 ;
time : 1449914790 ;
type : event ;
event : subscribe ;
tousername : gh_d34560fa1761 ;
fromusername : oUu8LxNnnUIDuUN3xbB4wC7-CJf0 ;
createtime : 1449914790 ;
msgtype : event ;
eventkey :  ;

2015-12-12 18:06:28 params :
------------
Array:
rule : -2 ;
module :  ;
message : Array ;

2015-12-12 18:06:28 response :
------------

2015-12-12 18:06:37 trace :
------------
Array:
from : oUu8LxNnnUIDuUN3xbB4wC7-CJf0 ;
to : gh_d34560fa1761 ;
time : 1449914798 ;
type : event ;
event : VIEW ;
tousername : gh_d34560fa1761 ;
fromusername : oUu8LxNnnUIDuUN3xbB4wC7-CJf0 ;
createtime : 1449914798 ;
msgtype : event ;
eventkey : http://we7.cc/app/index.php?i=20&c=entry&eid=101 ;

2015-12-12 18:06:37 params :
------------
Array:
rule : -2 ;
module :  ;
message : Array ;

2015-12-12 18:06:37 response :
------------

2015-12-12 18:07:09 trace :
------------
Array:
from : oUu8LxOGONKKHdiYG-Q3CqJsJNxE ;
to : gh_d34560fa1761 ;
time : 1449914831 ;
type : event ;
event : subscribe ;
tousername : gh_d34560fa1761 ;
fromusername : oUu8LxOGONKKHdiYG-Q3CqJsJNxE ;
createtime : 1449914831 ;
msgtype : event ;
eventkey :  ;

2015-12-12 18:07:09 params :
------------
Array:
rule : -2 ;
module :  ;
message : Array ;

2015-12-12 18:07:09 response :
------------

2015-12-12 18:07:25 trace :
------------
Array:
from : oUu8LxOGONKKHdiYG-Q3CqJsJNxE ;
to : gh_d34560fa1761 ;
time : 1449914847 ;
type : event ;
event : VIEW ;
tousername : gh_d34560fa1761 ;
fromusername : oUu8LxOGONKKHdiYG-Q3CqJsJNxE ;
createtime : 1449914847 ;
msgtype : event ;
eventkey : http://we7.cc/app/index.php?i=20&c=entry&eid=101 ;

2015-12-12 18:07:25 params :
------------
Array:
rule : -2 ;
module :  ;
message : Array ;

2015-12-12 18:07:25 response :
------------

2015-12-12 18:10:56 trace :
------------
Array:
from : oUu8LxNnnUIDuUN3xbB4wC7-CJf0 ;
to : gh_d34560fa1761 ;
time : 1449915057 ;
type : event ;
event : VIEW ;
tousername : gh_d34560fa1761 ;
fromusername : oUu8LxNnnUIDuUN3xbB4wC7-CJf0 ;
createtime : 1449915057 ;
msgtype : event ;
eventkey : http://we7.cc/app/index.php?i=20&c=entry&eid=101 ;

2015-12-12 18:10:56 params :
------------
Array:
rule : -2 ;
module :  ;
message : Array ;

2015-12-12 18:10:56 response :
------------

2015-12-12 18:11:05 debug :
------------
String:
account-ticket<xml>
    <AppId><![CDATA[wxe5b18b9bd7e3626b]]></AppId>
    <Encrypt><![CDATA[C86059wKVvQkXNEvGGtGOEFkupVDofF98PBM1IuhsDPU4fPbBur5papFSb0h0BTWY9FIJc5blibFShhEtM05IV0l5DIKg0uBOOMM8tKVkNmDMDjc+Lzbj2Q2lVFtAWRz8mjCRsLTegn5D2A93L/hmItAT2+PXMNQlCiNdaBQg11LWHCK+yFf6pZANGQqNjEiLlhN1wbONbLfcC29BzNk0Z2EWT3FAuKLydKt7U1PA1VZWmP7HgHSFZzbT5UVX+SCOYoRnCVSGP5L5Rpuu/y8Djt6BNsUI7LY9c2T3PXOGjQl5IpBUad7m/EO/Ih96yuYSxyGzFiWBS3Mu91DL7+23Tk2/hNa3HddWOY+sO8K9NKU9WTUvv0zMLL2/myz6RdmbstymRKpRZYtkGpmBjPbWH9X3jCMb9w1AfQXbr8OkFA+R9lUlirRfLRs3H2xsqs8qXPJ5zojjcRnAh+l/8FNNw==]]></Encrypt>
</xml>


2015-12-12 18:21:05 debug :
------------
String:
account-ticket<xml>
    <AppId><![CDATA[wxe5b18b9bd7e3626b]]></AppId>
    <Encrypt><![CDATA[kuAnXbs5HS6Qk8VQe5vC/VHQghlAPz+3qhBDLyYLfU76cAOGJ85TkBp6BONwoO7FCcT3qYcLqFzeEgnc5dv817e/kjWsgNeEwqEoIIXtOsyJUq5RhrbmDl+EQt4EZf97ESo7Kkuw8Hq1htOGqe66imkyqNfMun1JxuMrZT41kcfbLcNDfRXlSZ2ty7T6Y2ts0P9mueVAmSt5RkOuyfwbQYPiHhBXsLK8l/YPfJSLVYF9Vx67tiSdggX4brItLX36c/JpicSL0S9F5OsIE3ugGtltxqS8HSHEqLjrKR/aYbxu2dm10lJ/uT2Wo6G3jJFf3Q4+USXYkb3gQSzBfhVFK9o9DzVJJxNnpkGKVi37g0WC3B4JcYqf6FrxreXVXPqGn0Gdw4oWAkHuZwBzBRgP2AwMjT8wBmP6a+tF0QC+phS5dq76ZLK4cHeL44+oTFLN3lV/sHKXCcwabMFV3scTnw==]]></Encrypt>
</xml>


2015-12-12 18:31:09 debug :
------------
String:
account-ticket<xml>
    <AppId><![CDATA[wxe5b18b9bd7e3626b]]></AppId>
    <Encrypt><![CDATA[mTa238V2JLBN8vnYrWOe9Vqip7somKCZ0i6TVcUYLH3EG8v63BVln+AX1L6d5ygaXqxHSWhaHuLqAjYlD2jqXDZGRApe4zlJwfsDeV5NaGXKtYHotOJ4aokc6yAy1oN4ksHAUCW2wMzoPSeP6Yr4yqN+I+NkGBegpDdaHJkw1HSYcWxZ30rGlzPXDfbPbyL5plaiCpcvXEKYtmZp/+QNhQOX07znMN8a1ljD5WyHKftLG2deOG29WF6O9/IcP2qXYf9qASuKqdfkHNGe503Z2bJICN+NkHN27eJXYiKpoKhf7coZUC8QafsjdDsuN90vWqf9+ofu6qnMJk8izC3wYTBZFBlZGhCDWktMbyJRTqOA0z/poHTBLN6qw+ft1d9ITFD6vJ4M/9pMdSzQLA4FX62pGRK33cDYGE65XCzNjz0am8UJvni0HwRFryh4z1BqS7VVNQ/BnmCts7TDCX/IxA==]]></Encrypt>
</xml>


2015-12-12 18:41:08 debug :
------------
String:
account-ticket<xml>
    <AppId><![CDATA[wxe5b18b9bd7e3626b]]></AppId>
    <Encrypt><![CDATA[gXTlP9QXDC5hAo9JExu/r8s9im2dBg/s0VWUtarSgui+ZH1zoxQTD9JuaprsLyiSaJ8ukMINK/gdnSKuTUCPEfm1xLkK8ET4AI9RInyDMzgOXobAsK9Dv8LJ7exZY0TqlhkUb20r+EOn2RWeCV7o8tqgf3T7Xjh6ZWxkb8oglrbH4YPMUinaVjVR3q/MOl+VRNAqanP4KMcKAsxDO12IYB95CY+4oBUB+KUfhUgGn6DKZLrq9KKHIt3KnNFTSZ87qcdsxjweXy9IUbUAbf/rVu3tRscMtY0AldBlCVK3ENO4nV5wTrxlcp1iRNn6T9PiTI3XP9vCgDOoeZwY9vTVMV8MJwZy0SPMIrZgo60xwj9jE7eNJ7euqv3sA4SeNsdR2v7yGgCEyrQMJt35yTmy38z6bNqYM+t8hCPlfNSXZaKJ0gOXuMPZUOKo2O1wJXLh6oN28IbyeklwFpouMvgPrw==]]></Encrypt>
</xml>


2015-12-12 18:51:05 debug :
------------
String:
account-ticket<xml>
    <AppId><![CDATA[wxe5b18b9bd7e3626b]]></AppId>
    <Encrypt><![CDATA[UtMQZmswihyFGllRxet0uaJpIpj619rlVmvfvtXpziCLc5YawYBEMHI006Wn0vHuX8u8s4FzNVFUjzwSrXAGLh/b4A/QAZe5VruDQNnQBtvel1pEolFUz5Pt+WUJFF7iNV42OSAJO4kI4eshVWiZ3RJMANTbvwAzHF4xF3svuXrtYF4MWLHxBhbosdPqo23T3/JG+a6iBMjS9MsJjMKvFkCCOSaSGORUUr6z00xTQxb4PrxuDxVX95PKaVBkOb4wzFOk0EoTS/N0pTcBgqDTVNh/0HFGOPoCZi91TGR+YhF+8X3qHpKtpvMga2/3joUOxqIswUS4nt1AJmRsyJiuy1Yksy7fY6e/WWV4gw/eO22Ry2Y4IJgQoqsTiVEQYU8j4fSpa88ORaifj39+H8qf3otZh9ptxYz5gPU9iFbHVGYL923YG2AcU3g8hgdb+cnR4N48M13sLBpV/QnHmnUb6g==]]></Encrypt>
</xml>


2015-12-12 19:01:08 debug :
------------
String:
account-ticket<xml>
    <AppId><![CDATA[wxe5b18b9bd7e3626b]]></AppId>
    <Encrypt><![CDATA[9JxOjEGUVOYPtcxKO6Xg+1V2oQPxQWcqR4TStl0n93zN1EciiaVlavxEvg33rXH+v8DHYv2Ssn5ASrG6Y5lHOIXwIfA1QlkjwE18QnZnYaZc35bNjieLwGtx6b2dzIW3kj0YyoykbYJNYxp75P9kcf1vLfJSMOBOoZP97lNi210gxGVmydd+PTl24uKan4+F5M72zFosQth128yR/sKR50sAUabd30IPOb/QiEyYUBWr32CMdxghZ96aV6P6ApByrDJffzuI33IOer13SerAUklxelJwubXQOAaNBUViQkWCtONmGYgGbkgAlDzUE+nKE9F9J/i83HhDGrc/Jey7hZK9mDvqo2jSpWs5GIdvDuaJvkNTnCxcl3OCZ9j7jug85yfDrGtRmw9G2EYw4MYdhjMoM4hlZu+Smj02SFFacnjJdjJBQUN12z/pW8uwYLa4LRjbgKWaGYI5tt/ZfwyDmw==]]></Encrypt>
</xml>


2015-12-12 19:11:05 debug :
------------
String:
account-ticket<xml>
    <AppId><![CDATA[wxe5b18b9bd7e3626b]]></AppId>
    <Encrypt><![CDATA[KqvbDdgf7kyaeBF+uzfq121KVf8IG/mXf6Fsi4C4c5Xe1szauCZLScq9AbVX67bobOxPf8uSDxWDCGiVfnNvtl/5C9CK9+rrR9uzJzSIPnFukqjfgYOPmY/r6zau1FNAnVnTsqYIo+r1c5W39WRfSZCbr/mhtqu2V8qw/VeFjdy6MB3LRy5zCPKhK3Qd4Hor0koEFHG9ojTGC7fLOIvmZxFJK9hRNla1IrmUe/9m27EzjC3BJgGlny0Gl5YDlvzN8sfjWQEBNnGWE/7fQ2GLGg5VRhxp2r/zO/sy81VxNqyGv0S0gV2iqMn1ed2NHQmVC9U8V8uevCMPi/PHB6z12+ONC9lxWHfMhY6l/LaOwpxIU0bIJz9S3tl1gFE+YfF+MElo4k2SNbOkGygQLMez0782rrdFdWco5d6DkKxy6SsU3Pc7nAq+y77k4Ze4A5p0RCzAWFqvkyN0IzwFYXJclw==]]></Encrypt>
</xml>


2015-12-12 19:21:06 debug :
------------
String:
account-ticket<xml>
    <AppId><![CDATA[wxe5b18b9bd7e3626b]]></AppId>
    <Encrypt><![CDATA[kHIFrCwBQ6WIEXFaqodvpMt1VWjZw18JstgYzFmtBu4A8ho7YDM9cE+NDyQV19WVgQqOlcE+msScftlnNG9rZeH/8q7Z7gD1M9YivS0ErcTOfCaxZCKqZ8ooagtK2hUs/yyDfs3cjpJMF+cl4C1SkLqWM/CD8SB9tSY7fcugSwC7gWPXO+zS4pFnqQ3hPPaSrPz8hwQ/6eIArIl/FY0rt5webD/x8Z6NArfbV91P3FyVhyNFV86jixsFZlMAVyo4DM2mfALWYN8Xnj/Q+0oyAemLX8bu7hgYWBewxJIQHBQKiww7Sq/o7ghuFY1PrSS6R98uHUfmnIwEaA/dD+No9F5AFJWZR0irq4MFBahq6O8AU+7uo+rZrckKs0nZ0XOhxWD9g8+DzNjYvBvSyEkCcJOFeI7iUP0GUUygntRct0MdI7VxTVU9aMgjGdYJQufx3vd4cNM+aS/4BUcue00iZw==]]></Encrypt>
</xml>


2015-12-12 19:31:07 debug :
------------
String:
account-ticket<xml>
    <AppId><![CDATA[wxe5b18b9bd7e3626b]]></AppId>
    <Encrypt><![CDATA[2JwE4ogFEisgkIvLORdzjg/pk3o8naNbh5bHRLVPGWe1WWQ2X75VW/BysoX14b3E+/fjrNocuGbNe06rdoydaI/x9vRRDtYhzD71TPih5/+iIBzWPYnbNa7hqj8NQFYNKKtvdBuWrNi9olQxTlTtlgZR7XVLm7j758qYUt0S5M8Ne5/XhJMzlybp3djS5u0ZoxyjlHZLbnnPuqn985K2QsQsFzB7IFHXB19ZRr5wiyTfHkkTWHrafdPc/O1urgXOPWg8Aeistyjj2j3HXsrUjqiJQR7o3UOCHIJ0NratdiVxUVC48b49aJ5QZ/qoL/kv0kXw5SVEve/EW4yUXHRB5vjY5hzv+szxM6tSZtWYuZgxmh/Yw36NYYqFTdC154eEsXmLAILKRkQCSBAjfd/WelBshT8gI5v6TrxbN1SmtOupFVTl5w4XaSmiSaHFJUPw14PNxEF/tudx9AtvW/WD+Q==]]></Encrypt>
</xml>


2015-12-12 19:41:04 debug :
------------
String:
account-ticket<xml>
    <AppId><![CDATA[wxe5b18b9bd7e3626b]]></AppId>
    <Encrypt><![CDATA[bqRkkH4Z38aIHxfOt2r+xVj0exqlvOahBr9DfK819jwB7QttqB3hX36/qQ0J7VdkG0Mcui5GP+v/OsW1s1GrlL1VrGvqc5S6tz5pQVvRk4anrdcgGLJaGL3C3JmEHx9oKTMMgVob6JhCSfPhm1QLV28/E/xwQoGTGM+l61N/jsfcVy2u47rxtZdXjXy8EWhgFY4Gyf0+LUxRFi8tKuzWTbOEMf9tvT+T0XPrhy+PWVEqXZXPZUmZTDVrQvkQhRwyeLPrWYibbIHJWPk5kxzsh5Ss4zdGpz6gNm7Y4/wglWDO5EWZ+uM0aOWrf7Ei/2OY7bQag5njQweyB8KCXT+LeR/nCRiYBpTahxHQNTm2CI2fsbzFVvaOBcJdv1751A78HJsSYiakEa6apRTZMt+osdjkgHiI5DouFqKHULXfQ4JMdQD2Z3y9Bf/BFATBYdlYoZL/yxeTGlLiuMyfZUSJew==]]></Encrypt>
</xml>


2015-12-12 19:51:05 debug :
------------
String:
account-ticket<xml>
    <AppId><![CDATA[wxe5b18b9bd7e3626b]]></AppId>
    <Encrypt><![CDATA[7vGBMXamaTIpQgdnGtfDhs6Ql3J8RNWG1ijttP5PwaXLmpjlZGXmSxiErX3tCv9x0zcZ2SPLiKcsXGxaaDxMTgzLW+WXPXykqwgiyG0pxb7tzmVeJGujD/bEl4tXOEM1G1BjyziT1zsgNU+QMGpTmZIf8R2Gz0wWix/8UPFXUUvyFl4l9uzZf7eBCWL0uCKgYKyvaDz043F5G+H/KhRz4M5Ovb1YtvqtM5z7lyddq1v7jzZurIVpYK+KlW8RDQVYMEdspmc8KzzvIEeweDplGAOKwcXYBb0R5EX4kumX5TNyPl+YXMInkg+n9JUV7CrYZuWx154GJtKe09vCM1qpbO+rovIZDAHdVC3MgeuTbHP7cAThQQtI3vgbq0+2/42NtHvxF81/tsBWwtr/WcjryvgSsNvaxVw47TW29hobgyyWOmH3wQKmM73jP6/D0d+yW4UO5fOJoUICKrmTa//QGA==]]></Encrypt>
</xml>


2015-12-12 20:01:08 debug :
------------
String:
account-ticket<xml>
    <AppId><![CDATA[wxe5b18b9bd7e3626b]]></AppId>
    <Encrypt><![CDATA[ide4PPiReHpw2vtThsXffFp2jw1r0ePEDHqAwIYeHwC7aDD/zrL0HbOgpGEArDYFe/jpl6TE4hcBKV2tP2RIrqHmJfUjs1xDIA+YGHJL4EIZpDS4dXXn6mc9d97U88hR99EltHOY6+zCZxx5WCpFxE7VEvuJLyH8Dd036rnVL2JZlPKTllIsOgXkRHI6r03458lEW2FguYUNyh7D71RIE2/RwbBdI/2DTVH7KaKZsewNJLi1bJj9nLjskSU3sd5A+w88wskqLn/Dl9M7gnTmUp3lZ24fFoGUchbosRy+QPI+nfO61m4sg+ddypTtvFyxqUhq4cX1QDWr1S79bjNKCngyUoT4/FaSs5xIaWK1OOvSAfDnGWAKyMbHrZA+zdhWPXB3pRpF/0dxQFl/axwzAGMfoSTR0Vj7l8o0+FeMJfmUBcIg47y02D/p4ro5cipgxfQVaV2Nrs/q5rAC0JT4Dg==]]></Encrypt>
</xml>


2015-12-12 20:01:54 trace :
------------
Array:
from : oywoswAPpIS1_pIrREqJljO-Fuys ;
to : gh_594b4a77030d ;
time : 1449921716 ;
type : event ;
event : VIEW ;
tousername : gh_594b4a77030d ;
fromusername : oywoswAPpIS1_pIrREqJljO-Fuys ;
createtime : 1449921716 ;
msgtype : event ;
eventkey : http://mp.weixin.qq.com/s?__biz=MzIyNDExMTgxOQ==&mid=401376031&idx=1&sn=412f72caedb38ddee6d15c9685dd0d47&scene=0#wechat_redirect ;

2015-12-12 20:01:54 params :
------------
Array:
rule : -2 ;
module :  ;
message : Array ;

2015-12-12 20:01:54 response :
------------

2015-12-12 20:11:06 debug :
------------
String:
account-ticket<xml>
    <AppId><![CDATA[wxe5b18b9bd7e3626b]]></AppId>
    <Encrypt><![CDATA[vz+eMpZNv8Dy19Bek+LNEkfiAbFKXYrDt0nwzlm/xC1zrAqQCLDfMupM98SRGMjTlpzg8V1jOXYSIneZkBiENsnRjVfOwxz1CWFcjaI4J6DlRbLHsTqbNLeMIYNXnMSiH/0mm8g0NCqiIOlh5YqRbRPE/5vWK9gIKUJE0NFvgYtTOrZGuWFLTmE7sQOYYwOOrk/+5067KiiAwseJc4rR+UvuwMpb3mb0DyNgDVAnPVFt33OTwqnBiYzmR36i1Jk2WyLOOyTLx7zNI6PP+JlcXHqAj+Wjxtp2qmPcYXD11IvAeFGuFHKPE24ckPVOEcAh6zyg+6oE/yO5rJuXmfOhCVd+eNBQJiQk83OEKoTIQcCvrLe54PshHwbiRrttaekJHvPVPzUk6ByQ6tCPjaxDxN1Wt50lfOieva5RMMBLIKddUTFIPIlMe+qfSiYI35g19RdiiMA09lNbRr4LRdY0ug==]]></Encrypt>
</xml>


2015-12-12 20:21:07 debug :
------------
String:
account-ticket<xml>
    <AppId><![CDATA[wxe5b18b9bd7e3626b]]></AppId>
    <Encrypt><![CDATA[7+ZcXd+p9bUcM2PxSbN0b9VXiFsGq8goxI2j9pCGqCT/j/bAyWcIm6RIWdBRNJV1kRK9rlBeVNXhd+wILoddwjOAoES1t6Y03mnJdTbFeUY/5pemX4k90glnIq/Fqi9cvWNBkEGlX2EXdOE0rxCpWFnmu+w5xxiDLkxJ+WTP4f3/bM8xRFgHT38WGOHJcZOaQcOgJsxA6uv+s1w6VEnzRsCOjlrORs/FkorgAqT0ONmCeGTNJ7o6jNOrqPpJg405Arm5X44er0s0Y+SRREZby9VAT+KUmbZgrfIz2gxIdt2I/xUSZEZYKSVIUVLASAMbmSpW6BqtKX/IvSrfQmCKj2HbZctp5Yl6/Ihqj2p93acLkvJRZoRaKWN96umiE5hVVPCDOSKetJa9HZ5KbIPMjNsBHlyaOmOp0QF11gx6UCNBThQtJSX16sYkWk55ezLs84f8JncNJqXpOgo/w2ku4Q==]]></Encrypt>
</xml>


2015-12-12 20:31:06 debug :
------------
String:
account-ticket<xml>
    <AppId><![CDATA[wxe5b18b9bd7e3626b]]></AppId>
    <Encrypt><![CDATA[qkiePjRqyS+FWBos70XgpkDKWQGvhuE68aUMTXoOHHZ75Uzecm4P0bN1VFZrNLE2V9QfdT3ePRtnYZ4hegFbyAtrYCbd/2BCJgX9WF52qUeusd8L03EoArmtA/RUM1rHomZxOymgW8kCGjL5HH25mOHATMpLoSZ/3q0+OX1VPz79WuRC4HIcdo1pt5sXKBl2aRmBLgQLA39AoZYNW/l/eB5iA7wDXsFGp3NmsMj8Ti767E2N1Vq3FIQ5gC/lhVO2OXt3IsRwu2X4SmAeGKJCFCJzbntfSydC02p8pYbvIDbN35X5wnNkVX71FQbZFZwMdt3uHTMDnB5hirGT/ddOMlkjpcJTwS3rNLpLRB22LPFr1nc9KBHD7z6zMJjgsQ+1z8F/RC5ngwIBAanesjiNXp9H7PY8FP86+OA4uWU3/WF5MbESnMWQgmx5w8Pec8CJBU9GwnLJnpl3lHGvelfp8g==]]></Encrypt>
</xml>


2015-12-12 20:41:09 debug :
------------
String:
account-ticket<xml>
    <AppId><![CDATA[wxe5b18b9bd7e3626b]]></AppId>
    <Encrypt><![CDATA[+tcI6h112g/S2P9fVpjTuaC+TdMg4R671EaT5nZQARIjWmjjoqpeDE7T6ZOatbkPfHgW8iX90VN0fcW9Ht+PLbzAf7aStEZIMzm6STNyeLpvH6GpMZA4NimqSZZSBalypW+dLQ8Gel23VmY3e3CJZC2LATHlEUPJpemmT4h0+tsjhD/qwImoOyJhrvx2p4xo3MCPVks5RDyLmajIng88+sFCA6l/xE2rOvn6xSCaw31efUWe1zEPPa5S4vPwhYxQlCaebh52w0RiSJ6UCSCpFVFbe+JTp6swnC9qmehoMcdml/RUSV758zu8Ou8JiFhIPQVXJOmKMnKyKccRC2twdxz4hXz0v/Qf9U7AN59lrTle6Ut0U9RHlJRL5JVlQGiorWaqDLbGjKn/7BWuJF4oaippJB3rWi7G1llZTeQ2PtcHRboSH0wzus7tasSLJxRsRnGrbH/Ofl2dgVlMnVvEeQ==]]></Encrypt>
</xml>


2015-12-12 20:51:06 debug :
------------
String:
account-ticket<xml>
    <AppId><![CDATA[wxe5b18b9bd7e3626b]]></AppId>
    <Encrypt><![CDATA[JqNopsLzVqaTmHtOLmDmXYE+p5fV6oJopnsarsLng5Qql6y7Rt6FjGhnGFsfgJWZTRkjvr9JltEIPyIv/5XgCLp4f98FrUKr9Kb1dCWg69XbbnsV4wlmQGwu8fnR3g1nD68KPLby9jn03qrvAujE3M12Sbz+0YVMsIjUPrhmnRdeSI2YnEukh2YhFtuQ290Hp9D6sTrvcWemeTqPwGANSif6/Ey2WVxaKXqtIKO1nLe+Y1a4SMwBrkmM/YS12NgmaO4NtLCQEkfKiEE0f+O90QGNdblFSzoTIkiKzlULup5Ij+2gCpoDLoa2Pb8Cd/NFhOhFOWz91LpUec8i9KX9BDftXsQYt4W58G1tni5TgtViImkMU8yI4mcrs4gtn9eZnw/la4ZFNY+WMuO8lPwWOhJrTAXoBIfxmxHmR1BeSXYTCjn2+LmaYnm7aGHBphw+mYO5HAPSbGYSjmxwjmJi2Q==]]></Encrypt>
</xml>


2015-12-12 21:01:08 debug :
------------
String:
account-ticket<xml>
    <AppId><![CDATA[wxe5b18b9bd7e3626b]]></AppId>
    <Encrypt><![CDATA[PY4nCwl164GG2g9dhcUxk/b7nCD1BhCDt+SkyeNmoEJQOvfs++FqMDXIQSikqT0rMvuh9sXCoXuJswhB8IPgSm30waCMAvMvO9xELMsLFJrxEygYAUftsrd2GLzzJwEkwQQORV0fx7TjBREaUSTxJpiKPzwsgBmhe8nHiu/0lEojZhKJZECeXNMZiCGerAxMvKQoTXcQzfkSaMXCi27AXOnxxT+5gStREzv8Zbl8IlxZs0AGxfiJjSWuNDDAUGXSXBPvSsS2BaymxNLTvKG5HTZ8EszPGrQv85z1Wfzdmf2mWpmA3gYOSB6EXvq9VktZLfBmphpH0jxUp0jibVnkkpWfVttiI7odZwfZp4ha6EwB9aS5ur/GDKWjtdB5C5SujJMPK9NORhdKX/ox5b8BmZEjZHzZsqbRhQe4OwuVKPapcxlxfCK+EuXsR5Ng7EC3VzWXjfO2ArWVAlYksNXdQw==]]></Encrypt>
</xml>


2015-12-12 21:11:08 debug :
------------
String:
account-ticket<xml>
    <AppId><![CDATA[wxe5b18b9bd7e3626b]]></AppId>
    <Encrypt><![CDATA[JYpXcf2urY2NB+rWl7XAFhHXvmzyq0mw5gitSJPAho/aoFOY5L96uIqXMCgKvuJ5sr9u3gsK19V800fnCXxXovRLUzeQQ9atQMLtNQlVqRONVbLBjirP3BKGR8ZZQPFddmKcc6QjkMVD/nr+suMnpp5PoKcabjjb1+mkaY7ESDytJ9EhIHkKSSi6GHKXPYSWjCB7KoA7FWjiuyjLF4QQuUYMPVQZrfvvfwlANaS6lkrnd4XcnK6464m80GyF2CSzJhyIhNICAuooj6/0sWmSXEnCd5qS783HQE0TKPz9mYskRjkehUXQjjB7rake12cjNsxPHOy5eiA1E/03L3i2Wd9C0GYU3rrIfaeTpIJwSR4+nSho+ZXEUWaVCgc8JwREPb03qY2HlFlqhgs5u7u5MNOIqegAvnSeI1dAWCyN7q2i+OwfDl2Hw9/DQESK7UYwk8JaJcVmpOCAcqMoZIsg1g==]]></Encrypt>
</xml>


2015-12-12 21:21:07 debug :
------------
String:
account-ticket<xml>
    <AppId><![CDATA[wxe5b18b9bd7e3626b]]></AppId>
    <Encrypt><![CDATA[wO0PLofkG/Kg/zY935l5NnMl71KtY7cOvOjSP5C4xhqtD2P9FZjPMyqg5LS3dQaDQtj1ZGn8VPpSxXZRyK4d7opVGbyqBrERk9MsCyYb8Vg6NDv1Qqisp4XhifMPOVyAzyXG0frbrXjnYkN5gesQCPRiggvepsbz8xwkHGhfWNu/PIjdme5uOfXeoS8v8J+QC+qaWejND+xf4FtMrskgc9STT3SaefBLmqV3qOUtjDXeG6SgKDQGkJyrlr53XElAVKqZQapfzJoMmpykj5qyVlNC65YWQzumyu3Mt9XjZDlr+kZc962dE8SZ+ZT72JFwwPL7WBmVUKPHVnNUqlgFeOzLwCh7QHziW1FHC4UE7C7/qXl//zBk3Rn7ddDBsjpw564Be1H/ddFDbu/PFazotlrRBSeh2y+69gt1IgpshwWZw9us+0CiqizO6lEE3AadbB3xYsowxMz8DAtKSYClzg==]]></Encrypt>
</xml>


2015-12-12 21:31:07 debug :
------------
String:
account-ticket<xml>
    <AppId><![CDATA[wxe5b18b9bd7e3626b]]></AppId>
    <Encrypt><![CDATA[lOIZgb6P0OyD1vP9YT0aJllbgVetYQXnSr4/VmYG8RUDFs6gO95E727Vq/FSA0X/FT4dXK90tPtDrXcQ2s1nwfL6+vbMy6mz4aBbna1UcW4i4xzOqTKU8TmGQX/1qTfN2fXwHQKVbD0x7jg1ldT2sh23hXQZ9vdTnbvDri+1AuAXEFlc8cTWmB6sgdH2NRIz8f7etZVb5826E9Ue2s/73BqXZnfwiAV5Wb2O/WFUPXRJSiBxouTB1MgquzxGT+mOziNS2Ky/BDbqPo7qCh1m9Pv0mbdklc3mAe3d04NBDjp3pR/7AHxQMnGcSf1NxcVdeDQKSXF3zVCORGZWO3EqwSi50AMKDzAEkEImpHsyzdyHvRWDz/kMF1pZ8pTxcTkZMgXWZZ/novlerDT84h8ZIi/Z+b5K0/iIqR9qKN4bISyqrXJ5TJq1eSg5Gn99UjshjZNl/82p4gzojKTysnq+Nw==]]></Encrypt>
</xml>


2015-12-12 21:40:46 trace :
------------
Array:
from : ov-0juE3-tsUDmlC-Fe6U59XFo8g ;
to : gh_2c27a8e247f9 ;
time : 1449927647 ;
type : trace ;
event : LOCATION ;
tousername : gh_2c27a8e247f9 ;
fromusername : ov-0juE3-tsUDmlC-Fe6U59XFo8g ;
createtime : 1449927647 ;
msgtype : event ;
latitude : 30.762560 ;
longitude : 108.442932 ;
precision : 150.000000 ;
location_x : 30.762560 ;
location_y : 108.442932 ;

2015-12-12 21:40:46 params :
------------
Array:
message : Array ;
module : default ;
rule : -1 ;

2015-12-12 21:40:46 response :
------------
Array:
errno : -1 ;
message : Invaild value ;

2015-12-12 21:40:52 trace :
------------
Array:
from : ov-0juE3-tsUDmlC-Fe6U59XFo8g ;
to : gh_2c27a8e247f9 ;
time : 1449927653 ;
type : trace ;
event : LOCATION ;
tousername : gh_2c27a8e247f9 ;
fromusername : ov-0juE3-tsUDmlC-Fe6U59XFo8g ;
createtime : 1449927653 ;
msgtype : event ;
latitude : 30.762560 ;
longitude : 108.442932 ;
precision : 150.000000 ;
location_x : 30.762560 ;
location_y : 108.442932 ;

2015-12-12 21:40:52 params :
------------
Array:
message : Array ;
module : default ;
rule : -1 ;

2015-12-12 21:40:52 response :
------------
Array:
errno : -1 ;
message : Invaild value ;

2015-12-12 21:41:08 debug :
------------
String:
account-ticket<xml>
    <AppId><![CDATA[wxe5b18b9bd7e3626b]]></AppId>
    <Encrypt><![CDATA[odaQQhoSSUCyRrlcPJh7RGQuYF9me6jmkH5NmjoMBrHFN8ITqxJnt7K+daKnHyTiOX5ygiMhtydmramcVss8soYF3ww87CKlQPKObHwUQy3/ibyjnuPOB3ApByEC9nPJF6FUYRH6W99egYp7x8+fJbxxOAqXEOjbQ6V3hFZwPRKQedTHYyNBs37wN/VfF2AeITthlETcZm+qdPA7SxjLQMlCitmCnwXU58+d809R61iOnjnT5hV8JWLNzCrKOJutSESf/roWp/JEylKJ6R+mxsd5cTsBXpK5QJVEJC1V4k9q9j/ybJ78RydKJmckeiuH538oFUHbl5fcXzbY+s9ScaM5OiOkUldGyCMGhE0OhKJgxzu4EeQdihQ4/ARTMgUk5xYtRVtnOcK1MSz8DWKhVrG3IHtu1xNr4uEph0vwXiQh7JC8uaIsdSbWB9t9rWfPzGHOmVblw/+nuiRZ9uVSPQ==]]></Encrypt>
</xml>


2015-12-12 21:51:06 debug :
------------
String:
account-ticket<xml>
    <AppId><![CDATA[wxe5b18b9bd7e3626b]]></AppId>
    <Encrypt><![CDATA[BRLmNW0CREx420UFiwUwkyCLnFDtBty3VMoVrsiKJ9UHcjK+Wd9XMkpIj38LzyHMgMo2imYOB9hyYxexcuDH0qGrWpfhZIj5J85NGUdjxgQdQ7orCkds4Kh7BTh9RAztPaI/ukiLsA/YidZoLFIheSAfLiQTBM9W9K8Gx/Bdjw/T1gX748swc9l1QY1uFhnB1p4+ofQIssxAR7/eyUzUVp9xSYB/+qLRvsbStTRxLK9B3utWEPv7cv8WsuoZhH6DfWffci0hxdq6jwRizLAFtrmNjJsHKREYP2EcMDWYOtvwpTBWPGwtRoqjXWC8yqUJDRC0tEHaZX4JaTEuMZbxeyofaDy3wnY60b+v3uNrRp/fdRmFifd953LE3/lEg1YuZspPxwgKLVQve2EHthq4QILhDVfwD/KBmUXVoq3jfDiU2GYvsrSO0k2fejJmF0eDutPuTx6eNIZRmNdzUn31sQ==]]></Encrypt>
</xml>


2015-12-12 22:01:08 debug :
------------
String:
account-ticket<xml>
    <AppId><![CDATA[wxe5b18b9bd7e3626b]]></AppId>
    <Encrypt><![CDATA[zJ7ykmnGjIkht6YMt5tdpzhsBzJSBEm3kVWsB+kT4601L2u2IbJjknFklAWtfoz1WGDyjxRlr5Nyrr59UGnPMNLu8O83ip4jlAhgVpUZpf10fwT4xp8tPPemKa3DCMx3VyiIn559h3XOXkjFy2BQbX8RDJHXLM3oQ3vk9PrBq0wgceGTU2lo9C9cPfydZuewUwkwkXu2yR7xeLWBhYjeC2X1drI+Mpfe3LL9naQGJdExhC6waOrtukX9+YiI2yUo7Jb41yNTxWSNgByfSIM/2zPs4SE/eIfa8HpedrTnqNDkEpELyKEuDDYkxagAwSrLDr2mUQyq8SPCI1N/m7b7W9DXvcNplYZPoIj0ipRG7xErHn4diL3hxwJAhS+whfj9MWXY8J5m/eaBUSG+7cbUkRekdufW64nfyJkqkdJA0xLNnNIKDr7ERWjbcoQQkmdicJj5UsbwnzlCia6G1FF9MA==]]></Encrypt>
</xml>


2015-12-12 22:11:06 debug :
------------
String:
account-ticket<xml>
    <AppId><![CDATA[wxe5b18b9bd7e3626b]]></AppId>
    <Encrypt><![CDATA[3UMHC/U0sgzS5BbVc5OAFx92OhzjoDy7LmJ28M0M7Y3akJ4TU0Ygqgv/ZN/CZirOVU9s/map8nAcKfn8HxU7xoSSKVAnFcTt4R45pNBv2irFKHo9NUTs/vbXZUdp4141OdT7bVKrLL4lP7IeEaCtpnNQSGqV9Par9V1ZrPyCQW7HlFdvjMs+9K1gNkMGqSR/iVgmcRpRAXof6IS8jwZ923Csc6XuCzJgPhHgwPlg3xG0NckwHgKVpzYFb9v4FSsVwAcgoI66/NrCMFJUb91f0MYaIKaxuymdy72/h3sVichydUol6qJhtOQ6Fy3uygkeXfHPUhRNU6umm5Ldnvh8MAccHpvT6hjcxBIQctS9vuUHNv3UjbVg/ExMCl3UfsMEDywxfJYTETwBWsDDqG1ZuyGI+vZNU44WEvdiGHlKKVE+cw4CzYu38l2DI8EKNWHeDmbKuMj/UBVZK2p0u1t1Pg==]]></Encrypt>
</xml>


2015-12-12 22:21:05 debug :
------------
String:
account-ticket<xml>
    <AppId><![CDATA[wxe5b18b9bd7e3626b]]></AppId>
    <Encrypt><![CDATA[VccL/HSB3pwBZHJ5VGg7kJI9RcxFXnP/JRlo1xs9wWM3AdUAlwPueTy5riRy5r8+gRK9XstP86rTyJzJQ7++8tK4QGOZmZzUAszW1jJK10pi/35eQskKhEO3Be9IjRqq4o5l2Bphgy+vAr9LNJOAyEkDvR26B4LJ4rI0i/ZENz6LW4JKewVCitLGZ/ckTeP2N5MQbvB3/7gRTvWnO89XVPbjMesmCxubFxaH3r6wvsa+YXX7yPlgq2dHeeCf3YhNdNwIZT4YsdDxv4ZMTXKY0274wiEDgaFpi5pMw4381oKTmMZX4BCuE7v+ZdRoeFWE/YHXOGv1Un0c4J+eLZLp0EXK1fep/hYfg4saYk7foHW24kWiHFzxjXRlRptfyLmL2zjtTvv9X0DPcXXUOU22gUwJzPmse6eTwSdQOETlnPx0yGOhGcAb7LDJbu2256wC5VR/WADkCuThBYkrTJhQKA==]]></Encrypt>
</xml>


2015-12-12 22:31:05 debug :
------------
String:
account-ticket<xml>
    <AppId><![CDATA[wxe5b18b9bd7e3626b]]></AppId>
    <Encrypt><![CDATA[dqaPeICteJueMwOcv/o5orTmrR0zEeDEMgBdcbhIaJo/gMTSMWIygYSHU97+jiYk9r4pZHQp4/V5OU+7hr3ZLfDAt8vN5BMFIXbQC3yuvWTGNVn3ahaMcPbnF0te4Qu3t+87nwYSsAHm4TVp/H+8SGdmFWn+na/GGv+WwtSw7x4SIjcXAMMdE2blwNOSNfMgtZLo0wA8rjSsovOXKUMwpqpLjj3AOxLoVVGoHYCWRlSKb+XAfCwq7vIUpxmzJ4GyLTpd35x3tMznJitrkoRbLrPqjSG+PQMDikz+yysXgMu5mXnXYTnP+YHPMWPLkkFrPP7f7sLEzdyRVIOJnxD8Ns21/fvlLg8eYZ4LDKixl1lqRKlM6XaVfoeY18QfzCShQCKf+HNfunpOrCn4MrI5y/5XQhe7Bv69lmonUapHOwngOwIINQd0VlrbHPZgBBTfc0tExOXhjVLUKSFXWz+NfA==]]></Encrypt>
</xml>


2015-12-12 22:41:17 debug :
------------
String:
account-ticket<xml>
    <AppId><![CDATA[wxe5b18b9bd7e3626b]]></AppId>
    <Encrypt><![CDATA[uT1QVkkNIzqmkLraZtBPdJ/7C76zuP79DtorqFewSSPc0f3h7QWdmAGDAyFC45J/L9IuDOGANP7GENxR5IUhsjnVCVyLZRxOsRQQM8fuzpzPllgaq8ia21hJPfJSlX/Vq85VCEafdTDAiiruhMb9NyvUvNm/k4bShtYOqHODPhN++jDZOaSxMaa6iTCww0mE1PJVGdBiw1WOGl1HYu/QaCNUzyclMp5c8pgRh/wem3kohFaakRoLNrDIFcGAWVj2H6Zqyc8K6hBsM1perhWyvSBZFwHBukr4Hu+mQdZQwhgp1mHJxyenBYHBKxI9X4WgDcLG2q57Im9MiwyYGy/mw5pbUx9Ezw+D4WJALmVUP/6JG4YU1uDgy38WVMf2Bpqc32QtPtVAnPX+obExmTfv1ScQh0bIFrOqVDbzdWDw82dcf0ZIe0RCPJfM43L+4FPrtw/xQIGpEasprefsH793dA==]]></Encrypt>
</xml>


2015-12-12 22:51:04 debug :
------------
String:
account-ticket<xml>
    <AppId><![CDATA[wxe5b18b9bd7e3626b]]></AppId>
    <Encrypt><![CDATA[9yOzHrMN/XVnePikXzb74M7WsYQxqPChE/FqEXC8o3OUNJc7peFTz5IKBRw1O8JmBOFmAwVHLSurKzAXYBoOKoQad575H/dJtp80puls806H+NiEvGBkCKDpMvZNyiDZH7J9iV4ok1N6phjICs9xoa2L/s7Lz4nuQWJhjL0ebmkIDyu7n1P1LSGy7Nk5ks5aMH+gPBH9DNp82Hi4L83LGsZao5VQi2YlzK8xinHDyt5B1E2K6yFF5FCxAsixH2GJdtKzXb9peRrkyVdHDly8WYp93QnTRRVTVykXUcwNr0F8Bfl5Gi7dCD7WvRi22ZxpOjp1zuWeYlFohbvCc4dggqDEpKPUh5/81m13TxviIovODYFnG0hE9GzxSywJ8SVDDHXDQw7/KYJtjKqJUl/71HN6Rd+lK5Zj5KZLMSPwcqq8BAyAFDwHKU5OgQN8Yy7HWTMFp/bUQX0XHaklfZx2Ow==]]></Encrypt>
</xml>


2015-12-12 23:01:03 debug :
------------
String:
account-ticket<xml>
    <AppId><![CDATA[wxe5b18b9bd7e3626b]]></AppId>
    <Encrypt><![CDATA[AWViKbk64fkteDAXT/D7QbwxjnjA6GvI/zWV0zObgZHfCbILKCy0RhcF2kj9EOrP7Q48OULTNvTykXnEUdpxSLpSxjyGLmBk1zvBb7gekmi77Yi6tfAiYgTwJA6UQMkf3Wy0yA8VFZVi4u+c/GKHGPHwZiHE6DbWCxCXcxbdlNEH8cl4ywH38LbZUQVBYJZ8qmS+xYxOVM+f7+KpX5qXOx3AznmjlsKTY0jTQB0zBUQIdsmDOVPV/7MbZz1n2Yz2+fue4/Ii5lQ01IJTa/iJAe6l0AIq6vkq5xLoWxkqCJGPxiyhEb/2NHj5E2siNKXcUUArrKgViKZtyd1JM2xiKoYrmiVI9AePjIy6LM0y8znpYxV9xo5wOGg9etCsMLd/Lag5yxYQHKhdZ5YD3Xvv4Y/HH2gUrT36o4DgJaRYhSpmmeCsLhD+DW5JaJLHoB9u5/ZrQ/QLrkvhSU0J6qyFgA==]]></Encrypt>
</xml>


2015-12-12 23:11:03 debug :
------------
String:
account-ticket<xml>
    <AppId><![CDATA[wxe5b18b9bd7e3626b]]></AppId>
    <Encrypt><![CDATA[T5oQhHseQ6awV57kZjKV2Dpeed4Y2jjawpW09oKUm3O2taU+HEZ7AkRlUOr4n4YaeDTr7PjMDt/C0w90jPhNsuGfMuwPt1aAPeovyLxBq8IA1o9Rl+EunZH0ERTz2R7hwhITzcNvjM0d0rIN5T8CMVR03fOr7q/FUcJbBOBlfEFdEmhD81eCAy0ReQf//JjojZCyyf9WvkTHjxsYJT/dJZjKgQbkKIxELJtUKxYPSlH4q9I9D9DBFURolfeNNvfvuyDHO/uza9dpGeSBI3KtNCa9hDwdU2Pmgix6Xua+RcfNmiqiOIN1StYPeMhM2NWHAkoXR0xTv6VQvxTTQ5rjn6mKxHOFGXAgTzEJhZo1s3X7ZJKJqJ1fkf9nMIx+rRJM66rd61Uj6Z50oeO7rPheQMTHOxTATuDIP1UQGmfe0xYTpxgK7UB9TQJxSlzUtSTxoYhjMMrF6xKazrcd/Wx1Zg==]]></Encrypt>
</xml>


2015-12-12 23:21:02 debug :
------------
String:
account-ticket<xml>
    <AppId><![CDATA[wxe5b18b9bd7e3626b]]></AppId>
    <Encrypt><![CDATA[Z+O98KCd0jc990FvqDbf7wQ0bafNATeugUEO38FvWk4MWnAamZCZO4TwnK2IAfh9VQu/aRZUsC+7JLOP7ZqHNs60McO3oLak50X5d6ikGo+CrsTLnoW2oZQnsW/UITo1jvjJUjk+iA/1t93077dEKifFvS7utSF3tsOaGAESvpJa2OEDNcruu9AVkSiHkG7KRT4ukGR/IfLfdo9Ax/0uT3nxyy4UsXJG3rSjnd9v74dH/RJjVZSf5QTh5aVjqyXkzo47/rBmrP2BWv1YFAct2zVubu9U/xMuOfoZ9MYzqs1ndOcejLcUvZODvJRIqqeI95tJNT4aVJJJi/9DiMPmRh4/79BQJ3ZcEPX9+g6p8f17BkH3E8BY9o09teZI3bHn93Yf7SipT5h/dcKsDoFc9fP5wABs81GhLIKMwaIcjLsJeDT0hOkUk6DnVbxUKgwSETAZ9Vk8w1jrUNT+sPmPCA==]]></Encrypt>
</xml>


2015-12-12 23:31:03 debug :
------------
String:
account-ticket<xml>
    <AppId><![CDATA[wxe5b18b9bd7e3626b]]></AppId>
    <Encrypt><![CDATA[jrsSTmozEUT45LIrsi+0ejcp7ohR6ONQWacgRTbMLA8Wj2Qkp0rJlIZ8oG6HhoW2nn9Zxw5846wkEV8Ru9KtJd9Re7AC8ObPUauYPZXLGK4LQnDqCNstwWGgSQCyOQrTOrfkd+J4Qxf+wxFQMCCT324ylxtZtZIdCrHI+9T9prRlbkPRtWgFgXo5uSyNlZe74Un+HvZkxLjEkHPFlmk0P4WADMGSmNT26JqL7t5o49ljD9M/POfZ1tGq8eComZ6SLaDhVBVwXqADl5X9wqb46PSB16ZTsDmS8FB9zzsMNY/LQPQhWn5O06Akd3tx/0TzyLnuuQ80ZV9InabOCO7QwZ37keKdhfJyq3btrXKzVAl5N2Lt4vbXrWYA0TNH7bWfILeH7VoUHukF2tCcajHPHZy0VqWVKhADTw7Ime99ZG25jxaX9X8vEMcrpt6jjspyQW0Rcb3ja9kFKEYq6bIIJQ==]]></Encrypt>
</xml>


2015-12-12 23:41:02 debug :
------------
String:
account-ticket<xml>
    <AppId><![CDATA[wxe5b18b9bd7e3626b]]></AppId>
    <Encrypt><![CDATA[RxRPqPtCRqPqtbIFlWZX6vNPrsYb/jEmUVJYFEHYgfsGlA2OnHwgs53l/m4SbtL+DQC9tchyRbWxu4s7XROOmww3sQEnh5ux9D0FBCK6Bv1gvzV+2IpYECp3fhsbCgoCwPBkaudUxhZ+nHEd8iBmCRQIkZF9To0ezuzgU7KQ7x0uu+ZHIKKFM+wwU1lKKBgGSuDrunQwT+9ySJJcLld9/zhIiDK5+oVZ07SqrSJ2dPL17YyB5kADq4/luhmIVQGfOYCSPvT3sTeM6RA+RjiNBzkrsMXBrU7Y2DhnAT7zKg5X0dLROxfc9yHXVNxiPMvWI1+vC/jP1ubyf6BDedKA36hsQpT276VosNsoM045TJ4p8gJPc9nvR9wx+M8dRvJu3B3otru5pbn8J6iC9XOLGqL02iIYT2k5K3oE6SETCsiT+Mlce1W/x0cLnR8q2b8RrLDgO46iX1kv1Sy817r42A==]]></Encrypt>
</xml>


2015-12-12 23:51:00 debug :
------------
String:
account-ticket<xml>
    <AppId><![CDATA[wxe5b18b9bd7e3626b]]></AppId>
    <Encrypt><![CDATA[kQfmQxgpl1tbLJY1mn+Kj+dwuSp/9jqh+NkXHG1204IL4SQ4S9pLDK8V7kXPkydc/Nbo25JnLD07IGQeQs1kI2CLsCeSyV/yXc0JJJ3VkmWWizDtBXvlP8dubJOSXzCDdJp5GQ98Hrqz/PVi6cIfU/p4dTOnmz1D5dS4ps3dp3sucupc2elDYajz+S2KywAKIagJeDrldJuPNC9aC3JyFjYquRpY/C0t10671QplYSF1AtKWoGa8jZR9kRdz3Af5yKItSFxfrHvJpqteII9ROQz88W8tFO70RwNnbo6BoCbLtNK9ZgtC8gPkoy0mVQ3k1MHdgvmWwmfUXCv664UZzC/xB4SXKQi4PT4h3YcjBrucU3S9cGzujWRFVBAAOdWlFSQQPHsRbJLHKdpQcYGIXqr0P29oOxLcJyT6wm0v33lg/vfBvWTrLm82UEMdgxbvCj3ODNhnPOWnj4dLZhZO3Q==]]></Encrypt>
</xml>


