2015-11-18 00:00:59 debug :
------------
String:
account-ticket<xml>
    <AppId><![CDATA[wxe5b18b9bd7e3626b]]></AppId>
    <Encrypt><![CDATA[m80h5Sj0DRIv6odJZ8a4Q4mMUCrtJ7SED1wWKHIre3d24Gjh1D60kednzvalQq8Ka7rpFja5H9B7RpRzB+miKG/T+0p22VJI6eT2SzxvNpmN45OYZkOTmOtXqy+Pxhp7W0Va8TrJqxoZ/8HvwdM4HmtAoEwwLPDDviQWNd8jJx4I/6k7HGxoDiqlTm+uFzjS4tMKtKDaO/w3FUND3RAZqT2d2fgIi6ZONXAP80CLdcCcxCHQZZ3TO5/zbk8E7XPqU+ZzDg950+jgk+/22rehBEZQy/+/9R8B2TBDXsuMlIG/uftoNViQum4sDeSxyvav8rNen8cVGLgzopVTzxTvvQDcoRBRbUk4etBcEZrTX/hK+BPNRMCb5qjyHXyiXKX8j6tvYkhN2gurKdzuY6PZF4Ug8nWe3bAstRFHsRyUSCWiJZ50VYWxI4ie3ZkBTk/7c0ebkCL9SS+rlfN0ag7X2A==]]></Encrypt>
</xml>


2015-11-18 00:11:01 debug :
------------
String:
account-ticket<xml>
    <AppId><![CDATA[wxe5b18b9bd7e3626b]]></AppId>
    <Encrypt><![CDATA[dn0FSvw5XhrGcpzcjHbx6n+Ur7pTD5xBtHwePOeP3KSSTXQoxlMEvHp5PYopnTuwv1k5aBlp9piPPMnn+e1mKLdRV71/VL88utPYnXPA8FYJsYMl0jXU2olTrIkgnadamg03SE0LSKLsK8TsIC/8JfpVNbMKkusy3qUKeRv2+j4/1itRzP/59s6S9zj1J8LChw8NgWyg8w3loHMQJG5WrZux3Z6VO3/Vrsbh161xg0mc44Agq5EJ3CGkU6eFvGgDbFYqUuuTdoNOiTzLyTVlxOlt4MkvO1CN3aTJEwrfQg1U0klAZw90P+5tcsu7LejX5bYDMnJ6qNm1Dh61S+/0dzdIH2lYuf2kH5AyGevJsLA0jdxqNBrgKnLTvrUx7yIDiqi+E/+dd0q5A66afPy1TcpiCmc1xDJ0k0XOh6oXtDNkHHAtysA19FesszIMflkNDuWPMsloVzTeRpsrNaOsKA==]]></Encrypt>
</xml>


2015-11-18 00:20:59 debug :
------------
String:
account-ticket<xml>
    <AppId><![CDATA[wxe5b18b9bd7e3626b]]></AppId>
    <Encrypt><![CDATA[zSOnXAuNvl5MYysUw34p2yep7Ljk8vsoWwFkAyuL5SfJfrpeveiWfhUbz4pXgIjnwP4YgfTOevQoYcZP7iI5gdaI1ydcg41wK3UvG2e9a3zaBobVSYA4Kmk71DBYJAY4nXD8zU5AtfWmM4MpWNh9p7q8t5nd3Kpd0cObPi2tjBaCn3O+WiQmn89Nx5/+SSZjo3I1ywe+8Li7oR0i+/a6Y4Fz7mp40FUk1j+L7pFntYTeYLrLVZ/iz7gl7GukfSWCNY5XIWfEqVCuhxcO0Hgeer5Stg4cFxdWEEgTqbrbTM7fglr1I7IF70nMKfzD2rLdefV63dp05JoY2y2CNI3ZUPKyGZf6BXu1i36DVsMziwdbfB10Yb17gWb4nHj90uO5LpcS/ldJRDr86khS/VbfIvtYuqs875oZ2QbY0UCY/X+dHgIpts4TwTwX09pcmX375ehweCSpKXIc/H1TuPcJ+Q==]]></Encrypt>
</xml>


2015-11-18 00:31:01 debug :
------------
String:
account-ticket<xml>
    <AppId><![CDATA[wxe5b18b9bd7e3626b]]></AppId>
    <Encrypt><![CDATA[y10RbYCo2w1BzUi6nwfdZqphlEKtGBVIn43NFSXOwHe3N02zZa+a35IioN7Ih0V+dNlrdNyXmgMbqSGwHEPpVBiPxyRk1FMYv6I65cl+my2xaHfKctHuh0Yb/tmY3iBHQcl+GYdkpakaMsFkgKiu9+nDlcSIZqO0MQ4q4dJ7RCMwNafn2QMAxnqwBuxlhjlsJmqKAtillhQNhASs4C+/HAesDymsBhc4yw36a6xpXotN5mrq7zpQdMf+IqC3pPq28txZvvlMXXX7ZYTTZoDJ/Newzm8eWR2sVPYIPVfLDSbY2tTBKZU5LUnsfk/fggxketSq/2ubypaRGOIiBECo2iMw9esrjUOYUlIHPY4xQ+CzxlNIT6JX0j92ExxOY7/3brtcc9/iO7nUNtufoZGOMwNFopkjWf3gBqcOAV1mb/41ZNvR54ZMN8pHtmCGT0feHr9Y/MZ19aUNunuyeYzwCQ==]]></Encrypt>
</xml>


2015-11-18 00:40:58 debug :
------------
String:
account-ticket<xml>
    <AppId><![CDATA[wxe5b18b9bd7e3626b]]></AppId>
    <Encrypt><![CDATA[EUy9zEJR6mWxt/YYR1NGgN8Kc6O+kTAeCA9NXa5WA4QCOLMvH3C6j0pIVLbi1YW1/xErGd+yy0nmN4tVSoa/A4wUFtrxs/ptpXow7MuB5WAYM58U44TtOSj2eYQFH248TUo4HifxvZjtRqss5qv6U3G2d1rY9++p+Ps5BXwyE9K7QEx8yk9KJ56nucDWuImnGP1wLbF3HbkSidCGvlmYactMmoFyPRRbY76IJskHkvEbtPp8ZMyeIxYiVwe0oka0Rjr7YLYJ5ZUusG5ai27fjMxF4ih7aQqArZWmbZyHB0Pkvr3yX0I0EBcauzQYvoMyw4A3xSOOm16Rh85Yi7MS6OzQOCKN1gd3an8Tl9FrNJT3WNdQwDX4NHjZTahaMLIswwh6+6c+0VN+pj8+O/d2DFmQJnh0wI9TySRDCwfLN0UwruR940o1MCc4nis6XtAhLx9YWGF1IHC4bCRvUhhGOg==]]></Encrypt>
</xml>


2015-11-18 00:50:58 debug :
------------
String:
account-ticket<xml>
    <AppId><![CDATA[wxe5b18b9bd7e3626b]]></AppId>
    <Encrypt><![CDATA[amccwnIPVhcmyVGUmiEkh+icmiULD5wQzGecoapjSa2iHRPSUqqPmGKrv5XyD+B+n5h2+WHkNdEpVWEm2zeBqYu8PqAFi0qt8iP33590j5P5fJDQNscZVoAzUBFBco1t+oyV15oUgBZdDKzYtxuu/nYE1K1hL6lluyqvH1rB+YBtZbjXHUwbG2nggXK8Bb++vjlBjHGNe8FnUB0NC1qvsPEwTRi48q+k+p66BrifNW1UqgQ2V/9WA2FIp+WsRTh4CTciSWBMdZen0rou7UIjkERkUEfWHe7g2ufgV4h0uZfenj9h40wEDYrba87RpZG73tvHVDPt98KQ6BAOb4CXGdS9LqkoakiRyGwhN27Ph8t+T8I76CeQBDmS8+sp61LNzB3u5LvsS5eG8plaPJC3REsJ0PMUVUUr6J1VcVaKmYjYXqiStxU6xqHprWrok1tYly/b9PIBQDi44sCtn9C87g==]]></Encrypt>
</xml>


2015-11-18 01:00:56 debug :
------------
String:
account-ticket<xml>
    <AppId><![CDATA[wxe5b18b9bd7e3626b]]></AppId>
    <Encrypt><![CDATA[bZvSnsT0gqLqtlBM8OPeOrmaugLPGt52EqQUSelB1fjLLFE2umk7GvOGOpwkORnxOb8EORzVYUbH1G13ARtC7ZDNrYn3gZ6+kdf1SZ2zS/y//gpsQmw9oEY+5GsjmLmE9y2ijP66cvWzc8qWD566VRAm5yDT1RQ+ZF+7/MZ73UUUyFAnresu4uCDpCARJ3HLu0EgjKaG235K9L2Edss0Plh4++LrXv8q5wCQHWT6CPxPnAo75Ii/f9jfRFOjzt/9Mk4bkE/8RjSDiT0Tig1DZyjmQVkMnizla67Uz4oT5zndcMDytM99EnLekri0JM4iSY3/khwAgwg/SXJWZPLEy6jsxCKYyqxIvXMUfhv/DWZT55QAJXhDBOGgS6JinKW5BbQ/WQ/i8YUELcETjNBUqEFzoqVuMNfu22c0bhGFzk2q3q+snZPJg61Q6jtDZxyICeWZ0rvZxytF6INsqQU6+Q==]]></Encrypt>
</xml>


2015-11-18 01:11:01 debug :
------------
String:
account-ticket<xml>
    <AppId><![CDATA[wxe5b18b9bd7e3626b]]></AppId>
    <Encrypt><![CDATA[OxYz1iH3aplBWuYjyWKrlZM6sII1yW0c44yx3a5ghz6692rBCN5je74WgGIMOofDCiTtdy9l8Pi7Xb0nBwnrjILUL0gO6yW5aY8bkMtfHo/FksqjZRBP/X7ruEGgS3gv1hJF/OA1f2xFfdDOzehMdcPl9pC/odgy2ngraq+JxOwA45T63XjcJPWcAwf7vT04sS87eoAqTIh1nTyssrJiQmDLKE1WeoVdi+IBKjehr/MzFG0795OW9Fqn7jKLhQaxsEqMoWAQMsYxWBpx0BBkE9STGRFWfvdFhzsZ1w3p+Fh9/6IruULKgmqPkhw95Jg1xCDLhNkb9JQwDS6+ehUupNE3HgwKsxrgP6yTAhaegS/pzTk2xpHszJZ4OQynECX10FltbevNi0Du+DOX09YgwJRUhLxqsOlr5ZvbYssFAmzQYcatlbCKAHMz5gvnLeZL6P1BPPdG1zT8kV47pPQN3Q==]]></Encrypt>
</xml>


2015-11-18 01:21:00 debug :
------------
String:
account-ticket<xml>
    <AppId><![CDATA[wxe5b18b9bd7e3626b]]></AppId>
    <Encrypt><![CDATA[zUd/BD+WlrDntgYk6fZkmJtXQHd01kLjO4lqfrF90cDRjbtdHCSu3L1ltirHhgu0myv6aHD4yDt/5Ypf5MCh+Nj/bbkaqV+4JVbAxhoHgVvXNZLwEUU1f6yyIzeg6OnbcdJKn9nciHUE9jinseslAmtPBpD6V4koajsQIsqh0dB4oYnrDAvajGq1+2gudJJzDUnIWMuYQeVgzoP9I4kpPYw4H8TYa71EkIMTGgiB6pRELXEYBWrIFYtzhLpxfBpLEO/of7N70oWCBQqgnWNsYiCHGc3gsiKTfNB12+sdOQ8kYEsFeIrsblQ60vbv1XGP53AAFypAoIe8Ojq2ziVsiT3vCGKG7logMEnkn38Hx918YTt11DvF0ZoOrM4dqO65IFfdC8AjX9sINnbqjjGxgJM+II+MjyWDrb1oTi9/lX9EY25hHivMan7UdRpR2XpiW6Xdxzpkjqg/VP8828GmFQ==]]></Encrypt>
</xml>


2015-11-18 01:31:01 debug :
------------
String:
account-ticket<xml>
    <AppId><![CDATA[wxe5b18b9bd7e3626b]]></AppId>
    <Encrypt><![CDATA[1nnrEwr0TUJRmk+N423dzwsUUSjMRDeIqSXwY9peUn1Jtq+c3vM47/lXpI6lnBIVvMthLaJBKl6bvpmzggflWYKLxoeUdj3dC3DKgm/tFesx92nheWTz9EUrt1RKsLelFpPa4r0rKe+lpVf6EfbVCgE2T6FvvfshSG7mQzSrcI/liyB6m/qfG5HAFrurG3KNxTkGuDOJ7XPD4qwacnaq4w1E4grnSWekMwggDCON3gCcsOps0rC8I7bKmoWLrDJX8Wd+UTl+Qf3H3jXkKj++jHQiFov2YHArNa+NDUeCNo7cIiXf+O3M10calnsKYo0lA/efefMIAxu5jsLk0WsKKSfqclJfxGIm8XyS0zL3k9pqUVqK6s63J6fBlFg2bdEGx9yR0o9jI63LWurjQlnaVTKrRQwn7XWLbzDluwPeATmzkfSb8BZSwSDnA/toEw2Xu18ct9MV9SScJR9oqcsfDw==]]></Encrypt>
</xml>


2015-11-18 01:40:59 debug :
------------
String:
account-ticket<xml>
    <AppId><![CDATA[wxe5b18b9bd7e3626b]]></AppId>
    <Encrypt><![CDATA[/XtNETxLmf5ZyU6cyFG0KK3pyMzUyskwhbpK+QV1QQYzP7ENhYK6iYrjGUKGeB/DZqMcVaJZzW9N+6jkMxW+pzkGmOb1boPr7Gs0P47roRQmWZgB2RTIYOXzruRWrss4qE9KhvAIB7LM8duFUjWsqAtA0DutyBQf8AfzNkzDXA5E9N2Gz2FeM+QPo3D3N0Zf8w6+8dE7wNJLGgVQB6yVPMBJVS6wbgxGpGMO12gsWdiYtCn9jr2mo5zj9is5lyNbgEIkVs7gpidpmtz2R5/pNqIud2QkG6wO6qzb9EiTQndiXIyZgl3OeWD9ZGPI/p0zQbFVjziGS2U5/14yPj4jeaMSMrUCpn3MZCkU78uXPJ393n13K0MYx1WD7dA03OYuJjzl0tmrkATYgDItCwnK8d73IOyTzIhbLl8/kRtGGkP6X/0vuZgAl9v3R1yQK7WlbqRuxANpVX9F9CU6Yi2Tgg==]]></Encrypt>
</xml>


2015-11-18 01:50:58 debug :
------------
String:
account-ticket<xml>
    <AppId><![CDATA[wxe5b18b9bd7e3626b]]></AppId>
    <Encrypt><![CDATA[Z1sDPpJlho+xVlwvyE2K5cXgODTelFwbRpzUeMmAv/1Ug16dccPbbsEpm4hxXZmjB+63Up/8E1tCfEUN2QqekkuuOmOu7GPstliwqWbGSCDwbz6d8fAbsAr9m7hFf8abbSMKzca6JPZJ4vK8ufR1JoxTZwydxNtzPuf91Xlgct5TVLmB3CSumH/HIO+8T+SfP/9Ogk8gllG44LPUU0MP83yr8SChNiVyxbd7Q1YphziZEboUq1yzn3TO9rqVV6dwitsaILNe9rCVZ7g45JWG2rgrDd3eWtqiiMZ76Dqiv/zwm9WWYFY/UNTpXZUm5woHLC8AY1bqXP6o8YmhJGbCB/tN8WNsCI/WYpCprd1qQ7a1JBn30kSitqOUall81NdquPAJDCsEMG+8oyG90Aeh3CI6c8tgeQHqv1pcPLOnXcTVZxblafzC6uP8NKmU1rca6DCLPweG6d69wXNYqgxLTA==]]></Encrypt>
</xml>


2015-11-18 02:00:55 debug :
------------
String:
account-ticket<xml>
    <AppId><![CDATA[wxe5b18b9bd7e3626b]]></AppId>
    <Encrypt><![CDATA[PJCGzHg4apEPLm99GUIbl3QWCjzK5IMnnG8V2PnjMVIcvR72fau27yfW17SKQttDOdKwVLb9xAkhWECcS/2gLjf+TcNcI8WFo5+grIZJ1iKlif/bE81hLRDjdtaApwTTkDn/bdwayVOGy2QOoBz/+dhs9MyleGggSzBB3KhWGKX9AYd7VtUqJLb08w+Ctav+s68QksW5CRj1ESUfokt17B6DSBWN24oWbV/s1ixfSJ4YpQ3ThKJr1b4w/C0GDTH7zFdj24D4UA3Ch1PiIgsGUUHuvSdYwviIzXxFtsUtwEb6aUO8o58Jsq0xA+zh55qaeli3bmpU5xhsnoUpG+OqnOiN6yyondRkg0rH+OO+4LL07aFAe/op/tS5lAfUX92aA/kHcdtLeQ86Y+2GmzR+s+XoMAqkuji9JEwzTxw9qgb22pvzOwIOxf50P6VC7zHlTeoFAKF5VvY2DZ+YLx0k2Q==]]></Encrypt>
</xml>


2015-11-18 02:11:00 debug :
------------
String:
account-ticket<xml>
    <AppId><![CDATA[wxe5b18b9bd7e3626b]]></AppId>
    <Encrypt><![CDATA[TkdzOsHuP6kUTqGC2BWDraiSZneqYXaIjn3wrVMT8Tl/hBZQXDPgWXJkPwpFQUg589P30a8Y1CduRpG4YDn1ENAn+IYMriLBisPHg9KJUX56MFrt/0dYxRnIRWkLRix76LL5UHeXdASrXAZ0n2SKqE1wm7sk2sCyuj7HdO0DbgaAq4Eu5ISK0k9xSpCxYQliA7j8zsG7uHrroeU08nUfqHrximr701bFPJ8WeGblQxCWmaUVpUmxM+FovU1v63qh8CURYQ9f8v4HXpWE7PFu0Mtf+21zFUKHnw/nt/E6W+pPVpYuX6Ibrpt8xHuYlwMYD8bKcABS79chvErw3VW7+HQqL+oiWESj0U+eEHmMnrh0nXeOVtM5Nq9MuCuGl4cWbY0TwuPTnnPtV392VI9PwtYHeSq5yze/s20LzZMJ05n/6Ir+sAGVNsjaU+tZ4SBifN44odhCfOn0uqz2b4UJCg==]]></Encrypt>
</xml>


2015-11-18 02:20:59 debug :
------------
String:
account-ticket<xml>
    <AppId><![CDATA[wxe5b18b9bd7e3626b]]></AppId>
    <Encrypt><![CDATA[yx7qbaw0xbol/3JQcjtra2Lj/A3Amp+6rgsEDC/86Y4eVNLy0m6kuTtz+fZx7k+Z2XMJrahpPdco40RT7JMEU7zsLMExpaFLl/0B5Rr30nxSQ6uEp65y9rcHd97H0jMfZ+E7Jf1dgdQ53Y4A8dXQ30PDK11ofhHG5VljIR7lSl/CGUj7P4ePDbwCPIjSK5X+xaU67stjH0m+VH0Wc9v4+gpZDpQK9KVk9Wyvig7+aW1y98IkkJqMcFbjNPLolj1ptJytvUjRBHB2soS9P6+1TSGee0DODdKGmXoqq/+5jYzAFesdOX8lIKXsBFb4eXKy13UZhofVOYdcOmuSnkRu50Cqcky14UczQfjG2ObqPQhqsgW77IZAj5YaCjIs7ut5yu2P8o+6lewKwytJ6wTmhey42JyWvrq3xGMOfTltPm5tB+2hDG+/IRtU30XeES0jBkxAgM100mAfnwp+iuWNAg==]]></Encrypt>
</xml>


2015-11-18 02:31:00 debug :
------------
String:
account-ticket<xml>
    <AppId><![CDATA[wxe5b18b9bd7e3626b]]></AppId>
    <Encrypt><![CDATA[a5ow4SBzNuX2wmUgACypoj70JDDgmYIoc8+3o5UbEhz0EagXLvmQeIdSPimPBKcZ+jAIIW9RCNy81izwElay5jCCoGPol20ht0NL8lvErO0MzKGiAdhk0BrrwXDUURzEutFuAgNw1j2GYp4duruy1DTSIyWuz1Q6592WmFGOMavhd0PoYCXnr8cjVvX8zX0ETECyjiEcd90W8SFrf3s7kgBKv7+hbkoE0sqY0NC8VmzMvQeGNiVaT2muoB1Xe9DHKR+ttrAeWM6WdC5zfqLxuHaOPDr+79O/nPiAGOyeyw6bkHBBoRNnOyak+eDot55/OEG1hjjhXp8RMicK5Jq+ZFTk3OQaRD2xNrqL4IH6fVBeKBM3NXdRJ5ovMNt1owWNDTm029R1wS0mAp/OboMG4oCrQLJPkht1gOf23usUmAodGUmB7ZcYmF3iFNgm60GZ5yFL3DCiSfiYaK60GjqT6g==]]></Encrypt>
</xml>


2015-11-18 02:41:00 debug :
------------
String:
account-ticket<xml>
    <AppId><![CDATA[wxe5b18b9bd7e3626b]]></AppId>
    <Encrypt><![CDATA[7+sWm52AZMqVUodyjVHbUsWgfl4td+YXlch+/llPThPoKmF3xPRbdkmrs9OLquanLx9zuIkDEs3c4rvFgwR2NDadJaSAN0EhxiFI5TjrB5p0DZ5TOVlRHEoekzkZDLirVjqifkRPKo5eqQfifVfEt978ttRbK+GGK8oKn+Gyd7Hetm88O0SJbrV++9WMM+bW0siZTNC58S76jAtcsHpS9cRbdrlZEPhlOOhfOm8i+9ABbAYzljuSw9Czkt9FdH62veLgHmnNq8FklA/MenhgLZeQrCBifGWyf1C2LjOSxbPFZMFbI/1dgU9esHsmyJvegDYDhsk/A7P7IXrcQyXJKiqal9a+AqA4IvNLXq1BGtckWbKfa6XLoFbKXDfnuf5u2/R576d7yQPGpIljqF487ODOugivSbkwvmVyeGpfn89vYVtzzBQa1k9LOiIMveZ2oiW/OWqTobFvXlEomSdKCA==]]></Encrypt>
</xml>


2015-11-18 02:51:00 debug :
------------
String:
account-ticket<xml>
    <AppId><![CDATA[wxe5b18b9bd7e3626b]]></AppId>
    <Encrypt><![CDATA[nYnELprPT8zmuzkFCTK6EKFuJrCI9N0Cj0ooX721LCJM/mPcfBzMS489fuWAGKnKrZ8tb5KaPlvVqzeJa2jVlopngxvuFlNSpnHK7HsAYB86UWfBGno38irgl4LcV4ChP5lhAAKGccAZEa/NyCINXJYFmv1TlPrG52m4iCMDV28DFpY/Bo1S/pDKqPHrhIAs3G+sGva8KCvn0NmbUq2ek7ephS0STSPKsjluqxPng5y579Zw1HZkWcxGN62pWTP73z5CNFWInSqIQ6tKbzW+vE0PwdN+MjnmHponI5/Nq5MD2BZkwbQPqYzesF/vDsS71tfhD7v82iltBE2/tdASJqbTL19iSkEMAaVePXoD67my2E+xuOwyU1xw9GK7u/tRG5bX1QrkzroOVCRN8RhtN8Ct5zUGyAQr5Al38LepHO7utWAw4rkAqR6K0DmCzzmJ9vyq0MowAx32j58J3ZNVmw==]]></Encrypt>
</xml>


2015-11-18 03:00:58 debug :
------------
String:
account-ticket<xml>
    <AppId><![CDATA[wxe5b18b9bd7e3626b]]></AppId>
    <Encrypt><![CDATA[bpXHFHWjvpOss5w1F0K/dzS+mGu6NQCDjVH9Q1qF5lZNvR7BiynGwsWNtcNcjgO5dJppp0iEAX1nlptiA0uWwZf1UO9PpPnU5ahOOUfaVoGfBxnZKKrvSSYuYHSVM6qF9vxUuL2QP2tVvoL1a3ras7pUEa60nUOrXPXRYSWw/1jtT7vVAvD8k8dHroat2gEm2C1JQLAG2F1xrozCBYMINq0RC1uYhfsJ49gWHH37d7MYHaj4asev2ZpdlxV8CuSZzJmjzLkfIhs7Vk6RjxGgh9qeX9ojw6t95YMV84lFRngMFF6RBMC8Oo5foXScHtjUAbS1ei356q2eo86NSyxONuY5RXPJSW3dHNIzHLnpGm16UaMFZ1tbx7gtYXGPpSxn8D5br2OCleLOTGEva0cooGivju25IOWDk/99nSM5UUvY7F9Y14u7CFFKjLb1aecrmM7p+kquO87DW/hnwLoM0A==]]></Encrypt>
</xml>


2015-11-18 03:10:58 debug :
------------
String:
account-ticket<xml>
    <AppId><![CDATA[wxe5b18b9bd7e3626b]]></AppId>
    <Encrypt><![CDATA[8UTplHeB/CmEtvaEiKzz9JyLV6FIJGAQ0aTwsCTevWeuqD2qh6tzpXWbvkCEA1G5HiO77rGusKWuNRZraApt3NELdwvnGJyVy20UnCInH4nHkNK0zxAJ7somWBESUQRGxPQ7gc/B4/tgZ7q1DRZMZCWrZYqQ6trxci6JzR4bAP4Gnft+mBCHh0F2IGQ177lq4YkZVE8Q8ZOAiZsB8Kignzmh6mRbiJyR1DOzIuWabSACvTCi9C+ce5opCXDAU2ZRdm67Si7niMF50HncPIf+CtOnz0q6+Brd1EoGsFEojjzmjx8S4pdnRiaTmn4dcZamGU0qCuYfLx98lG3DIbft6xPHI3xHqnpRSnRlEx81ieMXITbfI6xnr9VOd9Ufwcx4zzPQke07xZN/4ASAgBUqp6rwv88tRJLiYR2gOFnlt0TOXTVAgKQLN4X5QxtlAIbtjMxQOteziQ0rknTetBBzdQ==]]></Encrypt>
</xml>


2015-11-18 03:20:57 debug :
------------
String:
account-ticket<xml>
    <AppId><![CDATA[wxe5b18b9bd7e3626b]]></AppId>
    <Encrypt><![CDATA[slYJkWmWJNxRfrxWIwLc2KCMzIP8GB+fo3Gg9zxSXLC52Gugi+EavRtmYZgLPp2BioFpWGYE7GKm7mxld4oeF+NfdMWIY2J9k2HeoWTnJ4zZCd2bzQrMbWeOUQJO3AABce9T0zXHg4e1RO3PWoFzl45WqVMkh084FSKk3tu8s/SjQlPVZBvj4BO9BLKe/xHRCPxrbXqp1L0uIByve2y9P4pZVEISgHSRmon4g1M0fnNAg0pFYuHHvGITzbLfBl8kY3yCR/P87dMPhTdiWtSAQAHBBxOPaF9d5wpaKPnqUaaZ4tOrdfiXQH5XIXhDPn9X+bkgSaVLPSjsz2n9lAo9E3d/a6NSIqNHXR/NqyIT0X1lm/dkKHWce/MHw0Csc8WnSjRNrRiNEL2lXdNIa4qjMAIYr15ZHfhO/Vut2ANdY5u4+Z8kdPenqFt/7bbhThBoXSQ2RLUnsDAG0GlEFdNJ5Q==]]></Encrypt>
</xml>


2015-11-18 03:30:58 debug :
------------
String:
account-ticket<xml>
    <AppId><![CDATA[wxe5b18b9bd7e3626b]]></AppId>
    <Encrypt><![CDATA[+beGKbvqUp6turDD3qlWeF7tERMzOgm8FwDsc5j4snbXX4DFWzTe5SNCtTtwIMa+gzO9g8lxe93VXAWD+kaHrvxB1HEGjCEtEtOMgCutDOWMX4FWgyrBkLQAWWxCM0h587b+tw5JWYr4mZZ6DkFVdrgUpi/w/cIlfN/ij5fM5RgOQgd+yVk4ikzuTFRNTeMjuznOI15w20V/e6Z33+cTjllLXwNFDhwRyj0wZr737sZf/6RsiEYKPMecVL8WeRhz+l32pWnXu7cohcW6KTxH4t1UHhHaVSaHO+pVQ0ueuUz61XrZwkDI7mRUlt9yJ03RzwGLyW8rwgZi8A7CvFG+maCqPNQuUziMkw7o8P/qadBeT4q2IgsYNWvpnZxCwXRfVN8XfmduvJ627pJ48cBxk25lOcW/bj4j76zP/YP74XQK2p5rTDthaKdwgwfQjN/E3MdX4BztDP7/tn8oHEwBlw==]]></Encrypt>
</xml>


2015-11-18 03:40:58 debug :
------------
String:
account-ticket<xml>
    <AppId><![CDATA[wxe5b18b9bd7e3626b]]></AppId>
    <Encrypt><![CDATA[hoPBWjN9vzNVsI2fto5UaPB2RAPpCBd1ZjJps6bR5dGh1gsQLrIuViXW9qIFmi5CxBH65WJoVPdKSktA+ZPKjjOejvkLBsiNZTkVWfaAAcvBIl2gFHOUtK/5FCcIt0aSvrpQsBtL+TUN6ZS8rLVjl0n3D23/0qrQC3ZubX71tLsqzqW+1gxlAuore3oJ/Ty5L8byTkd8b2+kZCmz0IhjRHsq3CNuPDls1Fh2iXvPJIfoeh4NGUaqLfOdgn6U+f3vrN+PoCJROBHrzIYLe84WRUjNTuvIoKUmsb2V5kYyXGHssTSHAV80GaBwConAGoXjK6f+cCTrnT5XMRhjtF2FbX09SkyeOD8FIwQEd+0uJYOBuIL2WuRHU06faEvHPMFgYIHBKwTR16RiNc1gvbd7qyWutsHC8NktmLVSItwc3TwMS23KQH/ZrC50fD+9dfMrlDwWKx+sI8uV0jBaJz/0LQ==]]></Encrypt>
</xml>


2015-11-18 03:50:57 debug :
------------
String:
account-ticket<xml>
    <AppId><![CDATA[wxe5b18b9bd7e3626b]]></AppId>
    <Encrypt><![CDATA[Btvpb72lP1C4o7iFhutjjO+QeXahtp0bia1AhykLUrkXk01qxHunCd3U8nhH+XGuyDQClS6SzOs9DsfALJnrdDHur2SxCH0CrWRrpcU1hF90qPLbV81MH+SY+7Z6aFpfQfaxeRqKeZL5dhh3F7oIRJ7X/qBfEXZQjkoeNBWpez5v8LRXZadbGhcD0zXUESWCW4iy+hbg4Y9NE6ByNAT3efkIasp9d/zguXl3hRYsMRjmLHcekQC6QKYn69QWsc7K2h68L3qfkyZJRaObMOddRFLrop4znfS4BVKWFTiNeFtMryN5t9kvoULo2sodzRqRN8znccppG2fOrcJvuqam0LiTNsHgjReNazC37jtmg7LnUIc5v/yUMCzAD7+yU2387kjwr1dv0rzzVVWdfnGF2BQAGXUXnCC3wKNQ4BkcAbKk5pbacrKHgwR7fUfyrNc6XR7ylGOy+1GK7OqnHyTkZg==]]></Encrypt>
</xml>


2015-11-18 04:00:54 debug :
------------
String:
account-ticket<xml>
    <AppId><![CDATA[wxe5b18b9bd7e3626b]]></AppId>
    <Encrypt><![CDATA[QChJhYVl/FQPKab4GoHvYFRSUkKSGKOh6XebJ3fv0ZVEyN+i0cn1d4C+mZQP+3PgQJZ5Gcu6NjGJUeg9uSy7+X7ie3roGTii0ytnI+54LAJl55cLsA0nxnmSTWXYx5wJYLtMfEpU+AMMcRAjFXXn0VoZWnGGuc4QwcFYWjlsdi7XaXo289qC7QmWGoy59F4aQRDubT4kNUDzGzk8uS1WGxlFDm8aLlxOfrZTuEQRXUNjGtwlzRSHShfxgDSfte2KLGU9t6fvePv4g4JYrQl/g7Tx1irH0awzDyh9oAUuzOKI/tgaCwitNALH8GjXK/JHEddmHB+zFAh08vhFNhW8m7QlpXKwhLvfdW924V1h2jqyylBVP44Y8tqnfhYAvOkHeRgcqllMjxz9iKRXP2ZMUL+nVSach8upJaiSFlKAWuvXXZ7xMERKvTV6iVVllRgu5OgR3YUmXr83tO8aiBnpgw==]]></Encrypt>
</xml>


2015-11-18 04:10:57 debug :
------------
String:
account-ticket<xml>
    <AppId><![CDATA[wxe5b18b9bd7e3626b]]></AppId>
    <Encrypt><![CDATA[IhKWrkCKm1itgM7ekT584++C4/dibuYuptiB9ZEwdoD2Z3vsW1SLMaLVrWwmVRVl9fzPcXAEk+RPmP46AZSDoJchCbphSgM5kz/EX9qmRZkHWTjWeqeKzGfDuLzJXjrvNhMje1Hqws0HXlWoJaQt77YY6P2Yzr+pfX3jF5sdaUN3h57HrmQQEXSR4E74UwxMuJgNvGogqgOjqFbkqK+HK72Sc/Z4+nghEN3GjNZ8zIOmcL6vB3+UwtOd+/y3PG6dQvg+G/TrxLvi+NXMka1+cPsos6ySGdi/D+XlaX9t8oJqDLDncsU+LbY0tvovI66oboL4Bz4xtWT2mzs6ZXHe5+jWQFdBnNaQGf/JuL2YcP8yNnadU/aGpopL2jQtcCX7GVeX5hi7+R+1EtRYc63qvdEKHS0oeaNYlCLhqpSYS55I0x9P7YEIlG/c932mS0PeBIl39Swa40BdCEt80Wu0yQ==]]></Encrypt>
</xml>


2015-11-18 04:20:55 debug :
------------
String:
account-ticket<xml>
    <AppId><![CDATA[wxe5b18b9bd7e3626b]]></AppId>
    <Encrypt><![CDATA[xUz8PMnHsw6NIs7h7gFzNPFg2CWe2lMChvPiUQ6wkEUohxg4vwo+eWjZCCwjHLmKbCE2rufaacGCCshZCIbrY9Q8iIAqfsMHvqxOmLWqF9e9wa8Lys3WbbUIRm1+DC2UhLe6FEdfJ+CYipWUosd+z4gXdc9VE25Q/JJUVt2+6gv9uHoA9T+Va2EOCKSS2QLLlDWi5SU+TRRZJ5MLVOwI3JSojQtxCFkBBUZ0xsEXOE8sOhqEeAXke6eiDDumEKUErU6z0JnRdJYguALy4uA4k+b5rdtBYjsS3hxBZb8/2yp094x4XfIPWwPFL1d2P/2PJS4MRdth8kAZqFRYfevRekjz8n1xWuRs8FNfwlAeYqFBynFuKfG81dZwfNd8IZzobI+p/wAzzHQDj+fXNzOsO7e33c3YvW7kVYD876FyhLVVmMAlmQnKfdECHOfyFImCvIMPKMQBWWE4KZFOAFs86w==]]></Encrypt>
</xml>


2015-11-18 04:30:54 debug :
------------
String:
account-ticket<xml>
    <AppId><![CDATA[wxe5b18b9bd7e3626b]]></AppId>
    <Encrypt><![CDATA[CPTC+AUDiB28sdCb+vImMXMErj6L1AO4k67o4xDtyrQoGGF8pVIICJgSmZo5s011uYm2+I4N71OFHg3cnzW4aDdNheGyaie4+3NFWr5aXoRnAG0tMaQiPwG6j5nFNZ9iQrsqArt3LDhexE1JH2PcmyBk8FJ/ag5RxqkmDKRqoyVwVmHakGKQz5S4XyKRgUUAziX1SPejv0uohL4FbdWLsiEa6slqfbBVPbVLKQ0FxSmLap5JyIekFzpnHxSVur710DjWISEx8ibYhQv2VBH+2l+Vl29tUfSTa+qNLTyJe60EfbY1IyYOXu+qk8KAVlAMg48Gpp8BePxh3ZEMl7SEZ2vDtrJxFRyi39OZfF+MHi8BwyB8+266lQJjPCH9FmPFHYWAHXBzZ+8BenZGBfm7YboezB1BbHFNG3duSExIbI5IjFgLfVkUIcsXRQ+/DggIgKWvNnSfnMsTz6YyI7spVg==]]></Encrypt>
</xml>


2015-11-18 04:40:56 debug :
------------
String:
account-ticket<xml>
    <AppId><![CDATA[wxe5b18b9bd7e3626b]]></AppId>
    <Encrypt><![CDATA[teXxLD5DxABy/HLwZylSw4rz15kPYLN1dmodZy17ZznnabdR15FXiiZ1VSt78y0A6hPOiG9fZN57aKxBj8/mfkeabkVMtTp00C7jcmdS6pA+fopqQY2AccjM9M5PsUje4i9YaGrMaxMUmyVt2OWmlz/h3GnkiGZFDFZlrymODhO6vhtaiU16ex4lovWeUHH7G0E04m7su458puYd+JmLoP4OxS/5QoCpdJTm6b+ovRxGRwDPyUAJ3QD6lPdYJu3gYdVxardQdjIjY5zYA1tPZF/Ov/1wbIckO5y8pz2p0sr66M/A/wSdTQehfU3eSZN4FSyTd0NyqSogq/V6GC5IzOMXgmT+2HG+66ZynaraDLdM/Tf3xro3Qp3MEBD/YrgX1YsvHl2F0sakZGyOXUlLyI5ox9ALfSriyThcEBDYuFC9P39neuHA1k23DqRPxaVn/CauwUVxjAVmMs23M6NY4g==]]></Encrypt>
</xml>


2015-11-18 04:50:55 debug :
------------
String:
account-ticket<xml>
    <AppId><![CDATA[wxe5b18b9bd7e3626b]]></AppId>
    <Encrypt><![CDATA[e0HPSgfiY0zdV6IBhQ63q5+zAAT0x5pz1sArG5LKiigMAe7mZzcjKq93nGLELLatTwAalod4FHjyRaQq6N/vbW0MnIFFjKLdR7crWTrOEwj+GYECJB8z3sYpMkZt6SHfiVfDSgEDtp4i/Rg5Y1wKHGdx4zd7p/x8xhFkAdxP/erEdFN/5QdRKPNYpTBEjGtRJ8lyGapitC/XtAc0AEhGwexut35p6NAu/MolxmEMGTlS9A0nDgBQoXdxk4jyhHbqO71MdOaZyEZC7FO9UnF4hXZ4xgplas3rwPqxTuZ6jgJvgo0rO6CS5ZRQ/HUyXBciZLaI/SwGhstqcUephaQVhQVZPGj62cCAECQsIjjdl9VsdQBqeMJEPwOuuKYQS8Nz9fUr2Qnv1M8cWcpmHlXufpBDZU6LAx8gmHpvOHllX72ek5oghHZXtkYMPUpA3ISilbY6SMXoPAJiBfpnLmXTmA==]]></Encrypt>
</xml>


2015-11-18 05:00:55 debug :
------------
String:
account-ticket<xml>
    <AppId><![CDATA[wxe5b18b9bd7e3626b]]></AppId>
    <Encrypt><![CDATA[u998BRpf7iNzNCYYgz3ZWk792X4Mj9Iuuytz76qTdfghN6rdREu+ucrljYPWEFlcYEmY1DLsx6bLj7xfzCuLlV5kQxCSfx5SgEzFBeTZ1bXUVdkQhOynfp4QsWf7rulHtUllHn6ieBKZ97vAqXBed4HeqKoC7n6YvTFaJzmPDAxFpaDPjYu5tJyLrTjWX7EKnbxxW0H3M0ksQpdVpgbgXwL+B4Qmf+lwKeuvJrcgvz/hVAW4ouQSR/LJZbqfoa2Kgsojb2sIaKIgA7PiRjGFEoEVPFdfhz4/Rv4UH6if9eY4ce8EoGWpROGw9SktD8r2cKqhI6rtteT1qpPLffQevkYpfx1ySoVh4gXKiWfruOivWtoi5d7T+hBEKJuoynGjInuOBZDlxVwayokgsXJx8o9YpMNFHWEAQa/dV53ODAVQgQ0WN+UMmUWG5O/Vv4bn7hMn9E/6Ogm8vAEtoi9F6A==]]></Encrypt>
</xml>


2015-11-18 05:10:56 debug :
------------
String:
account-ticket<xml>
    <AppId><![CDATA[wxe5b18b9bd7e3626b]]></AppId>
    <Encrypt><![CDATA[toEw7UjnCX5t0Dxx7MzZcVT0diR+B8MqOrn3WUjPgByFNiYKGW3E/AereGoxMVvf9BWZuNkL5e0QK9qQ67/Cj4kdYEiIPzfij+No12yYb4NpOqmZucbGjldVP4TN2qdPm5XLbCIe15xL1x0bceNwDlmwqIaAvadH6W5BwmhleHCE046dRF6eA22Wg32w4gEHZ9D7xzQucgHT5H1mkNiPrIRrkEUVcHXDwX4uKbx+vpY5v4dsh1atkFsaCP+aVnLBKKlVuI2xd2etjy2wzAK0/V5pnfQ1bf/27olYPYeL3xwgFS6Zp167OKP6lkLRJzJcKyoeYFV3+O7396R5dHr712O0MVFYZf3SrT0GfU+YwMFQfFQOVm1QPQK0Sb3Z2CfvUUNIfb/UWVLXuuq5oNi2nxWKOs7Gmef9J/oNl2a7VQZ5EvDbLy9qiycz0eRKn7J6DrHbxJreQYJSEb1CJpfB9A==]]></Encrypt>
</xml>


2015-11-18 05:20:55 debug :
------------
String:
account-ticket<xml>
    <AppId><![CDATA[wxe5b18b9bd7e3626b]]></AppId>
    <Encrypt><![CDATA[Dnjo6f1McbElwFFJdHxiPrevCAkHNetD0SnoM8kgBY0kOWKtLViI3s0SvCbyg+ULzsJrF6dxdeaencrGaC3aOZGW207A516lT6zbk8oEdLDCRgrTighGLKAIaHfMnS5/tW4tN06ZaDReJbMTOoM+wSi/0HwMfHvx1uc/8UfE0NSyaojp7Zu2hOrgn+Aml24rEr2LK2kW2Oopvo3obDsIt7ptJ4NsbZNPfzjcV2JB66WUoMBw8IxD6Ka33BmuFD4KaEheFgpb5FqLFm6u6DrZKqhShaEhi8wtSkO14eTNk3D7ZU/NRCV//cubNvB1CHYbrvG5flANhjtebvZ1y61hkvEs+MhvRs2dfiugYW1fgr5NV21EStubarGqOgkQ5Kt6hpFCwFPKClASOIevWsESdIO3TZqobFSZdgc+HAEtF6GyvS0ebn3Kkg12qsLe/N0ttwBi4V09fUxmVL7waQaDeg==]]></Encrypt>
</xml>


2015-11-18 05:30:55 debug :
------------
String:
account-ticket<xml>
    <AppId><![CDATA[wxe5b18b9bd7e3626b]]></AppId>
    <Encrypt><![CDATA[fWnasQGlGM+6qxcx/GY48DYqpkYuRX6yr4bS2+mgJb5MoIvusb2hYLELfoMRgPb81Zskuw7biVDtn56brUN9ka7RLS0N8rmMQopNGF7NNf2ABh0qqFNIbUXOXcct3Xc//K/FORrPTm6kd3YhAcrxddzP3YLy2ypsfJt6+gXl5lWcWR8UbLfmXOJEzB1v7o6D9hn05qHWOQpmI/iJKV5HijaN1AQ6wyBvyBKI1GxubJXmcnZ+G4J1JuMd4mf8ryOescSxESHyKZZwWef1GPTxgCEsEt5UkLc8b+Sd4p8Omzfyk2PLKlJCEIGYk1mI12rBwARnKyiVXYr1cHOCab8pf2VSGBrLT/2YyLp3+szakoUzRG9wu1Ppe2MYkyxuOzUo3/ALEM0ubv/kqPsZcfRVSC33Vk7DY/AG0hn+uyWKQOqB/TjrNHxWF/XeFP74C4kVAee0KLLquN0aD3+PRhnTAw==]]></Encrypt>
</xml>


2015-11-18 05:40:55 debug :
------------
String:
account-ticket<xml>
    <AppId><![CDATA[wxe5b18b9bd7e3626b]]></AppId>
    <Encrypt><![CDATA[v0u32WEB3Pxx+MAHA3Oto3D/wo49a1d+Kt1lM7n44BHiNO9vHzCkMR3T8ZUaS+CAkY497JAGyfnQvzG1E8mxu6RieFUNHUlWw2mUwtcRAkxLyARp5qugm0at9X8eAxaxDESXee0wlbR+QFnRzNozoX+9aouelhn0vlDO/Abkt9cngccHfem5XrGB6/jyJ0x7CCGiJvt/RdaXeBI5XoIM97VESdXZCnpxo6ydTEzbLfNya+bqfywxFrU/hUJMS3iWljx7N0miVsz5rKNNuoEb6smlwA2+4B2GjKRnzyILokWmSDlO+dRil717bYQWtdLkA9hF0P5yDwqWANY+yBaKcGb3rU+3w44u6FtS/X99aI6ZhDehEQDkI+vNxPlUKTnNuRYBs00Br8gJ41LNkygrrXk5ZrptkXKhaMTSODWWISM3L3iXB42cD+t/QTgs71pHaO5587TW72Lf07jB4F2xow==]]></Encrypt>
</xml>


2015-11-18 05:50:55 debug :
------------
String:
account-ticket<xml>
    <AppId><![CDATA[wxe5b18b9bd7e3626b]]></AppId>
    <Encrypt><![CDATA[+7yXUKxOfBT7w6QKCmr75nc47+2u/HODE/ct9+y2M1UeSbHfi+4d7aRJyTowkbEDbta2lYpOqO2keVZK9z/u2WsNxEDLIyKgcyUqswu2Q8Dam51BS+fK5lI+RA4LdHO7/qwtkjO3j/+Lx/pTebU/IX4eH8GBUFUiJrfuWrdFCmrXhgt2hCTaSuZq7FZYc/YchNo8PuPB9mqg/h/IIzPY1PS2uhDX+tCv5ZFXt7l3O2DOpKW51Cu8+1RPQOm7y0krq1nVXUEqIVJW7UAEygMpSs+/ij0hQNweoev6pJ2HtP0sT9KjGcEVkZ8zmyU3OMu/OdtHtCZcbz777c6MYQXjscrEgIO8ACKEwSYTFgybh73KKhsNE1sSN3Yv97DUg61yX0Al4Wwj459j1A8yelohld4z+pwREfUjbRqVYTd5n+epNhqy5zep7Drko9UnwOJL/woS6HAC/9T6IMiG9WlDeg==]]></Encrypt>
</xml>


2015-11-18 06:00:54 debug :
------------
String:
account-ticket<xml>
    <AppId><![CDATA[wxe5b18b9bd7e3626b]]></AppId>
    <Encrypt><![CDATA[4FmoI5+ynOCXK3v1pcjy2jhktrGS4uYanxqYVkAMJy1rfDvKj0cCPuZIF6ogFkT+EV/8oHSQKw+Up4OR9aB51iAhfWB3+xjVAACQ4QebyRvvZbbGCiL0+mophtSVS5duUACjR/gSX5N2Fj/ksQANjKmouWquomVW5bTVJSJpbJ6WetF97ua4eNuq0wLyhMA3qM+Dn5KQ7RNVXvx9Kew6LFlrfe587g9aes2HlhsKYAajBlhpxZi6pS7mmTjrDUZ2jDh/9UrKabTY1zHEW9c8QHSyDEsBo1TOWFYAfSH/kcufEpQL6NcCfHEmeevap/AJmy+8TW9HHEM4nRdfycycqwojFCpZG5sZjnZaLersSmdWcglZZzGNjiidsPWt5asKqMWnGcS9r+6j4DX7gphUsKZy2Wfz4tDpxtyH0srx+M0xbGrjU4BKN4wkOR8W1QoiZv1ZnxXR79w5NucA0Y0VQw==]]></Encrypt>
</xml>


2015-11-18 06:10:55 debug :
------------
String:
account-ticket<xml>
    <AppId><![CDATA[wxe5b18b9bd7e3626b]]></AppId>
    <Encrypt><![CDATA[bTgbbOZZDakfY4cJ88Y7OoPa6MSRgiCi94dTr2lfpKe7dsWLaeu2zw+wGqPckXeMo16mjO6qoavTUfUxoj1d9sJ3dwrZZyZ71zDp9wkrYoV5E+gb52ub7MHin/Th8P0VGOjN6zmg9r+h5D9VwtHEONmKqnP8hTMvMnEwYD0YOYql8fBuhnESHUI5dmpKVdEX0GvuYXwaXFM4drTJI+Jdrgekfkr4t27RIMWsBug9B+Z1Kx/sJHHQ6YJBSRzSxJ1ShmXgfKP7ZWU1PS2xXeMHpqXj28UNxtSDKitx9G2E+L2+k0PHK8neoziBRhnHPlVv1owJNZvT9zQ+d/m1RvvUNYJ/HfKeAEMZmJNo4/Gl+mQma4yGF11uJZyv0vvabb7brWlHNqswsUB6UWt1F4jgENtkshJV4l1Tmp413JJPWZZYOzw9mujdBYRkypTVuwf7qjf1dirRJ7eDCGrpZudVVw==]]></Encrypt>
</xml>


2015-11-18 06:20:54 debug :
------------
String:
account-ticket<xml>
    <AppId><![CDATA[wxe5b18b9bd7e3626b]]></AppId>
    <Encrypt><![CDATA[fdOUtI9oJw/D3iWzNaFZj8cun6wj8SiemnjHei4C2tEU9nu4xuph41EiKPAm9GfCv4dlB0H1IsoM2tbDJmyz53GjIKotACkhxmAgb5zd8doHdiQlM3LF9UZ7yL3OcEo3BDUpaLvGOaNEVlhYgxaVR92DuoGX3lWskTrLUuSeKxrQ7JpsmFKKQEY7NAkHSOWpLDL0dMYYd3AtjJIdaG0KlWQiJWMdQ7U1FRcDuCRsYuLbdceKJ5/75k6w9NWMUBIMK5/+j1d/M6Ga4XAvFM65zbQpAIEynRIlLURKRSOeqjOOIrWKHKTExVk5qp6Cbc162jVE6pBedlB5htT8ZFbLt81viQV9mODoUl1ldc8Z/MxdLE3h61H3qznqba69vtZrRryg3L39v1Ur4MkiVwt4wYY/fYuf50y2FTAQVdwrCeNJho4FEU6rgU/cuYFk1n6T0geW9wYNPQp8uvy+ANzA0w==]]></Encrypt>
</xml>


2015-11-18 06:30:56 debug :
------------
String:
account-ticket<xml>
    <AppId><![CDATA[wxe5b18b9bd7e3626b]]></AppId>
    <Encrypt><![CDATA[uwQD05Zc3SzopH+Bc+pkPgnF1i3Mt5mINkdaPrXw2Lhxl+e9TOYtXGQQkz9YjAebLmi9XKkgauU6Hq4j/+nZzIB9VOt6QYjH5OIf8EE4U/hE2THfXHH2L/H/nCaYwen5pjUX9qq7IM7NfCk3yaHbbKOgWBEB49MORjZr9AfP+Cz1zB7hu9mt4/BCXwdPIOlnyEvTYnLbzHUiUVZxjGD9otxX1xZlgJvs6lVsje+9MlVA+6u86fwXRhcd6+k98WJxckRLXKX4EtB+3FskNfNZWsjecy/i+qVzekrlQZyTShCJBv+ZaHqlu44B0QXh/Rh2rVyEHQ0+Od6SpbCGEI0m0a8lbS8fOpNrtUQJXhGmfAgQbr53csFlksCU0n0dShFvOP77C/NtoIY3+B7rLzCzoiiJMCTHD6/r+ve3zQ0b95VdL0grv1A9/m97QRbMeu1M8w6TWlnAGEcYuZz+zut3pw==]]></Encrypt>
</xml>


2015-11-18 06:40:57 debug :
------------
String:
account-ticket<xml>
    <AppId><![CDATA[wxe5b18b9bd7e3626b]]></AppId>
    <Encrypt><![CDATA[kqbAmspsKiPvZJri+8nH9wWNoQqyqvrb1OR6pSaEftO6fwAiU3z83a9KnwlOoRiaDa67wl37r8lhOvhEUNQdimFyusnNMDt+wpiAe8iThzmEM7bwzseWNeY9On96aKuomnf+avCmeKou1Wa+Fdgq1fOFVm+LNmFLzdhk4DoisPJhb5+mPVL5o7upM6Lcien+bwC112HqOmDf+PBBad35+Z+GntybDutrJFG89Rt9jllQBnmEfQ/6eKw/cHaJSLqwXm3Xyx8CNDS7i0rcKtKEiQ/D7RU5QHHAhbPhcfYSzk8XhuWTpJLQEfk8F0qFCpc5u9+nd7CgMdzuxlhem2J9/eKNyWQCjs4lP016bvbvR5qGVFlv+8Cu3gJVsZq5auDKxGYqLMcJJiuEgAQkZTUJlocKx6xAvIfsEjev5xkuk/xQdCQEU7MOIielTBrVVJQXZdRLM9ziDvWugr1vydxc5Q==]]></Encrypt>
</xml>


2015-11-18 06:50:56 debug :
------------
String:
account-ticket<xml>
    <AppId><![CDATA[wxe5b18b9bd7e3626b]]></AppId>
    <Encrypt><![CDATA[xkomyie6jPQ6zNRlnURpbwHvyAn0s+UiB2FpAxz5QYqE2ijzqhI6K/EothfoAxzqmb1ZvRGC3Rt+hO67jX7UPjLizE4/QDFtp5mVR+C/bYbzNgUkA3JVoBdm9cbu49NTBtlAhHaw3Tb3Mq7y2QM5Tt+A8RPEIYi5wZqCBiQY8JCTIWk1XPFaUmne+UUUE9GugSWjCbCrAWUymqaYmK99ZwLOb75SALwwltUZEyRlusc3fLSa7BQCxZU/DoEzIQ5/vSjhk/+QaAPSgr+kooGNoW5Wx6VfN90HxsmrIBlT1hvo5uIMfAG+mRWNqDrT1VH0fZXurQh4ANwm0jmx6W3cCRPaNu/qpWKIHWjQg7S6khA9jBaCQSHi6BuLIFy2RWFy9Zb8nHLJzDMabO9wcPjidYZJy5tSNrPh3Y11IPUZ07XsyrMblrj9t6Op3SZSSS3EZNC/8uZ6O6OcUqMq2vfrOQ==]]></Encrypt>
</xml>


2015-11-18 07:01:02 debug :
------------
String:
account-ticket<xml>
    <AppId><![CDATA[wxe5b18b9bd7e3626b]]></AppId>
    <Encrypt><![CDATA[e9Kk3c8za7gQLvdlZ1qcXgnFzlPeBh4EBV9Acl9CgTG327xIjyoB/hKebcbUIS3fVt65+LFdXqo7Hj7BSnzvOskZ9n20KEWDkL/Ox4vmR29leTStfEPi2SkFdDEUhMPtwV4xfMgnf09mMW9hSmHAjg7eprmKDZlNpXXNG6JJnegnwSAHnO0UTG4ZP0VQWpxqenF9d6ZzwF0Eyn1jpsmbU1shbg3msvz+UdFJ0uVUfzrcbhzQN2DKXAD5tgDyBuzWhz9qX7BTuX9GzRFtKRr1ka6T6Nq6ib58WHQX+kIkCBhR+KBSujo7nEuUA1tVnzbxXnjajllYCUvD/kiw3bCerIQK98vV0neSq1rdah7GRoB9J5gIHCwAZ1cwCb6ivNki2IjY9UAFMu9H7+NkvkD25mFKedzqMAJkUTaAiIpVbJv1Q650VDMZ6LsO4Mx54Lm8UZ1n09wicezn6GdwbI2jVA==]]></Encrypt>
</xml>


2015-11-18 07:10:57 debug :
------------
String:
account-ticket<xml>
    <AppId><![CDATA[wxe5b18b9bd7e3626b]]></AppId>
    <Encrypt><![CDATA[dBT95TNK+9U4cuSnXOgCzqBVyq5YnCNa620j7fCNbpfPpVCTmV1Cj+9boz+aszoMlMx+oGdryBYYGWINRJFf55RM1taTii3xMuCP5moXPLGOPudj8SEkLoXIqMtE2EvT3TvI6p2NzGUeVcUjSrjvy7uhUkzpWTxy4vp3T/UffhiD6CzVzzxOfg/DWdrv5XVqrTS+6EgUdloPBPDY6lmp9L8ITTwqQ9m1i/yE2jBlwo0iMrRuMGj5zvJYdiNufOgJYSXgx3+IRzTB6+AjMU4gVUN4B2LyqtHHb62S5m/zDSSvy/QGnB9Shm1uMrEpiLaQAIg65wBfHZyGAhuXEaPE4SyvV1G562Dyd4kkofJdGtWIru1W1JtmA3ZwmGv0kWkvu74CGoaw350ielPtND368xaOSfDgNL5Pa/Dlq/2mvlQY262By5EmON/fS7fi1gE50KuO4sblrTopBgQGwHud6w==]]></Encrypt>
</xml>


2015-11-18 07:20:58 debug :
------------
String:
account-ticket<xml>
    <AppId><![CDATA[wxe5b18b9bd7e3626b]]></AppId>
    <Encrypt><![CDATA[AYItIG3IFWnqGOQJcI/7pPYqrAs0s5KcKORS++MmYrurhPBps3POy0QgzA42hG/MkbfGewMVLAEOfTPpFUkYb0iQhOnEAamDAPcUKfBD+lNKn8ENMl4zVz3Tk/xzaNKzbA0jPCYFFewOJSkyZijpb9zi1nnVLraJkoXQJCNd5J7n4GFBYGCl6ab/vSo3Vj75cuJyVbdFw73q83z+YcOdP3nS1YlE45uEBhak7VvEebeUuX59iGQ2qfVk7MXpW4A3tgmlH2DXyD2MyGPfsy4ppBVnDzu0AsAGPAvw29AcpfVHNFblTJ5HzR7S3CQzyJgHZK0fKOMAcQzg1QhC9/BRDDvDXVox1Q8icTmKfgg8o9g+kiFj39dkSMdD6iJUmYlVjDNiZZaJ/+qxgQ+WxmdKVTi4Z9OPxlypcszsBqcnA64KitI6MGCQ8dR40rjEAYyuORtmIQr8nCWPskXw8HR2Ow==]]></Encrypt>
</xml>


2015-11-18 07:31:01 debug :
------------
String:
account-ticket<xml>
    <AppId><![CDATA[wxe5b18b9bd7e3626b]]></AppId>
    <Encrypt><![CDATA[BXMzJghMO0Fr2rceMLCj0bQE5ahyrIjPxiVbwjEEFz+ypPpwtb1ZDNTA0pv/v9PVWnM1HMRwwFUQvuZh34FhnE/XLwkL6y8bygBxogGPVK6DeF8UeUB+cix+ZFro1TSBLx/8Br6AFAV+KnS9qLITOUVlOod8Z+ezsApDYCX3WsM6gBrR4rcq1uXPadWDGfv/kHg3Wmg79SYrwy5WUWtopV4/re2m+KFA0tH5lrfdQiy+AC6xXdl8Sj95LF2v5eC8wEUbosrBaFWWocTzOVmmv3ZSIuaP51O2R7sKqqgRde8GcpVDVNTRBc2TlsEIWsUNyiZmVCdX7Pj776XeB2N0Y5Z007mkae81by9f1bUELJ1PAlxOlayEKldpGNA4nnTDpfpu9WhbQ97w3nKOs+f2rCA2+dBbhPiEW5xXsAcV2miSJqWmblWa2CzM+z6P0+kbfl46xGFyHNsImpZz2/H+yg==]]></Encrypt>
</xml>


2015-11-18 07:40:59 debug :
------------
String:
account-ticket<xml>
    <AppId><![CDATA[wxe5b18b9bd7e3626b]]></AppId>
    <Encrypt><![CDATA[kSJSb2hSWIY30RHbgb8UYC7j21E2w8k2+T860PBGsZlNSvCjnnUBYMvx4U1pdOBUUnQgHYTkOXXl94I1SGiakqrJP1ioUGyM+fokBpvl1QwZlMkVRepk+EeiqAo7PxzrarC5RB5OP47xkTpQu/kGwkOwb3dbY6MJKtte1vT6DWZGW9GBDej9/k8KZs/gOyqgzOBQ08eyEBrIu6ox6ydw1LE2u/QjLF2snGpGk8oObmcoKCX7ITF8DbhxLqo5MATBt4Aq3rr2KMjb4B87J6UuesTe3RfFeEFk+49DOE9pN0kRtsy1+b1ikI+smquCJaWU7USHWFju0e7eISY5HDIBU0Pjrf1tdf4ooO/3u8q1cQi2Nzv9FV+0LLQzr1tCafy1vqB5XYsg0G6cZq0Vw5WsvL0pFhIYo7y53QzT1+gN31IJdlf1fHw+FnsUaHuRAIDhmHiTZAwSXsQPIbtFEoF5ow==]]></Encrypt>
</xml>


2015-11-18 07:50:59 debug :
------------
String:
account-ticket<xml>
    <AppId><![CDATA[wxe5b18b9bd7e3626b]]></AppId>
    <Encrypt><![CDATA[sXI4ybE/EyFREt9rKggKsq3rkBfx1nLLBaB1NMClEEQ3w1O3GwzcUJ9dBT3de3Py3Cdt75M4272fyR0IbeNFtNQ62M9jb74XC5yN4YKnHV7NOYDX7D5jrsFpOV+Fu05TseOgWy4TXLjh1eRniJOtrb4gvXV1qU52mRI1oiSmdKsaikAYCpImSuuGCDlOWj4zz4dtv4Z6SwckwqH3DrXcNYOogtrU0pV4nZpLRWaeakk+Bdj13aVYwXkXMd5iiUcshp/gVn7XYI/mzCSUfalLiBP2H02vSIi+1r6CeLKjM3wx/QhO8cDxJaTD9hytXB8IZWbg9T1GNjvSVGxwUuqmNeXCOmcQIsGDmW3zXM4Y//R23HRV3KOvbu8nqvzKYFh5a9CiDkv228VXpK/MZ9iLLFbbDtQwToZc0kxbeJuxBjQHew3CMA4OYE9ioJ5gHb4y/Uuv8QE6AeNZ/K3bsc5Rcg==]]></Encrypt>
</xml>


2015-11-18 08:01:01 debug :
------------
String:
account-ticket<xml>
    <AppId><![CDATA[wxe5b18b9bd7e3626b]]></AppId>
    <Encrypt><![CDATA[QfuKkqAonSPe5QjFWG1GBIBGWdgZoptBlYXGvfVWWLNqmt9nRXDDhNKb6fjO1Lvh2D3Lvyn1a0x/HJW8TQXtC6AO0g8TJqQvNR5s1gW8H1xoB7Foo6bzaxgSrsRadtW2RUck/4s4WDg2L5jAIzar11aG8ko4M46xoRylbCx5Z2XFLlVdw/SIWqYWCVATuzGDH58oQ5roBar2DxdRKnsP5ZaaumKrMp5p+mwsAS7eEoSNE+pf8egrzpLHMLsmvOAH6jhVIvD++vX2UGv7LnQXLv7zMg/aFGE1L/xbeGZLIsAOF9P93sHbuAqipIoIYbERldwpx/RmuHxkuOqY+vFPH0TfWR5YzeTrGdXSeDHMYs/a9mdVrf0Cgb06+M/lsVuGOaTpLVl2H3ujzFbYSoF1zsQaNK8kIYifa9TMgawjyIuQlAZZF9lEiB+0p/atUCtRMTLJZAu+31tNTeUL5XjnEQ==]]></Encrypt>
</xml>


2015-11-18 08:11:01 debug :
------------
String:
account-ticket<xml>
    <AppId><![CDATA[wxe5b18b9bd7e3626b]]></AppId>
    <Encrypt><![CDATA[43AjHF32EPeQuBTFuB/WrvVvNGDus+wMqDkRLpjikgR2qSK2froS0vw6X3LvSKCUWqsMwJjG9Jg2yn9Rrfx/iJGUppqRezmpRRYoqaPevv0uUO9C+U9k1o2XBVNAox8cnuiXzE+gypXxqjpO68jzNMyoS9jXgpu3sn+ccSmBiOlvNOuWAHmhwFrtoCNjkrHC7I1kEsDM/mF2KvXgc7ODVCr0tsdmi8bLgh9guBNDTLnCRDtey6LaNpW5aBbaQGmw2BeFcs1mzsKSq+O/BWjIrMwH4/4qGUFlEoaquus/7IZ2bNaruBWsGlbp0KF19UMB15TLZ7d+GYQNVd/rei6VKjx7QCdJsI93aZDPpRdejAV0aAxO3PRCfimtkHb+0WRGpIYEOZ5d5Bbv05hWurQVlHLBK6gNsoBHS2XwTBzxlHdyw8fkzxS7jpXdAz5wA0LgO5VBn31eJzey5Y2jCdWWKA==]]></Encrypt>
</xml>


2015-11-18 08:21:02 debug :
------------
String:
account-ticket<xml>
    <AppId><![CDATA[wxe5b18b9bd7e3626b]]></AppId>
    <Encrypt><![CDATA[r9RbsbtcGPBKQA8Pz/XBO26rU9GFJOlYonApMnYNqUKWY0wl6ETnZb6P2Idst3qAsqBtFkOSINHO/eC8Jd8hU5IyxHEgBOY0MWPpAECXwiWDGwHp0rgJHx2MnVSIhnQ8/UnC3c28ihb3xdGKLcDStUfbo1U8wmUiRscki6Bvmkzz5UvlgGNS/abC5da9bq1K0GX3/HHSpMYwLqgsQ3vU5ctTM2paidDc/4T2SYx5sOpx3ZsC/9q2L1cfEA4VDD8+AAwTVYd7bN8Yq9uKiKSKXSufnldAt5p/07SsdlsjKgIv8UjpVuh3cdo5Eof8qMr12brrVguay5nvy9IJrVvkJAH2ChqJiZ/9iGWYCkyBzSc3XZ5gQgZjniP3TIV/op2mPkaonZtnXyGRAQSOkVYylcinnQouErwGjCWbGZxLG3erOGa+TJ11lQxU8eGrj+prb40fK/A+9KC7yMEale9E6A==]]></Encrypt>
</xml>


2015-11-18 08:31:02 debug :
------------
String:
account-ticket<xml>
    <AppId><![CDATA[wxe5b18b9bd7e3626b]]></AppId>
    <Encrypt><![CDATA[wEK7yO9tH/aFBSWz4fYxmOIBqfnYq0ogk6Y3rH3dsOwxtmumUpLzxh/gJfnBxKUYPPKL7UY9sQhxh+S44k96zqrTF5pQ84xYePvOS/ZGuP8/ngw5m1+lawnVSdpp3qnvJIegH4FlHr/zaFZgLUzCxh8njFP7KDyXn+e5tnrI+rokKq+WgeN0Lf7ussMhzGKU1cCLMU/+5KKc3trRsm4OzfPz3JEJIKF5cPEnr7s0MXCGDkNLz+t0DEkos4yPANSYponAEf4yocQEXwZ8wtNcmFc/wBt0TDM/J5aVg4n8rWLwUAP71PN5JXy/s8clyUyjhA8WsjSUgPBsYQzKXG5+ridL32nKL8Gk5WEtV2vQErwXIBURNfrHBf2V1+kzW5UNvL6HR+PM2H1LAWjZP8D7NthKhCAH47PVwd6j1eV49fdWLSu8zF74rDLZAxlrLmMeRV7Hx737YKYPZ0HS367wng==]]></Encrypt>
</xml>


2015-11-18 08:41:02 debug :
------------
String:
account-ticket<xml>
    <AppId><![CDATA[wxe5b18b9bd7e3626b]]></AppId>
    <Encrypt><![CDATA[iacdS5Fu7VbMOO0gqiahABpy4GKRuB+woADSM7hgyKol0Q5dMIcoC89+Fy7p7dP16IaZQ6QJWUgcwm231Qk7HGQqQ4m/hI+F4TcHMjH6EoUvp/Gz8Jq0ej9T3BwUdhU6mDD64M2QPJ3WomiUOHi67I4aR1YW2YXffmfU1FkUVL+sxq556EvNYbLFJX3qZ59d73qrIjQl4xcq81sElsC89QzvHGEC9T2/5AENztFp1SkaQ0KGr0+0kLy4iIgrvyc+3c5n+x10w3ofENW1yX5VrPzwNyXNET35kzqaPlns6rwsN8fpSItgYspyBrIAV+hi5ALyCh/+Tdo+ADHg3lJTp99aKN6I+6ckpjKjW700Uc8Slo99xeEB2kUW+3ABhOyNyQa3435vKED3rJfC+yEMVGwZNTQba3QwdZNeZxT+TAfJAtUzXC7CxDmPXbdWfeQ/qi0BWVrDk6aYAE+VkXmwCQ==]]></Encrypt>
</xml>


2015-11-18 08:51:00 debug :
------------
String:
account-ticket<xml>
    <AppId><![CDATA[wxe5b18b9bd7e3626b]]></AppId>
    <Encrypt><![CDATA[bWWCIS/c7RA2AT2EgpPuM5wfdLuWCvbhzQJ7XS8MYgI+t+hlv90zsBwc+IrW8hprV0LR9FTSW8ZT/vpYEnClEJEFDaPLvCBQlmWKQv8dZgRkh6LGjPYq8ocLUjLeNN7UCYXtgr2JOPGziZcGJwMEa8dphD9apDTIFkIVv/6j8i7wRgguL9rafBUKeePS4+2SWq2rA8MSU3PEfn04xyjd30NG3glhnWaOksOCiXcnyRP9ZkFM5LGGbvbLNppp88PjjPG3aw7yDqCKGsrggM2HYD1ES5FI3APuBEilngY/mo867JpD662Pt1SIHB+JSnygwNmYThJFyx/3nb7bWKYYA+w80SBwzOVUNf6t/Wc6B1jT6BXUZYODta6EH+vp4mfLgHU+ZbgiUmurTXNqkrQdA4MepbL1q12oxP6+4/9h1ejkN2vY8doAFGt2mEfNqZ/eD32AufqtBrN1wwt4JYS4uA==]]></Encrypt>
</xml>


2015-11-18 09:01:03 debug :
------------
String:
account-ticket<xml>
    <AppId><![CDATA[wxe5b18b9bd7e3626b]]></AppId>
    <Encrypt><![CDATA[2HTVhNF/yZE0lJD0MpATq0CpHfUNyuAfQyGcnebhz97sU+WJPnedA0GULxQoL0bOT/k2frlQk7E3+gye0wGe3sqgeAQ/wu0cJLtcudhrpvjt+IuCgp/Wsxt0fhOPOooXTngtV1D6xUni+rXvP3OrhwkCN5AljgpuLnivtTr4X9KbsRWYzTqDLPDdQrN3RgkwNj/VyWS3muV9Xt2BSzcMwQWNfHOYU2rGRON/HrsZacDcWKK1/BtYSVQUA5B17NNdAyyF/DEZd5ze+Sz2y3H8iWvN/6zjyAJ/5pqzJpKtXkUKmVPbbaQNpc7a1xeb8Ca2n0kBGr8G+JdsBxkTgzKLf1V1+0JAW1fWExi+K8me+7EiCTqhpW9HyCo2Y3pqrreXneFj2fhAwr6ME27yjinVDqh8WVIBgk2LgawR1Mt/Kd81ptj2BWs7UKtvW4Zu6UBMuMhdJSms8xd9UiAagtSeXg==]]></Encrypt>
</xml>


2015-11-18 09:11:03 debug :
------------
String:
account-ticket<xml>
    <AppId><![CDATA[wxe5b18b9bd7e3626b]]></AppId>
    <Encrypt><![CDATA[KuHMPIYecHTq96gUdAWuRCC5+9yW7FOh3zgXSwlwil1dLARGEVxNb0ce2phJC2EhvTaURqBO3l4ashHM5NANj0ieZDS4HYR02xTMHvJ7ccrD/DG4TPEbOj/vfxfXxID3hJ/m0R/tWGkjQTvxp4pC6//p8kzOwJTQolyKajPvzJjuP73Wd+afwo6DWItHQqZjVDgC2BjALNfjazd5h6cCSnf2i/Fw+5qXvc7S1yjR8YAGRk1aGVJR8CbLFYhhGVpan+Bo3yUM6AkGtYx5uRpHQYGJD5tVL+kOUJ9nUzKffvFW41LS5mdtI9PazPUT2f14OaK9qgVWJp9LouJh1W0fVx7W6l98iAaGhZuImwZMRpBwz0JP68eN6468pwRdQGmSM976CvvZJ65pNogeiFQIG0ResVjjVKMF85QRiz0hjKGRipGSIIm39Z6aqCQMmlI3ErCOlho4rT4PRMdR+ezztQ==]]></Encrypt>
</xml>


2015-11-18 09:21:03 debug :
------------
String:
account-ticket<xml>
    <AppId><![CDATA[wxe5b18b9bd7e3626b]]></AppId>
    <Encrypt><![CDATA[Vzylimwwmdn/Pm+kHGs/MR7QY3jdP4f3CPcJmQQhKwGDZFuxb2XpQayI9EcGmcXz775ep0eOsLo8IQpzo0auz9mrBsF74kPjepXhHBmVgBszQWTVTOL5y5/TWOpf4kBkli0sShaIPbb9jiWozklzCS+RR681YyEF9vf6DDbICdpd2xow0jq+38dknH6y5i+PpMUcbhWUChHCxyb5VwLFl0ubpacfzL9bzoD9wqlLIcvPQLub3MCH1z/qDXPgTvRqDzO8DfesOC87ODGNlwGeFnNCuAJuArSe7eDenvBJvkjSaKUdGSzG5aboBXYxpN+A7SefbOtJYKsyZdFxBA6CKw3CaJWN+e+dIewt65WSCmaFzSbi+5sW0s6antZm93ixZqvfTtBS3IWriYACc55eG5ne3oJ3KKRzXWAJST/L0RZ+2N0CapFalJQX2asRFQH9KWobaXwZjKDmZEBWiVsstg==]]></Encrypt>
</xml>


2015-11-18 09:31:03 debug :
------------
String:
account-ticket<xml>
    <AppId><![CDATA[wxe5b18b9bd7e3626b]]></AppId>
    <Encrypt><![CDATA[zPCF5ZNnPwCVk2VvkTMWI+tt/WVA0FcznVNUCiU458MIgqFOMxgN6oKctuvXwXXU1kOcs9yZRbJy4gwTtI4/I3/kDPGgp5fOd/8EGH+dErR4iKV+5M1AmYK8psLWCSf2oW27LuxaxNs5nqVKldMffDGpjhVcSYfz3MydwWB07IuBNBjWaWB/V5TzOi9HUs4Nc5baoE3kFfaGkt8jik03q7yJrLBtRydqRKigTrSCZOfWHPBhmrHK1g8Mb7D42V/U1dkPN776gDx9WPG70hlSnfYLd1g2WDhTtw5CrOoZXsithWi8DsOwUw5CR8fex7NzGZoZMcr99iAlVhHB31Q7qbqSSIJSB0V7+BDPBrjO4Nmk1r76bqUv4eI9urd5SAoqc8va9Xzfv/Fmjm8rcUoMSOqQHxWTJrIVt+6FWbeEPiaPdgMVUIXgBYry97CF22EOKmRxh5H69BsLt40yjmGRHg==]]></Encrypt>
</xml>


2015-11-18 09:41:03 debug :
------------
String:
account-ticket<xml>
    <AppId><![CDATA[wxe5b18b9bd7e3626b]]></AppId>
    <Encrypt><![CDATA[p7NaGfuJg9cbjjjz66uLI0AbsqQIC+qbMcM6YUyPI89TN1HsUPDLzqKV1Ar+odyb3BqcXX0ch6l/W2WBGGQUBwdhpjoM9MPZpdS7X0LAdSV/O5sTZI0+9uyPojuv3iFp8YLielnrlZoet7eERp4dpyDmAkwYVpONBKyWlFBA/Cb8DGh+Yr91JDRfGo0Q/Aw7JvQ9dz0gaur3ehWhVmNN/fPKPOlSGGhnlYU/ci7jb0VxyS/5PeAXr0aqXe7gjgUxw8x+UklCnS6hr4Mj4KRSoi6a2VPYNa5ZRLuN4hJyDr9AJVCJqea5gR1yPcCQULie3axWHYgsmj+vucJDERJcPRLham00fBhSnKoJgvdYjeV9GJpFKxwWpuM8yctMqUth/MBbCkQLSIrV5FTs00STQ/9Smii76lx+YuCjizaXJZw6MnARu1bCrNKu7N04yLO6aEbKPDtxWdz7XpAhjOSHkg==]]></Encrypt>
</xml>


2015-11-18 09:51:02 debug :
------------
String:
account-ticket<xml>
    <AppId><![CDATA[wxe5b18b9bd7e3626b]]></AppId>
    <Encrypt><![CDATA[BlCTAZEYKgR9FyGJZtr+8KXBY8YvoROxPicYDF3XEnnqcQ9dnDMqk5dG4is1jk57HO7mON0fiK1mgUmbW/osJ6SwRKQ843kf4OnFf5DkM6Kuah/t+N7GiK01pWx3ehP+lQgIeJL7Ra2HAPpejydGiBm3QMBxYmsNlzYFrlf2U/KVU+6EcVSoQtehidaHIgkLfVDM/M4Yo+no1lw0dc/Fd2PZesKN/DTlyIQKmrNtwMGQedMOkeo6VeFg8WkPWAWIG98vOXRJ9B+t3lOiuCMjBfwAKOJPRWOodStRplqj6ZAM/nUlJX38yvhGrCrKjRcTK9dy/a9U1vQkdNsQVVGZgTRaOkH21i8DL9Z+//frPBrEGZ3OvkfawCy8HxtV/Q8L0SRLjsyE48zI1zFqGOwa7+sJRyJcDH1RDmfqCRHG7WVt8HoKhhbj2Kyt8NY81EPaUzV0grxd7DlXRn+UJXy4Cw==]]></Encrypt>
</xml>


2015-11-18 10:01:06 debug :
------------
String:
account-ticket<xml>
    <AppId><![CDATA[wxe5b18b9bd7e3626b]]></AppId>
    <Encrypt><![CDATA[o1GdzHeTwVWmXnzuGDwmPPHdM4P/PaPKbj5zndwfFKTl1+s4vWbbtxQCr6fABtkrzdWC9aTqEMRt4RI5jNArA9i+p98GLiQjCzxESdp2VKb72QO3N59yUwBKd0ewUayePu5RLP7/lBRR9tcE3Y9UCV50n9g/RzmGqW2d+aBMI9W0eqI3EcCuAsyvsXxyTVItd7nkyesTB3Y4xCTAO2KXaYC7NV9qwBf3xKdpBlTjiHC531GygiKngpOaqXAffMR5UnLojLSRu3qvm3TrJ2opamdDmxxqwYFpXqLlot4DrG/0GiQH5JABm08EwRdht3mdWV18XNwTCl+zrPXRpntozxwLfL8YJtfS2Jh9391eFt8OyazjiFE4DMZFUU4hHL+Zkwsxm+uOxhSHSppYBAvZV0CxOGHblEfvcriQfxSqyiW+i+jyy3EyfEH/fpF1pHZBs0lEzyLeUYWPBzf9qio8XQ==]]></Encrypt>
</xml>


2015-11-18 10:11:04 debug :
------------
String:
account-ticket<xml>
    <AppId><![CDATA[wxe5b18b9bd7e3626b]]></AppId>
    <Encrypt><![CDATA[FUrJdKclhrlQpXgvupN8C6zyTPKYHNsGhm0vvHAe8UUxw58ZMhDeOb33HhHDMOqR/cH+oUJYBnqbV0AtaPlYXQveJQtfalQEST40OY0G3T6DJ0MzIUDrVtto3NcY70GdykU74vcGkA6+rK9yXsREysv4P+AG7vkOmCxDVJKt8ThuPbYjiMRLILk8+yaaEipYg/bx9GharxUv7Eh0B61b2wnFemHYYDKIyulN7PZfrp5HgWH0sOtcJSvD8nordvbYPdv20pwG/YxLaDdpDlTJq9jVk3vceLXyGe33NdD5O+9QfCi7UOV92ZAVgkjeicxQ1k4MD13tWLwWwFxeFv34Z8fVd+3qRW8/zjzWhS6LqbzJHHpjH9aH6EyeoUzDcxUV6jEaFdUWHE6GPlHntbBxiYCQ8J1sEXZmMBUyYX9sr3CWJtDY/VuguWxoFbbb9hMWJc18WDFIOoDrd74h6AsZNg==]]></Encrypt>
</xml>


2015-11-18 10:21:04 debug :
------------
String:
account-ticket<xml>
    <AppId><![CDATA[wxe5b18b9bd7e3626b]]></AppId>
    <Encrypt><![CDATA[1/WIc7Aa4YHKXjmeTGfO0ePIwjaEyqYavxx1vY52ALoM7IPIQjZZYjPO6ba8vfGjgeGqc4Vs5o9cEGqbd9NQMm3xQCugJrKwsRwAl4ElHk7X+2czO3RM3KaoAnIOMeWxdaCif5peLPTUr8Dv6RX5Gu3eADrqwFAyy/Ci8SanrvxEwT1byvJYXUU+UQLWYiuabWn/boSrU7fMGqcNSdbHYvvs+BaHK7omxpBXPKR3dValBmt2pmEoc4PKOVczzCT2tbqwB4UnGVcOuCGc/qaZHKrhPV+MgkB2k6v52kxvAazNyFZDEij9GhNAUVvWTcG6yPdUOsMZDUZG0AMyuQ9tsKaaiR/5Sc1u5IepKakSpHg5FFYdnCHxyWgpk7CyTw6s9jbU2fwDh4y85NvCuJtivqfirVWdUDWCKCaqWCkvPh6ddWO6WZAssIXy/0OyxUAeCzGXpMVDp5m33p5l2H1Hpw==]]></Encrypt>
</xml>


2015-11-18 10:31:03 debug :
------------
String:
account-ticket<xml>
    <AppId><![CDATA[wxe5b18b9bd7e3626b]]></AppId>
    <Encrypt><![CDATA[R8xHa7P3kYCImD48tQk34WTROviied9SkdOo88ekJEh3U1UteMkBlChn07M/sUleqMX2NgeeYrhX8feoMiv0Uqgrn/FZxwNSa2ANp/O3DNyLiwvkelQCD/a91PuptJahi2rTLRCt1Q7RN5slwiBGl/5ZOdQ1kyBRDfs8GekUCvV2cOL0wepFWKIxZkRBLGeyRiKlV85sSxI5/paVVgjTrRggzr9c3WItJ/h+T0UqGrga+nOdgC+tmgnys01ZQMLLyVDcppmep2PEjHxmjgwczkPBdfB7fZqHYlU0XTSckvt1yjkRLzdwuW74R+k5rT7OxO1FLq0v/jcZN7uvetPiVA/uHjnCAHHbfFHaUB3zd39NByrqCsZVZR0zlIXuB497ogQNA3X3GHkukZHC4nvQg/StpymEySClEAi8wGUBOos++vHkUWne2wvOnKiOkTsjO2rn3m785xIiG0dd1pxvrw==]]></Encrypt>
</xml>


2015-11-18 10:41:03 debug :
------------
String:
account-ticket<xml>
    <AppId><![CDATA[wxe5b18b9bd7e3626b]]></AppId>
    <Encrypt><![CDATA[L7YavMFslPd2CuoJxUf3llGqbbvbzB73lVcWdDUvk6ISgvZSRhpojUVGPJjpZv7rRoErWjoVDbtP3EctD2ueZIw9zdhK2JxjiymOD1doHSF22gONzX/8xLWrxUyxkeucla6fMKOMbhUysxUHk1cyASoT2a9JRSh7Y12RyT1a08Db/umWjwLDuxPGEmsrGV6f59Zu8P8UzMyU9YcoVBLnt/NRSWAaWdvXFePyLIz/e8mIsOaM/S156lYpCH0qITmN1Ac/I9BkRDk6DohgDhi/GniZ/qUUlHD57v5DQsOJgNt3SZ+nY6V0fsm7p9Ht2qMbdZVLX3jjDQ/wFT8NqZLwNuQzcSssgWnEbaWiJDDFovP601bqz0DyjTl129dQkdrK+HPOt5+A5Xg75+bi0kQjtNawsPikjZln+yrDU5XLlHeZ6C6Dmac4nqkvli98Jz1BU5SvARHzWblBAn1JBjGq3Q==]]></Encrypt>
</xml>


2015-11-18 10:51:02 debug :
------------
String:
account-ticket<xml>
    <AppId><![CDATA[wxe5b18b9bd7e3626b]]></AppId>
    <Encrypt><![CDATA[u0WkMUSUVrskGbaVwBn6TuicGYTlBA5CucqSdi0kGWYnV7m8X+i9kLYoho2nsqR/HTm+eyBC9PuJCcOC8eXgUefZ5VnDuXAuyd8JRBYU47qa9UFTAcqBqzC96eXBmDkwqwDFOdkzLO8bupqoRyNBjP4kmnWJw8S841DpiJbeqVCnvDmpO/+nNRMLlLF+3IJpBWyLaISmgjhi+mTHIgK06rMHLViw7Sw+NpeZlPvVWSp/Wt+8HWLlBx7oPjBtT9mPePgWYHzKHURO3DHmHpiZsfSD1q1MMsX8DRtKcCgOZKLaDnI0IMlZlnJgKSejC9ZHc7YVinAT1YYFS45cMLJbEpn0tTNLnZJnv7x17kwhisG6WOpYPrJJuJjansoR4z9MRrmkTp1FERZdFHWWhrvWXc7srQBWvwIUFS8NrBMUik8pq0/LQZGl6tAjKb+hguQDLTtI1KnaF0Ddd+Y7mA2Juw==]]></Encrypt>
</xml>


2015-11-18 11:01:05 debug :
------------
String:
account-ticket<xml>
    <AppId><![CDATA[wxe5b18b9bd7e3626b]]></AppId>
    <Encrypt><![CDATA[0MxNlOMooW9dljgp7Zl0paQI3kpT0UWmCRJJ68pVKa8VCDy6zwFFN6mYRRtA0orDMukRf56Us3LGAY4nDLN4cyq0by4NmupxKmvmCJAROlcgMydQCkWuHsoQsL77LoXm7Xo5kKBQaVm09LCD8wXKz2T0w6xucSOct/IPffhkIm+ERyY8jDZ3LYTde40Dwx9RjPZwUXWryJ7qJ6/T5is9mq93+ltaU/NHTqV6kq0zxnh3YNZzA9cOe7l1ORDCl++UotrCJjgsNr5RjvBT3W+sfc8+lk0GEUdH8Y8vdlKGC89nCJfWSqvi6Y9xyugklIslBMUEDpnq03Gc62n5iVZNULiWyTzL5dmhQhjBGKd7+MePq+O8uPA0MZrbqPJ58MbhzuWXvlTnNFpfpPv3TL6uetij43ZsYJA7a+rQ2xJrJOoiV9D2fgXX++uM7fbBfDNog2dS64H7sxr0sABulaRuhA==]]></Encrypt>
</xml>


2015-11-18 11:11:04 debug :
------------
String:
account-ticket<xml>
    <AppId><![CDATA[wxe5b18b9bd7e3626b]]></AppId>
    <Encrypt><![CDATA[mNLPGiHLVHsubLjqz6BgXiP9hOvpeeKO9rhXx8qZruni4w6ONIhjLzsZYEUbFaxcJ9JHIRRgrM1f5Wx1D000Yjurzux5p++pq1RXSY3MkmfcnC/7dB5ett0U6Tvuv69kBq/eWhGIqlRiQ4pAxn41Mw/4sfruR7fKhipTpiVbCTFmCJ6ke3Qh0SIW0RLPmH/oJhLKfAH86sag81VpZeLOVg23kw0D0ApHmzxO6p7SzDspaumUaaINFeqRsQ06RdN7dfC+dl7gxcYfuEQzEHb3elzJ7DFQpE2qJNP1xp4UXCvqDkXnOs4ZX+gUQ7sS9HP9nxOlg5EvnK6poscN6VHub0Kye9fOHIDetwkLMlPFR0IWA5o97Ouh3fea2nVH7CsLQIDkSvfpihiSzZJcgQXtT6YGFZKS8u+3MMT3KQUpVTZmH4Ld3/eiFVS/gWWXA/KCCm7oYd5TerciKW9meANTSg==]]></Encrypt>
</xml>


2015-11-18 11:21:05 debug :
------------
String:
account-ticket<xml>
    <AppId><![CDATA[wxe5b18b9bd7e3626b]]></AppId>
    <Encrypt><![CDATA[mQqfnVm1HFuUWOxBU9DQ81o5GXVYorS934AbCV1iUsYUjyyGcDq7CLPU57Mwuz30aktLVRdNN99VLssnG9m60t/4pACQyD5/V03oSPkGIzdbfcaVGD/Nna+ShOI6HYKN8j+gjLDWpu64zfyxrd0LBqCAfe1DWh+84wwpYyDVxZDOiIC2pV1Wu8osUvFcbx1otDkHsJu8dKW+O6mVXHlMJX4PrvqFareWQZXXeiqJmLaVLqUz6KjcEcHZ0QF5fV+0TU5zOoT7A5uswgJYVe4kRA0EUxBj0874PHbDO5V1tpIt0Rk8td2+bG+Tf2k7/hiYQ4DljlXoTT4Q9LlhJaXHpojLFncR8/VaT4V8wAkzGesEo0pTGcil94cQx5FbN2HBdto0OlZKBHIKEyqewCK8F9BNkIQ1FslCNJ2IZeAWtBV2ndihfcLr/9Rv6T3xh+9S01sG6LL1AP2mmHDfr88uJw==]]></Encrypt>
</xml>


2015-11-18 11:31:17 debug :
------------
String:
account-ticket<xml>
    <AppId><![CDATA[wxe5b18b9bd7e3626b]]></AppId>
    <Encrypt><![CDATA[jFoht8PD89oq6+YVLTnK9fipgw3l6/gYOvTC1balC1Rnjtf2TZos6CjAbuPQzVdRrV0k7uWCCHVXZ1j3ZJpnqkLqQ79z2vkRNtBTecqZkmR6qIYBVPCMMxqJkbFy/9uG4ruJvMXuSAmsWsv1mgerdE1+LKY5GSMcovCvaQ2dzAZ2hy+r7BhjwPLg4efa9m4SoiXdQu27RGl5ZaGFxOiWs1oLqeLtJreUTAVtjQAF4Z8SeT1oz8iJcbbor/kJVTxi+wvKJIvhY3B0nsJvvhfjxJblrrhZHTLk4kXe6r1pu6s/KUy2dGEVCL1kJLfPYCKOilfXjl8PH2mgsJA5yEppGNGK+ZiP5BtbThjrPXgenttxxSyHwy+rhhKH4V5w2bgyEzpUK/ia9gdfKAEfVGUtHmFv1M8ppod3J4bi6kEY2Syr4fMZFOuoM8XNIV1xOLx1KtKKltv/QxhrPSUr46zNHQ==]]></Encrypt>
</xml>


2015-11-18 11:41:04 debug :
------------
String:
account-ticket<xml>
    <AppId><![CDATA[wxe5b18b9bd7e3626b]]></AppId>
    <Encrypt><![CDATA[vC60DNQ4OkC7aSQecbPoMLv0L8oW7WKhsFGjjfOX+wxt45bFsV2tbopeMS6+Aabotjj4oL+SdLIvhtjxXKNn67/FSlH6d5vSshC1E7lnqQtwZXuuZpN4/G0SVUO2CJRkk545kAA+K4HeZh/v+DZVh3rDpRhzvuCkWwG/J+2G3e+Yq9s47WZC7CTNjpfvGquLpy5fwWcdfRbMMpbEJ7DAwsQpG98pg5h/CiJUacG4mWHSg7830I3VL9EqAmiw7/FIhd19HqRJJ2H1bXKm1UO4FcAi/9O6cyPdKJj/PCzLE34K6q+1GUIohxq48JlO+raCj47trdXFyLuh0cXtqr7sB0KvdjKKOIEh/sE/pQ28u3Nc+XGLHv83mDja4WtbQZLe5XV+heXkSAVydav/m2Vr0T7jOALSq30cjLd07kwC8jD6GhAc/oTTHYObnS4EnVLf1rkZcakD+qHalO+KUqNrUg==]]></Encrypt>
</xml>


2015-11-18 11:51:03 debug :
------------
String:
account-ticket<xml>
    <AppId><![CDATA[wxe5b18b9bd7e3626b]]></AppId>
    <Encrypt><![CDATA[w/duNarn71rwfw5l3JKJV4mOSNs98C0Rp2QoTBhJgOAnyaw3JrPT2iTwMQok8zosHyhGcwqHjoCQr1pbbbPpzPRDTnFDrI4vIFE0X/eBmgij5e6+4CbSwpidyPOr2Vg5Me3jWz3MyikCXPhv0e2RLDla9UohM2vGnkKWG9R1KjlvnAa9YXo0oCK90z7L5tb1Mjsu3hX76ooxtk5iNO9Aqx+rwk0lvgZN+Hwos8c1WANrCXdWx9B/Pb4rRWD/uTu0uPsK3NlgFgAo6Q9uY/yQIzIfpDMQB32q4e1Kp5rqcpy9PKlX0GPDnbu6BgQK/6nQWAsAnDT6bFVx1YdvpUvUZMgIKHfgivrR+jdK3YT3qDRT6/Qb2CVmSNNu00kgAkBrCIXNlKziJAvof0LvHXkQGcDfjtddQPucXrhtK9m1VkFFOTIeptKwQsR9LiWWHrMT6PvhovxHZJkgCsZXpHYuYw==]]></Encrypt>
</xml>


2015-11-18 12:01:04 debug :
------------
String:
account-ticket<xml>
    <AppId><![CDATA[wxe5b18b9bd7e3626b]]></AppId>
    <Encrypt><![CDATA[08OdRgStyfpjlGuZFGatqbiITh0TCZ1sR3jUUR9STUJ4HVHheWzqFfVI38xAffna4twbiDPU3+tnqjdbdhS0BKtn2xzVyifcf8QnwwHnJKXVbR7WRXmeavQ9V7rnpl7WnmzfT0CIJXInYQH6rkNjv5D7nZe477pY1ta6zosgDbHqpYO4IiieJpFTfpWhB0eUZ4zBNpytvGuC0sbmzWjih7xHIYsQasAlqASVU8ozCQK+I+IlqKzbfBFOVPVYC7MSgZ3l2nokKf2ZJK4qF0Q8jXPnCTIvmRInay5dPE/1GCeAzhzrHRaqVOsKacUSaEbg3qogBRuerkzNsAva0iLuPZ5JdGrKMx18cCk3qRj5mT0TjgSwGssyLmKphypg7wjrROrwgA1QAXqyB3QEyNOBT/AMXufpnG+wCc3VnUEELSNbojf0m56SOfY7x35LXJuBN7R5wScZgegFlddM974bDg==]]></Encrypt>
</xml>


2015-11-18 12:11:04 debug :
------------
String:
account-ticket<xml>
    <AppId><![CDATA[wxe5b18b9bd7e3626b]]></AppId>
    <Encrypt><![CDATA[I4znacWv6z0b/PpeFkIesjea/At0NIWXSQkwyfSX6XLjaiU0UI3QLVy3brUJ2AhPqgwa+vxPBbmPAEDWfQIFYYTtyVUNT8hsl/Emnhz5jC0jG9s9r2D2wNsAGwKDqZ9gQy/zrMDpqP5Oh+ytN5raPCzJmc8RZpukN0eXzSNNq0QZ42ayRLXoSG3UDGtArkv0Ykyb+K9DuE4WzV3Sf9oNGd7uguk5uUxJZKfISNU0n0jWo1z2N0VCfytHxAZg3GW14vfvfBDUEezYD1qMrBFa1Z7tJYSd9MjAW2RBUilWcNH32L5fy+tLzW2yykTwRM00+Blmr2YsYbQpMXPkBMOHf5BszxFH1KcQ2Ge12FJNaWQE5IbPLBhPdOcvm20/IM6o991yOFQ6Da3dyiIV3GjNk3LZ8dvslkEdHKMkYRt1QwWET7aXwc/SR9dTd3nvE4CA57OSokec8Xg6ZyPXweLYBw==]]></Encrypt>
</xml>


2015-11-18 12:21:05 debug :
------------
String:
account-ticket<xml>
    <AppId><![CDATA[wxe5b18b9bd7e3626b]]></AppId>
    <Encrypt><![CDATA[jP5NT8NPX1n/M2l6reacxLTjaPt5em0AAcrD0k+2fZMk+a7RPb5eRE2T4RBau67baYZFLpP4lcQn7qsVFskMrf0ma4K+jqN/ooWhLR1lRom5HcA2XkxFE2bCUv02hzNKBmuNq+z7JyuIG+e6uh5zP4LmXMm7VM0KlH5yNqzWBEe72rTiK2U5ju2tT0lEqNPWTBcx/QrTAMbX+m1HbwlWVovuwns3Q8O26ITdl8ASUj2c6OsagLINUXIdEr3tASujZiZvdnzy5GxWDFhQbWXd8dPx6LXTF0nztt0Q4U30H61eoKsyXgvvd1k9xJCxQz3eDoh3t41i1ZczIaEyCbZZr3z9Ap0En6BHyD0Pr241AsEzXWTUlEI893OvhSXF7xjqYFfnZDT9cEnkRvTXAKLbQ9hD7MdJ5tgyFsr16WVWeL2pKArBmD13pAdk8/GNLyJheYAev7DkjWFOYC01NjOTiA==]]></Encrypt>
</xml>


2015-11-18 12:31:04 debug :
------------
String:
account-ticket<xml>
    <AppId><![CDATA[wxe5b18b9bd7e3626b]]></AppId>
    <Encrypt><![CDATA[JGAEnEyFROc+hFW67qq+04VfXbr/vdD3z9yz1k6xCKzgUZkGfQz5/b2EgfucIIHTELYYFJWMQRrcnDCpJMXnz+uDis57oAz82CagWLBizY+D0SYUGV/kuC0tKali3x1sWR/+01tAnuF7cyp1NP3nUHP7THJIYc8vs360Lhk3fBpI1V36/3S1YyICP9fp7LFT+IfUO4bR7MLV0aunyacXaqp+MhY1zaxM+miS6rZNPrkryMFAbS4e9/EUx7sUHoa2fr6ht1OEnik5jWVx+Xie61IzwUA2ot8gS8uoaHo/9RaBFFLZGcSLePu4UKOvuyvA5U1grwhbAKMuMXpSps7SOtgbqUgxrzHC4rmiak9CZiQYR7FboHuQ9LL6V9Ni9DE3iZq9c3iqFjK4FQ/XhakpFxAPNcgRMnAj7CeybQX7bC71pnXGXSraxoXvlg5RO/hs5+E4kW3xN/e1J4sY1NOO+w==]]></Encrypt>
</xml>


2015-11-18 12:41:04 debug :
------------
String:
account-ticket<xml>
    <AppId><![CDATA[wxe5b18b9bd7e3626b]]></AppId>
    <Encrypt><![CDATA[WVeJEdNCZiIe79GcQEbB/3U2bD3Es8J8CA22RQNQvecTFD0cgL/0TbH06zlONuQBPwkh1fgb5fcAw33VjW4tMPbruKOs1Lbtu512nk6CCxvTpQHPSLkcxQ6NQuQrmrSA+QvHOIWLe6mbYQR6/95DWlwr99rQmlOuZXQXQAnUSyeha1M672jMGawYgHaEyzTMa0qtsO9c4KzGA+0P+GCcXIeCK8aNsRNyx5uGn2V9oMFDY52r8WNH37tf3+/hOxVdmBpfBfgbAk43uI/0dhGz6aPFqQEV5koqwQgQ5VR4Plp46fSM27RS/dyn21IgoepXZXd5OUegbYbXBnTijKkdmgvBsk/Y+kuKImGxY2EPO7hY5GNDo1YVvS87V4YoJQoNtMHqkXAHBCE6FMPxQQmw6DXfYzCDon5cY59nPa9Ys9JBUPwVaX1mfVNQm4KbPDZsu+kCQen7nE7jC1+LOXyImA==]]></Encrypt>
</xml>


2015-11-18 12:51:02 debug :
------------
String:
account-ticket<xml>
    <AppId><![CDATA[wxe5b18b9bd7e3626b]]></AppId>
    <Encrypt><![CDATA[TkXRDTHDPyU/4cTGmpFa0E7emGQ6WTGHS71DLw1JxT2UOoh9+/TqpdrpD1LPfQoR+tY3AzJO4Hku8Dn/lw/LzqAacTwNuK/DqtB1kcIypu9j1Yy4lLe5QbZMjAepIZQtMzauIYV6NPkGlzl6VH8MQJCAvQbP3Oqf/mMrSB3x+ikprEfEb3YBZZVFhc5R0bYIhFljtiDOFoqmtsizous9027LRLaYh94XyqspQLVvSkjv+tD4f+8sYRJxmB/oLMcr/lC1UAkWky30D3jnrViu7kEnltW52JowxPd8J4hhz5nOS08zIdprHDnlXP0x9r+7zIi8Zj5NroLdHsASqfGN72DzCPNHUS/ymBcYYBw7BYd6dD1SIP/LjS/E84ywlgZ7ECpIOkF7pqTjasViS0bpnQWK3Wyy/73z9D7zKaWXJsKi5mfQe3S8XxOz2ZxgKKSKP8i3G7eWAv0Ri4LFPIB9bA==]]></Encrypt>
</xml>


2015-11-18 13:01:06 debug :
------------
String:
account-ticket<xml>
    <AppId><![CDATA[wxe5b18b9bd7e3626b]]></AppId>
    <Encrypt><![CDATA[EUKGf91AyHdwWp5YW9wInMTIF+Y4jjmpRbD9ycxP5CLwCbEK3qlyAj5I73MzpJTNZn2mpd3mkUZ8bdKE7/xdsd8UtjG97E1eAwLrwOMvT3W4w/+CZsAX0fuusd2d8GwGljqL7YGYijo0/1tIZuAlX1ubSm318ijQ8eD5zcbaO/65Yr8MmUMpRNKMBZ/oRiCl/rJfyB0oyXzO87srRFyb1Aeywqb1LSuBrYXsMKPI1RTM2W7mWgCeQ9VyPHO6k3i0tW7hRbjVfwFMqM7gJnQhOVJap+W+JgSz5zQxxyyFg6PLX8mVgeCrd6PSOFJAiPYlwo+Lj/DnOFvMc74XoTTRVr08pahCRGXaPBF/v45v194ey+oeX85XF1YFFvlswDfRKGfAONwlRO9efUE6mqrBsOk+F0VrhBR3oNU8IEW4vjijdWJflq9OVp7oRICkTBqR+i8Z/150QkbbSRNgKA3xiw==]]></Encrypt>
</xml>


2015-11-18 13:11:03 debug :
------------
String:
account-ticket<xml>
    <AppId><![CDATA[wxe5b18b9bd7e3626b]]></AppId>
    <Encrypt><![CDATA[w9BjSdhiGDu+fZFgKW/1MPlKdIp5R025nza6swz4/WahrZgUZnta9z84WyNxpDqfzr19oRjJsOOTlRq7InL6PQ98Ujk5XiIN9N5q++QXa7BdlTJSUk3Hyno+AsJLksLV0DMG8pNTVWEyPNp/RqwWyNQiOSqK63NKhwGTR7m/JB77haFH4KbuFBYoLyTmLWbKT4x6oydnpt3x6ZVylPybrEsXba0JDbIN0ZhsVNcTQqMygx7NYof5fdzDG7646p80RK3fzcykxtn+UYdrXW70NPkWskQaZaHsvI3pHIfNLpv03MTtHV0wY75UNphArJyJo8tXBqgl63KwClkCGP8l/l7pb/3dBGX9vjO+ioZGiTQx4veHAXBkjWfHF4lvC3TNCE6lzCsumqizbFL8GtFyVK4beb/loG1/tczN3j87+U5vaRHpN23E1L5k9Uu7h8nuB6wgu4A9Rwo5+WyV8tP6BA==]]></Encrypt>
</xml>


2015-11-18 13:21:05 debug :
------------
String:
account-ticket<xml>
    <AppId><![CDATA[wxe5b18b9bd7e3626b]]></AppId>
    <Encrypt><![CDATA[mP3mDzqU9Df0ECY6sIRmKns2XzfgYrOOulIxg3fyzNW/kc6xJOfN0rd9SBjRdEvloH1TaSZBPfHkCQror4vXtTgbjKqoZxUOfrcYMaz9XnN+Mh7gGB27LIIq2pDSCAqg+gr/S9hoooJWtf27HOIqjQ1czEhQIenAYmIjEFTIOszpMWGTFRDZJG9pK8Yt2+H7kjPIYQFeMGBzRTUGjJOfk75IbtnsYEVH1SLZBvQX7ERHAglQvy15AMhhU01DXYxolbqr0SaE0usMC1weGNYxU571I+oGA7NLtc6PlaohGCKoZ1vE3efxiKa56Tyoiui7SZKlMrzjcArBpky1dUq/yo+DfkmGbC4kG7NAJm3iCHFuaiAPUCBVWIBuZ9o2xGh7zR+norT3+LRdKGomM3t2tm0Zr1Xl8Dv7niyql2LzNb4hvlFyWdSbkSwzHXVIPnyfXKFQmIQQWNZJdCKrkEy+rg==]]></Encrypt>
</xml>


2015-11-18 13:31:03 debug :
------------
String:
account-ticket<xml>
    <AppId><![CDATA[wxe5b18b9bd7e3626b]]></AppId>
    <Encrypt><![CDATA[IIQ2s6p7o94gVnBx9jcmFo/MuiP/eYJfDTlaXQJUVx8HCHC5xBT22GyZAQAa0pI5p5ko3BZ8KrcHGE9wFDqmELi3VzoYrWrN6JD8TAYG8POuO/IqSI/Ff/7ihJBlDT9PrcAB8qy5A2hjIrglSbt18qdnYgqQ6kZXGzL/Y6N9EtJTm4se8+92YGKOaGlq1MQChxUctmOD5QrPECIBebI++EiNhdJq+KtzC9CDnKr/EjPjOBQWidMlTYq7BJ4M3oEEXkq3ad/IELB+MFrRjQv/HwHt75nAH1TxOuYTvSDbOM+zIke3rTaB0EQG/NSMZ5ApilvptNzn3qTacSRFE+XNQldoMPC9P+YDCKdGYe+PoAfp4m66JWm3erCz/Wf3HJtW4oqQ/UbbZwkYevCuTHKNeI2tlofvkiY6s2QI/jJvtCTs2Am4eMRsli2yV1c8Xb3fx+PZ4TVZ/na6iy1IN6+Zdw==]]></Encrypt>
</xml>


2015-11-18 13:41:04 debug :
------------
String:
account-ticket<xml>
    <AppId><![CDATA[wxe5b18b9bd7e3626b]]></AppId>
    <Encrypt><![CDATA[AUU42lIttWHgMtyhorqRdDPaAJQphGBHSxdqCArHekU4M25tpUM0rjUBBsCbfz/GarsxNZ3XQ7KbskkoNx5JXgCkSM7fy4HnAmZIDf2NJtge7ZyDPs5g7m1Kms6c7lN/kYqmgXUOANSyzV71JXk6tcAg7Kp/spXr1VcfssPVpUz+Q5cj9jGhXx+/fGSzGeIjSjy/7ZI9utuOQ9kKx93zWBk0MeZaIEXOIppQPQzbYVM9Wedv+qd4h3meSKcv/qHOf4g4cnWnD21cUukvSCegDR6VlNVNiQax67Wgt6Ghi7VgJqMzo0YWz8zlY7ljWgls4yf0lcHpWQRYL2Zhjt1uvOAun/d/izUGXNgg3szzrK9j31v0jAFziPUVQFLXmqCXUogbqgh6qamZnpibXsbhstOWZBxedr1DNu2SDE930HrknoXje2UVcYZueK0SdOWuRyTWVYzJPCksfkiF0RyA4w==]]></Encrypt>
</xml>


2015-11-18 13:51:03 debug :
------------
String:
account-ticket<xml>
    <AppId><![CDATA[wxe5b18b9bd7e3626b]]></AppId>
    <Encrypt><![CDATA[BlMzQMDzpQ/jPDdbVULSMAtCmS7f1gLRqT6kyCH5APv2rWvr6GG/0/LMZxfciEzvq+14qEeVnaI2M0WCEQkfeLtojp3Yp8tykC1HzVt6HDMtSNnZzx0C9rGaeO7x+1AUE4DLPRa4tvRZTRJOEKdwNbXh4PfvH8EYYRrS3m38MxHhgp1x5ridhlkb+fisznWzM069n53+aty8rx4FZdOQRcTjEUdJH1uzR/y1ber6XoooMeoOLDNm+TryJ18kAnb8ZPwvDThFS3I603dVTmgq6OhRhno6IK93UmxPy6xcukqwwFsrk5qJP95K160760ARalM1awKFelUf+hIgsiDOZsaCF/Iyz/6HndAQibZf6Bp5DdcOfgxmC7caZZsNwjhgkrMk3KxkoOpEDFuv0Yoa1fCdDd4mIuIW5l1Sj5zdqs9/ezB/e6d2NdwoA/q8kmzSuIUaVu2UTKndtS7HDiryDg==]]></Encrypt>
</xml>


2015-11-18 14:01:04 debug :
------------
String:
account-ticket<xml>
    <AppId><![CDATA[wxe5b18b9bd7e3626b]]></AppId>
    <Encrypt><![CDATA[Iyib7vxMzJUqgquF/BSTLkP7bLaKvW7I+PauYGGr3VtXh1pTfQAboTeE5rrqA8jn8taAuUfZU1XSyfHtNQ2iZPbXDatQV+OPGTUubqaXSvVBW5FGd+U3Y3kUXSkTss2ayQ/zYKJyqiVoUayAe/Gg7gA7yODiTYq9vCrikbGMerlTfZrgDERQxBWR5i2DMnF1va2eU324uQiTjsAOGVYz7YwqTuBxKhhXQaJhUGwsDcZsUks95qYozvBiM5gZweGjpvHne7X0qv5pQ7sXQ+bfPUJz/zYYbdGbm0zGdoA+qu1zjj4sPWhZA8c5b1VKWvlbZThPKqn6X+3daOe6ydY8p9GzJ+q9pVr3vhoGKpUmw/mSNpktQ4CTnY2/67a6uvkqJ+X8gvTWWwkUTcs6Cuppos8MEZJvp9bjLe+KQ4ayq7Ifs7w4HUJPcXQpQ3PKeNBkPPRjy0lKihjI6L6IPpg2QA==]]></Encrypt>
</xml>


2015-11-18 14:11:03 debug :
------------
String:
account-ticket<xml>
    <AppId><![CDATA[wxe5b18b9bd7e3626b]]></AppId>
    <Encrypt><![CDATA[G/J5SL4NgrlcI7FMgb5zkLUaOu5t2m/ODqmQu0BP3r3O4rLlhUzcYD2wHT5MSrrYdozCCSLvPD01h0w6teWEr5nNwW+M/X32OOFwVnhgw3pv94kxE45h5hKAk9EAawkMLy4QQ/HIVuzW4E8BdUng23EVbE8SIOjaeANLvTFygAVtYi583F2J7ZwUlxdSEJsOwsaIr/wK0sHtfn3/TCPscNd6WkVdKduTnl83wXZmC91+QeRrvKauyfeA8tBX96D/PnpqkNuIcZ+RSeWQJuQytWTFInlbmAfbw1NKi8xsvX9sZ231EKeMZv945AB2EoE+7Roo45agdBqkU/EfPOkx/ZoAM2djA5bt3j0EwgcJbdDsHywXPKeIJB0Q1ZtvIPmVX4TjELNiwqbeN7MHIsOl5ZWc0o0N96PcC0swcI+NYeiBc/F0pyGmjA2PE0TF1qPAT2RE0UdRC+A8mrJ6H7py/w==]]></Encrypt>
</xml>


2015-11-18 14:21:05 debug :
------------
String:
account-ticket<xml>
    <AppId><![CDATA[wxe5b18b9bd7e3626b]]></AppId>
    <Encrypt><![CDATA[ljIEiS2VzhpDHbjr8ogBvHUuN6I7f72BF79zt9NSQuEI793wpORp7toTiKiEjhMsunM5unqv54NB5NjUmgzCxrxEGJ8QKEIEQs176bUlMXRWHOfWzfYn6Zh1DOovWK5dhp/q8Mdt3cBx8sTNpUNETMbOygr760C6voLh4CzchzxCwe+tOR986eALMqH+IB170Acldp1DwkuFhR7G8ElaTmouiz8Bp+ZTFonaqAg5eDZx6UMe4UBojo9VOj5v2ZKkTItZdoSOUPizzRnAa2x5955DXFjwzTnwWxrxx/rzlPBIvWGreQYpOOLN4Z3U90d+9wWxspY7Bq3K8AUag5QFYtB524GrK0vONAzPbPgHBSCnwdIoXSiIFHjRVho084BOmCQqzHJ5mS5gksP/IKeusRQYOT8qi70J3DuXS6i6xcXtCTbyZ1FbNrN5XG2DmlhCMBrh00/cNntPkkZPSfgtxw==]]></Encrypt>
</xml>


2015-11-18 14:31:02 debug :
------------
String:
account-ticket<xml>
    <AppId><![CDATA[wxe5b18b9bd7e3626b]]></AppId>
    <Encrypt><![CDATA[1rzsyaf/poLO4WOTuOWeyPd3pJYbSrsWJ27mwOXRxgwDt6E2NPlDpU82YS1mFR1TFXfmLI6Op1p5eWgOswWr0EZ08HtzF1Z6w0IOmqhoUFIAMlXWYEuKg2kSUVDL6hGk8Ph2aB8lrzr26Cf83xlN9x/cNlg/s5xEL9zCLgRP97X2vsX/I1hUaMkIlsZDyr2n39ivzNIJTfgYl4/n3U7QGxmgS45Lr1+1PNCwrzqKPlCpUOUkgzODSkvS9ZMnPChu2X0SxrV0XwmTx4R98m22tlXgX7USuPj/CNMRxXcj7VSBRrVx821J5pWHAIijVYmxNgWvayWAVysYrIBbEuzVFuM+caY3c/C3e8dOH5bHgijEJMlS21aSKrLcVdNLvxBlOcBQpbzIvCfdJbnHMrpfmzWShFd8bjKxLxNT+8M8bncyGZ/9pFregFSycsGzXuYYT1Cq90Kz4pdVQLx1T0FSQA==]]></Encrypt>
</xml>


2015-11-18 14:41:01 debug :
------------
String:
account-ticket<xml>
    <AppId><![CDATA[wxe5b18b9bd7e3626b]]></AppId>
    <Encrypt><![CDATA[MKka1SYIPiaFHdA5ef/tMMsMfbexsP8AYnbE2ZGmYGI/m+Kit5HU7SkF+ifTl+m+ZGq63xHjj8TdqlN+vaD7lRCN5ijzplEAOPjtFFkQhcJx2XxDsmvG9gzdXIkyUCaIJV4MWsw04hru/4aeAYcmttvkCcLI18PQ42LrGwa90wwUeCrhtn8DoyIRVI/KqxvmlK831hp++MrcmMW5eMdjFnwNbepvNO0drmy2Viu1U35dO1VxitwJtrrMZtTHGIfjwLTH6x3T8QvYEWY7UCz7ZnQDMpIQRBMl+y0EixidF1qHheg0SNEjNFwA6fsPl/2Qy6e2W/ga6B3FQp5PuxjlKvChFPgKDr4HVcYMaAeEfX8pIG1FQWX1lGLtsZ3hMvm9rbOYkQONTlXfcEU59HeJmS18jhqOmo+epVlC9ZPhDfaFjJ/fzsZpWdRAWcooHuYrhh1J0xaKCIO5NlXmKRQ+ew==]]></Encrypt>
</xml>


2015-11-18 14:51:01 debug :
------------
String:
account-ticket<xml>
    <AppId><![CDATA[wxe5b18b9bd7e3626b]]></AppId>
    <Encrypt><![CDATA[on1TFiBAvFNf9usxTzG6DuaQ+EzLhAZyMuCc9tuKjWrH4cIxA6VhCxIq2MyyI48yYqN6UFGj9SzExOD0aeLwpGU4Uo74ZXbDFGiCN0azcwHD6yXDd291RJnQjMVYnRANWAchJ9eD+IQMPEBE8WYLnkYPOSS8w8mtbm7DM9JTEF0X6Ta3HkQL3UiDPubzx5PCBzW8uvgpgWoYs3h59YsPKhwdUuxTuCPBnQUXYlxciBTvRdDXHbYjNhr4ATs+tQybcsoDV+UGY4L2V7m8k8Ta3SFhkt3HBiuZpkrVgmiHI+9v5qOhZKGg6BByez0U6kQyeaXdL+lRSuDE8gUXcXVtF/ArpS6kjsu8+xlgYO2/75vwKKDjSiZzuTd/CuwK4kZJI8YWuRDlDN0mU28bWX/s8MWoiL0jeQJogm13tA5IF97ubnnshoc2gzRDXvZxO8lNC/R5OFYSK9L/8dBfL5X5Vw==]]></Encrypt>
</xml>


2015-11-18 15:01:03 debug :
------------
String:
account-ticket<xml>
    <AppId><![CDATA[wxe5b18b9bd7e3626b]]></AppId>
    <Encrypt><![CDATA[voOyBfO+jVJwARWu2smOWfLJQpRDCvSq5j+t4cQ9AZilEMPkunwLh1nIvCcEByGxUvfy58azeaOJLjF2itITCV6DwKWAy3N59YAomZ3bdRZGBWOOSvTHG30mfT6572YK9lynAbXRW2NCKAq8k5YMsM9fCoCJ0ObDjB4yVvUKU+6dnPfqxwSUM638kvRrRqMocg374g/Bk9EyZqMuZE/sbQXWU9s4uPITU5+yqhI00mhMdonAr9CGH1M9Q8rHrIaPwihW9NH0RhjP5dA8o8qO4QhDVJQepAJPLpMn9rWOprsWmVZYw2NeDcvrxgdObfYo7PZnskfH78LD5JytsDRdKettMf22fjpGbzEgawwrBiGVl1PtYtrL0rPZ7kpSsKV/YKhLfyCRKTCV4EBkdeegSp5dQE11Dks3ZFVhwBFB8UCM7X/N6qZkG63PA5hCuqwtlYMMabwEZQB2yC3MvTPM0A==]]></Encrypt>
</xml>


2015-11-18 15:11:02 debug :
------------
String:
account-ticket<xml>
    <AppId><![CDATA[wxe5b18b9bd7e3626b]]></AppId>
    <Encrypt><![CDATA[l+tBUpCvo4sTTQa1p1aSETMjQcY3PBBPbWgKuKx5itjUrkXZgKB4Ms1D1mLvB7ajAZGbgAaT7/L+U1DOecBftM+wBUHLMavFhLqOPUZyFQxl3twrqPlddoCjd7cbnXmISZmZTNkcAq9UvIbX3M10qazrJwsJ6y7pTL6v2Fo7Oq2PaW2Vl3Z4nyq7mEaC0EkqrfxUGnDs6C81lAMn8XR3ArVwSRteBf6qX4ZYN2U4G1f65VHaLXYk0wX2YwY2/BDbIRH7OinInwkYEaL2GavE+tP1XCLHx/zZWXTFrEgkK5DaRc3Y1wBL2bE+s4p0ZBzFXZ5P7k45iuvNrdcLJHVvRapLgy/APR/+3czMKyVn7UFAoOTJCKGA/jHFaigGK5H35LJRoUjsVCtTG9qtll1r8cY1nUclMbURVUbhS8jQ1l07K55E/Sjlh0kET6I1XlMr74DY85fCxok+aGiZgHpOWw==]]></Encrypt>
</xml>


2015-11-18 15:21:02 debug :
------------
String:
account-ticket<xml>
    <AppId><![CDATA[wxe5b18b9bd7e3626b]]></AppId>
    <Encrypt><![CDATA[msBOwH+kPqnrpOBkGS3WI5ozXdb3dKElTXHzQyfHFTEGUl7IUweyloVVTa2Ewu6APD1Jk7B/bUqT9l5s1Uqo1yULN9TvSM0QNn+8W40LVQSmFCLwfrzAFIt7w4yj3kzpVaFupCu33MCJ3I51gzkeRMjMf1OR29ZdG5kU5b//QyNCwQ/CdC3d/lDH9cWoYlX3vvmhnOn74O8b/rAVSnJ/CbQrn4jvsT3T8poyGRRC1/qxcU7G6UzrluQtBeF5cG5Sk16Qw/UyFEkIYclJqNR+8i6wwQnnevRk1H/qY0mtB9ChWB5yLkZHM3VaiCoSlgX9mZiVy0R+mgF9QRXzlvtnZSSToXQzKLOP72ZzI28N9A01VIN9Mndttyq9DF6Wt3LMsWplXGrgRGQHeJBbLajWcumE+HQjlOxKUS7oH3Aj9niJ1IK/hrW4DC/lSn0qHRTpAhSbyu18z2pjAGqvGXLyXw==]]></Encrypt>
</xml>


2015-11-18 15:31:02 debug :
------------
String:
account-ticket<xml>
    <AppId><![CDATA[wxe5b18b9bd7e3626b]]></AppId>
    <Encrypt><![CDATA[YFNPIG1xePfyf5y5V3N48SMA3ZvgBzQY07CEPU7ES44hU+wJ3jP8QZBJYlbdOwVIU7K3o1Tr28kGpUuVPH8hPNPYy0/81UdU6iwPGHm6qSJhx7CZBDel3oT+LZ1eb0uu/AlrdDWMsYhI56F0bQYKZ6uXqkiWsy+5qFu5CKGp5Agh6HyTOxLQQ64RcwF/NbyYSS0KmWScUHHvKTQ6ZB0eg0L2pvjDmfZGhjT72c+VxRhow0EhqxeLxLRQMn46R3HM4NOgPVXdt0KY6pMPbWAcw9HqEetozAtXy5zJlDWjIcK9R6oIY+fF2r3Mm13XZ9rmOXWFoWN2ViH88bj7/D9nbFBY/sBq2lPhnCbAKD8og5qiqXRiSY2sss2lactXuqn7LULMQ3Fq25NFshOwi+UYkDVKTHSgu9/3wcdLPOmOTs4dM6tjo2gf1Ut6Utr9fs9BReeMddJfWnhP+dMR9rRBkw==]]></Encrypt>
</xml>


2015-11-18 15:41:01 debug :
------------
String:
account-ticket<xml>
    <AppId><![CDATA[wxe5b18b9bd7e3626b]]></AppId>
    <Encrypt><![CDATA[ucPvgtfe7Hhgi0je6wBHEjsvgh95rE03LYBmpbL+pPGSNhchOcpi8miqtMMqXTbOxjMs8VqJoNMNrzv40prZwFqioCCVVhPmW+ELs8/pn2oVQTLb8E09odgrNGB+2AnyCUfFywvxgffqAYakGbkxlivEl5T0WSCQ1Q1oiVdVuuh9T2PZ6IK0/cQAt7LaZSdYIeYGDrV1TJivYgQwLlkrfZfe2oBP5g2yQcqahjK3BYeGOvMwZdwRV1sSwoKqCpaSOcBczjOOLkpYKosJIz5J/a9ctwqxRLhRWpiim7oeJI3H3tw1RPHm7un3kBQ4KEyO9/Lu4M3158dY5+xHt7XKiFXdpHk6E4joiFLMveirLOVO6Z/hJtS8bWnTHQW93V6IzOIfvqVL1WnFvOyH48gA9/t0VxQFbI2a7fubod85ux5A69q8urovS6mJfmP6l3jnR1JB5BvpPAq/FywI002lBA==]]></Encrypt>
</xml>


2015-11-18 15:51:01 debug :
------------
String:
account-ticket<xml>
    <AppId><![CDATA[wxe5b18b9bd7e3626b]]></AppId>
    <Encrypt><![CDATA[O1yXIpM0Pzd6wDvizFNs/AqmRVukQx48XO3A/nk8dc8oyMcuta6c4zu8kCHrx+SPca12oS13hvRZ0PkXCIC4DOgqyUYF43aZIua+BD0rabNTixNFWEaWzS9rHFzCIJiCSqO3QqJ+A83dYjPpzG4Vp+GHyCoTTSKDb0151xnWGtWeTC7zYsJ4Otn2ecq0Leq+ItAfBM9BHpnbzqj+BKCBWuPI1oP2J/F0JEs0BQBVr+MTTcgnFQIFsdYTm+zg1K0syslenUj7m5Nsq5299wrDMQiifytsUn1CWFkR2+NCTqVKjrLtPQreOWRiSPhZAWH6gqslZhr8f5gjwZg7vCyySisZHMox4QueOkcI8c+fMyqqCo1hJv70giFX/YPQu4Fq+i2ODlnsUVHL8ulwq+H7YqE7iPbDsFgqFnWSt4pZi44TqbCLzFXt8hVEmLVbI7Hv2xGJ+zmCLXVQ3I38XQP00Q==]]></Encrypt>
</xml>


2015-11-18 16:01:03 debug :
------------
String:
account-ticket<xml>
    <AppId><![CDATA[wxe5b18b9bd7e3626b]]></AppId>
    <Encrypt><![CDATA[acMjfsHybqFPfL1/R8QRYIwtVQ1n+t00C3HAE5DLF8X1t6IWFkR/l2fYrD1PbK9HG8KW+NKLTOohRrD11a0CyE99xNXha+mPWDQewgBERTXgoiASYkVQ7bB70pwvubEtV/5orLO+ZiPUOw5CTlTvkdQPU9+RKk2emFe5TvC3BociLkZlDcK7eWFLaPDoUDlyLYJoMOOzlE5pIhCH25Bv4lDvCunBdjeYeZvgf+Tal/7/Ctm9+QzOntASBio+dFP4V2tGNHU0X3a2vX/0NKJKpIAtdsQEJO116Y4AFRdejjpNO2HlkCvyz18yB658tCLZH1OykNcrAfeEUNGhG0ZrW08y/+aP+cEAyeXNGW3k1xe00ZYCjy/Jd0iLy5HXF7mVfT5Cm7bZ9l7lzsyk3D/ht7AQpzOnOCldRi04g/8k6wi6TbPh+tMSgB8vaebBmG8J7xA1+hd/CKi7WO0a5EOWWw==]]></Encrypt>
</xml>


2015-11-18 16:11:02 debug :
------------
String:
account-ticket<xml>
    <AppId><![CDATA[wxe5b18b9bd7e3626b]]></AppId>
    <Encrypt><![CDATA[2Bv+eZnNiT5lsIr5MQbVIbsoo+mMWomgLrg1Q7WXZjFbL48NEsQKbeNNamVCkcMW5VBU2ufbBdnoUuLDw3fgNY4tcwK9BowQvlDkcUYjRx67qkYVZ3C8Dhb6VhMfgv0YkLeI+WWGmwDQ7CgG+OKpfGi4JBkjCpgXwsDwYpJ3NoSnQ4oceqcs7HQy7zqSRuslWqyWij1X4xL1FuSla0N6D9zYH2Zpe+FS5IVR/cuuK28MyXxQLVawo/jLHXQjHJ8KPpS48cMjNJBeJo1ikI9Zworg1yGWoL1kCFDh8hWl201bDjDhlWCTPcbXJOuvhlVC/QrmZ6HRiZ4oH7kxLKvj2GI4mvuFfbOX3QFfa5UhmFl2ZpXi1prBveDIqdlisNRldzWzEx0wtCVJp7ie19mALmLFv2J8LFRe/9AAWbbscGP/EeA8iFjWe3RqhD4PXER2r5iwqkfJFfMDmuEk69XvyQ==]]></Encrypt>
</xml>


2015-11-18 16:21:03 debug :
------------
String:
account-ticket<xml>
    <AppId><![CDATA[wxe5b18b9bd7e3626b]]></AppId>
    <Encrypt><![CDATA[H2sD4cw5Bk/5II52SAVQ/HyglasGFeKQctQ2Pq7jSTEMTlcBSmoNOhEpuWE7Pup/Mab/63YgpeTYFgwiiaRoNC3y1Zo/n78xTnOhdb7mGNUaw26MaqJxFa1kfdJS+JaVWREDqaBuRzNTJiIHQSHa7faCWOmCSiSq47ygbTUP98b2suLU/1lzl4SSMORzE55cqxqxpHClO90EE9AUcclM7apAaf+Upzvuu17gmclxWW3wNPlI+ka93TBJXPUnigSHhVYCDIjN4Sj37LbAy+y1+/yU2kEnpT7D8ntzS9xr/0ajMufTLUqx5ayKHYYaOf+Zk/9x0ivnMX/nAsbhSTpzSlG0bd/b5kd33ipoqEH1FMOTx8/PCSksBqU5wMcYbm+uR0VfAxX23+ro8iWnhQAVjM3sC0BfD+jwotcOciI0IwR3h6E7Go8iXeFvWCJD8F1Q0dOfpV7+yPS7S2pRBbzm1w==]]></Encrypt>
</xml>


2015-11-18 16:31:01 debug :
------------
String:
account-ticket<xml>
    <AppId><![CDATA[wxe5b18b9bd7e3626b]]></AppId>
    <Encrypt><![CDATA[hsAcGrP39477TfDg0CMc4J4UPwoVg6LslBzOBTgl3phIn8+xt1KcE23sh57EqEQ38132gBVg3tsD4Wy+h1ugM1bBY1DhbCfpoqZGjlB4GU2HG3V9eCVrUGWlTJh59ZrhbJNTKQdXyxZ3V3wKbPCnqJ6HqYvwtVJ4nXhdz4xP6NSWrig77Jvlf91ED2w7ROx17aIqFQbLxEo/m8UUqJ6zgxrcBa5llqNairNKQah/XzSjQ8u1xjJL1kIzbheHOBJKhmCvyzz0sO1QaY1kGrsJRoPO+u2PsPmCvmtcfN1FyHJRX/y+Xn74ab7dE/EwUNcJfd++RkCjWD95syeu3h5QWxLuMpIj6IIPDkHdYOrPN9tAV3HKQXPPUtmrPxSConNPWQNe7qWX7+W6UYdFwL0QoxbNCICCX1v9UCI6uASYNUYpNDjH8SbIyw/4DY/50pNkNJZCjriyLa5u7Geb0rRsIA==]]></Encrypt>
</xml>


2015-11-18 16:41:01 debug :
------------
String:
account-ticket<xml>
    <AppId><![CDATA[wxe5b18b9bd7e3626b]]></AppId>
    <Encrypt><![CDATA[wmlkZkK82xnaAXjD3hmNhStkfJaJeP0rdc2+nwlsbiD9+nCydI1OlwbxUesf2Qzb7e7xmjEhchMj/jAdLTbNBqBb0QktG1y1dAtMg0WC/IfIWVZR37Ws7D3Xpx1w/pWBWwJ8SoXkfbGiWGLraMNBS8L+mBc5wYN73jIUyGz6PQCYvqPkfijGCgtxLaljuwfuNXuFX43WvehWhubeDcv7ejqyK8gRVQVzjb+/NbUNsXO8wtkJpM7punVSq+QJh6BiLxYWb1vGBfd0+oG/ZK1PzAFbkQC8AQfvJGtuItnjCRAXUsk8nvjghory67v2BQxfyB4G5pp4M5tN8kLTBB+gAWsBQifT+5sOZy7+2A0+app3OxgKkI+o05E6++7gHm063TivwkkXjMvnfzbz3sALkABZck2c0fEhtA3GFifI7YFq6Z1D3xugkLRkKdIGi0bJbDav62duQGSsRnjFh0JG6w==]]></Encrypt>
</xml>


2015-11-18 16:51:01 debug :
------------
String:
account-ticket<xml>
    <AppId><![CDATA[wxe5b18b9bd7e3626b]]></AppId>
    <Encrypt><![CDATA[dmD/vio70ooJlKPcuv68etAzHmC/ztHXvcg+u3gzATwjZDYxt+FakRdA6VvM8x+bHQqNpPtSk0/9G625g7eQBw4Z5I2vW0JkJHNJUCj9nljIAYJNINOfa3amw+/x/aAcjB7kFydfpIxD5KCITGdLyGnEKTCOGf4irmgVNKkENHLyeuvIxBJZlfIGM1qXAO3XZ82RMsS2PHVN37LnfkIE2lNh3MJ5R0q8WgJKbGHo0oh+gKcMPBG6fw9MYY2ZRdiMq+dMvDg5Hqw6qXmGHLXNQ8Fpd0dW/I1m8JGB/XtN4wXyABZfUQe6nwacVQdDaKhVYgeZrJaUv9n33a/+h+s5sohyWwbHa+cISkOdb6cS5Us+tmGxlxb9oWY/qh/LqNR7fcv8FpuUYydnt4K/stA5+lE/JVxEIqVhs5ls1j5glxGmGkHIDROOAW4+idlhNroDVgcXCqIe80cWm9X8g+iakA==]]></Encrypt>
</xml>


2015-11-18 17:01:03 debug :
------------
String:
account-ticket<xml>
    <AppId><![CDATA[wxe5b18b9bd7e3626b]]></AppId>
    <Encrypt><![CDATA[ZwgMQZU8MPdZrYDzIOkspXVGtoV7rPU8xCrXw32kI1b5VoT02re7kHjJtJCnrdv1qPsmGPNu6OeN1mxdNF8WT4/8Vg/S9QH21VM37Eej8SDbuO03IXagmGzsoE2FQTie7mE3ne6gd5wCSktjpon7ummmeqWFThHt/bUmVrd+YhqZa/ItFHFhLQ+uo+knhP0v6hNXgucKd5QyMxnvFFtT4VSf8fljK3Mkv/VO8Hr/UtVlGZP2vfQRqCHV4rmfVIg0dxLzzA0VKSLAByeNP3G29xyZ0NstLloht4BIJAMwiBcN9CXy/O0Ze0awuddiREVViEAPNuyT84H3/C1EpCghQYjk51ou3wdUfSPIRcVDZE2ce/0HVtVofsg1+i4mIz+Ifpna2/l2gVWP7xvNrXu5bCkYSKyQkBCTXpq6OattY83zvVG8/eC944XcQYt4TwDHVdl11ZM/uZpxSPFNHM8H1Q==]]></Encrypt>
</xml>


2015-11-18 17:11:03 debug :
------------
String:
account-ticket<xml>
    <AppId><![CDATA[wxe5b18b9bd7e3626b]]></AppId>
    <Encrypt><![CDATA[KhZaZ7KzSSySr/S9Sh89tunQ1Iq4HVy/zhn1oLcYR27KTLQoXry3z1BQId8pGDepsdMX+iwIqkraharIfZd+BGpK/ESuugBQysjtHHdU2Rmn9g4kcglOy1mcXJidYhh8f0IgcTeqZwg0+9MY7vs+sgW/gOsb58bEe7Ze0L0HO8jnl5fKkwLPTcfNi/SBZ/3sn/r8rZEraWnFGCybWAopBiDIFyjpKVDQMfWTfSYVKl6MK1SqyduXWOztLxpTXxOWUOxEH4e3llJB6Bb+l+yRmyL1Xdo1ZiHtYpbyMZkEw+UXRr09Qe26BpYElfv/7K6XqCmu3IZUja02ewkVBO2Qr1KO59HiPUfmUx3gFpuoez0XgHnK0iAgmmUsYmXmzWLsjDApm+LEjPwvJaTgo0AmU1iivPluKAJ06X9HQq4oTNZacalhGXXRok9SK0jEImDjZj9yQvHMfTLffEbngALmVw==]]></Encrypt>
</xml>


2015-11-18 17:21:03 debug :
------------
String:
account-ticket<xml>
    <AppId><![CDATA[wxe5b18b9bd7e3626b]]></AppId>
    <Encrypt><![CDATA[RSK0osCzK89puc4R8sfbNZVevBy9JugLi07EMx8zfiZSQPPmH+xiH2ti4Z0yIn5xoimQDdDebCMjyDsHWRat3IneWzNoeeGymMd5U5rzkIX+9EfglYuwgpx97Mh104dOO5xkhWq1DqkRFZvX5Sky23l7PR8dcW+ffEsGPcjEwIil5n/pPlOUMQcEe2ijYv1IF2MvxXByakYH63SFDHUUPDsxQYjXfeV5oSwmtLLOLVxsiEEMzoBi/Sx+2JSaqc8S918N6pecZBrZWvo8CyiELZ2QSpU3OEaqdn3WabmP4pfkdNb8WlFoHaC2f1NaPFPsXDAdEBD5LcdiRLSHL/eyW41aaLfc8JxzhivIV8LzPovKrruULFlzHfiVdjJNfeP69D3o7ZLhHTOG90QKXpVj16xhVb4KCKXuHWz2pMw9Tv+u0hb/RSynaoH0QJfcwBQDcemkWC+zD5MbkgUhd25m0g==]]></Encrypt>
</xml>


2015-11-18 17:31:22 debug :
------------
String:
account-ticket<xml>
    <AppId><![CDATA[wxe5b18b9bd7e3626b]]></AppId>
    <Encrypt><![CDATA[/zW4REBhadTpjMZ5fdNNwwqyZZ0005H/YWKZwT6/3k+u4oOvrbu9cLzLEMz3VdbOk16tWst8f4d0UjG/bYIw5jtgMKmqrh4HIrM4CfkyDHfBwnp/MvQWIVX5BLhCu+w4P2GpCeq6o50SgzLz+3Jfbh0Z6PBh1IDYZ+5nodpAQJMqyZ5FkxsFd4AmpyiG8PeBwwDcI7tL/VkvGZWCHTaAva+1Y/BjEtvKij0B8D9//ouJMJ0J8723CiVavuLIA/+kLarNZyXxrlER89Gaw3tZC7XCq7VCxRNuwZel1SXMu0qPLRgb1QV78tHZ+wD7xoHpDTpQXvaxg+YdNQxzYnvBTZpYQ4DKDV1GL1LzQ9zU0/vJSHVrkjmasfmsMV39jluQo6KMuITdNbiuIG5lzaEXYH/zH2EcCfDBSKpw71ywWeKoaYPZ5SZrBRWW9M7sbBEvgforPSB6lX6gQtSwEmK5Og==]]></Encrypt>
</xml>


2015-11-18 17:41:03 debug :
------------
String:
account-ticket<xml>
    <AppId><![CDATA[wxe5b18b9bd7e3626b]]></AppId>
    <Encrypt><![CDATA[jq90d88zAsYO0H4Xd5ezgRZRwNU3rHIC4aii1rzPiG+EKkNvvMR1jv2yRHOecvWOO8qfftk5EzIV7kSQigU2BY7GielMJPLbBvH8tz4aBo9TBcIwSA52810RtVtEUMQG0gLuEisdGHgh7xSBhINxBTJgCFaLS4vD8Vr7hQm70pdxz0KHfGxg6OoQKa/I/5Uj1H128k65CbT+LVuRkNbyZ1lTyNqxAUR+Z9QU+d2YjTrnfRxA7upE1MgvhBaTbWJm3ZpSCqqZySWLSPxWDy/bTEnG23dmDMAmSrq603xuCs8bwDneyhWSpz/DE45SWRF5AfTy2r9td+e851IfTKuRakDgtDTpeuq4/Ea0vElmgTLN/q/G7XyL3/Txnelzt67+02A2/z7TeK+2yEyNMG7JL2nuUYIBlPiDZCXx0oJMJzT9BloNY8lj2C7m9LglKALY3W0bmkQ53NiyxWJTQjC8/g==]]></Encrypt>
</xml>


2015-11-18 17:51:00 debug :
------------
String:
account-ticket<xml>
    <AppId><![CDATA[wxe5b18b9bd7e3626b]]></AppId>
    <Encrypt><![CDATA[vKSVaXzA03nRwIAy1JjhdJx4NZVpbfVkq9Hfu9eWP6cIaI5B3sI3XqLjcTB5hrMmhH/s1YvxytIMqgN63fZJAnbnJnl3sZwhy2g1YTAFOOAEHUGta7wTMxF/gjRNX9j19QT0Z7TUw1kewQXBiZ8x/UWCAIOTXcPDezopkF55gwrXwS0fQUOEVZHiStl2BIzETkHyMWRPNpTbR2FhaRrjlSKBgbgXFB/URUV4vwYLrwrp+il+KtSs9ib2tjfUgs1UAsw+QDGVsp26DDSp1CTqML1bkuPJF1DkUTAVBMWLqE35UGqDDvTdKhzF4QuZJbDQaQFjOBlpoC2qSCCzQvQJaS1goj/+IvmDBz7tJhvtWGfSb+BY50YqmzqLaFdb50qgdVrPiOV3EvC8zoxrMqL2InOPcAj3x9gCxwrpF1nHUyHKHhJt1QvmZw1bXcoZpfccZxzLWamP2X/1EUGZ/DxAzQ==]]></Encrypt>
</xml>


2015-11-18 18:01:06 debug :
------------
String:
account-ticket<xml>
    <AppId><![CDATA[wxe5b18b9bd7e3626b]]></AppId>
    <Encrypt><![CDATA[EoOt5Ywam6fLQ0RY2urLJgZVg3d/o+EwFmYbfc1GH0+08ypnq0+Pw/Bvnwuz97sHnC+BGx78cozxW9Kxw/89l77LpBWMX4FBKq3uO9eph/yLQQ8mhkzwehfJnLrfB/vco9vXF/TEd+R+Nj2gnkBpvFODyfFxCr1pUuDcggGuTyXbg998A0GWLT0jYw71SSWcRMMuz0VehG5/lZMajOYDlLD0SgOZeFDz+55+hbqVlBXVi4To7Bf9Hecm6C3seoBBtS+j8+xUn/lk2I1mNEv7YIJF/sepyEWzQzT1F0hk2Sch0xiJnb8VyBrshFbdofELv3rZWKSL9Yf2mejLzeX6Ss4C00kwtQWJc4kAiz9PXUrRM12lbh6KPNKKFNlAohN05xqBSnKKnzEKLJvKyKLDaqkHqVlYeESVt55AynKhQVBGYUKCjnfjIt21AIsO+K35LsAlXq+BtW2pQP1FJ0nE3w==]]></Encrypt>
</xml>


2015-11-18 18:11:02 debug :
------------
String:
account-ticket<xml>
    <AppId><![CDATA[wxe5b18b9bd7e3626b]]></AppId>
    <Encrypt><![CDATA[2IRCeWGbDC5XfJMCtKXhiYBnkihl5Tkqom2NfJBppivuDBNhgYr7wBZiqV576RJuYAxTi+VLcP8sdaFwqeUqV7vmMKrEF0vFBwaWzKm6qO332xv7jHFFyKbbfNPoombRmJXPtEdWGOQ3Tzl+kQx3rYIGfNXh3F90WlXAclFG3N9Qp/8CvjrGUP+gXGxCZr1h5a6frlnmLMXFKCklKPa1yIV4nE/qNLREQWAMVxBGqgI92+OYprYc6lbfbzd1wIZ1rhzD3TnloDsS2VbvUmj+S0TwTmzv+1Piflcdrb+2V4DP/kQ3TIIYh1VEVX+/IUIjb+9trcVEPsSC3tXjviAMUn3Vtv+hvnbIpxyAXKYnSqADSZyThwtU1OBw553ETfRzQQb9z6daS+0Rq+Srd2V6PX7UAVMqAkAFSKExfdLPC7VHUt+bVnY3Z1lM7DSkAQ/Wg1gGKmeQwtbiT5BJPGdYvg==]]></Encrypt>
</xml>


2015-11-18 18:21:04 debug :
------------
String:
account-ticket<xml>
    <AppId><![CDATA[wxe5b18b9bd7e3626b]]></AppId>
    <Encrypt><![CDATA[0HmbG+8M39bJBjXzlFYAXK8YiZNjkfqBBhwaZ2nXl0K3HKi9H0FVm9jy/Bvejn53Mc1z4nHKQOoqpAIzUWhUsfrj3pLibqqBzO8cCLvTc5Zc8SIjdhPJvD05YA5kQaYMNNjgq8gcYAB3LzuR1qQyxobaQDPd7umFjFpSTaACXvvmGTjzScjWlR/O2xcMkllEUlJ6UvXPXS1jEC3PrXmlDM8FdAczaVPCv5Z8GeVT9wY3XGpTJnPVSW7pObI/Yj5gG5EDbMgGAlDFD6FfKY0AaDpPRGPS+/8RnctAEzs+LuUyxFzs+NPerSwk/AhrulCUv5+pUbso7Qq6/Gs8wF2FuTX6UV3qIXg/Wd4YOSzHY9CqR/WHvpSezoXed9JPAHoU44xnrJFVjb+cUMVdB/3yWEecRcLMT1mJrwYz6WnV7HA2QGy/Oo4dGlM9wI8/MBXwDp7m4SwmsnoBYa5e30+8Jg==]]></Encrypt>
</xml>


2015-11-18 18:31:03 debug :
------------
String:
account-ticket<xml>
    <AppId><![CDATA[wxe5b18b9bd7e3626b]]></AppId>
    <Encrypt><![CDATA[VRHc9blmCq5ZO//myWOzFlyu/DSwO4dvYtqJUSHE12be+Wz4VB3PK/gT8mhiErItn4jGVfZHrZfTSN41GVF+oLUFGmUROqHFbw0JYXOXzla0ldzAipartD1zAvbTgIQkaY1rRc6sw0MJsjYET1bIvYQHVQo2ZhWGSqtscdxz9LHSDzwR+FCcF2JDTJl2xbsvd/CAEWJJGWZadmjYKJ36Nn639TJdYxOpxRNAnK4nfiO3SPkPTOmgcZXKBP0VAPzZbw27zneAoC1YJUPo4hrXVnuRgligo642Q1P75x4GITi2nMOOZguhYPbrCN8+10fN4BVITUNX8H/le1e7EYpUaCU53jy0WF7BtSD2PtISCB1glLyPFjeQ2dLtx9JoKZqI+QSNS0Fymxh0tFKw8nbjZoU2wr6iEV+Q2LopolEz+sunimFsISVzcr5xfK0IoxKxKxPOtqebmjqNrqLBU+2arQ==]]></Encrypt>
</xml>


2015-11-18 18:41:02 debug :
------------
String:
account-ticket<xml>
    <AppId><![CDATA[wxe5b18b9bd7e3626b]]></AppId>
    <Encrypt><![CDATA[VB/Kt5Ud08mIJTqXjCzcIstqAsDQbXCbvNqFrLgyLYbtNLVI34LqKs0Ds3I6IF9+J1Yw7JsuOPu9qzpDHcca3NyxHpneZf6o24ESDAPLad0E/ALtmn6BUQD92CqDLbIOGrlvocSXBUzAczg8wjtCegnwoMVIFEUBS0NtqhX4R9H+0biPDpUApG3rxBvteqNvPOirxRFprj6gd62KwPh8NQxxuKNJXd/6ZiFFBRP8QW1NzosPX8L1syIar0iAM2t/jnFGnPYSgOl9/SW0uITENqZiJdHjoZwqk7U7VT5ggam39kKBvFeJiTBfw4Ve34PrNzepFIKixBbrYwsqQcRzL64eLLwC1aO+BmPrtaKsNa4bZKO5cRTEtaneGwR0iIhK+7YFss/JnwKYgLAAAG9Yiph32GwlfzmwIcSuWkNqBcj0b2CYjGsswXj0KNpP9XnUAKBwkLZP6UDJe72zrBYnag==]]></Encrypt>
</xml>


2015-11-18 18:51:01 debug :
------------
String:
account-ticket<xml>
    <AppId><![CDATA[wxe5b18b9bd7e3626b]]></AppId>
    <Encrypt><![CDATA[e4nxGW3g7Lp82cFPsMlzGw8cAfye4V+oSvCCnk4c9JBwSzdD+Cs6Qo8JkyQrSCsIFueCSVgZzuOhQtMDk5G4hfQo2RJGd+Egsu+P+2CZ2lvwMm1o5CC/7Rg2Gyb/7wjD3rf7V+/OIR2Y+tHoX3iW8CqMygHBTfQzTr8zt/P02Bpm/Dl9wC4iq+GMJxt294t+FFlZ74lTEfTjd8Igf85QL27bEztKbdWCIdjAFGuWcIccX8DFEgW7UZQt7/6xw9Qr99L2BeAArCHFwLBGeD1H9NVn0u9wzgXb47zR+kaxsKe+0DzLQ97vPSC9RGMYvHjw5FgV+BxWhxkVACPHR4HEXQXV44YrY0QMkkb6bfDoVpgARgDXSiyd0k/jfdorRUKqkWgUaqopoljtwz9cD9OOzdbege1ZaZDCVEUm5lOcUogAakOQLx6zr8lTDWS3EH8yx+PzllQ//eM7ISR2W9LZUQ==]]></Encrypt>
</xml>


2015-11-18 19:01:03 debug :
------------
String:
account-ticket<xml>
    <AppId><![CDATA[wxe5b18b9bd7e3626b]]></AppId>
    <Encrypt><![CDATA[+5VHT/xjh95h0IHAXQFYkQMqmH9aN9b9f42NBCFy5kHexQkYjELzQ5jeVTZLYF5Kf2JXfMbb7nW196pwOlRYayWaZIMNX/fHVcK98BlrWiKxx0Z0HblaEUllhu1SeC6u7GvFNjb/D3jui/pwHFsC7r4YBKIEXM+1aJMo4GwYghRt0IRTYhecRNbj/EddvFLvHeGpOCOfQlKuS+ptLAGCOdmlWli8Ia2I2ejung2msfBr9EuTlKyw3sDG9FVVmDT3UqEY2ihs4iG9fFANjcS+nqYW6LTrrSrN5cmH2ZPyZr3E5O+qmkVQhiXZXYWIGW+NJ6folg8uFySFYbTJthk5iUwNFkYYQtKHLE/cFshi37UycHxohiHmxKERkADGN+RXToyIUIDzNWcwXb+cqaBDTejsB9dbVCqqy89TGW/EqXLs4fIr3ptuE2TN2vdg2k5aI2sKFcmt7qGQPk1vV5IAzw==]]></Encrypt>
</xml>


2015-11-18 19:11:02 debug :
------------
String:
account-ticket<xml>
    <AppId><![CDATA[wxe5b18b9bd7e3626b]]></AppId>
    <Encrypt><![CDATA[8PvLmfae+k+9Tk6xIFfGaSfhUPd3qywhahKA7sgv1wxAgPAbPgAOthhocyhbWViQCnGA4Ox9C0mIK2SO5AB9YAfQ0TZXOJMTLm+RrjBfvy7LB1yQS1trx0FBERMfAHKkoENoyVATEplTi9uPRdVhdgWE6v2T0OFjvn4en3aU4G1ZeLEpKVGoee6fecnK1p1znFPyraa4df52nC0LYL9lmUbCVZ21/cpo4lMnZa6cRwR+Nh5OPiOLZTQql/wlJQr84IvpC+yE6cej67tGS7/lgD/DlRZ9DFuHr83TWN8xAhUlZkwGRImeXwswImHGjEWY4zp5R/Iod8l64h28Sb165uFM+7BHIiSAhPWC69cuPg5Vb9bXS4D71877/W74QN53PciShJgir/yqEsYO644Ma8wKQlbJyqu9qK6Zrd/x/dfRMk0CunXQgyjVV2w9tq3r2BUYjEVWiH7imU19zUdUKQ==]]></Encrypt>
</xml>


2015-11-18 19:21:03 debug :
------------
String:
account-ticket<xml>
    <AppId><![CDATA[wxe5b18b9bd7e3626b]]></AppId>
    <Encrypt><![CDATA[WOrUrpnf6aKXe4a9zwByuDA0y0xfveh6JsPDky1P4sg/wFC0pMqz0YpwVHXNniaUu1rAef6LOQXHjZtG5Jt+9hsruR2XoqLoavnJ5Ig8sPWEo7TGX2b+A+7/v7/ccTn4gpWBd1qds1GbJfVjqm0wNqd3h1j5o76XatynI0VqIhiUvLkbpPyO4VfXG9MJu0OEeBYZnLPMUCEHVNscklzuEXCm0pmSs+vTEfI2xQKHrPv4mIyJgXcIdj/ZOl76y+cwMijeW88PYNKADbuc+jJ+hrdQO7CVu8ZgEsiSLQThPAILB3NGe81wF/hkmzpGFtK7Qh9bTet/A36vvwsBh2zKbX6wB9UfsopHzr8a/49F0XfRChVDHItqy3j8Wvw6TUhK4Jigk0boROUIgKyBuRr+48VEj2r0l2us0hYiEPW/DBWylRI7OzTLe1GMYPkid5uFGjK6VIfchTDvqRrrFo0HBQ==]]></Encrypt>
</xml>


2015-11-18 19:31:02 debug :
------------
String:
account-ticket<xml>
    <AppId><![CDATA[wxe5b18b9bd7e3626b]]></AppId>
    <Encrypt><![CDATA[z8UhRHlcm+Dah91pr/RKmntg3/OgHotl14NDXKBtXXqcK3ArATDO60PaGcCblh+fd6zvsplMarQFpA2RhkMVAisYdRpqMbZBL2GcsIChwhQdbjeI8tbv0Qgi6kG11yqbf+9ZgI0aAqtKF/OlXcwfxTRiTEQRPINkSlg7YI/mXdJSDtQb8WoJXf8FtPUIOvK/CkRsCn28+3Or4dpCr18Mb86I5hjcX7ceKV2osk3JcPLIOYQddsz0AInCWQjNODi8s98PFeWAh/34QvY8bQ8HGcQR9JNDL93hfZ85GTeJwMQbNG/45Cq8acbnaarULJqAt5ZvHlvJrm5CT6vJ+iyJOWFm8fgeOXLsSwLNmv0QqH9UICpKWx7U4hW3jX0KFiyrbBs7nehS6hVyWR3PZGl0A6usd9bFp+DLYl8/uIe3etkMMi0tJ/00T0kcZf4MVfTvtGd/M9kjFs5W50rH7vhzYw==]]></Encrypt>
</xml>


2015-11-18 19:41:02 debug :
------------
String:
account-ticket<xml>
    <AppId><![CDATA[wxe5b18b9bd7e3626b]]></AppId>
    <Encrypt><![CDATA[/P9gpXC8AQay08NEwseg3AAmcTinHIfpESVxVxBjIVibhQdPhY8pM/8yjTKTXXrcdCfM61ubZsJNYJPdCZJtkYV9CLSXZM3My7JpV+jgY7XG98OHmhdnZKXbAPlDGrXTDQkdetp211JTV3SXi2D2rkUZsoWlz8LnB5ccheaQJGZeVZZ2O0I2Itb6GeQrWwveHEunodRaPHVaZpTiEN/LQHhA2qLhwrV4XjtwppIP3uMRMCcSuO4He1ZGuQR/sUM8vSwIeoEdtFRj0FBy/G8mt80kLWP34BmRrQD9uVHnZ3HUvhl4WED39+eCnmUMEoiZHDkFpSJPMJ62i4XgI9aYU7+zRJp8nO63snVT0D32I4e8/meuhHsVf1Qmk/cGZOJAZ7K5odjkpg8P4wDddtK14ql0JZQEbQXS2AFF/ESKKNfPM7Da/45JKJ/vf/agkJrZF8+PVaE3rpgPNn5IsKTkYA==]]></Encrypt>
</xml>


2015-11-18 19:51:02 debug :
------------
String:
account-ticket<xml>
    <AppId><![CDATA[wxe5b18b9bd7e3626b]]></AppId>
    <Encrypt><![CDATA[0nljate086SOOMG0yOA2wfh/a208boiXm8BfZKgBaQcXCrzI+aS42MmUGy93WSMF2NomCdWmGR3+m97mcrNToWNQmMXUtBPEMujmnd4z7B3q5w5rfs6BymB/AIcTR+hK2DfrN4DoCnwj+YAEZIfpfVih2NCCf+IzhpZudjTC4pCCmwy5Tsv96rgw56x2/GhiQqXS1a8y7P40PqqYCCxqK5HCtd3kiosWgzNy3x79xajcIWFRDBv1kiqlgURRKAGFCWzurnGX3OkuZyTnUa3wqo8w/TN/ZJMsCougg5xX3vLz8ItS5iMGkMADrxFlpDeTP6SgiLR9RLNuHmDpbuAXFRxDy1uOlActiAsPAr2M3B8y2E6dMWPBlStT2NXJLedvxjpef63WCvvhjzTjSvPtNqRuc+UX6OscfWrx6nTfWUKBpg8kKOV46mNdoTTEtn2/f4vtSKuKk3NA7cUqGjxb5w==]]></Encrypt>
</xml>


2015-11-18 20:01:04 debug :
------------
String:
account-ticket<xml>
    <AppId><![CDATA[wxe5b18b9bd7e3626b]]></AppId>
    <Encrypt><![CDATA[hR/s1JEheUv14fKalxepTIQqpCcqSRVSvjs1S+y74sCV6vyb3FF5rWxomCZuqLuy0aUNWH1h4Lr+ZfpnoqB6e4Bk7hEg8KxZautWKown5PPOvGpfSOmNSWsn/Ki3fSAVBLQGjYqVFPbqwNc/9XDt16PVTHeYF9kRp6fV7QtjR99bfWzIzU7J81EL0cR7HlosCgnZNGJ5dOEqZeBzq9hgfiSQ7KPietktLaWiEDSAz36lK+Mb68V2QR5Ha8NmYpMeJWC4HrEDAws3eEiMNB9CuNoNwenpsPdoxUmE40eQOIHuj0r4nHdRoIymD6iKSgXNAWlEDwegWTXjZz9SeFo2ttoyAaP6RhJMiM2iM3S8l5TZsAtOT94mRkHXksepblLm6kyCiFoobLApwnwPQS1deijqly6WC8aTuFefM+A6NVdQ00GobVcsXuz80sYnos8HC4swxvojA0kREo+sgxQIaA==]]></Encrypt>
</xml>


2015-11-18 20:11:02 debug :
------------
String:
account-ticket<xml>
    <AppId><![CDATA[wxe5b18b9bd7e3626b]]></AppId>
    <Encrypt><![CDATA[Z5sXFNrydhx1UjLsTgc/WOirZW9RN7ixPGzqiRqoVLWRoNLUAth7TvvrPNhSS4OFEIQ07dIa7rHsn5HyWNMNK/km8s483pqmPN+x2SECc8ZMaviaYNa0k4mRbXAai9WQYGxgx+B4wKg+0jJIRhgrnTK7UTcb8irK5scUhQ9y82Yb1CWU9Fu+r1rbQA4F+8z0OD3HOKx7LXXQVAp7H62fGrl71YJ4mEwNIUe/kertXDGRBg1XOb3tUtQnMqGW9N2nacAMulkj5fLoMzy7GY4Ao7myS2aifPZM4Zy+JLxtL9pskte1fYiFQrOh084GmksLxbt46afrJ9W2B573OLFeXRw7Vsj9bMnRWV8g2TdyjF3SgiNLSpQ9t9s0rhzBNKvi0SOXETcB54aVQCHiJFPnOTwB1Jb0jm+xf3pBqThKAFSl1do4iyVaFveXUu2vZuq9fHCvVWeCeGzyAjV5PZfI+g==]]></Encrypt>
</xml>


2015-11-18 20:21:03 debug :
------------
String:
account-ticket<xml>
    <AppId><![CDATA[wxe5b18b9bd7e3626b]]></AppId>
    <Encrypt><![CDATA[+v8H6r2SUva6wP8mTcTSisDRdjJMqB6jJRaqYmmZKoLkkFgTkHwWefjWlO/aARbSIl+v4afkz8dvcg/SLB14FVTptugIGTr1zNbEYVoBoaLkGshs9XdAdrzCBnmorwCUEkbaB1YmY/9C+TawFfkKsNRQMtPbh6T4XUZsOBO7vLPv4aohzy4/sf5lZbdZ1nvq4Z5MRugGdbSS/p9kzNKXE6JxfG25XW5BK3VEIeLX43L484/iSsGUmzZAE/IL7Ptr6zomLO2wTAOvFIMh/Oy88fRnKl9z53kwGmu9XzLr/PhnfGdmLiydQkLACqPbzntZj1QyHmXDswRuzvvyynx4xsGWoCQWafnt6zcJjtgOHmYNKUxAhkgiYwN2D3V+/M2XhvR7s7giBx1gIAjIfZkTmmacF2dNS2sJfJ6Y6/wUNBj2Y0eb+fL8OKxHzco/nCGGcm1j1l/bwHQi5pLIsiXj4g==]]></Encrypt>
</xml>


2015-11-18 20:31:02 debug :
------------
String:
account-ticket<xml>
    <AppId><![CDATA[wxe5b18b9bd7e3626b]]></AppId>
    <Encrypt><![CDATA[f3Gttb5JJPuBzyGoEytBkMIj/APhQIr5QwUZ5GNw7kmDmSaF9WhT0bdlMTpx1A/1RyWVmRKkiff5ErX5aiI2EMXfxDBIYvPCzwj3ZeEYQBoo8M1eAq2Vr9lHEQDPlDjEdthAf+VxU06Z/EFT2thwEs0YfPU51b1GbzH/lwrfPhAJmqYZM+iUlA1Mu6Sa1nJhboPgbZf99sT4mnkgIk/Ow1F2IiwAgphYMVXM/BPAFSXXPAY09FW2rkep45C75k+IGZxLA6OnIXJ7E0OLFojFBHsngqILey4Wr7JiDVwtB62jV0yAzC6xR2XS8Z8sjJJ/p1frSBB9CMQay/QzrIdhnYrsSliKo66X2fZJHTHgoQS67paKXXLJmnEp/YMgoRZwvyN5bSR1y9IMGl7p0eFfEJ7hFmXiGZRwguT4FNUsMSEI6S5hjqCwYwTFqspkTaWAn2DKxhR81cg6K60cG6ZrdA==]]></Encrypt>
</xml>


2015-11-18 20:41:02 debug :
------------
String:
account-ticket<xml>
    <AppId><![CDATA[wxe5b18b9bd7e3626b]]></AppId>
    <Encrypt><![CDATA[RmHDahGG8i8lTKknrJrx1CnxAQnQECMatQ4xSFUyyMBUfKri+UH8vYf4U97AZqRVsvBa8nLMVTHA6GskH++5CTmoX8PZl1/9QkT3eXli/qV/Dwl9trcOgWPrKvVcX2BQexy13mxFYhPDixd/szkpt1CHD3MkWU+46qrzs5pTPkLOZpsEtzwxiXS4C3pGgiz0+Mort522oykLv77p16O4DvAMOduYqe4eyAby7slofbF7FhMNTdW+4bMuS14RZCw7IU4m9RTl5ATE3avz/Fzc+VN2sr2yMpRIkAopJkYDjdB4q5VjTHbnlugd/drEjbJYp6rz2RsYV21T1Z+MM/diSruNBgIrHJGwfFoQeS9tDPjkx8lrH4Cz3ru2uHvtQcreSGvKRINkKxAAp4B0ll+fAtQFx5q9XgdZB9zlD2b7OvZJuC6GhAW0l/1irOWVWjgsYHqlxFsnZs2lWslRi/uAnA==]]></Encrypt>
</xml>


2015-11-18 20:51:02 debug :
------------
String:
account-ticket<xml>
    <AppId><![CDATA[wxe5b18b9bd7e3626b]]></AppId>
    <Encrypt><![CDATA[W13BqASPoHVV3anEq8Jigq5S+CVm9pSdlwXGXPfn6Pu5ikVtyRCrf3HmrdEGHczjZHhWSJGg6qmrGpmFlTWoLO3FYjfW487QHVxWJOEPSfc/7H3B3le4jf6uycXKxshCtI4pcHoKecyD7fVwSAz2UWOaSQSfULSLtLgwzRAr9cli4o9TCrHKEonjttLLgITd/LipcgSrQApmSG9dN9fAGhF/mlyiiE3EBelHYRWVqQVLLUYhIqI5mkvXef+aha/yzxnxkp9ZFS3dSunPrImI1wDwF4gDYCkfKWyg7Y4iwu0HU06Imrqcz1IEjwluGetxLPg7cw7t6hTBvmkAODrB1YwdeJAt8+0Qe4auKzE2zseOfszRH+rLLsU4EsKIW+1v3yfs1F9POU41xW7r6Fzfaq2/vsy9PW+IRu+kt2PQ3FYGZq5uGoZfBMcuNHW4viOb9wwTbs5WfXsxF+8HH7HKQA==]]></Encrypt>
</xml>


2015-11-18 21:01:04 debug :
------------
String:
account-ticket<xml>
    <AppId><![CDATA[wxe5b18b9bd7e3626b]]></AppId>
    <Encrypt><![CDATA[ffaJHX/SsSAgsdngQXPM+RDDsEazvmZF/Oh1VE7L+zgJddG1OZ4jonu0Ac4Mn27bEKC9Lu6OLfrIySMh25/1zr7cOhacpuHrvahETx1ezUSWkLM0nO7BqTCG9G6f9qFcDBQ3oP7XlMZKlFpjSb+A5VS6njbD0o9+wtVIpITExeYKwY9pFtYIkQOAywM2NcWZQl9sj822RpXtgV0VVUeUJD+mzhC8/bfbk/MGkAfbDCi2DSB28XxDk2DUF22d98HXAHoqasvgp5nXCwgf7x/2Q7unDeHu3Gb38Y2aJK8zA4sn6o0AXQKpFJZlb5ZbnEMI7gre0LUC0uXpE6uXvc+w+52SdxkEIjUru9itmGzQmV3dn+JIigmsK+MGfeUsIByeGCDnrKy7XNgI3jBN9Z6JUMotp0tHtOw/D8NlGI3akFbTWtvMpkwV9Xth+0c3iCg2u0d/XQ9TQBg3nnxGIR63Gg==]]></Encrypt>
</xml>


2015-11-18 21:11:03 debug :
------------
String:
account-ticket<xml>
    <AppId><![CDATA[wxe5b18b9bd7e3626b]]></AppId>
    <Encrypt><![CDATA[6+NdSTEIxZngBJ0KMJupbuZ8aHFQ4v2LuQBFzetfvyJNxslGeKJgYqJmTsPffkXuBnAmRbroJ+6CvWoyq+xC0ngHRjUgcHEWjoibpHPpPtoYkVyNlKEIZATZmhvpvWtCJ8RGdmW8PDKsf7aK7h3dA4H0qojqaxRqAKclfdkyN/gN0BwWrsJJQQUflCC5yt1p/kBtPXbNKxcH+IfLFZvxuQjjNraHRZMgASTHaKm6Z6QWqo4xc8U4++ZpJgyls989cvCwwMBdZ7gXzWFpVrSYHcu/Lsyn41IsWAIZk4ktRtPkPwZwP/AskJCb4M7qTahnkpQjTcDHMxmYRGAVaNSXENJMafhs7N4rxr2Hnf5zALi9Yn3BuRLEmlcAE4fT/n1wx/KS4BHc2+snDGMRNhAyCQnXNI/CUqtLkktgstPZ9s1DlFrmqcaN1YmIqQ2pnZ9MkyR24+hxA4KdFl9nSg+JXA==]]></Encrypt>
</xml>


2015-11-18 21:21:04 debug :
------------
String:
account-ticket<xml>
    <AppId><![CDATA[wxe5b18b9bd7e3626b]]></AppId>
    <Encrypt><![CDATA[sAqW2kLrTHUY4U2WnBqEq9XE9N56CvC+YhdeW7JDcTXwQX9z3/WIfAf69DdsfMnbR+sNTwlIWm/9cvhKzn6jJ3d9nFugHnCKUnUdp5mVexDxOGIVBEduPUACCS6ywY3/1dpnDmeeUj7ItclAlDSIxFQLE+h4SKl83bGinf2Nh6pz473UjLHd54tCFho5Co02cQoicuDd3ioGe2oR+5fMdEp7arq7JpyC6DjqSoXlLf8LXDUSXjNILV1nDjzRBs6hBcfVPK6RbItkPPZUS30Xbs2i8SdWYSDek4j79WHRqp0jaj27rRyC+w8O7Qzwux4z6rkFqlKJi8kvkhqQCoEakXgNCS5IuRA88XQKh4pgN2DQ4rB8SsyH9CN6XxDRQfHTO40DT3HCfaFBPsPIiN5/N8y+/RX0idKe8jnUAn+aqs7w2fWwgZjeg6RNi9/Y4Rz79JiyyCFs8bmdPbEU8x3Vag==]]></Encrypt>
</xml>


2015-11-18 21:31:02 debug :
------------
String:
account-ticket<xml>
    <AppId><![CDATA[wxe5b18b9bd7e3626b]]></AppId>
    <Encrypt><![CDATA[FnCfktdF9h5feyRfq2JHnBVKL8V+FXGCGWePkjs3/KZXQ1+CwIxq3y0K4EiacgeqzYkh3LdmJSvmHBneZWvbfnDWmWcuM5+VnccH7Rkeo122n4OI82Lwzu29FqWzVnCr5jvFMCr8CvZfJRzUFzxMFd4OL54qQThiUTlqQsY8KfqaCCQ4G+dBiEvk81uuOMB2n1iMLyfZJWNbFD5b0iKL8i99G96faLp2g9iXYodi6D8fVEWCym8w8YDJ6xN46ZJp++01RwvwgXxvlAqQTuhd/2HkESoCdqAdV0DzBMlrkuYBLbl8sSZ/szx/XT0lvePKXw6mXaERg5cmaH2vncHdpm/T3DYLEigq83T4qVQX7h+3VrhhHhO+GxAMOZ7iQwrBsa0VjcUrv40kThixu2QI+z8TDg9xCMMI1bV4bttZkinI9MN6dmDEZKojGTC7OYOVBV/e87gdXDHw77u1V+an/g==]]></Encrypt>
</xml>


2015-11-18 21:39:26 trace :
------------
Array:
from : o7SFQs3Kqw1IvwusO17NIB38Hhh4 ;
to : gh_f8ef5613cc37 ;
time : 1447853966 ;
type : event ;
event : VIEW ;
tousername : gh_f8ef5613cc37 ;
fromusername : o7SFQs3Kqw1IvwusO17NIB38Hhh4 ;
createtime : 1447853966 ;
msgtype : event ;
eventkey : http://we7.cc/app/index.php?i=10&j=10&c=entry&rid=14&do=photosvoteview&m=fm_photosvote ;

2015-11-18 21:39:26 params :
------------
Array:
rule : -2 ;
module :  ;
message : Array ;

2015-11-18 21:39:26 response :
------------

2015-11-18 21:40:54 trace :
------------
Array:
from : o7SFQs3Kqw1IvwusO17NIB38Hhh4 ;
to : gh_f8ef5613cc37 ;
time : 1447854054 ;
type : event ;
event : VIEW ;
tousername : gh_f8ef5613cc37 ;
fromusername : o7SFQs3Kqw1IvwusO17NIB38Hhh4 ;
createtime : 1447854054 ;
msgtype : event ;
eventkey : http://we7.cc/app/index.php?i=10&j=10&c=entry&rid=14&do=photosvoteview&m=fm_photosvote ;

2015-11-18 21:40:54 params :
------------
Array:
rule : -2 ;
module :  ;
message : Array ;

2015-11-18 21:40:54 response :
------------

2015-11-18 21:41:02 debug :
------------
String:
account-ticket<xml>
    <AppId><![CDATA[wxe5b18b9bd7e3626b]]></AppId>
    <Encrypt><![CDATA[aSYML3ROLlWF6v7plX0YvaTFEmjUMe5JabEotatK/nyQ46+QSi5k01qwLSUqffcML7HqlslzN8bnp7e4dUsUkhsVQABNMs5rfliv+Uk5dDTgt/lIBlzahI0RRNUXl5Oa/LwUdo9Ub2ilCXQ3eezVb9In+SpLVOma0pb3Fc80fZGZkd2UAndOZZ8W2iW+CgAovUk9K2skn8Mr8n8KIGJmIeulu7uP6JB3RUZWMHDyKWb2eZKOCtYKKJzgZtO17d7mXLE5f5ydOn4Ka2AaoZZCtbi80473JUrAnVIm7vzUS50BHB3dvY5uvlnxXlAXY3L8lYJ+EpydW9Izeg3xlQbp8BlVl5F2nau+E3hAOl8cwDqjEqUEL8Ien40nkfb/jYs7f/P4HSW7Z+IGEr2tDabKKcgbBfYUsxO15qHOpiLVOoN/mVNng7jsIIkcsh3BHN7oq2ND23EbMt1b8IsV8N7mEg==]]></Encrypt>
</xml>


2015-11-18 21:51:02 debug :
------------
String:
account-ticket<xml>
    <AppId><![CDATA[wxe5b18b9bd7e3626b]]></AppId>
    <Encrypt><![CDATA[FdQQVBhhB5U9tLoUEaioV6n1N9UJhqWK+lUq2twDF7qW9LC+AjS/s8FYe0XOk1GsOYEeFNziEcZkhszW+uD1Ac/Xm4UGhddXY9e9pgbTrZoOEIO5cJq4W7xHWz8TtZKyKrPy6hdxv2b8/PsC/yf2BIpzWsyUHYrLKyhrzUatZ6tKCc0CwO63o5JcJ49G6PY6ibC8j/KFEpAnXTkxkFFWRvpL5wkx771BiPlNdEhLXH7TSCWIlt3uXB2ibBI++v1RhP5R2E8VJ9Qf4wD8v6bYdHUqp5xWf1WYJ4zuqyq6yzhHcYi4piui62QlRh1YiLtFd7E9LI/vt1E3j7WKAf0+uZwutj4h6E96kqPLHVIVJ4ml0xiTQnV/pfZFL1HSK3uRRxf+RDrlF58Fypcpt3gWarBzQ79EU+G5U7/lMr43GvD3lPj2bXozuh5Rqf+M0uhETmt0RYMhr2Aqso0GacOGiA==]]></Encrypt>
</xml>


2015-11-18 22:01:03 debug :
------------
String:
account-ticket<xml>
    <AppId><![CDATA[wxe5b18b9bd7e3626b]]></AppId>
    <Encrypt><![CDATA[GkRXltNHjJQjkKWEzbHg2u4ckIn2iycexwbejifkrnx8vRvhe85ftCPKrTsZE3fCj9XpJCnEQXBaHPbp2c/D4PKWtVVmOZMs0pVOjpHdSy/UARFOj2EJ4S7310eaGYnNVC+5kZeyrsWd9cJq2u28r/TF5QgKuy7lSPU4A0Z1a3csrTZKPCzJpPrGlBh21AmQ0W5UiT/9bpMh7jeRVfTbe2Y9sWzY/g3BvYN2doQgzQvWr3C6g4x4e6yf/SdDK9mU+TcCmL+bHypZqn3TOkl5eYngsXGQJxs7/WxXB+y50K7tiyJXxrWlBR2DrZFoE3EdYPS51plRn42R0QK2OQy+RGzH/TCNNBdB9Zohc75hbLXVpZnyBUZ3ZsPKjqRXB51Q8GSoaB98b7lpZn59yMpXEJv069JQ3WJAcq7CSxoObQWe9vuokrHwLuddc3Vjrq26D9/7gPEYG5lyzlB/8wDIAA==]]></Encrypt>
</xml>


2015-11-18 22:11:02 debug :
------------
String:
account-ticket<xml>
    <AppId><![CDATA[wxe5b18b9bd7e3626b]]></AppId>
    <Encrypt><![CDATA[4Xpn1MyV8ZD7hutnq9F86SwdHdVfiapx+JAw2Xsdpzb7NgqoV2wgEqOOZu+AteYDJy5r1tqtOHDQf7k6bGxOOBRgBkHw2zFtkF3B7NAwbOrJ0SEGeZA1GW2/yjDVAkDW7ELp2DWa4wU6tBLGHjnHIV4H2vMV8YnlJPEFkT77ZZhmkSxKk0Bihp8PwCdyKXxz88S65RV3GAvoygOZiihMSupPLJb3pOvsR4B85JsjAhsenVHMxWLGwH260cF1UuIvnWwKbPh9NwkFmlp6Z1p+cdDNOjZlqXfjAK7kjgKQ7P/FBKnX4L6gi8F2PoXha1fHABQQRfYbnZ6dbPoW/zB+qYSh7tRLLzdBnoXTFILyx2u83pxtaXzFtcUwzoL7SkLY492LRmh2p//J/UY8WyOIIrbL/UTiJb5tEIqQ8jZQal1yCD3NHWy2K1bLHfs1XNITlZjjW5/GbU/+AgN0ZbeKmg==]]></Encrypt>
</xml>


2015-11-18 22:21:02 debug :
------------
String:
account-ticket<xml>
    <AppId><![CDATA[wxe5b18b9bd7e3626b]]></AppId>
    <Encrypt><![CDATA[421I31g4gpdWI1h8Bkvd4EiFFL8JuGtvg5dqWQx8AYoIkm+LMIxSpwSKShVi4jqcHq9w3tTrjWC1mPDrei3hZ3xfp/2tM5BlUdSdVe4Bu3f5hnwDo4CipjmvidCHqlHhOVDFit9VXkAZLXJ987CJ3wz6kkHXL2dBOWsjfae7hCfYvwbuv08Hl9fEuw05npdOkDLZHRbkTqdFdFM4mYsK/QxT/24WYE+50ea67uAZU4j6pCBRBlXcH9yRtHaUxu6LJqyBpiqmRFM4VfYtGV2N7ne/2ngFGqphGEo2gBkHeDlGGx//QIAW7eOTfD+KdmedpPMuOwE9ZDxBTBoTXCIEEH4tVAA75e0kdtQk4ZgR9pVkU9V9UpGu4rRp2ey0Kqy5iayiEuZMYkuW9PCB8tao+FbkoVcbRk+izlQP/tIu/OmLKS7KFJ2oPUO0EW9GYXN/HyIjuKzAcunr5IxY3qPEZw==]]></Encrypt>
</xml>


2015-11-18 22:31:01 debug :
------------
String:
account-ticket<xml>
    <AppId><![CDATA[wxe5b18b9bd7e3626b]]></AppId>
    <Encrypt><![CDATA[635NGPCsy9A27+pVp9dA9gd/wO0vSldXM5qTXLbZVorMOJzSMd9TVQGn6kM0wnCa4EB8Y8LGQ8WqumqBS01OvYhiyYB0bOKOlHZ16YZLcS3sad3TexRX/uO0qYX2mRQpqHAemIs/Sz/AIwgOVuXVWx+Vi88CbWSq6Uivrzo9gmTKpmyL6LkCxAKoHHZrky8NdNntrdHTj/vc6u9dsZ74RsGnzl4hdHV49Ymwaqb2mpYZH/GYMCv2h6a7Kiw/zvKComGiSGxXOVY4sTCQgd15Kah/d0GW/0VqQfiaqhTz1epRFJqla8wHouFyfKql3Tm4xcUj9ch9HQrShAe4iN+jymRLY1OjGi6PTirSh8sJ+U4BCAEcSTZcDR//G2wVxkfT1XvrWehuYJru9AI9N6Mhp1bT8zi3KoyKU9yrsLjqJi7Gz0aDARcyN5J3lIP2Rud/sMy/WorOAd/ADTKtXf+e8g==]]></Encrypt>
</xml>


2015-11-18 22:41:00 debug :
------------
String:
account-ticket<xml>
    <AppId><![CDATA[wxe5b18b9bd7e3626b]]></AppId>
    <Encrypt><![CDATA[leKG/X6+P8Z3qwGvbNmBA27PwwRCnQjd7UVRq/NX7t11Fizu2ZdCwdODOo9TIgiTtFPG+UtPstr93UF3AfgOxShfZYTMg2zzUjX7U96KnYddCMiP40T6JrAopda3XH63+rI2Iettgc8/0qc+FSEPJH/oK1XfvrhTsTU8SVaWCstgRhUv9qO+kpDYdjq8ZIwvy+QrwtCer/AJ2j5sGZOM8oW79v6hGkeNPLwmElZnjs7D/jOKkkYgI/HpI8Rnp3fEhp0ZYOL+YkGGDy5ExSfNklxMZ3YwABBXaPC/tcw+rNzHTqMYsZ/stoMeim/QnxE85qF/zBJgtU6PConL2RYxDPo2UtmStSG/8BF6q3HbdOxqJZqFmItPBjaQ6KkQu4v6hdG06SF1MTPynAXKIyKpQPgQbNm7OuR6uxy/YB99HB4tF/2fnpYCcWsnz+ORPDFu+3a0IWDyPTH+GSKxujlnFw==]]></Encrypt>
</xml>


2015-11-18 22:51:01 debug :
------------
String:
account-ticket<xml>
    <AppId><![CDATA[wxe5b18b9bd7e3626b]]></AppId>
    <Encrypt><![CDATA[ZdRlC2ZUC8tg5sqIAgyJsdHAqhkXAYsY2733vj2XrhqncU1GRyz3k56dxDYOOPOgvR/gmyylNEYVO0blVWo/2a7NIaompcEls0OnSR2X7v1AI8BJUzcSlhWbyaYeb7eNy/n3uPeYldoHmmz1e53/1KKaZtaB8shxACLfI4ebcVCgXS3wNEwnPPRA7/8rimNCPH/f2locqvyJhgsvtWNno7Vy40EzQK3G/AlhqbQng1fSOQvq2M6rllEMMJ1nkd2FdaOYiApf8RuJoSUzjgHLNBXOoL6UQ3LsBuW0U3dYk0MHf920yXoN3eJfEfxxOQA0/T2lJ/mkYPfgIJHZCeN3SduaBrCwscTE1xDX3eyctViCzfk+/e/vFCj0c2Al3TVn6R1Th38bfM1N6bdGVy40g8Hq2C9kXcQgKXA1esvXa8SHME/ORGQOHsVQNIreC0QU0JeCUtW75FHcJ5tp2NfWcw==]]></Encrypt>
</xml>


2015-11-18 23:01:01 debug :
------------
String:
account-ticket<xml>
    <AppId><![CDATA[wxe5b18b9bd7e3626b]]></AppId>
    <Encrypt><![CDATA[WqwnU9SrO2klSbIQphiqQrX9ItKZUZO0qHEbLmv2eUnnBHsk+AGH2/iKh45yfwqhlsT4gFHZLXZuy3TL5r3/sIFmjoAncfoNFave8o6ZZRdihAqgdfUmx8GtIlUjEcwkEf5um5Zv+AkcXzh6pyXsotP0hoI1GgFthiU7RwScUAS6mq6Vcm8e0Ya49I6s8XxS/ftyRuSEcQF9sLZlPXELkuNMap5Tdu/H+Le9U/7sZHVnNYyjMTyYnrMOn4QVRUiQsRYmpWgjZHdITVfOJjjNfFvgZ1EdHh8s4tjiWOrsCF5cKHiirW40C2LziXy8lFVOAlvnUGqVuTE694c5ltl+TVC6UqwwF/r477bR1weY/CmG79pRlRHGFc+M+xUqMdf7o5DyDWALU6e4iX4K1WAfjkJp1JfTjeocZ8VQ2Hn0CVPO/lTT49z8LfZqrY5s0C28Ut8uzBCrlOWmRJ0qv3LKpQ==]]></Encrypt>
</xml>


2015-11-18 23:11:00 debug :
------------
String:
account-ticket<xml>
    <AppId><![CDATA[wxe5b18b9bd7e3626b]]></AppId>
    <Encrypt><![CDATA[RDoHOfApXGR6smqJyFYaMugyTf0pY7ycrU/mZrkzvVrAU3Jgttuu/vw7ykEu8/rz3M7B+rrmywgYDjknpKNpEi/bN99sYnSlRY8hEjPDMPJWFTdxCYZQnalBH5v4tj/YpsDwQVP8961XKpV+QW5O8wwYgs3EGCIGmRuipZ3l7o4BNPLd+6z6dQ/kn6HXM6HscX7rVtyrx2DXLjK48r3IqTWAcJpADj0OkE1OmsqsHk4j0+DB6ZpNBjxGJ2RMtcPZVTteNELDtQ8YGY+r3nGHvOWwvA1wz1PyY/eGfYXJNFw8QbsuXVL96Zl+m6zFQTedQJJHP5JDqbcNqUP7OIlgDwETpBpv3DlQ7SClLcFFunBocXhphmRNk0vMjuAZXOlbAxajqh5zdNit4Ch1I8gK48CBir6jNHmZpiwM90I8rggGENcqaStT/kzZEtuAdiEqG7KF2YIf/XwsUDMgvx8gSA==]]></Encrypt>
</xml>


2015-11-18 23:21:00 debug :
------------
String:
account-ticket<xml>
    <AppId><![CDATA[wxe5b18b9bd7e3626b]]></AppId>
    <Encrypt><![CDATA[WDmUORoj8WVFvR3iau5ktsxnaLJfecMJZeTXDahdFUyU9jWiAhQz3PMQ6/J1HsdzF09t8aU22Hv0egdpu3o9cAqdKUfu9ccfPt7ijYuVdJxr6wMh3zytuDPlDNnfjgMlHHjCII4oDBYqAU8fqVIKHrdWPt4Tst5zW+Np9A6vGPwi6bfjSErbRJ3Sl0Aq198dCjbJPrqOKR8/guY6ooOWxi6iCDZ7WFAzU6Q/13p9VEPonTe9F6TUVVcCy4vhDeYA9RtmcMAYqpjgTBGjJsHe3rS7CO2Ob9pObNB9C02qBDB78z9MeV4kp475zz15GBrIhAFP3utAv7IhuO2pxiiz7ivb6PmH7mFTKFBagwXVjmYMV9LZRhsThLErpVGOa5RTf8ANBoJ21QNI6lzdy927PK0u10QYhGi+UQ0U3GTL7NQqgfkH2pld0M7UufJN5xA5F+QIwq2H9LG1B9sEcajxJg==]]></Encrypt>
</xml>


2015-11-18 23:31:00 debug :
------------
String:
account-ticket<xml>
    <AppId><![CDATA[wxe5b18b9bd7e3626b]]></AppId>
    <Encrypt><![CDATA[WColnZCW7UgbEZbboLd2VxgmAlqNbeMKfkauS+9JOD2yeu5f87YEx7F8L379SRdYGXjpSvMOtvxNXrmZ5d5bJH+/aEIpVIAcC887PXKqqu1vbvrya+e2I7i8v1UIrnrgrWvGHSUMphabht1QxeL7tOK4kzHrsm59J9EVMUPHrH/hY+VYbTysk/BpXvwkSL8UmCYPAxo9P/jjxNboSzOGlvhFQBfbsvPGI2Aw8Sl+fZnpfUvo8lFkawOFwp0nFl9CgCj5zHXDn0fxSlt5N1d+xt9jcGFv9bXqbLdtItc5R8Si3NAmCU7avJgLxWQ8f1nxnWhTIURsK9TIKTekH309dx4G27WI53COJlXackodwCLAXHUM/9UGAdr/Dooe1b7pw+oj4GtNsGYj5MiNHbqc/8RNau94U3DZC6WHAacCOqgTli9vWzX25RC6nxT1jGdEWDYzfEj79eLMLUxUR+Qqhw==]]></Encrypt>
</xml>


2015-11-18 23:40:59 debug :
------------
String:
account-ticket<xml>
    <AppId><![CDATA[wxe5b18b9bd7e3626b]]></AppId>
    <Encrypt><![CDATA[dBneaA6AdSSOl8W9vLIyZs2KZcAFqjIO0utTBXn3R0Gpu2pQTX7iitMdBYuI/sHRbMcTkveXSXt6d4ZWYXVEmCKZcm/oDRjMszbtBLSCv5gKYWxwnhdZZGc9cc8uZaHvyy91LClcj9PXyL7EwBf3EU/5S9iSyGnXUx5bx5t0qNTY2/NDdfopQC/FhW0XDUYrrAnZAssl1hnntBFck1e+2NVnnLikiTuN+4/BTP3VwVcOs5T6QsgCFlm6kkxbZFgRB6IjbpS4rowuOTB5ZSrc/CXmbXytWpyw5SfqLVVobUxjzN1KSk/sNSbc9aJCbftOQmWtaBi3NbtQJ7Md6B8OxAw/6NqsFTjMnqd1tCYrxnKExo8o0oCQsKGxJNxLB3Iq+lICdvyvv/8d0TC0K25srWYz5nJNBxSQvwcVkVpC0axoA07JSskcWoexCe3FpjDSRNKwUYYu815/AqOL8FyqTw==]]></Encrypt>
</xml>


2015-11-18 23:50:59 debug :
------------
String:
account-ticket<xml>
    <AppId><![CDATA[wxe5b18b9bd7e3626b]]></AppId>
    <Encrypt><![CDATA[I9MCmvd73iRLFcW9SgPi6T0UVF98KDPqVvlpn6SHPvnChpPk8nY/wCZXo/12jBf5HCUCNJnsQJ3J1c5JIOBJ1ScStIpRLecCCjPeJduTdcUnqK6c7rDRwgdi5Yda/AHKocjQ9/iw3t3pszLuysBnYs5RMN2GlWzA6tfIViX1t9ygpZeWB/Ms2bYT6qDToY4CdPArQnojGbRvEGuzV6EtceCtt9x4PCXQcethHytCbNg0DnQO75BH3xx6u9zvF8zJnSMCXYnvuaOgSzWEZ3+2mGcD77ERyf+xg1bCF4sRuZle0CHh3QJ846jG3i6OINEALgHGBEBi5OrpIhgzOsepA0tA7LD6D8v5R8y+6Viz+cTf6VpwlUe+qnyiJDUDq00Brqp0ubW+F1srnYTf2RGZR6mlvG+ixwpbFVHOLOolby6RSe0iU9zvQPfN4wI2k2cq6a5uP52RYSgGpFm3yQgXOw==]]></Encrypt>
</xml>


