2015-11-22 00:01:04 debug :
------------
String:
account-ticket<xml>
    <AppId><![CDATA[wxe5b18b9bd7e3626b]]></AppId>
    <Encrypt><![CDATA[EuCwHzYnesGOn8p4iQlTYE6dn8Af6wLsmGYlnNkXyfiMO7sIaq6uV/I17IlIT+7CeSJLNgY6a3ITpTMc6hag7CSqd2lCiJd/ScHKbno/UBhjLNplzbdc3DjmV5IR7DfOCt3Z6rsh49v3Oi2b6ZfUdXfZ5U2Iv5Gnqwq4QLXCrvuxuAYNrk3laWIA8O9VLBWpd3oMXLGQzf2plFeSfNFcugbfjZRtY3EP6ziUJzQNd8puAZq0FAcbxrN3tyU8dF31ePXNAfh1S6AI3adQ8UoSTS/1dACPW5m2wpDM4sfA0cT3etiD8DfBW5Sx2XIGQT9/GeXACKqIOSHnZBT0qJQt0WJooAkuqV1xEAUKTyXtRHxAJ7AlyRtJBVFBttnx/ZzmHzTa08H9tm/o72Uh1a3aOqnZHKjY7+s1sxgdWwKW75CgHkbOETvZkDPvj6MUuFkkS6p2yY85c7uDVAvjyUm/qA==]]></Encrypt>
</xml>


2015-11-22 00:11:01 debug :
------------
String:
account-ticket<xml>
    <AppId><![CDATA[wxe5b18b9bd7e3626b]]></AppId>
    <Encrypt><![CDATA[28fv7IiLSmvXuBec0VyZPmUoIghvjY2Zzf+kZz9ybeM67r9PEb3Co1Tf+xdkbxuhWqxTayaC6HXJnq5VfowfBrfJgxBrGrL/0cFKNOou3uDTkdOPKRDARZMdqF6oR61xSYmQQeVOkoXdWiXZpf6NOgd63eZ9eTCMW+Z1D/xDq1atapGQhEQTJrkPfZ0UQBzq3589e7ZhpfMfKztR+wQXZyCraFYQhZRRVs8YA50+urUr5cPhDxRgAmGA51Uqmf/MO7aOUXir8y/YOHAykQFEebLPhcFiC/T5QsgEH0QiilY2LlLWvg0tXlJL8JlMQN1K7GGXQGkDUTrCnexxMv+CXJUyaSFE5+/jxJt/+GfrgUxC4SJDhmL2GGlatIr3EFoqA5/lzJOPgpRxfD+NmGoues6FcEAbdoHm6b+e7YAd0XnWjSDppMjK4oUr4msKMAPvaIk8vrpla1VQK8I2MfxJ+A==]]></Encrypt>
</xml>


2015-11-22 00:21:01 debug :
------------
String:
account-ticket<xml>
    <AppId><![CDATA[wxe5b18b9bd7e3626b]]></AppId>
    <Encrypt><![CDATA[+isWDJkjMk4LAKSRSQ685Hh+qzVUmrTzsjKvwnhl3/M9aXnyOChrZbehXN3KDqTppZStF2sG6v0Nn/s5z5eAcHztluj9dH9PomT5QhVyMW25vS9iE5qudCYJ5xPljotrlO6/Z6sYawXEYHu6pYs+9uSVFnz9Ac8AX4bN9+dyZC9o/ppX+bZL9+jPeWYh4FJVOkldFM6TQUq5fhq9NlJEWqlqY9eu0UFWNlTvcVebWTXZVZJ9KNLzgdflEDJOOOhIO7kEgEZ88X9BU73nQ8mv7Re4GCJ3K8gvrm8lbB42GtBcjWBomJEOw677GBKsKEb4Wxq0Vi4djzm9w/EMXC2mLY5df8SigWpTFbUIboWkMHP7qSEykvK//PA6Y74tQGpV9njYFPSKPd9gSsdlJDcHylxBFTo+GOzS3nT9W3G/1qpEG7tbl+QqCVtN0hMp3C2LxUZsgYJUkspaCoZhQLqlow==]]></Encrypt>
</xml>


2015-11-22 11:51:01 debug :
------------
String:
account-ticket<xml>
    <AppId><![CDATA[wxe5b18b9bd7e3626b]]></AppId>
    <Encrypt><![CDATA[mCfVPo479uzttDDrkueTj/yYv9s+WpK0TXpWFIQ436X9vf/vVpLNP2Pgkxjp4kf30R2Elw1c3qYC5slky2as82EFLkEYoy7tVXmgk1YUWzKtxjVr5md5TrOvfL8KhxA0y7eQ81Nel/54DJv82q2dzGBoBwkvphg+mmlSr+S/utyRyZTXo/JmQFi115jgSKH8JgG07T8/FC3fWQD14KelWTxjipHSK2rAN3APqfox6iU9M8naWb9IBB6o6DAPQB9yLPpmxJslnNP8JA1z2A2vy2ydCjSuSieqN3GUfWR9xtzdszxfyzBUBZEKG1G8hc4J2T/UMzCtQoYXwXlARJeSaYqU6KGQCd3rBi4VcrCURlzAZaNMjFWh2MRgRfuDnXp70ePpsi4Zg9O5W77aIT6cJQmjB34Ym8ivjeB1cF4Ow/ek/t34GczgIvtWVDWb96MEJR1ic7INrJYp+dIxFj3hoA==]]></Encrypt>
</xml>


2015-11-22 12:01:02 debug :
------------
String:
account-ticket<xml>
    <AppId><![CDATA[wxe5b18b9bd7e3626b]]></AppId>
    <Encrypt><![CDATA[7BLvGQNUb4zqvBB60Dox/BooVtetmKnDhn3Fbw6T73BvbyQ0vWl+m7dcFIcuW4ubDhwtH+lHwyXO5pM+feEdgFcRn3pB9N0J8NDbOxuiPB1A8Z9OI4mDm4JfPccg8JdXjZyYihf+CfLtQ2izQOdICTcSiQCCB8OwqClNAfwLgbUYdB/3m6cGXvNfldqxcrN9LZAiZh6oI+9IxTPj1SlNadXVMdYnCUTW/5SC42cuYRFY+xmFJwSXaq2wf14Z9ZPpoqJET08t5gCaSeA13Ff9JVjlyR/Xo3RLFNumn0aBOsw91IwQZET1WhnNwivMLCdnmTCciIYACUfx+TX82i2pLz/Vj+VNXhtjwceT1PWCa0j411ixh86FbMWQ6fkfb4Hb3ksLO6vAPz/zMEtiySySSb/LT2uQ9zYJgOD2AMtaE/Ehe0juTEuz+4+1nxBv/vFJR++0QADByE3z0yE121WwxQ==]]></Encrypt>
</xml>


2015-11-22 12:11:01 debug :
------------
String:
account-ticket<xml>
    <AppId><![CDATA[wxe5b18b9bd7e3626b]]></AppId>
    <Encrypt><![CDATA[cDASA+LsNC8Wv72p3UaI6hrqESqz+7IP8xb5C89wQ6ejZva1bDn6yJzcbaFvEZ5PSSJbrm046TdWEtlhOmNZzGWcLY1uZlb92qEdSazb9ASpA06t9Bz4DLpbva5tb+JGiyq12ERJLT3psfHLFyeqxzsyj0bV1mC5ZYPcgSBXVd1mY6/Z4FU8oGrPEpxvPv5g9Sn98Wiglu4+V+v4BCu6KAparGshpYq/mPFp3MbcsM6mABdB7ft0uTRn0v1WrSq7sXm1jSZQMGCkEgr8O35pbtMJMG59WM5k4bTUO4L1wSHHUwpXYkdkHJvFxMVDE24hGn5REmRSVyllie9Cx09HMtXICDpgXqYfQLaeNjwTU+VpgUvFVHiZcyYsYsAaZVbbGXf0epg1tb5EntLMev2OVYpnewu6g0yFaUnIna4ABpu/c2TTnV5LY22STihlVA5bjChgoNW7iC26xzhKPqTSWQ==]]></Encrypt>
</xml>


2015-11-22 12:21:02 debug :
------------
String:
account-ticket<xml>
    <AppId><![CDATA[wxe5b18b9bd7e3626b]]></AppId>
    <Encrypt><![CDATA[JWpN+RiPH79XRDdrU2PvFfQri0XSTydeibHsxupgcgBL7/cY2ySD8delhN1SqhBlNplcLRWhxXkuO74uxXpvnW7i4EX3DKFg5MWdpLaf7DQ1thhykDinHm91CoGki5aKdFsvbGeNudIt5vqiJ/McFRhf5Z8rhPPoiy6u/2LqtslX/XLktLMMDflxtNT3It94kQP0Ousio44o/1Q9mE/45xoRnFj4VrVefVoZ7rAG9LV8n/mgLbAINam6NFImIsGvwUOptyViC1CtA1sPPAbK0rUlTHpjPNieAGbC/MV6V+wlDQATdKTfDoSeuBj1XcB4+CgcoV0UttFNmIZU1vhqgBe3pIKDh16LmlzMUfkqjm07xRW2jblxlx0pNqSpW98HqCk70CqpppYoi6V/IOD00PBcvCRy2Vkz+a0U3/l6cFpCedeutlaG6K5Nm9QZLn4qps/3+g2JYyNtuBapvHoo2Q==]]></Encrypt>
</xml>


2015-11-22 12:31:02 debug :
------------
String:
account-ticket<xml>
    <AppId><![CDATA[wxe5b18b9bd7e3626b]]></AppId>
    <Encrypt><![CDATA[BosgW3ZG23LXIbU8k/k/nPmTYGtFNzn4YpDk3gW33MC0W4f3Rg7nwJe/VFefTjjvKRI61/I6olP4k+9xc9qFaFMz59/7aBf7pXnH3a2PPoOlMOmdpte5UECdEfcWKr7evtwdaRC7j6Dp10TGDNjk2dgZcvW/UaQR0NNwVyrW4Z8cW0U6xtJVWEAf2zQQoVGWDDWQqXRV2BU/ocg0S8tF8Xxr9iffejWwteEhZv8Y3ONvP5QUThU/j+/T/axlaSHV2ZEvPcbPjBhr4TxrRHw5X51BwJ5DWt+2gpoMIHz34v22ygCsHmy18C7baGTG3OWXOWP41lCD/RUWePTMJH25C7R/vTOn/qPixsYVINIdg8puO0Tg98cANQEXgWqueEAgRsGz9w7eFDomoIZ8tCaX5ui5ILZ4R3H8GXoeLn5KYACvBmOuSQWb6SC9at2JI4lX3sK9eQo6ntiP9SLFdc62YQ==]]></Encrypt>
</xml>


2015-11-22 12:41:02 debug :
------------
String:
account-ticket<xml>
    <AppId><![CDATA[wxe5b18b9bd7e3626b]]></AppId>
    <Encrypt><![CDATA[O7u1hDSgmI0xog9Dw0M1gWwzbvpDxqXeC3nPO9Zzy8OvXJhzgV4w7tVdP+LDLdmqa2qJnnotaR2l+g7ZJwcsu2lcCMTgw9NqR9kd628bRCDqFAovTgRrETpsQa9hNUpmLoTQBlnAEk6TZHob5aJ9p58bx7fIuD6aYJ8XGkY7rP6hWZ7rU2Guk1BsiI50aVKZrHopDT+TLZPEBeYhut3HsWZg+Rvc+guTln+WzqodOJb9QOZAiC9aiTOL9r4veQYzEmmfDZlF1ZG8Ob7l56sJhJhc6NEY6iBoSlhLYGKn2T31TRcBCfq3DO7G8WM2btOc7+gNjZYza4kGwj2IFZKJMtCWWXlbAtPSric9KAGFw5+TttTx1NGCqcSMV5/Uc+LybFCAicQ5c/O/eFWVDSYgFzPoWyTpbeVnFFZtk4mllOq9gq2BGK/7/0UxBMLpBXylHBZJrzFYm0Fva/7yrQmDfw==]]></Encrypt>
</xml>


2015-11-22 12:51:01 debug :
------------
String:
account-ticket<xml>
    <AppId><![CDATA[wxe5b18b9bd7e3626b]]></AppId>
    <Encrypt><![CDATA[XMB8AMg6XxJnIA7C9qxkuRr+XGEVUY4vbBlsxX1E/Jgch0AdAap7axzVEn7DNUWXbTXFuQNiaUz8HEoAzk41jZsUed86SpyA+wrlJNVW2jOw13OJognHjK7+1//m+1VTFjeZk4JAr/G1nsUkCpxnE6Dstg0ajH8RY9tK+RHRGlhv/nyGRLFGpmXrKUefQ/FYztC95LoNFTYJIb7r2Pj4gdcUAZGgbd8qE/3b9/Lw6xU2QpRNAbQUdTM7jTnsHh27DUmq2kPbLl/ouqbD1cNuV83cvSLceRa6vwKJFd0HRSskx34ILpLQzYQwepl93sCw8OozAzAewMw8aiS14DPcBSxGzib41H1MRpEDBinAnh4FoFvNT19qe2Iv1x7stHusaznow/XNgX5CyzqGjGmIfImuD/OfuEKA1+Famtx9J5bO/7BJH6zbFJjX81H74M+mewfCweIWqCrLPTe64JFsig==]]></Encrypt>
</xml>


2015-11-22 13:01:04 debug :
------------
String:
account-ticket<xml>
    <AppId><![CDATA[wxe5b18b9bd7e3626b]]></AppId>
    <Encrypt><![CDATA[ATvqQS8Rbuh8vaEK1+Q3gOwYOTYH4pwCErOzZh7N0GKIB/DGzLysV1tUlFS/znKBfUA7ujrKXdM3oyazPopLGVHWaate468hRgvHQQt+FXoPSg+eHeApWYjPf3JfnUWNU5MyGyCNtdDnVkf6D2HFOS/ZGdQGzkkmiYvyhB/y/7Ui8GdyGncPefNK2aTrxWwakV/pxEL1KmiLWsqPbf9L00DoHTQbwQZtFAIjJEly7ZosAXtcG7Fi5sUXuUlkKL200/NQZzxg9V9zo5PsjQjsnocuAPoudw58KCXL5rvM+0gV3lhNXvhdppKrmVc7ViEmRR5RrBB89ZrLIhy+MgcwYYNOwR12do2tAzLH1b6tgKayQPv7LM2117W6ZvLI4QOeEM5XW+EHrdI+DyjdWAy4IygOSt5pEOo5X+qGY/BKmLcfnc8N4QF6TZcGZ8KgxcpmISd/IeMTGVbSOrWJGE0I4Q==]]></Encrypt>
</xml>


2015-11-22 13:11:02 debug :
------------
String:
account-ticket<xml>
    <AppId><![CDATA[wxe5b18b9bd7e3626b]]></AppId>
    <Encrypt><![CDATA[OsAdP//iR5sIJqDCAx4zDm6GLCLSe4jCyXikhajpCn8uz5Jmh1WC0yb2CaeWgS3dTFV6cvMKoQglmtrZnhTp44bZ2TYPoQ+a92kVbhUfZpZ6uxhgWsz0t7O5NQEO6qjr7CfQGwcvwlxm3eVo6CbG74o97nkUb/YBV/w94NiSfp02PYiN28AahfULq8tWihSs8fEOeXGbsbOII8G85L3QSzI9zuhLajS1GT5rKMc6r9ZberpDx/4S9WJr3pAt3w6fNNPgs68y/+F+3LhaWgDOMAEm2axSZ+KSDQ508xtDpzv4OPZNxrL5Phw8S4zuzviHOhtRa3XHVWwgBuyWieG1963Fezx490kntA2oqYO35rR9tDRGaOYRuahiiloQNSem2JJu45+ZayqI9zYVH39YQuh00m5UawO8QETe0k4fLQTBAiuCTrP0C2jdEO3w2teP0pssVmzRZNpMm1jLFCQGVw==]]></Encrypt>
</xml>


2015-11-22 13:21:02 debug :
------------
String:
account-ticket<xml>
    <AppId><![CDATA[wxe5b18b9bd7e3626b]]></AppId>
    <Encrypt><![CDATA[0CZzux+uCIxJb/h+ytOE16/6ztxdsth74CILA+yN4uRqYhMdOoDNjxEYXpXymi29B3km46yJxE7A81oWIn7JowbfFSRnPPOvMlqsHD0CL8c6GttBxk7jqmUhYhpOXs0CDDVBgFWKNnYTDl0YRfMliGX4jmk2goCLUgI45Rfx/tczO5j+EeeHN+lox2oUqf+1k3MuHJJHDPNY9D6mLIPBH7QhiQaffkoFRTHpEEEs1wsBBZA9MgDsIh3lJ4UEHcxwTTQdhVHbkqdH8CbgEuzEJ32qgpAOZGevYxqkgaoxDF0hLB2sCU+ziPpptDdaDMOVcpn4nj22NeeayUwy1p2o7ILvIaTSeAeQr/+X2fwKuE1ugvmqKYIJTEr2jPLrFfNdjvib8KVaPO7a3/VEvQfHzfUD0IFLSebYYnJubpxpUCn2/YbLtLAOebbUkoyturuc04OHqsZClmU7NrHf9yxCaw==]]></Encrypt>
</xml>


2015-11-22 13:22:20 trace :
------------
Array:
from : o7SFQs41n0PpLecO6JT64hg_E9hc ;
to : gh_f8ef5613cc37 ;
time : 1448169739 ;
type : event ;
event : subscribe ;
tousername : gh_f8ef5613cc37 ;
fromusername : o7SFQs41n0PpLecO6JT64hg_E9hc ;
createtime : 1448169739 ;
msgtype : event ;
eventkey :  ;

2015-11-22 13:22:20 params :
------------
Array:
rule : -2 ;
module :  ;
message : Array ;

2015-11-22 13:22:20 response :
------------

2015-11-22 13:31:02 debug :
------------
String:
account-ticket<xml>
    <AppId><![CDATA[wxe5b18b9bd7e3626b]]></AppId>
    <Encrypt><![CDATA[++JzW5jCNfJzx0Cr7sNl4g1YxEM82EvDPyd8S52NQK3zrNdNttN49FzsvEBsRBAO9jb831Cc8bvF8RcCBHsiG1k/jU/rU/rLjvF9ofUCoLwj1gesga2HcIn62HZW/kxZhLbBNCL3pzcLmAu3NqoaWe+IOmCkncGZ9c4/rZCIFbOEKcayaownmI+1phpLpoCF+1KKc79IXOymoyXLhLkfSZTCPFgg3KNR3v7Ke6G4TTlin1lZWIPXRbhJ90D6hijC72v15o1GW/SbVlIwYFXTsNHrHJVMoKBKhc7RpFPeuBqbgpF4qQR7hAjSI/9ave+3XBfTo08GpNOSzVadbisgilpcenXwDaxFFQPoRNkOJx7Td31LFQznUd2hDJkh1t/x365IQCnJQQ50ylGLgt8ELZ/uMhvR8mc+frMJimuSOfajlRF/rG/hZWMO+rxAi9/fM0Si9Y5UL2DAfe6T20DIPA==]]></Encrypt>
</xml>


2015-11-22 13:41:02 debug :
------------
String:
account-ticket<xml>
    <AppId><![CDATA[wxe5b18b9bd7e3626b]]></AppId>
    <Encrypt><![CDATA[o7sHT5H9xbj/qbQxHUNTJbtFtTn75pWwNDsAZiktmRaJVrkW0+KzHOY+a+1vXi3NHf7YrVUPOGLdW/RBLOTduyXhwleyPsBBj9MjsbpKdlT5QgLW6UeDVvOH0A1AmmU36UQ7ZFSLa6eqCGRehS4baR+ZJHmbno8E0eFfOc23UMNGK4U6ahtr04tMzZI3R1eCG/CWdPzRWS2IEk+ObZLdQ9kRiNz8h3kSSlL1u9ZQfbnoRgFH/A43u2KBAdZXrsEiYyNifFamo6IlAFjRvzwNEJSropEr/Ks1lne2iPg12xVULxl706TnJ9oD0UW6SnE3aN6r7vZT98edFsDxniSLDEZDOTzDzcPFme8kgb+qD+1nR7G18FrYTRrjs3/ZZdyLh79yEdjSWHuYm8E8pC5ZvIl2qoT+TsLJ/KDc7onMckAybfnJ1fkBwL8HrPI1offnnxUDHPRaFUS5Q6qZPQujsA==]]></Encrypt>
</xml>


2015-11-22 13:51:02 debug :
------------
String:
account-ticket<xml>
    <AppId><![CDATA[wxe5b18b9bd7e3626b]]></AppId>
    <Encrypt><![CDATA[ZzYWkSn+y/e1JWFIjwC/1rtkV9aGw3Wk6wxPNe7tuoSZDo7mHXEG4/BwXm9t8F+zFRCyzHmg4UtAdabzhSADyD6m5wbizb+GTZj99sOet3pQAbDt84dS1k4wUBalEQeKjeFYqnA9eyAHExxf8/cxBdt10smdGO7U5+GMAONhyQqp/ptsMf9fs8NLflo2YfyWAYsM0dHBKIk1yY3RTNYl1ey80vlFEDJ4Lbs+PdrlBGw1PPGEiEor8+gnw+auXXUe1wvXKc4qEfs5lKDYDMlyUhUYIWU5GHlD4WAum3++5ALgfn95b8WNZ+jnGkaSvr6VDx3GP4yC5jEAqddc93jMk85UDk8RwXWJ7usZJHKptjLdfJ6s8zkALAV/xTACnFpxVhSqYlaMefGcNUMDv73fuSxNSHajGh6URZmFBUv95RAbgPwBUw5FbIMeWT20L51gNEeP1LeW2TWqkx3aaZfiyw==]]></Encrypt>
</xml>


2015-11-22 14:01:03 debug :
------------
String:
account-ticket<xml>
    <AppId><![CDATA[wxe5b18b9bd7e3626b]]></AppId>
    <Encrypt><![CDATA[rbhlVGWWjMoNRDHpXnEbnu5s77EJ2xZVpCq1W+xB3CeFGsa1LLOagJOPg8rGp2UqkQ4kGaNFpabIPXqfu1Hlu9zGqbxPeb8Pk0nhCsMQP4cqXcYuvM/B/N4fdZF9TFNYcAMFiMHKspJ6hDsPjrnkM8CzAxCT8FfsBYU2aI+3w5ePVZ/dSLUN7dQbKFVAWNnFfnFoOEJrYmL9KLqI/evDCrOhwLCaLRI3xoK/ZUnbCfYOoIgSTi9xklgDZxLi9TK0QECYwBxxptNzaTl4DrxK5Al2BMNL9EBAhmUUwZgPlqjl13zZpILiqFhmBPsJvY18BWq5Lq0OVJgUF/2K6ElEQ4km0pZ5ztC/YGDTBCIR1jkTecEO453otNRMrjnOyuQxMsHQAy0W4ZqNe5/epmogh6a36nLFtewaGSr70mNG10mDT1TZZMV5aho687QUwCPFg/GHpYWYQhl/Eyvpjxr2/Q==]]></Encrypt>
</xml>


2015-11-22 14:11:02 debug :
------------
String:
account-ticket<xml>
    <AppId><![CDATA[wxe5b18b9bd7e3626b]]></AppId>
    <Encrypt><![CDATA[LJtNkRTgLHG/ldVLz37z8Cb8BGC301xMM32oZ/YDLP33Z0bNmn6cyqXtvEzJc7NSTvEbcQn3GYbCNvoj0kQG3qdURwYWdD8NO5pDGPL7+qwrtl2K7ZaeNjH8xTn1GUQ0QBRdE6RRGlhivD4lxkqWcmLkYYK4RFHP71HI7vbh0Bn4lybaQ9TS4m/GUaNYOjxeSsgZc61zq7d67/y0YGfIwXn0GllJcDAExwIBWC4ZkUKT4EJQUF7fDQo5XA3vw9nXexVDC+xd8dss8yspPeV+LcNltYNCrIbV/9kWB4g0dzMAMk+0/MMaoLICpoUDIMC51/B1WikPiqDktaMC1B+NDOG0w1G/GzZKYrG06GUZ4FbnTlOzTc6AUlPcicPM3ObZupYNTZ38Q3PmOMZynUXbc9P/vq7ieNBMzC0si2aXjSoCQm0qGkwyHmgCr5a2lYc8TLFFi7AdQcNGRE7WwUC/7g==]]></Encrypt>
</xml>


2015-11-22 14:21:03 debug :
------------
String:
account-ticket<xml>
    <AppId><![CDATA[wxe5b18b9bd7e3626b]]></AppId>
    <Encrypt><![CDATA[1LnyXC11CLGDmOQxH/Vrp29VtxG8qWycqbllHcExgVI0NyGUJStQCtGPl1WtHjw4l5dipL5M7l/o1SVIOP/QS7GKvJXHmHSd7NT9Us4jtJ/XV0vg5FombodBtY/vhwDFDuUoL7xDjaZsdvVvCi3S54ZTjuWa4P59BD8CqMSvns4+8Dee3q397USTtTJXCrB/LMFqIQQFIF1GqOy1D4qdVavWoWyh7l94L79TdL6oECisOYJjH4MjP3tuwURsKdin1B432QVsPDZTu66IH6ph1odhRO8bW2cZWQo5NEPfBxUQ0XMeH/eRwSN3y9L2nUiPthcB5SU6yuxM8/I4zuwCZHfgZBHRysS8DeELncg/fWk6Z6RgwZqkR/a2HypnpguTWx8Uwyqbtw7GBBS7bKc0sZ1quPuRY8yWEJ35UhHxrTqr34fcFPPxyr4EKgPm3iZNltWswNBDGFqm05H5S1l1hg==]]></Encrypt>
</xml>


2015-11-22 14:31:02 debug :
------------
String:
account-ticket<xml>
    <AppId><![CDATA[wxe5b18b9bd7e3626b]]></AppId>
    <Encrypt><![CDATA[VB20BDbve9bO8fKmprB1jP04bczkfp5jIrbBk0Rq+PIAp+W0cmSk/SIHhmTMhgKgQThJjJBxCHw39OlVscSKUYNMqYRL7jseyRWbCMcGPYWxXKIPUCe0O8UFgRGA+fsUacpOxBYruJShIPwNz8wIV/eHndYVixCpKM7djjQ4hnWFLP+2H4ySERc4XmmV9Cm/hluy9cf1OVaXa8K2YGYaojB3jBAknf3EvKwP4DnEa7etKU51ORkHs+c2g2R+tCrmKagdZfXUgQDt6qczt+OT76TiWxi6BtPM0SE6AUDxFwhHhnSWCEF7yE8JhjgtD9G+vbGbGztwTEGghtT6rMt+E/W5BH/qyHNtvLa6St04hf8oXOHKgJFB6qyYUxQEfFS85N1FVcjp+6yDz+3bTF7p8dzJvq91mZtFR55IQ35W3SKvwX/zQ97WjEXdVtQWuLhOH6yLj/IOW20D92Iq+nybbg==]]></Encrypt>
</xml>


2015-11-22 14:41:02 debug :
------------
String:
account-ticket<xml>
    <AppId><![CDATA[wxe5b18b9bd7e3626b]]></AppId>
    <Encrypt><![CDATA[xFrjDFJsA0KNaNYD+OP+SUJntUJf79wa92Ed/gZJ3qbKlD7jx1H4rwUTpQA/3v68pI1i7l7arpUPJ3FpX8/8w0lQ5N8PgJteB5VT/ANdrHfE3oFry0rfO2d+/zOsuTmYcdkkYUscGfTxHQyjlAiPCLhcmsnldJ/LNkeyk/XRONPplIAztnncfJeFg55ER/5540ytOOqku6Z3pAB6pPek0bLhyXq2ZAavERVSfpfVg/l+0uV6KUO80edXcJ9zwoenKdOIhAwiesEEL9LkxC7bqhxm924966Akt6zi0uz3mL/FL0kgTUGBwCijYU1A4xRscOF9ewji+5exTRYuXSrFe4GBtgt5fLqQBPv5451TBh3qgFnR9l5QUfxFHWF0enBOrGRZ8zbIkFORiSKOB71FqbC3jxzW+oZr4I0qBSlXoC9g5Xdgt0fF5W/XNUz+L3tBYfLdGVh48dyjTIiC9Ps5rA==]]></Encrypt>
</xml>


2015-11-22 14:51:02 debug :
------------
String:
account-ticket<xml>
    <AppId><![CDATA[wxe5b18b9bd7e3626b]]></AppId>
    <Encrypt><![CDATA[sajpnQmTlUHb+1E0IpKcxnhIdBspb6tFKhZa4wALu7LQ85BljwCBFBRfmFX3NMyjgA232mq33aEl9RmJFmM7IquZz703c5EhzaZY9UQdoguplMbl8Gc2IAo7voL/57U6ngw7V0xoDk0f0+PnoW02Xmq6zdkwFNH6SF2vVDskJZIfJLE2Kdfg3hlVBqh5MSDPLWaIsBEZOxq7Gr5BLfX5FofQOhm0X+cdsgfq0tbQk+9qetEggs4n1I0DobCa85mYfwCTPodsX0n5A1lpCe9uhh6R9BYzgPrQESJi+ZeU59H7hwlUeipqC/TS3XHz0+FbUZQiaKCMDX45VYyBSe4VsZhugUq/fvFHGb1ppjAHSXmYsQ/BPzRhOtLot4UAPAC+OOigo5y4E1t5Xjp6ZqzdEzf4mqTlupGtNwnf5aKowDE41wx3diDTRPWmEqQ+eoEsU6zCAsvbK7KjbFGARho3yQ==]]></Encrypt>
</xml>


2015-11-22 15:01:03 debug :
------------
String:
account-ticket<xml>
    <AppId><![CDATA[wxe5b18b9bd7e3626b]]></AppId>
    <Encrypt><![CDATA[+bulH+X0J6NDeyGTnoaix+vAfpzZy1ao51lhA8uBwrI28nUkDnaZj7aTSoeLboS4yWBuzGE491lLc2RxuCju+AMc3b24R+2dHE1w9EuKWuwtg8T3U90+AMD3nJGMsMmvgenXCsAEcIUFXTgcLFHgTNGVBnU8cZlYj96TrJuo/FgrbDLieoCIpxORR0CTqVv4BzsyFkXrqwpycU5G/ARx97QvfGisEry3x07Sa+PEwbLV0PPYEyVZiDdQlH1ByFMwa5UEm53+uyu0iMMbzm1AjM2i1LShTtGeFgzKPgaR1fJrx2QXebyPC5eT0MmCGksTYM8JGdROj4AbyRcULtSz/RBJDWysqN9v6Q37LtT2MglYNjW6a4usfUnfwSbDjPgxq/eIorJoK1MVAO3lKzSfw3Kcrl3XAKHWai1fM5glwo6RD8Aq+DjxPOBSToK/G1tHtpZUXfuTxOrNvhca3M8YIw==]]></Encrypt>
</xml>


2015-11-22 15:11:03 debug :
------------
String:
account-ticket<xml>
    <AppId><![CDATA[wxe5b18b9bd7e3626b]]></AppId>
    <Encrypt><![CDATA[v7CLQLglY2ziWG4OqLHvB4QjAjVcpQd35ncQK4sYYKbfnBGt1s9GqWni/ALx7o7c7GkqfHn5L/UwXWwvPtXr9pRnle/aZy/3DPUDTAeidPFwQ8L0evVcIPTi+Wa8G8bCH6H57HMlHCV98Iuj8r+GNNfkFs6nKxFKRCQfqXu32A7aHkXThwMUAqa8KnJIpcIS9T/V3rpCMivmASSiY0h+pXDHmP6cFEaNe8ZMmX0c9eUTFRdGkLwGQJSsTJSOVZIwOcHTDIJWE9BRqov9u1oO+EjQSUFeQr9A+YhcOC54f4MAI6+phsJnJHH2zHuJ4e18+oJPXClsIOugCTMS5pJMAkWKwmQ35mpMa+Hzr7+YPyyuSsV6rUz85SJEcddmd3v7q+DczYQGaJztcUDnAdnpv3DKDIjC0nFm2OQpN1OIWTlcZk4dwfvWvq6om35nPuPpioCI2M9tLCrCZX49Bemdkg==]]></Encrypt>
</xml>


2015-11-22 15:20:59 debug :
------------
String:
account-ticket<xml>
    <AppId><![CDATA[wxe5b18b9bd7e3626b]]></AppId>
    <Encrypt><![CDATA[KjEPFjNg7opheJdAwOVQpqzRBjkQcjv5VQhL5g0DyMg2diIhKDqht7uDlBIxm89C+kRQ9+VEBfMkVJSLFWdMUgCJ88/EY9Sx3uxCiRebjBOM8OpPbiTPrfUWxso3rqV4Q4UE+rwhHIvTin3LqADKgikEhqaHa9kO/xsho8A4HOS4GIhapwfDj1Th6DSFDXH6DAZZ8ojMSHDt+RhesdnCCgUhBlSLS1tIA2nWkljLZ5KqrTHwP3k4oX/UrbitNlXJS+c34U3G31okA8mNI3EfUhhAde4W2873I+8X9JahUBWrx+Nj8YjpBQQXRpPcogxNPqj0fWlIIiXoGOKwjr8p8+Y/Cefp3rVl8oaOHhhWWRHnERlbra/ZEyLOjk2JYVF3a4LX7ggzdOjBMTNMBezOdiY0P40MJJO2cBLRG3FZOi6ki8opk0dUn1Z3J3ngknnW2MyczSn+6fPpYZYa4PiLlQ==]]></Encrypt>
</xml>


2015-11-22 15:31:02 debug :
------------
String:
account-ticket<xml>
    <AppId><![CDATA[wxe5b18b9bd7e3626b]]></AppId>
    <Encrypt><![CDATA[T0Z+Ce1dBN1+nL7k/gOMn1LIjQN1vtLtNIFiKyzreGB8IQ61Bjm63OS/Se4VwscwmU4ySbaWRoGRkvy/agVE+jugGh3kXZ52X575neEMOhsFG3abcl6S9nwrOsxTKxmbvi8YvBuw8Sv96zQx+TiV+s4ioyAS6rHqUI6E68WOy9t2Ltc5zPVuIjczKS/ibTY6Ipna69wtT0e6VgYEEBesc7oGz4/uoGESuMROE2A7ZzMQQjPkBQObxVmA35HLcOMnV+3God/qhRGB82hCbf1RcX65oq1iLeCFA1AvmPWGxPwTELRl1OLBXmE6tc9qg9tp1L7vRwKV/myExc6eD3vdIKeD4sCnUWGKWWa9GAkDNaXB2v+tOdM6Ht3oTT2tFxaTyX6+bOOU4nXdnYgQvHNKfm0CO8cHANSmXD2ZJsaQCwqrW8Qj4i11Xywf01NAaYvjXa109TRQTPtxKXlWhpSEFQ==]]></Encrypt>
</xml>


2015-11-22 15:41:02 debug :
------------
String:
account-ticket<xml>
    <AppId><![CDATA[wxe5b18b9bd7e3626b]]></AppId>
    <Encrypt><![CDATA[NRonJ6B7tTnb/t2NbFbr3Xi0tOeCsPdrgzlcQoj3sZ/Rt6gtp9/benusp2AFRJarDOEVe1xchp9/jQ8tcpSwWgntCKAb2HFL/clRMD3Y8ivSQzDa47GbxOk4/gIwe7XKlOHX1OzShxxtTRylZZof2q2Xc2jCBxf6qIjIVoN7Ewu4/1skxXbWk7XgvFYu1Xk5RH6Pbx4/+IaFCsP8hvU0xj7ph/kr+QpxfZ503RC2hjOzNlY13IA5GbXcD1BzlpGbOKLkxVEvD7uF12lrsFCVqRCnwA++RkNj0Vo6aLWhRrw02n1KC8ALQmBSeFEs9aixYfRK8SKJlaXQatHfJPbtD6qSmvKhIC7VRtopTpl/M/NKj9qyWr+gSQFIFwT7Uem/ub6W9/WniK1uDqkC2i13ZVuuKuL8lz5KL2Pyw3mFQXIuaYjSYKJ58Weurc1kF/xxeTNZUCaCPDtC2m6L5OkN6A==]]></Encrypt>
</xml>


2015-11-22 15:51:01 debug :
------------
String:
account-ticket<xml>
    <AppId><![CDATA[wxe5b18b9bd7e3626b]]></AppId>
    <Encrypt><![CDATA[/tFPR3skPnc8PXpymAVxQbrQKlqaVw5Jels8PWHuG4j3aDkzgEgnxa4CYb4iGwTAHa8Lgy77S54B89M1+MBEiqjL62EWCSyUMsR+LyWP674OjJ+YjeKzlAHEJYyGTv0wnG7D4lpvO60ahRv/OQGavrJJNNafW7ssExUdMO4pq2iDe/IUXww21voU4fi5JDM3GvO6omFAEPQs9JKc+J0Yl8UYAma0nFydsDE8+nO0f5j9pOj2afoovy3NoGGqDexbyqN8zMxO3DKWsbtEXpiAKriGJHVxVILBrnYL5aFulAqUQ+Gfam2YU6l94S6ZGOHf5pBzwvAeKMDSPLwu2dvni2YepEp3j1+DuNMobNn7y1WgPUMW+uXB1frCZpEdcjLj2PtdJ9HhTBY+UdWOcYIzI5en/DJ/9S2YVIljakGGF6e5xqdIFifYqTIDj9ZHSr+4ek+idoKXaAqK6Pcytrwmng==]]></Encrypt>
</xml>


2015-11-22 16:01:03 debug :
------------
String:
account-ticket<xml>
    <AppId><![CDATA[wxe5b18b9bd7e3626b]]></AppId>
    <Encrypt><![CDATA[mMSNWeraueNPtuLSReBFApQKR+wh2mslmtlXpXsKAAfIifU2JPQy4/+JqiImEtr/0DORDcEUoWgWgTDaUv+wR7YQl+fUpsGLwnIU9NtBlrJWqLCP89vussPDzmV9FOWgrKB10U6vGXq1KfcCf05fYfRz8muSavfQpewKo8RQ9XJ1LPZ8/Co9MBi8B8zNMSGeiMh4CZ3M3yEQD28gVN6QIb1Z6seB6YHCqXjazJZXrl9QIfumvAgleenCBg7ZJ2d59Lc7YhxNdUSl714LzCtpTnbJgSO7QAV1mzdlc0BnD/GMUfEOv9u8M5pTI/cxST6uUdfg33IcP5ufDxe6bngVMcBehe51HGvNUWklTyBJCEi/V4BUNkHh62wkRA1rxQ612z8K/D48NvXItVOgYpghzI9baJW3Zs2NI1iETFx6ZpEV7/+0IrYw6ZpPoNLTA7DVmW0JzY77gnaXAIUenX8NsA==]]></Encrypt>
</xml>


2015-11-22 16:11:02 debug :
------------
String:
account-ticket<xml>
    <AppId><![CDATA[wxe5b18b9bd7e3626b]]></AppId>
    <Encrypt><![CDATA[w7oU/XTTjB3n6IXPGv4A3WFZsPe79Ak0CmrQOJ6cWmSDSgPMHrhzthBxj+R/kHWXv4AyLPcrssUOmPumgrMIEJxmhqMaPIK6ve3aSgtPnyFoib4p2GB5gf23jzenBX42V14FU8+kf3r4svymCp4WjttTh3vfhWZqTT8pqjHVkTMn1dP6dh6FcOYKJ74Oe4LF0MGGvEMFeUxoYegepdznGVRAP6JwOtTk4P73UxKK2d8/tu0LSp7EzCIMzwQc9+70Uu0iqlmuTosYlHRt7EDU7T2X6Nuhw6t+PrRKLeKG8kIkl9Abq4kfUkw7hayAhPK6X6qWfK8fAg6OT5WQpORdXANDTEHHtjwHvyuCVHSnHiMeVp2gciRHqu3dcHO43wtriieN+mSje96GHzYlMopjHOQnJLEuPlLFaI8WsEm+7tuak/3EyAbuE7PGB/Ubs06CQJonb7FR7Sf+0egIRhA/OA==]]></Encrypt>
</xml>


2015-11-22 16:21:03 debug :
------------
String:
account-ticket<xml>
    <AppId><![CDATA[wxe5b18b9bd7e3626b]]></AppId>
    <Encrypt><![CDATA[Qw7qiT9r9m3v/4fg92IjiNZ/flgJJFO+Z6ftXog2v9UQiYsCXwq0H4l6f71Ds0/qBNAh/ToAGiNFhGnBqhkgLpJ8Ulz4Gq4DnQE3zDza8Ri3oJfuDb7aeaR6duQSMJbBYgWDLz+hkDzMEoFnW1HPGafofEqAkOLuVOscUQd4egLkpSvahQEXuDJMZN3UfmPkNrsSoED46YYxcZ1v99/DL0MSbEaEjAo9feonFzDKdtT7fN6N1zfsv4iuP9CYDABTcv8eHV3ldXP0Ti0aJkAffNVu1I/08g+LxRtAJiAl6VgwY63KZuDP34rJdoGobUVjXRw8xOcJ4Em9swSScbpyWaUfydg50OSFiDeXxgDGffZbUKWchdHFIbhUxYXXW59kDsi1ouYmW58eZkTavX1HDU2uiEvuG82qaSQv1r9YiOJTIyLaY9KWBSLDijo+MH39Eg450OUKSGGn+L1Z/6EOHA==]]></Encrypt>
</xml>


2015-11-22 16:31:00 debug :
------------
String:
account-ticket<xml>
    <AppId><![CDATA[wxe5b18b9bd7e3626b]]></AppId>
    <Encrypt><![CDATA[BAJ5DZrloucN5ILnBQF0v4HtnP7NrF8Rzl5RqvPDS74R8LBb20NcXflDXnKimrnEZmD+bnB7kObFVI4DorBAE2puuyXQVQQuByRDHv4LcMvpJPS/RDYWepJhO2bzt+QOMvP4GO1R0tmHEejK0HfvuQSoRxcHThF8gQoJtCrMlmK+w3hYdrSQ2KdrRaKjLRezwn1ta9Qm/6Rps7JVnDuLkTjQagBz26UoiLA5g49+NgRtJFdzDIT2zofbv2wYalqZo4D2tJe/75yQSYzV3v4gz2QkxKmpkFO/7qXADxa2achhGFh36nsfxgXlS8noJOR7v1MPGUxd3rLBtL4cAptztdn4rDtdqWRVD0vGMEkVPmm0Xx2PflPtzvRUAnjFxvzBW3XhDduCP5KW+fTb1qN2r1ix227E8dZgLPjjyk4lpAWsMTm3hi9t8GnaFzGL3a9Cv6NdH/gWfE8L0WjyQ+t85Q==]]></Encrypt>
</xml>


2015-11-22 16:41:03 debug :
------------
String:
account-ticket<xml>
    <AppId><![CDATA[wxe5b18b9bd7e3626b]]></AppId>
    <Encrypt><![CDATA[27S+zKHS+Flsn3sMA4ufIlRRqCk83/cok/Dc8X1JEyNyHlFqe4ME451lnjl2mEE8SaNm+HmLlmLf7wUTHPOdf9Zw2Gzazz35JO1gaDNH2wOrMPyaNykOFhU8OxMQ9uv+wfOR45rfEQnPcEUCb12L2H87mx3KNRqpvBpeRBTFksR0M1Jeeg6QqqgjNXUxP0IH6cThzr9YJQaEmpi/XDTnwBdy/kUlk0IsjXeDXY/hOVAAuLyRtxsMAA+1FKsWFflL2kIYPYy0nejR/EuDktsHivHwTlx6aaZc2KXcigUaG/D09rRa+M0p7IzRhp75Bl5ZaRS1H6E95+m8WUrn8RdCw4lVwdfhiiYiHZ3qz38QX/vGZ81py7TM6O2s6yaevA2cql08PxLWx6AiZLGBN+CUd0NjuscXcFgOJxXYEuHz/dvSGCGi/kityNFyl9djSu1OUMTSeZv4FOZZaN40E158zw==]]></Encrypt>
</xml>


2015-11-22 16:51:01 debug :
------------
String:
account-ticket<xml>
    <AppId><![CDATA[wxe5b18b9bd7e3626b]]></AppId>
    <Encrypt><![CDATA[Hw2djwt5viO1WQpl1UOd8LSVbdqTN385LTe5A7Pam2Fa4KGPc1IsRJngwdnf1mBufF5TQa9aPt8DcHQg/8C+p4ePNYW4rEx0Vrhu/q4IBem17ck9NWNpw/cZoj0MZ3gfN9wVBqMYQtshafgZln9Mq9966iShEXylRuR5ZgQ5Yr1i2NYc78tpudJqH2zIG53KcnoFN7603NV8TFMg8ZzB0VtoGXRb9fjAD4i9/VmZc7axiKd2mw7Ch2AYmV4bCOukcz+qmJNr7tbcmZ1HflyIGR7rmkKpUTeXLvy4BJ9mdvofRJo5e6cS28kqXxudw+U9UrF/qnaSjKOp545qHpuB+2M9QilSL2NLLjt6oqFd9b87HHV4nVzkA24rSV8XIfW5aBujePdKXciivZMhcQQekux1GDKBxWdc/JIb9tl/wUX52JN/TkFBMU4H7x0l/CiGCBQSCzbE9tiO5mBVwQ/knQ==]]></Encrypt>
</xml>


2015-11-22 17:01:03 debug :
------------
String:
account-ticket<xml>
    <AppId><![CDATA[wxe5b18b9bd7e3626b]]></AppId>
    <Encrypt><![CDATA[T15oZ9UJek8Ivo1BZiu8h4fuf59wIqf1OGd3RQJ6De3+r1u5wlN75Vm4tfGE/Od14oyxflWDoBWDWKiAq+8uAP2SQrZznKK3Rps4pYjk4Sfv35eFCiRcDeZ0CUjazEL6KwdOU/UoArOgZHdosQtNjSlyuNtqauHBPYC5hvCyMtsjGQ9vtJChiPklvln41EGHLPGMqbbgDLdi4ObFkQ+4f7cmCicZf6RFGoIkykoLrj8Y0I3vrMtvFlTfKaKzYAoTCkOolunWlrRMm9CbrhYSf8f3M+eUDRBaeyjXBO4tWBeTHVCldFHG/+Y2ConctXerVDb5FVbNgmEFrVXZKYmbYtjz93cKtvufxTwYShUDRxjio0yamhA8G654cBDSDmulfyEFNIK1/62oKNDvotuTMkw1Z/RWb/uJc6wClSOQsBRKO5yrfuGv+0e4dwiv+FWkYBZ2zezhsArZ7eDciOi+og==]]></Encrypt>
</xml>


2015-11-22 17:11:03 debug :
------------
String:
account-ticket<xml>
    <AppId><![CDATA[wxe5b18b9bd7e3626b]]></AppId>
    <Encrypt><![CDATA[cV4zylW1DyGpettmnfMbp129rC5tY5z49wA7Lf2Lo+QLy1UU6NoahoFBerYyFqmP2IQ4z7eblQDRYMznyjsB1aOUsSsog+Vsgmp/e47K4NMmG+XwmUAyxUQHpuQsIbwHmw3Q4OV1H9EGOJrb6m0siqHrKlpBxe6ySJYFLrmNjX/VMu+G6CTHTc/PW9itM5fSKNVr2JPuyxi7M4Bs5DUm9m8iW8AkZalMAuPPqf9/sAscgQKe7B9y7zl2GjMLLfmbcE+A49KajKmrpEa++uUpaSLDPfPbEsPalMkWMbj2+EE0RoVtXJfIXkVVqpw+M9wZy7mN8awpX+SKdUGziAF9iJ7JzKoMUWiH7tl5RpDdnPDcR8Ux2qOfk9eVBap9u3XXQSSGodmexPsOS1CDXP3D8zjFA/ZfA09gAOsed2SnJRjCEUY5ivkJQqJgrg5IoHwKYA4la8N/QuzWK0qAkLvqQQ==]]></Encrypt>
</xml>


2015-11-22 17:21:02 debug :
------------
String:
account-ticket<xml>
    <AppId><![CDATA[wxe5b18b9bd7e3626b]]></AppId>
    <Encrypt><![CDATA[KIYhZTg7noFXxGwqKEDZKSqTmC/FxU7jkoqexuGUR0FvV0e8Sp5A9/uswnWWPSPnbFC1YpweFj1WUws/qO+yB8INxKe6m/e/LFv0/Hp1dY4RVlfzIwd4co0pdigKvF/YZ5hX6yUGEyvZH5vTcvaAFf3OpdRhzgI2ofGIKvNO0zs6ncFu8MOTCAyWQxCOZedVHJY5bdcOpdxrox/+EKMsGm5CCKeXZG/aqJpwGbMIJ7LghK4DJE6q4gIvYjYXIoXQ3g/4CFa12aiAeTuAmaLP1FdM0hiaxQ248c9OAFZ6L8FlKrBCpM3PBLm8pKsEK3pLkmQmIRYMGqKURzL9eb0/i5/c+RC7es+XubKNIKmlbc1lMN0ObFna8MlQSFfw+b3i/wwaA2g0SMVCoecAlBpxiMeBx8gBVlUmDhFd/RnMkzwh9VxCncgXz4/H+8Bn7MPPa3VMq9UeEsOQVyU+wAeaUg==]]></Encrypt>
</xml>


2015-11-22 17:31:01 debug :
------------
String:
account-ticket<xml>
    <AppId><![CDATA[wxe5b18b9bd7e3626b]]></AppId>
    <Encrypt><![CDATA[1v/5uAJSZzhyb4mIUdTgs2s7zETgCxKRQUuHRq3UXX4OKcwIqJphCjJhWIaD/xoHjf42EBMKaJdNlpcPk5yTkr6GeyLPIumiC05fSsb5Bg195yMnDhCJbQBXEQJ6TcmOY2jHReZegkPSd8jyHf94bxQdr/KG3TDHq1L6K59GSxJ+YQsiiFO+CIKzcVj/GrTW0lSLgeH1d5SC767F7IPo2+52Ei1dEaWRgEMUywIorvU/ZROT7Z2NkLxmp1W01C0t2UaVO0MojC8FhiEQv1a3kM2DVo0tG+HDQ0USTe4sii+cQBXnNMT25bWGKqS220vVBe1X/ENgd1l5D0o0Yh0p1LNTlBiKkFxFIuOdlHnm69GcJWX/0+pz1NC1ReWFjW1ahchDiuRQK5eXL4mKREAu5D8kd/74Sk1LLFyVg0HFc6BoRXuJMspYC+YDowJzNnNTCcDJxxdJ2c+/4eKMlrHQ7g==]]></Encrypt>
</xml>


2015-11-22 17:41:02 debug :
------------
String:
account-ticket<xml>
    <AppId><![CDATA[wxe5b18b9bd7e3626b]]></AppId>
    <Encrypt><![CDATA[Rcg19WfecOguvqQTw4lAVbEY7HmsyaewAXkl1N9jlw73Eucv1We3BYiCRoDraSaoWiVhcRj4CQUkynJD1cYq0qzl5ZDxtIoastqzsX367+Z3kIgox6HkDQXlvkwoYLBtNxxTi3eShMIppIXVfjFxdQ9FIUGmmLFIt+YlTIF//SvSrBoTEVrUdJD3uhDd4joRj3IFHTCb3wo0qpHy8LVbB7wjhjOYNs/w9A/vRnimWkDGGRA0TevF5bkqJbCU6VGApnDDhkGkSiS5agrv4/dDAvB2bvUrvykkf2Kj6Bf5OWE5SGJ+fkt4EmpLsiqZmSseY/az4K+TD4C3tgiLOiqGx0r+bzWI4Y7UwW4r8ReC6zCaIloGOJjNX4IFtSn+/YpPadpmMiNMeiIOJ6Lpq1JK1sZsz4TWFp2Bkw7m7YjtQUjEh8jbHF9ogLwslafWoQIqxSwt6KAAAZzWJ4Fl4TVn1Q==]]></Encrypt>
</xml>


2015-11-22 17:51:02 debug :
------------
String:
account-ticket<xml>
    <AppId><![CDATA[wxe5b18b9bd7e3626b]]></AppId>
    <Encrypt><![CDATA[ob2yOYV/vCGu0QioGUcWZs4zmDB+JclG6KHWcOLyM3JnfcekF/wYfaHhKnhAJFmMki1ShPXW6SmDtou+REBHBJQ9kpLLr1tUS1TOxd6xJdKxg8Gy39+7P3x8mjMZ4me+WNOTX+ewNantbH2uzrpGZYpK9AsPPbPbNtZku4VN8dmrWHI/nta0ICg71bBE7FjH/tjkaHoQBstcskA4F7sisPoAfD87TZLBphWWWcAKG786rpEXAp+PH5qZoGELysCx7QY3mBTAkD3ZXjCNSWuthn/1mtxnq5Ny/WGUD7NyNnk0ord/6gITBs5SHtQkER1lkNZbZOu1HBbrcZchB4TF3OO7wj6r3NvF8hrl0UNR3hh6OJSsb9ZnMxMBTLiPn0gWtBr7fNPXp7GK76WPjtN3DQ74Ir/QXVARdRUeuyPI6PXG/tpsPpMAVHHfZdEhgDNAj0bbKbM0E+w5jWl01B7QzQ==]]></Encrypt>
</xml>


2015-11-22 18:01:05 debug :
------------
String:
account-ticket<xml>
    <AppId><![CDATA[wxe5b18b9bd7e3626b]]></AppId>
    <Encrypt><![CDATA[1KpG/UKl2Ki6RSoShE+v3ySYITiH3e7r5W2MDxePLCgTPvwjK5j1xmRVQrHjRuJNj9Z5cmtF40TfalNAL4v7kcf7PPiT5UxaXzd2Eo6yldtGeuH/S7riukCzln813L1Swe6Egwb7ddglXFR3ih1NFiVl8Zonbo2Ty426KRAHOaOy163aYRH5v4tJCzEUhAlC6cf/g2fzi+b5OtzfD5w7W/UTDwmS0J2z97+aU3R6iF0uG0FPghj7RTMZ03gn5GlWRBfBXHVL3tsQWEr0HIYLloAK1KATj+mSD66Uf5zht2UlKMiBzc9jZQNLJYYtHomIdiPJFa9JMvKmC4fQOsOOALh6Q+PON/J8CZmEcX0+H+/2P2CR7E5gEdALcVWYakoJtcUhf6YBkzsbH8TdTpAw+KtLrqQaQu1adQtcRsBczcSy5ZQgsujQRKVAu7BHX6YEQAeVINzqKAiY5rJvZL6nUA==]]></Encrypt>
</xml>


2015-11-22 18:11:03 debug :
------------
String:
account-ticket<xml>
    <AppId><![CDATA[wxe5b18b9bd7e3626b]]></AppId>
    <Encrypt><![CDATA[HWmwBhHWG8q7PvpoP/NdjpGYTA2rnBf3/SR2Kf5lD0c91Q3i972irw27gvdfDPgUfsBFSMa0LwdFzKZYtyLJjZ4eIDkinVa4ObV2IdSqRPAwwfLamGr02w4Qe84Pebx+WLpBSqptxxQsDw4V0iAIbfSpBS5Sdc7puXlNZxkMsndcV1PIBfleKlWkboZ3J9vC7rafFyeeiWY1kkOHJdBApS96cJOro5VmUMSCShZJoN3BYS5TI+GCUKM9Nl0Jd3eD/dGzpv/m+NXEk8NEcs14MIYQL6qlD4x/IPHXQNACa4dIzeE5JPlLq+8YEmK1LICh+pTmVRCNEcUZkB9nCqQuMIDiBs7RNWbxUCezlBz5AX1fVoV6sucg9eq3xXMajZwBe5bj5q03nEwoAN3AqFYXk77hInUrjpiilwjl2DMk5Dz4mRrMqmZBkmhV9CehuDFeMJnivlAzR2Y8PIckflfyJQ==]]></Encrypt>
</xml>


2015-11-22 18:21:03 debug :
------------
String:
account-ticket<xml>
    <AppId><![CDATA[wxe5b18b9bd7e3626b]]></AppId>
    <Encrypt><![CDATA[pxtLRGJwn9Tv4HT07JW0y5TfZ5rrfMRYnumN900c+eSoaGNHEktyy/r7H2R3Atq/nzcu+fOWBkvGAjIPm3jr5SR/H3ttve/K/l8+CTtixFYA9wUcB7hSTsDbkAhJjliqlPmDeNqXO8u5PgI7fYhycMRbus7qycKqsHvuJyK6cXecb18bVOxrrCWNY8j2gz20Hca2jXDKJ/Oc6mRt+rm5rSx1wVvXgLftG87t9WwJWGuOgsw2umxjMUYoRJRN4M1UKZfb2aiOg5nyN493bb83UDzeQtXib83brX4aR0Y+VdGqhuiHu/tbG27y+3h/FbEZWC80/+T9/s04oabxdZejKLGPUjQtZCSZjK2WEcSJLDUeWZ9GQ6ObP5AH6ul8RRPPRZkab7bCGmjNWy9R4HYnOs40X5dWJH3FOm5MoFZMUsiVvKgbHJJ5d7FYLvDSMIAxKOM4ty88wt8TCFJUm0Rmmg==]]></Encrypt>
</xml>


2015-11-22 18:31:03 debug :
------------
String:
account-ticket<xml>
    <AppId><![CDATA[wxe5b18b9bd7e3626b]]></AppId>
    <Encrypt><![CDATA[rnOa0oX0BVPWcRE0JJjqEuKJngvWqIOhTcz5na9w1j+cOA5CBGMqdyaBMJCQDyNg3kJTfFbnf4m6maeDzyh65LHtHpCSnPHe1uXWt+Qy+9Saao+NeYaR5YFTP4J67e/4PTkFAZMTLdELv5DUl/z3s8dm7wnH37TrOS27av0qGUUAyA9VBMxJKhvY1nZBTKavR/khNytHBSTBzLXy1LteEhrNVQOoPmLY8NW6PXm+LpJ6ZKZvmYRiYU+WhsSEHrIauXac071r4hQwtIcuGpSvKCeYFdvuIcJyhDin++89rTK6S+DIZFoTJyYWYm355+vQqQlk5PSO77lTp/KH97bsM/O90F1igvwhzfUeEvUSpDbJLiibQyjYgqcetWljRVhgywnbnBFwn5SANf0Wptu/9/d0KLQiCRMhnMUrRGgw1QV2hVc1iBcgidyYnLrqFTjtLZjZZTuO+Kn56ypt52b4bA==]]></Encrypt>
</xml>


2015-11-22 18:41:03 debug :
------------
String:
account-ticket<xml>
    <AppId><![CDATA[wxe5b18b9bd7e3626b]]></AppId>
    <Encrypt><![CDATA[Y4eilWuTr9KFx24EkdIShQHRkXyiQZlQX8t5ANMkWYepWB5mIVjae6titxeQeKGTJP7QtzPCQVP1wGPATj1Ef85UlPZpeeTTiC6zOeMo2/d1C7l/AZ3WzLDgbcx76BlONxeTyH7Px7cVVkF+oSSUNhk9sal1W7BhoSVXOiRUaa+0mwbtvUE2A9UQhwLmJ7v9HGgAYppxHGFp26/PFh0xkmUJmOhc53xdZLfyJSvv8Ryki/1ywnubOCkk9hmzEE2qAK4HY8HvvZtNEmPGFl0rxeuDIUx8IzCOseOZfJkyJQon5rBBUiX73DuccInuxIr7POsmzyLFxeinIOqF6L1FtgheQNsCWPvBiwFN2MM3BhKC/napN1WFqT0169+OZruVxZQcT7Sdjj8gBLRZkkEVYyRygc8Tnxe8KY0tjHfxBfjk0yRSZbAWwzm0UuZ0In+egfvQBSe7F98AfrXqX1V0HA==]]></Encrypt>
</xml>


2015-11-22 18:51:02 debug :
------------
String:
account-ticket<xml>
    <AppId><![CDATA[wxe5b18b9bd7e3626b]]></AppId>
    <Encrypt><![CDATA[LmMOHM25Pm95n4wRQKFhyt1yG3WExEhPZPFgRrLbTGMp0bt0lsNG6LbTfjsRhCXlmft9HbDxvWj6B0IiJY8JD6GZmrPW9CQS84+WqDY8kI7/juJqyo1CaVMfP7ZADcE0RgauXpGbv5E31viUxHcK2f3p1eGNbju4avaVNE41ay17zWKu/2EyUpATje3tuk5so5EyxUpuBeKbla1tlNrGeuD6UHZzlP8a9D1gNJNa9zSp6T8Yg6rlcml9mMmWCMtnPXM/PT20WtH03JE4D11un9+TkEfYWIyquKtjjPzmPCCr9Fvkvh6OmZvHMpsrrwsEscsVzA04LMGHx9iXWJdu6ynGLCSLeVE13WCws6NxYJqFUrisJWPigWT28L2GyInmiSTjkZ4LBNhH76g7+CGBEL7BoRcoZC+aVeY0Mv1f8OgfACBqw7O+lbJoSDlPH6C70IF68vKL9jy8dj8AHMQ5Bg==]]></Encrypt>
</xml>


2015-11-22 19:01:04 debug :
------------
String:
account-ticket<xml>
    <AppId><![CDATA[wxe5b18b9bd7e3626b]]></AppId>
    <Encrypt><![CDATA[7sLIAG30zzwetSEIfkbfO4EkAuCJ9YFPO0hzHm3BuslHBf3CYwRGJVZL1Nr6nV6k538QROBDWaUNC28UTqxvQ1HU0eqkHoORphMacRqm97BuRYOp662sWG/AxpZHvw9+p+Sogyim74/A9X7wjDMUwxyQXQqGFbo/jiGQTSm7lZRL6MYvvQZItYoz8B+9u0y5ecKHxv3K7HTSyOvih8amOG/lrkeG0txMwj9wJ4kVIutnr4Z7Kxk3yXjLoXSFmanwp39O0JbvUsasmRfb7UTOQqx5rxY6xb5vgGGAe0ps05j4WuZtNZlIgvKKUfUyAQnmkknlwsJLw5dRnXBk4hWNCcFGrXi8Dqr4veipp3bj6Oz4NuRIG6RL/dO8AUAHEkuuzoUJMmcuLVRrne4skhbXQRfMupsPXyhWeV8RnpRSdl7eIwGZDjccvjITsCVbf66JXC/G7ecv1jGQscJ4PEug5Q==]]></Encrypt>
</xml>


2015-11-22 19:11:03 debug :
------------
String:
account-ticket<xml>
    <AppId><![CDATA[wxe5b18b9bd7e3626b]]></AppId>
    <Encrypt><![CDATA[pE9RcDAEwd8c2SBSYtBWBbMNI2g7CH9IErcV5K8RyLTv5/Qd8YHzZlpBINZ4koEs8Hg8pNx8MbowiYAN9tVu5n8rY2zjkYm3qjzxFHOQ86ZtSC+w/A2DhrLOGYPjKGIbQZDqCBPn4HB7w5LnFiXeAmGXlBBmchn4oQ8DEvFngBxXYTCNOjyYJW828wQ8yGB+HSlayJS0Zn+rHPCytmsBIlsEwfDnj4kHPmGoOpOtckAZ39RnRWDyPSkurlW4tTNB0xdsuJg+XaQaiG5arVihyYn0wG4wruB+fpl2u/FUS0Vm1TbmfLDSwxiyQ36+ft604rgiDSOOYsNLnb+Rz2dl/wqHhvFdBIFGyqs9uZk8YSo9vqZRQLBIpYotN4Y0oIo5IuG7b4GGYSdUC9FAROfSmZNZwJnurcpA7VaFAwnzbPWTn2MHfIjcrK6uFFoEiEocBD4syKaJpeAkUG+n57tlhQ==]]></Encrypt>
</xml>


2015-11-22 19:21:03 debug :
------------
String:
account-ticket<xml>
    <AppId><![CDATA[wxe5b18b9bd7e3626b]]></AppId>
    <Encrypt><![CDATA[CdsKq2n0kdQs9k2XC8buxbN/QweG/44WA2KlVLtfzQIjVN+F+PGOgUB0idNdwr+CInmj0N+EixzKAIQl8W0/Fhp7P8SI8dA5p1X23dWNJhD/LlL7e6yT3c6TyQKnVDKCYLc7dpJ/b0MoaPX6USFOeUb9auEPtFGByjLQT+X/TWrHsbCYkVLVoOhvWz+MCpGYWiw5J+SS0NHOcyLjeZoYez7zvH1cu50zntcIlfn7087Z+73CCVmbW5aT5bH2IqILymCvcOJu7X9Qf2O/hFOdyoq625EdXQEiW5wCEB5NEPYf+fxyeZDqOWU5HDTmvGiqSumvmMhjC9hXjF6oql/i9tIN554aQIL8XVb123mVGpGBMobmIe35g0HFMouJoIvDPwcFWVthVV6bjSvYiWZBSTL7Jm0E4pUHEDZT7F4ZlAHFYG+znYXLu97gCnp6zlEbfDHF59pWAiogrdk63pXrVw==]]></Encrypt>
</xml>


2015-11-22 19:31:04 debug :
------------
String:
account-ticket<xml>
    <AppId><![CDATA[wxe5b18b9bd7e3626b]]></AppId>
    <Encrypt><![CDATA[flgvS8/OcyVfCnB/C7xTSVCpyzdlur9bTw97aPXoQfARUKkreAEzEdApxBeK0mk0WxElWrWR9r8qKRv+zJ18KeY7plcpfa0cPXneGHkT4ALAoAd62NsaMdky21pja5gjHlPMyDJZQyIEJRHaUFXP72U7lP9C1l8+jXbmkAtCipSnUaZ66914AmLfzTJ/Xz7Kens1aFAnfm1NpQOdY9ZN72k0BuRYqQMGhiSP9MmkcVB5wZGYlrJl5tHcoecORouOyvJ+wDLp09SMEvL9QSAV0mt5AdLI/mL9TtauAjpfzjQ/Rs30ropSEQ+KgxuG0kmXar7BLI3A6zGxGFD9q2NiSGrvLwGBqDRz48dDHHuqgMl8FhRWhlL+YYRAoes6pWPhD1JxTLKilpMMaUaN/zS0CKAqhTC/QJMROi40b312fzo3JHiqiMnCmCzAvkZBNesNuc7nPx/drLyw8trRhIFfhg==]]></Encrypt>
</xml>


2015-11-22 19:41:02 debug :
------------
String:
account-ticket<xml>
    <AppId><![CDATA[wxe5b18b9bd7e3626b]]></AppId>
    <Encrypt><![CDATA[mqVKFy/g0QdnO5wRdw44QCuwRY2i+Hs6yQFpZuMTLfuBZgJHYktRxfPvoTk1eQb0ytOVV/bPEDZMgEpSxovD9lX/QTnltCkuo1+8+DEy/eKKWcp3QGIMCxVSkVnlVU/pTsCmMnjbJEsJ5gUNiZi0oqgg/gURuFwcayXtI5YIODJeycyt2137fYNWr/7nCJvT1LS2ix3RWXX3mlybEHv4HUeQ36GXcwXamzyHFLeqU49YTiIeVdMlokdkd9tPXZIlVNPLWDr2BR88rapzEogTM7MzMSDWhEYR8xMJjDph9WlmwZkytpkNbd6HmubCw/joZULZriEB7Jnd7NkZQOwj7ixE2IyrgmqEudhTJAJIHKx5voUiNHfaSkAjsGSS54LRc6VdQwUKmNN1K1H+Hmn1kKsBtcH7BsBAtKvYOz4r+N27Dvoh2SDa/7SBf0OjfJAvodBPrKO862hWVSJ/tK3l+Q==]]></Encrypt>
</xml>


2015-11-22 19:51:02 debug :
------------
String:
account-ticket<xml>
    <AppId><![CDATA[wxe5b18b9bd7e3626b]]></AppId>
    <Encrypt><![CDATA[6oge4NKxTe2+aWkXnZbOi1mKN92g6m0tLBJ8iAbQX3f6r3xK6Uu9JI6tddG02RtiZ6q4qAu41jrJQ7nOYvgc+IDQAj8KKbW14vZF7wkTLhdNRdrM5P/3TM/dEZnLfOnVVI0pEg5L95tLJQxdHCxfjc75lPzLBTMIB1hDIjLcmcThWZZgNAI8N2qIkZHJwkc92cXTqF5jC9+gWU/h5ivv8LNCZVeScW+1Aryxm2K+NRGmOfphjvA4z1SlPAtGW7NmzYc/0maQnk9+gpK4udTjDvEyHCTTKHHhvFzxPKfh7/rrKbMwWGYaqUleNcSVs1F4ORnA1SMuL5uyC/stks/A/oXriW9kOX1+FVj6QgFZgQLzByaKvgIDnMS8dudk+crWMvW8L7GadL4KsYSTKh1Ycwz6XFSdzWrf/Z49j0eRrEQZN1nppoDqr2kqpyoKRlou6mW/6HCLwxpcK3PoB4mnvw==]]></Encrypt>
</xml>


2015-11-22 20:01:07 debug :
------------
String:
account-ticket<xml>
    <AppId><![CDATA[wxe5b18b9bd7e3626b]]></AppId>
    <Encrypt><![CDATA[GpqIEkjO2vGNI/76QSsCiFtZ5KByHwOWklVju0/T5Sp4Z18P/YLorTeF5GXpOP4XL7U6+MM8KJxzTmTsgZLdk9b5TK8gPPMuRMs0TJGdk6WOJJCJUr9gtXtkQJSux7LYdY3/S0sAbbKepc+aiJ8v2HNKjCXg0RT4bkRSTpZsbyHIpPjeMtz55ZahiMbbNArduUCRKoOu6kN8ZLpwJAeCyKqR0knihPWPWt+P1JJAuHtyOtxStZseaNuU8IflaNzGdElrynsC6pPqqSzdB53iUGMa3dZzTOVMURS96VODWOkCStJXozWAIG8wVUDVw2qgixLfsdv72U0e2lIDYp7jvFeLJy8krNaHnZq9jjKWgQzGGwa95bdJP02ssBt0Ir2wB8cO7M5Pc/4d7Ja+ts31HjmCbhX5dTJDzZYQu5HVY3keLAFKhvqUEsHNeiYk81ldF3cbNszn+PqCVqRWoySpfA==]]></Encrypt>
</xml>


2015-11-22 20:11:03 debug :
------------
String:
account-ticket<xml>
    <AppId><![CDATA[wxe5b18b9bd7e3626b]]></AppId>
    <Encrypt><![CDATA[EdO8uN/jkFqUogidbm6nLAlyTn5vDbtUHF5qZOg7CVDvD1mwC4yp9/YAp09LDwuzjDucm81eV+3dc2MGQdV0k5aXBIf/BZdNDnQzqY113kx2qcQJ2ES93CFw91M5m9VJIhytcLTP6ovizVGm5fRVYkBIOsuC37nmuyI5azuodFqvv3MgVGth7B3j9SYnMSVdc4FyMepgmpa0o/zDgbVZMs1JY+FJKViBIHjHTlHi4yyRhA/+++OiSonCm5EPefzby4+aE1VnfadSjwZTg3W+n/JAip0ShJU0R2mnjc9PQ8I4TQqw1zI1lRGgmro7OaOWVb8oDu39P0XP8YoSDynppwsuq+hHcz91QgPP8daHKiikKeU/UiRErF9C7b47LUj7SVUHSgNZd48mgAso0CIV2w92+tiZwjEOTV1JzVXBgMVp9CPu8OoI33sce1MXuMPr7jmhWUdPSz68Kr5Ag0PCwA==]]></Encrypt>
</xml>


2015-11-22 20:21:04 debug :
------------
String:
account-ticket<xml>
    <AppId><![CDATA[wxe5b18b9bd7e3626b]]></AppId>
    <Encrypt><![CDATA[89Ry/mXJ3e7yx+S8PFCAnVaFOd47ZGVkXpC68+6aHAEVP+YFFO2W02+Go/MT6CNbRfeCwmYO0uSwnzlpGJ0AdeQ794yPempacV5ksC78KwIyQhcWZBz5rQu+S1w9Cju5e1Az1iGCfX3Jkpu85FBOcaxyudTrURzbye3cAqVnI5ObMeCJzLFQ88C7ezMvphbYnyNOnZ57Hj2zpJbiElrdNae4bSofj6SpW81t5A4tQWndn11+cg1509SKeU6IhxRdjLopzdFUpwAwV6e5EeObAU5KNoD/okCuD0Gj9XLVAX25rFUcu6dqeGRtV052W9uebV2r1nHmgqikJtqnwfeicKrtiiQeXNlE/sRl+LJaByi4GXZem5F5Ip3/eR07ZBriQ71CmYHd2H68YjG8aLfJSs/+ja2XZ6h9TWkfNDpdeC1uaWhEPvIwNgmabRjWuNU7YjLOAykmwF2CHIxUSI+poQ==]]></Encrypt>
</xml>


2015-11-22 20:31:01 debug :
------------
String:
account-ticket<xml>
    <AppId><![CDATA[wxe5b18b9bd7e3626b]]></AppId>
    <Encrypt><![CDATA[6RTLm9RjcAOshRw78BlvIWRIOO4P6zfg/aK6SrZ70F3+MKnO+u5xWlnA2BYm4uVNxnb1voASzHutYKy7Td2H76IhrjBNM2NESi+MFx26XXA4XIPV5gVRUYDI1zsuj3swkLcB/H02m75r+vzvYUgcUIUoRyrtJSPb9yrRU3WORNlI2eLIG75gL9xxEGj9T6AZz8n0/qV94lTjwJO1To6WSCl0H3EwIS69q53cOw7lbHTvQtVrpXZNuTw9hBii9EAu8fEMl3qzHmbagBKwBDQaQSomJHqlaiPDQ3cTLD4UpOs7jIvDtICmYkoUT2fUtC0J/ffLMzFQzdvq7+wgJykqPCcA3gBhUf2p7tPqias1a+76V5H/pxhqahENuOgUN78lSxaH+R1fkzA18dR+9h4nwoG8y6kB63BplwTV+GbDpywy3h8U0j8H7Pl6WYqIsu8Abvxag/OLY+jYItM4bs/Dsg==]]></Encrypt>
</xml>


2015-11-22 20:41:04 debug :
------------
String:
account-ticket<xml>
    <AppId><![CDATA[wxe5b18b9bd7e3626b]]></AppId>
    <Encrypt><![CDATA[7KKpIGgjTm9NXz0zzSu/FFS84EKexyQKowZEENwrihrq0Ojmx8uhmYU81PPEaFWp6l4r61LaM1YPFUfkksKe8evo4l9V7YYGtQTM7rZl970yY2J9zjGd7dQLsEiy9Szg1UHFcwRyX+gxZqCMxp1kywB/JqCPWRqeuKVKlD3xwCC2G68C+ZX82hryWb01G3DB9U/Aw5NXCYt8Dox+ELOvnUPuQlA5aTNdJH2tQeXQ37rkfp1B5ptbNlfftbxctgRTbLOag+rj8kWlPW+3aHYXo4bjTeayXDHwzUm5H/vqvsV6KInyEad5LDY25kKidC5E3vdWnXQsPZ5fhrG/GjdfUV1T9hG+/ciMfhcQQElBtgqTSfgSe0jx4guFLMcV6lMo/MaeFBeya58pvae5+dFOIXmJpcCriMyFi0e+tBLBct9cNab5fKtbNBI6QzZcFcgqR7AWRswyb++Na8LU9V7Yjg==]]></Encrypt>
</xml>


2015-11-22 20:51:03 debug :
------------
String:
account-ticket<xml>
    <AppId><![CDATA[wxe5b18b9bd7e3626b]]></AppId>
    <Encrypt><![CDATA[ZeqGpa7T+Z1GIcPoemQ7+hdZYFqSED/jRSersm3A3tji7BzBOHGonvLjMfz1FoUO4GsDSIS/xzV3+LCD2WpAy6e/M+0y+uqcpVHQUY+MlwIokoUlRdu7exgNIKExgVPTjb+EML28s+mgWUNPgw2wFcVgnPnErjzGWaHb4FMtn/3YDJJipitape5rk3CERMlU1P78jhLq8INTfyhyu4XOnThqQDMw2qHecv3DBVbgkQtXNlHF3RX4OUc+6eDyUXEm+UdVrvRIzyUtMym18oayIfz+QRXCYL9/EqL+4SbBmCp1xh3P9XO2FnAy+EWISTsQQKEaPCUL/mBswkvO9Idwn/YzbcL+6U1FU1D4V4RL+s66iyZbVSqULMJCIINOg85az7rRSyCzHVHuHPzfmXChGxKVGd25aFyM3LNI3gC3naZB4SAirb6eXUrhlfPCJz2zn5/ztW3f4/DEYjncv7NQtA==]]></Encrypt>
</xml>


2015-11-22 21:01:05 debug :
------------
String:
account-ticket<xml>
    <AppId><![CDATA[wxe5b18b9bd7e3626b]]></AppId>
    <Encrypt><![CDATA[S1/H44rjkHoHJ99SpRZuR1+wlRFn79hoocDhQoHMywx2SK5xUU9+wNuJJqjGznaWlX0XtVeD9PC23djM0qnM1x+PkAjxkOSlRMS9VdRIEqr6wvFsXfK6YktYWxJhU1o6GL7crPA4zYCJH5G9uz/Z8Je8qXe+wBIgKgYweVoee+SNBHjiLSvMI9Bw11uZG/+y2A33QlupMUWh1I0/eReYxEepj2SCt05gGvq9dNp4ryzPhhFfXrQ9CIYLo2fMsY85SX3OWF7Ro3wdRzF95KZJoUSwyHcuqgiDZGW+zCbFl3LqlhiU9ooXi5CuIE4rcYF5QBs+/zn00i5cpbk+Qnfst2Zf4RrLFzC7gXDvJZgF1zijqDknAF3vpCotNtUpeOb20fkkqcHyDZ5EtfS/j2HaUGlZvQAkbFS2Yf6Gl83DB5Ak4RDJzfh4hBxTKtbyRut6ruaj+GOBx9XJiIaWDftEFg==]]></Encrypt>
</xml>


2015-11-22 21:11:04 debug :
------------
String:
account-ticket<xml>
    <AppId><![CDATA[wxe5b18b9bd7e3626b]]></AppId>
    <Encrypt><![CDATA[xSNz1w/UX1CuOAtLqv2DelDGJVT5jI7eubCkDJOp7dvRuv/8PK/m5Wye5MfQtb4T33RjMkET96PIHBAdBEP0BY0W9jh+lIUNXaa22TqpvZwVdJjB5I9mZsKRVeQ93oP8hCrf6oJJhv7UdNmnK5JzJil397A0+rYbe4NhW3i1nxKdyZWd93curBouH0dIja2Ccvkc5XjUya7Zgb0I6YRahTYyeo0Q7ov0v0DUxDtKY4sAcudWCaDYfP4rbs7CXNswHQqeguOg62IR5RYl6Az+dhSY00sPK89GeGQpkqU9yZuCjZdK2s4J7NH6ZubnXuUsAqfMBA16/keQ9w9oF8XTNQHZAYn1hFMJLKHELqJPReoTFtRQHjNlLZSSSx6lemWAKq0cAhHVy+M8KU2AqeS9m/xLSh3urETSCjQJ4X29xaZjosJJ6rRx2zvE9RmhWtl0mfq4IjvFK2BAVo2kOcrtqw==]]></Encrypt>
</xml>


2015-11-22 21:21:04 debug :
------------
String:
account-ticket<xml>
    <AppId><![CDATA[wxe5b18b9bd7e3626b]]></AppId>
    <Encrypt><![CDATA[F9Gu20bCa1f3FspSmaiOvWaDAIBnKlhnVgMUiXkfg30Xsx1bxRkO89IhVg8q62PIajle58T4x/L4nHN6PmA74MISRV9UeyYkUSCbE+Hxm5QNXuEZs2DhMTxxDkTzW+F4hGHhyQuYsU0GovfXub6ZIExHCJgqifJDxirYgPpk6pOGH4IE531lxDRjCx9Pn1Ewco13BDLeQdeWCu1ffBEYPeS2Y69k1e7UPqjv46EJ1TYVEuXUs5vOlW1CbGEu2jzyhIkCBi2nADxd7RrY3rl+AMRWBTkjkpe87YhZJbKAINtnzxm9re2+LsgpSvIr25CHx2yHmdqEGKM6NMHducfUg0/YCZtp8cJ6APllQqK6Ecx3aLMIXmXjcuPli68sMrGa3MPpA5jPTURygcX8jawuKNjz/L5sh5UqN/LWoHmTBQILKKNJxnwjAaMNVDYl32/M2HYGCVTf8ljiXHZzvhf+eg==]]></Encrypt>
</xml>


2015-11-22 21:31:04 debug :
------------
String:
account-ticket<xml>
    <AppId><![CDATA[wxe5b18b9bd7e3626b]]></AppId>
    <Encrypt><![CDATA[1hf9YsDKgue7lM65dp+EWqt/H9opOv5pZD5tJcrfvZHWa2HJdQWpvDxP5M7XZfoN6vuxjBgw1LOIJgHPLsLNuBrsK1hJQE+2JUxdJVNezGeJVhBwB3eJTBfitjRhJiq+iGFBz67cXzbapvHyYdhF3mf2DP53LW3BW0p9F+I2QleRB5Uuk2KUxJRiE5KVnMf3UePPVa3VtpEd2g666Bfrgrotlmmi1qzeCTyWgl5U5x0ji+PeYhW3ChaLMOzAKUTUSqWo0UiP076SPGb2RigKOflAGk5qXxwqtgK9EjHs+iKhpF4MoH1a3jlVzYriz62mrs980SdEs9gXk5Z+tfsLbauTSw+iZPSvQGMdd4DXoC7lugsaTxtv9g6XnJaQrtw29ZvFY0kFcQiSOfq5ypz1gNt4G7Ti5FjT6umEpe4N9ZvaW7igBbenYlkcAqqZxbLuJbUdDRlbkCWRJItpoSe7fg==]]></Encrypt>
</xml>


2015-11-22 21:41:05 debug :
------------
String:
account-ticket<xml>
    <AppId><![CDATA[wxe5b18b9bd7e3626b]]></AppId>
    <Encrypt><![CDATA[3/09e/ha0Ss/c9LuOXTUX7sLUzIZ3lM0+qxYAOIUI9cjKbodJrS7RVcHtbd/9FoqLJQa+s/0JFNWyqd1ULsD9IJYf/3VL28RrydqXQgdoAKVm6QuwHmA2S9K150QD+OL8aUcTd1NeS4KrZWRYxP1OTxjHfym0+RMlZ/TsRJGeNoN3lyjifwQh+9rKVwMOs41Oio2BOtU9LKoC4nv6mAQQq1JpLMhk+fotWxbCDySCDSxD7pXXES938sVdbim1gmOfV8PcSh+/FrMe7vjfHPkFe2Ki918qqnq3AqFJ85b4E1Ebfz+T7zIVSg9tV7P6WDsEMNLAPtDLuBCcSaebHjxa836p2x6rwXdSzfrz9pAPjvJxbodxhglmlXfuwgsbB+xY20JYBaVIz8067KGVhzmeSfjKU/orpzttnRinfuKcYRwXHUHH/x284+HWC55WL08dIHOMJxGN8NcUogfuyYY/A==]]></Encrypt>
</xml>


2015-11-22 21:51:02 debug :
------------
String:
account-ticket<xml>
    <AppId><![CDATA[wxe5b18b9bd7e3626b]]></AppId>
    <Encrypt><![CDATA[5sFZ5zdXPtUB94wTpLfyXNeR4862AZi17sj7J5Y06peGl4NsdWkbx8uu9822HF9csFUPLVXruKi2CkSvREE67X67deOTrAcCl5E9J1TsMkZig+AoEy8+aWCVPDFlvEnJQi84PLPoKP2yrrKKytKAWl/SoQJo0nkvQOKDfyWsZT7Cdyi0lI9J5bTqi+wU5iTG0BYm5PyNN2ghnwvwEpnyoXewbIk0xE120+JSWPBykxikiMsSLdAPyKcsWU1+rnIxo8UZITWVmblAXlGP5mzJsZo2lGB0PX7Y45inyWyHnu6FGyaFNTxhQzMbDR/6C+1SjcOcdb1YWLE79GF4WBWk1idRRI9JMSm/IgyTxx2gCcgHCpn8qlxmGOGcfrNcTxe+ReiX88ZRq9/kPQpRpn2luCF3pjcrtNbIR8Xl7UvrDwAGAD/HEt7Gis5KrwC0LPU5ZIZyg+JlaGfBTz0417zMEQ==]]></Encrypt>
</xml>


2015-11-22 22:01:04 debug :
------------
String:
account-ticket<xml>
    <AppId><![CDATA[wxe5b18b9bd7e3626b]]></AppId>
    <Encrypt><![CDATA[EvUMQrzZYjwhQ/n3XrK8qPQ2IZy4eXTum1pWRwmANN5Tu9No3Unde8MpCxwcFeGbT7DSyTxZ8Oj/5yYeHtI8tbO6iNmuv+etiHwVhcNizLaqkGIXyMKiYmOde/ERNY1VAjV7i+NAILsgzzYj++KtlVpLimdmuctbKyMzM4L8/V5M5R8H2rBgw5wPop+inmgQlOc9LpcBHY9ACQZRzsbpwsh6NO+wAkSJ/HF0Q12QuLzOK0bug9mEtV5/tqaw681f5Jzkbwwx0Bhj6UmGKwV0UkCsCtbW9y5yCTIe6IYbOb+cywSlJTBauGNIayKPKEDnt0s1AVOPL6HnKko27HQjFYRfECfVPZ7hpgroMQ48Sn9VVnjujzwbIEs//kFEBK6J+fGenjQsDxkG/N+8YioOB+jvI5xicpw5DVkScQdPZXOvR+OJNx2UiC7nB4IqkvC3cmAK+G9lUfiUBCCt1WflJQ==]]></Encrypt>
</xml>


2015-11-22 22:11:03 debug :
------------
String:
account-ticket<xml>
    <AppId><![CDATA[wxe5b18b9bd7e3626b]]></AppId>
    <Encrypt><![CDATA[OXJE6SYFkOVkF2ogVWTI/XDvTXPBQ9cNRTZONMuo64rYnPz7Pe0z34xAzH4NTUXuUuF3mThKP3BIY103em54P3oOMGvvu5WfZL9HIupaklw+JJL4jk/egQnXPCVbWnEjd8CpgFGy9NZ6BDGgtrY52GBQtevmOvk9lBXo7W62dHfO/sBzU7Zaqy5HYhci5w/8GuUKGW0/AM9AxaXfqElxoGz6/j84wT3J7m212x9CmVaZViiVAWPGNH+HLzhFzgCCDzvaQqHRls9u+WS90Tt0hY++VvQS4iZp8G1JNxnCK6buvpRlM0CyqfU3z23uaPKN/U2nSnJmXIBYXeC6SDuaVStAZkho/FWC+l2ZzBZe7KZ9Fw9qmlgBAQa+gXNM8trwPChj9AGsNqCc86X5wP90eQpGQIZocjtrOUcqNlVzeRB8dkNynownMFnvgqfcb3jQXS0kA0bZShYYPfylnM/8Kw==]]></Encrypt>
</xml>


2015-11-22 22:21:03 debug :
------------
String:
account-ticket<xml>
    <AppId><![CDATA[wxe5b18b9bd7e3626b]]></AppId>
    <Encrypt><![CDATA[VbgXYOpalZj1/gaOUhDPeWnGUcjJfXrzTQ3LyWmoNfLmdX9Rb9u/eTKBJIFeSIlrmtD4ojiQ50Hl7EuOX54vG0VvRbm2lgg+HF1M32X9STIWMyErdd+0xpTkG0YL4Y0jhHxZWwXiy11RZertuCNgHsZa6R+twoBglLGo9rnoLp/4PGp+iunqMunz+TX37chTTCfOgW8enO11ifTjMYsHSYoR8BnOxvPbiZuHV0lpZz0AW9bEjfWnB9O8RghTv+vNPsHs9lMzG0OPfEvLItc1u8gdnlO/+UlCZQgqHDQDr3vpdTrkHlThSqJujnPzek8YLn5A5s7TisrGqqntQi8qnuZPWLn4aMXlzoiqMHdxMaqwwxYdse9LptCNQAC5OrZY5w2i4aLk7X78IuwL9NR+pZmNb+UrNpF4UNYeSWgcHvfur07jVX8/xOPTEyg0UQcfhF1YBPH9LvVxoHff0FPIwA==]]></Encrypt>
</xml>


2015-11-22 22:31:03 debug :
------------
String:
account-ticket<xml>
    <AppId><![CDATA[wxe5b18b9bd7e3626b]]></AppId>
    <Encrypt><![CDATA[UdjeT1DRjG70/CuTuEbc5kG9P+heBLyLBlSV7i7gC11O/FfXtVr8Mo/+uBAzDXlvEnoDoaJO2OZoS8DMMfgnLMvTAM9vIghiCVfC17q8ZQQpqeCR0RMP64CteUzZgkSLIZrHo2RB53G5TBFXcWiYyh6OQsx41A3dHYnGEcnymkj6vx7RpJ56AIuUwoHtp1LlsXtzBWMp/KbaVsved55iZKNxPtoWsjpDiVLdXfXmYWn88bwbGQpRLUOwbTcyVEyzNH27ttfJwghPGrKh6vLft28kpYkhAQ5OZRZAc8kQHaz/fx5SPkE6EiYO6YEoV9MBOtrN2ptzEObdqCrDOdosxmVdDvIz42B0tUBfw1nKoh5/5WRNNlbeR4VXPzB5JyIIIW4X3CbP8aEAvJ2ZKi9DTcRX1GSTbILipU7UlcWgcvtd6h89DMgOUec2vY6hEK9Cr8URSr26E2LlHnpo2gBcTg==]]></Encrypt>
</xml>


2015-11-22 22:41:03 debug :
------------
String:
account-ticket<xml>
    <AppId><![CDATA[wxe5b18b9bd7e3626b]]></AppId>
    <Encrypt><![CDATA[0J3TlTjAqRNNlTXzWG4k20kjDbaH4VwQba1AS93E/765lF6l/m7qOyk6jyEHTLY3ZS+DPG479SMSjyqkAKIIHqXYd9a5XxRpdWLW7rcKzRf6AMRe7rcPuZIz5x/41FnOj95oOPGr0XvMDQAT4nW4yFCsZeatlhauSPSLb+n5/5WeXfnPY+DDB3ezVWAUz3Cn/hz/mXScSa8H8n2CaclRirzgCwaJDmq0qYjkIZOVg+6TfUYMLOooPuPTQeLvYAWgJFn62sa93rxm73pJZtaT+hlfVpVVnhNIRiiJwHfBr6c1PKICh0WS4chl/7D47MlHX2OVfmP0lYq8HLk6FBeO62YYF5HaQoUCtgTPemIHn6o1TPzGcuRJ6FMz5N0wDCU8zzBLXSIf224mCSiy+XuJ5lp/UvtSlsFfbvwQVskgUYKAk2VZtbihnRiq46u7IrNo+XZ3DATZT4XIzFzZem+OSg==]]></Encrypt>
</xml>


2015-11-22 22:51:03 debug :
------------
String:
account-ticket<xml>
    <AppId><![CDATA[wxe5b18b9bd7e3626b]]></AppId>
    <Encrypt><![CDATA[ZNw9b3Kb04p7bTF+UXlb3CTNXDeglTED/vDmMt2zYR9sKauvFnkKUrBKVjLYzOnhq4tuImZZCLQ0JcI1pxEeI6egkzRhRkJ/WG3BLQfuoYDU2hAxKLdFBWLP1nUaXvTGM/hW9tDY9Lh2enU8aBF2aAoR13plNkBPJGOneDj5zFZGGxj6rTJNg+2P0zGKVFlQ369GxvC94Cpp3jWkFDhKErJuSDc203WfhJ4ITZnb1xeaA6toRb/PxXA65HQDD9S38R34i+C6kApo8uLrwXBasmcAiyTd08ZIrHI9EF6MmHRhFeE6EzRP3OtbwV08gBmHHp7U/NiaZvkpHojSl3kQfiL8BliPzy8cFrF3QQIoLePH3oidOXk+wQ7/D3IY8SP/MsaG+2NgxGcA8yJkeHO6lF66hUZzNAcO1NbuD/YigRDDSgu569SAlTcLfP7tFQ2IWQBxqC1UGrvmGiA3aknr7A==]]></Encrypt>
</xml>


2015-11-22 23:01:03 debug :
------------
String:
account-ticket<xml>
    <AppId><![CDATA[wxe5b18b9bd7e3626b]]></AppId>
    <Encrypt><![CDATA[2bHMi948c2st1Ch+8texkVN5cMvNAss4x7jlsxZKrvE54qQUSSTAk4ivoBqB+dub23L90YstgPP2nC+3sOOnEDZ8plbZ732miIy9XBGAtSBM0PcVKTPD7Ma/7YhIpn8FFkBvW9gfJadGbs9qEJVlbndhl4kB4WIucI/9wnAi2HX2k7tltIl7voUaokzkxTI8ugE0j8mferQK0r4uYwb5xiaO61BtCYRSre3BScD08IDbokZHGuw3EZ0pYYO22AbTCUetfAp20m6egcQos/X5w3dVzPlcaz1znl0ljzJyvi1iWTtcGqCsoU1A3pvvW0oTX1Ng2yuPqSpjCsqhSavTHDBWeYz9ARovTmnOY8f/aG67YGKTM5JLe9PJNFdFz/d0SInotQ8lmtjZALO691LXAb8oEVLxPVqAuY21yW/5QvBH1AaqpxgNiUlr2aRBKujwexXmMcMWuEvqT7VV0eZb5w==]]></Encrypt>
</xml>


2015-11-22 23:11:03 debug :
------------
String:
account-ticket<xml>
    <AppId><![CDATA[wxe5b18b9bd7e3626b]]></AppId>
    <Encrypt><![CDATA[CQvtuho8NSdBqCsBFyWVpkrj7pt8MHZJjuhwbp9n6UkNtugLHsMBrQurmutzHLHz6039LwlPhopZs1gfveL/2wqnMoOWrWYN2LFtiA2tigYEflq1bKCHcl8ftrT7szYWw8/R8AFLANu1J8qMyqCDJpQlx/PaEpYI3gW3uR34QVJxhtvJsOtCWwHXUQw0NztroCS3eRlk/sb4KVIh8Da8GCvvy+huVVNcoYZV0eepsb1slaoRPNnttHx1w486H6IzDx8JYiItITd3W8YxiZDjYbdCDlNMYYLYnMLOJcJCqFLNybDmsdSabUGuq2w/OI621w5/0n3Lv2y19mCGReIma4xJ7iF4hu7YE6ZLPT8Q2ST+BbSFZZaAPnajuJwNUkE84qz0rDE+Yc1Je3i6tP57YdoExK18R73MBsRZjazFubv64MCeGexHfzcdKirHgDLrVyNPcOSBfilTq5BSv7TY4w==]]></Encrypt>
</xml>


2015-11-22 23:21:01 debug :
------------
String:
account-ticket<xml>
    <AppId><![CDATA[wxe5b18b9bd7e3626b]]></AppId>
    <Encrypt><![CDATA[LsBVB1tuFGBmzgLPaKcJah7aZLKWSsx4v/C8Y1LoR36LSbFXT+bcTybQUUjvEkUwKyA7/7Ky9h/JwtCaHXcWmvHiKKgN23KVBy1ZALX4ObtTGGEzKhM2pQwJmIOQkuOmiNnf/Jt3S5e6WmZUe2f11andAA+gmcq+nIYfBZmIfWMLTaVs2j5X98N9nUCqEiiiPlZKXxb2UzuxwT0R01KZq1AkQwHl+RPdaRqDZyFnR+3E9KaENtIAziPlpiC81tJW4Vvh3LmZ25noD1pzsH62JJCp/lf3bVU12f75gVSshOD8XT4o+4LaUqfGdqqXCvMaHc2PiErdstardMcH98I5tV/rAXdGA/ZOqJgy5luQk/yZgPM8VPi2v21uuc2CRyTIjc5RPpLCPc5SzO0BddBBEtGDy3EnAGrxKLx3aHM5ZJFC4KJudcVwWTo2uu5rCSnRdbb1A5aReO+1vHwosw3Vzg==]]></Encrypt>
</xml>


2015-11-22 23:31:02 debug :
------------
String:
account-ticket<xml>
    <AppId><![CDATA[wxe5b18b9bd7e3626b]]></AppId>
    <Encrypt><![CDATA[7pAfeFIeNqOVkRDFsbL7dhxbMC/UBcybIITKFAXYZuESKhXSCAfM1yCH2hA4OZlnsh0OZRLpKyHJ8NNOaM3s7kWx+8sYl5zx6Q485GJu2kc9LAased9Amc7wC9uFHyFm2mZGhbkG/IWj69/aXkkM0PK6TS3G+LubT/J8VZNrIZBVn9PkY6QApAp8pPR5kQQF6A1ZpY15Qdfybs8NiD/dgVkt6TLIHNN5NRKRBH7XYfWmp/3q+eDLRAP3hxWoa7V3RU6CmXdnxT3w0ohbhBLnA5rcf54PttZQkEBLQx6Yr8tH/JAa6Qr6pRhzafRXGighuwdq/6ybuMGj5eQIVJ8cM3yCRpc7YXwftz0ntsSs5/UQ4HgO6G/W94q917fBPbCDh6kN6f/PKDK8EiKPcANBxS85H+Ewe5AsvMb4BTXdsaq8ijS5F/nOVcvcFmtTzOYhf3w5c56EtT2LcSvk1lS5xw==]]></Encrypt>
</xml>


2015-11-22 23:41:01 debug :
------------
String:
account-ticket<xml>
    <AppId><![CDATA[wxe5b18b9bd7e3626b]]></AppId>
    <Encrypt><![CDATA[r6moaKljNQvCi1Rss8KUZXGJ6xvLRugNEcShevAGjIIf/qoBwuDbkCeP9lugRUYH6qnmR8dbozrt8ZxR4x2jcfESXwbjo76ZU1ajLEMkGWVuZwDMQbCjbaWLBb+MXRvIwN5IKJH7CNtxjIiuuptB1pAL2N1AsWqm1uoO607mE3mVT/B72a/ue8lrp7sxntzJXNHsjSI3TsxTE9KoDx5jVRG109dIFLfJMaudxaR3aI0gO6yr8Y+psxP1hm4U4RPl/kCir0ew6D5cJNRT/AZeOExoPRaChiZdCYW9agZ3URBp/JY2a4Pf/1FAEJAhpidoTmzi0EHwj05b/Tvo6BVIV7pJON2WFZB9K+Jx4R5reUTP2k1rdslsKKLntJbdDyQmS8vgOyu4pbUYESCwmJLg95smzV7Xc8giePOPHFaBygBPenJH2gxlrzvFt7tKzIoMgi+vdZEw+EfmrBPm1TIbVA==]]></Encrypt>
</xml>


2015-11-22 23:51:01 debug :
------------
String:
account-ticket<xml>
    <AppId><![CDATA[wxe5b18b9bd7e3626b]]></AppId>
    <Encrypt><![CDATA[it7RMXfDFHk9nhgsGKUEE+iWVOgBwWpg5t+9kc3T8oXOxzvunPZGSSyCbMCCS1j1z+xaev5rOVMcMuYEw11vrTvTcMQTbWvRXtH1NbAMp+irfVp/hdq8RgtP4HJ8wC3AkulhV0P1Sk0yNBKiw1AGBWEi0YfE47vjQKKNh3wDLGddDkYIULrWG8jbgo2kYPoYD/9CD8JsTEKtXvXdWuTc3O4oxwpu/tbHgKsaly/cpktCi4rpIk4hJlTSMRLELlU9j5VlU88n74dplLDkxUV5qLkZDC6GWDFhb1SfQ70lEMAR7CbTH2ZsRXaiqfK4DySGKKrsSiz/SwTnboQWTo/n6qPWyVO0r562J48AXKp9rqSCe1ivFFbi7x2Lr/8jMaP+THGDix2FP4bSOtFvypTvH/WYliJZvLXATrDS4zy1fDNo0MIGRIMlRHRPpOoDmAwKlCo7vJDLKVTr6/Qy1uytnw==]]></Encrypt>
</xml>


