2015-12-08 00:01:01 debug :
------------
String:
account-ticket<xml>
    <AppId><![CDATA[wxe5b18b9bd7e3626b]]></AppId>
    <Encrypt><![CDATA[Un3Rkdy9nrhDCLIXkk8TXeLifAQT3cpFFv47PGKTObc5jlyoAVGHNZUXjBOzAwLkaZUye9/LJzUEpuAUF2vzh2YK3a0M15VPt6gA9I0zOiTDjaNaBneRwyJN2qRISrt1u54dzCX3dvkdtnIW8mMnyOVsSnFHze9EpG3LGCOTWKhjw0MsubPzMa60YJyBSHewLkZcz00ifAzcC3Vw/Wz2wPhIhWxAjuNX4Hj5O0/CjBUHWXdkGwWxkvaXofLJuGPTgDRGDhCVGShfpvqRq21sJkvlM7MKVVWlxQrRKdd+Njt9jr7ermaJCxGcoxYZZi2eU0YJ9gr2NNBuYWvLsWNtptNqIKQNsXfeCjVQLqBqGdRGT6KnyEbY7xHRvuriKm05QpETIKZYD4H0zdf6LIUNqNQcjz6sshskJan7iqNYfuMtDCqWS/9xgblbb1jhADaCw8DMhw2tqb3WLhcTuS2dtQ==]]></Encrypt>
</xml>


2015-12-08 00:10:59 debug :
------------
String:
account-ticket<xml>
    <AppId><![CDATA[wxe5b18b9bd7e3626b]]></AppId>
    <Encrypt><![CDATA[dODsQFCzgQenNFZ3Dwmv5el65AoIOmjZtKWGU9py+bExlIMrA/mbyJSkGylaU6tO0MjKVY9z425bQaHj+sbdYk0d3SzciIYAvk4xDhuJGXUB7CXSgyMuBP7qH07UEb/TJv4RHbaDWFXZdau4dcSvkXcsgpj6xnfAL2D6pUMNRYfAHPUdL30NprPXr40v2ey+bKIxeV0JZehWlaeegykHjGqd5uMHfatMW7l++Id1Gxccu2Rg3pMWSF0q0eqzaV7C4JC6DphjzNIXTyJaQS5Tg1PVasiqUBo2paG6hgZggScBfhEZIxj9ryqUZbH+S6XI1Y93lYvdaenLPjxmfinmrfApZyjIJCOVnEdkx4/2HG19ncsYh8ta1vYG8++O2GiPaxOarRNl6vmfyjUNMxqj/pHmd6ba2ud3VMsPndPVqIBqpAR6bmSUO6gneMTkdtw/bwDFb4UDVYMYS8OfO04oAA==]]></Encrypt>
</xml>


2015-12-08 00:20:59 debug :
------------
String:
account-ticket<xml>
    <AppId><![CDATA[wxe5b18b9bd7e3626b]]></AppId>
    <Encrypt><![CDATA[o0kbhNhK8VSkpgi3gAIILX17qLRah2C9aiz5nwmUrPenNUjH2oFcsJgRVbPx/YLFbh7sALmYp0SFdh4QO/Aou0gq5T2YETRIFt+FLgZ6+NCvkeHKYlZiSPygvyljsKcQoS/izJ/azekIbOGbZ5pGEtMa+CijzM5JRuIi+YB/FTpu9S890HKli2YSaHNMh610k6y1cs5q+mw9afC0CE67YVJPnOW74bReEohjwp4fgCNQU4qU/bTsRW6JAg8UcFMvWdn115tikYC/3+WOMZp5l7QU1+xZ9t1aBgizJ9ERVd3cyQzzHaugIzzKCBSG0rhF6PKdcDGXgVC6u+u7gYfpMrMM2qtj+5tJ3VTuWI4VDWK5A8V56LEON24AvGkmYfiDOXR6CYGgveNbK4iOKlG4wus4kaDTwSzHgdAOcptvFfdNKFwtoZ5GzwDAboem0gbxLpNJnttXXS6FeMSkBpo9Bg==]]></Encrypt>
</xml>


2015-12-08 09:18:45 debug :
------------
String:
account-ticket<xml>
    <AppId><![CDATA[wxe5b18b9bd7e3626b]]></AppId>
    <Encrypt><![CDATA[2qBwB+IkIEMvCjJ8YvSdt8MErrQ2o9k1xHFlYIa3QZAip4j6iIDF5Cjlwes3U3zE7QhdhruErXNCDp2fdB9xjUpzrTMYSR9nNeavwuhVG1mcqfR4m6+p37TdT1Di+YKp0ooBXrJ22ETjXtQC4XCNxcH4SWLrbk+Lg2SkohqLU5yBfyCpMin/hYp8YrtU4G1S8f3IvxjCoTyLg8ddBu0fq/M3XIN7Q57BQXZBGxGUU3X38y0sdMnE5W8MNYvoATvhkI3FxDXSbsK/h6YO77hyNm2KB//nkmHVtO9z4jDLbqxLjhyiuRRgWGmUJPbhG3Qsp1lUUC6IO30JZujF+4yP/m/xd0V7kt0RF9hdVOqpp/ng+qjFON6SjbnPbPmugbuNSKL5u2sBUBioAYIhuzrOiOVAUtWJA6ZyYOpK9fTs6XmS3DIYYDFlkGlGx6vGHF7ddBNW3SPLe9nhI4VC9GgkLA==]]></Encrypt>
</xml>


2015-12-08 09:18:45 debug :
------------
String:
account-ticket<xml>
    <AppId><![CDATA[wxe5b18b9bd7e3626b]]></AppId>
    <Encrypt><![CDATA[2qBwB+IkIEMvCjJ8YvSdt8MErrQ2o9k1xHFlYIa3QZAip4j6iIDF5Cjlwes3U3zE7QhdhruErXNCDp2fdB9xjUpzrTMYSR9nNeavwuhVG1mcqfR4m6+p37TdT1Di+YKp0ooBXrJ22ETjXtQC4XCNxcH4SWLrbk+Lg2SkohqLU5yBfyCpMin/hYp8YrtU4G1S8f3IvxjCoTyLg8ddBu0fq/M3XIN7Q57BQXZBGxGUU3X38y0sdMnE5W8MNYvoATvhkI3FxDXSbsK/h6YO77hyNm2KB//nkmHVtO9z4jDLbqxLjhyiuRRgWGmUJPbhG3Qsp1lUUC6IO30JZujF+4yP/m/xd0V7kt0RF9hdVOqpp/ng+qjFON6SjbnPbPmugbuNSKL5u2sBUBioAYIhuzrOiOVAUtWJA6ZyYOpK9fTs6XmS3DIYYDFlkGlGx6vGHF7ddBNW3SPLe9nhI4VC9GgkLA==]]></Encrypt>
</xml>


2015-12-08 09:21:05 debug :
------------
String:
account-ticket<xml>
    <AppId><![CDATA[wxe5b18b9bd7e3626b]]></AppId>
    <Encrypt><![CDATA[8aEFb29k9esq+8ZYvdogFNLmvCaZE1fa1jwjau/jQwy+M3fxvK0bdgW4mgKqoKSU/uDlXJtsEr4wR+oRSr0wPSpxdOqq59GyXuq1GFXsNqY3Ej3FwvNGY35uJ74LFg3AvcsfTVOUsZb3Tj51DnHzztl0pXWnoMAk3eIBPLnTkMy19dne9YOn/vbceHexEI/fN19rC9PRNjCSflnkmiy8Lk/qO2pMeCePEkerKNFhtq7d+PDEoi0PQB4/Y+UIajs36pN9MXPBm/O1pgvGMRRXPr//yYv4RN9UeVbQITnxNK9ddpd3kTvfaHRPQoaynEYKXcPyq5Z5tYYQ3H2c3kiKa5FytUMoGDBepJC2xQ4tbN8ssphlHcPxFf+yIn8NvgeN0QcPZ2qu5C/mVFokzqsRbEec4//QTnSk0OLzErCczTA2xVeLnuSd4GNXzh8htwi5vADAVnWVxP5q5zY5p84kBA==]]></Encrypt>
</xml>


2015-12-08 09:31:08 debug :
------------
String:
account-ticket<xml>
    <AppId><![CDATA[wxe5b18b9bd7e3626b]]></AppId>
    <Encrypt><![CDATA[9ejZgcI+C+hRSJL5MD8fYZ3MFfM20J79BJFtKc0zZWdEnHGDPFfQKO0UgwYxzUjpR8wlCuckgg04fuie/GhT3OeNIR1faC8vqEg6jhh9ULmnfsTIbe9C9cHsIJ6QOatgtKkdFw+iZI60z16qCe71b0x+GNYWJZhZ3cTwoEdegHRF0vo0BGVw0ZeaiqhlgPKjvsWaSifTOORR5ThOAuRmJSb6eEZf4bgfpPcnDTWY6uFgA1YofqWlstwJKWJEM7Q0Co0CSs57JVH7nS+AeEnJJKfy0RSxeb49dDyTqWnHARz3XMwFM/3WLaJzPUODffcr0/47+rPulG98rpks2xBFNkTyzA2LTjL6RH9BUW+9lOOShL2TsVFqktX/xI9JIRyOe/wytxZmXIiIGp6Tp30dnBAa+PeyJT5u06SrqlqVqPSJ9MJ0nPQYEhIVt9V2CwAuajDNuIkPp5OjUKQQtHSCnw==]]></Encrypt>
</xml>


2015-12-08 09:41:05 debug :
------------
String:
account-ticket<xml>
    <AppId><![CDATA[wxe5b18b9bd7e3626b]]></AppId>
    <Encrypt><![CDATA[G2OCo5Jqy+fjGYHmqLTTedET9SmPvU4ZGuN6q6NfRiHCAgDCvP1w+TZyInKHUhd/cZ67YIn7kFGI9kxoZhdGqbZ+7yZneTLJ0rFOqtXc0WLStef6pHDNPVNf24FpAfIgDBiVAEG/icVGPI/aywO5fwlxFSJe02opOAx9XbBO1MbmdUHJECtTqwwaqHfW1Cm8KvCTJhYYyW9qBRa9/qJJN6oRH6vDWfE1VBKWsNQDETvguOY0pjo4pIwAaqjkHA9Bjmv8b3PvmSgxSeibK+Gke3OsfAjRs0FcR+MoCJdc616722exSnMBTlFxz6SuHin1DO18CbWwcK/KcsXmXH7bCqkXcXCXtBwQWmua6tbG5Mq314jFkMj0qQMOu7DxPe8gAi8yZswQtkvXeHnP3OWK/NAB9Jgjm7eAQHp2CJGRlwLEI/GGhrbacnjsufFqSSd45Rh/c81D8QSGjDJaZVO54A==]]></Encrypt>
</xml>


2015-12-08 09:51:03 debug :
------------
String:
account-ticket<xml>
    <AppId><![CDATA[wxe5b18b9bd7e3626b]]></AppId>
    <Encrypt><![CDATA[Fh+m8o2yau4iCym6ixsgh+WjZZVwh7odE98IVYdXRyps3QhMR835HIXVdE1y4PrVCcirCbIv5T7Kz9lC0fzPe7vkSva8ZhvfhK0Ve+AsPFfpcdrYBxW9bnvK9X1ZJqrW4oOVsxDhTnQ+snwBOKwi2CyNN/qv6TWUCihLDPjW+fhXBJuEeIl4Yhw4Xf+Q/v/3uNXJX9LlsnKLL1fgxksK6trgmv1Y2oe4iqqs8/YEhjngxHqYozuHcKmdVZRNz17dkk3KYNhUJz8WMc9e9KaoaaV4f+Sp+s/OWlv+olU4AlZbY6Vug+9QXCc5bQOErsGuMDd6ebMnZu58+1qzM5nA5wta4ro7AB+nLCXQgaaA794Xi4marcSEyY4h9r6v2zMn3ihCl8BFLVcs3utN1CQDNxqG52VHsF5CEQoOOmhPnjWd2Tz0XeDda84dY4ABnIYBxFLx5yLyKG/AbqY3G2Pi+A==]]></Encrypt>
</xml>


2015-12-08 10:01:07 debug :
------------
String:
account-ticket<xml>
    <AppId><![CDATA[wxe5b18b9bd7e3626b]]></AppId>
    <Encrypt><![CDATA[VSibSlTuWOA3d3Vhi9InEhKUNpKY99pYjwOMKTZqkqLKQxVscAFf6LUPitltwNc/2UTjDvYI3KpVlGisghTHJCIq2lQZRqs4yhMFpe/3EVkQ5yRWVH0iUdmCmbGRUa0ZxnxSqMgwkuGnlzyhNVeg01e5+9Ru9tvtVHe4+/KZ1bTue7vzM9nRw5Me5M1oaGUA5KrXRcnnYNaIZGCEd77ZrgPGaHVG9VtWFAUC3EW8s0H52YzUBwm+Re4UAuLCCDb6PLJ8lwpxVKCgRigl9BqQkRP4MUWDWhlDguPS3tayPDEZZRlcrcBB18ZnoRL41Vd3mBLFKWr2KdGxO9c6c1ovS18Ze+4qmL64dg9BF53jqkgqgiv+q4djK5oTkIe/csss/LYr4Rizq+CpCj8Z8/j6VFCFeG1DY/bZgW6KiKy3CtRd41+FgWpvvQIvZcGXpAMpXagOkuqaoaTCumzZzwmJQg==]]></Encrypt>
</xml>


2015-12-08 10:11:05 debug :
------------
String:
account-ticket<xml>
    <AppId><![CDATA[wxe5b18b9bd7e3626b]]></AppId>
    <Encrypt><![CDATA[Gx7czA5RbM4Xe6hr71z8g0H/m0dQbYZW76aW2OzA8QenlayBuxu+9+2PYBDIcv2Tt5udm5M5l+rRCqeHESF0upknns9hu5ytcahsRdpoQMyIohHipmpbxjJHS/AgrpCsfZzfur5v9d06pthySW1aKkQzG3ivIGvvWtx3L4bN/kPqfd8DUE88YWd5lReueSz2uJNRMvdtsV8Ava3/JXLW+/rGulaTGp7OKgPVj0fmjKKobnoTvTTAayOMJa60Y+fYt3DSQOq0c3e/kSHEnSAgAGvPgypxAgUhMCOYsMzqW2Kxlyq3qlstTHJFNauz6gKL5UHBQDlpZgDVIWcULIsUkOeMiXYxEsBWqJHnMWGSguisGdwznaTbEPwbs2xA0xf9LdR7m37Z/n+v8UUg0gCMfIpxeWemGBNurkPOVxnNUlhdXLaTiXiZT9jOcSjTY/+UFRH1XjSVdkr9QYv53SX3bA==]]></Encrypt>
</xml>


2015-12-08 10:21:05 debug :
------------
String:
account-ticket<xml>
    <AppId><![CDATA[wxe5b18b9bd7e3626b]]></AppId>
    <Encrypt><![CDATA[FwIA45wyXbCdETFBJF4w4IX7vcSeJ5z5FquaUIL1BApjcYrDftF8otw/eosSbppfdRrU2yH9cQoZOBah56YUFNW2d0yYeqkRg5T/HgKQVKfUwCWVihAXFFIrVG0gBEVqJYjNJvBZm0tgFevZIt+87MxBHiZITo9PRmTuppgXbH94NVq3nJE+HLlxKiX4HEqX85dOYQ3Do0l7hmhMfjhR050KKXyBs09KEbo1/+epTg/l3nq15N1W85lo8ttSn8LPVv3lZm/JLrZdYIrG7PB4tqZlVr05XZ0FzDygsNUTt1HXEboaFu829E5kKxvrluM5Cz7Ho5LDpi1k+zBNzKpdGTRqoc5y46iv5eYqJuOYc0/aolU8XJRzfKwm1XOL1NBnjm6x3l+JOf6yDtbJ33xa3trCnxsjMiT9OaxtD/O+0jlEgHOb79pgfFBdBr7ml4ybXp0VA1x7fEmPIRScW2IuiA==]]></Encrypt>
</xml>


2015-12-08 10:31:05 debug :
------------
String:
account-ticket<xml>
    <AppId><![CDATA[wxe5b18b9bd7e3626b]]></AppId>
    <Encrypt><![CDATA[c4J9PxwgVBKRmkpLuqoUl8tnaAUAe/kHMquIBKuZ9EFdxdNnJEk7dLwJ7fQ89PmuAg1G7zS308iZ8MpmzFml77s9U42TwUHkmFYUiIIu92tj0gHpk7cCAIXPOMAU2d1alo1WkxauW5ZQBbW2r/CrRYa8lExvb2/oJQJQPjvzEr2e9dlq8a/U/fJcMRjBanKaWsPJt6ujoTe5OsAil1EbyIyXRRd8yiQlJY3IT+3smEs+97NRMz0P1wfzoZjxGvzd/NQJ5as2uMo7xfm83LYO1J86QadQxLPV3QtrJVBGRDMj6X3JWtrvsrvZV6Sp2tomQvQyTUUbLfmqho9L6g8+ja2R0pYPh8jNrI3AEB1B8K4o0A5+JyjvZz81l4IwJQYKk0uNqjLw26IGP0NjyNAwAm4758E3QPArh4jvby0lulO5zbEosrm0K2hJYJokYG+WVN/R36cBcUS/UBcjFUAQow==]]></Encrypt>
</xml>


2015-12-08 10:41:06 debug :
------------
String:
account-ticket<xml>
    <AppId><![CDATA[wxe5b18b9bd7e3626b]]></AppId>
    <Encrypt><![CDATA[xqeK+4eFsnZ5/5PfwMH7cuKKFe34TGm7SiBLiRL4d7rjQkV3Gvp1qCqzKmwdTmgAwERGdmicrh0c61vUvpA9xi4yAgX0v6d4PNNKYf4K2dDpgeK8SSx3TFs/q8qJZNsyb+M1rPtwfN5lnAAoYJMVodx0RrCMsseGFF3f02Ne3LbAhcvRKNw1c2LPJDbCuwdAv6G5pfgl9zDyd6jnTNWN+QnVS65mHz7iqe7e4+++gcXcd5GRa+asAEx5jNFTjn1Fh9BkS4JI5nkbvhCFIrwFqaotXKNchnbD2q/RdE2+l/xpxBvE49wR+iwvY6mXp93WjsG1F/v4mjcleNG2aU2Ap78zS6hyK85tHWlg9KpP/tiRwmfAOh3ngHC6HPQrMSIYRH/tInLRYJroixgbmE4WSYKFQxtnY1gl3smg325rinfEsZLD6R/nEVbwJzNZTiAqMlhaEd5VsrspxxIlXAMdTg==]]></Encrypt>
</xml>


2015-12-08 10:51:04 debug :
------------
String:
account-ticket<xml>
    <AppId><![CDATA[wxe5b18b9bd7e3626b]]></AppId>
    <Encrypt><![CDATA[cUQk7f8qkRtifWyNq5WHJwZVZM/FQ8gTOqWr7o3mX/KKaxxkPuEbWoS3mm3rRGzwICqu472m3D2Wtu3/2BrTsKkUG0pEZTDp+1YjHVt+OpVpb6KJBzykjSsbeq/fsDh0i7ktj4UrUDM216e0ZJd9CdoilUlvQ5z1rSRh5Neza5ZT+S3S3lRTHnYxiQ586/mJtdkF3Ahi5tZZ3eZUz4cfuk7ynOVbO4zp6i6ir6rxG+oQsxW7IRaA1dL9GUWlJDYXykWTjkyQZrhn6LP1cP/Hbc3Wf8UwJ1l/SxhyI/HxuyAzp3dG/yImaQF+v/qQEEDfhKYw/5vXKUgXAIZUAcGszx9Senj6gN8ZZSQvl0xogks68G+QHKoeC+/v0cTUTfxD6vziIOa+7dwgceYhEcYHdZAxKg+bd76GcCgb0zzDVsHaXOo7GXZPq0czHSJVPp9FVQLUbqWVuq2+aIOVtdsK9w==]]></Encrypt>
</xml>


2015-12-08 11:01:09 debug :
------------
String:
account-ticket<xml>
    <AppId><![CDATA[wxe5b18b9bd7e3626b]]></AppId>
    <Encrypt><![CDATA[rhvj6VBbcq2bqBczxPBgsyV3epY8AnHWfh25VVxn3DpM00JTP/8mhncQuJ1PE+aZSCwgewlEtp+Spy4D7A/fy3kyJaXsR3eNeU9c/NEn9K58nICWUCuFY3uyxCwZp/sCFEOh5idWgsVoTFZbF8oS1e5+P7AJA7gaSKNEGMIABZtNLYziSUV5hFY0BvI4CC7gAQaAHZP1hzuXoMevnKZMhzpGxxn6aQ5T/45qsFYWM+dDZ1hA8ziq3dUpw7X/9uXFmSOxTmsSYCgbWkLrMVs230eQGP1S68ggG4IHIZ9whLJZgEiaIr47VJQ+0vuARGhHVAOMwLILtIhm/o8ZZyCGKS5ZG5azQdsOYEvMWXgssekDFFBbbUewh3/Yo7QZvmEHAStieXpQmpon38KEVPuMPlFuYldCUvtuo0OLEFEWh8h0NClLLG5lcPqcQSDRosYXPs2ufQEDGK+UXjbCsjg6Zw==]]></Encrypt>
</xml>


2015-12-08 11:11:07 debug :
------------
String:
account-ticket<xml>
    <AppId><![CDATA[wxe5b18b9bd7e3626b]]></AppId>
    <Encrypt><![CDATA[XJlRQf1ZDwmXqlLN6O/4ra3/veV+uDdqnTQROF7aczavRwhxGKZ5CYYU/zc8jl+tnazfWpLl61GUuBSob4/dSVDEmK3IJQ3RMoV1M45ezPZdR8ktMofI2N8pZwej4+l3AVS+3g6Evj1JFOBmqmIOFEbbsak1EnReCCW4xn4X2eh9YOnAkyx827NQmnn8QmXR1D8bAtSri3FBDjwOwD9i0g7hsrJzgQYNb5nIwNkpI53Ew4TF8FnXLeeYfdv1Ng2juGB5RmxgiBKrUX0amCfANjX6pLrRYO8EoeT8uttgZ8K+fSdzVnPp56bJJkTrLylaqk4RVEQf3tnMDHpkuEgPNG5loIwWiIqCVAmRfNvHdwePKWuTh+tTQcNNv7Dli8sG90QlJVGW7J2x5+MrO9VAIhYR0AG83m5wfg/OFpDkGUgOJIrPLUqkU7moU2hT2vOb5qHg2B1vSguOigvJxnh8qw==]]></Encrypt>
</xml>


2015-12-08 11:21:07 debug :
------------
String:
account-ticket<xml>
    <AppId><![CDATA[wxe5b18b9bd7e3626b]]></AppId>
    <Encrypt><![CDATA[SOWlTD+slFzpPMbEH3Byvgr//+ie7y14T5W297+zeuQZjRcpRex9fyZm8OeKTV5ppE81txjt0MMqbVT1JH464UM1GBbZg5FslWu/MaKAcjvvFJuPJlFUq/61TTMOxqaI+IicdUoQOPS+BNk6APY8pxJyjwgtOB502JrlQRcQqEpm4zNSoDnIi1XaXR6EzoDDqnyNlxD5KnK/rR1W7f0tdfH+KCtwrYOKF7Colk9Lia81ywvMCG3ritawoE/8PwbrBe1CEiB6Ivug3DTv1OuaFmkgeHmYvj4vwVjla3AgApU9YRiFmgxAeNzeman0/Ocdb9K/MSa0MI1tJwzdjv2YvJkfNac1BTd5oRL1EBTs4mhaq32nOm/TqPdiREdTpN/UQQ/PKMTiJCmNHtw9dhBwdrdl3lhvcf0VDt2BEcabO73XQFtbb7FliSGXz8IAEC2DPHb0qn79wD7ikIbPjSAJPA==]]></Encrypt>
</xml>


2015-12-08 11:31:06 debug :
------------
String:
account-ticket<xml>
    <AppId><![CDATA[wxe5b18b9bd7e3626b]]></AppId>
    <Encrypt><![CDATA[OG1+nlsVBn/wPaPlGSWuKDQ6z8/3VlqlXbfEHWk/oqctFo/gRCc5JGaTmf3HZHg9sCaf83g7iNmXDrTGHhOviQXSKRmJDtB1Aazc/l2bWdPQNGR4bBdwxV2nlUt98v3gfTJZhv/UUkJGGil/I+oYW65Oc4QCegFG3dKrZhepb48rG4EbKnWHPK+1PpMAHHJmu+Wwn9XJT9LajrctBGfjRx/todeYNfXCrVKbKenfaHiEmSdg4tiMlmIje02ZeE1jVVNrc0pnc3yMxz9OoZSsNnnHC50iZD417y5g6WvfrgreGfQKcdWkQEiyteXtREVGGe5t3bLtP0c/M+hAdXk3hBBYxmr/4tnogUZ6KelcTSII1kh3cBaBgzzcaWgUtjVsVsVZ0GbxIYyODXBQlkCoO4UPYEm2IuviqLcAsZWnwc+LeqAM6w1Ei/Zet6LQ6d2vHKaJByjLHrsQEz5c/K02Dw==]]></Encrypt>
</xml>


2015-12-08 11:41:06 debug :
------------
String:
account-ticket<xml>
    <AppId><![CDATA[wxe5b18b9bd7e3626b]]></AppId>
    <Encrypt><![CDATA[avZUzSK2R9oLrOZckEJBNuXWOSe5NobyBdQSMx0u2qitWcyNBZzL+SVM9ULm6rsJwQ3ndeHKK4ME/FfgFEoXg5pnIogg45rv61n335xJW8v2b7AHhsYOfAr+/VusemUi9A3YEtgz9X/PmcLcMWR/Ipka1Bxl/KsesjUDmkQcPDL/eLmdGAl66PPdrNuNN7+8h4MwjBHNc2GhJGNBuSBV9lOyDr3pma01rkGA4ZM5Su1Bfp0SwJxuMV6Pf0Nm1L5LR7QAQISEslCnpmHUfdbsfJa2E+QbA7xsj2IEnKNOfTI+NTncebVg6EP3flUK5xOh7hIpD8V7GS8M7rSnSvmIimFZoKWxZCUOMyRemk0W1dc8ucDCRvJpW6uOzYHKt1SJv3kirsEGtcQSjmbxuCZobKY5ioWzT1Wj86OtTns0VNKz4JR7t8X9n5NrMU8gBBrGa9s+gRc8VTmmZ5w1Lx1SVg==]]></Encrypt>
</xml>


2015-12-08 11:51:07 debug :
------------
String:
account-ticket<xml>
    <AppId><![CDATA[wxe5b18b9bd7e3626b]]></AppId>
    <Encrypt><![CDATA[IITOYnCOd4YJ7M2qygpkYbpKWxVbcD2uQ9l6Oq00C/PeipiMLMzlDqSLl042rbWdoNH3LxS6Nc6pogb+xyWPK92iFevMQk/jEFc7TqajLfsT8l4pSvXEyln4yoNahUOWu7imd4OyeHf/Zbw9ahoesGMBfiiG3Ca/F2pMTPFVqkRyhhTcsT6lzsaJyCRqgMGAUZT03MsJ5/ViKlqKocq/XwWbNDXjkJrLIch4txuwoRe8Otf4icWTqdLdwY3tmrxQyhHi8n80GQsF+FvdIJUHViIIOKdhl87K161kFb2HNlDGfa6WpIkgnZSOz+4IP8X6MVo9fJWOegOTlcbUVncksjvmC4+NYchsYDRg+bNnOxvh10EgxjJ2p82ClfPBR+whmoLV9HPrpo6dFREHAgwrnuJxuFAAgY0ghQbJoX+pUTLDCbuM7EFk7z9TqbiQJEyBivZzRDK/UwcYkC1LTEQncw==]]></Encrypt>
</xml>


2015-12-08 12:01:08 debug :
------------
String:
account-ticket<xml>
    <AppId><![CDATA[wxe5b18b9bd7e3626b]]></AppId>
    <Encrypt><![CDATA[ovMGHjgM95amB7z7xgaMRub281pnNUNxAcXEUZrpQaIwknnXcvKvcPivBwAxYn4YjtWaUPBoAuSzBqtd8PNyIw1kVMXP2H7xOCQFBSwuBpIATYDz7nG0EH4yEB/CK1CB6rWvduTENXaBOg9ODlSe74X82djO6HI5BxsVTMUKSzCi1RC9VM2mw6+pE1H7qxPV8kqdPAGtV3eMd8a3SytdmZj80SdbOchmmEBEZ3oyL4POEVRsPO08zeXy1pZy4Kyt/14NKtMWSEX75d70Xh0UXJ3/gMQGj7QfdIrxHwS1m8fugeg/439ti42idn08OH1ijjsgUi0G9hlLvdsj56dm7ex+Uwag3F7PPgOX04rSxS/HyXioSNwVe4n+Q3dOB5ShebCqahqrEZpKE+VH1KZutPtulbgrhqWPc7r2QRLyeeOSUxVYK/qiBnaLm/KRVASbh8GkYHlBMWQb04ZkeuHlWw==]]></Encrypt>
</xml>


2015-12-08 12:11:07 debug :
------------
String:
account-ticket<xml>
    <AppId><![CDATA[wxe5b18b9bd7e3626b]]></AppId>
    <Encrypt><![CDATA[CnW7TSIvfsoG4Hdo0VjocxWH9c3oDNumvaUjBL7jg0BNKgBDzc+kQ9fbHS2ZPBLfHsCk0Xw9E5sMQ1x+qxlXsezbNhoEW8M7iPu0rO/VGdFmMRkl9wxG/J02nvBnMxV3TmAl/jLcm4jhcXMMLjLdBwMaA5Z54/0aIGqO13hjqaCEAESWrXIHwxjWK6VYO0s7sRvyoKh4PhizLNndEV8aRPHs1DcX426imerNnnbdYIucGW4Hbt6uJC8a1xoRRL6fEaXKvU8XOfXtExqZS+ZexoVQKqPktnznH3i8XvnUYfFLq1Defs8jKNysSp6/37KY4ZDxuabH/QvvyCN4XxLYApAjUOjrdDRNkgqtYY32CItDVikX1YnyTjLJ4C7+64nYnjE6yd59X56L1yPqAfjwcwTFfEbT4VhVGmK099o0ckm5QbprlONkElVmzCU9QaGmDxvWkE/WLJ+g57uTUf3p2g==]]></Encrypt>
</xml>


2015-12-08 12:21:06 debug :
------------
String:
account-ticket<xml>
    <AppId><![CDATA[wxe5b18b9bd7e3626b]]></AppId>
    <Encrypt><![CDATA[hVaMQ97wGO97xj3/xn9ZbwAKjFsg7NoHhzmEs1Xzg9FO+BEDq9PEW5q9jTMCMl5PLUAe16wmYNCiZExVy280mfWgao84XbYTou5V9LnPYoA7SlGZ9f1YQpNUfvL6faHKl7ePjZe8+gzM7r1wiAmLdbs3Thv2wyCzBe0g8mN69+lbu1ICCj5xGwck0+E/I7xHhcuowLtRe4GTc56xUcGY1u+vacQIM1jdKX2xALccSuvrRA/kfJEgLxjiU/fNoilW/IDUdgFuvtYwaLs6pBYOx8XcQ4h49gqN5ro1i89YvcOIEmjZaTD5keg99+MiU0uzHngKjGFbZ6/KMOearauI30df/rciM16T1CzOXXpRYeC54i3zL2U0FSmJOh9Ml01JzFC+fj/dEXHLBBdAQKXsGQ1HpcArce8sXu+WURZWs2mITeklvTYPqAD7KsD5Mh4CiiB0I1On8+joKr+XDmPTsA==]]></Encrypt>
</xml>


2015-12-08 12:31:07 debug :
------------
String:
account-ticket<xml>
    <AppId><![CDATA[wxe5b18b9bd7e3626b]]></AppId>
    <Encrypt><![CDATA[iulwSlspCfrabeGMIU+SujQCq7wQEkLYogY9683XVo97ETImTabXnA2KHD7DaQID/gfLkZ3xLVxAdoEHVs2Zbu5Jde/X/321MJXr5cm+cZB0N0DOgkwAWSwYwm9PEVR8gkzhiloE92CDCJacEbsSdL8u3zcXnCCqIvX22KYxueVJsSSvAW1cIyQ2d0FFABT4322T+Cs+Ic9i2QN3ekbfO4wV29xx+3v74+lW7v07INLzSrlIMkw4ZGfaTgxRluSlVbHB7m+OA/Jcoac+KcGvnmXABklK2xOsK+tty4xS7nVqQvZHXC70Pa19okLWgUepOb9XQ2+ewS5A1V7EG0pszhnJhnM4TvwxvQ4mU0T91S5f3kKCvOIMbByv4j655jys1DNiFjY9MzNvYBmjFBM/d0crhkDS7Pub7fOz2ZhW4O2PR2M7BJa7hyRSxwfh+GSsNHAOkYnD0BGxXJmby//o7A==]]></Encrypt>
</xml>


2015-12-08 12:41:05 debug :
------------
String:
account-ticket<xml>
    <AppId><![CDATA[wxe5b18b9bd7e3626b]]></AppId>
    <Encrypt><![CDATA[hE2iEqZYXJRTZguyTT2Gx5fvXwboI/rcHRw0OfOpDS+BIPzcRdKBURGxyyQnH3UEhqoSwS4CHOSfhxQ9+16/bFa6ydw/EZFKFLpg5NINNyl4Z1mb6QLlYbh4V4GME+F3M8BTgnKMamz+TLwOHcgyK8L60u3sR0SEqZE5NnuTUGjAlkUHMzXfC7Dd8l9z+dJoHFF3+zNM6iBlFu/U+MhJKO6TUv+ddLNAHd5B6Ejh8n4XtRZGrOSrq0/deBa59s0hMEHsalBMOi7tOBe016yNcFTQQdMmoOoAGp3Ac8cMt7AK7Tnw7YUoPPFUdmo7kBu+Xu1XioF/zDJRy1wcX9gRExiszux9qMQ3AsKH3BHIYEd5F0XYIiPTA5i4Bp/pWTHuiSm6G/knzSpRPR1bVVCGfco1tD8rlxGvWeytbChaj9CiDTIlz6GNe5wcJJT+CV/vQWmL1kkOmg1P+UiS7AXXrg==]]></Encrypt>
</xml>


2015-12-08 12:51:06 debug :
------------
String:
account-ticket<xml>
    <AppId><![CDATA[wxe5b18b9bd7e3626b]]></AppId>
    <Encrypt><![CDATA[0VjVzZmaJN1zrdBmwn1VXee7c5bLOXjfRfgaPZ6fKO4PlKR18QXLMfoXHn6MD2Z3Y41tlYXEE7JIZhFmCcWrJJVCmbGqVJDEaxxtiU1Y2GAVDNv6q3tzkufPuDZKVb4h6SHPpNBhZR488/lA3229HSIujEWFDy51d8A7Dzsa5NZ0UTMXkORimY692FQjJMETGwDXctjrjbdFH1RP2RzPdnIr4XJ++Dm2jrVwtngbB1xtLBU1C69U5hhEyQ8yiDVeabSnU+TAtbh003vxPYZ6AW4lIlEXkPfRVJl11mryMxZcsiOiKeVNDsETUjK+B1E1QJ7ElTTSXqQyTDCVGakGtfOG6ZjMl3oxlA/kawY5orWi8WTslJx1L9Xl/HqoqJyPNxxVcpA0ybree0wZtbCFbI+/gW+u1q35Jot81DtKD2rE20VEWMv+HCpjK/TRkChUWihCPFAZIKJ0FuVWKoGEwQ==]]></Encrypt>
</xml>


2015-12-08 13:01:12 debug :
------------
String:
account-ticket<xml>
    <AppId><![CDATA[wxe5b18b9bd7e3626b]]></AppId>
    <Encrypt><![CDATA[iwwtLx6P4PtBpuSsXYIeGPgI0P5IkLUlV61uAocUwqXWvtYseKvY10V57vVbpmQpthHZzrDIXNgnLjYIHWMH0wjbI6ZZAV+Cuqth3u9MClBbXZM9NDMEHwQq8CZNQbT6c05uJWuaXwnkJFzOtRy2pWbRZPnKSU1GcO1uKg18Ke/hh3YoJy6Zmph0swVKCRzR7n0tOw6HMg940YnbU4jTrpidC+czSugpVngalNby0/Q4ZFebFQPecdOmMZAocRhj39X2zj9/vHzzyzNHWaA4/mCycAnGNkVI2zMtKrwYFvL2gBizi1mBOMSqe8abjuVAvJFcXeBnyhB+may4l2juLB7GPcXKtPbx+B0WgxpMJR0Z/CkoVD2wXxU2Vp/QQXyoQ0R+wOM7hJlfKVrpDEFc1pRjOYogcrKfImAGo8csACEb02khMs0NoqNWjjmot1+QilKIGmhbbxD+/FdkiAjOnA==]]></Encrypt>
</xml>


2015-12-08 13:11:05 debug :
------------
String:
account-ticket<xml>
    <AppId><![CDATA[wxe5b18b9bd7e3626b]]></AppId>
    <Encrypt><![CDATA[N1ZRzMSh2+MY9q0HmFr+b4Mh4PWjxmkbiJjkPSmaqn1wZi4tEIoReLg2eAI/g7ntJwTqr34ZG2YxNmXOIIYKuQdzCMyk9wiedviPt/rnUmVQq61/02ziXb+AzlF0aA0yWoCX2Rr6srSOVjjDrSLkTIGQv/kJ/2dn2xi4270Sb6Oco8ggZZYmHlVH668DLeyO80CR6rkx84B24eNMq+wFhY94ncg4FinEMAU12Cc/RpC1yeuDyKKUyIiUDX7K1dwvnKBrrwvNTb3V87tdtGlM0zfxTtE0RZEWVHvWaMjblOL0FMqFZRQH+OIApuOZqEDPpybhAhoa0r7agsBQL1dCV5PhXnq5ZY2sIA7p+HgngQmXQ2DMJI6fUbgXepDX/t6e1kkfin9MTkW6uQHYs5JF8uBptfHzkti36WkeqFGn/A9XU27XjXXMhQ5POjDUl25Nds8V1qC+RrwqTM8lRhlN2A==]]></Encrypt>
</xml>


2015-12-08 13:21:05 debug :
------------
String:
account-ticket<xml>
    <AppId><![CDATA[wxe5b18b9bd7e3626b]]></AppId>
    <Encrypt><![CDATA[NzSDPAO0yKuRKj+eVxorgZZ0lhKoPDITWg+RH+IigbRttcxf+Voyv1NWuqNxfh8vUJCK+PQLFmywYm0ES8Wv0OA7ILHt2J9273622JgSWHOc8QBgk3wX4o3ps0XUMI8NOKTuJKB0+4ExBY2XECDzuZ7wctsPEljjlOLh9ttaP21YDmJ6+d1vXVgTXbFSUZMDHp1d09j9upM2RSXEbthOQOw1LYNxM9PBE6HH3j60rcJcmATPI28GDDGyCJq5P6+Cr3ly1qnqstNvEA2UP0DMXVrpAUYaDSzOnCKg5zZJrwKPGo9U/ta0inMqhmR6HCGfHqj/IXo8htEOtO70uq0fouGZKFAHfezrlJDnyLQsQzKAhiN/tIInCBwklAyRxFYOx6I22/R/M2DZrv4wATQKv6BDA72gVbF2tgmFqXEAGnlSh4sbzKSVM/DngmrisfZJkit3NOdY76zxax4VADQl8Q==]]></Encrypt>
</xml>


2015-12-08 13:31:05 debug :
------------
String:
account-ticket<xml>
    <AppId><![CDATA[wxe5b18b9bd7e3626b]]></AppId>
    <Encrypt><![CDATA[704kc8zbUnfGtupuyyk+i+O95KS0G7dRb/wdavjkUYbCx5v+6O/59DC37z0mN4jVa8fAm+64vNc3j/i5nsMfbtoVtbchMkIisIc8N7nR+fdN2ssFPxT8sUJehj0LlgP0rOZpm6MQ7LdheEZoy5ev3WA+vJ4tPb8CLu0VH8ohEZXvj3lkY5IwUcUG5wUrmOQ0AMV3pIHm10t8QO6caWXsH1/IYWJE8Bjd181POLPJPYXdpMXVb3V/TSVSpb903LPuJjq5O1aI3Ogmw3yfHEpJCmFMw5c/aCTh+UPJCpRd+V/kT7eZACQQnd3UonGW4i6JD78VgH7b8k0y/1RSnWi6P3s3Q+XxfBuOY/uipeqrAfTk/bcf3pvDh8+UdB+M01PtSlgbU/lH8bW3jFf6hHYEmq1H7s01XhPXu8BOSjXzMcC+CX0bp583RucLAWJqxdAsp4R69pugjzj6kt8m87X36Q==]]></Encrypt>
</xml>


2015-12-08 13:41:05 debug :
------------
String:
account-ticket<xml>
    <AppId><![CDATA[wxe5b18b9bd7e3626b]]></AppId>
    <Encrypt><![CDATA[TSXpb1c40rbhYLBuWCMHYsxLB0M98JA+ioE5qYa5IM2W46QJbfLz/6mvYnOXg5nvP/F+5Rkc2gcz8t5gz2PqrijPHHK51S2nAH7pshjVoi5aCjrASCOqeBp0f7tP1puS+THeEADVy3eyLD97O3aSP9IBKxZrJo91TQncXWZXNqDu0zrQ7cC6EbwfKTXkhL4pPmDnsridD08seZkZIUrMcCsnnkRKZO71Fo4Uuo/EAqTebefI6dubq3jrCK8Ss+X8o9FV2Oy4U16Od2WWmlKH2PwW0Q5scAlfaIiHLDW3cV1rqLB2wt6kmIpDdX9WhYke5Pi1VRfJafIQ4wabf72GIEtE3WjVu3vtkehyb8BcU7FURUpalNkOITX9iPM8sd4UxX1idKAiqQnI+s5SuEc56XFEOo/cEXlHZ9NSXp7q71UPBma7gjHr9EsAETLUIsbF9KO8Be+7CLag834hP5e6uA==]]></Encrypt>
</xml>


2015-12-08 13:51:03 debug :
------------
String:
account-ticket<xml>
    <AppId><![CDATA[wxe5b18b9bd7e3626b]]></AppId>
    <Encrypt><![CDATA[hmRxXco3F8ppljwgx5ypnBXufzjKD/kjCGL17ItjG4ht8SHguQuEFlvAPoB26yGFQcFeGlYLbz1hK1/53M5HnDpHhDninbnKAcSuAJHbdBlR2qENQ4PZdkj6L9pVbV4xEaxuXJCVWSA3kmGAZXZ9R3b0HaoNJMBAsNULhBdPzPELrVfjShNU36ymO8MPepmbjBlubl7pg3VCtC7gVU6UFszxkjyqGuPpgrUcHIXD62KNR6tNxGKHXPR0YqstcQXnf7nf0P2xA+dsnQ6fk0FPV3H6z1GX+ndegzKwRlbMrG/qxvjh7SBaesAKcc4uJ9Zi/jKpmsVlq1cTxziNh73etT9AmcNUagw//NO9Kk3JrJ/ASqKNI4y6ve2lwK8FAOr84swvjP+8w+rsFQIOth7FPyYuHPZulnKxSa4dRFu0ExvcP1NtbwvWFb6/KLEpGu+dwQ5maItJ0lqMmjHq8Iw6tQ==]]></Encrypt>
</xml>


2015-12-08 14:01:06 debug :
------------
String:
account-ticket<xml>
    <AppId><![CDATA[wxe5b18b9bd7e3626b]]></AppId>
    <Encrypt><![CDATA[0nsH5AD0Rd+jd3Pi7yO8kqJGU2iSjC/7GSrbCH2rVkOpo+a6FxDMlQuujUHrJrLM/IaTSoAJWoZNr478rJ2XaE67xq35Uwbm/OB7MV+fBFlGwC1vUzw/u1WDIrJTkFdPaXb6T5m5GbC+Uqn4qYgCKifSR6y3e14RdaIPaIRKbt+Z4+j4AUT3uWNYBrVjos3vbbkiSWg0wGcWOgHg4VnNrz+hyAZNog+robG2rokdDRy0VUcoxx3TBYUDzH2/WNEoO1/LcPuk8/m29Jtc0je/Ihvwz5LhDR8/VipFI4Kw86DpmJ68YJvWHwJb43g3pLf0yqrfxxA8AopZI+0X3FglWTsdvOZKUW+SKz1thtPADQpryHMZnDUTYcvV4Vkc/yKdRGU/nXxi22N78GweTYhLQUGfvNQWE00vxLXeD5dtILLw2PgUG6Y9KlKv49EKkPUPRCfhTu3MHBGLLisRd7AT5Q==]]></Encrypt>
</xml>


2015-12-08 14:11:06 debug :
------------
String:
account-ticket<xml>
    <AppId><![CDATA[wxe5b18b9bd7e3626b]]></AppId>
    <Encrypt><![CDATA[TWv5OmzDG292EtfMX15Upu9lDZoEXC/nkRvNDyW7hh8ghScE6Oi6CfJrv/YckUk5IZS18imgdyDH4LDlq1jmZ/S7G8EWYmmuLN/PrnRLw7AfF3wy14Vtu2v3UXc+YiOXYmnldACpuwAJOkbGOnHWKRhb9vXV3C8tN88vsFTsdYWzbVKyDmfqXemLm62ip00szQY8eHCalgLxburdRSIkpd3du7j3MmBPgW9pwwtGZHVskCxcmMQYsOMbfqtJ8IbhWeTjGLs0PMwo8rIvPSn+vqzCxCi6CnmLZseXQSExZhspgRwWRmcrHtMbTtHNdt3hyL6jlAnFg+0zhOL5tkIlSRquc+QorrsDAzEMiTu+GjAo4xwmA/OA9TaiCOgCICl8LZUZy+ipzO34sEyhHKpyRML+Cl9gW5jR+VcL9s/56us5FiiFr/L/AznyC0WUpVLO3XWK5w/njJiAV9xFHP2FaQ==]]></Encrypt>
</xml>


2015-12-08 14:21:05 debug :
------------
String:
account-ticket<xml>
    <AppId><![CDATA[wxe5b18b9bd7e3626b]]></AppId>
    <Encrypt><![CDATA[Oq2h6RdonPI4z8C7v39gSyvB9JbCxs9XSTTdKrAfxPj2iMV+dwY8ffmws3rgF3A9rYmEtCc9FQEOhaB1bfDao2S7CeKUp3HSMY70TBG6epPol+yy4CaAN1HOD4AMVdh1VNBXKo+G5VYHmTxLp3DdZzCJ7JaRWKeF096lhu15ii+AoUad/HU1Hd9y3fWcqx9/lDdLs/3bTVVU+1+paPsXGvq8M1FVR7avJIT3dmobBSSBqqUkgJ45WFHI8+p0752i4Lhpk6ur7rav5xnaFwDMUpcd19FHMCUGrUoZ74Yueu2dy+YitviETwGnvDyeD7bganYtci8O/nmbjJ6i+0H3XZoVHVHwvT0RqOZRI8iVFNm31Bky80Ps+dr7HZu1KK8+FCZUI+eS5PXk/h6u3ms6IM/0lcB7DHoY36ejO+F5um81BO+Vef9JCPWnEFB+GZxFUIJg6nhbSjRMUeKUwEg7EQ==]]></Encrypt>
</xml>


2015-12-08 14:31:07 debug :
------------
String:
account-ticket<xml>
    <AppId><![CDATA[wxe5b18b9bd7e3626b]]></AppId>
    <Encrypt><![CDATA[fnhSgdO3uM6ZTOSkbblBM3eH49ZpkL+QlsWO5s4dUzybsvoDcanzMEihfzhD0m/7HezVTTRcIvyXS9WAb0sVhs7kO8oKOkQRX9EHrXeq2wl3Qn2Ki6915Dzhf5/F2NPYQGkHVOD/tC2IQzKPgTlPNF71U+EAEY2l+4ZPtQUXTP+1aMtrk+qXSAROFueQmwYniOTZT2UEf5NOe6XM4xZGk4vHvpnpy50YkOXxXN8srsD+HgjgUM78iO53aAxnrFE8dKq6KnNAS2bQ9U+AXix3JW5uoj6PmWssNrSPDIzfXo6sByfhNKIx1KEmABNNRQLTipZvGHH89ZFfQxRIzLTz5u6TyMbvSoQSA0r80oqJDE97tyGTcrPY75dliA1uHiod3x0PIClHHfsBvqN/sMgkepv8TFBt91vq6xYXK4RGZXI3zXqV9DiLht/m/GmKUr3Mf2n8NWOr8VByPeTvQBla1g==]]></Encrypt>
</xml>


2015-12-08 14:41:06 debug :
------------
String:
account-ticket<xml>
    <AppId><![CDATA[wxe5b18b9bd7e3626b]]></AppId>
    <Encrypt><![CDATA[cZ2mhrcjFA8d+7RaRYK31vFNgTiLgruJLJ2vCJsxE02yHV2+Fr53tlHFZExb9mrXHbT4RinWtpuVCish2ElfDwHZyM5aMnF9i+iThVBwx4khvvhXTGI9uM1xoBidF3n+K1wGKBxFSJk+m/DtwVVB/sG/sMHHIe4YMy3Rz4r7I0R5AbdQ20Ybm66kKaO4PKCAbVlJXtaIZkbnSzPX7qcUgfeWhq4DuTBpUoJ0JLR1Sr34iZiIud9LE8y2nREa6ClIyRFDU5MjV8tVnyvCmTxKvVuyZ27aC34nBGsGSo3KSDvrTzgZ+w9bSMAhhuwCVVcl0hlYiJ4zdiYX21Ok1ad2I8qmDfqKV5o4HjDG8CvXNCwhiSFIK+8sLo2+0WMBVtR+iSF5wIh3dYSBt4MJ6X+JAN1q7CAhfpC3juKMhKRQtpVzX6j0QbkDS3TEdYM5BK6wHAmYHbF2aj6C+t0Il1iUVQ==]]></Encrypt>
</xml>


2015-12-08 14:51:06 debug :
------------
String:
account-ticket<xml>
    <AppId><![CDATA[wxe5b18b9bd7e3626b]]></AppId>
    <Encrypt><![CDATA[vKM3hHrVOePTil+rBPDuFzhprPy7ffhgGZ4vhZX7PGzQbgBsmCgqZkfPa2nZKEcc0LmBbp5eNVYpJQ5qJh/7CEfcoTQ0X0Ujrn6iiiE0FhXrBz+QIno60aJHYTs88oci4Zk7vpxiNyGn0jdZifg7Lyhw1IA+tn9Ooa0XOpecVUQc5EAsCAaO+guNC/T3yisSzxAJDAPGqFgSmwG1fnJXQMDfJlloOQkSVDtpLFYQhxF+PU1NABsnVG+7i4Oa1I8J3B0E+lsUvJ77fx6RE1VMrInJegtki+Fo5fcx4pU+UGapmRTksMBDdil4pxLKJzmtXfDhv5HHJVIjRWGB9HY36thkclOnZam3RyeQyaEpl1yqJkjClmhW+tZRTXt2nNJmsiySw/iHzxoZkWne80mfcqTkLtmF2iBKwGiDKV/beTYiehYy4A/K7TdVOrmohaJc7Wi/6XgwjCfvRI58DK7yig==]]></Encrypt>
</xml>


2015-12-08 15:01:06 debug :
------------
String:
account-ticket<xml>
    <AppId><![CDATA[wxe5b18b9bd7e3626b]]></AppId>
    <Encrypt><![CDATA[UkLPGId+KFg6BfW0n/bkuguP7+HQ9X+DM4lpiAuj9TvhMpJkg4cp7X0Rf+qyFU3jNfBSrvbKQQUyWNkV/3Ita3XH6uhuDyY8AlxhEHrB7jBTbStTcQKSTSkvk5m/Oct5ri3fD4qy+ZagBLZr/40OxmUdfl0ISLxS5CC6Rk5D5kE1v90q6IZ3MY7T6CtMfttVo4CPCBUqcji2tcE19fIlRNPx6OtoePwuXKD7dJ+IiLpV3f+onEMQ4I6P3EqpLxcEaSn9STjAYjGGRD8jLaRDTFm5Ylv2O6sdLFvQBK5Qp3DfKvaYXAVnNby6ULdP9yC1tePL1Cut3Bl1Coc2EKBinO7/IbB4xq/Az1NjwiNh6I1fH3kfI7ERV3yJZ0zDBvTmfumGK4lGjeC3i8vwMpEPdSzexajvjk05xXk5fROCc6e6G42EMrWQZeoLczmf8TnW8M7b+lSToLzpWQcO1o9tpQ==]]></Encrypt>
</xml>


2015-12-08 15:03:36 trace :
------------
Array:
from : o7SFQswwuvxiJSdhZXkR6wvJ0MC0 ;
to : gh_f8ef5613cc37 ;
time : 1449558218 ;
type : event ;
event : CLICK ;
tousername : gh_f8ef5613cc37 ;
fromusername : o7SFQswwuvxiJSdhZXkR6wvJ0MC0 ;
createtime : 1449558218 ;
msgtype : event ;
eventkey : 实木系列 ;

2015-12-08 15:03:36 params :
------------
Array:
rule : -2 ;
module :  ;
message : Array ;

2015-12-08 15:03:36 response :
------------

2015-12-08 15:11:06 debug :
------------
String:
account-ticket<xml>
    <AppId><![CDATA[wxe5b18b9bd7e3626b]]></AppId>
    <Encrypt><![CDATA[hjkcew8TSuu4ZgpVnboa0Sd01IFK9erNEdlbGsaDKeWzJpDgCfkKPRF7ZANzOfZ7lDCPTn4GjzNKaAwaupkLwiwNs44W+ZZ+yGqiQkUa5WF9zvR31JboTM8Qp5laRGFRR0PqtpMZFpJRAbFcVAZ1PvOpj0jdNlkjWtObrQCFLSHU/IzW7VCQz0OqfnuwKKcIEr7idz1tQTteeRRYcZQvK6hQBQkfEjpiQBaaI1upM7VwdrrgGcQi1QCwlHoVIG+E4OFwjs8fXfmqIOI1ASp50lpzra5XFNFw4TPa7at6ne9gU9zuEtOiW4y5rwjU76wP77PhZVW4W7krsvkikDF24248auk8Gb0GOtClME0ysXLmPGXXJuYWE4cJQLIkCXvDVVDn3t9/VpLmDcnm5ClrtwNjNP9PE1+fyWP8V5jQe1j1O4M6E63j7pz1Y2nHFS48FEzu/RDM0DQO/x9AmEe7xw==]]></Encrypt>
</xml>


2015-12-08 15:21:04 debug :
------------
String:
account-ticket<xml>
    <AppId><![CDATA[wxe5b18b9bd7e3626b]]></AppId>
    <Encrypt><![CDATA[BBBckeFhfPD2qfXOtelknh9SAthBSNIAJzg0/g3tz+13RhxNSmdp+T5hIikqIKUsuuvCvDVPVCaTIDE/TSggUJ9tekWXgJ19Dpp8iPVyi0Gdya88nV7rITVpcwuE05vG8yTGzHyPazT6D8OUvinxOSf8GfLkxrX8BiUljZ0KBwlHRB9oRSOAh+CblSlAct5UKnTy08jPUrIGjAzG8G+XBeHRf1vzkKBOtXvcRhllDM2AA/EFpCiEG1jMvOrGYD/KDs09Y1b/X45E0yW8c3rT822o42lJjNcpsNdOEI1ZtxR2r/3Pwh1+C3CUIh7w2vacxAKSGZina52YcwsKFPiNhDsVb5pKceBdA5f98X9yIkoaILjlPGyM/Lmrs2MfNCsQVTOYHkm1XFlclq2srWojVLb61kIMg4o/aVooa1abVWfyJ8f7/SmnoLlXoMjw2wTm+dYSj6Jhp2laPyXJYqB/fw==]]></Encrypt>
</xml>


2015-12-08 15:31:06 debug :
------------
String:
account-ticket<xml>
    <AppId><![CDATA[wxe5b18b9bd7e3626b]]></AppId>
    <Encrypt><![CDATA[wf5ls5Fm497H/Sge9OTHOzs26cuk4XNV8HGOYB04ZsfT97nsSPJ/rd7MdeRkqlvHitZa+pychC8Yl8tMLeQDriZWZf9ZWeaJYxc01Lwmxew7CQ5Z+1B4IUcJQRultgZkBwtIAqtThQD+Nbe3PTYWxRXCczTN4DYuxmv2R3B7asKv8JUUdHf7lsj8bWvE594r7ddX4xk5LIuew5ShE37jyM2Q+HIf8ZrFe5dqLTNUnf58cZE6IM8eOsXAbfj0GPKixfoRQP4ybTYnUroAlGPbPdyzt2y6Xp6l82Q3GuH2ZM3TK712xW8gvAaJaLnwRdJLcj1xDUbp0EzHhZ4Dk6eS7nXqddXhm56Qmu9YIfhn0k+wPFFtF7e/ZPRaAiD+RupTu8lSuClBNMVdSX+DDqaFtPHfyWpa0qgBc0i6fgnQeaX8W7Q7X2XgV91siwclhYoOgGP4YmRrusK+VohY1OuNZg==]]></Encrypt>
</xml>


2015-12-08 15:41:06 debug :
------------
String:
account-ticket<xml>
    <AppId><![CDATA[wxe5b18b9bd7e3626b]]></AppId>
    <Encrypt><![CDATA[lFoJ5z33aMBrUuX1d8wcMOD5MkwigAXcWHgOqfNVVyethl26yuxGNiulZi2l7ux7onxMVnC3I98JTbRxK4qH6I4nYu1+zyzpd7GThLbD1OYl8WM424GcNABGEtL94yIxPSJ8Q8F6hWleZKkGR7s0IacOZehqPN7c35+OIepxFPYB5BN5bdxcFYzVifXH87VxU9qEZH2rtrTjXJ2DCf3UzzxV66UIDDkPc0utLykdDH2XBgsrD0Ln3z7K4HUykP0m8qFS2Y6k/0kuC1xh6oBtxF2OOTVqPWoWSz3hdZj9KlK/OMW9R+zS+e4Vjgj0AdcBWeZmicNb2TAGx/rokbWMZ8W4WinMw++LCws1l0CJyEQmqTDcIcWLznkuTt9T+dxoyQ6BW+RWrgNtSFnJN6N7t13rxY4jovhEo7y0usWI5KbYRq80GKh9s8yJjBT7JCUn+Yhu/PoOLSCt9D6hGKzlRg==]]></Encrypt>
</xml>


2015-12-08 15:51:05 debug :
------------
String:
account-ticket<xml>
    <AppId><![CDATA[wxe5b18b9bd7e3626b]]></AppId>
    <Encrypt><![CDATA[CLr/GBoa/7Pzm40Q5tn4IRIJGYEXfeOb4viWQY9ebIsLrLjwsmzSFwHWGCTGtpQ6tHav4mkEsxvNbY/dVG5LO+2ZPDrXJ9nd79OXu1Apf2YgwalYYUPmQlxZqD5BQzZRd9ms7XnQCoDiC2/6yBVnYiN76IhPuB8rBbicKl4Is8AhMkLnWDHlQORhnhCaaS3QV4lOltY83cW0+8x7Yw06fetXUk/oFNQXJJhGJDaVW8XLu+u5PsIp2ILU4tt/9d2SjJQJLQGm9ff2uNfMcnnK4z0cwiD/Zpgf87eLAjTOQJ+hT3GUG9XuMLmCNBw6m5G8Rx6RFBxbmS1VDKg33aOyI/DXsu8EWh1tEWqPnc5+q2H43AVjdw28wNBzJSyxgW0UhaSbsoQfC885qdrPmALa4tTuWSKAy3psIWlq0Rss8uccXHXMmz/b0MTeyHe3y/4oQfVsEBZStq1K276Cj+IBIw==]]></Encrypt>
</xml>


2015-12-08 16:01:11 debug :
------------
String:
account-ticket<xml>
    <AppId><![CDATA[wxe5b18b9bd7e3626b]]></AppId>
    <Encrypt><![CDATA[gv7+Nbygw9vsQCIuwCyyaLti+EWD9+WojmMMXvfsljvdiSpF24zgkno0HG60WxPaDpbNJADSH0CSae3MhH0GgEOUBK9tE4PE26WJdquGoM+bFZE8X9u8Xh6bMg4bxiNNPTqEiFkOkMTd0rUSOLjeorS0Yo3D5bpziE9Ml1Dvvopp/FRFWW1WA8H6hA8InBu2kQETQKP2DEtZ2AGuBAAoLRqWZdboHcjiDmSYpgxtxg8rbKef7GT/p1fKQf7jY02VKk0IRmuMH9MyLVBjLjP9zHfSX0YMrOsnvgsO6Mr/B5fEwZ3iBw88io6n1t7ElHgRvFNuIKk6bs39Cc79lUec7aCgL7LF8GDDKv7bK+bdzi2g7r8vQOwKYH7NqqVV580cDRoLFGJW+XdOr8DOi+im8XF13DOXqFNyBmqKFoTDhgBHSACyBmDpL/QJKVDBPPaQWtQicg5VmmLdFfpAPV/CVg==]]></Encrypt>
</xml>


2015-12-08 16:11:06 debug :
------------
String:
account-ticket<xml>
    <AppId><![CDATA[wxe5b18b9bd7e3626b]]></AppId>
    <Encrypt><![CDATA[eSYZZcLf5YJxdzr19V640RWkQQhusWd4iaWRPlqQYYQp5s/WHlA2bRTu25FjqlT4Vn4JhLGX5IfAmKIcEeQXSb1TCQFeGGSYPTGE4gRK0DNtJ7uefmCb4PyXfyF1BqQ3i/uWBo26pHuYCXMzZ/2V2QOiHRToNV5Jfo0jgZua2SggGEaO9pXHucxNWxsDVkKelolJG6jtT3dytKKulMPaEd0YG4i6jBfV6WVW9b2FwUQtoXgPiiVA+2T1aZ5NEHqiW80TQYS/MS4u1+mBTcqqKaOvHAMdl4Uw27IO0SOjmzp0lampSbx91VHjUR3dS6EB4DnIe5WeNqBCcFyiC2E3kQ/4qcvmabsxjzDNWazZeZCWP70aFx34YlZNxecTiuXGCxk5JW5Tvb53/Uq1WiCZHvRiGRFEwNkdIxi8ILaxxwukC52ETGzoNHDb/D4ftUiTC66h2zQJ3/7L5+USTKFRmA==]]></Encrypt>
</xml>


2015-12-08 16:21:05 debug :
------------
String:
account-ticket<xml>
    <AppId><![CDATA[wxe5b18b9bd7e3626b]]></AppId>
    <Encrypt><![CDATA[2TUrGCAsc4mkiZlBQbHPHg3Ugi6QG4aL1lM9CVaWFte8JoAVwswlmolAyVoe+6QYKFqo7vPN3YMMk2rDuIWsoHK2PDsitqW4vJ6i8lfv9ieH1d1l+AOR7ZmDCTVgJzcA7C9Bi0ue/coLRInPc7FeIPfVo4OHlMWmb00obbNUU47B0fyXjytmKdHgyRVTcai1DN3RSPFRwGGk+crF2dYMJ0Eet3j49DOYEaElIK6DW+fXJZtH+6MsU5t4ldyLU860lwKyWLZiuSQemzKf4PB383koCz843GFyQn+DDQl8KoYodnx7ktf7hvjgU89IlUWGxFHKOr3iTbmtwZ91j8biZMUpv3i/BH+qEBjzyBuCB50x3PbjTABN0hXmVBkcDxIWMommBTl2guxjr9ZOOwaNnIp8KB3SnmsJQWi1g9+sZntmVYY/SK7WhIvrzm+aF+/SekyBEGRzVDdHTxVF6V0F2w==]]></Encrypt>
</xml>


2015-12-08 16:31:07 debug :
------------
String:
account-ticket<xml>
    <AppId><![CDATA[wxe5b18b9bd7e3626b]]></AppId>
    <Encrypt><![CDATA[tk40VlvOr0ULN+nA8ZqsLGmPgyc5YIpcBuMuGnU0U716WUD6XZ2/2UqaddhumkXTTqGh9iqjoXJFlzbZ28de8TxYwgn/9tzP2tcbZz3y06SxRHTBxsOzkCax9iApooNtWS+DMgWSs/JaNDCbUIDgjow1OlGdkBby1FlmDqI/wJHSPYPmiqHDCOpCkVTjMXx07YWFfZeorQDBovhXuYjOS3yqzszFEnpyezImY2Ehau2gsPDeWhULPmzEv/pnXrMLyDKo4or19+kRbka00kgzveuSMkf4pN4kz0qBWdsdmwU7TH+lG3lsFPW3Xtn+nzIY8tkLXzE9OreGS4oNDpvr2+bJhkpRqAZg/9KZGXGeHXbbmUJrFIat7SDrvpu6AV+dREyXBJD6mlUauY0X9dqKncKQ+PDd4aXcfudlIOFokiT7c4cPhhzM7JcEbAEj71OXrG/+YBjNge8jUWj76fnlsQ==]]></Encrypt>
</xml>


2015-12-08 16:41:07 debug :
------------
String:
account-ticket<xml>
    <AppId><![CDATA[wxe5b18b9bd7e3626b]]></AppId>
    <Encrypt><![CDATA[b+3dfRGT51jtri6KlrB1RgtXbgHwMEFD1dCAI1JSVTFGL+Tgu68qAQRUmtXKqtNkvYZ5AITrcLCg6JUa1ILtbNA+ShQJjTIeoldW2vR8fg5qc1Y987qk4bk/jenZwLEU07NdKzsOR971Pc+phvFsg84MM94JBlJ235+3GD6LKZ7I8HQob0o0dcac/EvJlqdAd+s6tdY+KhcyW71351mFzNyEupZxtxfO77G0g1s+zRIpOoLTR5ZSXTArKox7gvuAWQGqMghs1jl1X+sgHNW0B2KdJ8bO/DbD96o0y5aHqnkk5d6E8qbAkEIEzyOJncX2Vu3mZFC8YLOyaH8nC8ujxIvRvuF4h/5fEf4lPcgY9nQNxyS/1VhEmFUT2QiDjpysJg2LM0XLci+g8b2Tgvl51H29hJNMXuqMPZwllJlhTCEgTtSVvKLkU5mjf3fgX4EWMlujCsF0TGln5e5ucHVjrA==]]></Encrypt>
</xml>


2015-12-08 16:51:08 debug :
------------
String:
account-ticket<xml>
    <AppId><![CDATA[wxe5b18b9bd7e3626b]]></AppId>
    <Encrypt><![CDATA[cmxpuIJEzSweoBV36tU1xsyUv8JDHWiLIo5/D0bKq5rcrSrlEIeUvjxY5Mu0qaeXkQF87CU3fGViZJlG08FwajPzRlhckbyqxAdmmdYy+3l2iH+IxcLyz3Rgrm+yscMUaSiuEb0n4oUsvzd8pzr8hUq8DvIa2dklmTo/1BEE/oOU1JJE3ba+aZ42TEjmWo6Mm/ZZ2oU4R0SO0KRYlM8XqXQqxGAuQ5kXYtalP2fkLjj9V8YXVAHRf8oBNcSZh5j4nncjMn1kgPIJvMUr7sv9t8+7hkGbaQLsMbYpNX1AlYyZ7sBCBzV7977OAyUy5VvmXI5Ny/gE404hueyV5jHmLZsZz0+4nuVRj+TT/J9PBNqxel5wJGPtk0gvCwdQ3m/oR7zJd8imd44eayaHjItUR/RRMzugJ3dgB5VJ33wdW29xPJ0MgxR2BOL+Q0AYmpyMEIuAV8kWUv+Mzu9DROA1ww==]]></Encrypt>
</xml>


2015-12-08 17:01:10 debug :
------------
String:
account-ticket<xml>
    <AppId><![CDATA[wxe5b18b9bd7e3626b]]></AppId>
    <Encrypt><![CDATA[8XfPGb8X5XUCKKbksIFwSEwDIVPbDinymE56LXOEf5NU7jNDx/cW7c6xJdIh5ojOKGtpDGHObyzOWsWtHfmguZ0R0Fp+Ku1J/n0cqXH9ydYpNlWX0Fx8RtxW9Z4lnHhW/nbP63+yF5HTjQb+s7Yoykb3aFJbqnpUXNx/YdD4WL7dHTm443sWnxlrEEQHf3bObiYpR25O8qq6Q5Jiic5s6A8fjeOeHNebw0LQfmWkQPiAi2NivdU5otbOyfDfQKUab8FHRMJw3zKo3vDN/QXlKw9+d+QMi4hZKIJ6pkBC9h6Fw2aiTBXaEuvThiYkWKlOIbkEE3GWyU51oBtPTmc/bToBDfQxC4x5wICO7Pc/VGKpfmE5wd5JHz1Oh96Jiz94S5vmBcCBuywi3ts1hpKfNh2mVJN4IcbdXHmYDeA+Duk7CtbRwROEewna7Pj2ESmHO0hB/wQNHa9GuBEjNLlebA==]]></Encrypt>
</xml>


2015-12-08 17:11:07 debug :
------------
String:
account-ticket<xml>
    <AppId><![CDATA[wxe5b18b9bd7e3626b]]></AppId>
    <Encrypt><![CDATA[yVlPKpkPeZ1gx6jtw9cD6TOM2VKM+JVNLHP6FNYbTxgyd3Z4ysenIYoGgfD/I1UDhedJspOJitis83QMGR3tsRwHn07moG0cuF7D2+mzl+cFcCp+S56LOQrvf/7kuSvE6JAYKI26i57raAU9qRKFWHe50DyQZWYM6+uZ+Rx1oYUblDeE8LUHTh2GmYW8MdCBXl6P6ZODytDyy9g9sIUn/AwkxQRXl5DT5w8JORDHJytFy+e6EET+8j+EzijEfhhYWg+kj6GY2EZtg5OWiqVsOyf1io052uHPIOrJlE9tx3kRYWtcum10vPEHa3wV8BStIVyCmNQ3ZMAdlxfpTDTaeO1cotxmMx7nupyeCJiED4UdF7UW6bspmigpGiqlHHViK8CcxUJUgV5Z6p5h+UaPRZzuBW4+/3C/e/N8iD0S175KXl/dKq/ok/Ir7MSEh7ZdZ5EnaSF6p2XLr1kp27KMZw==]]></Encrypt>
</xml>


2015-12-08 17:21:09 debug :
------------
String:
account-ticket<xml>
    <AppId><![CDATA[wxe5b18b9bd7e3626b]]></AppId>
    <Encrypt><![CDATA[SMe5LyyHSQwYKzg58/9XOaRwI6V4ZrnK0wufgH+cCbT9q6NNAct1tv0MT6jqPji8amOQgU0RuR8cCL8fLh9WlMdOcFOvXYUS84zRjIf8akSjYLmfWHP2TGPuGXt1V/6qxeqg+tgtvUh0wLbBf4jFEbVGTc825zgRxDS88cfW+LFEDiWR6gKsiPqGCEJJJWmlM+ABmsHWe5+QH7ls4uwqb3cId5H6G+88JdNdlztQE8F4Yr4MJerp/tbmU3jG7o5qut/AMwrTLn+Bz+PEBfd7wFP05aiPYnuESjHUKz0ZPJb9CIFweqxHgrvngkYIbPv33jToos7IF9B77SyQW2LlqmR1sC5Uj9RSnlw4PXGYYgxe+bq8wdG5wp/udin8jhuB6vNDXnOA6U65AwyZ41Xm6J6RCZ8/pwqTsIoSXm9WUzmjAu6WsB8OYX/Yg18CkIi/lnzNEPwSv23xFGt4u/E4Aw==]]></Encrypt>
</xml>


2015-12-08 17:31:25 debug :
------------
String:
account-ticket<xml>
    <AppId><![CDATA[wxe5b18b9bd7e3626b]]></AppId>
    <Encrypt><![CDATA[ir5JAfqPavO+XGNw9GERQYe3qXwXw14s6jHsXDclBdrk+iqUscmGfPrCwT9uSnbsfe4TpM6Mfxl8N4jguh466pYR10b2Cr3zcMAusBcK/5J2lvE8WC0cUgb+90qDTCMjivE+YByWV2BKO74PE3UeJHsLThcAxppXaguREf27DcIr6xWsavDJ/IPYeVvZLyjQ///3iqDP8VPWHtROPrrVUHCMjUE8GHwZl15FaAIA/m+unzr72+9udNW2gLceSlxr3mzqjKSAPuzDBqvJM9iaSTRtCS0QJnRe2Zpr2hFwE3u+sVoJI36sjAM5b5YHWZuBA42JeYXfRoIQRkF4WCCwlv9oUm/BDsWYEGsnKUHjRcRYzV2woUJFPOiXmHBBffsuKXnPNN8A6m0iFPXvl7mKUw37n7BwGzTOwisMZ+FNmFPUh0iM+cmBLPhjMewqrz324lNuvGdKV8qyJQ4MHckm5Q==]]></Encrypt>
</xml>


2015-12-08 17:41:06 debug :
------------
String:
account-ticket<xml>
    <AppId><![CDATA[wxe5b18b9bd7e3626b]]></AppId>
    <Encrypt><![CDATA[l03NKmWGgWZ73pKq9UJc5UbXh1raStEiVBK4Xs+GwrdAwBh/umbjI+CYx+TQz6Aft/FZtoxh9FdW7ALbexZEnuFleibqtTeRf1FKOW6YODqTp4MtQ3qf0lK0MebtDJO1+sJiJMkEay0n0SetmF1VUbeSFsARUB7HFehK6Nm9yG59rcyvPSkPI8lfivZgT0bAlsuoP1itpmqf+aZg7J5tJtOazR71nDDFII4EtJCmtOUFv1coGJTajmuEFTjvHx+flMgz7a++CCrUhmLHyhc8VVD13oCdErmztT/WnRJWJ5m++uZtpXZRn9mMKUWBgJOyk/U+LDoqQaxu6s7LdEsWMqHkZU4PdX7rxazUlkerAqVdGnOMZAHkB1VmNRdpv+gJdawnMrhhxzlNizxiAvYqcmfui9mAcU6G3EqmBKsH4sa4XuGP49+StoMY5cxpmzxwpXYhAxnk5IqQSfm9xHoNAA==]]></Encrypt>
</xml>


2015-12-08 17:51:05 debug :
------------
String:
account-ticket<xml>
    <AppId><![CDATA[wxe5b18b9bd7e3626b]]></AppId>
    <Encrypt><![CDATA[EsN6YZRiuyp3MwNPeDte1xZh5ui9YgPViPwVZm2b4yd8Z/aLFzAoCwe3iUe94QGNMklI1i+8P2eEe13wQPWAoKkgX3QxokFVl1+12U6f0oRm7gOTjYHd3svJn70TeHenxUV9G6CUI59dh65ujzv1uQjmZE/tenh3yDjV8+yLOF+nXU50V/gc83y2DQE/wITQ4vDPj4m51s+OarDpHvb19p1VVBx2kcdScvZHGpe6iinK8FMXME75A3SnQRrPoQUyXfxXCnP0gnyIEsDQbDhixvX+GeYC7JnMkFTrf+pkBk5Hp4CwBSTYAhNNk6Re1PnU/p3vK+qnW0IQ56LB6ZZEfx9Y9ZjaJ9CHcOsGfrveXfhLhhdxpQUmTAnNnojQ323UkgH+KCyD8zXdLsx6oR230zT5YGvg58PZdyXsQ8Fw9AUHME6KZix2gzrus3flhmy7BgNYYaslVNDWD0XVMWwcTg==]]></Encrypt>
</xml>


2015-12-08 18:01:10 debug :
------------
String:
account-ticket<xml>
    <AppId><![CDATA[wxe5b18b9bd7e3626b]]></AppId>
    <Encrypt><![CDATA[kPjiOTqugAfAK4mpkiw+yq5cBt3VIytv8Xa4IUHYaZ98w//DzI0IniGI/QuwEZEUyDIXX6ur/HNuMwOrN0bgD9olzN/1nNf7genhrP/rOgftLiloXJi+jrQaWeq5KkpAFfPLqEXDG+6AYG2R4JmF/UeplcOGVirGG7hmDJFWtsdZlTrwMy8WLgzrwDRE6xYQvFsgF5GTRmsN6+OwI1BXjpmIVe1EH170uO/C6R2F6TnxwoezPRimROpgzvp2GMef20OJSPdBSA60lH+pneAWXQYq0QarQneoabDqm0SHNKs4vhPQvXyRUBqnBLakwd8rZ/Ax2O+lYgZMDsFznrOw3uQJ8tV5i3wovEIBVZB5pIK9/lWNCP+ZXS81Ni0nyHEuX6ukkHE0mPshyA+Fva0JJAi22wD+BKndrEo4lWM2J0/LKUyEe/cPqPJgYoux0gI5Jsc9P9iHVJ6IjqpQxFqWdw==]]></Encrypt>
</xml>


2015-12-08 18:11:07 debug :
------------
String:
account-ticket<xml>
    <AppId><![CDATA[wxe5b18b9bd7e3626b]]></AppId>
    <Encrypt><![CDATA[QDwaxysf6HxnRtu0cO6UwiBTduEKPm9u1IImxy/XIvFKgjr1gGwusxPO99uj5mC3vOo2xU70kaLQ36VhxZoo1xExoGGkrZZ2Wj3EJfHEttytuYMdF8T7ikBVIP4zHnLoLhtZhpoyuFEJ1/jSgtsZASkdyL77sACCUtmShmzziImFACzkGjITBgJPc623M8p2rCfhDbFw289LyZ/wr+zVyIzNsT2/tI1fTP3l8lS2ifeX0v8QBdF2K+xGI0ZA8UsqdcRIh5CX3dnzMSjWH64JzQYPaCBn1rZ0EdPq5vZ8H8yUXvGqTLFvRnZ15KNfVYe9nSVlBZp9H2iq3oMNK2z6Tj1Iw2ztwhvpOh162A9eYLF0YpWHgQIcoFIgl0NWiK3iPS8qH25koLTGspU7iHZw74cjyWpXvree4nWHUL6FW3mPREWDYAiCfO50s+Q2P3J2z0Jjg3NwdzVgsjWBVuPL5Q==]]></Encrypt>
</xml>


2015-12-08 18:21:06 debug :
------------
String:
account-ticket<xml>
    <AppId><![CDATA[wxe5b18b9bd7e3626b]]></AppId>
    <Encrypt><![CDATA[RmGsYZB4xsbMe1RLUc9F3fbiP6YSlj8OccWhEELi02gpPo9XpLRvviquzenVVkv7/jWpj9d4BF2u/z0rV85NCJoefkiNL3GjFuYQ5K8JtNY2Heez0M8wpeTgL615NK9W3mN05XRXNPiNi9YPF5bkidtdPWIASpl00ZbPPNAlV62Zju8js2/bWt0DAB8MSYElGx9eC3Z12RYzEbe8xvMUNFTU8MfSoQ5jH25lszahwK7l9dl5LWyfr2JS+z1sRYL4R4VR4BZ9fXhDewZvWM3QPEs0sWvCgGQZiq087i/HxSO8NptGWI7LZfvY6HsO29KDJ6LtmAs/hO30LBRCBDC6aflDlYIs2/gQfGxxUbCKWEWYpsMy1Jroe9G6gRkxhLJ1K3WVu56jFESD5ltaCFF5jOKL8LHaDS+tuXSQG3lozSmx9mHtDj3GlkznvlSjeybA43scil1zxoJU1IhmkN7V4g==]]></Encrypt>
</xml>


2015-12-08 18:31:06 debug :
------------
String:
account-ticket<xml>
    <AppId><![CDATA[wxe5b18b9bd7e3626b]]></AppId>
    <Encrypt><![CDATA[H/HyGKDAoeyAZFd7OpvDsQSZWlqpHag40MWh9QPh0hGJOqaN6R2ZUAbMmkdTHdgMeWdXv7OovSjtQ4ODf4fFnu9IuZgLxgxerW/wHul8pJui7xgpgvzhGCdyuGmohUCHsdxqP5y0JNrRg0jX7E9NAVuuVzgcyKJwvwmHKLJYk5P2hm89wzHE6jmPgojYFDkehti62k+k49V4N6N15JACcPxp/21bPwoAZwbKY3QrwHa7rHQwA4yTsgxiZvVVCnC+XdGrz1ZAo+aRisiTTBCzzCQhqgBhR00dw8jt1ks7i5s7O9Y0bMcxj0DKl1V2vXr81kxOcmlq7HfDcJ692Kc5SGKDmczw+JGAjDbtzQk7hJ76YmdhjADVRdKejTU+LCiDzGU3nR1ytlPH3cfjuNcL5gmjRGi4mVlA27kFhgR+vaVUWq2HORvcybifhuwTXPZNyR1keexFPRyR9WQhyXThgw==]]></Encrypt>
</xml>


2015-12-08 18:41:05 debug :
------------
String:
account-ticket<xml>
    <AppId><![CDATA[wxe5b18b9bd7e3626b]]></AppId>
    <Encrypt><![CDATA[F5WlMjieJYIcZkX7OqfHKtTCmAlBj5c+AxxjlvnMpPYpCalBBsBe2wbPQhvkDNPsVdq03BvhwMFGGpQQTUt0JpOjlzxgFLSBsphAQzcIalG49xxa6YSxIFAtCEQL46mKSYOOiy8h87zYR1peL5cZZv10R0EQBu19ETJXVV6Nn/5IPJs8qpfXxZdtz1I2In3J3GWTuGkMsW95aTSkGYlbiUTGYVLfJmWALJMf1v5mNL1CFLfB2+zU3oXT7997YSDDNfc34FapdhSie9svgwZCCaq74/AKa2mq1ZR1jDN6APy4ZuatHqqcJwhkqUMKAYlOwrIUsqk38a3aWN3M9s5fc3Ycwjn3DqenyQCcAiuEnuyJzfZAvS2xLCZsQ8hN5uRJ6NJR4aUni4+fTnH0i0Y4ukLfYide2gKSGbMVsJLXOBxgvaFnAw5zQAle6eXj4keOz0HB5M5lbVJifA1nOpbzsA==]]></Encrypt>
</xml>


2015-12-08 18:51:05 debug :
------------
String:
account-ticket<xml>
    <AppId><![CDATA[wxe5b18b9bd7e3626b]]></AppId>
    <Encrypt><![CDATA[SbX1VTR6P3ud8/MqwtmWb/4q3+oAb810q6Mq4uDAlNoPSoFtVbjn1l15cI0eEp1FixbihDTDkN4yZ8v9EavhXpiIGTgZ/lcwGqy7Adobaf9XJJUHP6HVV/I6JS7pRiGSHVvLH9JSj5UZ8vVDGil/7PYvNZytxmTK+bmSP+YPW/MZjL96YbT+/qkYcmVjqYKaQjnGWGKU3/a952x/Qe/70hEuV1n2C7mnDBwbYcnuKPf2XuRpdzTw7bg3THJK9yxU3NPto41B9GurzO3MYjoUY3iS7YViCPrgk8FqENFuoTJXa/wCahAEX2W1qoQ8MS7TQ5m9Hz/OrF5h4z105ojWvbsihEY6uVPz0251xEedE+jF7u/Aj4/doHXrVT8WQ1JuyeXTMuuW+xOFpv1+KdaRQTerUx6c0hIjgfcsnsiDeNzxwlvJkr6ZUtOR1a3tcUVdZzkuxJrXToaySUGVGpvd0w==]]></Encrypt>
</xml>


2015-12-08 19:01:09 debug :
------------
String:
account-ticket<xml>
    <AppId><![CDATA[wxe5b18b9bd7e3626b]]></AppId>
    <Encrypt><![CDATA[xnKq2/bGrr+b0TOixlPFnDeVRlGuOIttiYQRAbPI/Sg34mJUiw/bbxbyoFc/Hgs0ump+f+9scFW0CKZFMAk6IBszEXcixH/KdD4cMiXHEE5GUMJgZrRlE3uL2+1EKRxh/hFmlP1rs83AVZQYyQ6wMEHqEQKirsFvpTkEvm018uAYzZmJGXMUwizk3S0T2RdUpIP7gDKqJMjSBpPggT+s2FjutBrnGgLyJuXbUQORVggLfIQF6niK2F4dDzNfdf9CMbG8Wg5FO/a0tKxzijOv3fnYqjMCNCCBl/LFII/ABzpm5qiEg/SDY5sL2dI5z/Tg8GgSwAhwgn7/7zus5vMVEPSEhzF+LkaNuiptu+LeXN8v0hl1JpDfsyYFLDbcSOOhQS9yv/NoNX30LLstZK12oF9ir3y+Ss3LTSn7LHJibokg37WdG1DzKKVikH+fjiqZapIF0sB5qYaUcu0AMvjTtA==]]></Encrypt>
</xml>


2015-12-08 19:11:08 debug :
------------
String:
account-ticket<xml>
    <AppId><![CDATA[wxe5b18b9bd7e3626b]]></AppId>
    <Encrypt><![CDATA[6VsOkasQrv9ihTVdG63CwZrjgrHqyZe/i1O08aXMBi7UPHHBSNUK6FbY6JdZON+rFN39vQ6XgOySM1Cx7Mf7ja+EQ8L8Mqk6VYYml97sBB8C2IVfUlaIQTkwBV/d55vpmuPXpALx6kfVtNd85FrBZFcCRfFv1GxOXff1CeBJJZddnSAra0GSruSrTj76RDUxzZYi2zb9lSRGFD2pw0xhAG3Xtj89BMNZlAXzjF0L2KKy1j++CNYsS98VAaP71ocFV9jhJaeL5HxetopGzqPRDoHtTvEhSkd27TqfaZTl7CBlFRMsuW9IbctfcxtrFOgOKW7LfaP8hQan3wFk8mQkA1O+lu8Nh8xcz5OWMUhmqJeYIeZ8ZsXSmzlXaWglNt1FwRI9Cu0g/M8awcZP8Jh/3GFhh21G16AIGeKBUzNjJV2e9mjVzd2nWFgAcnm1sHKcsT4zYQbTQpbT83gxovQikw==]]></Encrypt>
</xml>


2015-12-08 19:21:05 debug :
------------
String:
account-ticket<xml>
    <AppId><![CDATA[wxe5b18b9bd7e3626b]]></AppId>
    <Encrypt><![CDATA[vLFzrG0PutknYACg8e/bBqYeZ83NfQ7ipyY63nfWFCWvOdYmDP8gqM7wJRMnAX3F08CncANqzOD6f7E2FjG5PgkQTNUtImHT7JRAFT/eXXxpg3akW0xkS6hK7oYoCFoxxxK/vlVpU5+C2rvhzOQHGGmfAbD3uB58EOs24ypu2IeT/lS7/WrDhVXoP+EOsatwpH3VT+zS9LAwqD2RR9wKtQFPUCm7KlIh87jTh7fYX55xJtXhsZLe2Cc5WSSTvvb2mr95413sBj0nix/GiLtrDhodNw9I21b95BgehHclvMyzCeDRFeWIB1w0MF/fkVb8z3no2E+JP4dsmSzA5jBOpUXPzPhDZMCx5pqTqWMBYJ75yfh0wl1f2KhvCVkyS9KpFsqGDrAoYEPa74tygQosO/sf5k5a4qe9IwicD04FgdlytwFaqjgrLgNuZez2ag3P0DmaBb2bVxTcbsTRxWLvPQ==]]></Encrypt>
</xml>


2015-12-08 19:31:10 debug :
------------
String:
account-ticket<xml>
    <AppId><![CDATA[wxe5b18b9bd7e3626b]]></AppId>
    <Encrypt><![CDATA[FPzKZ6vgEQqEqjB0MFLnpxRcW0lFh4NqL6rUhhBqjLDZk9RVy5Zfds40g77McuChx4NvnBEqCjXeFflEuxbevjwUAaF6tYxK3MKwB4DV4FSGXN/bVzeZTRMyrck7vGC2z6xoTLzbVGPx1yuopqVno2Bb5qIGgHTKrcUaV/tcaOIbDzRwa5tgD9ZV1hgE81sh8Sn8StFXS9RI/Yg3mFJo1D87g99/lHHOLdrKo66o+coFkQkBLjSDzYsMeWPwDs36qWDNvG7A+nJUL/jVWELEb2mWtEIJ0GKdu/F8dmgiPz37Td+Ox+abaTvyniLzt7PkpujRDqqhUTgsew7BeRvtrUYrvCZfHXlej9Q93DNwsX8d4tQUkd16K/zVatyuaD0LIXw8xoDEepWdfql9m8KzcD1YRmq9DnDT0+W8bza2LJ6W7iia40Is50K6C9lHa6PMsQ71xeDlu8hIg0udDenJlw==]]></Encrypt>
</xml>


2015-12-08 19:41:07 debug :
------------
String:
account-ticket<xml>
    <AppId><![CDATA[wxe5b18b9bd7e3626b]]></AppId>
    <Encrypt><![CDATA[kGL4/V2dHEzqE3QMjfqZOqu1WZxzLUnQfY35fnsdLg/IJDlYxtM5kOF4hB126K9wLm98dEcNH0LNXwIsqRXBee8iPzJCwC77QpeMYifJTzeGlEBdUeMm3HvS4J3L0PUbcNEInmpxQ8soEzR0exnce1rQ/Q4Qx7WDeL1cJccLbnvIGfE2M+I/y3ZAVXSxJSL0uceirrZAJSLgWRyTr7cwc4+lkwMb/atgAgrpuwznJ7iJqF+LjKcgAJq5nYzL19xYotZM2b69c3gbMvr0MarxZ1Be0L4hUral+wYAM4LyLbT+Yv/3kCbf2Olnfect0FSNLrJJXsOIfQBeVg55lcwbLFcEt5CGtgMOHdAvNo9n1KPiitjZ5i/PTxNvZ85JVa1LMRMQgog+xw85IVFYWgjLb8sSv9//lhq3ba2AcVDFjhuPivtelgeJOycE1EZsWYpYkc5X8ckoEt7hhe5iKMfiTA==]]></Encrypt>
</xml>


2015-12-08 19:51:05 debug :
------------
String:
account-ticket<xml>
    <AppId><![CDATA[wxe5b18b9bd7e3626b]]></AppId>
    <Encrypt><![CDATA[kwcAmT9pSmex75vGc+yvlF+g1AKiGVJz5uMHWCveJ0E+yqFHSCiyiPZffaHfGAVufhVOh4DiU3xlv9WmBKz4PrToHm20UXPH9gzFNa0J5wVtqq8Vh+HkpaL3WNu6y9+/EkNWQKcOqjaADcWQ/TAX0/gmf/HjhiwHKdYcYzqE4VbWCG+yPJ5DgOopMbdWGKwUWcoVf9TVd+Hqtpemwlo5MY4BaQ2gLtJ9IzJIhEmEaY9kUIDaUuWCsAj6BmVs1QCqIfbMyMH73L2gC7EO9iVFGITFFKArCDrdeOc+OMPCaFrjFNawqO5Dy4vU+quJzOMd4j2sUq660MgLkVA2nNgBKxWU16tSgGUlqu0dbg+weRcg1owGGAa9tVUUEKEGVjYge2uIlgZzQzO3Eb+wl8i829n7J+nJG1WM/wJbUvBez/WOGX8mWiCeYSOSVS4w/V/TsTq5VwEiVT6lxHoaGQ8i2w==]]></Encrypt>
</xml>


2015-12-08 20:01:09 debug :
------------
String:
account-ticket<xml>
    <AppId><![CDATA[wxe5b18b9bd7e3626b]]></AppId>
    <Encrypt><![CDATA[/XzDgrKB6mkaioaBLi8bvdNyEpg4RWf94irezL0MOxKPqRCQKIKETEUqswHqIJuoXFsB8BsChYabBHQjBh+ND9g4ZacQq0nM2ZdkhUfULIqTnOl08tPE04HxvSUYgXpo9CENtIxLG7HLXoapREh381m25zD+xBd9fUv3rZ2J3XLJh1XmM/65ZTAZa+5SsaRt4YvCivEXTUJM+xAiSuuTkJrGF+FqE9FoWRG8F9lxDnTJPbkAXuwifk+Pmal5LNY0f+BCi0zZOAuPNiYgwpBFrKQYXbHrRYjm66AsApOIte7viSmM1TbwWStRYynLu7HVjRjBVdKtFzcnHP6ys+Sy81ZGURZWVTtOMQSb1CM0Pl/GG+hAR52Ywn2SjCsR6zeZ3sqBX7ZX06zVNwbvou5pwg78JtcZ2z09vd5HtSUeSdsLt5LRPReyM0h9R+IljfAz2L40L9OjG72atYZQUBjj+g==]]></Encrypt>
</xml>


2015-12-08 20:11:07 debug :
------------
String:
account-ticket<xml>
    <AppId><![CDATA[wxe5b18b9bd7e3626b]]></AppId>
    <Encrypt><![CDATA[Ncf5GFglzVL2f0YsY7/Tl1rLDLH70DS4Fm0Ugv+KZlGuFnGMMjiyp/2lvp+LliI3TK8zX5Vr2brPNo1PO3eTGuMhWme022sk7oOs9cTGcoRFpSqMkKSyWDxyLbt9BebpnCZ3MSmv/prprw19mNNYmYuNlPzOjkK+ahuXz9fIRfzCLwgQgToMg+thtd5JeszmtouD9BQkOqy7QUO9JIiSAtRcueMdi75TX8heTi0JG4+eIfnlhZ9quA90nNndCWzniUmkTOxOCADOuUzqWqokE6uu4547CnT/dqR74ed+51PTu9Hbfsfx1QyXxkFVjAdBLCRxCoddkuWaZ9pzqEzhPDcCZJbI1WJx0HssckBW75OmbnPY1oZ4tCer9dMpnuIrcbJP3tf+zk3JlNRpOk62YmeFn3lWtb11OYj+eZKYQS3RjarXJamvO9bAL9V8jqup/0XMUJQMjEGmdalIZ8+U9Q==]]></Encrypt>
</xml>


2015-12-08 20:21:07 debug :
------------
String:
account-ticket<xml>
    <AppId><![CDATA[wxe5b18b9bd7e3626b]]></AppId>
    <Encrypt><![CDATA[N8aCgzbmDpiqKFgVAxPiLODIsCd+/gNLeKSE6cn4BhLc7SbSLgEXUAUJNmWodl5tLEznEet03JTdPvbOzp5vk3+5yhXO974fQRmOIey9yBoxgcnbox/4UJV4U7MlB8k8sqO9B5UsR993wHgifka5CwefuwP1YeqpOUC3xxi1VW8prlrAz8+ro9qrOcbq1wwIaBdcpHk0ZOaBRoyrpPkstB4QZauWXZV4DE+ULQL3eBN1hJbZlyeur8Q2aWeeA789q96xA5pR3ffs2bdixliMyWgvrsvq5LQFmYyDfoUN9sjBaUPOtK1vQGwWoY6MCcTDRKIxZv9t4KZzYahJ9EIN1n1Qand114+BZk4bHaQiV8831/t7Jnlwzog8qDuPstqH0QYn6Wlu9WE/NUtxEjRRF3YNQA3ci41uuZYm5zoAZgwrXwM1fTJkEuULBL5v1vEWZ9/fkEfBQgEEWBmik+MYew==]]></Encrypt>
</xml>


2015-12-08 20:31:08 debug :
------------
String:
account-ticket<xml>
    <AppId><![CDATA[wxe5b18b9bd7e3626b]]></AppId>
    <Encrypt><![CDATA[NtUcaeSrPYIss1hgBY6VQt08/dChgVIuSMkWp1J8q3mij8v9qxh1TyUS7De8qTypOkGwrhkDBRaLrsMFbzDUXZv+Dz/CYdHko+mJcSRlEZeQ1xZIheVLhh69tYn5fNJBn9Y+foBdm94FpXJ5DgwBtWcZ/lqIPSjTf2uBOMVaKNhgYHpcfxUrkiklFGVd8PiEt9hUtdzr5Zju22sDTemI5JtlQunftJ6nvQRrAl+wCNAo9MCW1aOJVrCfZPL1Xef7KeVSCmsu9xH3wZjDFdRgv8Zr0MMTTER5fthGnC+2AJBCqqtLuxIii8D5BmLedmugo6cz44R4cH9pqNgVzgg1Cz7Gtt4mCRgq9GtoT27SWtFGSyPPAUYK++QnNMHo/SDlHfvjkjMpnzb/mi9pMXYQdelwX+UI07fvtxAE3NZmxWVF0P//AEz7i3n9icJ3+HHSFpDQks+vTg39yZ1q+Eo/tA==]]></Encrypt>
</xml>


2015-12-08 20:41:06 debug :
------------
String:
account-ticket<xml>
    <AppId><![CDATA[wxe5b18b9bd7e3626b]]></AppId>
    <Encrypt><![CDATA[mqZvZ/c9GKVBjp6tTXpWK1yI3FBseIBhEgp6dE7OJJk5jTaMFiqHFkyofrctSOzjIUHfwhMyhJolN1i1YEPnNQgeuAllHv6pAmijlzJw9O2ZSFIrs26o1naMkJ4vY3RFAUz3KwrSlh0WiGQBPf5CdtiSd/GRE7xxGNNWPrHpk69S9XJEiorXPTN0UtHDtvkrT3DydfXaOrkHxRVjVDFyUbVRT0OOSfzcOoOUZufyO2XpW44ks0Egf7VVHWI+FZWVU0r+tjnNPtjb+RaqqkxDAyyMmhhL3f4I6PtnsoenbWYrBqiejyMG64T3G7dY0xo/sJV4PaeybKVXSPEBcGKMKmaS7RJ6gLaLJWrlMh00It36qYOMQX7q2SVxgC0DTKgvoIq+RuwYK2rDF6dNG2lAVy9lhPWnlcM3Jh8gYo+EQ/pDRSXB5OfNTuzjYnar0drNTy52oOMPvkck+7BmlC2v3g==]]></Encrypt>
</xml>


2015-12-08 20:51:06 debug :
------------
String:
account-ticket<xml>
    <AppId><![CDATA[wxe5b18b9bd7e3626b]]></AppId>
    <Encrypt><![CDATA[SiAK0bn75wOaiZFRk7pij+pHH6n4/owqTqA0kLnKkb42xSFgK8JeI9hyIt0hEfAj+xuqZUaQGvChFateENrPtMFO2VkdhuUqUc3qipStxWbCW3bQcNYZcq/p4PyV0i4HEc0f7oLgSakxr5EXbMdQ7WKgC7susOy31QJp4o4AMaus2uKes8LKGziymLsV0b353DrkUPw2Df2qjj34a4HWy9m5gu/Y4kLq8yWna876cSlDVwzRmL9aQx3yFirO6g4tbs+NeK9nhni4/hsbBrswJ9cuRu+WlR7LgT7B5G3i5w9hOxzOnOQ2SjHT4/I17ziJfQZEuD3SvjPKvPnfJsjjDAQ5H10bLhW6cr/301sbxVOiVYUi6RR3sp8e7RtJ96vo9KBrH3+oIaLqhe3nFm5VF4rUC3a1UwL7VRQ9hxSKZDDTrHxMkH8NYQmC3G7B3jUduo0m+XusIFFGa2arUJlj5Q==]]></Encrypt>
</xml>


2015-12-08 21:01:08 debug :
------------
String:
account-ticket<xml>
    <AppId><![CDATA[wxe5b18b9bd7e3626b]]></AppId>
    <Encrypt><![CDATA[0+AgVTXCwx9vuqJf5wh277qagLpXH1fhtxWMbSDS3j0fUcN2XdV907FsSrAPv/CpAypQuVs8gB8YMYTOuZq+HuOqkeKLnMxRliupqCMltGKRBXrO8XVWgfkrXD6+s5MqANV2xjFzfKTI9pNWIq5z08m2kAnnhviTlODE3S9eb+siU08I1zkAAillbixpJ5HjyD55tjXHMt88JmUExVZTxetmNjtQqHqOdh8yUKbKCmjTvv6VA9AC80RjdKnQK13X3n9FQ/iHXWJ1UGZcW/OAWV28vEz2gc1yIbgPsnGfVgACkogd1fkefvB6dhAezre7HI+hkQRdutkjLxvLMqUkTVWnIoItKEAPzf1Olp6wCBqndwmDUtvkdjFPlvZEuTMn3B6ZXLfeyUJLOwVBrS7EuJZ7FrjyhRrQCjEWzzX5xpuf6TFGME9FV3eWvv1fARwvubysGP27bqqqEhZOgfmL2g==]]></Encrypt>
</xml>


2015-12-08 21:11:09 debug :
------------
String:
account-ticket<xml>
    <AppId><![CDATA[wxe5b18b9bd7e3626b]]></AppId>
    <Encrypt><![CDATA[laL0Cmqii2fLT16v0VrpRS2aUruUjAkTP+Ym5/4hAMh4HCn7hxCFgW9tiMr7PxFd8Cq0jrrb2hdeipZJLZCT2D2dEfWzBqcIg2GFxsIqBIMkxUAurfm1SkiNg/yh48n/3hW/ySnj9zU+5uh4st2M9lQPjmGhCBb5wNPwsNzNqcYXiC7XaqNKTxN3xZWDgVJ3kbWLeD/OZpt1XfzE8aQnC3MABcRU/a4AzXO43Jr29mwGvIE9TNzTX65rbmLG9XZW0Z97R7sAwg7Fr+L21TNMDKg/SCGFjVT/duqhuIOvUFdFKAVDtEYXlKCw58TgNLByeXBkfRMFWli8vSp4Jx29BJseKJ20pm8+0yoIZwUPzJ39voBR8TNOwG9Rdm2xzEeAe+wHuxXH73JZORcOm+yDr984JRpmbvMrDQIw2mkDAsOlcJR2rtSw9xAAIEJCgnCMUuuj9xKygZKCRpxgmr6OIg==]]></Encrypt>
</xml>


2015-12-08 21:11:15 debug :
------------
String:
account-ticket<xml>
    <AppId><![CDATA[wxe5b18b9bd7e3626b]]></AppId>
    <Encrypt><![CDATA[laL0Cmqii2fLT16v0VrpRS2aUruUjAkTP+Ym5/4hAMh4HCn7hxCFgW9tiMr7PxFd8Cq0jrrb2hdeipZJLZCT2D2dEfWzBqcIg2GFxsIqBIMkxUAurfm1SkiNg/yh48n/3hW/ySnj9zU+5uh4st2M9lQPjmGhCBb5wNPwsNzNqcYXiC7XaqNKTxN3xZWDgVJ3kbWLeD/OZpt1XfzE8aQnC3MABcRU/a4AzXO43Jr29mwGvIE9TNzTX65rbmLG9XZW0Z97R7sAwg7Fr+L21TNMDKg/SCGFjVT/duqhuIOvUFdFKAVDtEYXlKCw58TgNLByeXBkfRMFWli8vSp4Jx29BJseKJ20pm8+0yoIZwUPzJ39voBR8TNOwG9Rdm2xzEeAe+wHuxXH73JZORcOm+yDr984JRpmbvMrDQIw2mkDAsOlcJR2rtSw9xAAIEJCgnCMUuuj9xKygZKCRpxgmr6OIg==]]></Encrypt>
</xml>


2015-12-08 21:21:08 debug :
------------
String:
account-ticket<xml>
    <AppId><![CDATA[wxe5b18b9bd7e3626b]]></AppId>
    <Encrypt><![CDATA[OktFPCbZaDiWk+4G+Y52oiBs+N4iuEWVvlma0FEYMq03KTSHhk2ySjE4eD7uOlcLWif4OI3BGQdRnIhYhLBUOARyg/w0/gt2cJeqjJuwiEYLFQ9gfkCPbs4t3Ne0rFeuWKoSvHINZ2VUo2K9fA95KlHMOWCnOpwxcfhBkuo7a2/1KGUlXbwHtgq+LTdWJnbfcrwFqbTQ9nxIzvN6fO/QJnDLRri5vsuXHdiZgfCWR7QsXlhogd+1rih6MfmA6lfXQsQwv6UsUHDBXFUOmh0kwyEVWfBpSEERylRnBZyCiSjJFSOQApkhUq2L5wGppKHSaM7ZgGqSfnZy1z4TinkwTMYVu2pKH2pktPYszck+rR/O8TgkfQ6nMeDl7OgjwAbOSCwIDPcRqB5wCcefzmbDDDepR50SMPIKpird2x1jirg4AfFbq/py0kO3cOkb2rg/qRU79J9mzS0UV0KFgnJzgQ==]]></Encrypt>
</xml>


2015-12-08 21:31:08 debug :
------------
String:
account-ticket<xml>
    <AppId><![CDATA[wxe5b18b9bd7e3626b]]></AppId>
    <Encrypt><![CDATA[DM0GuWHBfvBrnEPl9aQMzUez0Cf2tOh0k64WycACAEN8nqMJ4vH7kmJK0cjfFG37eIBnpHAAE3btDVAA1MQUgKOVa5jaPdr0Kr5zM+ltP9jSn1ElPXpeVK9AYqMyGbsV1BdT3YvEkx7nssw5GEahhDG0hYI99pQQOKC5ewxWvvTU7FoEVBcLcjQ8Sm9/kgRO6vFur5BDsXnTg/mtnqE5/TpNuIpvKvtQ8Ooszkdd+3HKVvGT7DlOEdjn7x0fKj6cV6isWHawDcAjz6e1QF9+9hVJshQy090az2mafbaoIIMEjuHu4OL6iv9vXPYpSUvt+MolsvsyUAjXsy1NKiWFYAc6d8x+nmfoZLhxSzrS+9PKidvFHam/PUNRb/sZ4bXFALHlFF9EjUYSzoOvm3PiSe6sVJq9W4B50J9MoHIhFig3S2kN33KuGsIhXSbATsUXNaaukP+8BXTcBdWqa61KZg==]]></Encrypt>
</xml>


2015-12-08 21:41:07 debug :
------------
String:
account-ticket<xml>
    <AppId><![CDATA[wxe5b18b9bd7e3626b]]></AppId>
    <Encrypt><![CDATA[ssFTfC5aoyuq4BzDIz8FmLWfChTPSNdo/vg9L9/zxsXsoQktAR/9zWDaO00z4/lYtv1PVRat3Ls7iC/OCXUAXGPP1UBalxw3EvHlE20xL+k6sqre87ZQ1ekwTBFdu0D5z23GKyLJfjkcaUfkY6pTMFx68U+yuvWBk0HDCIaKmwXIu6l/gjON1TM6OjVwLI1//OtdKWKMneH2qO5Q7hAubnRI4eyCABqSchhdsSNrPgbv2BUGTEz5xD8MDJzgfcxwbdNjLc4EzIJGOlCXqiQAb9fZq5jPbincFkubuL88La0iVj0ekH7til7plkztiZ4lK1ciPbn0MonxjUzayF8oNAqx+lvJaznWPahwYaFBI8mJafLZxSd7lyIG9hXFKURLA0cD2ARtrGDObUROUwV+CEz/3UUnr1cwXzYyw2SVfk7tzkVyuGTBlcSBQcQK7vQhi/9YSvZw5ynOmxsgrd7gnQ==]]></Encrypt>
</xml>


2015-12-08 21:51:05 debug :
------------
String:
account-ticket<xml>
    <AppId><![CDATA[wxe5b18b9bd7e3626b]]></AppId>
    <Encrypt><![CDATA[/RgHOa25U51VdSY+9KV34mFaFlF1/JY1WfcUTSFJbw3Fku92khVtRWRQ7VF758ggbr8RjI3QFIB9saeByzMBd+Nq4X7gPMBogYvnx9fC0wBs7AVS72mMloHP3RXjb/DGHji3a1rwXM5DHq7+BRnT623U4K7NLJFzrLqa2uRE989pk21UXHEuHNTdClW+/EQo0suAmHC05juZ9hEvEvEsD2WeItAkJd/DkuhbrirNwv3c65YDpBUvXe/2ps0MEbExkyOXA+ymMxN8ed1NwGsCAUqYXO//U/ggeu8Xpo31dqoMUdLDxjmmYglr0mX1fTc42V9k3+va6ZLstvZ+ZB0OJ4NTY4VpzDfbbxgUKJK0YcmHIu/8j7K471yBsj8R5Wf//ouwtBXsqowxHkjMBox/mrlIXF2CH1LR38aWAg4pEsQnDvtfgazlQXdjSpWYrnBPlv9KQ0pC85nE7cDsJEstrA==]]></Encrypt>
</xml>


2015-12-08 22:01:09 debug :
------------
String:
account-ticket<xml>
    <AppId><![CDATA[wxe5b18b9bd7e3626b]]></AppId>
    <Encrypt><![CDATA[X1/TxdcFOTQX/sjN45aB8P9ZB6/48DbSl3NOSidHHIPjvr8ZVzfrNzVhe/7S5O+3Ze1rZW1tPneN6j5E+4mDWKG2H1EZdJYrs7xBa9dGgw47ysHRkN/SNN6eoo9yn91z7EH8ltP8YccV40YfOv3DJ3oLX7Jky8ce4jCQhkQ/DXiCBMXvQnraCccesXjCp8f7aWd8Vltaege713NtoYOYjwXp5J0mbCWdx/3GyCc2I4LN/tY199oBP7I/vBTMy+w9BZLCelCwQtvFVifLBiah1K0oLLfReoT1ASDnBIW+NKY5JQUR6Bo1TjPJk2c4lhrXthHAjoMoQIk+SZzCJx6ZZc4LK7H9oMRC8116EL4Mbs05Er9+2igC7a5EuF8ezhk92Q/Now3XCpjIF9sLYlpsajR47bUNZAkeoEYDw5PB5dZfdgS15zdCIgd8Kix0qwNyyUdYljsJXJhaUP2KpIlgEQ==]]></Encrypt>
</xml>


2015-12-08 22:11:06 debug :
------------
String:
account-ticket<xml>
    <AppId><![CDATA[wxe5b18b9bd7e3626b]]></AppId>
    <Encrypt><![CDATA[qIBK+h2sWrxtatdqjtCFsxrXp2nkJVGirqSjhT4i4ZEk2AGqwqmLS/NhTBUOArAJiDvO2PM0HHI59UdZcizAumxYKtIqA3tedfraPjgNfvCZTgWEWwFrF4GREf0/rkDj9J4AbiwvSxbh8YvvAYXzTsSSucmtrg4WWJ1Sm+ZbbX0vui4zLAPuOCHdSWhNorpxsYGd50sksWjlxCQl0/FDTPHjJpI1NOF4KyqvCu0U0J1Agj3te5CDrS308KPo7cL+9MbO3xnx3EiDtCqbVC3rvYuoir4uZa1hKHQEZzSRqDIvARvQ9xDNInsvi/lALW0kqj7zkGC7BnS3dB9dGbhZNlolh2hflZ0RXoW6WNtLrv6ANHf5PYUqdG4SeTDvpaanl3PxToshN1yYhzNnRicXqGiDvgK113gPh7IIGGPHjr5FASy9uBNYIldfE9sv9dZfjH3Aj1GeXevDUZAZ2ZC32g==]]></Encrypt>
</xml>


2015-12-08 22:15:54 trace :
------------
Array:
from : oNKkBwXz1p560ApqIjmwIRkDIWGM ;
to : gh_19c5308f0d46 ;
time : 1449584156 ;
type : event ;
event : subscribe ;
tousername : gh_19c5308f0d46 ;
fromusername : oNKkBwXz1p560ApqIjmwIRkDIWGM ;
createtime : 1449584156 ;
msgtype : event ;
eventkey :  ;

2015-12-08 22:15:54 trace :
------------
Array:
from : oNKkBwfk-kKlH6TztFq65fFBb5po ;
to : gh_19c5308f0d46 ;
time : 1449584156 ;
type : event ;
event : subscribe ;
tousername : gh_19c5308f0d46 ;
fromusername : oNKkBwfk-kKlH6TztFq65fFBb5po ;
createtime : 1449584156 ;
msgtype : event ;
eventkey :  ;

2015-12-08 22:15:54 params :
------------
Array:
message : Array ;
module : basic ;
rule : 40 ;
priority : 0 ;
keyword : Array ;

2015-12-08 22:15:54 response :
------------
Array:
FromUserName : gh_19c5308f0d46 ;
ToUserName : oNKkBwXz1p560ApqIjmwIRkDIWGM ;
MsgType : text ;
Content : 亲，感谢你关注我们！请问有什么可以帮助到你的呢？/::) ;

2015-12-08 22:15:54 params :
------------
Array:
message : Array ;
module : basic ;
rule : 40 ;
priority : 0 ;
keyword : Array ;

2015-12-08 22:15:54 response :
------------
Array:
FromUserName : gh_19c5308f0d46 ;
ToUserName : oNKkBwfk-kKlH6TztFq65fFBb5po ;
MsgType : text ;
Content : 亲，感谢你关注我们！请问有什么可以帮助到你的呢？/::) ;

2015-12-08 22:21:05 debug :
------------
String:
account-ticket<xml>
    <AppId><![CDATA[wxe5b18b9bd7e3626b]]></AppId>
    <Encrypt><![CDATA[iZgyR1n5q13KGYOK0ToGrrJ3nTC1X/vw24vBnaAD8aXXSAVPR21szr2akS07UsYxczP1RzDNTb09cun+fsi0gw122eLmwPvu5T6RDTFTQTD86/ZL0HdsEIsCJLhAHOaWE6yU/ofD1NvECz+9qZpcRYZcKLhJuFeFAeV2kQJTg/HEjstzTmumIR484XCSRognZv274xspcOOOpiicFmp3duhiI17geRBN7zrSHooUn+qn5s/y28Nh0WtGmRRBL/rqOh7xdgaAVIFUsLPHKxkRvPsqYbR2LSoZUEAEWMq7xen+2Z1X20ZxAG3JUJgmHv8UxhJJdVEqsMY1kuVAyaDHiSzwVDMogSjDtFezsfeMEMGYs9qDtO7sEAH5vvDLC3ekxuQz1nO9zD04e06RfBhUFCj5bxRJIzpk/ficw4bYk0+yjx76XrumIEbxIL0W4GC90vsyXlUe7U+xAkei5AjBsg==]]></Encrypt>
</xml>


2015-12-08 22:31:05 debug :
------------
String:
account-ticket<xml>
    <AppId><![CDATA[wxe5b18b9bd7e3626b]]></AppId>
    <Encrypt><![CDATA[9V3sIHhcoVRbAh2Lx8Iz9K3llbCWB7eBzHYo6+yT7FJ0MX0/UtRYyUFUsuYF27RDXCRcIhBkH+DpDvAH77ihmsHHWaLThB/bWoS9HMldaKhcCPdk1rNx1XaFCsb2wBmKL2CvpF9GuOkEsNMF7ZHlnR52k6EnH19khGCDpuRLajXlW3RSffdmzTDtMAuQms7LDtAk++euUJdEVpqVYlp31AweRmxmuVyOwLrI9iiii9V+Lo3VnKzYx3bxQIy+ucDh1kjLuLaCS8SMe6YaXN2qy1SLj2/0i4pDjgU8Wd3ofsHwCDPPOmSUtHDucn1uZgX9MUrLO/LC6H7u3mUi0PWne7VIfma4SWjviovOgKqgqt7CaOJVj7O4T2nH83uutEqab8qzMft5sM8B4BHY+Z5CHR29TqJQh3C/U/UwG9GKfllOvSMjZVX3wdRA8mDb3AxqU2k8zZPzNnoEQMFB3/7WtQ==]]></Encrypt>
</xml>


2015-12-08 22:51:09 debug :
------------
String:
account-ticket<xml>
    <AppId><![CDATA[wxe5b18b9bd7e3626b]]></AppId>
    <Encrypt><![CDATA[QozsGb2b1QDzteEziFhFbGHIYVGTy7dEumJaBDpHvOSDUyYmgPe3Mm7IXkQ2elcBHaGxOHIJD07XVgsyUFU1dGvl65X33DnI7FS4AK/mdUNCw5Tf5Y+vWoLdh+3dlPxHGF+paPkeJpunaw9QBRnz5z5IY0f3tlNFUjZaRVze+Skvwah8WOE9iDSs994wYFI0yE3z+b2fCpM+XSRLTkvpChVlhn6nzRcM7diLUYdMG+K151HwHHYx9472KsZQx+cxq8QVG1inJDXNznC7H/SiejEU8ZNpAcaD+OhrUSe7IalL04Xo52oYgf6dvtgp4PzVQMT7O7ogYkmOIVq60DjAXqSA2sI01PAAAontDhK6Lo/vscw+qZhvBW2D9ql+UBnvZsZ1DJE/knqoG2ICkCRONGsSmodBJdqHE0mQ280fHoP3yeYS4vJpg631OqgHNA6ycOgj3uUDuCUzW9zCAUVLWA==]]></Encrypt>
</xml>


2015-12-08 23:11:01 debug :
------------
String:
account-ticket<xml>
    <AppId><![CDATA[wxe5b18b9bd7e3626b]]></AppId>
    <Encrypt><![CDATA[AlPLoPUrEM0CgsNEQiot4bhMHcuJFLXPWGMlZAwvfRPdsPZRefZikM9yF14XRHMIppIi2zq8ZZZf5sROIRqa/3fq1Iaw++bbmgZSpDPbgNSOfl4jRy67HGV8UIASVn2gcRJbD/68jxNbhdp5qAkTghqxx166GA8Mh5PURFNrJdkGethW1YuHQLFOzmCOqWvUCUxe7D+kGUcYYzmNWHiHxpp3vGzVLoNoHJXOu4Zf35UunZXcpZ/YsLkhrLAEA0/jHHO9fbBaS7OfwaooMizh4ARX4KLSr5dIuh4/dGGoaZybaoOEYX1zeJ48LYWNwd5ALvo0be3b4XXN50/gnL/MO5Ps7bVs+xmXMmZVctyLqx42+sk/mctDQ4eUmWKkXN1QK0r27Z6EiEAEkcTKkrIBchHnQdgxSHS7Boe/TulFcNDQ87uDGACBglX8cGGRTfG92hA7I4UFWarUKD0gsasD+g==]]></Encrypt>
</xml>


2015-12-08 23:21:02 debug :
------------
String:
account-ticket<xml>
    <AppId><![CDATA[wxe5b18b9bd7e3626b]]></AppId>
    <Encrypt><![CDATA[68yPqcZ4yqlFivWVpJPDP2rUX2pvuYytuHIEV5rC0U2+E8R05k8tFXpDXNd8SmRTtpjCJyzzQuGQN/EMqvoexquTCocDBJdMBaRk5/KKII+QhNwwt3XlNqz8SlaMCYqLPR9KLvtx+x8/IwLPAEUjs68G+h+kOV5TVfucOXtW5W5E0hemwYU6JeB1qY2Fz37HUABn3lh/XOIeaTRLEKD3En+5qymKCObgl4lJd3/XGFCBgZLD84k9glPmohTN/QQSClM64Aongjqk2t6c6h+R1okFn0iVpD7xQni8cY3yk7P0816s8w9VVb3AIo7AuhrHIVqZOXK68Rn0Arc3YeXuluhmi4EUvRcM/wZrOMgc1eaf39J82JJeEr9MxvHAQdlLE9+zIJrOUDXIlacF2onPZr92M+RJy5am7BZRnn0DbfDkRvRtKrrHNSnhZwWdgoiEis4jxXwva+2X3D7wBn/XEg==]]></Encrypt>
</xml>


2015-12-08 23:31:00 debug :
------------
String:
account-ticket<xml>
    <AppId><![CDATA[wxe5b18b9bd7e3626b]]></AppId>
    <Encrypt><![CDATA[NDmyreYVBnkQKtK+Mem2gTOk4nQoiSzxUh53XE24OpPefWVUuePwXjWGvEJou96xqjuLTQosghuTsnqxQxUpPV1YREZMTmSbOgZnUjPRVpzZJT3rkmOnxDEzpkQnBEOn8j0Pmj9l6bQ0p/2YfbEcnmOKGmaFaBQ570G+2qlmMVuIoN/z8Wzf2Qp5ItL3nQsyt52pMLqFrHpKKylBo+f6s8NrFpws30W6ljVhi2p3dSFHOBFFKDqdBJZ/X6x3xvOthPPu57D6TzR6iRXjkqWVAFN2wcMIbSznCUqqJZ8ijRzXABcyX52CQyxyta41lKWaGIed8uNC8TPX7uVSfK7Eiwkuk80OJRW3XXqT0zpXyws/g9iek0Qjxigsj56kEA3PbD4hqYkqT9M1YY6BVMJFjCM19XOpztNitkIuEVY7ruWqezN8BXZ93d/ACBxffmS5NMSLfZOSZNlrv1+IvQt7Kw==]]></Encrypt>
</xml>


2015-12-08 23:40:59 debug :
------------
String:
account-ticket<xml>
    <AppId><![CDATA[wxe5b18b9bd7e3626b]]></AppId>
    <Encrypt><![CDATA[NOYIuzqobh0wLaN1QzOVfCH0T/gGHNSqMfYaC+Ho7fNhgjX1hLa8aNirTCbtJhuNTRAEQ6dHiGl/gwXucyvDTWq5/NaMxicH3NXwBEqx0R0lGm239bFZNIiJsotKDeOBTtFtBGRsb5HcxqODhdku8jWApw614AGxY/c6kLpKCJaXtJlRwzJ8y9GnpO5fIWP3DJv3eS5PMe/cyqJKYy3xNYHReQCllaNzCDrbO4X3wwdZbtgNT6V1EFh8Gt2Wc+OtBLXQtXqYLwzbfNRVKYDPUMlPFgbIPflPlP5CYM0JyiHDZe1WhweP1/Ktddlv54B40223KiZAaHlbWBtRHz2InAyiKlenzObEhibWrbLt4Cur8CIuftrz76T56fduPZyeSAzWFGtxySNeaEFUn+6KGby/xk5B9CrhHZB3R21X61H1MpdDhjq0c5zQ33CzmX13aJ7uKB0R63FWVMIjRPj2SQ==]]></Encrypt>
</xml>


2015-12-08 23:51:02 debug :
------------
String:
account-ticket<xml>
    <AppId><![CDATA[wxe5b18b9bd7e3626b]]></AppId>
    <Encrypt><![CDATA[bqVS+K+4RAxDj/OozUaTOt2FtEGuJeub31wV1YIjKk0C1dpfC/oZbujFTxQb2bHe8TOpqbzkV7HHgMdO2peqd8AKUlEK+W55mJyN/B8UCgMKv0A48iViYVQt0DS5M9ide4SJ2i+6llrVARmf159vNMGkDhRXHfE2U3il1raie4kSj7NHCVS3zwXrqyT8NzH9IcGYE7PO7prjgkw6yYaRM72ZY7FBfuqIerF77GCSvtRThFRK7NDM6o8agOTZQHBWiTV7sPWJejWGqTJiEydLt3pOaA7qUcvHtbVl2m1XLL9vw6ep7AeRaEPrpEGeXAWUK74XavhfC1Oak5CRXYTpi2UXkBOGA38MhhPNYRjdYWS73RcUFhlcxUeVG9LFSQmY9+IXb2VA88Dp7N2wu4mG0b90/6cjnrZAOJQbER+int7v/MOvmbZyd0+ry0idNGA65Ba1VKKHVUQsO7YysVLTmQ==]]></Encrypt>
</xml>


