2015-10-10 20:50:41 trace :
------------
Array:
from : ohwsCt7o4YXQBMQbtyBFukkrmfVc ;
to : gh_3d8df4f58672 ;
time : 1444481441 ;
type : text ;
event :  ;
tousername : gh_3d8df4f58672 ;
fromusername : ohwsCt7o4YXQBMQbtyBFukkrmfVc ;
createtime : 1444481441 ;
msgtype : text ;
content : 兔兔 ;
msgid : 6204000548993669166 ;
redirection :  ;
source :  ;

2015-10-10 20:50:41 params :
------------
Array:
message : Array ;
module : news ;
rule : 9 ;
priority : 0 ;
keyword : Array ;

2015-10-10 20:50:41 response :
------------
Array:
FromUserName : gh_3d8df4f58672 ;
ToUserName : ohwsCt7o4YXQBMQbtyBFukkrmfVc ;
MsgType : news ;
ArticleCount : 1 ;
Articles : Array ;

