2015-11-13 00:11:02 debug :
------------
String:
account-ticket<xml>
    <AppId><![CDATA[wxe5b18b9bd7e3626b]]></AppId>
    <Encrypt><![CDATA[oHLsgEEAzJIbMjHrlLPcvtp4GN87b0KX3hBFfWe4WKEH9YErXTSvplXKwn+2ZLYR7ZfWXnFR0e/UuA6Tuab16ag2ke9P9kGj7ktLSwRA9BRJMx+Y2MRzIiih6DkHuK5mfwW0fYFboh/AekHPBbRSzlE2ySlvInZujMnO0OyHblqNBB6iilrIn2X1exe6f2KE3pIYLT3u8gEOGcclZvIEbCG05luxFCxkSaKmUWCgmXEta1fg7PKCitMSZ8LTJoC1XMHMIIILzmx0RM21SlwoVyMgrp09MTTGk6FgpRqdrOC/KJL5qUhThupz12n4kVbW37st5dwnvo+X/OE3H5kdcs3nPtzydwLOpauOMvsoKRyc7uf32ghzdpTwq+znqLP7LmNLjw4iccxpgdun5h+U7sbJO43hrgQRMQHzVTrh3QCP24+HDBxjx9IwVrjY/0+9GSKcPXWfbwsRO6MvFx7xMg==]]></Encrypt>
</xml>


2015-11-13 00:21:01 debug :
------------
String:
account-ticket<xml>
    <AppId><![CDATA[wxe5b18b9bd7e3626b]]></AppId>
    <Encrypt><![CDATA[bcNtPF0dKcuxN3U/rl84zKuSwPo0+/ssQjiG1jeDYCLnoc+mJFkW1y/tc7xb0ViNNYg6B++cE9Vlnd9xnHChviZp7R2y2TMkJxXaS82yXoAlFrvLXz9VTb5ZS5BLToBoxPA2MdEmOVHomKESMW0rBPzbi7ZFD7bFQUwiK4LQXgW0SMlHG0ClZkp0iQhf6LLb5LDaRC3ywo7G16aHTTuXTuuF8qh2maLPGse75GCaqSIoqn2DP7FjF4Qj/a2v+FRWuyVM7X27/Ya0XnpKacGbR60Xdv5C79TTM1x27JraeG2hYskQwxFI3DYLOUraU96ymY2LsHmlAOpBPs1Lg7zZXuivv2yDpncDnfDaXBuu2+iPqxETQRx6AYpUlEMK896APQIkqPsfwP78jJPUKSy1Pvns7hwtfov6utFOQGX/kyD3dpCddvf03NggsJu3lqDWj4aC8LQ102NDa7iEpxRP+A==]]></Encrypt>
</xml>


2015-11-13 01:01:02 debug :
------------
String:
account-ticket<xml>
    <AppId><![CDATA[wxe5b18b9bd7e3626b]]></AppId>
    <Encrypt><![CDATA[YrWPCfudGzApCMhCL4CC2TSFk67DxxNt6YqSTRJQFblVXVaYJFg4N6SPqiJVQcZYC53kMjteyv8+SUwujA0DLLKbZeuYZasEYnaNz49jDARBC2Lj0sw/p5qP3UfPH5xsTL2OOd6988xXgk0KEZE8j6VrAmSC99HTgtv7OEQTbPAiXl6k5jsfGvvQz0n2RdSwC5iAwQXwb3mSVXLalqMzR8VPe+kfsTu/FIknpPx2PrhYxIe+7ApvDSWTcv+QIIbKnFIc8snmN0W7bdPvOhsPLOdtwKvlJ6mPZwc/i18WEm5zSLMkFwHM7mdHpOqOvL5u7EzF0bkwwg1A5It02TfJljNIO9n8rj6nCg5hxavOsxUldyPVsyGVy9bsjPEKoVgjobyWqkZhOGmXEfqbnUKAviUCnGr8OkV+afTAHrO/m6SEzLJc9HV0rXmFQMYLvpdzJ/cfq1Dk/PdyWVASqqhjYQ==]]></Encrypt>
</xml>


2015-11-13 01:41:01 debug :
------------
String:
account-ticket<xml>
    <AppId><![CDATA[wxe5b18b9bd7e3626b]]></AppId>
    <Encrypt><![CDATA[LuHqBg2iLvO5IOOSfcxDls42Cr1hLiAky5sFgzEsbEPVYSvTRfhL+5yxQQjWuY9qyiSybs4lVZTTSoNYUCqq9YuAU6QBbjm4EZxgWu+MRcWuta0wd77wCVjz5GbpVl+k11CwTKEsJqz9txnUgcFmxCyWRFpXg3sT5VGA057FCa7v7XCbajSm67VKRIgB1ewJvCbo822sGU2y6jDEUnvIFPRHbpe5ddJbwLcNYYJOGVZ05Sd5tiG9ZLMcOy2evmU/9JArlvTUsVtivzzFDtMRnlpd811ES0BVoUf2pI7/nZszE/OeTFWPCmT2hxpvDRCPCtpnnvHbXD6nBYlrglleHCxqblwRUDf3q7lIynLYQ0SHkpCbFLkYAlIT25nOdsc6jvK5yUPGCJbUanO2lO3jRwftmqu5BQSTHEENRThJMUEfdYpYO62agt/aPCOREsr6fLu6WYT1NjSfqtvpZNYyJw==]]></Encrypt>
</xml>


2015-11-13 02:00:57 debug :
------------
String:
account-ticket<xml>
    <AppId><![CDATA[wxe5b18b9bd7e3626b]]></AppId>
    <Encrypt><![CDATA[x3x6dNPGyAZ4K+TQAx/95euU/Jhw21b0rxNq34JUJUQFJjEFO1ClhydrxZc778r5M1S6m15gv3TpQHPMWr3diUCRCuLuFm++cF8ZxpeXIDn8UJ11Rt+MKQi4TJLd+j4pAcgiiATcUezGZNV+52AW7h3EI53llAsy8umV6/oxP8CbNbMtsNgKWiRXZacw879JZH6MV0wLCGvk00UZL4ZcunDVI3NIMzTewodGL8lMKKfR9e3SVrX85gpEMEOE6+G4OYntXEtGGZrJnWqLsTfxlLTgPb1/YCP17i30dFAujeaPAWZFb1X6I1T9F4PcTxLxHhOlpB5pvIR7IAqSlCntSecAx5FRCOeT+BdvjOVwBweh1/rTh/rzuTse2AoTyIkUDNZlt+wrwWynsGgP4TJmIKTtDVZhLjXJiRL4hB0m0OwRO9cMPlc0iA4Fs/VywfDblSE0aXo+FMWMpEE8SpnTtA==]]></Encrypt>
</xml>


2015-11-13 02:31:02 debug :
------------
String:
account-ticket<xml>
    <AppId><![CDATA[wxe5b18b9bd7e3626b]]></AppId>
    <Encrypt><![CDATA[NVbwXTFUa4GAu4bQRZwmsBpDlgoTQPcB8JNLLOhRADErcFLqK7wgPOsuMs8oLKfAL1QDqJ2y61G2Gxpx5Swhk9G9vKwnePK+L+PnMDinAaoOdjx2iMsYyljy/Eiun0hB+eL9RaaFGTxJJzXhBaomkz7dvKrW6M0wlH3ShXleB/oLxQM0dUus5oV5OKQDsoZwmnKo2RK+Q1/jB6rrcJ2TiFo/p8IWy1sPFa3FotE0zu6+1iDVArLLC0UU8Qy8BDo9vRYCcoiZZSOG3xNJS96JhJOF7FZbDCGWNLCJQhlFzuKjeM1qP1tSX/kuuzCShsnuFz5e0x9ZQqTVQz3fNDFE/vlEB7YIkDW7s7sahW8WqAxQLYzTKDrXot1rMocARAfId1o3WC+aGsl9uZAngjeEbKim/qfN+OZjQCaP5iuGxq8e0pSOF8ULm9kLnduuJ5iAbOw5kaxAoCkA3q+fnZLXrA==]]></Encrypt>
</xml>


2015-11-13 02:41:01 debug :
------------
String:
account-ticket<xml>
    <AppId><![CDATA[wxe5b18b9bd7e3626b]]></AppId>
    <Encrypt><![CDATA[9ftF86HiucMHoWrGOi3xnX6/xhc7TeMjYcS0Kj4+a+ANuUAtdz7ggYY1K7ZqwqT2K6LMV0Pv2HH4ETbawp5xWc4dLJQ0TWiYOxAaWKKck6lzR2WwqQdPlJ9A7xzZ9IdP2e9eSbKgVpI5dV9DQSzu9VBoGo30hGbwf6tXw1w/5h5qPshfOLzXpeoxajonb7MQCfmrTQdGakt48/95ZH4H1/Rl8dJAvFTNBVMxx7n7GShYdm9qjLgn1LXMi7jlbKr5EfpWEn6mDcbrtyH7tTUjVuLXls5pVxOX0v+pmxNfmY8RQBvugVtcK5po8/SnZOo1TMU8/ddtM/Oz9yT/okNbm6N7HU4ex+qwFFAp/Qa2TMy9LK9CGvEERckH/wrO79LAZQ2kbkkAl6ejL2K8s3kYs3fRrzpgBQam/4sGVAzJjjvmky2Rz++IBAXuJbRYUz6Crch2byIq/I1oCZaExjwh5w==]]></Encrypt>
</xml>


2015-11-13 02:51:00 debug :
------------
String:
account-ticket<xml>
    <AppId><![CDATA[wxe5b18b9bd7e3626b]]></AppId>
    <Encrypt><![CDATA[eF17Z67yyt0OGItUoPLKL73K/bGXoI2NGe1DYizKUaVUAeIetdW6fIFQAv9fwu2F+Xw5qm7cue5yORVU+qiMhx3R5eJa+FBvRgpfZmAHk7dvOzkj7NNwlBjH9PJ26pqLTvhv2iuZXNSARfcGZRBJ5S5KZZyQahiY8RZx7vDhf27KkU1+N1x3DLUmGs0gPSR9DVnDU3nqY23kgg2orG+17ckIIIH/sWcst+y92HUPx+tt50mxN2ieyYyCjpS+b/x1Puc7gK8hp0aD9wPDeGcTQdvGeSZL71rdHLn6rKHF8PFyY1a1rQdDxfXM6DaaA8Ii77cIhIij7M/F4+Ua4rSKQVzBf52lBpcCIt2iYjw4KFF0JF9bKVESdR53at5CzXFi/bd+Hm45pkPGrKPQFsRF+9LofxQkoxpBBWcrIRQBzA+bzOO4L9fxOpfntxJJziq8lpFJCHfEcs8Q4EIj+cuhKA==]]></Encrypt>
</xml>


2015-11-13 03:00:58 debug :
------------
String:
account-ticket<xml>
    <AppId><![CDATA[wxe5b18b9bd7e3626b]]></AppId>
    <Encrypt><![CDATA[F/AeT2WSGPAB103/Hohck7IeSexnuPgbV1faAuiWUpZ0mhsAhNGYFywfxwl/gt7uJ/mnVcSGCDo/pSXgZC3lZwdIR6A/BIdm9w76Gnpgf/GwjA/6iYyOuzh0IkyFEBRI20zOsxuY3ZjY6agOvFDSfakvLVuc2DX8VVP1cSR0epVQVT+jEtCiyxGrmVETP96ivUruL1j0LOx9i+AmKgfc9e3PdR/DYBeXCunkReZfJnZn1ryLirSK6ULkAXJQWXonQuVSl34t0V+O3OZGRvNcmMVRgTQqIhbdE5JDIP36Cq9jvbXD8IxlY9Bf5PzGW4Z9oznQz8TueTifOOeH5Ukh1buFajLeW3M6CRY/dCsJJOUKyMQ7nJet8jPt42OmYSum3IfjEgkNGbuI5Ra7X2NEY39XQsvLmsHPFs+uYF2dgRip0SaxfsczFM7Xr3d0rRtUAg/gdI6DYiDZblqTLz2LLQ==]]></Encrypt>
</xml>


2015-11-13 03:41:00 debug :
------------
String:
account-ticket<xml>
    <AppId><![CDATA[wxe5b18b9bd7e3626b]]></AppId>
    <Encrypt><![CDATA[+VeD1Vgy6mgFSUcm9aJxiQJ1Oq+z8EPdbJ1SAPClldR3BP/R5QtdqYqmJExC5jpZxNaeqvY/I8fz2663kFYFgS2MCdk9bxXFkjfYy1Vy6hhX0EOoT9DlHuMPf2+xITLTY5nrSdpbPOciLFhbUEXYMbzOgf1HxXMbrOg+PfTvJCsisxGKHokbj7TQN7eEJBJ+utX4aKmB4GUybqoEb2ztpmPYqC0XgILKGrtdSoo8ONN+xtrAsMJHBjkfHB3mlktlH2krXsNnrGDyqw1IcellFi6K9iD+xgXkYRORVpyZ8Rk7SOKra5PgDOiOGFcTPPeb2by9UdLu9xCbbWVzCp5kh+spAFe7A5pTAxHR3PcptJrvG+KZn7LhpI4K4I5NpmExT8T5bwjXFbAyRanuQilXs0QmiwbkDg/TVrvDbOIxU5P9U440AMaNP0sURBOeN5qC6qcHPyOoc+bheuJgBkXk0Q==]]></Encrypt>
</xml>


2015-11-13 04:00:59 debug :
------------
String:
account-ticket<xml>
    <AppId><![CDATA[wxe5b18b9bd7e3626b]]></AppId>
    <Encrypt><![CDATA[o/nbsxlJDOyYwH5u5gpNUxDgJCNwgPUOMPqv9E/1/4yyWWf0Oi+S7dOh2q6GrHvTXk3IyGQJCrO+Oxtd7Yl/tFd0OLYnAx6z8aTI07zPYOl0GJgWQftu3Kzte+vy/usnP48pTuCOY+RIY+44gmqVj8xWye1dj+Jfm6YvChwmStWbfa8T2y9Y+N81EObxzLvJG1kE9k3u4g6kW6TpfEP/6fmIRrRU0V38Ayh7Tdz2fiI0YpBxn9z7AvQSbqzbnPV7VB58/lC1djWhNEiCIMn5GkgUOc+seltddD2nWEOwSa8KK0uG786YPqG5Udli+ofzTQHHGnNi/0Iqyh1LR1ChYqLp2QDPS9+jbDYbGXE6NYpxYiVDFaOFC0v083SvZjItCv6P2yr/WafH2G5zVYW8sh4QIIviHVPy7QoBy1SXfEC5SXsm9AtGLGjReoTXWqNoEQSxJ/oXFkhnGRu9/pgHdg==]]></Encrypt>
</xml>


2015-11-13 04:20:56 debug :
------------
String:
account-ticket<xml>
    <AppId><![CDATA[wxe5b18b9bd7e3626b]]></AppId>
    <Encrypt><![CDATA[bvyC5+MEXysoUzNZh6Kein0mTIYssv/mZkDmerzlB3s6NOwKAiXjnp/LqWyHfNwXQD7oUSe4gKECZKWtht7SknaeSvmafKQT2/A/x8AhKb0k8ZG8hN+xaAHn1qcvg4pbhhiiZl0omN/E9w8BzovxsqGfpwNRUF4aJtdqYqjGgrwPZT1qHidGvF8KfO3MnTWqPaGC19ptWGJiWfyzOyxFclco9fB17V0D2YLKNfapUQlUVPMgSWNLcnmXAUbZMPyi2A/xsYADlXD6UcxpiJRsA881hLKZyq0N9BfZeOy59OysnKHpqUvUsWCHXKJNJygjUBhXK1ESa4TQI5kHAi0ydAXnRXYYDEdJViQPvY0cZdqKDfOTcxFmyjm3WgBkJXYGxA67tnl/f5jGt5/g38vgpFO825FIov9dPABahPs2pH0wjtwy7Y/Lble9gP1RhMHTBVgKwFu+7s/vBeFkhubWAg==]]></Encrypt>
</xml>


2015-11-13 05:10:57 debug :
------------
String:
account-ticket<xml>
    <AppId><![CDATA[wxe5b18b9bd7e3626b]]></AppId>
    <Encrypt><![CDATA[kM+pcIA99SQhNUXAPg7hbV8x8otRsRUI1AcH7YVtwfK/UH2LvrDLt550Qbt6vC7cTxZVZO0YSAmZ05phryMIr6O5nOddi2oEaTC5HVK15u2yJAFa1CWsH46nnEb5SYiaRd40piHR0Mm8DYAjUgDkAi32N+49L2xnuJ6mlpOSiFFc0M3pAQGvNoSa9fgKEmYvuTk68CVkmDwM5clAQ5jEIqWpOFcjmgwplIIySE6mF+k9njkzbPdNkCXg6VrWqIMrPEyCuGFGUatqGtIEMiOSSJOEiRKV3RTr5dRWbCL8WgLW7RRcEnW1UwNiy1DMQaADBgDD536ZOvS7TXOFo7sQbYmpthtkCbUX05JMNJz97yxH+unJ8ZSpPBfrl2oHJZTduYFJihcNmFIf0tjV6KkrXZgK7+xa5vWLUHPIydKkqPxL+cDBMy5XbPpwpF9NLEFNEK/j9N9FgDyO64cy/M5YVg==]]></Encrypt>
</xml>


2015-11-13 05:20:56 debug :
------------
String:
account-ticket<xml>
    <AppId><![CDATA[wxe5b18b9bd7e3626b]]></AppId>
    <Encrypt><![CDATA[/dn64gSuSmuMnYf9tkEH3DMF4JILiBrPdd4tj/1gzssjf4LnKCO/JEeXKdzqB8VchgLbYUdhYpWvtD7lyuWbxW4/rUZrBYxh/BBbV4lAMFYgBBGnZcsaoqLI+bD6271L+zTrPCM6Pa0SRn/N1fFFbmRNX+uhGxgN2GLU7ik/I5+8E4UTKGhsyVaiSRZqgcO3cSXRDOY31LoommwrYp51whE22weLKzNlDiLKUn6WSkuv5Ez9fFEvd35W9KtRVgZHY1Ffl0O9q8s1ZX1EZYUEU1c2hv8H3f75B18oMY/OmyL5Gh3M9oxqTgDD9eviCZ8+4Ga+eyAdSFvbZ4HjCiPRi0TTA3Mkv1plIToFniIfMQEnnmSJI9AKqs1mFYiSt+0FPGjdbiwqxmaXlmTs9Y0TmJS7TBYKm9fJVq05XflzBo4T/ADvnECaMIGm8d3yv6j+8ng9UQTrwKUzuKv4q964Pw==]]></Encrypt>
</xml>


2015-11-13 05:40:55 debug :
------------
String:
account-ticket<xml>
    <AppId><![CDATA[wxe5b18b9bd7e3626b]]></AppId>
    <Encrypt><![CDATA[lPC3P+12XLwsXTdw//SdJEJE3Xl/T2/A4Q6kJStYqXaJ7DPpk6ULhhXQgo1qxXsKvCAQJ3K5U8p10g7GLvf8O9mC/D/bl9lwjojSEZwEOhYeYTgtSnda4e7gEvCIEqjP/R0uQ+BJCw1ZNS7Rb7TX37RKl0TkcPDcAmwqYDQ2lJqBmGMSJsWrHj3XUBacs6gSRwq8mbOBFJUmL7pdYDouwkkxXvHKCi+QAgHMS9zI7c2KN5YjEOVuEGdgzLB2OsJfcYqMZtkDLnrI41KWwK3smn92LnAeQuj6gZ5qTnWIdSOKdf28JWQOd8dn0zWHJQEc8MDdR9AaTIbkgXoBS1W4wTGUmDUK++KUmx0HIsGnNU2pvrPjl646Vzd0sNSYwKWJmWZ2xLil/iW4ggd6103nfNGpyyuh+1GSkZTF63kK4lIjvnAaacvK+l+HJDiOXsOCTwo3zWmHvHVJqSoVpda0bg==]]></Encrypt>
</xml>


2015-11-13 06:00:55 debug :
------------
String:
account-ticket<xml>
    <AppId><![CDATA[wxe5b18b9bd7e3626b]]></AppId>
    <Encrypt><![CDATA[h73iRYheeODgsHFFEiMX155Q+up4zcZ9KUkbuYeBfztrSNvRkm0FeTqkKdpwTUmb2ff9ptBzd4K606deVPWy1IKH63Ybs+Zui0dc3AgEmuVP6hRqX9+MJP3cqXdO8sFVQfZgUTNxcBDwe5CEhyQyhTu9o0jrIKJ82mcOKjkOLxs+VLEP7dcPOVxAzNNMLGPcnIfLid1tNhiOgDrf+obXrwzIBw+YY77RbvKKLnz5N+HFWF20xY3SU5ShLSUYRpolooTJl5ePeM5JATfCaKoZLgm+hscIsJY3X4CJ/6VY8WuMhXikHuiyMQ89yE+xwOAwhrx+nv0q2oSu9yVIJrMwA5m/U1tBJoiUWTRFLDqcRTeHOunxgSESFivGnmz5zNKwXJESkZhQJ+9d4QkJV87ysRq5DmDC6/LCQ6nViQQA1f1bCWtdUyPpK7/Z6yCrjjbFUPqCr0COdyGzNvk59u98fw==]]></Encrypt>
</xml>


2015-11-13 06:20:55 debug :
------------
String:
account-ticket<xml>
    <AppId><![CDATA[wxe5b18b9bd7e3626b]]></AppId>
    <Encrypt><![CDATA[bRo/kjcV/B27XoYP5XQO3mCX/ockc+9KnT/GsGeBtxybFZi6LH2l8zewme8t/upCrP9kaIMjDz3YL6gsa0AI17ONcWg9PJqZfkHQP5HT42QnsEAm3kb46SFInDiWVY+gitBNwU0756rJTiU89rk1gRX1SfhLzIklKJga0gSRtEqwXCKNGVip8GIjTUJx0wyYeZH8dpxYZ4PBO0XG29gQfyp3Wo6LdRLGO5eAIL43pfmGKDnziu5dU9d89Czgk4pNwJp0Rvf+VCb66xlaimxNY966i4jQK+gpTkkdmyKIOZkYrY3+YmeqNN7QpL7KlQTjyTVo9FR44oy8Qj1oqYiMmgA9spBNy34pbVjNuPyfMtK4iqyVozeOHKa2VhcXFiqvp05OtCF1gqVB05PCnnP76GeQRgS2GYDNFS4lHOGOzKrzU5MCczFqR3Os2wb02wb0KYVZy8oJybeRSsDs+HJI+A==]]></Encrypt>
</xml>


2015-11-13 06:30:56 debug :
------------
String:
account-ticket<xml>
    <AppId><![CDATA[wxe5b18b9bd7e3626b]]></AppId>
    <Encrypt><![CDATA[y9o46ve9yVCFRXcCcsoLwBEc7F5RN/SvbYPnemiTbG9Z5VS9jDFIZL//XFJMUbKQ9MgNGnJQTNcq0QpW7o0lzGlHXFiyEl/N9V9oTyXRh5TeHR0LCW2rN/2zd8DuqZ/O/p2Oh+phPHsGkeAID6FXJO/HAnhXiSJ7BSnAgAIYGWyiI9ZZwksrufKMX/eEuL02f729mEQNRKAsojNMFdr+8VgGmkzDbqhDLslNW0GfSs+fBuorYCYrX9xX6ZIoFm6miTCc/gxhH6QHsAOHX2eG0ZWYCQRayF59wYUcSBiD5UIeHCLh7+mPtID8ySzKqP/xZahaXSyKtet48V56DuWPThJDnW849JG4xxc1lc72p6+t9SLnvWQ2hsUwsU9bhv5PssIC3kImQWtHpv6TjqS6U89o4WiSVI/zAhCSsUNoeA6b+ZifTwqtkqGnbqM9NJ4QmfUQLTYv2X/tEQCDmeP9mw==]]></Encrypt>
</xml>


2015-11-13 07:10:58 debug :
------------
String:
account-ticket<xml>
    <AppId><![CDATA[wxe5b18b9bd7e3626b]]></AppId>
    <Encrypt><![CDATA[pdC+XnV0hZLed4TvRLybaQo0eRjk3HwgSeOSUEVEBPkk0m1esq0Hs6xgEftenG2+PP1o+2rnC+ps9sS8NtEZa6JElncnS3VmvnYfP7v0LMa1OPIm0Y1aGlM9YcpKaJw8zh9q43wy1fr/s7DvJ6R0e7E5Dfr+nl9sEqa7iYPh36Iqo+DpYOZNRj9W4P+zxAdhDw1C4tRZN289+cm7zC1IwKVR+7czuOkcWpAKjqAUAkPwlavA7mi7+5wCEyo3116YZOh4TsBw+RWNedRbU4WjETlsYGQd74NumfUgm9QYbeYuaysEJWW5s17Ip/ILi3Omd2W6VQDf+E5vdZcsJOQlx+vWNCGdIC/4jnrCjsxd8LtxzscjqI0DCC7Gk3528Wjpv+x1RR5WUaMaOqfmocYz29nJsHeUyHXPh2lIb6b4RbJDl4Nr+A/ZQh+l/WzYFUA8QKfLqhU/sKYsJpWMFABugw==]]></Encrypt>
</xml>


2015-11-13 07:20:58 debug :
------------
String:
account-ticket<xml>
    <AppId><![CDATA[wxe5b18b9bd7e3626b]]></AppId>
    <Encrypt><![CDATA[SN40ykl7ArHcFkoe37A5hvB6V90Ia4cnNo4tfi1sJLE8XWjuixXO8U+MBXtpTAbkScnUNJkWoRmVsUlywQT6UGJ5wQMTd6uavFuFYnMSC9MWmpPac68ES+1irdrTgUf4mUSDxbpBvKyOO+1Hhr9nOi04SSHuVQbas6pv44wyS/1hLaaAkuHUwYJDP6JFvWDmeFrG7HAna4uqN9AJWGnrsuJZ8nl4FCRSb6iJ1QPnDqWlM9R2d00UGMLh5Ml/KR3kZAqU4DHivWiAHVjY5OcoUKvHZ1Jn7zobhWDyFeHcgQVPL+vf8ow9D9X2LbD+tPZifbfd6RH0LQ+5JjMZY9KhJFno3Lyzv157g6hzDLeeQpLDtx5fusW/+MCudDlTGAO3POPj5ftwmqpJ6CKy9+tIuKhxhwcnn9bXeYpNN2zrKAiT7/aGSGRCO4I+Izs8p8vUGzsZ5tftwHMF3WeHfOqHTw==]]></Encrypt>
</xml>


2015-11-13 07:30:57 debug :
------------
String:
account-ticket<xml>
    <AppId><![CDATA[wxe5b18b9bd7e3626b]]></AppId>
    <Encrypt><![CDATA[UmE1TyEXWJEt0vDPcnOpL9m1ATBAOxQXTJBSomGmUWqYHMrV3vMFOqVtG76eikpio+5vgbEVk0FTtTEeJ4H9Xw5n3ev155CMnCZ96U1tMx2Hpv6QPazX1F/770Nkk2jqEizdxht2QUCmob+X6gvHlEWn8DDgmnCAl9TCmmvELlflKvbbcNjrIpJZaXV0uNrJOLBUltFnYlX6WfXRkiGqIVrG/OAzViISiQvPaSnAAFV/tntI7+UPFbs8e28U2mDV6cTq5NWLKe408glxHcg+0MRLalgQG6ueucFUjwywWpm3yZLk4Ay+oR7XSmIIVOeOBGXgyxnLBb9l2bc0XZArWb7VrHx3nl+S069pKQx09T/rMv3MKa0zhbxctgRSHd/0o8lrK9hJUKNHauceNDjsXYxfjDcIg6xWzMfTaq539Opn8zlidqzkNi/GqolKsqoP8ywrLXSHyh6IteXZZ03qvg==]]></Encrypt>
</xml>


2015-11-13 07:50:58 debug :
------------
String:
account-ticket<xml>
    <AppId><![CDATA[wxe5b18b9bd7e3626b]]></AppId>
    <Encrypt><![CDATA[9W4JKMjSnxc1rvoqg+ZQ6x0vHaXE4BC3EBsREsWiBqpl2Smx/JW0TpFfwmbL8pmDiOUhf9KzYyv03NB4Q3G+Z4JZ6Pf5/EfjAfl//Z7C/jf+MJSmOpIeGbIGGYmwFqPRxQUprC4BBlnUFC5FuiEyWOb2704YyrJdGD4nw8p881uXxXUQzMw9bQ2FYtEPpNXoYuYt8sKReXXd/w4lXNLpsdGQumbjNoFAykbvrpxSioUNfe29VPVWmBneQ2mT0wQ+YgBV/9JJSnOL/3VHiWiTMmJ4wjPvlqCwQY3pff+nTMFv0pFRFbxWzKVqMUbGomeQEhwUMaKAfCxOpV0hz76F8LycwbOvS9avXJqHbLEmb0uXv2+R6/t4WPlryC1pM0Iydta1EDXa7V/l9XvvZxTtEbRhLMV5/1LJCvHclmPGyaY6b3pO+Cs7W0PaDHq/g7oYl8QtUfrAtWr+KKQe76irEg==]]></Encrypt>
</xml>


2015-11-13 08:11:01 debug :
------------
String:
account-ticket<xml>
    <AppId><![CDATA[wxe5b18b9bd7e3626b]]></AppId>
    <Encrypt><![CDATA[O+8AGFeJYik2VPZzNALMFOWXL7kzjJhk8C/8bpH3HNzk2VDTZrTbu0P9os1gRHwJ4Ke8PQXIk64JbytD7Z0pBIDV7/AOQzZQt2k1vXYZRhUqnu4S6MqVICnOypNdoZxt70I0Fi//gkXEJYGG6jbYXeYLEUqw8dlQwjEz8SF9cHHOi4fqh5ihpz1pu2zklbuOiyA+/k1TwIR1aQ6JrGYZ6Vc4YxRHSXP1jjxiV1c6ESBsl9kj6bbGwaRhgmy6N+Mn3V4bXTKlZpG5ULHKuj9IsA+DxObPV+c+XeAkwk3iqZJAFt8nXgRuui9ilPuOBQk63K3N32CwqIPODcGyfybNsEFf0I4OAGVSND6dMfmfDn8EzRvQ+veax6sowjXU8cc4jqIu0IN09JuM8sygYMSejh/PHwi5rWs5M5F4IZha10j/cJho7Bvg6uSEY6L8tdEWMOnQw17W8WTv46cCChF6oQ==]]></Encrypt>
</xml>


2015-11-13 08:51:03 debug :
------------
String:
account-ticket<xml>
    <AppId><![CDATA[wxe5b18b9bd7e3626b]]></AppId>
    <Encrypt><![CDATA[QDnndQfyVcCrNevMxXSposcDBKQQ98cnb6IWy7r/AobYurWqTRf1uvsscXkUF1G+tU+V2zhqSBiwRuHxWBZ0w0CHP50AZhkZh5A0piA3WoHXEqrBEUAVAULwg9DodfBK5Ykf6X88yFscJtKHSU+sHVWjdCFMEjsquaZWW4Aj1mRIUvH/fuxvTXjojpB2vLWRwDU6pGOmqin8tB2fhpk/hx8680KmvrD0OzDxWxJNqhPz0Up+J8IG1D6M3d6UiBNMMhHRbwC/Ev6y53AkcsV8zp2M9+1hRQA0LTxmzwHmWWQV/CS87TRoWNs8eoDotqT75zuC5/Jb9JJpu+uDUPC7Kv9OR7g4wxyp5/ysM+DgeuqlmVTmCBdnTbQX3cL9+tX7RV4+glKHxpSVB7iIKnGpwiVk7XaglvzYxLw/W/nlT3hcTJiZblTUlLmXxwAfiLF3X6p7zkwMjEnYi9Ud+GM67g==]]></Encrypt>
</xml>


2015-11-13 09:01:04 debug :
------------
String:
account-ticket<xml>
    <AppId><![CDATA[wxe5b18b9bd7e3626b]]></AppId>
    <Encrypt><![CDATA[UDYZ3pQsKsa6ldZ7DGS4jpWdAV3vrv7iYlRSheU50yJAJelyFRIrU57ZdhJxEnvQrfgOpqZG/tXA4UePP1nrPDFPblxHI5frvPjdtT64WTyxYPPaOonfaANVd/vldvfTdSJ3Vme+2wbRaIw2hWiOrm8tDvNT6lQiZshuFK/CIKPnCVDrifV95+vELvUAQf3EhzsOq9p+v9IeW8ROek6fxs+ilLRYn8Vhae743dteOcbc+/TC9ZS5T+mQXIOr9EzAikSSp6jwDd1G30HvDFo0rvCulvdS2eEfzzGU8mkQEL9g4gs/Wc6zEGzT7m7pABgZg20gl5YTvU+/vI8Q84Hx8NbaKZpLeskSWOeOC0SR2TS3SfEXPNVXXiSle3kP0zgJNAf0ElQpJ0L1k88SWWKr5PNdoFLioiYSwBnZECHCwxgV8WKAj02Ec+YIiSFgqs/2AHSAbqmgB3Y7dsachfUGgQ==]]></Encrypt>
</xml>


2015-11-13 09:11:01 debug :
------------
String:
account-ticket<xml>
    <AppId><![CDATA[wxe5b18b9bd7e3626b]]></AppId>
    <Encrypt><![CDATA[2qAIV8OgiNSlb6uBJrHjKF3rxrKcJ6H79hi+wwNdVLj2DdZAV2BhoTOvVAbqK2UrHT/o1gLyEK0rGBGi6NXKzYWEWlmo20+I6rvEROd8PnWiCS3Dn4JeL5fXkUfp1HvAddLBIPIv1weZ9OYsWnoAU9hclOBxIAc2fcA1RvYsyEJU8/PaU7FtxDKE39gOxq+jfjlOEcUjMr31snSGdVycijdb7NmF6diEV5dTc6kRF4rfNLsZ0bYw0SDbssngREMJsJr3SyCWHvFTROUJz4MCXsmV1uc+g4P/7DJ0I2cp8tVoTghi8rvRy6wQWzQS2L+Y7eDPZS8TaVeZhQqMSwEn43JnqKAuoEOKb+fWKHG0f/IlevYm1I8O2Eg7KVRLBP8z6Uwbr1iOFLN4byYt+7pUUjqaCB7t36uGcwTpRcXE39qEzxR+53Ql+aw63FllPkN8qUtp69pIwdDHt1YMoGXzGg==]]></Encrypt>
</xml>


2015-11-13 09:31:07 debug :
------------
String:
account-ticket<xml>
    <AppId><![CDATA[wxe5b18b9bd7e3626b]]></AppId>
    <Encrypt><![CDATA[dnt0XmIfNRaoEbNQZyWf/4BCQHHwLsTjEE2GfCXT1tzj1OGeCi7uO4xsGlg24wiuZEvtrN0bSlTs/OadrXLlYVaxaGyzsPZA+ZhStFLbYIR7SlUvMUC/UMhIJqwXLhcnoqJf9CUMKgTO/w0WhyWmzn41E2rKUzwzh6DXoJNI94GXjeHv2Y0zxMrU2n/MvncyLj1rYAnlMwH72KvWTurHMyq4HTwrUtA0NEGOSNQQ/SIci780s8pTw59QTW1uylgol4OYA7Gr+2q0v86/VZXzXci7RSt1B1YDR1FZxk44Gi3ZPF9y/b1ZxAYUVGLmxi9B0KmjDttwVVfdwCHsfOcW5UBaUTsm654uYK7HLo12M1TUKepeVwgP/+fnXGMqC9+B3KjNl67XrWG0POUganpfwOO5FSRSFK2LE1PbwjIYRBd6HWnuHO/tQjR1+/EA43l0H1wMH4qHbtshm/Eyl2u+OQ==]]></Encrypt>
</xml>


2015-11-13 09:41:04 debug :
------------
String:
account-ticket<xml>
    <AppId><![CDATA[wxe5b18b9bd7e3626b]]></AppId>
    <Encrypt><![CDATA[ODhEBJvkbdkGYtYLz/nFui6YG2btwBMIYJo093pENbWoyxdyvFigdyyOSwSz1+2xwGzOmG7FbVceuufmx4PiSb44KWp7v2dvQUFVtNh1/0dLe81USlw4a3LRjrOS7RtY0trill/gQOEEZLAPLY5es2KA0rfhXt1Yg3QjgdWaTuDhB1Q+/b4FDrC2OzTixC9inQuiPkIbOgxHWQRvK5g42kFjrSq/ul7/9DBKxeNM3HTDINdt/piZsVsjqwq+dPyW4kU87f46ottIKCAIaVsAk+t/b+w42ytwMlkAkfUe7JlvaDEVezAfkIiQMiOSFmI/aP9XxmRW8OpFtQrItz5IxCtf00M7I+ePnyFeGAEqFSb6nJ8dSk74ezeHn/KN5DavyQKLGrlL9J/U0SYhxlX2wIvcGaH7m9N0NrruSnDyU5WHs0VTJAHkNAnmNfgKkNlPbY88S68RBNw+kNe7rTS7Kg==]]></Encrypt>
</xml>


2015-11-13 10:11:05 debug :
------------
String:
account-ticket<xml>
    <AppId><![CDATA[wxe5b18b9bd7e3626b]]></AppId>
    <Encrypt><![CDATA[lGfRqnS1YVLLXjlwx+ZdIf4cmZcXyfXoq0dFmZ0iSLk7gusRubkfz21sEi108TyrIWNEjZX2D6uLDEekVpRN30wNmiI8Cpa0zs/LOkSjUpwGcbVH0kt2vi0XRUonLLnPu+TYoWrB7w28AzazM/+6MhevXWekupPqgC2vD1+0U5doCgNnmFRcZhn0mi2Iy78oIr3VGLadPRvJUN5U9vjDnoKnqiXzFneBnC/3AzERW+NrnFwLt9J6B7siUqY9b1ubL0CTRRm2nqn0StO7PQKC37TXs39tzbbNM9vg+/enBaabM8cNyGU+hGblpsrFtvUgCnUC1uCEadsCEXIEefWjQU+VG6U0ZOsI8h3ycVdtDLj+Br8SEMiQSQCEyB9CZPM7azy5VWPsWQxN/pB2sqqxVV9DADnHJVvg5fze8YMN/5Btj1xpj4DLvSerU/KnXNXK4DpsgTvHD8yLvONrOMDRCg==]]></Encrypt>
</xml>


2015-11-13 10:21:05 debug :
------------
String:
account-ticket<xml>
    <AppId><![CDATA[wxe5b18b9bd7e3626b]]></AppId>
    <Encrypt><![CDATA[Uf3qrI4gN3OXidfTdQrSVKkkQ1qqsY1LPcmyRo09SzTCKEq9YOn/Ji13s3gfTmVNqvt2TO5PuXpqcM4eTxqz54Jfp783ryEeshe0gbQZ1arkJJA6Adz7EH/7lnrIdPYI+fUKws7gsuJGsQaGzW9ZnGbu1IcCIQD3dUVXiSDfRrPKvjM1H1B4FwGpicYllq4vG+YbUWfhgUK2yt3qHhb/owKv9fFG7ovlWqhfwcOiT2D6Pi/t5VCA9+aRItyC+CknH372jfF881P1j//CsbYuBYGJqllhF1chqcHM6j5UmC2bcvZ5GHfIGgPJYFZOr6wg3+kLXOtAYhiy4y869nW63t5ok4mXE/9oic7ZfwVxNXp++15Zh5Pa6nkcvPRUyYwQkAj0aQkbKg5gj0dg1rfKTDhSKvQ0HLGyouOGNvsMo1wjZ67zzEL8Vb7mzm3Gz+2x68pwWoSaaijgUqXU7BCrXA==]]></Encrypt>
</xml>


2015-11-13 10:41:00 debug :
------------
String:
account-ticket<xml>
    <AppId><![CDATA[wxe5b18b9bd7e3626b]]></AppId>
    <Encrypt><![CDATA[hxqw8mc9PfVQrwoPgVh723ue/497RWX0q7f/23bX8+0TKOHSuQFDsM7gQZLlW1BR7YN2K2Qs1VmDj9O8O3jrPoWYwjlW/a0PuIP1uE5U4+ykwFJTyjImvbxzTYo6InY1yDQAVa1Z7KQqXOHXJTyOJaQiv11tTHh9qpwXRzFAg/Zwz+ovyoKBhswvdVM9ohtN13mgyCYThlvkmnUl1GDNvig9780I2Pcw216ehTwmCcKGNSDG6Pl4H52G+uXNP9LUpXw+3hvwVQu1fnGmW+ylFRsdwdd9WeF3YU7zIHyzWW8fFtq88G62o5V3ISlP1y/a3xtKZb3FsxmINiosFBiblFbVVE7qyOY+XLZThN/p1R+mksF5qkTUQ5cwmvtrmQv3nfgyjanTrSiDK4+3XtAThNV8BZLpYi53R+YW4X7PKAENeM3b4vB6eupsOcRNJyiGmuoBSMyDqJ5j9duyMjbPGw==]]></Encrypt>
</xml>


2015-11-13 10:51:02 debug :
------------
String:
account-ticket<xml>
    <AppId><![CDATA[wxe5b18b9bd7e3626b]]></AppId>
    <Encrypt><![CDATA[Kv4U9rEqDx8RgtvT3vTwly7eQcW9z053MN2TNvXu7BXOc4bCsiaikp/DeD87w3pWRRP+4wITO0Oeh8umwIJeJZl49OUJJcLkyOPBHXyez1qRcm67WIYTQdXTbokDIPvvkyEJp+r3PY9OP+ksXZbnnrnTcCsctgmFMe6XhU5ZjcV14kyr/ZLHBi27YLcMB0DjN0vCk/OQrEuTRZzOJCqUzvVru6KwXyQcq9METWg7386Go4wy+Skp/gIlw2BHlriKPpbDuXdg7/wtEx2URUYoceGu3S6Pi+2vkpfyONiPTXpFYCeslsVYHooIYna1zmcm8hldzngSoApBR9mhjJm2wBxhQWHua+zKLcMnDQ2zNM30khBbyi+LsuqKS8uNgyReP2Hj2WAIi4imJfoPA+WWGanQ0XEBkVrKk+9q/HhQLAk4+THJpqyJalZE6WUCZIqqqik9zWZmELIBB77xGAwVYA==]]></Encrypt>
</xml>


2015-11-13 11:31:09 debug :
------------
String:
account-ticket<xml>
    <AppId><![CDATA[wxe5b18b9bd7e3626b]]></AppId>
    <Encrypt><![CDATA[Q47XB1MJrRlT0VnGvTq/feynZC7rrHry+Y8MVMokWiAAQRZCPPUf/tLmLZRstSX4SuGHI9HXoiNVxUVDxIMJfvfkv3oGizxWJ+FINoWm4JocOO82F2wyYUF1RWtPSrXU2hmaUsa//VvdwKBT0Qk1T0UAtFHzePY7KWEJ3uy8QIcGgdj6LNtGY9KAn7kBrE+27+32WBAGCvo7uTjz8L7rZ2vF3x08U4PObswMUye/hzLKW36I3vaW6cGkimGJOzCTDhDmCUPvEYNprbq05EC4/1Ks8bJ0Jgu2jEl1xQK4oYXc9bQg2ENVS+ZDr4LMIWN4808RRc1yT1JBhQZY6xiujFzY/gdbxCuv7zPXUe7/r/YQ/kU/QMEnKZUwX9qx39hUNvd9Mr7r+qy2n96YipBXbwqdsxe+Y50Om05rpDgCJUuUkUJCQvVd4cr5Tt/d8/F7eILqohA0XE64q+rMC2HMDA==]]></Encrypt>
</xml>


2015-11-13 12:11:02 debug :
------------
String:
account-ticket<xml>
    <AppId><![CDATA[wxe5b18b9bd7e3626b]]></AppId>
    <Encrypt><![CDATA[dkvcXSpPpSwmLCJT3Jw+WumRRx2ppixGx0zasgybuGcvhgseXByNFWzwwCZ+IjdLoJ3ZfhcCDV2Ll2O89x2+ejoD8NQlc/j9EqZq0kwmV5FAyhZomGoeQRgkiIa9sJm8c6XtJ/AanKngfHMX0QP0xQW3XIzE8Ssb28G/rO0HZqh7x+Hr8ByZB1gUEpXalB2wQu3Hw0BOfMkhcWzCp7iNfS5HE4KLl6fDW9PAud7r5vCh42zmXr5rc9Ln8OYzOFy6zXE0Vb+srBc0hyjpPGGZ8U+dfCcdk09Bs9YVNXnM+UalnXVfg2P1DkJfp4F8dEXOnXydznaQ8VnmU+rLv0db/SLFhlIKrb4OUInhIc1QeZY/rKDrxoTN1eoghQss5/ajY8zqdLn73Obis+n3r0ln9XdVkOSNOmimLqD9+nvTEZ6AwV492AaVmQaNiitGk6ntaK6qZZFf89Uzf7ioKWO5Dw==]]></Encrypt>
</xml>


2015-11-13 12:21:03 debug :
------------
String:
account-ticket<xml>
    <AppId><![CDATA[wxe5b18b9bd7e3626b]]></AppId>
    <Encrypt><![CDATA[a6LCllJmksIjNtKb6psnUPuR2H525Tvh5QVXedhl1GZU3LAtx8sLCD8djN2xEumMu2sG0tg9ToBccHgcROP0Bs5PnC5pwptdXggjRD5BEPG/u4mJ1rJj2dus68Y7NCr+gGx9h73WSjIdKePZXVWTl3tt7BFsziMWo9YlKUD5ogA5l0RmkheQqnwF599OswhmChyFh4+657dIhAQV9ArsnOL73mZGeX5GPJ6opqeoKr/qqzh+to84eeKrIghY8wpNWHJYgKlDi7KBytLPDlSoh3qo++a/Ppi742Da50PQjnoppWXwJjj2LrWTJbvu6UaZBSJmS6Zeu76n8Gt+A48CVvwlLQKm/dgzs9+uR680s/OaIAD8AlXrQTpUJcKSufSwarJSWd94XYbR2mk2JHYzEN2hRlgRLkR8BTfhhhoEKq7myn6D6kTPDidAE0yDe5Tp8MW5kgzEC5SSL9gElJTENg==]]></Encrypt>
</xml>


2015-11-13 12:31:03 debug :
------------
String:
account-ticket<xml>
    <AppId><![CDATA[wxe5b18b9bd7e3626b]]></AppId>
    <Encrypt><![CDATA[TS+34bcICl/iqdYilMx34g7hzw+e3GCRkw3cx3Lv1qPRXOI9T4nbnyFEYjwormtbeVoW2Co+njSRDaAPaRETcFsERwZpZA1JuvkLu0AolKpwdfRufw5gXiLwnaNC05nh9XrkmVXLVRwDEhxUBgVdw/UymKl+nl/fiQoedM3zf7Q7Jq8Bbu566i+VxEgR8tTKMfTbD0yiSAaJ9yT1e2cph9HsHsq7PEDybXonHeL8m9OsTqRZtMB/enjpMdaiekmosokk1rhTR1VZ+WZvfLoQXTTn1EwUF+Dkh/6DV8jywk+Un6SiM1yjdU4l10DSC+BmiqL2/9gj5RzK89czxr5I/+/3KHgCn02Zg71pnG6aoj6lS5MdF91C6cKAbzLMBqUCWmQyOp+21CD24rW5MlCmjLG2+CuEGEoA4iI3Dp9CPy9QlhvSywnACo0MLTgryWoUV6n2y7uQ6K1S0E42BUUVTg==]]></Encrypt>
</xml>


2015-11-13 12:51:01 debug :
------------
String:
account-ticket<xml>
    <AppId><![CDATA[wxe5b18b9bd7e3626b]]></AppId>
    <Encrypt><![CDATA[wb44BRkElrY8RLTH2IU7XzDNm5oMbLT9Zqq9XXxwF/Vr4+pecQwJyPjTO1izU9+C8OAcC3sKj3M/3ZYyfTxOr+yLVFrb9FvSYBwryGubDDbzVh8aK9pISxaA4y/OJKPMeucSO7RgwyMufDQQQtga6mp8S86Lfa9OxeOwgosEystztJF0foVExrng/xRgyFGz1HGfE9R8/YMG/KBrROoD4cta/4k2Nfm3aBBJA0dF6rAHrdBR8PdSzK1wNa8PlbyH9jUGjRMcrQa9ty3xjb383OJJ8qdLPOoaTEPoOQ0wUwJpVH4akQILzVnhAvVRvQv4qXIS+xx+0j5vR478eAYAK76Cz7F+/Fmaq04vq7VgEN4RylmzKnel9L0zerwmyrdj9kJVtJqh0X45seIWtqHDofAPwSKNo3V+aiW6LQQVLJn4qBxsnltZ5fKDETl7BOT7WIVfVIsDZzx4RveatKP1mA==]]></Encrypt>
</xml>


2015-11-13 13:11:03 debug :
------------
String:
account-ticket<xml>
    <AppId><![CDATA[wxe5b18b9bd7e3626b]]></AppId>
    <Encrypt><![CDATA[CCS8Ccvsray96PYdHE4mWMwDQ0WqZc+SQWTdtNkIBqaTabPJUUpTccBMV+R9DJFGCIuO1H+YqX2cAYWYHnX7uPNST6CzcylGdEP2i+6Z1a1Q33xQBqDMLZARa2/K4EeY5Uy4JqiJ2SvZzehn7gLwwr2acT9vJAjK2oo6Ta/yBXjhEh2NVJem2R3MaminlMU/YnVTSp6HyZBWbXDrYje0lL+SUTvk4Se8No4sQnAOI51WV9TH3G1yu8g2+YcYo92x6Df48KiCKksPFG4tuQXnh7bqSts2j9mZLpGV3xpLXYcl/lCf6NgTCMsT9YQyRqtxG/OzNIg8v+CDxQLO/HkVvXpPw+NBwhC7hbhvfDLwC1HJx5kAdFaTXDjjDtuij61exY2up5eH53kNokLZ/DDQXK97NxlI6BeJZonF+37BAvRj2T9opsJz5b1nTt1Ci4NloKgaT3Y0Vor9juRZM/4gCg==]]></Encrypt>
</xml>


2015-11-13 13:21:03 debug :
------------
String:
account-ticket<xml>
    <AppId><![CDATA[wxe5b18b9bd7e3626b]]></AppId>
    <Encrypt><![CDATA[ctNsbi8Dht6OuYpXWXXu5O6RpuhNnL6CN5QT4xoMIumP2RNoJ4PLYkBKpkMHAAOIwo2K2KYKY9kmnPU5tdIF/nkkm/N5aKIvY9YzK48/hwJbUDicAjrsxpn1YiuqPEKx/xAGl0Ciy8OcX872FYoewVEeaj38V21uUbb36ZxfOkmZS6C/xGg1Pih5l1jzfKiAJ0iGdlb8g1vpkmMl66zh+uAd1IPbzu6y5/6E1gBHMiOZohqtGHaGtMn5b+vp3cORnTZlRnZVs9/IJe+/YXogFqGObXWZ6zKsFKMZT5yKg7nX4IQd8c7pyUM+/X9hW1abPb8/vz7IlZ1BrsPQG++kM55Ws6694TRceAm4zFsyFi92EYz5t2fK//26iZr9/R+BuNvUq7AbhkSAx839sdccuCB8h7sNV/yR2J1q7RWga1stj79BBPUC8WRFKtMIxQXEAX+/O/f+MvvxXnYwZ/qB9w==]]></Encrypt>
</xml>


2015-11-13 13:31:05 debug :
------------
String:
account-ticket<xml>
    <AppId><![CDATA[wxe5b18b9bd7e3626b]]></AppId>
    <Encrypt><![CDATA[mXAJBq/DITZbp0aYQzqG+0DbKgiCAEVxMRJ8ghCwKyPbUZWIMb0+nVQI5z543XpoVBp/HnsXt8rwouafkvdN8OV/Ew1ypVrGPhI/19Vv4KE2YYlYkstV4ZVBuTLmgrVlp0mrf7Xt5Uyc6lOEwkDRRq1smUKj77QSyBAQ6i4hwpMVVqW9IwQS3ZTvQclAirIjgesPmutU0sWUlc8KRyKf3F+YTZZX+W3RAIgjAPd9zKzOR96nvK3/E40sjHmMYGAZ4kHPYCht386P6KeN5cGoQPMdaUhyTMzu1u/yEWXH665zeIFnAvQdIbofAqiTcmhWWwoaMqdOTMOe8Dj1qGoPizNtX+LNxbsoCR2vR0FPIRucLzSO/oGuIva0XnWhMPiCqkbA1vXVaVhuCc9Mqb8xghnuDDrZ93kv7J4Wzq3xwNCmlUhuciy0tWiqrxG7+qhT8EPM+RoxUqerYb5/f2jIwA==]]></Encrypt>
</xml>


2015-11-13 13:41:03 debug :
------------
String:
account-ticket<xml>
    <AppId><![CDATA[wxe5b18b9bd7e3626b]]></AppId>
    <Encrypt><![CDATA[zwXTsCq43LD8gpmqCI/siYIK2JTDb+ZsyoqZgjIyzvuSVXqiOucafE8iUwSou9OSmosczfaRtNvPWedgdDfjrQ+XxmgvhgZlp+aXQ5/04RNkwTAAKRQKXu/zdq5Szybx3pNno4T8JIw5grXJ3Ouvk4UNiN15E+7qNwEntn7+Iu6oMrJxDYJNvcY2WY59pfkHq/yXKPzm2U5jvknx9/Hsj+j/8Q7nEpI2Wyf/GfUJ9qVnnq5f3yXXvpYMI1GouazEnwJw5FU6oV9IRHNRRcxqPFii6GIadOn17r21PmH9CLVOEzT4mXBSv77tdrAqwmQsjBEaT1moEtCbahWAE9M4QCSgA8g56OCyLhK8MgPgQKdan6EEjliz7kIQ2nFIFph6qzmwWHcF4qN+O/diapfAOhZ1YmM3wH8aMcGGlMNKu8jQ2JPZkNx4ffIYXdKod2TIG12FGXk/ENSe+kMPsP2TuA==]]></Encrypt>
</xml>


2015-11-13 13:51:02 debug :
------------
String:
account-ticket<xml>
    <AppId><![CDATA[wxe5b18b9bd7e3626b]]></AppId>
    <Encrypt><![CDATA[JBBPBLA72ioD0bQIVTLj3FgryNqwoO9th6Uyic7eR1y5tOkjXK8FEQq6500PdVwCYVIyGU1TIG0dqQ1aw6R9uFeM4zbndHOIRBrczD6Uf7oC87bDjUvbHXnNkSe86cjUrACZ5cndnkSHXBDZwhjptmFKS6xjLVD2HsyluzlfXW/G2iDGM44MoYQQAAxKgPLsSOcFe2AodSNcyZP3X8gIrOyRQsNq0shxSazgtfPuVf0gU14d+G2kB020MehxdRWwrg1rmgU7nRLbHjIWbmY+tEyomJKyLpLzGt7cvWFY3B4xEUS/ZGPUKB/jj7is26873R6J/rgxjDbOluTiypXn7ftXhTSVzNvHJ3Z90smKfoSsepdwGDTf4hEKrar7VXU+wEauTf38MtGTEcpkiEIPs/6PMsYjA1Vip/IbfqvNFYtws3xlfIXJrfeVAyq4VteSFXBin0RDcSC4Bug7l2qzEw==]]></Encrypt>
</xml>


2015-11-13 14:11:03 debug :
------------
String:
account-ticket<xml>
    <AppId><![CDATA[wxe5b18b9bd7e3626b]]></AppId>
    <Encrypt><![CDATA[G94js7q08qV314biiID3l0063RCsD4+NHb6IKb9eFm2oA7lnb7jyN1HKp2dV6iRqnTmJu32UQg3/uzUsAX/FLUgtzLoNecUnMJOik6+b45nAImNm1fDaQtCB3yIALVrTouZfktF/YsG04m2WQdNCkGEH+0QUzWYcR6wtnPIHsaLJh+t4y5sD60zyKssSinzrhf5K0SXpH0/WTVLMX68XOmu4YmZ3exaAsGheN93T7noLSJ1fSid6aQ4fV4k+0ikrP9nykcuYl4hSo+5eVSGT3H3ivByskvGFn28mEyca9ImVkGYq50IUJcdIUFvtcpNiIlbl+kgaifmWPqgcHYaUZ4T7wC5JFJ5dWHhpsUQgI08szB19pUjTxM7cZ6oPukkl4+eu7vcuK+HXeK8rUItiYYSQ7ywWPQjkysIYyK42QWwN3rpFQRYaox7QPQUFu0ATzr77hixXvi/0L9XsHuIsZA==]]></Encrypt>
</xml>


2015-11-13 14:21:03 debug :
------------
String:
account-ticket<xml>
    <AppId><![CDATA[wxe5b18b9bd7e3626b]]></AppId>
    <Encrypt><![CDATA[zpfyHqxED32gpBZvcocVDwEiKoI4WC6AeHMSi+YtwQQDUuEGNl6LiPOHuKOJeO2T7XoZRTZrmyu09wg7d/5V1o9uZYruXHVYtfpzaTiiyyskTl5Iqy1k6KLZ2jxCyciwlyQ3GtYPI1Q733ROmLU8SwWdDwcxIMx4MRWixyriOnBT10yz03qfw8wGp2m5QALa8du0PpRuWkHozddO03jT5sxQYa9ka/cQvEwOuyXbhOzuKw+sSfSVHWPzij2lh5g9Eb9y4ZcV+5DAPym0ZC3rkKn8ppggVAEWH4zwyny12gNhqhqH37UrPHwSml/k/bDDjbuQgefkM5Iv2FamXC7RCWUYf3zT0tcdHacjGiaheXGNAz3burimDWWdTIJK8JTxkVTBsSu/kSPTZ/NJ+UNkzynndwt8bHPwFQrhpphWWlrmgtAwDKhGm8L8GmoYfYxqny5G+O4AQNLSMpXm+3NuxA==]]></Encrypt>
</xml>


2015-11-13 14:41:01 debug :
------------
String:
account-ticket<xml>
    <AppId><![CDATA[wxe5b18b9bd7e3626b]]></AppId>
    <Encrypt><![CDATA[l+N7DYEHzZ5vRfpwTk3pnwsEEPorZ39nx1O+Ccsp5Qp4dTv9KmqfOxn3V4+Tr4izqUYqFkC+QJTzcCUJPEEjYVf8ywkSnouhqzFswqzBgdnNV6jlasaG98RXukm5Uec1jHgqlaCIQZx8W+ib1CINqE6RzapXacgazZkV/ubOhK4/nY9Uwo1vEIYNszGdRBG7XjHuq2uxUkxKfuEPRr+QFKTYcOkjgWCRSrJsPvByIpQP1X6GX72ouABmtogXbmmLM7LjCkPrMWc+tiT3OVspwv/kotzeVhO7a26HPvPv2jD6YqLjm3PWNT+7YvllVxo2vPSst0gkhdGPxM9Aw3H2wB90jcfrQY9epJsZciUYWuKhDNtMrUlk3JMOVHI3bQXu8leSwb23s9XaXzZPZwkTfaGe5CgCk7G8tSk3OtkIZXyGhlf9Bg0OvYobpoSv+Kn2ThRCDaG6PeDYNq2ezjy2Fg==]]></Encrypt>
</xml>


2015-11-13 15:01:06 debug :
------------
String:
account-ticket<xml>
    <AppId><![CDATA[wxe5b18b9bd7e3626b]]></AppId>
    <Encrypt><![CDATA[q8PMTKUPYPKB+DhKpBBPiDWS5XZapVu5IF+SkAPgCtv5Mg4FoeMg8IOisAgEISggBirsQVOsarkcjJrMPvuruWn+KeMCglAR75+/gNt0N2Gx0dM7Bx6my475Zt3D3gWAZhJHTOO3oprCp/xFK5JY8fWV1wh0MuwrZc0Wt9wKiCJNYBUoSW2z7swaVSSjwF8zIija16yu6Xdct5J2/esYH8G4vP4/e5i5eZ2l52OoeCRnGBzje3Vc6WBeimFt39bbB5JVAX0yKOqdJTmHme8w5Et/ytngdjULohHhKbOaM/AOKAEqw+lf+sxOjc8bzI1AKo2QgHOt/VbX8UgoQFYT5WdX5pBzwSwIKh049FCONtcO9KX69fRHfGp3mWBJf2U5UvcZLH1vptmtohUEXyvBC21o0UY6/gKptTfn37CPYnQg1Nsw4p3rosVjKCgHoKTg1wT1p4snieMXBN/vvCr8HA==]]></Encrypt>
</xml>


2015-11-13 15:11:04 debug :
------------
String:
account-ticket<xml>
    <AppId><![CDATA[wxe5b18b9bd7e3626b]]></AppId>
    <Encrypt><![CDATA[8p2XwitLqPFEz9js7x8azKwbcLolziAChJ72nAYCTBKKw2Nc3g9Fhy3yryshf+hxYsbOdvzJgAbUJWm6sDMPFxkt7ybeMJDOCDggzynLSPkgTMRx6AEiav+hRL4qdgrKDwWhluHIJePg5oikxNmenRW9bV//0a2ryPMr6hCM6IPPx74xyyVgFqkrQapPfeWRbcffrLWw2a4jhHBSLVMs8xHhbZlFFzH8c/SD+xYanjva6ZWqdqnzzINF3kTWx2GYYY+JLZn+gQFy7w6/IgEHAiLrMKigJkLFn3redC19ZSd9IUmjy79ay41kBc9loO74fhzA/yKZtdUY7dFf6BSPDQSm2IYcSg81wJJVbtwx0GfgTbgH6sKpk8pQb0W2b1enaVFTUu3A05thOaKqUFMooxnApiUxx2NX8c/ZBmfCOj6LeOV9r4tvSFrBRXlM1336P8oKrDRTIi1S4k/NZeHv/Q==]]></Encrypt>
</xml>


2015-11-13 15:21:03 debug :
------------
String:
account-ticket<xml>
    <AppId><![CDATA[wxe5b18b9bd7e3626b]]></AppId>
    <Encrypt><![CDATA[5Em+ikPU2rt/zHFpkd2q5YVxEhJnNRC+pSPcfqj9l2DvcWoKCE65grK/Nceo6sBvoTAOF47mx4aoggUSqghfqfFNoAK8GxEPgWctWDNpzN5bRjIE1BF4DOO3UO/sTFjTaOFtPw9ZZeLDR5Icdfmkh6KUReY4bVZuHB/uS2hymcfBhIjqyEq+pH8gu6dc6VmfO2uBxVaNpJUeL7AHEiygzkdIOu5nK3ICBigxDXweiB88cd1HfdB9AuBXY7hZMbtzwD3+zBYzF/ZzJMR8I44nsuWlk43eF1qJJMCp1qPlACqXvCJZTjms3CDcEC5QdDkNxYtnlSSJCHKWXUe6jiJevWw5FGexQ7pjlBgJrvsglizF7lT9WN7Zay/oKy/ZagJ/rQzTkVviJCNbO0tdCmjZZgpYXIorIYCeKhqN1Gn1/R4rVfm/1Rtjj05BYQNyrvhAXD83vgOLHFwsPI17FWD5Iw==]]></Encrypt>
</xml>


2015-11-13 15:41:03 debug :
------------
String:
account-ticket<xml>
    <AppId><![CDATA[wxe5b18b9bd7e3626b]]></AppId>
    <Encrypt><![CDATA[Psm+cl9eP6/38Yo4qFTVQ0bxNjonQuXBVtYof82PQURpETh3Q443ACgNUaa3Fy+FijiBx9od6GrLcJcc6rNd+1IsBduxtCGFdtiTFQwQQarOJrTukKwxtaCZU93MpzK7lOM9okfTd24nCVaNaiQVfWPUHQtyFztUhO0WmTl6Ah7rJOtQjHT8Tvy2ad5Z176DmEaspw/dqucqdYM9h1r0kXVBt1wS2AZeWDKh1+LP7LwWvstKq6jiNvRR3wJNfz9xUihAJA1LPGNqUrwdXMBfIYGQbMuG5WpvtY3KCSTbTDiMFUBL0ZHrg6/TAa220aAJ812f9z6QmpTFs8beRkvcqAkh7E4AW/tXQvizbbkanC3CERsxzUlo+MjqWlHqPE8yh2aeE72q/r5aY50gBmGvDhVoH0nOLYtGgavfxCmmZwATzjkIY6OgNNwLM6EbxKeX6BvqySFiKP+GezFmL6ZRbw==]]></Encrypt>
</xml>


2015-11-13 16:11:06 debug :
------------
String:
account-ticket<xml>
    <AppId><![CDATA[wxe5b18b9bd7e3626b]]></AppId>
    <Encrypt><![CDATA[B/IFY7qoS3oAn0GvO5JByfhI6QEjH5qMBIN8pKkCBllHxOG0RIybGLgyKZTPXg/sNAtmZv8DhZQhO0Fx/1GwiP7BA49HfCZ2+YMYoq0m3uCOk635fK5abol2LZypQGaEm41EpCRPZxeF8MntGauUwN2ZbXxvQLIBbD8zoPwrd4BB8XSZx00+Q3/e+dMwHoJwXaizpIbMtMY0k6Eab/b3Mm1+FSFFOczEvqM6vaS1Y6+VzIp2CmERemIHL2Rw+g1AoG22mA0sgTEt1bwspI6JY8L9ZkFwxdbjS39CmOteUe8vfa8FkSkjXQ/D2Ypj6u8R8QquYavW/7h4h2Aw+W6WqjcIxp8oa7nZsFIO1UjAwTHMY18dg371bgXkC8eLOQyL4+Z9oOLJ8BRGXfNRxUhpQzIikrx6PxzP87136CB6AuNfp058YraxU3UMyKvwVUMsciyC95R1V8HZ9TjslTOfJA==]]></Encrypt>
</xml>


2015-11-13 16:31:11 debug :
------------
String:
account-ticket<xml>
    <AppId><![CDATA[wxe5b18b9bd7e3626b]]></AppId>
    <Encrypt><![CDATA[4UihhK1aWtqq1to5Z2xYCiMZsFesU2H+1KDYZx5PW8tGK/IckA1+6k2yHGBLrfq+v0DFPNKnkOG9UAuQuZxIk5UK9u6WE1lOAMwG6QdKTc8MtrvUCCQ5pSqntaBSsY3g/+AyNlWYfTUpCAfv5rPovQvbi6Dmh/qssxNYj4V0eKF9fg9Sr3JVY6VAC8kvQRfgmczDuYX72O2XRSTqvZW/r6GeGgluc83VGO39MQ1K8D4TEu7LHHTKD5R3KBwK1R9jgg/YNZWLrw0a4N+Tpqv9/EmQj3iqSzfav/9b7/OSpe4OeoGviH4v35q6Lc1mxazYlZxFVoar65i1vNSwSmU11MM84RqNzCSjlgBj7HhokE8YyozgPLpNkzludCXg6WaFUfJgD2Wi+6xebxnvqV5pO5MoxfOlH8tfFwbsneR9Ve5jvLVhANPG9W2y8wmaM0HH5mZO+2sfCbdLg7qjBjLVLg==]]></Encrypt>
</xml>


2015-11-13 16:51:01 debug :
------------
String:
account-ticket<xml>
    <AppId><![CDATA[wxe5b18b9bd7e3626b]]></AppId>
    <Encrypt><![CDATA[OEDWppFfx9TDULfULkmxUwNihi+GMilsMLuWK34Ou68jSEAwkrMBRiQUzvyrHqu1A4yTCkDpVLOu5kAe9C56Q6NGox47IlQcssqXnXHX+TFJfDTy8Pbse9njrt7+cQbhCDXcyzgj6LLukURGO2wM4Df855lZnR/h+ArhpL9n3/rpEyt0MWUr2+693MqMnNIxx/9taeqmvlxhjhlWRexaWMME+apkVlqvRNl+0/VYlGlM1vxl3Sun2PoTvJu1DGlnu00w/YjnSGRHJ2mT+HTogNrHqFNYbk3xaraKajSmA8xe6Mx/7Hb3OTGxiy3l6Z9i6DtfGHMGhmsPIR1DsK5sk1Yy6XG/JcqR29Cpdd7UfzX/5WRiukIJiPPGAyWemdiP7a864VVbBSsQOgTwjJIpIeXddiUU50gTT3WVYlm7lszmAbOK3/ec4PKHZ65kzdD/eJBk+yP78VLYZBUhIDCCGA==]]></Encrypt>
</xml>


2015-11-13 17:01:06 debug :
------------
String:
account-ticket<xml>
    <AppId><![CDATA[wxe5b18b9bd7e3626b]]></AppId>
    <Encrypt><![CDATA[IBklZD+p9i394taJ4isM6bIoybOcKCkBlq69Rig/9//7S5Xal4FajX1Uy+H7U7yN5cTtBjgOF4qcTEUNHBv/b0CoQibzG6oUsYwY0HyUJahIgEiQBKvB73EhDWT87UDhwS8WKpsyzdZEs7ACO8lQMPL0pjoGOyntRJqjZhTLkIQszSkEPaCbqpk3x3wlgHl6YVfs1kQx/nEj2TCpBs/HQ2z6T1qk/H9SBqAGnf1e7l/wt/9ORYv1uu8IxJFg5/rBTz13DAf0geMEjS78c7sTwDoMX8o/SqXB51nQiAg4y0zt+idWitqaEHA5394XnsPnAirHVBXaVULRC6l1Nt1zRaknGzRxbcBeOfEEpWOlb7KS0Gpl5RvT8R6AJjbCEd8cctIBNQJ/h1sA9X14alBHHnlmNG8zPqm2DFglEa6IW1vUBusLTSk0WNdy8eSDJoZ7wwtMMw7UhXGKoPDSHwy7yg==]]></Encrypt>
</xml>


2015-11-13 17:11:04 debug :
------------
String:
account-ticket<xml>
    <AppId><![CDATA[wxe5b18b9bd7e3626b]]></AppId>
    <Encrypt><![CDATA[gprGLyc6shGLgz7JMIFoyiUHakyZ24NhSrokOWxKPmz2nl4KUFpLF2irVCGCszdOsyO419MUTuQcZznGhQ4gtup0MG7xh5uhV8z3uXHROuO4cvVY/vPAbjLQh61Kw7r250JcnIf8WFEDDZCzqWbiXHTlhg/uYpq49uUEgFWfc5JRS8mZ8kf1KHlWrFM23t4HqWbAV7XEPhD16mwB/tTl20jpC10iVAq+TELvNYFTZLOiHH1+Mwy0OFuXCbBoafFsB0vQEdQOhDVZVhJ42BIkAduFPI3fFJpZ+VRSgZ+T6ukm93mcBh3X4HgOwvWUjCt9khDB4OHiLNt2mBL/OXuSizWuWpC819QM0dcd81ry1dWp6oApurssnJaQeKehDrjdmL+BOGB0u3KSlKNFrdHfhX+M+r/faFz355QMAg6qiRl/70sfGRkt1kZUKw8ozJgd/euYZZPqkRKNPb9J3hKAGg==]]></Encrypt>
</xml>


2015-11-13 17:21:03 debug :
------------
String:
account-ticket<xml>
    <AppId><![CDATA[wxe5b18b9bd7e3626b]]></AppId>
    <Encrypt><![CDATA[cYOO5h5L7I4swLmYtfx3C1QBw9cpRJI/ujdFxBnb7MueCrzHqj+iqFIlMm4zeqXmeru2PB2MwJQ8mm4cVyxbA8TUOO2goGa1Fh1ngZxTZS80qL9HzFlAuhIoN0shoWE5i2M3ngo35aOcYsCjZH9mSq9HLBNdOd23faQZ5BGaf4eb/jt08rYtm4jF/einesFsBhKWMWedfZFQiep9e7ldAf+CtpBWGxGoxnxOZBBLWh3Vryow9uFceb86wYJqzYTwWDpTvI4WlQ5aZZLFLZz2+fNTzYS7bqc7etZaI9id/ExqDOFhYzL5pzP6o4gysac4V5iqRs287KYo3theled4lmRS6GD5D5n2p+/bxi8Zp4gCeb4ZrwmkrImADoGzw7vuv49BzX1RRgTIJ7OmU5L/Z1mCjDN73tki1EwlSDEHvogFgElC5CDvja3LzJvMfQl/eb0PnTbK12FIXhECOJTj2w==]]></Encrypt>
</xml>


2015-11-13 17:31:29 debug :
------------
String:
account-ticket<xml>
    <AppId><![CDATA[wxe5b18b9bd7e3626b]]></AppId>
    <Encrypt><![CDATA[WdgNYA9JAWA5bdWdvmsqvcsG/afyejwOsOvRI9zrGoRWqwk6rMdHnkrjyfsLrgOE7xv0UC7besc67yE6I0AUpjVI1Q9EaCor5MatykaxBX5jcZYc/OUxvAPYjjQm1OyWQzQ5ye91AMxeCsZrYik7hPmwL69sy6B2KsRDQJK76MDnXsW+kLuZOy8A4mAaXq1NHNTat+pJ9bAcDpubHlUBskKjNkvKF7g95rPZjZHw5XTYhoOClEtcNX/UPgFjweaAvp03SyCCHSiQS05SqeQSZQTEkb5YxHDLh+MNFFQ5QOTYriTJHbiIk1h618JP6jpn0LAuQnPD9bQAbncdUIptkXqOmvsQbHIyAZeTIfs1fJtI6RFslfGYVsx6Wog2knOEVv0Gskc3/ZdyZnbFS8E5Xo5RoRLZ7QnycAJtA+jL0ztkGKnYJe9x+MkhlKQTayEblR57eZKz1gUnDbLDxwMAyQ==]]></Encrypt>
</xml>


2015-11-13 17:41:03 debug :
------------
String:
account-ticket<xml>
    <AppId><![CDATA[wxe5b18b9bd7e3626b]]></AppId>
    <Encrypt><![CDATA[89zzADQEgAsFHK+5DWQwsayB+HB2EWmECXE0oYW/IaHfbDtP9t1cR+HMqf+8c6xlAyi/6tJA0BfdUMpjjZK9qyBMRd/GkeyoR7kqXPD7LXwmNGe9vtWCDvsJ461GyBDcSaDiPro03EoY/XVnK4P3JpQqhe8ey7uKzYIjgxcZCvkgECkIbRlIqtXLRConKH6Ow2tPvLujMvSnzJzJBvu2sEwx38ytQZ6MsgOS/yCG6b78HEqsksafcBVam5Drkl0PLcvGWkcgOJFFlyEy0HOC8Z5pA/IwTRtUu9cM1F5Sz93HLTBN3eNUJTvCuBFz5EOYEMZZkdWLQiXkJubS6Ajz0oq9IzvKMC9Gysz04tA22nY57bAmPt7v91xvGjcj0c0EFy4hTY88z5Ekji/oz0gNxwTtMyMGSD5KPZfSNNdkVjtZdxglziVsww17AL3r6mrmlOivAqaslLJbKfdl3ve+zQ==]]></Encrypt>
</xml>


2015-11-13 18:01:04 debug :
------------
String:
account-ticket<xml>
    <AppId><![CDATA[wxe5b18b9bd7e3626b]]></AppId>
    <Encrypt><![CDATA[eQGHb9KAFDfMgrKFCN9dOggQoQxf6ZLXX+gffQASHuzFGMkDD1kVhEno7y8suQqrxPVAQkAFAHOhwnta66pq+CUTY9bOasWKSOrn2eB8AaiE9dgm+FZ0Th1q1gpvqfrcOpZI3jMDV6CRneVwKCa6N4fFKf6zJKL4DNoOHMNRi1BeVE3e4GRBJaB5IBw6e9MVBt3fpXqucHFArB5P8zlEDzd9bsb3peWxOQal/BwLOqmxmJJFlUgCVcyrDPncMr4nv3ePQ/ZXMDMegp6uVdJ8uoOTm3eLtNGLpWiUvmEro9AZQAQTEHASuTlUZcvRMDMwtt1fDI6eucgO685H/NMZONQh3rQhudWtmh5iAYSSKx35Xa4aFRGlnwSAv5cDIYYsPxBPSWIQH5ib9v4M6HKEoZPlKPS+iPtQ0cFzYlmDad/z+mTUkNXLMMvCbQpwyq+W+p4N8XQnY5sfd69XfEUkhQ==]]></Encrypt>
</xml>


2015-11-13 18:11:04 debug :
------------
String:
account-ticket<xml>
    <AppId><![CDATA[wxe5b18b9bd7e3626b]]></AppId>
    <Encrypt><![CDATA[I19o6AmByRYxjg4MfmmBxVLGUcEMhDf8/Aqd5ZYWecyzgeLi7d0INAT5ICctZL3uY4IacacK10/4q49y4uaqnJwfxyPeXWONP/Dm0fmC7uqyQSbZ6BNNK0mxHs/6IO7LLN76FwnYHXkiywtgjJHd5PGeAyF06+UiBQta/rz8XdVAt2dH76203k5Hqqh6TF2hyTL1RDpF26ZRVFNz+qplOqG1Nef560CsmOcYjVOl004mFQghIxGK95oMJec+QIkMvTiLgvFNcsIarIX7RK90Fmva4WWz89ZhaktE/gCTbAgMLHLklZk3yyYLEqGIAD27Wda+gqF9wIJSTxh/FOVpwYSPK0rHlEfY1U2xU7S2Hr0a160+ExXa0PEkTdEQaHYhzXStudXxvJHxrHd97glmryVzD4J0PP6BrakGbtxWov/uT68l4BSiwzUNx7GCWYPu4JMIRJRap/9ViNnRZybSYA==]]></Encrypt>
</xml>


2015-11-13 19:11:04 debug :
------------
String:
account-ticket<xml>
    <AppId><![CDATA[wxe5b18b9bd7e3626b]]></AppId>
    <Encrypt><![CDATA[Dq79Q64XcUtOvR6LQcTHrt2Oenfrdnl82HeVSdsdRX+QjhaR5CPo3H4jh1oNeav2T8/BaqHg9jyLQDPTAcUHp3NJ48pvTIUHK4wUsVq86tTLte/UCMjxoiXl8n+5oVsXWoe2wXc2AyEOfdJmfHp8VnbjFDixm7HMex31sBPkstpRNI5gqwLRhko2DRhAL/f5jh7nM5Q0XLVjQ5NNu2lbiaxtlmuctPflmOo30Aefask/BE43yR6F/siure9MWif25zFcnx/1mZQ0QZlTfgk1FrV/h/H8LGIp2LnL4qBmCxklUuFbwiWRBpPwUB/VhfL4JLAL0gil6snBdjs0TAZc7GsuLN3Algg6vOPb3RYerwzQ+vInJ+3GkmkAfhwh/W0F2rkzhPak8on3TYK9zrln3J0SokHgyc5bXau10ZNYTvTz8xxJkxMA1lTnZBnhAll7X7gNfE54kP3iNByxupj1tA==]]></Encrypt>
</xml>


2015-11-13 19:21:05 debug :
------------
String:
account-ticket<xml>
    <AppId><![CDATA[wxe5b18b9bd7e3626b]]></AppId>
    <Encrypt><![CDATA[LPK5CBC68EjtGpqVLRIQR9JYgOLqEhzRH0PVIyAx4A3TTahqFMXm0Az0HOJ9HymudpHvb5mUCbpHJAwLhDIMG2spYlEyKY/JVRliqlINv73qEDB7hiIwhtQK51NkIojjajuHD8nxmOZ3KlDKGXb9zlw3UQr9qfPI3VrEdJT5kBCowD6zEuUaiSnOlqXuZ00sqS47cDQpafHF5OgYvmvMKkc5xdu7VSFzAqjKxvJ8XVmqud5QHCXU4I4lbY0s/gP1rFSwm/MEf0n5xnEl20AlJxPYiYWdhHNwCzIPZ1SfRlBEIsr+Qb9eGT3/3it2/F4kLhoLjwxtm9w+QTmI/GV5VENrO9KNLiwadkzrlx7CxCm7vnTqEbOwKMxnkmHwzBCzc1tN7TDgOEFXf/7KJwXNW5vIvJcWK4DmGzoE3KhAeBr5M8InZ84Y2PKf6gxdttqkLzTAqQHrA1jX9yxUAcKFaw==]]></Encrypt>
</xml>


2015-11-13 19:41:04 debug :
------------
String:
account-ticket<xml>
    <AppId><![CDATA[wxe5b18b9bd7e3626b]]></AppId>
    <Encrypt><![CDATA[6oKBCFqGItVQKr8j9q9DKkabxRzZa4owQrSsWuaZC5zdDgD7fc90rcvth/3eAquOXVR47LbB1ue8PwIGMILnOA0vw2yS3rviXPI1xCnlbt/Q8BjKRRVtt8r/bFQjYAJvuikxecUhTlDs3aH2qyViwU6mZ1gpTz5StAeeoOuiJshgV4KPO8dkmSv9QRzSwexHymqj6VkkdCUvLBE8d2efsHcCTi/cXTTgpZNB0b16bo0/zhOHZM6p0Ojut9BPM0iYFFNFIdwOcSoMfuBRB73t/T0HQS6nb1BqwaiXoHRcHE5rxleMsGCGD7IQR0n/y1LfesQ5HWEcHtHSnd1yqnxS3f2mZK1y52OZLSQIW39WN3Jf/MK6nAl0iV+GIhN8LtTiGdN6lQ7f2HARyf7VH10tjcfK0qzp/lknwtRqQOjwzPBbItkDx51QAPWmwWH1ZcCbRO5BOqapMIYF+jcd0J/mcQ==]]></Encrypt>
</xml>


2015-11-13 19:51:03 debug :
------------
String:
account-ticket<xml>
    <AppId><![CDATA[wxe5b18b9bd7e3626b]]></AppId>
    <Encrypt><![CDATA[sUmbbWN/gLLGh2EHGTOJlKpgbGh2ZsAWsxXZW0KVkQkwnbvjgcVjv1xv2RCcEqzx60z8lFzx0zL59TRvMwsQG6QuSRbxVXQG55fwuo9LjeC6G1FhGCg42axu4XfFv7hFCCBpZdn5kXrbb6KDsjwqfYoZYgAVQk/7K5a/gh1OfK3IwMPCOX+DHVvqQnW1VJUnWVeAPmr/GeNSwUMJOVt1bbE0hFqNfiwV/Gr+K2ouzi+8nGg5Ec9NDIbXY4kPspsqU0rBeSUemjoU8j/k57j4+nSyc722Plb4yLIVyTHIe+HmBTQyAiEPLkeNgZxEbgrWkeum8qWPxPxRcY6h0xKHXsPURUnl4IwxGeRhxLmLFd3pAZ2SF/FXfyRVvvgxqHxQpHvyZH5tK2Vlne2Olm4SMe+aRg4FNy60YJE5A6hSECJnF5SlG3E2q280pprP98+FbAIYMgV6yPlZOskniiEjzA==]]></Encrypt>
</xml>


2015-11-13 20:01:05 debug :
------------
String:
account-ticket<xml>
    <AppId><![CDATA[wxe5b18b9bd7e3626b]]></AppId>
    <Encrypt><![CDATA[ppfwCdyIW8pfGEyaavD66REgPGwMnZ4yQ4kutLgm5RVmUzpJ3ouFtcMKlQh5Bb6cXzjJgrzqBxjFwCN6G77kwtCHBCT1TN6tivpYm7oSa4mpvER8KpcgfUknq5LMpvpaxDUJSnGNboesCKxNLajfSlD2OXxbZYljywkag0mrvRXfpv/PBA5ATTxs3oYCy3vIxBcD7b9W4uEVYifctpUzUW3oP5mMPzykJeNoy4NFN8Qrm3JLSXpSbVbi7JVm2XraAe+Uu4KgRQw1yE+C0ZVRZam8cjY0jnxF/jbz8KT6eIdDKRM7RrhGWxmtD2n8yL28BJqpug0qDUKgeVTPValPx8goyNTVytoKchHbO0J+zVNmCi+7jSrI9vicertDIugJHqBFcrOzTzvzMc87aKEzNDF0OW6v9pUHo29R13hbmbFvDqcmqgUS6EkzfMt1ku9ze/3XGLQwmsQBNrf168FA4w==]]></Encrypt>
</xml>


2015-11-13 20:21:04 debug :
------------
String:
account-ticket<xml>
    <AppId><![CDATA[wxe5b18b9bd7e3626b]]></AppId>
    <Encrypt><![CDATA[lH5xAlqP2W9llvXyKtBbRNgGNEmHYb3lJ548Zu3i9gBmGBZ8e2MDUEHJxE5/nsQ8IwPkXsqFI6KtfKGMN4b+gMCA5mtS4SmFIDR/sbRsb2h3cQJjjcjfmsmdPce3VY4FrPdnUPys4hjge0N8CQF5IxXlTPd6AXaNlz5xw4ISWGgAfTrh4O4MHY/naFwIUlDbLoeozQxwh68TmT9ySLUHJODHwoaoz03N0dEMi3Y/FugSsDvTzA1Z6dGhDWRyIvROAbrq8EmdhGs0ciUOqGO8LnbuU4yxREwtoeDh071mcghoS2PbN8Z6UkQV0sd2Qbzi5QnBekLpVQCUpUnkjiR3Gl7MUmfW+AqJhfYK9XMNADVtOYvEv2tzGgSBeT2a3is4BCOyWy+RO8Id3T6g5rFgrK/Xjh5w/sV8jghYggl/fTuFJf2slRRRo5p3HiX8fuKEIK7TCXioft9Tn6qddyPW2Q==]]></Encrypt>
</xml>


2015-11-13 20:41:05 debug :
------------
String:
account-ticket<xml>
    <AppId><![CDATA[wxe5b18b9bd7e3626b]]></AppId>
    <Encrypt><![CDATA[M3PuYBiOGrOQupcCRfnv0inr3tXuB0VtThi+0raUbI9bmqogl73Zz99ZaOIXzbTKTMQ3oo2G11vYwMzaKyGdBXXmzULR/dq1k799818ct3b3tAs1QEG5a3rKITgTWcUv2E5mOJMArrLLTPa5hpyjJ3Hn1Ryq/aHgOvzFEdw+J2kjXZq9SQkcqhgQPAc5wW1yLOqIUjIZKlMSFGFMy7otviEgr1gGL4kIYvNwNSDxf5JZUMc5SZFMoxRLZrZrG7ZKjimINBvATjzDkXzMJrP2hF0qd7J6mmmUoeqbmhRaJFRtvIcQ7pChxwAKPj5qZg770kp8L7P+3pqqbnzBAoANL5qg2Q3zpNtb1epOiFDTEFsm65/c4+xb/TFnCNuaezDJdwXYTS24vJJwpyD9Wr2pWETVB0KQXhX3YYrhfYYMeIbcmd7aSQ2jSD6ayNcHTU/77kQvtR+jQ4blBBH8T6Q73w==]]></Encrypt>
</xml>


2015-11-13 21:01:05 debug :
------------
String:
account-ticket<xml>
    <AppId><![CDATA[wxe5b18b9bd7e3626b]]></AppId>
    <Encrypt><![CDATA[xactEeoDvO5cy4scFVNA9ZzYjO08s1G8aibSs/f2UQ+469PhKwsownBWX2kmmoCHK2yNhzGnP1nYdhqjqguotObaCXSDxrjs9W6NK4xsAYFLDbOMbjWwWRQx8P3WzK/0AQakn/eQ0i+Nb6OfH/IQhC84H/LOeRVgx+juFFDUhMSCwvsegXRSdVoW6s6XI2Im9uXD6eCxvNFCy7Nlt8kzkd7V0zhkVqyUyVq8gVe74H4l2uBxKeUV5RyEoyWsu8y8sKyf2pmSMvL/XL27U4Fm5a/8HuWFNd3Bka3UtdcIiOWLR8q2DZE2/Rbr/kgjVJ0RqhpEIzuXs6OziWSG/vO+d9hs69tQ3cozmGod+v8EzkhD2TnZrm1bDTNiGADaHi3y51E1flwhwbCfOlNuJLAUW6wp6QdhDJ/tPUtTsR7vx5oEErqIQXxQOph5zADmr0M1QKhvqv5HDx2WDk2kcylcqQ==]]></Encrypt>
</xml>


2015-11-13 21:41:05 debug :
------------
String:
account-ticket<xml>
    <AppId><![CDATA[wxe5b18b9bd7e3626b]]></AppId>
    <Encrypt><![CDATA[MeWhvNiCnWE/maG37MoDpN/fyWDtRn0LCNqJdWypNANNGSLfaY8qMtP9dEwkaOLbfBZRurWuEDETlT2EWXoG6uEaenBspIDyxGD2EQo8Vwizt28D2uRXdo2fc4ccvJjm8l7IEcNElKyLSwSU/vziehivX/LQx6xnoYNtdA2f5ew0yjfTEEGIi3XwtT1sTD52SiTfWwZ11UnoowmxgvZBFYYjQ+tRvZJh50QaZI2Mz39Lh1P0Iut/OHjl6KhM7by9wmwXwxuAUhaGjLe27T7H1Pej0GzKaK1cX7HXnAWdvnTXOW6w9O/Y3r8BWIYwD8TZ/WE0jgHZ3NgiW6hu1gCejbOYaNlnXHlq/LElrRPSySYTP3GRVyU8c14OQpdcxaMOtrOVki0Of3ru69XVByb75mEyq2fQ7mAWxenzvpT9UAuzYXhN8mRIv2w9ODZv+kx9TVRNyafQ9BcGkIW/cVj0Xw==]]></Encrypt>
</xml>


2015-11-13 22:01:05 debug :
------------
String:
account-ticket<xml>
    <AppId><![CDATA[wxe5b18b9bd7e3626b]]></AppId>
    <Encrypt><![CDATA[72DD2zfSVmiwyol/ujzOOLNGlRiwlkga3EvZL6iMR95jZ1ALxzIOVNFUcgx+CMRSADiV0jFgjRHeWm4illRQ85fSUKBHYfA+4GCsAVhfXREG3/4cGM6WOLjHzLS/4miyl/h33ev1Y1SD9C3LeRj5HyXCHWMJx/RoFnTQgRaNBxSMZyx+i8aBeRRRAIrPkJx44t9KhlSY92Cx/N1ANk+mL2gzR4qAhx+1HZ9+5hBcXxT1pU1OOYghyB5ud6dy5kxQZxQCOOBx85ReGfBD00Qg4yXuRk2jJCpE5eSraHwSMUYy+OBms40n9cM8x5Mh5Jaw4vgsu5gx5HRkvkvwLufz9HBu3SruYKbCZ/59LXbF9sTQ/BHmbvQyCh55ERn74UEb64RfsRn11VWQzv/6738Vwmb//bxH1d1NvTZqIkFzEzgmcGkxsg4drQYBfEBu6OUUZuJWJkGKt+WT4jadRT7t6g==]]></Encrypt>
</xml>


2015-11-13 22:11:04 debug :
------------
String:
account-ticket<xml>
    <AppId><![CDATA[wxe5b18b9bd7e3626b]]></AppId>
    <Encrypt><![CDATA[Df6DHkdDRzpFhmGicBxqYt8Wd4503pxyiDRGXe+N3YIKefZje9YNWYlXf6mrmFYc9naFVy2/5JjKGdRicHc3kZhTV51VQxlVl0Ke4G0O4fdjBhtIHHAVxu0p+7333189+lp89vNMl2eBhWBGBwugJHK+t20moZBMkXwKXVlPtzqAsDhtW66dw7b1EgBpiu24v4QcUyuhJxsfrWFK2dLYUOiYVHaG/A4t0L6HZmUZzNRtiRinH0iCvgiGbOuXh8YU1WoiL2ryu6SmNOQgsaj4aW/jFH6bIEkAp5y5MlddRXGsCG1SU317s+vFBD1wkImAbWMbI7yfoNQqzss6DNNrnK6zh/XdjVIkqS/W3SKKu1ocyxn1f0wFu7gmfRWAHtw95It9kfBdDGRfkVHssMDxzPLTlCbxP67ZBrSqlxJEPbDedPLEE1U26l19pgbDX8Vk9pNQWO3/68f4g14RcSeb6A==]]></Encrypt>
</xml>


2015-11-13 22:21:04 debug :
------------
String:
account-ticket<xml>
    <AppId><![CDATA[wxe5b18b9bd7e3626b]]></AppId>
    <Encrypt><![CDATA[L4KBQxEIE+pNXy0AypyfToqK+tbZgRtCZEL80Be1TbcM5YMwC1JWJ++JQDFB2MmXbo4TdwDBVG9UIe+F+7c5tOHhRk8yVLP1KGaD+7MQwkPN9KnJ7mqaZftQV4aGedlNAtGIiDBkVISfJhSD7SZ+mcyd5ClI34i20ePFamyHehrxR5TIHU5OjO82VMYCFA7REVCNQ22YVkLZ9pYHttaoo7KekvoqljvA4EZvVTMO2o8BqFdKykpErLqemIyksZCFLuEvNJrR3c6dSUe5vhc686tSeQFrjXbs1EHwPKoPKnIdnIL7a+2uS4Ti1xX/4SN/jtViy3N8BrFg5roJ70LtY6aIMlDAV6WFIR6Yp5MHj7xTrnIG5HORfNQoRafAC1Rj5lj52545jJuntT6YERrOw9Z3wqUaO/EWFuj+85RYEgX+e9LctJay9dR8tqS2uq4k/EzhC3c53ICidO6tUR93Ww==]]></Encrypt>
</xml>


2015-11-13 22:31:03 debug :
------------
String:
account-ticket<xml>
    <AppId><![CDATA[wxe5b18b9bd7e3626b]]></AppId>
    <Encrypt><![CDATA[MwLQ5yTIMiKQAgnQCOIEKuB5R5t/qkbuvb6SdM9AkN1Ibfczo7lHx/vs57Jh31hs+kYz+SugEka90YmLc1V3pBLQ+zObuYrs4lZ+Wl6UcuGjnB1cNFYMMCf3F268KQpwwQCMmopMU7sH6EOTTHeo5nEdMMbJprpMiIsJvRKdYF2zhuXhSq6kdDTMNkSzj0lQJHVXa1Uma6t/Cwb2NHm8oe++RwrmncfDKi+ujhTGOGTT1Xw0i+I29RgJFl7OwKmVetvtuvRRVaR5/zpv7fydZvc0mdcZcriHRtOBWJk+RZGEQnCqxbvjtXwmgGA7NPpECd4MShHHLnQon7a/LS3Oxxli2Fuk2sWYyT1DMMi/bOKZCtdZAdOwlsZVwbgE3TkdyZ/V7PvIzZi+LgskOfNv5nfwn4r/vuifoC1uuoYufWOS7s5rWfVr/3Xlo2qrhBxFUWuBExjf1r1Anc8R9o7eMA==]]></Encrypt>
</xml>


2015-11-13 23:01:06 debug :
------------
String:
account-ticket<xml>
    <AppId><![CDATA[wxe5b18b9bd7e3626b]]></AppId>
    <Encrypt><![CDATA[mzhbma7eOnU74scNqO6ottTmfSzBskkvWxskX0ylW8j6U+oZ8ax6SlnjkhHIEvFuDWZKRjjRyJDjEhNMmXSrCueYjEibkrT7JVVJBJ0OMJI5O/XkeaoL5CR+2HON7B+3Hj84TA6l6UyrH8+1eNsQqslEzckvhQZboPc6iZcIVotuZuFdY38sQPgAb5xPPgYlggxWnvOxAaTYmZ84tzqfTan7Irca/0sRqz0TAFnXh4gEs3aWbp1wQPsC9f4shjgqspe4Y0BdEpyXqn06MQsN3dZty8bF/c4cUZeXLb1kH6ezgvWzTyU3bjqR8fS+iuBorKqI6GFdjvMo/cGtlgagXNk9mwpnk+bgi2ZPrAQ4uqJQdt8SZ8lreZRaumWnp1O3+OvPK9T4jz0+oulsY0kBc0nJYIedqByZj/WUzFw7NjmtfIn6JjkmYnGIJQ8fTxVMPHFEprVQTdWnTQmfSfcI9w==]]></Encrypt>
</xml>


2015-11-13 23:10:58 debug :
------------
String:
account-ticket<xml>
    <AppId><![CDATA[wxe5b18b9bd7e3626b]]></AppId>
    <Encrypt><![CDATA[uWhCupwSL8h/2HYumcJcdjbGiqyT7ebiKsydczmpfFK5VW7/q98bQdjXps7LKOsYJa5z15m7ArVh1y6Twca1L4MYh4tOwv7k8FWctNzr5DtjYfn4AMT5b7rymgI6pGQqNB/OhgfBAdV/WgB7YXTNZN0p9XlTg70/7PrpcGf4BjfHhUaM5dXcfx9tZXDdlUaYtaSOnPENDZFVl9EUKVSslz/Wn9BQs8M5ze/1FNKB+TrVbr0Duw+DJ25iWWELqxbwj7JRzOGxFOw1oEnbQUmtPAYJvZ3o1jd3TYt2VAXmAVUnEqIHs5iEa9kqglHe0p1s5aUzi8Uh0I02iqWDKY2KknOF8sb8vVayhXcYPuedc7Msvp2fDepEWUH5PIn1ZrnYNTL4VSB59p6DG2yOGf4pbJsFU6jNLzu5DcZ85Ef+TeGtdSLzmzcDAe/gL3KChHBBvJoCdQ95Xa6az4T2UOYEGQ==]]></Encrypt>
</xml>


2015-11-13 23:41:02 debug :
------------
String:
account-ticket<xml>
    <AppId><![CDATA[wxe5b18b9bd7e3626b]]></AppId>
    <Encrypt><![CDATA[lSubuUQxue6b9CTShBQHVv9e5S5NEiaQHA2X2dcH4O26U0sjsnugSQRLf/qt1XSpqsMhq65QPdz22Ikn9KvCwWkZYizgHgWbff65YmWvizdHjl0Mf+HqCezD51vh7jiP4gu9R4iI+em11ZOCIxG4FRiQGvp9NM7Q58D47Gt1Qk0PjXEGpD1ktEgywbN3X8SuC1Nb0xhhm8XWMPRilnGkFq94aDOp+fUn70lcF1T1/UbBNBLDpVdmF3kjp9cSY1YSjFtXPq8Vgpd+XeqtqrQTjcJhPiUSakz12WcxVZDMvbMRWyDwPov/oNMHPKcMm8CkmcPM5W4Iqo7awPIG96H9VkFq90RymUUfkQ+aOZWFx1vlWE1oXgvyWheeVHzhSN8KCw82+k97FsT6ANBI7e43PLkf22cqSizJCh+Gjf2VxA4b2jXPsruxmTIXQpzKLYfT3oMyXoBvz2j//2nxwNZFew==]]></Encrypt>
</xml>


2015-11-13 23:51:02 debug :
------------
String:
account-ticket<xml>
    <AppId><![CDATA[wxe5b18b9bd7e3626b]]></AppId>
    <Encrypt><![CDATA[l+6dEMLkf6njt12k0jw4PLZUtRawcb4v0pAJxCpS1jEqix8Z5Qg5I6QPNOjVM5+mQXNzVEkXv/7/PsLq1puYRIVZRp0YogzMlVfbXIv3DBIySunHHiPwt+/xuqUafu8bwmV4a/30SFbq+8X2+Fq4rok+WAhFzhRJcyr5+ZzPFk9ESVhdQDDcGk3zvpTyW+d5ulXnZaujhfTW6t/1H5atCgO6ddhRGpQFC2ljnup6Xx23pFh/BKn0gUKG3hylFGT1qP3kWOdkQTJmlrzIcyWo270mI0YG8D0nNeXlyNQmsp06Ldh3D1R1Efw/QQATFagxf8NJ9+fcq++1FdJy8k9HzGXlWTBucNYMcdALGpy1ZaL3LSLYEAt1ufVOwc7XMl9xnQHjAS811nTQdav85s7l+YkF2GZLXYhUSvuxPxA2Ug6I/bkbYdC5FbIfT8Xv5w4UsDpjAkw0OIK3omVY0LqJiw==]]></Encrypt>
</xml>


