2015-11-20 00:01:01 debug :
------------
String:
account-ticket<xml>
    <AppId><![CDATA[wxe5b18b9bd7e3626b]]></AppId>
    <Encrypt><![CDATA[NKLtfOKk/oT35UL0GG0VTEFahQBor4j9WT3XA+8Rihz4xJTx/g76TMol10a6b0hOuB1B+JBZHR72RT0qpwBzidYSw3Yxs2dQsAQmUGrGoCNFMNCsOvPId0k/Xf0lxpfb5bA0cC8EsPZk5Iy+pJ2lcOVcEspbeLHQS7iPfMIyntltV9OmUpRWULauTToswL7Lr29lW7WI/MDxDyFD6XCMUZfADBsWizyGfMTi55YE4LcEfhtn/KyOsdIfA9sWm+ExKN9KQZQiKUhQl/J7Y03bQoNGXyeAwu77IelV5BGKGZejTwsCT+/3nlvWroOgGOo1ACoUzrBJ7HcVMW9VaNk0yVZnr6OoefGpr1JK1EamkRYlyWUwSb9a1kEnkq5bY8Gp21Bk6J9pUpEbzkE8YDEFvI9KBJsWRNV4CeDgVaZOH7rT7R9SRtnajAbJDUQmzfAD0ISE+Fo4B63iD5pylFwNPA==]]></Encrypt>
</xml>


2015-11-20 00:11:01 debug :
------------
String:
account-ticket<xml>
    <AppId><![CDATA[wxe5b18b9bd7e3626b]]></AppId>
    <Encrypt><![CDATA[XyV+FZsklSROIrpFozc2fv0Fs9eYr5zZr9lqGsFubKgT+wEjHru+yWoji7TIFkqfSvEZltJYCsQWpeYD88NI9uurZ/SgeMJMBqV4wMCsueeLzdW7A81hKDYEErrtuJA5YtCBMR6rjobKCY6kcAGS+ANFZ8ruWyBdo/rOJ6g80qo7lBzQyIwLmwxKAssrUfGH9LKdOIcik5OcPlD07c2bulx1XoPOkyFHKj3icxlONODCLdIawcDq0OORr0ViKdmygMIUzp10VVIzyB2c06vZJleyzIlVwct2i+Fsyz6r781BAmUwrg535stEJr/tvsPUUkJwgs9mPW2gBACgVkpL4ovVKH2YwfiMvO49Y1oGugoA/WMs03wVb13gg0OcQPCuLz1/SCc2/psSEoRztbwbCW/DUYfSK31yYrXHtO1qS15drszGeoA8hDGJQZeOC7+8WWlzg7cUIpRH+P6/0LZqZg==]]></Encrypt>
</xml>


2015-11-20 00:21:01 debug :
------------
String:
account-ticket<xml>
    <AppId><![CDATA[wxe5b18b9bd7e3626b]]></AppId>
    <Encrypt><![CDATA[N9y3Y6omWBFuSv56RHHjtj63bek1PrzsS6KEwKxJnbslZBm0CBv9d/rt/9j6SHsYo12q8OrjhNcZ09ODATDe1QNPUa65WP8MtonppfsCsLGoTF7s+wQi1JsKHEZKmCyHWhT8RZzS42GNCcKKCK+aG7VeaBVEnkMbCKrq8hvZ6MsbQCAc/rH6TySJQInsdZenqV0uPN9E4e0jsI78JHKdBJyBV+l5tYacx/i6bcr400ju2LsdSCBeov6AAh40eItwQtav86bJ/fMUWdIcUWUNWeCnIAZ5BghW5hh2Sg7zj0CV/EnwIeKOFa33bJLAk6bqTouriEiXH15ddidl5+KmXgYcyjHTay/djzVx9bUKbT4TGocFMujbF3svwhFVf+1nRl3pX1tEfRXAXGGvQnmzYd5X57L6g9VjR0y76Z5heq68B6G6vWyb2RphAZT1lMuuouyx7+QE6B1rEPdsO8oYFg==]]></Encrypt>
</xml>


2015-11-20 00:31:01 debug :
------------
String:
account-ticket<xml>
    <AppId><![CDATA[wxe5b18b9bd7e3626b]]></AppId>
    <Encrypt><![CDATA[9RtxaTAWOwxViOln1lTemepI4qABb+1uyLb7rPaDYemt8/piscTPxPLRQgFPsmxZKqXOoPV5VTCx1dj8un2pPiVYsyyr6cITVTO2L+EZvKQYrnANbqZRm5TRmexqndxyu7Ez9jVd8nS9sgzkSj2U0d26wAkNwTyZmd4feLbFXyUDBPdTGJDH8L88wQozTwhBHleGrS5zOXpT8sekoVhn5KCnB2DqH3y3I6tSJC3jE8JIQH73omDZS4SGd6m/U4vhDncmQ6K3W8/1kepcUX6Xxy4sENK3OXcCJgBLKxMycI9QNLJPoTOb2TsfnOYQ0Zn8nUO53vx1YjURjtgzTB+wCZij6apjtEdXSMDIJJ9pY4KafZwOSSLd5s3rqwuYbCNfbRjWBHfIA1OvMuiFKWbOqmj8xffqKoc7bNwK3FdBOed9gZ/iC5XwRG2b5hhYfvJZXoAzfy81mh0a5B8mIZCtFQ==]]></Encrypt>
</xml>


2015-11-20 00:41:00 debug :
------------
String:
account-ticket<xml>
    <AppId><![CDATA[wxe5b18b9bd7e3626b]]></AppId>
    <Encrypt><![CDATA[aGnJRL/BQxSIpUgOW8J+T6Gsv0TnHf5aoOYy/Nb7IKE5QXcpRv6iUsveUUqJWzgpSrtmIxSOZrZZ5VJhlMZgia3gif1xTyfSXnEuHkwmbuqX8z2BjCaW6szOUT3rIyw9H0ZCgebdGz+KurFH8G75Tq/QN31u9q+3NOW8q070YSiWiss5CtQ46/Gg09C5CdTUtthZfQCcF0iaogMPB1lg10/sAcM9yG/y6+z8ZWtETfA0zWKLZYRjJrPv5klGuN0b63gNRwr3zBk0wVVcbbIzBg5UOnaJB0qil6VT6mcw7cNLNBsYIub8X5xCCP/JNFe1sJW2uncPZ9CxSA2B8ZGR3hi1nwPu13G75fgh2Yp58gzipLV0RK0dLQe3q801kHOkWQMgAk0aH91ubk8H0dYU3/9i2gQRnFdOoDI3Rtew3Acz09sKbUNmB5ZnAPEtQuzTvesxn3cx30Kw1+N2R7kWsg==]]></Encrypt>
</xml>


2015-11-20 00:50:57 debug :
------------
String:
account-ticket<xml>
    <AppId><![CDATA[wxe5b18b9bd7e3626b]]></AppId>
    <Encrypt><![CDATA[p9EcRbeRTShlCMy2Jh/eS9LRKk/s3jA39R1sPLEgITil14HsEt8lLPLJ/QWWfSlyP+RdGvBQmMgKZpPZHoHRO+Rq6WPIol1Vu5AabWSiDSvWTAkO1z5ygFnQTwZpP+TMl9JXK4Cf3C8/eiD3hYVsMt+V1OXc99hqVUHUMxazHfL3nIBUYi8BsqjcMbwOQfAyYAWuWDeRyFXI09yLgZ3SfnEudoodSKeZCnJUZpGA5Vi4RfWL78ki3GSUkxoa13+lStb8lB+g/EYwGhUyNrTr1JSas36zcQRXkwTn/fPkMyBOVQAyI9peafEbenZDpJTtq3nIVJBzoOYA9B/31j6qYIdk1bVbRfqIbtAV3U6O1IaN4TMplXmk+OhBZyufjBHQLE0+0Qw0PHvl0uMWpm8t9q7keHldWa8Pc/lu9Aiaza+OAYlrLUm2kwx2bzgilJzM4fWGD/HmXucCDGvcXvKC1g==]]></Encrypt>
</xml>


2015-11-20 01:00:59 debug :
------------
String:
account-ticket<xml>
    <AppId><![CDATA[wxe5b18b9bd7e3626b]]></AppId>
    <Encrypt><![CDATA[vCoTJTmlNuC5kkeAY8mA5p9PMLKhwDFRA5wKOAi2gIKUggfKNOg3Ied5E3kmmEzz3dMIoX0QBZ767mt+zH+hgSAKu65cdLONCtn/MF2NCjzVBjSq4huWrtk2dT99QzyNl6HOYGybGLxZ8BP6sXrkOSLUsIGztlF79bi/x9sA1v+du/WOe87dhAML/DvSz93vJjl5RKPe7CnfcqkbYZNA0hDNgbTRI2Hoh0vEChkwAEqyh4i7izeVTP2tTF6zisH4FO2//l8nai75RIBl27kvAWHEFII3RImV5FG1FIVwRJcXqroybQZWwVp9xB6EGpmwu+pP2rNgnj4kxYWIAm3kfeIdVmunlX3kLwWSaAYBIJ61xCbKyo9NxIyiaMeOF07n6yDodno90yTcPcBDLARzVJBC+0kNWTjpQlfwu76NBhHrwLuUWGqV3W63iZBJ3y7qROyowWCpBXh69ni6Dl0rnw==]]></Encrypt>
</xml>


2015-11-20 01:10:59 debug :
------------
String:
account-ticket<xml>
    <AppId><![CDATA[wxe5b18b9bd7e3626b]]></AppId>
    <Encrypt><![CDATA[6yapdeMeHQ6hRVbvYCj5FUycFk7yMg3c6gJydf1OSEL6dq2cGVs9bSzlb+BX7w5nXM5+w5TFKzQ7OZKydO20oI36ok4BdyZYEa+NBdZm/KuuUsoxsx1jr8hWzGMtkBWO+yzgAr/iVb14FFr3vAF28HfCFkMt3hotS48RxS+VJkCbH4sN0KDLdM6WSUPFpS5THmaY+bAgvWYamKk5xxw5ILvzBf33ziaZpTJJdz226mT64gr1YfPapn0POtHICK1aRQsDdeisJ7ebwKe19BPoxkA2sygqz2/kENQf0bWzixRZj5ZdNAflw3ce9AGHCY4q2oQYr0rBNPtzkb1HrSkLNKVnpvnYVrZtgDfhc53kOTPHfU1P1e3aILdig0iMC0Z9vqRnFXBBhZfrx+Q9Q2mOLxD1guAd38wbvkud5aWvVwqs8DIl6159KUv6zN7owOnN1qMvqLQDKEDciuKhX0DtHQ==]]></Encrypt>
</xml>


2015-11-20 01:21:01 debug :
------------
String:
account-ticket<xml>
    <AppId><![CDATA[wxe5b18b9bd7e3626b]]></AppId>
    <Encrypt><![CDATA[pv4MpNsxwmluKwStlZvDeo1u1O527uTdWdOVujlxgbsrR0hySGBbH5RzX+TjTqae/bJC1bkKX+I9ncn+4u6dGcvYkZ95gN8uonvBbcAMm1r3iD5x5Ud2Ex62jrzaDRzdiQxCz67kI/5IbgBAOzniF5bPSVS4rgUhmxRarSmReJpBUx4VNFH9JEGNoJJaPDXKwqm8BBjSZB19HYI9P4uck5Z0qwl2XnrRzLoPw3984ybfhEA0Ynqrhg0fTv8tWy9nh06kRvIiemshtzMGCvpzhEPtB26z3eZzWHv4UwD9kxGkmv7pDCfbYiATs2VkWByL0Lgpi2MlL72+7xvbqthvTrT5UKLCOQDDk7b3LJDq9O0p/qWxmtp6miLN07QOsqLvmRzalTZzHaxfm1yolnnUSfppTNQDcHpY76qOi/mq8defwX2ChCYZQposrXcB7c2eYLUrdYuKxf4JtYo2Ix65uA==]]></Encrypt>
</xml>


2015-11-20 01:31:01 debug :
------------
String:
account-ticket<xml>
    <AppId><![CDATA[wxe5b18b9bd7e3626b]]></AppId>
    <Encrypt><![CDATA[nRT1c7PEQQy2K2Ngff/LbVvuBmzHq5EmLkLobxeKI3XR1c4JgGukThVvDOQukXLj/TTi5z85Y2DWKnAMYaQA+gerySLLHc2PL6wDSCm/nNu0mZziT0L6c6aJGk8XIhXSALj+U5sQGA9A4B1eJ4mA+KYzX9PAatFepUwsOeKkprDE1sta11Auf60AS8U/KUlvQ+NBbnuz0Pr2k9z2kd7ckRYSPqAwYR7P0if8ozleccG9fKPauXvAuDYShQOpcnvXe3mxgiFmw1EXDEsThuc+VemMmDfNDh0Ei9vtuU2W6hTMwB6ZiAjjsHApSl9Y9Gr/qa4GE2t22FjkxbF/bYXcxTLWOrB54NH8fuysWLsYBuOXSm9hzp/61zz0vnYrfSQuUShCwgMLzpWNILZSj2KkvUV4nMUMtJhyV6eJm1hdZk0llNF7Cz/D98C/tjGi5NI2lC12BEuv1wBkleyygcYb3Q==]]></Encrypt>
</xml>


2015-11-20 01:40:59 debug :
------------
String:
account-ticket<xml>
    <AppId><![CDATA[wxe5b18b9bd7e3626b]]></AppId>
    <Encrypt><![CDATA[xWKDZri5mCq7PtJ4qg+TSxBJQhEF57d6G+ikHF5MNnshg+rGbaK93R1yj50mrD6VejwzSmcsbgOJH0nyGIoSO+JkBfqtgqCUEAP/L3psYYTXKwvTH1ljsxpWBB79uF3SmCrcYb+wy3eLnxE2NumWl87JFhvDjYZtFRuifKJjaiykwVzuyBqi65LgUmZcV2nl+Eh93bmLN6VgGrhhkbXpOV47BUsJxcBehiamdrdiF7hbD+kKsM0yqO/e6uCnXinrtUlcS2h0JcQpoppC/3OCNhXqGcDla1hMGe4tvj1sMFuRpJd8o/pWMkbf16nrD2MyBjeORmq2FSPzz1Q7y7QeK4EhNOqDeMKzDL0Oc8OCCAHdc2mXu7/YEcswuhWRbpDPVtrO4hj5gS4P9BPj1bFK3ZEVmU39f4dSRIl4l3eyAsHT8k8ADPNu/y/RB5zGlyoe2FeFE+FSISpBiUFMO2oNEA==]]></Encrypt>
</xml>


2015-11-20 01:50:58 debug :
------------
String:
account-ticket<xml>
    <AppId><![CDATA[wxe5b18b9bd7e3626b]]></AppId>
    <Encrypt><![CDATA[6uPTRumu60TPhx7mLHF+tUldZfuip/C4d3AA/5nWhZ5aI0Fyb2cQebY+ytp0aq4EXBzh5nuWVFenv1vnCQv3yyrmYr+xRnGNGPf0QBPvl5qUe34ZTl0zWmNJ+tHt6pOrl1o3HdgqCNNaSodh3bOjVF6Vk8RsJG5yQdZXeDQsOX5KIAV3dtUIrejCLmWkThA24olgwhQHfNvOd/Bccjwtn9Wc+4u0XIdzcJE5b671lQIFhEweLBmt3KhO9LUBe486Ruxl/vJCJdqlxf6799kA6WAo7O6tkUny5e9CJALPQe7OioPgzP1m0gtOujdeetQsaiWXrfF4QUEYFJlPM+mfz49OpbYPz1cH/2nB5qqH46QXfhIbYU0RgtZimqxVGbNBgrcsSYWU9ArcdUaBoQuMtTGjGIw7gHAhSPEH150x6rpi2t/Ev8X21RI3ysocFiLW3cJYwC9R9ijLEpYYGA2tXg==]]></Encrypt>
</xml>


2015-11-20 02:00:58 debug :
------------
String:
account-ticket<xml>
    <AppId><![CDATA[wxe5b18b9bd7e3626b]]></AppId>
    <Encrypt><![CDATA[jYe1LRY/RR1vva5MWogmFz8okxyvxpehDQJHFH1CoxSs8Dp5QzZmdj2ahFRBzctj0J15D1gsdn0T8oamcL2bTyVlZ4WU+uO/XykvEIg4iAoybDFic2pTE+d8JKbB/hYjBTg5FCr+uLRs4n/kRR5u4+2ZxKo735Mdo2EJpZXEYA9ffj9tNL3TKbzKaJc55KncDDz7Kx/NPooc1RGqYilMFVflEBQr3g+4mImKuVvXdNTTqZIdTRS4ZfCzsBQBeViPkJCFZEV2Kd9o0+FxzHonrCmJPjpJqwUJJz1ZQwzCXrVrB9QhlxD+02I83kXQqeYlXgthtZhnaNo3S/Cu8HSw0V5/fkv/5M+0vsnGrKAQLva76QH9U0XCtnQjO+//c1xrNbgjalHO1WA1ZtfLKO24R2WyqwLZ4CyfSOmsaHTAvFFfdFvs33GIQUfgPQlZwhUtYzqyKGzuMgURc09kHY0zVA==]]></Encrypt>
</xml>


2015-11-20 02:11:00 debug :
------------
String:
account-ticket<xml>
    <AppId><![CDATA[wxe5b18b9bd7e3626b]]></AppId>
    <Encrypt><![CDATA[JLm7zc1huOqV/WrQ3a7IAK/o/DIL/B4jf24ohUyG8m/wu+CX/mDcLkyt5zQIsJzsGb2k5G70XEVWV4E0ufO6W73r7t6XE5WzKwrTrhxZW/mjV1X2cuiQtH3emqMWOx88MsNMxk5hX2kg3RjQ3Lf0jnVOp0ZweGso9IY3Kdvsj0l2FXb+GDIkBn5wfmg/z4X1MH4eYZD2aHv1jt9t45Tt8EsJ3LuCQkd+FALxjVmHxyv6UPoD32Jr6SQKKjBVGP1xdbiRqQSGbi5TL+Q8zeiqf9sA4x3bIoDIAxMesvwi6T8W6413L5HbkON2ucugh5aPHMPDiN7okNS3HUGqAnhqwI+Pjr22MYincYkb4v2SqeKggJytpETFrIkGZA3PqP+v9hLVJ2FgImGA9oDDW7kRXYsU+vrdGwEae0qYtdVEOwSwXICfN6/tc0mXO2TnWnJEk+fXpd5xle1rOE6Ee/Y9NQ==]]></Encrypt>
</xml>


2015-11-20 02:21:00 debug :
------------
String:
account-ticket<xml>
    <AppId><![CDATA[wxe5b18b9bd7e3626b]]></AppId>
    <Encrypt><![CDATA[9QCDvWXWIq38VKzmEMWN6tjL+m94vqAeAPLKTSqfbGWJaNNXXYzJLE/s1dkYa7Kog1tV1ankWn7y2Wm31RRlxGBG8ETO4m0o34ZkGjK/ajcAbipF/ESydWMVv92as0IseC/wznR7ZhCey3fBdKEMmldZKa8aaudkDK+HrqGJx0A0bjbTWxwo2FOs1fQqv95i/0YorX2Fk9eewA1XT/LS2gqhYtWYXK8YyVmLKlJ6dezQDldx19XiSjA3oQgfaYO5yoHnK0QQx/AtDRJBuqPg4L9+bAdnUi5FyllaFU+9/ZTFVJokcg+GXbhIY+w0KrHZMs0282np1huyG4YDOY00BiDPXgUAJGbWazZnuyZKV27EjQDmq+Da9Cd3k/l/UGOI7Jiv+DLypcjEqqgIrLAyLfro44QrJb+Ztn9NyGd7aOEU5uR9TAzXBW7vX5ndHh/EPlwy90cIbVMjg0wpOgrYjA==]]></Encrypt>
</xml>


2015-11-20 02:31:00 debug :
------------
String:
account-ticket<xml>
    <AppId><![CDATA[wxe5b18b9bd7e3626b]]></AppId>
    <Encrypt><![CDATA[YGZERNnHd69Yu85ooaGZ87kJycOxJRdzJQLDpv4xJ+t0rTND6pg087FRt3oqHFZLkBlQfY5sSMDMjsIU0815DP0BqOvi8l6sci3bKskKZyEtbF6Tisb6WytkE90bCXmd3B2Y/uzw4gI2sCw9tsziSCrEZJkjD14H+3ZmLtTKwJFl9v4DdV2yxC7Udk97r/nQo6F9b52R+jM+ZursAkklGTCQlGjlpUlLp+btmeaXSDNZeoYSXtmofTY/t9GjJmT0ogTrfaQuOu/e1S1hteesPSAZOxoaN4GxZjPfWR2O8m/61r/ccnQKKnPHOP0gu43QXYXzyAKnxQZgp3W9eRSsFvdVc3fKgBxXecB20yHQX8qiZXCz74BGZIGazKnthBxvuDQ6h+R9uOu5Evqu32MkUU6XFav1JPe2FmbMxqlEjuglIQq9zBotRTEvM50Omr3o23qLVT/R6IIs5EWd8txltw==]]></Encrypt>
</xml>


2015-11-20 02:41:01 debug :
------------
String:
account-ticket<xml>
    <AppId><![CDATA[wxe5b18b9bd7e3626b]]></AppId>
    <Encrypt><![CDATA[bfk7lJdigCE91/RnbFxel1fKZRpsoBgwqYkumpYmLGWLnmAShrajDcAGbd2twLAdlCqlcQr67vhMsX+gh1pB6LT8qWFm80U0bDTYVWtfzl5FR0occCCcJq4AE8Jgor7TqmyDsNomH2Sl6d63GY3SiIvPtxTHpfVQT2nU2KLgDxvxP9geMZOKVbQWI69vHnpXkIvewJVV3YmUtySNDNDhddJvzgijn5zkSfrLPpy473xDNDYY1hyVgWdhECcYaCko/bI6lbDYzXEw+bfGXmekyQRbxLp+60sFI6QRTUMMysJ/ExIKAJDbwYi0O+yC4KzEFKmd0Kj7NnQeUJPBe1rTWpmPlO1dFI7C4P7fYcU7yGz+us9DXelFgcG/5blhhy2OmgCARzTrYMiG/If9ZViydrsf2xvLeI5cbPA9noztsjeRTXqrjsCMULr93f87B5RAe/dWgmZGNVEwe+hK5TolQw==]]></Encrypt>
</xml>


2015-11-20 02:51:00 debug :
------------
String:
account-ticket<xml>
    <AppId><![CDATA[wxe5b18b9bd7e3626b]]></AppId>
    <Encrypt><![CDATA[TCnG6H2hJANMN7AwryM1ppa5218OSVZRTlwbuXfy+eWVyoFwS+aEXGxNQDane+KMADscVL6km4UF2BC+ZZdlWj3ChFicbJjm8msaEMkt8wF2Axl4uM2+e/MrtD1x77K/bliWrbt22GWxSTHp/WFLlkNv9snxQmyyuYFIaBPRgOw65/yGs5OKTkboJPFaJT6QMk9nvoKrEcVKR6d06shtRFFONUJpwK5yoeKWYR4Fmb6EaRc+IacndNmaZ3jUfl9KdwXBXU37oduYDqaknG5tsT6OlOW9/suZlvkV2HU4dvohoHjfGMUsOvG2cCjg8dER8j6TF5Z6HQZLwOYUSocvb8OR2sKM67bAddlARv5XhpYoRzNVsGCV4sGSPKrV8Q3lf13UJVe2VwGKHgr2LSD1vEBCsodmtJFwy0dn3PeCxP3HpPqtVUKbdCLdt3BhccKs69eegPYPktA7vUtsnKGfQQ==]]></Encrypt>
</xml>


2015-11-20 03:01:00 debug :
------------
String:
account-ticket<xml>
    <AppId><![CDATA[wxe5b18b9bd7e3626b]]></AppId>
    <Encrypt><![CDATA[PhkL5qkGZUzOkNRgK6UBIRaPRjQLQxRCLphEj+/naJRbycId2mkAMgjWFFh4smNW2ry6q2SSdPtrsmuf+8bHQ+giS9QGC4qhMrp4CgW3VVVoskAVyYNLon1c1QtwMo0Eq2oVtOTawN87CPmDpxcJfcQ8VNmWA7ZhuFbv2k19UtF5fbxt6SaaVtvyjgNX563KF5bshPaIZaFhS7r//kioa6Uc+UQ5V8euxpUOolH0Vs/yyEgdhhVi2wNGPt3TqAOTDeNGrs6FC3aqQBuh73Fjurv+jgE/fedBL7lQ+O/fkvULmD9Uwu6Zbc7IrAYt4E+v74oEcla6QPUG/JFM6Z9b0U34RFL9ELY7/RNRop565oFxzFfHwTcH/1lfC6ZvrjlIFBTrPaX8iTVlOZfxIR/4luxOinHIVPfDrsomAn6HWhucGDg7XVHzPoCWG9KBouTHUpiSSeyeHOiOW3P3kzH64Q==]]></Encrypt>
</xml>


2015-11-20 03:10:59 debug :
------------
String:
account-ticket<xml>
    <AppId><![CDATA[wxe5b18b9bd7e3626b]]></AppId>
    <Encrypt><![CDATA[vuMm5tT0CgsczySl6K00ZBk0drfo8S9D2xwakq2vHgWF6ThC6FZZu8ZOhTY928xqx90DMwzc9ajJ2HWp5xuykNmbdgkWxKmvk1n1aSEM03lt+bU0v4FGLQK+A1Z32z57RLMTlFABpA5JRRzRGCCdBJewVppxa6ffcwIByfq3NJ4OcnJWnxZH9xhvn9ZQFRf6udXSTFlJ7KEX0Mknro7uEVl+LbTelwA0tgkPXF20idJZK24mzvZ7BBO7DZNM/0Xyfyvr7A2ktZ0igjE7mDsqGHFweNfEtgbrZr52M3oI8Iv1Do0Jcnzmj6nYcZJmWi7v6htiTx52xTMfskuzAX7xPUK0cKMtjTnsAJpR1d2AcrBx/EWI/h5CTfHk1A3VvlOeek2lNfa1haX5JwczckiU32r1fwM8mMmeSLu8LCNVFXIEcob5kNDPc1DN6+hsMA03UG+bOxW7StTxfyTYwHYZ7g==]]></Encrypt>
</xml>


2015-11-20 03:20:58 debug :
------------
String:
account-ticket<xml>
    <AppId><![CDATA[wxe5b18b9bd7e3626b]]></AppId>
    <Encrypt><![CDATA[gtAy962np7u/dnq3kwdLCZ7Nj0ymwmo02fUB2tLNppo7LB1QG0jmedxb8butoJrcOFF828xi43Q2o2kALbbSl1QUWeT9ZZk1yL5BBOrO/SAV3tvVfLTvYM4MHqRDVPGf59DX5wNWJkw719QaBOyeOCdj15Df0IaRHRH35GAlsr4eenFbgz1HWrjHVMCdUQGW/xR7ZJz1QdQpS0OpQZ0GYvrmTGch5YBH84RpO7An/ez8Frsnb2oPKwqSalg6aZzBwSTw4X27FBfshY5axZwcBwm4yd0ih1mItsUSwefYlJH8579DVr/L9Z1bqQLI3O6EcSBbwDtQGRYW/ko9953kqVviQ364X6mKGq4jKU75Ash66UDuElkYNFMMWObFadVhotC+VX8Av+42yHW5ffkhyoSDMStNTL5ReEZ1iCgqc0/CUORXbuxIoIc/eMXyQ17+sDnFi58EypW0RHFfSCBjmA==]]></Encrypt>
</xml>


2015-11-20 03:30:58 debug :
------------
String:
account-ticket<xml>
    <AppId><![CDATA[wxe5b18b9bd7e3626b]]></AppId>
    <Encrypt><![CDATA[LxPs/vY+C+NAtYDbNxq3PWuOsbOQFCD1JSX26WKfiG0SdcMCni7WnvQ44APTUwOytnIpBcLJHwe0Gak9xixae/ge6+nCteMIc+GMtlScNj16+nKGvjANWIwh00skUQ8EFW8x/+g43BPBd7y08Kx4GB8lqCRW92e3tVqRff//ouEiHEVLtpqqVsFZLu+sARmFFQkOcWgKG5p1AEcF7H1l7nmjYlx0odrIP/TZzRRewGF4cOwYpW5hxY3mFwBGOZtPOXhck3+Ksg7SY0O3ikcMeLQhhVyW+TuOL2haV19P7rqeZqNaXBmPTcAEABXyPuc/ctTXG2veIi9smWzpHteks+oYGicsV02dHoM3vpyB+ZRORm/uIb0afQzOO2sEklvxUwCEgrrt830sczM5n5JEO2T3l7f0tQV4yAWje54dV/SekBVXhahEIlUX9OxNn2T7v9ExbAJ0op4vCTzU+AvRIg==]]></Encrypt>
</xml>


2015-11-20 03:40:57 debug :
------------
String:
account-ticket<xml>
    <AppId><![CDATA[wxe5b18b9bd7e3626b]]></AppId>
    <Encrypt><![CDATA[KmQEQDqTVsCbAfu/j1GPZMSzXQWQiE37rkw4iLlpOBVKEaWinmzhUm/dk/pOSkIDscd+opuQLylje6aMwqhZUus676n6B872iz6ohFXkmxxyFbQoXtlck52B4uUJ74Nwdedx3ZcHESQ4hfKbCWywOO84BO2A9CXmpx9wu6mHzXcl8/m3urktKyyI8ZBeLVYxSdNlWMzEqKdhOvKHEaWrd144tgTp5Owx2oo+m5Hu2PkUsLjrQHdUh+cNh+0y6WHENV6azNdDaCAeQVausWSB52Hlzgg0NlqpslVg1m9YoPXvdb6ub2bf4O7OYl7K/hQL6L4Tp/9ZuqR81X2CzDuvSi2m8A+7Yd+9Z4Welk9asDizgMhnvKgy1s6ZZxQCYHdRRpBIiuOV1ynU0x8MLPPTETpDJkFowsCcQtbewY6HO0MvCdWmsGWQSG1fZH9Z9m+i1ay+PJ8aNulnoQressVxyg==]]></Encrypt>
</xml>


2015-11-20 03:50:57 debug :
------------
String:
account-ticket<xml>
    <AppId><![CDATA[wxe5b18b9bd7e3626b]]></AppId>
    <Encrypt><![CDATA[FKCXvYj1g0TBKEPaT2ZzAN720ZuiWPDY3UaGBcblbn/bxA94qkOpC8UzostzftpgTW5sDWhH/GlNP7sxkcODn49UfHrLKQqwnPBfoab0x2CNDMwznIgpgpDlqsB6ai2QxspCAd19GHsO69AL5y3NwAo3v72t+eT+GR3/GMS7nGKA6mUnVsDz+depD7RKC2T8aJIz26V9T4wnVWFVCnhbS6p/+7QNxzWkGNj6gzvhxDY1e+TPBYmCHbVgiqy1h9ACRCOz4nVAEJRB7L6lMKVz6zjjfMIaNhl/dR2mSq24aJYv4WekJ/Ee4qlTL9pssXv5spLIG4HtFZuN+Zii46cTonBRxYjsu0LGlx28bQoBsifKs44NecHsUmr1tPea422Ck3W7OEMCLi6vRVZ9L/B73Oeypf+gRUzeZC6zLxzoD4Vczn08+P+ICNZd4m9Vj6iVi5cT2VRXLXhvX7IFud2Dmg==]]></Encrypt>
</xml>


2015-11-20 04:00:55 debug :
------------
String:
account-ticket<xml>
    <AppId><![CDATA[wxe5b18b9bd7e3626b]]></AppId>
    <Encrypt><![CDATA[8W8R0hyHzLqDeK50RVghlf6wlOONsLfUkanTeTut6jbav1/xmNudNt4sFnGrQDKW6uJBxjOeD6Wkfc6X/zudYhPGt1EUILO+P1XGmUk7o5qcHmL2UlmC/kF3Z05gGIRMXXXicNCJJiwXF/XRF+uk/LjtoGTwO1QL+ogr89gj9IsRFJ5sNa7+RD2LgNkU4GpcUE/XhlxGkJuxQFdg2aLtTvvXqGAAO0Ng3JqZffqTM+uIWvSjEXCYx1o6Eg2lbfC/Lv5+8vNersRgTdVL6mgAmI9eeBLiHL7zFlxorbshBId0YzQWci3tGIzXxpGMsRxj9+ghZNvmoovdAYHNpU0nS7bOZ9z6+qNUTztTdY0MNL2K3Y4XaKHI5Ltj5yrPL/LTvkXPnwOmz7tVLPSLGQhFmoqpKLpE5q6giwmo1TP6l35lq79CL3mXuNxY70IXjwdXdyVwnglBkWrSgFdj/NtWDA==]]></Encrypt>
</xml>


2015-11-20 04:10:55 debug :
------------
String:
account-ticket<xml>
    <AppId><![CDATA[wxe5b18b9bd7e3626b]]></AppId>
    <Encrypt><![CDATA[hxQDz325HZoaZw2gim3VjDbIea51BsAY8osZBj2fOjg/IvUUtMs9Zi3FPT4WY6rRPvCW7EREo6+qcjYR+c/eXrSTdMD+KedBYS/hPTDE4oBzfWDaTi7tUOVx0y9jqPoinK5mm8eJmUfZx8oUM0aTYZXu9FvMgZvPweti9L7ii2dEYeJ64CIQyh1yW5X3CFtDJTrQkZY/TXO7vLE3DSrNmiP4ISNn32Ceh+mAN+LXqYY3oFaMmKL1AYvd5BlQ/L+2FBZTFmpygK66vN9hgBCqu5Pp0AgbE0IDiK6CLQ4YSXAeQgiGpagNGOnxX5FY3guEeJ8vWl/1aAeppUJRjOEfE5GsgO8SBEk5Toeok0rLk1K5LEHq9zxFARyMnCshWI6CzECZ9gy/+prHsbumTL89TrMXTesGgWwn3UdLpb31qB5c5nzgTKDSbkiHckBnFFru2TWnG27EpKuVLAt3vhWffg==]]></Encrypt>
</xml>


2015-11-20 04:20:56 debug :
------------
String:
account-ticket<xml>
    <AppId><![CDATA[wxe5b18b9bd7e3626b]]></AppId>
    <Encrypt><![CDATA[IyOkYx923ITgIW6c5i+2I4FdNqp4fM2qA9tXNsG33agZ3xZbvNlKGKf+z0ncfjHdut0YSgR6BJCDeIkBNtlKc3jvW0v9pEkVIon9S1f+mNl/fn6Eix5+bDSjaiNY/GQhGfqGJsQh3MAiJFinwwFR7pj1Rc0rdMVv2Jrbcnm/olg3Mh4WoLCnJCf6QXqpZOL5MotxQEO4iwSo+eRqXgMA/bSgCXSHfrlM8rCxTOBQABBSo9IgWxYZSLt1pZ00Ibxog2NMh4ECrvaPaHQLgVWsTQ/rEgZERB35jD6L0WunA6ECL+pSmMZI2intE/k3WaFkdQX+3qhkIDGO+7t/isVY9nFJjUt/jo9YicziHPKMg0WusWqyrA4MjaiqBo6Dsvn+WECt52lsoy3XTLJmyvsHntJ27zF/Sa1WYotrWNcX2Cb+3jFJuQ6PoDclXp+LywaDWssA0j2vSIEcGNz0vdCI3A==]]></Encrypt>
</xml>


2015-11-20 04:30:55 debug :
------------
String:
account-ticket<xml>
    <AppId><![CDATA[wxe5b18b9bd7e3626b]]></AppId>
    <Encrypt><![CDATA[8hOss8sWfTz10jd3G8bzN60UUwHgObTBudQ5zXVZoCNPII6siud9ZpqRzSTUn+3yJsN8K9VWFXwplUMgTUx/TPbPwL496j5VeeoByBK0KEyrMigPDEDOFTlD12YzRuLfB9KBZXTwk1Xy637UDOojZzXF+8Chrxly/OZ1/vYbpdaSa++IXFDqbm3YLb3eoXpuoLGU8YXG7LhpN5+EmgaBawMMopO7HtTtNzlUUqy0B/bJ1+iAgTK8QlRLE4aCERmYJXyKldQn9mld2WoCtQu27KqrzYWubmFYqjYdwY7xEERwPopKlgOWDlCfxitUyFy0889gcxJUm1+GSM6C+ng/TEuT4HWNJDAo4XQK3bQ2Jt8EMKZ1F2kCd/TOrqldq2pD0RYctCZbBQzvE4aJYyg9q5Uz8nkeHP7HdmlQaATQMTyXQAXKyfdEKVDe30EMNHlgGg8TYvfTsvw5jGYgQ9yNJQ==]]></Encrypt>
</xml>


2015-11-20 04:40:54 debug :
------------
String:
account-ticket<xml>
    <AppId><![CDATA[wxe5b18b9bd7e3626b]]></AppId>
    <Encrypt><![CDATA[o7SMQFix4hgAt5N2s+z2LSK3/jwyHGz/fut1C0FFPmU8C7Y6QlNGbURVYbhgvfWm/9hW11Lk36RkbBfDhsv7ivth6TN8aZXkfAsrvY76ShzEB7kjdbrtsXzagq5EfiN1HW81jmEXI2sv7XyNNMhjMlyEZzMek/ukbf9yqa/OkYki/pxaVLbyEs0yQ+WwarY9B1eh3rujDwyeNy7VlUwngcoLAnSgGfmnxpS2uI9gZrCLDQim5gCTeyPDrzZI22a46RTIV8U0zyiaYMNdNiTG7eKvgKnleewYY7//g4lCFmeLmdo1aM/LECtNGT6qdibVxlUHHWQWiULvzIVVtByYxpz3SLP9i8/SkqSlX9AOuL7NIN1JYyJ1eYVV+dES8EE57Jmh/2k3BvlA3gOjQG+qBtq+OpO5Fj4wixQsOixqXEUYz78Revpzo5GJqsVHnqkz9obyApKKx+rD4y6Na2I6dg==]]></Encrypt>
</xml>


2015-11-20 04:50:55 debug :
------------
String:
account-ticket<xml>
    <AppId><![CDATA[wxe5b18b9bd7e3626b]]></AppId>
    <Encrypt><![CDATA[fXRhymfeKH/mayIr0yL22Trea4mWN4V0DXy5SJ16tfhM5RZTwYjT4y0sNXqMnfay9WDUTShFZQWOJHyb+T9CX2rLYnCuO7jBQP6SttnHejZTifJGRB0nMciptyBQjpSMUIN6dGiD2KNttYmBplfysRJutgcqU/DGdTfsyrWYzPDrYQ6Kw3nHXBwiMaHuPZhvXN8+uDczwCPyJ5/9Nokh8ninUWqHaEt1ASqTR71MMx8xBz2iuwjGI+yXKtT5AG/33GlyzqiZ+n5ofb7/5H+5Hef6wF0rVmXn1XhKQtzMFMUvtJ9q22VoW5FsIwT943Tt9gQh+tRS6n6p0U+a5NaSrQoOujtBOA2NvNEMogZZeN6/HcqJ9wu0aFaOjFcLoxuBwn//1tOFS2t9ipeeaRTtQOnthIjiGVgg9tVCNgnjJgiAqXQeg7UgnxsZ1jPfyC7rmg3BTA17ltroHIKXoA7dUA==]]></Encrypt>
</xml>


2015-11-20 05:00:55 debug :
------------
String:
account-ticket<xml>
    <AppId><![CDATA[wxe5b18b9bd7e3626b]]></AppId>
    <Encrypt><![CDATA[oerMUZn4tbffX4CVoESbsZVwc8uyOfGBzwjzFVRrOCI7bTnQD++LAvTceFgANCiFurhMbdkLKQu0Bt9cT8sCdDZpTGBKbuvi9obudJx4GwFk2OAQJgzukRN3U9fi3J5BUsVzWNJj7nP3bYSg2uYfj1L1Q0VsWzL4TluGoic2LBPMKpGmZ5ttw27Hld2d3SxVWhZdE2Jf1IRo3h5zTueo4uPXVUHrkj4f7d3SvABJE2EHQmu6yZBjmmInxVClJtLRJ+j6qOvoSp7o/f2DMdKyYy3wUx5SByhV4J9szSnWIxjjkU9BXKuM2EEiDG0hAQ9taoP5SZ2iZJPu7fk6X1qKjJXXgZO81zQgu9YcrE3aHW2mpSe2ofiAl7sKS8iMbjrX0TaTsvl3MiKmAQto/VMRZ1pXdjdt19TbhH9mZkvshuWzUvsYkDxfJatDu8TUcyy8m3Uu2lvTywdGDAhg8Ofqxw==]]></Encrypt>
</xml>


2015-11-20 05:10:55 debug :
------------
String:
account-ticket<xml>
    <AppId><![CDATA[wxe5b18b9bd7e3626b]]></AppId>
    <Encrypt><![CDATA[QEyI6tPxCG6L7UpKLcLqoGRhsuCqO7wlNPt6hRYlcpMfIgtQSR9LsF+CEBd8hmKauBct7BB7csyb0rilG/mpATEPys/RUz67meQgG5dHsXZCtYrbRuBuYOy+yoGFl0+fD2N2rc5pdUrMJDUzGhUcejh8fpbfcK3BEOe0F51i98DBqc+F5N8UHY1Y1V4670AuhN3tET/9dtztGiwHNLDVyB1r6fHb86tZkObiQMcGuxoWaV0qDvJsFF28cE7Dy2BusF1Ha8XL8/3iXzp1yzJJ9paWbT92tNd/nlOITuIYVgcWNt8mQOpw70b93piHJxYl0uXuYlc2dfg4C9c1+yXBP7V9ebfk/ov3CoYF2yyAat0vKP0A8vA336Qca0FIM1RsCg+a9Qe09w9alr/AB0eAIDIgBGk0bWJgyKKGzdVZ87c5NaUAH1CSRxUcOLS2/Xtw2rkUGr5PW3fpmsCt/WwIFw==]]></Encrypt>
</xml>


2015-11-20 05:20:54 debug :
------------
String:
account-ticket<xml>
    <AppId><![CDATA[wxe5b18b9bd7e3626b]]></AppId>
    <Encrypt><![CDATA[Vej2qIaWKt6fuuHNKJP4LXSzLuhh5+3AJzZLiHUSjFmJ2MA5kBKzrY0rak9xKGW2ZHrzKkFBkrOCtG32OfAzE2v6jyH8Z7UvXzE5dDFyWBT/JMAH42jgL2h62NeUqCRltxPXlcqgVRchxjMSueLF2qCzDqe2Q7JIn1XMUEBTt9Qyh4gqQIZpBHAKdysSTQk9aMjgHtOpofZUaaduNwa2VX0ivhVpiFv7HgYobTnxNZZ8C+gMkZ0qTzQUE+4I2mzSyJrjTeBrL4Vc43RkQSph3WJQWU8tua2BGoZuwNuZqxMOfVf5ARbfGPQjZRpTzFYFQFQ7pQCWThpazKT17tbSto8NHazvn0J0NlPUe7O3K3O4KsbgSHMR5TcteNP/JcCn3yg0gIWEJ2oXgwUkfdy2wmArlRYA09ilxCMAr/xZnw9kla9hfsFhHXaM1uKMmH5ABgpJIyO1tAimQAhQris2gA==]]></Encrypt>
</xml>


2015-11-20 05:30:54 debug :
------------
String:
account-ticket<xml>
    <AppId><![CDATA[wxe5b18b9bd7e3626b]]></AppId>
    <Encrypt><![CDATA[8IenFMNnUlRQeke4Xzjbp4PRVS9HAD6ugwKRXTfadxIe1CLQNt2qvkavea72AIgwJVZN7jIRCJjeIrL9obQ2BpK1xl8vu+o1wBMzivQXQVqlZuQNu3zdWSEj5lPxRFCDMMGtXDdl2QYbtrB2MEz5Di1d0wp8YJJdI0sjuy1zBxVk5dKPUhcG0EmVA4gbW2P0348d6FzLZPU4shMqQhlFieTIdf7eHratPtHkxUzBsM7ZZg0X1xFWORBUsfg1GFFnFFv1Ma3g4sByEbSsGDtoCGkwd5eQ391/koYpm0y1gKg6u/lQXKS06O1GBXpS2YC6uElZ5ZXxKlA0H5TGvK0CZaASGyEYRXKZI2X2yzrt27ufQOZWe1KkB2i1v05DzqrAl3EVdbRJ+NM7lmH9ec+R16+/6f2+8fwYfuTk3/5W1mjsYzGB79WSF75SGJ6IIsfaqYq43/iHZ13cKD/7szG/Dg==]]></Encrypt>
</xml>


2015-11-20 05:40:52 debug :
------------
String:
account-ticket<xml>
    <AppId><![CDATA[wxe5b18b9bd7e3626b]]></AppId>
    <Encrypt><![CDATA[pw0a/wMJkERFCM8T8FH6A5mNLgoRIA/OtVy1IJF/iipQ2iBRAo5K3ZEUXNTeRyq4/yPRkYk3Sjaut9m1y1b/6mYz5qD03PLdqCu7kED6Z/60xy3hCZamxCcP5tNx/SzXU4FllijLWuG1sjB+6T95js+uwIoKfZes9QG9VEz5rC7LdJM9fCIuxpX35X97GjfIyKnu9staV1N8oPjbVpfx6mUwj/QG/2pWqji9OQIOdEoA0ooF4IQI+EBudgGV5aUkTUfhW9GG5bqNKWbWw2Tz/k6kfW9gy6B5Bkyc2EPVpLkLXzbSnDh7Tp2iMdiPtlJsdWHd24i+cwFVEgDaGCLzLETqRvFT87oM/wMtg3naOT+mnlTEOOZGqDzMF8ySvJcDLBPqzMGrmoFFWds74n8z1XUy9r/QhW0vGFeEcCDgx20mALPwL3mFJ4f54p8cqqpZe8wIWebwNOuhiLKjGqn7tQ==]]></Encrypt>
</xml>


2015-11-20 05:50:54 debug :
------------
String:
account-ticket<xml>
    <AppId><![CDATA[wxe5b18b9bd7e3626b]]></AppId>
    <Encrypt><![CDATA[74VPARgBp9Aq2OwpATcKkm1G6e3aJSt9hwsrZNWoZ67gJAgUxR7djDbKdhxJhRUOHviXLdigFZfgDVeubXqdPnj4BmGYjoZKBcIU2SjRq8mgxMmRJJHTSs71lFzoTPg+Jg+5Bp3L2J03NV9njimVeaVAMfPxtkaFBugPctPzJlbl5sea9KqvO135zK9RHL0RdLdJ+II+rpYM8PnpukSg9yq6QDbPnyFkZzhU3pkdruuYpfTMi0IuwQ5xHExVOpBWaJFw1rSxeToGwplsXc0g97z2qiMPkLJ7OuHKyhmYoyNaHhrJEHw3r0I+EgIMtSYqwgvo6CYZRccKM2rAkpaYix8FNe/SRdACfQJJgy5fNlTN424YpqWyXB7YAxsQZ48M18fgehW0JdzG//KwEIVrIxZ6aTbu1QUfQFlsIXpEoV+d/syP4Fa7dyQVgiamN1sWZf0G2sN8KHYStFAgEhKQQw==]]></Encrypt>
</xml>


2015-11-20 06:00:54 debug :
------------
String:
account-ticket<xml>
    <AppId><![CDATA[wxe5b18b9bd7e3626b]]></AppId>
    <Encrypt><![CDATA[tcza1S48TuLOhYF60dyMASb7iGMGu/zsfpvDnEyqiI3MKMjrOqXoPP2UnBd1T77P2Xt+EXFlTSTcUqbZxzBkWWhlIKBZvcYFFCoLf6KRXen6ds8iWJKcVPG13hALptiGx/jllkOh/yvYGGl15dFff/7Hw9F5x9O2zm8E/qk0EZ/51qh9FEKx4wsA3CvgOxXxtFtwxlTOO0nWLMoQtH/jxZu7FnxiSXdv7xrr4LzekgZKV6sHZsfPpoWvtadvtp959Gdb8hfuQZtV80x3iCgkGECyB4Zo6jggk8sHJdmWqIp32mJeDqlo6A5WZQ0P66zXhBWbC16nMcMVyf5lx3Y3Hyw/aW7v9Bpv3mFtQvL7W2EcodSE2q/qQktBqZDZ6QgZsxQv4Ox/F15s7rdkh4Xn8RCPAR/vo4VX3pAHal30jHsk/rjTyd2AMpJ8GsFRXkNuZeyrUs9RGw934oZD3q/gcw==]]></Encrypt>
</xml>


2015-11-20 06:10:54 debug :
------------
String:
account-ticket<xml>
    <AppId><![CDATA[wxe5b18b9bd7e3626b]]></AppId>
    <Encrypt><![CDATA[66D4Zwcq9Ox/APWU2N+ZpynCGUS+mgi7GQuOs7FxlmSFaFR77fd6DQCtOth3/xZtKfKdK9GUQu3QzFmUX0lhqtrUo4KPzHboUokDmB5psHumvfZS6EvKHyEAxjO4oLkOZPv5CpeJdLiTWHTY95YIXwNshVymCxwo5WaSH2YxmSgCbKq2s0SwkHYA7RFLvz2V49iPmofYSOOP4GvvABjK63M0y594Kxh0MKaf/GQ8AUsOHRWq0QWjZnSaa3bR8dFZxrLBsYhoW6xqyH3OvPBEHgRdQY/BywZczjiI5Ri3WQNPGK0nIRSGIXWw4Fv0K1pyAdKYOu71REKxd61vyoRqfo4581ovEI/Vkqayj+QlQKfOA+LYy5Hil5WweuUnwVtqnE6rKyYtTn8OicmcFQlE+Ka9r0yjvmYbbb2KrYCr6a2KJ/D+APwRJS5pJghijvY74de1G5fZre0rm6T+ZXA7YQ==]]></Encrypt>
</xml>


2015-11-20 06:20:55 debug :
------------
String:
account-ticket<xml>
    <AppId><![CDATA[wxe5b18b9bd7e3626b]]></AppId>
    <Encrypt><![CDATA[oRqzhjAqMNCH7aSc/U3rJMvVTYEEVjDdRHLfM5jaC1yqLSUGYYFrV9SMUo7CHfCELHubq8MwRXMff4eZdVVxEbkqjPpuCDvMPIfkj9L1LzpgbUYXQhSA9iLhFs7I5MSvC2ozRMiP5u4E12T4Oz5Oqj6eTu9KGs9o/RmGRkw3zZ2w6TcWOaKl9ryQ5qFK3x/ppawa4lDcZF3G2H3581PVDAaQfXFZJk0Wq3FLGITZkMjBR7rHeMNHvnUd0yOo3lQj5drvkh9uT7TaGiiADfUeSgLoBC+kzzLm+gC3UqlKanV5YAjYVOlJq2wY26FRktk2w3oH18h4U+8w2igHsif0uLimJVAA21Cz8SEBmS5CAhc0aCGvCim+4AKUaSjWUieyloprFOoNsS7BefWf3G/Rgh4TL/aRMI04xo3vDNg3NMKH09JQRcb4AFPajfZIB3YzhMXnWzH5ip70OhTqSShXTQ==]]></Encrypt>
</xml>


2015-11-20 06:30:55 debug :
------------
String:
account-ticket<xml>
    <AppId><![CDATA[wxe5b18b9bd7e3626b]]></AppId>
    <Encrypt><![CDATA[Noi+zQuQ/hM2CirfP02MJG1dc2FVxmoqLtr22/0xoHGn24cz7s1Z/woBA9EjxuEiiNsmyYGckgKE1glI1bIYeWILffsOswRe+trq/rOFxYNHtyWRbsqEm5Wx9DUcu47GLcX6c+/10WwM9dVDWHJWYi2d+LjWpQFLqcA9ov04rzh+HvaLG6Z6Kh2lVTyp8eXYDdN0TkV/pHmF5gC18n4FXUJINw0EXPbDY3ZsCNVzmGxT9tHBlMJrp4i0uWA2l0lyGUkbhGl2GeDKPll6BB7mx7F6j7ZMBQlagQRC3Ai76s2hKT6WfbM5PpgHDx0wTmNYHw4FOIXWGi/ETE0prqfHRhWImwVLyzVbnkzxEPbpn5YGpvH2YmJjz8PopKGNqsr/J4SkrElVyO8VxKc2zw8umdJstWrf4H09JZiWvz+BHYfjBYGlUPKapyDmxy4i7Jl2hrI+bIjneRERNPllCI1XIQ==]]></Encrypt>
</xml>


2015-11-20 06:40:56 debug :
------------
String:
account-ticket<xml>
    <AppId><![CDATA[wxe5b18b9bd7e3626b]]></AppId>
    <Encrypt><![CDATA[Z+ZtuX6I1A5TIzjl8uqNFzaUs3Pg05eBPW70DiR6r1DQ2oFYh42XHwQRmpJuXB8iC/9cpPc1EuMMM4j21do8hCSZ75gxYsRuo1LGynxEAhPjj7g9knw59mPchkxANByJFjHRD0S+rjWQL3vwCOkGqvG2Af3V3THtLEJXWffZ4bAhdnn/O86T07Zc8LynbiDcNGTrZLVvFDa2OldUbYzP+KF5ggHHo41l7vfkQZ8sOZncEFoBplDG6KauGomE8D9VFg7GCWcRZIyljP/iINk/W78i39wpwEayvC3/IH2Ce48dwqeZDnD4vzn3NLmBBBr0fA40AtflkR8u8kUioWJZHhG7oe2y//jHXVCk4lgCB8XQVBqjQcAbhAWZUevOfxTczIbXxtgGOAoE4mSrHC7w1pQwHhHzOb3zd1+vphvma7RvguLQTVkUYdUuBh5g1mb0bliMw+eLnhZk/VpJgkR+mw==]]></Encrypt>
</xml>


2015-11-20 06:50:56 debug :
------------
String:
account-ticket<xml>
    <AppId><![CDATA[wxe5b18b9bd7e3626b]]></AppId>
    <Encrypt><![CDATA[1BvGJea9PtJ4xnyT65pnZo8LL/mx25oiyf3LkPNFiqsvoYrIMdWFljvFgsxCJMvE6bD0k1PghKa2IwzuNajC0nwGsd63Lxk94gVopYd8KimG3qt8Lcniz0zBdeFt5vuyFtIuPFVgMJyvvlV4ZqDZdPN6ThPykw2ElXqeL9MEjLVBiI0KYTCRiBNxTcu1C9g3IoprfaqQX8Gk+JJ5lWSDIx6q/0DmxFaJhd0+ZwJC/wgRIZ6Sz+ijxDQqtV5tvaSyqpxyJDXpXCvlaWe5F1ZLd8Q+XoWQsKFx3k0T3/cwayReLBVa4epbfDMiXD81aZGZGsS6Fqblq2I3MMYoa0ElY8iFxjN7JvCEsfc414WoOF0Z3Zn1as631FvW/wjW3VTKfZVA9ubqCUX/g2lpvU8kaInpkNej72w4eC5GL0k27BvePOj842mcimf4cWMzH7vlmoxh8m6AQrkkNMMSTl/uXA==]]></Encrypt>
</xml>


2015-11-20 07:00:59 debug :
------------
String:
account-ticket<xml>
    <AppId><![CDATA[wxe5b18b9bd7e3626b]]></AppId>
    <Encrypt><![CDATA[+0sJdhgWUeQv61+OBc+JgnQ8byqQum9zGtR8pIYdpIa4jnkYF+N8yExQiRqpIGdx00AP8dVsuKWd5Ct9p6rklihk4vutqZP8rUysbiXhW+S3EZz4ZIrf4odWLZViVoQPCHHWBhSIeJzx5xVXZiugVetBqSwblE6xY2hWP0JdFBgaNmANLZ/5HBt1+M2ls79T7LLzD5S0N/MpeyZ8qYUOQoMKJ9DHu/C3RWuPGyjezeNnBErvN9FjISlOJ8EgqD3up97VnmWOZOCYIwdvuMrczjyTCScCBaNSUCDLT1IYDuOboeUJaJYiPCZPBL1loL1FGtuAcKvvc8Wsdm2uirkNAfmQKIJEE+wqXn4he2nVSKPlYGX3wuWx2C/xrvb1ktVLw5FBKUIcFlXPjtqLcOFOcJ7ways1mqHZIRPRMJ0/HeCbrJU2sicrb+NVRzQQSDhTBF9yiRMh4o6m9yiPJTxmkQ==]]></Encrypt>
</xml>


2015-11-20 07:10:57 debug :
------------
String:
account-ticket<xml>
    <AppId><![CDATA[wxe5b18b9bd7e3626b]]></AppId>
    <Encrypt><![CDATA[Kc6Kezkj2qdUDfBbPRdlixNqcCHoXxYvbWAUlLcly7WPV8g/mqkiwhHdoXw6B8CTCiZDErJ3vMeFMb7Uhla8wfTIcMK4QactaBYzPh+VPvp3JSoy1h/s6ILxucjj89BPmLiZPh7qpzvj5/UtqXos7OKQuQoPUqHYEgCkzClk2jUS0zeQTL0T0akrYClKKhJ7WiBgjeaOMAnTd7iTVjQ+DnLxfxnb0Knt2v0wolM3RnHF9xyylnV6d8keLqfIABANQC6wJTm44MCpE6lf/vGrJ0Nu3GvM1IpVy9jsKmZL2IABSNs656bJmdHI+bf8lvPs5ntM+tRUwsO0i3mbPSNLzVcHpU21YeHbWEvnyzC8Q6t/mRsKRfGYutt3T/JTiSf5zgdPRHOzClk7XriI1jlgETKS0bQQLP51Sn6GQrYKVWfouTIC9JZ2xvIq/K587e5DYVJPvSL7DoOoKOKFEX3ZTw==]]></Encrypt>
</xml>


2015-11-20 07:20:58 debug :
------------
String:
account-ticket<xml>
    <AppId><![CDATA[wxe5b18b9bd7e3626b]]></AppId>
    <Encrypt><![CDATA[75s7YnFQ4386aU4gwK9tpWoEV+BIuHNZw7uUE9y/ZDj/+FOl7vAd+I6mmnew98lz8zQ1D2rERCth4ZSvvUsRPLKypM8wH2w24UXZJqR+GL6SEt4IRsPfjQTP8Ugffjq1NKwn6RWU5ZKBojRPw448nnYnw3h3qOyqOs26NTTF65XZ8+BfWW0Qg1tbFb/IWJxEspNx+/dIDjnkAkfGpiU6RSxU6ms50g9/t5zREu6ET8uN7+8v7SDWncKTEZhOUEUbqSWI41le9heXXtvKATQd+ENMDo+5DTjgvGhSbPU9xmqVxG49UU5YNMpGHeftUKGVsAA+xlGwMMCQawlTF7ZVBbB3s1mYa0O5dH1rKz2QBHw23oyS6sh7eZoJqVctTFozef2uvdprrhWbIWRpBY4AjCzI4UiBuYJNd+P5UqpLBBFSLXiXHs14yK80iDOAWW7rhVbt1mOnBMrOHhi33IBEfQ==]]></Encrypt>
</xml>


2015-11-20 07:30:57 debug :
------------
String:
account-ticket<xml>
    <AppId><![CDATA[wxe5b18b9bd7e3626b]]></AppId>
    <Encrypt><![CDATA[uQIuGC792kBSp2fYCrnKulLaHesJmBL1n+oIXf/Uk1phZYSZgk2jBPPCrUFzu/dlhx/TTcL3NMSiKA4Y/GJWtN7szmBSKX9x/WJxwvXx+1NMoPIzbZ6x4tEDgRv60+6i8wPkytzVmScYv1mfJcmYdzvHfD2uny64s0+wggOo20VIhx/uBNwezdsmrjq87wYzwozzUzg3HF7ExX5m9mBIGI4q3nLDef5dfZfvuPEEWnoQ1BePNY+1zzRU9r2DuIjA72MZNSOH8Py7a7aJM3QOHuycB5xzeSoi+UzLsDo60nISuL32pecpv6PPb1Iobz6T/cpawk6nIqa4KCA7QmSqjBVJt9spb2YETgdgKAp6M6b0Oqr4lJzwcow9+AuMo5kO93SxdYOWxitsVfKpXzvIWWMUj8HHQdJueDeoeb5IJGpUjopXrGpMOgsCgVaDWTLuZKJ2E7kGRoGJkYuYh1nv5A==]]></Encrypt>
</xml>


2015-11-20 07:40:57 debug :
------------
String:
account-ticket<xml>
    <AppId><![CDATA[wxe5b18b9bd7e3626b]]></AppId>
    <Encrypt><![CDATA[hUKIbT0texeHs+xm/OOFakLOWSHJCyJlEuphHntzRufkM98genkAr5mCmA6p9gweO5GIxXuRef1Y9WXDYpodlrJQDWBl6ncDKzf17CSlYzivEDarw0spl0aUZmS2Mof8ydv0BB8UALdem5LBoNLCPnW0mQr2jTKQw+Hz8cA+55OFKGivqHAy6KUid6P4CxbAn/CRYQdrvZZTdU+DzXw5iDGbV6/Wl1WTXL48iTDRTwG+5l0iiJLCU0kAzfnYs2JdAqBVLpK19SKpthoKmZLIhFQQzeG8kARblAh1a9CGg3SeAHXiVBmdXFEryR5ZGLl+1tuhguN3rFeQcdr8IiwmeoA/+90FcyMAWrtRXXwFK014XUY4NFFHdom2sPLMc7xu0Lu5Pi3daq6ftxk3K7NH0R0cTtlSETe6EzHJNdCNS3lqeR0qoV+3PU9XiabB9kBIC3P6QLhwVREPk+7eLiOagQ==]]></Encrypt>
</xml>


2015-11-20 07:50:58 debug :
------------
String:
account-ticket<xml>
    <AppId><![CDATA[wxe5b18b9bd7e3626b]]></AppId>
    <Encrypt><![CDATA[VOj3OWTJjZuWI+EzRyGg056SnAbpY0Dd3D878ws/tlbUs7EJckaCUwacidZbMdEQ7UKT5CGSvGAsCHZcZz2OwrG1m+Sxi89MiLS3O/2ACh7zVg6kqaUlkHp0CtMGWlZRxfGHUk84Vr/lCNxIX3XFPGbE+dQm1TsABZg9DDG/1oGS1ibiA/pFycfmFVoJ/7SUxhbSh26JgL9XNnvY20mxhYvqISd73hgC+T+hL+Ggmj4ZoPAvW9YB+5iO/ofZ0h4ET4TbHVIAMqA0F7uVhk6TW4qbTSgwYQPKrHyY9ZGNuNmKMv/Cv8xNYbjvNJY/5wrOI0GW+XwF8XraBneRHXb6yqE0oK62SJOKloOZf5mENhpr+FUaUFPIgohjKiYXuzRl09iKA2Yv5g1GvqwiBFOvVI4G9pYo3BuUf2QSSqG706bCmYwN3KGdwoLyT1U1FiUkeW9JbHNBrM2j4pUCyfJDCw==]]></Encrypt>
</xml>


2015-11-20 08:01:04 debug :
------------
String:
account-ticket<xml>
    <AppId><![CDATA[wxe5b18b9bd7e3626b]]></AppId>
    <Encrypt><![CDATA[kpjnGexxDi6eb4CiTSV2+1MMcJDf7DqMn9jbBuKUpLfbdU1OowESYsxhV35CED1LY7Nixd/AtJH3Igk/vI7qml+4ezQcDx0EBpDvLFyrYNyYK8bRW3qFZEgmlEnyt89BP+ez76Kk2A8dhH6NRq3fcvMYcfL5cqYhESRAthXvT0SmKUquTKT0YnWNapF8LuKKjW1nTyYIeliAOJcE0Ud8K51bFIxxTIIf07fuMNWq4OilfDvaY5b42fKRY6M7G3CXsU2gujTe/O41CcS1bwL5qt0dA2t2DgTyzocAtfLch02Cn43tLwXI+DKYpSS9vXhoLENtiZ/5S44V5dgQ19J1kO5Jz6GVWBxon2jCbYlrhiNjiZXwX6P6mOHWdoX7/3BQTNucnnLz6zcAs5CJ3wMdgt/ozvh2QVZcYUKngCiNTRQqiMTgAbLLVhFlov9AcZTrZ4+0kN26hhnPs68+/4Fmbg==]]></Encrypt>
</xml>


2015-11-20 08:11:02 debug :
------------
String:
account-ticket<xml>
    <AppId><![CDATA[wxe5b18b9bd7e3626b]]></AppId>
    <Encrypt><![CDATA[rj6yoaJlcxZVQ+V6YZ5IIPpr+g9Whg3IkASmES7o12iOTENZ+ZCrvtMS/ho15ZD4DS4qU9Yohc7idtia+IKZm7AsRz0qUJrNsE3jFm8uR6F4C423r0tf5ttiVmkvCUnJ20GNgWV0UParneyljvReZHlLK0uxZiOxAGKxHKl7h3tCPWwOwOYs09F5RRhlYvJQM/+fWMYNpRCsyqdjBin+h5HVO5iC8VOjvv4T47Ltz5wJLWJIbGBiSeeu0pFXKGDpAqD+DrSmKFP/TeV+qud5oITzj+k/IHFvWRBBQ28FJj2Syad0H0YCHp66odtOarGSmqvQ7ZWlAwCo3Nt/2MTcGa9qf0fGuXrkZHy4DLoL84/EvI0UW1ZrRXhxdRxWScMeTRPaZWNsUTkYtPfdtUPBD3Aujfziel3H/bGOMdosb2LC9HUPcx7p+5ssxLpCjN19NUufHI5wj08rsYZNlot6Gw==]]></Encrypt>
</xml>


2015-11-20 08:21:01 debug :
------------
String:
account-ticket<xml>
    <AppId><![CDATA[wxe5b18b9bd7e3626b]]></AppId>
    <Encrypt><![CDATA[qFTFBb0sS89zFcTdnpbcjAsn4IrLKRQuHpeNpuWbKUor3O2ns/GsH4diNcKbmP3ffssRXAGsApADM8yx/Ah0d0d+93DYj7eWkKyMXks7rKibIHaeVId6NAiFfjxhYdlHJFyuWXAcA9O1+sPUEXlCOx078/bfm7ZMSMYJ/qEqlD6ajQjjZpChy+/v6yy0j03mEN2t0VboqMhlaW+Vw6+q+pbvOVloGCFT2GB6bZI0cVp3eJIhMgvyVCP7Ge0xcS8hJUx0WmhqXbhMuwn42NeUEXIHvBtb/x/MX9tCf5dhfgO6klqOV+8Th9OOEA123gZm957H0VIGJ6HZG90u4xMFkPenTJNprYQ6773/4jsrkCERojkjxjctGk9RHK9jpb653/4ntHuKYbh+wKiXSbyLRQI03TPCP0bNNg3onzVY3sTjq64qi/N9RI1xhDdUvRBJvCO9lcCdEkLUCZMOZoDzPw==]]></Encrypt>
</xml>


2015-11-20 08:31:02 debug :
------------
String:
account-ticket<xml>
    <AppId><![CDATA[wxe5b18b9bd7e3626b]]></AppId>
    <Encrypt><![CDATA[Wpxz/5eFs5a1Z4V8AqrubA2z8M/HqfNwsT81YlZDsJRYZ6wMNjWiYioInUQdlP/bLPpNyWHhnBqaj/uGWjItnMdSFHWMMgd7hFnPe3N78c3PYgHPPVeAy+WzMDoGkvwzB5HuMPCiYeyLUUvQLFlvTEzLagxBvItuEAFwcMmp0jb8gfZ12j8Yl1WPTLPRaPNdlsUlROGCU7N7brk5exmZk6dcLXhCJxyslxwEz88GyqYRXfLGb3iyi1Xy5vjnN61qOzqjTrWW/k/Ma5TqwKQBSaP2o/mkf2pHmc30bjyIY9ftGYeOJunK3mGfjKVNVuqCbXrJVJxDKaS2hXST0+3YGI5GUJfSx/TQZ5l2js1/4ag/R9QEofDkwDsddmt0VPCP77Zc5wovuQsQLzY0vVBz7uonhGll2Wm3wJm9G9Qi6RlVCztepjysX9X6UWP8VkV8zndRk/oQPpcLWG5piCYG9Q==]]></Encrypt>
</xml>


2015-11-20 08:41:03 debug :
------------
String:
account-ticket<xml>
    <AppId><![CDATA[wxe5b18b9bd7e3626b]]></AppId>
    <Encrypt><![CDATA[oFhdxKcS2nEAmFEUPVAFdee8zeDHjwQDnqbw9NV7qsrEOlvGlWLiqfF2TNMZu7mD7fY/T0FxzLdLUo2rO4LrZh5utTlIh89+doG46scl+HQJ7a50/5eFfAhGaJpXbFtzvmY/Rf8P2i131COoQQhUbqBbNPmZfKgj+Xp7ep3gTdJJjCmXT+tO8JiJrpesULrQjvcIqQ7lXJsb+dY+PaG+wReRkb6m9Yrm6kLXOgwMAs/3urv5fMWC6I5NjzmXdfuVA7+kmTumCp6ufdgr9xLEUqp/kMf3eS1/EKISUrnzihW8SoOzLEnFZBFHgGARm/n7P8Ubu0RMXnZflK21gkclTCKuI/rQC9vw5YqBHd3k1wZkOh1FQYZ174XVUmHZMEYT/7mPp1NoLxg/rJryingvTSQgoMAW2wZ3C8RYjKus5gNL9vrHl/ogwqSYS2Odx8vORpVCZtJO2XZ8V9UctzgNUg==]]></Encrypt>
</xml>


2015-11-20 08:51:01 debug :
------------
String:
account-ticket<xml>
    <AppId><![CDATA[wxe5b18b9bd7e3626b]]></AppId>
    <Encrypt><![CDATA[+zmcXt7NpWUpANCxiqTI0uIrDBaqo05FDn11znsV2QO+tlRYSHlCyWHFfq1ZHqB3OI3EGM2ohKoWKir+n9U0DJKEXAGCX3zzOxSztg1wIGE+oJ623K97Yk8nQhbL4AiLOe7REIS/5wdb7McwzM+Vpk6XZKz3ikf3RtJtWLC5B2UeZ6AGv+bGMsggu1pBgsOx15nuvCTIopCv4NN5SiEzAkyDNvHKaHJtkcoI29CbuC8nP817gALwOSj2ZQhfZqp9LmYo7nUyLs0G3/mfSmFkyuunZHFtEhOyXdatgSQ+7zqW9Bsv2TsSihH8v0kZPA7l+AacObJ7d5k8V6nmg/Y1cH+zPOh33CVMZh3GI8kW8uYPgWUjHx2Rb7ZoXWys2tLBFspO9AQqH4qyBByVLvUaOKnh//v3z/DGwkn+2S4XUirSep7BXj8VQdwiInUR8+k7fG+TQ7gILFzh1EUJn3Ftaw==]]></Encrypt>
</xml>


2015-11-20 09:01:03 debug :
------------
String:
account-ticket<xml>
    <AppId><![CDATA[wxe5b18b9bd7e3626b]]></AppId>
    <Encrypt><![CDATA[0VuRZbuVZrAhn2Kco5J26Tk6bFQJBY7T5MBHFyIhCZ/Hj9gHQtWxPBNQ/7y8cSK0XYTwKRraEOUOFK3C2gGIr6FdLyPWSRSgIeLV5k7zWVlO34PyDrt9yd8kZ4PORRfZsxcofuHhPxu7rv4IqLGcgm0cA/lAomv2eBnOVN2BWl2+U7kbMo9lESIsblp4M8gkaorBEIEdr7ThcDJUhLrcPvTRz3MRQIB6HT9lOBZkirnP7PtWDXsNXFcmf40bbVaA0BZuXkwbiNzUtV3PcvScoq5nyb8G5g1d5h3GI1itNpy98OzjM0UBVQfZl2vbM+DXkXn93gkEk9OmAyMnX0kyp2RWG9Lzkk5rb9UYQMGjxmzEXAewPJXuBtq4ChtQoHPm2BDiJrOjhE3GbjPQDbRdmFG4ijx5aiaHtN9SRuhRzULjsvOkA9N4GJnNCyuEkR5E74CZSCfTNer+Aoe5JGlJKA==]]></Encrypt>
</xml>


2015-11-20 09:11:04 debug :
------------
String:
account-ticket<xml>
    <AppId><![CDATA[wxe5b18b9bd7e3626b]]></AppId>
    <Encrypt><![CDATA[PSGp3xohVs2oYMejnWgTgMhCMfxZyvFXU2yEnKzl7zAa3fsMGaOSXOkYJqN0FXME6zatp1gm3ED0I3lyoOVM5CvDCF1U++ak2FewT5PGeSlT5TWim5VLnOUDOWq0PaxGRemWwvigWafxQMUUAFQ9bAuecZD/yeEuTBI2wQEkAF39VUvXwQ6gl4TRj8oJAG0DZmVBb0Lf9q8IDKxcnSjxZI+msSb170Ybu0zCO+AR/ByQ5nzWNV7MzJbMHk7AwYkom+ZbDhhLgbOQmrKYaFaHO3KMlKUPpH4p/8fY4WqMiqcz+qwkZ6cRbB+DG5bRjFTJq2SZKAAdyxbjNjy9nkUZo/zFphfIwlJWizpa5BgVSs28UmaeifoHIqmZp0NbUb8vUYowVnWTMqYRAkdetstTklXXgZbKEqzdlOaMAkpc6AjhX0Fur2+faaDCtKr0L2QZzl8yS/M5DvXjZJt4fctSdw==]]></Encrypt>
</xml>


2015-11-20 09:21:04 debug :
------------
String:
account-ticket<xml>
    <AppId><![CDATA[wxe5b18b9bd7e3626b]]></AppId>
    <Encrypt><![CDATA[phJAJMiA9po9+Rr6syjtaDwjzMAi+WR+XNiD5AGelbf/7wSuCvTqSzDy+d8kGci5her3aFaIEaj0o8XTlhkZ8U5T/aXs7OKDpZlOtBg4SBpJ42BqEzxh1LtCd84oxqj++i3Va+9sJ7GC9kZVNtRP/mr/TISTtnouw+rPFAkPlSsBFtUhDkmVsaXkzBbZ1exw2ref7Z5HSxgR4IG/LO3z0AcnjeecSPtwXzyGCChFUvh/gJmiGh3W6kDr/9Ny42WvQxT7sDpdteCUoTd0dmk/2BreO3tIO43sFBQ8mpXTOhcrsqowZkMgrFZh+kFNBBYcGPVnqhKYSHfmX5CIyyS84cegBu2StdEtDBZ5rf8P42oeaOk3dCkxYrsqVd7DSO1MbPgvvXc+EhBSEwzKxzHhQQ9ANFIfJ/qDp7mNWfUHi9FAeqvEvXWzpdk7OP6UdiONYfYz8Q6JTyelQqqoLTBIbA==]]></Encrypt>
</xml>


2015-11-20 09:31:03 debug :
------------
String:
account-ticket<xml>
    <AppId><![CDATA[wxe5b18b9bd7e3626b]]></AppId>
    <Encrypt><![CDATA[DMVrmAtXSiU22FFhQ5BnONbPw1DRrXojmOs5EkCnz1DVUQ8Ij/VH0lNwqiIltmhZ0nas3AAnjPbg4L49GA3vft2czhuP2sqFTkszx/EAhgrwl7a7ZmszO/EUbgQvyktSr0NoTtDNdBP+nNQJxV8FrE0hVHWPUxZaksnxKOacjakiZojsUsVA5MYYD178XyoKtia3vQaR81NPIwQudZwhVNo5MKx9gsW/Sk1brLZ/F/jnpZSqyIPPM2plYbC9oQBSomLfGv+sh3l8D+z5qhIiP3MuvIdgkO/eUt/dRiEvaw2Z4wLTjov4Lg+aLiIiKjSBjnVRPBzgHZtdT0L1eUXD4Jj5iPQ2Wk7VwQIFFYv8TyPURjQD1ZcMClM2PtaTk66IfVdYvNx6bIaUvn+yx+1rguyosho86UYiRrhVVIKvFb/c546JoF8zHxrb+Tt6w6N17mRD0GW65VjHHipD5dNUVQ==]]></Encrypt>
</xml>


2015-11-20 09:40:59 debug :
------------
String:
account-ticket<xml>
    <AppId><![CDATA[wxe5b18b9bd7e3626b]]></AppId>
    <Encrypt><![CDATA[tQ2Qh/zQ/lJlVgWuNsA465ZZmeI23CE0i8QfNjWYT6gp6ou0ilCBDYNAezXhqpmwTAQzNe+55SMGhRwqD0V7VANePb7H5/1eGyydj7nTdnSwKIinV3fqfmCiCrjnjDqzx17LnNuRv1CPYzd3lNHE+KMfJPs/aSFsEhiOPDzTJ2EPYzjI33SpkuomOzeySJ8axz2/g0cmiO6wTSCvY0Yw9yVzxMQ/Ah8ncvHpdgq8lqB9P5Jjgdi2DXYF9RPVIDOl90xna/51Swi/dOK81Yh+FvZFUfmK4NfM1vPAP3cVNqOSLdH0jYycRFGTmcchxdSmAl9oWrZ/Jywj62pTvENv0ODaOgFhuDuPDBdV/jwRaa7NQ34AfvMU2A1yEbp8Y/RlQxY2uBfqLOFw9jTPYkvxhlkTmdPYDxeMQZHQeOeMwSEs31bZ9xkZjoEyq31pJaVjx3Cy602yKHUhPUMkxJt/PA==]]></Encrypt>
</xml>


2015-11-20 09:44:50 trace :
------------
Array:
from : o7SFQs6TH8kVLCwcuRTlAX4Sr4eI ;
to : gh_f8ef5613cc37 ;
time : 1447983890 ;
type : event ;
event : MASSSENDJOBFINISH ;
tousername : gh_f8ef5613cc37 ;
fromusername : o7SFQs6TH8kVLCwcuRTlAX4Sr4eI ;
createtime : 1447983890 ;
msgtype : event ;
msgid : 402756670 ;
status : send success ;
totalcount : 283 ;
filtercount : 283 ;
sentcount : 283 ;
errorcount : 0 ;

2015-11-20 09:44:50 params :
------------
Array:
rule : -2 ;
module :  ;
message : Array ;

2015-11-20 09:44:50 response :
------------

2015-11-20 09:47:09 trace :
------------
Array:
from : o7SFQs9zEcDvGhUbiPNJE7RZzZyM ;
to : gh_f8ef5613cc37 ;
time : 1447984029 ;
type : event ;
event : CLICK ;
tousername : gh_f8ef5613cc37 ;
fromusername : o7SFQs9zEcDvGhUbiPNJE7RZzZyM ;
createtime : 1447984029 ;
msgtype : event ;
eventkey : 实木系列 ;

2015-11-20 09:47:09 params :
------------
Array:
rule : -2 ;
module :  ;
message : Array ;

2015-11-20 09:47:09 response :
------------

2015-11-20 09:47:15 trace :
------------
Array:
from : o7SFQs9zEcDvGhUbiPNJE7RZzZyM ;
to : gh_f8ef5613cc37 ;
time : 1447984035 ;
type : event ;
event : CLICK ;
tousername : gh_f8ef5613cc37 ;
fromusername : o7SFQs9zEcDvGhUbiPNJE7RZzZyM ;
createtime : 1447984035 ;
msgtype : event ;
eventkey : 首页 ;

2015-11-20 09:47:15 params :
------------
Array:
rule : -2 ;
module :  ;
message : Array ;

2015-11-20 09:47:15 response :
------------

2015-11-20 09:51:04 debug :
------------
String:
account-ticket<xml>
    <AppId><![CDATA[wxe5b18b9bd7e3626b]]></AppId>
    <Encrypt><![CDATA[vcFKDbOQBCylXBnU8JtOmRElxdtJVTrrWuwqZy59JoTV6orKK9pugtTJfx6SPTIVEgfaPv50syQujfmLlpeQ9Guc/HDgVoeJp3EoUoJy2dzemlZBUf43TWrFmwmTZiHDxbJEZsR1u9HC12XpMOb7KyW4mz9PprEqAzZQFvvYBekRvEeGbyxQiWcf1B/Qghama62umpdorBXez1rxw9umIOvOWQ6jzJoSB1Ahj/+98W1IwKma8k3L+F2neekbb7ZneJGX019/UhQNJJKol7exqRMexY427yV4/J6N+SQEEGQYs/ysLPuTNRarCmR5TunykVSZqXkAjzW3V5V6ezhOi8aYXe3J5d3LbNzGgcaddJhnrUas44upcArwR2t769fKxCNOXoI27TxwxFRoBharRNlnWbkXZK0AAcR/bvf5wbiiWGnRM+TSLJrgATLalcI/D+f9OBtzdS3CdXjeEZF/xw==]]></Encrypt>
</xml>


2015-11-20 10:01:04 debug :
------------
String:
account-ticket<xml>
    <AppId><![CDATA[wxe5b18b9bd7e3626b]]></AppId>
    <Encrypt><![CDATA[8V73QK56CZhfha+0O44pG6IR+8ehbQZQUUgiZ8H8zfXWCunSm0b0I6E0XzKj5FuFQMKZPxJxICKFAWwEcuhi4nsxn4XI1XB7AiWuZlwZJht0TvplduladVJjWL2IQ0+m5+1xVYKLqbamoJI7iwTJTzgrxENRYtmEvUOIQqnYGZJldwoqXma9d3AKaF2DmJ89lAqFp83+bvgEDwmbRgZ2oxbE9CjqyoxuNNerkBmn0URq+OiDLhoqeByuVhxqpUmqtbwOLwOSf7t9/c50RjjZhbJHtBND/oUFnDyCQvfPe2NQZoOCtEkVigR5sgBwM7g5SMPZxvshrpSTNUhNesGy+MR/HeduuRSCv4+9vaFV11Dk0ipzSMAXkgL6mFTZC3SQNjf5RMOoiTCHljn0hHpw+MToETL+Pcw4YDxYnuxlPON0UsGtY+/Iqvec32kgJfhdr4cXaoQ+qqpgtkxfBF6f3w==]]></Encrypt>
</xml>


2015-11-20 10:11:05 debug :
------------
String:
account-ticket<xml>
    <AppId><![CDATA[wxe5b18b9bd7e3626b]]></AppId>
    <Encrypt><![CDATA[EHznBRd20KB6aSS+tzu814QpYEc0PfW4UpFxFs/RXnHONA5fthkdi2zbmVHWMCG5MiJU7KTLzeENSOjgpARG8BZp6cLDEQKgnsRKIuaMo5fbs+bRuK5w+a0TIdY0szZpMVVOAXvuh1rM9wjhkKEscqroA12Q7waLFeSH6qLXYdc8UCQ6MivteJEjHtD8axiuJLHySo5i0vXPZLR/1vlVPAeUEjknqZVw9Kds6pVmPtFmqtR1Eg+Yoa0fDixhkoTZyabhG31Oc9UGX4Gykal/nwitQ3rq2Fd3M+1wPCXBN+65YQF8ivP5dxiWn+gBoiQbFFVLK2hv21iMlX5aH2KxjeoRmtnwGy60VSyt2CLZ0yF9uGSEft1baxMzPZbb6tMBp8Anj1mgGkUf0FSnOlu0QIirT9O4DgDSKLINjXJCkgI1d7Kl2OV/2qeNEcQOg2344OWDjNAC/inVYjgkouVTWQ==]]></Encrypt>
</xml>


2015-11-20 10:21:05 debug :
------------
String:
account-ticket<xml>
    <AppId><![CDATA[wxe5b18b9bd7e3626b]]></AppId>
    <Encrypt><![CDATA[vf7eFA7YvjBU6AvvDfnT1xW0tpnEWBUdl/fLoCzeyL3lPdkSFFxDLGLSOBmCmRhW6onOMkKxk0iZ6CNMHDMhz6iNNXZodMoDPhj/AXrVWrwzokxlsviE0/XWdc1BP7TB1wj2l4NjdlzmOzDhzy5wbzwFC7Zt3XbqNSPc14BFgb0Ea8AgQqb89Cx6hb3LpJ5fqI5hn3e2i0is8ZHkkCP95Xs2VTnEUIAjejhC55UQaBg6D9mtarCF0xkOHyaYyCSFkH2OUR1UuLidXoCJjMk74tQf+BuUaLVdiYJdn7kiQdDAcE43jiigPWQu8EnyP/Cq0ipg4JOSHsemE79gG8zAFN14Z6CQxK/E+CaKeGVF59Wg+lQnZ/OKTEEfxhp9/JPi54kBeNojqkElEV2dNwyNZbsQLoFxjbNGeV51R5msGasp9+cqgkPQFAEuNxXrR5aSbOwa54/8XgWwPLvDUQne1A==]]></Encrypt>
</xml>


2015-11-20 10:22:29 trace :
------------
Array:
from : o7SFQs2bWm9LWT0bTQfCgmu3YW5k ;
to : gh_f8ef5613cc37 ;
time : 1447986149 ;
type : event ;
event : VIEW ;
tousername : gh_f8ef5613cc37 ;
fromusername : o7SFQs2bWm9LWT0bTQfCgmu3YW5k ;
createtime : 1447986149 ;
msgtype : event ;
eventkey : http://ws.mxnt.net/index.php?g=Wap&m=Index&a=lists&classid=368&token=yqxpxq1429233090 ;

2015-11-20 10:22:29 params :
------------
Array:
rule : -2 ;
module :  ;
message : Array ;

2015-11-20 10:22:29 response :
------------

2015-11-20 10:31:04 debug :
------------
String:
account-ticket<xml>
    <AppId><![CDATA[wxe5b18b9bd7e3626b]]></AppId>
    <Encrypt><![CDATA[4LWFX1JcVdggLUpwDx3Ze/e3VijBjqgeHKrTQroNS3jIRcgORTsIsOBT4ef9J7ooJV0GwGv6Gy/Kieg7rUwuvdDqDEx382F+tDVIvUBUHEwBpcaDZMAHt+4LVn1nV4t7mDLW6bUIkCl5ILGn8sT7+4x+uYvUQKgC08kykhrBNHEWs7xgLIkmrDH/BLkqsPTxto23RFUGshsFMtqyLSXuxwOgyEm/MGOWCXNRH1adsq5Ke+B8rX6gmLthALSeCcC9XtlSYXL4H+RGkL4PxxPnp26ob0Ff6uApHy8LN9lmgSXYB6/2q7kkrY5sak+tGEyb+I8hugYirdjE2OBmYqhzPzLSHRxJm4m3rTmAUWxibJxc4zhzN43YjA67IpWj5TA2pBZFL2HUhjehn876Ksqu7SfEDXnw1OynEsESWuJu+4B+pcEjXmRw2hVR/FWRAmELBSAuViBVeg2wOLN/fx4t+w==]]></Encrypt>
</xml>


2015-11-20 10:41:04 debug :
------------
String:
account-ticket<xml>
    <AppId><![CDATA[wxe5b18b9bd7e3626b]]></AppId>
    <Encrypt><![CDATA[nGbcp6Qzo52gjbQc5SAJWoC63d/2O010xYfQ58zJbHPF4DqSRabo3udL8+TgGrehn1kBsaJzScpGl7K2qI/tE+CSm+624OmQIC9i+C5VhaTiREgcHSrYcXEczLJaS93RJ2Qa5Cs02dBQgg4FQVN8KOcmEMzfmtl4DvJ7Zcqg2lNEztCcAejCUrSTmgnt6IAUhpHG3QA0kF8f8OcIX8DADqB7pUUVmYo397MHdKYepcvyhhXn5BoFXBlxaFV/eG3SqNS9E3JniVnrgBiQPDHxFmVHIyA++jniUemgjFuQlFz0ofBcV3d93s7aGSJtS/lH4Yo2BxekJqOvmTUf8dwBjVUNUOd7FIl0mei/0YnoWDv/mrDNo4G9ln0JM23qYeehGQ+ntVxYsqURUNHhLm5mHwxtIQNJqm2eETBRkcl/UHNFW+C4ervWxVVK3GMX6Ob6IgxxpiEifZcMj9Vk7IEXTg==]]></Encrypt>
</xml>


2015-11-20 10:51:04 debug :
------------
String:
account-ticket<xml>
    <AppId><![CDATA[wxe5b18b9bd7e3626b]]></AppId>
    <Encrypt><![CDATA[y+eGnG6zIFzDAT/h7R5Cy14C0sQZRhAmgV4QTHNnUMJukDfPV4MnL0JY8OthMoYQGJkqd0EYpn9/u7nTzRC2qgjNXfmZ+O0Tnh4jo8eDGr/lmQKlvQI/QLuPL4U21jeNudu5wwdKaure0QGaRR05EwiVfk3w5S53M43457XqOYY9hCWz+vAAGn+aRF+EiBWmZnQ2rbhaHrGx5ckN/PCAUw3UQC89ujni/3Ot7EGdr87S4idX6IDuDBddCF/RHCn/BxxXTnEG9d+imL0y2eZUyQk5rmGLHjKecGGvAm7/LTMf9PkNoErgObVvT4Xfp5atizW9jNQ4O21PcAG/opvwPTaGe6SQNtM/qNEJnT83SgCH31KOBiuZMQ6onE61g/ggzIxg2RWdKx0TghK1yNKeGdG7fv4fts6Z/4iFOhL4KoE49n6vmy9oC8yVRnN9E8mifxdCPRfswnYflF4shcd8GA==]]></Encrypt>
</xml>


2015-11-20 11:01:05 debug :
------------
String:
account-ticket<xml>
    <AppId><![CDATA[wxe5b18b9bd7e3626b]]></AppId>
    <Encrypt><![CDATA[FvNSVhudOBZ9O8Kd7mfMnjecfc1PH3FEkhOWJI8eLw/fdRfAjs2tEhAMhxIL356RRaufXiulD7EHmuWy9lk/a5gfHaKl6nkz7VBHzUpN5zfdmj7L4QCc2graMJFdix14fPqvONqFyuZFIbJVeYU25KoL94xxE9gN/pYlnyB0LGRxfjBQWxc1zamcAd5tqrS89vcHtl7e/1zdkjxak/IxHS5wP3QoHpriNKNRpkun87aMlCys8kJAEwBcJ0NU8LWUod2lXR7I28NthAPMyTXMq/JhWdxH+S7X/xUogS6hHnAQDnevbHODLymLzNj/nTZrmrfJ9TQmp0Mi0rolFHAzCJOx2g7Guag9YtD8fnGiy79rT2zgn0LAsDTqPASEP3ySMJtIoZapHPfgv1S/mw/7hfzUWiSafOqRhcfiV2wfuL7op/Sz8UfyZm22nTgORZB/5ozzNopdzgjHFFhrwGHmYw==]]></Encrypt>
</xml>


2015-11-20 11:11:06 debug :
------------
String:
account-ticket<xml>
    <AppId><![CDATA[wxe5b18b9bd7e3626b]]></AppId>
    <Encrypt><![CDATA[CLRlLVhufpUC7dKoh5H/rUIF26KI3qriYJ7DNGaIiiHliW1oGPe6YT6NObQt1PePtny9dgPYSSKpFN16HTWUDOE1FYxc54BoowRyVMhyaZvJEA3F25oCEn3rFKMuVVS5XwTkMEjQOpRRJBdOznvvYS+KERB41seseV2ehMJTyWVtFWdwxOCUm3u3/QzX2oNfx12b94N+kje6A5wRSW05jwt+Tl2flEW86IR7vhq5jWoKXqTG3hrhBaWk6oK9meEBrfY6uuo59Aegcsy1ME4DleJ0BAG9Fo3pSbHwQ6H0fEGMBUQaxy2LRevR+rJfIkeHu5gKKKnowMgnwxCoGcUKgORdaUx+32WxOFsqIrX8vGOF7/b3mzTIGDud9yRcxVLisGk/TIQoEGRszLt7OmbPb7OoD76fGWC8JDAR3xBzV22OdmYl21TtxT3/kwRoB+iDdADhQtyVLsVFIyZJX88+gw==]]></Encrypt>
</xml>


2015-11-20 11:21:04 debug :
------------
String:
account-ticket<xml>
    <AppId><![CDATA[wxe5b18b9bd7e3626b]]></AppId>
    <Encrypt><![CDATA[9zVlDsH9Mys1UZuKn+Jd+5c+fqK0TvvltGIYm451LbA8J0itr25nhetx41HlWeczvUI9DYSH5RdQRPDbNFc3mbjfEhDpfWenrCpRRBSECok5UeoU0phmoVVL0/rSE9lc25JXaGZj9yzCnXPIoj/h4XTBSinrqTD6wnz1c60cgJFGHmfnOjsytizckmJJ4xb+cyMyHRnyCJbwzl7UMFD+Le8hxPGc8b8ADeJAkicIv0sbS5tqFgL7rDdXTw4Nv6mxIXh0GCtVx+wU/SNZRVKvuGdd/6qcJO9p0Wya8Gd40W17gDblSkBxw2s1hagO7Lrd5B6jwEMFbYquX1YdvjtO3LExxoiaT5BthxVnQsg0BcBRPqs1hGsGFh5WoGTxLmzU60iPqvtGyxhV5itsb7o37IOBTFNz97AxW/uqw3KU8I2QjsBxj1AuzrUjW2ZkVto+aHCFm5LqCK4Zu0uNfQ4vEg==]]></Encrypt>
</xml>


2015-11-20 11:31:05 debug :
------------
String:
account-ticket<xml>
    <AppId><![CDATA[wxe5b18b9bd7e3626b]]></AppId>
    <Encrypt><![CDATA[ClL4nNy+DXUBUKpF2vLJe0EH1lJNTYNQRWNBSYQCzZFiJ9KI1FlRghvPqwsdG4HqIysQw/Sa2fBziv+MzEvMViRJKls8nSNjtf076n3oXEELGNV2wuDRGfqrSE0hyJaJNZhijWXZeR2dR3yk5MKdbu/LBxWEmlBk8IFf68krw2kc8v4MNCkfcl36saKPSxAcM1awl3FXDLT3MuUUZZzFJCQuVZ8IDXzoF77CfcNod777+zi5/T4HhcpbAfqMdtRX+CnPjkd/YOGa3wYYXhV0Lw/oSH/vOtX8/dl35PxkVBu6AAHfSEFqKauv5JQY5S/ehGcZmPANBMIrPuq/j3h0PBk3GpI7mJ6+sfWKB+vCEBrsizQXzxC4wuWKiU5tQ6JFSABS8TodQNI/yX7Tvyytqh3+s02w0fvL+FgfhIbc0UXjVu7j1wnFZLtXArAi6q7WyTbjegpWE0y37s6/HNpVpw==]]></Encrypt>
</xml>


2015-11-20 11:41:04 debug :
------------
String:
account-ticket<xml>
    <AppId><![CDATA[wxe5b18b9bd7e3626b]]></AppId>
    <Encrypt><![CDATA[oQEyS6fOb9Enfs3ujGOecqbfb8hr4DR4nFtvJtjMC/wRKqKZQv1qVFBmXYhkN9o2kcvnD0PlYSJIabWKGm703qmnrRut2lKAIAKrtWPXSbueY9ExyS6y1TN+Fs9bc+BK5HEj+1CSOPjZsON/PVdUylF42RZvQ8LzaWWrlKs6o0eSr6Pn04fyJux0JoPcKK6njP1J5X+RB0bFLdEDsbHc7UnKq0+x1ATd7WutE3AJELRrDI0aE32j4kvBK7vbomXN5BlGmmLA/kOwZPuy52rex7rXdWldPxl9l3xUc6UoArapqxbg4wUg8veIewxVXsottYALlZiarOY8NVoJt512d6Agh6HTPRtaOyRkAddt7TwbZ7sHajRzFaXPKee04IYckFWHkHrPRTBMx0bD2sEfYIfY/yJcpED2xp04wf9bL4jwhBDab8Xk252raj5BHDUuYm5ZHee4IZZEZwlHzK3KEA==]]></Encrypt>
</xml>


2015-11-20 11:51:04 debug :
------------
String:
account-ticket<xml>
    <AppId><![CDATA[wxe5b18b9bd7e3626b]]></AppId>
    <Encrypt><![CDATA[cJVxyiz751uBnMIfzCzp7Dp0RudDT0A1K+dy2IoPvsgQVeVHNbZHRODOjGhFemzJ/9LNUM50XRPft5zB99gEzKc24IVYKUUaxEW+IJ1hnteau+6hY5cBahyyTa5yVKK8BgQq+LP27j+otnlcxE2PEIMp7rdIEJu/cd5y+r56HxSFFXZP6weEX8YoHCvUMt+wHhW6I3gP5P+yT+h2nlRT7EoiYCjnWg3J2KRe/Le9s7VzYY+Z28DplZqj7dpBX1/T0edPCOINNabRaxMr2b+lD9Aq2vHLBFveYv7gUtBEHcp+ggj+eL1I2dpVYeCKylvq92/HHkoFAh4VrVUAGD01mdzwANkMDEU4QBkLjp8E8OkuLiwQsaYZ2YH0cmHDBMRDqLYWkDUh9gGeNrWgnm6BzpMwRXpuLVUl/7DrLV1Cr5JMlEAQUrQVnmHlEvHjSvMjNBM+mvsPz87MVvOFGlujcg==]]></Encrypt>
</xml>


2015-11-20 12:01:05 debug :
------------
String:
account-ticket<xml>
    <AppId><![CDATA[wxe5b18b9bd7e3626b]]></AppId>
    <Encrypt><![CDATA[xotpEZfuKvgajXI7lazJk43hgWVhddcJs/S7YACIo4cuCssTWAiWpEAsFksa0onifNiMU6RxMDFGkOtx2fSHUXTqJTSKPhs32ezkGcOa5/Acvqy/TJi/DuvODdgeUHyksAtcbJQhUS7TECFnhbbnpePHrgpRhsFz+EQGHe53xYeSpD+UAQx943wH0Qh12wpiGObJYB0aAHw7QniWKzSmmEfKroUJrTewkXnDeMNS7K/C9CRoj00IeXgoe6rLXnYWemlcvgrrnzA652DDJqVdz82i8OofCrVKTnEsVKoU5HrFvB18yDn5uRm40TnF4Y1DO480F2sQEZD6bSDrFSFvLKp1//4Uwx1lNBPy/4jQflb2KG2LNe0/22LAcaX/YOyFzmT6ijC7vvnZZioZze2MT1QXEgtQWJPeX0/ssdJ8JpWO1ou6MqZA8YAtRZoeiuIB+57wMg20lR+hI+t9o9DYZg==]]></Encrypt>
</xml>


2015-11-20 12:04:05 trace :
------------
Array:
from : o7SFQs_9DxnS8uldqa_PgTOgu35Y ;
to : gh_f8ef5613cc37 ;
time : 1447992245 ;
type : event ;
event : VIEW ;
tousername : gh_f8ef5613cc37 ;
fromusername : o7SFQs_9DxnS8uldqa_PgTOgu35Y ;
createtime : 1447992245 ;
msgtype : event ;
eventkey : http://ws.mxnt.net/index.php?g=Wap&m=Index&a=lists&classid=368&token=yqxpxq1429233090 ;

2015-11-20 12:04:05 params :
------------
Array:
rule : -2 ;
module :  ;
message : Array ;

2015-11-20 12:04:05 response :
------------

2015-11-20 12:04:52 trace :
------------
Array:
from : o7SFQs_9DxnS8uldqa_PgTOgu35Y ;
to : gh_f8ef5613cc37 ;
time : 1447992292 ;
type : event ;
event : VIEW ;
tousername : gh_f8ef5613cc37 ;
fromusername : o7SFQs_9DxnS8uldqa_PgTOgu35Y ;
createtime : 1447992292 ;
msgtype : event ;
eventkey : http://ws.mxnt.net/index.php?g=Wap&m=Index&a=lists&classid=368&token=yqxpxq1429233090 ;

2015-11-20 12:04:52 params :
------------
Array:
rule : -2 ;
module :  ;
message : Array ;

2015-11-20 12:04:52 response :
------------

2015-11-20 12:10:59 debug :
------------
String:
account-ticket<xml>
    <AppId><![CDATA[wxe5b18b9bd7e3626b]]></AppId>
    <Encrypt><![CDATA[rdRmiaeShXS1BOfsFGurGyV1xA1thOHolTr83t8LCfAN4LPUXCIGyH20Y6LkqwD5zbBWKYvLtOhFhra7gYxkiG5q2sA2MOfkJNk8bOvPz8A2obj5iuZ+D+4jVgt6palhXyS43U1IVPhGnLUv1mPonLtngtxkkCSYT5sWRJViE2pi4z+Z9QK7oi6ey+Qj5orVdrnkyS7FCSyTj6WL0a8h7/aNypkDuBtR83oVXqOMfyak9FCC0E90kT21w5yJ49vBI98Q/AXatqH6plaf/XVPJ9qKhYvLDU4WP8QuemM3qAoUyjlOjxoKJyM/S9iVCExKRljaKuuk0KDV+DA+vkqq0Rei1lvJQRv/UgGIAx1Dp1ik3Os4wwHGnT1bFtnkc6AV6zF57PQfPXusLKh0nFU2SX2UrdXvtwcas6AgqwcsrH5GhHuO/zA8eEzV2pFWStnEgvi58qLgJeFG32GdosLL+Q==]]></Encrypt>
</xml>


2015-11-20 12:21:04 debug :
------------
String:
account-ticket<xml>
    <AppId><![CDATA[wxe5b18b9bd7e3626b]]></AppId>
    <Encrypt><![CDATA[kcNvT2yjnyKwuZgo+fLOWPH0KE4MrkeQjEL4O2mj85aklJajvghAy9n2rPaTJ+oDgRoznepkye1/hf/BbTfySNuMMHcKbC3ODIIpJjUmL4od+v3op+VMc2Dmwo/1a4im/zCJ8DXgrtztcZZpszuVv8U243M998lej4GSmT2Pp4uqwGtJu/OlDrriEUPKmaxZMMZClhAHs2BML/Gdr2Lwa8S5ccyO6WvrzOMTbc18e1rURpYhpuKcAxp3IXYgEBtJYb9P2J3p33UPxIkf2xByrBiTAoiSbeTdx725eLdGyC+MF4jFIhvnzOhq+bT09h8MUbJj5cL5RV67KK8Z7lWEUjBnY5HY8EcXn+AD75+INyEJ9OBtK94WwQyv3U3wyF8EaOSkmlKVGMa7+2iIe1CvP92hlOpAqSGafDELRWkJ9CElSN9Tp9DCUhFJXuXoJ5qfh9MMqkVloCiNa9Vbdhc7VA==]]></Encrypt>
</xml>


2015-11-20 12:31:05 debug :
------------
String:
account-ticket<xml>
    <AppId><![CDATA[wxe5b18b9bd7e3626b]]></AppId>
    <Encrypt><![CDATA[HO4QHOP8sF/LxBu/QRkKMA0pEl05h2XGHtHxOrDDPzFWC9qS76fc8rm36BLswmkmL0ReKRHYznExJoU5yIu5P0IkDO9NoUULWZRCWFXFXmyUUFZcP7v+npigJjlkL+W6gDsNmLhNeit+Y8GtcLahScSXKq9JgF7TAVDPlpUyPNahJs2we5csxpk7KsEsexsGHa5hngwAP3feOPDMD4ox/eqeOibpfem4e9CB3GSpAJ8PimAJzj/PfvLbiZSuYM999XA5n3XM7ChTTNeuB/QhQWLVz00zUaYIneOYX1/9+S9+CmcKRrEfA3kVW2utC+JwuY1tbu+pcBWMmlw973FWG2jIcMrnr0DOXOyxguRjPFJc0mI0J9dFRHcLS7Rk03ULPrz0wdtNfjBFgDCL90tXh05NSpt0sCC5yC1tUJoqXJmMBgxVEVqY+qZKZQD50iloJ0VgPw7bvIqOhMVtjB2uxQ==]]></Encrypt>
</xml>


2015-11-20 12:41:04 debug :
------------
String:
account-ticket<xml>
    <AppId><![CDATA[wxe5b18b9bd7e3626b]]></AppId>
    <Encrypt><![CDATA[Je0MlBIi0Wl8nxi/rcBAuQj95z/E/0S9RKKM+boVsIbTBhZD8gGvo7Ke9KMbSrmeFzCub4kexGkFEccUhueWiCbswfpxVoGKgqZD11nLLexGUMS0o6IzFclEAFO++01SAYyO2rfavY9oN7hdppNPY6t8rK6HQ8X/tXdcoFiswaIIq+FBBbr4BpUvAWhPLWzehJeALxE8VNhMonF5yTgJ8TvKzjPM3Ox12Nj9oUX7Y0wIyThnA4kE5cntobQnnvwv+/fpq5Gc1PTdP627S8qC0r+RbHqmGcUzHyAmMz82oUUzqHTSUjRpiQQ7RDgVFM3uqEZJ3yxxaY6YQ2OlAxTmCWqA3OO5jkhpC+Tmb7dh/DC/GTO9vVE+btxzj1ENLZK5IXq3NEb31sRvqNaFEjykrP5KO0Ql1AcA8W0RL+BWcKyb07VBlt+17cx+E4zc6TT8ENI/byhWB2vLB6718y0OEA==]]></Encrypt>
</xml>


2015-11-20 12:51:03 debug :
------------
String:
account-ticket<xml>
    <AppId><![CDATA[wxe5b18b9bd7e3626b]]></AppId>
    <Encrypt><![CDATA[yeiea2C66jWSLGMS62GZyaCXAhUPfnEkRN+ME7KXrPaTuk/WK5nxe589Y26Ziw7Dc138Sag2Faued4wGzJHdkdWsMZQoRZtKRdH3nVxI6r4SFarI8fJ0QbYSi7asGVMLszmLSWgxqsUmXR7s4wun8g8vcZZVOgsSywZRHO9sOUKtNwd5Lo/kxyFhDHI8KDQK7V+CrGskxHh42HnpbbKlIAEDloN0xOEViSuv3r8bT64UyrobZGkkMQB5fMpdavSMltcWYyDnBSdFKAcVIi4tvxKwsuQs04mDa0WHrpRr+fQ3aff+Fz+3JF+QNaPFZyLtl6zgboAfHizsfwzu/RcYpHAesh78iGXz88YudwooTlY5U74koVTzJ4vFlU+L6QyvOYofqxBPCf5ffYQpMJ1VkwTmmFCzwQlKN/DWiGsiNBAzovHwrvRMXoFwP7VoHybRR5Iu8s5EQamnKs1lHj/8ZA==]]></Encrypt>
</xml>


2015-11-20 13:01:04 debug :
------------
String:
account-ticket<xml>
    <AppId><![CDATA[wxe5b18b9bd7e3626b]]></AppId>
    <Encrypt><![CDATA[PEfZwCT3Ka5rkl35TlUkDg9bqsnmq68mb+6uV7Xq/LA976p3ShNssU4qUvstRHx0uyW0FaesYDoANPABcUQNVa4X9Q6khezLrFJKtRUp2Tp3mKQpv4/qldJIB/tyTVnHYLCqHFePLDMRz/91EleE9/MNxfdmV9O0bHBOAGDVB78ko8CxTNuCj9eUfMohqmgYFd7nSaKmBw3l+XSB3PwhleB7SJqimq/TtekINLPR0tvKVwNheInmn4Gc+pSkU9UI4OG6SsIKZmaXevgSysfMTKaWUtudReyDmTRhqlrnDfwO7boZ5+A9YlI7Ggku5PLFe68pE+WJdSkLGV53cV7HWKDsD9IFlz4GkArslT+l4aitC5vLz/x2EwKE6R6JwKcQdlQ8KkeXVmB4W0YXrtJeGtuEO73mJnNYjz8bm/kXwQZyXmL1mDp9r8C6en9FVlMaUqudEooN+14E9ts0TUqGWA==]]></Encrypt>
</xml>


2015-11-20 13:11:03 debug :
------------
String:
account-ticket<xml>
    <AppId><![CDATA[wxe5b18b9bd7e3626b]]></AppId>
    <Encrypt><![CDATA[4RwD8DqcuuGbXLfZAo7VYBRJuGHkwA06yOKdMI5WxxxEu7JUttI8kCaqJPNR5hHDHl6h2GDBRMYoj0gt5A0IrNZaUICvdbDCg/X/H9d4GOihXA9WYRzJ6eD+iKoKqkDr+6rJkAJC0mXZaw8aPYUcAa2Hw7Zl8NTiBBCNJOjARZfbkxoV0l3ilpxSlXcu/0ROxYTWbtzAeBTZClHTvcH9+35Gin7NCJpnyqe42o9HHZRFFg65VRG8SjZ4OVOxePIFSUlXIC6GxUq+rL5bBHYvNYb2hLvbewf59/smOrGACT7Plcl6pUfn2L0DTS/TWlLsxRmie1s7PgtOT0ZdBjQnrWCHJ9mKSwpkXvrq6vfIen9RTcDnAU1xLxBzti45jqIXfbvjZJR4msUBUyPhjYR2CmG+sYGIf9DrxzlBPOkvaTHxRviUS7Va2J2PGis3VHcMa8Ew1GWJKdzth8ppZ/nyRA==]]></Encrypt>
</xml>


2015-11-20 13:21:01 debug :
------------
String:
account-ticket<xml>
    <AppId><![CDATA[wxe5b18b9bd7e3626b]]></AppId>
    <Encrypt><![CDATA[AtRIL2AhCcAbm3MMYvpLt526bSEpDoRfrEy/rjqJwIpEQqybhh0BAbTp1g8Y/V+EdMup6hveKAKctSnOdHdgVIftyQ57ZUKn2Fu9M93Llcfoe711l9LPQCpW0TVN1uZnSEuhBKznM7dPjAsFoGI5ok1eKq3WnGU1nmPW0Bckxw8RCt6N7lKSvB422B1c+8gnm2V7mqD7VhrVmG8e2kKmkcl07AImp2NXzEtO6caScTPxCZA96z44ro6kf+C1ICup7HVXPTVjTedcwAb1AnF+sM07ujf/MHUdWgWS4nRyl2GJgUtpaBsLoVXElPbdYeq36O6JnjysEvHSi9JTwn6ItC4Mev2/bwZfnFYD1IUycVMAyngmhcC/Gq09OCqEi5Zwldo+2Kc3HPmnUAeFJh31nSlG7qdiuMh3b6TLylcOMS44FjbsAr4mbvGZFxYIqVjFC66bqJGLSiTFojlExCULyQ==]]></Encrypt>
</xml>


2015-11-20 13:31:05 debug :
------------
String:
account-ticket<xml>
    <AppId><![CDATA[wxe5b18b9bd7e3626b]]></AppId>
    <Encrypt><![CDATA[N3WOCGWaE6yTI2j9TxcmckOu9wDv017SV8appfnjo2XQUAT/biWTqLUcOOqVLil74Ph0m5tskcR6QTe0aQNQoHsvlUuWSBYcQagcpA4RvBOcw3iTEMlUKQpSU4mLtfsyQCbTTT1qL6Z03qAd4GEHUp+weD24XjIYWhenPECb7q66otxGn+GV/EiVpCZnN6+S0oA0kX8fD/932ODXQ5j0xl4Cu/6x8afmyK5FhPmJWpYuoE7keGHpSvS50xDxHrqxTVQ6TdMHtr2d+/MGMylffjzhBhxRhJ4ZFshIl3fQsRXKbVNhVdmFkR5O0Nr0UQXNCBh1DHSrmf5/KWbruUVPTd9XsYmezsale1172JStA6sB0OTahmPTfrdiRvFkLbRS92RkjlDeM42I/ZwI9tnCusP6D0BgAQcmafjxoc4ZqUg3pUUwHh4EG7iVQYzdntAKJ6GsCB0T3Z0/5QomPu5lwQ==]]></Encrypt>
</xml>


2015-11-20 13:41:02 debug :
------------
String:
account-ticket<xml>
    <AppId><![CDATA[wxe5b18b9bd7e3626b]]></AppId>
    <Encrypt><![CDATA[+BgbHubTp891ucgkIixaCfWyk60jk9u4aj0c3SCkElULL2n9Z+FYNFhJgXTAMuvZhSz8kFNxrroVntfVtiut3/ACtLSQU16cofPx07hlbrB1rWnOZpDlNInc9hheaCDDZdrso21MPHngOV1CvL/ZOM3ysg4o+HSUHSKYvwqvXmgWN4om7nSNvQzUYlQtIxhyZ32mDimBjHAAzk4ClxXd9cYgqTTyVOz1/m09wb62oyVhSUynw1VjWARz1EgPw4Ctkbm7+4UpgFB8GsqUHEiuIoA5VUFyzH/9ymvpxSuduPRIp03LZn285OOSs3d1NDw08kNUKXnpLnGe67bEQpqdJtNXoPQ8gxyBpQ7q2luzlpi0emxEkd46JOvKxz/NDc2LFlSbHjEghxwTwfsFtHUa3T9SixObajyTYRvH5uvzX1jsf+Z5VOAKvSDFNDKqoFOPt3m51oLqmk9r71SD6YZHoQ==]]></Encrypt>
</xml>


2015-11-20 13:51:03 debug :
------------
String:
account-ticket<xml>
    <AppId><![CDATA[wxe5b18b9bd7e3626b]]></AppId>
    <Encrypt><![CDATA[BaXZY9a+uL2Beqzl4LWjQJk8yWHa26mo0oUiTU290uFSjh+NogGHpV0GOylDUPdBzZVt8YqTK78iR0avKm9NRLGK44v9EFW/UUwxv7RQZ5hRa02uUuQVOOqPZ4JX8b9KbpB5XmHgcXJmP22UzWKRdPIPwIfwbpg3L13t+ZfVF8R3x5/E/aoShW/0abgag43P2QAOi3MmBXBV4F1/lQb1cSZmB7HW4//l4oe29kBWuJV27xoIg+VezhcQj5IHc+ozT4SWTY2PSnYuoj178mR/iO3EcuDDasVmAY9tUtWkQ65QXwbOzPmsUlB9/tfV69GZCn4hLFn9U09d9pDkrlqmzgQnN7zmhMfVmwjZePjzvtPwTqeVNsqJA5qnFl5YvGxtWL1lRpSJqKk5KA8OnrxpDN2FuthSIGAl5jSZp+XRQyjaUz8SDPxQjnZx/9Sk5iu+iWEyzWrvENnsNisx8JwcHQ==]]></Encrypt>
</xml>


2015-11-20 14:01:04 debug :
------------
String:
account-ticket<xml>
    <AppId><![CDATA[wxe5b18b9bd7e3626b]]></AppId>
    <Encrypt><![CDATA[9AIGU/HQ025Z+xfx/KbWKLPSptf4MourSZC8mh/xS3d7UL5HzGUZcILtSM+zBRdRmtjCc3SIZgEL/v94VTyeq5FiV1KiprMpq5GqGqPOGZcItPZt6IHatK3blWR5y1O8rFLXsUexjS1ZjSxjFCkKIjAF6Dl0Gv6gS5iBo3goNe/DrmpzAniCVQpUkvg+bqzoTH9SyK+AIX/ShxsbliJaX2hL858GTjLjwelKkfWcrdpSbnt7FYaVF1yv7glLONND9N+ZhbyEqzKsGvS/vSBiO/4BLbv/iY1ubv+7GzO8KLntHdDtlB52TXJgFYEokxFI2r8bnnC3Gmzoe8VJh0J3+Z9f+GFstPTA5p1ff5CalVEyPFbS/0BADucWH4kr8wFVNTht6DDwX92gJDH4jB7r/mXl40TZbwOD97q+gfKCmMWIpCPN792I78Qm4o3RN7f3hjPpzUj8/rV4n7tmlohp3A==]]></Encrypt>
</xml>


2015-11-20 14:11:04 debug :
------------
String:
account-ticket<xml>
    <AppId><![CDATA[wxe5b18b9bd7e3626b]]></AppId>
    <Encrypt><![CDATA[crGh2GlbCmctKFM8BgXPaUWjLwm+tHUlbCu8K7beITsGaQW3/YJk50TjmM7HA4aM8WVRQ7JGfZHsEwzoiadJ0G3Eebt+CsPxGntLoFxRuMrnaAjbwhBm6dXtbhr7oFRHLGwBMpTIPl6BA8/8GRl8E7zqPIcUuVkHEMRy6C0XNbGvxwXDT6ArWMDvz1tDeajbDI5s10BpnJFPa/aGcb44CbwhX6j6oEh/L7Cpzg2fU1W0X3APkMiRCePR1ee1GGqaTzNdMUK1PazYwl76plOqnSBsxAh/Bu5pTr+KrSBdUsUN497NqQUGWWzNQCeBDDmw8QNRUeSqpNnIAgg2RinD/d3qPcRjXMf768/OAokwhoBb92mnpPpMJxhhgG8miU+Vq65pjsMMltEEKmO2DPRWjrFpsq3/U1zDg50GO2yn7XpBIjSFYrU7Causk4azz++OJen8YwcSp6gKUvI4I0MSNg==]]></Encrypt>
</xml>


2015-11-20 14:21:04 debug :
------------
String:
account-ticket<xml>
    <AppId><![CDATA[wxe5b18b9bd7e3626b]]></AppId>
    <Encrypt><![CDATA[xaI5ebdRXwyoh3Dfo66p1CNmr+Bk1yt21bDbEOLmbj8sfzISubLWA/PiGvZ0Jnc5cVoYGMu5OqkDd8ggTdqIhlwyJxYkDG/aMklSH3UBKx3jcf0DSJYvhvZgrd35wagHpkIwziVtIeP1v4n9f5HqU9cwdEzQE+k2tMbO+vRQ5Ap5ZpL4+6YvCwgQpaTvzNir3t8VeJHUP3UKbeQ5iOBeEiF4Cam7FgPwjKpF2yCI0AGbGIrtZe+SLfZhHZRUj1DLCLqxMir3lZxMpr5jWi3jkqYa14hzD8RdFimuodyHQu0r0EUYW/ScFPHvbBVWSUVlDxMrStGsW6GbBQobv5WfTqJ1Y13x41LXFfp7MSNrc8h0v0uHfq/SKY0WT3NGIIyBnYWGFMvUOxUbO9sKfY/dvZcBnChd0BSnqCqpwvZVxHAD7QgJKL2Niq7YtoFkxDzZ5MBFS+bgppsufUPeQQOhaQ==]]></Encrypt>
</xml>


2015-11-20 14:31:03 debug :
------------
String:
account-ticket<xml>
    <AppId><![CDATA[wxe5b18b9bd7e3626b]]></AppId>
    <Encrypt><![CDATA[6rV+1GxW22BP3V8OdyakGcWdjLZ6NcFk2KHZwe3p68+vDia0Oa8t16G2XqEfEed/9QJsXi4YGh8PqaK/IWppYOvzWV73BCUkz59C5rcoqCWMZpHLYFeCA6pYKAHSDHdh6+NT4Vr/OGPwsL/ONh4AWxnNRpZXPvRb4JR5cpAJkPHK+md4YWRt3II5uwTZb5l6nQpxTqQYdZoG+09L1dVyMkLg9225XZJ4uyX3f1pPPthhHCxrWKd/4AFN+bQEMTH4lv5mAqYN0Vnusg2bDPols9lUfwiOWbnFtMXadxrNUEPgNUhQDV8NfXi6oVUCHIWoN7+vLNyPl3FRkTY91D93epcan8qOJCEBzZyKAkqgj5RRogLuFeOI+MN+Iqwb6lwPQ52t3pTelN8DLMPMwOvr2FixaxclKglFyvM8QX/Q4Ggkj1O/cMgiSqrqxzf6GK7AWW6B1HOjgJquaGpj2Qg1Lw==]]></Encrypt>
</xml>


2015-11-20 14:41:03 debug :
------------
String:
account-ticket<xml>
    <AppId><![CDATA[wxe5b18b9bd7e3626b]]></AppId>
    <Encrypt><![CDATA[zWkByuOwkogzDlb/ayCQuYvTec9puH5Kk7rHtCpVgY5PqYoVOf1Rx41R1yr76vmuWObxSFbzNkfcl87xC5AXYf2jCsPRm8VM27BqZ4jl7+zmOfCrsYn+ggrNe3RaJmxPF4qJjVighiZoI7A+VhPezo3dh+J2PfotkHTj9ZvVx3B/sLFSz2BC56F2WhcbtX1JtTyl3LS2a78rm+9DfFCTLgviW/alyC0Fv38kdlfnLjdE4wYx6yRzHfnTXmlYFdhMqDyOmu0OohtiYHob+0dviidXzLESYYa5fFkNeIfLRvat27aLKia0l8AOXMFeHHK102Mt24BPdPBsLlGlzOwPfwGtNytrfod1xzMhJG9nzulJ9HyV6VggJjK9yso0tbZVCoOyypH9QoelziEg0PytzkTYObgVfat6sTie4/O5fR3QCIBY1qXuJIId7DkXJ/pUNB0pYPn80yJ9fRb6UhsFng==]]></Encrypt>
</xml>


2015-11-20 14:51:03 debug :
------------
String:
account-ticket<xml>
    <AppId><![CDATA[wxe5b18b9bd7e3626b]]></AppId>
    <Encrypt><![CDATA[mbpWG3CwwFnKT/UDdpG7VeEh10d0f31Ir8UsqSz9RPQVfozE5RVE1UV+2nEHawfyPcRk8/qT2Tp3buQXl5KNLBTyrVS5TvFxx3waVWt3f0M7hfDXo7TDBsu1RUwEhB3FEKMN0v4aqRBLiIFAl9NFY7Bgrw+t+m53njMcfEWE5wrQwpwhhmKaiB3jODVzN58AKGOGHHuCERAbQ43i9d5ilEqpLkpUbeOub20o/lIK2E6V8homL7J8ZPbaz36hQgfHvKDT2WuSllsx/h2SvzX5UOqvzYI1HbPxLwlMgNdI0MzDqlEisZbKp8bqNuWjUN+aMFCLwUdxycCCawwJckzzFtLwQ/SRTWijnGU/FDXBMmR0TfOgKwUBooXVN/Cs9k1El7lR7BIcviJu9sEd/2qxjcwLHxW/rsOPIB+owTt7vtQNaf8agEi6SG9In2lFpQNckd1jD6oEmyY1yR4cXaJYzg==]]></Encrypt>
</xml>


2015-11-20 15:01:05 debug :
------------
String:
account-ticket<xml>
    <AppId><![CDATA[wxe5b18b9bd7e3626b]]></AppId>
    <Encrypt><![CDATA[M2zpzwlKwhxOCvYBZra+NpLe6460kfcDYy3t6X9TgX7jJlAneBjne538DfO7L53vHbPDlARvhvRg3C65Qkktlf3CUG1chOAosXpyKSu3NDQgLQ7QOhUvn0WpNn2iX3GaVDG3w5M8z9RPLZgxDhuCwWeVjyWFJK12eCfgWITzTnP/j1QiCV+lnmkNQHk/DKB8TAsWEYxbOc52TzTCV1Kwn5qk3ggceQiK/D7Z4H6/cLJIWuD6Btsmhkw+mqEX9GLla+lpQ6Lp9R1k5PNK9sqoV9augu6mPE8r80k8DFDF5e1hQ5irKKmfLYNfax/oR+ttbcKmXZhYpXcSZ/QE5RaQbrvmPfH5/Q5jGqWqYRZGFEdsK0cAt8iVgT1YpVXyGIPQb9OrcRZPZcSgPTXkNtQiI/MnLbLWKzZByVMVOgCa5ovYm40ljGV5nsQeV5kaLjh8AGc0mS973Ugp+6IggSfjRA==]]></Encrypt>
</xml>


2015-11-20 15:11:04 debug :
------------
String:
account-ticket<xml>
    <AppId><![CDATA[wxe5b18b9bd7e3626b]]></AppId>
    <Encrypt><![CDATA[VTekr24FGkrfecaDS/mjjOOhiLYaF8RhmWe4ThV0xC0JRxsODMBVCvqkaMDBM0GGw4ZJoOnIpejWtWgPVWTdMV52JIGL+n4DBNv8qPY1ramZ8zHcnOSdczEgx5qszsd/xXFlgl/4Ouqn6Toz3ThvmM+B/vZTcWGsQNj6yczIAipmpK5uc9hwQXNaaoOJqjTXbwS5uUq8o3TZLTo06gf/GiKHNuC/rDXtMHBa8wxJ5gn/mLsUsjHkkUlVjpGbUAAQqpb7jJ72lASftLdTrk4Sp9MceNXHlkMJkXToVch9vwUMqJhm/UmsWCcqoeq3BsiWp0E3+Kf/ZMWCr+7CSTTUuBtprI66x5unWVBhWxFTyzmaXwH71wNCIy6vEvRaY0Jb7uSM5XZRXXeMBQ4XpP8gxUPtbIN4dPZ906bYwe9Y7UF02S6qGT9ljzzpjfWjcjQu478ijpjvgL7Ww/zTwz+d9Q==]]></Encrypt>
</xml>


2015-11-20 15:21:03 debug :
------------
String:
account-ticket<xml>
    <AppId><![CDATA[wxe5b18b9bd7e3626b]]></AppId>
    <Encrypt><![CDATA[NejFb+09r4hDDXEC2GC1VSyA0dg4uABaAlcWGFwPloC4Ej7fIHQfBF8UkF9Q74jw/RFpI5H8DL8AHtcucXA9tjnwqvH+1LDvWycBr7EKxN72nYEW7kHfqOsB6FJYK6f40Q/2nhlF6T6xxfQhoXuWQsbxqz0RgBi2HlYaySDjQzNwN0L0bhoL677EJTQCF22Usxw0HKf6FS0TFoIuAV3hYVtlFuqkNnPxm+waY7rtHT50AzneRf9GN8PkoKYaEw2abupAi2rtxLjp593ws+4F0bU7lYBfYWP3zU5Ld3HsamVE4E1Epu9Axz2039jOIuzfAVMCg8Bxkm8fQbZbXKIY/siXmRmNvI3s1nq12+Nw4JVDeF7Kc3d2IK3mqYaqdU+W6kF2hPvZz5V9ACx+yS4v4VxHtMaQ2GapkFf07/FyDKrmRIg/s3wOrSltw+f8X1djXSxV4iaeMgkI2x7UZt2ufg==]]></Encrypt>
</xml>


2015-11-20 15:31:04 debug :
------------
String:
account-ticket<xml>
    <AppId><![CDATA[wxe5b18b9bd7e3626b]]></AppId>
    <Encrypt><![CDATA[yacvrGacW2jl6CRhPeGCPrftjDTgi3U8sFT84ARVpdH/oN9lKa/MGrmYdAYLLC77NeixvxMm/hKV7fcZWXTjlfuqculKk5Pn5X2jDPydz/IF13Tw1t1ekizG3vdwwuHO1Fk48sr1k+Cr+jAQAu0kalnUVZ5Ip2QPFhN1bhgtz+IKL73QJPFM2CsbjIEa1bquWwTR4ETwPf3lMX+yMh7tX8P38ImHaGFADpqVef69RkCChh6Zq0HXyCokp7XffjJ6D7zT6Xo3+9aTrosO4C8RXJlNdOxLIodBgPdB0XW0o/2JC4UWpTayeiJFRKnK1EcnE/QoP1pHi/z095tj4vg4ZxiGCyfUCIYnuCspPGxCFF0MGqxxdU9jvbGwCtdHVzn9j15pyETbK8ISYFN7gXeK6cJLOCEvLoGj6AW39Zmf0wm1HoGzGlNrgTMRjdPhhzOoi1G2iaT4syWTQs+Bu2J5FA==]]></Encrypt>
</xml>


2015-11-20 15:41:03 debug :
------------
String:
account-ticket<xml>
    <AppId><![CDATA[wxe5b18b9bd7e3626b]]></AppId>
    <Encrypt><![CDATA[skj6QOP4p6cz8XXwEekq5MbsGwZrTsmMd9leZoSUwpjqdNIcwhXkmYu+jp8QMeHt6DcaRg2/xDicsDKBFbCkwRUxkBtC/GHuCat3AFIeezFgjjGlQO8OoDN4jjn5Qi5RuFUZR2cp9j/fG5YzOp159n47OoI8kH7NP9kvjE2WBk/HtObmhlYKsaklLma5gtgY2kwgu6x2/dr0vf3iNYANIhgWxOMJPqsgiYr6GzV+cxwnpkMp8bwvTTkpydIME7bQvdWmWwjamtFZW8PauQ2km8NghX/mY6lNOj3KagDsBGhqO8pJr/B8jfICFF9CNWAZs0nY/oWHp5keLYXuCmcESWTX2yQtN2IRfZVbaOdLl4DGtu6lIucVI+DujzTAdChU2Xq/ipCGMSVdt1lN+TB9MYqeY9chIIRQC4PG2Hvyvp2ei+QtrsBWXoLQRkC76WmmDO/mBF6qp6xprKN7d5ydaQ==]]></Encrypt>
</xml>


2015-11-20 15:51:02 debug :
------------
String:
account-ticket<xml>
    <AppId><![CDATA[wxe5b18b9bd7e3626b]]></AppId>
    <Encrypt><![CDATA[6fxWyeyrgBEpYWUo0hmHqZK1ua6DmY+GXc3I3HZ4ALOTDLgnxNBc+alYHr1X5c7zSzY10lDzcKCGWm23pPaebpU7D3T+8sasRh+IY2hBtTuvT3HL03Eg8wNGLtYdhq1HHzjcCXHZdgBAioV+oQERR66yT4qJ0g9d1zPvwbBXwdd9kyhb4hNOBXVxlcKPIr7wagu7XKBwfc4OVqABzN5LrlkalIajH2V9iLaj9uh/h9hc0paQtHegR3JbrX/M26bZ9S5vwo0U9PKNJEUvpmyWjxB/49FvlQPem8KPaPDSoGjSxP7RYcIMRYWL5pY5pPWf8M+ikBIixCVx/cRGYi+pyhGKoexuTvEgDvrRPUhDthxZ8GKS9qvGYCCDe0i/G1sH8RjfRsl2LFE71Wv27v73LnKUhecfFaCwfKdCB2QiWyIy1kypCOzHjGyI63qw9TqI3TrPw+Oo/S+bwEWAjMExPQ==]]></Encrypt>
</xml>


2015-11-20 16:01:05 debug :
------------
String:
account-ticket<xml>
    <AppId><![CDATA[wxe5b18b9bd7e3626b]]></AppId>
    <Encrypt><![CDATA[GlvQ68cc8dkgKvHIt5YTKc33VIy1Y4bTTE99RtBvBX6Kox14z45mxzA7tG6doB7Iq2vBk0BhrUYUMKzaxTDXT0AGYJCnRfChUDq2FJ9BUNNhzhKcaFGeux+HVDLG8/GZd82HyrgD2srWIZZA0XEYpkBz5Jrd3lONVBVhR3RJA9Bv3vP+BIe16o6z5S5m9x5+OmRpUfX4PvY/QgpL0R9GbShZA+i6oOh3SlWLn0YXVOC5WhSuE4GWzoPaZPqce5MKvu3+3ew8qT8UfhkECoLQxBCsmUOJU+YEf+l62nBafwzPn4eTCBIbAz5DGCEVsmUYscJImfPj0os/ufd2fqMQ7Xpzx4d4y5mQiLBMnCZvhoK/DjTCvidcNOCGH1RLmnNxyhHx4dYiuTLybFG45BL8jYKzkSSOowLBLVEvAM8w5wBQFo2hoM2VbQvHiAcZGpB8posHp8MjBLKSZfrzIqT95Q==]]></Encrypt>
</xml>


2015-11-20 16:11:03 debug :
------------
String:
account-ticket<xml>
    <AppId><![CDATA[wxe5b18b9bd7e3626b]]></AppId>
    <Encrypt><![CDATA[yNM68rahISXU+ZKpR7qfJYVhfFrezml6MoqiR6HB6c/wWOiq9obnjPu2xh7SU0xLMVVTAGeAJoWtKBoCzMneuSl/l+Y8EV43HnpgV5DSKITqkDCOcgQZwbjH3gobHZ0UlmkFyQSZdhkEaSa4QthPJ3czVy0gbs5DWl3JI5fY0OP3AiYQ+jCvneCdkyFfqbBuZEswWXHgXn1e7F/2TLceRJfmwcvwgtw0V7ql1qAIlO2DEJDImWFq4nJqrZEJWWKMeupT4CRNMpNZG4nQjXwjcJTXq2hJEcIdQw+VKHeO3xkZyRXTjYHbJMxYpDKFHd4ntJV0j+7eIU1CDWAYGEN/O302baETZp2YC5AFG0n1iF8mG57UOaYnZySPJV9dFMN0+MJbwGXsI8ZX1aXJHvJl9lYm/el3u9AGqf4HhtrRTcgVgAVd5xMhuhNn4VNArDKDThKdtd0w8UU9jPAbXbHqrw==]]></Encrypt>
</xml>


2015-11-20 16:21:06 debug :
------------
String:
account-ticket<xml>
    <AppId><![CDATA[wxe5b18b9bd7e3626b]]></AppId>
    <Encrypt><![CDATA[vKTANklWTN3CqRrrocMBOdDa6tsArLgEZvIuMIzBSMOc9FEn2UGVoDpreKMGTJD+zOSthTDktppoo68BsbflHX+y/cEV2EIFubbu6rJUBUZBZcSD/6L/geAT5ClA3s+NBPe/rDTu8l6ddsA9BZZebPV+sMYWwcNzZRd1/4AOc9IjO+0IpLwSOWrQfB/3Znkt+kICw1ORWfrle+FDT2Q9vJhlsBtfLXhp+OE81Un+CJleTk8Xa0HhuF7ZBR4CwBaB8gM9OwHl4Yuw791CKkmPHv8W7Q4FrZGVzYYYWrPnu5AiEAa4TSrA4+5uunIGHBAjURcnuJ10Exbqeoo+4c0KxsJ0VOnHmKlbR7IXJNSQovaoqYC3NbME0wA5IZOVDyLkVE99VSLC/VETVwuamMB0x/K/9rogVZezIfMQ2gUikjScaXq/XYSkjTNun9PgN1o2zxo1m+caNnBa7ImPQQTBsw==]]></Encrypt>
</xml>


2015-11-20 16:31:06 debug :
------------
String:
account-ticket<xml>
    <AppId><![CDATA[wxe5b18b9bd7e3626b]]></AppId>
    <Encrypt><![CDATA[HlfnQVJ/YyMKe7NXLDrmnSkvmgfC7kwIhdYKVCijhZp1/GbvnOixyYmkOi0Dt95U0fBaFS0P8JCOBHbqrsfL+KPlNFaB+c2UZZuF9amiZ11JO3qJXBA1MsHJUUhqqWna1kp4XkqzYVLZ5LSl5+SgAhUpn1HyCU5c0+jO8EkEQDzSSn5xpUwIXq13b7umvY08rJRyeSZuYrJlo5wtyI1wiq4AdqpbrZJLNK+XcI4EOdt9Gp/D23DFHeNPvOJSzGgz2vnREry2VReHx50Cy/VchcqUv6te/bTpDJl6hkZFDbHrjBsw9aHzNRDY5asr42OoMx5/MK1mVcemL36min/ZSs5Z9PZpl68kOxyGFJRdu5Eoeeugpfn+thFqByNCQD4tNyeRypz3cjOYoXqF9Y2nWrsvEVt65DLjyd5oVNcYOBbwAI7I5pS3aoJ8RsoXC8HQXoRtBpHzCpP/w/1oWQlmFw==]]></Encrypt>
</xml>


2015-11-20 16:41:03 debug :
------------
String:
account-ticket<xml>
    <AppId><![CDATA[wxe5b18b9bd7e3626b]]></AppId>
    <Encrypt><![CDATA[UgThVYnX7zkenlFg3Rj9QU1Djteh3HJmmpVg4glBf8Jl15N7jQZFut10Yte1oaOX1ryOUm/mKssnMAUn9rAyPcLYDGj8/JY/Z963+WLQnrlD621ne4KTObbhkkqv6Lqzf413GF0BPCmQqFdlwBDwnKqqTpvwMf7ynL6a5rOw9/8IoHRUuMdSQ3hjamEUQcWYP3OKw+ttRELqgCpYM4sBIp/kA53xtcHgM7jYcMT6ywM+OyXHxvgmqhzNPRr4dHqA+z9lo/X+26ix0wtCsXk586VyxMbC6/uq0kD/i+lGmAn65C9Z2WRs5n153gUqPIF2mIUNLjqetUGQoy7lp4quUi2xos4n1Fx/WF5lK8r4/2bUDMsOr5k8jPXOap8QKv8NglBnF7wuxKWHoUSfBXeEyeKJ1wgxui5iOqOa9cGasM4Mu0c1S98xkKxPDVeOXz8BAtzmVY1h8xuT9pRd39TC2w==]]></Encrypt>
</xml>


2015-11-20 16:51:03 debug :
------------
String:
account-ticket<xml>
    <AppId><![CDATA[wxe5b18b9bd7e3626b]]></AppId>
    <Encrypt><![CDATA[DpSGx0HT6vNvyUNXehILPtoRO4Hb1pBo+ltPeAnpYxOnQnyigzFYXOCALFofE0wF6SYfAwoGnctn/6VYccfhfbrch9E59ZIdvVKAXw1yMZ7Z1F/4mzgxwtKC6EuRS/JX5BQ1/q2e8zCbobce8QRpkOcav8BJKAAHpD6YpT4NmJ99M9TQfIZcaki/2amF6NsOiDnH7NRAMGVNxMEy1kXTuUbx31qxI10YrDhEnIoHcMx276wnscWTUntd7dhpDraLoFYCyjegQVXifNaGT9mDLNLWdl8oSdnd3uJdxOyGootWkCLGJw7gFQlb+8lqpcHgvd9GfVhYABuOYP4xS3yHKpz22q5xaUhv+hLrKVLmOhTkFje3L+UzZjYYwtEmyS7pLGcK4ibfmBh3ecJyNgLw5DyU27OZSb4/CTJlEFcM/7HS8wSZys+o2VhHMncNTQ2PMwJ4z/p7Vpq1V2qJaq7HfA==]]></Encrypt>
</xml>


2015-11-20 17:01:05 debug :
------------
String:
account-ticket<xml>
    <AppId><![CDATA[wxe5b18b9bd7e3626b]]></AppId>
    <Encrypt><![CDATA[BUEpaWCATtUMhW8IaqfeBgrAhSOa4lkZxNiLTIe9DmOmzLC8hgJiSANH6Nea0yZp3IzdGF43Ju6QKDlMJxaCh4qg+DUKQlezCSsqqgY1Vh4MtlAYDRx4/AwWMbyWZ/xzCDQXgEwNNTBKLCriY+XHnIoblxJW+oArsEn9ooCFU5aMM2CrzUF+JrslmjzYpUMIWaHBt5ldLSKUgrbe1L+cMX+he8THXm/ZHdmdLCRDEdVN1zUXVsltfpJS+NastrCYH3zD44YmMn4cDu/vIH9zMcTRG2MHrwL8qCHMJ6T0zr5Enw5dILQpp9bA4E9/723SgYM4UTxHaBo/TqJ8Y9cocEeoFaZO92cEeMlqqMXSM9vQeMShDLD7DKIqZ8wFq1Kcke1HC0QWo8d0m3z4M80Lkg0hGqjG9O8X6WVUN9F1GhL7hPhs+d+l/aJRiTNQTKumNnXqMQn9aAZSsBkgB22Osg==]]></Encrypt>
</xml>


2015-11-20 17:11:03 debug :
------------
String:
account-ticket<xml>
    <AppId><![CDATA[wxe5b18b9bd7e3626b]]></AppId>
    <Encrypt><![CDATA[Z6eJkBcXkvyB9C5jPff2vK2UO/YHVVJT/7DDkwL9DV8arU9KwoKwZd6v9nEcBWNJzGS9oTPJCYGHU5glzKzUszr8muLaLYEvatSI/+L/AkyhYV+TSweeJx8EAtn5Gyyy0+Va4fLQTMLXtwJDSJ6YpJ8HNsYuNzGtl6jErJlmRxobC1ZgevLWX/1lwhP207GZzBz96jTxCKA/+8xRUvl0kbtyjqT0xzsMurzr9D224kOFwprLEXaznuPSzCQc9uJM4aP4Da+K6oa/dvkZXKRgaqSiFOd98/pq+Cjar3HJs8a4HijoS0w8W3IRdoiqPtLqfO46MbdQK2dhBIlUEIxR467ATMt4cyEGNdGaSyQ0GHfTMvArmrXNN4a5G1Vs2OMyQqqIpeIZeh/5uGYHBb1gcstxa1C+0v+0ukJjLAyTdG5b8mrV9zI6c8VIOOM+qeNOjoiZmkPqsOO3369S5NRaFQ==]]></Encrypt>
</xml>


2015-11-20 17:21:04 debug :
------------
String:
account-ticket<xml>
    <AppId><![CDATA[wxe5b18b9bd7e3626b]]></AppId>
    <Encrypt><![CDATA[20ZlX54InGPBtzycZAjey0CHNm0mGjI0Z+tUdnvFY9HQhR36ijUCD0kPLhKJ62CruR4SYwNjxl+5NUbyK8HJHPgYhbGU+4tp1ENeLdNKiE9UZO7EXWd4YZGPWpvLqLS92RJ/mZxPpLflsK+OeXMoPAhhZh58RcuAFqHdlhHZOaWj8tqi+ZahddYmJ19VsuJfmkgB2ATol3GnqpVdDMjNeCF+erkncOw23Su6syjZtyFgU5jDiGTLYAX5Q+QjEAIKBTN+oWYWdnlhHBXHbFUQCgpwyux1SdV54XTEtG3Z+yY38OpnuPZGraZnGrd4bfxz6rljRf1F6/GVycGb8Yk6OE/qbbfPoW5GM5PCI7seLJaZ2H89hqCh3e4NOXDIA6V+V9XwaTbRtQ7RPbtNkT41ndrICIB2lLDYDD9Ilrr+HWivzgiN0d1dCJw+sQEQdpjtb6680m1q5AdSUs9iGpvzdg==]]></Encrypt>
</xml>


2015-11-20 17:31:42 debug :
------------
String:
account-ticket<xml>
    <AppId><![CDATA[wxe5b18b9bd7e3626b]]></AppId>
    <Encrypt><![CDATA[W624qgVm0LAiSUL9uunqnXJj4QBgILlLrs6V4jhs9xTEZGL/wNqjfgJAksY9CVaMgmXHiKVj3XG3pM6hgoQH/mHZjLRXuo9SI2g2iTXkEx5cYskhuIiWtybZkbgcWbyk/S1FdtBSsgmEZ9Fs87CJuJDQYbtHAYSn5l4qyRpcYJqfLa3UtcCcmn/SGxQEAP50OdTPUanow2hCKjwt4WC59FtqzAHRrzYETyAp2d08luHGseQsQYFpkt5F18VEyDIOz1kYrXTKW0Kut7HpA2YlvDcByv2PdkCqKW2a82IYHWRgg6kSXq9wdK++/EeteMaJN34bezYbZKszDwU9SdX2ObPxB86eyBzXJW4H/bI2xgtm130uYRqruhbZ6YkVFMzjmFsqNDKThAvFwBoggdYbzJBhgvfxlnn+U1wEzqJTGoz4HXvWqaEaLMnf8Cc2CUtca84i8JimepBGcDGK99eS3w==]]></Encrypt>
</xml>


2015-11-20 17:41:04 debug :
------------
String:
account-ticket<xml>
    <AppId><![CDATA[wxe5b18b9bd7e3626b]]></AppId>
    <Encrypt><![CDATA[vbKHKoCF1KEEOqJz8/XHm0345ENG9ZE2Ep/BUxxHUmfk/S8yyeDTVmJgyyCDGzhWSMRbrvCo7BBRW9w/ICkGU1vZhxFW3JqiU9/XiT/7wkru3u93wcO8gAqOkpTdaGiis8R89MqwfdSxY6o4hY7V/TAJaekHeeUSzzduSmYVuHq5KAlmgH3qLrDcdY+peI5Hla4euliHyq+rcM4N1zSTPfUcNtsDWBRjP5G0RrKGBLlnsvFbLjTtYwj2pbc25Vu4SN5FnWFQg2pK7gmUXluQUNJeiox6sqbGzKTca9A7yIcMJWx3P9QRvMXXOFdVRcfhKQi8XU0ftZ+xiwPQ4+FWHE7ZpJ2+yzHn/pBGekKV1JH0Qc7PGT3Jgzxf/3jstyU7xyztxRdAYvrm/Cw0+8ImLohnG2wNnbl5SBX6L7/wxIamloCCgiqi6WQ98yO41DnmhfXRXqosX7LXFsVMa3/JSg==]]></Encrypt>
</xml>


2015-11-20 17:51:03 debug :
------------
String:
account-ticket<xml>
    <AppId><![CDATA[wxe5b18b9bd7e3626b]]></AppId>
    <Encrypt><![CDATA[qzVx+SiDAFJsWmtA+dgQHPwJWriSh8++Ev8qW9COIrGjyu/ceILCesy1QBRy2r330v7LRfg795awUkivLweaODM/BqYFtuOhaT6kD8Kc0rbuFe1Ol17jK9TJ+aw3xhvtyDbukIlzZiGYxlt4puOtWLqayz5FoJJ/kIgtsrdX1LQVIC6HaC8BhE3E8wJyx9y/hNfD4JffOfOxM7td48GVtX3yybmfahOXb4XEEqkUpV/kDySyxPzqHYipkvE8243ne2yNs21H4MLSUYQmBZWoPJl+lSFY9cGQ0MWlIlztPVUUomReG0eAQeGQHF6Epo4rOZvGYoaCG/stFAO1kGAnPU1LHjvqRrqZs9jO174rQclACp396rApZOlwwLOSkpplsPOoKigzytrWnSeGZf2YqK/QoeQMRK4SiRbMBP13vLTkl9VLgsX+Y6UV1g5qWLoWBRSmu0JG6GZNDkMYFsFkBw==]]></Encrypt>
</xml>


2015-11-20 18:01:06 debug :
------------
String:
account-ticket<xml>
    <AppId><![CDATA[wxe5b18b9bd7e3626b]]></AppId>
    <Encrypt><![CDATA[g88NNCkJMMminb0mhQGHJ5mQKMcuBMUFGbsu742eKSH+6G7ePkY6mwwNON67YTt6V35WsRGYbawcb/cImHU7o+dlcWSu4QlGXDIDrxTPmQDIpE/GtURZdBq7knt6+pp4U+5kThKt4JrPpnNo80lb2BinB5NQEELv9ny5kNrziOcFvoEPsMta9GsRYiBfHKCOe8e1yLGOfoKXrVs3Pi9hLmD5EyWexYZSef8VIsB8ZkyPryPAENOzKWzHryqONYedsrRA4P8DboeKo4nuG2RcmCQi64UqsfA35mlM7lrQAunYYn7O7XuHBPDKmyjQ0sKrI6VG67Td8fcSxj12lQZva9CHmUopW08tsNrRyZDBT8OXJoMfyMbBIOwkNvHbmxhneGHE9hOp/kIajELNVfO8lv0QdfZZ4o9bnfv0gnzVo5vEroegwPqfKlO4VCH5AUZsBkuOJ3zaNdlEbkvxGMWVEg==]]></Encrypt>
</xml>


2015-11-20 18:11:05 debug :
------------
String:
account-ticket<xml>
    <AppId><![CDATA[wxe5b18b9bd7e3626b]]></AppId>
    <Encrypt><![CDATA[i3rF0C0EzeaJ/ojHIvBXj7UWA9m31O1c2nIGnFNua6zm7mJj7sOSUWt5e/ZYM70fxi4PsP5VuBIXFHQsuLyHAa/3JGAUZuACZH+xjJ0xx0/ihadCZo0asq/0WiaaDaZqn41G3FEknp0Lj8o8Jw6JfDPyj9Iz2xdLJY4sRhiLKThbsXW23hvyP3FXzA2m1u0y+mnhHUvyBcvN/D+2B+VnUgaeE55tE3utKJl+uBupHxlPsxLRq88yDFLg1SeEhM+wnmU2fifZ4x4pWM/2YI+WtknuH0ToIWDsjx8+Aih4CYmoASZGlea6qDAi/4LIPYAowvgACVoT9IXfB4aAt0q1iz6jP4TFjPYfWhEB3AKMhSpJd9zZH5KEHSNTEn5tdborAC2MepAXfznlzRSzJvrTBWTzlrlObhfX1DX0DD7Ec1t7cId9U7jzedX17PAi7Rmg3WSVropamnfpoy1de/Nu0Q==]]></Encrypt>
</xml>


2015-11-20 18:21:04 debug :
------------
String:
account-ticket<xml>
    <AppId><![CDATA[wxe5b18b9bd7e3626b]]></AppId>
    <Encrypt><![CDATA[RtA/DvCngLvnmSOzJMw0UCXT8L6u/PHHJdcaNgSr3Irn+XP5mMIiv/t76sIpvyrfyJqcpNJMQkm8gMCwI9DXZwIZU/WjwolbDuXSOxUuSWNfcJi5kpP66472rnHBITX4QqjC9YcfR5P0uXov57ek4yN3m9mkaas3TzTsGf1xzICAUk8x9gP+mrOmvJvZp0Cbe+Jx1m/fFW4/LrwyYSrRFkg/Gkm3usPEvjheientaAQ8cEGMuCmQRlb1SHaVNh4eUf4bZf3gmcK+lbtZUED92ow9sZ55DqqcL2S1uKs5rDYxV+jAhFW5vC3fvZF1rgl2morja2j/NlmcsMuid8LxeRbL2g7/L1MPxxbF2QSoVfuHCgAKrnykGONe2gXY5ljsyzCyEXBKsooR30dsy0QmmUxHcJkRz1dFJ02uqxeqaToU++dd1OecQTWU1I10l8FQaxIQ2eoHfyqyTiZU+yFhgw==]]></Encrypt>
</xml>


2015-11-20 18:31:04 debug :
------------
String:
account-ticket<xml>
    <AppId><![CDATA[wxe5b18b9bd7e3626b]]></AppId>
    <Encrypt><![CDATA[xgemZHPIeSaNp9JAPDwR5XBzox5ATwbPvTMInRd2DP7kC95nrgAgAJsbhpm5WoVMeJFk8nnO9wdkw/oxSbXl0u5xb51wOMpTdORebQ9Adv39uE8+LNhbUgLlNhbPXxy4B448AsSMDXQvBF1L2bsWmU/8L3KMlSdhY15rebJWY98eQC8dpgUVpKxWGGMQYz/tczB0bPmu0x3lH08OKhUz6blI4/kafUoOC9QK1jfnf7weQnH/PpQlzzM6442eSzpO988GD4BhYn4YpOmz3/TXfdE/drwzwX2jk/VoTNE5kusYLW5Hb8pI7PythF3ByD8epXKbxpIQR83O3bTMH0B2xgbDvt8699BDJHBKUw3ZtZgw9zT7JIQ8OasSlFI+gAXcVywsb5yPeoluAu3oZqisc420lEAAC0fSoTvrHM7f9N1tAAyOyQ4B6aEDU0ETZWuOgYEbaRBEAcKRobj0EVYd/A==]]></Encrypt>
</xml>


2015-11-20 18:41:03 debug :
------------
String:
account-ticket<xml>
    <AppId><![CDATA[wxe5b18b9bd7e3626b]]></AppId>
    <Encrypt><![CDATA[F/FHjZHN+j3qMCkcMCrxY2QVq7LvSIzww62aUSHnMpnZ/Xbra+OaHqQ2vhYCabCtF7Qiq/pywEemWlaHUsXLMxy6UXipskwRlqB8PtjvD5Fjs7Q/GSMDIj64TdZYjQCb2RJARKIgx8LAu0xtUuS/T0+cY0kHh0YtkrqEinTPNoJCEvt2QQQx5hDhvXFhBBP49cQ7Ow2e3VPvGfrVjPHXDuE4+vFsVrA2KK813vdXC4xY6lvcBsb1+nDumGEHmk9XvYtA06w6LmUoSfBJ+/AYM16d/WPWkJ4TPGAU/1nMw0UkKVv9O2he2rpdk3CoAQo3xs1DsEnfcTdXMpHNSIUXNhB+YmvSSXxE2BskXqKioXYqHzqpzBzuK6X2cnATHPr3r66nVfoH0nmSvYIYwp1ZTUm5n88xUlymsKbRzgHTBOa87Dl0hSKAGKYRqCKKbuzapsNmvMNWGgBs12HT87aJuw==]]></Encrypt>
</xml>


2015-11-20 18:51:04 debug :
------------
String:
account-ticket<xml>
    <AppId><![CDATA[wxe5b18b9bd7e3626b]]></AppId>
    <Encrypt><![CDATA[wtMq78XA5TJPYZ9CmF/rX4Stmn2SFOeQNRb/o9gCG90/N1Ho1UdHn2AVT8Z7epFyggPWTNV3dUp6+jZmJCGXq+IR1vnizJuwA0HUYvU1+xBSJaPwgMdeApwJiz0/ixlVz0osut4h7H5aSBJ+IEFaC3ixk3jkruWjQcCYjVMWTrE52ODNx7jn/szz3HV0rIqiPvKO9l9REOBYidocThyNtqpTs3OvcK78wwadlBGWYl02AODP6p3Pa7mdnJk0MLVGHtXOSTemD7DgLqF42IRX1EJllUvIMUFKoRmDfpQ9hWTuwRF8g7WetI9jCp29LfCH0P06y8pX84GPes3vHy9uDeLwMgAbBp6QrU5y0MtAm2wbu0RrxSQ80FZ8oEdPp4qiodQ5DJn1qrgesP+uEWgWeY/178mmqhYEZwZfzx6fjetbNMljjB9Xf5dhZuFijoKhIlInL3wDkCewTa7zkBUlLg==]]></Encrypt>
</xml>


2015-11-20 19:01:05 debug :
------------
String:
account-ticket<xml>
    <AppId><![CDATA[wxe5b18b9bd7e3626b]]></AppId>
    <Encrypt><![CDATA[7bXu/FNApfBXZ598DILWFaj0/+aI49uOmhMTIDqXqhf/PzMlG9/ntXTdNr3QtGqAucpVmhzJjscPFpgBalzTfaVi6/CkhBj9ENkTDg83kHp7YIGBZy0iEvpW0jpG1q1FvZyTBKjBZ94R9qzq2oPMTZ7gqymSFB3kpHA2J1o5DfvDfC0cWnBDJaGy9EidH07K3p676JiL/BQXz63opioohldGFRDVDDbDome03pWUyEHL2Lo7SikNJVeAv0p9L6U9WQPgGOfJEldK+aIMcmJkzrydahSUO+LaRK1DfRmEGN5DN1PWmyM8jX5rOL4Grm+qt4ICnO3NhFxDDde8n3tRBzqocoTfY7f2GcHJGc+dNahXmL6c69axkzRi03Bd9vY7toksVoVcvm2ZUqxA4B2BYN09FZxI07SL7O+rXlJ1vNcd+8om3KEipXjQXL/Nk5Ny+e5hQkaWAHMdbXDzVMPC9Q==]]></Encrypt>
</xml>


2015-11-20 19:11:05 debug :
------------
String:
account-ticket<xml>
    <AppId><![CDATA[wxe5b18b9bd7e3626b]]></AppId>
    <Encrypt><![CDATA[KyqsEDf8huyYKgS8iJdZzq6xJqGvRZlymO4mW/YKd58KDiCbYcMk5f+T85zfYsNBQMXcFK7Eqq86C1flM2GLiN6I7GVS5gOVpLbALSz0G4atOtdiGE4V8qLiL/Afny+CkZJg2hJhessxWQDZ/q0VZk2kPz2y+/p/FvRhnxdiOMFWbrUCl0MQ+ekbSdek+GhGwp5Q1c+RmuzuvIR1qI0EASKGBMCqoXS52oOWgfy/ED/JcWoAI2YzDA4BYIPQoobXvHOMjfkMaXdh1vLxeJRfOqaBPUhpDLDOGGCvwt/o4AWvVEtgm0JXwtWjNCGyiVCRln3m41VO6K84DUciVr0frnSsHwaRvorM4r2p6dnKOxmalElilLT/kvRaHmbgzqKoEzRBD6GQKaPLtFilfNR4IhsyiZp1tc4osUK84VBrPlhvus8t6KNjYCXg6X0b9JhWZYTDjXOuO4uHmLOygumg9w==]]></Encrypt>
</xml>


2015-11-20 19:21:05 debug :
------------
String:
account-ticket<xml>
    <AppId><![CDATA[wxe5b18b9bd7e3626b]]></AppId>
    <Encrypt><![CDATA[JbX+DoEgCOqjDfRdO9qR/Z9ywImG2K8a+KOJtiHfS3aUS5EnJZKRrqBF2i/nkBRzzoNKELNceiIeNsorybQbtXhQCX7y9ub6jRLN/csAFW427UwDEsJ5jhBgcl2QQQQq13ZAblN5vjuE6JidJOI8KRHH1Sq3f6zv1v+5D8hDGxB94ZmqaaM4+5NlyX5wfy/viGUqWlODm2Lm1/z9M7kuGyKxeVADk8W0eZ8+AkFTN1WOz1FFZFi+G222oAmTmJHWJne6wRgfdOLZmX2JMCsUP0rGC7G4TKQvygHGdBwFxMMuMEV1U3+LfmEu0iYkh1F216MAQsx2Z08PS2B3WBeljo/VUdaFfyiYnZRTdkvm35g2EjeAEo6pmijDd0sjpPbuxuataKAqBlhPCspYmxx3zFDiPnG+30u6ezA248aIiFe5AmBGRRVV0yhkxq7A6aeZ4UIoG8m+LX7JceubZq/A8w==]]></Encrypt>
</xml>


2015-11-20 19:31:05 debug :
------------
String:
account-ticket<xml>
    <AppId><![CDATA[wxe5b18b9bd7e3626b]]></AppId>
    <Encrypt><![CDATA[2HksO1rEJIRESEK43rR8s3LucIXP4c4rKluzYD/y17qthpCrlgLvoUFyGvmxwPleibGP4yuauUxBVvC4UHKG9ZSRrk5WiURJCuk3w6kSuF8d53lDRm/qKMOawx3Dt051KQKkFS+NCTsmedc9iIyA/rih6hHmKnq9dz08JzTj1wiXlVn+jNQHMUUGaVH31LPyTZxho8fWlnpamawGexdl1r1HMY0T9UxtpP9YlC7Sd5Kyt/OtSZpaR52M0tS4gIzGLUABtnYGHKx25ouEQVnvxXWI9VrVYghQkPT41yRUjfNtfdnL/C38v2jiCbbMNt38PS1iiFrvMOuv3m9NPkVWF4GKo8HI9V6Yb3i2Iy6e/yMxlZr4ilQxuH/wr3bo9UWO7Z4r9Bc/DW0KiEIaB9lEVdjaCaUZ8TP95TO0Le4//4cFXfCT4OtegU1a29hp4nA2ksw/Hz64Gb0vJDAysPMQmA==]]></Encrypt>
</xml>


2015-11-20 19:41:04 debug :
------------
String:
account-ticket<xml>
    <AppId><![CDATA[wxe5b18b9bd7e3626b]]></AppId>
    <Encrypt><![CDATA[cv4Hs6/6RI9h8xf9FeChSN6NjZmuIECZawgOtNsy9qXYooLjk6OxVYXeVpgYesg5yYmkSpIkQ42F7vT80gUIdBrR5czUwlIH9Fgyw8RgwkFxnP+3HEl80kEDknhXBG4aO4pHiu8mtFwV8K7ax7dErwK1Y9tZCdzIwQioFe8K4GUFm50OJ8n91/j4nGCJfly70xv/LcOL+us6omMfVAg1A/pmVx87oLjGOj3KJ7qL4g9zU67VzX2YZowFptnHst3ndHzF+HPVSc2wDc51+QjMAoQLVTtsUE+E0zgMerE98OvqkCHTOmwx00l9gjSrh3H/EAIPI1ChAHhAyib5oE26YP3J1fOUFdeeCsK0I74J84wgswz2GBxhmqWCZOVXMeEo1N3X99b4b3MPTT6t+MMwTiq8TM26/nTh3VTaH0/3/RVYjoQvONfOT3gEB/P8XCHoIEXXejcYojveSIyGXG+h9Q==]]></Encrypt>
</xml>


2015-11-20 19:51:04 debug :
------------
String:
account-ticket<xml>
    <AppId><![CDATA[wxe5b18b9bd7e3626b]]></AppId>
    <Encrypt><![CDATA[rp+ERduHprygvRucjccKkH8trswXXKoohqtUuVEdJFzOyeIWafCcSVbV/g0Fp1X2Evr4hLOjqJHwd7XVOwx/6ESevoa8u0I4cdeYW0+OQLti1cjTrAdOPsWLCHaU3AEnpVbhaZhf68XHUPQ78/D2GvZUEpnkHYwX58y3M7cgmLLlDBcVIzQ9r1DReB+Bux1vVZ28S8+F/CbAqXdM+64szWFcOXcKEdGc6Q9dcPBIOZPiNoU7a7YjIY/Gr4kwFCyw+1SlLKaDyeWGN5xmAPO0b+cvwQfBAoiUjHa4pTliharPf6CehIlt1evUHERQg7WGZ5wGUhNDUQKk61J3WxZC0y0Ef9hS4BYNc9cCpxKeFEJk33G5uFfvDSW6N7oUAWeee37sMvQPmXXHYN2w+XeWrkzolJN9pJKkBgJQlKCBCxs3c+N9wZJwr9vIcvZ2opp+COC2lH0FyeQYD7u2o0X7GA==]]></Encrypt>
</xml>


2015-11-20 20:01:07 debug :
------------
String:
account-ticket<xml>
    <AppId><![CDATA[wxe5b18b9bd7e3626b]]></AppId>
    <Encrypt><![CDATA[9R2DKYAYhsG0GyENGFAEYoMKmS0CTqH16TxW5SvuesaQt2tQCq2ccV4TzANgSKeiaT+wtLNL6CRfo8odZZ9lg7XQdy5Pl70sljYQL28WjlZKcze5/hF0DQVvMoFhs159BM9IaegdZSM7yUMiLQz0CDVT6NJ8kJ6Ue0F5mVuLLm/30BIDSln6267icfHtp99sjOqsN51e0xOzbJu5ELymlw7sKngJDXIe2+9MqxJ1jUw3wwpz2F04USTLW3r4rNTg/p+pCZHqQBN8BBh//QyolY/SsOZdb8JDa0KYVqwmsdR83Dhdm3ylS7lkXOkWO1GJueqgLd07/135Mo+jB433c2LPuctn3Du7t5HS/+4254BJZDGObFB089Rk62oPXFK9SOpXNoXDD+2XycVF10eQtfRZEqa9Y/J3qWlVxPdLGhYP80A+t4LA3BVpv9nD72g0DtkthMQx1QRvRcouZmYL8w==]]></Encrypt>
</xml>


2015-11-20 20:11:05 debug :
------------
String:
account-ticket<xml>
    <AppId><![CDATA[wxe5b18b9bd7e3626b]]></AppId>
    <Encrypt><![CDATA[LZE2d2SBnBW2VG8zqV9+gdTlei5cbUG3N4nlPyrwhLK5ggKaq+pEj/DaaQDUO5Ie1bLIvbbumRWN9Ujow6Ocsw6+DzYy4GDbA5qNEhrS+NA06xvdIDmuBL0biZeUASaoI9bbHNMQueMlWsu8ZwT+xurxEcsa9zHJ4iyoG3GRtEbGUhirRSloFh2wvMbMRChVtPKiYP0Ph9LIsbBhn7sz/Q4c+miA9jLMFmee0N1I71CoEFChQsaXx7U7IhKr1Jg/r1gsALCm3/9zWc8TkvqxP6Vpat0NS3FxBuB9BsO8IfboDBAprHPeMvui+26ynRjiSycnBth0Oizt/fVPom5cwxHPS91PArdljf/ROfhJTMeBenfZo7DK6k5xtfo2jgFkchdVaBsRjm0oSVsQT0iAUQrp2OT3NxkLF66DGgBBWcHH7TjJ4psWbI6+QvD20uSrYtFGRodQrRUGqrdYlhqN9Q==]]></Encrypt>
</xml>


2015-11-20 20:21:05 debug :
------------
String:
account-ticket<xml>
    <AppId><![CDATA[wxe5b18b9bd7e3626b]]></AppId>
    <Encrypt><![CDATA[bPA7vVBeAjCeB2wzw0Ye8nt/ahFQaGuy6+aR20r21BNwxA4p0pi46EYvPLLKi8FaWhjqmvPX5NvTKN9epR4ALAsUNziCwWk9sya2soaXFDwbgWfLHT9cf3gQwGmWRnQHrHw7GtYVXtdERS8I7agmI7NUDFPLO54ObFqB7IXqUhBAiEl9H1bgRVCkChVnxjwihaAhuksSyZksq95qY701uzd55Mkssidj/zGer3+rmQolYp56RbxChcKYSi+8ExNpnBC7pLHI8hxwEUiOUfVGnEfqh8YT4IimnKUhbZmDHA2ZC7p41cDrwyhpb6Fbo8hRp6CE7Ysr1GlsbkQXpKZnTVwPu64vb1ujKSJ7FSwp41WOFzLPN+EBD26oSDWx4tJ7eEjvezIKJlZ+C5rrFpuRKDW09dj5V+9bXG8s+VEZkpHU18TdPz5k5/InjVq/hkjeMwM1T3N/raPLah6oEFZ0mA==]]></Encrypt>
</xml>


2015-11-20 20:31:06 debug :
------------
String:
account-ticket<xml>
    <AppId><![CDATA[wxe5b18b9bd7e3626b]]></AppId>
    <Encrypt><![CDATA[TUN99pWOWA9sciq4ypnfG4W+kUZjqy5tbrUi3zTg7eP2RPyOyjrpzRVjV/A0h8IG/xDcSHhMrII/hMd8+ydt1UC29AU+nAolTSBns1KZHRgI1O1cLEDoLEit+GzDFyNwYR//4YQ5fiRUPLV5j+X8e1tPeszVdbN+Y7K2AMhyvzolyEklLajcLnVQXZUSbkpWiw3a2CW6n28tj1KnpEN9YKWclpQ+fMvt74qVG4vjTN9gDsmCSrKKEAAlr7xtgEClhb4CT9erDq+W6ZzCCsy4kiHsZvlq5d8ju9tHKFKoAjnKLXtE6KLWfWA3nfqnQ70IGmhMRh6tFAuJ8hhmCIfJ27khMm2ifWxsedYRARznVSlF265skFW+RcyhPWHffO+tOeGI9Kcj4rKKbqyan62ANtupLatmOi4kgueJF4TzEzeC5IIV9ZBfC1uWxswKogI0/SKHixgdnVyodsaGyvq4+A==]]></Encrypt>
</xml>


2015-11-20 20:41:04 debug :
------------
String:
account-ticket<xml>
    <AppId><![CDATA[wxe5b18b9bd7e3626b]]></AppId>
    <Encrypt><![CDATA[Qt1m05WKQM8cU3iTvJWQn4QaphSXOCTy6VnSrgOvVA+Q5WkweFGMP6XR82vHlywayZU94aJVhkGt8/MemNTY/zxvV68WUh84h2xHMKDzM91diy4AWZpnT7WX3SABLBzLC9lpW6HNQ/cMQjwgxSjoMY9ivcsoBespbhhkPTFKvuJ0PQnyc4dbh8l7o8616LF1jRttoR/F3IvvublHb6bZnfRy7UGiaTH4H4T6ILratG9rKCyHPXN4G/X49v8ViJk5dbb8xIsxOtLeBxJRb7MPeQqwZ8Xw14/DtWxjosxdSvnEdgGlFMLnVtLcE/svd41KZOLb2x37GXu1Qg0F28NXN8qd6Hg74/brRBNQMiLOSvqFl4Q1jSOiXrVzzNMtAl73GuZ+J1xlUmZovCO17SQQ9hOaL5OLl2tdIYcmDFzJXPkpNAm1Dycjwsrv5z60B/uDw/AiYOpGaOPGZx/QYxo1TA==]]></Encrypt>
</xml>


2015-11-20 20:51:03 debug :
------------
String:
account-ticket<xml>
    <AppId><![CDATA[wxe5b18b9bd7e3626b]]></AppId>
    <Encrypt><![CDATA[949PVPNuxL6Rb5eVYUEkMStr/V0DwoxPCCs7jv+2DmvYkiSM3Y/FdGFzt4117U4yGMR1SwFGEC/Zf9P5mvuTaFScqEjKGTYRjFtvhACdjNBnEiJSnO111MZyTxMKQqJbl/ThX8QZG84UR21O1hV6Dl0VsL4eax7cpdTa7upooeq2btbEYFUhDZuFpTjNiFLOd+VW+QGfpGoZUmsGE+D6CqWRMvX/XelyCmS9tRawxEDLfLNfAj44HHCwfkM7UmpPc+Apq85QbGC+jejtueo3UBEWxo+5I4KhuunMSKiF14PV1i1+mVOMFbZt+pn8pdX/D4Bk2h01wSd9cnpCyEuuUEn4mfndWlYRvDiIBvc6sDCitMPNcZFxU5qioLQhw/7ixYBZ7+kQNolLKsZu2XDf4DEpNawVAu4ph0Lyw0ltmwegLud93SWK7M/zarqI7F0+fL1HyWB/78rKENHZp8E7wA==]]></Encrypt>
</xml>


2015-11-20 21:01:07 debug :
------------
String:
account-ticket<xml>
    <AppId><![CDATA[wxe5b18b9bd7e3626b]]></AppId>
    <Encrypt><![CDATA[pmreN7hqz9uQ+vF3fQy8SSDsbfP4tiDLfnTI4yoxfMrgzcvVTheKvZhf7qrFSleTvZ4gCKKnJ7MLFh/n/Bonjfw7cIY0hf3ubpw082ubs0BBeM9RZiRGjT6VEQOqmMbLq+mKhjGUNRThB0oVzbK1etaPOAcEee9VoWa5+nJKwzoxkBIfuUyL1I8APcEYwBsIxC100eLDaZwGjajk+QJ6x5LOulpWe0RNNQ9z+aphFxCE1Uwkh3d/WKcs6wKjcQuorop+xmO6Xj1YXRJmtCZM4nam53WpWGCs/XR2PcHdaKyAyomG5u8nSUG/d2nwtXRKSOEAagBTSnKlIt1pQTQwVPiwayFdUDhSYnGb5iJ1B29Ii5/XT/zRxcN5vW/7lZka5UrtfzQkcehTMQ9VrFqsYO4Te4OUUEOalIcUabl2MYieq2EWH4SOt/yaa4i7nHYqRS0Ymjhsa5Ysp7SAOJ+3/g==]]></Encrypt>
</xml>


2015-11-20 21:11:05 debug :
------------
String:
account-ticket<xml>
    <AppId><![CDATA[wxe5b18b9bd7e3626b]]></AppId>
    <Encrypt><![CDATA[LnjQVJEcKWMe93HdaQkyci4QH9o/PxHURL8t0/h8n0jtdab/TpptpdFiz5Lmk2YJk6ZNb9M7IxOqAb1X4ufmBZQ4R0xR7Euta1n64PQlyoxAlBL+DD+ZOwIRJ8n7Eal4qisJSFKo55YA87uh/zRrvPfiQjtZmeWoZU/+IS/8EOWtWOTy7K9Cv9whvQi/z7pioYw5dGFInq+6XWXoXE7+VMbe7BYPSByan2vCWMOhjTzpEaw+ltGc0A2XikUjg3XD+2i0p66Zn1nYgr4Ouqz5cp0FoREZckFjklL1nSzMPDaMWKqWa8/2ZNkkRCvsJHn3KFdZICdTxe7XGgvgXCNfC1ZXe/yYeEpVQMc/pmF3OtzSThZ20iuJxlNsnUmcFCVvUSUSwID8/pyD6s6jc2SUPNZQsUZ3iE/v5iBUFZ7jVDHxyPjGRgcvvr6F4gjx1CrIkjch2V3M91EL81/KWYMMYg==]]></Encrypt>
</xml>


2015-11-20 21:21:05 debug :
------------
String:
account-ticket<xml>
    <AppId><![CDATA[wxe5b18b9bd7e3626b]]></AppId>
    <Encrypt><![CDATA[sgUfIA4N2FZ+uLyyMZ2xBy4mhd+HaBjgyxyKgnLKGOoYTAgJezubx7BoH+jxrHUkplGlXrrsV//2oUP/djBxdN+3XiCbYu4cFzLCLPy8D7sBIzggYLHUNpsv/3GAYHiyvC7MqzTa6HWr2rZDn87I3TvrOnAGAhwBGrWwGE5+ye1h8gbpvrBoVjf8iUEl6qy594yZcGmM6lKOU+ihjuLgtnDIx9j3UZGtxsHmUmSG3VvG3om9wdbxI00FuuJyOmjCL0UpOQaWhxpc74csflDiYsIElLGlDlDkYVJQ3fP9C+DNjevr0OQSDNmCaCHLMHZg01i/aZL9Y87/ozng2DmfTfGkhPsv7o7JltaKkNCKCzlwhpbUxpvgwjfPkdC4/LPm/e9DZ1Pvu40yzAvnq+Ven/e5XDX6bRlENSBtztGMFa9bVqTnQU2pyG67ChSZFkRJZX0mpHLRNjnUvoh0HLYojA==]]></Encrypt>
</xml>


2015-11-20 21:31:05 debug :
------------
String:
account-ticket<xml>
    <AppId><![CDATA[wxe5b18b9bd7e3626b]]></AppId>
    <Encrypt><![CDATA[zUVaObBKfKsGH0bJltmOrJjZNyiL2e7q+rqmCCzix0y1zO6nCGOj0OxxEfMEEH21eXQXkrOWWKouOXqYhFLIMV3ZxJPqJNnHSqFcKs1v5YkvlkcJgp+3AaNUk5P5defVTJxRJ3kk9hN/wIdWvh1RVWFWnGCsT1zMksqCrseNASeJx7xHzQVON3FuLp7ZeFUqz47CSjKKFQbU9NQQBXt1EkD06dj1dF4BQny7hasm0LYJfQsBncDrwZcOZOmgoHEhhzPhuX8Ic89d5/fztw4TvqJqPSH7lyfsfbZ7xGfusji6OdSskXWH5ZANeDWsmMluNpOYaaa9bNph9V9pRI24AW+BZbsZBKsA+G0c9IWnNM+yonM1Ebjx5b4N7cBjcr5Ym7Uh1U86KW1oyM+N2xvwvLeZ5ImG0RwbBzoLFjwklhFs84S3B5ZInkjvLl7xWheNiKSt+RWnkIjUPnWC+kddSg==]]></Encrypt>
</xml>


2015-11-20 21:41:00 debug :
------------
String:
account-ticket<xml>
    <AppId><![CDATA[wxe5b18b9bd7e3626b]]></AppId>
    <Encrypt><![CDATA[WYHAudOxzVNg+oArkBXrSccIPoylNhsMsxLZHq8o5+ZvwdFUnXaSZYJy9K1XckVfeE+daTpW256CGIEE4MkW6uaGvoINNek4F7JNepbJt+6jPL6SJYMBsTV99PPv49DxBUulS8z8dGkW/B8ybZeTGoGHTKxg5G26TUCbGkurjIsiBC00pzFUFye619xaXks6aHpPtiDweKF/eCdvb3njUIOrgGWgoleOKJFSNK2cc2tBR0/gAUQORxkugbPxEROGFzqnnIB9LAznL10HoeEWPDL023wl83nhptUFYBrFG5Ow6UUr5r0c1qfxqtDnfd8glYR30UcbzXygeL1ihYQ0EVpx7AByLO9Y3HL5YmOeUx8G3aHbqgj8DtOk7hxjNpf6M4akXtulfA726Lf2hlVH7KFA4Qiv3w1UrNGUPgJQ+dWCiqV6mgBO0uQnglO+LmhV+VTv0eBsWRSdDLmPw3Hvlg==]]></Encrypt>
</xml>


2015-11-20 21:51:03 debug :
------------
String:
account-ticket<xml>
    <AppId><![CDATA[wxe5b18b9bd7e3626b]]></AppId>
    <Encrypt><![CDATA[0CrX/NoRigeVflg6vGOJiBQL+TTswHjE7CD4nMNGPHR7HOMxUpMt0EBcnXrHFaeG9/skVxR6wRYRHh6ViibqVDCEBpRwd1SNZTd4UYwV+/Jj/0cyWpxQtli1OKDYFZ5qq5EuazMXm+7ivYxFPleydxXEHjXx5eXm3XFuUN1fhMPZjNrhcLb+LbdUCEeeisVFJ0OJBMuSf6Tp9hqq59HZHq8O0lwBtJml9uRVffEuQLt8bS3BLerdE53rTxHkeosvYiSA1jgfQf8g8Y042aNdf/5qZN8x2WBpITwJ4Phs7VgfNYrgrTJPVhd4b5f2VhEa6sIk2VQ7dIUdaCdLfmsoQJBmM01EIi68giJBCn0ceqAD7v3ipY5kkiaPB5n9emYXLiFurHEzA69Ysnh6thp8WtyUt9HL+sFLa8ccC4onvOJ2B3L3xDjIc9uJWpG0wu9gd6hCIm1ip8/Oz5N96SpMTw==]]></Encrypt>
</xml>


2015-11-20 22:01:04 debug :
------------
String:
account-ticket<xml>
    <AppId><![CDATA[wxe5b18b9bd7e3626b]]></AppId>
    <Encrypt><![CDATA[3UUXxPWJutwhCZfN2nlH7XcxlZ/cAAuvrY/TELlhCiJWMXHZ3ftiHz+JJd6BAUDe6cJejifUiG4tLlDReSgQG3+vLYAkB83vuQ49w7VNCLgzmaH3AFrkfLE9rkie+/3ZL5zf+csqUsNMUU5r7dUUNJe5nvSWeJHryl+3sRN8aj2+rx3a1EuM/TbE4u5gN8fMCnMcy041NzpfTwkDnZDu4MqurWajhddqgfjPq5JPRyf2mjCutpb0NoZvLKj2M4A9EQHoqY5NPcHbdR3mXuo8jKsFP9HTVWU+Q61ND8Opi4hiovrHhhj6g5+3JVMkPMj87hJ90D72coPV+Pdf8dTiNNcozQA31QPWpBgRqPsp6u5j8izO0iYmHrQk5eCOe99kufuyZ6CHieWcg8TlQz4fK9H+u04GucAVG2I7jEUYmZlL5JqFucxebmc/RPh4U46FIDKHcFWZx+Vl3f/5JfLcsw==]]></Encrypt>
</xml>


2015-11-20 22:11:05 debug :
------------
String:
account-ticket<xml>
    <AppId><![CDATA[wxe5b18b9bd7e3626b]]></AppId>
    <Encrypt><![CDATA[kC0TluJ40iSU3jpWZu07XdYFvs52+zDHESlQBRsKoGQV0DPinzGbcaeYFOKNtzLh9S67fxpXPMJOvUBTGF3egk0Wkhn5Suln6Nj5cDLbGl0s3vujGk32m051VoSjly5+AHtc+IeEnh73DuF/+a2ZEOqERcS9S5cOGbC+S+twbWeJMu/Cf/Df0uaN4T3jJCUZonpr32W6wkMngWfHADeIvHXagkNzj2vRkQuwp7iBUGucPeBCQFudRIPQskz12gqznvRJG5LniUs6vE6HQmN138dSWO2CcRm7feTOiC0a23/LdMKcJMaBWPPqO4ZPyyB4NhkH3aRFYuC52gBjHL6I/rQJ4GV2ZTu/Hw7X1sHlxvf250lWh9BjJZvS/+ZG5oeWGVS2dZi9sP8Fe3qgM7HCCLGMr0HckI4gCX9sl0x3ejV6LVMzqWPDfVPx0qxfBN9TQN3oGmpvVVdUPMBYD+pfzQ==]]></Encrypt>
</xml>


2015-11-20 22:21:04 debug :
------------
String:
account-ticket<xml>
    <AppId><![CDATA[wxe5b18b9bd7e3626b]]></AppId>
    <Encrypt><![CDATA[N8vihQzivwbF7CoM3gHG7F+yCAr36i0gTHjbqCFTo3own3bcr8au5fLovzRV9F/dDHbhS0APHPJCvQkI5b3aPUYS+5911Cfp797HgN9g2Pg4BvvaMj5CvtEIKkThnEJ5R1LmCH+oNAZUX+TBcO736uSjkDm32rJItYM1eoATT139oLERiUaZ8bFkznX7p76WcCrPMOFcpeIOjb2h4EjxNCDqv3tr27dZslX4hhiF6SvMX9yjEp5aOAVr6809U/ljsUtk5hw4PgGja1SMWQQobCQ+flcDuFsnpIFEgPqmOjWHpmiaZ1JDwiUiHfaUTXV+eQZKztgBpxEt3emMEj5GR9ESZFUdzkIvHWnV0/Yr/thM1I2Cqj+rmr05rshyWyMWWcaBbnf7N+/1PGS7aj560sH147QaTYJDvCJ7eph9wqw+PtXSaUHMyre/NG3GNl/+PNNsOkPhju8DdVTePuBvnQ==]]></Encrypt>
</xml>


2015-11-20 22:31:04 debug :
------------
String:
account-ticket<xml>
    <AppId><![CDATA[wxe5b18b9bd7e3626b]]></AppId>
    <Encrypt><![CDATA[OlYKIZVyegxGWSKZNCzXv1ThB0Zx8u6I6+zed6scu9NGWWMBJLJ5cNV7N/g9mr8qmVT75IonMcDYqIMKRBAAjszSR9dlC25gevj1HsONm4AhoaNgiOvOVbdgFhJhcyXP16aAKfEPmrk715j+/3dtpyv0r53DIWiNsfDkPgQUs/b/8wzcNp9WfIxjp83A1qT9p5LlaMSQ38MCq25C2KLYUfAACrQqLTNkDP1FJWC7ID1RMgNx5dEbGree4RM8XoPg1GZ6P/McP3aTzYAvhpVm99P5D9daTyXrFMn3vBjtxSc2+Zuwo9jq8sUblRi+JVdGPMpxAVCLMwDx25f/X3MvASIEYzs9awRg8EvKeRE/gtLslOGyKde69QuQg/DCu1AMbQNrdEU5VvNlpkCiVQbIT3tUbj8vKRQ6It4jR7BO1CTMIr27tnECull3UAGAFp/J+1KRVDanVMVyWP/X9bwTng==]]></Encrypt>
</xml>


2015-11-20 22:41:03 debug :
------------
String:
account-ticket<xml>
    <AppId><![CDATA[wxe5b18b9bd7e3626b]]></AppId>
    <Encrypt><![CDATA[Bo2E3EnXMArelmEACvyfDMUjL9fAvWJoxTTgloxqnwU4oa8hz++SjAntfrfJYzJZ93Y+8iNK0OKCHRS6ywyx/5KvSqXcRpjek1DWKilqL/9gh75iHFax32UQMb/0Wmo4wRUyCOdL35P58la3LmT9IfwNa3u0gNxU9AZEVRDkeY5mJVoNIfdoFNDEQUyTTrp6gkYvzwKw2PftIY5l5jvtNrPi5M3tKr7dMpFMn5EPDm6AB3RlnOf+rOOeEMrMijNXa/1bQZ1L7UQHUKqubZBb29y4xz7pqKL/RRu0Xy4Hg1tT2yWJyNhbL0frU6y6sO1WEB4LExbxV6RtyOTrikhQcGSIX8W7mgr0uf68QagSqVEN2F1fTA3rprQHc/I3qXzksRDK4EDSUpqVBTf81NYminghpE3CmODGQVQmyrBOhZS6yu/hZSx8JEMQ5A1SCcIRgX1vi5DF+3V+JVocDqOaCA==]]></Encrypt>
</xml>


2015-11-20 22:51:02 debug :
------------
String:
account-ticket<xml>
    <AppId><![CDATA[wxe5b18b9bd7e3626b]]></AppId>
    <Encrypt><![CDATA[gA0THlgS7FrVvEQxsdsjMWe5h9DoTVsJW80U2Tp+UQWcvyk4JXoe+9PgX5/B+pyJ/RW5GcQLjZm/Me2vZBDJPbgNu3TJgyJ6thz4zD+iBXLPaY9AFKyF+7m94zeQSDqG5AL0jncGtpZ/rVKcwVe4Q6Kl8Ev5yvzYb357Po5/9eG6ICDm9lwGCLlDUB+DI03mllxi6w1HTyE/s5pLL2wWrwcKiuu0TJmxJtPRuRICghTvkssoJa9Nn3TL0EnUdf4Whppw6I/OdQpU+kRgYL3hINp0JtitPsnTJP5Y2dNy78LNiGLISx6WXxLAHnt64z1jaEp9rawlXOaDMCb3plxzvbeLP/NsR++5HYZ6LUTPDtVfwV4aFh/8iAuXmGyYfXjIjENwHoFm618FOPOFhQyKUq/GbAq0/vG3tafU2jkfy1V11vQzckhw2Ew08oNWVIO/9SRz3nga7J7n3bpNx4nFqA==]]></Encrypt>
</xml>


2015-11-20 23:01:02 debug :
------------
String:
account-ticket<xml>
    <AppId><![CDATA[wxe5b18b9bd7e3626b]]></AppId>
    <Encrypt><![CDATA[LNOks/AndCF4OcDdONZSj3rHcl/B6Jk3V1q5Dn0z6poyBux/YPisrzacJlg5m130MYCo9GtN40bZH4gsbLZwA+Cpv8A+TuPj+Y6M5KiYAFLcrUy8OiDEXEpHetPc7nxtjk5j8UtdOlCXX0sNugVR3KzM1XDKH56PKPtmeJH1mBHtT6Z+B4zuGM4jlJmEUcUZSUh/Zat9RyLHXtRonErItlxWbgceURfsicWth5o/XMsl/ffZnVNOfcxzieF0M5Fu/pp5IZCcjQHwKfDE2BFonzoWrlF1E7Uoo4ZAOCaclk6/u3dffvhPjVKjeKGhrvHhUBNk2uCWeaGURUlN7XqT/lTwgCC2MRr+p8hd98+vZdS/DFYQRpTw1+BDZ2vVYiXJcl/ycKHznVfHuqBza8qEW83M0OtCOH2Du6k8LptklThMv7cQBo5ZqEdigYzsJY1nWQTQOfP7qe2k9FA6O6YL6Q==]]></Encrypt>
</xml>


2015-11-20 23:11:02 debug :
------------
String:
account-ticket<xml>
    <AppId><![CDATA[wxe5b18b9bd7e3626b]]></AppId>
    <Encrypt><![CDATA[3gXMhquWDoqWC7ny60mxuzQT9yJinklSei8IK7EZlhdopxPeDqAltD5WV78iifcTRBW/XD8o4IEY65OZ1WHcqlBZfHI5dAe10SDmrQ5OK68O+0YSfSq9rDuVyDrwzpZLIMSoZ6WQ2yWfg9VG/giqR5ZBm0ZFpVT4TYHhMV/jBp+ZbPyvoLx8T8mfgD+ieytxs75voEySBPhazgy+4L5zKLp/AM3NhWcj3ia8oLtYu0FG814nkekHOT7cYYJjp/LBdgZK4+raRK+DR8NV/AjzkU2WD+nONQ8LUsDHRo39yMNoKk4ekHibL6mBDjeOnb32xNgXs8E1wEAS/Balgdo5ir723MPDDBC3G5O6fv1Pqt/1iMcuvTxhKgpcS/4+G61WeT/yCLOlxi67XeexBv4CJpQXvhLgDlZ/TBFYA4YMGij6nnPnYfUCR461eUT0HZzwy9qUf0DJKkYb6MsEV6xBZQ==]]></Encrypt>
</xml>


2015-11-20 23:21:02 debug :
------------
String:
account-ticket<xml>
    <AppId><![CDATA[wxe5b18b9bd7e3626b]]></AppId>
    <Encrypt><![CDATA[Sod12AtxphuTbKlqoLpwHNwjdzknQHBU6bx23blsaZXcyz12PL/0psqrh3eYOel9FItc4J24PvAjZ648LITkPlRUEeNclzyeISYEnpZppA1rexgUYsi7TQ90BlodhyzOHBHE4X4XtyeI5XfVsd4c3BQSeyVZ3c2Tf5p25NsBqoIMBX6hh1WHPD435Op2VXwyr0sBTL7wO0LqIfkAOPl9RoSpIHRwuh3gsPNROW+xnjeNlaWSrkKSA7GSH1ER5L4OEfkmwL7N6To3HOSKjq/309Ss9RkNnB8+gwizz6Jz2hZbBNyvPcsrfg5X84jMvtsq1/lPwunwn7WTEauqbbGiBrStsiEyg3YPXC60RVkV7e2Y25MiC6xn0IFojdJRlJ80WMbKsMHnm4/YDhefatP+6Ycjzb5R1XSygirw+/curz0VzuMQuy8GnBPnyNWcq5S4jqmaEFSXfNbw5D9HenC9wA==]]></Encrypt>
</xml>


2015-11-20 23:31:02 debug :
------------
String:
account-ticket<xml>
    <AppId><![CDATA[wxe5b18b9bd7e3626b]]></AppId>
    <Encrypt><![CDATA[qdZEyiY0znescXu9m5uTdYuQvOzKH2BaauwaqGC65v1/607P9l5VdZmDzpmV47MtrRR30En+wH7xUqFVoQvFt42IQwgmhVu3KRQWOFFQvhMqVkfle2c1w0607oyGWHrRlHxymctyRLpULGIP5lefulzMfudx7i6DcNlZsBN2OpqagqdaNbgzGW3hKlcYENrdZp4b1GUNEBnPut2jUZsO1PTw50e+VwCQbHeY7VhFEps1ECojWxTVglobr5ounC+rhaOSD4GTIeTzeE9rTHt5SHrIOi087uvG46lb8F/6U0VUMryGgsOQJYvrHuibKWwMr37INJ7OjMfS9/QC2vS1k6mTK30/ByBl+H31NdgrBvPMLqZEr24MgUKKt1R6oDuhh4eFKttdrNHcmzgxKC0IFa4Uzfi1IGO6/5X8gAxUd1ANa8EcVgtZ5yNGqGip+yfUH0kZ7SHt70DNyz+oaKMcNw==]]></Encrypt>
</xml>


2015-11-20 23:38:45 trace :
------------
Array:
from : o7SFQs4rnaezAz-u-6aWep8CshMg ;
to : gh_f8ef5613cc37 ;
time : 1448033925 ;
type : event ;
event : CLICK ;
tousername : gh_f8ef5613cc37 ;
fromusername : o7SFQs4rnaezAz-u-6aWep8CshMg ;
createtime : 1448033925 ;
msgtype : event ;
eventkey : 实木系列 ;

2015-11-20 23:38:45 params :
------------
Array:
rule : -2 ;
module :  ;
message : Array ;

2015-11-20 23:38:45 response :
------------

2015-11-20 23:38:56 trace :
------------
Array:
from : o7SFQs4rnaezAz-u-6aWep8CshMg ;
to : gh_f8ef5613cc37 ;
time : 1448033936 ;
type : event ;
event : CLICK ;
tousername : gh_f8ef5613cc37 ;
fromusername : o7SFQs4rnaezAz-u-6aWep8CshMg ;
createtime : 1448033936 ;
msgtype : event ;
eventkey : 实木系列 ;

2015-11-20 23:38:56 params :
------------
Array:
rule : -2 ;
module :  ;
message : Array ;

2015-11-20 23:38:56 response :
------------

2015-11-20 23:41:02 debug :
------------
String:
account-ticket<xml>
    <AppId><![CDATA[wxe5b18b9bd7e3626b]]></AppId>
    <Encrypt><![CDATA[DFBQN0K2o7q/vDvJVLB2mGbMIWHf6V08CU/xZelgV2FifukubF56jT2aa1FZRL9iNeJIL54bcx/LB5EiVH5IGX+FqfFRF6UYguXQYvOzaL7r6SPAH/lcn22YMMR/bosE/LQh8KnxtR3PBTKLKakY0yms56Dm+jUO9f4uMHGSU2fjwyVXmjPK8pi5dNIdy2cwjxue0zPbMn7uOMV3WwsasKcq/jZtuCtL+GFO/g4OGzOoydUI0fCoTyeDDA9hn0Awz0jHV3wP9+f7ZZ4wpupPFZxCZo3suKVzHK4NtrITKhSKY7EEskcPI7wZQ5Rcp7gytq5LNqspL8VzMn8fnOiINyPJF8aRoBo07UJw/mosfbayiIqxGiLMoVJ6dv1ht7q2JPfSj3DyQS2XZjFwA8XaYpt+38bcbMab5zwYylurZd6NOARemaPdfv/dMVrTfRVjUgey1m4wy9MGT/ilrCIXfQ==]]></Encrypt>
</xml>


2015-11-20 23:51:01 debug :
------------
String:
account-ticket<xml>
    <AppId><![CDATA[wxe5b18b9bd7e3626b]]></AppId>
    <Encrypt><![CDATA[aUIJz6e6W2MmnglMwfSg+T+ZxNAht50xCR3QkAumqoH35pgumHut9bdNqxTUzx3RKcZkvpTrGoOHUt56BM47MgigD+fl7lXRd4Y1F9AmwpgJkseyHzrCQeh5qaAi8GH+E71e1U7stLKgbdI3mTQKk2i3WMdnhBKWzsg4JqxPJ4szHV5AWLbJ3ht/NULZB8OgMw0pkqwEw9V/bPPRZWwuVBs0RIU89O0Ao2NV1dh88LoeQmHOUUiTsDVbn5x9HdmCiD8y4j5SYAnlhn6spDAgrcq3PHXQmhjJAcNIYbi9VP+o2EFeulb2UEKytybszwbpR1ACk5sMpP/J+mQRIR3GWbVnu0+9t+kAjzCOGIcltLNlmu08J19noxMJLBTrRVEy9yXvrC3v8eLuJes028qeM2qEcRBC53kClbzDalqN0ZCIR/6s2gYNi70GehM+WvVv9L69D0KGRaS73+VTJHsJCg==]]></Encrypt>
</xml>


