2015-11-14 00:01:03 debug :
------------
String:
account-ticket<xml>
    <AppId><![CDATA[wxe5b18b9bd7e3626b]]></AppId>
    <Encrypt><![CDATA[WLFLaiwborQFmyIm3H+EJ91h4DMZ0LpnKFHO7o3S5teF6kx6GJzVYCX0bG/ZlZiLeToHZussSSIBvFIPVNhig++osvFyFqOjF/bVWv/RdwYjKycK4LdmqukSRpdopY71cezSIaDFNhCQ1AZBs+cr3thUlCh6Z1lhKfLEfcIR02sbdJ+j241oClrTNgIHKM4rY87m00SDeTBjzxRh+5Ygvs6VwySUNTb8UBVqzPlAHLlG9B6XOyPhfxMQ8Z0L9RiR5D4B48jXNoMWKt+Hum4kXssjHb7+4xj3s/MCqb6aw/acvb6HrX8SYTHCtNvRLlc6BxFab4igrnJb0GS5pq0kreYMosMZZJapsneTIQQDgUYwGVkXrNJlwPhJ1wgEF0UqfmKy4I2hDRK4GCac4pPBNV5U5VbD/OCFRZkZ4CjfrSnYhEpZqB6Bl+7IBoLEBo98XbS6h0Fy5ZBxZWRVlJn8Bg==]]></Encrypt>
</xml>


2015-11-14 00:31:03 debug :
------------
String:
account-ticket<xml>
    <AppId><![CDATA[wxe5b18b9bd7e3626b]]></AppId>
    <Encrypt><![CDATA[g7WnDy7SsP1WWtvv5VP3wL9DGQyKuBD2OZhF6iLYynQVwQPrlIqp598tRgdTXNSI310Nai2lKcdSyeKMtYdpYW+JmKfAR9LXvwjFObTunT1Jc394On6JlHtqYrTrubrMTDCB5MRn26SOOJsH8kWTl+goFDYwgmLLUV8c+XBY/VUSJBgqe7sv98g4QeGUO/O5zWOVoOrGqBSghLqbq1w1Wl0XqpFaJnBzbjp2oWWZK52rtBRuehJcaQ/jJuHmdC5O6ls7k7Zk+/lh68EaAuC81duXKoDq8flJc8DUDnQ29MUq7ma2PPuXA7abVYWQuaIPldMV/tQTYxszHvp52IEr3AsD0IimfeZL6wO/2uCvoZAEBZNxkryLVLbDLgHRjAzsxXC2TgF8EpUACqMmD7ZSpUzsb4tq7Enm72JIuUW4MhE/YQN8x4KyCKPAI6z1cRhqay1x6Ne0iU7KePOmmSOzwQ==]]></Encrypt>
</xml>


2015-11-14 01:11:04 debug :
------------
String:
account-ticket<xml>
    <AppId><![CDATA[wxe5b18b9bd7e3626b]]></AppId>
    <Encrypt><![CDATA[zZIJ3Y9xVyw4UPQ4iHhqziE0QwW1YQ+uLQSS7KxjTtMuSleS9cOrqlDjiAcBpRVyckRQDXr/ghvTiM76lz+ltE8SNfuBt6nctljbyrX1GlsuvoGpuKkv1ld1wzEbhbUFcCniFSUVtBVGf3yu4fZD5YQdk8V2qM/F4RjmS3iBhkfBZvmUQXl/a/2LqZsmduHMlApnSUCpAaSMoT2yLeCUO7rg3eE8Rv98RlV4ROGnQgHC9s0x1hpnH7ReusPFDV20KGQsWY6g3PdGFDLL8H2Ci6wj0QRQauPwLLlivxsWrJHtJs+31VJa2XiOZIy9uYImP3OZJywl5FOX9FAsQqpCue+YBG0j9zrITm8r4AGZIE5c3/jYQPWG5AcOiqBvaQvlLt50oLQBWFd0T99KOpZcFIFPig8cL6vJoN78W+UU6s/HHsa7+FOly2CEgf36v6u6fpRtLm67i9+gtGZiO74O/g==]]></Encrypt>
</xml>


2015-11-14 01:31:02 debug :
------------
String:
account-ticket<xml>
    <AppId><![CDATA[wxe5b18b9bd7e3626b]]></AppId>
    <Encrypt><![CDATA[l/Yohz0FrDqh9/kcgZFAv0bVCjjcst65HxpP02HCqV2Moz+itLQy+kvt7jFp71dci2NakX6Q8U7rtnNDdAHF9pJC5Yzzko7SJqWICyty5pLjqm1ljJb8eUIKUHHjGvRuPJsLqIrUkR3eYogJi8jj3tafanSRdoSlCdo1lTDDmoZ0dduiM0rx8ggzrE+YkRZR5rzrIAjOi6DuK8yht66R5eYyGOk+MPRsq3EBklLCtsTY8ch/NR+LYJHta8grWSVyoGu/gMIXkpvELiFYBUxR3I7OMUwMKi8GMkiJE+jS7gv5x8IUP14cwIwjROOuWHX4DZF6xHGUFveNwExVF+hHpsL9nl+yv/JgFzQQYBStoFg1zxiEIyP8MLQo1gFuldPMGOyvdujpTi2mHGTZnbaiZnAHXY6Cr7C7K2laRk+gfihUQm4fW0yTgByDXHWs8ViCMoXBuqMMAN2//7DiDAWVlw==]]></Encrypt>
</xml>


2015-11-14 02:01:02 debug :
------------
String:
account-ticket<xml>
    <AppId><![CDATA[wxe5b18b9bd7e3626b]]></AppId>
    <Encrypt><![CDATA[YzuT3+aZ53DTfX6sJ0fcsTDaLcpXEfycEFTxs5712ZZVC1IZF2DLPqydp/ITMR/dlynLKTTDzKR6tUR9LVAVIaN/PwQu7cSgsw8TJ1K7PyhNt2yiNwAixvkU+InLkApabaV0MDBWruH1ZOAcb+UfIAJ5tB+sMRC+lTDf2vpxWJUSJM8yuMQXoS5flUp4j373YbJ+ve/uWAskUIW9u4NBLV8f3/iquZkSh7KE72ngC/Nfpxx3+7LPj/4HRhDCabmN72QOIQFgnvNKNlGPIA96Xlwj4myy7Nvghhym6BY9KvuNL45lO2zBfKcudmAYtUpM9r0Ylies2GdcUf+r4KRoWgGXyEhQsmvb+FIJcY+HoFiMtLWjOiLzX0suVZtC4YSYCnEpRieXAq3zjhAaoSOsEIr7oMz8lGv1UIjfyoL5W9H7akk2/P8ndbOj13qHDFbULDDfIH/RAZWfSTFq917m/w==]]></Encrypt>
</xml>


2015-11-14 02:11:04 debug :
------------
String:
account-ticket<xml>
    <AppId><![CDATA[wxe5b18b9bd7e3626b]]></AppId>
    <Encrypt><![CDATA[QDKDjOcim/k0Wwj5Hxqt01LOWvpApv3s3v6kq+Bo428lxr7Sn/BFufydv3Ck7R/o0LWDgvEXYCDJchwk0I5yu8NAa0JPcqdx2PMxzKDrPrOB5mwtZxic1xKConTajmAg222yZloAReK60AOfqhlPvGwS29GkHZ7BtoHt0MEx+4ZQK4DHlgKZqQUmmNQLORiCL+kYelqB0VLioIQIqiFotheUj8Fn5Lub+VHsmxwibDe/DkQ8QJpdg1jdYZU4DlQpM/M9UxYlILg20tmoIwaaqTLgxVzzn3iIYWoMwE2BgHmswrlChr/ZJEt6zRu/ZN253Oe1C4XJCC29izXzpNw3v13tyF3TCmru2BEs6QHc+ELyYxmWCyP/Mbljn2qtY0PKaQkx3GVyhDyFRGwDsZ23NViJk3kIE54qLtIM0ELBNhMr2hxDZtBVDPKaC9n/xA2KL8pvLLR782EomXV4VBXmrA==]]></Encrypt>
</xml>


2015-11-14 02:21:02 debug :
------------
String:
account-ticket<xml>
    <AppId><![CDATA[wxe5b18b9bd7e3626b]]></AppId>
    <Encrypt><![CDATA[V0NEZPhgZWQGVbOriYKaG83IdkbdQCrMRnvQ1mZePmTPnj5EqsRp7SSL7raPyKfuKXd9KukndRs5GBkSPJIDOu7/NMyKFhVJoz/J87XiFCmkND4WJERuIUatKwVhbdnduU/X9CFlLJAafBflljhPWCeTUiuTXNQIrs/Mxt0Lc3oSAniwkw1e522oSoT+cb1LXzQjA1hiqK2kQ/3HdpBvqaZe4bZclGtbcl0x7hsPDHPhIraNEXa5yEsAKLAMWzbUwe58aBi8vWSSLBQZWqiI6BvxYHnffC2LF/m3OszutOvbJiB96+RUwFeF1bvpbVfOaqFdE7TzqRipTVhT0G3Vrc2YzoPkGrC5sO0Bm2XlihiszY7YNZPi2QolL+YCzBREb1/YMViei5Du8gwbo1BvbqAkSAjRSyGfN2xWrHGc5h3SoEMU8L5W2MUAvqBxqQNW5NXRM5BcLeXHXIOlxnSJIg==]]></Encrypt>
</xml>


2015-11-14 03:11:01 debug :
------------
String:
account-ticket<xml>
    <AppId><![CDATA[wxe5b18b9bd7e3626b]]></AppId>
    <Encrypt><![CDATA[wZUwssc+pQ/ZLnlJdT2d4rTS8VrqijN1uZwqtEaiwmPm5TlAFmzU3aArAY5jyTOejvHovKkTfTmL+tnl7WKJpbxXy1/jO7FlRKpwBFRigcSH+exgw4DX7432Bm8yWfREKC6cLqjJNRb4a81J3Ol+gI8YPhlV6f3LZQUX2bfrzpTFiluvX83edPzwYeFVcAN5GE2xXbNDlKtG/tolOA4hS5W/OksOl1YjL3ncCdEaFZSi1xEGQPqSZiBW2X/nz8UQg387wX4qUPNi39PZOMy14r68M9/gZzxiuMirU9j9NouQ0m63kySBHjIGp/0rga9Xf/h2QJfeZSOHLLXtYsSdFLDZ3fel+aPQibl8/nEQx9V8B2j/I4hvbs9aw0zeOGXM8TBiwVbnfPFdAJ5G2huRZ4ajwtSp+GCZolQtCxxlmIxpNJ/LHa9TYXemSI1JIGEntnBZ/HBfIV16P5ts+N3hfg==]]></Encrypt>
</xml>


2015-11-14 03:31:00 debug :
------------
String:
account-ticket<xml>
    <AppId><![CDATA[wxe5b18b9bd7e3626b]]></AppId>
    <Encrypt><![CDATA[kFMn5BLk/xUNNFwBTxaLz+YeOFSDfcJWIHBVY+0O/Whafa2FXuFHnXx5uwreEwbqvwoiPfYm2iHKwAiIkm8HhIzo/rTWB6DYbf4V1jxiUamU3ko7iMerJsqL7Qei/ZEgZGehvTAusDA3fcw1Lcyac1nCbLxb6xAO+8zXRB8keESpucdhNlEKdbqwQDE6jnq/za8VeGpd7FEbS/Xjj9zD08RtWv+gsChksm3DtUV2SQLUj+5zMJt5qj4xr8SuBk9q48xA3YUIgq+bfEp42736+Q/W9hQhZCl96Ph6mh4iNImIcwbNAqFSOanC/MF89IlqNpKHj/vHUv65vWDo8lVCJEb7MO8AqBtYS6kzBKW8zO7tIsc2ld0tohZl93NLg2dQBVmi3OfH77sgXxICQDYgay/ATIgkhiRDOhEEIsc7vL/T6UJMgas7wvuYBKfZd1YqJPabo7hiTzF6a7/1nqoM4g==]]></Encrypt>
</xml>


2015-11-14 03:51:00 debug :
------------
String:
account-ticket<xml>
    <AppId><![CDATA[wxe5b18b9bd7e3626b]]></AppId>
    <Encrypt><![CDATA[HWs9W93GAowwvrKI9iBXEM3Ki3mrwg32qkTI9TRrsBQtkr9+4pvPWzGbapZbYjqBY8QiMmFkxFLfnczDV/TUDyJVvXxEiHIwlpsZTMwov5jlg7u7Q6yxuux5S0xtoh7+4gN+yvMr3qSNzedH4/FVxFOC4uWTAP5Hi5fmg0J0eBcfsHsIYSNXegiPIhVBBQs1VumKL9GN/tcPHPokijTW+1MY4fmIIifDNSk6FpwSzsPZXcc5uNysxH41SI6iTtXt+0inKFxGJl77AKz+YrpE9lw3hAzeuqjzzmQu6J2oTHE3j2VZMymdKCYA+dUzV0PoNiXcSkes83oPLtYMDxSdZ4vdSJV2DtwpZ6U+ukuAQDokPPck8Mckc5E1kSRRkK6+vuDPjzaCWqxm4NjfCWF8xGZ2aI7sIgZQexip8Y3YoeaODuoVEnC7tW0o7YgkcruVjzYPGjIhNnuahIiK2H/x8w==]]></Encrypt>
</xml>


2015-11-14 04:00:58 debug :
------------
String:
account-ticket<xml>
    <AppId><![CDATA[wxe5b18b9bd7e3626b]]></AppId>
    <Encrypt><![CDATA[cHvZSYmqu4avP1Phl+IrsaOvF7yvOnslleapQvTsrhZgJnTTyGSs8qoDEquDODLXgK1B1M0tetyriKzwSoHhVzp4f2/NBp52WlyPxi0o8a9GDc3bDrA/pCw9paf53p6u1CxTOjh+7Ub3tUmJwHqwof0ENEX1dPGweLOru9gnheMSwynjhRgZ3y0j6nctrozI4MHySU8v5S0N4m3fakjKD5lRErd4h+hqJPcNDXJKlaRBjhWyqUwNoyENREsxHntiNb2eRZ6CWZd6BwYxrPcElerOmVLAAkCHAqddXh7073UMBw3AsV4xioUWHrL1x57IKUvVC7kmOxzogRL3OBVwIEzpS29Uot3S0i8fTCAHAn6Bjvv6s248FrT8+OUxxwHJUdefs04uy6oLa5CKSuTeWZNw5CFCjcezsSt9qI9MEVzAwIJ9fl3xcEcssQJJaIXr2QYpNM3O0Hud2XbzpPscUw==]]></Encrypt>
</xml>


2015-11-14 06:20:56 debug :
------------
String:
account-ticket<xml>
    <AppId><![CDATA[wxe5b18b9bd7e3626b]]></AppId>
    <Encrypt><![CDATA[6feo/o0v3F4pEo9kke5XpRxOls623JZn7+ueY/NFhaAWCtXDpRFztbU89gczNNSqr6F5Dpqy7b+BrAtVaQ+eKe28wkmnpO6VxUCSVJsHlAIhK0xEh/N7z1MGTLIiCq/oYY3MLMt1ADWsz1CnPuWBsgSSKR8luBW/tRi6j3HpRuUoSrzTLiVTiJp1DQn1cuzScUmh2dps+TI12eqSN3mdeK569pk24NMwh7/HyomSEvx63pahsXUbHkNDHEfrNW6UzxteUPqAyOxgIFJy9KF/VBFa6HYv/p4/zOqGQL6+vh4UDs9tg7uXiym+srMryq/T9CLH46LeguWxBb/7IeawdS0FXulyXS7Cefeuo0wDFGj18Tqcu0KnnX3mmEkIHDtuFr5WiGBlIFkXWcBUZo4Qkn8C9f11pgOZYPe3AfjEMJOxOS6Ta0LO/aZsgedUne4GQM057r0MsfXBjHlAecrAXQ==]]></Encrypt>
</xml>


2015-11-14 06:30:55 debug :
------------
String:
account-ticket<xml>
    <AppId><![CDATA[wxe5b18b9bd7e3626b]]></AppId>
    <Encrypt><![CDATA[YHXMppigafD8nMxRL7OtExhhUNpYrQr5i0odoKGgjEFrvXTVN7dh6gqzJB8gmrILyzm9MPVeNMxA9sblYCHspi3k/Fu7L4xRMshFcxLR6bLl07Me/5ujtgSWAZhfzlhbjQXwVZ8r/VshvZe5z3kjn1kV/me/7wM1+CF7bkmdq0HHiqn1FfmWNxWRRIBWbjLHmnM/wQBHaRFqtnWUwVtmU3GVidKBoj+BKdeeTdAzhR75wGEW8h4NxxlbzXEhJlFkK4taZuIdJBS4cz3/dzuYwuCIgBPaZm2516foOGCDZhi0CPp3t51WelhFTyt3aE8HbV00nzkubYBXDQ7NhbWgMFqmTQ++AMX8ciQdO6oM4JW1xR489QLhUuh6wEGXSTsi74pQpgqcVLx7WaYvN+Hd+KJVjmzFz/dsquuW62lMJVve1xBPokyMO1SIkeKNZD9iXvg7fE72BcSIoWbrEVGr6g==]]></Encrypt>
</xml>


2015-11-14 06:40:56 debug :
------------
String:
account-ticket<xml>
    <AppId><![CDATA[wxe5b18b9bd7e3626b]]></AppId>
    <Encrypt><![CDATA[3NoOMTFBw/hkwcp/V9gLrMrxu6KwUkDb0bTvAW2JELuS68TPprhONixfeSQYDUFfCsX3le/lLfh/iJ2Ai1q2/RByaNrWzUHKc0CusUDySMzYH/a92FnOzWcm9RfED6QZrs2IoA2DxhsYdX9iQ73zuoGeS7EziheHpxjj5pgbHrsmXW4A43VsdDFddPjByYunfRKLZT5CJlbEV/ZREObgsPmRiSWfD0qzOCwdTyWGRHneW/rW1p7yXK6tAxWmBbYXBMJY7DixojduYyPkQ90ExXId8ETkkeMhRPACO8yVa3dlvqwzYIzHtmxyGBll1ecGsw2mK8Nwy8s0T8btxmqFbChcdEimlqsJ9c0J4YmMb27QscJ9EolMbtAZV+vCjwR58HL3LAtzWaFmCPi7tCnjaQXUiN9hUwPJNOchlkZ2z+iulcJagJ1nUPsmGjmrcvC8QE7CoK+WNNvC5h6fC4whCA==]]></Encrypt>
</xml>


2015-11-14 06:50:56 debug :
------------
String:
account-ticket<xml>
    <AppId><![CDATA[wxe5b18b9bd7e3626b]]></AppId>
    <Encrypt><![CDATA[R2ynZXZZclMrBGIk1Cx+aq6/2hWMRD99A3iOspU+uaHUWGlOe8Y/bScmD8vSHivV3gUrngc4jofJvXABYwepDHcm4DsEfKKbJdty2+lHkj1ho6c+S6Ol08cJosG+ggrwd5jNe9yUMVt3jmeItbkI0fnXAAVOzAraizavcm84HWsOCobnkyjMOQEBGBmXOGAb9uudjjhHOBiOAvYFUPaPCQYGcb3Zj/6MrPFSAuv8NycKiQOeOlFXPwsNPpmfnmhxrWyK5U71aJZKqZPjmAwseRQzDJIasqDuQaP9WyALZ/Qd52Ardlo7P5b7IXbwBvO6iEZhyeq/gBkftyhRE9FvSq5mkE71Z2tJJ+tr4cu2+VA2cL38Dui1nxZHO2Cha01ER0+wKh5Z/VxjYee/fiIwm4GAZa+Nuat/zOZgQUaOdcA+Q2xPtMvDapAakRN2RnSVGVPYYyXvNe/SoyYgobf7GA==]]></Encrypt>
</xml>


2015-11-14 07:00:54 debug :
------------
String:
account-ticket<xml>
    <AppId><![CDATA[wxe5b18b9bd7e3626b]]></AppId>
    <Encrypt><![CDATA[rulZRNjMBTjj2cLn3E8GfuNEZf3uzuMTkcC9Z/efWxwYqxroyER8fexhEfYgD2CEiAO9hS1nAhJgQ0enDPsxHOm9jyCe9eY8LqQaKzVuovTnuDpYfNS8e4he978/kGVIaE8nIzHYdGJ/oKKkMkCkK3PgHu6WUj0l7anKJWxSPdjjUBGZwYhLdwhb047C5iLeV+6nZDcYOVoeloLVsi4ix/8NXOJkEGSj+d7i7htt9wlBNiSLp+zpkFBJBvJ+egZSqIsr7C3Ot7tVonrvaoV145XqivHDnUr5cUuiHbeDtlIxq/ZmAdQge+Tz+yUHym3OGjfY2vsw46bTFIJBvrfLI9e4XXqs766w9ed4hocaUuw0N+Ob/5kYjj9aZQt3+2s5NuSkqm4fKVlIqMNs4KB3pCVTm6k3BqgrUkwaF7WtTnRtvM22Efal32l7jVourFlOJbeBqPLaQSqnPnXEtLxGVg==]]></Encrypt>
</xml>


2015-11-14 07:10:59 debug :
------------
String:
account-ticket<xml>
    <AppId><![CDATA[wxe5b18b9bd7e3626b]]></AppId>
    <Encrypt><![CDATA[lSsmUJY/4GgtCFh5aP8P8S/yt2NXIxVgMMEOIsA9iR+aDNLEIIC7L79z4HiVqRte1thL5ZCE1Ub5DFy25KdBgD0MQDGsyf3sa5QZRZovzidEvD0rL0r78B4XVh+n52Ngva5P27i0k02OqTc5a0FcVCNDNUDD49psb074KRLyZUU0EJCiFKWwvCemFg/BagTZ3KtoQPH3Ztw3Do9bNzHbYIH80S7jRzQD9TFBZ4M/q2L3wrnuQBISbKENQOHz2UuVB/7X0C/nWHKJ2ewDTk8WmWK6y1Gry1kJUeM5CwJ5zUAHJPd0/Y9wFO671YMvwhQSPUl7bTt8yJV5/8Vy/P0fo2NATBJY+Xz5tKx6cRrHyoQLJ5D+ZSunU0KZsEB+vBphR9CtKMg22GJvJVjw5HMlW6c/qfXRxGTpuUiUxkVcLSsulOZEVXhz1DjP5JqAl4uECvVHwSmEK7Ex5IWboA4SQg==]]></Encrypt>
</xml>


2015-11-14 07:40:59 debug :
------------
String:
account-ticket<xml>
    <AppId><![CDATA[wxe5b18b9bd7e3626b]]></AppId>
    <Encrypt><![CDATA[rL1CC5ULbEpTOiTeCgwRPHyhOX0oGKt1/K9s5euZXz2w6rLj/7s8IuP3SxEG/+dgOddEZUnzMWXNA2nai208bghLeUmrfn7JpdFHAvprmgXE7mE7gJX5ZmBe+0GXY5+PXtXeihBNEDL4Qk47IjccrGqGUpcUcLeDKyxPdqW06p98VFmprNVSmh9ms0wElsrTeA9QJA8K/9tom6jnvtFHefVGVLZVBKVmQ6bu+7hYP9Voc4G5SAeKkuZS4kUHePob5gFoPIWFGqvk+boVEy1if6LYGWsqnjfCpiU7+IDdc1PVTfuVRbqSMulM1TUBZsD4n0SkuuR1AHd+Cuhk1EfINP21xBYqUZYGBPybnB6bOhd0czkMvn6ojy16ZX62Rf6QnQGcJ8t+R+cpVCxZVy7FqUj1UFr7PW3c5eRJtA9j6t+PY7msoWtfaqm9/FVdpSv0U3a/Hsiyl9wklqUWTYeW9A==]]></Encrypt>
</xml>


2015-11-14 07:50:56 debug :
------------
String:
account-ticket<xml>
    <AppId><![CDATA[wxe5b18b9bd7e3626b]]></AppId>
    <Encrypt><![CDATA[OE5FIzsNmwGQ4HRsF0na9ID14ZiH8nKVyFUDbfi5g9MirZKRdmUwA5tb9RvLdvCQ2WY+NUINGw6G0Ki1ru6SRSRnZcRjwYO9Dv4rK+N/VpSljLT2TVkEXYTOrSrf12eidWeJ8+w4MQI7tqGa+TZv1TPWaVRd/l4WQ8rA2fCN6AUKik25QGOs6HOiD71r6SX9dJNbQxgmYK5FCDLkq6xR+U6OdrWG5Qk+HXoDBGvn1k+GwOP+OMvxhzp/UVqQv3purUv9i9ihmr4HNxWWN3zRsuhEN29GClaKtSTvOITkHMTlJp7J14aaTan8JzXH5CG2PuoheYlVgx6sjkydOItUBvm2xP+Sk9Xl0g9w8pJnxja+8IYoK73zBQF6R5mYShaCKZwm/dHJebgrAcTn7At5R+fMc47B19VdAmrX+PNAVNibqHqFigsDUbUar5THNagDs0q4pPziY64rDAu7AiIGzg==]]></Encrypt>
</xml>


2015-11-14 08:21:02 debug :
------------
String:
account-ticket<xml>
    <AppId><![CDATA[wxe5b18b9bd7e3626b]]></AppId>
    <Encrypt><![CDATA[xYzdPCFIqd58kgn9FHaRBKUOHs4XMa9gBMDtVFyShIkyhNexb6KO7PlAcUo+imgjzPl+E5BVP+sF6+A76/ll97dEj0SJt7IZ2sTxmOvg1f6x8F8vSCUkBlR8Usw0z5gIzcpN5fgtGKIDTQXzJ4yzi/Z0hKnSkTYL/sgTSNnMcv+alXuOc9zQwS+or0X8kxPkQq+rhmrZcUHg62n5hTCT8+p5UWrxRSqTKHKooaqHdHDAC5xm23GzYDbPasFFMYt9n0GnGZL7cghH32+PreIfBt22Sq2H0UxSjRjK3gLZSJYIbHLRnCn9U6a8ysL3m5nIcevO+lcJamGeUDm7qGMsJOq7OY9hoKXdbctT7x8Zkmv6WQDxe7a7CRlAwqfX3F3Ofh731ULkOCCOJAb21MqORipW6QWq/Kf8wcDQVo4zxdlwforXAkzDBysjtTWG67yyrsuuZCOKzA7C7RX9j486oQ==]]></Encrypt>
</xml>


2015-11-14 08:41:01 debug :
------------
String:
account-ticket<xml>
    <AppId><![CDATA[wxe5b18b9bd7e3626b]]></AppId>
    <Encrypt><![CDATA[b96w5ejuY8UVCoKtKbAeWcOcLHWC/EBWIxVI76Nfyu2xAgEGxF8txeSUOn0zSvEbM7Tjc467MSfHbuUWK1n+KAPrI9QhlNdevSHtJZueEAW3XHymg21qRNLiRA3aq2MaiwhzaXUjl75m5bj4BtXcZHS7UJRC+UlKg81t3XDNUcQt6lqWdre1NFwIZosw25xlkkjXrKTETbeyYwSvc0YiFAYbu1YkL+ZXwajZKEww771wVJ6ozPZulbI9FaOx3gaN/JQcgkUXCZH8Avmx0IxEEEK6e83Nu8IyxkHCAAUkYx9zcNoPF68F1EZR7wVjxNSA7LpUnByttaEENCrb6okcw2KIAuZLl9HO23XoeZXVXiHw3cANqJIGoJTIbDLrltR95z2hrnGVelCgEPTarzZfgoURz48B4Sa2+Uqzx2lzX2/DU53agB3OaGzKwm4BDGjCHNxxgLPmYTTK9NFG/hsycQ==]]></Encrypt>
</xml>


2015-11-14 09:01:04 debug :
------------
String:
account-ticket<xml>
    <AppId><![CDATA[wxe5b18b9bd7e3626b]]></AppId>
    <Encrypt><![CDATA[woBtaqwv/GXyLZq0vIUVoHqOeqoegz+YDBaqfdMjMRgspNdblyR31olZLJnc7yBHbj6mIMJyekuh8wJm0k8BrlQgkThQWsvp5AB+co3FEtkpB+yj69ythprZBaAnIGz96SoisI9kaQyKpA3Vrym5pWDWLn+Kfa/ZxVwpJD1uSUnTjgH8MAuIlfyrNMtHGjcK3Bq4qHrAi/bo+L8TMBzWarNI+CTIZMQxjyaLTKO4jAoAXWl65/fHa7c0vowelvx+oysj68bt4DgPQ6rqlJJcweQW8jw5itYeK2J66Yewe2vmNXBrVqw6sKbKzpLA78zDRp8R9yKmSckUxYC4l9jgqlOvc9IORGCwRcfu9EsTslDr94QuTFU1O6GRR87sq/X2YafuFSOMyyBAn20SXLLa0+XmixTspOT8PZYc76bDCxQWCOg92dZn3hNiQKgbFeP61m4cSazSFoyXTMwV7HMXYw==]]></Encrypt>
</xml>


2015-11-14 09:21:03 debug :
------------
String:
account-ticket<xml>
    <AppId><![CDATA[wxe5b18b9bd7e3626b]]></AppId>
    <Encrypt><![CDATA[my+jytPEorrPT0mRKIuKEJEUWi5aCogCn0+r2BjuVBvGMcJMhnQeMdXEFglrG0J3QfC35I3tTLl/ztO/8AAeaOclPEjgBTnmRFcWqopeRs6Ozd/Lk/ZYQyNSeJcIBxlh75CvhT9aN0w7WzVZXZ7EOGjDylJ2hczRXFCbKUYoCNCogvJCIEXNj9IO8RGZO0Mw5aHWknHWdwWOm2uIK22a8R4h9D4PBb0MdQd9DDtzvGW9POmV5Cp+smd/wvopLMJCSP/87Z7+4OyF1Qv7V/bz3kWxkYUIu5DqvJdRbqGlWhq4b/9gFEI7FphYOQ3w8SlnFa8aT/zm8LlCiJjy1f8Yl4YBWlwuOqDhIZkjjXjIsHHUfDtoXPhpflEo9kw9vkP1+f6XcZfupeKkLvjFPoDC51vIauykwfZUIbtzVTiq4vrYna1vLI2HTmF2RpBtpKFE4CYAWjomnim4jsI8RN+q7A==]]></Encrypt>
</xml>


2015-11-14 09:31:02 debug :
------------
String:
account-ticket<xml>
    <AppId><![CDATA[wxe5b18b9bd7e3626b]]></AppId>
    <Encrypt><![CDATA[YknmG76WFHawGZqTHHz1SyfLmPop1gUEDRH91BccUXcdj50tokXN7ugJgLPS1AXyqgXytQrk4bO1oW4pJq/W/qN0+2KFPdHOrXFix1SkiKAgre9zG8aEHTusRz/ZUlO7rLfF2qA5F7Rk4CYHWV1BHMwy4KYBFMFAlYZSA8zJg+I3IXpUKqLyUa03vHa1VWXp+3lbAwTFNyngezM2XgULqpfXoqdtQRjSni13Bqsatc9ErlnQagZXR5n2NkrDGYJR1tKld1+rwd285e9P1FB+3ciXUDmAi5+LkIJw4pipt2zYGrz5ae8/6VjNzUuT3NgUXfw+9e3rPRj872BgUOF1C5mR8MO3Dox2LL8PyjoTObg3Q72f8UG854T4vOk//YhoBrbCiznfHj9bz2r/7PHLn7BDfC3VUwljex49WTqxQBcEWx2ITzj5VDZmfv4/zogfuxne5PHdR3UMnbqhTG0Cxw==]]></Encrypt>
</xml>


2015-11-14 10:01:05 debug :
------------
String:
account-ticket<xml>
    <AppId><![CDATA[wxe5b18b9bd7e3626b]]></AppId>
    <Encrypt><![CDATA[S8TlFeHSkXmJvyQECaU9M26BpmWlPTkGnTSCxM+12J81zYN2Tswy+AnnXRhIYgVH+7kmvNUQ8XeMa03QzygiRTi9hVDNkzP75mF82Ff+A2vysLpDiWtwQMGl4a+1KXR022SIzoCV1Pa/7Ul6Sp+MWAyDY/0RYRRi/MiZHX35LbahU292Zrw2aRUXnO8RDf8KxZsoocp9GWBP4u6amErhs4aejaNYTKwZegj1aUA1xIxEKKr+Z8XTV+43nHCVbn/zV+KfJXwClNCk+Xp8D/Sjc+I+fS/D81i7mtNyXWZawURZFcTmmVyblbH7b4lGSP0E5qSyXmkcnAACs85pE5B5CiPhdLOutKBZPlflRX/HfEcevBEEBqajWq4xqyQOJ9MKY4EltufukDgE5jQHCmUWkNa0ilNF9c0sPoekhSV/Mp1VWyrcI3G7gi17aAmVm31HrWiH9GTkPhi8/3A2JbLx0Q==]]></Encrypt>
</xml>


2015-11-14 10:51:03 debug :
------------
String:
account-ticket<xml>
    <AppId><![CDATA[wxe5b18b9bd7e3626b]]></AppId>
    <Encrypt><![CDATA[Yt3YSaYjEuQr7+lrzp3B8iPBecvFdevLla2ONNp5S74A8FJyg5JXurQrsXe8fb/S9TBANHHShEjk2vKhwJsZ5lbotq0lFr7ntep1TKkDwcvJDPmv6n6DaCAIS93dZr/DJvTLBopPgiuuYXdvElmZcLDsOeUPO4D0cK0qmFDeGU5abT2n3xm+krdD+ktevoMJplgjVueKjntgRENGu0VwjSDGqls4N1tojnNYD2WlBbbTNY6d80+oKCwI9YISG6vrREK5kGec7AkNFA+52QW5tvChm1CSicLENhq8nn98wkLNJOWyRr11/nWdi0bMMsYPPvrfwGwgXW6M/yIUoOTL3jsQ7KiXN4BZIEgT8yOR9X6/RnwjGPrN152nUoXG0H3BzW6u4DXOsH5c0OH95OvEzglab3usqs2bOnzeYxb25IXE37socJM7xb2XDC/0bNCWgzopRx5uraUY2jYwEPbWog==]]></Encrypt>
</xml>


2015-11-14 11:11:03 debug :
------------
String:
account-ticket<xml>
    <AppId><![CDATA[wxe5b18b9bd7e3626b]]></AppId>
    <Encrypt><![CDATA[u9CqJS5UFjvXSVUeuPtiQbyHXcq3WModUZHVvHKz4i9bFovd196i30kPTMsfogP0tXB+2Z0Y6iAhOAm3aP2zS48NIDRmg6LZZ/BDPJL2kHwmGFtiNoOzFlmSQ5I8Gh0+XJzDHDfRWq2wafUpT5IAiJhmdLsvELi5Jz4OcVDHVkmJoP9/vv7QShL5H9T5UX48pgkb6MGf1WuJ+ZKR48qG1Q3WZkeRG4gnODHn7uLkhFo4demu1W2QlT3DOUAgZ2+pH/Vh8ASKPej9ocCJDIvA93SriW+rvYvllYCPzFvqR3qk9NJLpA5g6uTAc/dV9+8ka8OFyKa6f4UW7lXngbCUeajKLRB6mO+kfaOZW2ZmDMfOvk+4gpbCdQkY4G9A2ljnkn+WgyP4dO1EmPwfW3K8dt3Mcuv+WXJpd458ULGCqfbUGLiQS4kpjjmbVbDAU7me4ngT9eicvlW00t6Mkhlcvw==]]></Encrypt>
</xml>


2015-11-14 11:41:06 debug :
------------
String:
account-ticket<xml>
    <AppId><![CDATA[wxe5b18b9bd7e3626b]]></AppId>
    <Encrypt><![CDATA[Hs/TPNSd+yxgMkOdpYb153gnS4BU5OF0wCw5GwFje5sEr5YzG4aJGxmf94Vfrjll77B9yEpUyQq+1P48AQhK4yRpyOOhUwm5pehOT2VkymlIcN6L4m8hXxwGzIdOXjJABGItBd7tNFmt4BWv00GLlLNq79ld5/8i7pnk8rseVE3qItxJSTRdWtlsFm0CZp3jOVrixxvuLfEKOo8Q8qABsu82i8iMy/ROAJnqc6rH+PivtDSED0jju4uWikNyusUf/MaHkR6TnCDkh/NXCb9wTwJ5jmApt4uKYiu40glYpBqZdltprdLI18MZlNIdqj2/b6lHxn8n02am3ZH5U6D9HXyun+KC16ms7gXgItjSHHTyevoj8ogkJ8m4TK4oPJiWaYxiXov9BZtKhN1gwEnrPz4Okengnv71FlaWmWi6gHWBvU7La766BBb8nMeOekwYq416CHvHrAjhzkxEIK8jlw==]]></Encrypt>
</xml>


2015-11-14 11:51:02 debug :
------------
String:
account-ticket<xml>
    <AppId><![CDATA[wxe5b18b9bd7e3626b]]></AppId>
    <Encrypt><![CDATA[+BlhUb8WtzB3N69WlPskP0zlu5B5lfh6UIHHQPmLAp0+JjcKjwboOlwI4AB+G1uEyE+GFYkNK9qSkCJimxZno04Oaw5mUVTL6oV/0nbUlrUsPtaXbl69qm2/dIajeLLPKiBgEyIZNjT1rhpKt5E3XNfFlxBvxlrM32vPlNuJ4LrJhqfaRUtdhdC/ddHvdu1jxSqBFFccBToqkcxCvuVNHykhNGEIT7nqVHzGRz/bjg5ae6nCJDzBv6sVC0hp4j5LJTX9f9n+ZuN7LNx+2YMfQOrp0V+X3EQpJ3V350d2FPR+G40BnDfNHEjQrnWbbX9yUxoAf9qTt82BenmhwyES+knWeJ5IHxv0QixtkVWXYFOjmrNjL9U9HEAOaPptlRVByhJ8YBGuLi0O65L7eC73EHpVaRgt0Y2qsLxtsWuxnSJCUEhk8nb8XbBTzy9OodCayVwU3R8O5tMjNwCupkWNSQ==]]></Encrypt>
</xml>


2015-11-14 12:41:04 debug :
------------
String:
account-ticket<xml>
    <AppId><![CDATA[wxe5b18b9bd7e3626b]]></AppId>
    <Encrypt><![CDATA[K4DlGV0O1M/5Q3C0q9wy6zYLSskhlwanSERCgiWTa5wKXEgynHrx7n9V6Wd3Mowm5zPGd2g9vh2RWyYO9Ya5m1NMnt1BWuO46bjXCTtE5NXTRZH9ibKY3IQBHe7l9Bd0BezvPkjovv3F2NsIB643el9PpsVBthlkdA55BlzIGbe2xjzadZ4ngJuzCj286Y8xU70RHAdmtAcFDsDelaJGs//NdLlu7c+VpzpheZTQ6+Gh1b8i3CjjXVsuVI/uRb6X/z1Pyx1akl6v9JOh3JALfhvl8ePVoOc1v5tF+jgjR1TMpbcvof6kKcv+Yt5JJDskTEoDQoXyp+n6ySA73RAMQs4YF6DdbXFKyPkRhPga+NJoobDkmY3vfhpX9HRGaCNtPfCdugbQCzbuSpH8BUuPcC0zuXsCChCNjJLrdxT5McqsPrIq2ywfrasRcSSHopfYUHSXhansjQ9V4kPwore36A==]]></Encrypt>
</xml>


2015-11-14 12:51:01 debug :
------------
String:
account-ticket<xml>
    <AppId><![CDATA[wxe5b18b9bd7e3626b]]></AppId>
    <Encrypt><![CDATA[6+gtSg1VQ3jXSDRxzHTbJG8lhAvANJYoTerVLnxmsy5k0o5JCexSSI/vh4PmOuZZOfrSZJGX7CFNNry8nWjqKTzaRRN5mqThxfsBDnTCWDJj5+hPHg8pXe4z/QsK+5o8uMIDQ2y6CRQJNUJuuFi1anFsbELfr97az+1QDUsHRghd2mKiysVjuQ6aoYvxshDp59MSPtA7vTK2uRhRCNQamfCAhinqK17ZX+fQVMLU4iZKSOl2be3TWuQqY9haLEJtq5iWFOLWVD7YKAMiXg24O/fvIHAmkToZZV/AGF4dekbr97evI3iIFiemq6rMzasaOoW6AtYzvwCfwbo+0rP/St2XZkCn4wiLYu/6Z6j/kWH211/O0zWIP57ParaPby+VcCZC1f5f/b86OV9JhFdv6iksyP5rsYSdO6Nw0EqbcKt3ucSk0Sx3f012j9xGPMyGGAjYrthU9sEsXUW8Tsw38Q==]]></Encrypt>
</xml>


2015-11-14 13:01:04 debug :
------------
String:
account-ticket<xml>
    <AppId><![CDATA[wxe5b18b9bd7e3626b]]></AppId>
    <Encrypt><![CDATA[xlJsr6d25CSy9PjFJSxjaJ9JX5qgfF2TL00nTFLJw79evSTX04ZiyD0gvjTsqwbOYmD833AKiql9SxIWe+YGPw11VjNxxjf9GX9Ko4fXdfpF5Rtem7KoTLQ6U+1ig+rEOW3LZzYhwfa6GmgfL+esdNVz2hiauOY/QOMDILQvZ3N8OmEokVz0qq38MZEW+iR3/qYPS8VCvP5hgQUoW+2twlw27rL3IVZB98EiAroZi31apLoK8PnWpaTCZBBym1WpqElYnb9ipQj4lnz1LJlLywM6h0kWvORPG3QMpTZHi4uKaOLnkdAmIaa4Y0qpl6Did39QrOcZnuzb7+nNNYShFIPCxHIlZ2jWrObVIwmsY9Wxl2jvRdEpFxscdjh9ruECawg6YKO6TC1b88YzuqAa6ppoLA61pdBmCwJaEpGl4U6kkh8dBoyyKO0wzo2dEvOUu+zsL6u81k9vyxy+ESvBig==]]></Encrypt>
</xml>


2015-11-14 13:21:03 debug :
------------
String:
account-ticket<xml>
    <AppId><![CDATA[wxe5b18b9bd7e3626b]]></AppId>
    <Encrypt><![CDATA[iARHKi4zUrs0qJqeGemUBTuiSJz2a9vmfNsCrzFK6CRl99Aq0bdc3DqxJaoA/6+ZZDMPJy3v/8Mc+BoKuHLU2ggmNj9BdW3MoxvJr8h2DeQcCPkzeL38kr7us87MEXLdJEHRtN9yufeyt5AZY5PJK6JlL+NizNs5s+KOLPnt+uZToqCftTCThBo5HGriaHKUVWtYkhCwexe+QDWiVsmXmkod+NGm1oqdGIkyLFiBeN/HRSTXSj6LSO4ZbCALOPcmk8Jb+ZqxEIypmSN07RMCcWpXYItU244oDni9nh/ZdSK9gvKu5WGdhM2Fi0zP6Y7XdNfkcqgjF5I86Swu67HUe3rEUqyxY7ibRG6MwN0HmZhjEMNsuWNpdMKRQuUVcgJmHmjA1R3eVYTHkDD0EvYwdToY0Z8CU8v2ek5J6Yf83KqrmL49js1+wLVtfPPzheHdqPIY/AH3bBh2bohU3Hvayw==]]></Encrypt>
</xml>


2015-11-14 14:01:04 debug :
------------
String:
account-ticket<xml>
    <AppId><![CDATA[wxe5b18b9bd7e3626b]]></AppId>
    <Encrypt><![CDATA[RNHHsk8QCBxbTizKAzRTUqDWNTghmfblWtUabG8CVD/OalMoAvIkIHYcsZAZkh3Jffq/G/vQG6E8HY16KTa6C5XESCNn2OAtinXwublKP/CkxOa5TlMWGBDwIBNXaewtooTN6uDRMuusqJ91VNuUzWRNsXL+KKo2k2gKDNlZnYvAxnmQqymiIzSrIOWQKAo0UzoFjNjtgkBcKm6Za6+2WQS1USC8IwyR8pSPMTy1kZKQssC0+IdECA9Wcx76j4OylIeJJy+Ciz2Mhb3pzUsql33oo1VN25slSUru9pJsNBMBaaV0xsoPo+8QVM1k8juVTCT/n7XYoOgwvG86a0a7LtUlmOJ0Zxq5pLDUoXytTn14T7Lhys5CEtOPP3ZBukb0/G7NYd/BKYT6e5vJfxdnX78Qj6O/cv7HWeH5AZt4t6cciBdpEVPYavesBKOGfTOb35Gzy11+doGxWGjQi9foTg==]]></Encrypt>
</xml>


2015-11-14 14:11:02 debug :
------------
String:
account-ticket<xml>
    <AppId><![CDATA[wxe5b18b9bd7e3626b]]></AppId>
    <Encrypt><![CDATA[LfjRn9YnaWjKoiiFMBKIIH7GdNfP2RQ/N1EVHJzJMnNXtqsYdIc/gsAPZzVqIX52lnQyDb5kwIZSoadl59kxJtS4+DnJqv0Pnd3zrYUkwVbMKng2vNMYKaswCalBxKSOsvAq71WsM2uaNUHWX80FOPgr+0it9vHaMyNEzHvI4Y2GCqVxGdBBhYomjrG6KKi4tfqMsLZTS4bly84ORSgYEAzsesi35pJ/cna2TCMA8CXWiMsH3LRyJpgkEbiGKrAX1pdqHN+yPAl9doTU9U+LFqbhcbsrBt1NP+gSffvF5L7U2vOWK1gCbFrTgA2hhQktQHz2z6580yu7M7Cg/Xs8dA24/HxkcbvtO20ngQrZMEUSlkQWu2IlOeU0+rf3iQSBy6v/W6J5SyYWfz0LtsQqW6yBrG11RSx2t3Fd4T4mhqW8MZWT9TKNEuoTpY2tvA8PruV/02jzugXhud+0TMgKyw==]]></Encrypt>
</xml>


2015-11-14 14:21:03 debug :
------------
String:
account-ticket<xml>
    <AppId><![CDATA[wxe5b18b9bd7e3626b]]></AppId>
    <Encrypt><![CDATA[EvhdJIQ9B/Zrme5qGpMh6FWTZeiv4NxsUoC5eUMdZ6rQcv9lCOsa0hnzKojKkwep/w3beoZe5WKAAnGsP9FyhOQ22TVYDSA1LbHPJARjjW3k4nvkhQ8u7FMadcMMmWgeJmvzF2c+b4fONu5d0BZBH0eMM1G379UEYF+6dIEymFs0JuGh7DMQPJ+WE+vFqFookM8QFBk5deCNInDOvfOrH3ykE1kXU/rO9BHFEVOsrrwgQVH/jhZS+LLezMt/ZNgzd6bx4WfPVc8si+NHEy5d8srl69TWzNp8RRuQBC3f1Fuq7cqUbSR/aw4766xaVBU3H/z2+yY0SamcYGXdZ3fhgrrBbWaMsV5ATaRSldGPnXxilx+zfGAuHSTpC1f0Qja8HSU0x5876A1plNpgXc/jzAXkJ9kHnYD0R+51pyplxv4TDYVh3KIE1VM3Cxb0qR/y4+loYnPDgTlA/E0NC+95fw==]]></Encrypt>
</xml>


2015-11-14 14:41:06 debug :
------------
String:
account-ticket<xml>
    <AppId><![CDATA[wxe5b18b9bd7e3626b]]></AppId>
    <Encrypt><![CDATA[dtjO5uIXOFLMRWij0HxwOuM2tWyEzH/rTQ33VI2kTfH3FZj77+ZyYskdrHX7QNXuAhs9ScVj14H88VSmX35cwqo/U6kvE6r5E0capBOE80mafLAAA+k7mqvOpkSpiMXW7bYXIJY7F4ZoeSJSzsKGHuNZLvVPv5XGXiAp+fHi0iF1VWZlLXJL0JzhKEd0J2ts6nFndY953icCayCK1bL2vokh/hfO6PLxY9bQXRaLeubR2lj+fp0b4UUIsWLsH8tux2EDV1yZhHzSCap9jn54JeZCqbNs0WsnUZNO9t0uoEfk0mQkCqR2DGxTXEvePULmqlbGp6aIiAbgKDZuALs4B1hQe33D+rRl/XkVOcI8OVXtv+uqp2g/YCG3RYUURizcnwCnAMwt3W7vv6S+Xa/0BlsysOAvrM/SfhDdilgGyDeLjkmokzeOU0gVY5Ajbi4pRCN/GABZaiB0vEBlcy9caw==]]></Encrypt>
</xml>


2015-11-14 15:01:05 debug :
------------
String:
account-ticket<xml>
    <AppId><![CDATA[wxe5b18b9bd7e3626b]]></AppId>
    <Encrypt><![CDATA[9GHB1/X49go/exf+Wa7Qk9DRmi3GHO+4bUe4OgC3FFcUVlnUPrY4wx+/moesyEwbbDHkWaSpIroqINCGcx//3MxbLkESjobv9FLkHZ2jJFnXOS1M3gZnqUDbCdzKx0bhEzOqz1FbHI/DT/EX/MbRwkBXi5DO8wgF0rh7iw1kdfsNnOeSx1nXqov97X7yn7AM8diw3UsY3rzHIrKKnql/7futQf6H43Bbsa+X1h9hrGS4dZtUEprKtYwrgMj7jcLwwNoYGGPkuEUr/LlPb4KPk4fr6w14gevVYpbnBHaYkhIk1ZKtuZ2DmGvb1UuchcImeChwm7YmaNRwJFF2Zqat7hXunhwH06Hx0z7x0YoXtfIE0mdn++upEFMRcyFdOt75pqHKs5l2IKRhOB8RI+3Af2PCSp3qXFTtGSn4WTsZZj1LOxtBMNBihvKU47at64WAz3GzdULea2RDiZ5xWGd1lg==]]></Encrypt>
</xml>


2015-11-14 15:11:03 debug :
------------
String:
account-ticket<xml>
    <AppId><![CDATA[wxe5b18b9bd7e3626b]]></AppId>
    <Encrypt><![CDATA[T6u1xpGTcs2ftZDNxitrUw1HbYlW2iQFmVwGTQ37zP2dY7Lc2JTNe9Mv8MfQosPL2sxFhjWbRr/k22BiLN4OoP/hHKvkozKjiuH079arg59rUcfneJT5rdyrTxFY6ZjplQ+37ks/2czvmyk1qSIJLm25sH+Cy0EwkGVEfr7JaegGCGvZVtZfJ1h83CUYgu7rQFfod33P5DVI3mhitH0L1NOnlvH+Vdl5nxTfKQRtmQx4PYvQqBbSu2LClaS1SnTDB9crO//VoYgKmtuTbzro+bxi0U2k60LP89U0HRpJ0zwqb+V8bpTzHt+sclqrgInHW+9G+NDtj/gx8XAJE1z0iGK9MpKAIlzInoSQ8UsYu2pZe8cbr+NS3ADhMgIpwmVaqGhIiciA5jtfuCh9qCc0IT0262cAfCrfOn6T/kVzn98aXmCyjNbNmol3zx0qnI/oxJiR5RoB+ZDweLdH8mc47A==]]></Encrypt>
</xml>


2015-11-14 16:21:05 debug :
------------
String:
account-ticket<xml>
    <AppId><![CDATA[wxe5b18b9bd7e3626b]]></AppId>
    <Encrypt><![CDATA[GZi0cTCaQmxhZEJH7SUVVsFpEF35skWDB2jdyYENbqPXBjbCuQIaie+fY6FjaSSL+ERCsRM1eyovEVs1amsO9qqCjUe3ViqqR0B6oSrEcUWoJPo2Ek3StL3Ix6bKSTQSgo+yoegttcnZJmvUD+e+nhga1WMrBCgrTHoDr05cgYQZpRSySlKip3PJ6tPS7NKniEZFW7k3H8+5o2SkqniVTaiJA8rJiqNeg4UwYfoF9Rjf9JcRC2AiWhDDpM8YBC436Sz5L2xXCK4z2X5QNNHSt/5o4zgG9EfUKaJu7gfF+lB3gKUoPrAf8OjRBAsF+1FESF6R2CWvfub/0h8TOg8xGgUQcg/BtL3M9CNTkmescVTjOL+SSfjDeetDKlxH5vPZeRoA8Y8iKcu8ToNFvguaJ/LYMGU3c0LSILs6Caf46yHHxE4IULaR+MeXvZXkr72fQ43GFYy3X1C2FWG+CenkHg==]]></Encrypt>
</xml>


2015-11-14 16:41:03 debug :
------------
String:
account-ticket<xml>
    <AppId><![CDATA[wxe5b18b9bd7e3626b]]></AppId>
    <Encrypt><![CDATA[VtU1AHSDLLfxyikQ6RfoBJTxBCdoeI7epOaDa60c4JeAYvYRufnZ5oM5V/LOUOl88Uo84Y/DwqCKp9vNQBDCVcVoD9pj/KTDGDBNMgeXcF7E5ApAqIPMMXK/gNLIIH/Fsqe8gZ+/R6ktJri7iq5zyqdWMYhCqWs3DeHlNkJ2zTzxYTCCXELMtIZCRLDHDiZJyf7WR7Q5fOWA4UEIRKGSOSwdkaTsSuyrH9NbmIjApzIU8ZwT5XKw562ltgxO6z5O+mkNnPV6vrfB4DJa2SYpZlgOazi9dQmTr3ZdW9tsF/mat/Bzv4GuuiB1PZTTthn8mee7SLsbOca2HDpLadhdCO3qfCTj1DjaUfvIARXMxPyzctSAZODVALK79Ucaz/SUMvHwkIMCJcny4l99qZMYsaQNzb+5qe2VVflNmkSz1OEKpkEPuPaZ32J6GWY0Kynihh42ht6HtmNazi6HWQQ+Zw==]]></Encrypt>
</xml>


2015-11-14 17:21:03 debug :
------------
String:
account-ticket<xml>
    <AppId><![CDATA[wxe5b18b9bd7e3626b]]></AppId>
    <Encrypt><![CDATA[QAVgWGf073zLVwomYYIaVD+wXi/tIYkSBZvb+ivKOXoq1xr8FS0cyTpc1k3e4adwvKxImEeOG+sTWOwUYse6HPE1dEcaIpbZ+P8dOT+NhKLzbf5G6r+rqcE8zP/mDhl7YIgJk5y6LN+zY4nnmNLF1xZ3RxsOr4V7KZgV1Khyql3A+znccVJ8PcA1mpV9kjoxTP76M/26ZdHu5Z84+3W3Vt5caKFYQhn8YS/kB19HEP+zpt1U83SDualRJuxGRmNf2lGg0Qtb+HcT+TwtEU6aQYhChBZNxLEbw3V6NhMMoliQ08ccqqwSbrvxw6/qH3RKaoZazNIFO1MqmuNdMWNcmWUp9/3wYsamgRRze4jDnrpj5G/pnHYPa5PNp+jFg8C+XO2UQS0uf98vd3OK4zJ4z+k2QDqhZutB3tdNEDDWvvCkgPr//buQqu0U1O321AFK8SIvnW49xSU8gKD+LbrAuQ==]]></Encrypt>
</xml>


2015-11-14 17:41:02 debug :
------------
String:
account-ticket<xml>
    <AppId><![CDATA[wxe5b18b9bd7e3626b]]></AppId>
    <Encrypt><![CDATA[dPTJOOKsDPJJr+6YQnGYQIUs8WpNxdf/xKG9bfrRGEPT5fzieKL7NS3H/LTp9au3ZFNjC2ku1OkRq/uhAogLQ/TjyuACvCmRhbNmViiKI8qQrHxXVUWLfbYl5vWQ/Tbv4h3T5x2PPsrleJbmbMFck3Rk4H3oHve37Jlb6dT2c/WMm06x2+5xEmDY6cOJ964adjAivRz5LZ7LlaNnQRDxJ/gxX+PQeNEXn3oVKBW/BI7sDkvvipHWkeXRhP430ANz0oYuiGQAmkruq/yZxZocnmkQSA9jv6bCsQNIjzZSrjLVClMEG9sqGmwR6JFQAOenzLs9hXVJ8VhQri4dXeVA/tiQ2lDCbvMFY1tD6h0KSHwSg7g3hr1hem9/q9Vb/po+6c6kbm2StfDjV4wQApxbPiMisBd2qIlLLIcxjysem6xKUJlkPJ4YzQih/B7SAC/4fm5mq6xXaslwNzcL5JznDQ==]]></Encrypt>
</xml>


2015-11-14 17:51:00 debug :
------------
String:
account-ticket<xml>
    <AppId><![CDATA[wxe5b18b9bd7e3626b]]></AppId>
    <Encrypt><![CDATA[FBOshmWdAKWgz0Y+f1KWcGsJTNJKR2zlig1PGaiQOoiZBL2NjQikwIP90OFLoD5+MiubmGfhynIlNYkS38nmRxP2E2pU6fxRw9lRxFqGhgg6Ml3idL/Qy23TAWkQUdemohkeK6vNfHvrgidPauCjYscZcru8DsITz/s6vi+/7nkSrWV05td+07MD7ZtTxwc+bA4llBSo+jWq6GpjePx4KrmMP/rmsXvFud72nASKNtQXnlqVWY9zKKIGvUrAa+N/ffw27akUdP1bTZmIpYebsl0+SIG+MFhsN7hnta7+hE3Ibr+wyjoFPAQNNUKFQFrB0VVDzFMXUBvPj95JXMeikdt0TaXtaEh2SHZTYp3I5RiEKY56BoTqd91uyFc+rbyVBI9e7o76AgV+W5Eok4Xv9UFbt18HSpE0l23x0gV4Op3XmdWV4iCnxs+3fXDNFoSq4BfI4yc7Y1oDrf5Vn4k3rg==]]></Encrypt>
</xml>


2015-11-14 18:01:04 debug :
------------
String:
account-ticket<xml>
    <AppId><![CDATA[wxe5b18b9bd7e3626b]]></AppId>
    <Encrypt><![CDATA[yEI5kqSg2AuvB/Tu8oiwW15hVQG6d4ngTUz3Mdn09y1FnDhXxL8QdL2fsLkI3p4uBxE5PBGGN5j1NNORf4xhMwFBm8kVql99ObcnaJ7YQH55cOGi04hchEpbzka1K8noN+HNv4ZDuSTgXpfAqisZ7A4+B3vW3w7FLp8x1gtXLEXlwleoNeDRk4fH8C3Db56L0yZaykyQlPjQk2eL3V0nQd/wfLei2UxAgXEXXuhMJ9kmSKt1JUmwwJ8cXYmeKQHRLbkpkrwjD4JCrpzt0wLmRkEzC/gQHOrgqWAC7uzpFy5rYtOSEenYkChrfJUOCz8GAyi9U4JdBTC3QcePD4+/vXh56rfv8jSOsw7UI9RdZimcOVIZkbPY2ZT2bXsSjHy1pusP0PiIjHt7J7emeWGmWg5PXaCsZVSEvx3UPaNeyaDNrxEjVWlrVEblCuGrrV/ij4cpTk3k8/0ZVF0DIFhu8A==]]></Encrypt>
</xml>


2015-11-14 18:11:02 debug :
------------
String:
account-ticket<xml>
    <AppId><![CDATA[wxe5b18b9bd7e3626b]]></AppId>
    <Encrypt><![CDATA[JylyCg0oToGNkKNjR8Wb5YcPraSIPi4SK5SihIBcoZW/HNEHxe6LqBNZ5JpPf3iQJqFhTvE0Lv6apBgNFLURj4u+cG7xqHeDZbRh/s7PSLkJozohzW/BhqjCA6ePqB8Rof/zpOg69Iz7vnQsiapl1+m39Z1ebTvMbEEnLia9fwKYjJIzeuFKJxBXVd8EjHCLQHk9DJ+Gr81WxfyZtPJruqen4oNprfXTaNAK+TCbquhkOIy8a3GBL1h0WBvYzBr3rmAIaDIjCqwtdbibjC2A6TTce+Eg9EbZ7jlJ8sJRnv9aYFZb0AfgJOrxB4LYZQYWJrp2q5S4QIPMAxdQbhajzC0/X58+M6VMc30aJyGNnDPtrL4xJnrRlV7KPqht0Gq6gpisLMOHJjjih9N/HnMbpVJsckTa7gLKaFFfad+OSBRplZinXmwcbMpXkA3Iyk78RTmUbF6vs0lVUQYPrIddGw==]]></Encrypt>
</xml>


2015-11-14 18:31:03 debug :
------------
String:
account-ticket<xml>
    <AppId><![CDATA[wxe5b18b9bd7e3626b]]></AppId>
    <Encrypt><![CDATA[zn+UmS4zWoz060ybBG4JdaElEEP9vr/6j+mlR7jEhZ+1/DzyHzP9+9L7xKcKY/J81aV8lpJDE2sR6n2ud1qQx90OVpPo9OuNPh46vshC1tt28nbL5oZU9gk2fqMO+Gtt5jk1nCrpR428fGtp7xAHDfJRHWrbYEIT3DFFJzhvU0Cu+KDxJG3xRfrfesI0nwiDoNCjw90JMiQL64k4+i1bkEaKI8XjlJqiOf1eH22fk9iwsl4SKOj39jJYaO4+ymswqxT21PlzZCKYMklqpuuYdlTKNkZM7DV4M1y8QDFHCdM4wChOnre2VIWMAhHw7Ft6DhVc3epCZDaj+ZcBtJM782P7DmZARV+6wiCsDYQQA1P+oZ7NtypiT6HEGkokhjoqKIcL7ApkijHyaacA1e7ZEs6N2T0oQkHoBsLihzh597sxEVuHDoAZmca86rAmu4uyzYzpaXKcnjECEEZI3Ftcgw==]]></Encrypt>
</xml>


2015-11-14 19:01:04 debug :
------------
String:
account-ticket<xml>
    <AppId><![CDATA[wxe5b18b9bd7e3626b]]></AppId>
    <Encrypt><![CDATA[51JfmnjI14lRIuSCHRgXBfTe7TaWPvSO3Oai5A+m+hMdueZJq8Hb5JK+lNMxjUtoSz9qpIfWN2CmtPKiKc/CTKnOQ11RG87i6fBLAo4exwDcKsJk5u9Jhx6by+dRvmrCMAah/J3DDiIaBHJvVOYLGp8cKRQVRLfO0VGu4m4VbZc9tsnKXXOTZuz//D/eFaegQWQySplmqGEgVolIf+NrDXsQFk96NPjogVWnQZOQw4+hpVG8tBp6AXnjRiRD+4FC7DWjQAVq0AjqVv2jeSXyw8Uh/O60NRqKCp8gWninbbkmtusY8k5D7wOjtMiYVgB4MstUF9ymFg+7hHy1B7NYETywhUodWYqhjhAZi4vtuj97WX9R5bwW5ZdpjTOHxs4LKrS1Ugasz9sHYSuj/cu+3MExposFeU/nrC8GB+Ms3Eh2V71/0/nIY/Af6uJ4Vcy1yXwoz+kHL5r5JiGrkcb/0A==]]></Encrypt>
</xml>


2015-11-14 19:21:04 debug :
------------
String:
account-ticket<xml>
    <AppId><![CDATA[wxe5b18b9bd7e3626b]]></AppId>
    <Encrypt><![CDATA[WDwOSh1otMqApY7FFzO2KFSc1uTvFaytodCPn+uymZk4d/yyL8zwxLSOjgeW3SOSaG2NMq1zPhlLAG32VrcILcuFXVrwSwi6jxGxWZW2o6iPcuUoBHp47BK13x2ACWv++0kybZ1PoLN/ReILOuroy4usSfiGDfJjGAt/aXQVPqKPrE7XtJWKFinogg2ZkeedrmHMJRofYdkBsnsMf9W9z0ei+rYiFoZrF8Q/57KteiewPJyqqRN+cgP+qdf2Ba86ZqWVIlloFeS0+cm2LmpEBUai1n2DGoFxsFDmRqjRqH/fLxQeRW7XOBH2tPxn8yIqbUqv49JyDAXcQrx8GNA8DleL93wYa/U8WxXzcqY5hJVU4wnu2ikWf5fdTtkvC84JJ1PsRCdW4kU2w1pwYVHfRqiELSb+IurlTC9Hrz8MPVapwQb0bi5LmFd5aN9Yhus0z3VI2EJQqgdE0Ri2FI8EdA==]]></Encrypt>
</xml>


2015-11-14 19:31:04 debug :
------------
String:
account-ticket<xml>
    <AppId><![CDATA[wxe5b18b9bd7e3626b]]></AppId>
    <Encrypt><![CDATA[EPuTGKHfER6EphgmnAcV2vDWaoITJW05S48jligOEEJvvCBmDe4jgnsFdN6PEKeM+XxoxdpA71VeyCpsodSjKXhMRvGaa4oXnGL3oIjQdQjai2LB/MYPLMzasIu6hI5xwAia+TsfTCsqOuBmcWzwZuuKMmswZWJADqlUiP8MRGZXDmDzxdCjz5jyjkrPZkZr+WNHDRlsnJxCH96SFgljEut03zbhuKZmIOHfkjR2GIxr4GTZ771L/0xMa3mEL32Fo3RI0IcTVl/DiiGAabH1WmAMPiKC8q3Id4wXtPRqcBRbVxkbD1Gf8VU0yzcWrFSVAlIX6htr95IWfSmHzfFPuJQcbnxgquiQ//Sc2F2tS97+xF71hAY1cxQ8UJWmzdqOGf7k/hawRkmgC37th8LlC86J98/69XEyUiPiKoW8caIBO/McT22BnbF32HTiXSFyj3B9E+nHg35vYnmEVqWIIQ==]]></Encrypt>
</xml>


2015-11-14 20:21:05 debug :
------------
String:
account-ticket<xml>
    <AppId><![CDATA[wxe5b18b9bd7e3626b]]></AppId>
    <Encrypt><![CDATA[M7DwC1jl+PX6CdtZhW8RyKzrw1YkOfrrZhneIYwx9rXvb+79s/oamhcBoEHi2EqRF4qD0Tl8pb2ITZ6tmXzNWrLz0IphTQwoV6LekxF0AtnQDrRVDkwUzDZEc5tIuKexfl1eb540KbgbiTSscdwDi0MtW+uMcBBRm4GMmfhrzrXPeCCIwbcqV0z+79T2WvHms6D0KqXFgi5U1pfhtpjh1N3TVvBtcga0Gbt3MQFOw8D0TyQvowt3V6cpSmLvSmABsR0nuZxYWLSl8XfPD6g3Vo6gMCqRvdCihrxSKQEh6IxgjPYpppxCrvul9CT12TbY7sYM388NapwQQoAHXKDArN0k8YzZIuTs5fyyVr0xTFPhFR6kUJ5R16bo36UI/5/wbkpkELiHuKc3ilu5ftcbGmm2vfakcSKvJlGoPD1BQVb2VVZTWjf1JxWjYYILDAWAQp6PxOdfG+nEChY/0I463A==]]></Encrypt>
</xml>


2015-11-14 20:31:04 debug :
------------
String:
account-ticket<xml>
    <AppId><![CDATA[wxe5b18b9bd7e3626b]]></AppId>
    <Encrypt><![CDATA[6nUo764wSrgUOZ6ATXZnm/0cHic94UpcBy7uubqAQF/NQsybhJvK7qmdKT8Ux79Rw7n+BbrCjOpEVj77cMYzz0ce3r7B5mP8wWFOgWGH7SVd2K/zdt6KtHEotV0l4SKTeZ7tDCLehnyZX1B7XYNPDXJblBY59oYeNK/mnyb7fe2DFgamiBwUYzWJsHtZaqsFXjJKI7s5LImnOA+3ccIEbcO10eb74XlEXzJvdSaGvx3zSnf0ZnrOiDrDp/xXFGr5B8NRV7ZU3HoF4KtdRnq1UuwLhaJL2+3m6taww5cozcukhtJ7H40mWVOpPafmTYMwNrXHuyeE/URiwYXCsyvE69p0zhhgcTyWev+zeVnoCH3e7H7gEXBPDV9VujBjyy/Ng4s3BhCgfEdi0QPn/mxCpJ2OU02TmpzN1SMZxuzQvLpQzpW4fOjEwlwSlAMLbivOxMoF1BKTCw/HhKjIWoaxfw==]]></Encrypt>
</xml>


2015-11-14 20:41:06 debug :
------------
String:
account-ticket<xml>
    <AppId><![CDATA[wxe5b18b9bd7e3626b]]></AppId>
    <Encrypt><![CDATA[hCaXVVB/za4+fDXalvKdiRnfeW0UGincRJGZnm6EPDm6j1xN3ul+cBvRa+yu7A9Mvea4Bztf3ONVZBzHvwiVeWohUWO3IlXAK3Fy77t00sKQYqT3zpYoTCuwwpsje+JP5L7/WVmDj4OA3UIkCG/KBdLaI4wDy/oEtir0Oebs2I2hTlaLWb1orgUpbj3vTV5gzxPUc7UICmJDx/mcapA1NuLRUwAn5/nAOQR/CbAR92uT6iixt9r7jnNeKd9ttDqAQQF61hbqus39caXZzpfPwEDGaXzBEBXaA9JG82K2JiNveDdg6m0uAoE2+BrDSii7wEvwt7Od4qKSFLjFYKJc4a8BR+Z54AINd58L0WFmOrzmLhPQEYs6+oPXEUzm0THRZRQUMl6hP4xpoWGr6qcpeYizEzVdueSoPYZ4GtRD70trpKQ7A7SwztQOoLRHRSDbLyxNk5RY5wSTWpZmUrzy0g==]]></Encrypt>
</xml>


2015-11-14 20:50:57 debug :
------------
String:
account-ticket<xml>
    <AppId><![CDATA[wxe5b18b9bd7e3626b]]></AppId>
    <Encrypt><![CDATA[aZb7ss0rF8O8yEdHKB7nHAcNiapDrBJ2JCSRqzlAH2nEQaPY/PhDzxo+8+6TRF2qduA7ZdJTyZ0DYfSiuU08GiXrRNPeQj5b+RI9KNcyvq4auwBrM6Lygbzw7dArtlSIi/4v0y6tGzyphB1EcZ4hSS+22I/fv67mHe4BJ5NKPOVaQOD6Scb5ilvGs0rgui8PqbHdtxfGmYCgoIkL9sIqZBX+JGDF4ZNngdJQDA7ADCgUS23r2S+PWJ5Tba7iWzcuiTSFKtcbux8cGuE/nxH8ZdkhS8n+KMCOGnfkAlnPs9hO27J6rfXO4clXXDi+bJSKcjN/+TFIERwMgSE0mS/AptgqlHyV5d3O9FkMf/5M0pOB2LJkvj+1ahIM+pVADOggg4Dg6iLs0m3r0eGXA0LrSNEAV13zM4asJoxyzyOHdCepwX8IiZnw9Z3xkD9FOALJG/Bo8KpPIgweIKjn2OURvg==]]></Encrypt>
</xml>


2015-11-14 21:41:06 debug :
------------
String:
account-ticket<xml>
    <AppId><![CDATA[wxe5b18b9bd7e3626b]]></AppId>
    <Encrypt><![CDATA[aiQXDRaXnYmRG53IQuB/+Dae7PFeOhzg0Xd75eJbTH/LkWTJzfM44X47pWBl6flHfK5TSh/k0kCJt43zLraCZ7eeYybmDdg3fQyocStSdaf+uchfsteWcfEyxBu7fzb+gOtNJajgc4zy266vZ9+nbDQuCXISDGckqD/AB3L85wzt3SzBYrO2ExTCOjHq/XbJPD2XsWpAC1kLpz+o/68bMXBXNqpxH0bmUEMedZ9tfOCbcgfbVF+wifEhYmZAWrQQcFVhlDiIpgm9IoHqg2y85Gaelnzozm69izTU+mp4m0mSH6W+HdcyQtVnkUUbXZwyksTyHfegznvwNmDXcsKi6KkLWlr70s1dFrCil86PVVc4cmoVaW3pgZo32240ANdkXiaoxE/fjooLtFU6y5RALmkkdK2NR+QeBxmfK3gFzcUMBjZmDa+tzaJZG+jZRgfaq2y1XJchZ/Z5u59i7ieBtA==]]></Encrypt>
</xml>


2015-11-14 21:51:02 debug :
------------
String:
account-ticket<xml>
    <AppId><![CDATA[wxe5b18b9bd7e3626b]]></AppId>
    <Encrypt><![CDATA[Tlaaideiz0vhMU4mHZG14daXHIU3oUKUqdgCtIAS09bzSN/d9W+4ZhTVxy4+PqTrJaq1DFMRWNXY3HX/1AqcHZoiBdCLQG2PWoyacB49exgaZiCDB6teOgBqa9OaQ9BVLhrN4ynVnt+y3ENu12iHyG63bXx7n6/GEF6GTuNPwB/e205L02R1kIOvsNn5cDwpPzbM/U0ERYUiAUFQAm9lcQhUl7byfCoHXuoUjUn9v8PbE+ZUqbyPhi6VlDaRt4FWg/nCe0EyGZC2ncty+lNdiNKNWvp8xPAVWToQMQzFUaTYt3mY8FnadMaBdQzeh7Z1JFUUZmKIx2vAPn1sbK6EtRtsugnrjRYYi/S9rpyLkXJ7QWBG6m3A+ts100yT92GiourqTqq6tH38xWKezNfx9+qlnFL13hlrt0XFpAONjY3tfNsPYVeoZMdQt61mOUb7lp9YisAavLEM/AZZvAcVrA==]]></Encrypt>
</xml>


2015-11-14 22:01:02 debug :
------------
String:
account-ticket<xml>
    <AppId><![CDATA[wxe5b18b9bd7e3626b]]></AppId>
    <Encrypt><![CDATA[+Iref8jUH0yxHJFuikJP+ZQrlmFsrv6PdNtXjMZJEklGuFhJ9MM40JyH+uZoGmZUJ2hMFuo37U0HjWPywEzlPNILxeS7Z0I/o9BVje63yWcydLKaYy7FsNm11/3eHLS7/s5te1CIvhOLFYgiEpc7zOPFkCfvnzt7EvTzy4Kw5lbzS8cQ0LjlvuT6tof8zgqYRYj39q9RDsT2SH/86mfmjJ4woIbohlu9bAR3Gk4Bz9AcHuAkqxcGOOXir8sP5Vkb/AiBxNK3Do+SAxLntaFxCEUP9nx0U8yG1FF1hxtHMz2gg3X4Odi3mcFsjWdXCwVcN6c79oZvz4Z0/9Gi46ADJSSsmnoDVThquDepjxLUTux/gkwa/qXhB7fVEpHlObFx2NSft43OHt19v63f4CVVJDIs+6tP3KE0ulRMVv2F0an4JpLGApwW7d3WQl9DxEbMcJICqbN4+m9fuXbFOhZTPw==]]></Encrypt>
</xml>


2015-11-14 22:11:03 debug :
------------
String:
account-ticket<xml>
    <AppId><![CDATA[wxe5b18b9bd7e3626b]]></AppId>
    <Encrypt><![CDATA[RuWklEl579bCsjo7MrARbRsV9gTMLtO9+r3Pt1r4yF8GGLfun83QVogvh37zXrFmVgzGTSYqjPL5bPUbYRhYCJEkMYUMUTzBs1rU58VLCjuXyDl/0SNGzoYGucLc7Nx/uqSgjSRMwNpcgPuEIdxEwl9lXk+0lYe2DtA2X81yiN1mfvm2QGgs6LuGJa6vRsJJJHNYbNZOYbgfm9ZAgi2B/fuPZDOvOqGNbIGIwTrdXQTZQ7anJ/JL5sf2K8dEn+L+ZmRvaccZAMdInyWwkU6AN0SHQjH861vOddvhxAEuCqIJoJlbkvnxWkZws8RX5i2Y9hFqmAVkIIQS9qc7z3W5JXlUt/5O2yxo1zKIbAr06EwT9uvrepnMIbgJo2ipvLmfHFthyvUFYPXW4pP+c95N4q6G1KB0NYCICcvHLZQx8bGChqEWEnz7ybM99+Y4eDhRnCbqf0JztaCoUbODEhPM8Q==]]></Encrypt>
</xml>


2015-11-14 22:31:02 debug :
------------
String:
account-ticket<xml>
    <AppId><![CDATA[wxe5b18b9bd7e3626b]]></AppId>
    <Encrypt><![CDATA[27QUqlvfpv9D1lgbcfqD+uEKUJ6LRldKV2qgWz5qB1cTNwc6IDz/Fc+MW5YOxiVhQXbrAfqT44fSEdZ6qJg3agq9lQlCCfqMtj2WlO+rMCF3KnQtWxGpwJsBjsc/q3IcfyD6Onhe8a+iGwoTCF7xzHbfQ+IcMvyDolyc2WowzlCCp3Hso8YQkLupAi3DNGk2OXBr0g65r3TbeVs2YCh6cfMk7OjP1dWmB74Ig++wtUc86NPnKxhcgAtQz2MehBfmNG6DEfofvCXzXoyNsPr9e6fEfzOScTVYHRD2QszsaKSDulHr9GKCHkJLUv5RMXKW3COPfvENUC3i94seYv1JKduTxf3nmsbfz3+3UNFY2YSBEScePry+09TbA1Q2FXBiIyrg5KHPcc68UvwLERTH16YfpAI2lc6MudnBInH0K3rKOrKGyDCHcwROIqoOixwIcCh9o22HSxidEZfX8nAMhQ==]]></Encrypt>
</xml>


2015-11-14 22:41:01 debug :
------------
String:
account-ticket<xml>
    <AppId><![CDATA[wxe5b18b9bd7e3626b]]></AppId>
    <Encrypt><![CDATA[JbTzBt14GXkX8n7zo9NXIUwJ4kdIIlfoOSTpjj3vWe7RKzmcVvDg0QsRis2T7d7XzZp8eZ2waiLb9VtUx2LodMMFfU50HE1NguMUCoSGfvTb3ewxQ7GFBhAoc/wNy+5HLfxNvsueXaUrY0Wqsq61WFEXqnqSUkAdQt8PArzki/iQWA+bcuUnARDlwSURT5bz2Nx2UwtcEzKZtJPT5hnIiqzUaiPtPYS3USz40L0I1ngf2OB/AXAMZAGU2biwe+lQ1TsIcVPuZMvx9aize97cGbQIC01S05z47OxYj4Og1QE6LaZgUdhk5tq3VdrwfiE5g7y4QgZcyotlQYkYttSJgzp8MvQ9DymUBLjqZjDNyAIXP/WNmObRfnhTRAmwoX0C189MlGmyr9cCKm+tXdBY3KMDEAawZTFLryOFyDYAXqU0Zcqn5sSzMRLIkHmtg52fqUEYn8ouiDATnuQkdiPIKA==]]></Encrypt>
</xml>


2015-11-14 22:51:01 debug :
------------
String:
account-ticket<xml>
    <AppId><![CDATA[wxe5b18b9bd7e3626b]]></AppId>
    <Encrypt><![CDATA[zAwklQlV647/dMV52npYMS329Vf5sonh2owfglS/Z76bChXQ2Wikx6cZGAR8qhK5e9P9TLHfiaw4FP6kCkHfgDTj8ToGSG1HwcXtt+bLrkDQkUtepsJEKvtUOmWHgikpvYgzYR6ItbKs79b21iUAkE2LyUkPD8B/d3+mxzqhvUVkJNt30gse3F/Gio2Kdb5367ocoswIwr2mjZLr64J0nOIy/bOZq2ypnId/MD7jfdBWymqGhej9Ruxxz18prwGuulzMcC3xdyhblXRFMQj5yRcAyEtiDk7WnmDm7uMDNpBazJzhGRy5ciFur6UDacTuzA56YTGtomK77j6ZyxCsIV89BBRKndSLj/t9Nusju5e2HPmYCSJjUqen4aJLYzOTXtlsL2W1ZhaRstV7sDBwX4cJvfNxow2GGvkgUY1Y8vvjPMHxcPJROfUXa0r16TzX0/35Y8nNaB3PRBz91wiNzw==]]></Encrypt>
</xml>


2015-11-14 23:01:02 debug :
------------
String:
account-ticket<xml>
    <AppId><![CDATA[wxe5b18b9bd7e3626b]]></AppId>
    <Encrypt><![CDATA[YNk0sTkLZqnNkjT6QKOtRpw6wHcZYmluIXoaPQgEypor3reCFAoBaKBqJJgp7HioGljXwiISiz7NH3MMqRekF+A0yYlJWpicGhssPG9HZ3qkyoqHCOKF7aZur06kVrTCyo10jJ40Dt4Q8UCXrKv8t6inB+KM6lflOBxI0P1Te/8rFNr2VZpaa9fPIisuDN3mwLFisIw7/KaVloc3DHaGZ9ekOkQ6X5sjg/10C20Zthxe9/Kou82UOj1kMNb/JzB/vYVCAc7B9p1LUDCJh5dvTeSJqo67kT6Tj8xsM/wNAUt+C2Cv9/IbluGKFSNMMZxhFnUp4LX4492ZrQxvqWTL+I3nZzaYOUN9fQwXkB/rZpQq1HdEq2d06w4CeqUzhd6GCSuuqYpj3YSZ/88h2XptwoadT7+fdeuuGLjdpWW+SsDN4R6rLthcGbFLWJX7iS+eXJ3SKoxCm+zkgl11y74+UQ==]]></Encrypt>
</xml>


2015-11-14 23:11:01 debug :
------------
String:
account-ticket<xml>
    <AppId><![CDATA[wxe5b18b9bd7e3626b]]></AppId>
    <Encrypt><![CDATA[dOX6Gj7gMBq+wwvv/C5noTLVhb2XkAoBvqQzlU9oekagc4TVcIQKgLRnE5EsBzzbLEhTkPq4RxlPN2YS911nR/uUnmOpO6fCAGVJqsJ+VnPw+GNuWnGNH8qCstvv0nDtnsR1YIrP07Dt/oMwhl3htipQTRhdcrEuh1+VCxqMxbBiR+xCxFPG1/AUOWZWuLJJqAhnh+uFz07Mvy9KBdvMGC5lHbw5cAQFYHg4dN6k34irSZ1/m5cGegzPH47MrMERiwVLgrR0tXidLSWoEX4AoMfUBHLLyDuaqmo2kKFCdp6AS/81aqjTVziGLPOFUVwOKcapwXxX8DMC1deQ6ZW8diQVx/mmdb61S4Jyx7JNNOU6tls89HWjjkYOB6EO/Mu909eXYAX44z/JsW8WA0j/9Xrk7EFOlp2jfdnlpHGhDk910vg82CwJNSQKItl00a1eng0JwZdSmHJ4tOWanYOLWw==]]></Encrypt>
</xml>


2015-11-14 23:31:01 debug :
------------
String:
account-ticket<xml>
    <AppId><![CDATA[wxe5b18b9bd7e3626b]]></AppId>
    <Encrypt><![CDATA[JAT/UkpgCT0vt4K8hWvZZuti+FgTTf5XQIlwyGIeVc5vVTgf6JRhQ2/dNNz72iZJQaa/HzDPb++hQ3LKhI4k2o5YHKxP/Cj1FjazbkUnpLgkEx8/wi4LKAxlCqFM0PBd42USwcC/AQHo7CbGEzhJgxpwxIzuX/NWwgtKUwEae5So6OQEVehwqcfC2XFFrUrVRHw0lDSQJZnnaNUTvUpp+h1lGA8U153uCPoipeCZP8QcQUP/ARmDS5Whs9rTX717BP/d97pe6tCBbChA6tmt7bohhZ8OZ4KaJ9V/HltLzXv3RIC4TQ5BbPQYI3kzj0KtI+yiDSTXc7NCJPVNn/LLfAIr99K47gVhk1qMDctiishvietes/UddfBj3L9LA5pNX/Mq78hm+nDkjSVpmWYHYzVznqlfvayN69dOhmsuNGMVjkA7XCXDr60fnRF0Lz22UuHitpsx8q7fPeY3LSFh6Q==]]></Encrypt>
</xml>


