2015-12-11 00:01:01 debug :
------------
String:
account-ticket<xml>
    <AppId><![CDATA[wxe5b18b9bd7e3626b]]></AppId>
    <Encrypt><![CDATA[CgMmauEab7OKnqNo7WhG8VeIFzpmFT6JWomzEdk8G/6bRv0gwaEJtM2v/d0d/vMLtMlonCDxxm7VObou3ju80odFkLZmhE+uz2YLFYwGYD4TMwHEQUrFVWHXcGeyZ1ydSWJJHQ5qJzfnkiG1+qj3WIujdYDBV1j3z1Pyr+BjfUz4PfCnTh7N+K4yLQQTbexZhe4tW7jYz4tmUZ4TN+vqjh9MWBKFS2wvMx9tzMtmbV86oIUQ4NT+pBnF5XbiHl+4ZUD9f2MFZs70DNb7YASeg77eujjeYWc2LdgOkSbpgOPbhm/CbxBxC9ZEtBshyXx2FA4mXGY1Fu5gUYmhz1Dfywr8FA2kLyu0sfxS7/Y9J5B+6QuoXQ8Iej85LjYTHZ6GfRtEraL+DTivL4IsaZF9x+lwZnHiuvmDCuo3oOWZ0os5OzMlzCK+RgZNYxldSAOZCeQc/U1yjKqHhF8rkZxePA==]]></Encrypt>
</xml>


2015-12-11 00:11:01 debug :
------------
String:
account-ticket<xml>
    <AppId><![CDATA[wxe5b18b9bd7e3626b]]></AppId>
    <Encrypt><![CDATA[xAYRelw3k3ffjTrzf+eIbtQkrjbVKsDQ4mDpf5NNGB2sjMwVPslcqGE18SC6tItmOMUQSpLbH8b/wMvHXMrXuJe+R8gM62h7iNEhav3jbS1A68MartbaWjjfCZFx7xEAZe/o/Y3LYq8UuzTJMsLDCX2JqwLkUhppzKmgGIaIOVba2PdLFrYMQE991Rvq6kkyCtTBu4sWkSx5KpWT2rgG3CAhKzl8JUCKIi12Ppwdz4YVSV7ljNOYnPcOPr5PswRW5CMCxoRXdNCTs8HgA+KC5YIbCoPeB74j06knen/i/l/KKTnzOmp1brQ3bdUoiGR0YRaKUAqRMlysAoOs/nwss2xuH6zFbmLyT0c9J99KPMab5WG07B8wVODWIslLzFP9O2TiLDI/BzCiG5QbQgphf2QXpZIPNnM90NNhA+qWgymV/+zT3YLnJPe5A+p3x4zR3Bsb8sMVQxN4+yZTEcaX+A==]]></Encrypt>
</xml>


2015-12-11 00:21:00 debug :
------------
String:
account-ticket<xml>
    <AppId><![CDATA[wxe5b18b9bd7e3626b]]></AppId>
    <Encrypt><![CDATA[UozHjIwx5L9uDnqJXMSOJWXGbb21ywDFpbtsjb8GTuryYEI1URi+pFEZQ5D33BL09driiIvnuOcPQ7uKRb1bXy9qIFrfnSSRrhubgfFgZXTYzL9ePDT2roHmZWj5meX4DupJcaYlTEcS2jL8rWqYNJ5xbNkNkyPRNebXEbBBK/gIOVX4R1yXx9xJ5tx/xtqPAbmJxFG4UxVy9tEDikLZyENTi5K7MGl3wcWPVHEh5H4PPPbBxFwrG5HJMFH4LTL+Gy47u8hSRWDNp+kj8zHOZF/8zg1WhEiazEt6cMrGVLtaeN2rwiFCzOP4wARlVcDd0lawCrWC0/kTN6yJ2qnqZrb3KPlC15UDr4SiIKHZwyotHdsfZW8g1OUPelVfdPtnhjTyHBPUJHLitD3zE4rSXI2t/f8PLSDix0hNTvndBuSqsNi99VJIsdj9C1EGbrr4jkF4cMXKCUqmUq2rLb0TAQ==]]></Encrypt>
</xml>


2015-12-11 00:30:58 debug :
------------
String:
account-ticket<xml>
    <AppId><![CDATA[wxe5b18b9bd7e3626b]]></AppId>
    <Encrypt><![CDATA[DwwZJr9su09sB15Avr9Tk0diiZBmzuxUwYCVIcGjjFXJ+1PHndZNoMgbwX9XN4vX1i9MWdNgUnaXwm31CAJyKp/0BRH8HJvQ6d6xsk0nLsSDO9AZJx0Yge1eeP21Uym5dI/1mUnXbxninlVZVlI3A9/D2fVA8mX5ZALfp9b+/rZB158hXtu7JEFtXvpkk0Hjr/meit4L7tc1zA4c0KumCECP+ZRjsglQh6pXbk9s7o5+16XFr9S2oPEaKlPN7Qf75kibalXIZqc7G4X4lO5HHZswZMVdVaOB21p6C/GogePNczqYsWx9oFqScwdFoit72yE80wruFoJ55FpjtNce3/wYzozCh0oUUBNmF5XB8Hrw7cb4aqYTjAXONeaWvQe3dEw2o1GXxp58FgHTwX0HHV9hlVrxp4bOfCWbop+BqdbVg9ns/KzuxJY3xG28en2Q0BXCR+Vu7OTqTmX6ZZnCUw==]]></Encrypt>
</xml>


2015-12-11 00:40:58 debug :
------------
String:
account-ticket<xml>
    <AppId><![CDATA[wxe5b18b9bd7e3626b]]></AppId>
    <Encrypt><![CDATA[shwVU844D9gs5swimWzFtzts7kbxzIc6Dj6GLpi5thAkkwuzl36ySbjhNbL4M6BkubDZbb3QYjSx8XC1skbC/1U4id7NJX4VHYvArEDUvZh4T9UFbMU307wcon8ZD7rP6U3J5RtxBs7yaIyTLX3ArfZLHc6eg5kY3Vdeu2+fjXI13ODyRySHJldzJTWuGvx7fjxksVYchqvBC1nl1QfEx2O6FEmjoErw/joRl/tARZVA32I61LhM9k52BJLMc/KeJdXoAKak2f0xoy2zSHHrkGElIn4qDrivzDcMwVd0v4Gj+4BOqYw2oJsSc8medds36M77/knAYTo3tvI2hNP4VtEthwFj0y8hk8I9uNfvDtq88xhTyNhCUbGUKwoLW3zY9so6mSlQ7dKSeiHVGHgcdaDO0zvzvH+M2WU/gpZIftvmlp/OBGl3yy1R2L/7cQLlGLqNzZl6u6hzxMpJkziZqA==]]></Encrypt>
</xml>


2015-12-11 00:50:58 debug :
------------
String:
account-ticket<xml>
    <AppId><![CDATA[wxe5b18b9bd7e3626b]]></AppId>
    <Encrypt><![CDATA[sIZoDn2DVPBTNzyP/5ZiXltEgkVD9TeKOailiOFW5GGYX6nnEIRnoKtsIPyWaj5bCX0JtglpIHEPByBHjLPFmxKXS3rs68RhQQ8yx053Uv8Z24atiqXbjkzWduSlMSs4irVgNpkZGtRKddexwRfAVnOJeCNYFQKNmySak4m1Whe3WpdWJebOE3gVALvNEhCmcziPDSb0YlMM3ERf7xKc7oIRdzERf6ZfcPyddk0oP4p3aMLpGEZxS0lNJ3SacN5knQU651wF7tOvfSlL0/s48kIqqUO5VbcALJfEIaOMvAeVYdH16aq70ZdmklvX/tKI/BfLknbForgSXVUoIZHFF/Gl/FIX6aKLpmd69qzAqlwzwHtKZa7wc00zB+oXBitilCCMiO/D/06xRlusucFu3tTlgRCNH/bFugstqb8cG3pm+UiEWVG0ZIUJSyq1368rcvJkXwCB5TAtZrlnHjbYlQ==]]></Encrypt>
</xml>


2015-12-11 01:00:57 debug :
------------
String:
account-ticket<xml>
    <AppId><![CDATA[wxe5b18b9bd7e3626b]]></AppId>
    <Encrypt><![CDATA[xuGyutAE7/JcrKGQCbwWk7SnkqAUkJtWqvXCIN8RcPWM26jKUq7XBkEVXjqvyPp6S8wWzUUm0vNUrHLxSCs6/XSJOhNPYZ2/B/AB7SuBk5UQT2AezK+EY4DIthx4GmwQYK75bPZ0iAPjGS3jM25p0YLHLe56xVcGilrj4F8DAiHff7DzyO/3JV9nujVu0KNw9XhK6Qm3GES7WSBRfFfhPORpabOuJz8Lc2hVlhehW2mpMAbGAMa1qJ3OUccWn3C4Eo9sIAgD8sM6vVnANIehFEwiV1bJU3RryOaKH/ypnrs3dVDS6jNyaS798hbWo0r5YDD5v8qIAW0+GunIgG8U7aT+3mgHyXroJ7hQxdwQAVbRV2u1XM97ZI97yq/9ldulesf0VosZSYAj5ul7e68amHfl6F/LfjCkBct6OvsaJ5P3vXOHTGbAli8suPsAFTZStf24hFWU/Q4zAnffmRxeUw==]]></Encrypt>
</xml>


2015-12-11 01:10:58 debug :
------------
String:
account-ticket<xml>
    <AppId><![CDATA[wxe5b18b9bd7e3626b]]></AppId>
    <Encrypt><![CDATA[Jc+hkceNxufXouM4RGzbtOGwCrhT69w6jEJbnV1JI0riBeeAkRBOPyRz7bWjsvv8+fCFD1yKl9L6QJ6WsyRKUkSuKJFQIO5cOwv4J6F/E9ac3mXfBSbTmndW8fP2p/jftNqViSu4o6/FZ6+oWdgmGfTq/iIfiZujgg6v3C7eVicKFaixdr34Snnqwz+uZJ3S7X32BIep8BS3uoBHH973qC61dcglvOuUgA7Hmp/d895ViBYIDfOySKZblQI7pN2alt35o+u2oS3ilFA4oP+ZuUm/PDaRZ3PHPzkD4fNE5OofIt7OY10muTk8Uh8kEgtbodi+jxDZk0PCWQXW6cZh3sKA0ELEIJMVJltyKTUUeqrb8dOywWGMkFL7YcBaJJJmX1gV930Mv69BglsxxzFkSrUYmLYQD5U5A2PVePYzNH0OEtwFFxx9qLcvPqbMEnUlak8+gYuXJE9Pzw9NTl0+Fg==]]></Encrypt>
</xml>


2015-12-11 01:20:57 debug :
------------
String:
account-ticket<xml>
    <AppId><![CDATA[wxe5b18b9bd7e3626b]]></AppId>
    <Encrypt><![CDATA[mekYT+UhfFFO7QuobL4sm/qTbWdv4RgKtARTovEL757UwEwx3xVuv2Sbh+hAYb5XR4/oa3QyQdr1Z0d6ebrVxMyhOtFFL99pL6G8ALJ+MAkLU5JvcwKrpePqJ9sSrTb4NmTdR/gllvBAls3XyoE6Acxi0kylucqUF0o5B4rAJNM7bUy/DeKquODs0uQ8kF3a7tujc8cJKcstTg0JOnQtLFlOCY7fHWZ8RfgIQSPq5+qoSLHvd0ZZw/Lsq8kkM8z8JUkzCNLwRyhrmI/x1Dr7cv+4mcI2Qx7tJoU/LJBaiB2+gYdZoWYMqkeOH0h9rbFbg5En+J++UpQzDWfGFrk7GuKnYugpaDIRvYP6b4V+zalt8ub2mS7eARCgl3sIEDU6sXVkeDTGUJy0h2MjX80W9/FOSylg5sKREsUbUQTF3BfMd6O4GOGq78dX+vZ5ocIo9V857E3Va9fevtDOjOj+pA==]]></Encrypt>
</xml>


2015-12-11 01:30:59 debug :
------------
String:
account-ticket<xml>
    <AppId><![CDATA[wxe5b18b9bd7e3626b]]></AppId>
    <Encrypt><![CDATA[xmpSooFPrvJnSWUZiyua32BRQYkkKQC+oRvbjiSxBQXoXUpE1CLVY83HKYt/UyQH/0QSrq9wX/ntZn/PGktwoOKLD6e9JpYfIpYCc5MGbyyUKEBV028TqWXFa73+dH0qYMYG6GhOojTlTdHL9vPGT2kVzzNKd4Zg32Vtu+x5kLE7CgtOJXXWxVw4r7ExwBVbALP492YIcer9hvNEmiwXQzJulKBlK+PbJtgoJkx4U1CTyD0ApacU5QKXg2+bfGW4FhT7pn+VfMaBI7K5EwoQN75EkYezA0Br4nXwK3YQKC581sd2+aS9UgRoOxU418LZtfuxKXJ/JP7wrmGKGhqRVYikScjRcOvEe8CdhnNvQUJRN6E6XMmy5DFoWn1zsSwbbo9Q3U2tIyJUDmuEkF5TGyu+VO/BXquacKOIRH/wzQAOywsuqm7SqMNRKaAZXbBKrmgzNi9+YaHrNndCQ7hIiA==]]></Encrypt>
</xml>


2015-12-11 01:40:59 debug :
------------
String:
account-ticket<xml>
    <AppId><![CDATA[wxe5b18b9bd7e3626b]]></AppId>
    <Encrypt><![CDATA[uOSm7tYgLEfZ0jvn9kHhk8+zDfHYZDG06q0yZ2nXK8dNqcec9ZP6+afJHIzhkou/F2I4hW3x324Nf0eQgceB8ud+5Dz1EeDcoTn0D7MhCX9qVPlXpEPaHwVwn/pGqDfM+uGSeYmwwuCxnS+IyR4BE/XRlG+6nfCxNFH5jVtOsWOrHlb7sZZw3fOFnrRESV1NRKS7Zt+bmJpTg5EbxaoAOQ/2pXsOu2pFBo+aiyIeXVieHttNDyIgxxghoYnVet22jzauvxvkbtGIcLR8/kKIkA8UfJPAyRVOot708aALt7QVEf8s203jW9SPh2cq7P3/B9z2a027/OmyQQX9mxh+xkg8G84UyzpGH7oIq+0fr/0J/1ozSeNkK5RuHFVz8w6laeemEpiEzVZc3VVzCxOL2ZQryhM3JED+mDkWaDGkW+lUeLsB7QYdLn2VR7+gb4jNC4Q1pD5jHHhHgft7Cov5qA==]]></Encrypt>
</xml>


2015-12-11 01:50:58 debug :
------------
String:
account-ticket<xml>
    <AppId><![CDATA[wxe5b18b9bd7e3626b]]></AppId>
    <Encrypt><![CDATA[FBb+F2I/JSaSwWRpkxS1cd/xs/U3siFWbiW7LE/vkIggxCYOJtBIxyvfmivsWDSZc9t6vuqcueqjl9LpTkWKSd2vNPjvUCtPypqnsX7gSJPzqorSnmuoHvg1jMtBw2qxO/o8JxhJe75NNSaEASX0eOUG07Xp4abEdwolW48ulP/QsQjA2JxameZ/mGsD7MAfErtkOb6Pi12u38SGFbkyVjDqMwkPlDG8RUtEh/UxHabUiA/4OzcutRI0rG4AqpGPj6a2p82O67QLhqT6qm7B2g9/32ICAMV9Bm6HOTT5g9uoChFATVY/zBI3eEur/nVXMsoFp/rc5HF8RwUeKlpy1Uh2Rqd/mkcl9jc9JMKYbEdAZAnAcor7iT8MNg6BeaCIdMaZc/FXGQISPG+f9LDnbz7ibWFracybVEFMQ6pO7HzqFzkU8qE+YiN1voVTMrLpukYvwP7vISVXUHyvxovjhg==]]></Encrypt>
</xml>


2015-12-11 02:00:59 debug :
------------
String:
account-ticket<xml>
    <AppId><![CDATA[wxe5b18b9bd7e3626b]]></AppId>
    <Encrypt><![CDATA[55Lrm/WYiZLDqQSPxra3jABGP2kc4bCsO3ZZiqqqVfIWvwELPPsIg3PNlu99vxqFwWoryScSCvw6OX1i7KKBISDO6EZlbBidbTLUCaWtqB/Qq6U0WZIzYydvB4OIfOKLSgRRmHqgDbRAsDd3IXNAqUxVB4zckiiL053SoJ0/TLCmlt9XjF/EXmhu7J+lWnQ8wPehV9ZEtNjXZjAnOYiwcxPFqLOtL+h3niOqxClEMOEtKx13kkSPkqXQmiLUrk+2zRMWRRUtchW6cu/D/gqszwdPUOsfY4bLNix9Sh1e1ozUWDVj5x8OP1FC2tJ1WkZHZ89s5A92Qnx9IQnN2fRwpW0krr9u2+4naEF+ls1qqqhz4KUZ803XBs+nyqZvViMvLtxlGBGsJttx6oh4+3bvU5IAQ42QLWAeWGSWpwr4jUMuSXUVtfcra5b8PY3wsNYOYGsRnQPJGyArJCwY1D79pA==]]></Encrypt>
</xml>


2015-12-11 02:10:55 debug :
------------
String:
account-ticket<xml>
    <AppId><![CDATA[wxe5b18b9bd7e3626b]]></AppId>
    <Encrypt><![CDATA[sCu7MPePu++zuihZ7y+2LOuYO1leN9jCuArw9dwSxdgFr4NEUUx2P7oUGHIn8KR9yZ49Jiq79n2Gd4F7vkEvT0RQcOxYZf1zuNIY0CqC4znNgVGeDZq93PmPWfoxoGc0/yLt581RyK90wSTcJin5y8euqZbcCERYuxrNOV4xnG0ScnIZiMjHUZ3/WxDE0GBVXsbNV0K6ak87wEIGtbFgOZOZdSlfqvvGTn7fLPS0TiInS3JnNLIEFQ0CGeYXMTdwCXbp3a+q+yUEueyaqburnXxqiMNgBjoiiK40K4eURzEFbjBi4jpLwnm/HT79QV1MmedD7JfaP6jrKRLBscC+4X5Nspak7UwZcS26MGxl5WbD1E/7FmmV5tOr7tIOhFJTfGIwOIFTNWND4d+VzwO7vBOY6u1fgy++qVzH4p1j8vjEp1rYMN/rIExFl6y51MSmV4VycrJoClAoozZmEIasWg==]]></Encrypt>
</xml>


2015-12-11 02:20:58 debug :
------------
String:
account-ticket<xml>
    <AppId><![CDATA[wxe5b18b9bd7e3626b]]></AppId>
    <Encrypt><![CDATA[xjd3T+u3rUVUaUwrrYo8GnzC/+hwCIRgzvyjzxEFYSyIcTkoIfsQ4P+m/qLEXME9LhkxiQ5hsMyVQ03d5WWYt/3aQ7TG0B0TRfJC3lA4VPpF8QO4Vj+pPqHk+a3S9lPuyeCIzLhs5Kt+VfIJyRmt/lDmN43ncNOeQTIXRi7o2PkMt8jOMsSHK6iSIrOTwyf7DhAsxp4dwsJx05JIGEHXCrz8JW/RErygHydah4baowUhu84N3WhuTTlkj7cXy71xH9cxr7NzkgG2lna16i6NGYhfPR8wSoZ7CCPrbrXdqUWnJSPnK908ar5yuQoVMpRaduRJc6urp9Z0hkTT/qEr35NByfAkwkfALvReCTz2A6Eo3ehWOZK0BQjIsHAIDh6wzuUhFrM123n88YsojX9f5KXrJN0lVWwN/4GrQzhuPrEsBDH7ZEbhyG7dbKN4qGFju2VapJmTMquuWMrPS8mhgA==]]></Encrypt>
</xml>


2015-12-11 02:30:57 debug :
------------
String:
account-ticket<xml>
    <AppId><![CDATA[wxe5b18b9bd7e3626b]]></AppId>
    <Encrypt><![CDATA[CRKtLolGzaaAzPYqjeH8KUL99VYMivAvotG7DZxEftbXqxsqIprAhCidb/tv9QXmHrySgNqAVaqVCBR/AaN4zK9FIvWYgwP1wTUnn/Kk5UHUNAE66+oAxw4OKw6KjgCn7mKAqRF3lGqUpuGXk+f7RkZC4/NxLgJWiXlxyInTKNziNvk1gAKuXkK0T3JPmrPuNognWBbuSl5GZZB5QxTZSx2r91Afc/Ni9fuucinq3iwYw6mVJXoKUR57OsmtmrjdEYP4j52CCRMaWCNinyQ/aZRE4grCK60myPnW8Gzz8zFaEk41j7wAbsPFixWtRfRWO4A4SbPnHBGQWSjfhcPXjC8dwqpPXFV9mxEhRs9eeox8ORlIGpBLqeOwoBszAR/KW9PABfW3YLh2vt0B3hbgM2aofsbMa5ev7QM7t5ji5vw3l+6IUOLQoW2VLDKm5htlu0ueHP6e42/ETNszK9nSgA==]]></Encrypt>
</xml>


2015-12-11 02:40:58 debug :
------------
String:
account-ticket<xml>
    <AppId><![CDATA[wxe5b18b9bd7e3626b]]></AppId>
    <Encrypt><![CDATA[llkzjyAaaqtTeWysrO9rKRIwqXfQzgJmR0NgdpcBSOELRnxtkDl0zmaevnCeBLMQsaH/1+qzKPrAbljPTe8zknpjyq40DOrfQ4XUTiPBeLBl1hlryxxPk9NYgjMgoSUChr9kYbLD8MWOKNMLvF9R+s2aAaLC+Yrp8N0xS+u2n6t+Ox2eLV9SRG8Sj2A5PA7NL8Uxj7UZqzL2iwAMcJmDAuNPZvpwqzo8FYILMYKcDNfXd+NO9/8JL7Ptl5uP2P2wGk26ZQuh6KV6yIphPzj1i/qygbR9G4f4sm6oN1N4z7UmGHqli32GZ1qZA0YPUp4n6WS6fTaoZs2+Kdm/wWUkhXB3DgbxJWfiwDpfSkGFpTZDCSIVXpjemrXVkmd9A2uVUt3xpYKISE7gimTCP7Ag0I6xItQqCBLOgRVKJC29Vw0rMoBly50UOM2ly7/tvkThJxTSHVbKdxP3q9c7i7pNbg==]]></Encrypt>
</xml>


2015-12-11 02:50:58 debug :
------------
String:
account-ticket<xml>
    <AppId><![CDATA[wxe5b18b9bd7e3626b]]></AppId>
    <Encrypt><![CDATA[iMkVi+XgZlS1KdXez3Cp/o1sMp+70nqGKcY+Yz4v+n4s/kQBF/Mqbcf8Vjldk889TO0pw3TCLDus+9R/IXrNJFIGqu2nSDkKvGUCHXFZ7a4Ty3JnxCZ1sGaICFBaY/re0BEqDLwMeAhqrw0VbX2GW2zLYQu2Ifp2uXQdg8OJcIruz5GF30kwxVFF9xtvw97TmQD6xnWLPnRE/efwJ9Md6eQx0lwzeFXkZHoIRHvz6goOi85tXLgMK/8EOiwRj7ZjOn1miZvUfG0DOa3nBE5JJFMTxE75tn1H0zh1V4lThwMvTAYXJc00HpWGWek6xME5+wfzJlQDte+PXuG5sBwouIXRMLhHLEunyU16+Mf2/tx+CjumC8PwJcc4CwWNHaFddeJXHF+MIdqPLyLpJtcYYqR9+x3V15G+9FTTgzSSliuhV2EmMxl0BEZvA1pZY/Q7TyaNjGg9A5H/+40ZjHHVfg==]]></Encrypt>
</xml>


2015-12-11 03:00:56 debug :
------------
String:
account-ticket<xml>
    <AppId><![CDATA[wxe5b18b9bd7e3626b]]></AppId>
    <Encrypt><![CDATA[aziDnFZZFlWL3rCgBI03jAEy1haMrBynTe6CZ+A2NqEtxx6sJKyRQSCm7dduwvyNj+LKtH4spk6FxHuzW+3D+m3m3x5FQetum2+Oe6+AJ3nbq+OwaBee4QxjwPKYmtrpN604Clp2y3graElZxbTc0pcmBeELlA2IkIkE+8NcqT5WVi50ku9qf6/d1wPc1wWWwH74yJgDw9gM94dvxNAl1rKp3jyZtA3+lQz7yipUJsf57wQ148lKUh0l+qOHSOX01pUSLM2te5W9duCKaK/7KKMVjiJKwAQOjpKACOknZlEehhq2DW/bPzgO/PpBQ8ggA/Cq3fq518YIvcr6Obep5ChIVulR1f1k2KEEsFe5bJXkT4ryOYEEkzdifzXPMtXlHisIa+cNskPrNhIdiUZSvtQoR9JkseyiuEvAfdmvQh97I9mo0kBVndA/wn3x0RgRF/vUBmd+HLCW1v+PT0LmUw==]]></Encrypt>
</xml>


2015-12-11 03:10:55 debug :
------------
String:
account-ticket<xml>
    <AppId><![CDATA[wxe5b18b9bd7e3626b]]></AppId>
    <Encrypt><![CDATA[6P0bZlhjh2bffp62AUQwAxBeobmn2v/ZP6KAhB+AMwBd5ql2K/25L0tKiGRlUHr8i3WAhi1+DtK7wYS8DY/cZW47MT5GwQzLYUo7SJIlz9k9NVCE8eb1hdyZfZN2Bl3v5oUNxnOZWUHZgFmSSTDBLLGOj7NuPNKysS4QhaW6dvKrbZJweemReZ97eX+8LYRiYuNTuf2B1DoVqhkqKuR4NIxoKCVsof6BlF9exbi4j5R74ZdF4VlQ+Or9DO0IWCSqOBB9woCh2xpvF+DL9LW0NqqPZ+BHyo1uU3auqelwNKMZjBWOGBhLWWNBZwysDxjUJ3Vt0Mk7esGCE4jPG/C1nCSVo3AT2NSTjwKw4L8qtPtXI0QU5uN43O++TxwR5Byrgnjq6umNZVnyQvXxQK0WksQwwNdNtTzSRvY7MRvn+TrB/uS4SE4T6rFDKOd00jwU2qpN4U4mSlhVYKkuwyQVIw==]]></Encrypt>
</xml>


2015-12-11 03:20:56 debug :
------------
String:
account-ticket<xml>
    <AppId><![CDATA[wxe5b18b9bd7e3626b]]></AppId>
    <Encrypt><![CDATA[915MFUw5eEEJ5GB3fHFXMrllEKyJjdMGDN8GLS6DoElwSOGtNWXwPiUSMsMmKbi7xBoyp0CexEK3i6QKpA7pueEtInpbNghetdEbqSgx62kRW5vPfQN8dEGkyexTQ/lC9Cjl46E8D2T674CXRrYKQW2uUZv3tJmB/hBISzscm1qxw+BN5jHPlkZu4q/DH5X26wb21f3F4F47MmaWjDmpNonCaeaN8M7hMMDw534EPF2p0Rzo/lXSbtJNd6tMp+doD/WTPa9UyamsZ9t0B7eEWb2tIMj1PlWWQM1FunjPWaX4VgSNelnWW++BmLANccA5YZRspJO9vVvevuOwxyc00a27CjQReIiO7+3OdcEx4HwtUpwcTZzYYdVejCStA/9uwhR24UQKyJWHVQM5ibDyRV3E1TR8vZlcrP8h+aXfU7S+bA+7sveWjPAyTIt0D9rzcuAUx2zYXMgE2JcoI5g9kA==]]></Encrypt>
</xml>


2015-12-11 03:30:55 debug :
------------
String:
account-ticket<xml>
    <AppId><![CDATA[wxe5b18b9bd7e3626b]]></AppId>
    <Encrypt><![CDATA[ztHNE1lG3ogsx5MzKQHfBqersL5a3y4MSElR7XiZkWYiTFORZxRF6Ps6PdcAhgfr+wXXPt8WizjdSzNW9rtopUBVqJsyHdti2KJOueMe4hkltqjY9tI3qHARm4K798Ew+ZcG087fbgF0DEejHsz7nURT2/eCNKTqoTYMx4l44rLiSxUfY+1gjkIRovhWk4enEsCI7DsDItsaZ2DCQzGV68mt+7Pzkw4RzC0NrIZHXIy5LSQ+f7uE8bpzjFajusOH/JZIcxX9EtzBdBjHWygoTtU/CzE+dahdfs2qUzR0EuwNV8OLBx0ENV6f1Rq97DquN+eNs63Pm+imKwu/GL9WGlVv+LV1+zPQmPv2fD26l0MuQYOcrX+cC65zrDkso6XypLtgd1itBah7fJ6fSnqUsPO/bmSChfkGTL0QVzOSFVZpTWjltlgJ3oHYsdqH3wUx4UGtl02+qnL31FSKbfiXrw==]]></Encrypt>
</xml>


2015-12-11 03:40:55 debug :
------------
String:
account-ticket<xml>
    <AppId><![CDATA[wxe5b18b9bd7e3626b]]></AppId>
    <Encrypt><![CDATA[ntNbHZwPjmz9mMNauK/196zaXipsqS+TO1f86QHbU2w+rNiBlPsFvOJMnbALujsDu2xTazdSnSR55KB1qmanlOLdW7RGXQ2v/zE7RDHNdjHP+nxo5Io9sjys7Er7bvHxjNSFF/Pspq0s0Efe9Mj2d4xik+rDvHCwWBEk2JxOfeXv4/I8sqSefcQqxHd8CKFKYsfWiK9kxymbmpWvxTzThQWjyXfhLVzlAH2TrcUnt8LSO14egQBQoHgPpN0nWcrlkX3gEaNZttjekGhfwPuHxoFf9rT9SioIm+alCLkgAjmu66UVAcitdmPVRf1gvLHJCbqqAYXKl+74YE4wI5hawAlhIErC7eNm6x4C3FnjnuGcCeDN8T/3zLx1Si+urR0r7H7uDtTnc+r560RwTuSOJ1tnVFGPekX4LjC6lHgtHIPljt1uvHcw8oZpso/z3A8YdfWP82/Sw6Bm29vd5Qzlgg==]]></Encrypt>
</xml>


2015-12-11 03:50:54 debug :
------------
String:
account-ticket<xml>
    <AppId><![CDATA[wxe5b18b9bd7e3626b]]></AppId>
    <Encrypt><![CDATA[6Kws+v3Zqq2zRaihPSAsM0LF5nSrcH6FUjARMBHWJDlmWH7Uv7z6sWgAjh4BIKIq5iAb6eHm2yfkdPmG+RAe/v6gKDdZMoamh2tbkuMkByguXhw49p2hVkI6aM2gGE+33PJMi8O7lPmlSF0DSskbvl6mJOdFUWWG5pxe2dvvTSwZ4eHlYhQ7L0bbGK3mAGTM4ls/iUQh+UW9MdoMQSxiKVIxMvAHUqidKhTugkcwGqXIPTViSn8YfB2Nnikr54s1j592uPxxeJPZdY2gt4Hd1P/ArPQ6nqOrZd0STbQwwqvf2ruau1fFXk3FFN1p/u0Xa4c3G9qe1A8rRU+YRl+NEdKZSoGFKOQZD6w0Bi+wXXgNlXUNJrKkDxHp/r5WEl0C4L5gI81d6LwqfrGGd4t9zPbMdXx5KlaXIcngmpS4V+XGKPl7ad0BelhTZk5EG1Z7ZMITeQ3H/DJ6wnm6ZOiiCA==]]></Encrypt>
</xml>


2015-12-11 04:00:53 debug :
------------
String:
account-ticket<xml>
    <AppId><![CDATA[wxe5b18b9bd7e3626b]]></AppId>
    <Encrypt><![CDATA[xVis10khaVRdYn1MO9RRjW8yYgoO/AT/F1zoPuRbYAwgG8XeAqM0hhOg9P9NaXc2150Y4ESJCvUeKYMHLBGUQ01eiJyrbKXqXgFgwyrOyMO3EQ0lDer9dI3AN0aohYx58GIV4gq2CnnhFV+CXZ3UJa+qFA39iTGoRrOLtTFo5+zn3s/nyyOfoIlYJap2tQTnEQixP1tawmxz8Zkv6brNz/TNINjrE4hE4CW7ZoOM5I3KeCtnAbdtjxloYPIJogvjxpMmBeRaqBBEAqe9POa4iaIhlBLn3Mgt94eRQb5LKVJslP3cUIbrFs6Y6v4iwBKgShFVowv5HJsymDPbO8Zi2N/P9HaRff6GIjtzvytlcVdqAzZ5euC4154b60ZNzKmDpXkyiloHy9SNPcXZUVn/NBPjGBBOb3/P7pCZPKzAklwMq+4+F2c++Z3VAp8VrWYkfzEVvYPcjyltI7DOyfJ2Lg==]]></Encrypt>
</xml>


2015-12-11 04:10:55 debug :
------------
String:
account-ticket<xml>
    <AppId><![CDATA[wxe5b18b9bd7e3626b]]></AppId>
    <Encrypt><![CDATA[sySbPxKa3K38ovS8pJ49KByc0IyyemNuHn9QlRIkTO3EnGsGl4GCBiz33A1aMbZmeDROWjckpyluOdY3vjIOLMi6csjlR/a9U5/acrhTfnxuzECOFgY0nma6L2r9oWeigHqP66IbKq3JWn7+Qz9VsBFZC2SYmtTB2nyxN6/HM8iJKqcT5KkECIofRRJJyNL5H6LawonefgyFRO0tRRIfyTVC6casWQVD5gIlTYxd1VOXpVzJfykUpNIUOJe8xNT9cknis8/6lw/5ZtDmJdy2wVH7+CBpx+H8RCUzZgWoCYQO5mwA0y9/DZsxDuYKnWqt2EmQZxXPhKn5DVIEepuLTPUJZKCnL4bqTQw4+yJkaBVLUdwHRoE7Dy8cMBetfsL5VE2sVrP6w9FJH+8CaN7RqsjMC7F4DzF7lE1wMP05aR3bxRcERQWPtr+35D01LkkAieguDg6OrJsgWBnp7T6p3A==]]></Encrypt>
</xml>


2015-12-11 04:20:53 debug :
------------
String:
account-ticket<xml>
    <AppId><![CDATA[wxe5b18b9bd7e3626b]]></AppId>
    <Encrypt><![CDATA[bjF2zedIeHCHJroyc6DGg6Ciy6zQIB/7rOqquLQHkHMqWNfcwyu0FY/pbRzsh2QHR2E28sb0cT2Tud8Zkfp+zoVs0QjI2iVMQNAFQNI0Cids1gAZIbJ5F/ylaioRcG1WwVFz712srNicvxiPDOk6BZe2fBSRxsBt1gWwSaRxMhd0CNQHAwZ4/L1h/NYHxh2M7hQEJPbYKmbJpCPkqN1ls6R9J9m8N/yQ3kjb8EwM309fNbVNOhjGUKGEpPAYbb/aTJbFNLDA06NrP1yQkHA91v3XNPsSXt1MwKwxpN5FfTz9qnzd25iCLfEFLQjXuMi3L8Tw8U+PN4F6A3Va19AG6s2pobeW1Kole6RIV3de52pj7mhGTvX8bvKXNTM+Rcxje41bCueVbgjB7SsGEOIRskgffNeVuPa0lg1Vc/9O63g+VvQnIlt11UkEVQwmwpgpPWwP5FHV9yMT+M4xTNMEtA==]]></Encrypt>
</xml>


2015-12-11 04:30:54 debug :
------------
String:
account-ticket<xml>
    <AppId><![CDATA[wxe5b18b9bd7e3626b]]></AppId>
    <Encrypt><![CDATA[QRx42ZfZDDsRxXtqIAUxCyp0mvudI0raMefvl1XOnyZTGvT/KZB3SmmUS3iNUi3YLgQ9b3xU094bK+WzkqzKMPc97g6WsgbZfohE6u9fwNb6/RNfn76ny1CMNGY1a9SCrvWosxDbF9VOX2Nlv0ac3W/lV5hZhXaIqqlX+FqU8WjxIENnFblPCMElV4BVJuCuVD714nVmOQ4iJZL07L29uGF7vBDaYaxaIAT9+zOaVbPRt6vwZy84IjriEILfT2Rkgh8HsREIhLzIv2b87ikjturfpBz8lzEDzKn0L/upg/JGNfMNjJCy9eanemHST/3dB840R9UPv7502+j1ug1NEQi5fHVujrHXZc5T2SMGtDUI/dF+uUnqe3tAIkXNR5BEWNFqyMH03eXXMBNP/A4/JPyCqZ5c/6mRjfcT66GHgc7YjnJ4BiOlTE4HqpJz2JJnv+d48uS9rfGs+Ypdqawi9g==]]></Encrypt>
</xml>


2015-12-11 04:40:52 debug :
------------
String:
account-ticket<xml>
    <AppId><![CDATA[wxe5b18b9bd7e3626b]]></AppId>
    <Encrypt><![CDATA[CO5oyN/tBiDRCzHYrvu/A0IqPbNdpse/S/2YbaRrR2YkPTm5zD2pdjGWJGJIA3PqknnAEmRVOx7HFAeeFhPfoqrcZhhm0y9apMpMyyN/hnsh92/uXYnJhsP7bq0mZ3FAgHGuTfBsQxSEKqBOKUjQYBT5oIZNUpC7q0SZGsB9mbOzjLq4pR2CM3o+xzkvXvgTyKiz9xOWUlHzulGS2o7aSB8oy5F2lBUFzoj2SyY1tpclpPHi47hTZeeI84ahLtHnXaPPKYFdEsfZyBOJtBRByejX2ZBwwwukXeTUU0VeMjIQB296l7PAGKon4evmZYolJz0FtulZ1sthjkeaHQyrelxlA+91vCdNaJlsia2fAnnsU5GTY6sib1ylmHOAchP0qWnMLjYLWbzLnhryQ7xd35/ZXXXhkTXiz+BeLJ/BkCCZd5Qa4Anp/62uATCyASclf6TpeytoS7xPn8/nur8BPA==]]></Encrypt>
</xml>


2015-12-11 04:50:54 debug :
------------
String:
account-ticket<xml>
    <AppId><![CDATA[wxe5b18b9bd7e3626b]]></AppId>
    <Encrypt><![CDATA[zqWiqhLCfILIBeMWxvAWGOjHHnobA8d0cahgwr+elux1k0OuEx7cOfdTs6sccS6sFq6UUt3zOABGkbTEp1g3YwQl6EeFXe/5mhUSgdyyWq47mDiGn5uY3uyUvblx/R48iMqUaeyE9cZL0xFXxzVOfc3K19ohMhUcOaYV9NSNrUeOnvI2o5zcLPiNTy5EwazZkH7C3eod2ox4QiIdjgSBtVhoRqvMb6eoZMXreILi+7KzDyLMt4+pHJt5McNkeZz+FBWPOvXyVkrZJx0ZvFETngYBOZujCfa+Wax92Gs1swlRnXTUZ51S5v23W6HApmS7CipyWb8B20maFPys5BjkW+5qAyvMiUjL2CHN+Pa1eI4Uq6VkbN+B/scaEW+cX7EUd8IhiR7O9HYttfakXb2nhcTiV0WYvl5QJozH1lL6oG+lJN+KUMLZAaYuxb10durHXACZ3WKndlRnc2EZRJG1rw==]]></Encrypt>
</xml>


2015-12-11 05:00:54 debug :
------------
String:
account-ticket<xml>
    <AppId><![CDATA[wxe5b18b9bd7e3626b]]></AppId>
    <Encrypt><![CDATA[8BoYll/4oLpIwUknNIBxEA698bAnsjfqnygTXSfWxzjcV0T33sMKWO4G04Dc/1AMV9Diy6jhX3HZ2tVQbnETBLQ861u1Jhew08E5tQZFKfvzYyhbr/Ih+2pK+XnTr0hi5q+DMlDwrRaidCJwxLo6umvPDBO3W0rfR6R0AeCw/hyimLddaNUirMWGdSXwaH/fQDddFXwZippvgFqf/iFiA+RJA9q78sFIsGwlzLKPhF7FS3AkMrFQobf69ixgFCEldACW3uV4t5HOM6qCAbLIrjoZhDVvU/8541wzORYYaQRWrrNUQqMWu+Nh7+zjFZazl4iZH20sdQtmywNB/TAQI7LfNn4O8SgvAvmQpr07+34D/+VWjZyN7YwkB9Guir4EwO3F2wKuFNW29dXcd3sev+yJ6dbbemmoXKbM3hetRpcYJXiTFlktbNDRp1ee7SegLyTaokopwcc2SbuVZMb+bw==]]></Encrypt>
</xml>


2015-12-11 05:10:54 debug :
------------
String:
account-ticket<xml>
    <AppId><![CDATA[wxe5b18b9bd7e3626b]]></AppId>
    <Encrypt><![CDATA[OMD6Rd7tR/WMDNunFaBEPI6xy165VpmBjqIlECmHwEKWujE2wfKRFDzVzaTo6YEx6dliAbL85zGnafF/09jF6Q0hrFoYv4Y9Jj7P6AQEKlAG/Yq7PBi05iWGw4fFBwxFs+8NNgUWflAin6tbjehr/jMsCr4TNqiewF3+uhdiZrJknfbpeDr5uCzKjZfl5c+TCdw58/2JYrtu6On77AL1HHR+SDiqDd7eaDhFySBzOB+vnWfYfEn4i/sBCmIpnFnRRKGFzWt/Tm2XQELYDL9e4wrf3gG/fTy8kuH4zalbJ5eaMQb9hbSi5M+w/AoQYUVxBQQLy1k85I7sVFC1s0rExqU9H/WxjbJGklrHxcp3kTdbtXnEu5u+8YwxAkPe4mG3y9DPQWOHg9GCSVlT+FAP5vHLC5L4p5IgpuBc8uQZrQ726eiHRC/WOrqUjkJDf2WwZwpgAlQRAwkoo7rqMYt/xg==]]></Encrypt>
</xml>


2015-12-11 05:20:54 debug :
------------
String:
account-ticket<xml>
    <AppId><![CDATA[wxe5b18b9bd7e3626b]]></AppId>
    <Encrypt><![CDATA[JNoasZ1hLBrgttbaEChJFhsHD4cVUPjRB4Y7JoeNAS3mdi5UO4br/ywqWT20ZTlQljemq0d9QKuylSAPxYh22wgNJ9zB6UIXbChdwIFVjaqSw6J11Ra/3xgtS0OB/Hj1qx/BZXtHs7zeQWVShILJ+IYVQ0KhhxtalFuBsqwP9HIVJf8fpIUARN/+bBU1cQUw0+R2x73Rdjtl68JU0MrmrFc8pcoMpUVLtZEXsLkaJm91FEMA1ylgXem16ejh3vmK9AcNLFlW3PPXRYUlBAS5dGwM/gfyWKaV4EfnxE/GK16JZcJ0sC56WyZz9H9RDHgw2gvPct7n4cvr8vnV5rWW52vS4fmEiVWtVHB+yiIusihjNRsxZQhZZPsamuZqCuPbdhBlFH9abOlbUkM4tO0EtQJFQdYYzml2YqdQb7sN2sN2ASI0ubOjzULUTINuzXv7TZtek0UFB+MZQV9qXFi+cg==]]></Encrypt>
</xml>


2015-12-11 05:30:52 debug :
------------
String:
account-ticket<xml>
    <AppId><![CDATA[wxe5b18b9bd7e3626b]]></AppId>
    <Encrypt><![CDATA[uEnWJAOhVLXLSuW1TnAIfGCKAJARzycF3Y7iE+yeIi03qmmSyO5Hn/J5YfGxnUNYkORFFN+Ml4vlSE/b9xJhaUPdXgBlLYTQt2JG+6k/qczMLez4l5Mi6NuovcD08z11dTv/jClbB5XJTXGRBB4kA+qy34pDeKhmMXVEWIpPoRZmxUD3SJZSn+xPPpOicLS6I4vubJt7gNlu9bvyZPnfuS5BccC9eJ/Objtsj5rqHr0GMbxejyUVxJdpZkpyzN1v2L3nVcc7qgxxwL0lcRRO01lLgbRFo38Z0MXvWlf2W0Ha7OswRV04v47SS3iRDlM58fjPQNR8EYfl30Q/h8cE4LoZRvTn0xGXOfgjKCZRMZnE+2dBtEVPGCYREJ8vtOP0ekk/zeSjs8LP1bCQRjsJxG6/MhPg5H8GVv803IZ9wD8ARR2HFhJeV4U5V6H6mYe+QHslYbe5AqCb7nrEtq6XfA==]]></Encrypt>
</xml>


2015-12-11 05:40:52 debug :
------------
String:
account-ticket<xml>
    <AppId><![CDATA[wxe5b18b9bd7e3626b]]></AppId>
    <Encrypt><![CDATA[9GNr3oBOivLayxW7QgMuuIYqWrghFMCGpP+nmp+WkbJjJPZpfoBL3VtVUkgz7tOAwVReKPYjP3M0IvdfIcQDv739v3QHbZbdFPR/1NTQZxd8RQT/Vs7g/nn3dj72iSzT6hi2Fq0D37mSRTHGQeUYg4veWD1hFUU9VL6atIz9WZHlw/T62TmANO8+r9IbT29gFumNpz3g2JoF06I9HZKZN4u3GSEEGW1KRPwfeEGPeH3VcOamh5RADwM/8qf3slUZTj1Qw7hkv+lOOizXeoFFCgBzF5t/JFisMSNoynEJPSrNv9V8hJ7I2zUJNqfVbgoF9PS9g75iFyKYUriugWUSRWoP5Y7VqPosekSIrqJGwBOBTAHj8T1GCqnzaV4bWG6CiAaXV2AUVF83InLioog6gjWl1lD4PDmEYGBBM3LCsi0G93t2NOMpx7z4uIk+NhleRkNb7hyJ7C1YZN3PafEpZw==]]></Encrypt>
</xml>


2015-12-11 05:50:52 debug :
------------
String:
account-ticket<xml>
    <AppId><![CDATA[wxe5b18b9bd7e3626b]]></AppId>
    <Encrypt><![CDATA[W6yowpxA/cisgBlRniX0gWuuzST4gKTZvhieMmDWarQLtIFyqTOIjpkAeAF7JzWKxUvYd+U3EvuyZ1mFbrevX1v29szIdxRkUb2Rq756qUfF0/NjeaPgbqdj0TpZN0ed5Da9xrebrLxAJhXPqQyyXja6u3qxnbGfmlyUd90uReSaeUsVS01QiSW0zXMdfqAxJnUr5nCQwaQ+9zOkV4t7Uc0BVHHJeRN4CK90EsJuNQVetamKtM9J/7GnyVHC5KsqSQIiSVEJbU9K72qYtP8Kc1GMbP5/2ElMKyW3ug+5Yi1jbR74PPQHuAXfdjhxiMgFOejkl6dBojJoVqUJOTaKH+M7noZPn71IRgss1GRfD9/L5frAl8FKyV/q1iyigjHd4EODICXbbyExe+OnwJ2wZGa4M44VvcBPcJUbQns7WQtFomEN3F/p7VH/NOlJcn/ILXm1p99M0D9UbyYgZubcEA==]]></Encrypt>
</xml>


2015-12-11 06:00:52 debug :
------------
String:
account-ticket<xml>
    <AppId><![CDATA[wxe5b18b9bd7e3626b]]></AppId>
    <Encrypt><![CDATA[w4FUX0opHtnIzoHVh0GF9Bfmg1Z1/zTlmKvUboTM9EKH99ZnWWtVGZ4b69mXDZvQT/Fyy8Ajl5z6fH/Ct5NNHJaNxgrkNKrgT/DSXnToNEeLNWJ9sR6vRjyu5aISFsQohXOGrfFnNzuUiHU13gpD6ZnkOyd5HECpRCQw9LSFoyGlqG9zmyfOT0x/c9P9XBKUi5fFvaTw3XfObRNAKgqwMtII86eCQdn141WXXLy/Vg1HqUZcL7RTKUN8kWUCZ+uPqHMLmib8SUre/x3niEwMv6atnJFbaMs7/w6GkUf898F++ku6Z9rc35lncwCsovpbQOnX4ewpB7e6m7c1mCy2yvCgHPsSjgvAWPcuVNyfEIxTOiYzxUIqDsHiU8VQk5tt2jnLd/bVwCwBA45EEinbEqs91bUZC0lrIOK0ThuMArRJZfRJqzG3eGDnjpcyRVyjaQY8FIxaAGKYq/pGPw8LbA==]]></Encrypt>
</xml>


2015-12-11 06:10:52 debug :
------------
String:
account-ticket<xml>
    <AppId><![CDATA[wxe5b18b9bd7e3626b]]></AppId>
    <Encrypt><![CDATA[56dBK30evJaep42m6KnCpcyyhHRomR4I2BwScf6lRAdPFP+QvVK1BEEON8BiACa3cuJgHD6IQx6HvEMACtRJD3m4Fl6oFe8x3a8ZA4b+w/BeLZ2VAce51aUin1fKWTYaYFcKl2RpTKzh7Y3jhyh5W1eIrs6z+VRt2Ji9EPrLm0v/tIgw9ACynmOg4GovYCtdbpdr3KM0+/KmcjaqutAXwLbSTC3r7XlaWSlXiWYdmPM+AnZIsJLKSXLVJLc//IGsTRuFhqHvTircoKbfEuz//sIdQzpFB1K8rVRjCxwVahI0D39qbHmfB+aeRFdhy5I9vBXeS3uXGZIp8JvU05tSUGe6UXXMmdOzhXb3vGxwwrLqwWWfhaDVGt4kM5eOIjz1XjSkLUPuozb9On0y9mD56Ik7yk5rkFAGRUJKkOU1zdWHZhBz0qR+zg+VyLwFyV+wdWfg3Hc/qk3DjS757aM7DA==]]></Encrypt>
</xml>


2015-12-11 06:20:52 debug :
------------
String:
account-ticket<xml>
    <AppId><![CDATA[wxe5b18b9bd7e3626b]]></AppId>
    <Encrypt><![CDATA[O8j8m+5y9+0Qb0t4op9MIAEg6UpqpjH7YPLk12YkpA92qbDpm2BpCUiXJWp9Zf8c8qXOMTkKhlA1g9AFqwSJotTvIAEoAa4RQbI2zp5BofNGXMAjyj7BTisjEmnhi3fxlQEskpFDn2LKtbmUxEs4Mdk1Cg9h7uPh+lwqNvZhFd/k36dz2xwp6NVFocrcL23jL77pAupYoU5IWI56xWxtgw+KBhIDpchp9tydDU3HwREBNdfDAETtBBCfw85XLyba8vEEJmcsLws0Y/AtubOKa6RZ/OaZYBKR0e6k9APBOjChO9yajqFNU4AEqVLpaSbpv8wSk+Rkk50vfR8O9cfSVkHJCqdJphjv5bq8cJzVX3MU2jzDPHp4v8KcWOYiWz2WDGTFxjY7odu8QG6BhdIITTab4XWWiWHrQh5tKHZOwNQ36J0/vDwrkiVt5j0sGYvXWuaHrBuViG7eTJA3W9VTBQ==]]></Encrypt>
</xml>


2015-12-11 06:30:54 debug :
------------
String:
account-ticket<xml>
    <AppId><![CDATA[wxe5b18b9bd7e3626b]]></AppId>
    <Encrypt><![CDATA[FQwu47Rb1jIsomwtIOfJ3Uln1qIoPCSzkqOM8fcuupSk0Nc3Lmhng2LbDmgph+KMgHWp5o9fGuZQcaAMpGGQMieBTFHCjcWHhvrJQHGOc9O7/rbmeUyYYpiOpFVQMTpN2DScF0VaAd1JXm+E935AzG9u3Bn/EjEmzeTZWQKJYQcY+HFp1h5otkHwZzkV1ctTgLzSSJO9TTgy335+ilgqPA9y2zAVsh1CL9vmbpA2R9VD8Xx1hDWipYSeSBbiRHRCx3d3Pol4DCXqy0KE6fQpi+v7b/M6IgRIJ5u52zyY+w7t8MBhDWhVebyYo7uRUqcSnZtRaQ5TQwhJYZII/VbYjXMRQi/woBw7xaY1LLeEh9Hev1p/MJC2GoKjXOLyrrM2yj5s33moatJ+hScfAnjKsOHmsa3b9GMN7F0Bs2qhKYlyET9dQZBOr3bKhpLV4gEDheJoBWjbqlNz6g24QSrOiQ==]]></Encrypt>
</xml>


2015-12-11 06:40:55 debug :
------------
String:
account-ticket<xml>
    <AppId><![CDATA[wxe5b18b9bd7e3626b]]></AppId>
    <Encrypt><![CDATA[X4L/ULIQUAA0shRnHlBUXz+sB36gQDe/FAAkQqLoO+4ERzg1h7YMe38/cvN3SBciKfREy6s8O44/cfPfD5nqOYNjunK2PIWgjn/mGU85QJZTp7QU7lJPdUmDkeulHxjZalJzM+Qq+97nqoU+oTOmKtD8fH4JSziainv7S+5O2Ll6GCoJAfzFWWXDBvzAGFgDFObyoR2SehrWSKAb3ygQbXN1cHoU6udFeuWVpR5L2lRMsIFR8HXfmnomOkbT7hlR9NfVICsMjg5O1NPEILHI2oEIJUizpVDvNzutE54vbGID8aIiP7cNlP96Mwr0nUk6JMH+EyWyRQSXlagoUonSVz8kdq3oL07TMdKYRUYM49NLNAm5IxHjruqijm0v293sv/t+27bpvlBiLXJE0f8N4lZuRZcxZ4i8hl1CZrYPXV6+Ka1sPVa4bKhr3GFOxiDQxBmmci+HH029Q0ZNuKr/WQ==]]></Encrypt>
</xml>


2015-12-11 06:50:55 debug :
------------
String:
account-ticket<xml>
    <AppId><![CDATA[wxe5b18b9bd7e3626b]]></AppId>
    <Encrypt><![CDATA[OhzRCKGdHnQtBXUxCFb262ZfI9C4q7rmUXPKX85IzSQK3yO3jusS6kwo0Knxb+nEz1JPDDqhD19xk7jPnclwfUeObNnmy5IZG3M/oNnWsdIqlq2Sbd8jOh3yyUw+5CHHxLbrQi6TqmoeWGcobNAGIMLP1mQZ750ACDJ8zE1Lwu0VTlanOZTzPRqWWg1pbDUlCk+CeLs8Yqr3tuIlyBFkJBfuIcRDIJc25lFfmV4yaitl6YrUPv6YOYezhi+02GmhrIWvRBljL4AA6F3Q/QR9Bg3d6TLn/km958eVbDWrnpR7FcmrdCOcPV4P+hWIx6KZEiwrl73RZpXSv8CGl9iE8zFuV4JIXGVrxA+gCZf7oUmpuoGbd68ZCaUYNrCobEQ8rpw2g1Npz2n0HwNoa9StAeUG/NqWa0O0peeslmciR/scJlKIszPc9G6HMzAz8j+GlvNyJNDM17bqFPv5t7Vaag==]]></Encrypt>
</xml>


2015-12-11 07:00:56 debug :
------------
String:
account-ticket<xml>
    <AppId><![CDATA[wxe5b18b9bd7e3626b]]></AppId>
    <Encrypt><![CDATA[tV7tvRqFII6TKIjBz2v9Hq25Z5VwFP7KfDoBaFciUfMdM8oNVCbQdRo3QJ9PqueOS8+gOOueKDO69E+UKtSyOO75Sl/4Sa9GJHbtfRP1p5RpCZZr0+krWWlqrCO4H+6RheSgR4NKqiL3lfxxas8Vdm/nH4+88D2dvefPGeMNqWIcD/qY8yb2X6L2I4lWD0F5ceRHyKJdnNRdHOJCUv5AKebeTm3fApiDJk7maVgHmUfdFGRagAzA2fWbHrDzEF8vHsgIzLkAicmHWWfmvG/0n7iJc+FIRSMYp+38oojr5VBAh7hIVwt7E+JBb+IqFLTPsxD2Fdag/EK83uKpVWcA+zc7djnTs3YGE8S8enxC4TpLhMBDQhg8JyoSRirUcql8IxHshkB6VwEqnMLHPIogJXtntYp64opLiKDSXz9yrSqkofKxW9q9PkCd3TjyosqNXwODGK5nDQYBQyg8bjFPRg==]]></Encrypt>
</xml>


2015-12-11 07:10:57 debug :
------------
String:
account-ticket<xml>
    <AppId><![CDATA[wxe5b18b9bd7e3626b]]></AppId>
    <Encrypt><![CDATA[m5gEo7XQx4oIOnaj7CFo8WTkcN9E3ls550pnqqTiZVnFxFtaXfc/QDlrY23L7m/PNcMskuOOmaGDSF6LLgH12AAolZ0RY23llrfZflPT1Nfika957cR6EI6f1HFzoYlt5m886kgR6iRjnqhq5sWvoumNd0PrT007NteuSKtA6/PBjXLP+4xt/hYztBJAXLeSNCWDJXbwqyuUqY2+0mbYh0PYAFUKO6+XekBNXNG14AQP2pe+H+rg4R6DCiXjUHsJtxewcNULWcKjvNt2htoWEVtiUKOZ50tXhFVXtE/gISsFBaWD+uIa9cFKF4CnVQ8Q90JPmsmBtD2O0eMg+RapHnnyGOSn0CV+IGEZvCLMoQ9xLbMFr9o8FJkFZSCgLwgOMAl9wA93cp6as2kdx0t9XcK+6irXrvPxf9HGsYZqGO+Wzb+nye9ZOFHhaLm1EkvZndWLUjTdDwS/GY2ZdMgfiw==]]></Encrypt>
</xml>


2015-12-11 07:20:57 debug :
------------
String:
account-ticket<xml>
    <AppId><![CDATA[wxe5b18b9bd7e3626b]]></AppId>
    <Encrypt><![CDATA[eSPm1CwGph2C7ecwrrWv/nvLZUuEteWhoz/unfSzmMJTMBQvuO5QHYc2JsN8rvt2vPHyj4oSXLm9NOjkJfKtxdnMnk9KAb35WRZuR1iFVcTMdx1vdBv2HiGIQUTLOAQHVCT0p4NVh24UpYruegUr91vpXiQw5lV1Snx/4eNMPu5OsagMxGdaMyvVbFi5NfceY/JXzK53jC+XahOUshPhLseKz1/F0mSoK7qvBQSQPBW8SKP4mqG84pHcvmLF+uhFos6q7Q9b2q2up3+nhUJmpFadY+J0hYhtKv8uE6OrzacMqSFCurR+Jc1RHu6j+cXUQh/nUsfQF/VWsJCYxNWxB/0WqIkW4H4PzfEnfkN/tB7sXTUmmyLMOZumj0AtSjedMYtHMMpm3R2mr3wgOUXy5T4NkJcADWCbgBlGqwiTizLdCU9rAXbECMoc8d/kpj03rNWVEdiHr6z0+OYiq2GWIA==]]></Encrypt>
</xml>


2015-12-11 07:30:57 debug :
------------
String:
account-ticket<xml>
    <AppId><![CDATA[wxe5b18b9bd7e3626b]]></AppId>
    <Encrypt><![CDATA[mLf0+LS5dR8M5X1a8bA3b7WdrXaJX98kiKdl9xMCtbDIOsndOy08e9n/76IWyh1XQDaSMQ+CM1TUIoexBmKeqJfbHAXJATAQjI+SSHAn/igTuc445YIhK/Us51xSomTljq4zRoXMvR4gNQ5UaExwgHzFJc1fr9jhb4TUSwjQZIUYvt99hgtAm4IL+tMuqZk5og5OlqF+Qzs0bcvPEOtM1QqUuoEb6j2sLMP/xA/eDPSVLmJAIKaUyzOjdmlGbacRAcPylt/W3mJok46rfyZd7GJABnJoI6G4E5uVlFOneNCyFCELMJIBYy8hMsqWwMY/YuA690cEaHL9hXMFRuj79ClvVGSmzacX+sDD7dZqLTeeRBMHFQgAeGVacQqZTr6u9e9fQmcYm+dFe9usX7mX9awZD6zDcay1PDKT2OReXDlSQn0/2FUxfVR0x5cDA8/gn2HHKFTmrFnsnkz3zoC6dw==]]></Encrypt>
</xml>


2015-12-11 07:40:58 debug :
------------
String:
account-ticket<xml>
    <AppId><![CDATA[wxe5b18b9bd7e3626b]]></AppId>
    <Encrypt><![CDATA[uyQ8hB4jQaoCcvolh7r4n+hgQjUzoa47rLZc+05XoLkOOjZovs9nv1EU4ajtuTq67vxcTbIMSNUsJmc4+Yc9GcbkR0rRab26qurWNAdUj78WfFAn0Z9JuxLYIsPOxXvdiYZssJ44LbQB/4cdcMiNudSS6Dl6xGahELth7YQG5RbkDML2l7z63R2l6dttLElOI33mR/8otI6B99jNjgi4bRTJK2XTkmnoj1Yd3uvbu/9iMpM38hkc70fK/YGTlHqPMYNmxav/7eXb2gfIVUepSwnlBHfYkoaK2x/XeJKjGoWcOM8Ceb2xy9vffr2AZYz79vIMx1X1perwEIFtqp7nkRs+oxmZm1/zkwOLZTvSpF713238i2xAffSnE3lJDftBT8AwvkH5uE7HGDAKuk5RqxuHagYo9queNE9KOhDAx7QwQpYVq9UqT6wZULS1oFMf6EkvigEW3c+0QiIcG/GqDA==]]></Encrypt>
</xml>


2015-12-11 07:51:00 debug :
------------
String:
account-ticket<xml>
    <AppId><![CDATA[wxe5b18b9bd7e3626b]]></AppId>
    <Encrypt><![CDATA[+F6PTR6uz65pyyqU1Rw56/oXjzUeCIHQSTk7Jusl6DP+IMPex2dLgDl6EAYGzmu8rGA15eir9ItU5GRAtabsad/kibdd09C5dD8jVpS2jyy3cnpyh2eVZvEHYAj+z9YXuvLde6wPW5WBl0m7ROSOprKMl4IJ50LVLaEdHNL7Ug9tzKXqpZAEWVcr0ceCpFlDT6HRqHAnYvWj8MYUUATg+Ru1gguRvjKxPJPQPp11701PGgt/xqEnCxUR6VqYRcLDYoSxBRIsU2YMQ2ce0qVgocLWWecTn7qq285BoyhCOm7eUiKAbH84JeE+wuDjc+QmDbDSzT+ZlJ7OKXjbbHTnztsIjEoMqMstPaQY38CekYo+VKUScm7XU6TsPyDsWdGD8VR877m3eXN/9WH4aWWql0S4InCbJ6aAbn45pwzXjQ02cze6bc5gEtIdPTW1zB0VyOWNDq/lPU0c8hh0jGVpAw==]]></Encrypt>
</xml>


2015-12-11 08:01:01 debug :
------------
String:
account-ticket<xml>
    <AppId><![CDATA[wxe5b18b9bd7e3626b]]></AppId>
    <Encrypt><![CDATA[p4MWmwISOC328C1u7H5RSk70JUpV0kzSvd2d/YziqxhHFDw9KeAjnxeuuBh6Bdsdt+vQi4EBWOtMIqFt8ZqFXMtWkRAYzk7BuYrfkO36cRV3SZub/o7Vilyh1xLAHqRiPzrp5DEAbeBE83g3P7WrUuDIb8aTW24veKYyRMO4qN0bXSPjx/EBUUTI8sWv3IedJTcfEWtCs8zke1kawO1Ra2Il8pT5n3tvLaiW9oqm6jdtSrNsZj3UHe/bKjWQVv8mzM464BeNU942C9tQfwmwuW5pPaa8pAdTU/Y9wG2pyW7YhfN57unuqIkRXCQVS4V7CrtSeq9vtPaOCyBW1H96/xwk6uVl3By58gijqdu9VUuH0das2xoIIO4zk8Ru4D94Vd9WLqPHBYROMgcJWYeMFqTteFxMABbEK7FTONW4d5Hw6ohyrngVUk5/R0IPNY8aetTF+ZdkQ5hEkF89JLciRA==]]></Encrypt>
</xml>


2015-12-11 08:11:01 debug :
------------
String:
account-ticket<xml>
    <AppId><![CDATA[wxe5b18b9bd7e3626b]]></AppId>
    <Encrypt><![CDATA[mAa40A5PHZHqlhaP1njzYXF0qycRuNioA1PjeeIfC9953wYmhwFUqoZ+L3j/uqNqJl/y3Jwql75Tc6R2lfMHO22qdGx0ODBU6ZCbfHdXjye2XcWqqIPkDhClvNsN2F1A307dvHNyzngFfu7NiBmfMVytdbu3nYeVx5ch1O+fbeq+G6DRot+u0I0p3GmG6wWr1tXWzUPofyGS2FFJ4oJKNbF2aP7PANLoc+CwEWDPSuHO3/cv/H8GgK8ETpYWzE5V1j7LRQyWjGq1QpLnjLp1hAoC5pcqHidQzU5hZtRe7mYP3xbh2pZo3/6CPrUq2EzQgOS+dNUZkkQ8OdfmNmAAccmLLNeTP8O+Khaji9AYwJFczB/fMcMGBCUvq1aHajkoRgiEynxZP+NWcp27OWMkR5UmZMucIth/VTYS060fhx7O7H3UFvUP8UOUUFUYM8CX8abLu/NhSdgEeU6gl/E+dg==]]></Encrypt>
</xml>


2015-12-11 08:21:01 debug :
------------
String:
account-ticket<xml>
    <AppId><![CDATA[wxe5b18b9bd7e3626b]]></AppId>
    <Encrypt><![CDATA[yty01bWKrzVDSGTtKa6sdIszGaYhxDQzjjqDiKvXnQmILS3ua8LHLxVoh5aeOXYwVYHrPRF5Gc6VZtEusBqYiTkDThOdRN/hpUe6Dv/f1K09lGDX3f8PR7JuPOBHuwiu11JifxA1IodEoZmKq7R0v5PC6g7QR1OR1gzzxsk1doJwcIclOKjR6Rdfu0bnzE8UTM/ofiEqSEpTc1RW4tedv38HZovREtos2itbKr5TJvJv7MFcmbHvu/opVaiKN5ZliY+RfnA1j1uxIQ0NKKIVBtaa/+ztw93123Vszl+5xpmJcHOms0okoEWXhHw25Th4ZG0IiDjcmXoQ7q1dImZc7J+nASMTGcYBsl0AD/Jj43AwtZQFJDPDru/rhEBJ0dFcp1F8zOXBisOktPMctpuEfp9veA/Bk+Wia+cE01Nko6n/TT3wzHTfO2bjE+0/5cOjfz2ZTxKReEnkFjkErW9yew==]]></Encrypt>
</xml>


2015-12-11 08:31:02 debug :
------------
String:
account-ticket<xml>
    <AppId><![CDATA[wxe5b18b9bd7e3626b]]></AppId>
    <Encrypt><![CDATA[UOB8KbJlMyhO2bpy/lBBHvpyGjdQj+9+BWlV/VXxNWYHdvKepdUQLBcysbEZ5QujXDXYDZnIpWyDT0fcex7DAXhfsZE0rJ2gsG2J4nX0zUR5wyQ8VNgpEGpXM0toQF/FM0Syrjq0uRuNv1Yos2WA2aXeIJgmvlMdrDMwNHEBPQNpszMbtvgPXjQtjzMIX6La5H8DHgjMTU3yfwu2bAoaI9txWHbJJIP79RDPC7fIVJDrSh5pmO/7j8NZyULSu5kEhChazTu/HdFAq6F02iT/PCRkmKT08+LKgFpJxCY48iQKDBSp8ajyG235BYF6nkp90BK8tw5E6IYBF2LYSy+3paeraEnMCNrIHRhGWBJqi3pnY7NmuXIY/iE6ZLWkJPnDPJv5JrxsOTRMKwkTUA3keYOz2vIjc7rhO/MTljSkOfDN8ZyozIZJqOFmJV9rmFfpoWec6ugNAoaZrnKyGOPdgg==]]></Encrypt>
</xml>


2015-12-11 08:41:03 debug :
------------
String:
account-ticket<xml>
    <AppId><![CDATA[wxe5b18b9bd7e3626b]]></AppId>
    <Encrypt><![CDATA[Du4OQNKK4BU6s9JYdKwDIHo6O5WL1BwIwGbulk7DnnAfMVY4GZg/T5sRKrTqI4GSYzsh64MKMJnTylGtCvVw18ScJZioFrpAYgDrz52eBly5D3YMJbMyW7AD3A0mu5/bxE7sgYFbFod3DVcSnjyYtEVyudK8TmS6zPNy/02MOHBKQJHRXOvSmt25Uh87bn72PWh9o871XpYK+kW9yRyBojPT1iiFahNf69ixPCTTIqbxmnZcecayHAlbwIWiYzgfGxwzXl9eYg9sfoLvcvyRhBOuoEH4CaVsHHm+zO8aWJlKmEmqok24hL76HrmwQqHuXIvrVkKffnLhg7ZGFUXJOlJ+nF98tPtK+BbG4aAhTyje9oDSR4oty9DtPyaGtUosv7a8LxSXZhKnPrcmNZOoPz5kFQWdCaKI335oBGlniYXimV1njib7Dm3HjDxIkPFLQT+WPYrhTqxDu7DvnXeTVw==]]></Encrypt>
</xml>


2015-12-11 08:51:03 debug :
------------
String:
account-ticket<xml>
    <AppId><![CDATA[wxe5b18b9bd7e3626b]]></AppId>
    <Encrypt><![CDATA[7j7FN4ylqo1YJ9jWEygXZhomAEmEKTmqlmnBeKeRaTPF7y8ExU0LTvusldmx+e4lwNQD25I5lhvpGRaUjYvOVaH16zMAufynwZ/jWRYtu+eMH/IqIcYOq0RB9aDbdiqc09xMDZ0l4y+VhpY1ocf3mXNwoKHbY3QAuFCEN0oq7gCqv4Q9LaDB+YWn3mlQbsB5yStQOn3iqy7nhtxYp2eHyDgVOKWTNFyXoBcHCVZ7R6dSUMTl4Vbmhux8DJjO/LzSiH2yysNy5gShGb45JcA/cOUGuHJ9lVJsXxYOSbm/2tbgM2IpWRD0XPbFVR2oLstcHRtpROmhF26M4kAWQSy4pBxJ3zTKPZJZ+8AnLDJUS/KFk3SMVzI0siIZHuccFZNfz8anpocVNO+57Tr1RJ0PYkMBk3nkkK9XrwEwKJvJBYm9rwEH4RCse4yuu9aFG4jGNBtSzOtQu9+LaSO+rT7epg==]]></Encrypt>
</xml>


2015-12-11 09:01:13 debug :
------------
String:
account-ticket<xml>
    <AppId><![CDATA[wxe5b18b9bd7e3626b]]></AppId>
    <Encrypt><![CDATA[sVS+F4CawxESTuzxymXuJBlBI681by/rURJVToIRI2Vpp3hRMQMK0oqhAUMUv7rkv9AYJc58CTWLZMeEk+xJ+F/fk6bkEV0uKtKvqpAe0PmTtrG4nL6bjrQoVlL2k21+kL/4f/Cm4e7YFbxcyi6QvoPUQRyOoSRk6/eesyL9DAnrkFQPSfZn1kT38PTNebeurfGqs6N436Gxm6YfQ9OFFiuv5PgfVUufq8/5+UuxhlDkKZvVY04rWdxqN1BV3E3oKi9QuqODovIqF6CibWfSG+tSFBenbd4Mv1Q+FB7vw01b8RI4vTgFTtppIPQ9KJUiIUxQNsCZQWe2cMo+wZhHkzlmBWLyx7pEQsRiK8L6X1WhFkPmXX4IifF3OE50zJ0qrpU5FaUcJcS1uN7j9On6yWgJdoNPWBnVmi0kLCIO8LfoSX4EEoIAqFYZOVkw/By9nr+B2l2uN5FqnNESPbNNRw==]]></Encrypt>
</xml>


2015-12-11 09:11:04 debug :
------------
String:
account-ticket<xml>
    <AppId><![CDATA[wxe5b18b9bd7e3626b]]></AppId>
    <Encrypt><![CDATA[MO4TP7bg6pQlfvF37I10v1XlZ+3beVFzmxvMslguiV2fspQdRVRPk0KJzWK5CVc07q2yW+lcLpKLsZ5qytSn+dgt/532L6wkEf/nvCdbKkb7Y/5A266uMl6idFuKB4fg74gt5+eDX5nk/YJkOXMfdNjMBqvsQA8apAM/gdOfUdoU3T/MEMe9klb6+rh1yuKl7uosX/f6BheCYbaCbnLhfJL0IH/arlTSa2kNGD7oCAP3Dji8fq5KxOwHN0nXj67uJkRebxK/yg21FtBIJv5XxcHj33YsfmWXAQ6yKqD8iCrwcHLxfasx2gCtVx6FnVwYoCC0CvKx6turzmbmi7tAKZUHqUiRD78ro7il7vDF3C8nCXcEG70olAk91k3SLU37Y92Z31v4USJlzJGGyZ7MAL7MdPhJCuR0rTAhral6CZ1jBvvnvc3mlMuqbZPENrNypFRv21jLBqB3zDsrMsainw==]]></Encrypt>
</xml>


2015-12-11 09:21:03 debug :
------------
String:
account-ticket<xml>
    <AppId><![CDATA[wxe5b18b9bd7e3626b]]></AppId>
    <Encrypt><![CDATA[bvfG4sbLn5tNxFPpbpa9ck2bDGpjj+NEKy5bE0VcRR6ARYtJuDhp1k3RMgtb3ArJCQOUU79nggQhxQCHwu/FqjMg+MkMfDBDswrPSwiGS42AqvLiLgtY9fXHinmljJxk9PQeP8cvoJDFu/8lD8rmbi0u9UjVKHeBTgaeCOYgY6uIie6E7+IoWSQmoDbLtiZJ8jvQU0OTE1MyJeajLRE3eSz5qcTviXhWhHuSJ/ln8Q9rV/g+WWGFgJo9BpMX6swJ60QXf+0D2D2seWHnJNIeyFD1weMwsoQJrd5HU7J9zOOJ3pKUnDtHzAr8TH3macTid/tE+x8RR968YSaVlRSBfzJYxwUfpMGoD28NBw2ZkP1Md6wXZHNJRmFMk4fNG1kDd84fxsDcaFkDMfqqi0oNXpWM+Zg/R0scCHVa4lZVeBWqpXsip+oQv/Mfrup/E293vwjANQLh3EBUxO0E/oc1sQ==]]></Encrypt>
</xml>


2015-12-11 09:31:05 debug :
------------
String:
account-ticket<xml>
    <AppId><![CDATA[wxe5b18b9bd7e3626b]]></AppId>
    <Encrypt><![CDATA[JBffuSi8dCzZBfAEtnNb8f6V86YtUkhclsFpG2h/cnJH4X/g4hQyDVruz6HOZ4HjQTveJr4v0NSwSIWFkJyMEG9T3HVV6iXa781UilmKcK0F4jDqFJng2pOnqtk5+hG2M6gkMt0e1mLbTuuz6c0ywjfFQ78N3UVGODB0vVybEzKE/1DMz5Mio0uHfX/vUsTw3FHtqNV+vzqIndMxv3Ngi+DUoUgDEmRJHwibvF33QyOO9OvxUKweYIbA0OZSRLrMPaspZMRZciDIaqujFubTvpVppVEvH6MDRliRVPcX4WnLD5H1vB0CxMKEMe+l9o0mUtBeWv0jH4FeQz9bi4jA3PNjYHUOJ5nD7RempP/vEZu3noLfRhUs3wRMJl9EICrW54G2Uyxz1mh2GVgbZPgTYsPd1Y1eOTcxQapXW1RxOdxPZw/pZyPliA4wuZKg4er+mgaCodgKOSfMNAXCVwgDBw==]]></Encrypt>
</xml>


2015-12-11 09:41:03 debug :
------------
String:
account-ticket<xml>
    <AppId><![CDATA[wxe5b18b9bd7e3626b]]></AppId>
    <Encrypt><![CDATA[chvaCGmHJFoKOCDL9Uoz+9vXOgGVtXvZpFs3p9J6ctTGlaZLEXKGLaXgxsMK4egHikSR8UDR16hUy91VYui1P5pJOsRU3WJ1d3oZzlZEf5yriyaZVAP9h6UldirxfgGCrgDrIpeRN43ZxB/ry5Q+9DlbUpyZXJI/iwOcOKJero/58aau6EigfAQ0HOrqw+6Xpq70oGtb24htShiJr1sH/R39fp2PeLVBh1frv4sNBJmAsio3z2Zd3JtvWHvXJYc1rhQyJd/1K36vqr6df+A/7V4MEbNAeRXt5dFlO4OGTDS28OydXAQGx58MfXbD7NkgX4UJtOERPlMsxVknZmIf7Y5dOAkCpFljdpmaU9ilpVDm164VvstSxIa+3XvfypmkB3p6aQ6I6RG9pRw1NCtLYoeKq+Lhr9p2C94CH2KtqYq0elhgi7e6waReYxiu6Mlybr79B3IygwDfuAXjVg64jw==]]></Encrypt>
</xml>


2015-12-11 09:51:04 debug :
------------
String:
account-ticket<xml>
    <AppId><![CDATA[wxe5b18b9bd7e3626b]]></AppId>
    <Encrypt><![CDATA[JW9Lmdf3nDq2w+U+FiNSkdX3m5ype2ZIVh1AvgNgfcgm+kZOGKssf09bnL2esr3TzWQO2byxMRqFnXB0osNSwu6tYYdki6sTGLozJhn65/VvERibY0h0uJ2YfEVCSFwi4rPdiGqgR2wNCrVhWG54/n49dZV2/0BZL7L9S4pg8QUAtBZJVTtMzHkkkv5fWqirbxoBJRnXszms0fUYte9Ov5FxAubXyJ2tW5WuwFZcSmEzxlG3HXX64cjXxGwD+bIHVbgubLpLWfpl8T55aJZvrxa/moL8oe3fo+GfSSJVOxj2A5nbB3WwZL6zlfoKjkNzg/i7suCK1mXDsxq+TL6t38R34USj0A7rXBm58dWGFG7GxuRrBH3/tYEjDRz2avNSiiT/TtVkO26ao2atvbXzpb8JkLk82KE9mQc2DcCDr2YWbRTE69qW4PSPk76bh1S9EpsNZg1TeUCJe0GnYgFNRA==]]></Encrypt>
</xml>


2015-12-11 10:01:08 debug :
------------
String:
account-ticket<xml>
    <AppId><![CDATA[wxe5b18b9bd7e3626b]]></AppId>
    <Encrypt><![CDATA[HRopZYx1PB9vAqKlm2j/1Fc/5xh1ANVgytXwLe6eNjvJaOYW117CSAc4Q0hPXFuNzQuvodnDP/zgiw5jlQHO3ynJ7ghWhDI4Rx+OsjMLvmBHyrWDw34ijzGwzV8yJE+9BTioxH6ON4gKy2vy2pz8l8sWdaun+bPh11RsT3dcKuSL3wRedwKgcFmexkVsGxj+LPzZcqTuaaYGQTaCxbYyIAmTbxqAyivg1Xtu5qBG/GHx7zDX9XRMt5eof5AWisiXnWd6/An+kkL8npUw5eap0HjtECLMKVMvn/KKw7gfiXTeDeA8x1aOGYHQqme4y5F2Qtcn0WUuMjjBAKHB/por7VSqB350RKdCQETESbmIMWIA1CC1KoXru2F/kra8AgnAFDITaxTac63bqalHa4hiJBTxK3/5JfQYDhlNn/oJKf7pSOjGbYnWROV/YoBOntQNQZiPZqoH0kz0ASTAY+g9vw==]]></Encrypt>
</xml>


2015-12-11 10:11:07 debug :
------------
String:
account-ticket<xml>
    <AppId><![CDATA[wxe5b18b9bd7e3626b]]></AppId>
    <Encrypt><![CDATA[GAc1zuATe5yeatNDZDinVnQt5pmBofmf1vP4zoANlGtwjL5y/cl2u6MxvoT9LsmakjRyEPr1zhQx31eE5w1eOo8lgXctX+azK/7pPUbmPVMoHkFhv/GCtxb/oVdCZB+ScWBsbv4rdZXIDQXFyJ15C1KsN6W1dACnBLovVVuNofhQI31vuCIxY2cBnt2FOuSSFZYM3womQE1Z2o6c4nD3FGstzt9DUVKIb0A7DKgtPLlm2aev7HV4YcDNxjY2zFb3TRz8QiezS8zqMAijjx7RVLziKBjLCiIb5M01TY4Vsc2CRsdsyyWaj87X+rUUjTvVqCGxUvhP2SCrwr56+IVQkkSK2Dz5oHhmP5LG0CY8Ll39Ul3SinpR+h4CagmdfSCwnU8SWeK/jUl4AlZkl7q7O4hjz5n4xvU0m+qPgwAotqpXjo6x6KFf7fow4Q/VI+FTprBzQuwuLfMOVXEMHScHSg==]]></Encrypt>
</xml>


2015-12-11 10:21:07 debug :
------------
String:
account-ticket<xml>
    <AppId><![CDATA[wxe5b18b9bd7e3626b]]></AppId>
    <Encrypt><![CDATA[BfEs5a9Xjyw/K4TnBg+EidaiLkBprt1KByf36ETdeOEYamyc7wfA5EcldpgbrYTkpDppiQYQWMEo3XDQVG4UUWgJiEDmo7qErV3gq5JF+kQw2yvGv9GsOOL0aumHKnILDM4mD4clgReYLQJ7fGBmaVNxp86as160Q85Gcj1xiAmfj4DyuS3p9NHJf6ku4S0DuE++/BOLG/P081hGyloIJsB1/G6OMDiplxNcjN6Qhy2ODKBsYCycyeurpOYzKUTKgiPk0D3RhCdZOqbKX5ebJCRnxls5zZQzga/+IHOZ1VniW/32zdsnFl89H9X45S3NQq+JC9nW63Cu2Xyd6cvrQxvBRf8f2g/eY7J23ivlgfNDEawCvbfTG5n8jOwJTwwg90I95mz1KI8pBhXGhcofiMlmL/uey/2UZA1k0InDkikiQLsvgEZe25ahBTVjNYm2+qrIeWKiaImufgigrE1t0w==]]></Encrypt>
</xml>


2015-12-11 10:31:06 debug :
------------
String:
account-ticket<xml>
    <AppId><![CDATA[wxe5b18b9bd7e3626b]]></AppId>
    <Encrypt><![CDATA[5sZePGULy3bJEEisRjXDkJcIm7fTmM5Wm0VJhzShcYYLmFGQ6+n5vEus1MwwZY/GWQ1lgZkD2YVBHbzGFF1bc/ZyFsiEutY6BPV855tXFqkJRbaMXSUT3BFhRwOtUDjguzcEB5/Ygnceykl6hKuFKckpnM1uZ3xPSLJCneCfZQb7dZNmEJw8k2/2HpgrnNvfP9KJGdVl24MPln4mXziym3Fnhjeli6p7g4y+juys0wN2IGYq+X8inXLDPIGf38AdqTMVMCkjzkmCQ57kuSFVRNCi7uBBB+D8j/f4zqPU5h16pEkPw5aeN6youbQsfXTCsiTbyN2PfDiRjbDwevBQQOf2jVsYwJvrPZ/asJWSOxIx+tTKLKmBTyF4wN3aYZIvgCkYJEgXD5ozST4aZ62BVHMOfMuv5J+57+GqYIYj6ermpH7J+WRH2dOQVGQ91r7z0yXrpehnERV0Z5G7UIRE2w==]]></Encrypt>
</xml>


2015-12-11 10:41:06 debug :
------------
String:
account-ticket<xml>
    <AppId><![CDATA[wxe5b18b9bd7e3626b]]></AppId>
    <Encrypt><![CDATA[DKiD6AM8NjjM04rco5D9VxE5CMZfdzpwdM/OY3z1fayG29i03R29IhQrc22f1mQoYorTUF1L9FN86Z30FbCMQkqXQ92L3n1jLdnZK+ioS59L4DjeTJoAjBO5WCTCkeF9WQ6+RACR218uJHoNFvpSV5ouIxJfKbnOWTWegW1SZOSrxxhKNw0ELeo+cgG1+Z5plb+C01f/L1m9hWcPIdcVgNOaKxsy6JiKs0HjA56i2Xm93doBEIx6ZtQneRkgu5pB63vnGt9VQJd5+VbE7nmXhTQtv2s1naUW/pfJ0QbUtFH1YWwh8gtWTShibSG5Sl0br4xPlFJx5K7nFD+L0kn9xy0wIz1A8e/O+4i767elyocg51onxe0o1jdHPZNKYUQiZBk9n7tseignaAfkb2tfrX3EMHHgF4wbWwqwp+ek2cfECAR0fmgGuUxdFVHiprz2QrC9WePmuR1jBvhyOCDdYw==]]></Encrypt>
</xml>


2015-12-11 10:51:08 debug :
------------
String:
account-ticket<xml>
    <AppId><![CDATA[wxe5b18b9bd7e3626b]]></AppId>
    <Encrypt><![CDATA[kSADbNgIOMrvpzmgu/AIFVQKcctOMaeqltKP7Mw85IjkhAERO/jqldIDURokBq2PV00q80UYvKA7hjU1QzW2HagTftSOTkkzOODzSdLtHbNcoHt0bcOnLvOFH6fRfJvDMbmq/DLr09JaegakONje3lbMEM5HF4CKfuZeO/8TrNqb3iH2i0cTngWFP/llM3Yorx05dXeYMG9aJ26ViGOTTB/TZFX5tCwaHMgmfbQFmVg5Hmf4tla9OSOuNHZUfx/3Zoj6TCNrYEXei2fVt75amKWnEaTKmIh/0dyKz9cIbAUFTYduaAnxnHdcF8goLm5KFI2Ki0J3mri8mIOt4dM0cf6cCQAqeNWHfz1hfa/tF+B/0QFJfnT4Lfz0kuxxbqDxqzuywX3L3Vq60wGz8uPkdvM7gu0ulO6Ex9GVJrsDsjk8nQs+2n49SDr0sZlV3Fqk21g5OPn2E/PNMfA66ueTnQ==]]></Encrypt>
</xml>


2015-12-11 11:01:09 debug :
------------
String:
account-ticket<xml>
    <AppId><![CDATA[wxe5b18b9bd7e3626b]]></AppId>
    <Encrypt><![CDATA[54nJO4cg9/jNe/nglJr4ER6DsNDdYVdQSSVjD3ltX8thBp+wyW/1wp5MGuZXXSk0odFI1SBQwnNNGUKFRR0w2GFgrm03pScLmcMEcZQdIKvG5GaAXqRuCeq/L2XBjYlEIPRwsdU2nmwYTTw2lkat5xxZ6/9QNBQt70MwcV5wGPKDRO4sSFEHripR9gimk+Cy8oySbUuWWQwwrxEnCPzp89B3vSKMW12QqJ9Ubj+MHFUTOxhCjHpzn3ZjIJ3AXTcknaFM+wu+UTWYj2iEnJ7enrHy0XcDLkfb0+gvG6CGygW7AfLHAThF2SDYkKdG4gYkTqw52O4vgSJteflztenzGw7fT38QCNLdLBO77cq23yfAI4lQcb7l7BTV0GWja/vBB659CpaEUNJwgC/2J2EbM2aivYPFLFJ8QCgDoxmj5urzahKjM4jWQ6B1rV+hQZIGzUs3Dgb/qBCcm1pByEKeXA==]]></Encrypt>
</xml>


2015-12-11 11:11:07 debug :
------------
String:
account-ticket<xml>
    <AppId><![CDATA[wxe5b18b9bd7e3626b]]></AppId>
    <Encrypt><![CDATA[DJCFnaflbqwOmh4mhwtahD50+2gdz1N/SkDJVtbZ+rsPxumSW8kSobLTwVk8sPlXlm+CawQ/v3pjrGhfB3I86QeeaQ66l9jL+/g+26hrExQkOpdSiGaNXfQmryqeSfdWfsEmBqGul/a3qjiTiZ5HpMUcQbhty/bGsyBORxno7CqFZ4ogRCMLWWSG6D5+tVKW0DNV6KzDRFY1fs2dt24gHwrsq5kBIvggmN8kB7b6NXDOGVKAgqcJBwpAZpYT9WrtkNzAkrRdeNaucNmbETa8o3ZQ+/RUt3RMYDfG0NFT2J1nyeT5/Z+kvJqs7YnyplkyPrgrz4y8VQ175nYXg2/fjO1cUiP/iRa730/25VUHL0wL0ixLzHywb1R1nTvFVUtyDnXWt5Hjp00gSflKsLHF8BM7y0nc8UzFHlpNfVMuoNcoD/dLGDzpKmTYWOYFhb+xP5fWuFIJO82B8jb15hdXgQ==]]></Encrypt>
</xml>


2015-12-11 11:21:06 debug :
------------
String:
account-ticket<xml>
    <AppId><![CDATA[wxe5b18b9bd7e3626b]]></AppId>
    <Encrypt><![CDATA[zKjVq0GjphtTTS0rv2YwTzh6kkkmdeWSun0qTVYFngF8jVrNmey8OgZ80srmZsL+FMJo/RoeY1HnWPNFQQ1+A/VTVwuiEtbmT9nCElj0ddwFEx55StvYUCa9PHGZnYAJEltWLe7Jz47z1AjPiayTosUFy7zf82m4/pX+aKRFy6ciyIo2BZDXpIn3aWFGZ/o1/B6dcQW4rKX2DdTdOZjjxXGdAcZ35BBaLF98K/4oVwmANoqy+PowEB/y/SnihD6DoFxX+Q/XXCZoJImwEurnWbqRqbVfkua/88oCv6IJK/4J3j+tND+fu9Trx6F1o+yXwBiL3RwLd9FQmfkqyHBiMAMyZV9a9x6HZoBrcaE18B3KySPdMfrzmUZ0OrpBTwbRf/bAO7l1E6rPfzm+4utA3mdbZuw8q67bfjykkvjaDHZyQUP5rT9aaEa65IL8XgQ+/f88GZA7/jwXTuVIzCT0Qw==]]></Encrypt>
</xml>


2015-12-11 11:31:08 debug :
------------
String:
account-ticket<xml>
    <AppId><![CDATA[wxe5b18b9bd7e3626b]]></AppId>
    <Encrypt><![CDATA[7tr35gqd6gTNYV+lt1RsJlJZ4TU9hOFPGOT7/sLFk4n1WYcGpAd6xIu8wJvVYCNWioDk7dKt3n0q+J6OIENSKZwCK/Rw70XSdWVVEFgueHObmgMXQHG2AH1Miu31+WXIPoGQbPqF+W7SEx5D+61GA91bNBMAsZs+zsE8MwnFlOyksQjXqLbfsgAUKc34VjzpHBMAnTg57/CjrgSVswdNydAbnix2k1iXJ5DrGtXnp8ELMTTzr2BSImJiHX00FXw41vQHsKuyq7oaEbKqbrRV7woUPUUSC3YpwbWeUlEHmx1b6dnZV72V0BwfucJFNsanldBOic3NWV+b+q+43j6ueO0Le5Kx8O79i4hSSrnPnTGBHDkPYoBQt6FtX4UwLDQFo0vIM2vG069KR69+krU/plFB6FJDB2fcj/xpzv2VZpNQMa0Eh6dppyri1RGwTNhR285baYO6+LZlZMwUYFUkTg==]]></Encrypt>
</xml>


2015-12-11 11:41:05 debug :
------------
String:
account-ticket<xml>
    <AppId><![CDATA[wxe5b18b9bd7e3626b]]></AppId>
    <Encrypt><![CDATA[iEbaLUL+58DhwJGORmdq6KuCK/4zQnMQ/tu7qt1UUc3EzV3F0Fj/+Y3kITlVhsTISIapY6FeuCoMhLk9olRR7yT6+0ThVx9KJEteJ9D2zKW3gDRvyU3y+HWbjU1UZmELfZ193In5LpIDQtE1dR5NaNNrVBIQdgouLDN8ZwReMJXlv97/tSkWovD7ckPNPs8cMHCuoMcrjKfWgn0kSeom8jIpGbpRKG3/ciytW78lpZOaZTtw6brPEL8TRw2cICqO0EYbtaS3dOSCGNn1XCbsm+pmdkpSiG6NI1TkRTp0rbFC5VzyGsL2jQhSZwnN0b3ouEYFie1kbkSKybiY2NvQD7lgRrsaof8ycjb9gebw0LVKExn4axpP9V0fv6JmVSQrIEkzmzFVnETq/BLnyMgp0z1EVUGWBztBjEimO4cO2GrU5mqsBL8G/QhgY1UZYY+HysF+wJqpvT1hDrGfkzMr/Q==]]></Encrypt>
</xml>


2015-12-11 11:51:05 debug :
------------
String:
account-ticket<xml>
    <AppId><![CDATA[wxe5b18b9bd7e3626b]]></AppId>
    <Encrypt><![CDATA[u2orhl5LkkMuyYPeuMisBzSgA81dxpr/Aa14ZZRI/9b4VSr/Osp4lTERatkDzNJMnpUj8PJyMHakB802qXZhmul7+mEgX01rcAKsJGC/7k6zCDPWNR9+1CPXhW/wyNKUU+v7XiEs9u89ZMusC3l/3Fh9ROP6v/nz9hAvtqHYzoL29bjT0Ve57chGmKAy0opSmja+kvAmGG9UfiSbc1coGCxx6YK/1dTw2fSMx1mnz8uMjlgCOSlgdS0TJ44I5kZ1BXdXWm/SHc5jxKvZ4ZsSni51n7irytMSkCJEA1P+mD/vUlM/MIgpchU9ZyjMch+bqAFe7Vue8Rh7bP3ebZIe24vHc3Q7Neh2uhkMoZBtKT/Tk/GyzNKflIIN45rmBgxRseHemzMud1j+MhbI4ra/FBQXTzaCiPZAlYx7M7WPD3TxAm1FA27dTnioCIXs8SVOSDmyMY9lTmQXX1in1AkOYA==]]></Encrypt>
</xml>


2015-12-11 12:01:12 debug :
------------
String:
account-ticket<xml>
    <AppId><![CDATA[wxe5b18b9bd7e3626b]]></AppId>
    <Encrypt><![CDATA[URMaGcL9Cc27lzLCG/ij4ozxJThp9CvSXby7EpI7U+rP+rU4OVRYH+GtMlx4K3+KinCHnp7Znv3GHqwVIUtTgZuBkNJVLYrqOp/c0ftGZN/7c6VjFxBHSkDsJQ9Z2rkEdGkgffOibcwgkTAHL5XdsSZfhZ7TZQYfckjr1vo8ELmbuRk4Gr6pibHduIA+K7YkRv/x6dvEgt6A6s0sloQFkHa5nk+ousMH5t7lj9Q1HbUMJh1i+6jl/MklbTSVDNM0iLx8EeO/PJRf5eLoJQ/lQTdC32KJtevcI8xIQCj9rKfREY5XlzEZHqSHfdl2a+uORpzfbPa1yBUWstYobnwK3A4a3mgWI1MIan71zVZjUvGLl+ZbtKvzKL0VUuo3oP4ahZ2ymB7gt3+eo70xRJECk+vxmm1JeOuJf85N50ZBMEOW5zMw0oDl3waHbpJd4uKgA5jnndN6UMv5cIYMr9ACrg==]]></Encrypt>
</xml>


2015-12-11 12:11:06 debug :
------------
String:
account-ticket<xml>
    <AppId><![CDATA[wxe5b18b9bd7e3626b]]></AppId>
    <Encrypt><![CDATA[gjiCfLTfFUzLLQAN7MJrqEZbwePEE1ftcMpo6oYwyqIrGOnRgbuFZIOOIFmh2g8pnKBRxdBFiNqivZ4z4DwWKb4KHRz6LG7Ed1KcvMbnXwXoIMUT8rB7S0UpW+YHJGsVhsJBwDlCRHtLtC5THQW1t8Mr/q9RSgsmA65xGbgo6zaIM5JBmT867kqn380WjWWXqVcuid9bU5ZEchliATE6DmifaiORdZHR47cTgRUeHS2tE75n7eUDo4Lkch/R1GWtiGukkwnRruSfGUgDdP5AF67lQAdpNFjBrP/8gJXMRZKg46a1CYwXPL2c7xRrscO1yCED4jjyZDrfbWV79mLsnn1Bnz/RMizfDm+wKmuT8iFQYeHA9FbNQ9LAnDAbtWuv0ay+F18TUQrLKmuKn0I6/1v0H1D/QvH0OEIN1qOVTDKK8j0lxTmCA9lFGvZjFR5q+lXvazk+1pVYHCymRVIc4w==]]></Encrypt>
</xml>


2015-12-11 12:21:07 debug :
------------
String:
account-ticket<xml>
    <AppId><![CDATA[wxe5b18b9bd7e3626b]]></AppId>
    <Encrypt><![CDATA[9SPMtyqLCXwtzDeK8yAeciMhvILzZKVsM0zVD+r25QLA/MHAQKH64/12CaeNFWNiSmYdXskVCL3Az4hzhBA5gS6G7R/MtlGHcRPB6Wk9p4sgOzfJtMRUlGEF9HrjrmqrhFtjV4pmDl+HH3t/LuX/aDJeTiSARIWkbkIrf4izOVTUFeRkBGFmAnMF7EeAnP66wZ6PSdZYkVvcFDzPxoZOz10wMIeZlJsdpL2YaTqDchNz/p55wnD8o22JITXzUv3JfTySSVwDU1IEmOBBbJ4M0vK+mNoof1VivZtm6B++YqITh1+2HfLiCGYL0kRiUdVoPv9gh6pt/Qm3Q1LDix6ATYT4y+oGvZVnU1O84m6iZow3uZrPIc1IERL8XwW9Ac8LhCrc1RQR9u72YtObqoawOQiyCvp932l8RBuIaSvQYhun3HFtsvEfr9/lGj0u+bbia08P4nHk19uW5+Z0u1zjOA==]]></Encrypt>
</xml>


2015-12-11 12:31:08 debug :
------------
String:
account-ticket<xml>
    <AppId><![CDATA[wxe5b18b9bd7e3626b]]></AppId>
    <Encrypt><![CDATA[HCaF7nRLGluysGSdJuP8OsmQBeui3+n2M9SdZMVXEk/VjJHA0hRQwGRHu3rYDlgnYf7juzKR6M/xZGeo+/m4M+gTBwLM5JnT8/vsakDomh9JuCIWFb0R09IbsPChkHvqSngg1A4f9n2SnQN1IvjyluD726U7sk/ogb97JeY+bdBHWOsg79i9sfbKPsb7Q4iIqdvW/pKE9sI9IDQdPeM4BpxVRZXFTjzrFcfp5NvZoDVd8tFykoy4C9qEe1C1q4Sy899/iyX8H1oKw+KEw3vc4aZUIkyY3BavKn6/ALTX859mRChW0EBcMRtiDIweil+kW0JIIcgt7j8qWnfvjcI2eu1zJzWwkMYWQBTzB3XKK9JIM/GmrsKnxwoznsU/x/9TiGL6CLBYGmgPPe/XbHCIHNLR1QglLoUXXdA9tQw0GITufhcxwnbmoGgf/oTjKpCTwB+bRBiWLDsrAGSUZZUVIg==]]></Encrypt>
</xml>


2015-12-11 12:41:06 debug :
------------
String:
account-ticket<xml>
    <AppId><![CDATA[wxe5b18b9bd7e3626b]]></AppId>
    <Encrypt><![CDATA[sxU0DK4FWBRWgOIQYyQ4AT3pEL/hHiaeIPcih6NXnwVg5Ql3x+Yuxuk6cD09WXfwIDzWcwXN1khG7pwIONZ8tSHgjxv+pIpmJbglCEBmaxBEPGl2WjLeXy32hjjCjxUMJUE9ISzyPuRnC4vAZq4yt10VVAkgihtxLk9+CUxu9YX30Rx3N91ZFcuTca5Yy8BVfnKiJ2scZu769JaYBNh2TBr80v19MECS6RPX/uSaYvTcQkm9qE/pBaKdUMh+Z5WCHyME9ALHYJGbvWzKssu5YClM9bhovJ6kpM0dKCnlDebcSWbr2RbJGn4YmYpQmRKDvRDG32iy9WM9yqVRV7h0ru5e+xtlePPerG57vJkrTEb2szqZQnc17RYi3yOX0VcnMyr7qjdXUo7jrWAQYwTUDBxhyt6zyHmMrRQDuVII1LEWCENehwircbg0t7Fb2gTDaJnJQvmV/VRdRQ+HsM5qzw==]]></Encrypt>
</xml>


2015-12-11 12:51:06 debug :
------------
String:
account-ticket<xml>
    <AppId><![CDATA[wxe5b18b9bd7e3626b]]></AppId>
    <Encrypt><![CDATA[ccMjyBBqoitk2ssX+Pej8MBppiWfl7+8nZtLyzrvz6Mwml8a260MJfzZnWdVxnC7ESUT5qwbES4gsPSP83nzmIOPUNW7O9lARV9BFWfkf9fUp86dBjXl7YEQafaOZ1PkGLW+ZBnLu+gMOuQ4DOJOOosHzHtAb6ms3nipBnDY68TRYDH00V3fNiW3IQXEhSTLbigdq3beiProjOERPrSb0mCFQzq+RpD/7CaRkZ6bJe3WoVRAe8EULltpYgHeojYw1PfruBT/8m4VHf+ShVPxuyjcrrsiXpz9paZ16wLy95BbBPxH42z0c5wA64O++le5DyZ+5ej+22dKzUxA+hCyD8JeQme7PNBEb8SVatXYKC9qB2QNrNrqxjuJDRLwFUwpt2GY1IYS03KE5YdaIGNMpXu0kbkWt+ntimlEA2YqKsmCl/lNzVjc0thLkixzhCRIqpNoSHt6XhtrRsN5E0l8wQ==]]></Encrypt>
</xml>


2015-12-11 13:01:07 debug :
------------
String:
account-ticket<xml>
    <AppId><![CDATA[wxe5b18b9bd7e3626b]]></AppId>
    <Encrypt><![CDATA[IBs/jVHozEkYVNkpzpxcxCcs1JZ+AcdjyagVSf3M1jd8CiyBZ1DWKlg9vnEljqH8YxpFvw3i6FHi/T+k635+PVgrkCF8/95zE8IlgsfZuBmcMq7KzHGGRo64B/ZfoDMOorm8eGqce9eG50Txxg7ZYCYOLzyQTkbrkqNR/OEydB6vNmSlEn1iiLY2Z2+0aLZh6pB+GXoskd/z4Bjl60TCNN1EfjOnNsPCxpaW+DgE7kpz/waKD1Ths/kakAVGAogoQZ/lhAinmHBB9SdZIKvkqo+pMk/Jk7Ytb765hDlFDviuLriS1D2zxgkah6Drvkj36PZJQejYFPlbxXkmusiozsv0zeKtJgSA6CodqMjWcPsobP8QglCwRXD6O8abpCaRyyD/wkApMa1ObQaPJUrOlgBrce0qBYSwqDC9USuUAvcO8tu88ltLduOmDLMXhO9mPYxr8AF+zHvz+2FXUZ5u1Q==]]></Encrypt>
</xml>


2015-12-11 13:11:07 debug :
------------
String:
account-ticket<xml>
    <AppId><![CDATA[wxe5b18b9bd7e3626b]]></AppId>
    <Encrypt><![CDATA[Dzuu4dy3YP3YvaJ0cbzS8Y6dI1eqznk4WR4mQo2p0hF8cAkzgqTOZ9+kIxjDmzMAskXrLoqQasm0XZ5szP0iAiU2LBcrZrrfpTKurkQqRNvDPZcluOw5PlsPashKKOlHt0oJzltdIz3x1QNfrUvjxoIszBba/rEcR50iHg5O4YXkHqpktjiBpGkQBgr8KmX1RVgdcimr1UGevPhrYj9FJfV5r14VtUf0W7h90VgXWAq3z7INvh0nDJ8Gq0YxPZarPiyEm12fJSe1XVlrodxqz7KIwCcuebK5NlPVdJRr49bpR1C4/8Uc/4RTwl+0DN9oAgBJ1xFAPHzB+XpLhzb+/GTIFHesie0mhmC+ILT/4L7v17ugi+yDehu+uG1hctBj5Xb5MPm/Eh9C7pv7VE24XKb82RXhC1P/huPNNJLZEBfoajiOrzmSkMJ9PTBwFXwuERj0yVUyto/+52d0KJ9JFQ==]]></Encrypt>
</xml>


2015-12-11 13:21:08 debug :
------------
String:
account-ticket<xml>
    <AppId><![CDATA[wxe5b18b9bd7e3626b]]></AppId>
    <Encrypt><![CDATA[liUzYGySuKgL72jrviGh0OAk3/0aBxUKNNrR5uU2b/rxiQ+sbogn3siRxCs6yc4Qh9FFLv0x3TyGAVHg16Q5FplN1eqPczTS6FriPaMNyy4TRofCq82WDgDNCMUGu80hzpHq4/2gIhynRLO2WkYaNS1AkIMgjLc0XAmI+700UelGyZPlnxCRTERigVzDjhooxZjM4HuC1uewvgEDkLHZcsqm3VhPQYhxOjtF23M9E9+dHICUnJc+7X1lrjOz1pywe3i16qYDKDsHjaSBzcw1G1Cm3tyYcW0kLvNsTA7rzLgfDdQkmtsX2+nQa0PVr/d/0WBMb0GWZ4STsYIXiqxR0PcWlPOso9wbhfpjLp0ZF8HVltBDLP9EOiupoZTkoxc6uOnJ/3KvJ4TopxMto6owsvwLVKQA9ocWlPEbloHNt1mw1vd3tQ+EVCYzdbP0v53EzsFHd7JWWK2l/lzXA2Dh5A==]]></Encrypt>
</xml>


2015-12-11 13:31:07 debug :
------------
String:
account-ticket<xml>
    <AppId><![CDATA[wxe5b18b9bd7e3626b]]></AppId>
    <Encrypt><![CDATA[AJf4Jv+O7H6wa9vIVcozG43ywOtmMg0He9bJTJyVj+0uqPpfChx+I2zAQdWkL3tKo9T0fYcTj2I28XpH9EaWtpmApXcKeZSS4GZByMCs5UtIa/K2tamZicVKtuIAk0uKAL4uajOMPyG0/v6lY8VWUkEgrWuEMs4sRufY5Zz9pR+JQVcvafjuql+BkUvzyTCgs1fLnsFC8Yjt1tFga4SGQg+yaXO5kle9pQHGT2wFKgJbat3JZ+sgWCWgbRoz1cNnoTlY+2B4inHN8yuK/jIyzVFC+Sa8FFd4La75GJAZQDCdxbcBwCPPpqFz5SkoNtwRRKNNg1bGS2FfFr/xBl5shC1+yUweQR+bENZ/U6iWc0zY5hMydbXQLjbQWv3O6fi6FxTEqI8v0jfYdTGOhjMV1gp+TKJjIJW2p6sMm1W2vuZe4IJydXJtrGrlE7HGVvL3FKS+bGjf/cP+nxNuowfFdA==]]></Encrypt>
</xml>


2015-12-11 13:41:06 debug :
------------
String:
account-ticket<xml>
    <AppId><![CDATA[wxe5b18b9bd7e3626b]]></AppId>
    <Encrypt><![CDATA[+ywTYYodYKS0EPOLRXkldZIXaYRneXkwjpkRD8oBRHnT4GHopyxbtAqLWHrQt9RdXRANOoFwrH4ZhXFmqMWhAOCGnbXWEEHKTX2CAFg1mdM1bzXD4nxyj4lGZ9vbYBp45iyCLAPGSUz6eEFTOCJ1FOyUAfqC96JgudnWl0xta0DD3nUOoc4R9yUyEUSBtmP+kH4lZSDGWNBIpNmOFCX219Ug8Xh6iTd9XUvCOidCh3L2aPW0Te1mmbbDgUMuULMS4xVfqlSm0C4bvRoBTmBRrFLOzcvEjEwcdiprymxIbboj28gaeYTVhCY11yUhIUeYZkfrhrzahwEiWkhtO3BhwhIxMXw3J1xyc1KnPssaE8y1syg3sYEX4HE48I7s0g4F4SF5Zas2UIkVqgAXaJC0hngMwv20ID4iDjQuwMRyjW8FOh3l1c3oLVfxpyzh39X7cVub//2Z/ifH/OOLnql8TA==]]></Encrypt>
</xml>


2015-12-11 13:51:05 debug :
------------
String:
account-ticket<xml>
    <AppId><![CDATA[wxe5b18b9bd7e3626b]]></AppId>
    <Encrypt><![CDATA[EQ2YWCZT9UTxCM/aZw1WT3pypzxW0Q+k5bJOOiKsWX+sW4eXkvAGjZw7AFjurrIoUfVym9PBjuRSL3OLfir0ozeOSTq+OA8gbpHNQ8gtRDRtUSKvW3u5YqZvEOeOG5a8z05JraISRuz7nDGGDi5zox64l7ebRxKYyO7fBQW/nwyVLzs9FIgvxHrW8mqqVQ34hvx1oukPGPKD6rOdix6apNNRPzsNXvuwnvc8Lrz0v5Rj9Jdfid6dc0GgDTDXAYoCPKzSDo7WrNtyTV6qAPBulX2rala7oMVmDrlA+bF4WVY93p+w6hv4xQS61gBVt5ZCyTdCuZU6IV3EUXlcZgYllHJocDHuQdLU3mOO7DckPiLF8Kt+CafHx4WDKaasihvK0fxK7317RbukeAEyJ2xsPoEAoQmnJCAqf5oLVezt9IZs48slClVoNHZmb0RixjTCl/pg22eWtT3j9bIM5LGr7Q==]]></Encrypt>
</xml>


2015-12-11 14:01:09 debug :
------------
String:
account-ticket<xml>
    <AppId><![CDATA[wxe5b18b9bd7e3626b]]></AppId>
    <Encrypt><![CDATA[1pyJ96gjB8WDycO0YFpTTt5tIFDj5hAmXZO8istfbIM4qHeMghGQ2YocpIkS2p6emqw4/y7BBkYv3+7o3519hDaknUd8LZsPU1YsRinsn2KxS8IzVBvcRDx/ZeOYDxUu1E5+BQ8QJa5tnZy/XRNPqLfFHFkz/4gTtDkcduHecQu3NJSUeUMhQP50eLtcsQxJkD0FexWIwPO6g3+pWVmiqSFuJ+lQwZ8Qz8JK9Ak7jcBxDElQVb8xy4JK3Tgvq+hkFpchiFuqEogH3e2OrOxbzDxjaJlGpbpdwNZEsfaK1manX4v6Conqvgu4u/RmABQRDU1sIrToQCSag4Kgx3UKWX2oDs3cl3uxSbQItrH12eNbFBJu2c6z8H6ac5c4HRr3zNrQhDc/g2gnGedc7KqmzMnvXRjck7ev4hUn+8hOYkpRRktBWQX6DJO61vAa+Y8yvoPzKQaQLO2/CFHv4BvwGg==]]></Encrypt>
</xml>


2015-12-11 14:11:06 debug :
------------
String:
account-ticket<xml>
    <AppId><![CDATA[wxe5b18b9bd7e3626b]]></AppId>
    <Encrypt><![CDATA[JOoYLZL67O5uq6pTuejvfzopqC/A8mNEfZ8ws5Wdwjx58iResQKYSohGfeswr2VIpCla5KLfj0eXqNMwpgefcPTRFlhq2VRRwI3uvWLTE2IZVZtN3Kz4V/Kb8O4k2OlDwF0Y6gXAXwtOXTXn8DbcHXuxYyAmVIQbz5tR510WWkF4crUhb/O+vx8vXiMh6KvUThoXDsrxB/s/pevBAUOgZf7qggit2RwWf+rD1EhHZ7166n0oWp0gARtUdz/l9rOlIssgYlKpPST8Kg4QgovKhbLJhQ6KGOX9RZOUeGSZcWsnKmtspr5nsNdWkqYrBom/UihKrtIQm1xl+sDYjaSsnPKoDHrCjHPzVXK+4zHq7/L2UyZEzMg66AhNV1k/i87wHeyjJaG3j/Ofu1Puv+CcxX89ECu9cPneJ3u9kyORs75ZYgXDJJ143i6SOVbFUKmcC2nW72nDRGriX9cZ650gcw==]]></Encrypt>
</xml>


2015-12-11 14:21:06 debug :
------------
String:
account-ticket<xml>
    <AppId><![CDATA[wxe5b18b9bd7e3626b]]></AppId>
    <Encrypt><![CDATA[M+IVn2cHp4u2//Tt+zFPQVG0wGW741Lmw6nTt6DFI/ssZzn27KrKntTHCcZMD5W6c++SAgSUMLzmhSzNPyKb+fWin5m6hmPp8O5lHKt7x8W6pYB7Lm96Q/+a+6084h0KO3ouGJltUh7B+d4jDAkzdDvPMOCg8ZUIZZC59vYlb+abhzl8OPozVlFAEMrGwf4PlM+01IrAL0EY9wD+F2BoQVjhl1F8jyMPpYrcVsaY//Vdm//qcMMxtsHjmfzs9t0KMUSBMTwL65aqOhZe4MNxmpg14yLn5iJY5kahquqTqRnC+WRsm35MhFX8RtqHdO1WCgH3eVnLK4e3WOz4Fx7SsOmC8+JkRyxrHBtloYcvWy/YpTwJ9p5Ozz5s/4ftzUrC+eBtdjJxG0ZK4ctmM5ql1WEQNC8jGinNHlmSq5L1hQwY9YNmE9y4D94eq2ZRWE/1cKB42Azhv+vNQ5SgDSIOyQ==]]></Encrypt>
</xml>


2015-12-11 14:31:08 debug :
------------
String:
account-ticket<xml>
    <AppId><![CDATA[wxe5b18b9bd7e3626b]]></AppId>
    <Encrypt><![CDATA[nzdu+wJqQoG8EaWZXOldk+kB7S/gd/xVXyMsPverXujgJPCHE2X+Tj/WTV7Z51xBHcGP7wsLcO3MJIpe6Gywbe5D4oE9phm9g4yT3caBe57/wqWrKUeUQdGBEUHwN6XWm8Kn6US81JrWEGKJRnBbEapbpAJTL/SpdGu5CwEue8KiNKPFMN69yMsf5yc58W5ixOw1oS7qppEeGx52p8OJ/fC0Y8KcRaZCq3GDxtwa9z3wQybtficVWaCFjzLmAiWYTzZyq0NXH0wANaX+S8MThhpmwTTXC0CMSkmUYPx70FPvAo6sCzq2l10VYezFLYIGoQu8eB45909HfR0ZKPfBRBfXuOdr6TWzubzX9Vr6bJlB+giTjCNBPrYQkLR9A9pqFpZlrA14liCssx48OMswP3c7S9FFUXVWpMAB41vlW9ZEoUlgG4hsee/ICCkWRTkdMtsE/PTAXwYmYtJ2BBQzng==]]></Encrypt>
</xml>


2015-12-11 14:41:06 debug :
------------
String:
account-ticket<xml>
    <AppId><![CDATA[wxe5b18b9bd7e3626b]]></AppId>
    <Encrypt><![CDATA[h+Pxmr/AEVKRp9cpHJJjUjahNtg8kYaJ0k8951mbuxL/AUVhHyoaW0oCQl+/5pOmtH6RwLkywGWbeHHRwToPI+Ia9rrwZ1D2qyn993owJiqvYlEmIiPOgarNqZ5FOQk0jVO2PUex40QIXvFYlVH2XdD72SQi+tF0Qq5pU6Ta9uBFMeq/c5QWaYPEWBw6sRtM0uYHrm7Lqej0iMim+ivt2mhdRBZMnkQIgYRMW2edJGcIAtN0k44YF8YWHcrAC/J3H2WqA2H0xdD8BA2DM6CunGON59odMzC3C0pX0oXrLiX1K6HwssxdUNjB+4C+F4Xxl/OkSgBK7+8sGGI2aj6eiUXSm8IHSbBLGqQ/3GJMben7/5qqJWbjc2L2AXJUkJGztY4umDqgrgcFtUZfafeIUYXVqbMUJ6OZwLIRewn8ZG/SBQ/7JSH6QRmm89p3OWX7LEqQASB4bJ1u2GVD5UmXng==]]></Encrypt>
</xml>


2015-12-11 14:51:04 debug :
------------
String:
account-ticket<xml>
    <AppId><![CDATA[wxe5b18b9bd7e3626b]]></AppId>
    <Encrypt><![CDATA[9iBU8d0Qi1BYMnPywiCNr1LV3hqJri/PMsrZa7t6MQyEd+ZoCucBf0nhc+Kk3rBSsUKpTsUDh6wWq16WIn7nMBjdyXnvbcE6KdSHerH7cQ5l3unKJYopnJhF2pNau2MaOdjuhxWh7BHQMGB+ezkCwBlVOatEhF7KB1gBzhlwEG6drT/MCe0jkN0vdnuwgAaCP536G1dL5F3KEqFZEHoZyHCyWlvsF6xzWbtYgeh5ov7b0tLBlJqXQdvbeY3ax3PUjP/0k+3i8Hcf4pllqGz3FbtgaoagN9MTeI7+X4T4bZK0EalMoXTZiL9XubOaKoB46QIxR235cWuBJD5IHBkzeY0PUQ4yY0EGm6AXbgp3fOoLkzuD6V2UeIcyQayjM3cThnWMCunQJsK4ZdgEmihIKzy8w1lQbLTxGTFXvyzXMukJzkI4vy6gW3/aW6DRCRPf2f1sMFEVo1/GDfQQL3W+zA==]]></Encrypt>
</xml>


2015-12-11 15:01:07 debug :
------------
String:
account-ticket<xml>
    <AppId><![CDATA[wxe5b18b9bd7e3626b]]></AppId>
    <Encrypt><![CDATA[zhUAhb6D9sf0DcqnvZfanmo67qWxJCH9ltmP2an5f+Lft/8c25kxiPy+agwDWiQ95MMF1sa6ioNLEsf7bGg8T2K2oWwbHyPV/J8npdBzMFL5CE/mSX8aGNw3qoaUEFtP4Dsau1YTqkYzYfiV85EVyObq7CehjstxINk5QGsP1xa7Hr9uNZMXR80Jp94BbvQwygId7lbre5bC7iEbfzkGMJt6zHUPB1QZwB6EIfizrymc5vOFveHQUGgfGXOUnQ6aDH7iNDivVXbL5m0P2IvmQ33C1If0PO9asdDNYF+BMlXduTtTFoE7+/MwCXiHS10RvTZCNr9opZKuuktRVvtfsIcVCmHv6PHE5CEFBIO6E+mXZEUn24T2yskD5mfw2sUrYSS+qfqu9IZGdUCNON8TPpd67i4/0D7ZFqG4v8CNiluncjdwCzVI44Jxqaf+26dFSaZ4jy0j/ZKVyytyTkxhkw==]]></Encrypt>
</xml>


2015-12-11 15:11:07 debug :
------------
String:
account-ticket<xml>
    <AppId><![CDATA[wxe5b18b9bd7e3626b]]></AppId>
    <Encrypt><![CDATA[u1g0p5tVxMy0W8rfA0aIY7cxODlDFQDbpnxNJEwlB5BFqszyNAlwka1G+DoB/XjS5uKhc25uEB08+CETMTMxSY8HhIv8jel7NVs371r4utqL00CD/rPALnXyFTps3xKD1oGVSdUIbZQQ5vnkRGzjhb2VIhriU68XJve/CUQdwsEsr6VtNGSFzkwB4W4MYlEk3jqzmizcHxXk2TFCyMoNlARb4ugkQVkm8pl+xr50LOlgPFrVLSL0qCNewOsBsf8R4lCwiX9+f2eMNQaIQV0xfDlwKV7ib6SYQCxRkUgdABqF07Om8Y3hUDh9sNyMfsy4EplihjyZPRo/OoTkc74+KdE/qmRxv6oxF5rcw+jQtGCDcMvspg80MZBuBmQHtShP/R30+LPmXJ8x0BY1d6jxxcwjbhxelz8qGPRcOWVKMRMnYmXcjaOhJ+yWRjtJiD/yg0fC57crKaNfyq4cClGPKA==]]></Encrypt>
</xml>


2015-12-11 15:21:06 debug :
------------
String:
account-ticket<xml>
    <AppId><![CDATA[wxe5b18b9bd7e3626b]]></AppId>
    <Encrypt><![CDATA[2eS+ZB+IBdZjzRi3RkgBvNJ6St/NrZXuzcWTU6cdE0VoT9SLcGlPr0rdB0Q3nZ9YmauqzjgMPpfnliuqmgwAhP39GkfPuvGaHNuT7o8UXC9y8d/vRZvd3Cmd3gGgzKvG9NQtdGsjE/LW4nvRCaYS7fmBNJUWMfwE1k1Mz50WsDh0qIe8/Y9MWTQ2G5Kl82gktz3dMNcbcfOJqZCQSEuz7fQRIa/DfQirCbgZDjtnDyKVPMpW0JOvQsJoZi6JXxX6j6d3yVXl450l1qSvHi8VrCCohQbv0vh+JFhv76ncHp+kH9b1d2wFDDqJmRoP57Ki5q0Y9E7U3HxPNglwzXro9YFzZwpi6AyYYpD7K1sUd30WS4iBSqv83r7vFEnHta3zXIsL0or5EYEg6OGgUSBY1lOzo1Mb3GVshU4/O0oL147/4nh8MbobVvzOWk26Y+5x70BxJncd8mC0MgvTzUI+IA==]]></Encrypt>
</xml>


2015-12-11 15:31:07 debug :
------------
String:
account-ticket<xml>
    <AppId><![CDATA[wxe5b18b9bd7e3626b]]></AppId>
    <Encrypt><![CDATA[XrENP/D6ulHV83quzemYeKKOUx6W/hA/CSoxpaEkayYcUQHUGUrI2w1mb6wL8JDD1uMz8TyVmcVCG3HMHbI61FmBzdwBDIuA51OMLvShnMMmb9uv/dYEwB6ToC57CR6/Tdm4PxE4ZhQQnvbtLaNlBnxmsL5vnzRirCtABCbDX4H3N/KrR30bHCv14ocdyOqFFXUg9yEwzPx4h1vMtldBmTjXJd8PnPM1Y4/Zcggyl2fLHdqZ0ggu+wJsH8Bd0l4tAOycSU7ffsLoSDDHHUogX4W3f9t075rn8TOPXpBh0mqCRBsLH8PRSckiTdjVMGNXs0KQNcw2bQTccBvWvDPVcvBycaHOjDNx+Z1Yr20GNrZfJ5utpw0iSGP0wJHkxbvOQ7xL4JpvJZPUzGpGT4i+UkSoYWzneOsOI/8egNCh9LqI/eIFo5M7ECKRGfWl1NUOMt7fVAlcpj/50Qd6PuHr3g==]]></Encrypt>
</xml>


2015-12-11 15:41:06 debug :
------------
String:
account-ticket<xml>
    <AppId><![CDATA[wxe5b18b9bd7e3626b]]></AppId>
    <Encrypt><![CDATA[297bxGCW5mjseK2IELl/0YizIjHb0XryUyOKAITFi3bIqnE+SlLtiKVWhqOFMY8LgsFxtiRg7eTo9SEXob7K6EHprfE8ULvkik34aBKQNWSdnHsxfj3HPE+I6P4qXuFStUkWBBNXfD+KeeOVrMJaK3XdbBD7ZDXRooHNkXNJKD3IDxuhsVtpz3SSXqDb+sShLr2/gZh0S7ZFDjECrVfmd9jZV+Be8QabC8mwHFYnNAnOh9tIE2MbpXv8jXFlDLhvkgueaUdPoExnfSx210NCPBEdrrFOpKdFJmnQ80s9/bJwjxhJkOzTaIWi05Kwr129oNegpQ4zj575xiYWhDMjDeIkLN+VRE8WCmujzSJLypy+sxgxaHMTmmxZcHP4FeAigfEM9ffCPjFdS1dGxHS/+Ojgdrsvk0MrIXCWjYFmqEjDtgywqzAt9B1J8VJbnVkUulGtJxbtZW0YSijs52AfQA==]]></Encrypt>
</xml>


2015-12-11 15:51:05 debug :
------------
String:
account-ticket<xml>
    <AppId><![CDATA[wxe5b18b9bd7e3626b]]></AppId>
    <Encrypt><![CDATA[NBdY65iY8KtGoFD6bUeeUFD6vASYSTVlsl+HlQgcHwkNW83ryEPsmeDgwifpaiRKfdCxZ3SUYBme0FBKYFgbl8Ktda/8fX/OM2Puaw0RaQ22LoI92sYWsaHEKH/E7DPFzEqkJlhm+nnJrJabD02+8fmgS0VWxIwmSO2MTbbI3eVSW2aSPgWmTgHNTRlaOuqT5JV93i2ZArRnRd7rxhSBngjkeuwC2JqkHzH2ScsZi+SRgGzYAVmwo8plTDPSo9kuRaTAylGNJRdwX2h0T8voOUegAnsR+VcYuzXubRdnGvv3dsOibxh+Qy4NwDQBBGZs3rjZ09Uxwx3JDRrcXq4H25uPM8XHvzEcScvjtbsphXhRsBYrE0LzbEcIA3DoMh4+wscGU33jv2LeCsDB0IgMpnSchW0rgDsdyusvidhFcFbjkFxygGiHG6AbpDIQnlL7aijy5tJWT88w6FDAQxU03A==]]></Encrypt>
</xml>


2015-12-11 16:01:07 debug :
------------
String:
account-ticket<xml>
    <AppId><![CDATA[wxe5b18b9bd7e3626b]]></AppId>
    <Encrypt><![CDATA[rs1GJwubXeVav2UIl3JkbjzpQBKofsNWr+oSUNiB2n7xlaO1kpFAGaVlGTgZAmQfOKYGvpxj0rW/Ac+tbdxUR1vPCp3QJQi9G9AxIfoa0wcHEfgyY+xRa0kHMwat6uCoeCejcd5JsyRggehIi64K4eVkwPeyDFufibmtqY7bkwodOPf4tQhxdaSe4Z++3ELuGjVr5uP4Lrfo5UhBfz+idE8v/5tmmuJ3CFf/jXtaEvcQpRAe46Os+JCtHPoM026sJ47hxq+q8tYPS30IKSVfEGxLCiDVWkqWq1mRrwMoKASSHDJIF547zhHaIjy2v25az+bUX/pkUScihyQS0LiOg2z0OUagDZjqedJWi0tFA75HWXLVRimpxgVcy4wGEtFdSggNAm8wiJfRolpHZOHu8R62k6qtB8KjOLczsMKIV7tFuE/m02ICOhygb9IfRQ4voZCND/GHG3LrcCSVohNnyA==]]></Encrypt>
</xml>


2015-12-11 16:11:07 debug :
------------
String:
account-ticket<xml>
    <AppId><![CDATA[wxe5b18b9bd7e3626b]]></AppId>
    <Encrypt><![CDATA[SuvjMZZUu68ykaufPxgCuEGbeWwvGILJcUGMw9BC4srugg8hV/kD9hGkmFCqTpgED6mopRIX5akx8Rxswp+a+VPLg3bPa8z5xZuKJcr9vsrIMGE9EuRGGxT0whp1UnrOZFuDZWAi2DaV+6iJcXz50rJDHR+s78Z7AseBQq0JLHvdb5IzH0rcCmaMA/kTU5b0ytRGS9kBvtKqFl8xQWYfwmlFxG+hiRN83LrSb/Ov6TW02huI6Vsa7j1kZAqqkcLZnqWZyiOsbn1cUh1HjzFujPjE50UY/jyx8DiWSXBTG3XAScB+WR/UMgnd6QmqjbnvEj5/Ets645zBwYG3ZMDA7Zg0B2CO3XlWH17YjFYry2vRCdoZh4176KiwHhZtVg1NlVRmg8BEEjnOalahJ0u8HKyzWQ73I8Tpz+oXASHHZWjqTMd1Nw0CPhMZcDjDKXXUqP+PDE52VSjhfOdGswDBeQ==]]></Encrypt>
</xml>


2015-12-11 16:21:06 debug :
------------
String:
account-ticket<xml>
    <AppId><![CDATA[wxe5b18b9bd7e3626b]]></AppId>
    <Encrypt><![CDATA[ijO0a8p2VnmGVxe7RX6gp7pl3rQU7efYdMpTS7vb6ZtebjJLi3EU0PUZ21ogE1Wb49iNWf7lb8+lEILwXyibD9+wHDl+RLv3WjTSrT2tpioj2t2ZMTpEfsB7XL4FH5LMZbqZQr7A1Ie10/9+DKUgzh1ZiTSKBL37f9IgqWlKbc2XWkXdNG4B4is/F0tmGPG08Vi3baf1rSaZgzCagZNwmh9SMKFiIVXD9HAqSKyeivR8CcH+mI9+7W/JKfbT0F+5Vbtg3S77Cay73MJxIHjDn5NDUHKan/OHC0rY2wPTGbqDHY3Yo+CPtp+Sfb5giI6+sJBBVSJfLchbuPJJxgmMX9MmtdMRPku7LO4f1YAZeObCwFkdnUYyB9+10ppj5i2MZD7jHD2HAlBdZy4+zd4ZovTCkXHIcsiI3MXdWqg1wT03PYkWeYBhvL26YL92Ajj5qn/gBhVEnhrIEc4afCbv7Q==]]></Encrypt>
</xml>


2015-12-11 16:31:09 debug :
------------
String:
account-ticket<xml>
    <AppId><![CDATA[wxe5b18b9bd7e3626b]]></AppId>
    <Encrypt><![CDATA[OWblz8WbEgkf/5t2o7DgiNNEOI97vPKXKeSmzCgMqjV6M6pENRnv7dQjTgZVR7CI3HzkBDIkY9xlJNC07o9ojDPYzv434DjGSC15UiVzhXG4woJtU9GvrMKXA+fRo8MNnpPj0pQTJj3LTU3yLDjKcK/Gvp9APVlqSrZcqLp6fpuH5udP556YBmK7FtS6AM2nTrvgObREfpTlwrt9c0Vc1LuiyzSOjCBzxT2Jj9wHBzVVZQA0Hf3z0W8uy8TPEva3yMGZ2MERobkKWzIjENHXuDCfbx2pw/rrgjPe79V1hXD/i2rM05+2qXtTVo4GyWp79u8c08rqpurKC1uJxURYrRjW+qDG7Zv+4PLEJLk+ViN/wqldgN8wpz1+mgv44UZGZ0CRgEQqpt1t1CjmpEEvulom7/AzpKV6oLSpg6z7TyjP8M+kN7SrIKKStilBYxYh8MniQcITYQw/KixqKKWGgA==]]></Encrypt>
</xml>


2015-12-11 16:41:06 debug :
------------
String:
account-ticket<xml>
    <AppId><![CDATA[wxe5b18b9bd7e3626b]]></AppId>
    <Encrypt><![CDATA[KXF/PnR1HOMVR0i+INqkZkSbIk75M8Cju3MiLfVYyQYImEwZr0Tk13qLin4diCLcIel+FkRO/S15+ZAj4vU0Kz0v58ZhxMySnc+r+gBgdpcJdtYy68ZQedUbhVELQJyOSsJHEYh4Kzf3n/4qWR75Fv5GdBm5SeuyyA6WFzPFUxSwkG6n404OrN2/3M7jas9PQ4xeJlll4QlsqqdfGqeEw6sD9TI0s0imNB1LvslmfJ8mYWVP6YQVwsDop7GuS0AkUUebga+xakYLykaIQkpeSNHqaashL6WScz+yV3ebuoZANyGXxg5Mh+q1DC8cUagHa9O9FewSD3pFwmgPlSBQIEDQQykk/2lYhegwuOakfMuQSCJVirDvUp4Bkg5OkvxXgCF+A6MvEyju4xSjo6AMOlcK2ZTRW9hP7fUGeEos+4QoYG+SAlJRKmptGhT/H1NphHMPFcsbp/2bj/aUz9hJIQ==]]></Encrypt>
</xml>


2015-12-11 16:51:06 debug :
------------
String:
account-ticket<xml>
    <AppId><![CDATA[wxe5b18b9bd7e3626b]]></AppId>
    <Encrypt><![CDATA[2/lCTCBrPdYJHh1Px+ZKAaYoNpYi1lv38m46c4gWPZ+9JmIxyxc+TswGzGqnSb1AEAM96t3JPcrLazgZ3vp/voDC5YY5zTrLKeE5R2RUO60zgflosP0P35N+qFzBV8p1v5KUfn5qZUNRpj1ob/z8gi2SoczmaTS4sG1UMRQ1ueJwvP4CTduuL93Kvaks3Xdtrg6fh9rBEgUzMBMN40pyQTBCX3aqPji814UGbT6BZQbnnxu5K3+/+QNaxmIALrrRao8b9zuValtDuQGchZartfK66UfJABGjUzwC3mjLu0A6gknr76vkI4BMUNtXwK4ckBWMf9JPMTHYmQlU/r0Xz9SpC6yEvRa2K0vWT80/0+FP1CHQhmRCpphR6m8qF70bXDfF+mPGv4Xg/fbvmvfjZ/zwp22KLnzr4vzx8n2nGrziqhxESBJIBws9Wo+7c0slj03QHqzziqXWJPFqtexMLw==]]></Encrypt>
</xml>


2015-12-11 17:01:08 debug :
------------
String:
account-ticket<xml>
    <AppId><![CDATA[wxe5b18b9bd7e3626b]]></AppId>
    <Encrypt><![CDATA[WiIUU+Mnmyrs9/7U6xbp6nwcyW/zH/ztjvvDztyA2GUZzSRsIj6RL77t9JiEVYF81TEQibbn4Nbb3V6DfgpMspCMu6mCOTa36zNykZ0wBlbMDT4t7WOIDMXETkZ63iHOWW3ep1Ref0QM8C9rfcEP7K+gWbYpMFWwtJs2FyUA6A1Lpeq1VDi65qtPN3drl+lKSaJrliAsl4eIQeNI839L/O3MAIxLWUEyeUMNxqjlQwYxm/QOF3Ww0SqJ+8lhXl6pdr2x6YN9RFdlf/ti6bg+mDHyLkeZ2xdUaYTcU4tgwHNl9Mswg+5NSiV3QxiY96rebXdylT0Ss62smUSrei0jbz1YdukYMVpA+J0KN+Hqlus40/IbA3hrnIqIaBaP19Klk45RuY9ESUsAP/ili0LK//DXGXHecmNq5DTPlw4GMNBiVd4MyZIgMxCg7WWIMHnYlKgjzmJU8Gy9lyksRfcX5w==]]></Encrypt>
</xml>


2015-12-11 17:11:07 debug :
------------
String:
account-ticket<xml>
    <AppId><![CDATA[wxe5b18b9bd7e3626b]]></AppId>
    <Encrypt><![CDATA[XUJBwycajwEYtoaHxop1YrGkDZqa4H96veE1VzLMUs+YJswsbvjpM75SpLa3h53i43Q8yKaeLn050cQF+wuGrGeXSq3LxZDQMNbeVMO1XSrf0qIfEQ9raNgjBG/5cF9dhVMU1dsLeHrWVH1YneNj2FeiajdtN7l6ZCDrQDKf2ufsiUseRt8NDAg8IqZvcIFGrvIe+2asHCZFjqygaFesIh7CKmJqtjAEO1MctFgG+LMvRZEWpAMXYwreDDTvBb8vEE1KMoMy+YgZf2kucJCzSw8Uv+HilHJjT5+Rta6w4CWp38SHrHcyTsWWiVX8HdMdqqyO+ffBBk9EMCIVl/dFyCCxcN/107bAe0bCEbpZO9AxjHiyktein8XoO0xPCaOd7Hs5JlNYPpFK47gv7Vxr9l6GY27A6FOzawBCL1VO6UksLNPda1xminFCrELQGSruYH8ai/YAWjvevne3IxMAIA==]]></Encrypt>
</xml>


2015-12-11 17:21:07 debug :
------------
String:
account-ticket<xml>
    <AppId><![CDATA[wxe5b18b9bd7e3626b]]></AppId>
    <Encrypt><![CDATA[n00Xi3mv2ADVfsOqvagKgXbd8GATPAWw2Hr99/emjwLI2nv2v3WNrW/ffsl/sFeNHQJk4uDsjaTvnSTgo5Q1rro2yRq928T+kLnR79oQvCSrmwR1DD2bhBcMlUsmPEoWy+HeDAXanZigNvxQXL98VUVq9iYCuEHzT8xeD7HgAxq9VuR+F/1Rr0Y998ENdDS+/+kJUhiRHmUd7Pb0opSnvYrU8wMMaWlnahL/KJrkQbIB6XK0p5TmCmbI9HGKysjZ3DaGxy24ty3qus3bXGcgdawi0cJfpjsIAZX55mKHJwkMQwMhLY5F/RAHl5w3bSswpMm1Tgs7+atI0WKTsimO6w2whG0eYIPPXa7x9Sp6UYjiqMGc4aFb2aX7mVAHoePPRSraZlcheULM9aser+9lGQUb5x7JvXSdtTBztMpOPRPduxwPAoPFIeW16C8caNJV3g2u7CmLCwEs9yPxTVNM8w==]]></Encrypt>
</xml>


2015-12-11 17:32:50 debug :
------------
String:
account-ticket<xml>
    <AppId><![CDATA[wxe5b18b9bd7e3626b]]></AppId>
    <Encrypt><![CDATA[X4eaVZxfN9/aRBCaEaUtoQJVBOOx+qxkfLQz84OuiFvVIwUsi3CgyvNyR4cG+kATCGUSSjleuJavMNJnE/vHFto7G36juLjuZWJ3lQP/8wOIK0AqdUmrxJr8nbTcAz55rXCFmCqWe75d9GOaRomDhiskXPpYsrYj8lxepfaEp3NUTz1p8ZCwlwi+MnXnkjIQD0OZOhedYyqflEY4Dc9hKI6SH5gYMxJrws75tz1U1Gjr8hhpCeugMMiftp5c31Q9x3iHGmupm8dlGNsauNlV7K/ExX5/nkocyJGl+sbVqRjjtfc7FkKBeh1cDZLnGm1YkdxavwuUUqXWNnNMXAbJ3TtDvwWszgX74seS7CNwWG+FFRRBe1qL5ebOzT4LpkryOwokNLjEJ4YCMQXjYRXRjhk3A62fqX0i0IqAz3F37rVXkzs7/7orvJRTUJV1C09WtqF3PBEpOCdTg7vNs4r+EQ==]]></Encrypt>
</xml>


2015-12-11 17:41:07 debug :
------------
String:
account-ticket<xml>
    <AppId><![CDATA[wxe5b18b9bd7e3626b]]></AppId>
    <Encrypt><![CDATA[JGtItc1Yxu4vFeIiK6YSuKIfe6qvn6KxeQADUN8xIIcReaMUAzmIkcBOnw6h6ntELFAE4PpAyC23eN4D1kXqX+lM9x1JDewE4HT3ubOaPYiQtL5ThHOsTrfHGx+N4IUmeBnUYJRQhHwTOf8royP5P0pO7Kx2e248F2kcumFaORHE0IPxw8Nr7zL0fGCa8kJyWsgZOKW5j3K9mOo1hnrNXmh/TeXsl4ppd1R6aARm4H7m4v6KPl3AuICErBnjFQu+DnlFxJObd2Rp2s1zkhnyF4rRnpbT5ghitFMcN8vHcN1ya5KAfcjpj5wWgvn3r987JJFXBFqxXB3fM0TGVvXnKFUsqSVk6hQiJYjjAHD1gX/oKjSu5J69bf9y/01ndr98lxC21uDIoZynNl1mbH8h2szv84Px59qX5zcJQ/bh80/AKoChaRtvtgaiBeItSUG/sX70mHAptRTYS3ib9Nt2XQ==]]></Encrypt>
</xml>


2015-12-11 17:46:42 trace :
------------
Array:
from : oywoswL7phyxCPdhiX-HLYmfrvwQ ;
to : gh_594b4a77030d ;
time : 1449827204 ;
type : trace ;
event : LOCATION ;
tousername : gh_594b4a77030d ;
fromusername : oywoswL7phyxCPdhiX-HLYmfrvwQ ;
createtime : 1449827204 ;
msgtype : event ;
latitude : 22.919609 ;
longitude : 114.073776 ;
precision : 65.000000 ;
location_x : 22.919609 ;
location_y : 114.073776 ;

2015-12-11 17:46:42 params :
------------
Array:
message : Array ;
module : default ;
rule : -1 ;

2015-12-11 17:46:42 response :
------------
Array:
errno : -1 ;
message : Invaild value ;

2015-12-11 17:46:42 trace :
------------
Array:
from : oywoswL7phyxCPdhiX-HLYmfrvwQ ;
to : gh_594b4a77030d ;
time : 1449827204 ;
type : trace ;
event : LOCATION ;
tousername : gh_594b4a77030d ;
fromusername : oywoswL7phyxCPdhiX-HLYmfrvwQ ;
createtime : 1449827204 ;
msgtype : event ;
latitude : 22.919607 ;
longitude : 114.073692 ;
precision : 65.000000 ;
location_x : 22.919607 ;
location_y : 114.073692 ;

2015-12-11 17:46:42 params :
------------
Array:
message : Array ;
module : default ;
rule : -1 ;

2015-12-11 17:46:42 response :
------------
Array:
errno : -1 ;
message : Invaild value ;

2015-12-11 17:46:44 trace :
------------
Array:
from : oywoswL7phyxCPdhiX-HLYmfrvwQ ;
to : gh_594b4a77030d ;
time : 1449827206 ;
type : event ;
event : VIEW ;
tousername : gh_594b4a77030d ;
fromusername : oywoswL7phyxCPdhiX-HLYmfrvwQ ;
createtime : 1449827206 ;
msgtype : event ;
eventkey : http://mp.weixin.qq.com/s?__biz=MzIyNDExMTgxOQ==&mid=401376031&idx=1&sn=412f72caedb38ddee6d15c9685dd0d47&scene=0#wechat_redirect ;

2015-12-11 17:46:44 params :
------------
Array:
rule : -2 ;
module :  ;
message : Array ;

2015-12-11 17:46:44 response :
------------

2015-12-11 17:46:47 trace :
------------
Array:
from : oywoswL7phyxCPdhiX-HLYmfrvwQ ;
to : gh_594b4a77030d ;
time : 1449827209 ;
type : trace ;
event : LOCATION ;
tousername : gh_594b4a77030d ;
fromusername : oywoswL7phyxCPdhiX-HLYmfrvwQ ;
createtime : 1449827209 ;
msgtype : event ;
latitude : 22.919622 ;
longitude : 114.073654 ;
precision : 10.000000 ;
location_x : 22.919622 ;
location_y : 114.073654 ;

2015-12-11 17:46:47 params :
------------
Array:
message : Array ;
module : default ;
rule : -1 ;

2015-12-11 17:46:47 response :
------------
Array:
errno : -1 ;
message : Invaild value ;

2015-12-11 17:46:53 trace :
------------
Array:
from : oywoswL7phyxCPdhiX-HLYmfrvwQ ;
to : gh_594b4a77030d ;
time : 1449827215 ;
type : trace ;
event : LOCATION ;
tousername : gh_594b4a77030d ;
fromusername : oywoswL7phyxCPdhiX-HLYmfrvwQ ;
createtime : 1449827215 ;
msgtype : event ;
latitude : 22.919544 ;
longitude : 114.073647 ;
precision : 10.000000 ;
location_x : 22.919544 ;
location_y : 114.073647 ;

2015-12-11 17:46:53 params :
------------
Array:
message : Array ;
module : default ;
rule : -1 ;

2015-12-11 17:46:53 response :
------------
Array:
errno : -1 ;
message : Invaild value ;

2015-12-11 17:46:58 trace :
------------
Array:
from : oywoswL7phyxCPdhiX-HLYmfrvwQ ;
to : gh_594b4a77030d ;
time : 1449827220 ;
type : trace ;
event : LOCATION ;
tousername : gh_594b4a77030d ;
fromusername : oywoswL7phyxCPdhiX-HLYmfrvwQ ;
createtime : 1449827220 ;
msgtype : event ;
latitude : 22.919544 ;
longitude : 114.073647 ;
precision : 10.000000 ;
location_x : 22.919544 ;
location_y : 114.073647 ;

2015-12-11 17:46:58 params :
------------
Array:
message : Array ;
module : default ;
rule : -1 ;

2015-12-11 17:46:58 response :
------------
Array:
errno : -1 ;
message : Invaild value ;

2015-12-11 17:51:08 debug :
------------
String:
account-ticket<xml>
    <AppId><![CDATA[wxe5b18b9bd7e3626b]]></AppId>
    <Encrypt><![CDATA[13aMyKPjlyjVF98DwQlIhe1kPWNHiak39RKiLnBpKTCln1m6OyunmFtkK3YtwFd6RDA0yzR80w9FQBHcTnwNvWvIhPBKopEUF40oWpG179XevKGu+XI/45CsxxWQoZFT2a3E2Skcc0wslpu0WUGpf2Q+6H4QOeLThJcwyqQjknm4GQ1SIC8owKwGY5//Nl49+VI3Uo3+uEUVBZw1x4hBvdd80ehfEefcPTXugYLqLh19zlyx3KcDOHxVx3sJh5+Ud0b06ZKJV7v85oRL9RdktFa3y2tkFzwhZC1VQs9FO3ssui74rOsYfKPGUuU6ChcS4Wa1iZukLnswP2AItKSGWz/4//5HaIvo/FHLSxiBQFit0geAFTMOfp3LP/EALy4K57Ex34Fve4a/7zFoKXx73aUZggL66LjcVQPdM7eaQH+o7paSSseHPG1qT0tc18J+0itm/CdCMqv9tJehSpe7Dw==]]></Encrypt>
</xml>


2015-12-11 18:01:11 debug :
------------
String:
account-ticket<xml>
    <AppId><![CDATA[wxe5b18b9bd7e3626b]]></AppId>
    <Encrypt><![CDATA[KcY8BR6rer5Xt8r0nRrVfSGbBRwnAVhOQIlwf1R44gz+HyGTTlZAlARSVNaxx5hm0gGnCHU/JSyUTx3Fu0rqXS97T2G9nJOCfHrGlmYLrrkACM2692rNQEvy7B9VIQ66Bv6ZrMyQetDSfu4oOKOEj8Y/FEHAzW4I6LCzByhuqBFGpPL+/wLaURmpIAQX2QaK/tWGFw0aq8CVnYEOvtCmDggwizFRPGLoqdk8qA6l3YaI8cG+2yp0cYsEWoANG0mbUqRmGrumnLWE3P7MXCsR4Yb7Iq0zShV/sA9o0ixJooHu40F3S2EdtkKCxkk88BYeshDAzMnnIlOowJm752VsaegMrqMr619fGXDSN7V/TSE15ipVnEUI9Qb3jnLUtjmL8QLPC3hAEtd74Mb1Q6U83psm3hECmTxrqfm2YIDe2uQcJzmkyxIYdCpy7yd1HSjDIhnKiJ+gv1ht0RLp7qvI7w==]]></Encrypt>
</xml>


2015-12-11 18:11:09 debug :
------------
String:
account-ticket<xml>
    <AppId><![CDATA[wxe5b18b9bd7e3626b]]></AppId>
    <Encrypt><![CDATA[/AymOjucIWq7YwZXphw4EK+tFwUXBG3LKoIXxPSuFVt2Upq4QOxb7JtOrENwAJTbZ05ewmgSuWhCLfQXmDXjSfWzUS9R6K9ePsdPzEW5YppgY+QkA9pxfOG01BUHL2CoyqC2wsT9/smxyKqJObjclz34mNTsNpXjVC0g13l8g4CajTDun/vHnr8SMItIQnmnRDq9rtY9/sAXvAVj/tT/iFMVaiBhxhwn2W/WsBvmze7lON46DyS52DLOQHGflCmhDg7or2UXq4aJxYzcJEDbGgKdjZILXV6hseH50xNnnPjPKiqw8sVKd0iQiDZEg3yRB3p6o3Qp5aDNhFeIDxyLN9U696mhwm5FNT/IKpwGTcQvnEO7KEWw8QIJCM99z9AolXpwJG9iwgsgHNcuF6gDplmMq2FGsCdFzkAPOnDiJNNBQylQ0buIsDrDixKuE8QdWtIXNh1OoiGkJm6UxUGkNQ==]]></Encrypt>
</xml>


2015-12-11 18:21:09 debug :
------------
String:
account-ticket<xml>
    <AppId><![CDATA[wxe5b18b9bd7e3626b]]></AppId>
    <Encrypt><![CDATA[vHKj5UMW+BVPYBTjVYsaUVjMZVByU1cMNXOcBa/IyNfcRaKotaUpESAxkJhuRmvae07mmf64vyb2t2/GcZz/3DRXeShyYSL7sI2tLwrhBULWlbFEeX7i7f6wju3EwXHr+BgsaGEZ1/7wxdRPnbrjSE2jhqvqOgayLywxoTJ0XXc4Z1EQxhdpibad+0gwkaT7+d6RzODg6trrAomeLAAek2N/uVlzoy8h4VOeJ8+Hzn23HZgxgzl3giLsKW2FXnyWgAOtF+cd95vkqaEw13vkwIPTpj2DnD9XwoidbCkiHzpTMEavoYkvn/lpJe28b84CeTklI6yEi0DherLh5hVIssqAZS2G7DOL5F3Nw1BBpJb7XWdFfR/vM9rKbqwh43l5SYccJ/lbvG9Bv7E0MQfF05mN1LfwSA9W2Eq/V8wKXbeYgZW2fRoG7NYO9iMXkdyRsUtqtyrvHtHCM6VTeRCNhQ==]]></Encrypt>
</xml>


2015-12-11 18:31:11 debug :
------------
String:
account-ticket<xml>
    <AppId><![CDATA[wxe5b18b9bd7e3626b]]></AppId>
    <Encrypt><![CDATA[xzMIeDYmgwlxurIRg4JjqVZriMNsc3eUQ9sBOYha1U8+tDsNcCok6A6N3e+12s/YM+vemonjS+0BfBZjrLPfxpfJNB+DfnyHJb3hIpXKtmKPhsd+ds1rST+ZxzOmyLXCDsJwgZ6hHNm5RL7IsrAmHH2ovHKsgggmUZBjMHEVQ+7UsGu2IGooSxI6nfelapY4j9NyComXnl5UHvWls/jTHVHpxJjm4GrL8bOKeEoWBJBZhEPcoQ2OHbSqfYeS53Mas8Pxwix65b8bi1cAJdDIaiYTBDWNSxM76wYmuXLTEvRkwDM9lmC+TJ4oLic2dYI2mIuYw2+fhZRvdrz6dHv5Xml+FJ3ID0qh6fQGbgFhtAs7hEnPHzZ8Ll3ludloT4dCGJPEc7ddj8KijhQQv/gSQYeShnxbslglRuRvVcun0Co8SXva60xLxfr51ZTKdOHTq0auy9SeRPkYMqbmR94o1w==]]></Encrypt>
</xml>


2015-12-11 18:41:08 debug :
------------
String:
account-ticket<xml>
    <AppId><![CDATA[wxe5b18b9bd7e3626b]]></AppId>
    <Encrypt><![CDATA[2cgneO4HWukA23SkIbkG4QDYpMHogpdJ9jCx4e1QCyCBbpw4Pv0kR7c8yedXwlurX3QH/wffCqqMypUEEQz0LRApg6FtGZdXcQeIwZzxR6vaKjHsiT0d8Ei0pNUrEU6qjNeg0O/SvXoD645iOmf9g+0Ts4YO+PI5PCpvT+QPH8kxQAQJ1MaU/IQnhsFmm126DMqyvEDta48LlR78OQVsq8wM4OJq2q+d7DK7/2ZsC54y49O2Jx9rym8NSVZRuVBWZGUKQJhAZNy/ig4mzCd3YW4KLk0tsasOsQEBQLenQoQcI+IoBaGkYZVlptEh9Ej1ZwBkVsjTj2rjI/1EgQ3MWvmibjt/CWwPOUnbcCnTQmRLtYhum4oVceoQEcrzTDZQfzQoSvXDVIiupx8qjJzdd0ksTyQfWVJRWJbktPcuVrptlh0xDi+M2gpnE8O3oV0V4lR2SQONewtEAiCuW/2iOg==]]></Encrypt>
</xml>


2015-12-11 18:51:08 debug :
------------
String:
account-ticket<xml>
    <AppId><![CDATA[wxe5b18b9bd7e3626b]]></AppId>
    <Encrypt><![CDATA[/4aUemNlFHwElp6EEwAMVdB2ypbo6D0JDeg2wWW5ZmJcrZf9SA/aEIuUQyc8DlYC+yz4tyPpUc9lX2CAsrMGwg5/q/GyEZGJ5Io2jpvCGv7Q2nkHzs42YCS06OduXuG3VHjbjm448yAyJHhPqaK7qrawkDqP7L4Aa+Mn5fb/izIgNYdZUodhGKiZLZeh+pXUyyPpGvWqqxnl9B3a5yuYRQwJw7eCK4c6SK2qIiuzzn1dsmpM1/e8W2mmo1W3EaaS+hZ82dynsb9vi/B2ZKU+ZiamZVxQaf8vyaDa264owE0doT+9ZqXc+w4UVPYhkiZw05biCikE+805ciFlUG3Hy4IvjlKz0IYz6Bc7mHCBcJvScwfEPdZefb7N4tfmB3DhfJ6SAuIPY7BamahDPDt0Pd3WlbvUP0HWu1TXjA+WzNdrNQe7robsebiNM6zFHRJhCSbx5M2KSTMSNVXNTOEmnA==]]></Encrypt>
</xml>


2015-12-11 19:01:23 debug :
------------
String:
account-ticket<xml>
    <AppId><![CDATA[wxe5b18b9bd7e3626b]]></AppId>
    <Encrypt><![CDATA[nMblkrRHkCQ+RxjpkahTQtFtisI1OAP39dORqOjo/aWQh1r8uKEDgjwMAnA2jB5dXREDKSjCYjx3TugeI767LgEEt1iVEdHCO5iYpjl15GENd8ZlbeK/APVteJ6dv9zroMMRgwmOJsWhQDQas9IuEePwo/bYJFO+fMbrNmLRylf9HJRzMkPHFhfVBIiyJRMTGvT7GMg7KGnm71Bty2iweP9C/S4lImX2Gh3fDZYPCFTlaBndjLr/v9hphTUhD26amCBh4OnXgBCZQVVFQpIV9A5w8LPh3KDPtKWBQo2v5b6fGYsLLrhOHfWocU6NrCPT7XvSWkVz7spwpFiiGwdPLD+NP+h/FoCc+kMyQyFssIG2v3Q8QUNb71lc5VdsbKlxYq+H6GogFhywg8xJCWmt+T8Brd/vQnwtR7z+MvVj+ihSHVEvDxgCuD9vr1K8j6r07DBnwUKOgh0/f8IMWYYcRA==]]></Encrypt>
</xml>


2015-12-11 19:11:08 debug :
------------
String:
account-ticket<xml>
    <AppId><![CDATA[wxe5b18b9bd7e3626b]]></AppId>
    <Encrypt><![CDATA[0mIePWuckziU/mDWZf1jD46/fcUgBzaWFnmk9UOyfZ/Qzng3CTXRK5UoW2Hgw+/mbEo1nDNdSP+F2+fJkC+8mrtbcUrMA/tnAcmejLrhvgBfXWQiimiTxSep6pjJXDLzZvxzHmLbn9o6L3KLx1ovVyQBJpBXlxi8M90MvVdIW4SnqSGBmn7K0ArQH9+NHAmS3K2vza9v/5lcI+ayg10F/g26Cbmzxp6NPDp2GBmWy0/+ha5NLLEiclRF5fBOu00NOEmI/J/c8VFfhFx3zAtdb36R5qpPCubuV5xjNIJeuyBxkU55h1GyNeC41+oF/SilYyw/wvJ7wU3WrKpiRurq3UG28G9x86W3CPEs9OS+V8fURoiAkOv0a9IPWcY+aBK0ZPCWWRIfogbuGpBSWlx5ZDAO5pehPpPzZ/Zq/APLrPoob3ptjZfukHzR6Aoc4eCiApUUJVZLLFwdFjv6q13hCA==]]></Encrypt>
</xml>


2015-12-11 19:21:09 debug :
------------
String:
account-ticket<xml>
    <AppId><![CDATA[wxe5b18b9bd7e3626b]]></AppId>
    <Encrypt><![CDATA[HK20syjvGUoOh4f4H20sEMRL/1ZpORyfsunTZzTcjC5ySz85xhuDQy3UZO5DymcAbYUzn+BzoYMxVlbRaGIUW/t8fAwovLLeoSby+fnGLHQ7G25wQE1ITU6iKyGogFHmIhRWE12CXJF0yGFYBwNlhXymJ7lpJ1amSsoa2/64bRzUCq2PXu2+P/YZzUclbOG/NiLBKcOgM9hcNQdfvHgz+N3tcVrV3UtVSEXC8iaiVrPc2A9pGwfgSlcbBp5F4aTaMr6Lo+YlIpzHLBlqXADmrNyr9l67OxaBh1eEjHnbtqmPrwZD3OlOe01nuWB2sOZBzAtUFn2PpQAJTY/Rx1Fxca4/IDAtFjflkjQjUCsnw1vre6XEAj5F31G7KvQXStvC7WhsjbfBGJRrJoXI32/al1OAktpqHH6Vmeg5JSQrtwNXhn3k9t1NlIBj0vsBCBqWrP2g+op49x+ilydEHknoLg==]]></Encrypt>
</xml>


2015-12-11 19:31:12 debug :
------------
String:
account-ticket<xml>
    <AppId><![CDATA[wxe5b18b9bd7e3626b]]></AppId>
    <Encrypt><![CDATA[R9D2bUeEcVk1kkdRSAYbNUfAY+IO9dvE4vckfeEfV8/l4zLaykAXDDOHDordMBacH8pGRulxv2RUpuvNKDwWS7f2eBFZXDJvaT89I4eUY6RUFNh/F7Z98Jk5sxqlNNSJy5pFvza17NL2/Qcjf/Gz+wN/QV1LFzZcXBj5/jEUhJz+hJSLXJ2V/ayxQ2rt3nhu9LFxqc+8RezajZeun7OW86mekSOV9lfgCSBVNyNxI/0z/VRgK+oi4XlGpyYFDQ+DVeBp8nVA7rqZ8KwtTXIdxj3LSgOtouY3hQiQmMLfxrNpyzfA9UTQgTzgjZXKdFnFoZmodYqaCzpnZi+pILQx3fkj4mE4l4tcH05xreMp3Ls6BxlnlZYEJQ/cwvaK/UZOfzxzxguzzzynjZsre7r99oYvIl5SCCYRLj6o7VP4hjrWOFSy1e+lpTZizESHCOPVM+Cn95zBAuNwba7Op8haFw==]]></Encrypt>
</xml>


2015-12-11 19:41:07 debug :
------------
String:
account-ticket<xml>
    <AppId><![CDATA[wxe5b18b9bd7e3626b]]></AppId>
    <Encrypt><![CDATA[Ns64Q7gwF/1TlvDSpwLsCzFBVvzlBWD+4fZufWge16zv7PgqUzceAKT7He692dAkP6t9Zpp8/qZ6mCp8hMebI5yRscpkxvdEjk0X+sGEb19C3CxTCqu07PMo9Duib4QEvrXsWx9IKs1KLjQw2MMuFRM+N0ICS5c/ORyomKY7CPZ1Mp7dNNUPFAqKFDWg7L6CrWiVyqRN1ttxposOWO4EhdIvYzfN42Un8gTkJwtx6ewP8hfhmQT86W49Kx8DbZ5M2finbUGVvjoFaefVlF+5O9WVay2JrOK4C2oY0SQBCiesDDZ4qtV9qJKOfTm0+WfoeR0LFutAK7M4iTYa+GOQnLc4KWBTQfQT9Ubjcijg3P/OuisGIFMoLY1jdUafTp6AKr6FWg2wm2fz0prln0wAm8EGqYbIaugTuknD6tcPCwXGJZSbhda5Cl6ZS3lgRMOrIkF9dA9QT5QfKqFuLlXj4g==]]></Encrypt>
</xml>


2015-12-11 19:51:08 debug :
------------
String:
account-ticket<xml>
    <AppId><![CDATA[wxe5b18b9bd7e3626b]]></AppId>
    <Encrypt><![CDATA[cl7j1eVBKd+scVgD8kQ5bLm10/fSqgL7gw5TB9/up8OSXlCrcJwQwJY3KOcQAX2y3gDtpCAasOILkxt0gGUa5vcUkYbDf1jQD9M0g2YxVcc1qiCv+WxKkdKgROkfHfHa+kdAC+hI81IOUNXAm0bxxEftNz4xEBtSdPjK0gmuKw9ucrmW3prKUKr/jlx5Qit9sHgfSvllZLQH+nMOE8iEaqFUSPRECVSKv4jcS7EP/XIujqIgBRGqbzpXc4UbZhkDDm0QHCYsVXCeI9AZI9tkJFN6CrBasER0yW03Zkq1P6wVRvKaQZlNC5mMyhmFBKPGoqHdESubzsdnxV7bjhCH4ZsIXnkiL4p44E/u0FAnZZQ5MtCDNL6nVLR700339mAyXS4Fu5H5j4+ZtTn8Hi+IL/hA3CBg6QNAYV8IjLYuQQBc8D4pNztOBganQyq2tQon2ZvMPbrV9dKhedWCeoCvHg==]]></Encrypt>
</xml>


2015-12-11 20:01:14 debug :
------------
String:
account-ticket<xml>
    <AppId><![CDATA[wxe5b18b9bd7e3626b]]></AppId>
    <Encrypt><![CDATA[CIyVQfmHJbQbdwYSj2o9cQdYAUs88KlaymSvdeQtGi1Q8SU5+jxvqI8yN2fSPXegDPOfe1ExVg6501TPZ2oob8WWzgpZG5y3rhU+SFdoJ27tYPUby4osBIDZIwVXyG5G/hDOuMrUzeqcbdBcmGsJL8yLJFfbPKwwyRue8xelaYzXZRWW1IzjtBk+inQ8Ga5w99WyCvZAzFIkhciRQBmAxigd2HbbL9yzsAD7vAhwHZ3ZgCWwApxfzilU+lzTogoUOLAzKQqxFJ9+cwBVlQax4VSPiGXci1kLabmIGAr2zcJMhs2wiSBEplfA8E6JegLW9CP40Hko2+rd83wY9yq010h7rLG+YRFPQpGLwQalbzY4kVqMWwTZtnrisZaKvh1uyB5A84x/3hQ4ZHK3IUTAJnmhW8A6somip/EDfABGCCT9FtL1batkSYs5Yo88XPkHMUyy0zSQMOXHR/cTsaqcDw==]]></Encrypt>
</xml>


2015-12-11 20:11:12 debug :
------------
String:
account-ticket<xml>
    <AppId><![CDATA[wxe5b18b9bd7e3626b]]></AppId>
    <Encrypt><![CDATA[gT34z41sxyInQLYo4bBYmHNMK87RfmQKWljiO1GhOLXl6nOPJvLoKQET0T52+B0i7R48CPbkgVEhDTL7SHzd93RGwPpKoJRf5IWYrM5dEtshTI3t356qC+gx3vnOt5gqnoUqtaTZsyATyXSKBr0gSpA6oU1dMKqBeCHlE+t4YP/X+o0lUeFNxBGOf5NXT5rtLgPsbYZppj2OUDf5dTN2qdG9AsAFi1DFW3KepTp2QxiUlHl/cfsRu45FL0Sj3dLqKrShyP6QQPINzUSJrTpbHmbEFJ6cxZgyYniNDNHnQFWBLqTWMONeL+SQ4IDsjSlJMnq5E7WDNx7KhIcJrAh8q9gQbZqSngRXy67CHS0Sxd9uTIwIlLldWjiNx3yGoxBMkZGCxEJqYwE9SpQYcVpSejibCQ8h5X7oA2PWxJTTzdGrlfMJLu/hlttoOnDv81Zbrdy8bT2gfVkM+lFErtz5Eg==]]></Encrypt>
</xml>


2015-12-11 20:21:11 debug :
------------
String:
account-ticket<xml>
    <AppId><![CDATA[wxe5b18b9bd7e3626b]]></AppId>
    <Encrypt><![CDATA[yFyMgaMlAv8Bu/z32+Nd33faQS2lb0Adg2yz3burAR9GiQJ95llmFV6N1Hm+6h4dOXsfycH/epqhOXeHWNLml61Rz0VK8/DX553/MG2owhbl5VPdOb1cP6dSxVk1+LbjkB/QN5aQ3D66DJcsBLwdBFDLAEjr2rSXzk265Zh3yN30vB9WvcCD1RKEmsDF6PZipqk5wdZeRCjh5mtnl411KWig9yKrlA6memgB0j66fJSgvQxoi0/S1rfr8/kuam+MFC4ZYcQAEmy3eztC8pxpsRhXJ4/zCBKgQR1zCpkdTmfQbymQkMZ2y5+cDsPO76rMTR91XpF/K0sm3/NW2d+ZoukFDtrCvBplS2TmYDCBQD1NNrMRhWGBPkO658UbE3n5/RsAIjjJwvWmUcuf02pbGul61XMX1r3pnfg2DgQgiIviNOSQud2SlQXLlkGnXipRRJPvtaucoC8IoGdOydXGTQ==]]></Encrypt>
</xml>


2015-12-11 20:31:13 debug :
------------
String:
account-ticket<xml>
    <AppId><![CDATA[wxe5b18b9bd7e3626b]]></AppId>
    <Encrypt><![CDATA[aKmS5LONotTsEGSXsaEoHIVpDMDVqBmrOwqcRXKGGaoFqLNdZ9dhULvlv/hrobhH6I2D9HIShCEVbiTVoE2jvVwUXisVgUu3FLR9k8Ps1KgPgcYp2dW3Xb4uDuOIwbamBx9Brh2iFMvx9ixB5rdFcX1fTjXxSlvBx+a/lBeSNBh7XWJGOOUetUVMjmwIboQ6bejjhmti7PGXK+/0+FH4WyujUm9tFW7iTbXXRAS37n/HewxbFRzQxwY2uO3UDltUHaGuNBLuoKXenhuXW5v7CSaVAS0eWV/Kd21skzERvbC/ZLdPsNo5WmTXZM/q+wXIqwZ4UzMc3SbWlzf4MssxBzns6/9hM0zUXCMEq0H9fa+8zRwikQG+XCHG6CzHv+Wnp2+2kUcq7F5ZggH0gZXPr1kiQeOXMHbZ1YrH9D+KcOMzGccksVlDleeUSXEqngWU5EOKIZBClPKbsH8Y4/q/Zw==]]></Encrypt>
</xml>


2015-12-11 20:41:07 debug :
------------
String:
account-ticket<xml>
    <AppId><![CDATA[wxe5b18b9bd7e3626b]]></AppId>
    <Encrypt><![CDATA[mH+BdsyczjD+AhGwrp1xmUpHkthkDvIqpM9FY9TzzcBWYFSu7hXbJMYqJ71Yhu4FA+BbtSS4R/ZGl5+UDf5kXsG7z1Ai0Ts1E9DmVcmKpb8QfBJAaJoqdy7eluU1ZPTjJUw87Iy9KLifEx9ixRHeI5nliG2DDe5lAiAqIw8/MwGB+48x6tjcX8db2/AOZZJU6rYZr0yfxonAD5PCY8xVCHmPxmyNCMgE92ITxQXL4aASFL35ZH7+4gi6RY5VP76wC2JmAqS+547JkmpZ5PcnfOIuPJfLtbFLiBWj3TXcoOp7Gs6W4QUN1Q6YLng7RMy6W1+3YoZxzI0aYeu/2eMhU2EO2zuReEHq+6zb4T2lzqKMnnuQZFMoqDxkDFhr+iMQ8olxPKpfi1Ty28BNFT5sPQIUuaG/nhW+/wfX7F+j+PjcOjB01dlEaacy3fBgejmbi3yAs+l5fcq9GcDMq9Ox2w==]]></Encrypt>
</xml>


2015-12-11 20:51:07 debug :
------------
String:
account-ticket<xml>
    <AppId><![CDATA[wxe5b18b9bd7e3626b]]></AppId>
    <Encrypt><![CDATA[H4o3WDBCGCBgn5BokGTwZD/lHmrAVScGft2sO7YKo97KCZNz65TlAPPTOUhtV/c/nWrZdfzAKo4lnG0mnqFrJmuclRtT6kQ/jFUETMGOXXuxQdWbDaFU5xhxphpWZo5pPfsj1KuwZrcKUQmk8JbSGj8dWkd7/+6mu6DWyxJGWV7SECmIS3kw6miW+Z2CGKcuhpzpKgrWrYkciDYAeUQU94V2SByllBqvMbas5cRXlE0zcclycYHrb9dweXNQZNJhM2MCRVWocg2JKwrVbIglkMSfPqX3w4owThG90ZS8N18XeO/TixsnFgCHwqTvRgv9P+cpvmr79uL0eChDMboOaFvE/L/tjc8TFva3oQOf5eDwMu1gtFHty78HwloA/bH6d2lL3SaBqcEzZ2GTOA77urHljkb091FrhFdxh6T2Gzwk+oLyXujrSaHzjR6mgyAaYWAg6Z6QpW6uDFztTPsaAA==]]></Encrypt>
</xml>


2015-12-11 21:01:10 debug :
------------
String:
account-ticket<xml>
    <AppId><![CDATA[wxe5b18b9bd7e3626b]]></AppId>
    <Encrypt><![CDATA[e71S76KTtbZOOx9WSiFZjyoxsfOk6ctiPpykSM7VXndkRHs9wR4zON+p6OZBHNf8DYCgbmvTcVP/A1It8RmJJwA54EcrwOxPIhyI2bDK8btPxjQhzyM7KxwqVvWOAisJokczewlFXSEIqGgTzw+M6NmkEnz4PslYAs94CaDkhXnK7YtcSzfX5tfJkzhRSwrtjdrbmF9D8j4544qN8mIOqmfDvPZpSmUlIubgdu52715FJSn5/tQl9I7oH0P5daJLE4xTww2raUUAoSCoMYMy2Auu4AOARGatMuY8stjz7o43u2VAyzHSgPIseFTsdUESpefUinRzvzozeMfxwBPsoBkiwMQOa6ofYkypY32JFi2NDbUOG62+qgEoGDDII020qQkfDk/27DSvebL94l+D6G/D+N2uo/l+ixJtcxD2Y3l3I0bD0togalZ7NcGouNyALpW1Od8EmHdnabmhkbS3JQ==]]></Encrypt>
</xml>


2015-12-11 21:11:09 debug :
------------
String:
account-ticket<xml>
    <AppId><![CDATA[wxe5b18b9bd7e3626b]]></AppId>
    <Encrypt><![CDATA[6DdS/BjOMsg+nRO77rR621Xkta/SZAAIx5oeqtnx6U47InRq4d8wME3UgG9FEE/6KPjqYxnI/AOFsZ48myFfZGT/knnGieB6ekBkECg46S9Q7VfwA6y0hL2RKt0YFBc/v0tE9aYEgcip3YypHC+rNnu0FhoIZMynEXx7WMO3KQ0dDwXKOwcIsN/0J+lztYi6U2/tVfNEesSvmQVXZSIevq+m1DfoAoYYjFEXY/qkomQ4BfDrKr55jPWWFCEbojUwFELnwWUIRELDi+Ajijl5w0Msj2TFWAowdL4NAt1DH7/uAA9k67vxMxCzac6U1OK/UL6o9ZOs1zl+nljMwZn/ijyH5FNtPhnrfebIDiW9M7GbaS0vABAIviiWPAPyQfblnQ+ntEK4RZXyoHp1Keu9WryFb9IpxDo3bh83LGskjCut3x6Dl+JBlqIG/xvcq8NzbWmY+MK6iC5998Km1nzXbw==]]></Encrypt>
</xml>


2015-12-11 21:21:11 debug :
------------
String:
account-ticket<xml>
    <AppId><![CDATA[wxe5b18b9bd7e3626b]]></AppId>
    <Encrypt><![CDATA[AaBN3+b2lk5f8/Sh6geDr3MZurNtJXb2hn6r+cF0dmQacg3mP5SGGhCOePCm2mL1uty01KofPXHHxIOTKeWOmHFvY/Gc8smGuLuMCd3iNmcrHYKCwtCDeI+yFuaw18oaKCmLhuw9791hpmbK2cXc5N/DuqN+7RUxPH2FRQLEMlz3wh4GVhCMnMLSm7NaAOq1t6KTEdncGC0k0xOdA7KvIK6kibirJUmJMC8SUnCf7b1SL6TPhZ14NBSx9C9MCw7/hZi3lskwGXzC+AToBTSw1BNFWv58Ep93GzdfSOTkEiwuC/GsDbbJbsEZXOaqxVH88/ma/WKuIiSdn0FAvAds5LBd5y62aX8Tr2QB/oZNX66+D9tQNOlMepqdykWZ11DIMpbEBFnD4AeopUCK1TYmom6/6FBrWTW7SoOX/HFTUjsehy0FBNmluhptc43shr7xLxc8fdcBEuHrcF1nuy4jvQ==]]></Encrypt>
</xml>


2015-12-11 21:31:10 debug :
------------
String:
account-ticket<xml>
    <AppId><![CDATA[wxe5b18b9bd7e3626b]]></AppId>
    <Encrypt><![CDATA[zikAuRED/GuhTmmMX4+WRCvkend3IiYkW4WjgQ21NZeQm5857tWIy7pvyHhHrRYvQESTAlFXV3dSbz6CSajZ514svyCNTKL7l4T1tCQN5fk8hlOKoJGRP8t8Pui71/i0a+R+eD9dz8YxJ6MIVoKfUMrEBuR29fKE4D4y3wlic/yUThQkz8y7cQPeU8SUH1RtRN/OUDt9zJkoCoo/KKaZ+p4EgN8H9+aHGPq5WGMw/lzxpvFyWjBeMHTU1ywWUnX6/bbKfNd6Fn4lJwvpx90ppWq5c0SEMiwljDA7ByESg3IF4G/L1DCWRQgZst8YAtMAN3jzAJfiTQ3SyUfDG/dLj2glPBITTp58UpZIgNDRpiqiMlUwplQXhx6Wgiq7Cf/orv/B7m05hy5796URWT8u/ogOOxkrBSQsJkIjggSEgb6KBKDay7zvHSryr71oHT+oaNV7J3gyDBGlZtAleoFs8w==]]></Encrypt>
</xml>


2015-12-11 21:41:06 debug :
------------
String:
account-ticket<xml>
    <AppId><![CDATA[wxe5b18b9bd7e3626b]]></AppId>
    <Encrypt><![CDATA[8gPQlhcW6wKtAYlRLhEAQQDsKxCP7df2heol4RRUMQMBQEEvfUMrNq/sHwrJSv5yjkowKSsmveK9ggDnQ3RiAngeUCp4LcnqFETHFSTsIbayB1oa2QwISEUPQgoGra9KqcvSwZfJJd0R+rHIU802jfjjEgDwtDhqBtt9FuFPTeH3/yRye+SG9CSbnBHsKn0c70Azpr7HSQTQGity4muZo6J/tzG09sR6/vGM0HG/j6vNQg+71G+MxryMNWLitUagwSyE5OGe6DFTHfLlmXC7V6h3lDczMaE6NKS/SGT5msXCMXQNWdmHmICYSop+ceM9MMx3UBgFgnB18j4C223kCjQKCa/vwd/4Wm/AF2QEY7Wyw5+IM6VNduPdDwn4wj3TdMWRjfQE9fJHMu+HyExNa68BuCftQJlKI08AMTFfFvAwzdBlifBthW2/sq5r7yBHLycQJ+eNKCxxZ7kIjzjGNQ==]]></Encrypt>
</xml>


2015-12-11 21:51:20 debug :
------------
String:
account-ticket<xml>
    <AppId><![CDATA[wxe5b18b9bd7e3626b]]></AppId>
    <Encrypt><![CDATA[g+k0VK1IGf2cZq79jZ2N3roT/PWxcB4UyQGSFLZsfV8BTjinjKtWpRTZGl0Em0J+56HKFz4yuF8tGl+oV70+kcJlHoJL3qwxj9GxBj2Q905JL8203m9FZGHY7et/3GiVsl1KDsN0V868aX7ixkboDCDol0JYHHEqYfCnjQmA1iLD0ZZOHW61HvNJbmt0vDtV+n3CBkTfJZfjQLi2UYJ/77w73SVQTE4ht3LlUtf3RDu6MkejDC8iFFt1kSD2qkJ98lImmuYe/AKseCNAAopBvNYZ9N8zprvqVvMHGkirkjYZYQxinvXK8utAH45md6jaO8YzWvAnvEj0R1zn03nY/J4z9Idvg0RPnZUbZrDvD+3G9Ys/aduI8LS5U8SWZ4eUY8OEmd8vA7SQctMzGLQoNhGHwBQj+THBbYx+Zbxorao9tN/7G6DCxx9jZ0WWElSZxWlAbYf9GdGEEzdu8LlcEA==]]></Encrypt>
</xml>


2015-12-11 22:01:13 debug :
------------
String:
account-ticket<xml>
    <AppId><![CDATA[wxe5b18b9bd7e3626b]]></AppId>
    <Encrypt><![CDATA[9qBDYZ2HWu0pyFBkKE3sTHwWdeZrO6IT0mZF+gjTeBa6gfJjl6SOQY2a7fjF55i0B4Z5O8NZ5NQEMsg38i9WS85bwr8z5Ae/+lz+JZWFQ2dTXfM9yPNUTCPqRAJSGFlnvIdYoMW4z8sLYJghT+qfrNyjwL1b7iXciCrdhnTjZNfga2U5nYsJmL7uOqTMwGf1WmpITDiO6M52hxSzrPn47Bm2Qmr8TnYlbrm0DJeKL7eNUyzWd8PjdYikpW3vZXyscV3LXJ7+QV5gq551azA0fJZWyN5Z3Z0YHkjP/ds0Uw0gylTwl05c+NqsxBi5qYoBHDG9lxv4uBa/7E1fuDjm879FuzF1lkevAriQMMstnEKZBxA3LRSnAs0SKofW/zLsG9XxAV4ZPfDLkglfDMi7yMU7sMf3fJHydug6EgLfq4zaGQlm0/WwVNk6QjwpLrvyiVzjoiOFUcOJO07IW51Iqw==]]></Encrypt>
</xml>


2015-12-11 22:11:10 debug :
------------
String:
account-ticket<xml>
    <AppId><![CDATA[wxe5b18b9bd7e3626b]]></AppId>
    <Encrypt><![CDATA[kBS5G1yItzZyRZ2gFPapb7IQ+pxkZg5qD1cbBErf3ry062DUbP2X/hsVJZMDBGcvjEUM2/19eyENoADNoJv0i8CKS1btaUMcTlR7zwyUyBC9JNYFV2uEMQgEff+ZjI67Uu1aWcdxOUE1dMbwaIVcVwwf51+vlcqbokw17ahUvAalzVhh2lklTOng715KAMDQHWsC4UcTIPAayuf9TFHqE5HJ44UjJUHW0KNs4FUknizG3RROjQVfLnFrFTvSA6kRMF2AZAZpjjz4iHOQaPt+nAka1BOmbtr56h/oYWJVcv4y0snl1ESCKsIalwMMVh8J5JvTvy1FPWbkaTOCKSmF4DLiTtzwZQ+4xrFOtUeBB+s0qnedKMToyNl2OEqPNHulj86vaXjhy1myK9tuOv8qRrzxVc1Uc4n1eZ8gzaMdyYgzTpy1WPjQN8WrOUvdz6GI/2edvEGSHbRc+P2QoysLWw==]]></Encrypt>
</xml>


2015-12-11 22:21:08 debug :
------------
String:
account-ticket<xml>
    <AppId><![CDATA[wxe5b18b9bd7e3626b]]></AppId>
    <Encrypt><![CDATA[EuqzhuhzbsiQYcQImaxiw0OMcuH6I8/LNa1cdGt+0M+wT1pwoFPoSm0pkWs8P+BFwdEIqS36KJ2YcktXtbw/nPtXpYW4adkmNl4hvN62u5v3YkMQUEQ+QkY/BaMUPEp5PB6CBuFW0uuyDTKl42cvo7Lra0IyYIY93Kt/H5FV81E7u/m9Iu5eM6RnuZUc8sRIS6hA3sN99ZWW6SC1qf2DhAjJUF3WAGv88uPrUoN5A4n6E6FHNInZzPLULdjRpgwpjueLGs7Lp54J50L8qkcoJVOjMDVIEKlDz3eR9zxbl0de4BaWMy4hsgtfHaB9ZroDcHiPsOoScNaaMzYWHNBGb0cSrknAbf8aK3j75pbm6iOl5U9n/olFQvqLTTxxW6HmgcaqQ7MYpducHluIBhSZk+y8s/rL8eE+G0iYb6+iYNaYfAixGAQP9wAHoc0GAx+9roh+bFfBC30PymsGneTlBQ==]]></Encrypt>
</xml>


2015-12-11 22:31:09 debug :
------------
String:
account-ticket<xml>
    <AppId><![CDATA[wxe5b18b9bd7e3626b]]></AppId>
    <Encrypt><![CDATA[/OnAo08szU2pdLADyjqeiVnYR9lcMm6JRyEK1T7l7Qf1IthETcpURjw+HrO11bnwWZRFD88/o0eN484AoNv/Ep96nTa2suS0QgT/ZXQDbicIWATV6dOIuuesYH3CzkOCH3pjjHeOJYQNFRKCSXw2lm/xGMk2qRjOpNx+B1/Gh7o9J2de77TMLsd6rI14IgqtoJBolvnsF+aigAly7TAx5I1STimA6DfWBPeAqf0t0Gek3kuMHPDKuVeRe17c0YMnWlt9G7J1QerbMfRonWNtHZu2039ccgbXAqZBjHcy1qhRCIoFUrPWjcStSsMG0V3WM9W6b/6ViOf61J+4AUbaJEttLGpoZ+YG668sbfz8m0WzTLDDbRta5STpuTblceQ3DFu2hg4vlz2Ld1PyrCXIAPxI60NZDw9s6RZD+UMk80uSli8CQxwJvg/AkAqEluSkVhOyicsXmIufHQ1XZdZCAg==]]></Encrypt>
</xml>


2015-12-11 22:41:06 debug :
------------
String:
account-ticket<xml>
    <AppId><![CDATA[wxe5b18b9bd7e3626b]]></AppId>
    <Encrypt><![CDATA[IRuZZGgKg326Z/LFAbD1UVgCoplpIV6ZNseiBGdyslp8jYz2lqfnidIHHMP2iTch0M/Xunz7YwJzTyIfNqbcKu9AOxO9EZBSB+30vZjnrgbkbvVrFlja2zImMqbZ027veK1VRdq4qn1xpjCMgkJa5JXRr2eUQl8rWhvvHdchUhq3phj7mMgxn07gQ4ivxjg3UKPk1NeD07XnYZJUGc0rL2s4J0cwe6xr9QvVGTS1iDS5gfmQhPbDvvI4BUn6d7x3vYrgdfwoL6a1x0oW02MNsxM/kmtZK9wu6AIGNzKyQPPTT+7Z5waMgQUdpH6uI2Br9ZtS0YITs40FTgDBkQOigLLHaFICrJyZMsnW8UAhnxWZCkIqFob2yr7agvz4qG3MrQS5yXc3ZVCHck2e2PsLAtri1cI+Q8mv8Jm5JtUI4TScxGQL9M8LCqJM01X71B0NyOqJbZKvdXV/BtWPfC97Ng==]]></Encrypt>
</xml>


2015-12-11 22:51:05 debug :
------------
String:
account-ticket<xml>
    <AppId><![CDATA[wxe5b18b9bd7e3626b]]></AppId>
    <Encrypt><![CDATA[04Y0wmp/lZm1j+4jZ/rZjrqT3qSulflvFUhNRL27VXDOeNoLe0zhlsbR7nwO2XTht88sm/h+be3Ukp4ZJpR0BtaZVr2D+N5eTnx8exm9CRZIaPPYFSeZ8zGV2OmRCLlhkZCEU5fI7GVNOSrsD0CK5xIORazGtiYoI4fAXbCl8+89d77V6q/WqFsLCbQUWun2Sbv71BOpod7wqHSQ53dbT9t/nCe/sXNk1gAuVzdewK2hx1Aknf+vWunoN+pR2pJXPXfMrwEoXIxPpqjzlwTHiPMLWcJAafaFrleE+ZBXqxcxs1sTGVmUwsRu/uNTUDv1xQ6xQfP4LLk8ChP7VEDwpVAKlV2zLRGliaQk4zGHHEfiiSNydFTzUeU+v7UqPs4EEKI9G7ITaQk6B8rynDm/dWRe5+UYB/kgXHcQOfMBmOkEJ7OXRQuQBWKDUV8ydHfO4929teirBmjnnaMh+t8Rlw==]]></Encrypt>
</xml>


2015-12-11 23:01:06 debug :
------------
String:
account-ticket<xml>
    <AppId><![CDATA[wxe5b18b9bd7e3626b]]></AppId>
    <Encrypt><![CDATA[UsBuYAlXCdkhOgLLlXU0JV/XPUDNr1gwzbK6JkYQcWZitKEeFJug5F23OzNasp/apD1UBHRpdKMyNHq6oY/29vd90lv1BTaRyrPRwX1WEJ1T+Yg9q30VdK1PMytD2XiW1o1R1x69sBD8EiqJ0MLodk7/d8xDeCL2WzrVyWmeQUxmVQOCSSELztUau440buXMmjdPrNdyWLNk7IjEiIvz2e1O2R4ljH9+D7liNhhgvFTMPsjSamdnGUdAyLBOqLCjoXQaK7VvH1abH9E0TO0KwQeFS4deLtKyHlc/LBfaUCaCkBq4aKNuPIXqGEprXci/mbMCBdxeFP7q+q8lqRHIadjFQl8qM2K6gkvkCceX3WtHewPX8K3iELryatc3v5vr9HRfoNOptw3rhSToLf91973KyaX7lGKfvHrNSLLztJn9r4wRdfO/bEaibEe5AqpqGAa/X+jh4+tawVHuZ+wxWQ==]]></Encrypt>
</xml>


2015-12-11 23:11:03 debug :
------------
String:
account-ticket<xml>
    <AppId><![CDATA[wxe5b18b9bd7e3626b]]></AppId>
    <Encrypt><![CDATA[j6vgdVAV9GYB/+mfcB1xC0gF+DxhWnOr5yYalx2unu6/ezBALIwoeozeExT7veiTzPfImq+bKeAtjv8YKFWmBXW1/gg5trHP7DET0abhi4/lkNlOXJkHK/nXppN1ZLS+Y/2tZWFS5ShUyPjFCFS8wpUhTe2LiiMSEzh1ExWCDdO2RWUZUdsZYm5kb1SH4WqRI0J64DMiArFHsucYUo+TGeQwpY4yh2Yhu59z0yAm4jCbTQmTu4Nrvl8SBuScX2TXpaoQDd6Jp0m12GDiXJEEjd5KKIYfFkXbOKuxKTbxV5YBX8UZYKbJSK27ycQxVkyngEF5WHON1+mpuXS8aF2biyvuRwOvorywS2yPF3anxx/IAS/ONztqVQ7MreaYoxilV4fS858yodsfAwWI7SnR3Q6TAAxrxYHdEANQpGTx07N/VghoEigrDLXP2cPp/TSil3J5/o9uAW++cc6S1DlnVQ==]]></Encrypt>
</xml>


2015-12-11 23:21:03 debug :
------------
String:
account-ticket<xml>
    <AppId><![CDATA[wxe5b18b9bd7e3626b]]></AppId>
    <Encrypt><![CDATA[viL46yLxr1ChRW+lZ3vDeOMmfa2pGtTm65ozYUfXTStOmqp1x8sPvJUWHK/rw1KpugPHeEJ+EwBhnHMc4aRtOmfM1J6B2QMX2qtpSaqiKv8yjpwevKSO1KolHqDFJImAULfhAvADOCH/0CC/cc8nT8Y4USOqXVt1Nsx9oXP+aJu5rm9GyN4ofUohrVpBbGV/sMIYzciHrGxG59ip9zkuyhY9FpoAvzl5mVIMZVG5eC0HAm8kihGUFVHpzEmULynA6PYKXfOJhEiI8UjdiQzzaiUwFRs7iq3F5kvQleoCwxpxydWU73ZOWc1AVToAaohM/DZ7EvqGf8p1LPnpxsnQBZNP/jOmX/4KAljgTGWnulze06zBChIxPQtz1jmW63JJaFTjugBlm7vxLfqIHOT/1jS7N9ndTiE3kCRXHaZJ3N+G0N235z93x+HhiqwZamWCiaJxXvKFoByi9CpWxia54w==]]></Encrypt>
</xml>


2015-12-11 23:31:01 debug :
------------
String:
account-ticket<xml>
    <AppId><![CDATA[wxe5b18b9bd7e3626b]]></AppId>
    <Encrypt><![CDATA[mWEgPad/u/RgorzZZCf2iLGVS4cT1kv6c045b0FMsJ8HNJufczcN6rT75ddB2+h0qFNtdzIdWvsN3Cc534abE2oCINw0gh87QHGuw89e4boc7K67DEdZgLqW/NOBa58jlevbtLue8bUKR/D98fMnhW2a193x2IJ8q/tEdJV2ewS/Pv5USOtomhD5FyKQW1gPh5cCRT3sX4nLRHe6JuoGME+HXzHF2s8SHay3lWiqYBTsMQnW6Rks7LAGq6gXX2V1LzAi39bf/0807uSBhdrbncL4oIfmixecu8l/hjc4epRjngfeL/Y9n2ShHRaarSFAcoGedIs1qwm77K3K7yp80pt2q2nebFe7Qj+Occ99U5Jf6tgi6b09CNy3gb13fg9OLj7FvV9dF4455JM5nXJcituMu7hThrU4O4bIWP68VYsdLeMQQLVP/eRHAIflxJwuGqvce56+Rx4MGQL+ic05Vw==]]></Encrypt>
</xml>


2015-12-11 23:41:02 debug :
------------
String:
account-ticket<xml>
    <AppId><![CDATA[wxe5b18b9bd7e3626b]]></AppId>
    <Encrypt><![CDATA[+44eBqPIUB0cCszjFiiwn0ST28T86cDJUOCtbfCao6xTrS4waaLIDxh9ZL3V2XTU9ZJBL6EO1VPq9DDk+G+GiT8PZR3IxRKwh7Ar7ud0grqX8oa94Nad2mrVEK0A04ODxYnm1ILZSY59ragr0TICty6+/l2WjCbeX9F/f80dbA0F0cn/uVAr5d/X815c/UM9qlB6lcVhfk7sfD+9IHAQ1xckiIDUoojOuLUACa6nOgXe/Z341IpG9f8aFlZ0rGwj67cf+lpg/vG5OjYTm0TEXNdRO3prNbNDGhgoc10SA7o8pq0Itw0KY7PX9nDHnNaGrhvtoAgGvVphFXYm/gQcFpomOvmRy4nk3TnegC3pRp7/9r/5UKiCfe84U3aYdi4+TRiOZ1fZ9yNVYCNSUII5IaOawvtnMAF7bIGNGs9o9L0EwNd5BK90ez3wv/95XQ+q5dNqogdQFhIM/P+D0lWL6w==]]></Encrypt>
</xml>


2015-12-11 23:51:00 debug :
------------
String:
account-ticket<xml>
    <AppId><![CDATA[wxe5b18b9bd7e3626b]]></AppId>
    <Encrypt><![CDATA[ouDrwcvohvyssy5UZSDlJBM5KUUfBPBAPsAeA2qzxtSOkv8H/iiJ/scJbbvRbnj8aqWs6qTL53UfVnMQTGIkFieKklmh8cOYqMMzkQXT46wa+dpAw+jkvXuXpMFQGEe4EBrLXX5K+RGdpNS8BVGiX0WVI2mcCCdtj7VoRuiFh27QjDg/jRpW5KZB2Z8qrtXLxCkRmDsIpPeZe0VshZYwmO79dYPN1vDRsKVgnCvJOxhL4G4tq4StK625bVwLXJ/b4TLVpsdUJ2Z8MFt38GXGfpWdpqQnQMicQWvhMnOA9IXmOYB13upayrMFGERg6Z7AjRKg7nVljHOcH0cTbhSQ19uSj4xYDFRSNYE40OWGopLz9phIFaXpvxgW3jsoprcm2ugyZNjFnbgKqfUXf/hAh60mqDnAoQ4QPXbsow9kf5GpNEQdOZQXHozI0432vRAjGULUTnB7tsSGvdnNoswS7A==]]></Encrypt>
</xml>


