2015-11-15 00:11:02 debug :
------------
String:
account-ticket<xml>
    <AppId><![CDATA[wxe5b18b9bd7e3626b]]></AppId>
    <Encrypt><![CDATA[9WF1wiFBSXFx6GHOGTEXVyrhuU0dGkbnRbFFjXn2aCbIUpj95HJX4IIFp2zeFcJPFyKYTcRohA5yBwdaeT3e8gmFGEAhckEkbQIEP7LDiyZkMctMsQvjOamBVh0cgTMmfb8c8OuFPfsyAY/KqxZwwE1AGp4gMdeSLrY30XhnlmObJP7oDbldEZglthl7iz6zOJC3MOvmMQcn9pyL0Th6RlJ+FHBGZCmkhe3YfUOBgLjCS8Lr0dZJUDYyEZ53uq2R8BTFT94u7xiM5rD6U9+dScmirUCuKbUM8JxLX49Pg0CGNnhYWX1cL6NFJpdpNJYgaDmeJsgd9Ha44bc36MknDktGsMjd1TT4PcN01I9RfQq5B//QuJ6/myIk+k0EZQ4/bXiWk29SBE0bFGqJczGvxXJrZ6buyZ14eHuNQai1206Qyj88V1G/15DwszjOIPDJXYZZj1lvKvznHGSUNc83qQ==]]></Encrypt>
</xml>


2015-11-15 00:31:00 debug :
------------
String:
account-ticket<xml>
    <AppId><![CDATA[wxe5b18b9bd7e3626b]]></AppId>
    <Encrypt><![CDATA[caqVHoj3iZK/aPf2hqWopSHIYYtPaEK++5Ht/lZvjYHfS/Oq4p3dF5cpMrpJE4fwsjj178O7+39xah3q1HY63UXc6fv8LW0yD0BwkBHdvmn8toJx3/sKb2SWQwSGNbkhaBV76ztqH5WnCGQzXYJtfi/X6wmeYhS+4JElRZ4NgZqASYOOrqSQOobgWiO5V2rMEjOnoM/xdhUy/bCa8FTLgG3i/ONNAE/EGQcmFzU6RoAU1pNF1ZQW22YRD686/idBtt7ZtG53JB2Yu3RHokgVPKZlHP0pYE9RG8d6pq5ohsH+B6351FJSVXvRzJi+ZHsg2hOc0LnJ2ssMJ405C/jSAYaD85PrV8/2jNAVVcqu8EToLoIcAFEBqq+J6nz35q5mVIl9fxdKA/x4M5zI5sio/8KaTSQcUhFtpV2oTGIgPxJR8/ZnxRNy4ipHdltei2IsLizcCmTuKOI+3TUcDxFNlg==]]></Encrypt>
</xml>


2015-11-15 00:40:58 debug :
------------
String:
account-ticket<xml>
    <AppId><![CDATA[wxe5b18b9bd7e3626b]]></AppId>
    <Encrypt><![CDATA[X+WSzqa8p21C1X2f9GqC5W9S7pExFCvM20num0sy7/6FdsUj0SYIcOdA4XlarnjP9bWkWNgpQkGamNB6NSft3yF6WFjEpSXPsiZXnVG9C00Crh/qdfXC68q10IHhxwmdykjyfqvtGYquW9a3A8yOBioCNPwpIRCH55+WwiSbo4p7myFqyaM1rppqpbyDW2nC79n5y4RsD/Ic1wlFYhGAjM6ImUIUCMEGkIxtwySjU0vzPj4R+gJA9ngpkeNb638c/BVVuaV3BuYnW8V9GTES2ZmQqbR11ZAKzjwUWQVQZ8K0t6zeHdUCm+yfAu5YLaqqa0KCJtdYsZAZbf6vUyf1n42+f5RNlw5lQH0y7vJitGzsRDphle+t0OQlZN139WmAov+ckAIDN4CmiGsC5IMoxQJnxoukiFj8L4NlCrK70sTxVdEwHzx5ifmq56FlrNCQKkI6117vrkRPt6whxfML+Q==]]></Encrypt>
</xml>


2015-11-15 00:50:58 debug :
------------
String:
account-ticket<xml>
    <AppId><![CDATA[wxe5b18b9bd7e3626b]]></AppId>
    <Encrypt><![CDATA[g+w7ecHL0meR3cK+IqqoUUMY2AiWN2rF8ScmtC82eARa/DeVh3ayf2+tZF3ufoIRSfIX7hxTV5KSQnBPcfnLSgkJMLx0eaAc5JydS58SBS/IQq0YP6F7iK5KNDu/f56ucaOVJkWx93liff/z/RuBhu6mxlo7hXz43HkVqRfNorpM1npGLa0RisFiqghE8GV4CHRhVw/IOaw2RvGLAhRNYyiJwDlzAepzSYPuO5SDLyydl1DpJjqvP81s8hpkgkfrJWuhHegNz75dgAoMbxlJIm11M1I0IMjBYPkWcShWKoi1c6igTyTllD0ubsInTUSbyVZ8JKB/0cwwmBFc0eawuvvxxlXLXjLk9kwwaLCtv7/eOcOS/RYoTx0OUExVxvp7KsmNJhhBuEOjMhwAOxJBkaF7Cf1Ebc1hVf2/KgIsSj3XAqlWvsElGosCN8fJ68N54pl74TQpWRQfS/JzwklDIw==]]></Encrypt>
</xml>


2015-11-15 01:00:57 debug :
------------
String:
account-ticket<xml>
    <AppId><![CDATA[wxe5b18b9bd7e3626b]]></AppId>
    <Encrypt><![CDATA[7g73pTNW92b2y37Hpol7eQoJrPE90FRUy8nO1AgGhwY68csnLFThy/2R3Df1X3koNWq/wkfV60NUfzFD1txUEWXBkPE37TXwqxjDV/p9uSLTNU6d6WpBHclilMTfUMzd8xyGMKsdfB6aZY7qqicE2ThelC5XI8/HbSDyaUjHmBiaFhPi4+V8igNApULR6Xl+3Vsx1Oo+5tKvU+5q7UkrpsQgiVI49wt9R+8GBBsdhJyJav9PLtKHxUubS9M7hDUKDnHpG1/qJqnahxbWRMMSPYBClZayZhRLX4/WFxG0Mo1LORUNmx8B1f7Pn58CHr5erjTOWwAQ+tUeO7FaGMUzwSj9W5FCba4u5s/8j31rD6tNd9KU9siviBBmxOnAH65Q/sO5/dbNUH+1qL8zdGFYhrtL54Ry47vCa49oAp+1isIBC8E3Ft/0C6/X+ozFFQjIInTlm2vinlDfXZbNhQ4szw==]]></Encrypt>
</xml>


2015-11-15 01:11:00 debug :
------------
String:
account-ticket<xml>
    <AppId><![CDATA[wxe5b18b9bd7e3626b]]></AppId>
    <Encrypt><![CDATA[iwyp7nsmZ2YwN9flzQPZ4aLgYqllloYW/wsE8j/4s1JYZkYe/nRV4K0B1Tzpaau5WFINxoGfhvdRxwV4WSOo8ZKreSO/WHxtBjaysr2LsUixct+MMi8x3Chs5w5PfpMJtWJKRLv6ezmOgAzjIl5n1v2FRbIzf4QgcHmmlWENPsCi9J4TB5/qF8BHINzKuY77bjZnpGErJmTiCJUN5ekJy3TS44gAL9cP99cssZADQEUwN1S2muaBjqy2f5ZhrQpNTqt4bExcN1Fja0p5gdKyybf+OuCteq3mu/GxS0xezVvx2MwRROpCRjQxfG2FeDukTa+V6xBRXJNBjYRjAeGqPBNyZsFMLajPQzvr3Hhi0h9SrOutNNaSlu+M/4fbmCvsBye9aRngExIIhpGvm9nw7bCHcf/3G2tdPIY85yjcvg6bZUwRnaPGryUVY/+RJG6rn9GN1UGc8H9cGhI9v/tFSQ==]]></Encrypt>
</xml>


2015-11-15 01:20:59 debug :
------------
String:
account-ticket<xml>
    <AppId><![CDATA[wxe5b18b9bd7e3626b]]></AppId>
    <Encrypt><![CDATA[hESH6TfC9OPETAGAy4YiGb9WyPxurmDgdBmwnmoNLnQfl1StE4BAjaKLbL9fsvyULXF3ZlsI/KsdfEThWsATTJFFaR8PPzWoYMrXrjs8KOdMFHrvFeFuivWwxRryyAMlJv6jzWQA14EmG5aQmVF5nHIPS+zOhFmMFfnlMKG/+oPgToEufv6uSombaDxxo9SVDAxT/D/2WGO/HJS0bol+6yVJtZ/nv/q6Cfyvv2OEAHtLGF2C8Qbfa/S/pV6ITFqD2j0HzqWQyJE9WpZR4cYlxgnL8i5Ry0x5e4uWF8PTFuxuqjS4sKoJaZaGD4ytHIeJzxbqi1PCQAs2FExU2vV1iA/SizI1mgYFqUdRZuo3xlX0Xcpl3CrOLxWtR8lZnctvtEw50T8yvoALFCKW8ST7j6KIZJJC/vKFkTUKCAOFFpDU0CgyuYR3fDRoimX4DA6k1p9ZdAzQ4axOkR/ztrNExA==]]></Encrypt>
</xml>


2015-11-15 01:30:58 debug :
------------
String:
account-ticket<xml>
    <AppId><![CDATA[wxe5b18b9bd7e3626b]]></AppId>
    <Encrypt><![CDATA[Rsbesk4dgrxHzYIA4qvNWdpRLpBCFpy7o2gnR5xxJgoKx3cYVI8/xJuqbNU6CqKn8s/B39hkAIRMxwgATZf5RCCWzSRred3y2NCSnqapMkUn0JkUyf/IL8vyKwz/dfN0jamkFCQRFVzVJ26HYlN9d9EUqbHqlVLibQu32yhZahGJQAuirIKt/pORQFLkOw8wr4n3lgWTRKEJpe+JaM2xFcwITxZf9Q1r1zIJ7p6KBeW/cjgqgY2DUv1o8FsiW93LuiRhCo0tIFP866aLcEGAvUhEgXzij5NO0XPMbIyXcFaaKLmZgYsmYdHBc4mYjKq/Qx/woVm44flyEe/VaPfh4bBvdQpgvhB6efuGMdAMv+dQ1F/k3AzrA6yJCmAgv1Y3TktGzO9IkXpW8ixpx8cm7Jw0o3Bj09+GJNpiPD1lHkXshZVFc5kBnIndI3Ko0gfC3d2QoEMG3+Sbh5JGpvH4AQ==]]></Encrypt>
</xml>


2015-11-15 01:50:56 debug :
------------
String:
account-ticket<xml>
    <AppId><![CDATA[wxe5b18b9bd7e3626b]]></AppId>
    <Encrypt><![CDATA[bHxSFPYYI19n1u0bIC8eYc+FaRO6RITiOd9wKig4UkSMLO+rM0vYVapwEW+IqXijfTMXTAVJsf3lCn/ZOtxs5COuGQWWWOearHxsfytxYuUXJy2iMT/iEol38UuXBS8XPU02b+anEh7vgjFn9ovge86AXG5zTcQVbvuXpeLfrD/K9FHYeBeZHbAegcXapwrXhH9c94juAEd6OckDz/2utDZk/xuZkAPwt08Q6+6n1g56/D1j82DMIZkc/vmUVZDQy60PCLRDuDa2XKWtrk1x8vEPCVxvvKvb3umk9g9/kYFFCP1r43EOw1AKLQcUjggWWTvGMqDeDRzGJ6eQCNz4ArQB4ibcOS1OQk62GnMdDVZWS5VzJX9jmgotibUmzzO9tWibMjoycdERR9am6ICOlity8SsVBZTXSV6StsnH2hQz0ytNQPBLzEg9kqxBuOXOpGnLu/NhyGwJRRTOXDkQTg==]]></Encrypt>
</xml>


2015-11-15 02:10:55 debug :
------------
String:
account-ticket<xml>
    <AppId><![CDATA[wxe5b18b9bd7e3626b]]></AppId>
    <Encrypt><![CDATA[ojTHrRzjt4g7VX2k1SYnlMrbYImn/sQO2lbwtm5VQe0zbpKT7sCUbaaqo/k1dZG4GWwtCx9ibpea/9dXOOt+kSHjqY8NIfR+eNg4tXTCbJVjnIINiakpDRDiDaUUPW1jU6kq/SJC8bFzaV37TwnKhih6BxBxJOqimq/Guremu2qJDu8wht6E2wwd6fXuYjSFi8Y0WigG5gRc1ZBcPtK2N/UU8w5VJ3+OJ6Etdm6uQPcX1QfdExQs8FdxnDPi/RaMkupfeUaYFHoMso+G7m+X/czxpizhOevyCdR6viZZwrMW+vIIElHyGybFIh90HpCR6/7kjT6ZIm+/7sS+XLcX7goPPz4K2nie7bCMprF2LIhytaNfRz5dkeeYQI3mTDinFsEibbqu1091cEO4VfW2Naj6uYi18qHLQMjwr+TVoy4addRu037pFGYkuEmyTWhES8V9lPhl8xsGSVk23WivEA==]]></Encrypt>
</xml>


2015-11-15 02:41:01 debug :
------------
String:
account-ticket<xml>
    <AppId><![CDATA[wxe5b18b9bd7e3626b]]></AppId>
    <Encrypt><![CDATA[VfQV/stMEekr+rrM1jcJxOuX/w5qaPcgtCOYC/uu9puxsBr0gZHucN4hYFc14e2Tmqjy1iC6n5/rAw0O1Wdu0yYuOVh8B5imsNnBbamKBc5n1iv9VWDAifmAYW1EVwgpeAI170ak09detthBD3jXNTe8brRoYqfIaekHcO4OTxekTNvO7Qc+stE6zATsyhroUyUSKP2A+dpJNimVGQHui2zTcEaXAjCXoqEKny+2PDZzAAJUDhElkcFBNqdk3TzJRvCncSBVYF3vK1uxDPCUlm3MBvXIErMcES/67+UTZn9Fnkg1NssdxDVoPzJzony9JvY1t+vAwQ1wOsfadnuawAWcvtwNQG4pQfwqWmdKj3Hlzhb5WSGYPAY1aByFzJ4jBEezJ0oUQdBxC/D3KDLXxb/WGlWfdBUDONsDFupRsCLhQOF1R1dhq/tog+qmmwD1uMmNqKxdeF9dnbJHO4B0Yg==]]></Encrypt>
</xml>


2015-11-15 03:00:57 debug :
------------
String:
account-ticket<xml>
    <AppId><![CDATA[wxe5b18b9bd7e3626b]]></AppId>
    <Encrypt><![CDATA[lmw9Ohc2LzvvjR0VHHc0Ogub/zLwk0Dseg4jFPRaLFKCeeoqGBR9c8Ib+72fGvG7Smvg8brsCh8hm8PAP3K28uBfZPnl1zMpoFTCdb5Ktb5EtliBLhuFPuV50HdUsMUkMVvoEKpCDyc0f9azMMHLfGQDNdo0cVG3W5a6xWUeUAUPI+tlD59j2vfoK5ZmXh+F2PRNZ0DSa/ModpFr7kze6BQLnFBF9/EGxS/DPJ+eRgU2Y6xAFAV8M+7MlvmyY6SDTdIwFVevzkKoPiYyHozxxTiHcTTPIvZujR8g3MO8p5+KQNv23B7KgJn3eifxI7hx7gnubPDkwEIcmCvlrVTMgbRjBGDw7HGJTmMcNK5b1g7rfmYqs2ZPmP7HPM/IsU/E2mu0V8NN04AbSu+jj6SemEoDin/sO9VAMPPeXkXKLSiBuZxtn+LgNacyQncB53/7uv3YOiFvfLJcXMIXLHIx2Q==]]></Encrypt>
</xml>


2015-11-15 03:20:57 debug :
------------
String:
account-ticket<xml>
    <AppId><![CDATA[wxe5b18b9bd7e3626b]]></AppId>
    <Encrypt><![CDATA[yeq1Ws76JlmaKnoPL9qmyF4FSAMPCswIoeFWQXVwpqpCSeWoLhw2cxfGxGXCsctjlHJ3ffzD9vlExpjU9uX4tOlBnyxE5nxN+9bTpvEpy9HF+b4z/glpX59xLdywlOT/bpLacQh4uq0qjChOlRY7Nf/ozvDew6qnI2G3Rz40fkf7v2dX5MbEHdpiI6e5ALgsYyYofgrYpBYmMlQniFwyS3LkkeGrRIWlN8j4WkLLZbdbOHtM/00jEmX66A2sGTdn8I6XyVcw0ktZyCBuEvZnKSAHIhlDaUkoEimoywK75B9g45kJ1Ru5iVLAq07dUmHmhqAMLqllHRrhIwwNKcd4SxUd654gMsui+WRiwNHM2m8Ys/FP7jAdn/jcP/OzN4kBmnCNhf+hMWrsyUOUwBXePaloRASq+tS1/665Rqyx9sd01m+xnnMHiNZoWjznL4evY1hP/0NRwgDLDV/5Ka8tIQ==]]></Encrypt>
</xml>


2015-11-15 03:40:57 debug :
------------
String:
account-ticket<xml>
    <AppId><![CDATA[wxe5b18b9bd7e3626b]]></AppId>
    <Encrypt><![CDATA[6iFmfgSgJiPAEH2M+p1Eyx7n13bEITV1C27x1MfgW07AfYDT0FI3Q/qxuUL9bLJXxmYx9oMRHNy+ikETuwuVpSxJg0U8aTINzClAJCrAs8nXPiWnEtb3y1w/fOm+TSso0IUeVue7mhmNdlu2kzF90tJXTZLv6CGrvEE8u052FI0xcrv6b99MNeNpAT6iiYAetpPQI2GS+XRRiaDwXmrAnhzXkN+8FR8Ny0UwRLAbgGNpxhu+MVjjLMJN9orONtCSCDCxqaDvdgjoTqNjGtCi4XzvVSvaQCX74o3RQfbnNKhVjAUhgXS1RSgSAopK4srLDuwzZ9lFowC0+hBbLOz3f7a050HN7sIzDkmX3qgvA0/bM3uWSZxykncuAgM/5QfSzRyhsrhrLPps+Tp7SPpsy6hijerH+vH24NQrRgzfBmvU7eDyF6k1xVfXaSOttBS4s+P6zw+OOHILAemDbGE+Dw==]]></Encrypt>
</xml>


2015-11-15 04:11:00 debug :
------------
String:
account-ticket<xml>
    <AppId><![CDATA[wxe5b18b9bd7e3626b]]></AppId>
    <Encrypt><![CDATA[ukY8jiCtjuAnIMP7uKUQj0f9WxyMygMqd/TdNG06kX6xf5BfXsd3r9mYiHdX05/YgjEDhv7+gx9QiT0k5AaJRoBEcj/VSyOQT39OHMQPfwvBt5SSLR6ePJreCt7TyCn4FR5Aq7Ev2GleNB/COR0Z2K13QPpLaCD/XQSZsVpenUioQX0rmLAoHUoKeRRvxC5x2HcY72NE8zpknLeCo2xD7KqUQV9AbIxhGqBNDx3ray7ZlCVHoEME6FSPqoceUkSQIYUGV0JlOBki8s4KOFhEYB3d7fTvQNzcxn49PyVA1cOMdnBQpbmR8V83fHvs6iiYh1qf2e5Ya0FzIPjkEECeY02miLOf0HUOVH8VgXqtumCg3kB3a9J7L9PpFhO83HUuYlYGwqJa2ySeX7LzhXoeCSlB07gIpymxEqHnxme+EmKEEtHoEzjwchMem/EMOUVWbaz6XE24neIk2Iej417x8A==]]></Encrypt>
</xml>


2015-11-15 04:40:56 debug :
------------
String:
account-ticket<xml>
    <AppId><![CDATA[wxe5b18b9bd7e3626b]]></AppId>
    <Encrypt><![CDATA[J04ObpgYaNeIzfqF4Y8ISKdPje4UVuCBzD/B544qjK53na8XVAj0BX0m09CKfA9UpiDiCN2eSyRMc78gMWyWBjEUlDHiJ3lIceC2Gts5Pvw59hXsIY+Jha6NoHbKPWUHVGif5ddBGT66KD6+0azTGU9WnGu5JhT7Ac193CI6+MyigX+p6VEcAsin/SB87j0/DEXovZgijyEDQuSqHRHkkSYManU93laXp7BcEy0bXC4VI7aOKXHQdTZfuSiIoBKbgqrkCn4gLbCFXvPy4+c/2Hmha4vZUouRA3szPq/mMDKPemvKh2qSjtIxOzBnE8Tm6f/V++tdDgjCzbX4dT64btO/4FQI7HYTyUGCNbidm+Ds9ZIUScxh3c9UapIgIwBHWIR8Q/w7ArlvbfHexFSlOXNYUsgN8ea/pv3N/VRHnZw7uLBBTsk5XYNRXTEVUOPKDf1dr+5yK1WYh5fV9xcZbw==]]></Encrypt>
</xml>


2015-11-15 04:50:55 debug :
------------
String:
account-ticket<xml>
    <AppId><![CDATA[wxe5b18b9bd7e3626b]]></AppId>
    <Encrypt><![CDATA[0Xlrhr/HgJ6ozknlWcm3eZH6h+LnttDlSqJ6nVjrWy1q6NCtVOPifyCJSosmgZVMSszgBHh2HkOldmppJ4GVVr2ffD30x3kO6UQEx9PUTNARnEQKfKdQTEKZlbf/Y1hFVc30K81EB3BLtfdpoTazvy6rQGZVKoCn/czHRGiIuC0lW1ZK/S3UWNrJLKP/i/vsap6JZqH775VyTdCXza2O6BbFEJ2ATBzxVbx5omOOj8yFf2kfstvEQgeQk5OfczwYvIJzEJEgmDp0exwZRp1notPn/yOErfIvIwRY2GsMUJd2NED4ja9U47hZoq5pC68EGODdwlmG/NcSUZ3dCg8Y0lfx5RolQG8h6tNjzQCEOLWUSz9Trcc9Xe+Fs7/qqLOGeaoFIyURoz1DCKEw6G4NXe+pCJmc1Tj39rqNuFNCNET8DrAwTIb5zv55KGbBR9FED8V4q4dRD1WvdgXQtNmP/Q==]]></Encrypt>
</xml>


2015-11-15 05:11:02 debug :
------------
String:
account-ticket<xml>
    <AppId><![CDATA[wxe5b18b9bd7e3626b]]></AppId>
    <Encrypt><![CDATA[e1f1Fzs3zRuD7y0ortKDzTCTjncOPYAIaCkoxz7kPHDKEGJBDGwrcgmy/s3K8wjiMiFXPLbh0b3cdEEyGv/Tnlyu5IxzlEYLeTulPeF+bqeEaG0ggNOksqYzD2OmSvZy2DPEVHY3ffQPn6IV8Q+BExaD7jLyE8h1jKAso4Z7gCtdl2JU5ceHCdUYzdDybFuMYbhrxlw5QRa6fjw5mmOwhUElPEb90ns8SyU9+jUCAKLz94I6EBDhsyWlp2ifF/fIbs7dfgTYMtRHcbIZxZhc2IupdIV2uHmFvGe1H8ftg/BhNHunLqQGMdnBRoAlNeUHVzILhzLSvJS59X0OhV9TcilioTGXmur1WzNOZUyyNcUKpVcguN8BLEzaY9qyVvYXwULQ1W3ml6wKQqEb4tj9nhzkbr7mjVt6nhb1nuKUNDYDqNejrx+gz8tH0a988DK8jonyZd333A0CeGA/t6CKxw==]]></Encrypt>
</xml>


2015-11-15 05:40:56 debug :
------------
String:
account-ticket<xml>
    <AppId><![CDATA[wxe5b18b9bd7e3626b]]></AppId>
    <Encrypt><![CDATA[oLHQon+Xx6P0SkU/qfuAKiMv7nklvkKGEVMohc5A/S0uQuIQofPAuz+32i49JEta8zyPa9Avxehn9JHi8+hFFtOPPh4g00TRahlWGkY1JlTArwK4zk4v9PS9xN6D9XB8NljN5n7QQKZrsaVbhkqx/WSBuIicMz9B6WdQirE1Z+esLVMCWjuxxOzsrE3AAsF13muA+BqteDciqHfm7AcP512e1FO8BMrF9Ly6scAw9VLF/4IhItFGYexTyP8QeawBPGEgpiYC7NVm5LqAyRUsh5H2gIlJZbPORMuDOcQWLCSQu2b3xLPJC9HkeclfGP2R0sVlwrxtS4MUPwWyxtL2z+bAXIy0QP2/dtmQRmtlF0FcAeQq1+bSyCxccGM2eFW3g8l8rXSuCit2YiC9UTDKJehJQ61AyUe/xTSeKaDj8eAGSF4E+TmNYDbVXMAZmyX4zSjtBQJ5vKDAWAdG9Brw7w==]]></Encrypt>
</xml>


2015-11-15 06:20:55 debug :
------------
String:
account-ticket<xml>
    <AppId><![CDATA[wxe5b18b9bd7e3626b]]></AppId>
    <Encrypt><![CDATA[PmKJG8KD4hfne78Il4V0SlyDRZxJeEY+GVgI/+TkctY272NpDfWUdDlXnNAmiWqZTZjMkrnA7lkjpFEg/dX0MHSJlLk7n7cZf+LNTZQ4z8CEj/+iZnkutpiYpaBMGsnMcNQ7v7kqRGyR2C5uUwIHcbZbuFLlDuAKY7GKWsq8OnvLNVYhSuwf4z8sDzpzaq0Tog6qm7uesqS7Ph1lSiI2GJbgop08irF6wTT+nwyzQRDn/eZ/Wy0ZYk+fTe2xbBCl6tZdVBy/0XSnL/qZfBHufWajfTXjUstGTciA0EQa8UNZ+1g0iZOzCa6HvqVryER6hqTjuLVUixyencEXv+uIU2y2VgmPnkkkgKGld+AgWDnE3BBbDXRaJRYfOkN9Yl1gwnC7gKiDFFtj3EUB1NFXrGfkpqEEXmh8m2RkhTdcJztR5XokadvfaNF8CijXhVECTHu5+b5k/EoQGcgfB80+vw==]]></Encrypt>
</xml>


2015-11-15 06:30:55 debug :
------------
String:
account-ticket<xml>
    <AppId><![CDATA[wxe5b18b9bd7e3626b]]></AppId>
    <Encrypt><![CDATA[xTfRnb8E9+e45hRHXU2JIJQ/MnQacKU9/PvBvwyTp8xyZv06mUOSm0hyY0Htg3r9vNxmiipIF20kvhCwlX4UDpRajt/NoNaf0tpwGqqNf0iU3Lgj9e+pmdiu6My8WCgtwoZUhSR63DCuxjtSXZQ7UDnWtzXkgInmYvbvAWyIgC8TFBu+wKWhQRbvHMNQ4PrcXCjAavXYNae4plCGceQuyRqd0nAVfKdwbHKFS0qqfZkoEqjdcwHFZ1V8NCUy2qENWYzUZBrTEk0ZBng6hPNThYO/DKd9OQaV67nHwy4Bs4kOXymCSbblZOjzzliQtDvcX+assUZRa4Lelqa78zsjhUSzD/JwI1Q5PR3wvcSFlqFXVkoHIuuQEg0wXQqq+5ai4GlVaqWmvFaYznyj0E6Fbmtll2pcpwtSlLOGnE9H+cQWQwDfd5dYaDijYQPseteaoKpCgcWvNtIysVH4vBORYg==]]></Encrypt>
</xml>


2015-11-15 06:40:55 debug :
------------
String:
account-ticket<xml>
    <AppId><![CDATA[wxe5b18b9bd7e3626b]]></AppId>
    <Encrypt><![CDATA[vb/TL5dWmvD2NMkAxQL7+BHITbZjq21zwbo3SJtJcHZYEBmBS40XdDB3xaaCRfuAehyG+BoHGnCNVbE/thClxIjvfVg5/8UHI8jQc/30aWV80FcwiZhZptemyz5d+oVvxH4oUffnAjObV6sCk4JUpJY2dBbyhUvXa2Qj1ssoUR4U/znsz/eMpEU/3wxi/0Exny70GwpojvmPVbfEfDEmnNclXKs5Zz3c435/ysSOTiWzkALYuBBGE/DDHRlC9z24bzIoR5NlRg66OvD5vK2UCu0+Fy+YWupg7G4QEkZVnMgfbIcAQaX0Zb8eiCRrtR7mTZBE79ujHS6OH0t2ozAitaCMDfuCOGusjYDteGUcPnmIzohrjkTjfQrduRZ3wm4rmv4yE+E3LuKcSSs5Nshz8o+QnjGSr7+u6oC283p8sJa09aGwiGV8ipzHbbauzXpfzEjBhGa/Wo3k9mutZbtWDw==]]></Encrypt>
</xml>


2015-11-15 07:20:59 debug :
------------
String:
account-ticket<xml>
    <AppId><![CDATA[wxe5b18b9bd7e3626b]]></AppId>
    <Encrypt><![CDATA[Ev2EyUHkBvbsjscGSlr4OJpNN/jvT2aE+gzQOv0j7ZqmR4KRxFu7D1ioEOlXW9CAwxq2So29jNWVddjIWbIMRbq1jOdfIgLBjQ+6oxgytJDq2yUWOhCbI82ICnHwo/YbUbYwrqe8sVRaT1TiCPdbF/N4LfAIJjhUFXNSb9YHj/cXK3MxZA7xAaYaBHceg+01TJnBBtLe0pYE1T8oMh/CBDoAgXLR2MXjJZ6BWVz7rRltbvZvGAG/pKhSs3q6sffGAH7fTzl84XVpS/Q9Miv6ML2SgLMQCBfrlxoaKxQSkAAyAUTcVn5CdIpydpGMfX6mKXmPmxQ66zbj7+G025CQITOOeamWJO/+sUq1wm/5vrrWZxebLxZgDi738MSCRjOyXfoqTY5SilWpz/xhoDyu8zFlMnGhy03QhQyGGVTPZ6Bvo6iX5MQ5t5lw6ahgtw3i43lYZBfpr44rB5QlOgfoFQ==]]></Encrypt>
</xml>


2015-11-15 07:40:59 debug :
------------
String:
account-ticket<xml>
    <AppId><![CDATA[wxe5b18b9bd7e3626b]]></AppId>
    <Encrypt><![CDATA[UqVRMXTPM3B6DeW5om1dJhdy2Dj38a6+7kTgarxQMY7KH9gj9/m3GS+zQlBj8RMF7F98Re+/ve6HAtsGxS9ornios5tBQwD9lt4VQJ9tlgW9cNcF6Aiiq5WAVirUVj/3YkXtC5WzSYjP/JncOS2/YtCTw2HhLOkXwUkojkU3Vrzvw+aA5yXsj+1lQGsJl1Xx6BAKaed+JIPbKx7yyT4ZUjILzBZfl+Wv6KvWN/49nT08Yxt2rxkEHBvLvbuYjNu0J10f/i8GVq31zNXksEw9IsuzPb/r9m5LypUHFa3Lu1xs4GFyGzAOJo9YWohQuogAOH9d0IbLo9+RhbGHtIyvli7DeIbnSh8qpbveG3vTOGPPC+8E0yuNdYxG/O9IMiqk3RYYEPRYSTITcOv+403AhvY0hAkc5oeV73uoZGcMLHZNPpjwEw/coZLxEaznWGXED/6KoQTJdleW2F0Hf1DzRQ==]]></Encrypt>
</xml>


2015-11-15 07:50:57 debug :
------------
String:
account-ticket<xml>
    <AppId><![CDATA[wxe5b18b9bd7e3626b]]></AppId>
    <Encrypt><![CDATA[lqNkx9rKPBuI91U8mzRRc0MmpCXrbRANI3haak/2no/fju5eh0lShQ7F9lSfXbrwphFcFm6FP3t8wMb4BlBqYn4DGAs6IVGcFQozB5YbQeJnq6WUd+k6ESbSU1YKdTiXb0PxS2NCbMaYHdPSszw/QWwr3FtLrFLjkpnrAKIYhu/TWfeFDuF0Lkoez/xRZcDdvgHTXB+g7pq48MHVLR+AQtAVZUecmZ2RJQYdP6MdllWZmbQhrnAIlRS0P30ZtktcyAkT4WTCtqO9xWmVLE0CWKoU+VmK81lnZdyljxz0Q24EBoSJayybIHCKD/oK1h4d2osNOIpkqdpAweD7mwYD55nuDlySDCBgWj1xkqJaMgCLM/HycCPKK7DjCt4yLbEKs/MmAxCkseLs/JPL0RNDC2ZiT/CJPhauTR9MacJEoIq2TLTmDocANvinqAyWCU0xhKzAHWpuT/caWQq5D9jECA==]]></Encrypt>
</xml>


2015-11-15 08:11:01 debug :
------------
String:
account-ticket<xml>
    <AppId><![CDATA[wxe5b18b9bd7e3626b]]></AppId>
    <Encrypt><![CDATA[/Ie0SzGdor3oZQIQjU9InYZoO7Mtu9y/beUcgJHEYGgdAO5iV57S3ZzsfG6PmBEaofYF92JIFa1WYFU4RDxuteXtMNyMGtcyGkrzKjj92opxheCH8shC/6xa5QQcIS56LoXHF/nxieuwUvxbmCYYCx6tpKE+B8AepFaqDssr7OnXqgXMyjvXtWOoJUh07TDxQVpPrTOXTziCyz8g4lBnT43Vz5CJZaH714tZypLFYKkzIjHZNaa9a8xapXd8xKYDVgiIGuarBW4knj6+8r5dyYbo2zMNRE7mKqAoK6v8Xn4CpwfRRUqf+7Og8CcCTLor13TStLl30EYfyWKpmHu7xzDZdkm7vnhElakpAav96B7lB/qdnKqEzYDFGy6AgLJLTqcV3LqTegw5RTZl80Du72lLgybG0q73IDqmFfi3lSkPR1/3XgWn1FNNenTMHjHPlUnuHxVZNfk0GGSLQ733kA==]]></Encrypt>
</xml>


2015-11-15 08:21:00 debug :
------------
String:
account-ticket<xml>
    <AppId><![CDATA[wxe5b18b9bd7e3626b]]></AppId>
    <Encrypt><![CDATA[OzcGY1vgH4KKy8VM+ZQjpeBbkBUFc/NpDzKBDvPoIiEhSby+1oBdVVtXIE2sCqTQwnDvMX2utpiOekNb1EsNWGsCTC9Y748gdbgGFD2gaMBTUj0dR1z7M3G/Iwf++H26iLyYPVNzvNRBlpJ8bx3dvdjfhWlPx1Udbfq+OX8u9jTBprOljK2B3Vpc3gI5xwVJyqtgiJ2jnOA3SX7nZvfvrK7RKwMZW+5iF9uM9cSXLIiWUEb7nnUDpVDteanErI5coRDhEaldg9PubwoGadrgSiJ4vd6krV1vjB+Cok0r9mQna2R7JKyTaQvdhG/0cqH9w6N8MNFu9SB2fziuk3putfaLDOlXO21RbFuE7L4UoxKemIRTdGPgJBClQbSdfT90vjWEC1WGDuJDTGlEm+PnffVrxDT5EKjkF090cyFJM+pY4AZVAFqHeTGgytfmBMqd2m2TD9SNG7HXT4YCos5BgA==]]></Encrypt>
</xml>


2015-11-15 08:41:01 debug :
------------
String:
account-ticket<xml>
    <AppId><![CDATA[wxe5b18b9bd7e3626b]]></AppId>
    <Encrypt><![CDATA[Swnx9tFqa9v2WAc6Q/Sy7uZ9Bo7dIoNaWxJj7nbKx5UGmozxga0IRzb/f1MXKIRRenb2B4S34t4MhFVhnEHtvSmrYWl/D+kfo6H4KFwv7KMh5TNnHkewaj2iDSS6YN946XYU+TCiR8CFlpmg/2ICzjevOfCMcAbcjIcMSyd8YjoXitu8IT0JwcOKVNB92Iu5CfeGnO7plZqg5fwA0IEp0yS84uT19AUL/9WN4qeoH6LRRsw4a9FiSFeI4WivCJGapjqqv4cg87CF+iqhOYn5sd2HeB9LjvOVuJPKp383Mw4DJcwz2Wgz/0uRc4fsvS9keWlF2b0CVNOP7rEHlVtHGh6gT9+vsR49JvYMrYXviJDllzbTl8qyPi3+jWft86bulwJhSGKP5iCmulBUF5pzAYR5CXpCUg+QCNClTfA4Er+/+B+U+jFyAtUV7WLIEQvGujsjwt+ag5JBibXn1LVzXg==]]></Encrypt>
</xml>


2015-11-15 09:01:03 debug :
------------
String:
account-ticket<xml>
    <AppId><![CDATA[wxe5b18b9bd7e3626b]]></AppId>
    <Encrypt><![CDATA[/DO7tArd4+khZRJ3HqZQ9R+NqxYWKpzfWDGOFmiCMyFN7JCwl9iEB4RMqS3Jx0RmdL26ZJjEZTS8H80gPzFl/e2aVNgHu3P0gG6tt/b07udsaULHLm3p6M9Ro5WWxb8KT42vpJV1kE/e0I33On7Qcf/XwbYmhUzxFBDJuVi1y22EMSDiO7X4BS1aNqpyqGf1b7tiNkD6F5IO2huDsX0a+4lXeRit6RePesjH/aLSwYyaX0yeK3mxQ/wdKaCJguKCOkbvZpVztCgZ/5y/5oh0tBoMedP9jwT2FW16vujck0Sp7vdqPOGjrOyarrtjaJY967Iq10FQT/qqF2PeSYohBTLy92ccadnBPdCM06spAlq93HXhpwCxbBy0uT2PT5Q+sUjx4MRt1tg3xlP4xHl6hQrbIPwiZKSQsJylQnuJGvW/GXMQj1K5pCGuCvZXEj1FunDXKj9ujccIlUQz7M3lig==]]></Encrypt>
</xml>


2015-11-15 09:31:03 debug :
------------
String:
account-ticket<xml>
    <AppId><![CDATA[wxe5b18b9bd7e3626b]]></AppId>
    <Encrypt><![CDATA[h4GsZmVRw7sa+fWMak1YcKJQ/iBipCZ5wso4zTw4e+Sukf5wsQ+lHLG3WUQEAbNG0odpYANNO5tXpRmqhQXGnbbi7amDzAayeGZf44w0vElQMk1G0D6NaFtcplSvTkJpJeH3CXscX+anRE65eaEj8bnlmv7DfC+u90OQrrSVwuGqVLNXXZp3zYl8FvhfJlj4FEZ67rBSAHi5ogmRpb3noEk3+z0KQV6qCiWSiC9rpzekbBLqBmXYB/22TkoG/y90JVHbbRjC7OVXPd2u8SFsnQvtk9r2DlBDfZFPUIAWgFtwuEoi1Hz5ZLcT4RvUtC4jJBDGSZcf85HgOLyfSHcAuvAoEQnzbXwLJonEM3YvO1wFWF1kpERxgmae87VXLn+Z4RL3uvuaSJTBGd0UuTP413azmarM2h4yRCg9xAME5cDByPfUqqU1WKR/4LsY7oEwf2nFyxEZhtE0XwFD+/50jQ==]]></Encrypt>
</xml>


2015-11-15 10:01:03 debug :
------------
String:
account-ticket<xml>
    <AppId><![CDATA[wxe5b18b9bd7e3626b]]></AppId>
    <Encrypt><![CDATA[QCcWOd/oFXhdYJ3+pG8oz+6bTjDGsEMOjAdQYQmsjhxLAyARxBm0AgxEaCoNYNXPATTo/qRGc++3vTjI9VPGq1gDXQH0WJjnv9Be1zdjn6+haUUItTsQQr9330rvuC/0MtzEtvYSYSCQtqMH8WcfkkcwVqj1vllcuHn1GH39rXLX6vr0EWErwShBJTFlvuMU/UeAlj5Fo/E4amtWpztKt4FF42mqrhxtSVzNsTLlpSkX9tC46pgSiCAoxjRgbxjSHdcmBZapi3P3XZve3zSxJ5hfwLjMA53x/4cUlCKPBKOWYQSx9IrieWXXxgjJEaAZEP2vG8Mx22X/S+DIfgZKOFaMb/YOMBCZKLnsDoGiTYHKA53WhDdanf8t7K/Ow2ErTDUu13cVHqKaR7l5oF3RGsqKEVBGj9mJGeloa3S64OCR0XBuV3HCF7WldR+cNB0+Fij1kg7/9nBYmkjpbND0JQ==]]></Encrypt>
</xml>


2015-11-15 10:21:03 debug :
------------
String:
account-ticket<xml>
    <AppId><![CDATA[wxe5b18b9bd7e3626b]]></AppId>
    <Encrypt><![CDATA[UPd74OnOvOG/udnIQTWMvEdQl+mOEJgEch7sKUr4otQDjdR21gGCNtmVNCU+0eVmueflRcI08EkdqXlmqvUvXiisSm0BvfBLX6mO18SebhO9oSTU3dN+8y1hqxyLo79nXKNtJ686Lu/vNtpcy1SrIAD1DxYKPb8zTnGKYPRRGlIRaOoX0bRqWKwtem+NbkjTA0I/4U5GqNbSzxiH3mOLiRTjx0TOdjwde9rtKtCtMqcyoh4XIU4U/qjWpCXJkOPVPLbOYnuynUMuw2DqX+xxZNw3mgdoXei6WoXQD47aTQrZ9KvE/vvYtsC1EDEzFP6Oeao8WHkV4i/QepgPoSPelrEfLzereQqGLz/neF5b12tgu9LwaiZChQGl2e+S9W+8lOcaMyBg/qFAcmoz2VkVdYlBAmdjEG/TN3lO7knMP/WSLWmm/O/Oe+M2zp19bZo+Gk7Fm2FFj5rJhBhVW4CE+Q==]]></Encrypt>
</xml>


2015-11-15 10:41:03 debug :
------------
String:
account-ticket<xml>
    <AppId><![CDATA[wxe5b18b9bd7e3626b]]></AppId>
    <Encrypt><![CDATA[xhu4Iuk4j/XgcT6IS1taT6JX6W4tU9jN38WFtNCtlzt/8yJRS9w3rYH4wlxIL/dgwe5Nmer7CgGbYXD0cnU4Ntdl5uZkNkTmvOxSeDjkNHeW8pSs1+F7Vh+ZtWwcI1lLNliNzq1KVHER1dbo/jlEDCXWTm9GNdFDtWPVwz45drsCn2b6+5xjtQYfpElisw7DkydsSY8airdg3wumxmv7FUMmTewuvqW9kFaG2jz/mNd6PtJM1vXxaVTd0RaL5uj/NCa9T6vaY7ebmZVC1fYl4hmqw1ve/1IbOdK5sZtc1GSRcmxvhS4/6b2ihthBWFk6oBFTHrH8HrHkHeB/mGPt7Rm3OsE8z/ErMd6dBAy2XsiKcXnSz1tcs3+vQEd428VHaLYgqNqoWcN7Ok88HQQMgMkeZlFQSOGM0SF02NkYUdZQFwH13HJNI78MxtvNw1RD6kuXE7o+vpx1FZ1/7hYvrQ==]]></Encrypt>
</xml>


2015-11-15 11:01:03 debug :
------------
String:
account-ticket<xml>
    <AppId><![CDATA[wxe5b18b9bd7e3626b]]></AppId>
    <Encrypt><![CDATA[JEzO6wrgzYFLfiTiZpoDk3LJhxGbXZoOWnWg17nJN9Mz1r7gG4+qu1Rh1H7Z2Btt8ot4VZAoi/003oUkyjEM0QlHYB0RygPL2/fd8JihwYIXTw/dKwgbfIVqWdf4CRjTUSzyzJxcysGAoEeieb3icE7WQDly//fCS8kX5F30u9vKk4BrAhOdANhr1v5MYAhARhLcGzhqrcGwIgHn3rz80WFKFTljhpl0r6PEBJgKHn1OgRchRyxZ3TXr/ZkCMnASkuK+fepnCGIzsOI0CXsB0WxVjsGmPTalKm3fi0fb1edURak4MPScVQxWZaX36h2wcD230YrV5J/nMQvNAfzTN21yFifRfMVwIDN6oorjkHaIVsBKZ4oB3SZdsH4mOACsDV6jDPer2XUADuEV3uLq/gYqzewlJvVZsh1oPOTy79OX36hj8aWXuG69GvvJcl0gOGAP62QMiN7Jj0Ha0pcMvA==]]></Encrypt>
</xml>


2015-11-15 12:01:06 debug :
------------
String:
account-ticket<xml>
    <AppId><![CDATA[wxe5b18b9bd7e3626b]]></AppId>
    <Encrypt><![CDATA[G7zaA63LS3h9HAYp7nymBa+lMyiEq47t/OiykzHKHZbSSJmC6M7ZPRUpuyf5cajLD6nYuhBllQugViDSoZewDLLrsp7M8MlNqE33X9IZ7E5d8EHChPK5tmUmVRxWN6t3CCTq+QTlpb/nk4ZKLB9Z1EbIhOs7ToYDkqJs9bupIrNfBBdjoDBkBNKpVDoiIQESFQGJsS2cCSyl758hOXxB91CJsJyMeGh7LsnaeJvJ3I1ZjyfHaa/WQ4G9zhhG4QhhEk+6mg19jQDL6b/r5qC0Nmg+Lzg4qSisrS14qSm7HB/29KyxWzyWie4SbaKlSvjl2VKF/8OyFskbWCcVi+ha/zVH5un0/wWZ0ol6k/ERSqtufYNuJp+bTLGlhk+XbajwOH6yjdXvK0VfKU8/LJvCTM3OdwWlkOJknEpoFT9CWjZDMs7kEHSlCIYQmRhx2yjYHj1BHRDiMf5sG0Q9vpREFQ==]]></Encrypt>
</xml>


2015-11-15 12:11:04 debug :
------------
String:
account-ticket<xml>
    <AppId><![CDATA[wxe5b18b9bd7e3626b]]></AppId>
    <Encrypt><![CDATA[8YACF0Pn6Y/r816nka9YsE3Qqzc9nRj9WPBfGPor9Kv1xVoASlhvvtjO4kbeICr6xS70IzLmF+OGBtYwD5vU+ujRsBfuVja8o7UxjoP1gAWy/1SEPwfvdO2y+Pg6+gMd1XjmuX3NZp/lJcixwECV+ajf8eoM8iARmKypV5khlyXdMDUmclKTUW6OFgBx0Sd7id+JZ8nwMC0YOJnCf9/t5FRHgXz70TFcljCJ4K5YDNW/UPiJDU7H+oAEm5w/veqIyLeIq5BwkU4Gl1p+XAF0KUfM0+pBc5SEtcCqpjwZE90U5hZudvbQ5fIjmzqZrfbaOMS/3fRWXw/2kvQ3ALlSlf/KZ+X/zF3vnFkJYrHFnO3JIVC9VFHoViAokGS+Fc3WcIHm84Zv1NhCTDrq1BIiF4/+Zd90R0Nu8h450wNQUeEOeSXOopG9PE2QsBPf3hUspAvPFFzYcJV5SAKb/vmDkw==]]></Encrypt>
</xml>


2015-11-15 12:41:02 debug :
------------
String:
account-ticket<xml>
    <AppId><![CDATA[wxe5b18b9bd7e3626b]]></AppId>
    <Encrypt><![CDATA[frRYNAtvEzo/4/Emmq00yj3HJbVg6jJqTHJi4h2Xl6Ls1K1WEW92FVQ4u01CPxVPbbzE918A5Gj/AiEo0KnWt9RpBHsi8+/t5joE31sR4ahPzSZLRSdyHl9UmyMYhUP9GV33bm0kH0oT7nydu/nOThrHOlGPHeI6+rwBpaEAZhtabMm1VK4USJKyNzZ3aUWF665TcA7kJTkSwsapYAB3qpy1ZZwT6E/cEoBzPytOSU/F/gg7P2LCIGQCg7JlhorVwwb6iEGnr3/Tafzwk3e+zBNxNCp/Am9361gL9JL4w7fr3ZyqTB46yiMgSbzF11s7yv0vUE06UnynZByB1xvECTXp2HI7aiESV0jBbtmMwRTJHPAG6ulZj3yIsUjHlHBPCeBtQC7BTGwmU030jWUEvNXvoYkWdeMROR59hMvcL/G4aQ8Aj0esu6RpDpWWHun3P0j6pJ7aWlYk8V1wnj5fBw==]]></Encrypt>
</xml>


2015-11-15 12:51:02 debug :
------------
String:
account-ticket<xml>
    <AppId><![CDATA[wxe5b18b9bd7e3626b]]></AppId>
    <Encrypt><![CDATA[vFtJyQbxTtygOAdCOQWZBIgdVZXx19VJaqxPoTAxlYF6MBF22VQ5jZESlAM/6dV7umoIZawX3PpsQ2W1AdzSwt6rhIs+oUGULM4qr8dpKAHszjqD5qP0hRR3C25nR+88a2MZ0yhfOqLAmc9/SnZwRVXynF14FjHu7ZgFEnVPzOcbqfwustmyKZMYjQTeF/SOmZXMIVFbbbHcEcW6l9mQY0f8A6QwrSvXqRKxk+GEYvOMxaPMqYmeMsxjQM2gkFvEflhVdJxZtAq19tcHJAy4Rc9U6RqkslpzCyySQhJSpOeLThqk37ZCKycfFiU/meI5fVDsd6KqJDyOWz5Qsw7QHodL8MBG0ic9eNYyXowQpdYupzp7tPr8D349bebz8fVggPG1GngX1vk2/Tdkhr3hiX+xlCMa5rX41mVAwo2ZWhvKS/CrlGAQpX+vLS/BZwNlWQqUycpa0JD7g9ez+S1L6Q==]]></Encrypt>
</xml>


2015-11-15 13:11:03 debug :
------------
String:
account-ticket<xml>
    <AppId><![CDATA[wxe5b18b9bd7e3626b]]></AppId>
    <Encrypt><![CDATA[71YnLTUbFcHcSUu8hiKW6fWEZ5wuUsp8yHTHeLqyVE4L5nnjT2ATGTLV7wIoJtjZeXIudffgvc+5YVzRSS/csxlQrPyYEUHXQ9nGcwUfH086Jivryi62WyJ2jaA7T+QaaDrRMDi8+9zb4PN6VlMIX6557PDZUoG9Oy/cC5F1oyh/eF+x/7+T5ToesK1jloNNoD6BWM2Qd1HS4gEQpMf39uCCFpjikdT2fonK514tyYW8AWxYHLtaDwimjbBu0Jyl0BUMrA5XybVDQFcB1qnwZ11NLhhCHqKnGlovvH22KODy4pSc+VHQk9vg5qqi7nV44ijmhuZEbvb4Z+a9coe5IoA2aianMLvD83UguWu1TVG673qBzEg8POeV7m7J7jAtAe5GmfqUpz9Eqd2xnZgj1fqnoy2kLSFxz/5Sf5wQKBvHSIgFxvtSUcdVBy/ScIcvDmlzXo7A+Exz661e0kMKLg==]]></Encrypt>
</xml>


2015-11-15 13:31:03 debug :
------------
String:
account-ticket<xml>
    <AppId><![CDATA[wxe5b18b9bd7e3626b]]></AppId>
    <Encrypt><![CDATA[iq5gSxcBNw5eRK4Mhwbxr0aacGiIaElvMQDLwPzPLthgPPsxg7TSOPYSyqgwM/N598HUYU2d57f3PTgURxQMp5yHIkf6Eqe3S5q5FWwogMYBHqnj8onXlto/A7OfS8Moy/hEQt64+8mMRs4OgrV9vYKk3/je/EhyeaRJGaghRZJqOQ/LKLe54gHYMerLY/b1O7gPYh4hAaw9WzQxKU5Se3MdUMDEFuABxNF9MbViBGXzsPIlgCd8cmnrckr5R/iKfMGQI0Whn/UFa2/hQ13zY2JXd2hgdEDdzqPkX9i7iU33Z92jlrr+TqAm9zRExZargSogJHyicHTKEemGPW9T8ghpTIERHAbSWJJJF4a5Wj60045Pu2QI3Jmi4ZbzhFCp/Q4Q+IMVeD/L/mWJ+U8yJWs2VOpezGj9kbpr+GCMI8qQh02/Ibr3saTOAa0eLZnw/QYLOYIz0wK6XHH3JntSeA==]]></Encrypt>
</xml>


2015-11-15 13:41:02 debug :
------------
String:
account-ticket<xml>
    <AppId><![CDATA[wxe5b18b9bd7e3626b]]></AppId>
    <Encrypt><![CDATA[h37cyD69aFSHKk5CWUqug0askSz1VFoEDi8f2UNZFyU/YBhjAtzQ7hQYDJji+muXb5fiWwRaEbIrnv63SMOKaYPe52h80totEj/ibmcQltasKZGNTM7CMgYeMglvMlAT9KZwKW3v1jzmlmnmxK/vVD2gPD9ssoUSbKB1gMZsY6UdH7KehX/CoQyyUK3s98+gMrOvffdnE1YbIAQzb9R1SntCPR0Ak630tFOIz3fb/b5g6yEl79hEUhTlphQnMGzdDCVWqr7LssWLKxS8iskHBVDbyDiUDjpeG4A22HuwVLVYsTo8Mn6sYy2/UIO/uAy+2Nz+kEi/YqtpLyt4UbbpotCSWd/Bq+kyS3UchHQg/0THpytQ7tZfquYdRUofyND7hepAoSapeoUPZz8tBtbeMM/ZvN4p12oW0ozFOUDkjZaxaGYY4ZM0fCt7pOhsWDHcBZl7y5N78JbRvmgKWlGGEQ==]]></Encrypt>
</xml>


2015-11-15 14:11:02 debug :
------------
String:
account-ticket<xml>
    <AppId><![CDATA[wxe5b18b9bd7e3626b]]></AppId>
    <Encrypt><![CDATA[ddqoMoJQVw8wZbmH4w7JY5zctUlShxbFoffQhGzLhNegQwitNlXXjbDDPfgpyU1JH6uOn+vXK65x8ybOfjf4GNHdy8ABi6xBqvzEWrkBhMCiBeZey7MRvUcMl7M4lDDWHUwS2TlNiAcg8pOHEN0lYUNGcBjiajzsogkpcwn6b7T5AOy0zctiEX34YFk5B+C3ItiXxKN2oPHhrNZ54oXQKCWo0kwxUcWuJ+wk97ctazjhbGn4IP3FCRnYsc2QcP5fJjeYYE2mjD2xb2kkU3VGcyBAl/aa+tiKSwTnsQ7l2fwqa+NKbGj9wGJ4mNM+IenxMGHFqbPCXdAifjL57dw6l7VVEKLnrtoRF0aVxLAB2S42ZYU/ruiMy/eJwFDYTRc5QkJk7r4Wnty7WvBvqedZmnr5WkVaeqYY58PjW8DJX4l59TYeD/D+vYrsnLnQRsrH92DL7NcqFoHHLNxlpXdjiw==]]></Encrypt>
</xml>


2015-11-15 14:30:57 debug :
------------
String:
account-ticket<xml>
    <AppId><![CDATA[wxe5b18b9bd7e3626b]]></AppId>
    <Encrypt><![CDATA[zw6OCLpjlPRc3Uwjzm0hL00dn09BJuXxQr8oHmw657gKqQCzkivIqNougbIyqsO5PNM+pHUqxGmbtqoZJd5r77bt4nmpjprhXZOaVkgN9H7rpj1T8cmgPEGtlvpXZdBxJWAxdBgQGE3uluDE6aZS3DAJmCmyApwixUy4S/43l1e7aS3mlqU9MzLPExqcPFHF/3Q0336U09yAXPyukCYp4bSoQc9HKPa35oP61TvG9f7ucrtdOOc6bQpXmMnZjGX1f6CjSGaq2o6maaElRbmt1qOLyEDm5vsr7CZtEpHvMOD4/ZdToFvU0czba8Vi3TtradokETTWqUVweG8bgYF/Ja9aONx6wqxLOHxIwmYHQeK/eDp6LZzQJ+501kz+H9y95O8fv+dygR9mMP61VUxRKQEZaxAZKvboF5jBEGy/KxpE5zMdUwCgLKijN8bUdboFnk/9phMj3v6T29TIdY7MMg==]]></Encrypt>
</xml>


2015-11-15 14:41:04 debug :
------------
String:
account-ticket<xml>
    <AppId><![CDATA[wxe5b18b9bd7e3626b]]></AppId>
    <Encrypt><![CDATA[4qdEz9VQIdMO8EhnFyGuVeKpbpvHLZ7hCy3/WnfZo99lFV+pncMQhjIa5SqsHfl/b5SLSeIKrVrof1iuvkR7f5pc49pCWfTGHp8YikzE37ZyBpSR98yspEfXKzYDYHdAQyqxP5R3DbtDrl0H29yuTdsgKB6Nwq/z4+VzAltbNtPRihzsApY8arRbg6VvTkXEmL0QAjZX2RYiwi2NMok5KZKYwPAOGJIHabHaQnQoty1FSGofejE3DWLauvwEmMnjm/V29N4bZw/130c4Jt1GJyfLcAuzYtZocHe45Qp3bAGt2nkNQ5d+aPIrNps46Lbth45E45DZjbSG2PxkA+J5RhrSAbiYXMniR1AnzHhven8qvMbIrXUZMmmSrI53IcryDEZwSNfcsiFupExFKN44eqCZsGyaymnlTuUK+YSk8rV8VGNbSFYdxwtzSTSyHfT5ipqfQSoq3xJonqf7vCHVoQ==]]></Encrypt>
</xml>


2015-11-15 15:11:03 debug :
------------
String:
account-ticket<xml>
    <AppId><![CDATA[wxe5b18b9bd7e3626b]]></AppId>
    <Encrypt><![CDATA[h8Lsz/oM2WdCa6uHjEyKPhQRSi8wMkg1GDaUBhnxsSo9y05xkGvpLUGX9J3QG+vkZadNfp+oXEwnCC21kfJZc7TAN1VBE5q1ERAUIWATqkaF/5ghWvGxX4qcADoaLorjKMkLv9McaH3FYVVSt1gsHHMfG6PUT0BJesXZZknhdckHT5A7Gw7JNtlfxrYQPRl3TLMGzYPVSNB3fapHxzCd2wRPTHnNIJLnk4WckDRwsGaxkkwySStai3xGyMk0IpIxUvmUF91Axy4IihzhysG3RDzkwQoUqZrsMtupN5rJFbtw+C4Xa0PYwNVOluKOaKuxd/V7ZqpjJx50SIWWgh5PzPnNZbCEzycv6UW0K70k0Az0puFa5R47ysxU8W1J7l+J80TZaE59WPpPGjtwraFpNVUxJVa8aNFxpCFAd8SdOzm197n2iEDQ74rTs68Blk+kWV30pLJBhnciA3C3aAJHMA==]]></Encrypt>
</xml>


2015-11-15 15:21:03 debug :
------------
String:
account-ticket<xml>
    <AppId><![CDATA[wxe5b18b9bd7e3626b]]></AppId>
    <Encrypt><![CDATA[EaUy7Lrrj1DfjtQM4AqF0agY5Bkl0VeZ14VMOp8azUPysJFQS8Ob1Trk8t4w1FvnJIkRXn4CsYN7J4rFQ4eMNIY1AjGyTxePH76/+ctKfSjFvxwVWFoPwQHiKU6HfhCTJbW3vzf32u52M766tvtwR3RsdTL4JkbM9m81kIVi6C/j8cYEchZ8wf4bbtMqyI7r3MX29GL9+lhXnGHtRrkeIGH6H1//33Dwr2txvxCBFVFddeNbUmioG1bmAWpOiXWaGvPhC6Th5EMhsoxg840wP4AUDLEiBg76nXMz6I2cJAoXvypoWLfjNto461d7jPPex7v7RG2tcswN1ehhD6J1DxtQ5tfFDunvYT1ovFgLT0eCY0h45eVGj8vPQN7BSJ1iNF8HW+HCU6MaJ9AZP/19lH0LXfYYMS76fAqPUaiim5WV8ETUIiroY5vpnuBX7VRMuP3zvt5iRJWLB+8yQLC+6A==]]></Encrypt>
</xml>


2015-11-15 15:41:03 debug :
------------
String:
account-ticket<xml>
    <AppId><![CDATA[wxe5b18b9bd7e3626b]]></AppId>
    <Encrypt><![CDATA[uPjTMRXROqEvRU3VFUFOBIh8wXKe2lmS6v231oTG3rfKIjgxkuPAbSrLoqhkaz3VXw8r7deqFm04u1F4SUxVH2N+qVSrY/kkdmw5L5aa2Y4talnvqGi/dSdmEiHZO8gmaTZMBtQ3LFGXTaOIdg2Q9C6tB7j3u0A7hpbE/KDWP8y5ay9nhxTKfr5YnKjcgcHHA95Ev3PvtnRKa0LTmc1mLoo/HiOhV4H3vPqGeDIPqDA2+G0fz78Hj42FyqYm1pmlRCWcf5D7qaQ/h/NWli13hrpa5fVddewxIs4wM3x6rNLs3jYcEQYW3UYp+xxboRT+D3Yl/4i053BKaGWytWvQfx41C53Hf6ia5+R3Ps+cxLJurwy+fIjj6DPLQFSDqSrZ89rr0cbzgQb9W0jND2me5qad0kR51Iz+GtOmjCC3jeEBU+YG5lN6H3htSgDpigWlbdBDazODcC9nTP0G8iOBCQ==]]></Encrypt>
</xml>


2015-11-15 15:51:04 debug :
------------
String:
account-ticket<xml>
    <AppId><![CDATA[wxe5b18b9bd7e3626b]]></AppId>
    <Encrypt><![CDATA[vJAoxVsWyE7AGwnZl3mCjSyEdmY+PgJP/Ik/w7Crn6MYW9aKhOPAPjKxDEX1VZ1oUewlhur7QkpvXZfBOa8RDczlMtCly520kIR2Lw0bRyyb6ZqdF4rAC9Nx423zujoTRufsLD4QGQoj9pYaqe9oOihdnCEkYcVctD35FNBGm/pTvQd8R4CkMtz4oUT9DAeDM4MQyhgUsnRqw9NPVdDnuH0WJZzsPeztaFT1+nmGkC3Pr6Ryot49CVWLfCxEevUQMjblckKGd70g+dIozmxhCsacFCF/J/gDiYVYQsWn6a+b8nQz5jBZRzrvziUnB1ucj0y86a08nnjkdh0kjIInyWYb+i+bj1sQq3pfwO5pxYd1lPEjgHHewPeM263Ibdk4wRQIxnfSeLpywJaIAzWl11g2ldxpQATehRumMZp7FkKcdzpVIbYxumNMrqvG1/WwSo2sIt5UOYyugQhCqp7pFg==]]></Encrypt>
</xml>


2015-11-15 16:21:02 debug :
------------
String:
account-ticket<xml>
    <AppId><![CDATA[wxe5b18b9bd7e3626b]]></AppId>
    <Encrypt><![CDATA[S8W+2JpxXdRrD3LTw+o0unM70K0QC3X0aV5zJXKNvqeTY155q2Yb7S22f2S3JU8w9oc18t8LCiRXI6RTnt4Ql+w0sqJWr2nJXVuWeB5UkyL5apLmSK4niRPEcjSzCpyBuZJwdwfJiI5mqVGB3ZV+Oby/xFUmxiRcrpbZSXxJNQF9opzZgDTjh7bX0j/JG7HVKdIdfJQQIeM0pBgQU3CdpzPxgGRuD8MJziX/B5bDdy3IbcIVLej3KhNS+Gxa6AJGEOjkaaNUlPi45SH5gPdJXcLPw9ytfkRn4XB/oGDTJPc79VAkZglrcZ9JcqVhOrSFO2epraCbQP6wF6D07hhjxmtWJRlo9+tIjeibbysN6huo+9dwbvtiaxxjJOC++vHNOEs1DiaapVxWBkLfXOR5Y/H086ojLhme02Vh/wOd51QFJfQnT5ay2ry9vUx1aWwOFWQNbZZUU1geRUYSfey9Wg==]]></Encrypt>
</xml>


2015-11-15 17:11:03 debug :
------------
String:
account-ticket<xml>
    <AppId><![CDATA[wxe5b18b9bd7e3626b]]></AppId>
    <Encrypt><![CDATA[Ida/YLSic8wezZb/jGC11AHATk0XUq9M1lORtOo8Eu3V6ab8wT+9nfiSdRgrIN72BDLuqy+jA74iiY0oN2GepcEyTvJdKIhB9x8cVfJsuVm9ksPCj/cUsPW9q63uqhL2Q2qNG+kCFRq/ayzz9vc+pnrwwCOxsZKCA8chYFCyAqdwMYLGWHH7lIQhtMJw46JYvtxWXgiFLTH2ZXM/e5rWU+s/LWIpnZ+zT8FoT0DFDx88rDPrsQjI0W68teCc3m66j04p4djCavvzwhxrSSzKQ3JunXEII1AmAmEOR0Wk0kN1q7kWxoIxujhCSDudZDOR1VTDqBWwlK/eK4moAfWMkmBNJOgvuYTVt9+aDqDKrLtqfrGzFLjEDZAXuRetqe73o/pvkPA+hA3DR4CQSNFTphooR7VqWigqoZkxvZngMHZXYP0A1hf4YTk4plDB7RtPvTsFUx35iRvxBnmFmw4F0g==]]></Encrypt>
</xml>


2015-11-15 17:21:03 debug :
------------
String:
account-ticket<xml>
    <AppId><![CDATA[wxe5b18b9bd7e3626b]]></AppId>
    <Encrypt><![CDATA[R0M4sU4XgPugRt01j+m5PcbwA+t1fpp2SjluuWzK+86GFfLp392mpc8nhgJxAE9YyUXKCLm9RYa+VAaHbg4yPbMA0+pp1tYG3Ac/RTb8BQmQO9rI9PJuc59AbUhrGqU4/jH517PiW3OaxGtEUD85yxKlGj+5KedU7EJE7ZYX+iVgS4dFDOhY7mnlTdqvlzx04kPqtB2RevgkL4ftGUHPvRO1inO6vk1vdH74hIS+PFWbBuR+jwubtl6B3yKiFr1ptv9oFojwfs+VSX0qBHH9cla+vPIV88Zpir/WLL3ql28Ur9NKsKkiO034gdK+jMjo0Rt5JiQCnydw4mDDctuuZzs1f5KsKhEzRGBZnjrRA97O61DiDiRXihj4h+vr2wsQpLfNrWtTk1VX3RPDDMNmXKJp0ceuOmcHAXJq9nXguWdpG0LYzYWlexRZ8sBwhotZjceTZwWDPX3xS/D/Sg1kpA==]]></Encrypt>
</xml>


2015-11-15 17:31:01 debug :
------------
String:
account-ticket<xml>
    <AppId><![CDATA[wxe5b18b9bd7e3626b]]></AppId>
    <Encrypt><![CDATA[qxHLZum9exvfb4pyqDC50P/k6ezWRhWOmC9J7Qlkhs+SlndeUSL3laKZ8Nkvk+OJ5U2J+4yPZIrdXqJNtPDazPIDZ5PP9FmpZeojx4tpYj4CwWBpmfw7d0fguwZd9BsARHtcdwykJIDsl1WQUkpRmZqaKTJAaXlnkBU7itdTAZRHl0JK5N3OqI5RZYJrMrqz+HGB4pI8dQbP8lwuRtZ5Bm9kuX5OstQEUTGKJ8qRkHJ9xqf1RjRRFvG4TTpV1ynzJ2vJesUbG9e+sy8bQEs8QhdZxBLe9ZsqRxD1AaAqydsz1XntPmfMQZOLUK8tu7/zDxPQODBw/Zw6KhTom2KwIud09XnJIdE5m2DKzpfBaCcQEDHOSVHYMcvQI1K2IbhyS/JcEmt23JVb38gzvsIhs155xOXk7FPZcXqXFEjPge+RIfHxJSU/7iwYE5U6doTS5rUwnxvg99+6QtJSsB/3cg==]]></Encrypt>
</xml>


2015-11-15 17:41:01 debug :
------------
String:
account-ticket<xml>
    <AppId><![CDATA[wxe5b18b9bd7e3626b]]></AppId>
    <Encrypt><![CDATA[EOYaCmHec3frMqlWB6vHA7ia08U9kpM6aHmmZqOQEpJIAKJU5CMWQG/ky+DMgypdnY8/6KRVqYrgHRlXRPmEH2NNOLF835ES0TUTozoLvlms9RoO/rw9vozAoGS47QFxzfbhUZwzJtq2FKYu3IK/oKFHzxEnPfmGl2tJ0OcnlJAfJNKjy+ueyFtDbRUDHYftvXL6GEbWu4p3BPXU1VsSGssrrbSydu/WpiSmiVDmEaHkEZFmUVxrRBuvRJF+7Ph9eU0vGH/rawvX4PFahtuMr/OyyqFsSYaNhpcMC8neD0DRErDYO4hWUw7toBB0v0ZBHCsdkFGbtcOhADZH6PcaulWZbIBrjnwMQAXomR3FbKOtA0muYLd/0AsfKCMepQnl8k7O+drQ68n6vZygHu4fWSe6uY+h6kktglnPgeGwavdRAMq5063ZzmZKhBCJv1ocgubGEA7mZ1yyyEUsMvJWtw==]]></Encrypt>
</xml>


2015-11-15 17:51:02 debug :
------------
String:
account-ticket<xml>
    <AppId><![CDATA[wxe5b18b9bd7e3626b]]></AppId>
    <Encrypt><![CDATA[RrPi0lLoniBGdzr6xPh0BYZBEl6oWvbeQi/aaXwu+q4JNm7uJ3KdTGOWdBdrZT58QyyRqJ4uYO5iKpa00mtNuBn6saZg3t+bKfGyjR4WR+bpLrcMDrL5eYbnOS0jp4a7vv247/qLWzp/rJ2J4xTMgElgnJj/ZQaByTVuGoJtDxXNwVjbtsvkPj6nawQMheEF83syahNKLOr93neCaHh8zIPYSB1h9QxumteMPVLkRSIKrAU+iS87a9+U5UIfk0ZqKKGepYqpoetPKO6MbKtvpWDNUUgJdUVDYm4wxG++YKALq2fSwb5khtdwfg80Ugec03598+Sqo6WsDXKKzpOembZQT08yRKPNFvVZYJA82e8dc1SID+33rgkC19574fWHZkcfL2oj67kiw4lXVoTJJxoKLKhYOPDcDpzNiBm9qyThhE33+lE9N80WgZhld/tQA+HhR2nL9NFQ1/N9nbojMg==]]></Encrypt>
</xml>


2015-11-15 18:01:03 debug :
------------
String:
account-ticket<xml>
    <AppId><![CDATA[wxe5b18b9bd7e3626b]]></AppId>
    <Encrypt><![CDATA[QUiIvU79zpZN+F6EpQG9abflHV8vSQIpXyHJO7rwlsTxk4xgj7UjwEuBrWdL/J10yTWNR6rSH0rSoaQ4l4BjN2xKJk/mwFhbcCCtPveIa3hDXEnoUur2uJJItosoLEMht4LgHEBCOyhkaYE0jJ5IJkBrNUSw3Y83SCLoZrCPFSeXj6iH202pLnmPm7lFFmjLN6CAXOkGWh3ddZya+s9CZ9qRd4J/L2kxYJmH/LL2o4GmP1h7VhlDaYeNSHTy7iMRORSwvee11W9AIT8GB8TXN26VJ/RptX9/cIoeipdN8GyAkvn2ruvUuVBmuM9+WEOB/RY60tggTVt6dtTCWFnfvTelNzOJ85oGn11NaCdtyaZ5RnkwNRWqzju5YswRhW7JJHeEeWeLaUKCAKf35IU+mrCd/qxg9tdcLkQmrfGJoZvPBKsuZMB3rzfNoDaT2FyFaQA7MHJq0wivOVcf4TrHtw==]]></Encrypt>
</xml>


2015-11-15 18:21:01 debug :
------------
String:
account-ticket<xml>
    <AppId><![CDATA[wxe5b18b9bd7e3626b]]></AppId>
    <Encrypt><![CDATA[Hm4Kriuq/vD0rWKNaLhwh4LR31Rokk4KdOoqcGuLtRDxVU+B7GxKQvN53K5FwxY4Dt1LzH637Em720vJPucgw81iKA1IDWrttHL4TXIsDREtJiRFFkiw/1nim1OeWe18HIvTPSeohLNOtr6Q9bf2Nx4fyH1D7ozkUQ88wpZWtCUM3GQSL+RRLpMZPFxBA+MFS5EXkUtkXW7V0eRbG1JXTIi5gnASvIYi3I3MA5CjgapFTMNyGhEJIklBKbPXzaAfrww13rL/eLiiw0FaR9M/jV3G7I4Psj1svbgtLr6S6Tr+IsK7owPQnUpZs4sTyTnraylfn5t/8rDOfgz+y9MyBXBeYv48kT/tYdIUfSGsEp4ade+c1cunmjTVsdJb8qPX3b+g5yHx4pg9U6BH9Q75gfUd/TLnfvlzAnyFzhM5VNqsT8fD6r+PmlevHRNStSp9LXghnP4B+9mOc8bPP9/WLg==]]></Encrypt>
</xml>


2015-11-15 18:31:03 debug :
------------
String:
account-ticket<xml>
    <AppId><![CDATA[wxe5b18b9bd7e3626b]]></AppId>
    <Encrypt><![CDATA[VV+8LhswP8asFmDxXOdkV0b/4VILQX11bz5TzYvCvRiyGz2iVF3cutZdaao7V+iwMf/MLzy5LumHqlaWt5jAWtNR0cxt5I/arHCg0zEnyELfXf4OwMqw1TCn7Tc5fSt8UoixWwFxF45t80gHitPuBiZUKEukCE5ZQYxF9Y0WfDHkJMCY00hZN+SmbRhl7QIaXJJXTkjk17eMOIKINJmmg/q82Cw75bBSuWnFxgXFUqLDkAvqdeVu7ZWa320rM61Ri3WtaNNlDNoEufLh+HFDSS5WOM1Q9DbyCp6gGFmshx7s8JY/2CAqvkfKGNlW3pJeLioatZY74KdtxHN9SzgwNiHxN9+VbV2zP75e27a2TmjYkSIEmY4Ib0VjqfNzpjzIScXfAA2T7G/+m3K8bD37JdBiE5VG5qN3v900GPrlfoVU434kS/zDtJEyKy9X/jLt53Jk3W4fe7a3idxzmaFQAw==]]></Encrypt>
</xml>


2015-11-15 18:51:02 debug :
------------
String:
account-ticket<xml>
    <AppId><![CDATA[wxe5b18b9bd7e3626b]]></AppId>
    <Encrypt><![CDATA[jy41mV3HXy7Q0eUcfqm0B/PxFpu8k+bsSrCuW0QhU2tZJ5uv9YihCwQQ3lnRxdO7eORta5FA8rlXB04iR6+AsAVgW4BaeDFoUX19iQM6irv/hNmICjN7Imi4dL3dSSdUp4kJ8JyA4t4jSShVtjL54QBDekGvDTYUedLkd1a2/6gNsPyGa6EHf73sdrdfN3LvNNPfyoX8AvcXETQs3Y3cG5XTu3HMvGUlhvKhE/WkAh/4/kyALRjeBrcb00a71pt7yQwejOyyxqNHxSsAvPszTQ8aBd4Php55ZLyc3SDoJ8/2SIacAtpFHxcSXPTDViibPAGMocpoP/0DLLGkIERyZDd6OSwZ8eBjrBpxmtcxL0EwuVXpw13/7IVzabQYI/SBXCAfn8k2mG3JRkQ10aJsC4KR144Nj/ekfwDzJKbAitl0Avdh77Or9Z85M+dDoEplhgsslRkofCLEH9P+JBq4dA==]]></Encrypt>
</xml>


2015-11-15 19:11:05 debug :
------------
String:
account-ticket<xml>
    <AppId><![CDATA[wxe5b18b9bd7e3626b]]></AppId>
    <Encrypt><![CDATA[U8VcDXpkccecRmr4Tr03riSdmY2vSPucEUTWhwN7Jp+yNVa7qUM36o5N1jNuPaWueIvGWiW+z6b7DaS2Exbq2RiGvV8587oTK2/xGSMr7JEk2bjKzsop8E6Aggjt39sqynG8MrUEO9u4On4lZPzIfsQGEIOm+NYN+Io6WNlhMX4lP5kqDtx60UylaoM+nffUFjNQvzDIDmAUC+agAPgfGiwDYtjnzGqGEE/Jx+GhBNtY34h7cRE52u3BG1bOm8VSNTtYkqT48Zn1Hqhtr1/vHPXvljt+BtF7HaOqT9aMg7OK4kd6Q2jb0Z3Y3vEs67IGfMZNsUm55pcf0mwYzfXKxQ9FMqHKGJuHoO8i+ZzjnUzX9TAlda5LxFnf+AluuxrucuA5Fv20gwTq78xt1tQsn3w7Ou/XuEcfPCxjiqI061Zg+Kao8cp/nIGtq7stWfh7nyQWgKyPwlsSl49GlaAkiA==]]></Encrypt>
</xml>


2015-11-15 19:21:03 debug :
------------
String:
account-ticket<xml>
    <AppId><![CDATA[wxe5b18b9bd7e3626b]]></AppId>
    <Encrypt><![CDATA[y0OTr9/sYOVb2Twr402Za68MEf4a9jf8RodZDrNs4mjc4hKKPWlpA+YMAhC4v6UtFbxRKptkWAMoRnFKfulNegS5OmLEx8x9AMMl3AtuPXr6oOnoEzAPyoYBXW9GLuV7ZYeZkXzmwc5U7l68i9GPbllUr6eJWCnhwBSCxdEgLyep3S5XmMDhKTXzYZMzDuoDXrGRrk8vQdhXHWEe/uUB+Mz2VGu/enIclS97TfDkqqgaq4JED/xTdKkpEQUacejIiY9EFc/Ji793H/GxvOFv1Rj8ipZ5qvhGMKNlXhQ14olIozRAiAJseIjhVZWJBEcTLkMucDsqPQBrN9gNGIR+tln0NYtutcO8hFiUUPTANAUsRAMskQo/exTVmrBnFhY1kOMf5HzmFSJOkULQ6ZtbYQJzuJczmz6JslQ5ya/pM3j7740+D4pxKMoWAKvzwjX6U2oVDxwGSxgAh85z9s9l5A==]]></Encrypt>
</xml>


2015-11-15 20:21:02 debug :
------------
String:
account-ticket<xml>
    <AppId><![CDATA[wxe5b18b9bd7e3626b]]></AppId>
    <Encrypt><![CDATA[m3ASF57/L+H8ll3MvjLEoEY8GTz/5tARVWqC2Wj2gFbcz7TyAPIcx6BzX9Vge91zH2JfWotArrR6ONxa0KLN8VC9SOHqSi7Oz93L37sjDtIx8rCJ7rU2BkvXgkvdwP8T5TniXqpcJj+6NmQnvaRTPFDHwQDIVCbQSemwReYZr52sKoS0ZMZvGEqYFndHEfhpM6uhN103WScE/XWnQkd2v8WAyFhepiAYg4Dn41mXFZqSPYoXFJiA4XeeFHvldJXquOXxPKvyNoLbpxssENtHsSts8oogjjfAnZtezkKIQ2VvNejCSz9bjydEtBkrY7AXhZTI5lGaVHpKgb6Xp93sGO3RlgApVHVsmc70X9uA3pDzNmtiaNYh3hVzhdGK0NMveeg2BUebalCe/qyY+8Se9Nswfj8ZE4nf+uFSxuW5MaI9Z+iZaT7QPYnLJBSYIJ9mXOL2dVlkKISX39IH3x+wKg==]]></Encrypt>
</xml>


2015-11-15 20:37:12 platform-test-message :
------------
String:
<xml>
    <ToUserName><![CDATA[gh_3c884a361561]]></ToUserName>
    <Encrypt><![CDATA[71a/8QVxHGkTSzpZGFdM5LNK1E9QlNX+Xxs1CiIDpsM66HTiPtKAnAxG6vgQzS1LgGZdC3ZgSIlQ5ZZltwsCn+csAGHAqucv5LghJuilqV7ZWSSMP/7JcyBDOsPvV+BlcLgqyhdFxi/YKoNqQikZGc1PYgtFReVL1ijc5I9Q3xPk4RZEDYp8xnXn0jWtik2HFrRTER00xcrt2a2zN8D6CXxu4M83bsTSDoCnuOQ23aRwvajIlwDkiBE3NCXwFDEgEnaUzEFmq/nG0s3yhKuwT/afVqQlw7f/jCiuJxsC6Lt1lOm3F6/QIya0xKfMgYmyiAsn/S4wK01wuzWaJFIShVLR9QFWEpBjqHAChY5FABWeVMbzj3WYn6DTBnpSBzvW2bSwiIL7GbrugCL+jkgQYwNt+6OdT9uiAVdauXROTR0S33KDOHO2mHXCSqkWnuJ+cj6GkkSuthnq8eNvXUMQNA==]]></Encrypt>
</xml>


2015-11-15 20:37:24 debug :
------------
String:
account-ticket<xml>
    <AppId><![CDATA[wxe5b18b9bd7e3626b]]></AppId>
    <Encrypt><![CDATA[LJrZhoWGl0qdYhIS5sNBTIeUBjXDqIXAOXlpzqrURBmnP54RwwVcvEiy5wfouK/1yWYL5YuIUHfyZ1C4vT15xZxbao6h8x4dHvhwFBkK3DxZkuV2qPM3KG44kvJprMDxHkZXe4dwcGpJxho+Qy7UDdZLhv3TdLusqGL5+J3cMZbp6y/+DnXucW/1eCuO6y6jOm67/wz/hKRljleA0ljP/Yp3mVsaseUxqeb300VjG8IXyb8SPKBffMrov2u+YfZcR4kqVG1mGTeMSon2Kgq0TqhFsA9n/Fa83+IFrzyxhbI72WiIthHFiHRFGRYlP5zpoOOptK6vQwuyiQdes2vrLA==]]></Encrypt>
</xml>


2015-11-15 20:39:07 trace :
------------
Array:
from : o7SFQs8JCm7c1JQ63jpCN7xVpRPo ;
to : gh_f8ef5613cc37 ;
time : 1447591147 ;
type : event ;
event : CLICK ;
tousername : gh_f8ef5613cc37 ;
fromusername : o7SFQs8JCm7c1JQ63jpCN7xVpRPo ;
createtime : 1447591147 ;
msgtype : event ;
eventkey : 光辉家具端午节优惠活动 ;

2015-11-15 20:39:07 params :
------------
Array:
rule : -2 ;
module :  ;
message : Array ;

2015-11-15 20:39:07 response :
------------

2015-11-15 20:39:19 trace :
------------
Array:
from : o7SFQs8JCm7c1JQ63jpCN7xVpRPo ;
to : gh_f8ef5613cc37 ;
time : 1447591159 ;
type : event ;
event : CLICK ;
tousername : gh_f8ef5613cc37 ;
fromusername : o7SFQs8JCm7c1JQ63jpCN7xVpRPo ;
createtime : 1447591159 ;
msgtype : event ;
eventkey : 光辉家具端午节优惠活动 ;

2015-11-15 20:39:19 params :
------------
Array:
rule : -2 ;
module :  ;
message : Array ;

2015-11-15 20:39:19 response :
------------

2015-11-15 20:41:04 debug :
------------
String:
account-ticket<xml>
    <AppId><![CDATA[wxe5b18b9bd7e3626b]]></AppId>
    <Encrypt><![CDATA[YVcthC3Pw5B1uwgoBCDM7zXnz9lZIqfK0+Oy9a+x4q8yHPrcsRPR1axUePqlclXhmf9wIpaCtN3nNYXOFr9q4YR0rYc+dhPYV8RBL85gcioPynjAZXzcIxhsUCCqDNq8/nlzIkwV+bV03purWLhTpIW86yuCZeSRcoRcc63s31Ldqu48zv7l9/IjRjD4NgNd5AqQp8G04swkgeuNrwfGPBpAx8MTcOHoua1OYff2c/r6/jeVRwhI/p4KgbJTAlrY7AxbIstpgFOjjp1yK0TsuTra1CkJoMik4Vd2GtwGn1Y+/P51N84mXVljXunxlvCarI3bzJilQ0Op9XHGQxWTAbYM/r6UN549AASm8up3j+Bdrw2Kn272SJTe/P9nBhi7K/PGN1vKUGCNLu5DgykYWo50+mAat9jr4hg3iAnxQ7lCm7BCjfXek8qHZfka7FMOZOKFYA9lG8Crxfr4NQz+0Q==]]></Encrypt>
</xml>


2015-11-15 20:43:26 trace :
------------
Array:
from : o7SFQs_ug4yurI1w9EFtskkoflyk ;
to : gh_f8ef5613cc37 ;
time : 1447591406 ;
type : text ;
event :  ;
tousername : gh_f8ef5613cc37 ;
fromusername : o7SFQs_ug4yurI1w9EFtskkoflyk ;
createtime : 1447591406 ;
msgtype : text ;
content : 光辉投票 ;
msgid : 6217357747142952850 ;
redirection :  ;
source :  ;

2015-11-15 20:43:26 params :
------------
Array:
message : Array ;
module : fm_photosvote ;
rule : 14 ;
priority : 0 ;
keyword : Array ;

2015-11-15 20:43:26 response :
------------
Array:
FromUserName : gh_f8ef5613cc37 ;
ToUserName : o7SFQs_ug4yurI1w9EFtskkoflyk ;
MsgType : news ;
ArticleCount : 1 ;
Articles : Array ;

2015-11-15 20:44:17 trace :
------------
Array:
from : o7SFQs_ug4yurI1w9EFtskkoflyk ;
to : gh_f8ef5613cc37 ;
time : 1447591457 ;
type : text ;
event :  ;
tousername : gh_f8ef5613cc37 ;
fromusername : o7SFQs_ug4yurI1w9EFtskkoflyk ;
createtime : 1447591457 ;
msgtype : text ;
content : 光辉投票 ;
msgid : 6217357966186284997 ;
redirection :  ;
source :  ;

2015-11-15 20:44:17 params :
------------
Array:
message : Array ;
module : fm_photosvote ;
rule : 14 ;
priority : 0 ;
keyword : Array ;

2015-11-15 20:44:17 response :
------------
Array:
FromUserName : gh_f8ef5613cc37 ;
ToUserName : o7SFQs_ug4yurI1w9EFtskkoflyk ;
MsgType : news ;
ArticleCount : 1 ;
Articles : Array ;

2015-11-15 20:51:00 trace :
------------
Array:
from : ohZ50tweq0-5ent9dwM9GKi27S48 ;
to : gh_6c2ecb8c646f ;
time : 1447591861 ;
type : text ;
event :  ;
tousername : gh_6c2ecb8c646f ;
fromusername : ohZ50tweq0-5ent9dwM9GKi27S48 ;
createtime : 1447591861 ;
msgtype : text ;
content : 光辉投票 ;
msgid : 6217359701351452512 ;
redirection :  ;
source :  ;

2015-11-15 20:51:00 params :
------------
Array:
message : Array ;
module : fm_photosvote ;
rule : 15 ;
priority : 0 ;
keyword : Array ;

2015-11-15 20:51:00 response :
------------
Array:
FromUserName : gh_6c2ecb8c646f ;
ToUserName : ohZ50tweq0-5ent9dwM9GKi27S48 ;
MsgType : news ;
ArticleCount : 1 ;
Articles : Array ;

2015-11-15 21:21:03 debug :
------------
String:
account-ticket<xml>
    <AppId><![CDATA[wxe5b18b9bd7e3626b]]></AppId>
    <Encrypt><![CDATA[VbhKLlS5sRg+/Jv2oZFXkSsIi1VzsP7/AIubDLhpr/6Ytp5GP8F5hLEEH9eFK2hb+tyAfJ8X00qCH1dXBpSjknbC8wA5vtdO2ushunpm2aqlmqW7C1a1YwREzVWhOAjeZ/Xe/iY3ixus7QEHUiZhIg7lYzpcxB+uDNP64vZvU39xITIY/Sjz14rcyH5bv2a0tqgHisAWnwTceEyDtF090EM6WW7FMh1jBYHAry5wxOCyYFLvL7AaFdfJiSfG9+rkJb3mhOu31q0ja0FEH6X86yliuX8bF1YIekGSb/TSNk6+or7j04Dxfew+e61DAh3ueoOS7kgvnSL50NMg61KY7hi0ytbgVnEoEFhBUM2pwHU3RLqQZ7br3jZOSNqlR8Tz/9MfV6O4pqt+q+RXGgy7sgspfSePGfwcOuOzBAr09mmcun/srpsTa4iv9MAnxqH10usWyxOslY7eOhF7qAwmSA==]]></Encrypt>
</xml>


2015-11-15 21:31:02 debug :
------------
String:
account-ticket<xml>
    <AppId><![CDATA[wxe5b18b9bd7e3626b]]></AppId>
    <Encrypt><![CDATA[PaUfosKhuyJZcTB47eZN4lSnlstu5qFETayPvyrJhWsoq0ocwwExJIri9t99PeZhSYfi4PI/TYA8qxuoaCUmoKhMgCDPEmaNiOtHe9TAeAunGaT0iYfHWxr8InQZR2pNg3lyzeKidxNzEuj5TYLH++DX91zEvkNpnQLU6EFUMmvWtMNrreU6sbXagQGrSJQ7PO7uDsbN7FQDWybcROCJPlQkQ7jAdw5PUnTPcwOWGa0MTZxmo4MzkkzCzu+AeS4GcN/RQSKQkKBg1XjO5xNh6bGb3uL3ztiWnTg1XlRJ5HX2KpvbYU7xeRDR2goBWObXtHwA+yAwzdyvskN3sEBaCjPaKWoY8v4p7xC0XZVIB/dCvlg79V2xGEQ6bTX6+euQCxQCTioI+3AAF4tQap8oYqOoDAikwf9G+laHYKqHbmcZL5jqrTISBeClGco1IXD+G+g5PO0Fnc9Mbwh6gZr2SA==]]></Encrypt>
</xml>


2015-11-15 21:47:02 trace :
------------
Array:
from : o7SFQswkX5HK_oskgSzUzHfOCvMk ;
to : gh_f8ef5613cc37 ;
time : 1447595222 ;
type : event ;
event : subscribe ;
tousername : gh_f8ef5613cc37 ;
fromusername : o7SFQswkX5HK_oskgSzUzHfOCvMk ;
createtime : 1447595222 ;
msgtype : event ;
eventkey :  ;

2015-11-15 21:47:02 params :
------------
Array:
rule : -2 ;
module :  ;
message : Array ;

2015-11-15 21:47:02 response :
------------

2015-11-15 21:47:25 trace :
------------
Array:
from : o7SFQswkX5HK_oskgSzUzHfOCvMk ;
to : gh_f8ef5613cc37 ;
time : 1447595245 ;
type : text ;
event :  ;
tousername : gh_f8ef5613cc37 ;
fromusername : o7SFQswkX5HK_oskgSzUzHfOCvMk ;
createtime : 1447595245 ;
msgtype : text ;
content : 光惠投票 ;
msgid : 6217374235522404353 ;
redirection :  ;
source :  ;

2015-11-15 21:47:25 params :
------------
Array:
rule : -2 ;
module :  ;
message : Array ;

2015-11-15 21:47:25 response :
------------

2015-11-15 21:48:07 trace :
------------
Array:
from : o7SFQswkX5HK_oskgSzUzHfOCvMk ;
to : gh_f8ef5613cc37 ;
time : 1447595287 ;
type : text ;
event :  ;
tousername : gh_f8ef5613cc37 ;
fromusername : o7SFQswkX5HK_oskgSzUzHfOCvMk ;
createtime : 1447595287 ;
msgtype : text ;
content : 光辉投票 ;
msgid : 6217374415911030797 ;
redirection :  ;
source :  ;

2015-11-15 21:48:07 params :
------------
Array:
message : Array ;
module : fm_photosvote ;
rule : 14 ;
priority : 0 ;
keyword : Array ;

2015-11-15 21:48:07 response :
------------
Array:
FromUserName : gh_f8ef5613cc37 ;
ToUserName : o7SFQswkX5HK_oskgSzUzHfOCvMk ;
MsgType : news ;
ArticleCount : 1 ;
Articles : Array ;

2015-11-15 21:49:40 trace :
------------
Array:
from : o7SFQs_ug4yurI1w9EFtskkoflyk ;
to : gh_f8ef5613cc37 ;
time : 1447595380 ;
type : event ;
event : subscribe ;
tousername : gh_f8ef5613cc37 ;
fromusername : o7SFQs_ug4yurI1w9EFtskkoflyk ;
createtime : 1447595380 ;
msgtype : event ;
eventkey :  ;

2015-11-15 21:49:40 params :
------------
Array:
rule : -2 ;
module :  ;
message : Array ;

2015-11-15 21:49:40 response :
------------

2015-11-15 21:49:43 trace :
------------
Array:
from : o7SFQs_ug4yurI1w9EFtskkoflyk ;
to : gh_f8ef5613cc37 ;
time : 1447595383 ;
type : event ;
event : CLICK ;
tousername : gh_f8ef5613cc37 ;
fromusername : o7SFQs_ug4yurI1w9EFtskkoflyk ;
createtime : 1447595383 ;
msgtype : event ;
eventkey : 光辉家具端午节优惠活动 ;

2015-11-15 21:49:43 params :
------------
Array:
rule : -2 ;
module :  ;
message : Array ;

2015-11-15 21:49:43 response :
------------

2015-11-15 21:49:49 trace :
------------
Array:
from : o7SFQs_ug4yurI1w9EFtskkoflyk ;
to : gh_f8ef5613cc37 ;
time : 1447595389 ;
type : event ;
event : CLICK ;
tousername : gh_f8ef5613cc37 ;
fromusername : o7SFQs_ug4yurI1w9EFtskkoflyk ;
createtime : 1447595389 ;
msgtype : event ;
eventkey : 光辉家具端午节优惠活动 ;

2015-11-15 21:49:49 params :
------------
Array:
rule : -2 ;
module :  ;
message : Array ;

2015-11-15 21:49:49 response :
------------

2015-11-15 21:49:52 trace :
------------
Array:
from : o7SFQs_ug4yurI1w9EFtskkoflyk ;
to : gh_f8ef5613cc37 ;
time : 1447595392 ;
type : event ;
event : CLICK ;
tousername : gh_f8ef5613cc37 ;
fromusername : o7SFQs_ug4yurI1w9EFtskkoflyk ;
createtime : 1447595392 ;
msgtype : event ;
eventkey : 新品发布 ;

2015-11-15 21:49:52 params :
------------
Array:
rule : -2 ;
module :  ;
message : Array ;

2015-11-15 21:49:52 response :
------------

2015-11-15 21:49:58 trace :
------------
Array:
from : o7SFQs_ug4yurI1w9EFtskkoflyk ;
to : gh_f8ef5613cc37 ;
time : 1447595398 ;
type : event ;
event : CLICK ;
tousername : gh_f8ef5613cc37 ;
fromusername : o7SFQs_ug4yurI1w9EFtskkoflyk ;
createtime : 1447595398 ;
msgtype : event ;
eventkey : 光辉家具端午节优惠活动 ;

2015-11-15 21:49:58 params :
------------
Array:
rule : -2 ;
module :  ;
message : Array ;

2015-11-15 21:49:58 response :
------------

2015-11-15 21:50:05 trace :
------------
Array:
from : o7SFQs_ug4yurI1w9EFtskkoflyk ;
to : gh_f8ef5613cc37 ;
time : 1447595405 ;
type : text ;
event :  ;
tousername : gh_f8ef5613cc37 ;
fromusername : o7SFQs_ug4yurI1w9EFtskkoflyk ;
createtime : 1447595405 ;
msgtype : text ;
content : 光辉投票 ;
msgid : 6217374922717171784 ;
redirection :  ;
source :  ;

2015-11-15 21:50:05 params :
------------
Array:
message : Array ;
module : fm_photosvote ;
rule : 14 ;
priority : 0 ;
keyword : Array ;

2015-11-15 21:50:05 response :
------------
Array:
FromUserName : gh_f8ef5613cc37 ;
ToUserName : o7SFQs_ug4yurI1w9EFtskkoflyk ;
MsgType : news ;
ArticleCount : 1 ;
Articles : Array ;

2015-11-15 21:50:35 trace :
------------
Array:
from : o7SFQswkX5HK_oskgSzUzHfOCvMk ;
to : gh_f8ef5613cc37 ;
time : 1447595435 ;
type : text ;
event :  ;
tousername : gh_f8ef5613cc37 ;
fromusername : o7SFQswkX5HK_oskgSzUzHfOCvMk ;
createtime : 1447595435 ;
msgtype : text ;
content : 光辉投票 ;
msgid : 6217375051566190681 ;
redirection :  ;
source :  ;

2015-11-15 21:50:35 params :
------------
Array:
message : Array ;
module : fm_photosvote ;
rule : 14 ;
priority : 0 ;
keyword : Array ;

2015-11-15 21:50:35 response :
------------
Array:
FromUserName : gh_f8ef5613cc37 ;
ToUserName : o7SFQswkX5HK_oskgSzUzHfOCvMk ;
MsgType : news ;
ArticleCount : 1 ;
Articles : Array ;

2015-11-15 21:51:03 debug :
------------
String:
account-ticket<xml>
    <AppId><![CDATA[wxe5b18b9bd7e3626b]]></AppId>
    <Encrypt><![CDATA[uODiathD3QbL0HpYJwV/P+o25ob9hvCbxhIuibvRTj00lkJFQ/ykJ2yhpCmZRIWjnYLnss6HD5x6lOSPWYfzgsIEW5juRZnHPXujFuGqC4JUWsYpjP6GTvgyhfJFS2AjBER00yaQx1BCxPawWqoEnSmPtPU5m3JA6elb92tnFS6XRaTOl7H61wTDnJm+DlmD/2Bvut0CyEya5pRrkfWKhXTCG7vyC2GsFURCbqutXr/S0KWMgzf9d2Cy7PkTUYNSeJhyntWTSGQ8xxjgU53SWYFGN5ZTQ5b3zKBdIKq+hNZIOe9WdivlXnzXJbqH1dIFC+lZx1nXWodef9BGHd+mSIhm56uk+AeErX1h6JRV56KPYn/Cx6gEJS/AYgwJKYfnKEECUknuT0QcBRHbug7zzvsqqsnKpKkl2VYGUQpqOIWupfv7afG98dbrKXRQ9rrGuPSkoYVsJWyx/p06NKBfZg==]]></Encrypt>
</xml>


2015-11-15 21:52:14 trace :
------------
Array:
from : ohZ50tyaLI6Nx7cHkIG_8bOBsTAc ;
to : gh_6c2ecb8c646f ;
time : 1447595535 ;
type : text ;
event :  ;
tousername : gh_6c2ecb8c646f ;
fromusername : ohZ50tyaLI6Nx7cHkIG_8bOBsTAc ;
createtime : 1447595535 ;
msgtype : text ;
content : 光惠投票 ;
msgid : 6217375481061299408 ;
redirection :  ;
source :  ;

2015-11-15 21:52:14 params :
------------
Array:
rule : -2 ;
module :  ;
message : Array ;

2015-11-15 21:52:14 response :
------------

2015-11-15 21:52:22 trace :
------------
Array:
from : ohZ50tyaLI6Nx7cHkIG_8bOBsTAc ;
to : gh_6c2ecb8c646f ;
time : 1447595542 ;
type : text ;
event :  ;
tousername : gh_6c2ecb8c646f ;
fromusername : ohZ50tyaLI6Nx7cHkIG_8bOBsTAc ;
createtime : 1447595542 ;
msgtype : text ;
content : 光辉投票 ;
msgid : 6217375511126070483 ;
redirection :  ;
source :  ;

2015-11-15 21:52:22 params :
------------
Array:
message : Array ;
module : fm_photosvote ;
rule : 15 ;
priority : 0 ;
keyword : Array ;

2015-11-15 21:52:22 response :
------------
Array:
FromUserName : gh_6c2ecb8c646f ;
ToUserName : ohZ50tyaLI6Nx7cHkIG_8bOBsTAc ;
MsgType : news ;
ArticleCount : 1 ;
Articles : Array ;

2015-11-15 22:01:03 debug :
------------
String:
account-ticket<xml>
    <AppId><![CDATA[wxe5b18b9bd7e3626b]]></AppId>
    <Encrypt><![CDATA[ZOTRmeU40iPpcM3sjfhyz+4T6R44RDtCM+YY0tDdUwM3i8tTKjgRXwQJ/NxL3LKvMr8eg9ImYBuhxwsGP4wdm+5KlZCNT3GtyQXxW1dhz/rCHR/tsiOTiUE7rrkBNsVm1ngfMZgtDV/YJqeH5Xc1cfMDCdUBkMI7Sh9keHfO4Sa98ekhSCbuce81hxlL8alV1SBcgzHMosnuekF6twpL6aakkDFknalKYmbD8O/R1KBIwiOI6sWPoTXuWGKY8MZs4I5YPj0m7OKCoTkoUZDupeOXkSqLaBaiIU/IRzM7uZFk7LTbl/Byb045TqKBrwO0dz9iaa+2OyWeU0rcav9qQ6Uuva1u99DfqB30MiL6Q7SHVWlvc1s0+yH90FC0x9gljI/Hb8T9tDZInhHJpQhkEuRaHejewXDtCn1osTpoRFOrbVCiLd03u7H7TkzEK47gnAVoC2Pn6clZau4mF0uyTQ==]]></Encrypt>
</xml>


2015-11-15 22:11:02 debug :
------------
String:
account-ticket<xml>
    <AppId><![CDATA[wxe5b18b9bd7e3626b]]></AppId>
    <Encrypt><![CDATA[4v3f9Jwnb11nwr7Y2iRMjJe7ImTkUlRB3wsMMTia0eqNvSHWeKnyTDqu76Nw63Q5xQI1VcxOqJ5xEDS6fVv5xfRhkyZn7JiMjteLcwiAkY5a1AZsLf5EYYantN08obmcO4jfcF4to71yVudqd0+lFlQm4n1s6HKVGZObqkZSipYLIFEWAydiB9ySP3KyZW+rl711hXmd6pdErCVPDe88aoNfcH+kBiWdSqR3CU0q8QNgWMuV7ZjSAweuw9OUiGwOv6DohrroqrTat/IfA2uwg+HLaloILJw8zvXBmuWx6mn8vYEKz2e7rhn4FFy4dw8VmGZbGxBSy/jVMYUszlSoEWhgOuijIC/b4qj+U2I+E8IS3ezVe1qO2NsmaX5acurawGn5vkBEvqMZMLsSP7Qk+DpvTid8VbUog3GHa2oyQ6vF9cJm1U4vozCvK8l9MRb+EG3By1QZItdsp6rGUelXQQ==]]></Encrypt>
</xml>


2015-11-15 22:20:56 trace :
------------
Array:
from : o7SFQs_ug4yurI1w9EFtskkoflyk ;
to : gh_f8ef5613cc37 ;
time : 1447597256 ;
type : event ;
event : CLICK ;
tousername : gh_f8ef5613cc37 ;
fromusername : o7SFQs_ug4yurI1w9EFtskkoflyk ;
createtime : 1447597256 ;
msgtype : event ;
eventkey : 光辉家具端午节优惠活动 ;

2015-11-15 22:20:56 params :
------------
Array:
rule : -2 ;
module :  ;
message : Array ;

2015-11-15 22:20:56 response :
------------

2015-11-15 22:21:03 debug :
------------
String:
account-ticket<xml>
    <AppId><![CDATA[wxe5b18b9bd7e3626b]]></AppId>
    <Encrypt><![CDATA[gDm4pBX7XkssftJ+BgI7w0d8uVPEvPLbH374eYGh9qPg41ldURYPUhfxJkC2VSjL5sA7VaYCLF/LOMJQ+hfGOkimsEpzW8vOTR/A3nVWeMuprfIezyRpXfQjSq0GHOlwrvp4uphEd3H2OsHrsJURc+bMjI5H6PQhgddgs1pW7k6fZQFUM7WlMir0fSw83UhnsTsM1l0O4nmOzqfDao+3RefX556AT9do84lrr61VRWa9tfjmrpxWq0FQ1mKzIeNGfBkoHkA2KGzG4YDT7zoPMhfZG7SSzJZk9D5psDU5JIkjSUlYDTBex5o440INQqK5OIap9svQfProvm84xyxTqlipsTZcwVtNHhdMHiD+tM0HVjaYWy2zctkCl7lE7j4NKJeSEMaEeJLcZ/SWlJ0EqVvmvY8/Cyr8hJMhbAcl05cTpIIHQBsVLLEpgy2YctR17w+8WJQnM0lBx4+x4ivAfA==]]></Encrypt>
</xml>


2015-11-15 22:31:03 debug :
------------
String:
account-ticket<xml>
    <AppId><![CDATA[wxe5b18b9bd7e3626b]]></AppId>
    <Encrypt><![CDATA[g4S6DcTsdQNJcxt1DISTcNdMWPHe22chp9Vt4IijnpKf2jnA4/LOTtWGAHONLtxKiZuTUV+UNKj5lLXpmnaluw8gkBcccWrnOVovzgSxAPRdi4Ev+JNW1gpVsyw3GRTVM8uOutWP+aiKthbUTsTC6V0DJ6wXkBOvtDyJIk8uxJjhHx1mXpIRBZCWxys6YesWjmxD3foYFKtEPIlTXSY8UVECYN6ukwHUzr3/uz+5aAg6YGp2MOYzDh8psKwstapmm1NMrwD0u8+UBmIRUMdLMcrQ37Ab4rTCShJ6a16wyK2WLigzjMIrLhEoB4CgLDlM3+Ooo784z5vkRer4C2atvMT2atyo5d3gL6ibSPlmnvdK7smnYh6Io8Lko1bqoD6qf1g3HcKSNO0Ctwvn8Y2YwRbsQhONPlGE1iD8H6zo3L94amvO03odYfYj9MR41VNeYxP9n1eTobw8xCR/mR4DSA==]]></Encrypt>
</xml>


2015-11-15 22:41:04 debug :
------------
String:
account-ticket<xml>
    <AppId><![CDATA[wxe5b18b9bd7e3626b]]></AppId>
    <Encrypt><![CDATA[TZx0qUxj9geWe0wQ4vG1I1pR6VAPygTQS5i32Pz8oP2s9qPcvSdwn539IRU8/HFc7o5gppxE6QljeKmY6b1GZNfKNat8Kuw/EvFVnfKpErWLrymXzghJjPD6yk+TJNf1dy6m6GbiDir9S0IkFPPXQNh4IY9NNPA6HVtNcMa3cJy4yMs2mbSmGuLs9ajp1bHWnijtiER90/X7Ded18NC+SP5Qy0QMN+/kAcWqEJ6dLyocbsrn9cpjPsZ0yYUyRyktN1OC2uo9PrlSFhniPodr3fD+pMPV3sgoTMzjc8kQkCU7Ywb0XifRL+il2Klbn/8FtPo6YzddWjIJNEcFbnZgqgzyIz+sPoWReYi19yhoiW9HofJTTZWotFf4yIkNgHIW9WJOaacPyodmvLd/2+PNVsHgWb80+Cc3yEGJJJsiw4TjUGGm08hQX3JihqZO2weG+D26EMo9aHLIxgbE3PONlg==]]></Encrypt>
</xml>


2015-11-15 22:51:01 debug :
------------
String:
account-ticket<xml>
    <AppId><![CDATA[wxe5b18b9bd7e3626b]]></AppId>
    <Encrypt><![CDATA[wkSnfXfuJOayIUOh8RVN6DIFnDyCtoar0HOTuxZBRnV5hZm9V7f2JtaIIY/L86THht/0LgXhpMkNWNa/Fn7/Abh38HTmJjiDQyFvo45RFbnY7N7h5ZVMEvdvrnEVL+GB+lBkZod2Xz9Z39KT5yrFGl7rZE0K5bh4vsxPb9fO0yW+bWOA2+0AQ1Lvrq17mueJp4Egtst33fwgK6RwXam0e5SDUVp6zM2o7W2FCPkuISEOj4WCBZ6fPV0tFJbVQwj24rgXN3/7fp6z1EBd9fi/0LafHjreoGptnk1cK0azfc0mp2xKem/uVA71Vg7B6x0WO5GPP+Wjr7WhWuOPRlsD2fqNP7ivJ3jEeWQXF9syxrhwRARmnEs5MVcsz5d6OuZRZ54R6MygSQLcG2lWLQrymOfAx29YBNYFiyctPTZXrMS2EfnP2l5nFwWkndLhy+63/ABWdSWvHnT9sDYb37FMwQ==]]></Encrypt>
</xml>


2015-11-15 23:01:03 debug :
------------
String:
account-ticket<xml>
    <AppId><![CDATA[wxe5b18b9bd7e3626b]]></AppId>
    <Encrypt><![CDATA[ZQseNesURYQKZpXc5KZCTivKH1ax0wt08+SVZBNXGU57GznjWdXeA69OxCcrp8RZmY5hxq6TbSV6wEalVrVw2ktfQaJru7yS9cB1Ynb8GWdqEHvE7PtjPWyeTEFFzTLcLfXi/6mrZnsCCFqSP6Wt+57opYCsyiwwra3elkCAJycEBJLKfdzwJy0k2aZwlUioS3eYEnzLksAegZwe7Yng5NsZztw5lNdR0uUQUAjbGXAU8OF7f2EvMewlRu3OAKCoFGyeWpQ/Rqhd6Is7fOZjn9+PJFRGoHK7FGvYyFNM1lE7Yb4NH/Bsr1t9JrQd9eJPKoidnVB2B79liGyKxJa8vCCoSsi+0XteMW6admMBDqAXeRcWAFSGp/Y/y6BSC0GLFjmVbHQPc8+HG1DTQEVdmaOZ4jrsqU48JqvgSQjqTEhS42fEr3qFFnTxQgjak5E7ypyVXE7JPdiqu3FyO17wVw==]]></Encrypt>
</xml>


2015-11-15 23:11:02 debug :
------------
String:
account-ticket<xml>
    <AppId><![CDATA[wxe5b18b9bd7e3626b]]></AppId>
    <Encrypt><![CDATA[R0Af4872xLI2kYnm6gkpDsTaA8Pmy7gITwgbk8nwL/4wAN5llE3RDacvtBy7ZaiJMl74OSwjtZ/aO7oOwoDd1L3azI5ZVgRwewruSgiGTfG00pZR7qt+SD/eu0VmjdrWkw1Lvx39eeNLQvztl8MLpyRc7XKWesayrHcJEuWj0JG5VmCCypRJCs3+SEQuQDG25A6pORtuqntA6PqF/6he2Za0Sp6qdEectwDjEbQldo7oi58TKyBoQ5Na79r37JY3bvbY6RPji5q1y1f6HuLJP8bWHnSziIku+9UPb7T0kXWqjGuOfhder/Mhe2rRUrC8ToAFC9RwqDXWuEMnlFsK16oCiQxENiGVcpazthqR0U6q5iAXvWBpw/o4ApBMOwCJGZfklWskfiJeYozEf3Y7b1SwFp5tPeXMxLIUiZhfIqZJFCIhacIpP9+a5npzlpPLiFRn1AbTtPCp4s2i4P2H3Q==]]></Encrypt>
</xml>


2015-11-15 23:21:02 debug :
------------
String:
account-ticket<xml>
    <AppId><![CDATA[wxe5b18b9bd7e3626b]]></AppId>
    <Encrypt><![CDATA[KIuBDfBwlxAV2fHHCfAotlADf0nVh2i8ht62PrIpe+y5m8NJkw8lLDYbEP45OaVhXlq2vDRtmsQqMWIh9SrisLUdo99BwgjlpzQmfDjoNXLGN8Hw5V8CdRNdy0aGFbntskCuEXdpj4m0TeX4HN4X1zKx3lBiJjT2szCLVS25+ayTVp6ZD7Z3CABSxxOcoF07uswkudYi/WvVMErUKcFA3OXqH5W+KSPdUDkMgTu+8YJzCDaM5f50Fac15PkRcrCk7/zWPcoUjHaN4qQNQAPQQAJTtBi13me5cgoNi74/83CShStqibDbk6uAEk/nVlZsSu8JUC8fOzvxQ95Xrp89CzPn5cSF278OU9YiSCUo5r5/sxSYB2JgBa8pJDNxEDhSilQBMtFYnxeKtVkCJ3mFSKd3R34CJPzS6GE2Bei4RIK0lIMWtnwGG0MUahDO+swvbVfzZqzy6T8MD4mInInofQ==]]></Encrypt>
</xml>


2015-11-15 23:30:56 debug :
------------
String:
account-ticket<xml>
    <AppId><![CDATA[wxe5b18b9bd7e3626b]]></AppId>
    <Encrypt><![CDATA[KT3JhUETkhFvOACP6QZuO2F2hAsFAfWv9mEHo+9knztXgVFIyDaNqMT2HL5sh3q0OSdgq70jz8doZBnUZTqisavdXeT5bqKmM5pJ9JRpjygDFzKH2x2tD8PDIb8MS2bRQ6335DRUam0juYLhaM7/7w0L4eiIuUCfBummR8V4L/s7+nFmvxMCdLevAvndMaQwFgIkzXKCmcbTk9s+ULlYJ5mUx61YhuV7D6nJEKHPiGJ2kXTMtNMsxkdBRJ+qac2hori4EVjruDKZVIXoPKCzeAOGhFMe8XInBWhe1ljePQAFSdfyDkh/tF/9RAyWtnw7nL0GquT9yzWHpR1mTPo+Kuw10x9/K0WpvOyItV6sy4mT6cnWC8WsFVchbQISQmiyy4XJehuEktBP/57GSDqn+2VGiQyqY/w7GzCrMKR8jj8YczyNnLmXICTYD+fxHIWjCgsmbCSCPxqEfvZwo4Z3dA==]]></Encrypt>
</xml>


2015-11-15 23:41:00 debug :
------------
String:
account-ticket<xml>
    <AppId><![CDATA[wxe5b18b9bd7e3626b]]></AppId>
    <Encrypt><![CDATA[w/Eh4t1BdWQA3WEGUgNkrCMZixSce/QiKQRf8H0AQ0OTPUPnyjHlRQR6hq59i0hVsoxxY28f/J/kgbNOEqLCrtbtdjMHYwLfSQx/hblmGMz/yK/kwrbw5kNhnWZxF+B8MuMKJuRoDq6+RBYdm4+cy1If6IhSr+D9eQMWWlBqB7bIB5iWBbGpemPg90EsJOZedPDjNA+EDCKqUohR9q/qspb5Tf4Q9+j/ympfrsyYqHFg7Ax2ZEKdi4M1TRwlWjuEKIlRMFXM6sweZaz6u52uqKFrSnOTM9eXLopidU0ieX1t2htZCGt/bZoC/1lJQj7TJXesbo09OPtuvQ3QWzOQUmDWiPfBF1RJ3FMMOHYFc5YLFdsbYkc+faeN6GUlAc8VXfa1RaqghKEegZHZfv8sDpDvR4vhZS9bKjksP0CHipoQNOedTrtf+SZ6prWqoSofJ2WNyI+oXiRLUsZN56bBwg==]]></Encrypt>
</xml>


2015-11-15 23:51:01 debug :
------------
String:
account-ticket<xml>
    <AppId><![CDATA[wxe5b18b9bd7e3626b]]></AppId>
    <Encrypt><![CDATA[LkYP6MgZ80hVgroE+xCKUA26JD8EIpeDlL7NRK3KL5g3lbIfpoUWhJvWvslrZsM/WUbTHfbwZXTm4tVwqEL59lga7Y4RU8tcrG6Pyk/Y1aNYtgpIW+dh5ofDsySc2B6EznkAtNYwcNYpwuDpCh97TfdB83k8cr1aPeLaoso6fSUcC42qZyGYjHOMTS6BXa9TU4hmAjKdXCT7A9k2f1+XU+7vfpIWtaDeH35cy8YUiE4m6x/BsCq+Mq3OnZX3bmUpTpjO/C2IH6qedheLZK9hnNHVJwVNixK5379+eW4Gts1y3A2UBcLXu7wIB/YHdspX1r+TXMu7njYGQdq58Z1i89NdGjqrW5iKDebhaUq+0E2ewtdJV12GM05x6myHwtydnJo6ubSlvidgjoG9/DpmO+0qUzEKuUiihW2ZaYFwflNbekFKym8icbWiWxjI/MZLxT6gV9VauUviDAEIorJwZA==]]></Encrypt>
</xml>


