2016-02-19 00:12:42 trace :
------------
Array:
from : o49xAwn8HljU3lrQh6DzMr1m1Ph8 ;
to : gh_8a5f70a28b90 ;
time : 1455812012 ;
type : event ;
event : VIEW ;
tousername : gh_8a5f70a28b90 ;
fromusername : o49xAwn8HljU3lrQh6DzMr1m1Ph8 ;
createtime : 1455812012 ;
msgtype : event ;
eventkey : http://front.lewaimai.com/index.php?r=lewaimaishow/lewaimaigod&adminId=28555&shopId=80400 ;
menuid : 401201303 ;

2016-02-19 00:12:42 params :
------------
Array:
rule : -2 ;
module :  ;
message : Array ;

2016-02-19 00:12:42 response :
------------

2016-02-19 00:12:50 trace :
------------
Array:
from : o49xAwn8HljU3lrQh6DzMr1m1Ph8 ;
to : gh_8a5f70a28b90 ;
time : 1455812022 ;
type : event ;
event : VIEW ;
tousername : gh_8a5f70a28b90 ;
fromusername : o49xAwn8HljU3lrQh6DzMr1m1Ph8 ;
createtime : 1455812022 ;
msgtype : event ;
eventkey : http://front.lewaimai.com/index.php?r=lewaimaishow/lewaimaigod&adminId=28555&shopId=80400 ;
menuid : 401201303 ;

2016-02-19 00:12:50 params :
------------
Array:
rule : -2 ;
module :  ;
message : Array ;

2016-02-19 00:12:50 response :
------------

2016-02-19 08:38:12 trace :
------------
Array:
from : okOyixAmWJw4TzEDDX1dD1eYp7_o ;
to : gh_7663483cd274 ;
time : 1455842343 ;
type : trace ;
event : LOCATION ;
tousername : gh_7663483cd274 ;
fromusername : okOyixAmWJw4TzEDDX1dD1eYp7_o ;
createtime : 1455842343 ;
msgtype : event ;
latitude : 22.785841 ;
longitude : 114.450493 ;
precision : 65.000000 ;
location_x : 22.785841 ;
location_y : 114.450493 ;

2016-02-19 08:38:12 params :
------------
Array:
message : Array ;
module : default ;
rule : -1 ;

2016-02-19 08:38:12 response :
------------
Array:
errno : -1 ;
message : Invaild value ;

2016-02-19 08:38:13 trace :
------------
Array:
from : okOyixAmWJw4TzEDDX1dD1eYp7_o ;
to : gh_7663483cd274 ;
time : 1455842346 ;
type : event ;
event : VIEW ;
tousername : gh_7663483cd274 ;
fromusername : okOyixAmWJw4TzEDDX1dD1eYp7_o ;
createtime : 1455842346 ;
msgtype : event ;
eventkey : http://we7.cc/app/index.php?i=37&c=entry&eid=101 ;
menuid : 401179563 ;

2016-02-19 08:38:13 params :
------------
Array:
rule : -2 ;
module :  ;
message : Array ;

2016-02-19 08:38:13 response :
------------

2016-02-19 08:41:22 trace :
------------
Array:
from : okOyixAmWJw4TzEDDX1dD1eYp7_o ;
to : gh_7663483cd274 ;
time : 1455842534 ;
type : event ;
event : VIEW ;
tousername : gh_7663483cd274 ;
fromusername : okOyixAmWJw4TzEDDX1dD1eYp7_o ;
createtime : 1455842534 ;
msgtype : event ;
eventkey : http://we7.cc/app/index.php?i=37&c=entry&eid=101 ;
menuid : 401179563 ;

2016-02-19 08:41:22 params :
------------
Array:
rule : -2 ;
module :  ;
message : Array ;

2016-02-19 08:41:22 response :
------------

2016-02-19 09:27:30 trace :
------------
Array:
from : okOyixAmWJw4TzEDDX1dD1eYp7_o ;
to : gh_7663483cd274 ;
time : 1455845302 ;
type : trace ;
event : LOCATION ;
tousername : gh_7663483cd274 ;
fromusername : okOyixAmWJw4TzEDDX1dD1eYp7_o ;
createtime : 1455845302 ;
msgtype : event ;
latitude : 22.785797 ;
longitude : 114.450394 ;
precision : 65.000000 ;
location_x : 22.785797 ;
location_y : 114.450394 ;

2016-02-19 09:27:30 params :
------------
Array:
message : Array ;
module : default ;
rule : -1 ;

2016-02-19 09:27:30 response :
------------
Array:
errno : -1 ;
message : Invaild value ;

2016-02-19 09:32:09 trace :
------------
Array:
from : o7SFQs7VplOJWo0PDgMjlAl6fTSU ;
to : gh_f8ef5613cc37 ;
time : 1455845582 ;
type : event ;
event : CLICK ;
tousername : gh_f8ef5613cc37 ;
fromusername : o7SFQs7VplOJWo0PDgMjlAl6fTSU ;
createtime : 1455845582 ;
msgtype : event ;
eventkey : 首页 ;

2016-02-19 09:32:09 params :
------------
Array:
rule : -2 ;
module :  ;
message : Array ;

2016-02-19 09:32:09 response :
------------

2016-02-19 09:32:25 trace :
------------
Array:
from : o7SFQs7VplOJWo0PDgMjlAl6fTSU ;
to : gh_f8ef5613cc37 ;
time : 1455845598 ;
type : event ;
event : CLICK ;
tousername : gh_f8ef5613cc37 ;
fromusername : o7SFQs7VplOJWo0PDgMjlAl6fTSU ;
createtime : 1455845598 ;
msgtype : event ;
eventkey : 首页 ;

2016-02-19 09:32:25 params :
------------
Array:
rule : -2 ;
module :  ;
message : Array ;

2016-02-19 09:32:25 response :
------------

2016-02-19 09:32:37 trace :
------------
Array:
from : o7SFQs7VplOJWo0PDgMjlAl6fTSU ;
to : gh_f8ef5613cc37 ;
time : 1455845610 ;
type : event ;
event : CLICK ;
tousername : gh_f8ef5613cc37 ;
fromusername : o7SFQs7VplOJWo0PDgMjlAl6fTSU ;
createtime : 1455845610 ;
msgtype : event ;
eventkey : 新品发布 ;

2016-02-19 09:32:37 params :
------------
Array:
rule : -2 ;
module :  ;
message : Array ;

2016-02-19 09:32:37 response :
------------

2016-02-19 09:33:06 trace :
------------
Array:
from : o7SFQs7VplOJWo0PDgMjlAl6fTSU ;
to : gh_f8ef5613cc37 ;
time : 1455845639 ;
type : event ;
event : VIEW ;
tousername : gh_f8ef5613cc37 ;
fromusername : o7SFQs7VplOJWo0PDgMjlAl6fTSU ;
createtime : 1455845639 ;
msgtype : event ;
eventkey : http://ws.mxnt.net/index.php?g=Wap&m=Index&a=lists&classid=368&token=yqxpxq1429233090 ;
menuid : 402333412 ;

2016-02-19 09:33:06 params :
------------
Array:
rule : -2 ;
module :  ;
message : Array ;

2016-02-19 09:33:06 response :
------------

2016-02-19 09:33:33 trace :
------------
Array:
from : o7SFQs7VplOJWo0PDgMjlAl6fTSU ;
to : gh_f8ef5613cc37 ;
time : 1455845665 ;
type : event ;
event : CLICK ;
tousername : gh_f8ef5613cc37 ;
fromusername : o7SFQs7VplOJWo0PDgMjlAl6fTSU ;
createtime : 1455845665 ;
msgtype : event ;
eventkey : 首页 ;

2016-02-19 09:33:33 params :
------------
Array:
rule : -2 ;
module :  ;
message : Array ;

2016-02-19 09:33:33 response :
------------

2016-02-19 09:33:38 trace :
------------
Array:
from : o7SFQs7VplOJWo0PDgMjlAl6fTSU ;
to : gh_f8ef5613cc37 ;
time : 1455845671 ;
type : event ;
event : CLICK ;
tousername : gh_f8ef5613cc37 ;
fromusername : o7SFQs7VplOJWo0PDgMjlAl6fTSU ;
createtime : 1455845671 ;
msgtype : event ;
eventkey : 实木系列 ;

2016-02-19 09:33:38 params :
------------
Array:
rule : -2 ;
module :  ;
message : Array ;

2016-02-19 09:33:38 response :
------------

2016-02-19 10:28:27 trace :
------------
Array:
from : oywoswL7phyxCPdhiX-HLYmfrvwQ ;
to : gh_594b4a77030d ;
time : 1455848960 ;
type : trace ;
event : LOCATION ;
tousername : gh_594b4a77030d ;
fromusername : oywoswL7phyxCPdhiX-HLYmfrvwQ ;
createtime : 1455848960 ;
msgtype : event ;
latitude : 22.905687 ;
longitude : 114.058754 ;
precision : 65.000000 ;
location_x : 22.905687 ;
location_y : 114.058754 ;

2016-02-19 10:28:27 params :
------------
Array:
message : Array ;
module : default ;
rule : -1 ;

2016-02-19 10:28:27 response :
------------
Array:
errno : -1 ;
message : Invaild value ;

2016-02-19 10:28:27 trace :
------------
Array:
from : oywoswL7phyxCPdhiX-HLYmfrvwQ ;
to : gh_594b4a77030d ;
time : 1455848960 ;
type : trace ;
event : LOCATION ;
tousername : gh_594b4a77030d ;
fromusername : oywoswL7phyxCPdhiX-HLYmfrvwQ ;
createtime : 1455848960 ;
msgtype : event ;
latitude : 22.905663 ;
longitude : 114.058701 ;
precision : 65.000000 ;
location_x : 22.905663 ;
location_y : 114.058701 ;

2016-02-19 10:28:27 params :
------------
Array:
message : Array ;
module : default ;
rule : -1 ;

2016-02-19 10:28:27 response :
------------
Array:
errno : -1 ;
message : Invaild value ;

2016-02-19 22:48:11 trace :
------------
Array:
from : ov-0juBwBWMMNvQAsTr_PUU_bHVI ;
to : gh_2c27a8e247f9 ;
time : 1455893343 ;
type : event ;
event : subscribe ;
tousername : gh_2c27a8e247f9 ;
fromusername : ov-0juBwBWMMNvQAsTr_PUU_bHVI ;
createtime : 1455893343 ;
msgtype : event ;
eventkey :  ;

2016-02-19 22:48:11 params :
------------
Array:
rule : -2 ;
module :  ;
message : Array ;

2016-02-19 22:48:11 response :
------------

2016-02-19 22:48:28 trace :
------------
Array:
from : ov-0juBwBWMMNvQAsTr_PUU_bHVI ;
to : gh_2c27a8e247f9 ;
time : 1455893361 ;
type : event ;
event : VIEW ;
tousername : gh_2c27a8e247f9 ;
fromusername : ov-0juBwBWMMNvQAsTr_PUU_bHVI ;
createtime : 1455893361 ;
msgtype : event ;
eventkey : http://wsbf.915911.com/index.php?g=App&m=Index&a=fensi ;
menuid : 208916756 ;

2016-02-19 22:48:28 params :
------------
Array:
rule : -2 ;
module :  ;
message : Array ;

2016-02-19 22:48:28 response :
------------

2016-02-19 22:48:50 trace :
------------
Array:
from : ov-0juBwBWMMNvQAsTr_PUU_bHVI ;
to : gh_2c27a8e247f9 ;
time : 1455893384 ;
type : event ;
event : CLICK ;
tousername : gh_2c27a8e247f9 ;
fromusername : ov-0juBwBWMMNvQAsTr_PUU_bHVI ;
createtime : 1455893384 ;
msgtype : event ;
eventkey : erweima ;

2016-02-19 22:48:50 params :
------------
Array:
rule : -2 ;
module :  ;
message : Array ;

2016-02-19 22:48:50 response :
------------

2016-02-19 22:52:15 trace :
------------
Array:
from : ov-0juBwBWMMNvQAsTr_PUU_bHVI ;
to : gh_2c27a8e247f9 ;
time : 1455893588 ;
type : text ;
event :  ;
tousername : gh_2c27a8e247f9 ;
fromusername : ov-0juBwBWMMNvQAsTr_PUU_bHVI ;
createtime : 1455893588 ;
msgtype : text ;
content : 我天天看你们的节目是真的好看 ;
msgid : 6253015347318269576 ;
redirection :  ;
source :  ;

2016-02-19 22:52:15 params :
------------
Array:
rule : -2 ;
module :  ;
message : Array ;

2016-02-19 22:52:15 response :
------------

2016-02-19 22:55:42 trace :
------------
Array:
from : ov-0juBwBWMMNvQAsTr_PUU_bHVI ;
to : gh_2c27a8e247f9 ;
time : 1455893796 ;
type : event ;
event : VIEW ;
tousername : gh_2c27a8e247f9 ;
fromusername : ov-0juBwBWMMNvQAsTr_PUU_bHVI ;
createtime : 1455893796 ;
msgtype : event ;
eventkey : http://wsbf.915911.com/index.php?g=App&m=Index&a=member&refresh=1 ;
menuid : 208916756 ;

2016-02-19 22:55:42 params :
------------
Array:
rule : -2 ;
module :  ;
message : Array ;

2016-02-19 22:55:42 response :
------------

2016-02-19 22:56:31 trace :
------------
Array:
from : ov-0juBwBWMMNvQAsTr_PUU_bHVI ;
to : gh_2c27a8e247f9 ;
time : 1455893844 ;
type : event ;
event : VIEW ;
tousername : gh_2c27a8e247f9 ;
fromusername : ov-0juBwBWMMNvQAsTr_PUU_bHVI ;
createtime : 1455893844 ;
msgtype : event ;
eventkey : http://wsbf.915911.com/index.php?g=App&m=Index&a=index_info&id=2 ;
menuid : 208916756 ;

2016-02-19 22:56:31 params :
------------
Array:
rule : -2 ;
module :  ;
message : Array ;

2016-02-19 22:56:31 response :
------------

2016-02-19 22:56:36 trace :
------------
Array:
from : ov-0juBwBWMMNvQAsTr_PUU_bHVI ;
to : gh_2c27a8e247f9 ;
time : 1455893850 ;
type : event ;
event : VIEW ;
tousername : gh_2c27a8e247f9 ;
fromusername : ov-0juBwBWMMNvQAsTr_PUU_bHVI ;
createtime : 1455893850 ;
msgtype : event ;
eventkey : http://mp.weixin.qq.com/s?__biz=MzA4OTM2MjM2Nw==&mid=208916332&idx=1&sn=c527bc55be2d0c48874c29e9dbd1f87c&scene=18#rd ;
menuid : 208916756 ;

2016-02-19 22:56:36 params :
------------
Array:
rule : -2 ;
module :  ;
message : Array ;

2016-02-19 22:56:36 response :
------------

2016-02-19 22:57:47 trace :
------------
Array:
from : ov-0juBwBWMMNvQAsTr_PUU_bHVI ;
to : gh_2c27a8e247f9 ;
time : 1455893920 ;
type : event ;
event : VIEW ;
tousername : gh_2c27a8e247f9 ;
fromusername : ov-0juBwBWMMNvQAsTr_PUU_bHVI ;
createtime : 1455893920 ;
msgtype : event ;
eventkey : http://wap.koudaitong.com/v2/feature/61eyw9yn ;
menuid : 208916756 ;

2016-02-19 22:57:47 params :
------------
Array:
rule : -2 ;
module :  ;
message : Array ;

2016-02-19 22:57:47 response :
------------

2016-02-19 22:58:23 trace :
------------
Array:
from : ov-0juBwBWMMNvQAsTr_PUU_bHVI ;
to : gh_2c27a8e247f9 ;
time : 1455893956 ;
type : event ;
event : VIEW ;
tousername : gh_2c27a8e247f9 ;
fromusername : ov-0juBwBWMMNvQAsTr_PUU_bHVI ;
createtime : 1455893956 ;
msgtype : event ;
eventkey : http://wap.koudaitong.com/v2/feature/61eyw9yn ;
menuid : 208916756 ;

2016-02-19 22:58:23 params :
------------
Array:
rule : -2 ;
module :  ;
message : Array ;

2016-02-19 22:58:23 response :
------------

2016-02-19 23:00:03 trace :
------------
Array:
from : ov-0juBwBWMMNvQAsTr_PUU_bHVI ;
to : gh_2c27a8e247f9 ;
time : 1455894057 ;
type : event ;
event : VIEW ;
tousername : gh_2c27a8e247f9 ;
fromusername : ov-0juBwBWMMNvQAsTr_PUU_bHVI ;
createtime : 1455894057 ;
msgtype : event ;
eventkey : http://wsbf.915911.com/index.php?g=App&m=Index&a=member&refresh=1 ;
menuid : 208916756 ;

2016-02-19 23:00:03 params :
------------
Array:
rule : -2 ;
module :  ;
message : Array ;

2016-02-19 23:00:03 response :
------------

2016-02-19 23:01:03 trace :
------------
Array:
from : ov-0juBwBWMMNvQAsTr_PUU_bHVI ;
to : gh_2c27a8e247f9 ;
time : 1455894117 ;
type : event ;
event : CLICK ;
tousername : gh_2c27a8e247f9 ;
fromusername : ov-0juBwBWMMNvQAsTr_PUU_bHVI ;
createtime : 1455894117 ;
msgtype : event ;
eventkey : erweima ;

2016-02-19 23:01:03 params :
------------
Array:
rule : -2 ;
module :  ;
message : Array ;

2016-02-19 23:01:03 response :
------------

2016-02-19 23:01:08 trace :
------------
Array:
from : ov-0juBwBWMMNvQAsTr_PUU_bHVI ;
to : gh_2c27a8e247f9 ;
time : 1455894122 ;
type : event ;
event : VIEW ;
tousername : gh_2c27a8e247f9 ;
fromusername : ov-0juBwBWMMNvQAsTr_PUU_bHVI ;
createtime : 1455894122 ;
msgtype : event ;
eventkey : http://wsbf.915911.com/index.php?g=App&m=Index&a=fensi ;
menuid : 208916756 ;

2016-02-19 23:01:08 params :
------------
Array:
rule : -2 ;
module :  ;
message : Array ;

2016-02-19 23:01:08 response :
------------

2016-02-19 23:01:13 trace :
------------
Array:
from : ov-0juBwBWMMNvQAsTr_PUU_bHVI ;
to : gh_2c27a8e247f9 ;
time : 1455894126 ;
type : event ;
event : VIEW ;
tousername : gh_2c27a8e247f9 ;
fromusername : ov-0juBwBWMMNvQAsTr_PUU_bHVI ;
createtime : 1455894126 ;
msgtype : event ;
eventkey : http://wsbf.915911.com/index.php?g=App&m=Index&a=fensi ;
menuid : 208916756 ;

2016-02-19 23:01:13 params :
------------
Array:
rule : -2 ;
module :  ;
message : Array ;

2016-02-19 23:01:13 response :
------------

2016-02-19 23:05:53 trace :
------------
Array:
from : ov-0juBwBWMMNvQAsTr_PUU_bHVI ;
to : gh_2c27a8e247f9 ;
time : 1455894407 ;
type : event ;
event : VIEW ;
tousername : gh_2c27a8e247f9 ;
fromusername : ov-0juBwBWMMNvQAsTr_PUU_bHVI ;
createtime : 1455894407 ;
msgtype : event ;
eventkey : http://wsbf.915911.com/index.php?g=App&m=Index&a=index ;
menuid : 208916756 ;

2016-02-19 23:05:53 params :
------------
Array:
rule : -2 ;
module :  ;
message : Array ;

2016-02-19 23:05:53 response :
------------

2016-02-19 23:06:07 trace :
------------
Array:
from : ov-0juBwBWMMNvQAsTr_PUU_bHVI ;
to : gh_2c27a8e247f9 ;
time : 1455894420 ;
type : event ;
event : VIEW ;
tousername : gh_2c27a8e247f9 ;
fromusername : ov-0juBwBWMMNvQAsTr_PUU_bHVI ;
createtime : 1455894420 ;
msgtype : event ;
eventkey : http://mp.weixin.qq.com/s?__biz=MzA4OTM2MjM2Nw==&mid=208916332&idx=1&sn=c527bc55be2d0c48874c29e9dbd1f87c&scene=18#rd ;
menuid : 208916756 ;

2016-02-19 23:06:07 params :
------------
Array:
rule : -2 ;
module :  ;
message : Array ;

2016-02-19 23:06:07 response :
------------

2016-02-19 23:06:46 trace :
------------
Array:
from : ov-0juBwBWMMNvQAsTr_PUU_bHVI ;
to : gh_2c27a8e247f9 ;
time : 1455894459 ;
type : event ;
event : VIEW ;
tousername : gh_2c27a8e247f9 ;
fromusername : ov-0juBwBWMMNvQAsTr_PUU_bHVI ;
createtime : 1455894459 ;
msgtype : event ;
eventkey : http://wsbf.915911.com/index.php?g=App&m=Index&a=index_info&id=2 ;
menuid : 208916756 ;

2016-02-19 23:06:46 params :
------------
Array:
rule : -2 ;
module :  ;
message : Array ;

2016-02-19 23:06:46 response :
------------

2016-02-19 23:48:44 trace :
------------
Array:
from : o7SFQs8og6RZzzFQ5-VxzpEEn6Pk ;
to : gh_f8ef5613cc37 ;
time : 1455896978 ;
type : event ;
event : subscribe ;
tousername : gh_f8ef5613cc37 ;
fromusername : o7SFQs8og6RZzzFQ5-VxzpEEn6Pk ;
createtime : 1455896978 ;
msgtype : event ;
eventkey :  ;

2016-02-19 23:48:44 params :
------------
Array:
rule : -2 ;
module :  ;
message : Array ;

2016-02-19 23:48:44 response :
------------

2016-02-19 23:48:48 trace :
------------
Array:
from : o7SFQs8og6RZzzFQ5-VxzpEEn6Pk ;
to : gh_f8ef5613cc37 ;
time : 1455896982 ;
type : event ;
event : VIEW ;
tousername : gh_f8ef5613cc37 ;
fromusername : o7SFQs8og6RZzzFQ5-VxzpEEn6Pk ;
createtime : 1455896982 ;
msgtype : event ;
eventkey : http://ws.mxnt.net/index.php?g=Wap&m=Index&a=lists&classid=368&token=yqxpxq1429233090 ;
menuid : 402333412 ;

2016-02-19 23:48:48 params :
------------
Array:
rule : -2 ;
module :  ;
message : Array ;

2016-02-19 23:48:48 response :
------------

2016-02-19 23:48:58 trace :
------------
Array:
from : o7SFQs8og6RZzzFQ5-VxzpEEn6Pk ;
to : gh_f8ef5613cc37 ;
time : 1455896991 ;
type : event ;
event : CLICK ;
tousername : gh_f8ef5613cc37 ;
fromusername : o7SFQs8og6RZzzFQ5-VxzpEEn6Pk ;
createtime : 1455896991 ;
msgtype : event ;
eventkey : 招纳贤才 ;

2016-02-19 23:48:58 params :
------------
Array:
rule : -2 ;
module :  ;
message : Array ;

2016-02-19 23:48:58 response :
------------

2016-02-19 23:49:14 trace :
------------
Array:
from : o7SFQs8og6RZzzFQ5-VxzpEEn6Pk ;
to : gh_f8ef5613cc37 ;
time : 1455897008 ;
type : event ;
event : CLICK ;
tousername : gh_f8ef5613cc37 ;
fromusername : o7SFQs8og6RZzzFQ5-VxzpEEn6Pk ;
createtime : 1455897008 ;
msgtype : event ;
eventkey : 招纳贤才 ;

2016-02-19 23:49:14 params :
------------
Array:
rule : -2 ;
module :  ;
message : Array ;

2016-02-19 23:49:14 response :
------------

2016-02-19 23:49:29 trace :
------------
Array:
from : o7SFQs8og6RZzzFQ5-VxzpEEn6Pk ;
to : gh_f8ef5613cc37 ;
time : 1455897023 ;
type : event ;
event : CLICK ;
tousername : gh_f8ef5613cc37 ;
fromusername : o7SFQs8og6RZzzFQ5-VxzpEEn6Pk ;
createtime : 1455897023 ;
msgtype : event ;
eventkey : 公司简介 ;

2016-02-19 23:49:29 params :
------------
Array:
rule : -2 ;
module :  ;
message : Array ;

2016-02-19 23:49:29 response :
------------

2016-02-19 23:49:34 trace :
------------
Array:
from : o7SFQs8og6RZzzFQ5-VxzpEEn6Pk ;
to : gh_f8ef5613cc37 ;
time : 1455897028 ;
type : event ;
event : CLICK ;
tousername : gh_f8ef5613cc37 ;
fromusername : o7SFQs8og6RZzzFQ5-VxzpEEn6Pk ;
createtime : 1455897028 ;
msgtype : event ;
eventkey : 家具常识 ;

2016-02-19 23:49:34 params :
------------
Array:
rule : -2 ;
module :  ;
message : Array ;

2016-02-19 23:49:34 response :
------------

