2016-12-27 02:37:19 trace :
------------
Array:
from : oRPPWvps_LCf2grvL8ZPDP2AdozQ ;
to : gh_b1f7fee0dba6 ;
time : 1482777441 ;
type : event ;
event : VIEW ;
tousername : gh_b1f7fee0dba6 ;
fromusername : oRPPWvps_LCf2grvL8ZPDP2AdozQ ;
createtime : 1482777441 ;
msgtype : event ;
eventkey : http://a233.sdsfshop.com/app/index.php?i=65&c=entry&do=guide&m=we7_wmall ;
menuid : 434129959 ;

2016-12-27 02:37:19 params :
------------
Array:
rule : -2 ;
module :  ;
message : Array ;

2016-12-27 02:37:19 response :
------------

2016-12-27 05:45:51 trace :
------------
Array:
from : oRPPWvps_LCf2grvL8ZPDP2AdozQ ;
to : gh_b1f7fee0dba6 ;
time : 1482788753 ;
type : event ;
event : VIEW ;
tousername : gh_b1f7fee0dba6 ;
fromusername : oRPPWvps_LCf2grvL8ZPDP2AdozQ ;
createtime : 1482788753 ;
msgtype : event ;
eventkey : http://a233.sdsfshop.com/app/index.php?i=65&c=entry&do=guide&m=we7_wmall ;
menuid : 434129959 ;

2016-12-27 05:45:51 params :
------------
Array:
rule : -2 ;
module :  ;
message : Array ;

2016-12-27 05:45:51 response :
------------

2016-12-27 08:26:19 trace :
------------
Array:
from : oRPPWvps_LCf2grvL8ZPDP2AdozQ ;
to : gh_b1f7fee0dba6 ;
time : 1482798381 ;
type : event ;
event : VIEW ;
tousername : gh_b1f7fee0dba6 ;
fromusername : oRPPWvps_LCf2grvL8ZPDP2AdozQ ;
createtime : 1482798381 ;
msgtype : event ;
eventkey : http://a233.sdsfshop.com/app/index.php?i=65&c=entry&do=guide&m=we7_wmall ;
menuid : 434129959 ;

2016-12-27 08:26:19 params :
------------
Array:
rule : -2 ;
module :  ;
message : Array ;

2016-12-27 08:26:19 response :
------------

2016-12-27 08:26:44 trace :
------------
Array:
from : oRPPWvps_LCf2grvL8ZPDP2AdozQ ;
to : gh_b1f7fee0dba6 ;
time : 1482798407 ;
type : event ;
event : VIEW ;
tousername : gh_b1f7fee0dba6 ;
fromusername : oRPPWvps_LCf2grvL8ZPDP2AdozQ ;
createtime : 1482798407 ;
msgtype : event ;
eventkey : http://a233.sdsfshop.com/app/index.php?i=65&c=entry&do=guide&m=we7_wmall ;
menuid : 434129959 ;

2016-12-27 08:26:44 params :
------------
Array:
rule : -2 ;
module :  ;
message : Array ;

2016-12-27 08:26:44 response :
------------

2016-12-27 10:10:32 trace :
------------
Array:
from : oRPPWvhrj-1hfd9wadLQW-hIrlU0 ;
to : gh_b1f7fee0dba6 ;
time : 1482804633 ;
type : event ;
event : VIEW ;
tousername : gh_b1f7fee0dba6 ;
fromusername : oRPPWvhrj-1hfd9wadLQW-hIrlU0 ;
createtime : 1482804633 ;
msgtype : event ;
eventkey : http://a233.sdsfshop.com/app/index.php?i=65&c=entry&do=guide&m=we7_wmall ;
menuid : 434129959 ;

2016-12-27 10:10:32 params :
------------
Array:
rule : -2 ;
module :  ;
message : Array ;

2016-12-27 10:10:32 response :
------------

2016-12-27 10:18:17 trace :
------------
Array:
from : oRPPWvjOAA4W5CDCFYvk5p11lTcE ;
to : gh_b1f7fee0dba6 ;
time : 1482805098 ;
type : event ;
event : VIEW ;
tousername : gh_b1f7fee0dba6 ;
fromusername : oRPPWvjOAA4W5CDCFYvk5p11lTcE ;
createtime : 1482805098 ;
msgtype : event ;
eventkey : http://a233.sdsfshop.com/app/index.php?i=65&c=entry&do=guide&m=we7_wmall ;
menuid : 434129959 ;

2016-12-27 10:18:17 params :
------------
Array:
rule : -2 ;
module :  ;
message : Array ;

2016-12-27 10:18:17 response :
------------

2016-12-27 10:18:49 trace :
------------
Array:
from : oRPPWvjOAA4W5CDCFYvk5p11lTcE ;
to : gh_b1f7fee0dba6 ;
time : 1482805130 ;
type : event ;
event : VIEW ;
tousername : gh_b1f7fee0dba6 ;
fromusername : oRPPWvjOAA4W5CDCFYvk5p11lTcE ;
createtime : 1482805130 ;
msgtype : event ;
eventkey : http://a233.sdsfshop.com/app/index.php?i=65&c=entry&do=guide&m=we7_wmall ;
menuid : 434129959 ;

2016-12-27 10:18:49 params :
------------
Array:
rule : -2 ;
module :  ;
message : Array ;

2016-12-27 10:18:49 response :
------------

2016-12-27 10:44:52 trace :
------------
Array:
from : oRPPWvps_LCf2grvL8ZPDP2AdozQ ;
to : gh_b1f7fee0dba6 ;
time : 1482806693 ;
type : event ;
event : VIEW ;
tousername : gh_b1f7fee0dba6 ;
fromusername : oRPPWvps_LCf2grvL8ZPDP2AdozQ ;
createtime : 1482806693 ;
msgtype : event ;
eventkey : http://a233.sdsfshop.com/app/index.php?i=65&c=entry&do=guide&m=we7_wmall ;
menuid : 434129959 ;

2016-12-27 10:44:52 params :
------------
Array:
rule : -2 ;
module :  ;
message : Array ;

2016-12-27 10:44:52 response :
------------

2016-12-27 10:45:51 trace :
------------
Array:
from : oRPPWvps_LCf2grvL8ZPDP2AdozQ ;
to : gh_b1f7fee0dba6 ;
time : 1482806752 ;
type : event ;
event : VIEW ;
tousername : gh_b1f7fee0dba6 ;
fromusername : oRPPWvps_LCf2grvL8ZPDP2AdozQ ;
createtime : 1482806752 ;
msgtype : event ;
eventkey : http://a233.sdsfshop.com/app/index.php?i=65&c=entry&do=guide&m=we7_wmall ;
menuid : 434129959 ;

2016-12-27 10:45:51 params :
------------
Array:
rule : -2 ;
module :  ;
message : Array ;

2016-12-27 10:45:51 response :
------------

2016-12-27 10:59:35 trace :
------------
Array:
from : oRPPWvps_LCf2grvL8ZPDP2AdozQ ;
to : gh_b1f7fee0dba6 ;
time : 1482807576 ;
type : event ;
event : VIEW ;
tousername : gh_b1f7fee0dba6 ;
fromusername : oRPPWvps_LCf2grvL8ZPDP2AdozQ ;
createtime : 1482807576 ;
msgtype : event ;
eventkey : http://a233.sdsfshop.com/app/index.php?i=65&c=entry&do=guide&m=we7_wmall ;
menuid : 434129959 ;

2016-12-27 10:59:35 params :
------------
Array:
rule : -2 ;
module :  ;
message : Array ;

2016-12-27 10:59:35 response :
------------

2016-12-27 11:00:50 trace :
------------
Array:
from : oRPPWvps_LCf2grvL8ZPDP2AdozQ ;
to : gh_b1f7fee0dba6 ;
time : 1482807650 ;
type : event ;
event : VIEW ;
tousername : gh_b1f7fee0dba6 ;
fromusername : oRPPWvps_LCf2grvL8ZPDP2AdozQ ;
createtime : 1482807650 ;
msgtype : event ;
eventkey : http://a233.sdsfshop.com/app/index.php?i=65&c=entry&do=guide&m=we7_wmall ;
menuid : 434129959 ;

2016-12-27 11:00:50 params :
------------
Array:
rule : -2 ;
module :  ;
message : Array ;

2016-12-27 11:00:50 response :
------------

2016-12-27 11:05:35 trace :
------------
Array:
from : oRPPWvps_LCf2grvL8ZPDP2AdozQ ;
to : gh_b1f7fee0dba6 ;
time : 1482807935 ;
type : event ;
event : VIEW ;
tousername : gh_b1f7fee0dba6 ;
fromusername : oRPPWvps_LCf2grvL8ZPDP2AdozQ ;
createtime : 1482807935 ;
msgtype : event ;
eventkey : http://a233.sdsfshop.com/app/index.php?i=65&c=entry&do=guide&m=we7_wmall ;
menuid : 434129959 ;

2016-12-27 11:05:35 params :
------------
Array:
rule : -2 ;
module :  ;
message : Array ;

2016-12-27 11:05:35 response :
------------

2016-12-27 11:06:09 trace :
------------
Array:
from : oRPPWvps_LCf2grvL8ZPDP2AdozQ ;
to : gh_b1f7fee0dba6 ;
time : 1482807970 ;
type : event ;
event : VIEW ;
tousername : gh_b1f7fee0dba6 ;
fromusername : oRPPWvps_LCf2grvL8ZPDP2AdozQ ;
createtime : 1482807970 ;
msgtype : event ;
eventkey : http://a233.sdsfshop.com/app/index.php?i=65&c=entry&do=guide&m=we7_wmall ;
menuid : 434129959 ;

2016-12-27 11:06:09 params :
------------
Array:
rule : -2 ;
module :  ;
message : Array ;

2016-12-27 11:06:09 response :
------------

2016-12-27 11:11:12 trace :
------------
Array:
from : oRPPWvps_LCf2grvL8ZPDP2AdozQ ;
to : gh_b1f7fee0dba6 ;
time : 1482808273 ;
type : event ;
event : VIEW ;
tousername : gh_b1f7fee0dba6 ;
fromusername : oRPPWvps_LCf2grvL8ZPDP2AdozQ ;
createtime : 1482808273 ;
msgtype : event ;
eventkey : http://a233.sdsfshop.com/app/index.php?i=65&c=entry&do=guide&m=we7_wmall ;
menuid : 434129959 ;

2016-12-27 11:11:12 params :
------------
Array:
rule : -2 ;
module :  ;
message : Array ;

2016-12-27 11:11:12 response :
------------

2016-12-27 11:21:16 trace :
------------
Array:
from : oRPPWvmbBiNpKKFESRe65pX0-UmI ;
to : gh_b1f7fee0dba6 ;
time : 1482808877 ;
type : event ;
event : VIEW ;
tousername : gh_b1f7fee0dba6 ;
fromusername : oRPPWvmbBiNpKKFESRe65pX0-UmI ;
createtime : 1482808877 ;
msgtype : event ;
eventkey : http://a233.sdsfshop.com/app/index.php?i=65&c=entry&do=guide&m=we7_wmall ;
menuid : 434129959 ;

2016-12-27 11:21:16 params :
------------
Array:
rule : -2 ;
module :  ;
message : Array ;

2016-12-27 11:21:16 response :
------------

2016-12-27 11:26:42 trace :
------------
Array:
from : oRPPWvps_LCf2grvL8ZPDP2AdozQ ;
to : gh_b1f7fee0dba6 ;
time : 1482809203 ;
type : event ;
event : VIEW ;
tousername : gh_b1f7fee0dba6 ;
fromusername : oRPPWvps_LCf2grvL8ZPDP2AdozQ ;
createtime : 1482809203 ;
msgtype : event ;
eventkey : http://a233.sdsfshop.com/app/index.php?i=65&c=entry&do=guide&m=we7_wmall ;
menuid : 434129959 ;

2016-12-27 11:26:42 params :
------------
Array:
rule : -2 ;
module :  ;
message : Array ;

2016-12-27 11:26:42 response :
------------

2016-12-27 11:27:49 trace :
------------
Array:
from : oRPPWvps_LCf2grvL8ZPDP2AdozQ ;
to : gh_b1f7fee0dba6 ;
time : 1482809269 ;
type : event ;
event : VIEW ;
tousername : gh_b1f7fee0dba6 ;
fromusername : oRPPWvps_LCf2grvL8ZPDP2AdozQ ;
createtime : 1482809269 ;
msgtype : event ;
eventkey : http://a233.sdsfshop.com/app/index.php?i=65&c=entry&do=guide&m=we7_wmall ;
menuid : 434129959 ;

2016-12-27 11:27:49 params :
------------
Array:
rule : -2 ;
module :  ;
message : Array ;

2016-12-27 11:27:49 response :
------------

2016-12-27 11:28:55 trace :
------------
Array:
from : oRPPWvopUdqmoofwtbXAPU3727PI ;
to : gh_b1f7fee0dba6 ;
time : 1482809336 ;
type : event ;
event : VIEW ;
tousername : gh_b1f7fee0dba6 ;
fromusername : oRPPWvopUdqmoofwtbXAPU3727PI ;
createtime : 1482809336 ;
msgtype : event ;
eventkey : http://a233.sdsfshop.com/app/index.php?i=65&c=entry&do=guide&m=we7_wmall ;
menuid : 434129959 ;

2016-12-27 11:28:55 params :
------------
Array:
rule : -2 ;
module :  ;
message : Array ;

2016-12-27 11:28:55 response :
------------

2016-12-27 11:34:05 trace :
------------
Array:
from : oRPPWvps_LCf2grvL8ZPDP2AdozQ ;
to : gh_b1f7fee0dba6 ;
time : 1482809646 ;
type : event ;
event : VIEW ;
tousername : gh_b1f7fee0dba6 ;
fromusername : oRPPWvps_LCf2grvL8ZPDP2AdozQ ;
createtime : 1482809646 ;
msgtype : event ;
eventkey : http://a233.sdsfshop.com/app/index.php?i=65&c=entry&do=guide&m=we7_wmall ;
menuid : 434129959 ;

2016-12-27 11:34:05 params :
------------
Array:
rule : -2 ;
module :  ;
message : Array ;

2016-12-27 11:34:05 response :
------------

2016-12-27 11:36:00 trace :
------------
Array:
from : oRPPWvrhFIkz_10ZmqZAROJMnVAA ;
to : gh_b1f7fee0dba6 ;
time : 1482809761 ;
type : event ;
event : VIEW ;
tousername : gh_b1f7fee0dba6 ;
fromusername : oRPPWvrhFIkz_10ZmqZAROJMnVAA ;
createtime : 1482809761 ;
msgtype : event ;
eventkey : http://a233.sdsfshop.com/app/index.php?i=65&c=entry&do=guide&m=we7_wmall ;
menuid : 434129959 ;

2016-12-27 11:36:00 params :
------------
Array:
rule : -2 ;
module :  ;
message : Array ;

2016-12-27 11:36:00 response :
------------

2016-12-27 11:36:42 trace :
------------
Array:
from : oRPPWvps_LCf2grvL8ZPDP2AdozQ ;
to : gh_b1f7fee0dba6 ;
time : 1482809802 ;
type : event ;
event : VIEW ;
tousername : gh_b1f7fee0dba6 ;
fromusername : oRPPWvps_LCf2grvL8ZPDP2AdozQ ;
createtime : 1482809802 ;
msgtype : event ;
eventkey : http://a233.sdsfshop.com/app/index.php?i=65&c=entry&do=guide&m=we7_wmall ;
menuid : 434129959 ;

2016-12-27 11:36:42 params :
------------
Array:
rule : -2 ;
module :  ;
message : Array ;

2016-12-27 11:36:42 response :
------------

2016-12-27 11:39:42 trace :
------------
Array:
from : oRPPWvps_LCf2grvL8ZPDP2AdozQ ;
to : gh_b1f7fee0dba6 ;
time : 1482809982 ;
type : event ;
event : VIEW ;
tousername : gh_b1f7fee0dba6 ;
fromusername : oRPPWvps_LCf2grvL8ZPDP2AdozQ ;
createtime : 1482809982 ;
msgtype : event ;
eventkey : http://a233.sdsfshop.com/app/index.php?i=65&c=entry&do=guide&m=we7_wmall ;
menuid : 434129959 ;

2016-12-27 11:39:42 params :
------------
Array:
rule : -2 ;
module :  ;
message : Array ;

2016-12-27 11:39:42 response :
------------

2016-12-27 11:47:09 trace :
------------
Array:
from : oRPPWvps_LCf2grvL8ZPDP2AdozQ ;
to : gh_b1f7fee0dba6 ;
time : 1482810430 ;
type : event ;
event : VIEW ;
tousername : gh_b1f7fee0dba6 ;
fromusername : oRPPWvps_LCf2grvL8ZPDP2AdozQ ;
createtime : 1482810430 ;
msgtype : event ;
eventkey : http://a233.sdsfshop.com/app/index.php?i=65&c=entry&do=guide&m=we7_wmall ;
menuid : 434129959 ;

2016-12-27 11:47:09 params :
------------
Array:
rule : -2 ;
module :  ;
message : Array ;

2016-12-27 11:47:09 response :
------------

2016-12-27 11:48:49 trace :
------------
Array:
from : oRPPWvps_LCf2grvL8ZPDP2AdozQ ;
to : gh_b1f7fee0dba6 ;
time : 1482810529 ;
type : event ;
event : VIEW ;
tousername : gh_b1f7fee0dba6 ;
fromusername : oRPPWvps_LCf2grvL8ZPDP2AdozQ ;
createtime : 1482810529 ;
msgtype : event ;
eventkey : http://a233.sdsfshop.com/app/index.php?i=65&c=entry&do=guide&m=we7_wmall ;
menuid : 434129959 ;

2016-12-27 11:48:49 params :
------------
Array:
rule : -2 ;
module :  ;
message : Array ;

2016-12-27 11:48:49 response :
------------

2016-12-27 11:50:09 trace :
------------
Array:
from : oRPPWvps_LCf2grvL8ZPDP2AdozQ ;
to : gh_b1f7fee0dba6 ;
time : 1482810609 ;
type : event ;
event : VIEW ;
tousername : gh_b1f7fee0dba6 ;
fromusername : oRPPWvps_LCf2grvL8ZPDP2AdozQ ;
createtime : 1482810609 ;
msgtype : event ;
eventkey : http://a233.sdsfshop.com/app/index.php?i=65&c=entry&do=guide&m=we7_wmall ;
menuid : 434129959 ;

2016-12-27 11:50:09 params :
------------
Array:
rule : -2 ;
module :  ;
message : Array ;

2016-12-27 11:50:09 response :
------------

2016-12-27 11:58:43 trace :
------------
Array:
from : oRPPWvps_LCf2grvL8ZPDP2AdozQ ;
to : gh_b1f7fee0dba6 ;
time : 1482811123 ;
type : event ;
event : VIEW ;
tousername : gh_b1f7fee0dba6 ;
fromusername : oRPPWvps_LCf2grvL8ZPDP2AdozQ ;
createtime : 1482811123 ;
msgtype : event ;
eventkey : http://a233.sdsfshop.com/app/index.php?i=65&c=entry&do=guide&m=we7_wmall ;
menuid : 434129959 ;

2016-12-27 11:58:43 params :
------------
Array:
rule : -2 ;
module :  ;
message : Array ;

2016-12-27 11:58:43 response :
------------

2016-12-27 12:00:38 trace :
------------
Array:
from : oRPPWvps_LCf2grvL8ZPDP2AdozQ ;
to : gh_b1f7fee0dba6 ;
time : 1482811238 ;
type : event ;
event : VIEW ;
tousername : gh_b1f7fee0dba6 ;
fromusername : oRPPWvps_LCf2grvL8ZPDP2AdozQ ;
createtime : 1482811238 ;
msgtype : event ;
eventkey : http://a233.sdsfshop.com/app/index.php?i=65&c=entry&do=guide&m=we7_wmall ;
menuid : 434129959 ;

2016-12-27 12:00:38 params :
------------
Array:
rule : -2 ;
module :  ;
message : Array ;

2016-12-27 12:00:38 response :
------------

2016-12-27 12:08:20 trace :
------------
Array:
from : oRPPWvps_LCf2grvL8ZPDP2AdozQ ;
to : gh_b1f7fee0dba6 ;
time : 1482811700 ;
type : event ;
event : VIEW ;
tousername : gh_b1f7fee0dba6 ;
fromusername : oRPPWvps_LCf2grvL8ZPDP2AdozQ ;
createtime : 1482811700 ;
msgtype : event ;
eventkey : http://a233.sdsfshop.com/app/index.php?i=65&c=entry&do=guide&m=we7_wmall ;
menuid : 434129959 ;

2016-12-27 12:08:20 params :
------------
Array:
rule : -2 ;
module :  ;
message : Array ;

2016-12-27 12:08:20 response :
------------

2016-12-27 12:08:32 trace :
------------
Array:
from : oRPPWvps_LCf2grvL8ZPDP2AdozQ ;
to : gh_b1f7fee0dba6 ;
time : 1482811712 ;
type : event ;
event : VIEW ;
tousername : gh_b1f7fee0dba6 ;
fromusername : oRPPWvps_LCf2grvL8ZPDP2AdozQ ;
createtime : 1482811712 ;
msgtype : event ;
eventkey : http://a233.sdsfshop.com/app/index.php?i=65&c=entry&do=guide&m=we7_wmall ;
menuid : 434129959 ;

2016-12-27 12:08:32 params :
------------
Array:
rule : -2 ;
module :  ;
message : Array ;

2016-12-27 12:08:32 response :
------------

2016-12-27 12:08:36 trace :
------------
Array:
from : oRPPWvps_LCf2grvL8ZPDP2AdozQ ;
to : gh_b1f7fee0dba6 ;
time : 1482811716 ;
type : event ;
event : VIEW ;
tousername : gh_b1f7fee0dba6 ;
fromusername : oRPPWvps_LCf2grvL8ZPDP2AdozQ ;
createtime : 1482811716 ;
msgtype : event ;
eventkey : http://a233.sdsfshop.com/app/index.php?i=65&c=entry&do=guide&m=we7_wmall ;
menuid : 434129959 ;

2016-12-27 12:08:36 params :
------------
Array:
rule : -2 ;
module :  ;
message : Array ;

2016-12-27 12:08:36 response :
------------

2016-12-27 12:29:14 trace :
------------
Array:
from : oRPPWvkWtAJvHyS2XoeXSxXMEq6k ;
to : gh_b1f7fee0dba6 ;
time : 1482812954 ;
type : event ;
event : MASSSENDJOBFINISH ;
tousername : gh_b1f7fee0dba6 ;
fromusername : oRPPWvkWtAJvHyS2XoeXSxXMEq6k ;
createtime : 1482812954 ;
msgtype : event ;
msgid : 3147483649 ;
status : send success ;
totalcount : 2 ;
filtercount : 2 ;
sentcount : 2 ;
errorcount : 0 ;
copyrightcheckresult : 


 ;

2016-12-27 12:29:14 params :
------------
Array:
rule : -2 ;
module :  ;
message : Array ;

2016-12-27 12:29:14 response :
------------

2016-12-27 12:31:07 trace :
------------
Array:
from : oRPPWvkWtAJvHyS2XoeXSxXMEq6k ;
to : gh_b1f7fee0dba6 ;
time : 1482813067 ;
type : event ;
event : MASSSENDJOBFINISH ;
tousername : gh_b1f7fee0dba6 ;
fromusername : oRPPWvkWtAJvHyS2XoeXSxXMEq6k ;
createtime : 1482813067 ;
msgtype : event ;
msgid : 3147483651 ;
status : send success ;
totalcount : 2 ;
filtercount : 2 ;
sentcount : 2 ;
errorcount : 0 ;
copyrightcheckresult : 


 ;

2016-12-27 12:31:07 params :
------------
Array:
rule : -2 ;
module :  ;
message : Array ;

2016-12-27 12:31:07 response :
------------

2016-12-27 12:31:21 trace :
------------
Array:
from : oRPPWvkWtAJvHyS2XoeXSxXMEq6k ;
to : gh_b1f7fee0dba6 ;
time : 1482813081 ;
type : event ;
event : MASSSENDJOBFINISH ;
tousername : gh_b1f7fee0dba6 ;
fromusername : oRPPWvkWtAJvHyS2XoeXSxXMEq6k ;
createtime : 1482813081 ;
msgtype : event ;
msgid : 3147483652 ;
status : send success ;
totalcount : 2 ;
filtercount : 2 ;
sentcount : 2 ;
errorcount : 0 ;
copyrightcheckresult : 


 ;

2016-12-27 12:31:21 params :
------------
Array:
rule : -2 ;
module :  ;
message : Array ;

2016-12-27 12:31:21 response :
------------

2016-12-27 12:33:26 trace :
------------
Array:
from : oRPPWvkWtAJvHyS2XoeXSxXMEq6k ;
to : gh_b1f7fee0dba6 ;
time : 1482813206 ;
type : event ;
event : MASSSENDJOBFINISH ;
tousername : gh_b1f7fee0dba6 ;
fromusername : oRPPWvkWtAJvHyS2XoeXSxXMEq6k ;
createtime : 1482813206 ;
msgtype : event ;
msgid : 3147483653 ;
status : send success ;
totalcount : 2 ;
filtercount : 2 ;
sentcount : 2 ;
errorcount : 0 ;
copyrightcheckresult : 


 ;

2016-12-27 12:33:26 params :
------------
Array:
rule : -2 ;
module :  ;
message : Array ;

2016-12-27 12:33:26 response :
------------

2016-12-27 12:36:17 trace :
------------
Array:
from : oRPPWvkWtAJvHyS2XoeXSxXMEq6k ;
to : gh_b1f7fee0dba6 ;
time : 1482813377 ;
type : event ;
event : MASSSENDJOBFINISH ;
tousername : gh_b1f7fee0dba6 ;
fromusername : oRPPWvkWtAJvHyS2XoeXSxXMEq6k ;
createtime : 1482813377 ;
msgtype : event ;
msgid : 3147483650 ;
status : send success ;
totalcount : 2 ;
filtercount : 0 ;
sentcount : 0 ;
errorcount : 0 ;
copyrightcheckresult : 


 ;

2016-12-27 12:36:17 params :
------------
Array:
rule : -2 ;
module :  ;
message : Array ;

2016-12-27 12:36:17 response :
------------

2016-12-27 13:28:36 trace :
------------
Array:
from : oRPPWvps_LCf2grvL8ZPDP2AdozQ ;
to : gh_b1f7fee0dba6 ;
time : 1482816516 ;
type : event ;
event : VIEW ;
tousername : gh_b1f7fee0dba6 ;
fromusername : oRPPWvps_LCf2grvL8ZPDP2AdozQ ;
createtime : 1482816516 ;
msgtype : event ;
eventkey : http://a233.sdsfshop.com/app/index.php?i=65&c=entry&do=guide&m=we7_wmall ;
menuid : 434129959 ;

2016-12-27 13:28:36 params :
------------
Array:
rule : -2 ;
module :  ;
message : Array ;

2016-12-27 13:28:36 response :
------------

2016-12-27 13:29:07 trace :
------------
Array:
from : oRPPWvps_LCf2grvL8ZPDP2AdozQ ;
to : gh_b1f7fee0dba6 ;
time : 1482816547 ;
type : event ;
event : VIEW ;
tousername : gh_b1f7fee0dba6 ;
fromusername : oRPPWvps_LCf2grvL8ZPDP2AdozQ ;
createtime : 1482816547 ;
msgtype : event ;
eventkey : http://a233.sdsfshop.com/app/index.php?i=65&c=entry&do=guide&m=we7_wmall ;
menuid : 434129959 ;

2016-12-27 13:29:07 params :
------------
Array:
rule : -2 ;
module :  ;
message : Array ;

2016-12-27 13:29:07 response :
------------

2016-12-27 16:13:16 trace :
------------
Array:
from : oRPPWvps_LCf2grvL8ZPDP2AdozQ ;
to : gh_b1f7fee0dba6 ;
time : 1482826396 ;
type : event ;
event : VIEW ;
tousername : gh_b1f7fee0dba6 ;
fromusername : oRPPWvps_LCf2grvL8ZPDP2AdozQ ;
createtime : 1482826396 ;
msgtype : event ;
eventkey : http://a233.sdsfshop.com/app/index.php?i=65&c=entry&do=guide&m=we7_wmall ;
menuid : 434129959 ;

2016-12-27 16:13:16 params :
------------
Array:
rule : -2 ;
module :  ;
message : Array ;

2016-12-27 16:13:16 response :
------------

2016-12-27 16:13:56 trace :
------------
Array:
from : oRPPWvps_LCf2grvL8ZPDP2AdozQ ;
to : gh_b1f7fee0dba6 ;
time : 1482826436 ;
type : event ;
event : VIEW ;
tousername : gh_b1f7fee0dba6 ;
fromusername : oRPPWvps_LCf2grvL8ZPDP2AdozQ ;
createtime : 1482826436 ;
msgtype : event ;
eventkey : http://a233.sdsfshop.com/app/index.php?i=65&c=entry&do=guide&m=we7_wmall ;
menuid : 434129959 ;

2016-12-27 16:13:56 params :
------------
Array:
rule : -2 ;
module :  ;
message : Array ;

2016-12-27 16:13:56 response :
------------

2016-12-27 16:14:34 trace :
------------
Array:
from : oRPPWvps_LCf2grvL8ZPDP2AdozQ ;
to : gh_b1f7fee0dba6 ;
time : 1482826474 ;
type : event ;
event : VIEW ;
tousername : gh_b1f7fee0dba6 ;
fromusername : oRPPWvps_LCf2grvL8ZPDP2AdozQ ;
createtime : 1482826474 ;
msgtype : event ;
eventkey : http://a233.sdsfshop.com/app/index.php?i=65&c=entry&do=guide&m=we7_wmall ;
menuid : 434129959 ;

2016-12-27 16:14:34 params :
------------
Array:
rule : -2 ;
module :  ;
message : Array ;

2016-12-27 16:14:34 response :
------------

2016-12-27 16:30:00 trace :
------------
Array:
from : oRPPWvps_LCf2grvL8ZPDP2AdozQ ;
to : gh_b1f7fee0dba6 ;
time : 1482827399 ;
type : event ;
event : VIEW ;
tousername : gh_b1f7fee0dba6 ;
fromusername : oRPPWvps_LCf2grvL8ZPDP2AdozQ ;
createtime : 1482827399 ;
msgtype : event ;
eventkey : http://a233.sdsfshop.com/app/index.php?i=65&c=entry&do=guide&m=we7_wmall ;
menuid : 434129959 ;

2016-12-27 16:30:00 params :
------------
Array:
rule : -2 ;
module :  ;
message : Array ;

2016-12-27 16:30:00 response :
------------

2016-12-27 16:36:22 trace :
------------
Array:
from : oRPPWvps_LCf2grvL8ZPDP2AdozQ ;
to : gh_b1f7fee0dba6 ;
time : 1482827782 ;
type : event ;
event : VIEW ;
tousername : gh_b1f7fee0dba6 ;
fromusername : oRPPWvps_LCf2grvL8ZPDP2AdozQ ;
createtime : 1482827782 ;
msgtype : event ;
eventkey : http://a233.sdsfshop.com/app/index.php?i=65&c=entry&do=guide&m=we7_wmall ;
menuid : 434129959 ;

2016-12-27 16:36:22 params :
------------
Array:
rule : -2 ;
module :  ;
message : Array ;

2016-12-27 16:36:22 response :
------------

2016-12-27 16:38:13 trace :
------------
Array:
from : oRPPWvps_LCf2grvL8ZPDP2AdozQ ;
to : gh_b1f7fee0dba6 ;
time : 1482827893 ;
type : event ;
event : VIEW ;
tousername : gh_b1f7fee0dba6 ;
fromusername : oRPPWvps_LCf2grvL8ZPDP2AdozQ ;
createtime : 1482827893 ;
msgtype : event ;
eventkey : http://a233.sdsfshop.com/app/index.php?i=65&c=entry&do=guide&m=we7_wmall ;
menuid : 434129959 ;

2016-12-27 16:38:13 params :
------------
Array:
rule : -2 ;
module :  ;
message : Array ;

2016-12-27 16:38:13 response :
------------

2016-12-27 17:05:33 trace :
------------
Array:
from : oRPPWvps_LCf2grvL8ZPDP2AdozQ ;
to : gh_b1f7fee0dba6 ;
time : 1482829533 ;
type : event ;
event : VIEW ;
tousername : gh_b1f7fee0dba6 ;
fromusername : oRPPWvps_LCf2grvL8ZPDP2AdozQ ;
createtime : 1482829533 ;
msgtype : event ;
eventkey : http://a233.sdsfshop.com/app/index.php?i=65&c=entry&do=guide&m=we7_wmall ;
menuid : 434129959 ;

2016-12-27 17:05:33 params :
------------
Array:
rule : -2 ;
module :  ;
message : Array ;

2016-12-27 17:05:33 response :
------------

2016-12-27 18:04:38 trace :
------------
Array:
from : oRPPWvmbBiNpKKFESRe65pX0-UmI ;
to : gh_b1f7fee0dba6 ;
time : 1482833078 ;
type : event ;
event : VIEW ;
tousername : gh_b1f7fee0dba6 ;
fromusername : oRPPWvmbBiNpKKFESRe65pX0-UmI ;
createtime : 1482833078 ;
msgtype : event ;
eventkey : http://a233.sdsfshop.com/app/index.php?i=65&c=entry&do=guide&m=we7_wmall ;
menuid : 434129959 ;

2016-12-27 18:04:38 params :
------------
Array:
rule : -2 ;
module :  ;
message : Array ;

2016-12-27 18:04:38 response :
------------

2016-12-27 18:16:37 trace :
------------
Array:
from : oRPPWvmbBiNpKKFESRe65pX0-UmI ;
to : gh_b1f7fee0dba6 ;
time : 1482833797 ;
type : event ;
event : VIEW ;
tousername : gh_b1f7fee0dba6 ;
fromusername : oRPPWvmbBiNpKKFESRe65pX0-UmI ;
createtime : 1482833797 ;
msgtype : event ;
eventkey : http://a233.sdsfshop.com/app/index.php?i=65&c=entry&do=guide&m=we7_wmall ;
menuid : 434129959 ;

2016-12-27 18:16:37 params :
------------
Array:
rule : -2 ;
module :  ;
message : Array ;

2016-12-27 18:16:37 response :
------------

2016-12-27 18:20:50 trace :
------------
Array:
from : oRPPWvmbBiNpKKFESRe65pX0-UmI ;
to : gh_b1f7fee0dba6 ;
time : 1482834050 ;
type : event ;
event : VIEW ;
tousername : gh_b1f7fee0dba6 ;
fromusername : oRPPWvmbBiNpKKFESRe65pX0-UmI ;
createtime : 1482834050 ;
msgtype : event ;
eventkey : http://a233.sdsfshop.com/app/index.php?i=65&c=entry&do=guide&m=we7_wmall ;
menuid : 434129959 ;

2016-12-27 18:20:50 params :
------------
Array:
rule : -2 ;
module :  ;
message : Array ;

2016-12-27 18:20:50 response :
------------

2016-12-27 18:21:52 trace :
------------
Array:
from : oRPPWvmbBiNpKKFESRe65pX0-UmI ;
to : gh_b1f7fee0dba6 ;
time : 1482834112 ;
type : event ;
event : VIEW ;
tousername : gh_b1f7fee0dba6 ;
fromusername : oRPPWvmbBiNpKKFESRe65pX0-UmI ;
createtime : 1482834112 ;
msgtype : event ;
eventkey : http://a233.sdsfshop.com/app/index.php?i=65&c=entry&do=guide&m=we7_wmall ;
menuid : 434129959 ;

2016-12-27 18:21:52 params :
------------
Array:
rule : -2 ;
module :  ;
message : Array ;

2016-12-27 18:21:52 response :
------------

2016-12-27 18:21:52 trace :
------------
Array:
from : oRPPWvmbBiNpKKFESRe65pX0-UmI ;
to : gh_b1f7fee0dba6 ;
time : 1482834112 ;
type : event ;
event : VIEW ;
tousername : gh_b1f7fee0dba6 ;
fromusername : oRPPWvmbBiNpKKFESRe65pX0-UmI ;
createtime : 1482834112 ;
msgtype : event ;
eventkey : http://a233.sdsfshop.com/app/index.php?i=65&c=entry&do=guide&m=we7_wmall ;
menuid : 434129959 ;

2016-12-27 18:21:52 params :
------------
Array:
rule : -2 ;
module :  ;
message : Array ;

2016-12-27 18:21:52 response :
------------

2016-12-27 18:21:52 trace :
------------
Array:
from : oRPPWvmbBiNpKKFESRe65pX0-UmI ;
to : gh_b1f7fee0dba6 ;
time : 1482834112 ;
type : event ;
event : VIEW ;
tousername : gh_b1f7fee0dba6 ;
fromusername : oRPPWvmbBiNpKKFESRe65pX0-UmI ;
createtime : 1482834112 ;
msgtype : event ;
eventkey : http://a233.sdsfshop.com/app/index.php?i=65&c=entry&do=guide&m=we7_wmall ;
menuid : 434129959 ;

2016-12-27 18:21:52 params :
------------
Array:
rule : -2 ;
module :  ;
message : Array ;

2016-12-27 18:21:52 response :
------------

2016-12-27 18:21:53 trace :
------------
Array:
from : oRPPWvmbBiNpKKFESRe65pX0-UmI ;
to : gh_b1f7fee0dba6 ;
time : 1482834113 ;
type : event ;
event : VIEW ;
tousername : gh_b1f7fee0dba6 ;
fromusername : oRPPWvmbBiNpKKFESRe65pX0-UmI ;
createtime : 1482834113 ;
msgtype : event ;
eventkey : http://a233.sdsfshop.com/app/index.php?i=65&c=entry&do=guide&m=we7_wmall ;
menuid : 434129959 ;

2016-12-27 18:21:53 params :
------------
Array:
rule : -2 ;
module :  ;
message : Array ;

2016-12-27 18:21:53 response :
------------

2016-12-27 18:59:18 trace :
------------
Array:
from : oRPPWvmbBiNpKKFESRe65pX0-UmI ;
to : gh_b1f7fee0dba6 ;
time : 1482836358 ;
type : event ;
event : VIEW ;
tousername : gh_b1f7fee0dba6 ;
fromusername : oRPPWvmbBiNpKKFESRe65pX0-UmI ;
createtime : 1482836358 ;
msgtype : event ;
eventkey : http://a233.sdsfshop.com/app/index.php?i=65&c=entry&do=guide&m=we7_wmall ;
menuid : 434129959 ;

2016-12-27 18:59:18 params :
------------
Array:
rule : -2 ;
module :  ;
message : Array ;

2016-12-27 18:59:18 response :
------------

2016-12-27 20:01:55 trace :
------------
Array:
from : oRPPWvhiE-I8_M_24k1_Vh_mEog4 ;
to : gh_b1f7fee0dba6 ;
time : 1482840115 ;
type : event ;
event : VIEW ;
tousername : gh_b1f7fee0dba6 ;
fromusername : oRPPWvhiE-I8_M_24k1_Vh_mEog4 ;
createtime : 1482840115 ;
msgtype : event ;
eventkey : http://a233.sdsfshop.com/app/index.php?i=65&c=entry&do=guide&m=we7_wmall ;
menuid : 434129959 ;

2016-12-27 20:01:55 params :
------------
Array:
rule : -2 ;
module :  ;
message : Array ;

2016-12-27 20:01:55 response :
------------

