2016-03-09 10:00:21 trace :
------------
Array:
from : oWqRdwSrXQDwCInWXxVeOJynMmDM ;
to : gh_4be38e8ae9cd ;
time : 1457488841 ;
type : event ;
event : VIEW ;
tousername : gh_4be38e8ae9cd ;
fromusername : oWqRdwSrXQDwCInWXxVeOJynMmDM ;
createtime : 1457488841 ;
msgtype : event ;
eventkey : http://we7.cc/app/index.php?i=15&c=entry&eid=101 ;
menuid : 636085160 ;

2016-03-09 10:00:21 params :
------------
Array:
rule : -2 ;
module :  ;
message : Array ;

2016-03-09 10:00:21 response :
------------

2016-03-09 19:50:00 trace :
------------
Array:
from : oWqRdwSrXQDwCInWXxVeOJynMmDM ;
to : gh_4be38e8ae9cd ;
time : 1457524222 ;
type : event ;
event : VIEW ;
tousername : gh_4be38e8ae9cd ;
fromusername : oWqRdwSrXQDwCInWXxVeOJynMmDM ;
createtime : 1457524222 ;
msgtype : event ;
eventkey : http://we7.cc/app/index.php?i=15&c=entry&eid=101 ;
menuid : 636085160 ;

2016-03-09 19:50:00 params :
------------
Array:
rule : -2 ;
module :  ;
message : Array ;

2016-03-09 19:50:00 response :
------------

2016-03-09 20:22:53 trace :
------------
Array:
from : oWqRdwSrXQDwCInWXxVeOJynMmDM ;
to : gh_4be38e8ae9cd ;
time : 1457526195 ;
type : event ;
event : VIEW ;
tousername : gh_4be38e8ae9cd ;
fromusername : oWqRdwSrXQDwCInWXxVeOJynMmDM ;
createtime : 1457526195 ;
msgtype : event ;
eventkey : http://we7.cc/app/index.php?i=15&c=entry&eid=101 ;
menuid : 636085160 ;

2016-03-09 20:22:53 params :
------------
Array:
rule : -2 ;
module :  ;
message : Array ;

2016-03-09 20:22:53 response :
------------

2016-03-09 20:23:08 trace :
------------
Array:
from : oWqRdwSrXQDwCInWXxVeOJynMmDM ;
to : gh_4be38e8ae9cd ;
time : 1457526210 ;
type : event ;
event : VIEW ;
tousername : gh_4be38e8ae9cd ;
fromusername : oWqRdwSrXQDwCInWXxVeOJynMmDM ;
createtime : 1457526210 ;
msgtype : event ;
eventkey : http://we7.cc/app/index.php?i=15&c=entry&eid=101 ;
menuid : 636085160 ;

2016-03-09 20:23:08 params :
------------
Array:
rule : -2 ;
module :  ;
message : Array ;

2016-03-09 20:23:08 response :
------------

2016-03-09 20:29:17 trace :
------------
Array:
from : oWqRdwSrXQDwCInWXxVeOJynMmDM ;
to : gh_4be38e8ae9cd ;
time : 1457526579 ;
type : event ;
event : VIEW ;
tousername : gh_4be38e8ae9cd ;
fromusername : oWqRdwSrXQDwCInWXxVeOJynMmDM ;
createtime : 1457526579 ;
msgtype : event ;
eventkey : http://we7.cc/app/index.php?i=15&c=entry&eid=101 ;
menuid : 636085160 ;

2016-03-09 20:29:17 params :
------------
Array:
rule : -2 ;
module :  ;
message : Array ;

2016-03-09 20:29:17 response :
------------

