2016-02-22 13:06:16 trace :
------------
Array:
from : o7SFQs8og6RZzzFQ5-VxzpEEn6Pk ;
to : gh_f8ef5613cc37 ;
time : 1456117633 ;
type : event ;
event : VIEW ;
tousername : gh_f8ef5613cc37 ;
fromusername : o7SFQs8og6RZzzFQ5-VxzpEEn6Pk ;
createtime : 1456117633 ;
msgtype : event ;
eventkey : http://ws.mxnt.net/index.php?g=Wap&m=Index&a=lists&classid=368&token=yqxpxq1429233090 ;
menuid : 402333412 ;

2016-02-22 13:06:17 params :
------------
Array:
rule : -2 ;
module :  ;
message : Array ;

2016-02-22 13:06:17 response :
------------

2016-02-22 13:29:21 trace :
------------
Array:
from : o7SFQs8og6RZzzFQ5-VxzpEEn6Pk ;
to : gh_f8ef5613cc37 ;
time : 1456119020 ;
type : event ;
event : VIEW ;
tousername : gh_f8ef5613cc37 ;
fromusername : o7SFQs8og6RZzzFQ5-VxzpEEn6Pk ;
createtime : 1456119020 ;
msgtype : event ;
eventkey : http://ws.mxnt.net/index.php?g=Wap&m=Index&a=lists&classid=368&token=yqxpxq1429233090 ;
menuid : 402333412 ;

2016-02-22 13:29:21 params :
------------
Array:
rule : -2 ;
module :  ;
message : Array ;

2016-02-22 13:29:21 response :
------------

2016-02-22 13:45:44 trace :
------------
Array:
from : oTkNdwQ13N0PBDxgXHB_1-ziwXiI ;
to : gh_cf305f6ee642 ;
time : 1456120002 ;
type : text ;
event :  ;
tousername : gh_cf305f6ee642 ;
fromusername : oTkNdwQ13N0PBDxgXHB_1-ziwXiI ;
createtime : 1456120002 ;
msgtype : text ;
content : 转盘 ;
msgid : 6253987788042820766 ;
redirection :  ;
source :  ;

2016-02-22 13:45:44 params :
------------
Array:
message : Array ;
module : stonefish_bigwheel ;
rule : 122 ;
priority : 0 ;
keyword : Array ;

2016-02-22 13:45:44 response :
------------
Array:
FromUserName : gh_cf305f6ee642 ;
ToUserName : oTkNdwQ13N0PBDxgXHB_1-ziwXiI ;
MsgType : news ;
ArticleCount : 1 ;
Articles : Array ;

2016-02-22 13:49:43 trace :
------------
Array:
from : oTkNdwQ13N0PBDxgXHB_1-ziwXiI ;
to : gh_cf305f6ee642 ;
time : 1456120241 ;
type : text ;
event :  ;
tousername : gh_cf305f6ee642 ;
fromusername : oTkNdwQ13N0PBDxgXHB_1-ziwXiI ;
createtime : 1456120241 ;
msgtype : text ;
content : 1 ;
msgid : 6253988814540004531 ;
redirection :  ;
source :  ;

2016-02-22 13:49:43 params :
------------
Array:
message : Array ;
module : stonefish_bigwheel ;
rule : 127 ;
priority : 0 ;
keyword : Array ;

2016-02-22 13:49:43 response :
------------
Array:
FromUserName : gh_cf305f6ee642 ;
ToUserName : oTkNdwQ13N0PBDxgXHB_1-ziwXiI ;
MsgType : news ;
ArticleCount : 1 ;
Articles : Array ;

2016-02-22 13:50:17 trace :
------------
Array:
from : oTkNdwVTuKCoTmXebKxWJSmLhHOo ;
to : gh_cf305f6ee642 ;
time : 1456120275 ;
type : text ;
event :  ;
tousername : gh_cf305f6ee642 ;
fromusername : oTkNdwVTuKCoTmXebKxWJSmLhHOo ;
createtime : 1456120275 ;
msgtype : text ;
content : 1 ;
msgid : 6253988960568892601 ;
redirection :  ;
source :  ;

2016-02-22 13:50:17 params :
------------
Array:
message : Array ;
module : stonefish_bigwheel ;
rule : 127 ;
priority : 0 ;
keyword : Array ;

2016-02-22 13:50:17 response :
------------
Array:
FromUserName : gh_cf305f6ee642 ;
ToUserName : oTkNdwVTuKCoTmXebKxWJSmLhHOo ;
MsgType : news ;
ArticleCount : 1 ;
Articles : Array ;

2016-02-22 13:52:32 trace :
------------
Array:
from : oTkNdwQ13N0PBDxgXHB_1-ziwXiI ;
to : gh_cf305f6ee642 ;
time : 1456120410 ;
type : text ;
event :  ;
tousername : gh_cf305f6ee642 ;
fromusername : oTkNdwQ13N0PBDxgXHB_1-ziwXiI ;
createtime : 1456120410 ;
msgtype : text ;
content : 1 ;
msgid : 6253989540389477582 ;
redirection :  ;
source :  ;

2016-02-22 13:52:32 params :
------------
Array:
message : Array ;
module : stonefish_bigwheel ;
rule : 127 ;
priority : 0 ;
keyword : Array ;

2016-02-22 13:52:32 response :
------------
Array:
FromUserName : gh_cf305f6ee642 ;
ToUserName : oTkNdwQ13N0PBDxgXHB_1-ziwXiI ;
MsgType : news ;
ArticleCount : 1 ;
Articles : Array ;

2016-02-22 13:52:32 trace :
------------
Array:
from : oTkNdwVTuKCoTmXebKxWJSmLhHOo ;
to : gh_cf305f6ee642 ;
time : 1456120410 ;
type : text ;
event :  ;
tousername : gh_cf305f6ee642 ;
fromusername : oTkNdwVTuKCoTmXebKxWJSmLhHOo ;
createtime : 1456120410 ;
msgtype : text ;
content : 1 ;
msgid : 6253989540389477583 ;
redirection :  ;
source :  ;

2016-02-22 13:52:32 params :
------------
Array:
message : Array ;
module : stonefish_bigwheel ;
rule : 127 ;
priority : 0 ;
keyword : Array ;

2016-02-22 13:52:32 response :
------------
Array:
FromUserName : gh_cf305f6ee642 ;
ToUserName : oTkNdwVTuKCoTmXebKxWJSmLhHOo ;
MsgType : news ;
ArticleCount : 1 ;
Articles : Array ;

2016-02-22 13:55:36 trace :
------------
Array:
from : oTkNdwfcbkmL1qqIXGE2sD5lX_Is ;
to : gh_cf305f6ee642 ;
time : 1456120594 ;
type : text ;
event :  ;
tousername : gh_cf305f6ee642 ;
fromusername : oTkNdwfcbkmL1qqIXGE2sD5lX_Is ;
createtime : 1456120594 ;
msgtype : text ;
content : 1 ;
msgid : 6253990330663460104 ;
redirection :  ;
source :  ;

2016-02-22 13:55:36 params :
------------
Array:
message : Array ;
module : stonefish_bigwheel ;
rule : 127 ;
priority : 0 ;
keyword : Array ;

2016-02-22 13:55:36 response :
------------
Array:
FromUserName : gh_cf305f6ee642 ;
ToUserName : oTkNdwfcbkmL1qqIXGE2sD5lX_Is ;
MsgType : news ;
ArticleCount : 1 ;
Articles : Array ;

2016-02-22 14:10:11 trace :
------------
Array:
from : oTkNdwdkQ1K6wH3MrgqIs_lIOPb0 ;
to : gh_cf305f6ee642 ;
time : 1456121469 ;
type : text ;
event :  ;
tousername : gh_cf305f6ee642 ;
fromusername : oTkNdwdkQ1K6wH3MrgqIs_lIOPb0 ;
createtime : 1456121469 ;
msgtype : text ;
content : 1 ;
msgid : 6253994088759844247 ;
redirection :  ;
source :  ;

2016-02-22 14:10:11 params :
------------
Array:
rule : -2 ;
module :  ;
message : Array ;

2016-02-22 14:10:11 response :
------------

2016-02-22 14:10:11 trace :
------------
Array:
from : oTkNdwdkQ1K6wH3MrgqIs_lIOPb0 ;
to : gh_cf305f6ee642 ;
time : 1456121470 ;
type : text ;
event :  ;
tousername : gh_cf305f6ee642 ;
fromusername : oTkNdwdkQ1K6wH3MrgqIs_lIOPb0 ;
createtime : 1456121470 ;
msgtype : text ;
content : 1 ;
msgid : 6253994093054811544 ;
redirection :  ;
source :  ;

2016-02-22 14:10:12 params :
------------
Array:
rule : -2 ;
module :  ;
message : Array ;

2016-02-22 14:10:12 response :
------------

2016-02-22 14:10:12 trace :
------------
Array:
from : oTkNdwdkQ1K6wH3MrgqIs_lIOPb0 ;
to : gh_cf305f6ee642 ;
time : 1456121470 ;
type : text ;
event :  ;
tousername : gh_cf305f6ee642 ;
fromusername : oTkNdwdkQ1K6wH3MrgqIs_lIOPb0 ;
createtime : 1456121470 ;
msgtype : text ;
content : 1 ;
msgid : 6253994093054811545 ;
redirection :  ;
source :  ;

2016-02-22 14:10:12 params :
------------
Array:
rule : -2 ;
module :  ;
message : Array ;

2016-02-22 14:10:12 response :
------------

2016-02-22 14:10:12 trace :
------------
Array:
from : oTkNdwdkQ1K6wH3MrgqIs_lIOPb0 ;
to : gh_cf305f6ee642 ;
time : 1456121470 ;
type : text ;
event :  ;
tousername : gh_cf305f6ee642 ;
fromusername : oTkNdwdkQ1K6wH3MrgqIs_lIOPb0 ;
createtime : 1456121470 ;
msgtype : text ;
content : 1 ;
msgid : 6253994093054811546 ;
redirection :  ;
source :  ;

2016-02-22 14:10:12 params :
------------
Array:
rule : -2 ;
module :  ;
message : Array ;

2016-02-22 14:10:12 response :
------------

2016-02-22 14:10:13 trace :
------------
Array:
from : oTkNdwdkQ1K6wH3MrgqIs_lIOPb0 ;
to : gh_cf305f6ee642 ;
time : 1456121471 ;
type : text ;
event :  ;
tousername : gh_cf305f6ee642 ;
fromusername : oTkNdwdkQ1K6wH3MrgqIs_lIOPb0 ;
createtime : 1456121471 ;
msgtype : text ;
content : 1 ;
msgid : 6253994097349778843 ;
redirection :  ;
source :  ;

2016-02-22 14:10:13 params :
------------
Array:
rule : -2 ;
module :  ;
message : Array ;

2016-02-22 14:10:13 response :
------------

2016-02-22 14:10:13 trace :
------------
Array:
from : oTkNdwdkQ1K6wH3MrgqIs_lIOPb0 ;
to : gh_cf305f6ee642 ;
time : 1456121471 ;
type : text ;
event :  ;
tousername : gh_cf305f6ee642 ;
fromusername : oTkNdwdkQ1K6wH3MrgqIs_lIOPb0 ;
createtime : 1456121471 ;
msgtype : text ;
content : 1 ;
msgid : 6253994097349778844 ;
redirection :  ;
source :  ;

2016-02-22 14:10:13 params :
------------
Array:
rule : -2 ;
module :  ;
message : Array ;

2016-02-22 14:10:13 response :
------------

2016-02-22 14:10:14 trace :
------------
Array:
from : oTkNdwdkQ1K6wH3MrgqIs_lIOPb0 ;
to : gh_cf305f6ee642 ;
time : 1456121472 ;
type : text ;
event :  ;
tousername : gh_cf305f6ee642 ;
fromusername : oTkNdwdkQ1K6wH3MrgqIs_lIOPb0 ;
createtime : 1456121472 ;
msgtype : text ;
content : 1 ;
msgid : 6253994101644746141 ;
redirection :  ;
source :  ;

2016-02-22 14:10:14 params :
------------
Array:
rule : -2 ;
module :  ;
message : Array ;

2016-02-22 14:10:14 response :
------------

2016-02-22 14:10:14 trace :
------------
Array:
from : oTkNdwdkQ1K6wH3MrgqIs_lIOPb0 ;
to : gh_cf305f6ee642 ;
time : 1456121472 ;
type : text ;
event :  ;
tousername : gh_cf305f6ee642 ;
fromusername : oTkNdwdkQ1K6wH3MrgqIs_lIOPb0 ;
createtime : 1456121472 ;
msgtype : text ;
content : 1 ;
msgid : 6253994101644746142 ;
redirection :  ;
source :  ;

2016-02-22 14:10:14 params :
------------
Array:
rule : -2 ;
module :  ;
message : Array ;

2016-02-22 14:10:14 response :
------------

2016-02-22 14:10:15 trace :
------------
Array:
from : oTkNdwdkQ1K6wH3MrgqIs_lIOPb0 ;
to : gh_cf305f6ee642 ;
time : 1456121473 ;
type : text ;
event :  ;
tousername : gh_cf305f6ee642 ;
fromusername : oTkNdwdkQ1K6wH3MrgqIs_lIOPb0 ;
createtime : 1456121473 ;
msgtype : text ;
content : 1 ;
msgid : 6253994105939713439 ;
redirection :  ;
source :  ;

2016-02-22 14:10:15 params :
------------
Array:
rule : -2 ;
module :  ;
message : Array ;

2016-02-22 14:10:15 response :
------------

2016-02-22 14:10:16 trace :
------------
Array:
from : oTkNdwdkQ1K6wH3MrgqIs_lIOPb0 ;
to : gh_cf305f6ee642 ;
time : 1456121474 ;
type : text ;
event :  ;
tousername : gh_cf305f6ee642 ;
fromusername : oTkNdwdkQ1K6wH3MrgqIs_lIOPb0 ;
createtime : 1456121474 ;
msgtype : text ;
content : 1 ;
msgid : 6253994110234680736 ;
redirection :  ;
source :  ;

2016-02-22 14:10:16 params :
------------
Array:
rule : -2 ;
module :  ;
message : Array ;

2016-02-22 14:10:16 response :
------------

2016-02-22 14:10:16 trace :
------------
Array:
from : oTkNdwdkQ1K6wH3MrgqIs_lIOPb0 ;
to : gh_cf305f6ee642 ;
time : 1456121475 ;
type : text ;
event :  ;
tousername : gh_cf305f6ee642 ;
fromusername : oTkNdwdkQ1K6wH3MrgqIs_lIOPb0 ;
createtime : 1456121475 ;
msgtype : text ;
content : 1 ;
msgid : 6253994114529648033 ;
redirection :  ;
source :  ;

2016-02-22 14:10:16 params :
------------
Array:
rule : -2 ;
module :  ;
message : Array ;

2016-02-22 14:10:16 response :
------------

2016-02-22 14:10:17 trace :
------------
Array:
from : oTkNdwdkQ1K6wH3MrgqIs_lIOPb0 ;
to : gh_cf305f6ee642 ;
time : 1456121475 ;
type : text ;
event :  ;
tousername : gh_cf305f6ee642 ;
fromusername : oTkNdwdkQ1K6wH3MrgqIs_lIOPb0 ;
createtime : 1456121475 ;
msgtype : text ;
content : 1 ;
msgid : 6253994114529648035 ;
redirection :  ;
source :  ;

2016-02-22 14:10:17 params :
------------
Array:
rule : -2 ;
module :  ;
message : Array ;

2016-02-22 14:10:17 response :
------------

2016-02-22 14:10:17 trace :
------------
Array:
from : oTkNdwdkQ1K6wH3MrgqIs_lIOPb0 ;
to : gh_cf305f6ee642 ;
time : 1456121475 ;
type : text ;
event :  ;
tousername : gh_cf305f6ee642 ;
fromusername : oTkNdwdkQ1K6wH3MrgqIs_lIOPb0 ;
createtime : 1456121475 ;
msgtype : text ;
content : 1 ;
msgid : 6253994114529648036 ;
redirection :  ;
source :  ;

2016-02-22 14:10:17 params :
------------
Array:
rule : -2 ;
module :  ;
message : Array ;

2016-02-22 14:10:17 response :
------------

2016-02-22 14:10:18 trace :
------------
Array:
from : oTkNdwdkQ1K6wH3MrgqIs_lIOPb0 ;
to : gh_cf305f6ee642 ;
time : 1456121476 ;
type : text ;
event :  ;
tousername : gh_cf305f6ee642 ;
fromusername : oTkNdwdkQ1K6wH3MrgqIs_lIOPb0 ;
createtime : 1456121476 ;
msgtype : text ;
content : 1 ;
msgid : 6253994118824615333 ;
redirection :  ;
source :  ;

2016-02-22 14:10:18 params :
------------
Array:
rule : -2 ;
module :  ;
message : Array ;

2016-02-22 14:10:18 response :
------------

2016-02-22 14:10:18 trace :
------------
Array:
from : oTkNdwdkQ1K6wH3MrgqIs_lIOPb0 ;
to : gh_cf305f6ee642 ;
time : 1456121476 ;
type : text ;
event :  ;
tousername : gh_cf305f6ee642 ;
fromusername : oTkNdwdkQ1K6wH3MrgqIs_lIOPb0 ;
createtime : 1456121476 ;
msgtype : text ;
content : 1 ;
msgid : 6253994118824615334 ;
redirection :  ;
source :  ;

2016-02-22 14:10:18 params :
------------
Array:
rule : -2 ;
module :  ;
message : Array ;

2016-02-22 14:10:18 response :
------------

2016-02-22 14:10:18 trace :
------------
Array:
from : oTkNdwdkQ1K6wH3MrgqIs_lIOPb0 ;
to : gh_cf305f6ee642 ;
time : 1456121476 ;
type : text ;
event :  ;
tousername : gh_cf305f6ee642 ;
fromusername : oTkNdwdkQ1K6wH3MrgqIs_lIOPb0 ;
createtime : 1456121476 ;
msgtype : text ;
content : 1 ;
msgid : 6253994118824615335 ;
redirection :  ;
source :  ;

2016-02-22 14:10:18 params :
------------
Array:
rule : -2 ;
module :  ;
message : Array ;

2016-02-22 14:10:18 response :
------------

2016-02-22 14:10:18 trace :
------------
Array:
from : oTkNdwdkQ1K6wH3MrgqIs_lIOPb0 ;
to : gh_cf305f6ee642 ;
time : 1456121477 ;
type : text ;
event :  ;
tousername : gh_cf305f6ee642 ;
fromusername : oTkNdwdkQ1K6wH3MrgqIs_lIOPb0 ;
createtime : 1456121477 ;
msgtype : text ;
content : 1 ;
msgid : 6253994123119582632 ;
redirection :  ;
source :  ;

2016-02-22 14:10:18 params :
------------
Array:
rule : -2 ;
module :  ;
message : Array ;

2016-02-22 14:10:18 response :
------------

2016-02-22 14:10:19 trace :
------------
Array:
from : oTkNdwdkQ1K6wH3MrgqIs_lIOPb0 ;
to : gh_cf305f6ee642 ;
time : 1456121477 ;
type : text ;
event :  ;
tousername : gh_cf305f6ee642 ;
fromusername : oTkNdwdkQ1K6wH3MrgqIs_lIOPb0 ;
createtime : 1456121477 ;
msgtype : text ;
content : 1 ;
msgid : 6253994123119582633 ;
redirection :  ;
source :  ;

2016-02-22 14:10:19 params :
------------
Array:
rule : -2 ;
module :  ;
message : Array ;

2016-02-22 14:10:19 response :
------------

2016-02-22 14:14:52 trace :
------------
Array:
from : oTkNdwXla6iIIbQGRFwefWL9w3TE ;
to : gh_cf305f6ee642 ;
time : 1456121750 ;
type : text ;
event :  ;
tousername : gh_cf305f6ee642 ;
fromusername : oTkNdwXla6iIIbQGRFwefWL9w3TE ;
createtime : 1456121750 ;
msgtype : text ;
content : 1 ;
msgid : 6253995295645654481 ;
redirection :  ;
source :  ;

2016-02-22 14:14:52 params :
------------
Array:
rule : -2 ;
module :  ;
message : Array ;

2016-02-22 14:14:52 response :
------------

2016-02-22 14:20:27 trace :
------------
Array:
from : oTkNdwfcbkmL1qqIXGE2sD5lX_Is ;
to : gh_cf305f6ee642 ;
time : 1456122084 ;
type : text ;
event :  ;
tousername : gh_cf305f6ee642 ;
fromusername : oTkNdwfcbkmL1qqIXGE2sD5lX_Is ;
createtime : 1456122084 ;
msgtype : text ;
content : 1 ;
msgid : 6253996730164731377 ;
redirection :  ;
source :  ;

2016-02-22 14:20:27 params :
------------
Array:
message : Array ;
module : stonefish_bigwheel ;
rule : 128 ;
priority : 0 ;
keyword : Array ;

2016-02-22 14:20:27 response :
------------
Array:
FromUserName : gh_cf305f6ee642 ;
ToUserName : oTkNdwfcbkmL1qqIXGE2sD5lX_Is ;
MsgType : news ;
ArticleCount : 1 ;
Articles : Array ;

2016-02-22 14:21:23 trace :
------------
Array:
from : oTkNdwfcbkmL1qqIXGE2sD5lX_Is ;
to : gh_cf305f6ee642 ;
time : 1456122141 ;
type : text ;
event :  ;
tousername : gh_cf305f6ee642 ;
fromusername : oTkNdwfcbkmL1qqIXGE2sD5lX_Is ;
createtime : 1456122141 ;
msgtype : text ;
content : 1 ;
msgid : 6253996974977867256 ;
redirection :  ;
source :  ;

2016-02-22 14:21:23 params :
------------
Array:
message : Array ;
module : stonefish_bigwheel ;
rule : 128 ;
priority : 0 ;
keyword : Array ;

2016-02-22 14:21:23 response :
------------
Array:
FromUserName : gh_cf305f6ee642 ;
ToUserName : oTkNdwfcbkmL1qqIXGE2sD5lX_Is ;
MsgType : news ;
ArticleCount : 1 ;
Articles : Array ;

2016-02-22 14:23:10 trace :
------------
Array:
from : oTkNdwfcbkmL1qqIXGE2sD5lX_Is ;
to : gh_cf305f6ee642 ;
time : 1456122249 ;
type : text ;
event :  ;
tousername : gh_cf305f6ee642 ;
fromusername : oTkNdwfcbkmL1qqIXGE2sD5lX_Is ;
createtime : 1456122249 ;
msgtype : text ;
content : 测试 ;
msgid : 6253997438834335242 ;
redirection :  ;
source :  ;

2016-02-22 14:23:10 params :
------------
Array:
rule : -2 ;
module :  ;
message : Array ;

2016-02-22 14:23:10 response :
------------

2016-02-22 14:23:44 trace :
------------
Array:
from : oTkNdwfcbkmL1qqIXGE2sD5lX_Is ;
to : gh_cf305f6ee642 ;
time : 1456122282 ;
type : text ;
event :  ;
tousername : gh_cf305f6ee642 ;
fromusername : oTkNdwfcbkmL1qqIXGE2sD5lX_Is ;
createtime : 1456122282 ;
msgtype : text ;
content : 蛋糕 ;
msgid : 6253997580568256019 ;
redirection :  ;
source :  ;

2016-02-22 14:23:44 params :
------------
Array:
rule : -2 ;
module :  ;
message : Array ;

2016-02-22 14:23:44 response :
------------

2016-02-22 14:24:04 trace :
------------
Array:
from : oTkNdwVTuKCoTmXebKxWJSmLhHOo ;
to : gh_cf305f6ee642 ;
time : 1456122302 ;
type : text ;
event :  ;
tousername : gh_cf305f6ee642 ;
fromusername : oTkNdwVTuKCoTmXebKxWJSmLhHOo ;
createtime : 1456122302 ;
msgtype : text ;
content : 1 ;
msgid : 6253997666467601942 ;
redirection :  ;
source :  ;

2016-02-22 14:24:04 params :
------------
Array:
message : Array ;
module : stonefish_bigwheel ;
rule : 128 ;
priority : 0 ;
keyword : Array ;

2016-02-22 14:24:04 response :
------------
Array:
FromUserName : gh_cf305f6ee642 ;
ToUserName : oTkNdwVTuKCoTmXebKxWJSmLhHOo ;
MsgType : news ;
ArticleCount : 1 ;
Articles : Array ;

2016-02-22 14:26:41 trace :
------------
Array:
from : oTkNdwfcbkmL1qqIXGE2sD5lX_Is ;
to : gh_cf305f6ee642 ;
time : 1456122459 ;
type : text ;
event :  ;
tousername : gh_cf305f6ee642 ;
fromusername : oTkNdwfcbkmL1qqIXGE2sD5lX_Is ;
createtime : 1456122459 ;
msgtype : text ;
content : 1 ;
msgid : 6253998340777467430 ;
redirection :  ;
source :  ;

2016-02-22 14:26:41 params :
------------
Array:
message : Array ;
module : mon_weishare ;
rule : 129 ;
priority : 0 ;
keyword : Array ;

2016-02-22 14:26:41 response :
------------
Array:
FromUserName : gh_cf305f6ee642 ;
ToUserName : oTkNdwfcbkmL1qqIXGE2sD5lX_Is ;
MsgType : news ;
ArticleCount : 1 ;
Articles : Array ;

2016-02-22 14:27:21 trace :
------------
Array:
from : oTkNdwfcbkmL1qqIXGE2sD5lX_Is ;
to : gh_cf305f6ee642 ;
time : 1456122500 ;
type : text ;
event :  ;
tousername : gh_cf305f6ee642 ;
fromusername : oTkNdwfcbkmL1qqIXGE2sD5lX_Is ;
createtime : 1456122500 ;
msgtype : text ;
content : 2 ;
msgid : 6253998516871126576 ;
redirection :  ;
source :  ;

2016-02-22 14:27:21 params :
------------
Array:
message : Array ;
module : mon_weishare ;
rule : 129 ;
priority : 0 ;
keyword : Array ;

2016-02-22 14:27:21 response :
------------
Array:
FromUserName : gh_cf305f6ee642 ;
ToUserName : oTkNdwfcbkmL1qqIXGE2sD5lX_Is ;
MsgType : news ;
ArticleCount : 1 ;
Articles : Array ;

2016-02-22 14:29:34 trace :
------------
Array:
from : oTkNdwfcbkmL1qqIXGE2sD5lX_Is ;
to : gh_cf305f6ee642 ;
time : 1456122632 ;
type : text ;
event :  ;
tousername : gh_cf305f6ee642 ;
fromusername : oTkNdwfcbkmL1qqIXGE2sD5lX_Is ;
createtime : 1456122632 ;
msgtype : text ;
content : 转发 ;
msgid : 6253999083806809666 ;
redirection :  ;
source :  ;

2016-02-22 14:29:34 params :
------------
Array:
rule : -2 ;
module :  ;
message : Array ;

2016-02-22 14:29:34 response :
------------

2016-02-22 14:29:57 trace :
------------
Array:
from : oTkNdwfcbkmL1qqIXGE2sD5lX_Is ;
to : gh_cf305f6ee642 ;
time : 1456122655 ;
type : text ;
event :  ;
tousername : gh_cf305f6ee642 ;
fromusername : oTkNdwfcbkmL1qqIXGE2sD5lX_Is ;
createtime : 1456122655 ;
msgtype : text ;
content : 1 ;
msgid : 6253999182591057478 ;
redirection :  ;
source :  ;

2016-02-22 14:29:57 params :
------------
Array:
message : Array ;
module : stonefish_bigwheel ;
rule : 128 ;
priority : 0 ;
keyword : Array ;

2016-02-22 14:29:57 response :
------------
Array:
FromUserName : gh_cf305f6ee642 ;
ToUserName : oTkNdwfcbkmL1qqIXGE2sD5lX_Is ;
MsgType : news ;
ArticleCount : 1 ;
Articles : Array ;

2016-02-22 14:31:29 trace :
------------
Array:
from : oTkNdwfcbkmL1qqIXGE2sD5lX_Is ;
to : gh_cf305f6ee642 ;
time : 1456122747 ;
type : text ;
event :  ;
tousername : gh_cf305f6ee642 ;
fromusername : oTkNdwfcbkmL1qqIXGE2sD5lX_Is ;
createtime : 1456122747 ;
msgtype : text ;
content : 微助力 ;
msgid : 6253999577728048724 ;
redirection :  ;
source :  ;

2016-02-22 14:31:29 params :
------------
Array:
rule : -2 ;
module :  ;
message : Array ;

2016-02-22 14:31:29 response :
------------

2016-02-22 14:45:40 trace :
------------
Array:
from : oTkNdwfcbkmL1qqIXGE2sD5lX_Is ;
to : gh_cf305f6ee642 ;
time : 1456123598 ;
type : text ;
event :  ;
tousername : gh_cf305f6ee642 ;
fromusername : oTkNdwfcbkmL1qqIXGE2sD5lX_Is ;
createtime : 1456123598 ;
msgtype : text ;
content : 微助力 ;
msgid : 6254003232745217767 ;
redirection :  ;
source :  ;

2016-02-22 14:45:40 params :
------------
Array:
rule : -2 ;
module :  ;
message : Array ;

2016-02-22 14:45:40 response :
------------

2016-02-22 14:45:54 trace :
------------
Array:
from : oTkNdwfcbkmL1qqIXGE2sD5lX_Is ;
to : gh_cf305f6ee642 ;
time : 1456123613 ;
type : text ;
event :  ;
tousername : gh_cf305f6ee642 ;
fromusername : oTkNdwfcbkmL1qqIXGE2sD5lX_Is ;
createtime : 1456123613 ;
msgtype : text ;
content : 转发拿大奖 ;
msgid : 6254003297169727208 ;
redirection :  ;
source :  ;

2016-02-22 14:45:54 params :
------------
Array:
message : Array ;
module : mon_weishare ;
rule : 130 ;
priority : 0 ;
keyword : Array ;

2016-02-22 14:45:54 response :
------------
Array:
FromUserName : gh_cf305f6ee642 ;
ToUserName : oTkNdwfcbkmL1qqIXGE2sD5lX_Is ;
MsgType : news ;
ArticleCount : 1 ;
Articles : Array ;

2016-02-22 14:53:46 trace :
------------
Array:
from : oTkNdwfcbkmL1qqIXGE2sD5lX_Is ;
to : gh_cf305f6ee642 ;
time : 1456124084 ;
type : text ;
event :  ;
tousername : gh_cf305f6ee642 ;
fromusername : oTkNdwfcbkmL1qqIXGE2sD5lX_Is ;
createtime : 1456124084 ;
msgtype : text ;
content : 微助力 ;
msgid : 6254005320099323697 ;
redirection :  ;
source :  ;

2016-02-22 14:53:46 params :
------------
Array:
message : Array ;
module : mon_weishare ;
rule : 130 ;
priority : 0 ;
keyword : Array ;

2016-02-22 14:53:46 response :
------------
Array:
FromUserName : gh_cf305f6ee642 ;
ToUserName : oTkNdwfcbkmL1qqIXGE2sD5lX_Is ;
MsgType : news ;
ArticleCount : 1 ;
Articles : Array ;

2016-02-22 15:35:06 trace :
------------
Array:
from : o7SFQs8og6RZzzFQ5-VxzpEEn6Pk ;
to : gh_f8ef5613cc37 ;
time : 1456126565 ;
type : event ;
event : VIEW ;
tousername : gh_f8ef5613cc37 ;
fromusername : o7SFQs8og6RZzzFQ5-VxzpEEn6Pk ;
createtime : 1456126565 ;
msgtype : event ;
eventkey : http://ws.mxnt.net/index.php?g=Wap&m=Index&a=lists&classid=368&token=yqxpxq1429233090 ;
menuid : 402333412 ;

2016-02-22 15:35:06 params :
------------
Array:
rule : -2 ;
module :  ;
message : Array ;

2016-02-22 15:35:06 response :
------------

2016-02-22 15:35:38 trace :
------------
Array:
from : o7SFQs8og6RZzzFQ5-VxzpEEn6Pk ;
to : gh_f8ef5613cc37 ;
time : 1456126596 ;
type : event ;
event : VIEW ;
tousername : gh_f8ef5613cc37 ;
fromusername : o7SFQs8og6RZzzFQ5-VxzpEEn6Pk ;
createtime : 1456126596 ;
msgtype : event ;
eventkey : http://ws.mxnt.net/index.php?g=Wap&m=Index&a=lists&classid=368&token=yqxpxq1429233090 ;
menuid : 402333412 ;

2016-02-22 15:35:38 params :
------------
Array:
rule : -2 ;
module :  ;
message : Array ;

2016-02-22 15:35:38 response :
------------

2016-02-22 15:37:54 trace :
------------
Array:
from : o7SFQs8og6RZzzFQ5-VxzpEEn6Pk ;
to : gh_f8ef5613cc37 ;
time : 1456126733 ;
type : event ;
event : VIEW ;
tousername : gh_f8ef5613cc37 ;
fromusername : o7SFQs8og6RZzzFQ5-VxzpEEn6Pk ;
createtime : 1456126733 ;
msgtype : event ;
eventkey : http://ws.mxnt.net/index.php?g=Wap&m=Index&a=lists&classid=368&token=yqxpxq1429233090 ;
menuid : 402333412 ;

2016-02-22 15:37:54 params :
------------
Array:
rule : -2 ;
module :  ;
message : Array ;

2016-02-22 15:37:54 response :
------------

2016-02-22 16:00:56 trace :
------------
Array:
from : o7SFQs8og6RZzzFQ5-VxzpEEn6Pk ;
to : gh_f8ef5613cc37 ;
time : 1456128114 ;
type : event ;
event : CLICK ;
tousername : gh_f8ef5613cc37 ;
fromusername : o7SFQs8og6RZzzFQ5-VxzpEEn6Pk ;
createtime : 1456128114 ;
msgtype : event ;
eventkey : 联系我们 ;

2016-02-22 16:00:56 params :
------------
Array:
rule : -2 ;
module :  ;
message : Array ;

2016-02-22 16:00:56 response :
------------

2016-02-22 16:01:05 trace :
------------
Array:
from : o7SFQs8og6RZzzFQ5-VxzpEEn6Pk ;
to : gh_f8ef5613cc37 ;
time : 1456128123 ;
type : event ;
event : CLICK ;
tousername : gh_f8ef5613cc37 ;
fromusername : o7SFQs8og6RZzzFQ5-VxzpEEn6Pk ;
createtime : 1456128123 ;
msgtype : event ;
eventkey : 家具常识 ;

2016-02-22 16:01:05 params :
------------
Array:
rule : -2 ;
module :  ;
message : Array ;

2016-02-22 16:01:05 response :
------------

2016-02-22 16:02:20 trace :
------------
Array:
from : o7SFQs8og6RZzzFQ5-VxzpEEn6Pk ;
to : gh_f8ef5613cc37 ;
time : 1456128199 ;
type : event ;
event : CLICK ;
tousername : gh_f8ef5613cc37 ;
fromusername : o7SFQs8og6RZzzFQ5-VxzpEEn6Pk ;
createtime : 1456128199 ;
msgtype : event ;
eventkey : 家具常识 ;

2016-02-22 16:02:20 params :
------------
Array:
rule : -2 ;
module :  ;
message : Array ;

2016-02-22 16:02:20 response :
------------

2016-02-22 16:03:50 trace :
------------
Array:
from : oTkNdwfcbkmL1qqIXGE2sD5lX_Is ;
to : gh_cf305f6ee642 ;
time : 1456128288 ;
type : text ;
event :  ;
tousername : gh_cf305f6ee642 ;
fromusername : oTkNdwfcbkmL1qqIXGE2sD5lX_Is ;
createtime : 1456128288 ;
msgtype : text ;
content : s ;
msgid : 6254023376141837665 ;
redirection :  ;
source :  ;

2016-02-22 16:03:50 params :
------------
Array:
rule : -2 ;
module :  ;
message : Array ;

2016-02-22 16:03:50 response :
------------

2016-02-22 16:03:54 trace :
------------
Array:
from : oTkNdwfcbkmL1qqIXGE2sD5lX_Is ;
to : gh_cf305f6ee642 ;
time : 1456128292 ;
type : text ;
event :  ;
tousername : gh_cf305f6ee642 ;
fromusername : oTkNdwfcbkmL1qqIXGE2sD5lX_Is ;
createtime : 1456128292 ;
msgtype : text ;
content : ss ;
msgid : 6254023393321706851 ;
redirection :  ;
source :  ;

2016-02-22 16:03:54 params :
------------
Array:
message : Array ;
module : cover ;
rule : 131 ;
priority : 0 ;
keyword : Array ;

2016-02-22 16:03:54 response :
------------
Array:
FromUserName : gh_cf305f6ee642 ;
ToUserName : oTkNdwfcbkmL1qqIXGE2sD5lX_Is ;
MsgType : news ;
ArticleCount : 1 ;
Articles : Array ;

2016-02-22 16:04:44 trace :
------------
Array:
from : oTkNdwfcbkmL1qqIXGE2sD5lX_Is ;
to : gh_cf305f6ee642 ;
time : 1456128342 ;
type : text ;
event :  ;
tousername : gh_cf305f6ee642 ;
fromusername : oTkNdwfcbkmL1qqIXGE2sD5lX_Is ;
createtime : 1456128342 ;
msgtype : text ;
content : ss ;
msgid : 6254023608070071661 ;
redirection :  ;
source :  ;

2016-02-22 16:04:44 params :
------------
Array:
message : Array ;
module : cover ;
rule : 131 ;
priority : 0 ;
keyword : Array ;

2016-02-22 16:04:44 response :
------------
Array:
FromUserName : gh_cf305f6ee642 ;
ToUserName : oTkNdwfcbkmL1qqIXGE2sD5lX_Is ;
MsgType : news ;
ArticleCount : 1 ;
Articles : Array ;

2016-02-22 16:05:05 trace :
------------
Array:
from : oTkNdwfcbkmL1qqIXGE2sD5lX_Is ;
to : gh_cf305f6ee642 ;
time : 1456128364 ;
type : text ;
event :  ;
tousername : gh_cf305f6ee642 ;
fromusername : oTkNdwfcbkmL1qqIXGE2sD5lX_Is ;
createtime : 1456128364 ;
msgtype : text ;
content : ss ;
msgid : 6254023702559352179 ;
redirection :  ;
source :  ;

2016-02-22 16:05:05 params :
------------
Array:
message : Array ;
module : cover ;
rule : 131 ;
priority : 0 ;
keyword : Array ;

2016-02-22 16:05:05 response :
------------
Array:
FromUserName : gh_cf305f6ee642 ;
ToUserName : oTkNdwfcbkmL1qqIXGE2sD5lX_Is ;
MsgType : news ;
ArticleCount : 1 ;
Articles : Array ;

2016-02-22 16:05:28 trace :
------------
Array:
from : oTkNdwfcbkmL1qqIXGE2sD5lX_Is ;
to : gh_cf305f6ee642 ;
time : 1456128387 ;
type : text ;
event :  ;
tousername : gh_cf305f6ee642 ;
fromusername : oTkNdwfcbkmL1qqIXGE2sD5lX_Is ;
createtime : 1456128387 ;
msgtype : text ;
content : ss ;
msgid : 6254023801343599999 ;
redirection :  ;
source :  ;

2016-02-22 16:05:28 params :
------------
Array:
message : Array ;
module : cover ;
rule : 131 ;
priority : 0 ;
keyword : Array ;

2016-02-22 16:05:28 response :
------------
Array:
FromUserName : gh_cf305f6ee642 ;
ToUserName : oTkNdwfcbkmL1qqIXGE2sD5lX_Is ;
MsgType : news ;
ArticleCount : 1 ;
Articles : Array ;

2016-02-22 16:05:41 trace :
------------
Array:
from : oTkNdwfcbkmL1qqIXGE2sD5lX_Is ;
to : gh_cf305f6ee642 ;
time : 1456128399 ;
type : text ;
event :  ;
tousername : gh_cf305f6ee642 ;
fromusername : oTkNdwfcbkmL1qqIXGE2sD5lX_Is ;
createtime : 1456128399 ;
msgtype : text ;
content : ss ;
msgid : 6254023852883207560 ;
redirection :  ;
source :  ;

2016-02-22 16:05:41 params :
------------
Array:
message : Array ;
module : cover ;
rule : 131 ;
priority : 0 ;
keyword : Array ;

2016-02-22 16:05:41 response :
------------
Array:
FromUserName : gh_cf305f6ee642 ;
ToUserName : oTkNdwfcbkmL1qqIXGE2sD5lX_Is ;
MsgType : news ;
ArticleCount : 1 ;
Articles : Array ;

2016-02-22 16:06:15 trace :
------------
Array:
from : oTkNdwfcbkmL1qqIXGE2sD5lX_Is ;
to : gh_cf305f6ee642 ;
time : 1456128433 ;
type : text ;
event :  ;
tousername : gh_cf305f6ee642 ;
fromusername : oTkNdwfcbkmL1qqIXGE2sD5lX_Is ;
createtime : 1456128433 ;
msgtype : text ;
content : ss ;
msgid : 6254023998912095650 ;
redirection :  ;
source :  ;

2016-02-22 16:06:15 params :
------------
Array:
message : Array ;
module : cover ;
rule : 131 ;
priority : 0 ;
keyword : Array ;

2016-02-22 16:06:15 response :
------------
Array:
FromUserName : gh_cf305f6ee642 ;
ToUserName : oTkNdwfcbkmL1qqIXGE2sD5lX_Is ;
MsgType : news ;
ArticleCount : 1 ;
Articles : Array ;

2016-02-22 16:56:10 trace :
------------
Array:
from : oTkNdwfcbkmL1qqIXGE2sD5lX_Is ;
to : gh_cf305f6ee642 ;
time : 1456131429 ;
type : text ;
event :  ;
tousername : gh_cf305f6ee642 ;
fromusername : oTkNdwfcbkmL1qqIXGE2sD5lX_Is ;
createtime : 1456131429 ;
msgtype : text ;
content : 微助力 ;
msgid : 6254036866634115039 ;
redirection :  ;
source :  ;

2016-02-22 16:56:10 params :
------------
Array:
message : Array ;
module : mon_weishare ;
rule : 130 ;
priority : 0 ;
keyword : Array ;

2016-02-22 16:56:10 response :
------------
Array:
FromUserName : gh_cf305f6ee642 ;
ToUserName : oTkNdwfcbkmL1qqIXGE2sD5lX_Is ;
MsgType : news ;
ArticleCount : 1 ;
Articles : Array ;

2016-02-22 21:37:15 trace :
------------
Array:
from : o7SFQsz8-U_fGRzgwpngPSLnrfOY ;
to : gh_f8ef5613cc37 ;
time : 1456148294 ;
type : event ;
event : CLICK ;
tousername : gh_f8ef5613cc37 ;
fromusername : o7SFQsz8-U_fGRzgwpngPSLnrfOY ;
createtime : 1456148294 ;
msgtype : event ;
eventkey : 实木系列 ;

2016-02-22 21:37:15 params :
------------
Array:
rule : -2 ;
module :  ;
message : Array ;

2016-02-22 21:37:15 response :
------------

