2016-03-03 08:28:51 trace :
------------
Array:
from : oWqRdwSrXQDwCInWXxVeOJynMmDM ;
to : gh_4be38e8ae9cd ;
time : 1456965010 ;
type : event ;
event : VIEW ;
tousername : gh_4be38e8ae9cd ;
fromusername : oWqRdwSrXQDwCInWXxVeOJynMmDM ;
createtime : 1456965010 ;
msgtype : event ;
eventkey : http://we7.cc/app/index.php?i=15&c=entry&eid=105 ;
menuid : 635813399 ;

2016-03-03 08:28:51 params :
------------
Array:
rule : -2 ;
module :  ;
message : Array ;

2016-03-03 08:28:51 response :
------------

2016-03-03 13:28:13 trace :
------------
Array:
from : oTkNdwQdeUMdcYC9nclYHbdxoV90 ;
to : gh_cf305f6ee642 ;
time : 1456982973 ;
type : event ;
event : ShakearoundUserShake ;
tousername : gh_cf305f6ee642 ;
fromusername : oTkNdwQdeUMdcYC9nclYHbdxoV90 ;
createtime : 1456982973 ;
msgtype : event ;
chosenbeacon :  ;
aroundbeacons :  ;
chosenpageid : 1839779 ;

2016-03-03 13:28:13 params :
------------
Array:
rule : -2 ;
module :  ;
message : Array ;

2016-03-03 13:28:13 response :
------------

2016-03-03 17:50:57 trace :
------------
Array:
from : oWqRdwSrXQDwCInWXxVeOJynMmDM ;
to : gh_4be38e8ae9cd ;
time : 1456998738 ;
type : event ;
event : VIEW ;
tousername : gh_4be38e8ae9cd ;
fromusername : oWqRdwSrXQDwCInWXxVeOJynMmDM ;
createtime : 1456998738 ;
msgtype : event ;
eventkey : http://we7.cc/app/index.php?i=15&c=entry&eid=101 ;
menuid : 635813399 ;

2016-03-03 17:50:58 params :
------------
Array:
rule : -2 ;
module :  ;
message : Array ;

2016-03-03 17:50:58 response :
------------

2016-03-03 19:45:12 trace :
------------
Array:
from : ov-0juGdsnznJEVllsDIJgu8qRIw ;
to : gh_2c27a8e247f9 ;
time : 1457005592 ;
type : event ;
event : VIEW ;
tousername : gh_2c27a8e247f9 ;
fromusername : ov-0juGdsnznJEVllsDIJgu8qRIw ;
createtime : 1457005592 ;
msgtype : event ;
eventkey : http://wsbf.915911.com/index.php?g=App&m=Index&a=fensi ;
menuid : 208916756 ;

2016-03-03 19:45:12 params :
------------
Array:
rule : -2 ;
module :  ;
message : Array ;

2016-03-03 19:45:12 response :
------------

2016-03-03 20:47:57 trace :
------------
Array:
from : o7SFQs_ug4yurI1w9EFtskkoflyk ;
to : gh_f8ef5613cc37 ;
time : 1457009357 ;
type : event ;
event : CLICK ;
tousername : gh_f8ef5613cc37 ;
fromusername : o7SFQs_ug4yurI1w9EFtskkoflyk ;
createtime : 1457009357 ;
msgtype : event ;
eventkey : 首页 ;

2016-03-03 20:47:57 params :
------------
Array:
rule : -2 ;
module :  ;
message : Array ;

2016-03-03 20:47:57 response :
------------

2016-03-03 20:48:00 trace :
------------
Array:
from : o7SFQs_ug4yurI1w9EFtskkoflyk ;
to : gh_f8ef5613cc37 ;
time : 1457009361 ;
type : event ;
event : CLICK ;
tousername : gh_f8ef5613cc37 ;
fromusername : o7SFQs_ug4yurI1w9EFtskkoflyk ;
createtime : 1457009361 ;
msgtype : event ;
eventkey : 实木系列 ;

2016-03-03 20:48:00 params :
------------
Array:
rule : -2 ;
module :  ;
message : Array ;

2016-03-03 20:48:00 response :
------------

2016-03-03 20:48:02 trace :
------------
Array:
from : o7SFQs_ug4yurI1w9EFtskkoflyk ;
to : gh_f8ef5613cc37 ;
time : 1457009363 ;
type : event ;
event : VIEW ;
tousername : gh_f8ef5613cc37 ;
fromusername : o7SFQs_ug4yurI1w9EFtskkoflyk ;
createtime : 1457009363 ;
msgtype : event ;
eventkey : http://ws.mxnt.net/index.php?g=Wap&m=Index&a=lists&classid=368&token=yqxpxq1429233090 ;
menuid : 402333412 ;

2016-03-03 20:48:02 params :
------------
Array:
rule : -2 ;
module :  ;
message : Array ;

2016-03-03 20:48:02 response :
------------

2016-03-03 20:48:10 trace :
------------
Array:
from : o7SFQs_ug4yurI1w9EFtskkoflyk ;
to : gh_f8ef5613cc37 ;
time : 1457009370 ;
type : event ;
event : CLICK ;
tousername : gh_f8ef5613cc37 ;
fromusername : o7SFQs_ug4yurI1w9EFtskkoflyk ;
createtime : 1457009370 ;
msgtype : event ;
eventkey : 首页 ;

2016-03-03 20:48:10 params :
------------
Array:
rule : -2 ;
module :  ;
message : Array ;

2016-03-03 20:48:10 response :
------------

2016-03-03 20:48:13 trace :
------------
Array:
from : o7SFQs_ug4yurI1w9EFtskkoflyk ;
to : gh_f8ef5613cc37 ;
time : 1457009374 ;
type : event ;
event : CLICK ;
tousername : gh_f8ef5613cc37 ;
fromusername : o7SFQs_ug4yurI1w9EFtskkoflyk ;
createtime : 1457009374 ;
msgtype : event ;
eventkey : 实木系列 ;

2016-03-03 20:48:13 params :
------------
Array:
rule : -2 ;
module :  ;
message : Array ;

2016-03-03 20:48:13 response :
------------

