2016-02-24 10:12:14 trace :
------------
Array:
from : oTkNdwZXctvXD2bwyoVMtU5yhlTE ;
to : gh_cf305f6ee642 ;
time : 1456279995 ;
type : event ;
event : subscribe ;
tousername : gh_cf305f6ee642 ;
fromusername : oTkNdwZXctvXD2bwyoVMtU5yhlTE ;
createtime : 1456279995 ;
msgtype : event ;
eventkey :  ;

2016-02-24 10:12:14 params :
------------
Array:
message : Array ;
module : czt_subscribe_redpack ;
rule : 113 ;
priority : 0 ;
keyword : Array ;

2016-02-24 10:12:14 response :
------------
Array:
FromUserName : gh_cf305f6ee642 ;
ToUserName : oTkNdwZXctvXD2bwyoVMtU5yhlTE ;
MsgType : text ;
Content : 活动已经结束了！ ;

2016-02-24 10:33:38 trace :
------------
Array:
from : o7SFQs1gdvxZAQMy_wJB9S7GBYwg ;
to : gh_f8ef5613cc37 ;
time : 1456281279 ;
type : event ;
event : CLICK ;
tousername : gh_f8ef5613cc37 ;
fromusername : o7SFQs1gdvxZAQMy_wJB9S7GBYwg ;
createtime : 1456281279 ;
msgtype : event ;
eventkey : 新品发布 ;

2016-02-24 10:33:38 params :
------------
Array:
rule : -2 ;
module :  ;
message : Array ;

2016-02-24 10:33:38 response :
------------

2016-02-24 10:33:44 trace :
------------
Array:
from : o7SFQs1gdvxZAQMy_wJB9S7GBYwg ;
to : gh_f8ef5613cc37 ;
time : 1456281286 ;
type : event ;
event : CLICK ;
tousername : gh_f8ef5613cc37 ;
fromusername : o7SFQs1gdvxZAQMy_wJB9S7GBYwg ;
createtime : 1456281286 ;
msgtype : event ;
eventkey : 实木系列 ;

2016-02-24 10:33:44 params :
------------
Array:
rule : -2 ;
module :  ;
message : Array ;

2016-02-24 10:33:44 response :
------------

2016-02-24 10:34:01 trace :
------------
Array:
from : o7SFQs1gdvxZAQMy_wJB9S7GBYwg ;
to : gh_f8ef5613cc37 ;
time : 1456281302 ;
type : event ;
event : VIEW ;
tousername : gh_f8ef5613cc37 ;
fromusername : o7SFQs1gdvxZAQMy_wJB9S7GBYwg ;
createtime : 1456281302 ;
msgtype : event ;
eventkey : http://ws.mxnt.net/index.php?g=Wap&m=Index&a=lists&classid=368&token=yqxpxq1429233090 ;
menuid : 402333412 ;

2016-02-24 10:34:01 params :
------------
Array:
rule : -2 ;
module :  ;
message : Array ;

2016-02-24 10:34:01 response :
------------

2016-02-24 11:14:07 trace :
------------
Array:
from : o7SFQs6sXET9aWZ0f9miZjVhm00U ;
to : gh_f8ef5613cc37 ;
time : 1456283704 ;
type : event ;
event : subscribe ;
tousername : gh_f8ef5613cc37 ;
fromusername : o7SFQs6sXET9aWZ0f9miZjVhm00U ;
createtime : 1456283704 ;
msgtype : event ;
eventkey :  ;

2016-02-24 11:14:07 params :
------------
Array:
rule : -2 ;
module :  ;
message : Array ;

2016-02-24 11:14:07 response :
------------

2016-02-24 11:14:07 trace :
------------
Array:
from : o7SFQs6sXET9aWZ0f9miZjVhm00U ;
to : gh_f8ef5613cc37 ;
time : 1456283708 ;
type : event ;
event : CLICK ;
tousername : gh_f8ef5613cc37 ;
fromusername : o7SFQs6sXET9aWZ0f9miZjVhm00U ;
createtime : 1456283708 ;
msgtype : event ;
eventkey : 新品发布 ;

2016-02-24 11:14:07 params :
------------
Array:
rule : -2 ;
module :  ;
message : Array ;

2016-02-24 11:14:07 response :
------------

2016-02-24 11:14:13 trace :
------------
Array:
from : o7SFQs6sXET9aWZ0f9miZjVhm00U ;
to : gh_f8ef5613cc37 ;
time : 1456283715 ;
type : event ;
event : CLICK ;
tousername : gh_f8ef5613cc37 ;
fromusername : o7SFQs6sXET9aWZ0f9miZjVhm00U ;
createtime : 1456283715 ;
msgtype : event ;
eventkey : 新品发布 ;

2016-02-24 11:14:13 params :
------------
Array:
rule : -2 ;
module :  ;
message : Array ;

2016-02-24 11:14:13 response :
------------

2016-02-24 11:14:18 trace :
------------
Array:
from : o7SFQs6sXET9aWZ0f9miZjVhm00U ;
to : gh_f8ef5613cc37 ;
time : 1456283719 ;
type : event ;
event : CLICK ;
tousername : gh_f8ef5613cc37 ;
fromusername : o7SFQs6sXET9aWZ0f9miZjVhm00U ;
createtime : 1456283719 ;
msgtype : event ;
eventkey : 场景应用 ;

2016-02-24 11:14:18 params :
------------
Array:
rule : -2 ;
module :  ;
message : Array ;

2016-02-24 11:14:18 response :
------------

2016-02-24 11:14:19 trace :
------------
Array:
from : o7SFQszDNMHmdgHBdwSL_6mZQO8Y ;
to : gh_f8ef5613cc37 ;
time : 1456283720 ;
type : event ;
event : CLICK ;
tousername : gh_f8ef5613cc37 ;
fromusername : o7SFQszDNMHmdgHBdwSL_6mZQO8Y ;
createtime : 1456283720 ;
msgtype : event ;
eventkey : 首页 ;

2016-02-24 11:14:19 params :
------------
Array:
rule : -2 ;
module :  ;
message : Array ;

2016-02-24 11:14:19 response :
------------

2016-02-24 11:14:22 trace :
------------
Array:
from : o7SFQs6sXET9aWZ0f9miZjVhm00U ;
to : gh_f8ef5613cc37 ;
time : 1456283724 ;
type : event ;
event : CLICK ;
tousername : gh_f8ef5613cc37 ;
fromusername : o7SFQs6sXET9aWZ0f9miZjVhm00U ;
createtime : 1456283724 ;
msgtype : event ;
eventkey : 首页 ;

2016-02-24 11:14:22 params :
------------
Array:
rule : -2 ;
module :  ;
message : Array ;

2016-02-24 11:14:22 response :
------------

2016-02-24 11:14:33 trace :
------------
Array:
from : o7SFQs6sXET9aWZ0f9miZjVhm00U ;
to : gh_f8ef5613cc37 ;
time : 1456283734 ;
type : event ;
event : CLICK ;
tousername : gh_f8ef5613cc37 ;
fromusername : o7SFQs6sXET9aWZ0f9miZjVhm00U ;
createtime : 1456283734 ;
msgtype : event ;
eventkey : 首页 ;

2016-02-24 11:14:33 params :
------------
Array:
rule : -2 ;
module :  ;
message : Array ;

2016-02-24 11:14:33 response :
------------

2016-02-24 11:14:37 trace :
------------
Array:
from : o7SFQszDNMHmdgHBdwSL_6mZQO8Y ;
to : gh_f8ef5613cc37 ;
time : 1456283739 ;
type : event ;
event : CLICK ;
tousername : gh_f8ef5613cc37 ;
fromusername : o7SFQszDNMHmdgHBdwSL_6mZQO8Y ;
createtime : 1456283739 ;
msgtype : event ;
eventkey : 首页 ;

2016-02-24 11:14:37 params :
------------
Array:
rule : -2 ;
module :  ;
message : Array ;

2016-02-24 11:14:37 response :
------------

2016-02-24 11:14:54 trace :
------------
Array:
from : o7SFQszDNMHmdgHBdwSL_6mZQO8Y ;
to : gh_f8ef5613cc37 ;
time : 1456283756 ;
type : event ;
event : CLICK ;
tousername : gh_f8ef5613cc37 ;
fromusername : o7SFQszDNMHmdgHBdwSL_6mZQO8Y ;
createtime : 1456283756 ;
msgtype : event ;
eventkey : 首页 ;

2016-02-24 11:14:54 params :
------------
Array:
rule : -2 ;
module :  ;
message : Array ;

2016-02-24 11:14:54 response :
------------

2016-02-24 11:15:03 trace :
------------
Array:
from : o7SFQszDNMHmdgHBdwSL_6mZQO8Y ;
to : gh_f8ef5613cc37 ;
time : 1456283765 ;
type : event ;
event : CLICK ;
tousername : gh_f8ef5613cc37 ;
fromusername : o7SFQszDNMHmdgHBdwSL_6mZQO8Y ;
createtime : 1456283765 ;
msgtype : event ;
eventkey : 首页 ;

2016-02-24 11:15:03 params :
------------
Array:
rule : -2 ;
module :  ;
message : Array ;

2016-02-24 11:15:03 response :
------------

2016-02-24 11:15:15 trace :
------------
Array:
from : o7SFQszDNMHmdgHBdwSL_6mZQO8Y ;
to : gh_f8ef5613cc37 ;
time : 1456283777 ;
type : event ;
event : CLICK ;
tousername : gh_f8ef5613cc37 ;
fromusername : o7SFQszDNMHmdgHBdwSL_6mZQO8Y ;
createtime : 1456283777 ;
msgtype : event ;
eventkey : 新品发布 ;

2016-02-24 11:15:15 params :
------------
Array:
rule : -2 ;
module :  ;
message : Array ;

2016-02-24 11:15:15 response :
------------

2016-02-24 11:15:17 trace :
------------
Array:
from : o7SFQs6sXET9aWZ0f9miZjVhm00U ;
to : gh_f8ef5613cc37 ;
time : 1456283779 ;
type : event ;
event : CLICK ;
tousername : gh_f8ef5613cc37 ;
fromusername : o7SFQs6sXET9aWZ0f9miZjVhm00U ;
createtime : 1456283779 ;
msgtype : event ;
eventkey : 首页 ;

2016-02-24 11:15:17 params :
------------
Array:
rule : -2 ;
module :  ;
message : Array ;

2016-02-24 11:15:17 response :
------------

2016-02-24 11:15:20 trace :
------------
Array:
from : o7SFQszDNMHmdgHBdwSL_6mZQO8Y ;
to : gh_f8ef5613cc37 ;
time : 1456283782 ;
type : event ;
event : CLICK ;
tousername : gh_f8ef5613cc37 ;
fromusername : o7SFQszDNMHmdgHBdwSL_6mZQO8Y ;
createtime : 1456283782 ;
msgtype : event ;
eventkey : 实木系列 ;

2016-02-24 11:15:20 params :
------------
Array:
rule : -2 ;
module :  ;
message : Array ;

2016-02-24 11:15:20 response :
------------

2016-02-24 11:15:29 trace :
------------
Array:
from : o7SFQszDNMHmdgHBdwSL_6mZQO8Y ;
to : gh_f8ef5613cc37 ;
time : 1456283790 ;
type : event ;
event : CLICK ;
tousername : gh_f8ef5613cc37 ;
fromusername : o7SFQszDNMHmdgHBdwSL_6mZQO8Y ;
createtime : 1456283790 ;
msgtype : event ;
eventkey : 实木系列 ;

2016-02-24 11:15:29 params :
------------
Array:
rule : -2 ;
module :  ;
message : Array ;

2016-02-24 11:15:29 response :
------------

2016-02-24 11:15:35 trace :
------------
Array:
from : o7SFQszDNMHmdgHBdwSL_6mZQO8Y ;
to : gh_f8ef5613cc37 ;
time : 1456283796 ;
type : event ;
event : VIEW ;
tousername : gh_f8ef5613cc37 ;
fromusername : o7SFQszDNMHmdgHBdwSL_6mZQO8Y ;
createtime : 1456283796 ;
msgtype : event ;
eventkey : http://ws.mxnt.net/index.php?g=Wap&m=Index&a=lists&classid=368&token=yqxpxq1429233090 ;
menuid : 402333412 ;

2016-02-24 11:15:35 params :
------------
Array:
rule : -2 ;
module :  ;
message : Array ;

2016-02-24 11:15:35 response :
------------

2016-02-24 11:15:59 trace :
------------
Array:
from : o7SFQs6sXET9aWZ0f9miZjVhm00U ;
to : gh_f8ef5613cc37 ;
time : 1456283820 ;
type : event ;
event : CLICK ;
tousername : gh_f8ef5613cc37 ;
fromusername : o7SFQs6sXET9aWZ0f9miZjVhm00U ;
createtime : 1456283820 ;
msgtype : event ;
eventkey : 新品发布 ;

2016-02-24 11:15:59 params :
------------
Array:
rule : -2 ;
module :  ;
message : Array ;

2016-02-24 11:15:59 response :
------------

2016-02-24 11:16:17 trace :
------------
Array:
from : o7SFQszDNMHmdgHBdwSL_6mZQO8Y ;
to : gh_f8ef5613cc37 ;
time : 1456283839 ;
type : event ;
event : VIEW ;
tousername : gh_f8ef5613cc37 ;
fromusername : o7SFQszDNMHmdgHBdwSL_6mZQO8Y ;
createtime : 1456283839 ;
msgtype : event ;
eventkey : http://ws.mxnt.net/index.php?g=Wap&m=Index&a=lists&classid=368&token=yqxpxq1429233090 ;
menuid : 402333412 ;

2016-02-24 11:16:17 params :
------------
Array:
rule : -2 ;
module :  ;
message : Array ;

2016-02-24 11:16:17 response :
------------

2016-02-24 11:16:30 trace :
------------
Array:
from : o7SFQszDNMHmdgHBdwSL_6mZQO8Y ;
to : gh_f8ef5613cc37 ;
time : 1456283851 ;
type : event ;
event : CLICK ;
tousername : gh_f8ef5613cc37 ;
fromusername : o7SFQszDNMHmdgHBdwSL_6mZQO8Y ;
createtime : 1456283851 ;
msgtype : event ;
eventkey : 首页 ;

2016-02-24 11:16:30 params :
------------
Array:
rule : -2 ;
module :  ;
message : Array ;

2016-02-24 11:16:30 response :
------------

2016-02-24 11:16:37 trace :
------------
Array:
from : o7SFQs6sXET9aWZ0f9miZjVhm00U ;
to : gh_f8ef5613cc37 ;
time : 1456283858 ;
type : event ;
event : CLICK ;
tousername : gh_f8ef5613cc37 ;
fromusername : o7SFQs6sXET9aWZ0f9miZjVhm00U ;
createtime : 1456283858 ;
msgtype : event ;
eventkey : 新品发布 ;

2016-02-24 11:16:37 params :
------------
Array:
rule : -2 ;
module :  ;
message : Array ;

2016-02-24 11:16:37 response :
------------

2016-02-24 11:16:41 trace :
------------
Array:
from : o7SFQs6sXET9aWZ0f9miZjVhm00U ;
to : gh_f8ef5613cc37 ;
time : 1456283863 ;
type : event ;
event : CLICK ;
tousername : gh_f8ef5613cc37 ;
fromusername : o7SFQs6sXET9aWZ0f9miZjVhm00U ;
createtime : 1456283863 ;
msgtype : event ;
eventkey : 公司简介 ;

2016-02-24 11:16:41 params :
------------
Array:
rule : -2 ;
module :  ;
message : Array ;

2016-02-24 11:16:41 response :
------------

2016-02-24 11:19:09 trace :
------------
Array:
from : o7SFQs6sXET9aWZ0f9miZjVhm00U ;
to : gh_f8ef5613cc37 ;
time : 1456284011 ;
type : event ;
event : CLICK ;
tousername : gh_f8ef5613cc37 ;
fromusername : o7SFQs6sXET9aWZ0f9miZjVhm00U ;
createtime : 1456284011 ;
msgtype : event ;
eventkey : 首页 ;

2016-02-24 11:19:09 params :
------------
Array:
rule : -2 ;
module :  ;
message : Array ;

2016-02-24 11:19:09 response :
------------

2016-02-24 12:17:58 trace :
------------
Array:
from : oTkNdwW5_qpq0jlgneSBSHnYgDLw ;
to : gh_cf305f6ee642 ;
time : 1456287540 ;
type : event ;
event : subscribe ;
tousername : gh_cf305f6ee642 ;
fromusername : oTkNdwW5_qpq0jlgneSBSHnYgDLw ;
createtime : 1456287540 ;
msgtype : event ;
eventkey :  ;

2016-02-24 12:17:58 params :
------------
Array:
message : Array ;
module : czt_subscribe_redpack ;
rule : 113 ;
priority : 0 ;
keyword : Array ;

2016-02-24 12:17:58 response :
------------
Array:
FromUserName : gh_cf305f6ee642 ;
ToUserName : oTkNdwW5_qpq0jlgneSBSHnYgDLw ;
MsgType : text ;
Content : 活动已经结束了！ ;

2016-02-24 12:35:05 trace :
------------
Array:
from : oTkNdwfcbkmL1qqIXGE2sD5lX_Is ;
to : gh_cf305f6ee642 ;
time : 1456288566 ;
type : event ;
event : VIEW ;
tousername : gh_cf305f6ee642 ;
fromusername : oTkNdwfcbkmL1qqIXGE2sD5lX_Is ;
createtime : 1456288566 ;
msgtype : event ;
eventkey : http://www.tonell.cn/ ;
menuid : 401385343 ;

2016-02-24 12:35:05 params :
------------
Array:
rule : -2 ;
module :  ;
message : Array ;

2016-02-24 12:35:05 response :
------------

2016-02-24 12:35:09 trace :
------------
Array:
from : oTkNdwfcbkmL1qqIXGE2sD5lX_Is ;
to : gh_cf305f6ee642 ;
time : 1456288571 ;
type : event ;
event : VIEW ;
tousername : gh_cf305f6ee642 ;
fromusername : oTkNdwfcbkmL1qqIXGE2sD5lX_Is ;
createtime : 1456288571 ;
msgtype : event ;
eventkey : http://www.tonell.cn/wap/index.php?ctl=user_message ;
menuid : 401385343 ;

2016-02-24 12:35:09 params :
------------
Array:
rule : -2 ;
module :  ;
message : Array ;

2016-02-24 12:35:09 response :
------------

2016-02-24 12:36:03 trace :
------------
Array:
from : oTkNdwfcbkmL1qqIXGE2sD5lX_Is ;
to : gh_cf305f6ee642 ;
time : 1456288624 ;
type : event ;
event : VIEW ;
tousername : gh_cf305f6ee642 ;
fromusername : oTkNdwfcbkmL1qqIXGE2sD5lX_Is ;
createtime : 1456288624 ;
msgtype : event ;
eventkey : http://www.tonell.cn/ ;
menuid : 401385343 ;

2016-02-24 12:36:03 params :
------------
Array:
rule : -2 ;
module :  ;
message : Array ;

2016-02-24 12:36:03 response :
------------

2016-02-24 12:36:26 trace :
------------
Array:
from : oTkNdwfcbkmL1qqIXGE2sD5lX_Is ;
to : gh_cf305f6ee642 ;
time : 1456288648 ;
type : event ;
event : VIEW ;
tousername : gh_cf305f6ee642 ;
fromusername : oTkNdwfcbkmL1qqIXGE2sD5lX_Is ;
createtime : 1456288648 ;
msgtype : event ;
eventkey : http://www.tonell.cn/wap/index.php?ctl=user&act=login ;
menuid : 401385343 ;

2016-02-24 12:36:26 params :
------------
Array:
rule : -2 ;
module :  ;
message : Array ;

2016-02-24 12:36:26 response :
------------

2016-02-24 12:36:57 trace :
------------
Array:
from : oTkNdwfcbkmL1qqIXGE2sD5lX_Is ;
to : gh_cf305f6ee642 ;
time : 1456288679 ;
type : event ;
event : VIEW ;
tousername : gh_cf305f6ee642 ;
fromusername : oTkNdwfcbkmL1qqIXGE2sD5lX_Is ;
createtime : 1456288679 ;
msgtype : event ;
eventkey : http://www.tonell.cn/wap/index.php?ctl=settings ;
menuid : 401385343 ;

2016-02-24 12:36:57 params :
------------
Array:
rule : -2 ;
module :  ;
message : Array ;

2016-02-24 12:36:57 response :
------------

2016-02-24 12:37:00 trace :
------------
Array:
from : oTkNdwfcbkmL1qqIXGE2sD5lX_Is ;
to : gh_cf305f6ee642 ;
time : 1456288682 ;
type : event ;
event : CLICK ;
tousername : gh_cf305f6ee642 ;
fromusername : oTkNdwfcbkmL1qqIXGE2sD5lX_Is ;
createtime : 1456288682 ;
msgtype : event ;
eventkey : 拨号 ;

2016-02-24 12:37:00 params :
------------
Array:
rule : -2 ;
module :  ;
message : Array ;

2016-02-24 12:37:00 response :
------------

2016-02-24 12:37:06 trace :
------------
Array:
from : oTkNdwfcbkmL1qqIXGE2sD5lX_Is ;
to : gh_cf305f6ee642 ;
time : 1456288688 ;
type : event ;
event : VIEW ;
tousername : gh_cf305f6ee642 ;
fromusername : oTkNdwfcbkmL1qqIXGE2sD5lX_Is ;
createtime : 1456288688 ;
msgtype : event ;
eventkey : http://www.tonell.cn/wap/index.php?ctl=user_message ;
menuid : 401385343 ;

2016-02-24 12:37:06 params :
------------
Array:
rule : -2 ;
module :  ;
message : Array ;

2016-02-24 12:37:06 response :
------------

2016-02-24 12:37:08 trace :
------------
Array:
from : oTkNdwfcbkmL1qqIXGE2sD5lX_Is ;
to : gh_cf305f6ee642 ;
time : 1456288690 ;
type : event ;
event : VIEW ;
tousername : gh_cf305f6ee642 ;
fromusername : oTkNdwfcbkmL1qqIXGE2sD5lX_Is ;
createtime : 1456288690 ;
msgtype : event ;
eventkey : http://www.tonell.cn/ ;
menuid : 401385343 ;

2016-02-24 12:37:08 params :
------------
Array:
rule : -2 ;
module :  ;
message : Array ;

2016-02-24 12:37:08 response :
------------

2016-02-24 12:37:11 trace :
------------
Array:
from : oTkNdwfcbkmL1qqIXGE2sD5lX_Is ;
to : gh_cf305f6ee642 ;
time : 1456288693 ;
type : event ;
event : VIEW ;
tousername : gh_cf305f6ee642 ;
fromusername : oTkNdwfcbkmL1qqIXGE2sD5lX_Is ;
createtime : 1456288693 ;
msgtype : event ;
eventkey : http://www.tonell.cn/ ;
menuid : 401385343 ;

2016-02-24 12:37:11 params :
------------
Array:
rule : -2 ;
module :  ;
message : Array ;

2016-02-24 12:37:11 response :
------------

2016-02-24 12:37:40 trace :
------------
Array:
from : oTkNdwfcbkmL1qqIXGE2sD5lX_Is ;
to : gh_cf305f6ee642 ;
time : 1456288721 ;
type : event ;
event : VIEW ;
tousername : gh_cf305f6ee642 ;
fromusername : oTkNdwfcbkmL1qqIXGE2sD5lX_Is ;
createtime : 1456288721 ;
msgtype : event ;
eventkey : http://www.tonell.cn/ ;
menuid : 401385343 ;

2016-02-24 12:37:40 params :
------------
Array:
rule : -2 ;
module :  ;
message : Array ;

2016-02-24 12:37:40 response :
------------

2016-02-24 12:37:58 trace :
------------
Array:
from : oTkNdwfcbkmL1qqIXGE2sD5lX_Is ;
to : gh_cf305f6ee642 ;
time : 1456288740 ;
type : event ;
event : VIEW ;
tousername : gh_cf305f6ee642 ;
fromusername : oTkNdwfcbkmL1qqIXGE2sD5lX_Is ;
createtime : 1456288740 ;
msgtype : event ;
eventkey : http://www.tonell.cn/ ;
menuid : 401385343 ;

2016-02-24 12:37:58 params :
------------
Array:
rule : -2 ;
module :  ;
message : Array ;

2016-02-24 12:37:58 response :
------------

2016-02-24 12:38:18 trace :
------------
Array:
from : oTkNdwfcbkmL1qqIXGE2sD5lX_Is ;
to : gh_cf305f6ee642 ;
time : 1456288760 ;
type : event ;
event : VIEW ;
tousername : gh_cf305f6ee642 ;
fromusername : oTkNdwfcbkmL1qqIXGE2sD5lX_Is ;
createtime : 1456288760 ;
msgtype : event ;
eventkey : http://www.tonell.cn/ ;
menuid : 401385343 ;

2016-02-24 12:38:18 params :
------------
Array:
rule : -2 ;
module :  ;
message : Array ;

2016-02-24 12:38:18 response :
------------

2016-02-24 12:38:47 trace :
------------
Array:
from : oTkNdwfcbkmL1qqIXGE2sD5lX_Is ;
to : gh_cf305f6ee642 ;
time : 1456288789 ;
type : event ;
event : VIEW ;
tousername : gh_cf305f6ee642 ;
fromusername : oTkNdwfcbkmL1qqIXGE2sD5lX_Is ;
createtime : 1456288789 ;
msgtype : event ;
eventkey : http://www.tonell.cn/ ;
menuid : 401385343 ;

2016-02-24 12:38:47 params :
------------
Array:
rule : -2 ;
module :  ;
message : Array ;

2016-02-24 12:38:47 response :
------------

2016-02-24 12:38:57 trace :
------------
Array:
from : oTkNdwfcbkmL1qqIXGE2sD5lX_Is ;
to : gh_cf305f6ee642 ;
time : 1456288798 ;
type : event ;
event : VIEW ;
tousername : gh_cf305f6ee642 ;
fromusername : oTkNdwfcbkmL1qqIXGE2sD5lX_Is ;
createtime : 1456288798 ;
msgtype : event ;
eventkey : http://www.tonell.cn/ ;
menuid : 401385343 ;

2016-02-24 12:38:57 params :
------------
Array:
rule : -2 ;
module :  ;
message : Array ;

2016-02-24 12:38:57 response :
------------

2016-02-24 12:38:59 trace :
------------
Array:
from : oTkNdwfcbkmL1qqIXGE2sD5lX_Is ;
to : gh_cf305f6ee642 ;
time : 1456288801 ;
type : event ;
event : VIEW ;
tousername : gh_cf305f6ee642 ;
fromusername : oTkNdwfcbkmL1qqIXGE2sD5lX_Is ;
createtime : 1456288801 ;
msgtype : event ;
eventkey : http://www.tonell.cn/wap/index.php?ctl=user_message ;
menuid : 401385343 ;

2016-02-24 12:38:59 params :
------------
Array:
rule : -2 ;
module :  ;
message : Array ;

2016-02-24 12:38:59 response :
------------

2016-02-24 12:39:25 trace :
------------
Array:
from : oTkNdwQ13N0PBDxgXHB_1-ziwXiI ;
to : gh_cf305f6ee642 ;
time : 1456288827 ;
type : event ;
event : VIEW ;
tousername : gh_cf305f6ee642 ;
fromusername : oTkNdwQ13N0PBDxgXHB_1-ziwXiI ;
createtime : 1456288827 ;
msgtype : event ;
eventkey : http://we7.cc/app/index.php?i=32&c=home& ;
menuid : 401385378 ;

2016-02-24 12:39:25 params :
------------
Array:
rule : -2 ;
module :  ;
message : Array ;

2016-02-24 12:39:25 response :
------------

2016-02-24 12:39:36 trace :
------------
Array:
from : oTkNdwQ13N0PBDxgXHB_1-ziwXiI ;
to : gh_cf305f6ee642 ;
time : 1456288838 ;
type : event ;
event : VIEW ;
tousername : gh_cf305f6ee642 ;
fromusername : oTkNdwQ13N0PBDxgXHB_1-ziwXiI ;
createtime : 1456288838 ;
msgtype : event ;
eventkey : http://we7.cc/app/index.php?i=32&c=home& ;
menuid : 401385378 ;

2016-02-24 12:39:36 params :
------------
Array:
rule : -2 ;
module :  ;
message : Array ;

2016-02-24 12:39:36 response :
------------

2016-02-24 12:39:40 trace :
------------
Array:
from : oTkNdwfcbkmL1qqIXGE2sD5lX_Is ;
to : gh_cf305f6ee642 ;
time : 1456288842 ;
type : event ;
event : VIEW ;
tousername : gh_cf305f6ee642 ;
fromusername : oTkNdwfcbkmL1qqIXGE2sD5lX_Is ;
createtime : 1456288842 ;
msgtype : event ;
eventkey : http://www.tonell.cn/ ;
menuid : 401385343 ;

2016-02-24 12:39:40 params :
------------
Array:
rule : -2 ;
module :  ;
message : Array ;

2016-02-24 12:39:40 response :
------------

2016-02-24 12:39:42 trace :
------------
Array:
from : oTkNdwQ13N0PBDxgXHB_1-ziwXiI ;
to : gh_cf305f6ee642 ;
time : 1456288843 ;
type : event ;
event : VIEW ;
tousername : gh_cf305f6ee642 ;
fromusername : oTkNdwQ13N0PBDxgXHB_1-ziwXiI ;
createtime : 1456288843 ;
msgtype : event ;
eventkey : http://www.tonell.cn/wap/index.php?ctl=user_message ;
menuid : 401385378 ;

2016-02-24 12:39:42 params :
------------
Array:
rule : -2 ;
module :  ;
message : Array ;

2016-02-24 12:39:42 response :
------------

2016-02-24 12:39:44 trace :
------------
Array:
from : oTkNdwfcbkmL1qqIXGE2sD5lX_Is ;
to : gh_cf305f6ee642 ;
time : 1456288846 ;
type : event ;
event : VIEW ;
tousername : gh_cf305f6ee642 ;
fromusername : oTkNdwfcbkmL1qqIXGE2sD5lX_Is ;
createtime : 1456288846 ;
msgtype : event ;
eventkey : http://www.tonell.cn/ ;
menuid : 401385343 ;

2016-02-24 12:39:44 params :
------------
Array:
rule : -2 ;
module :  ;
message : Array ;

2016-02-24 12:39:44 response :
------------

2016-02-24 12:39:46 trace :
------------
Array:
from : oTkNdwQ13N0PBDxgXHB_1-ziwXiI ;
to : gh_cf305f6ee642 ;
time : 1456288847 ;
type : event ;
event : VIEW ;
tousername : gh_cf305f6ee642 ;
fromusername : oTkNdwQ13N0PBDxgXHB_1-ziwXiI ;
createtime : 1456288847 ;
msgtype : event ;
eventkey : http://we7.cc/app/index.php?i=32&c=home& ;
menuid : 401385378 ;

2016-02-24 12:39:46 params :
------------
Array:
rule : -2 ;
module :  ;
message : Array ;

2016-02-24 12:39:46 response :
------------

2016-02-24 12:40:35 trace :
------------
Array:
from : oTkNdwfcbkmL1qqIXGE2sD5lX_Is ;
to : gh_cf305f6ee642 ;
time : 1456288896 ;
type : event ;
event : VIEW ;
tousername : gh_cf305f6ee642 ;
fromusername : oTkNdwfcbkmL1qqIXGE2sD5lX_Is ;
createtime : 1456288896 ;
msgtype : event ;
eventkey : http://www.tonell.cn/ ;
menuid : 401385343 ;

2016-02-24 12:40:35 params :
------------
Array:
rule : -2 ;
module :  ;
message : Array ;

2016-02-24 12:40:35 response :
------------

2016-02-24 12:40:39 trace :
------------
Array:
from : oTkNdwQ13N0PBDxgXHB_1-ziwXiI ;
to : gh_cf305f6ee642 ;
time : 1456288900 ;
type : event ;
event : VIEW ;
tousername : gh_cf305f6ee642 ;
fromusername : oTkNdwQ13N0PBDxgXHB_1-ziwXiI ;
createtime : 1456288900 ;
msgtype : event ;
eventkey : http://we7.cc/app/index.php?i=32&c=home& ;
menuid : 401385378 ;

2016-02-24 12:40:39 params :
------------
Array:
rule : -2 ;
module :  ;
message : Array ;

2016-02-24 12:40:39 response :
------------

2016-02-24 12:40:41 trace :
------------
Array:
from : oTkNdwfcbkmL1qqIXGE2sD5lX_Is ;
to : gh_cf305f6ee642 ;
time : 1456288903 ;
type : event ;
event : VIEW ;
tousername : gh_cf305f6ee642 ;
fromusername : oTkNdwfcbkmL1qqIXGE2sD5lX_Is ;
createtime : 1456288903 ;
msgtype : event ;
eventkey : http://www.tonell.cn/ ;
menuid : 401385343 ;

2016-02-24 12:40:41 params :
------------
Array:
rule : -2 ;
module :  ;
message : Array ;

2016-02-24 12:40:41 response :
------------

2016-02-24 12:40:46 trace :
------------
Array:
from : oTkNdwQ13N0PBDxgXHB_1-ziwXiI ;
to : gh_cf305f6ee642 ;
time : 1456288908 ;
type : event ;
event : VIEW ;
tousername : gh_cf305f6ee642 ;
fromusername : oTkNdwQ13N0PBDxgXHB_1-ziwXiI ;
createtime : 1456288908 ;
msgtype : event ;
eventkey : http://www.tonell.cn/wap/index.php?ctl=user_message ;
menuid : 401385378 ;

2016-02-24 12:40:46 params :
------------
Array:
rule : -2 ;
module :  ;
message : Array ;

2016-02-24 12:40:46 response :
------------

2016-02-24 12:40:56 trace :
------------
Array:
from : oTkNdwQ13N0PBDxgXHB_1-ziwXiI ;
to : gh_cf305f6ee642 ;
time : 1456288918 ;
type : event ;
event : VIEW ;
tousername : gh_cf305f6ee642 ;
fromusername : oTkNdwQ13N0PBDxgXHB_1-ziwXiI ;
createtime : 1456288918 ;
msgtype : event ;
eventkey : http://we7.cc/app/index.php?i=32&c=home& ;
menuid : 401385378 ;

2016-02-24 12:40:56 params :
------------
Array:
rule : -2 ;
module :  ;
message : Array ;

2016-02-24 12:40:56 response :
------------

2016-02-24 12:40:59 trace :
------------
Array:
from : oTkNdwfcbkmL1qqIXGE2sD5lX_Is ;
to : gh_cf305f6ee642 ;
time : 1456288921 ;
type : event ;
event : VIEW ;
tousername : gh_cf305f6ee642 ;
fromusername : oTkNdwfcbkmL1qqIXGE2sD5lX_Is ;
createtime : 1456288921 ;
msgtype : event ;
eventkey : http://ht.we7.cc/ ;
menuid : 401385388 ;

2016-02-24 12:40:59 params :
------------
Array:
rule : -2 ;
module :  ;
message : Array ;

2016-02-24 12:40:59 response :
------------

2016-02-24 12:41:02 trace :
------------
Array:
from : oTkNdwfcbkmL1qqIXGE2sD5lX_Is ;
to : gh_cf305f6ee642 ;
time : 1456288923 ;
type : event ;
event : VIEW ;
tousername : gh_cf305f6ee642 ;
fromusername : oTkNdwfcbkmL1qqIXGE2sD5lX_Is ;
createtime : 1456288923 ;
msgtype : event ;
eventkey : http://ht.we7.cc/ ;
menuid : 401385388 ;

2016-02-24 12:41:02 params :
------------
Array:
rule : -2 ;
module :  ;
message : Array ;

2016-02-24 12:41:02 response :
------------

2016-02-24 12:41:40 trace :
------------
Array:
from : oTkNdwW5_qpq0jlgneSBSHnYgDLw ;
to : gh_cf305f6ee642 ;
time : 1456288962 ;
type : event ;
event : VIEW ;
tousername : gh_cf305f6ee642 ;
fromusername : oTkNdwW5_qpq0jlgneSBSHnYgDLw ;
createtime : 1456288962 ;
msgtype : event ;
eventkey : http://ht.we7.cc/ ;
menuid : 401385388 ;

2016-02-24 12:41:40 params :
------------
Array:
rule : -2 ;
module :  ;
message : Array ;

2016-02-24 12:41:40 response :
------------

2016-02-24 12:41:43 trace :
------------
Array:
from : oTkNdwW5_qpq0jlgneSBSHnYgDLw ;
to : gh_cf305f6ee642 ;
time : 1456288964 ;
type : event ;
event : VIEW ;
tousername : gh_cf305f6ee642 ;
fromusername : oTkNdwW5_qpq0jlgneSBSHnYgDLw ;
createtime : 1456288964 ;
msgtype : event ;
eventkey : http://ht.we7.cc/ ;
menuid : 401385388 ;

2016-02-24 12:41:43 params :
------------
Array:
rule : -2 ;
module :  ;
message : Array ;

2016-02-24 12:41:43 response :
------------

2016-02-24 12:41:45 trace :
------------
Array:
from : oTkNdwW5_qpq0jlgneSBSHnYgDLw ;
to : gh_cf305f6ee642 ;
time : 1456288966 ;
type : event ;
event : VIEW ;
tousername : gh_cf305f6ee642 ;
fromusername : oTkNdwW5_qpq0jlgneSBSHnYgDLw ;
createtime : 1456288966 ;
msgtype : event ;
eventkey : http://ht.we7.cc/ ;
menuid : 401385388 ;

2016-02-24 12:41:45 params :
------------
Array:
rule : -2 ;
module :  ;
message : Array ;

2016-02-24 12:41:45 response :
------------

2016-02-24 12:41:46 trace :
------------
Array:
from : oTkNdwW5_qpq0jlgneSBSHnYgDLw ;
to : gh_cf305f6ee642 ;
time : 1456288968 ;
type : event ;
event : VIEW ;
tousername : gh_cf305f6ee642 ;
fromusername : oTkNdwW5_qpq0jlgneSBSHnYgDLw ;
createtime : 1456288968 ;
msgtype : event ;
eventkey : http://ht.we7.cc/ ;
menuid : 401385388 ;

2016-02-24 12:41:46 params :
------------
Array:
rule : -2 ;
module :  ;
message : Array ;

2016-02-24 12:41:46 response :
------------

2016-02-24 12:41:47 trace :
------------
Array:
from : oTkNdwW5_qpq0jlgneSBSHnYgDLw ;
to : gh_cf305f6ee642 ;
time : 1456288969 ;
type : event ;
event : VIEW ;
tousername : gh_cf305f6ee642 ;
fromusername : oTkNdwW5_qpq0jlgneSBSHnYgDLw ;
createtime : 1456288969 ;
msgtype : event ;
eventkey : http://ht.we7.cc/ ;
menuid : 401385388 ;

2016-02-24 12:41:47 params :
------------
Array:
rule : -2 ;
module :  ;
message : Array ;

2016-02-24 12:41:47 response :
------------

2016-02-24 12:41:48 trace :
------------
Array:
from : oTkNdwW5_qpq0jlgneSBSHnYgDLw ;
to : gh_cf305f6ee642 ;
time : 1456288970 ;
type : event ;
event : VIEW ;
tousername : gh_cf305f6ee642 ;
fromusername : oTkNdwW5_qpq0jlgneSBSHnYgDLw ;
createtime : 1456288970 ;
msgtype : event ;
eventkey : http://ht.we7.cc/ ;
menuid : 401385388 ;

2016-02-24 12:41:48 params :
------------
Array:
rule : -2 ;
module :  ;
message : Array ;

2016-02-24 12:41:48 response :
------------

2016-02-24 12:41:58 trace :
------------
Array:
from : oTkNdwfcbkmL1qqIXGE2sD5lX_Is ;
to : gh_cf305f6ee642 ;
time : 1456288980 ;
type : event ;
event : VIEW ;
tousername : gh_cf305f6ee642 ;
fromusername : oTkNdwfcbkmL1qqIXGE2sD5lX_Is ;
createtime : 1456288980 ;
msgtype : event ;
eventkey : http://ht.we7.cc/ ;
menuid : 401385388 ;

2016-02-24 12:41:58 params :
------------
Array:
rule : -2 ;
module :  ;
message : Array ;

2016-02-24 12:41:58 response :
------------

2016-02-24 12:42:05 trace :
------------
Array:
from : oTkNdwQ13N0PBDxgXHB_1-ziwXiI ;
to : gh_cf305f6ee642 ;
time : 1456288986 ;
type : event ;
event : VIEW ;
tousername : gh_cf305f6ee642 ;
fromusername : oTkNdwQ13N0PBDxgXHB_1-ziwXiI ;
createtime : 1456288986 ;
msgtype : event ;
eventkey : http://we7.cc/app/index.php?i=32&c=home& ;
menuid : 401385378 ;

2016-02-24 12:42:05 params :
------------
Array:
rule : -2 ;
module :  ;
message : Array ;

2016-02-24 12:42:05 response :
------------

2016-02-24 12:42:30 trace :
------------
Array:
from : oTkNdwW5_qpq0jlgneSBSHnYgDLw ;
to : gh_cf305f6ee642 ;
time : 1456289011 ;
type : event ;
event : VIEW ;
tousername : gh_cf305f6ee642 ;
fromusername : oTkNdwW5_qpq0jlgneSBSHnYgDLw ;
createtime : 1456289011 ;
msgtype : event ;
eventkey : http://ht.we7.cc/ ;
menuid : 401385388 ;

2016-02-24 12:42:30 params :
------------
Array:
rule : -2 ;
module :  ;
message : Array ;

2016-02-24 12:42:30 response :
------------

2016-02-24 12:44:11 trace :
------------
Array:
from : oTkNdwW5_qpq0jlgneSBSHnYgDLw ;
to : gh_cf305f6ee642 ;
time : 1456289112 ;
type : event ;
event : VIEW ;
tousername : gh_cf305f6ee642 ;
fromusername : oTkNdwW5_qpq0jlgneSBSHnYgDLw ;
createtime : 1456289112 ;
msgtype : event ;
eventkey : http://www.tonell.cn/wap/index.php?ctl=user_message ;
menuid : 401385388 ;

2016-02-24 12:44:11 params :
------------
Array:
rule : -2 ;
module :  ;
message : Array ;

2016-02-24 12:44:11 response :
------------

2016-02-24 12:44:31 trace :
------------
Array:
from : oTkNdwQ13N0PBDxgXHB_1-ziwXiI ;
to : gh_cf305f6ee642 ;
time : 1456289132 ;
type : event ;
event : VIEW ;
tousername : gh_cf305f6ee642 ;
fromusername : oTkNdwQ13N0PBDxgXHB_1-ziwXiI ;
createtime : 1456289132 ;
msgtype : event ;
eventkey : http://ht.we7.cc/ ;
menuid : 401385388 ;

2016-02-24 12:44:31 params :
------------
Array:
rule : -2 ;
module :  ;
message : Array ;

2016-02-24 12:44:31 response :
------------

2016-02-24 12:44:33 trace :
------------
Array:
from : o7SFQs43hsLAJMu7lGRxaLWyKUmA ;
to : gh_f8ef5613cc37 ;
time : 1456289134 ;
type : event ;
event : subscribe ;
tousername : gh_f8ef5613cc37 ;
fromusername : o7SFQs43hsLAJMu7lGRxaLWyKUmA ;
createtime : 1456289134 ;
msgtype : event ;
eventkey :  ;

2016-02-24 12:44:33 params :
------------
Array:
rule : -2 ;
module :  ;
message : Array ;

2016-02-24 12:44:33 response :
------------

2016-02-24 12:44:39 trace :
------------
Array:
from : o7SFQs43hsLAJMu7lGRxaLWyKUmA ;
to : gh_f8ef5613cc37 ;
time : 1456289141 ;
type : event ;
event : CLICK ;
tousername : gh_f8ef5613cc37 ;
fromusername : o7SFQs43hsLAJMu7lGRxaLWyKUmA ;
createtime : 1456289141 ;
msgtype : event ;
eventkey : 首页 ;

2016-02-24 12:44:39 params :
------------
Array:
rule : -2 ;
module :  ;
message : Array ;

2016-02-24 12:44:39 response :
------------

2016-02-24 12:44:51 trace :
------------
Array:
from : o7SFQs43hsLAJMu7lGRxaLWyKUmA ;
to : gh_f8ef5613cc37 ;
time : 1456289153 ;
type : event ;
event : CLICK ;
tousername : gh_f8ef5613cc37 ;
fromusername : o7SFQs43hsLAJMu7lGRxaLWyKUmA ;
createtime : 1456289153 ;
msgtype : event ;
eventkey : 实木系列 ;

2016-02-24 12:44:51 params :
------------
Array:
rule : -2 ;
module :  ;
message : Array ;

2016-02-24 12:44:51 response :
------------

2016-02-24 12:45:37 trace :
------------
Array:
from : oTkNdwfcbkmL1qqIXGE2sD5lX_Is ;
to : gh_cf305f6ee642 ;
time : 1456289198 ;
type : event ;
event : VIEW ;
tousername : gh_cf305f6ee642 ;
fromusername : oTkNdwfcbkmL1qqIXGE2sD5lX_Is ;
createtime : 1456289198 ;
msgtype : event ;
eventkey : http://ht.we7.cc/ ;
menuid : 401385388 ;

2016-02-24 12:45:37 params :
------------
Array:
rule : -2 ;
module :  ;
message : Array ;

2016-02-24 12:45:37 response :
------------

2016-02-24 12:47:23 trace :
------------
Array:
from : oTkNdwfcbkmL1qqIXGE2sD5lX_Is ;
to : gh_cf305f6ee642 ;
time : 1456289304 ;
type : event ;
event : VIEW ;
tousername : gh_cf305f6ee642 ;
fromusername : oTkNdwfcbkmL1qqIXGE2sD5lX_Is ;
createtime : 1456289304 ;
msgtype : event ;
eventkey : http://ht.we7.cc/ ;
menuid : 401385388 ;

2016-02-24 12:47:23 params :
------------
Array:
rule : -2 ;
module :  ;
message : Array ;

2016-02-24 12:47:23 response :
------------

2016-02-24 12:47:28 trace :
------------
Array:
from : oTkNdwfcbkmL1qqIXGE2sD5lX_Is ;
to : gh_cf305f6ee642 ;
time : 1456289310 ;
type : event ;
event : VIEW ;
tousername : gh_cf305f6ee642 ;
fromusername : oTkNdwfcbkmL1qqIXGE2sD5lX_Is ;
createtime : 1456289310 ;
msgtype : event ;
eventkey : http://ht.we7.cc/ ;
menuid : 401385388 ;

2016-02-24 12:47:28 params :
------------
Array:
rule : -2 ;
module :  ;
message : Array ;

2016-02-24 12:47:28 response :
------------

2016-02-24 12:47:42 trace :
------------
Array:
from : oTkNdwfcbkmL1qqIXGE2sD5lX_Is ;
to : gh_cf305f6ee642 ;
time : 1456289324 ;
type : text ;
event :  ;
tousername : gh_cf305f6ee642 ;
fromusername : oTkNdwfcbkmL1qqIXGE2sD5lX_Is ;
createtime : 1456289324 ;
msgtype : text ;
content : 排号 ;
msgid : 6254715020495333330 ;
redirection :  ;
source :  ;

2016-02-24 12:47:42 params :
------------
Array:
message : Array ;
module : xwz_queue ;
rule : 147 ;
priority : 0 ;
keyword : Array ;

2016-02-24 12:47:42 response :
------------
Array:
FromUserName : gh_cf305f6ee642 ;
ToUserName : oTkNdwfcbkmL1qqIXGE2sD5lX_Is ;
MsgType : news ;
ArticleCount : 1 ;
Articles : Array ;

2016-02-24 16:05:03 trace :
------------
Array:
from : o7SFQs6TH8kVLCwcuRTlAX4Sr4eI ;
to : gh_f8ef5613cc37 ;
time : 1456301165 ;
type : event ;
event : MASSSENDJOBFINISH ;
tousername : gh_f8ef5613cc37 ;
fromusername : o7SFQs6TH8kVLCwcuRTlAX4Sr4eI ;
createtime : 1456301165 ;
msgtype : event ;
msgid : 409719997 ;
status : send success ;
totalcount : 648 ;
filtercount : 648 ;
sentcount : 648 ;
errorcount : 0 ;

2016-02-24 16:05:03 params :
------------
Array:
rule : -2 ;
module :  ;
message : Array ;

2016-02-24 16:05:03 response :
------------

2016-02-24 16:05:41 trace :
------------
Array:
from : o7SFQs6sXET9aWZ0f9miZjVhm00U ;
to : gh_f8ef5613cc37 ;
time : 1456301203 ;
type : event ;
event : CLICK ;
tousername : gh_f8ef5613cc37 ;
fromusername : o7SFQs6sXET9aWZ0f9miZjVhm00U ;
createtime : 1456301203 ;
msgtype : event ;
eventkey : 新品发布 ;

2016-02-24 16:05:41 params :
------------
Array:
rule : -2 ;
module :  ;
message : Array ;

2016-02-24 16:05:41 response :
------------

2016-02-24 16:05:47 trace :
------------
Array:
from : o7SFQs6sXET9aWZ0f9miZjVhm00U ;
to : gh_f8ef5613cc37 ;
time : 1456301209 ;
type : event ;
event : CLICK ;
tousername : gh_f8ef5613cc37 ;
fromusername : o7SFQs6sXET9aWZ0f9miZjVhm00U ;
createtime : 1456301209 ;
msgtype : event ;
eventkey : 首页 ;

2016-02-24 16:05:47 params :
------------
Array:
rule : -2 ;
module :  ;
message : Array ;

2016-02-24 16:05:47 response :
------------

2016-02-24 16:07:23 trace :
------------
Array:
from : o7SFQs5ENkleHYmuZVKfudrqEU7M ;
to : gh_f8ef5613cc37 ;
time : 1456301305 ;
type : event ;
event : VIEW ;
tousername : gh_f8ef5613cc37 ;
fromusername : o7SFQs5ENkleHYmuZVKfudrqEU7M ;
createtime : 1456301305 ;
msgtype : event ;
eventkey : http://ws.mxnt.net/index.php?g=Wap&m=Index&a=lists&classid=368&token=yqxpxq1429233090 ;
menuid : 402333412 ;

2016-02-24 16:07:23 params :
------------
Array:
rule : -2 ;
module :  ;
message : Array ;

2016-02-24 16:07:23 response :
------------

2016-02-24 16:21:49 trace :
------------
Array:
from : o7SFQs90l2GGyw4zTN-vPSqDVy2g ;
to : gh_f8ef5613cc37 ;
time : 1456302171 ;
type : event ;
event : CLICK ;
tousername : gh_f8ef5613cc37 ;
fromusername : o7SFQs90l2GGyw4zTN-vPSqDVy2g ;
createtime : 1456302171 ;
msgtype : event ;
eventkey : 实木系列 ;

2016-02-24 16:21:49 params :
------------
Array:
rule : -2 ;
module :  ;
message : Array ;

2016-02-24 16:21:49 response :
------------

2016-02-24 16:28:32 trace :
------------
Array:
from : o7SFQs5JF6EdwWWrgmscjBJLA8dY ;
to : gh_f8ef5613cc37 ;
time : 1456302574 ;
type : event ;
event : VIEW ;
tousername : gh_f8ef5613cc37 ;
fromusername : o7SFQs5JF6EdwWWrgmscjBJLA8dY ;
createtime : 1456302574 ;
msgtype : event ;
eventkey : http://ws.mxnt.net/index.php?g=Wap&m=Index&a=lists&classid=368&token=yqxpxq1429233090 ;
menuid : 402333412 ;

2016-02-24 16:28:32 params :
------------
Array:
rule : -2 ;
module :  ;
message : Array ;

2016-02-24 16:28:32 response :
------------

2016-02-24 16:28:48 trace :
------------
Array:
from : o7SFQs00exOoQ66e7D0dITy8jymE ;
to : gh_f8ef5613cc37 ;
time : 1456302590 ;
type : event ;
event : CLICK ;
tousername : gh_f8ef5613cc37 ;
fromusername : o7SFQs00exOoQ66e7D0dITy8jymE ;
createtime : 1456302590 ;
msgtype : event ;
eventkey : 实木系列 ;

2016-02-24 16:28:48 params :
------------
Array:
rule : -2 ;
module :  ;
message : Array ;

2016-02-24 16:28:48 response :
------------

2016-02-24 16:29:09 trace :
------------
Array:
from : o7SFQs00exOoQ66e7D0dITy8jymE ;
to : gh_f8ef5613cc37 ;
time : 1456302611 ;
type : event ;
event : CLICK ;
tousername : gh_f8ef5613cc37 ;
fromusername : o7SFQs00exOoQ66e7D0dITy8jymE ;
createtime : 1456302611 ;
msgtype : event ;
eventkey : 实木系列 ;

2016-02-24 16:29:09 params :
------------
Array:
rule : -2 ;
module :  ;
message : Array ;

2016-02-24 16:29:09 response :
------------

2016-02-24 16:32:14 trace :
------------
Array:
from : o7SFQs4wHYqfCiZrSKkz8bcNk6lE ;
to : gh_f8ef5613cc37 ;
time : 1456302796 ;
type : event ;
event : CLICK ;
tousername : gh_f8ef5613cc37 ;
fromusername : o7SFQs4wHYqfCiZrSKkz8bcNk6lE ;
createtime : 1456302796 ;
msgtype : event ;
eventkey : 实木系列 ;

2016-02-24 16:32:14 params :
------------
Array:
rule : -2 ;
module :  ;
message : Array ;

2016-02-24 16:32:14 response :
------------

2016-02-24 17:05:38 trace :
------------
Array:
from : o7SFQs3ULdXWMPXdHG22QimuRXHY ;
to : gh_f8ef5613cc37 ;
time : 1456304799 ;
type : event ;
event : CLICK ;
tousername : gh_f8ef5613cc37 ;
fromusername : o7SFQs3ULdXWMPXdHG22QimuRXHY ;
createtime : 1456304799 ;
msgtype : event ;
eventkey : 公司简介 ;

2016-02-24 17:05:38 params :
------------
Array:
rule : -2 ;
module :  ;
message : Array ;

2016-02-24 17:05:38 response :
------------

2016-02-24 17:05:43 trace :
------------
Array:
from : o7SFQs3ULdXWMPXdHG22QimuRXHY ;
to : gh_f8ef5613cc37 ;
time : 1456304805 ;
type : event ;
event : CLICK ;
tousername : gh_f8ef5613cc37 ;
fromusername : o7SFQs3ULdXWMPXdHG22QimuRXHY ;
createtime : 1456304805 ;
msgtype : event ;
eventkey : 公司简介 ;

2016-02-24 17:05:43 params :
------------
Array:
rule : -2 ;
module :  ;
message : Array ;

2016-02-24 17:05:43 response :
------------

2016-02-24 17:17:37 trace :
------------
Array:
from : o7SFQs2IsCJHACKJEN8RwthhAepQ ;
to : gh_f8ef5613cc37 ;
time : 1456305519 ;
type : event ;
event : subscribe ;
tousername : gh_f8ef5613cc37 ;
fromusername : o7SFQs2IsCJHACKJEN8RwthhAepQ ;
createtime : 1456305519 ;
msgtype : event ;
eventkey :  ;

2016-02-24 17:17:37 params :
------------
Array:
rule : -2 ;
module :  ;
message : Array ;

2016-02-24 17:17:37 response :
------------

2016-02-24 17:17:45 trace :
------------
Array:
from : o7SFQs2IsCJHACKJEN8RwthhAepQ ;
to : gh_f8ef5613cc37 ;
time : 1456305527 ;
type : event ;
event : CLICK ;
tousername : gh_f8ef5613cc37 ;
fromusername : o7SFQs2IsCJHACKJEN8RwthhAepQ ;
createtime : 1456305527 ;
msgtype : event ;
eventkey : 招纳贤才 ;

2016-02-24 17:17:45 params :
------------
Array:
rule : -2 ;
module :  ;
message : Array ;

2016-02-24 17:17:45 response :
------------

2016-02-24 17:17:56 trace :
------------
Array:
from : o7SFQs2IsCJHACKJEN8RwthhAepQ ;
to : gh_f8ef5613cc37 ;
time : 1456305538 ;
type : event ;
event : CLICK ;
tousername : gh_f8ef5613cc37 ;
fromusername : o7SFQs2IsCJHACKJEN8RwthhAepQ ;
createtime : 1456305538 ;
msgtype : event ;
eventkey : 招纳贤才 ;

2016-02-24 17:17:56 params :
------------
Array:
rule : -2 ;
module :  ;
message : Array ;

2016-02-24 17:17:56 response :
------------

2016-02-24 17:23:46 trace :
------------
Array:
from : o7SFQs2IsCJHACKJEN8RwthhAepQ ;
to : gh_f8ef5613cc37 ;
time : 1456305888 ;
type : event ;
event : CLICK ;
tousername : gh_f8ef5613cc37 ;
fromusername : o7SFQs2IsCJHACKJEN8RwthhAepQ ;
createtime : 1456305888 ;
msgtype : event ;
eventkey : 招纳贤才 ;

2016-02-24 17:23:46 params :
------------
Array:
rule : -2 ;
module :  ;
message : Array ;

2016-02-24 17:23:46 response :
------------

2016-02-24 17:23:55 trace :
------------
Array:
from : o7SFQs2IsCJHACKJEN8RwthhAepQ ;
to : gh_f8ef5613cc37 ;
time : 1456305897 ;
type : event ;
event : CLICK ;
tousername : gh_f8ef5613cc37 ;
fromusername : o7SFQs2IsCJHACKJEN8RwthhAepQ ;
createtime : 1456305897 ;
msgtype : event ;
eventkey : 新品发布 ;

2016-02-24 17:23:55 params :
------------
Array:
rule : -2 ;
module :  ;
message : Array ;

2016-02-24 17:23:55 response :
------------

2016-02-24 17:25:58 trace :
------------
Array:
from : o7SFQs2IsCJHACKJEN8RwthhAepQ ;
to : gh_f8ef5613cc37 ;
time : 1456306020 ;
type : event ;
event : CLICK ;
tousername : gh_f8ef5613cc37 ;
fromusername : o7SFQs2IsCJHACKJEN8RwthhAepQ ;
createtime : 1456306020 ;
msgtype : event ;
eventkey : 首页 ;

2016-02-24 17:25:58 params :
------------
Array:
rule : -2 ;
module :  ;
message : Array ;

2016-02-24 17:25:58 response :
------------

2016-02-24 17:27:16 trace :
------------
Array:
from : o7SFQs2IsCJHACKJEN8RwthhAepQ ;
to : gh_f8ef5613cc37 ;
time : 1456306098 ;
type : event ;
event : VIEW ;
tousername : gh_f8ef5613cc37 ;
fromusername : o7SFQs2IsCJHACKJEN8RwthhAepQ ;
createtime : 1456306098 ;
msgtype : event ;
eventkey : http://ws.mxnt.net/index.php?g=Wap&m=Index&a=lists&classid=368&token=yqxpxq1429233090 ;
menuid : 402333412 ;

2016-02-24 17:27:16 params :
------------
Array:
rule : -2 ;
module :  ;
message : Array ;

2016-02-24 17:27:16 response :
------------

2016-02-24 17:27:26 trace :
------------
Array:
from : o7SFQs2IsCJHACKJEN8RwthhAepQ ;
to : gh_f8ef5613cc37 ;
time : 1456306108 ;
type : event ;
event : VIEW ;
tousername : gh_f8ef5613cc37 ;
fromusername : o7SFQs2IsCJHACKJEN8RwthhAepQ ;
createtime : 1456306108 ;
msgtype : event ;
eventkey : http://we7.cc/app/index.php?i=10&j=10&c=entry&rid=14&do=photosvoteview&m=fm_photosvote ;
menuid : 402333412 ;

2016-02-24 17:27:26 params :
------------
Array:
rule : -2 ;
module :  ;
message : Array ;

2016-02-24 17:27:26 response :
------------

2016-02-24 17:27:47 trace :
------------
Array:
from : o7SFQs2IsCJHACKJEN8RwthhAepQ ;
to : gh_f8ef5613cc37 ;
time : 1456306129 ;
type : event ;
event : CLICK ;
tousername : gh_f8ef5613cc37 ;
fromusername : o7SFQs2IsCJHACKJEN8RwthhAepQ ;
createtime : 1456306129 ;
msgtype : event ;
eventkey : 联系我们 ;

2016-02-24 17:27:47 params :
------------
Array:
rule : -2 ;
module :  ;
message : Array ;

2016-02-24 17:27:47 response :
------------

2016-02-24 17:27:56 trace :
------------
Array:
from : o7SFQs2IsCJHACKJEN8RwthhAepQ ;
to : gh_f8ef5613cc37 ;
time : 1456306138 ;
type : event ;
event : CLICK ;
tousername : gh_f8ef5613cc37 ;
fromusername : o7SFQs2IsCJHACKJEN8RwthhAepQ ;
createtime : 1456306138 ;
msgtype : event ;
eventkey : 联系我们 ;

2016-02-24 17:27:56 params :
------------
Array:
rule : -2 ;
module :  ;
message : Array ;

2016-02-24 17:27:56 response :
------------

2016-02-24 17:28:21 trace :
------------
Array:
from : o7SFQs2IsCJHACKJEN8RwthhAepQ ;
to : gh_f8ef5613cc37 ;
time : 1456306163 ;
type : event ;
event : CLICK ;
tousername : gh_f8ef5613cc37 ;
fromusername : o7SFQs2IsCJHACKJEN8RwthhAepQ ;
createtime : 1456306163 ;
msgtype : event ;
eventkey : 招纳贤才 ;

2016-02-24 17:28:21 params :
------------
Array:
rule : -2 ;
module :  ;
message : Array ;

2016-02-24 17:28:21 response :
------------

2016-02-24 17:34:52 trace :
------------
Array:
from : o7SFQs2IsCJHACKJEN8RwthhAepQ ;
to : gh_f8ef5613cc37 ;
time : 1456306554 ;
type : event ;
event : CLICK ;
tousername : gh_f8ef5613cc37 ;
fromusername : o7SFQs2IsCJHACKJEN8RwthhAepQ ;
createtime : 1456306554 ;
msgtype : event ;
eventkey : 招纳贤才 ;

2016-02-24 17:34:52 params :
------------
Array:
rule : -2 ;
module :  ;
message : Array ;

2016-02-24 17:34:52 response :
------------

2016-02-24 17:36:50 trace :
------------
Array:
from : o7SFQs2IsCJHACKJEN8RwthhAepQ ;
to : gh_f8ef5613cc37 ;
time : 1456306672 ;
type : event ;
event : CLICK ;
tousername : gh_f8ef5613cc37 ;
fromusername : o7SFQs2IsCJHACKJEN8RwthhAepQ ;
createtime : 1456306672 ;
msgtype : event ;
eventkey : 招纳贤才 ;

2016-02-24 17:36:50 params :
------------
Array:
rule : -2 ;
module :  ;
message : Array ;

2016-02-24 17:36:50 response :
------------

2016-02-24 17:36:59 trace :
------------
Array:
from : o7SFQs2IsCJHACKJEN8RwthhAepQ ;
to : gh_f8ef5613cc37 ;
time : 1456306681 ;
type : event ;
event : CLICK ;
tousername : gh_f8ef5613cc37 ;
fromusername : o7SFQs2IsCJHACKJEN8RwthhAepQ ;
createtime : 1456306681 ;
msgtype : event ;
eventkey : 招纳贤才 ;

2016-02-24 17:36:59 params :
------------
Array:
rule : -2 ;
module :  ;
message : Array ;

2016-02-24 17:36:59 response :
------------

2016-02-24 17:41:38 trace :
------------
Array:
from : o7SFQs2IsCJHACKJEN8RwthhAepQ ;
to : gh_f8ef5613cc37 ;
time : 1456306960 ;
type : event ;
event : CLICK ;
tousername : gh_f8ef5613cc37 ;
fromusername : o7SFQs2IsCJHACKJEN8RwthhAepQ ;
createtime : 1456306960 ;
msgtype : event ;
eventkey : 招纳贤才 ;

2016-02-24 17:41:38 params :
------------
Array:
rule : -2 ;
module :  ;
message : Array ;

2016-02-24 17:41:38 response :
------------

2016-02-24 17:42:01 trace :
------------
Array:
from : o7SFQs2IsCJHACKJEN8RwthhAepQ ;
to : gh_f8ef5613cc37 ;
time : 1456306983 ;
type : event ;
event : subscribe ;
tousername : gh_f8ef5613cc37 ;
fromusername : o7SFQs2IsCJHACKJEN8RwthhAepQ ;
createtime : 1456306983 ;
msgtype : event ;
eventkey :  ;

2016-02-24 17:42:01 params :
------------
Array:
rule : -2 ;
module :  ;
message : Array ;

2016-02-24 17:42:01 response :
------------

2016-02-24 17:42:07 trace :
------------
Array:
from : o7SFQs2IsCJHACKJEN8RwthhAepQ ;
to : gh_f8ef5613cc37 ;
time : 1456306989 ;
type : event ;
event : CLICK ;
tousername : gh_f8ef5613cc37 ;
fromusername : o7SFQs2IsCJHACKJEN8RwthhAepQ ;
createtime : 1456306989 ;
msgtype : event ;
eventkey : 新品发布 ;

2016-02-24 17:42:07 params :
------------
Array:
rule : -2 ;
module :  ;
message : Array ;

2016-02-24 17:42:07 response :
------------

2016-02-24 17:42:16 trace :
------------
Array:
from : o7SFQs2IsCJHACKJEN8RwthhAepQ ;
to : gh_f8ef5613cc37 ;
time : 1456306998 ;
type : event ;
event : CLICK ;
tousername : gh_f8ef5613cc37 ;
fromusername : o7SFQs2IsCJHACKJEN8RwthhAepQ ;
createtime : 1456306998 ;
msgtype : event ;
eventkey : 联系我们 ;

2016-02-24 17:42:16 params :
------------
Array:
rule : -2 ;
module :  ;
message : Array ;

2016-02-24 17:42:16 response :
------------

2016-02-24 17:42:24 trace :
------------
Array:
from : o7SFQs2IsCJHACKJEN8RwthhAepQ ;
to : gh_f8ef5613cc37 ;
time : 1456307006 ;
type : text ;
event :  ;
tousername : gh_f8ef5613cc37 ;
fromusername : o7SFQs2IsCJHACKJEN8RwthhAepQ ;
createtime : 1456307006 ;
msgtype : text ;
content : 8 ;
msgid : 6254790964115400855 ;
redirection :  ;
source :  ;

2016-02-24 17:42:24 params :
------------
Array:
rule : -2 ;
module :  ;
message : Array ;

2016-02-24 17:42:24 response :
------------

2016-02-24 17:42:45 trace :
------------
Array:
from : o7SFQs2IsCJHACKJEN8RwthhAepQ ;
to : gh_f8ef5613cc37 ;
time : 1456307027 ;
type : text ;
event :  ;
tousername : gh_f8ef5613cc37 ;
fromusername : o7SFQs2IsCJHACKJEN8RwthhAepQ ;
createtime : 1456307027 ;
msgtype : text ;
content : 招纳贤才 ;
msgid : 6254791054309714089 ;
redirection :  ;
source :  ;

2016-02-24 17:42:45 params :
------------
Array:
rule : -2 ;
module :  ;
message : Array ;

2016-02-24 17:42:45 response :
------------

2016-02-24 17:43:47 trace :
------------
Array:
from : o7SFQs2IsCJHACKJEN8RwthhAepQ ;
to : gh_f8ef5613cc37 ;
time : 1456307089 ;
type : event ;
event : subscribe ;
tousername : gh_f8ef5613cc37 ;
fromusername : o7SFQs2IsCJHACKJEN8RwthhAepQ ;
createtime : 1456307089 ;
msgtype : event ;
eventkey :  ;

2016-02-24 17:43:47 params :
------------
Array:
rule : -2 ;
module :  ;
message : Array ;

2016-02-24 17:43:47 response :
------------

2016-02-24 17:44:29 trace :
------------
Array:
from : o7SFQs2IsCJHACKJEN8RwthhAepQ ;
to : gh_f8ef5613cc37 ;
time : 1456307131 ;
type : event ;
event : CLICK ;
tousername : gh_f8ef5613cc37 ;
fromusername : o7SFQs2IsCJHACKJEN8RwthhAepQ ;
createtime : 1456307131 ;
msgtype : event ;
eventkey : 招纳贤才 ;

2016-02-24 17:44:29 params :
------------
Array:
rule : -2 ;
module :  ;
message : Array ;

2016-02-24 17:44:29 response :
------------

2016-02-24 17:44:34 trace :
------------
Array:
from : o7SFQs2IsCJHACKJEN8RwthhAepQ ;
to : gh_f8ef5613cc37 ;
time : 1456307136 ;
type : event ;
event : CLICK ;
tousername : gh_f8ef5613cc37 ;
fromusername : o7SFQs2IsCJHACKJEN8RwthhAepQ ;
createtime : 1456307136 ;
msgtype : event ;
eventkey : 联系我们 ;

2016-02-24 17:44:34 params :
------------
Array:
rule : -2 ;
module :  ;
message : Array ;

2016-02-24 17:44:34 response :
------------

2016-02-24 17:44:39 trace :
------------
Array:
from : o7SFQs2IsCJHACKJEN8RwthhAepQ ;
to : gh_f8ef5613cc37 ;
time : 1456307141 ;
type : event ;
event : CLICK ;
tousername : gh_f8ef5613cc37 ;
fromusername : o7SFQs2IsCJHACKJEN8RwthhAepQ ;
createtime : 1456307141 ;
msgtype : event ;
eventkey : 公司简介 ;

2016-02-24 17:44:39 params :
------------
Array:
rule : -2 ;
module :  ;
message : Array ;

2016-02-24 17:44:39 response :
------------

2016-02-24 17:44:44 trace :
------------
Array:
from : o7SFQs2IsCJHACKJEN8RwthhAepQ ;
to : gh_f8ef5613cc37 ;
time : 1456307146 ;
type : event ;
event : CLICK ;
tousername : gh_f8ef5613cc37 ;
fromusername : o7SFQs2IsCJHACKJEN8RwthhAepQ ;
createtime : 1456307146 ;
msgtype : event ;
eventkey : 家具常识 ;

2016-02-24 17:44:44 params :
------------
Array:
rule : -2 ;
module :  ;
message : Array ;

2016-02-24 17:44:44 response :
------------

2016-02-24 17:44:52 trace :
------------
Array:
from : o7SFQs2IsCJHACKJEN8RwthhAepQ ;
to : gh_f8ef5613cc37 ;
time : 1456307154 ;
type : event ;
event : CLICK ;
tousername : gh_f8ef5613cc37 ;
fromusername : o7SFQs2IsCJHACKJEN8RwthhAepQ ;
createtime : 1456307154 ;
msgtype : event ;
eventkey : 场景应用 ;

2016-02-24 17:44:52 params :
------------
Array:
rule : -2 ;
module :  ;
message : Array ;

2016-02-24 17:44:52 response :
------------

2016-02-24 17:44:53 trace :
------------
Array:
from : o7SFQs2IsCJHACKJEN8RwthhAepQ ;
to : gh_f8ef5613cc37 ;
time : 1456307155 ;
type : event ;
event : CLICK ;
tousername : gh_f8ef5613cc37 ;
fromusername : o7SFQs2IsCJHACKJEN8RwthhAepQ ;
createtime : 1456307155 ;
msgtype : event ;
eventkey : 新品发布 ;

2016-02-24 17:44:53 params :
------------
Array:
rule : -2 ;
module :  ;
message : Array ;

2016-02-24 17:44:53 response :
------------

2016-02-24 17:44:56 trace :
------------
Array:
from : o7SFQs2IsCJHACKJEN8RwthhAepQ ;
to : gh_f8ef5613cc37 ;
time : 1456307157 ;
type : event ;
event : CLICK ;
tousername : gh_f8ef5613cc37 ;
fromusername : o7SFQs2IsCJHACKJEN8RwthhAepQ ;
createtime : 1456307157 ;
msgtype : event ;
eventkey : 首页 ;

2016-02-24 17:44:56 params :
------------
Array:
rule : -2 ;
module :  ;
message : Array ;

2016-02-24 17:44:56 response :
------------

2016-02-24 17:44:57 trace :
------------
Array:
from : o7SFQs2IsCJHACKJEN8RwthhAepQ ;
to : gh_f8ef5613cc37 ;
time : 1456307159 ;
type : event ;
event : CLICK ;
tousername : gh_f8ef5613cc37 ;
fromusername : o7SFQs2IsCJHACKJEN8RwthhAepQ ;
createtime : 1456307159 ;
msgtype : event ;
eventkey : 实木系列 ;

2016-02-24 17:44:57 params :
------------
Array:
rule : -2 ;
module :  ;
message : Array ;

2016-02-24 17:44:57 response :
------------

2016-02-24 17:44:58 trace :
------------
Array:
from : o7SFQs2IsCJHACKJEN8RwthhAepQ ;
to : gh_f8ef5613cc37 ;
time : 1456307160 ;
type : event ;
event : VIEW ;
tousername : gh_f8ef5613cc37 ;
fromusername : o7SFQs2IsCJHACKJEN8RwthhAepQ ;
createtime : 1456307160 ;
msgtype : event ;
eventkey : http://ws.mxnt.net/index.php?g=Wap&m=Index&a=lists&classid=368&token=yqxpxq1429233090 ;
menuid : 402333412 ;

2016-02-24 17:44:58 params :
------------
Array:
rule : -2 ;
module :  ;
message : Array ;

2016-02-24 17:44:58 response :
------------

2016-02-24 18:07:58 trace :
------------
Array:
from : o7SFQs6sXET9aWZ0f9miZjVhm00U ;
to : gh_f8ef5613cc37 ;
time : 1456308540 ;
type : event ;
event : CLICK ;
tousername : gh_f8ef5613cc37 ;
fromusername : o7SFQs6sXET9aWZ0f9miZjVhm00U ;
createtime : 1456308540 ;
msgtype : event ;
eventkey : 场景应用 ;

2016-02-24 18:07:58 params :
------------
Array:
rule : -2 ;
module :  ;
message : Array ;

2016-02-24 18:07:58 response :
------------

2016-02-24 18:08:04 trace :
------------
Array:
from : o7SFQs6sXET9aWZ0f9miZjVhm00U ;
to : gh_f8ef5613cc37 ;
time : 1456308546 ;
type : event ;
event : CLICK ;
tousername : gh_f8ef5613cc37 ;
fromusername : o7SFQs6sXET9aWZ0f9miZjVhm00U ;
createtime : 1456308546 ;
msgtype : event ;
eventkey : 实木系列 ;

2016-02-24 18:08:04 params :
------------
Array:
rule : -2 ;
module :  ;
message : Array ;

2016-02-24 18:08:04 response :
------------

2016-02-24 18:08:28 trace :
------------
Array:
from : o7SFQs6sXET9aWZ0f9miZjVhm00U ;
to : gh_f8ef5613cc37 ;
time : 1456308570 ;
type : event ;
event : CLICK ;
tousername : gh_f8ef5613cc37 ;
fromusername : o7SFQs6sXET9aWZ0f9miZjVhm00U ;
createtime : 1456308570 ;
msgtype : event ;
eventkey : 场景应用 ;

2016-02-24 18:08:28 params :
------------
Array:
rule : -2 ;
module :  ;
message : Array ;

2016-02-24 18:08:28 response :
------------

2016-02-24 18:21:35 trace :
------------
Array:
from : o7SFQs2IsCJHACKJEN8RwthhAepQ ;
to : gh_f8ef5613cc37 ;
time : 1456309357 ;
type : event ;
event : CLICK ;
tousername : gh_f8ef5613cc37 ;
fromusername : o7SFQs2IsCJHACKJEN8RwthhAepQ ;
createtime : 1456309357 ;
msgtype : event ;
eventkey : 招纳贤才 ;

2016-02-24 18:21:35 params :
------------
Array:
rule : -2 ;
module :  ;
message : Array ;

2016-02-24 18:21:35 response :
------------

2016-02-24 18:28:53 trace :
------------
Array:
from : o7SFQs2IsCJHACKJEN8RwthhAepQ ;
to : gh_f8ef5613cc37 ;
time : 1456309796 ;
type : event ;
event : CLICK ;
tousername : gh_f8ef5613cc37 ;
fromusername : o7SFQs2IsCJHACKJEN8RwthhAepQ ;
createtime : 1456309796 ;
msgtype : event ;
eventkey : 公司简介 ;

2016-02-24 18:28:54 params :
------------
Array:
rule : -2 ;
module :  ;
message : Array ;

2016-02-24 18:28:54 response :
------------

2016-02-24 18:31:19 trace :
------------
Array:
from : o7SFQs2IsCJHACKJEN8RwthhAepQ ;
to : gh_f8ef5613cc37 ;
time : 1456309941 ;
type : event ;
event : CLICK ;
tousername : gh_f8ef5613cc37 ;
fromusername : o7SFQs2IsCJHACKJEN8RwthhAepQ ;
createtime : 1456309941 ;
msgtype : event ;
eventkey : 招纳贤才 ;

2016-02-24 18:31:19 params :
------------
Array:
rule : -2 ;
module :  ;
message : Array ;

2016-02-24 18:31:19 response :
------------

2016-02-24 20:13:06 trace :
------------
Array:
from : o7SFQs2IsCJHACKJEN8RwthhAepQ ;
to : gh_f8ef5613cc37 ;
time : 1456316048 ;
type : event ;
event : CLICK ;
tousername : gh_f8ef5613cc37 ;
fromusername : o7SFQs2IsCJHACKJEN8RwthhAepQ ;
createtime : 1456316048 ;
msgtype : event ;
eventkey : 招纳贤才 ;

2016-02-24 20:13:06 params :
------------
Array:
rule : -2 ;
module :  ;
message : Array ;

2016-02-24 20:13:06 response :
------------

2016-02-24 20:13:24 trace :
------------
Array:
from : o7SFQs2IsCJHACKJEN8RwthhAepQ ;
to : gh_f8ef5613cc37 ;
time : 1456316066 ;
type : event ;
event : CLICK ;
tousername : gh_f8ef5613cc37 ;
fromusername : o7SFQs2IsCJHACKJEN8RwthhAepQ ;
createtime : 1456316066 ;
msgtype : event ;
eventkey : 招纳贤才 ;

2016-02-24 20:13:24 params :
------------
Array:
rule : -2 ;
module :  ;
message : Array ;

2016-02-24 20:13:24 response :
------------

2016-02-24 20:13:29 trace :
------------
Array:
from : o7SFQs2IsCJHACKJEN8RwthhAepQ ;
to : gh_f8ef5613cc37 ;
time : 1456316072 ;
type : event ;
event : CLICK ;
tousername : gh_f8ef5613cc37 ;
fromusername : o7SFQs2IsCJHACKJEN8RwthhAepQ ;
createtime : 1456316072 ;
msgtype : event ;
eventkey : 招纳贤才 ;

2016-02-24 20:13:29 params :
------------
Array:
rule : -2 ;
module :  ;
message : Array ;

2016-02-24 20:13:29 response :
------------

2016-02-24 20:13:48 trace :
------------
Array:
from : o7SFQs2IsCJHACKJEN8RwthhAepQ ;
to : gh_f8ef5613cc37 ;
time : 1456316091 ;
type : event ;
event : CLICK ;
tousername : gh_f8ef5613cc37 ;
fromusername : o7SFQs2IsCJHACKJEN8RwthhAepQ ;
createtime : 1456316091 ;
msgtype : event ;
eventkey : 招纳贤才 ;

2016-02-24 20:13:48 params :
------------
Array:
rule : -2 ;
module :  ;
message : Array ;

2016-02-24 20:13:48 response :
------------

2016-02-24 22:25:22 trace :
------------
Array:
from : o7SFQs43hsLAJMu7lGRxaLWyKUmA ;
to : gh_f8ef5613cc37 ;
time : 1456323984 ;
type : event ;
event : CLICK ;
tousername : gh_f8ef5613cc37 ;
fromusername : o7SFQs43hsLAJMu7lGRxaLWyKUmA ;
createtime : 1456323984 ;
msgtype : event ;
eventkey : 首页 ;

2016-02-24 22:25:22 params :
------------
Array:
rule : -2 ;
module :  ;
message : Array ;

2016-02-24 22:25:22 response :
------------

