2016-12-13 02:11:22 trace :
------------
Array:
from : oRPPWvmdYr4UAcWixX3OU2dQzVUU ;
to : gh_b1f7fee0dba6 ;
time : 1481566282 ;
type : event ;
event : VIEW ;
tousername : gh_b1f7fee0dba6 ;
fromusername : oRPPWvmdYr4UAcWixX3OU2dQzVUU ;
createtime : 1481566282 ;
msgtype : event ;
eventkey : http://a220.10vip10.cn/app/index.php?i=61&c=entry&eid=105 ;
menuid : 433679359 ;

2016-12-13 02:11:22 params :
------------
Array:
rule : -2 ;
module :  ;
message : Array ;

2016-12-13 02:11:22 response :
------------

2016-12-13 07:16:28 trace :
------------
Array:
from : oRPPWvnYKIEbg2j4iHmDXAoN47xo ;
to : gh_b1f7fee0dba6 ;
time : 1481584588 ;
type : event ;
event : VIEW ;
tousername : gh_b1f7fee0dba6 ;
fromusername : oRPPWvnYKIEbg2j4iHmDXAoN47xo ;
createtime : 1481584588 ;
msgtype : event ;
eventkey : http://a220.10vip10.cn/app/index.php?i=61&c=entry&eid=105 ;
menuid : 433679359 ;

2016-12-13 07:16:28 params :
------------
Array:
rule : -2 ;
module :  ;
message : Array ;

2016-12-13 07:16:28 response :
------------

2016-12-13 07:16:33 trace :
------------
Array:
from : oRPPWvnYKIEbg2j4iHmDXAoN47xo ;
to : gh_b1f7fee0dba6 ;
time : 1481584593 ;
type : event ;
event : VIEW ;
tousername : gh_b1f7fee0dba6 ;
fromusername : oRPPWvnYKIEbg2j4iHmDXAoN47xo ;
createtime : 1481584593 ;
msgtype : event ;
eventkey : http://a220.10vip10.cn/app/index.php?i=61&c=entry&eid=105 ;
menuid : 433679359 ;

2016-12-13 07:16:33 params :
------------
Array:
rule : -2 ;
module :  ;
message : Array ;

2016-12-13 07:16:33 response :
------------

2016-12-13 13:12:46 trace :
------------
Array:
from : oRPPWvsQCYzAFaPaLHy8UHf6UglU ;
to : gh_b1f7fee0dba6 ;
time : 1481605966 ;
type : event ;
event : subscribe ;
tousername : gh_b1f7fee0dba6 ;
fromusername : oRPPWvsQCYzAFaPaLHy8UHf6UglU ;
createtime : 1481605966 ;
msgtype : event ;
eventkey : last_trade_no_4006422001201611058784815153 ;
scene : last_trade_no_4006422001201611058784815153 ;
ticket :  ;

2016-12-13 13:12:46 params :
------------
Array:
rule : -2 ;
module :  ;
message : Array ;

2016-12-13 13:12:46 response :
------------

2016-12-13 14:13:38 trace :
------------
Array:
from : oRPPWvq_YUKAeEyfpO4XRxt68u8w ;
to : gh_b1f7fee0dba6 ;
time : 1481609617 ;
type : event ;
event : VIEW ;
tousername : gh_b1f7fee0dba6 ;
fromusername : oRPPWvq_YUKAeEyfpO4XRxt68u8w ;
createtime : 1481609617 ;
msgtype : event ;
eventkey : http://a220.10vip10.cn/app/index.php?i=61&c=entry&eid=105 ;
menuid : 433679359 ;

2016-12-13 14:13:38 params :
------------
Array:
rule : -2 ;
module :  ;
message : Array ;

2016-12-13 14:13:38 response :
------------

2016-12-13 16:17:40 trace :
------------
Array:
from : oRPPWvsY4fohBe3O0opGxYXSUp-E ;
to : gh_b1f7fee0dba6 ;
time : 1481617059 ;
type : event ;
event : VIEW ;
tousername : gh_b1f7fee0dba6 ;
fromusername : oRPPWvsY4fohBe3O0opGxYXSUp-E ;
createtime : 1481617059 ;
msgtype : event ;
eventkey : http://a220.10vip10.cn/app/index.php?i=61&c=entry&eid=105 ;
menuid : 433679359 ;

2016-12-13 16:17:40 params :
------------
Array:
rule : -2 ;
module :  ;
message : Array ;

2016-12-13 16:17:40 response :
------------

