2016-01-25 00:00:57 debug :
------------
String:
account-ticket<xml>
    <AppId><![CDATA[wxe5b18b9bd7e3626b]]></AppId>
    <Encrypt><![CDATA[TZk3DJOY59GIvfUPfp4EG+OzQL37SOrpU3OYh7OSAsARYwGxCA9biqRrcHh7ZlMoEBYidBx/qICWoVJWkk5QfOV9oLyRPO7kNw97DKwsA8RoLRI0qAoL61t61IOt1aE4SAjqdn2Rs6g5j6ov4I2hCA3+E4FRDgp0wGAKmNxC443dqvmIcV6kySkY0lkVeIQmCkTSPscILwEPNCZg7KbQ3PIsSxOMbgr1BWjaHZhhmJEqBmzLmXLb1LccFwUysOETNnklbrIb6xoJ1D+WoQ5MfSFi6PmzSBRR/Xj5MEygsJlkCCaZAlTwV/rYMbExXxG3am22WrHNOLQ8FNKPRuYa7XrVA10gmwoIBPiyxHSVG+TskEd1p1XxT30HnUUddnbmj0sm+9ps/xRG85Fr2N5erUnBHwXwiC6aeO1tZU+JUc86zOzD5gQJZuZJ4JiRO/KTOa4352h1jX3JfEbL6qt8IA==]]></Encrypt>
</xml>


2016-01-25 00:04:05 trace :
------------
Array:
from : oTkNdwYnvfbGW3jl_SPZZx-LDoA4 ;
to : gh_cf305f6ee642 ;
time : 1453651454 ;
type : event ;
event : VIEW ;
tousername : gh_cf305f6ee642 ;
fromusername : oTkNdwYnvfbGW3jl_SPZZx-LDoA4 ;
createtime : 1453651454 ;
msgtype : event ;
eventkey : http://www.tonell.cn/wap/index.php?ctl=user_message ;
menuid : 401129803 ;

2016-01-25 00:04:05 params :
------------
Array:
rule : -2 ;
module :  ;
message : Array ;

2016-01-25 00:04:05 response :
------------

2016-01-25 00:10:53 debug :
------------
String:
account-ticket<xml>
    <AppId><![CDATA[wxe5b18b9bd7e3626b]]></AppId>
    <Encrypt><![CDATA[isfw7aX63zlx6mCqG2Nokc1CfUfW2+tNCsYCL36J7oHbIHkoU7PijkMJJwg5HcyveIoN44orTk+ZqPMFNk1n6Bq3wdgaII/g7EjuACDtKdr1goXYKJXSNf2Rxa6T3NGMGIADPqYeiEj7OQuhNeGMcxNw36CiKDwLiaSe/PhEg0BHoYVRV7OTNzpOW9o1zivJlweFdLJx/tZUSiB7WQTb6ZZ7dj2DPSXqxU8yl6ZhJrCuDSWOIBjPgN3ZVjY9bvDGvik6qsbkcIMMdINURebLu4xIaZGM7VxRoBGVQDzNyRon4YQo4x1spA3co2+4CKOCxVMv01fBZigP9CGPG84a2CjqxrYy47+hFUKZ19tj1NYuh2/x+Grag0G5ZUqjOES0AchMZF+LfDJaVZTbN+RyeC2+U4cA9DBQhPd+b5ShLiu+4dHAUt3GaMuROx5p0NTLK55AbtV0MSssGT/jUWAQSw==]]></Encrypt>
</xml>


2016-01-25 00:20:52 debug :
------------
String:
account-ticket<xml>
    <AppId><![CDATA[wxe5b18b9bd7e3626b]]></AppId>
    <Encrypt><![CDATA[sA7kOT6vhUBWvuO9JoKDI5d/YI8Vjnuxg/0QG+aQww3oXWhDD/72jQCNF4J2IBTFQiZuwThlNq7z53qhjstBcS19iBlEC4gKMJyx9hi55vMMyUsR8JolGtbN6brS+nbYcxGzFEZzl2djwL57sICcVBMS89NKw7TZpwVWRe+nC0/40orYy5JRrIz97k/Qywc/Df/zsPiIdziM4ad9po1pw2wnCc+11dggGf8RhxtfI0Bh2WKM72NOmN03jced7/V2bgADphCuxhz8NrhhinNh3WcpBihijbC97epfl4nox6UvCp/X/sTYKBXfHcJdd/61upEFByr7DoZN7to7WcV5jgDWs0O5YY7+RHmyIekgL5lJ2ci2lvnDJgrVsqOCzxhRznPfJEQGXLD1/iGUMwuzKhTDGTDmL6uwRSzn/GRFznNNorlmtrM0+fz33nGXR3wzoWnhAfET9q3308fb2YQF7Q==]]></Encrypt>
</xml>


2016-01-25 00:30:52 debug :
------------
String:
account-ticket<xml>
    <AppId><![CDATA[wxe5b18b9bd7e3626b]]></AppId>
    <Encrypt><![CDATA[I/F+v5AQAfyU89ym+GD6e8ZXOx+7pGYYHN03qi3obnPbeCCPP756KHjhOwaRpKW1l29Oiw/trbJ2nEYtubfwxIYqQfUz7+RAVFbAXu7mPNBlmgUJ6Dj3+S3xdopmCzaLh3FCPZl/17wKge27xtutwmhHnr5WtFuwfManvquOMhn10PIjQOcyzRPdn8RGD8iLxn6Il9G9EknfHRCEi2be0+kEZi+QtuGgM3EQLu5wPWOZB8xcCNiNqikoqvBfiCSQglbZTIsdU8IWMbTjK/0+EhO06XNsj1rvF58+FYGhr6IFm0B9tCYrHDJ5UTCbUMmrwA0mkOPp7otGy1+9LGhqxLioIq1yuKT3eScMFxgZH4FsBRlU2XvJoV87ek3vrX9GuZ36BcCJT6Ttcc/+bO1rRniBSC/uekA/AnuWEa6jZApR/W28i+VFg0Q7waGy7s0f6ws8i3gT20otF6g5x5ZV2g==]]></Encrypt>
</xml>


2016-01-25 00:40:51 debug :
------------
String:
account-ticket<xml>
    <AppId><![CDATA[wxe5b18b9bd7e3626b]]></AppId>
    <Encrypt><![CDATA[0AipMrQw3NKRY2kONNy5LSsqSRp95oWL6QhwkprwkTjRo5bD8Ob1r+IjYdaBsjAWadayrbyeJ1Y7G0DzP4mPhUD/4w03qY58MExb9cXWJV961zDDtA7armvCE7ReCVf54TNr3dHoDfDrE0q6DuXrek2zfn9hJjQOGz19ER8Octqu4fInrDRZWvGevrhEM9Nz9lhJ2MZ6VBokocB8FsBPNQzvgJq/SB1rmJ30ST1FFnjRehSDlZ93fyqngvKNA6juyTTjR4OnU8bKNaqvFTKQVnSBJMlgh945iHvD8yGT4eoaE00ZHmfJxP8NvSzDRveB4z2MxESnDndK+VV3O/Itx8us30A6ttMvCmMRWfudXXhZPWUYd4OwX83wPfcIqYFmkQD89Tqk3LrBRpQMXeILaxz7v6TfbXGxFcmZrlAyIJ0HC7QTzxja2+p/MAr447lPhuJ43nHbHq7ALMHR/Ttoaw==]]></Encrypt>
</xml>


2016-01-25 00:50:50 debug :
------------
String:
account-ticket<xml>
    <AppId><![CDATA[wxe5b18b9bd7e3626b]]></AppId>
    <Encrypt><![CDATA[ld7YlbyeUVmSLAlygad+myuzGOUQxIYHWoxh/cOD4cHPA4+fiGzyHrbDT7bg/rHh5HJn+3vIkAlGNylSivf0fN64K3wWknbTOUvLVu2et7pUmYb0c8jqyytcDW+/ccekTd26J1WcbunhDKSQLmF2UcUOIw1ip57WE5MgPACrfjYXsFhHUbspylgFXlYRLXLp2FL4e693E/ZsAzlt3aHUGjLP7b90L6vZnHjU693WF3fsaz3C9jeNemNegtVwQ1eSZvTxcxnIaFsUjLUp42atOojwLF/c5HW3Y5Rk+PRYj+SMU5chS0DP1A6w8iN/Ym5MxMECJUd/6Y7ij3EuzBhjApYjjDJDkFEfBaKTgcwrzHXXvkjz01h6DwL/mxLzewBehIVMVGXl+Nwi1OPdbH4hVCki4gcwYxnIlJBFRhvixVl5/sAWFFFNZekMgQAZoFcGByaf5lmVbxUXgv9N4TewiA==]]></Encrypt>
</xml>


2016-01-25 01:00:54 debug :
------------
String:
account-ticket<xml>
    <AppId><![CDATA[wxe5b18b9bd7e3626b]]></AppId>
    <Encrypt><![CDATA[f+yS6Hd5pCB65gmkJUEOMPo+j6FBTIRU9fFZhCuY0UyodgVD0sUwxk0Qb/vEMEAlGiMy93OWec4GgPbI+5Fkiql/GtCvstl7/IDEuwOh5hnThGo1kCt5fQBmsLuSpBQ+9X8G74yO3Hideg6d466d81ViPTHZnjHkqmZN4muGvxhDrBAwsxEM2Sv3p+jVLt40b07yqbHc9XYp50BrN3hjg6/0ac7yFjFlu6x2h5+3ZAltgJlSjE6LY1WkBXcuM8lAdS50e750KofY0ETttZ2OtfnnwXwab0xNCLX33LmyD3wPEYbygCROxwt7DINe+J66pQLlfRWGc4xb9CMuPi+9skVrXlgpZvNwafAeqwlrCyodDco1w943o+Dfe58B0TT8pzipQD4mYYq/oJnP1SQvi/uczHjwDrrfwRxROwPezJaf6Q/pOkFT9yWvXo+Ffjh6aZdCj4r6SeaZE5z/2lJm6w==]]></Encrypt>
</xml>


2016-01-25 01:10:53 debug :
------------
String:
account-ticket<xml>
    <AppId><![CDATA[wxe5b18b9bd7e3626b]]></AppId>
    <Encrypt><![CDATA[Few6AhztUksJ8jnqy8Y7eSVHTS4QwTOUQjfxeeN/GJR6pd35KfbRWmRAvpoklB/8dMeO4wfRaa2n+Prm2eOe7TEIWRixWel0wpeGq8AMDt21OSeXOnFBWiDfbE6V7wEAymnZqRWiO9JP9zJA+Yk4Rmp7fuNBDZuZ+5iJ8svYv5Th7PZch06D4MzYCY36vnRFubQ6mHtDyTrfSVOPt2TDp7UYsvgYxsp54Ke4WOTZRCgZKDzExdC9p5Ar9TeUumEysnvMcfOQNnocqnALQNfcXRpDiZJUsrORKigIIHCCT8uCjjjAHdafqJ7aB0GMxXmsnzU+3Skw5e9G1doK3eRRByD4aJkHfgHYInhDNZxuPY0KFEIIreLP5uG5biODWcg7IuqIfYNDwo5jG7gFXsH3iEn3Aq7v0Tzdo2VKn55zbueUSUU1eB9UP9d/zrwmcEMSVwf/P6KvsrXJUieZg5eZVQ==]]></Encrypt>
</xml>


2016-01-25 01:20:53 debug :
------------
String:
account-ticket<xml>
    <AppId><![CDATA[wxe5b18b9bd7e3626b]]></AppId>
    <Encrypt><![CDATA[+BwK0NfNwvUa+ekgPDwaqD/59OF5BOMLn+yPBEMHoAkWVykFLmRA9f4kCJxt3OXNS3XHTQ7ZihnP/zP66+l6e2iEwX1/cg50DsqxFZrQ2dNby6tEdrV1P5yveZK0DjGyTpLDydsOBCklJnveruXxBxRHyR/tv3lF4eTuvBuXW0qBlE0BsU5iOVYWSz+JCw/VUzT0dEt/l68uqpGv3zX8uGCbsLgBiCO71dSuVYEUsQg2DlYNXwY6g1Heq8MJAd7oOMS7Zd/CS+OirWMtvPC7JWUgACxOZxJmCkX2t9/2aevs+t9cK3L65VmrvolaNb6CJCDxuumLRX7T4ZxbejqCD+xAjgGCnK1f27+Zv+G1/DddYMPFSLT5v0J8pPsreHP7BHAajNKMzQmv0uKqUK1ctg3PKbs+BMpIzNRltJDdqi1STHwDFDb9RotnrW+i3dt5rmuo6qdPnryd9oOXNPvS/A==]]></Encrypt>
</xml>


2016-01-25 01:30:53 debug :
------------
String:
account-ticket<xml>
    <AppId><![CDATA[wxe5b18b9bd7e3626b]]></AppId>
    <Encrypt><![CDATA[CaW4qJ04IcLOFioqHeH1rVeQqYJo2CbS6a6bFRc9gfYYZJqewrwdMcbFqi3AlMf3bCzF6TH8TP3jXxn0CPXNCy6nIVirRWeTkI++QlKTd41gwNe0U+4jfqqbY6rx9hjHs8+ZgATJ2TEvbRmLaSysRaC5EpLO5Q4HNiTYau1mhvxh/SESxry7if02rUVGK1LLtz6Ihj0AOGG3oFYXjUAiw/BjazIbv6i4XGChHlM8OMZXYx8LVoKgmTZoFmD2d4ULia//f5fs+oliRX3QgWUSz6JxmAx6VfHOwaY9H3/YPg3vLWTo6vltttMopEJNFmmZWwgeNC5q9mvACp2Bz7sr4cPs+ygGas7Mx88QxJlRG/ui+pFbspB4BnCY7puTBv8e4pceFoTBj/B4qVFEpkrBZ1+vdSzQ6NEljeI/k2VlaZY1ItFif+EvLVrl6zPcj7q2gC8YB3mWYa2V56dm99+QGg==]]></Encrypt>
</xml>


2016-01-25 01:40:53 debug :
------------
String:
account-ticket<xml>
    <AppId><![CDATA[wxe5b18b9bd7e3626b]]></AppId>
    <Encrypt><![CDATA[QnGYd73gHdThe1cLkfcPC+4rJQZlQXjzEh4V7Etm7TLqLEtJJKlXNRkCuuRFz0I8wyoAEhEJiIzmr5sVDjKQsUw0U3CV+96ImQBe7cJY0oTZzf0VRWdUXiNW4zEQJpdSKk+R+8cqnf8o3Je1NzDfFWTM5naS2HCyG3X25H3H8BUFq/9zwMIgYdVQqXq09YITArDhY6NRB7L/h3HPYSa2ysZEXegs7IPyaZ5KjJWxFpR12v3h39By/olX5Yjo93QzDkEhxL43NuaGd4WoIsjjUSDKsOkGeOi49pn+vAT2shrVxdlPgWUmRE65ajS1zR5v7CsPAU8FeOvxGs0Pn4QMXoZVuNLxrHhSwi9t69p8w/DjyA3VWkigjMHKP/F1+uwnHrs+xKxs3p2ZOtMj+f1yb7oZuT8NX3uwzEqUupYydcTfDH3heYQ8qOcNEamIVghMrpd2OjDFHSXo4ey6Mf6rRA==]]></Encrypt>
</xml>


2016-01-25 01:50:52 debug :
------------
String:
account-ticket<xml>
    <AppId><![CDATA[wxe5b18b9bd7e3626b]]></AppId>
    <Encrypt><![CDATA[9Ea2Qcycv0ez624LCiYTy0N40z3zkoUVApWr+nXJyQUyfsgmaGDnHiQsDWTCO2nlVrB44qvpXg4JiVAlZDY7VOcY8MxxBnOEYLdGZG3Ba25g1Ly9lBh2YtRDIrRwhgLttZhLTX1MojB8Ly9MaDTkcejxPx8sxxk7DWo2WNbY4iTUkApFRKiiV3fFba/fqMcAdUuPFohKLLhKxqCT/ksHFJPgAb6uhGqPrzW4i/Qu/HKMh6pXjGfRhoUaZDUyMEA7M2pGy9jNRxDyCAm9ZHrQRSrGyEAm98QjfPycPBx4ZlntzxtUWDSNmUzAmGjyT8ZOh2AEHKlynZq42xtGg3eEgkdSl1tJVNKdy7V2SV6heG2BxfLHZn3WQQVQWoSweVHb+pGJym+/vyraX2D/COyQy2odjeSd3c76u007U164IKOQZaFLBp8Ey+GiKaQV+4jWVNLUYhqyfLkFR+pgY1hgcA==]]></Encrypt>
</xml>


2016-01-25 02:00:53 debug :
------------
String:
account-ticket<xml>
    <AppId><![CDATA[wxe5b18b9bd7e3626b]]></AppId>
    <Encrypt><![CDATA[Nzom0Cqhv2nwNHIgVDoK6n0Hh/ojhRF1c3zWEZhxrzR7NK+XldlXkplNfoSVqG9fQiE0ybmPgO6VZCQSJkGCK+8qczjsLQvcQpqSQpjcpu4w77SK4BfOpl3sZGgbcp4ksO9qCrOV4zj5CT2dn9JGvi+9N1fJINjOSA7kIr6XXw4WSkqO7RAXB8OZzMJ0zzaubqNF1hT07+BzbbN3AeU5frgCwCqvd7ZO45oW2lQ2E31tx8HDnNofA+Nv5rF6GwkOQBBxtdtrHATp8lf8+f/CpeSVhhNOM7WSR2mpHxvVdlgVp4d5NZwipdH8+Ds2iX281Jg9rXuxeB3yGgpM0oRiFGUSe/9D0Ov89qUmRWzYI9ReI4MzEAseTPGPqKSRswqVr3b1MvO3D6x68hqw0TcW/2ULvHBAc02w+x0kwelRIRzvSAuFoUEg4q8y+pba2OUsjE5aZesf4+Qd00bHRNZjLw==]]></Encrypt>
</xml>


2016-01-25 02:10:53 debug :
------------
String:
account-ticket<xml>
    <AppId><![CDATA[wxe5b18b9bd7e3626b]]></AppId>
    <Encrypt><![CDATA[YpHlTW8vwyD/EMSlk++E2haLQ1yZKdT0hMjaGr2MNZPzwU/0K6D0emTUp1yPGF8CScmvQgAF/zTgMwG+PK4BG4c0rpsEBBY6uXq6pmGa6Fng3+yZPb1JoQlTfQoWgS/86HVhwfYaCaTjS81VvmhSmb29JI0oBva3u+yoR5J2X/3Ins7IvPwObFRCkB1Nam8jBIBd4VPyO0XhoLeZdIQfj/XXKJrzQGgCEE84cPW+LcyFTGkF7KuF0EVJ//QcYR2taOyAMs5ucvtgSlGkES+6Uwq1THk8APSuLYdt/ize0Wi3PHumXaCqr7toJlsap3f+627g9xoDPy6OLnw1J0kmpXU60SoUUV8qTmcPrs1+Df+JsNiAFUSuGSRCxlugBnLrWFpxknxLRkrUhB+TcRkixcl1BHfxyBPu7Unuajtok/9ysezV/FwVFmTSXmofu0BiA6DZJ0DpSjWrDjTII8Lscw==]]></Encrypt>
</xml>


2016-01-25 02:20:54 debug :
------------
String:
account-ticket<xml>
    <AppId><![CDATA[wxe5b18b9bd7e3626b]]></AppId>
    <Encrypt><![CDATA[gyvYE9Uyxzg41xjJci4QZfZcOPHN8oLfdIY/t/hKPe1229imrdOx0OKThQ0OQkpXUo3U5bT8ubS5BX1ZdtSmTX9H1QryXtVIng4prBsonpi4x6wzmw+kpovcYlzIczC+/zbln+H4twJvnXK9IytcBFLjeK218WgGextUuFA69YWj1eDcryzTYP5FjJ7WhA/TgequBq7Is/0Rb5SijcYYEZACa6P0VXYPwsXCf6HXnIbuN/PKarGF2XwN6X8bWbbjNTFvUMztMGGdFGksmMZkPdn9KOoXg6Kpo72mCP5SSbDSVnoem0g803LZa6UCOTj94ObyPtIrHQWmyBv1iHlwNF53gkWqVA3JDFpUCPINEVoMdwQ9cYxkapK4G7OPYeGRQDmiXnFDKuP8RhrbgTOoEgIXbG39ajdWqzrwz2rD1DX9i29SdDD1RJU+DABMIf1kjs8S2n71TED2NMNj64OjDQ==]]></Encrypt>
</xml>


2016-01-25 02:30:53 debug :
------------
String:
account-ticket<xml>
    <AppId><![CDATA[wxe5b18b9bd7e3626b]]></AppId>
    <Encrypt><![CDATA[OSs1kd87OuG+09gSlIjwx1z8BvfX/W6uuby6/g6kFInOnCgeEObFYVkZtW1BZ5dbWfwO5sTgC+xDYXWGu1vXE3Gej5q/IkebGwF3so7UHsN7r0AltGouxlusqEjSzCco6IpxifyM0lBgBcLF4/Czu2kkvUqGv+SS/Hbwg5TDeWqEIhhNub8m7zGfhnfZ0AZoE+oCUHgjMhsCQgw8k9zbXSWRgaVcTW7GJzhkOGslwy2TDOspkySNm2C1qy6f+dF1qBZyHsfLE7cYRC6rkR55UJNfVwvljAFLVl/tKy0YPU8B5RazA0KlClEXF3yOc/CYhcvWCiZz30YGe+vrmWiX6hFCw6NfJnQrtLp1WcMZIW4J1fjqDIBd4oE6jnC8PBaJoflXl0HefwXGWI1/8WKiE4SdbYgV3GXW/QCDy68tAYcjN66f7iKxd/+2eeKZWGYMeEmuY/5AiSTvT12UmN9XVA==]]></Encrypt>
</xml>


2016-01-25 02:40:51 debug :
------------
String:
account-ticket<xml>
    <AppId><![CDATA[wxe5b18b9bd7e3626b]]></AppId>
    <Encrypt><![CDATA[9A47yE8Ff0mz/vdbYwO4d9FkLiu1GdfAtTvoSHti/OmonWmHz85B+L0nCaQlL7NXvhUjXq7RG7Rt1dJDpkjePSqWvICQJryISvM/U7Qwof2HdubwmD+eWaDJCn/FW2jpMDDFQSS1pTjIiTqxpWB3voIpES/c3axRd0D0CR00ryeXwlr0yLdqi1w6FiwbiIJx7FriQCp4O6VCOYv1vL535AdVVXtP+qzK/1K6stGpj6OWq97HVYfk0A864/w1nR0WZ36M8IYt4DG3h4oBYyXZ4hjmrKqezF2dN/vCHUrkDqrlRwdhsHFXvz9U3Y9oH19pee2hUsOkj6GLEQh54Sf1CCCyFCCekcOfqcfQFZtuWqCRZVIHIvGN0XBah7tD+FzMAgwACXKPD2eJ3iJ45FxQWFmRaDhRqv9ZVwq04MZ/kgPvrV7xthRSBMCRro4sceApmuevc0gs+sAiEzqIUxzF9A==]]></Encrypt>
</xml>


2016-01-25 02:50:53 debug :
------------
String:
account-ticket<xml>
    <AppId><![CDATA[wxe5b18b9bd7e3626b]]></AppId>
    <Encrypt><![CDATA[RlaIVUfjK3fNgEf0wDvdieLoxkLFQpchzmDviUQ5m8MtA3rJysyTjPCWudYdn1mMb0eUnQckOtVqCQ45hdw4VG1IUMIrilsHeX6EUwR6Roftf+TJR05IE0RgKdnX9yn4b2rMqUCkJgcD+IC7HtrdadIEa6riX9UY+nPK9X81JyKg0XJvn8Xnp+lHGRfrjXOvSYH+tY6ReqWr/bfI9vesNzJI+Dmpa+wJoBPoIkFI8FbRhXLtivzRQjvLxI9EUSUKFXf00b/o+PoDuS60riaHm8yWhkO3Qr8nKv5BTjXzDwSx78ZlTmj4IAkrxyV8tVsRGQpabPFRf78VeTL74ckrk1DRQANFzykmrGBkuBuhDElMq3Zin2Qqee5xBhA3id+sd+NCYf6SIl675gh2SBSexGZhQD0XhBidQW5WGbY3NZYDFF++VQkkQJv8+gdM+EGh2BIzEVMwQH8pLeGglpjPCg==]]></Encrypt>
</xml>


2016-01-25 03:00:52 debug :
------------
String:
account-ticket<xml>
    <AppId><![CDATA[wxe5b18b9bd7e3626b]]></AppId>
    <Encrypt><![CDATA[G1kwUWvujBdNyuPhH2LWCV1wRtrqs/Zb7d09L4diGWJlbLLNbQu4ThcfKD2qoGCqPnPWR4LeFvtyNGn4u/Efieb8Jql/FCdyEGw6qWFjyhHTnRI/408oJt5nZVP80ufML4uzneBUcyCFKwmcrQMgsoemuBdWqlmwvtbxfxMJ0qypFApwtKUA3c0IcjupJBiyu0kBBOVGSLPl8ol5iBOAQHE82DAkCVIebeIKffuj5l+kQRfijUFQjhwyqm8/Hm+zHg4mCxcjNzR1kgYfLR0P+iafLR9ECq8aAeYedjKFFkGiA3ttazmgkvWBMh939p8zTDI8gUDj7ycapoEjaq5ukDtTFdpNX4zAL4SkTRP3uV9PwStshUlRdeU2ceRPX4HXi0frVD6pcb9J9GGpOmE5wdXAK0vus3ZpUJJwWy0IcmxaDkTzLbJaS+IRlr+VSyZTLyIscN9wgtP2+3LVIbjoHA==]]></Encrypt>
</xml>


2016-01-25 03:10:54 debug :
------------
String:
account-ticket<xml>
    <AppId><![CDATA[wxe5b18b9bd7e3626b]]></AppId>
    <Encrypt><![CDATA[T+ouTIwLkCIUCsGKFB+O3o8FO1gWTOdOihFqCqECkA7oaZZemPVz6tCYoP20CBznT4TjJ9pkkOJT2Evwuh8rCoGmNDAtUs7Pt52lfwAEmJthiT7lOu3WTbxiL8mNyFvLbBXDM2CYLZ62D2TKtu8CIvcVgeeQ92Zta7X5XA0MtqlDsKbwn97zAiegrG5/YDc+PnjblGiXYwibB+MD/VFJToN7MuCF1odsXEojccRMD1GDSalY4EKKO7OekWaX6+iNdT86encFEbaFypZ8MQYdQTuZnnTr1s7Tf9pD8yb11Hp1aR2R+UpDFbfNB5LnprP7n9ngw0hNQL341DbPsAO92h61dS7JSZMOtboO+/REHXjMN9t6VFG5Vxad/R00l9LJIX77mevgI6La6luLB7oRiM7SXuuaUAXtVQEYNjGAcYMuHQdu5GKz5n/JRGUcAeaTZC1DQ8MO/NJpsgWcCvfOsQ==]]></Encrypt>
</xml>


2016-01-25 03:20:53 debug :
------------
String:
account-ticket<xml>
    <AppId><![CDATA[wxe5b18b9bd7e3626b]]></AppId>
    <Encrypt><![CDATA[jyvjN75etDu0jmN1LFxVyZpJd38b+P40bpEYe5H+gclDQXyRjEnRlfPQKqEUHWSfjqhLm9vqBtKUl5C9sFxfUJjvXfbcK+4UgSmSaMoTweVtqlBARv8tzHR4u6fcQ6ArBpWUCTcBRTLl0owJtUhrJpMFatjqiuzboaSM17SgKhGCfF6NcRH5uLFyD50krJYXV22Ud9kcHFnmjkAndC5QEVazBXTUpLqejTjsiD75j3ESOnYHndyaetvwLEwMoVuY0y75PV/ldFjsVFW/WIc0o+PNIpXl2hPJsXOttWECGQbtvu01LrIl/7ur8vMw9hbo+PYvWPD7WFYi++/pBvZj0GTiYbNZf9SJL82upAvjb5XUH4v+qkZdc1dL9KjjPyfxU1Y6XhNBUIvbNcs5iVhzdcq19ZyEwDuIhTqIxYRUrnc/+Cqx60enQwZaltfsDN9AiRdGRA5Q7yvo3W89c10eXA==]]></Encrypt>
</xml>


2016-01-25 03:30:52 debug :
------------
String:
account-ticket<xml>
    <AppId><![CDATA[wxe5b18b9bd7e3626b]]></AppId>
    <Encrypt><![CDATA[lIjMIt9fhu6xU1FSwCizCUWoN9Lpudy+n4MI2MfBr2U6FIChDVQkkbuSHNPK6XME+pH0Zr8YqKc7P19KL7wpotCt0VqG96B7kCslFCNvVT5kG7D8DE7wATOBvYWjmVBFTdQNFtn+NW96x2iwluofkEj/BhmBS8gqZ2suKRcrvSOyGlG0Aw0lD2tDpohoIgjaWVpx7g9uT6lEhFqDMa5HaxENHG7q3QYtVxF7FT3eZM4DQ2y0q8shJvbyDORcrQY+aYVdr7HkB6pg7dRV7XLne2dW6FdSUNCNu0UhFjkYArp3vLmEPYm78MXqcwohUh+oteyOxUGCQNafEnncl8UwFpeRoR3G/+Q0GWxY1xnC7GeCfWeWhlHoOlzG7CkDo2Qq9RLOQJanZcKhstcsRGPu3i9NkmLVUYdDBySMNPA6DlB1zwFuH62W+TE4Z9yzW+tSter+hKlsj6ERg5z1qYxJHA==]]></Encrypt>
</xml>


2016-01-25 03:40:53 debug :
------------
String:
account-ticket<xml>
    <AppId><![CDATA[wxe5b18b9bd7e3626b]]></AppId>
    <Encrypt><![CDATA[8QMu2vcRgIDQfRTDZ9eQiVocax/3I4++0b6JXr9Leb2IjJJdd0b4M6lZjNcdicVon28r+dlbguFsRHNp5tD80DkZEjY069UokH2/o8RAmvRaamLBFXqwkOBoLjLiNPRuNNiffQ/153521/fio7ES7ErR6dykRNuuU1+IpyNNT+Z+qJOFrT8l1dFkXvc+d2ncCGD82v03t6pZNCeMX1Q3wjhXxd6a6xZ9705Ja0ZSqc5nPEfn095GEsdAwWtkYN0vS5VrzVwlveHxrNYKEnZSr6orqTqLXd674m8u63USHWtxiHbhz4jiNKE3kqvRP4uG+4il3xim+TJksvOjo7fotP4zEqzOqLa+Arh+FSzlxLN29hlzOp7ozXkTQgdPg7l9plxXs+p2CIrb7NAJPDlYy7I6vXDXZ4fk6r4mbh01t9towpcg26JNafOz0DljJVLJ7ICmOkCPTrymKK2Uo/2NGA==]]></Encrypt>
</xml>


2016-01-25 03:50:52 debug :
------------
String:
account-ticket<xml>
    <AppId><![CDATA[wxe5b18b9bd7e3626b]]></AppId>
    <Encrypt><![CDATA[fcz1EdoIujBjF/pAE+CCwDdIhJa3Z2L3fE8UXl8ZwzX01tilRoaQB2SPVPowWs2xyvHLsaaGngI5sw5v2hpJ10hVGTy6eMLtIzpMoN6BrsVMO63JJfa4IaFUN1M6XGY6RaZU9ntYGFhM2r6GRNO1YROd3bXUjf656J5mnWYesbN94FNJFCKi0p2CvdjuN/cFZtWQFGsFjFTuf+k9his3zq10n6eL3OrZB6Rh1XkBZ4LgaHu3+oeMHPfCSE97dR3XWx+Gw1c5ua0/SPeXMyhH8t+bM9RC8mQZlo/UcMsvg2/x6K4oKmNXOAG/ii4ypz4M6gb+EN/XVspLWMR8a7KkAjQ3FrX/pEAuaKDxEwm5rDDKfBN8UfUZhqsYk0fu9RR50EWYmp6AmEoIV59eAwGwMDmNXzmE1iZzxUHb52zaXt6TgTz1B0gMngsotX7juj51Wm7zTrt1K/Y9XSQdV6zdvQ==]]></Encrypt>
</xml>


2016-01-25 04:00:51 debug :
------------
String:
account-ticket<xml>
    <AppId><![CDATA[wxe5b18b9bd7e3626b]]></AppId>
    <Encrypt><![CDATA[rS5h+TAK5QDU+nBkWuA2vsprdev+YV051L4Pwiccz+S3+zEPIdslq6uxbkX5ibdUQQRtCqH4VA0D48eNs4pWwRn2mnMG58APl0fKflFaTA/oXdjVaKpEojaTBhye3yC7vXp9YVJuEqpadRn9Uy9sSGDpYqP0KannwkeWyxwd149Liejp0Ko47r6eNk/CDkLzaio8YZJTLFq5nW4UMg7i3RKxqLqwkXJsO5ra270T5MB9vdtMgkqR3kHTQSMdBWJ1ip8i4jHBU5JRuCRzlMFb9A4tNNnqLde9kcZKuQdrdj9IiVcrDYMC2LGIqZerJfbEcxxHyJnmkR6MDxybizvoMVsGUIYoCWGKclGmz2S9cv/hIOdZ28kS7TvKw7JgoExznj4oDDg32QDKAytVR+5Pwvur3iLkNI6cGsa/lZdIfH55ijbCx67Sgqv2mBgyL+RHuPgOlNMST5sUIQfe6vgVPg==]]></Encrypt>
</xml>


2016-01-25 04:10:52 debug :
------------
String:
account-ticket<xml>
    <AppId><![CDATA[wxe5b18b9bd7e3626b]]></AppId>
    <Encrypt><![CDATA[NXcml13cz8Pr3xtENFfrgPsHb3sfTKuUnOpoiNeup70+3jjcqNu1h7wEDVWO4T6JnDvsWj80Li3uYMAYyioUecE7URIne/mvvvExbCkQYLLFlzuiFQHF1uocwP6hgBBOLCNlBFMdresaWGMwIEtbM6uSZ5bB6Aj/9t+PMRNxjuTEvO8wPUivOPu7Z542RiFdg1z9ZRs2mPS0KlVLYAzjyQVqzxl8LYBOcPG9wwLmYQT3msoDQROy77bDSsY63Gix/9AW4PXZVjMlJVO+W76q9Hh794iAdajV8rfyDU36Mo5sGUB7Z/eQEuET6VufPzoyOII10C/GwqMAA1bq4Q5fROW4WQsIDJzq4dOOnLhNU9dLA3cqEZG99vdgC6WC8Qg0UOS+CE6uToWWh6bwgyZFYE1vbKOlpLz8Y983S2U6ysuLhPQqD/NMvLEtSQhzhseuPsWfXyZl7rS3weCN1ZoDvA==]]></Encrypt>
</xml>


2016-01-25 04:20:49 debug :
------------
String:
account-ticket<xml>
    <AppId><![CDATA[wxe5b18b9bd7e3626b]]></AppId>
    <Encrypt><![CDATA[DFKGyTpXLK5vA3VU38dhViUgjgUDoni5olGDHQRVoynrnkEZc/JoDdAvIseNQPQQBw8qCpP0CZzag4JPY927tnaZ26m/g7+QvQB/g3hrSzzSyVJmYJnT8xkygRootDZMxGV1fIJ1Z2HwfsEoVS/3o6ZAXTViQtBs1lx2d+akb6LF1R2NvLd+s1Luj+RskX0+Eq+GcAW7HmJvZwB+KZdBTfT9fo5M6Rj0iuL50N0p6ekdQyB61GSmhw3DMZG1bO6BaCYly8Z3v0kFG09AMbQhm65JvocZhSJecTSlWzQ2sbvnaJwRGSUQ8utHetHBR9YXAMF8MMGZXwG6buC8bDlYAjMn8xdtnUUXbkxMQWfIOZtxfemRaAZhp9/Hp5G5T1BRC7oqu93TfYTlZkItDrVyD1ZSYRO31q7UVa53cAwsj8GmNLSnwrQf6LqzMZDgkzGFxHKrx+jVUE/UoFWjyNCvNA==]]></Encrypt>
</xml>


2016-01-25 04:30:49 debug :
------------
String:
account-ticket<xml>
    <AppId><![CDATA[wxe5b18b9bd7e3626b]]></AppId>
    <Encrypt><![CDATA[WGbNRU/8XoH9fJypudW8FXWFcQvvgs61GeNPeU+pgo9L0Xf97bmAmU62mgOCbzBtkrNPW7GgLDTO4Y4pwHBuGi3UCffSS0ifZ7uGbouHbM9N2MZzTH8zPQeIR/J8E2n5uqfbFw61kQqyDNAL78tsR0UdJ4jAR5HmJmsvum2oj9VyDwjaqahoxIvOJ2oY3ZKZwfYF8rCh1bA4sppouEn/Fruewc4AK2r3Vs+th9JGmK3iLZ9CgKMX93uEjL8FEs+JntwchTiwL7F76/Pxein9W6J/eXd+YU58mPQL4sMsdLFRyheuX0vTYKmNIpt2/ykrXxaval4l/RrIqbdgGetlrG+nZsejVkAxGkrbTpAIKKA3kyWIl59WhGgcH+dBkWc6pCZxB+e1VqfOTQWTRVYCTEiKR7ELfcEZEpp46BGPYsMYNzmK0WJyHqBjC8k+O12m+DaDXJUtV9EvRmWPpnG0dw==]]></Encrypt>
</xml>


2016-01-25 04:40:48 debug :
------------
String:
account-ticket<xml>
    <AppId><![CDATA[wxe5b18b9bd7e3626b]]></AppId>
    <Encrypt><![CDATA[KFfz56XuQIWz2fKcayedN5daG1xIivwkhlhNuExFgfs5yvpHK4pz+iX66Ti6ih1TUG+BvqX2Q9UiAJ/Mt3bm2xq71tUlDqGhdRpO32HMmf6dDdAKWwfQ5UrPys6j3pBLMXpHnDFMyf4IHt1z7wr9NEDiKQJnAVUbAjkpHzTxed7WYXok6yZj60yCwyj9jbsZYHZWgJ13LykX53Jt8kB4tdFNCCljNAbNN7RFtoKutCq1K32j0962BqtOBgqoPnTTJedsLSBKISyKntNPerhDiAPjjnnh1qhjaO43u5Ks081lBq0vB4c2vt5Dj1Ma9kGY+80P9TvVPq/7TxvD+sC4brtP5nPKHqyk2qcer3STNYa8WAdhrq3mrn5OSkCcWGYx1fvdMgbi9/vStJdNYicB+WF9aym85TX9Hu8cBJpVndnh4bR0x/OESdYaV/6KT7uGuFf5Gxd4Lyr5hO7B0GhekQ==]]></Encrypt>
</xml>


2016-01-25 04:50:48 debug :
------------
String:
account-ticket<xml>
    <AppId><![CDATA[wxe5b18b9bd7e3626b]]></AppId>
    <Encrypt><![CDATA[Kzj5xGDefz9+26CVe7zsONfPiQDa4Mv5LzDi3hCB3qlT7nkX7dj7JO9FP3eJy/WP/nV1YoukqGFxDdP0hkz5CU0PVOmwi2hXRiOgLe08pqAoiLhnnPPeQr/Jep+nToAPSvpb8rXzec3hJuCLKClE/Pc0DgJ1Yk9NxZRYWZwqQp2kFHVj7gPufk1N2e9Gxg1Uqweh9fmxFm7Zqo33FHEJnx2J9nKiZqsCNV1Zpi9aJdmo5IrpQ/bVoumdQYlYvnM7ChUIuZmdbVb3uceT3+4CvcGTqjBJ5Do4XPmxr85IdaUc0BEawxbDb4eRyr+oRyJJba9CLM0+F0zdYatJL0gw6wNkAPrEJLn/IAnr6ntzQFPISMVRTNwWYW+Lk9YCj9xw5V7yXPBqwsJUztPIW1AK5JE/QJevxnDWI8P2BUy2FqSoBsE7b0EPcyDIgCYoSb7aoDRcnyKLdbz6qc9D3TCVsQ==]]></Encrypt>
</xml>


2016-01-25 05:00:51 debug :
------------
String:
account-ticket<xml>
    <AppId><![CDATA[wxe5b18b9bd7e3626b]]></AppId>
    <Encrypt><![CDATA[4lFEUU6E/rnEGFNxzRv4YZa8JdzmeSaL0fVA4kCNQpzm3RrE30mTI4P9fCvBpfQv1icsyXTILwhjUeUYVcemmNcfb29ngiCq7bNVuloJOuAW3k4bQXV7R1wXi/ayjUjUHjadVSbNdiF0RXTQmuF3rH2x6z0u6wpDapSMeY9kaMTXcnk1ppqRBRjlf5jz9FtPBLhOBwuyr8ES7HoDxSiWcCtFhYfjR01H4BvIZb2D3QlJFzp7+gR+0zMFFnqtSxuMgPrQS4viSX3ZndKqjZUvOcFvQ0//LC6HPNVaSu6ooHFCCUHob0aC/zz70ThuAJCtgoy119TlG/aMjgcIJWfppJkV6vw1P+ClS98F7l328Bs3vMp5OvYCZVTU1mZSLNlGyzd6I8m3ubKFt1yiYl7zrRyUYcFh5ui+D8v9SzMhB1ltw3CdqJIiUeRM4jo5vJGeEM9a6JNR4PZEixI/Mq0OAQ==]]></Encrypt>
</xml>


2016-01-25 05:10:51 debug :
------------
String:
account-ticket<xml>
    <AppId><![CDATA[wxe5b18b9bd7e3626b]]></AppId>
    <Encrypt><![CDATA[A8DKc/Jlja+hfNwAN8syK58tBBe5yQvajzGhZq/ozJisVbIvRMrnCWVdZOf3rhT5sLRoiBdMeybzEgYIMBbOzvzPoF0olvdwF+eD7FJIKYEcXryhXCHHi/bbfMzF9eY1p9UjD7554T9Hdzj19P1cJ5zbaafjFfIz633vEjCy3heAK4mIF9LTpnGOvrzc4tv2XizdyAQQjVRbzdoOGk4VNpDzXI6qEDnqxoPNgcI06/dfeIQ3t5+F+7bIWwZv+F6SQkf3v04dmil0PkUxp501Q1l4/KLcwZEoLr6QOw6ACTAOW4o1QWS4B3+tOSw4krUka9sSNrYNAhBUopy2XjLroM0IOuzGZH0eRUCVUkBoQcOh7OkO9Sb54SVnm4dm9z5tNzwTbb3lDyKaD3gwrDXIk8zVudkZMJxy+9bo4x9qsNzIV9XdkqJiupUn09ob6AxSdu/n4LCT2XoxLD3aQ4uwog==]]></Encrypt>
</xml>


2016-01-25 05:20:49 debug :
------------
String:
account-ticket<xml>
    <AppId><![CDATA[wxe5b18b9bd7e3626b]]></AppId>
    <Encrypt><![CDATA[PmivH8RcetYRTtzWBxjJTIVE9BehCS1CJEChQipJv0NRfo1THYs6ybAAf9yDs8YWDVchAE/HscgQ1PdDVfIDGh9nK2zlI/Iqm2WrhBv5Euj5PIwQFhWeFVdOJDAnefBuDPp0r9lT7a6j0ohRKl6rs5pGT4xkHwEOYNXQZMSVQWY0FOex27qBxRTuZbRio1cC8LZjLWiw9PYVECWpFX6t/sIwArSzjLdJH59vGClFeFEZ7Q232suGfbdXE/aqcCqBIUqCEDDYiugShVihOKIN0yBmBoJd3Pm4N2w5lAICUlZuqf0vc1rV/W70tUIxfs3pqOnCc+hnbDx7gVc3vV71BI2MS+iXM2xOZ0dJwuqOjHMQe10JIrfD6xx8ohi8DxqkkUkxxpGLvqs6WzPMw26pcRwAy4XmZwMzqnIGdHdloyevq8XWDsAbV15khHhDTLxWqWt5fOOxsLuxdfey4pbKmg==]]></Encrypt>
</xml>


2016-01-25 05:30:47 debug :
------------
String:
account-ticket<xml>
    <AppId><![CDATA[wxe5b18b9bd7e3626b]]></AppId>
    <Encrypt><![CDATA[Wv8iHB0LhdSF8IVb0wwR6JSSF5FT5Jc5y4evzYPKLa+XOb9+W9WTW3Pp5T459gEsdoIdV5NaNvCm5nY+mFm+O5N/T2aNMaFyHwPaYaUnf51g4TIeF42I2M/EEiKCrfdMsnKh3LPFzLMrxTnPvOfW2341SH3NjklwXs8FDSFGgEsBpUKPGigdKXBBgupBvmZpSArh82VLabZw5jN+LMZW0kijCRaj22cdwaf92ltaffVwn8jo0YVSC9OP++aIuFmRYUjpevPg/8pIDwrgJMC2p6sWHh10UlKJUrurn16Xj8gpMcwpF11KDhrIVzcAqhIumj0Pv8y3Gx0H0SwJLUM8RWJsNENn/pp4iTJSmra4xgFZjasJaJwOWFJOxd8YntfBWaqNbzHWJXUQaRrYK9iLLiC6XAbI71NNtVqoJHnv+6qDF9rIAuo04qmj6xPOBb/tYRSOY+kNog892my2xiDiqQ==]]></Encrypt>
</xml>


2016-01-25 05:40:47 debug :
------------
String:
account-ticket<xml>
    <AppId><![CDATA[wxe5b18b9bd7e3626b]]></AppId>
    <Encrypt><![CDATA[ah/ijPLtXrBaXY+ig78BiRwn7ih0QKKeqtcWNeye7e9QDM/biZFeJwDaCdE52XRexHXHiSChC7yXtjxY1vYBlGRtBx2IfaNO3nieNWZijvMFCOabbnTMYzVPAz+lia/b8yNTKsB7bGDuoy1GuPBxh8VwpG+cpQQ3Qwj7N5yfp4aeoGcITBC5eM/pYj/VMOKumiFk04IllMYRHJCvuJgaiUF4bDT45WRc9+R+VwuS+VtvlLqwyBJ+sYD/g6grP9OEdbGJrKWIVuX9D8hqFhcLjiAq4ioJBXnpFExmoOqpM6lq0T9W74uM1dLc+XhHD/h60lFiNGO3m9IlT2TLPM7WvP3KE5V0DdqDu/Mvlh2TakYCelW7mh4pkzOwPHF0gfGF0PaRnO8tOqQqnvcTkmlWc1qTmeGVh0Fq6mZY7i/8iPkRFXimwV8lPL0CCMKJI4sgnQpPhqmmtMgl0VCLdWP7GA==]]></Encrypt>
</xml>


2016-01-25 05:50:43 debug :
------------
String:
account-ticket<xml>
    <AppId><![CDATA[wxe5b18b9bd7e3626b]]></AppId>
    <Encrypt><![CDATA[RFcJU9gb25AvquVymzZAQATN8ysAWCnP3UX4VidRrZMSn84uzn2GFAG+glD/Dfvy1ZXljiFc8zd8EZ0ezvLZjvHTlL2ZujTIjtzNEeaZ6CkJNgmIm4m65yOjCDNyk8DDrRSA7t0e6LCr3tfN4cubhOkOHFkZ2WyMWXO0WQIVzXobkb2w876QzK7cVxRKOjRZeZLxLJuowTZgG0odE/xUO2/m7rCaWxyunmHX6s/4CQcKRjSb9ua4605k3mViExzLOjZXb5TmFyPK3MozFvXieXXUj/FynWqxufFXX7ZxM6xaDKOULjRRPzqJucLCQVFct+8Ur5fM/RT6O0Jlru39McugRAknSvXnrlJ9P5pzOpYaYGymNenYlZqDb4o2djxEfvWWKa72vzK9tlzn/5sEitpkqqgi/BgRN8n9Gh9aYYVH8UpejcxmMXbqBw2W8J7G3FRVkofuDyIc87GbyR9VeA==]]></Encrypt>
</xml>


2016-01-25 06:00:50 debug :
------------
String:
account-ticket<xml>
    <AppId><![CDATA[wxe5b18b9bd7e3626b]]></AppId>
    <Encrypt><![CDATA[wmkTKOhHB+f/wi4BxOoiAaq42IelhuecAHVlN6e4UdGyC2CHsAiVpy8jmCcP1zevn72q6HVGKu8oHIRp2TMneIMBvV4tDCc7iKmj87gEbhAmR9oph/a6Yr58U4XQt1xEbe7qrh8v2pU+7AaOB7QDl3xx6pI9Jre3qdzJOG8VvEDCB+nMalK/mOMScqzdzIji6DL91hJdeb7mYSALI/GnbX2xFHmQHZLzDXi2bN0kiYGm9TTy/0qeeR8WLA1DSpVJII/1f6HFzs2vOkr9zffptZfiy+se7HZ4vC5ymoX9UG9WIA9PdseEXID8InbBWhJArz+66T/fbUAuMHPCgaXTYXvTa9/ZRJDi7J/gLLNyEGd9AIR6JTvCjaVVfj1qDLB+KD/J+QiD2ljA73jfYm+zxR1ExYc5EUIvi7ISHASW+Jx3BXh9JCZ8mKuVS2oW6Ro6J477H37+IEX3fSi3W1JFww==]]></Encrypt>
</xml>


2016-01-25 06:10:46 debug :
------------
String:
account-ticket<xml>
    <AppId><![CDATA[wxe5b18b9bd7e3626b]]></AppId>
    <Encrypt><![CDATA[L3mAib+/wrbbpnzi8GV2UrXPeV8llqfZhyIawV79h9f7+b/9pmkz18T0/QBF61eW1mdCnge1rEqoXsiiWbCjemEC+xUgdb2U59Pr9VDxbwk7kg395szYoFDdjjnxgi4khASKyGn2V4hmPpWX/NB5Rxyu1tmVXCm1mSEHbVNsHrZWPvv+0IxRmBYJiEK6S8hpkcDzBGNZguTiNaqSxuX0xLoqw1dUXUh1f3WYDvIWZW44BhD+ZLlhIA4x+cDS0lOB0QEvabZ1zOXKY1pzbKZJH1upPZeyCkkI42HwZAPy1Rrh423aJ0kRTgS/ULoUSo0o+ixhCKerWWxRCVLzpbLQvmtt+I6hzlpoyaKpe843MYKvjf9gqtWre83xOsVoW6n8XHUZ0mTA6qvj9/aoOeoeWzWZO49KgA4xovFfFo7kTx2/DaPG2cJxwbnlLfTj3ehyWr21DfEzXVCVIhWz6aby9w==]]></Encrypt>
</xml>


2016-01-25 06:20:46 debug :
------------
String:
account-ticket<xml>
    <AppId><![CDATA[wxe5b18b9bd7e3626b]]></AppId>
    <Encrypt><![CDATA[V6ulmJRzs+AxEQIyXkHAdWRiq1UCPT146i5t+A8+g8fVaS4P4J2Apts2NH8gKmz2zmW/+eF++8K3wfARlHF1cVUSOaT0ynTphZKKVzdI/2+IGJh0Z0Z+rPBw+PDgrGzOw1nTcCo3Wt+/wxCnRVmm1eVYtP1IJzKwSpoNkS+hJyJLJz/YugOMKk8aq8pK7Quf4N2vBRwI+FbAmdt9vODpx6K2MVjK0GOq2JfKRidif4BsBIBqH84MFoft5HqABfTD6+iae5CuY+8Gz8SH541425yVVrG6EAn4HMUBlnh+Y0erJjJjFVodT3caEWE0rq/iXR4D7SewwOYft4kBLzG6pEEyifRLuMNnCjelK4qjM37vuWfUJDEYXk/cWQcot6rD7x1PP2XmBNNboLg3X81J2dx+JYdQhaBNFwm2KPwIe+dwcwSGhiw2HFPeBxnJGdLjktSC3+ns653nqffcHVg2jA==]]></Encrypt>
</xml>


2016-01-25 06:30:46 debug :
------------
String:
account-ticket<xml>
    <AppId><![CDATA[wxe5b18b9bd7e3626b]]></AppId>
    <Encrypt><![CDATA[mrrUphwzLsn1LP/80q989LReRmF1lEqWqOXi06cx4wLITcm6DM8aXkZsTsiwUqph6M44yL7862FWOTkOz/PzHb/cKr7CBDW2GFvwJ1H+x0ibX9biQXdoHWpsb4iy87iuwKi8o2FgTyAsZKvj7jFCOGiLm/V00Ut85JIEOJ+8MzYHEOcoDxxaPqinkfNk6jHywd1DtESfC2rzz3MVGpuRvbd2/MxOVbwViNlGeh18QgQ/IwiDBufkoCLV0z8gYDrT1Ql+tmraXIZptPMByBRzeNC41p5hrCrqBnm6MFyDe0Frwp5MZkLW0LNgBfTdVqT4YVeHXZDVNBmjAf9wtALbpBUfpSY0ocz7oZR1VYPlWeFZhoeqQ+gxgkoqdookahLLs5Tk65og6/JcItBA902egCKg6Uk09spacnOq5ixyI+K75VMIpjOE3AtBjTSw7Z4zb7ROy0cOda5WjIOASS9PWg==]]></Encrypt>
</xml>


2016-01-25 06:40:47 debug :
------------
String:
account-ticket<xml>
    <AppId><![CDATA[wxe5b18b9bd7e3626b]]></AppId>
    <Encrypt><![CDATA[lT4YK0D/QXZEqRCRfj3pExkZLmbBaRjIybx7pvnCoPFwcGPTNVyF01Dmm4kFklVET7Q4bqZjs3PGtLiPNpd9cXT4mH3gZmbeE8rem+hvZfDdHkSS4XLDNqdPqdWNgP0DxtnRweD3VEi27PHxNvwolJ0Gqqf+tIQRxAX5YShma/GtsxTxGyXYfA0iafllPSCLZPjfBeYLr5F41eSK8Wz5OFDxEuqGxvINH5MtaPYaV9ORMQv0A6Sr3mlob/CNTAMZkVhmXXySBp2ehK8Gs0ThTuphgYLbNrQuF8GIMwo/XpfOeUF9lRAQcGQkMk/q19JFgCQ43CgkJ27UZ5yDLoqqRzLZqif9g+2JDGTXYXgVqKjbNtSxivePdlmofy/a4/dFRQXCY8x/UvzDdnLBxf4aAIkglj0R/n5M0EmsqV6FP6Zin0m7+/QhxpTNTIOCraBSuTn3plKFZVwLVtRuQgAnNg==]]></Encrypt>
</xml>


2016-01-25 06:50:48 debug :
------------
String:
account-ticket<xml>
    <AppId><![CDATA[wxe5b18b9bd7e3626b]]></AppId>
    <Encrypt><![CDATA[QqfXqwcLNh93dn0TK21ydeIfLFb4QuPl3yHTNVPX8yRbnFO7/6JQxg1reEJ0S8S/XotiGokDJdwBH2+mLnurmhEfPTYy8I5h7PJ5KI2Ouw1bNz3l8mC/D7tzrMW81g7S3wPzrpFJCIqmgeJiLIRwmMvzm1azjX6POlNOOL0GPTDsFWYbLEe+aL9MH8TwxBm8r0uV+ZwdbWUcDIQZczQ/nAmmSTGXpV6PObGkcTHYey94yIxv2pH41TLFQchK+A0s8bvZRK5NqbrJUnwnATCeazsP99Ow2eVQFEOlZCBGr9vAnsSSLLd17W8Iouv4EXbvCoVnaYxPpgnCMk83cxKdqpNMHh/8q0qbqWpQcNgGz7Ey4GASKVw4vhrz+IIRJy0Z8dTX9ZnCpwXrujvYX3p0mFHhauz4kpC3egroq9SpqfSSg8XqQAjj44QPBGUx3645O2lZIpZkqMQ9RcQYcj+jAw==]]></Encrypt>
</xml>


2016-01-25 07:00:49 debug :
------------
String:
account-ticket<xml>
    <AppId><![CDATA[wxe5b18b9bd7e3626b]]></AppId>
    <Encrypt><![CDATA[oBI7bj86ffAAwJRL4ZpEw5YQKV+0X4z2KZzGAk+zx8YXxvIArpeLidTrNvs2Xt5YL0aC9sCzKlu+RbjbaQKRvu2iEZKt9+nwqOAGvEwRMAIZ3SAlgotqEbXvVdF7IORnaNww/BfaGzNCIG1PcVlMX0XSkEYGVJDnybdm73tiAjrYkJt2qNKa8ZtIwx6T6Nksl5hY0XrkzBa738SE/Z6nfYm1mL9d5JFsUN2VzuFRyfgStNK7uX50V6wH5JT/517TzMrkl9gIfL86ftxTPpYxOOemLhU1gMsF8YIFn0Z2/0qKzqjbWSn4tdzHUBfScLD6JyBmyndX2OOHIyR5YHQ1Bc47smIDmH7DEllWJxiHTWGOcpkO0S3zr+8iEcLMB1+9YEKf/Dr3f5LKJYUSdMEHgy+Jpc1vmN9diLQKcQHiMU5SNmavSfpim8d9E2lJVF3mZ6y9a+aeIYQIug24TzYdcQ==]]></Encrypt>
</xml>


2016-01-25 07:10:51 debug :
------------
String:
account-ticket<xml>
    <AppId><![CDATA[wxe5b18b9bd7e3626b]]></AppId>
    <Encrypt><![CDATA[0vZEC8TLbaRWEwSxTszFfgyVWZwW5Xq/zmjkQE/kvJem/2Fho+j15W55lyY0k0oa3ZNGvQAMxw6GpUQXBDOaWNz2OxLXgKTDHSL/7vAG9zj4DzA3NnZQ/qLVykYGH/Ec+oyQvWDvHlxecXIBXptXDkn1jxtndwMKfFPoJlOaBIdQDWg2jNjcpcA9WoXD3LyaVhCfniR2Oj1cKqYru1C6DZz1pqgVboVzPN0ZH+qXUD46XkptcHwK8PqVgPail0vkl1CtlYtvS3V9HhIMnxoDkaiIPmFyrbaasm8kg++gOmeI/PyrTtvlZ1SY3Upgt+13glGdz8ayOijuW2JeyXQUvXrFj2lT0X7CCbbBtFuzd4W39J9FOd93j40unsUX/A7NIxq35S/Rj27XY8/noJPpOHvJgPUqURNwqpaLNo2x6Vy6UcyjetmgKx0slgAuZPX1WsGVoNNvRTKhQ8TyjMeP1A==]]></Encrypt>
</xml>


2016-01-25 07:20:50 debug :
------------
String:
account-ticket<xml>
    <AppId><![CDATA[wxe5b18b9bd7e3626b]]></AppId>
    <Encrypt><![CDATA[fQJwnf7c2v7J3l377j1z9g6xBFrVwZuBdVLZMG5rwqI7dR7GKOregCgyeIAOvApojmply7A5noSvWK661GQWt8x6v8jhoS33He5T7vLZYJg69cZzJtT/v2kLHjjXepLDg6jiRQmWtCOBRTF74/9ZXEfo37TNedXtfs9IzfgK7WvmNNOQ7FyYvHQieB6VCVBnz0moexyarUxiNRJYaeGFv7vUie8irwK+mPXzlaftYs0IHBXgD8AWCDWeKzUJemooUVOIv4MkSPS3nPCzBz+4+mMAuX2OPdOhxHZp4rWWQDEDvhDTRAo6MuNHbfackfxXi61uJSlsqcKqatHF3wpqLeoW+mh0rsRltyjjyP3RpWCqdU3sGj99iS0pZ4P+hwU/QmkOXX+IS6CHC2KuLDJmcXySJDLZrhP3KUczmij9saIMmXemfh6eO6UJ6AlvCYhjtH3cyVXXl1k4jeruSMzHAQ==]]></Encrypt>
</xml>


2016-01-25 07:26:45 trace :
------------
Array:
from : o49xAwsi2ieuCfEJRKAql9Zdf23M ;
to : gh_8a5f70a28b90 ;
time : 1453678014 ;
type : event ;
event : VIEW ;
tousername : gh_8a5f70a28b90 ;
fromusername : o49xAwsi2ieuCfEJRKAql9Zdf23M ;
createtime : 1453678014 ;
msgtype : event ;
eventkey : http://front.lewaimai.com/index.php?r=lewaimaishow/lewaimaigod&adminId=28555&shopId=80400 ;
menuid : 401201303 ;

2016-01-25 07:26:45 params :
------------
Array:
rule : -2 ;
module :  ;
message : Array ;

2016-01-25 07:26:45 response :
------------

2016-01-25 07:30:49 debug :
------------
String:
account-ticket<xml>
    <AppId><![CDATA[wxe5b18b9bd7e3626b]]></AppId>
    <Encrypt><![CDATA[BN9MNnPxFwhjVuv3Y6YhSZ+wzAwjwfzc5ZE5K+7HCrNLk8Ut9RMX1MWpKmrhENeNzY7F1rZkuCiqmdJqgiNfPDLwmPKZaazWbqIymun8UBpGb4H13yrEaP3KQNemI9hPyOQXY6gkB/KkVgMc7qzZgKHCzf6ll2kyjwgfiMv1VqwWTFDC4wOwVPWQt58MuBgnUV3siIN96qxs49AjIwmjej2FNuM5gd4WeyI+TWlbmJZS7pG8NIHf8qYnjCsc1RN7MshHruUChZa02duDGx7jc6SPApCKdbS5n3JL1ecUoH8mSPcE5JMTCKwUX2SBCxw439T4jbp69Sy0UG0NAcIl/2TDNaLFm8siMh0HdoOKtbrjlCldbLmyDnem2tW4eT+zCcly9gBv2xL3wU2ABttDswCpPt9b8zDAgK6UVfEcrFKgC2S/ybX2oH2p2bFBhZxNE2qISmakRmyBOP8tx0rXSw==]]></Encrypt>
</xml>


2016-01-25 07:40:50 debug :
------------
String:
account-ticket<xml>
    <AppId><![CDATA[wxe5b18b9bd7e3626b]]></AppId>
    <Encrypt><![CDATA[q9QZN88J2h0SaNbOGz7TvWz+mgrHrW+n8qzjtiHnFD8KyfsK7d4G7BdLGvWmLWxjm54w+M/deB2OUHvMO7XWhf2U9nF8uwWlK5drK178MehnvbMHo6CsIYU3WWDoJSpyE3GN2PsKJLlLQ15FEI3XpnHCUGd6ISjwXK4uLByvyhgViCbBBjYcgghEqlvbqOLbLmpLZoDO1Kzu8m0EhL11kcJmyzolheykfu9ZQMPhfv1I1H0bPk6ukXAYBjAfV7+8csa27vgwGxTieAhzB0Ata35qvC9F3hlnZfIgM6JBZ0rXRsodwdHjuv/U5FNXXdeZX4dzYfDNvQlq26RiGpGUugHULEjEzXSJ/YCsGYZ1i816b2UGHX7A4jwmb/eZxw7dnzDicxiJ8gpXvKVyFDK9rtkfhT0ntCdFN0Q0OY5OAW1sCDmAg4Bc31LR8BQ5HeVMrCRL2mgTgfw8E+eTiXFQWw==]]></Encrypt>
</xml>


2016-01-25 07:50:50 debug :
------------
String:
account-ticket<xml>
    <AppId><![CDATA[wxe5b18b9bd7e3626b]]></AppId>
    <Encrypt><![CDATA[1VLx98yr0dY4DWCU1WDTt3/SEtbx6d1GphqFt/Ump6N1FUaswVwvtw3+Sa0gMO+3MEEDDiXkIqO96wNJDvjCd7RrshkkoHiX0WsLll2MVOlUyf6sHr1S1F6zUy42t7/aA39kEl6aDwY7fLzILPccUZ9o8JIoqtC+ZLBTnFrkTcQ2VXoxuevBOFL1cLoHFGQg6wlsYaZUrT0jhiy6dXft9jx1HScrL068hlRr32FHfBLXLLgaXg8UCCCcVcuA50hzcDSiSM4XdenLXsnNwUphbZsj3rOj+iPF1iugff7cMQDLQShHKiLtauNVkIkexgqYND4PGE+mZC+KjrsWBYuMdG1Ku54Cz5YIbR/G5yilfguXg5CDlqgyTBuiIs4eqVEC/iBdpWIbKEM3x37ThFYACdugGS/haUTWYgwc+h/v2mxTLrgkLh3d5z52XjfsgioVtHYScdsC56qsFfxKBvpPsA==]]></Encrypt>
</xml>


2016-01-25 08:01:19 debug :
------------
String:
account-ticket<xml>
    <AppId><![CDATA[wxe5b18b9bd7e3626b]]></AppId>
    <Encrypt><![CDATA[06BfHTWwxnTahKNJ3/IO5LNZbrMhl69R29GnMsU29gFvwQ8fxfcRMjic95DMwWPgtXrUm6ArXijZO8A9ja5/4U+pY/z0S0Zkg/8UQFH9FQg0gh3SQh5R7cwm5GqxU6rhvn1qD34nl/NCCG2Yeq9EoNM4KFAHGh7zc/DtDdRRXAhJewTkOb0KX/ecHwnFmg35My+wYDOdQ/LQTb4t8Hlo29XCsXGcGTNL2cZHvFRwIHp6Tk2IPDTIIjB+sORaTyReX00fUd0Ge8A4wEdzjIA4FBi11A5nXfhYJd2y6IWtRq7+2krv8GCQqvlHv7019kMWHi5p2bfDDf2y1YPYo0jgNLcN7SpPpGly6IJ/DVMP+LzDF+MZpaCy/nYI22coG/jmTbH1oBnk7shiYdizoPmmKyLD4jduOjmE6SAs227FDjDh4qf1yLQyFKz/+WBc5GYHycmUpnXWZUgiNxd/zTdxUw==]]></Encrypt>
</xml>


2016-01-25 08:10:50 debug :
------------
String:
account-ticket<xml>
    <AppId><![CDATA[wxe5b18b9bd7e3626b]]></AppId>
    <Encrypt><![CDATA[sN2AYGyt+J/Aasx7B2OpP+a2xpL7i3t5Dnyhga/GT99H4+tgelTPxPGT5myRiRtv3yf0BBBxC15LBDZsvW/twy0KcAmlw3wqIPukaGTugDXiTTPrlFp4TQkrrA+N99bUWCiEem/bOJfD6oV7rnOqPC2hkruIE5VNarTgtXXYLCrpM7GVtjiHBOb0Vf9vf8pjAPdedGe4qVYvetObKAVCrv6YvF6j6B/p95VcA75Dn223fSRxIWMqup1THipgwzUae/dURY0JNAkybZudM+mubNo8P+08Xko9wtEAiGz4tKjCMyFFIdKYib1I6VM8710YDsHq2CHqC5+o4ocgfyFAPeNXEKER0YIDg9MUxCzeyantdXCH/ReAKbK3LXjGLZoY34oM2MBT2p+juvsgwI8Rn4Zt0i/xj/7Y0lkyG8Wgpy7HQcQdXXsfPkcCK9+4IxjXCw7KkYO2bCcx+eas66ubdw==]]></Encrypt>
</xml>


2016-01-25 08:20:53 debug :
------------
String:
account-ticket<xml>
    <AppId><![CDATA[wxe5b18b9bd7e3626b]]></AppId>
    <Encrypt><![CDATA[nt4Ws0VjrDKxE2MgZMMv6OUmc4mm++Ku5j37pMBaBTMYhIpxHNcD3brKm8BONSDZWj2FsA+wmI/tjIpSLJzpxld4fe35sc2C/judsYXLkV9crBUJdvMh2I4e1miqBI7ofr1R3seO9ZW9+de6VKKc27+y6jbO0PwyqXSnBrKp5KM/hzSzrOOE9PjYndvE8XRMTruKKUl0rPG8KD7P6ayTJYX6Cl9zkEGajJLiQVPTAnF42y+X2AcI612rzgtYqDvUhpkjS5oC6UXKazMq4eisltyQ6DEA1mwMT5XlNbs3aFhertYSuxUfdvR7FD730zF/92aWmJh/KRhmQ7CduUDGDLicxrXZRgsmfiREmxfEHWnorczpm/qrlOtHWMOsCV6X1kehyGbdB2qWikJ4Bi/FhIKdD+EBPdvnNzDJBOp8uo8OMpa2vQvJ4aM43wK+6/cXOGMw2rNRDVgGQtclAz8z5A==]]></Encrypt>
</xml>


2016-01-25 08:30:53 debug :
------------
String:
account-ticket<xml>
    <AppId><![CDATA[wxe5b18b9bd7e3626b]]></AppId>
    <Encrypt><![CDATA[LmAPAG0aVXZJjgYMQ8pNBV1CmqNpicPUxrnwfQ2Vbc91hydi2uHwDzy+sJRjOFC+ZQxaiTwDR0/Kcnv7wJLryl3GWQvDZ7Y19zPKoxMOnsAMXN80xQOsRv7VH085OwvGZlJkZ7Uj2BAqcvwhM04W0WZbojA362FsFPxfEHXnhvXErUH0aAtxwD5KC8ZRnN7n0qZ3PnGHH1NS19Jgg524lORu6Q1Gwcj4RLPOvtTgi3DFB3/MsLZ7ppszPIJvzQ47XavtyD81l+BIV6ncaMogXjvdUlco6Y52ucGwPuHJEpnvlkhnD1lfmXWpkbVdGQ+BCO+qtfcSEFk3pPdNfRyE0A8mtTcKnr33J8ITYcifzSi365cmS/7iSzCQT+pMFXXg6MMQXxYuyeiQT7+VPDb7pb2AKZ1UsDNFALwS9/5MeWo4sVZv7uW436hwCa/f5qb6dk0hf3FC0lg9BdyKt6kc5Q==]]></Encrypt>
</xml>


2016-01-25 08:40:53 debug :
------------
String:
account-ticket<xml>
    <AppId><![CDATA[wxe5b18b9bd7e3626b]]></AppId>
    <Encrypt><![CDATA[SHA5+j41dhgfN5IPE6fHfnEvFO7P0c2v8jUWhQQALHTyEeoejAjxaYJ8TQuO62F5kA+nCC25G/RBNW1Lhu4NSK8NGtksj1hzYnFMildJ4vfGtff2zm7e8yLtjvObYk2/NhDlWrjIY7LzoPnjHn69AONGvVkzn56KUUej+6IGT0SFavzAOIsx1mtR280HBoCfzZhKUj21DHjkcOcIxwykzN+j5bh+/CPggAiwWA19SipvyaPG1UAt7SqToQq3HpYEhEkQXa6beBUrVAhYdsjQmM2beeqlPchg5w2XBVtHkSXhBrWPh+3KWMWnqqIWXwkuXD7uqDOJvWGpGwfZlm+397lNSFBzs4jgs94LlmNvy/b8Hlt5MgRH9JDIYHAkXd+nhXmKVZmIeDsQ7gX1swJY7wzuFPER+3dmdd4anANZeWcIpbCapCiXupYml8DTmcn2kDOqxmpVCkEf2qNMPYz7PQ==]]></Encrypt>
</xml>


2016-01-25 08:50:52 debug :
------------
String:
account-ticket<xml>
    <AppId><![CDATA[wxe5b18b9bd7e3626b]]></AppId>
    <Encrypt><![CDATA[E5S2wRg+4scK8PQWDVsGeWkAhBN3gk8bJRFU++bdx/p0a2zQNxuhUp5Xfl7TbyO6Shvc0wmYb5m7VvYdbDiRTtXdgaIeTqoWSJA6D7l4jH1yN3hTjcCSeH4TfIHBv2F5dzl4H6Ncp64sK6C3yiHOnjDt13ocA0iQiIjYL7SjUtXGWLXRtdZIHflhzpORDnwL14/jrdtc0YiKgPfJ9jwQkf/WzcNgfegK4rWp7ygAb645KEVp3Jq3Q4KvuDe9enfttso6VXoujuWXCYmzuXR8rLAiz00r3FPCMI3J0gO8SfztmaYZSt4lN7BJC2HzAR1asH1OaSgtYUwMb3tBejVEIoRVwHrlixB0DwwNh/+/KfcgHuG6qbPd2Q6xnCO9LnLxazE1xq9hJ+7r65nH7la4LdfQP/YMy4gPI0VnMlOP4i1nGgXgu4Mn6Ou3mBYK63FCcBtaAEfdyxeOEj1lsUCwDg==]]></Encrypt>
</xml>


2016-01-25 09:01:05 debug :
------------
String:
account-ticket<xml>
    <AppId><![CDATA[wxe5b18b9bd7e3626b]]></AppId>
    <Encrypt><![CDATA[sg6WKPdLBISLAMe4lGMCdPqEvqKosv+TWWLeiGwc4ht4LnY6ma6MdlIomz7HDqBtKaQJVHgrvhpaU1ztQIME82Y2ttGacgcox7NHsO/w4rLxe1IFkMXJTODefr6SivnWFHZbxpUkw2UbneOR4B7LCuiQTavQ2ExbKqZ0lHq28rQMY5CEWIgaB8LFXJcCSjQiQeFmnrzYwNm4baBSrvxjtexY0Y0Im0suPotBX/WgKOo2A2XFrVHlsR99nbNmiB/bNCQNWWHOg7IBdg0Glt+GezOcfFpwQ1ekHKX/5McCpVpHTKXI8/zTCJZ6JcssO0nyPsazlgJue0RGUPnlIEGSK7182NRXuyPhe8ncYt4P65jM3EILdH/8qU0vJG2FnzOl5t7zwjYO4yEzvxdpiXL3iYuCXItW3gt34PvK38aIN6b5cFil0RQMpIqsckENLuK8k73dfRBANdhO3kiLG63ivg==]]></Encrypt>
</xml>


2016-01-25 09:10:53 debug :
------------
String:
account-ticket<xml>
    <AppId><![CDATA[wxe5b18b9bd7e3626b]]></AppId>
    <Encrypt><![CDATA[/0U0mnn64xTHJCqSlQw7wa+cYkVstmN2H7g5d24B1U1He8ujSQk6S/wEPVkoNssPR1ci1L6RHWeHsvIBRQB7Jk/YeE1kNjXimWz3pRPlIfu9pQmJMGx/lN9z1Cg1lP7iR+6IJrjcjYiGEWqu1IMIX5VEvrGmFLjDo3Oy533tGIyX5DOaMnolhIcI6gBQDBJ/AvPv5e2sIxCood01K2AMgdZgRTLUDhlNLmp5YDMmxWEH0jLhCwIjIeTQ9I535jSeRBGE88EuTZfYTmXX5hdgFcNbbqCznZnV1I9X26nAmZ/HPKEna9WLt3RvOGGgbF7JEJw7m5Mu5vEmQ0nJZf795AfG8qR9fnmetoEkz9B1VRzuvLu+I1pfdbPC5Snhcv3N/jVZScm8BS4NA1ilkCDRKAl9D+QZa05Lo9sN0cfHFsatEAEBq7q/mq5y72xJXCiJkb2cfsOVd0nWbGcN/nH1pQ==]]></Encrypt>
</xml>


2016-01-25 09:20:54 debug :
------------
String:
account-ticket<xml>
    <AppId><![CDATA[wxe5b18b9bd7e3626b]]></AppId>
    <Encrypt><![CDATA[WnXFft7LOAxzh8ER5l1CTQJ2UOSOro9b58Alspt7DsBBXrOW/17Ts//UI7GQz5QoGpMTEv0SgHJ2TJIw98jELVbREWuKUut0TaJidPSDr9aDbkHeMZezhFQUIQyrOwiDyrIOeLwu7+5ptkiYu9IUoDG10VBIJXLTN5syeySRV2LPnsopAAuOiWCVdXwj70HvbUCjfsIuNALdKJT725hrOTiYccyurRwedk4msdmCE8gy5lM0UMZ7+95RA54mV3+WKgrh74IaaEgy6woLyHj0lV8CT0BLKUlZwOIKX34zsTL54dkgbSGxEDCvMjWtsF58xTxJPjfXRtakmfmBd1DaJzMDOuP4h4+rbEkUotCjz+IcITUK545zEAAArSzGWGYBQ6PbLEx8Cr77JmUwCo1zwMYmV4LwbNXW/FWgJqYqDFOnBnRb9349CMMuMJ0hbrhAOi1pAfGHIGi+FT4zmo717Q==]]></Encrypt>
</xml>


2016-01-25 09:30:53 debug :
------------
String:
account-ticket<xml>
    <AppId><![CDATA[wxe5b18b9bd7e3626b]]></AppId>
    <Encrypt><![CDATA[L+PjbXINk5TCK6s7GoWMsDP5jhbgS2l931XRJq8w/L/MlBQEGk/qjPJ4UAYL2ZDvt8EqIImC2k6vR9gX9q83kZf53jDObJLX6Vhu1miN9OthruqCL2WrlfOFAh82NZIixBfMWHcbXXz5LO85UKJzzoiRrhUp8dV82Qy2umLVD6/GT4ohDhfZXzDm2CEY54xk15awUMcCbnBpSYC1kai8/Fn/InD0m4nlqQpJZ/JPI9XjwknVLNSru7icXTOtUmWCQj2KmcgEG4DIsCbzWkP9cd9dw4mej/xJxddnOZerR/FBfEWuI0Qyqqq2FKCLq1Ae8TEiuFQmege29cVRxu0liKmjTh2EWz94MG7TXvjkmdEvoNSbToylh2sWvlpsDtY00e1pGwdDUqtL0y7INf8IVZfDkGuLf//8M7dzm+5K1SHjfi3oLhRUBGDcRUC5dXxraAlFX0rcfeS+NGa9Qf7Xtg==]]></Encrypt>
</xml>


2016-01-25 09:40:57 debug :
------------
String:
account-ticket<xml>
    <AppId><![CDATA[wxe5b18b9bd7e3626b]]></AppId>
    <Encrypt><![CDATA[ezbdEdyJh/ASubf8RheoShKHwSt+xhHFd+fnXBhK+ovgZMeQDvj3egiuPatpGC7nS42ek0ISeBgXx00yfRjRgtiQuz3mTzdprJFMr4JGqL9tsjNhUE+lfIbU+UwgAWovLEZ+f+AFNlQcHShBt0iI8W8JNEhDjphATYzyfpHrsMiCkEGC4BP1d1liSHVgvba9Bmav1bY2BnlCJ+DMd3cdFXDrDAKNPS5YM4o30HjLw20sYIdRN3y+Ahl7dpTZnc6Dhfv6jhHn5J9rs64t2ASY/d5infBJVGyi354JWdOACqM30v7qAl1mlyykXgZYyLojRQyTcYNMPlfIXQsY/GQvEH57VdXglGc84Xy87jr8KkHcnfm8eUAbVITjo59NdBazddwLd7AK3YsUHDwexHx8ONfgMO0uadCs9a2ENVjyIAHTYHjXjNrntRXMj/eRGK2KtW6wWgseEuIXORGUT80wAw==]]></Encrypt>
</xml>


2016-01-25 09:50:54 debug :
------------
String:
account-ticket<xml>
    <AppId><![CDATA[wxe5b18b9bd7e3626b]]></AppId>
    <Encrypt><![CDATA[RxSxJLZ0bfpdscNuE8E5psDA6l5kjOTVXrHbVh8bJK2WhzDpMa0skQ2bclKFhBBuMT/lkiPkfXT6/iLiMV0PPCVSML4stx54H03XZNvL95tyDa1fsas5076PUYTASQ/SmWv9eQ0PGRk1/iVOQzBsRWPO4hpCx8tgdepZ8UNyjUD+OBFbmwu/+q7gnxPUrEYmYrmuHgMDJklELUCfHonJD3ElW4StYqpySogR+ozLPhQFPZbq8S/Iu/fAAyyNHH59Ai9dOQ1nY7GPZ7d+Jao5kfaFq86Wzmefa+arS5Fm9+zwkdLvBXaXON4Hg4lmRIfljstvW8I8kkfjQMoeDi9KFB01K3QiCcjSp8y3AZaDLW9XtdNoH3ALZm5kLdC0Wazig61xGhjgDfSf3sYa5SRqhdaeTutrkzsBXbzfiGXT3/7VvAN3mU/LVsxdxQMVEzN46M0FzxaAjVvQpJs0zEg7UQ==]]></Encrypt>
</xml>


2016-01-25 10:00:56 debug :
------------
String:
account-ticket<xml>
    <AppId><![CDATA[wxe5b18b9bd7e3626b]]></AppId>
    <Encrypt><![CDATA[Z4YW5Vje1VkdTtQdk/KeKeCCnv1OYRXqKGOz7HRMAV6hj63PYh8D/xjgHalQxz+ibIJcDjD/JaA3NapKvtjc+Gc5dKTqsAV71jljqF6MyPsDvOM3u07tbhy/7AHWdSabl8rbgbYp/mBVEf28il+SOTfKWKVjGdKjunlJsJ6W3LjQs9aUdNaaSTfoPwozznTp42jRE3NKj2irOY88/TlSKB10hUw5Btha8X05+LsTHUfEgH60i2FpLGir/6sOB/TBCUCAw+TL3bIbfZc4ZYFqIb8nfAcOzkVnKPXxqfaoxeaphKiZ4ZeHUOYPrwzpeNl30HY3UCZFdzrSHBzbHz3jX1We+im9JJUPAZrynCgZI/dIXdPZtN/W3v/d/O7b65d2p6cQyNOMa6xczcy1UlUR0idjdzCsovYGEXQPvQqE53keQUslDdfDlbpOjwMO8PyZnSLkzwvpFftTNI1lIoz71g==]]></Encrypt>
</xml>


2016-01-25 10:10:53 debug :
------------
String:
account-ticket<xml>
    <AppId><![CDATA[wxe5b18b9bd7e3626b]]></AppId>
    <Encrypt><![CDATA[CmOISm7YcTuNfW21harAk5HdSXjY/Iz735xbeReZtGeJsU+wxwIkyFh4kttgURC4MJjw0qPi0yPH/uIMpF+RUAPGL2zIuOKbYrZfvdsQw+OQbhOSks3QD48frCvEh5vGnRUKk8e3Zro0/6+SDargR/Fx2381S/4AKCNQB0fKIM+xl8lYVupNRogHzdajoOgjbr9tC+BaGtcH+sepn6ELneM8E7QQ1Y3f3XnN+fUt8ag064IiRTRakY7B1tStJ/kOTfWkDQ1YTkpj0ggOvmNj1T8wh9vVOjVpRzwF1WZKb4/XQE7v4PvFSwWoBFEHr5ExxNxeDCbHxhdEotzBg/ZL1GNBzsVGAiK7l1rW6YmHKoVhnn5hVY8NybOGl2ntbZPgoiQLdTUZ8E3OFK7vyRE9VCVnXcdaLIptPInyNHNj2bC3PWQM/FvY9p22HFmGyB0wAHiHd7X43M4MP/JyUl+/lQ==]]></Encrypt>
</xml>


2016-01-25 10:20:53 debug :
------------
String:
account-ticket<xml>
    <AppId><![CDATA[wxe5b18b9bd7e3626b]]></AppId>
    <Encrypt><![CDATA[ZFIEshFA+lytEdfKdKRbRxs92BKFe3HUj2FF2AyDHrUKPxGlmCGzAJFHAQ2vXmZeFFjTmLa4QUczP1ihhP7FmYB26gSJiGf3HVTr2XYYKrcs8EDm/w3YiAdBW/sHRLmX/S3mNssdMqi50jEWRE+O3ItZO8c43aG13f7aWv1PpfY7b+sokDtOMTIq3QQB6RII61SStNHDk/UUfmUB86kiYFTaExbvTbZl+BCzqg2W/dKGT9TCZDQCQ/IrYpV3qHCr7cvOTf0YmWAzk+mHXfgQOC9ioHLO/w6yLBmDWPbfYDDgybq5HpKyRibfmIMzLQmuO+p7rQiDsfeE5WjWaUMPv4dy4WEApCnMJk6dM8dDT03cVqTv2LLqZ0Tdi8CmYub//Dv8a1l5dICaBoPUNdHYhihntvvifDzki1aN/wGzHGOKLkgrdJxfYD29KL9gfNMV0Gwe9w3L0YF0ENJ/RJp1gw==]]></Encrypt>
</xml>


2016-01-25 10:30:54 debug :
------------
String:
account-ticket<xml>
    <AppId><![CDATA[wxe5b18b9bd7e3626b]]></AppId>
    <Encrypt><![CDATA[Iivc6q3Ia8C+DSww9CRBsHiwTYkxkOkZlznWFnr17bAm6T0uTTYZmkZ7sC504dzfnHWJJSkOAXRQdyndHjqKOmFpFvcugguOuOi0EL7JTCVuTAXRTfuH2o419EmyIkEAmkHItuRyewvK3kniTjniIU/qOj2Sfkf2KkkNP+vao/rxYb6iSmWFB4rWqRvJDK5kfNIXZkFAjzFSCyiJLBh7Ub96CgQKzLET5d1/TonlO3KltWdY93YVKpuR0IIXjy5ExeaOQAXDN+ukD23FkC3DS+wkajud7+sakQDxYN/YV9apzyFKVmqPifTrgxSakHihATdYvqt8g7H/2Ws2g3f/a/c+idn/PA95wBe5cTUS3iGPcg2FIZu+JbgvHuT4jL3SjicleX/lDuJvhCnWaubAlsLquVBd881eTsLQ+LRr5C42hTUvA1NaUhnL0LacV4qtDmWSLSuiFqpkBdV7dUB0iw==]]></Encrypt>
</xml>


2016-01-25 10:40:54 debug :
------------
String:
account-ticket<xml>
    <AppId><![CDATA[wxe5b18b9bd7e3626b]]></AppId>
    <Encrypt><![CDATA[BdQgjsn0181qNyGNt3foVUq+R+wjOAn02PdA1ecuW9eTSXHuSb1Pyz8nu2P8LqDTqN3ad3rvpNmtfeVqul8hSjOPO/aR32RWSLjHasILmxrG7kZRI75tuNO9/B0dUIQ3QHd7DwCUYzA0AC6mwpfBhJcHrBYcmAUxsgM+Q0PDqw+bWlx656UVegQeNSm/0p3IDuJGl7rx2Hgjvpyzn/Xssa7Nf3K4ylPRWWJx+ZcKqqMC0D6Ym7TqgSeyTexfZCHThdFUvNktJa1rfs563a0VTBisBmxTfTWrXaC83h5kGsDF3FHr69D00PYkHdE2pr/RR/UP/vrX5bnz2GEaGDhJtCS/gGBW9CBeD78pn2aLAPEEMjLJKXVdNHv4mY06hdpXrdXeYixHgrQuAUqeKgDnfvckXMC7f+C+2Ks07pgrO2/So8k38Ygck0KEZDEE+9EkJpiIhmt3uSEfUIq/BxV9kg==]]></Encrypt>
</xml>


2016-01-25 10:51:14 debug :
------------
String:
account-ticket<xml>
    <AppId><![CDATA[wxe5b18b9bd7e3626b]]></AppId>
    <Encrypt><![CDATA[nFAzLmVlDBH2DTPJqVnFLpYwsp5W3X2J1bN/PJ7DMNhQh22cbdqu/h2AwQbN6lENtBrqTAQIll7lc09jLDRBhTpHJgsDrUEjy0Sk3M9nmhqawV8RMuZi2kKkeKdtc094UFZkPzqgPW/AGx8DgpZec8l+4rYPTZgxQEJSYAnWFsWFRdju5cTH8WRJ1JudzX4cVZMpLd8b5quei7EfYp3DTM+UCX7jmcUQSMZ/5opKOKsXl5hoOwV5shqZuM7QCoFBC1CQIT1MtPQj/m82vVdma+akwk/sKPaorvj7gDPc7pD0x+EQd5tabYhl+3jJF2AEOUP4D9i+NmoYD9Z9uIbV4aW3bF0kRaD6lAhJnUHGppRQfCfGZ2uC1AHKuwV5OPspVN59G406HRNU3izryyRmjDNHyedDCcqk7t9QaBUA2ofb+IXefOABiXd0M0J50QktdkpMDILib8t9rKKYN6sSxw==]]></Encrypt>
</xml>


2016-01-25 10:51:14 debug :
------------
String:
account-ticket<xml>
    <AppId><![CDATA[wxe5b18b9bd7e3626b]]></AppId>
    <Encrypt><![CDATA[nFAzLmVlDBH2DTPJqVnFLpYwsp5W3X2J1bN/PJ7DMNhQh22cbdqu/h2AwQbN6lENtBrqTAQIll7lc09jLDRBhTpHJgsDrUEjy0Sk3M9nmhqawV8RMuZi2kKkeKdtc094UFZkPzqgPW/AGx8DgpZec8l+4rYPTZgxQEJSYAnWFsWFRdju5cTH8WRJ1JudzX4cVZMpLd8b5quei7EfYp3DTM+UCX7jmcUQSMZ/5opKOKsXl5hoOwV5shqZuM7QCoFBC1CQIT1MtPQj/m82vVdma+akwk/sKPaorvj7gDPc7pD0x+EQd5tabYhl+3jJF2AEOUP4D9i+NmoYD9Z9uIbV4aW3bF0kRaD6lAhJnUHGppRQfCfGZ2uC1AHKuwV5OPspVN59G406HRNU3izryyRmjDNHyedDCcqk7t9QaBUA2ofb+IXefOABiXd0M0J50QktdkpMDILib8t9rKKYN6sSxw==]]></Encrypt>
</xml>


2016-01-25 10:51:14 debug :
------------
String:
account-ticket<xml>
    <AppId><![CDATA[wxe5b18b9bd7e3626b]]></AppId>
    <Encrypt><![CDATA[nFAzLmVlDBH2DTPJqVnFLpYwsp5W3X2J1bN/PJ7DMNhQh22cbdqu/h2AwQbN6lENtBrqTAQIll7lc09jLDRBhTpHJgsDrUEjy0Sk3M9nmhqawV8RMuZi2kKkeKdtc094UFZkPzqgPW/AGx8DgpZec8l+4rYPTZgxQEJSYAnWFsWFRdju5cTH8WRJ1JudzX4cVZMpLd8b5quei7EfYp3DTM+UCX7jmcUQSMZ/5opKOKsXl5hoOwV5shqZuM7QCoFBC1CQIT1MtPQj/m82vVdma+akwk/sKPaorvj7gDPc7pD0x+EQd5tabYhl+3jJF2AEOUP4D9i+NmoYD9Z9uIbV4aW3bF0kRaD6lAhJnUHGppRQfCfGZ2uC1AHKuwV5OPspVN59G406HRNU3izryyRmjDNHyedDCcqk7t9QaBUA2ofb+IXefOABiXd0M0J50QktdkpMDILib8t9rKKYN6sSxw==]]></Encrypt>
</xml>


2016-01-25 11:00:54 debug :
------------
String:
account-ticket<xml>
    <AppId><![CDATA[wxe5b18b9bd7e3626b]]></AppId>
    <Encrypt><![CDATA[oeZ5FBMKbtgI9cQF5ma5XVchZtXU4YvM9Zq/YIlj8xHC3PDqXMeT9UFgzJ5t6Z/qx+mXVwmYD9XBIh5uA5MytfhQaQXRL4tla2AvJsFvn85xZ4iIcCULpnjCNJNeEp0F9jOGk9up8D3Sa2wapd0kwps55AeZLuy81XHJnJADVUGEGV7X+UrF0q3NhFHA0DtfRb/BPJ73CxcfyawIOybom3Ba2+LM2jrFBdgIDA7Em9lG253DuINvHOgPi9pF7x2VqhqsvHR0swMXu/vjHuLsQTd3k/90f8Wtb6Fbzf1K/+piUiIwkWdH2Rppgvai0AuHGN4IIqmIJAZNrbkbt5AafK0sfgPOsW8E6m8N9gp+ORwD6gKMaSWe9nKwgPqRe14SAZarVzzOU8ftC9/2JrjrJWAhZ59c2NtxH5vV6S1LaJW+FUdFojJ2M6ZKq4uzM2+e7Tbv7RTTxi5wnMiOSCeEag==]]></Encrypt>
</xml>


2016-01-25 11:08:53 trace :
------------
Array:
from : od9jLwm2KDftoCgQmuekM4wFYC_g ;
to : gh_ed9cc7248212 ;
time : 1453691343 ;
type : event ;
event : VIEW ;
tousername : gh_ed9cc7248212 ;
fromusername : od9jLwm2KDftoCgQmuekM4wFYC_g ;
createtime : 1453691343 ;
msgtype : event ;
eventkey : http://we7.cc/app/index.php?i=30&c=entry&do=shop&m=ewei_shop ;
menuid : 402483293 ;

2016-01-25 11:08:53 params :
------------
Array:
rule : -2 ;
module :  ;
message : Array ;

2016-01-25 11:08:53 response :
------------

2016-01-25 11:10:54 debug :
------------
String:
account-ticket<xml>
    <AppId><![CDATA[wxe5b18b9bd7e3626b]]></AppId>
    <Encrypt><![CDATA[wt2Mf//WuFR9nRhUXhQaRxaDTWsorH8/5rk0tXzZREKrKFLIaQlY3Zu4/6NkPAWsisYU2NDa7hADRxtNEOJFmRBmvKjEEYG+ExR4URUM0epAFtSAx4m5N72r2ikusKZQ2PNkFRVxXMot7yUSt+DJmC5Jtvo+gr9a/Wc7Q1QbOO88O3OjP8LvLyRX/GXS4yQuXR42Awc/H37VkHot6pI8VdDq5D8D6fLwZ5VriJtQnobrXz4wymtocm/Nr4bbDT5Xv2z5KxtbfUwMV1fgveyQtggeSFvA+vF56GHicqVrBTf/dLcPxKwvSsahVJBghT1X+EcBLqq9PWVgd2vWPvVyGMBtMdhK3PXzlXf2g8Tg7TwY3qY3Jcwszw67kADApWFDeE9eobBE4cLlG8v22zej/stuZG5vUi3ifUFADMPsoqHbmPov+xlesEfIZETF0NivJP/dRW3LXM5Z/tdpkgmmNA==]]></Encrypt>
</xml>


2016-01-25 11:20:53 debug :
------------
String:
account-ticket<xml>
    <AppId><![CDATA[wxe5b18b9bd7e3626b]]></AppId>
    <Encrypt><![CDATA[r11pX9OuuWpZOwDs44z1uzJf0IqADs8+wvhalMAxI5r6FRRZrJDc1N+9gfDOl+FEUhWZggGW558LNob7KCknGCNmfEOVBaVjS17UsACnEtl2AdeMBxb9g42U7vS4KJoUBor75BD79/OCYLbCfkfQ69ZL1Jwu9RZJE6TeU9H6Qh3SHAtQvXclEplEI9geb8jQVKu4up6NYagUeEDqo7hODOP51Miuih423mz0f1iuienEkAEKveZMFMbEL8zmXvICkE7S7Fm6r3tVd+I7QU7bfbhO3NFIFkaRo+Etktbhlgj5Fe8r1Hmpb8f2SqtJcXtxEhYqLblUchW/qTf2gg9+SIXXzkUla5hIhXo9hvxCRKJZZaAKiJpeKOr9LYeAVjI4Jf/awyn7VF/G6/nAft8lCCHFE5tHB0gxMq+rD2eMjCOYM0bhNvP48ryTGJL1l4mccde1mm9FM91UygJg9/+31Q==]]></Encrypt>
</xml>


2016-01-25 11:30:55 debug :
------------
String:
account-ticket<xml>
    <AppId><![CDATA[wxe5b18b9bd7e3626b]]></AppId>
    <Encrypt><![CDATA[CoNrKhPg1TdvE9NY6oithKw+17m7PQHIv7Kt6BTib1AdC2QBGYRNTD45DLjVja7Qy/mQKTKz/iEHhkCGWC75Srz8T8TupDKG1mC0L5vHrc2ZuENHKGm27n3d/nOjpyPbjBUN08M0AhOxwDfkHt9Oc7hzC2BIxFYABXqUx5Jxw/CSJISa0btakSIJaKeLto0V+CiAP23yZdFiCoOO3h1A9gNmgR05I5xq0SNdhBUG6i94TSHLovuYqF46Mzq+UjZY2SPLbNyrjrRBBCwPMsefLKeCrQi9UsiAIFS8lZQ18eyRp80Uo4aL95LZ9idHcDTxmn/AgJ+n5pTGvJ2Z1JzlOIZ4NTTfsT3vZ8jsLUYiaFTBVuRnNudNPjLv0TtlufSY2n6AXVPI35g9bPk4iRMV1wh6TH+DmpBBkqjGThiqg2zDG2WqYSS4yeAqkrdyGRGPppWRpzumI/6OGF7R7gqlNw==]]></Encrypt>
</xml>


2016-01-25 11:40:53 debug :
------------
String:
account-ticket<xml>
    <AppId><![CDATA[wxe5b18b9bd7e3626b]]></AppId>
    <Encrypt><![CDATA[HR2rLgckCLFRXZd+RMLD8StMSOmY+9AlA57HnMAFzEPgIXTANPHwEmqmL0Wpt7JCRB8VuHexQdcLTGX9+PFkwn2pYEGoXHf11Ina8bqmqb8dXxGEJ1pxil+psM9+xRl4MFMlglQ2lASfZFCffIFY4B9D6VZmDmmR6yd2ElceL8m/sWxeqFOcq8XEaRJ+WksBAgrTnAdYP5yRB8wuV2IxFgbs3LL58C7G3rYS/XRJgcde5qYlSEoUF5bLBv3U162/v1ijLuTioIi9Z3YnvN8bCkQKhrst85864pe7FWh8kjY07kX8akwxvGj9081NOX1z/T8gmB2KpBW4KfTseueuIjpbWeiOUMWkiCFZAQ2lTg1288Xp7hRjNwubm07L4B/ZTjb1vtGCz+9kCq1z9pIa55wq3OfN4g3w+xUBDr8Cm7/PHQ9iZ/Pz01i/vcpUx0GGhJLi0fcVG24ISk87bP7Y1g==]]></Encrypt>
</xml>


2016-01-25 11:50:55 debug :
------------
String:
account-ticket<xml>
    <AppId><![CDATA[wxe5b18b9bd7e3626b]]></AppId>
    <Encrypt><![CDATA[7uFqqH+I9Eypc0pqRbUtEOTh4ufgfzOvhp9NKPSpioPEDx4f1r+3i8/YkuBARgLOnmnTfXNCE1EmE1WUUo1EwARMJET4MUT9UfFQqrk/SSgp1A2OwMq5Q5s1OT0FMVWwsutfPVt7mzOjZTRVWqU+KV7zHToIfuahaOYmqlSulfTf+DiLh49MXj1fPHonPWnPu17mNrQYC48Y+SIudMUGEFG3LKWZJ+nda6CT93xPkbZ11bqDZXwI7Agx0aIeR5XDQnhdl9w4jT13rgL5OF1KCKNTXZznHu7phRrrAZ1GylqM7a3DnmUo8fHKQEjnWTOTI8AZxVHCKiCr3r6LhMhyIwkFy0uFlFCi8CiwfXqbaMSyyXLxoD4xu7+gCY8yJ0EdaOT/VwzhXwBXqpO6b8T2qQCdmsM/fyrsHEyi/b9tE9L3/OmeZhLvt4KfFuxptKPLJNTsbm0JZUi4zNCnw6rc7g==]]></Encrypt>
</xml>


2016-01-25 12:00:55 debug :
------------
String:
account-ticket<xml>
    <AppId><![CDATA[wxe5b18b9bd7e3626b]]></AppId>
    <Encrypt><![CDATA[mXUV1rwpbkWJThzP16Ontapm1/UpPmXIBjDSMdWR+221LI8GFylA9eVYTRg15j7xG6nhpaa20O8WKUOr4X6qmb6HssPG5B8eQu8n6q5ERJ6MLg6Mo4FAmyJiOe9F37HW/YDQRx8d2aCOy4QeI55QIa8kH5KAQDhpdefq910JdCx37eB5p8ZHSMzTCcjixXk9hjSNr/4UdRL4cw5jaOT2LEfcQSpBnIANLtbb6ZU4wHZeL3N2tOKLOOWda/VDhGUqaa0PXAqgYDwhk3urlL5xrVbHHCjM2sgWGMonzfpj1v2CJ1Z22Xrpofpa/IBSBp+D9zCSREJ7PBlwxWuEiov1oRvydvi9BoZFhZIdnn8HbA0uJVda2Qi325h6h3uPZnu0dlq1IDoYqXTqTCBABGEzXPCb0mJbG0KhUd0sCQPBnZtCmGStuf7IRorO2fO5NF9mVFrDmt85YBW7+BWfFbAHfw==]]></Encrypt>
</xml>


2016-01-25 12:10:54 debug :
------------
String:
account-ticket<xml>
    <AppId><![CDATA[wxe5b18b9bd7e3626b]]></AppId>
    <Encrypt><![CDATA[dNyuCMIV9TWLY5+yvDsLMZDhxOuYflS+Lf0sR6IjGuilYlRhm9rNhgQ8AcCkXfc1MSVYJcP6PloMi5BflLpduSnx6r7NJJszQIE6JGDIlTZkSt2FfWTCxmoMkLN5CsA82PU7qoZcVWzi3WnOW24hDEBrsrfNmDTfe5hXcE+zohWMbeo+8+PbSi/80PTN0wEI1ken8fafZu0M365hZ+73qzyVI57J2/+/0AVwdwkj8tS9BgV8tQ9+V4lGFI55F83elxdzPyfucuZkK9Uw8EUobiz5BmkxlYqfq/BpumlxhCOswl245cmLD43ySCNjDw6PQvEMrVKG7qViW1JmJgsF/ARKmkK7wisWrAfBa7HUqhPiJudAJn5ojhWi398eBESFfc1WKjcRnFxSUkdu4hWtqezAzRA9gBpGyLIuY/O8xgt3PWug6Ka4N1O1iw6GiB8kWYZyaYnV9OU79eflw9jdKQ==]]></Encrypt>
</xml>


2016-01-25 12:14:40 trace :
------------
Array:
from : od9jLwvWDrfsN6Wcbiz30VRymQzc ;
to : gh_ed9cc7248212 ;
time : 1453695290 ;
type : event ;
event : VIEW ;
tousername : gh_ed9cc7248212 ;
fromusername : od9jLwvWDrfsN6Wcbiz30VRymQzc ;
createtime : 1453695290 ;
msgtype : event ;
eventkey : http://we7.cc/app/index.php?i=30&c=entry&do=shop&m=ewei_shop ;
menuid : 402483293 ;

2016-01-25 12:14:40 params :
------------
Array:
rule : -2 ;
module :  ;
message : Array ;

2016-01-25 12:14:40 response :
------------

2016-01-25 12:20:54 debug :
------------
String:
account-ticket<xml>
    <AppId><![CDATA[wxe5b18b9bd7e3626b]]></AppId>
    <Encrypt><![CDATA[gKZjenP4g3et+lepB2I8BBS5/Jqe/LJvy+DKxmKNKh0zxwpDdbPVYGaGtYXD0QuJK0p+0QMXt5ThI65sTkAGWdfj5ukqVfDnGM7U4fD52I3ulUgE12XBzasoAMwzMnAQNnt4CJA0NasC2G5aF2bO0eIzoazuSG/GQF6YAGBQA9LDyPLzSwvCsWt1aMQ4NjzaJk6X4KaOI6tn8RZupMkqb8VdHqmARnzLBIMj4OHmRqLjpcpJfQzCh4RtugtkVjQMxrObngYS5fYOIwpQcjVsj+KSd0kOQObb7+O9D89zbBLYu3JB2GUkWuGnQHoHW4jjjg315iCuSB1N1Z1o5BOJ+432GCMTTPBoou1HsxnAvUQRblL96a1QiUxtDyGlQrZItDBxv3CXLtyUjeTBj1OEfSNt0El2vmSlnJyRQXdyMJnp2xYcEXspJBNXZX0D3kiIPrNB9/48qr/8vfuPPk0LaA==]]></Encrypt>
</xml>


2016-01-25 12:30:54 debug :
------------
String:
account-ticket<xml>
    <AppId><![CDATA[wxe5b18b9bd7e3626b]]></AppId>
    <Encrypt><![CDATA[ca665D+WPpEc6bQ9WjA2cjRxiNQOMMBDHt8JPdRinTzjX8lc782z1UeNT4bosAP69mytklC+xXUyIRBYxTrTxvLKEWyslhlCWh+RQY5yLahPIaszBxFR8N8tWsKEXSj4xUt7d7Swn5LvEOfVzTYi0nda5OQ4AmxhoiJcZDDS2U3c3wJV1lQiymcyxekuZUU3VBNXLi82BlThaz2WVpN1+Jwlqjm5xCr1i8pLBTJ6z8o3YE1XZBJ5aqQ/fmuJwRNEl9suD3hipqeQvzlhr7jMIUQG4+bCCnSXMAxmGjdtyDlPX53lv6XVy9wa9cYv+0l+hI7SadNPOiSocjFSnmqEufFOwu9PQdah+r6X5Rq4d4slii5IohIZQUQgWHBoV8YP2QJLfRExJkbFd9tBAuELX6NdTQPaMU1ZwfcXbC1dSof9x5mWTMonKCXCuHfCA57/DAUmVY/q5eNWesCFBqeCRQ==]]></Encrypt>
</xml>


2016-01-25 12:40:53 debug :
------------
String:
account-ticket<xml>
    <AppId><![CDATA[wxe5b18b9bd7e3626b]]></AppId>
    <Encrypt><![CDATA[Vsts/JQKbjQprtPqq1DXWHFXMDTVBwWbHJMT8j4uJ88V6HN4E7QK1I+JwtHff3sP1M0Wx0WXIDY9nqYCiHqIn9Arut8tjkpNH+XRib1Lrq+kPZmy0qMJaN+sKZNwdTbn04VtA46ZyT7l7Ww++84qphaP6U+kmr+EhmHzvdPsndwStgUOK18j8xnl+Tok2jtR6JHS2yB+2tUMvBoNaCQ6G54J34Lv4dNTiMpPGCMFLQWVcUMKbv9Vi5orpKz3dZvOgNme2UBkvmRvSB31K0Q1lr7z+4PT4Ns6FmFBGOHZBubZh7Vmv6SOf3otR9f9WhEEhIPWcOyK9aq60MyUV7FNxO6KmpecbXkEUWBLSmwofAikwSIbTe9CtxzYtrSe9+rIMfHoPU3T/ROsKgRFL5F88nNBfLs4KsgavKPt2OA98QU7INjUA6OD7h5a2ivygFaPJUhLd61RKqOZtJKBqau9hQ==]]></Encrypt>
</xml>


2016-01-25 12:50:51 debug :
------------
String:
account-ticket<xml>
    <AppId><![CDATA[wxe5b18b9bd7e3626b]]></AppId>
    <Encrypt><![CDATA[ojAia5+UzldtJyR+2f3R1q9OUuROxqs2L5ExQUsWBmnka0FfHl/YcsOUfwFVleWrEVmzmZC7AtqxopSy/swGsTGFjesV5WdbGrJc7LJB01/cKJXzpge7gfibNlz08DU2py/9L20JQbZANu31hS3StTceEI8z8VJ3pLrQIWu0enBcHOq0XKdsi9X2eMqecAslPd8KmzJ0X6+ze/EO7dFkEPcFZmqPo+vhTLbu6ilfiEKFCyXpqx2apsv1GH9anBbdjOdj0YkmzQ8Q2vgL2DdUpRmCU7KvO2jLO5r9aISH7KMUlc1Tj1nv01jeGOpr1SQQDfF92jC4by+frvwR47xhFA542k+q7IWDU84/V/ItPj6uF/T9ovelvXnYSL7zAdiaVb1yLzHb3HjhoetfZvG34+icHZ8rcgZrt7XzFxlHyUw0XNGFnBNf+/1j77CkyBpe53WMnwFkf+Zk7niGtQzbFw==]]></Encrypt>
</xml>


2016-01-25 13:00:58 debug :
------------
String:
account-ticket<xml>
    <AppId><![CDATA[wxe5b18b9bd7e3626b]]></AppId>
    <Encrypt><![CDATA[h1D/0ZxGYOTbXgOtrN3EwtxKExmWCF0v15BfZ2+faHIPy5TcjEKuEt75RuwIqmGDJT9zORjjgMK8Vge+xCS/yzR4ES0lQbNUUh/1Wb37UbbCoVBenIm4FxmVgNwwFfhZWxKvNRw8KUiNzdGqAdE48zsk0XnL1Xqmy9yJDGh9HH06jrnyzlML/MMukBXSP6jQuPiLxvFAPV5vkEYaw+Oohz02zZi4r7U79GLpqufpYz80OwYknPkPLtWwCTYJ+Nec+UGEzv3+pBUHl4VFsRTEgBAtJWl0pU0xdotHJJnfwzxUDjKRaxFJB63V1sPSkGWa9qSfzX9etUNa+hP5F64JtkPsr0/7+SUuPdXmBdzPZj0QsgeMAW9uQOC4m5dzGjRG2Fl298z3jk9eXg2XFMzLRajHC/kN6bjqaPb7f1katIrVJADmtur60xnmmMDxlEYtl8PNEaUcVDk3n1HO0XiGRA==]]></Encrypt>
</xml>


2016-01-25 13:10:54 debug :
------------
String:
account-ticket<xml>
    <AppId><![CDATA[wxe5b18b9bd7e3626b]]></AppId>
    <Encrypt><![CDATA[iclzuVTyy/jKUMQaI+xcJt53g4KsNytsvioNB0Cd2za8iBw2iU739Yzjz6IB9l4bistwQQSvTYqG6sW9dUKHl5WZFH5j1ERr3ZScttgLTXLcRa08v5t6ZrPcwkx7A4kNuKBS2HBppnDNIN6QXTEJIjANic46eV3D0pK/744mOAZINBoTgNmDjzgtlrIBk2Bc2OHer83gX+i4IA+gVwIFmXTziUYwR287DsZ53rzSn7KFHTBtPZL92RNQxU03U0fT1fI8nRZDE7VekryFmz1wzmX9CtGUHv/ybWmkC/+S/VFJcg0+woF+M1pIKOC9tIOEQJVZW6MVwCAUcFws845LTVKVvX3NNvdAS5dsbKut/rNiVmZquZyE97KenkfB2Js0SWEhShzunQo9oqVeTknZeZ5Ztpp4/95HB+PmlR54blHU7gB9CSWTmsomaCmpUN01F9snAp5+NPZIOqlw6EuPLA==]]></Encrypt>
</xml>


2016-01-25 13:20:53 debug :
------------
String:
account-ticket<xml>
    <AppId><![CDATA[wxe5b18b9bd7e3626b]]></AppId>
    <Encrypt><![CDATA[N5l/6BcPvc4Veu6mQUYHOA6LujrEH3QdbnVlIFtK7X5bK3yicWtBgUlVwB14r8uvMFQwuCw1ThyqpVqLvfBineO4xE+3e2cswhxDnZ0vkl7mePGa/DkNqlqAeX2JMhu3kkwIPLYUhKd1diJhyQSmRGysQrMOztXIc5q09z3Z2SIo4tvaQPwrqH/pRgWOuoZeR+PccJr0P3KIcweVway6Aickqr+o7bCBgtlH6n0HgrVvCoT5A/edl9S5ElKPBwkf8vpumw2h76v96S1sDON5sfiAz95mKGdAO39+yAncNaZBD9iXLChhlJKp6LKjKSK8lO7T9ZcN0RlA3d10cc6aUspwPOc+HG5ZGdOJUAktB8lahlLoIadKb8J8ZkJSFHjKl4lsrorCPA1eOBZZGJW7oebn+vS0YExqUrJRg5ezpftCJ8GyvqksU4c5I7c2msY9qyZMEZ04snrTTNUSuh+c0w==]]></Encrypt>
</xml>


2016-01-25 13:30:54 debug :
------------
String:
account-ticket<xml>
    <AppId><![CDATA[wxe5b18b9bd7e3626b]]></AppId>
    <Encrypt><![CDATA[Iys24nOCaK4M1TnAB9lZ/mEz93ESGg5OkfSXg1QLxEhBkiRR6fLW9i8N9Tj0IkBTeM5U2grhyuTPOUfwlkrzkkkufbm2NO/PFsvhcRUoilcUy0BXgLeAFO+TDnM3/tDk/ri67MOeRxyzBVDqlBuOskkpsZ9I718vMplVEuLBUvrlBItCflSoMjIohkG8Xj6+3TBYNlrc4IGFWlc6qrMcvMuVL8S7fJcknj4yM6xNljhH9AihAmQALPs84b/blxCRTQ8ZFFLG+oN4KYx+UZPBOenM94YDiPEgxeMri+ifDekwwAufwspslPx5NdwwJuv/bkN4oyhBBA5Y2xbb2cSGrUHPQb6zoTNMYk9I2mDz5aaQRe8Edf0IL4go6w4siohU1Ny7P8ROVxmfk8ImrWifX8PfDhtZTNgITHorXv556aeOs3Ec+HoMY2WsElFLu6MhLnfy9oZjPFDc9oX3YnCETw==]]></Encrypt>
</xml>


2016-01-25 13:40:54 debug :
------------
String:
account-ticket<xml>
    <AppId><![CDATA[wxe5b18b9bd7e3626b]]></AppId>
    <Encrypt><![CDATA[9owkrPrx30x1raRkn3MtX5yE/bPcDXmTIk+M8rKdXz7oczbPNl/j8jDsvvKjtjBqcXc0W9Zy4iiU1nbIvNQ1wuY+p/jV1UpRK+zTUrbrsPLpKRSxbPJB9Yajiq8eZDIsDw9Wx/iUXrYeJ/0221HOC4xixJeyF0wZXMsRcFYGmZ4SBe8ssaHqA82pgHxjICGJNMPWhstzerMperNxQuMixD3LBb7P+iDv4u6y1n+wxBwg6JqqHT3Dp/REjxmAHeOadEN9jg13xG1Z+APHAeMnXr+FRnTLc7kI4oiyIJD3l6Q6EWjq33IRBv/329MkZYVv4SkPUY0tWvssEBVoPbRphRgBMIRXB+ti/N9iVQSUgPursSjbJEKN8/C6gHqqCD0s1LZr4+K5Ld+0msBD5uZI3Dxjrdf2t0uGVvF1cTBSE1n8FW5DY6DNbjMHZjbmUqh79YTxo4+pNFWI+gBWgJdPzg==]]></Encrypt>
</xml>


2016-01-25 13:50:54 debug :
------------
String:
account-ticket<xml>
    <AppId><![CDATA[wxe5b18b9bd7e3626b]]></AppId>
    <Encrypt><![CDATA[Sl6S3JnQNWGwglOUAtunplMwW+/AtmI/UBVDBgNxdrmKbYACJM3WzXtVAuEzpMAOR7nUJq285gHCmHL0Uodrl8Pn+MZNyu5qU4i6FqES8ptCcBgjT96fnFAkiqrey4z9fqIDQrRRBx0t/hAb/esOtOHcpStgmjh/Cx9fHjgDs1LYtv9MUv3TTa8vRVUAUIxqhRF0DA1fYo8IDKQGFyqO9vTSEML4UjBGpp+j0CxneSRdjkiqK0N0dTg/6Gcu7S8B2RnqofeIxozM0jlX0i86U6WJ3hUczYoqh3Qfndu4lY9jX9WqTsCOsFjuNP1NWEB4UwxTUmNrRZxlkTxuf93b/IFR+PBTK1jEI8SmB++w0CB6ookWhqWChuzkDVYEUxyCKF5YYXVA7T3ZbCRogyq8i5YnKYLcsnWIubyTghUvYNYqb8UMFMrHOls5QW4ZVQbIk7Z7PihK22H63e9qWih85g==]]></Encrypt>
</xml>


2016-01-25 14:00:58 debug :
------------
String:
account-ticket<xml>
    <AppId><![CDATA[wxe5b18b9bd7e3626b]]></AppId>
    <Encrypt><![CDATA[00ft7QfBnEIKxuOYDLrTDPrdw4N/I6NLrXNvx5uUtv7Sy/KVBgMxlvzpejwXnJ8QnlTm5usY4hwPpMNAylb8g3G9h8Sl6zFxx5lOdUoQqA9H06rq4S1ki7Bc3Xa6QQQqPow27HTPOpbYfbtIMsH0/nvytzaWlUTtLZI0VoAuq9vPzmKqyVOyofL5UUIUCkU/Ix3zTgSlz+fdyL6MPExEcVqBekSy1JSGMjTCoiVZDAKcn0om4IOVo5v4LGOVti9xVmdJlAtSi58dE/eFGI2psVvMkrfzvJv0w1dyirEsrnQjlk7TuwcUIz8BBOjcJ7FYQECuNkf+YnPbDVzvuM2m07LxeLXUf8q3eq9vRaKS9maQaKA55Um7G4Y3q6nug9bgNbLjeWnuFUkFBR3GyBb7zfKiTvMXUlEWN/9TewwNNkytCQXP0rmMSGUk3PdEvm3q0FavPey9gO0S9sJ2b+fI/w==]]></Encrypt>
</xml>


2016-01-25 14:10:54 debug :
------------
String:
account-ticket<xml>
    <AppId><![CDATA[wxe5b18b9bd7e3626b]]></AppId>
    <Encrypt><![CDATA[H4/d7hxjIuyVf1kzP9GxuKe43T3ui5xPdkn8xVngeQJQE0zjQfZg0CKkIkIlHeK14VBoYJ6mbXjmInMbLBj1AiO4zX8cKOu1U34hm8WLaqIEQv9Pwr4d5ExEXMsQRcifYXioBM2miwsom6PStwxYgWOUd/S8W5Ye93tG6m3C0a9X5zzOQ2dcbqcUFu8t3rf4S/aof0oXAlGpwYZYxun3K6M0XxIrwtbv77iAyckBh8cjwcT/WMu0h4jMvWnToGdKMtMAUCWv79upKk6vB5ROCdlMTRM6l23KlJbwjzQKiJrxX/6ifh6b3klJkBvP6vw5zB9cX6GNiCkyKPEAh+hlIS8J7IwhxnBxmiu4uPhjqE+xny7DrkW1UUW3g2IZyP8DUbEFY5KH8VWF9Nfl3nXM/ftSkrt5dLGlvwAb9A5FrEsEfYDIUvgJ6eqnG0FYSBvuJiPMy2c14aQ5hCde4xE2NA==]]></Encrypt>
</xml>


2016-01-25 14:12:36 trace :
------------
Array:
from : o49xAwsi2ieuCfEJRKAql9Zdf23M ;
to : gh_8a5f70a28b90 ;
time : 1453702366 ;
type : event ;
event : VIEW ;
tousername : gh_8a5f70a28b90 ;
fromusername : o49xAwsi2ieuCfEJRKAql9Zdf23M ;
createtime : 1453702366 ;
msgtype : event ;
eventkey : http://front.lewaimai.com/index.php?r=lewaimaishow/lewaimaigod&adminId=28555&shopId=80400 ;
menuid : 401201303 ;

2016-01-25 14:12:36 params :
------------
Array:
rule : -2 ;
module :  ;
message : Array ;

2016-01-25 14:12:36 response :
------------

2016-01-25 14:20:53 debug :
------------
String:
account-ticket<xml>
    <AppId><![CDATA[wxe5b18b9bd7e3626b]]></AppId>
    <Encrypt><![CDATA[bxutADSDOjwiRv1Yz14loa6PiIeXQDX2jYroQWgV2oTaxSyszHYSI0k8o7CJp8JR8kWRocURR5aXo6gWtg1C8zAi/VS2lORP+ZaUPt69DZ/Sx5gla7px7YeAJ3kl7k4/cDs2rVm5pYoXhWnqs0yp69P4/kjKs3Juo+8omjnEMxNif6I1h1zKH7e9WaQKm7lTQijFct7yBYo2dmNzT6JZGanIEw+LNMoECu1d/2fWtZ9W4ZwQYTcdxByps2c1oqJKXvmLrvMNWteZXTIA4QVdkgdHznrFO0PZVw5hFueX/a7IaR/JwPw/GEFUyeyzMfwbFnmnoae6SV6kLS/2N8KjxsYnG/qoQRnu8j6MR3ggspdHNhzA+hoHDZNyt8gE7MzR/uvyjJK+i2U+so7P3tBn2r5c0JTlUvR2A4TamJcm7GdUjun2AEIMqsPtsxbAlQgTrdZ0pZt0l5H4qpwoQGSB8Q==]]></Encrypt>
</xml>


2016-01-25 14:30:56 debug :
------------
String:
account-ticket<xml>
    <AppId><![CDATA[wxe5b18b9bd7e3626b]]></AppId>
    <Encrypt><![CDATA[6mOwEMAaKG0CMu+7AuoMYC3ISvk0GJ6GI5xbxqQ1qUB634Ujur/0aL76fxJuzz2jSeAVo3N6ccgr7R8HvI3+70BATdMDxbjFa7dU/c17cYEpX3+Dw6nwQt71uPH2WIQ+uwUEL8RPZtcWcw3rFdGktRQ5uOnmkqabaF5gAXCxOXB6bPR9KjZQ9nOi8OqQaVJR5rqM34fhXFW/UuGIOwHBmZYjHytDZCF3EjHOxwM7UR3zmUNUTHjSky5IN6dmreBT9x5Qdl7dtin0KjsHeQCK27C8uKWZVvx8V+eYAle53GbF4GAII280kqHyoah2cGMdwQWN2mYC+PtOogUcdYiyqV8ed5OfzmpzaVOSU8zH/JT9CF3/x9sMiCX4ICO3fw7I9gE3ee542NnjU1QiouGyUuxtt5eXzCZErUe1Mbhio77e1BAC3Xi/ZCAflZwrrtXmgUoP1XUfJfadQJgb/7JWiQ==]]></Encrypt>
</xml>


2016-01-25 14:40:53 debug :
------------
String:
account-ticket<xml>
    <AppId><![CDATA[wxe5b18b9bd7e3626b]]></AppId>
    <Encrypt><![CDATA[KfXCuNu0KVKQXLZ2Qz4KDS77lR30CqiqMIiT0T6hG1D/ko14sVdXihqjHnIGjv3MOXwSfDwXzj0xdw1xi8EE5IPyxMu7eC52S9xHMqFeQ4hQsVFZOrbe+IdN+bdQcJcLOY3PfTX4x9gpXr8Pb/BhQClPyrSwdQsnicAR7XRZrBmMlQXY6hTNZ0//65jlenZ4iuDejFQb62LSoOScUq7cmRDP8gD8SI7BL60VtZ+eVWycsadn5AeQtSNSfCsaki37PIC/TelE21+719QztTcicG25k4yVQz2J5e501gNzeE/zpRwdrlohPjxobI8Vjb6f7e9EPp9GRX3raC4x1dTLA/36IE5WxgJ9errcybZKEUorwvztMqZlVKhamERS28jki1K+djUZcw9orFd1HSBiTAZ0U5QjwutHZSnuW8vvO1zW7dtf7cEZxivbgvSv3UG0304QJ2Kmek+A4oMLW3xydQ==]]></Encrypt>
</xml>


2016-01-25 14:50:53 debug :
------------
String:
account-ticket<xml>
    <AppId><![CDATA[wxe5b18b9bd7e3626b]]></AppId>
    <Encrypt><![CDATA[ih2IvKQ78ZLxhmP7tZgY4xI7Xe8GE6L2VnYpkff48aNRYxSH3BaI0Uxy1aWuLyTKCK2XJCTaFxEU3cUAK9VSxWbfJg+6xXSIRzVh1cbmkHECEswqOydlmrFVfmjFTVhqcYMMMUt6zjIDkhxss7muV7/zjMubzBDgsKYrGlxAieVdESZhMj5RXpkmsj1CV7b3mQTKSqff3W35f4f3q+RdKBlNhOQWziumkUVEi7tdlEDDzBzp2D/hRAaKKy56Bcd20Dtv2gU8qkRwvlo82ux+WdpSItpA7974i2mJdIRglQDaVyfCHMPthznR40+YuAMuO/8l/8CU4jLACZ6c/tkz/Lvd7J6sUDXHQflRElWd/PIKdAiXYfeCwpzKuqDe/8xLfh2pcPhoshsMmX7+FRdd2FfASfGkbZAMCoB3tN59r8WYHHcgF9Puae+QbL0eskEp1q18j9n2lgFxLdpiD2FuZg==]]></Encrypt>
</xml>


2016-01-25 15:00:54 debug :
------------
String:
account-ticket<xml>
    <AppId><![CDATA[wxe5b18b9bd7e3626b]]></AppId>
    <Encrypt><![CDATA[qdcOdTXPkhpJTHN4MQVBM59k9FGRbg/6ZSDNZp/kUEwsNjC+TEcg1I6Ez6u4j/BZBdqKIyUVOhR8TXBiZQmFvNVfSHxAagkXxjZZz2m/EpEXegvff+Jvk2FYRKS5gzCywftQtAlDsJ21KWqN7Ja/n+m1d7ALPRH3kUVLsAp9ezZVKzfkj80vNobTltt4/MEtZniRRznLTYjI4cWdq5o6KCtb8QkM8Gkxzm0FBFgGruJDmP13PF7u0hcD8g5tG8HIJzsck+oAkeTD3GodSqymUloPeI/YKBcTIvMdsY7tPM5dwrh+ziqJ8FtvlwP4h7M20P5f9DuwkAL4cI7jGL+Q4JMHPNcfv1HVLizr1AZLb7GMljMAL1Ty+SQcw5qBxp7UVtPZ1PHbQFt9TnVI0l0UKQ9tsCfDNTEDc1Nd4xXXXV8k/gi5xqcaqY7jNAD6K1tAP0cdjk9XOeP0AuSEgZnnxA==]]></Encrypt>
</xml>


2016-01-25 15:10:52 debug :
------------
String:
account-ticket<xml>
    <AppId><![CDATA[wxe5b18b9bd7e3626b]]></AppId>
    <Encrypt><![CDATA[JSWvsViMtDILNL7dEFibfpL4Cm6H2hcIcphZwh0dSM8Tdj9yRxpfjgUTaM4JGg3fgHQelOrVmDQo1DclCvvoF3FXbKsz6P/NkJi5Oh/wu1qgkzkygXY24i8pmO1+Wd1cjqW4B5sqij5FjwwsZXGHz2L2r8BhCIR7N9s2YdgKayY7Lk09gr33ZC2t5ag7LcZcXQ/BDoPCpS79y/7HqgVy748IVhNFA9DPz+m9sTGVvkQDS0FV5Is9l/ARVWH3kt8Jzala7oh7k1VTCC43FOSCW/pOxUVfSc2guov6HPMFIIQy7foF2Z7qhl5ZpLPl0bPUWeNq7K4niaWKVghLKVnc5ENfRo4nHg0ySE4UHzIuP/dbG/Ph56E4JbPuemekMP83D02dq7w48pwxG3TcwSxrJQku5QtzBnn5hbWqX4gEJwdGsotJhDfoc91Wz7d7az5WW/sSUYCpdq9aMi+MSR7tdg==]]></Encrypt>
</xml>


2016-01-25 15:20:52 debug :
------------
String:
account-ticket<xml>
    <AppId><![CDATA[wxe5b18b9bd7e3626b]]></AppId>
    <Encrypt><![CDATA[ixyu1UfkaXUlXUOozMnkeY7tDz/sqox4lt+0EQKkk5WZwKfCcn54gV/CUfoitLQQQNO1IX1sq8agXK91yGh2Tdb6mrUzGkDow4eCZ/4HDdZ/Sd2ZYXnzGXEv11Z0N2VzpbLVyEBy9kmdoZMSMHaODYqlhg8eOcthwpFutwANQ8BjyCiXYd1Pic9dLkR/EwSajm84Q98fogZvfkPyEwr8HP9QoPGt+4FE91V/9ycCoE1Kkbz5cyy6PdCncJlw9/3u9M/folaeuiVYUfuTRKatbQ3oxjNyaVV9EhUCkC8jrl0dd4S3Y5/fAQ1GQ4SC+TpRn0x7Z+dMUaORkLFeRUgsJ8/GRXr3tgACOzHFkRAOpvV3enGD7chL3cIt5W2hVKW3VQUmI0HCnK0HIjWuKYMwWOLd9R+C9pisZ/sqtomKyMnqQ/TYoLeC1UQ1f9LkGnyJLZ4WGkoTEigmh+uoRMJs9w==]]></Encrypt>
</xml>


2016-01-25 15:30:58 debug :
------------
String:
account-ticket<xml>
    <AppId><![CDATA[wxe5b18b9bd7e3626b]]></AppId>
    <Encrypt><![CDATA[d3nas5/j3lnJtzRZl9LjwjXqJUYDj8lMpLWYxBD1yerFuHuFE/ZyVpD+amhsDvwzPXIFrQ2Acr7XtAEqe+UJvp4DY4RvMP1TbYA1rLjuEQqQ9g5g4n8XKedV/r4FS3gEThLR/Wlqkvb40NIH++ks2SGptu9D8hoqQQRShA5VQLr0fyxh5ijbGy+xpJp1CNJZW/ntz4wM9b8OBscpaWO4y17/xu/no1hod48i22oHyuhsn3Y+2dE7/8EOvHj8iEsnhFHT2fqPlw54Td2uuXn159+v/j6ISWz2iF0TJtMF7rin3Hp9XeElvY9gDsiarZcm89tY2bkcD6AK4jKscxU4MRaWhAEZ944Nkz70MjXaxAAU7q0EFjZOQfa6qbII8/mz0lMB0i0k3GeR8+i1hqChz8RQHwulI6cmZkjmpPKDUH34bTtj4Lc7aQ6+nR3hJmfU46u4Z0LCs3fONQHc1SULPw==]]></Encrypt>
</xml>


2016-01-25 15:40:53 debug :
------------
String:
account-ticket<xml>
    <AppId><![CDATA[wxe5b18b9bd7e3626b]]></AppId>
    <Encrypt><![CDATA[ZQwDDgZDnGRclySu8GmWMlLiC6YIftU8jiSdDQxRZg6K5YjyDGDnJzgyTgO/vul0K+Y+Cxk+6icyumkeSkHZCQxojanrcmtdrPKOw/9GtZTK5ev1hDfr2FNMC2oPTEvJAQkmpXTY6BceezKwHU6tChwwHkjykf6G6T+VjZzH+J5UyGSl67N2uVPZfRYc0kWI9xSoarrOGTu9raZxk3Tf0ISIGhF4C5QMgYKL9Ep08JI1xnytr/dm/tvXnexr9VDq/N3OSdAga894cI/Aobdqz7elz1qWY/jKbFFMxKqwyb6bN4kICoVAgC9EZnhEPTbzi+frRIevqDmm8rH7A1Iy1VfDBj5t1FAnUM+1MAG4XlS9PfDWGiqiFV2AtD7VoZGM8ADxijhBvU1wmuQkNnFiEMPGnmB2xdJbq2+W5kocvnAFSsYRzmm1lTu+JsACWb6drt1t6n1gbI2xyUfSh/MV8A==]]></Encrypt>
</xml>


2016-01-25 15:50:55 debug :
------------
String:
account-ticket<xml>
    <AppId><![CDATA[wxe5b18b9bd7e3626b]]></AppId>
    <Encrypt><![CDATA[P+ExMMsFuo7xAPDQFF33w/E/CPoWYtZtxm1JkoF6ZLWKNaHMOcaTzlOIN3Q804Gj+o79FTxyag+j8axPpHwU4+5yOVFjzNskL5/FY8gzjDR7TccV8/R5sZipgmNDRzGRgHq9nWFPSCte7962cl2HT5NWXCjczEBSkq+Q+SQ81y2TNhP38AC8GWadAw4yjJT9H4x0d1OaTLpojbMCgpe4L1hzJVMnO2ed9teUf+EfDSqRxpcMar1VgTtSW1kj2OO1sCdHnx66VaIh4MMUpWJf63wggnwzI+5fDmbcyWPXm14Z2y97eW+Euu8Wnp45qoab0pJ/Vk5ToOCFYkAd6TpofIdWSdgoH6xqN6Z023f+M6tR8+bqLLALMAs88CTxnn3vSqZnwowFEfT1kPj2XA51IrUH+UNTIjwd0C3yTHt59UQTfGoxcn9GF7ZhdUS6EhJB1jKfvsDq/naDfH6sm2g9fg==]]></Encrypt>
</xml>


2016-01-25 16:00:55 debug :
------------
String:
account-ticket<xml>
    <AppId><![CDATA[wxe5b18b9bd7e3626b]]></AppId>
    <Encrypt><![CDATA[+J0TDBYqxSIzQCkBCPdFq8V638spUQ5TDoldefJkUlyfVLz/kmISJqoqDG3IjctohZeBpe6HGctyRNE5cbYiz8AHkYvunfox4Sy5XlEydiR2oLnK35kcmoV3JLI/+iPPPQDniSWEvB1KXykRWiPOnJ2tiZ2WMPQlHgMmaDsefZ8RH3moVySF5YTXRNLA4HgtjXBErJIBd5RDfHW6+t0MaBon9Uqm2HbZrHy4xFCcKPMZazhazuNibb6E+pBspwHoqR6+5KKwhCWQ4KfIVYobEolZfQ+2rTe7KcbZDrsmFfvXLCedG0rnHLoxJs9+PZeI7icscYkUxOAKW+NHPNJRDu3cKre5zWMHEklNfCjfr0sPM7Hg24NP6B+BU4TVC1WLJfFtaogFFwPJSmLPDOfUoTUTbTbPs0J9B13TgB6hhkDix/3TdAd4FPb+V2pKV5mMn+zQNfNU6Y8YADlGnnqFbg==]]></Encrypt>
</xml>


2016-01-25 16:10:54 debug :
------------
String:
account-ticket<xml>
    <AppId><![CDATA[wxe5b18b9bd7e3626b]]></AppId>
    <Encrypt><![CDATA[G6qam/CzcQY/v7ve5XdTEm4835rIRmzbVfzNyLpNGj0r0yvLNsUomxrt71A9QyiVMAcQPnLG7/mtEC0SKpkEXNDdD6nj9GeBvy2wA9Zcn72oxrVzxsaK7LSAo/WB8y3NZWoMpzaNddt6kXMlbziGwE/3Cuq2WHLDJLdEtdQDLWkOKNjL5O+D4MhqeTWbGqlMc56XrZkVAigYNVMTu+aqHs0lfNEfA+Rrx5M9hth+O6/AlWjluIAwPErnjrdhu10E2enXrQole6eHMW/fopkdT/MjhtvEHSOEMUK9ltLo6AC0BbaZBCMZ7mAOqaSv628R1IIrQsSBxnyFoOU5ccU7Y3YJHMAC1bq5CLZtnJaGxI8ZBbQODgM6Zpdo72ofDyrqrbjt7lOuih4T1TQJtZvrZzCa76TOR1Am9yuO5/4gZ1BDSMDrgD+WEizipy7IgNp2LsiWPZX5O+mWjlPO1XHHPQ==]]></Encrypt>
</xml>


2016-01-25 16:20:54 debug :
------------
String:
account-ticket<xml>
    <AppId><![CDATA[wxe5b18b9bd7e3626b]]></AppId>
    <Encrypt><![CDATA[2ygQyJ1Ur39IZ0fXZfFSnsok+c+fg1DqC8tIMn7knjvquB/GkH9tONvvrQEYTMC8Ijyto8T7Wel0AO6vK4s7n8HqzOuJ6ZhSGH2IAUobsys+4vtBeQhoWeWIdTm6/4qEHTEh86ym7v0tJ3ej6SCe7ZsFSl9EFoOHIdv/5UTfPhC6MDn7vDu0zfSVP2otjqNYVwRT/01x7PbGxf/Njd/Tx/0xQ7njUkrrqK2zFOQRzyFNVBaIZ417zIOTwfn6x01k67A4eSku/RYU90eQ+LYFhsaRhT14TixguRA0MezPewGo+eGqYX/jmFOzfrse7T8zkdyebupRmRfZdDzcjcLqRWcKedqJLP+E55UzZdmU9oErYQ8kT/mGGzhLlR8K13Op0EE0QRwUNntHu2UcvUwHUquOiQ8xV1oVib9mIO1Jn9YmMgsWO8BmDsaxUY2J1+KuecnkL2xSOwnJ9nqR+2vDvA==]]></Encrypt>
</xml>


2016-01-25 16:30:53 debug :
------------
String:
account-ticket<xml>
    <AppId><![CDATA[wxe5b18b9bd7e3626b]]></AppId>
    <Encrypt><![CDATA[lJ7fz8rQlkF7OqEAjAvOcN3qMWvKutYvMeywh+xA6OxY+CekoEUh8+47jrT/jqf8JfeZlLvBWzlrjuwm7UPgCcQVdDCVpi7kaC56UldiILbpqMsgTgUMGCZU2kZDiTns9+LUU4Qo4c5nvvH4JUgESQqjjsbO+xSM84008sebma/NCi476EOuh+be+Z//gFYSDFt6K6f5S1pM0p9lEDxbU8cau4F8W5XbNRMFPnF8d2ZEtmxRUVybIB3bs/e6EOhmFkPpVlO2IEkctPKBBzTnXHEN0jtc6TW9fgDW9EOKgRgIfe7dy6CtenWy13xCkQrpu8xVk695PhBA/TqKgzUpZ8t3gPOpwiFoLpu/+8ykjWHtLZoQs3QVZbSoTy85gA77bDCkOH0Gzp4rfXEGFSfzcmrKy1d0qBvVkyUEAaK0Zv/46ViIkl3zfKtIxT7F9VDMm5i/jojCyTaHtZJVyJ2kZQ==]]></Encrypt>
</xml>


2016-01-25 16:40:53 debug :
------------
String:
account-ticket<xml>
    <AppId><![CDATA[wxe5b18b9bd7e3626b]]></AppId>
    <Encrypt><![CDATA[1KJRaoegANHbBvVLt6wdgDC3WuYbmSFJo0WvFcGdOnCE0SiGsku5A5oPgTGBD+ULK8oBVyC7DTchr1sXQ5KHRegcSOr2it12JmTL5M/mMQFDB3ZYvHrlaY7zvu907dsj7cTCiydHv3MTW5QC+8PsVfsRbHDTjifwABG65wyWwEQn43jKU5BCcIaK+pas9KeYpC6dAgKujbLiqB5D5dPDo1hpTiJR1R8/fZv0q+QEWY2Fbl7nf9f4hTnBg7k2VbmajiEwV0w2ETsnuZR4ias1Coy8rc+XHf+th+5Kr6IHHsSF/n/CPMnSdxxLbdO6LhO9UAOQgo9vb0r0i7uQVef8ajUDQ9UK2iH/69NGZ0L5N+1dizJ8KrIo3ZDGk3m0t04VfpwNbrQpJDNklzCw4OG6tOtpNIk5Yf6c5f3uHlEzyf8cBt+GzemxCENHUAn2NSyaKix3SJNHh00r9S7mLZaP3A==]]></Encrypt>
</xml>


2016-01-25 16:50:58 debug :
------------
String:
account-ticket<xml>
    <AppId><![CDATA[wxe5b18b9bd7e3626b]]></AppId>
    <Encrypt><![CDATA[IGH72keCdc30BE/nTLkQA7ijea0DFrjENcRzXxcYLjIJLpwp9sg/sQTY2sanD/jQO0avGQhA3HTmyavVQSGXRSvcX9Qn0LXHPO+1+uLBJBU/Kbc5+UAWQU8BSJo0xZcJcTJXgjpe71eyzuBOUfatBRxKFlYebblvscW0VqYaL8x5T5CF1cd8IWr6fhXCaoNSIxtNdGTOHeRG5t+xI8jhFegSWHo38aAlXz2lfemvjUWtazTJ+WGaHjuGdlAyTkCgtlFZjeiWyB15ZlNk8I8rF0maGhkAK4NrYgwY9e9rbsWk4kajBM2KyUSoTp8sorbk8O9qV9tzPqI3XoBMitQbmXxYNP+hwolGo74/r5FTG2dWS8jSccQzJL4W2S9JCxi1E3CLYyDru85Ty9tB3f/Y9lhBWvLvigma+qwRNoBSZ2q5PTLRBBxAxszidvoy3fd6oE+Z92yYSHg/EeEfOS6DKQ==]]></Encrypt>
</xml>


2016-01-25 16:59:57 trace :
------------
Array:
from : od9jLwjsYnRceoojzcGLyB6E3kbs ;
to : gh_ed9cc7248212 ;
time : 1453712407 ;
type : event ;
event : VIEW ;
tousername : gh_ed9cc7248212 ;
fromusername : od9jLwjsYnRceoojzcGLyB6E3kbs ;
createtime : 1453712407 ;
msgtype : event ;
eventkey : http://we7.cc/app/index.php?i=30&c=entry&do=shop&m=ewei_shop&p=list&pcate=187&ccate=192 ;
menuid : 402483293 ;

2016-01-25 16:59:57 params :
------------
Array:
rule : -2 ;
module :  ;
message : Array ;

2016-01-25 16:59:57 response :
------------

2016-01-25 17:00:03 trace :
------------
Array:
from : od9jLwjsYnRceoojzcGLyB6E3kbs ;
to : gh_ed9cc7248212 ;
time : 1453712413 ;
type : event ;
event : VIEW ;
tousername : gh_ed9cc7248212 ;
fromusername : od9jLwjsYnRceoojzcGLyB6E3kbs ;
createtime : 1453712413 ;
msgtype : event ;
eventkey : http://we7.cc/app/index.php?i=30&c=entry&do=shop&m=ewei_shop&p=list&pcate=189&ccate=194 ;
menuid : 402483293 ;

2016-01-25 17:00:03 params :
------------
Array:
rule : -2 ;
module :  ;
message : Array ;

2016-01-25 17:00:03 response :
------------

2016-01-25 17:00:13 trace :
------------
Array:
from : od9jLwjsYnRceoojzcGLyB6E3kbs ;
to : gh_ed9cc7248212 ;
time : 1453712423 ;
type : event ;
event : VIEW ;
tousername : gh_ed9cc7248212 ;
fromusername : od9jLwjsYnRceoojzcGLyB6E3kbs ;
createtime : 1453712423 ;
msgtype : event ;
eventkey : http://we7.cc/app/index.php?i=30&c=entry&do=shop&m=ewei_shop ;
menuid : 402483293 ;

2016-01-25 17:00:13 params :
------------
Array:
rule : -2 ;
module :  ;
message : Array ;

2016-01-25 17:00:13 response :
------------

2016-01-25 17:00:54 debug :
------------
String:
account-ticket<xml>
    <AppId><![CDATA[wxe5b18b9bd7e3626b]]></AppId>
    <Encrypt><![CDATA[PJ94QcVBMWnn+zMwOPcvgnfxZQNztJSa+aY1hY47kc+Ar4n//liiXwJD1bi4aZa70pSoeo+nFBW38BTR3xPCYJhmlZblZeFhxzwbiMcecIDRVpMxj7qAEhwThQxvGUxDdYiW9U/x3TSnMy/bULpSsfsledGdKsi91itp0Jrw6VvhGnJae9kWch7qNjcMGcaReo3HVqGui+52hFFPS6U0IqqMKt8RyNI/UDT0S1t1Pfrk3ao9CZ/xuE7PCihCcZfzW3gcHDhDskV/j9HwfFHiEfvRbk5iWnvekm5MVKzeir6CQUaayTO2qv2raQF46ba6N5IoVJcRtZaV5IU9HCXz/DN0Qy4yqTsfric0Ziby3LADrVODtgp4cMGPON3mUjR1jXMtlEHwTeA2TwaVzvxnM6LW1BAUPNddpnboO79KkvnVxuRhh617bCJfzmAp2qIh5w3vJQh9u5AincO0w8czPA==]]></Encrypt>
</xml>


2016-01-25 17:10:54 debug :
------------
String:
account-ticket<xml>
    <AppId><![CDATA[wxe5b18b9bd7e3626b]]></AppId>
    <Encrypt><![CDATA[HRvhNiAqUzQfq+56sxARiZqYxlXBwP0mXmrUvB4E6TsJ+HHsJTJfhiqzYe4lScnPF9nssy7gpZj1KNUDmcVR4xqcRyRbfQUmgFIlXyjCuy19fs7iBhRZ7UOGJYbDUOlLz1em39gMLwo4aVZPh8tmwZCpcc7pZ8ETInqr9KAsIK//7Mb3ntaN7EN1SK/rty0nwHLte1FcFmVbpd8jPGi7o8hpOiG4i3vuq1kgrcSrHo0dEHdPdLDNwScgtZO8JhOt3z5fyTyNsPebjUMF8ORaTuHvsTFty1HZ8UtBpKsAnuWi95RkXJJ+cyK3AgZn+dH9AbphSBW9I4e7uhr7HdIyGAoTvXssSt34IZbjL1XLOtcLWGcPE0l1mYjsGHIeIM04R1lWChUGmr0sFgcNm/1PjO/U/pTyFVsic3g1ID8qE+Dom0JCwK0+JzkyLomRxGgItY8Dzv61kA0Ic5DtseyMHg==]]></Encrypt>
</xml>


2016-01-25 17:20:54 debug :
------------
String:
account-ticket<xml>
    <AppId><![CDATA[wxe5b18b9bd7e3626b]]></AppId>
    <Encrypt><![CDATA[5NxaAO8xrC+10Wval0dObqodguh180P9nxoHdaeOXlOHxISivvNekrHZDmHEqeAU1Cac0FHMpYF/vwrRrnuKqMR7YdiHqjZFwY5RUzLpTcFmFduqimasz1s++hYJQxMGIZS2wqkQ52/dg3lxTx+l6AMa6t8BM2daDelMDkq8RMI9O46cwO6L0KLbxOZncgsp9ytnc41ROd1P8qNxtAwWLX2l/bnICD4AdXWRvbhf/MXgyxx3yGgCGpcElcFGfxUdTpyZ2TMEYjE9WV5Mcmd5dM5KqymoKxsccSbKIcty3i7sdJ6vXgqV6xFg0nuK8PRkdU/9D+qIxyLzM07FHZxyrDgh2BAAVPAqCA8DcQrleCqHJu6sTc6O+Y46NRove3vRw0tkCp3OZPyzNqgJ7uaWphRzKx89vIQnoOq+TQCor1T8rZQxfsJum++31BMwQCOWFkmK29aW2+3fAzi7WFqkrA==]]></Encrypt>
</xml>


2016-01-25 17:30:53 debug :
------------
String:
account-ticket<xml>
    <AppId><![CDATA[wxe5b18b9bd7e3626b]]></AppId>
    <Encrypt><![CDATA[99ynYN3fYYCTbDdBTXvXG1g4U/0viktZJ4roNAEenkpHrQCMznlc1RSzhETnOlSclIONFfthxW3pOknAqx+07hSKRvInmzkb0yMPLcr9j/EoZUHrt6qoPFWH79nKkTCZtCMpQHFWKuxgKSQATT2mDd0e7Hibnk0gNArflKoQvYL9DI1Q7id1sSGItLUopn9jzXLUuPBIYOM8gRUCnEkjbPhCHVf1AtdeJN2woEUJZ55TSUzwRFuIFKcDWoc4ZyJ6EKKEKzlfWQ1BLirWch/4CdtRKwMhei9Uk+r82ApC7Ddg7Nn6roGEUIrwjSRFxYMyGKBifu0AdQFwB+poI7VPMVsWE2e5B6mzKfUPtEoCebfgb5VilpAnsZJHGC3pJQ58B00B6f4t9WB1PlQE+k8zurK8tjpX7+hQSjXOYRm1HWW7MQMGtxVeno32IaE+3e5faLS8Hcm5IvWy9Eb6XZCkKw==]]></Encrypt>
</xml>


2016-01-25 17:40:53 debug :
------------
String:
account-ticket<xml>
    <AppId><![CDATA[wxe5b18b9bd7e3626b]]></AppId>
    <Encrypt><![CDATA[c68/oNTjOBfLpttw/MH/7H7QebuwWtCEdiAPHrgUDvuf8lIc1W45C5Web+XUz3BNtv9pYEXDaJcgRuJMbnboGgMbqKf2+CaHKWci9WWprlPoclzg55m3HeySTIEOvcOdvFs3ZuA99BpU/XjpxGH8jUKZHWNv5PYsqQx4eooMWPXJ0NgBy6lhzH9derlMUxKCQZo/o1+NjqYH4yQ49I78NK9Wt16ElZqWhQXAR9acNU/9ENAkRKl+EBQauqjmxOqgeXRpWjIgqvBwCKe4YNmb7I3aMPQVdozQ2+vTOEKyvxJgJALdl6XCZcAWPCZwMKnspFNwRexBrbodtec7YED5H9b8JnXCkZcMaEtwfM4dPqkKTZ0rMkMbvGbiNt7XDglfXBCycu4eh9ogX4kIYZOpXv2OKWuGuNe5Lk5bjz/w4Ju5rJB/E/E/zsu0BNMy8gCVU0gCjSm1fvJrMr1GbW83/A==]]></Encrypt>
</xml>


2016-01-25 17:42:05 trace :
------------
Array:
from : od9jLworu4aHa6zKT3xDaX05Ly5w ;
to : gh_ed9cc7248212 ;
time : 1453714936 ;
type : event ;
event : subscribe ;
tousername : gh_ed9cc7248212 ;
fromusername : od9jLworu4aHa6zKT3xDaX05Ly5w ;
createtime : 1453714936 ;
msgtype : event ;
eventkey :  ;

2016-01-25 17:42:05 params :
------------
Array:
rule : -2 ;
module :  ;
message : Array ;

2016-01-25 17:42:05 response :
------------

2016-01-25 17:50:55 debug :
------------
String:
account-ticket<xml>
    <AppId><![CDATA[wxe5b18b9bd7e3626b]]></AppId>
    <Encrypt><![CDATA[2o2Alk+d6q5F++Q5oFNgJAb8RsG194v8f7b0kEVkjPdPl7yshgyNh/rhLF0TxhKPBezDrk67wRPfYgTKHPqi+t9ihLYJj/XdnmHUaKNnCH0ps16BL4xjFloecPCYoYLPBRPX6ORB+k415aR9Qnuh3pzMtrojBUMNozKg74dMeWOBaXpNeEY9be2tHNIsUMlTRO2Agt9w/EdMnDw0iYWJ8Q2yTN/m/M+vfJEOBF8UKqd9qOYxBhui4breIcP4ftSRQyPC+U0TbQ2fgm4VTfNAag4SU4+xwBC75xsBN9q2JmYAN+XcLzf+g4QYjdv/ZGpJRjiTasEnex6SIuYXZfdsSV089JC1MRXcxwz7FFgSkTHH7uIYdRAVG5FBqiFQmi134CtKEVDbsuYp0REE/YBrlNs0gbStlwTOZ1EHZeFmmYaxRuo5+Tz/9A6XtbRLatIE6HtHlpjS+hkKzyz8N2TjQg==]]></Encrypt>
</xml>


2016-01-25 18:00:56 debug :
------------
String:
account-ticket<xml>
    <AppId><![CDATA[wxe5b18b9bd7e3626b]]></AppId>
    <Encrypt><![CDATA[hY8tMs5Qkpqo1Nbmi59o8RhmjfZaXvqyAUGS7ViZr0Ktp0eeEFySLQILRUSr86lgvt3wmIJDvfx5ApO3ZFevU+i1KIys8qO5gKGnZDAaFWpjl3fxsB/nlwdp3YBt/95p2a2+D0T8Gi+5AV+wJUOLf3/F46h7bJLfb560Uc7Xahu9p7Ve6lRS/QzMuUUQyCCbsr50p1rcALMo1dQI0yauzLaLXpfm3/M4ftzUD2iXnxKx0Mx0B+ky4Rv62bbCWj/Ugr8GyGbsd9LrevoxjY1ey0FRPbYHw4cNN0mAgxvrXkPTMaJF9tvsRe1LVuEutDKovkgqCGQeokJqp4QnHk8Swz1GFtsdk9tURxdQKrXTNDPpinLUUJzWXdErWmhu3cF97sB9+kRh1IxGck0SBpWjJtpBaR4Ln3AR8DactBpt7b9Fz1dtbQhQbTwuN9o0EtYgpq6B8xRPOgp9s2O1iiuKcw==]]></Encrypt>
</xml>


2016-01-25 18:10:51 debug :
------------
String:
account-ticket<xml>
    <AppId><![CDATA[wxe5b18b9bd7e3626b]]></AppId>
    <Encrypt><![CDATA[HLCKUqLRkXxXRu8OFehew4WmoYQ6GKb3AEkxwhZMTcTimErZQ4BLJubi1xb4zGWv0weZqsffyiAvvCEqSTuhj+wwU3bjCny8Z7xj2PfUkjKIDu8MOp4o2L5c17ec7BNRv00vyPM2CXpSFLebL4esBUTrn7wFI/5RAUYVXbP4sl8qvJ+JmoVqwkIVRLr0NBVV8rKGCmkug7Ut7tGPk7Z0ORhCjfUjiJqeNR280R7dUwwghJFwEbwsnakI7kqXoF+H7auIbv57kaK3MiV1urHA42uxD+3UySA964dslTmDAPiNR/72k8HMT2tPdXgV5xYYVndQUGUZMKUDfMBKUQi9/vQME0v8E/jILM4T6NCuq0n0SMQb08T9j9ooZtb0J5N4EKa5gheip1VY0ZJMAU2K1h4N+3rjd+35QY5w17FH7cnGRTsnD2J3gQDY2VRC8DfhHhyU3peniYNkjF4Bp1B3nQ==]]></Encrypt>
</xml>


2016-01-25 18:20:53 debug :
------------
String:
account-ticket<xml>
    <AppId><![CDATA[wxe5b18b9bd7e3626b]]></AppId>
    <Encrypt><![CDATA[K5ZTRgOT53iQn0i/Lxu0fYh6scX6h53U43qw65N6uThER+7CF68dbDIUlWOTH6NXVMZrqXA1UoU9oAeiwyAsPMj9yM4ebfZvwNjTofIkWEZDWo53c4/Nins2NoAelTJZMCnr6ixrGvFFyOC6BiwUpqclPnMbQj850fYlVHRmh5iCJ5YS1eHsa9vPD0+dKl5PIfSrsUsnjQUulW22a6rm2tZf01XwCLyP9s2ScsIig2Mg2zzq2q075FSMsH4YI5PLg9ZT8/mye8n8YpIW4DFnKyJJw47FF2FmxJYP/MlgS+MFLm7/4DKAO4MIbzfWnakCDhD++JetQbbYnzkmZKG5aq0zug17/o1Ch/Bo9uTwRRbccZQbUZWnqzG/PUDoJLsyPePkVG6hZtqqn0HILYijx4HLN6pA/4rBDOOuDyPTvUOUA2PIfRKv53zKzY1HnKtHib7HoKKXuPOh1gxDPX/Lyg==]]></Encrypt>
</xml>


2016-01-25 18:30:54 debug :
------------
String:
account-ticket<xml>
    <AppId><![CDATA[wxe5b18b9bd7e3626b]]></AppId>
    <Encrypt><![CDATA[Hvo3vI02dUvV5Hm2a11cDqtgWI7tkayDTdjkUX5C9/8xMt41I7cAS60QtZK5d4TXGjG3YKuFchgvFJTY3OjgkTVCi7ty8v+uCyEuRFMcZ2hHLOSmQyS/Hyn6VubyLSztb8d2pccZAne0Wp0Lc1jnfm8X+bh3Mz4h9OA+mAgBPCTNiunsyV+1wMfDUDFkiGh1BhYH6Y1Xf5JTLZ2tx0UiZEEHEXIOhK1iuBuytBewSUH86t9GSCoQRjsPFuxeNo+QHh5t2HFRY+yDgMA7azwmLBbBHAJWqhNL3UdoiwXClcp9Aegp8W8/s3JeRPRAo3wDJQBWLAlhwlPzW1g9rEPwYxsSKe0odvGJRl0wC0VbbL7/+gu9VorkHNwLkcsg80h++sFv6IQ663BMtKJ2kUC3+ljHyUhaJvVu/qE5gM+hjQi7bxrd8FT+ph75nBgjnWySqY4NZAjpM42d6XJBtcMJGg==]]></Encrypt>
</xml>


2016-01-25 18:40:55 debug :
------------
String:
account-ticket<xml>
    <AppId><![CDATA[wxe5b18b9bd7e3626b]]></AppId>
    <Encrypt><![CDATA[YALahsui/p4K43P8yeF7X0j81RWUkcJAMx3Vhl4jxmPHJUPU3Qg4m2yttlqXRY+rc1mf1QFwWjZryEJCbmq2MAitSfOe7hyBEl3M3R6SN57VCgawfHfjHUM+CRBq6ec61BEjysYID/+/npSfrbDCsBjB+Ii8CzwI1LY3LsYVtK5mRxrgbC1Ouo0jPe9Fq05PkzobWITwsTiPixdlIkDY9xriR/n7Sxqf9ZajlXDWSmpzwXA+iHM2Izchv/YbRqGgYjp/7uVXGruxKkEdRtwa/r3TpbCP7IoV3jpfpve/i5pFSucO/S3BAGQqlRPlY7R3SqHmoIWZngV2WcC+906GkrtPtFQ0exV0FrxTbdoog8KxjJ6wbmr4rcUoqtHa2kGbK0U1tvZyVznutnYoGLW8YZUGPKISIK9bwCSp+O8GnpoajKhzddN9E07Ghp88qbzUYostKbi8rMkvG9JDTC/4kQ==]]></Encrypt>
</xml>


2016-01-25 18:48:25 trace :
------------
Array:
from : o49xAwuri099WdVj_3QcgvE8hXx8 ;
to : gh_8a5f70a28b90 ;
time : 1453718915 ;
type : event ;
event : VIEW ;
tousername : gh_8a5f70a28b90 ;
fromusername : o49xAwuri099WdVj_3QcgvE8hXx8 ;
createtime : 1453718915 ;
msgtype : event ;
eventkey : http://front.lewaimai.com/index.php?r=lewaimaishow/lewaimaigod&adminId=28555&shopId=80400 ;
menuid : 401201303 ;

2016-01-25 18:48:25 params :
------------
Array:
rule : -2 ;
module :  ;
message : Array ;

2016-01-25 18:48:25 response :
------------

2016-01-25 18:50:56 debug :
------------
String:
account-ticket<xml>
    <AppId><![CDATA[wxe5b18b9bd7e3626b]]></AppId>
    <Encrypt><![CDATA[wrW9O7W8Naew69WqOrWcym3iM6anzVeQ8KmzAMufaqE0nRkVpt60ZvbIWuCZn3voYVo9K26bcAVdH7oYjTP4FIXN3COjBrJ3WWIxhrBKY2tHqhFGzyGgAN+VN12++oqAYcMaHiailQp58hmWvQ5PJTH7iLYd6EXHTTAOAfIKguW9XCoGetdihY2lV7DhgJan5lrNrBoTGXcTaX9J5PlbftSoVbEm8I9y+YqWT74pyQKR9WbsrQUlvdL/8M2fsjbTII5ERTETxAhGmEeHcRSJ22FK40oqwkY9L1ve6pfjl/aeph/AHI/Ji1TkVJsO640qXjeUf9HsGogIQaIDUXl5VUpudiKWtoEtx61y3AJpgPP418RXG2qnzTiOo9TmUA1aS/Teysain2gK1T3mBnkG6kumphwkNC/QVgiKPJpbJhoQLWZ+iy4zFx92JldqR69uNa5VTNd7WNWfb3qEAP3oZw==]]></Encrypt>
</xml>


2016-01-25 19:01:06 debug :
------------
String:
account-ticket<xml>
    <AppId><![CDATA[wxe5b18b9bd7e3626b]]></AppId>
    <Encrypt><![CDATA[YkIlP1CkHNjFfBa0XHm3G/KBc7TF4LUgDi/IRIt015e/h4qI2FcSnJ/lH8bLK+1a+4wjcq4NAx/GOsoPwsGOy+8OG0qcY+uKMIIjre1+YtYcDTdzaBC0dsCcvBx6WXkl2i1CjGLqSU64RXPaDOiqZ8ttYd/UnO9hcFxhsRnha2EregCxPZlOQdOfXyxXCv4fOhDzxhqrM5tk44pF0c7Za1ZMER3qmoo5OBy5MjZhZeK5MvCNv4ZGocgAcqhiNKWQkcXonso+g4E8O4j+FQDgNL7otBO+lmR3ohFSwgcpMFdfdJQ2zfIDa2rEejczhsZEOLqkMoo6fscN6gul23ChzfQTD8fV9uKZWChOYrd60PC3PcFrDnmxoePlbRajCtYvsv94zWz9Y+EoO2Z3R2mQhhvTIMd8Zua2kUT3gpruhn/mrKDTT343aP0yx3gM3xWen8Zx4hQdA35nO+VN4YvXmA==]]></Encrypt>
</xml>


2016-01-25 19:10:54 debug :
------------
String:
account-ticket<xml>
    <AppId><![CDATA[wxe5b18b9bd7e3626b]]></AppId>
    <Encrypt><![CDATA[BqLqJf/n7EenexqYDkoSsvKQXgnt16JJ/TuarZR58EFq0ZD7ZrGrNa+I/LzQ3zAX39Nn2uoBNEtgjM8K22/cpudpefscHMbfKbo33FHoqUGxxoaqwRmx4E5CR/Kk+onaWANxpYFQ+rNwmSjshtSEJBMb9JYyv9kVlY+5n5Mgc0OYbyOaDwu2mDI3Mgmj+d9XSu1aiTQrBpVBFMeS7gxNuzOwjM0eUYYbOVb3DCeL1fZKBnwEO8T/OSkBCrpmGSB5LgLTYwZ8YZZeWkyFJDajwO5z8TTmcR4Kvrm+lb3xHWNP7iICb1dy8s3nTbyRN6vQPtNt1EFGkgi771xa4ZmykngEeNpZjA/ljctGh4oeSigAAoiI1Z/8LrDmBd4ZJQQ1D2wZnIiH4pWBXZ6WokfcBzbkKDR7k9hk2TI8EcB6/pLyUbBwyHe7v3BLjl44JEpZDeReu7w0OO85s6k/ueTJWQ==]]></Encrypt>
</xml>


2016-01-25 19:20:54 debug :
------------
String:
account-ticket<xml>
    <AppId><![CDATA[wxe5b18b9bd7e3626b]]></AppId>
    <Encrypt><![CDATA[x6yRpJgK6q1auOPbZ7B79b62OEoACebVsnbVbMoYFXrR8Qw87V7otNYjn0agXR0X3OygMTjk+dtIMJEl2mOW47LZS4GBmQYyRrzPpPUmdoY9dZunlp6Xb81E/LDJ5BThZTn6k1yzTfAv8RBrxq39hp37f1YPWVxLVKdsns2oQt07rr2AJQsmRID9hgZaxkv2h8QE6gvxmXi+x9obopC9Z6eR0tJ90MK0V3RffWHdLe6IHIFu19aVwua8wrTVuLxDoyzA0bRZ+x0VFxo2LVA3HsA1iH2Eh/wOPkOvzEgchL+1EjUmIijkE52nd2ab1zgHDoUqol+NY9tiK3vMdpWZ8l1cv08LEuyS8XR3/9rw5DdYxnV/FcCwd1KOcugHma3YPtgrSy78niqN7dDiyoG4LvvMv1VimpfUM6RL7wyV1OEQ/5apIbtK9OZCxKvLYDfeWlGi4Zn4viRhwD5kSVBzAQ==]]></Encrypt>
</xml>


2016-01-25 19:30:52 debug :
------------
String:
account-ticket<xml>
    <AppId><![CDATA[wxe5b18b9bd7e3626b]]></AppId>
    <Encrypt><![CDATA[Hggdilumsq0P15LZbeKAWHpPObHOHP91N32xYbmgjdtfptthuUPkuLvZG4lcPr9sFY2pV0LSUlwFZhcRk5guj5XMDS9yDgQKTUAGgsupzN9Uku5yFxjJpO24VWxs8JI41DX5Bz/wrKWgqCCi+4SwXJSt9MguEF+yxhWRq/ixROSvPC2bSQ8sNSyov4/kI348CJFq3xX/3h+aSt2uid+B4ivknp8yoDF3RtyoBAmUxcE2c24WXljroX5zKtuTNIFaSuXGLEPFZy+UcjW3fNkmvcN9YvNAhZabYgYRSr58lQpFk9TLb824AwWLOOc4KxWDVEvJz8IXFjfEOweAlvb2z+CXoBJQvy5KxsEymDZFmX+aCShLeRW5sMoNKVNgQtbixtypohiWYB5ypQ+sr8rIDOasb4mzaeku0IkI2XBs2vQ9jE+isbcgaMsVzit3SX6AP6UiJFIqesNe3X/l3SD+XQ==]]></Encrypt>
</xml>


2016-01-25 19:40:54 debug :
------------
String:
account-ticket<xml>
    <AppId><![CDATA[wxe5b18b9bd7e3626b]]></AppId>
    <Encrypt><![CDATA[6tffvQzjvUM/lcYH+lmuj9VXc+fk57N0EFYfcTLkqKqcGYS5KBC+nWjBjWVuFQV52irzkUrPLlqsfcskebmxVRyxi0IPWgfDZuGG3WruSw85N3chNU+uUN+NOMqhQSY9tycd3Ickxyp+kd8fzpyLiLaqglG/3lAgHWCSFRhiiAgV4fxNO12sRJcE0Iz7Sx/VJHGTf4JI+EIPomz1C6BHCNo5n147KaaW5LXhGlJe4K2PNW3klouq5TwlXQNjeb1wQHZsAWN5S6yXVlFJ5BZyOpLWt8LoSbTsIQACgGYjd50s3Z+LasqiDSwIEJiLpJ8nD7g8W4uyVs/pLTpWd8li2gcjOrKpnwdhZ4fbxumHIFSUzay1RXlnt/kHwTaqG8V9J5DkN3fAI8q8enkJinPhvXk96aD270BiofTq5JcDtsRdXga9Vzn1W/B89AHX2u7U14wcMiTMDznaO3Jr6qDMTg==]]></Encrypt>
</xml>


2016-01-25 19:51:04 debug :
------------
String:
account-ticket<xml>
    <AppId><![CDATA[wxe5b18b9bd7e3626b]]></AppId>
    <Encrypt><![CDATA[3eOXoNdjTlQNtIX6/n6T/FHXI4PpbvS90L+WRDvjEGbyVUxKyNhtvZels7LDOHd4O4QugYpo8IqWBTTj+VtDqT2WentS2V+bEZ87l7aE9XakTHv4JaG94Y4EyLf4l+ardVYH7rjdptNcmPh3563ItaBME/TAwBbst/VlIsqBLjttE7drh1RQz+n/BaPlz4BEU0+e0FqzIa9RvKN1nAvDKP5B3SpNEpRYsFNJmgxgMzni74XojlinRQNtVaExH2M88OAyqOiSULrKbxQcSnKF5ZPrXj2Xop7qjnPU6e0K+KDFAiITJOa2FizhQIs3Ia7HGqDBG7MMXRWOERfQbKlvOQxvMw9LdrXO4k7NU65tq4TVg0Oq9wFa/z26Irr31DhZbxgBfMOa4ESIdiRety6GmGkXD5G55RDhurbEzDEuRe57gm/c1VSNPHMZVZQ5rA9YI4SDVQoiVuqXOXzp5/TTeA==]]></Encrypt>
</xml>


2016-01-25 20:00:56 debug :
------------
String:
account-ticket<xml>
    <AppId><![CDATA[wxe5b18b9bd7e3626b]]></AppId>
    <Encrypt><![CDATA[rQF9ImROIcgyTzoGe7lzS6qidhZzHJ13y5CmQmUnV31mv408HP2vvp2WTMRsiyp8qSqIZ/pwbXIyEBRSwt4eTJWPLahy0VS/rqz3sNoagpsYzmH+rNGUoq4Ngg0bLk1ZDtAzMdr8wffcqG1ZRisW6q+KrDmoDRVHa7kTk2eSdogQEuHBh6d9zuHgjRaSORq9DkUDQWxLNMnC1YInfxyakGKCItJy0tdNVLYMmpXz/EGDfuUcNyQrkk5JbmX2zZRdHjE6/EqtURHgGo/PvT3arlMKyPz1sm73TOhiy4Pgr5SNSAxY2qEPYSxGghq7fCzDwBej046aUHlrqrKCsU/IUlCf8VqOMfjzjsImMJA21ep5DFc92HAdJqkXX0clz3pdJzB2e3MVM4m8409RGK3S43Xcn6U0z99caJJuKFBWLeLpTEgnAZvmjChNrztEVNKZFKqP+lMmWg7rGBQ/1MMrqg==]]></Encrypt>
</xml>


2016-01-25 20:10:55 debug :
------------
String:
account-ticket<xml>
    <AppId><![CDATA[wxe5b18b9bd7e3626b]]></AppId>
    <Encrypt><![CDATA[i1VUhsMnpXHxtfsJpeWPujxGOtOA2dvwceVXUwcOerkuuFFBhx7ZzC2kf4RdeTfz74Qb8LZKWwvl2upKXbF241y61HBsObx8HpAb86eFN4/3oPsYi06gIAwNefjZ/QPaxR7eI93YXsaPJ5y7iQnRYtOC90xFJJn22kAKRm7YrORtAV10Igyd4qp7ztkz/O0RYoWFNCLAlm3gmAv/yOjS2y4g5vmPgmOtSuTkrUJYO5HAGr3L/nuaPZCSWYocy6k/EZTPYzup/CfocN8TOt7xB4IiX/GKAuyRtlsfy22COrOZPTHwBrssbDYi3eAnaG5oiV3tmifcNS1EkPF5m1SYGZvRDCbpQH8gv5ao2CXtOsWsy2ptswHda0J0zq43pazW7eG2L7DGWDMaD3DqnJaTTzpFjPj+Uz8KL8wWp69gTiUu+WQ7d2kJA4OMCYwJlLzY7o+Jd3Q1vJu3ffUs8Gd6LQ==]]></Encrypt>
</xml>


2016-01-25 20:20:55 debug :
------------
String:
account-ticket<xml>
    <AppId><![CDATA[wxe5b18b9bd7e3626b]]></AppId>
    <Encrypt><![CDATA[v3/99RuRsRJdXIcZmsYCEfUhONLA8Ph9axbNmfeDuo20GdkQMUqm2A8dNa+i4VwhtuKTWzRux4Evdb6VXJNwPafHptCCsztfYLq7AclazlJRWKY0y2SlDQgqnIJkNlbzs8SLcxi3obi9DxP2SFZe51jnml+R5z7gAipJfmjy5aSEYml206pRKRV8urmShj6/VlijxXhQHlDtUQtZyTnft8qv32Rasm3a4MJ3nmy2rbsQZfCQ52QY7FUsu39PcqtvphUKiLrMWeXBYJAe6pYCKDey3PoDOf+/NZG9e8cSbM9xXCZW83pEPMFRLbPSiU05XUJyhVzF4b+a6K8VMsvl+EThpArzklqxoa9uvcTyYRQ75GhDZnt0j9NBVu+WwKfMtizPoVXgdY1NmfqTaLOVALTcLx4YXi/mgGNh5Sh4WhalPh5MO8Pk71CMI8Zwd9jMQ7FcgH9S8inOZV7yjVM8fw==]]></Encrypt>
</xml>


2016-01-25 20:30:55 debug :
------------
String:
account-ticket<xml>
    <AppId><![CDATA[wxe5b18b9bd7e3626b]]></AppId>
    <Encrypt><![CDATA[QiNXIvFj3/SfZaP4kNIhoVhh13p3M8MYzpDE7Ee3rE6qYPYDCRkd2BRSzowYvaHSDpxbbQBuFJq5ifQEr+zJ+ltr5kzXyuMqwNKiAyZWCdZXrHOk5/z+sVNm3AW2qG9uOn9s5FqvYrDM2KEuVz522tS5BcevfaJ1qCo6mJREjea1DtoOzefiCKH3bbs4r7VlYIa5uYJx1ec2CfgFL96LdD/A7YZ8x2JIyGqG5+DML38vGjJYc6vAszdKjNCKliKKcZcJDGBlltgVwdYyxBaoe37/z56An7BrvXuohgZTredFOIaFc3GdU7PWtj5CwjKpFxkYwWVbAk5t8iLjly5fyh+XTav+jQWjFYhqgoVQYyeDwTBnOIBa8VuMCJMvwnj19/ka4OikEdFabjJv5C8igsNsqTsygvkMwiYwbFOlVdPbzAp+8UwrGeOhCrO/nwzhBaX1PV71UIw7KMZHHeieUA==]]></Encrypt>
</xml>


2016-01-25 20:40:52 debug :
------------
String:
account-ticket<xml>
    <AppId><![CDATA[wxe5b18b9bd7e3626b]]></AppId>
    <Encrypt><![CDATA[2Dirv/DtZchIBBiJ6Ij4P3Wx3Fpig29FIqSfvQOpWCzd9LD5UYwJYGiioYyHro4PSnEb5dTjSAnhJSp95oOvxxUAcZsvW1mrUlH6eeBxDKi4mHj4HI4NHCEM32db9o5F0bBL2O/HSDiQw2Ucfi5dbTTg03aNqUD7gxZ66lNwtS0ZnpwDQvE6dSex+g1UGcVu5fRMx6Ggxzr4lETxTzLhK9vJwQmOVa8buF2x3TJQA6X2zyL8NtswUswSYNQ/FpAO74P/rt1hq6p/V11O3YtiH5h4rXgXMnjRcyUTIt89tCHWBwFrahKSgq34N5FF0UDv9E3eYF+uWRC0tKr8383R6BG6tejqgEYYgJ30gb+IykoDMBbxeAD/gF7waunW76mAHTK76VXGnOs4y/aHk7APs2oUoEW7k8Vn4mLWZOFKa6KM+ZthSMpW3z+K0Uwj5i/EhqjWH0zjR3EvoIp2CqrH9w==]]></Encrypt>
</xml>


2016-01-25 20:50:54 debug :
------------
String:
account-ticket<xml>
    <AppId><![CDATA[wxe5b18b9bd7e3626b]]></AppId>
    <Encrypt><![CDATA[lk9PXosyk2jKzS7wb/OZ9cVH5ZMBQiO/Pb6gKnZqtkYkCGqD0xfi6IIF08T6+wTG08jXe4uccdozKfhJf4bDX3nUp4T7UsEYRNjkWyeTgWRQSHy63M/2pBy9kw4Y0J7k1dM4cD+xRqlctRK/TLddAHYVwblepOyomrc2V09jxSsGMNMYVWt9RbMlW6c1494DBhXLHNnurETTCLkWVY/3jrBOvDNc7+yQivmqQUIlpU+MP4n4tBQM0CqnWUT3v1GzIwdJzD7dC/5bpv8onAaLoK/L9SA8x1zgCJSBLNKUuzuKbaXNCX6tj7vwfpZxSfvMkVRp1zks2KLZJCkd5TtknSVXj97yxUdrfKDKPZjqdne2LbAggr6/R1kQBkOv88G5KOZ6atwYOkk1m6QGiZD9Jcc/t5fZ7pfFLPoT6h7V8YZZ8pE3rw0RSZm8o3qHIL0wp9UFDygL5LvFrlxtM1VGYQ==]]></Encrypt>
</xml>


2016-01-25 21:00:57 debug :
------------
String:
account-ticket<xml>
    <AppId><![CDATA[wxe5b18b9bd7e3626b]]></AppId>
    <Encrypt><![CDATA[M+i9eRME9vdE2GigJOdrBjaeczxB5hHh1nT4H/sZf3mskrA5srGsjvXTFjE0aLzfAAzsUuGG0JgKrIhek0YtrRxoO+wlN2jFiglPD8iusK59e6qKksFWA9ddDR72rTwYbZIRG6zTTW7oh1rfSr2UKsgB+UAXxmuvqTqo13HtsH9CUUs4fT/SiPA+am5hMoGSgpIuusQmG+9bRNpEPtP1n74Tz2Z518LlGpbRgzH+PQBVzna3ArVGYqV64lvj2+tapXRKODshjMvgT0EfEJmM830Ize/8DLFzCBr/a/IiPD7C146rvjyAaDHspoLruLY5TdmqLdgLZBX4sL9agLlvf8w/d9NlLBhw85Q4xxkt8iAXvKXjuen+SnIAgm3FEJmTaiYKgD7gZNlQimTDa6W4U6PUwDA8zEFIADhbddtZOhvbEy5c0i4eIOFgz9DACkdC5YZGq95Vqhow/lzWztSChQ==]]></Encrypt>
</xml>


2016-01-25 21:10:53 debug :
------------
String:
account-ticket<xml>
    <AppId><![CDATA[wxe5b18b9bd7e3626b]]></AppId>
    <Encrypt><![CDATA[M0+qMWznqC10i3zQuSDWBp7IULCW+e3GsIQOFjwi35pYEFUDk4JHit3C+6bGgw81IZ1mijfLYNl2klLaN7/y9b4DTsKRb/lMtBQJpoE0rGogOyWhq+fw4bv0cwuEJ2B4Un64o86gnMKA65esommzD4tkBaIYGwF/qrMzqfOk3Q77gj6biNIsGoy7bTtGK7VNX+2N6EuzDJtuZI6Di/A6B9zsrYTsO4MO4Rz/5qDUFCMbGYPyJ7N/PC48NJj9Vg3H7s/DR8vxEYsNIKYdwLpybI+b4THOMiEjdRhpiFwQxxafzDZSGNTPLPg8vRapSb61CynWjTp/87+Xl69KXB9GOPXNeVLXsBrjnoagkHxFhBefdy/d8IFiQhuG2p8sLYTODBFWOccKX5Hq+LPfJUwOKO0+Zu/cbSdwdg3TZdwKVk/48Fq1NGEHEmhrBRdnJymrfSGFY0basXYRWi1gu9zKUw==]]></Encrypt>
</xml>


2016-01-25 21:20:53 debug :
------------
String:
account-ticket<xml>
    <AppId><![CDATA[wxe5b18b9bd7e3626b]]></AppId>
    <Encrypt><![CDATA[R/9ZPggROfo77wBb2PKnfhUpHZYSwVxZWPWWwYjmsJ64Q75HyNoodGvT8ZrjvDqmthB3LYcBYCeP/v54agWBlHw6MWFoFPlNh5wNd4XlurqcjBLkXBvph+5LOnwSo59BWcXsyP2BvLg+ktQbqjnTpRsaGqn5/oTZDmaSumSYI70j+KrwUUVz6CodZvqFoavhbof46RwdBW4rbE6wsTrv4RRn5xfjLzBgSoauLAsvrTkfj8QkEfRzUMvPrlnLppQZ4PeIPwgvJdjToSdT8+Zucli0YlAJFtLiNutQA4MPfswuOuCRQUSlXXaY9Wt2thUxa4Hqyb2OTZ4MbGdp5eY5aLdubA4HC2lnweIUWihyH9YJWiJm9fnHF7Xe523g2A/Owz5VwOu/9TYSceLndUKRBPsEXuMmyko+Q+n6HmfL54o7031qwUiqZdGAw6SAh33kLFzzPHyjAlKLHl7qRO9FcA==]]></Encrypt>
</xml>


2016-01-25 21:30:53 debug :
------------
String:
account-ticket<xml>
    <AppId><![CDATA[wxe5b18b9bd7e3626b]]></AppId>
    <Encrypt><![CDATA[fEdAfrcQ/Mkoq/MdSdNUXkMyMENS71j0LPbf3LenRT4FyuvwYsKiWsXRl9Fma652GH0eZTtFVr9dcqr87RiRkXkdq6GPOis4dZZqQkbKGz3d8+nbXQrZVP8NUOIYIPJohGYzp/JLomm6fIHjCDVOhu3B/AVo7skXhlNHYiEr8zJuyl+FIXVp2eScTjv656AZOTvlQ2qbzz6y9CzGwEMjKB7hu1OhZVPYRp6cuGi8hi8ZYuFljBFsT8kdc1J9fsVVnVsk4PZaSI2iJybaGCEYmX7JjMLDo6cUc8aoNdWcChHUZCQrM50iOHNS2MENcbp1tA949K7dL6jBnEndOhExOHJaqwDpeU7mVPG7KTs9KEj/aU+1XbI7yfo0Y+D/ne1q/ZaO6faN4RPZEZreNTVF3e0QGpzgHWBY1iNFLaZtzbaCT15iPUu7kKMCe3mrv1g8d/axXWZmsziDB5x3yYgSZw==]]></Encrypt>
</xml>


2016-01-25 21:40:53 debug :
------------
String:
account-ticket<xml>
    <AppId><![CDATA[wxe5b18b9bd7e3626b]]></AppId>
    <Encrypt><![CDATA[ubspJ6xZdEd5lu/fUZ/BRhLECXlr8K6JJi2hCdJ0s4tlNM5vWhOSt94YUvG0+PkPJPGH5wqTdhRlFIucClquBBIidn8voAts+RKnL3RV/6OGRlE1KyciqVWHYMnwEhGbPCrYuZQc1W+Ku8uoHJS2Hnslcn8eqRhmpV47fL+Hk0aZgkw8AONvitei7BaKUq3apedw4tvn3xnKllz7FLG+2wc4acZPupPwLYYx2mbYiXO8XzIZm/c/efS3PTJXiJ9xkoGHkw+cnBLdYgqmInrfoKSBce3Yu9uoNGYmtb/dRn1WZ8y42Fca1LXUU2HbqKP6Ar4PTdoeWh7JntSP6GDO3FMCmGYDDMHKrNVwgWKQVd0HivkcR04KZsawNNo+FzEaXdmo9oEfYuXus1ZSJ2T1vTFOEpsTehVoW7Eq2se5OxuSh28j/gMRwgjJPMP7335m4DCxIwiGC1RH5hSV88fNMw==]]></Encrypt>
</xml>


2016-01-25 21:50:53 debug :
------------
String:
account-ticket<xml>
    <AppId><![CDATA[wxe5b18b9bd7e3626b]]></AppId>
    <Encrypt><![CDATA[E0lZW07xcST4+EAVWpaANbB/zS7rLUuA/HioglgYaAvsxb2Kk0VX/8kkBE+SHFMjeDWtKBWpbvYiSyR3ORnWVG69u5dybuwSNZ8SGcRuJ3FY9f1uRK598mD9H8jyAOTs2u4fiExDoiph0mckxDow2AQ+GI2jXljGnBNwL7MEZL+bAMdqxNX97d8yZXTdFNQvTXNCyJVidFaiLp3ERI/XRDtiylePcR3JEnCH8neIXoVi6JWRmC+RKQSOiWxnYJcxbu+o0JO7giwsPTMkqw+j5mwoE1+Onx+C9E7tjztlAAC57hnW49Zot8y4N3KU1Pvb3HUQjSiyf53GKfx5PStrHHdSDwWR+YihLSpBhZwVzf1LH6+najNaVkqGIOO4ykmwGCavpD/8ONZWle1LA2dbZ7LLUHFtthCOOd8Ybl64L3jJrO73Y+D5i9vX1zuY/D6fP2ee/Dd4SNw6EqdP5MHlcQ==]]></Encrypt>
</xml>


2016-01-25 22:00:57 debug :
------------
String:
account-ticket<xml>
    <AppId><![CDATA[wxe5b18b9bd7e3626b]]></AppId>
    <Encrypt><![CDATA[vM+U/3W5ishFtBxadfuize+zIkr2155FcpI5PKyJZObmpXp3F4hGARMFalozR5l01j4+553Df1O600BDwf+1nkEYePmpwAK2dSUcJVW1zMuNvNgvd0FVGf2HXB/m1DFwGZ0ZPzEo+qqpVJTh+0vfMCJGWb3BKZsO9Ccj3Luu4g4g4Rwneri3nHdEX/6wx7Z2AAlbB3IsHkK97uA8+2GUUb/14VEzR9euktKp1ilvp/AYO1oEs5AGxNzyTPmsd15XZf0nI6+xIcC7aF5qpZlPtrCOoJaxZa/4gb6T92Ze55mUa5D+0Sr9kDtea+5fR5a9+qEECMogm0P18VdzOr76ObDeSuoQbN3V7wXjKnOS+Onq1yL3Ixcq4qOiU7qaMVHJ0BcHoiLUf2I6kCSqjjb744BeZYOj1J5eK2feXk5S0bk5L7HILpknIkrNCHlVIpKyfQUmoYND4n4VW5/RwuVwrQ==]]></Encrypt>
</xml>


2016-01-25 22:10:53 debug :
------------
String:
account-ticket<xml>
    <AppId><![CDATA[wxe5b18b9bd7e3626b]]></AppId>
    <Encrypt><![CDATA[JHArzWUa2PuTz6Oz/Xo6GTNOZXPh1yyoX4jXdj7iitx4FqX218YaH33iMKW3ETSI3s+nwh6AhRHvHsGu2Tjll3AXPlxqnzH1zqMhHSWB3bIGVRq528z7NkUpMdjJAxSLbZR+sEjr5nW7Msax0iRhLZ/aaW96JbV2iGxBJnWfzyxtcChQ76k4+0/d/lTAyFU0KTw5yvlSZKcu6vvYw+NegoWxd1xT59j4tiYUscWO/JLiALjxSGguxaxR1rlst6i3M3lutSuRQCDiw8lekhOHiV7G+rQaXETPKcWhtbGrdLy+VsdRE4oYvH52h9DLCD6YerkIFXjbkEAMJEB1xQitz4ZUEPrfoY2A6y+uRXYbvgv42FZY5Ruv27/JP4WD5zKNNVZgKwM4qXtQJx/puJ+Kg5f6OoUW+h1exiENqIPy2CrAUo8h/mtLYDTBYAsDqQii/C8a9O5SLMVslQ7P3kivlw==]]></Encrypt>
</xml>


2016-01-25 22:20:53 debug :
------------
String:
account-ticket<xml>
    <AppId><![CDATA[wxe5b18b9bd7e3626b]]></AppId>
    <Encrypt><![CDATA[+XVqwCCPeWq2jEjKdDr2xEs8VVEAhkDcUIA8CRre9w1J2toCMhHTbMCM4m8o+V8RDuwlgMrp5A0KOxuxbAvxk9XrIYd1O76Zf7QjeWl0tQQxsgHJ72S0FE6V1k0tTOcLKw3/+mCys8fTlA9KYg1IyDGiWw9RSSIht3nxGK8pNPJ9/RsC6BXOyJfNZRN6mvz3rCYPa0Lcp/h46adj8p+Md9OxYbNHiThdfnHDs68TZw6Gy/xrwLE40TgyrtUlf31V1pFsUMgWI6TBS+/iBEUS+lWFfvvNHA0iRJnrK1/Ra7O0eddBengJzYlj+/Rf2MOjLX9LU4K+xlD8DE+MqldJV+G6w37lkAPn/UllXqBwyEEjuq+rUmXAZGWMivSWVomHlmWCEiYLqmTP6qzfWZFOBPdXs04fU+/gm8ISzjmHOftJqgHZbn0bnXSbGcluQxFJopkcIfY81WKq+SU59lU3UA==]]></Encrypt>
</xml>


2016-01-25 22:30:53 debug :
------------
String:
account-ticket<xml>
    <AppId><![CDATA[wxe5b18b9bd7e3626b]]></AppId>
    <Encrypt><![CDATA[QwS8U6DsWC1jAUSS106fmoLBHuRVtNv42zMzepcYNysfBq0k1dKHuB4gyNAkFGuHOIdJLgO444dzVRyzmdhGUe+P9m5JFaaL5/sPASgWvboKml+6VKIk94TpHGYrKx9L90oVv09zsaxGTJ54LY5fYkDDpYULyq/2Ar3n531E8u7ZyndPcmICcmZm0s93XGvNidhG8lJu9gqMckA3gPYnF/n5WGLqTFoXpf+DMXRk2tBCzRwMXrLNW78WURu8jDYIpiu2GzkSICExmkd2WcLozCbdbD2DFFPQgM+jCNBWqcK4sr/Tv8cqZV2eTClVgOg/iUU2Q7QiOnxtkSiXlUKj5bySoc2XcPHt6/b9uXCGOw5QpXtvIYhXeZAf5Hq/MfXFsEW5afS/58FcjB9okwsgf4fY8VQ6yuqYc/Xk0FQOBNU1xIwkRy2iJxYUJXLfIRamWAnnAor5kBqXSK1EQA+ebw==]]></Encrypt>
</xml>


2016-01-25 22:40:52 debug :
------------
String:
account-ticket<xml>
    <AppId><![CDATA[wxe5b18b9bd7e3626b]]></AppId>
    <Encrypt><![CDATA[B5Ye2ky6rFuMOc8c0IjHxX9Gyc5WUm1lp+cmeyflAskGIgePGIIUZvwdHxYPlD1I9S+2yJBHxjj0sD6EV7L1GmFTw1mCBrft0kafw3lBTKmsZ/5/4N6FYN4Nm3zwKgYQmlynt+YgzFEOSpZqzcTWtCS8G2gg9ueV4SawDIOBDiZGe2Clef0KCfkz+15KYvEx2BqIp98wjgXxK4LfAP/cxCv/s1/OXED2swVETwkEuOi5fsSKach75KSUCZKbBpmh/7LLT6Bx2Pd2OlhfcLip8dK8TWC3ed0STfFXx49yyXErpEvWHeIPTPZAOI+NP8BValv4XrjMY0tOFrjYrK94Tb1SHc8zofCdlWuVUkUCCiaUlehwSjxAyTrKPF8PYqehwkoiXcue7t3RJV2l76PTaCRNdatUCeCm0VhSOWuJeaWfT2GXeEoZYuHhw7Hc8b7XQ/skOVTUXOdve/YH5c7cuQ==]]></Encrypt>
</xml>


2016-01-25 22:50:51 debug :
------------
String:
account-ticket<xml>
    <AppId><![CDATA[wxe5b18b9bd7e3626b]]></AppId>
    <Encrypt><![CDATA[Q4Tgt22x+PdOoS5aadGqrdDOL+VegtmNrWGvacth+7bcjlGQMNz7RDzUb3vHLxT1ZlMc1lXIl38GgrZTRD8RYS3A7ah1BO4e7T350zdQhcgjvj2bLMZAI/7E5gBpwp009Q9Z1m95MM02SjqcbYoHGPzKHpM5lcTz1tLqL1zcW17REpw77KqwrqCisT2lYdwWJQ/pGeBubFUcXWEiwYL6eoDK7FWRodg2sJL2Eydf8OcH+X9/kSYDgMwzTttOPSCrCVzaZOoG5UWrBbBZqGEV5SXtf2CqYoLF85bi6mG+tNBjbrrKuz00g+edlRKjylVNcINxj1/HBNbWsc0hprKwdh0kWmH6fHvSTOuk19Kz9Ev4SEcNHVfW+TqlXUPnJNcnYuhtHGAdotYuSBJngXTROmTS3FVu5fPKoxgfi2AF7GlMf9TgDTbWU1ic/3gN3olyyccmrCTojYu8I8OP39kzaA==]]></Encrypt>
</xml>


2016-01-25 23:00:56 debug :
------------
String:
account-ticket<xml>
    <AppId><![CDATA[wxe5b18b9bd7e3626b]]></AppId>
    <Encrypt><![CDATA[KmMgcmHJZX8Ob7otz2HDJM+ltN9RGzP/hivNtWotT+YhEU+dT0cr93PQ97AnnwVgzPPmaiWrW/8N2SxM5pz1ZhqJ1Bk2rlM31kQMsRhQRdR7LIpNVgHWbB+kos9rw4jbPQcv3yzgkG54WvbIxnulJDgkL+bZa6OZPJoxn8ZjdRUUjWPYdtqWPgctHb7IN99jD7miDCx33u79Qc4mFhDWyy3g/k0z8XP7DyoNZrKAC9QnRoHU7k2D9Vj2ASBmUG2eRiczyfrjLUOvTEn+iQ0K8fQ4wD5xKIKvxb2fPCcwGlZUXG2AJYK++Nhv7fZII2SB4fo2qC6pdrocn8OTePhMIupRSzBnnrF1QeRw+u3oA+2ZHIaAZEF+KxzbDiSGwyyVMbhXk799+MjVlucvhpCIDQfFq6FnFkNMbxOP3Jwu/QuBqxLZm05T0SlKQdSdYDrADOuvv0cKWNPtS6ju2dA1Pw==]]></Encrypt>
</xml>


2016-01-25 23:10:53 debug :
------------
String:
account-ticket<xml>
    <AppId><![CDATA[wxe5b18b9bd7e3626b]]></AppId>
    <Encrypt><![CDATA[GMuZREJtaCQ8qyhaQApZjBYm0BbL5s5Iktx0e2BweJ3m+wHDMDJxe6zAYGbNR2Vw6emygjcpCQET0KkInLUBjatMNw0soKBS1rlk7nuL4uWRtBqkw0UDCQW0sJ3gyKI8eSW2ljJXdf8fPtWoN5eyTqO0YeuzUPYgmaRTkrYreMAwNVU9TcwwTvo5dHeTNAvntg0ZWXjKoiTV94V8vf4VRwb5u8wuf6ppUUtKAtyEBNj+r2F3923b9a4ZF9BbTYf79SxW2852AQ9CtiYtYfmuI9JbbJjXCoMATwdFDV2HSaiI33Li6aIG707tj+qTWoYFvyy/GValvLXcrEsdfrwOw6sKO+urJv2RYfgSplbLlR/UZhvc3AJ4gcLS+29naMgq3AEzjqOKBK3vVfT/qh0M1RF3BajpFE47KdAspGfRBQ7wqSlgAfw4WIgF+B7CU3dmNxr+nfJbLNwCDTFpRjznuA==]]></Encrypt>
</xml>


2016-01-25 23:20:54 debug :
------------
String:
account-ticket<xml>
    <AppId><![CDATA[wxe5b18b9bd7e3626b]]></AppId>
    <Encrypt><![CDATA[hz0OGOEt+jSyiTB6vhLtBEBFc818jXtYmANaAvyj9haf+X10zLg31N8237iVsJD23nNp1IpMLvEc9IENgUFpIdlhXRVYh7tlPopR5ojGVI+adDYCCH5U+ng2kpHH+60r2Y+Is5Cy3PdDB9Xr/Hr1jfeaSc4XN/aPjI+PzifX/dPgtXu/yGY/b9o9rQJHwKBly7Mi0IpxHnGqCju8LyYKlVjWfigdfa94wLSkNyvDUAuDCqz62ac1jWogmju50n4lQ6+Z90K85TLhceRCOlnWOyMgOgGylqOxR8mtoyz3smYJtgi74SYhfQznAOzTLNVnj8qI14j7tMirAH7/6LjK5s/o14iGx0YFpcLwa3zrfyEU2I/MhPDcsHPCITg1bq7DSa1NE4/xIFNdz8JFt3kQ4pLCkiqWeGfyonGj8Dm/SNWG8f2v37BzHvu1y/LR2xQ/BfHRPVXP8NAP7kHFZ6dbJQ==]]></Encrypt>
</xml>


2016-01-25 23:30:51 debug :
------------
String:
account-ticket<xml>
    <AppId><![CDATA[wxe5b18b9bd7e3626b]]></AppId>
    <Encrypt><![CDATA[rZRkkb+jr8cIeCAShpwg1PiJNNrb+F1//rkGOGm+SfcJ3iAYJVnnzwI29UT43uf8m28gjQIACoZqRrHpaUZY5/em+F519NKjmNlu30HQSUnCCGHVPWQ3Tcg5moW/EULaTmL07y0QFY0i3rqLsUXR/Gx8GAxtwBNlb8/fWd7HH8ZkPm8lwTD9QaXt9exlb6d/3QQ+MQepymfIuuhhDO3PjDrVT+py1Sy2soSIwq+YGeU0xg0/rlczFv5X9WuBBK1EQO1SDzsnc7BP0VGUFOk+UoQxAXFTSzGgj3e7hDl2X3bcMqjKrqlanjcBkqjsjA5BjBGsW+fP/ZjJ4i6TLZOUyRkoYznGYedzwA2dna1cUfi3Ud7dn8KvxspVj5PS7nwNcZtA1VULANrRuwNNZIbCprm+Ej/MlhWuzJJQ5brLUUiIOIvZ0DWkwDy7aGglMXVQBgWMB+9XycJvGnyuOY6wiA==]]></Encrypt>
</xml>


2016-01-25 23:40:53 debug :
------------
String:
account-ticket<xml>
    <AppId><![CDATA[wxe5b18b9bd7e3626b]]></AppId>
    <Encrypt><![CDATA[ER+brHDM2l3RJg1im1m+EqMzOcmvRbEs1wOJ14niz6XrrhSuAtK5F1zJOGwolfPVCSarsOYGrt9zluWlUM7W7HLGEqd4jl5XVjYsc7yJXgpyzfRi2PxJTRocNH5r5uwsjcXAOm3w9QwMHFsqsltHsR5XMQG3t8YGQyc7veGVXdMwG3A0WGm2EuD8iZEMrF6CaZaYf2hAKkhqLeOUY/gGhcUaH1DMfcDzmREs4qf8omGnuU2NR+4vZJ4KfdrWdyfWqWPnvhWxEHW4IkcBIzA07Dej2Sc+/HZ0Ns54kAOk9m6+RMOcn8CxR9bvMAtWLEvJqqU8iB5tvsxcMyVnv/wr19M7qZKdnxHOOp3lGa/u3GLmfOWQk8Ty2Ig4dZ5hPQuPvERiAWx/tUxoJ2cqcyqJ/rv4BQhGjhIvHjsQNduYHQoYd5lmI2eQ7WKz3XW42PW+AGy+yeR8LR6oTm7kynrTkw==]]></Encrypt>
</xml>


2016-01-25 23:50:52 debug :
------------
String:
account-ticket<xml>
    <AppId><![CDATA[wxe5b18b9bd7e3626b]]></AppId>
    <Encrypt><![CDATA[LTb6eXWAo27Ue4KL43JWNWNLkuyLWcj84XBEmdj2mHuhAm3L9P9qyJzjWTmULLd1R/KeVlJeL5xLRPkKrkhlnj+T6A+chsUx5N45e+Hd/ytRiLyWH8wqQBVI7ZfcQ8gFb4DHHn9zTC6g9+EYw76aTkowRT3dBM23cKpphbf1Guj/tnp5jkn6UQRorHnpEWPMoHfnEuVxqOvz47C9wPK07kBI+uOlKkG7TowrPmAZit607S470mWfAjBOtLxjoRqCcVN+ibpuoVhi3rINStHUzlKtcPDYxTnJ18qDF8hJR7DdCKTjx0PLjjPdprBiXTFZ1xuRdYR8OqRoFdSH//fGFxW7Rm/UKpZoZoNaE1RZr8fQeU0KSE528BuhS7sNVcHSPpyY2rcR6ddIhZTcT/VADCyECrsDCXXdtvbAq5NQbDMBadQHhQnz+JASdN0JsbUH1vfyiJw1CsBuVZtS+Zxwew==]]></Encrypt>
</xml>


