2016-01-09 08:40:55 debug :
------------
String:
account-ticket<xml>
    <AppId><![CDATA[wxe5b18b9bd7e3626b]]></AppId>
    <Encrypt><![CDATA[SGaA85HVvPj7Ed9sXVVy087rtDgTdKVC/WZa77du3foHj1mg5W/TeVzhAfSzmsMlimQd5VdyPQ4fuF/YXO+Yrnmg4gcPb+/kDwmqK/sBqHzXhtoVQgcRcwwTUJ5v8cZWGB5GaZYu5qxfB/xJ1FoAw5te2hqaTVEm+RKCfpyGUSXIJIxo5QsihXRaxl4CBXJYNXKoOnX7q7qrtWtarF2RunKQijQAh+QbftuY3gBWP/T8yz0m1hikTqvvZOSlVm1+3lwz9UIV+10t/KttcC2FKm42i5Tz3QXWGTxgAEBtHxjjVPYrVSX40SPOpavP0Gaj4HS6Ok5bWS3pMsS3TasQqDf3FBlxrDz/PoPwVkoks53ruQAt/2SL4V6lFg8y8Oxu+2APg/vcfFLX9uwhkrbmK76T38zcu1ZRtKGcOxXgwUlxhqPTjkaHdSxySbkfvNpoKZ2G9itbWRfkBhnPHQ+t6g==]]></Encrypt>
</xml>


2016-01-09 08:50:55 debug :
------------
String:
account-ticket<xml>
    <AppId><![CDATA[wxe5b18b9bd7e3626b]]></AppId>
    <Encrypt><![CDATA[VW2S1K57VoF8SJbjMqQUl+aaJ8OiGFzqlvl5rHl3s+V2a42xw4eHJLhm9lwYMTeGO7lopsEN3MLd1Rf23cnb/YvIEWY6FuJPTtrXyXboPkSCfEOzYfguF/TmCd1Oc6TzRnBh5YlU73BhUFcjTjVbGIQcLWzFfKcdUDWSboBDTXKhhzrdm5wrPgVUygCeqH43FH3HZUOHgpU6OndTArYI3pf80z38l+YdMq1HpIHCbVkZy+ZZaJhXRGMjAdwdlLTDg9rpi+RzHNnC3JB3b5g/hlKo2tADY1ZQbdMcgzE6YcVpIGgXMPllosUoBK6KZGmwd123zHYfNj2PioaiAn5PmZappQbEX+gHL/b5HRFJqEgLwJEZqEaQsVBbp3yqC2NyCU3ciLTXro2izpYRyeCsxxA3I8x9BNnwaatLrw+yRlPd8wK7N5te0/tNs69Xcv7ERIXoq2a5kfYsIErz/28IDg==]]></Encrypt>
</xml>


2016-01-09 09:00:59 debug :
------------
String:
account-ticket<xml>
    <AppId><![CDATA[wxe5b18b9bd7e3626b]]></AppId>
    <Encrypt><![CDATA[0JY5ReWPdV7En2gN4jxfiaEu9AqhqPS++KkyBweVwRCqXioEuJK1PkLqRIGmelDooPQp5dFnUh9Tp4kOZ+/fZ9hg6RkdxXrBofmsrziOoyEUDMmTCPKpTYcR3KgbdI8F0AOGeEofmp2G2QqzVtw1u0Tp6RLuV9R3sHTz0zcdd7SGrfN98Qrm2ipHdQLuh6IZBV9wAu2UrAg4XaiyG2fclvLNgMO0ULP6xzJOTzqNLowdJZsanez95a15ayZE7gckKJ8WfMJLvqyHs0aiUGNPvc0hcd9mNbYHXaLsjVXHloAVH663RjJjpTzv+SGCSuIvmhaw6otHQPU1W+dcN6e6m1fyxt83AyoZ3p4EkRN5yeEkYL7FVq4oowYkGI++Qg9kyMvXbDL8vjsEuDh3F1w8lR8bML+zz42l0JuSKnvYuPKgfln+RHWPtKcwL7i4dzB8pyAHOjm7+/DRfBJUOc+Djg==]]></Encrypt>
</xml>


2016-01-09 09:10:55 debug :
------------
String:
account-ticket<xml>
    <AppId><![CDATA[wxe5b18b9bd7e3626b]]></AppId>
    <Encrypt><![CDATA[N+Bl6Cb3WD2tZrtHAWC5OmfHO44lrdyVWCIGjaPvfuSPqy17tkHmF1ZGnN3GCqNm2S3IqvK66gcHmc32FyV/kAo2V5GUppIf8tKY2v8Ow3zeIsmcbeuA+e4vbCNAjrXz13RyzURsLnPYLrdPno2iqgSyLGj2yvH5xlqfnMxJpIjUwdiDYSJPubpOJ6+wCmjDEuklw8TTk2Od9T3RTpSZc4ym8c9YbvGbUmzYIHcpt8GHiMZd7DEGH42FX0t88pNtrS0/oXrE36XmO4cxKIb0w/XcxpVMveAsoHvyum3t+bREMrRHnX2LBgTOv4Q843tZsCBxZn/M5v+IdgOZRQ9mPbHV35sbHmu72EhtjdTNB8offd2B4X2hpenMKtaRr+V6zYfZmnrC1gFHN8A4Rei/pX3m2xnLUaC0vY02z2E2ZChPqY69vHluTNFygIRliLwKAA3o8OcWRJtgF8qChifYRw==]]></Encrypt>
</xml>


2016-01-09 09:20:56 debug :
------------
String:
account-ticket<xml>
    <AppId><![CDATA[wxe5b18b9bd7e3626b]]></AppId>
    <Encrypt><![CDATA[4kv1HpVwAwoQVJ+BgMh0Z0QMTmYTKTI7t6Z8Hv8eOgoTawhwX+0TX378gAdavLaHNUs0KQJ0zbu2JRKpbj3AgH7rG1/jNTh+BHUCAgQOC32IFsW9si0KHb2stNKj5GAQZJFThEw8M5UmJfjv8LNpawhCcsPR1FvRgFup1pJggkeK8bmk4RCXAGAOcP1UP4jsSjyQ0LeHcHKBToUKbJP0LYE92vdfdfjT5aS+KNniiK8pQAxZqAXHh/KJWYW45h4GTvA9EOQkM2gUZtoC9Y0FeYjf9kiUz0234E1vfNfNx8i0rMS3xLfHrYmbFQ84vW1W1xJKEHKVaHb68IlbD3ykkr4WOnF6gjeRJWkh1DCF2311zw37XSDEiNqhUIkcFAZNgukoPsCdlxVBNej9xgB1oMbrZBAFCJfzgVZp4mSYdWd3VLrsWEtfghMEvqJEj230dxMWZmwzYpU+M+E54fuYWg==]]></Encrypt>
</xml>


2016-01-09 09:30:56 debug :
------------
String:
account-ticket<xml>
    <AppId><![CDATA[wxe5b18b9bd7e3626b]]></AppId>
    <Encrypt><![CDATA[RVPvPZ67oxC4ZTCIUF0vHXMxOmLQXOxoSocfU+cV/1wITuFD1Fkl4iu1ovEDIszqwT1H4yXwJAVsatLAadtQBiaRjvvRznutiHU4hoBSw9XxwaijZyNuKdkiIBWBHpqG7KTGgNCqlogjn/clyOi/8FYHSOD+cYO5BFyzpVnxeRJfopqFdznf4NKd17q6BNfD/9ZwLbACzo+nlqL8UF6HPTMbXB+dy8s5TL9I4aAoi9Pz3WwVFrOAOkvcECuuQxU43EseIzQtcdq3WJ+2TAJsiNrfRQ/qGKbpDnV1mjCTgTypbnXHRqTFPKsYBtuTo1qogNtsH5exJ1cnjN5HI4Eh/WeQtjq7WHtaIbdyqf6W1EXUS6Q+3LvoeFSLxiGwRmVQiN4RQ5GsxmTdrvTM6b9t6GMx1UzQMWp9lqcTPGvVgPMJi+aq5sfQVBJVe6Wx5qdY0Ls8ZJKil1mHA9B5UBxKzg==]]></Encrypt>
</xml>


2016-01-09 09:40:55 debug :
------------
String:
account-ticket<xml>
    <AppId><![CDATA[wxe5b18b9bd7e3626b]]></AppId>
    <Encrypt><![CDATA[gDnyn4JEt9dIRK9nTk0tp9ZKNqVCMQ/CNfmuxU4Vlgx0N9QEj3LHTTAO5ZFwLJm5IC6GnxnSafCSxe/QN8IdltMAogdFxVdNhnGtsba26bFVEYQmvAyvyBLa/QuD2EtAjfxaNQOXAnMN9fR92/C4GnMDkSEz+HwLviTuBVDMEsJEqVtlkCDRs5c56rm+LCnsAJrvqIHQuLPeHGt2WNmU4nMlBTKMjueKnon2mJ8xzDftp3g5Nit3QUn8m8XeHbZkNjQWDHfTcGbp8tF/pmnFTIE6krNgAO4FKlhaW1cUHwjF5JcakZ35ElZT9mbgzTHFMlPgcW6FxxJXBcaCBocQpz/742NkOPAY/+JWGU3oBlu00WXL/Ti+poe/T4M7kfI+uVoz9qktgUHrYIpp2lk5YHlBRtV8s7TOxgKrVLZQalQoR9Zb2idG6BzEpFMFqCrvUFFSpobVfeN4Spu4J+R9GA==]]></Encrypt>
</xml>


2016-01-09 09:50:55 debug :
------------
String:
account-ticket<xml>
    <AppId><![CDATA[wxe5b18b9bd7e3626b]]></AppId>
    <Encrypt><![CDATA[ZUawO2z91WTpVgrU8xhDhr83L5yxXF8hNckjkLLy1254oUZysEqdBEL1oRBn9TbgYCEDqJ7d81hZK0Rxjq9Q8r9tP2bggII5EYZsf0wxnNo0h/p86yLWAo2SooBXdBOlQnnvEaRU2RdhRTGWQHBX4msN8IXc8ja+TWNpnMnPFTj87GDux91B3zZ9TyfgSXLk8QXacs1WSGQyrhg7XuhwC2jDyMJfi/g0yRRycdCAa1/62HtgpL4m+cLPy94m4+4Xj25Ql6pDqc/i/y4ifxnI4GrBr9sZtrsTv242g/YrVIEN32YlQxNfYLyVrkQ6/k1N/gco4Sm32ZFONdr2CCDRIgkocfVIQLzKJnUQ7PHoy9hrv9qcxCrtqm8IbaWn8e22kUCgbeX02i4yTqjYj+bxxeVQ2s8QnElmck5wdrcXXAXPN7xi8WyqrAmy0vvTcw4wGYkV6HW7JTQfwCU9WIEKVQ==]]></Encrypt>
</xml>


2016-01-09 10:00:56 debug :
------------
String:
account-ticket<xml>
    <AppId><![CDATA[wxe5b18b9bd7e3626b]]></AppId>
    <Encrypt><![CDATA[hRwlXCgOvipldOQjluizvuhs1LtCuhzOVLePyKJDj3CuPeqFboW6iLQj0oZHCDm6ZVIj6BnvMAEG/IoEBIBrAKDveHJ32AMXv4xjYKjIRwRZTryOOLmZLnhsSaSlnQGCvdIdWc2SwMpkbqIyidnPEBgkZClu08wdc650jDn1lcu2HVEKW2gaXGTLSrQbHZ68jRhYnBOsQ8YFNtCSrTYRT+ADyOw4yjQLaWEWZMYjU3ZjBqWiNUiPXiwoZEhnW7yDhAMLXZ25EVZvp3CH5/vZcOcjcxOEIHtPQPQ7Me8ngBhi9OCEFs8/1QW8H+YyHahgmCDpJEwCWhZvulRboQbq1erx/NwkIP2UsdGmYDCAyUm1dxwcq0b8W/Gcw/m7dPvlaGDNs2XptZRzRiUgI4SdIgmGMvYR1bYf1W/JxrtfWurt2IxgOEV6qQ+0RwLF26SIM35yW6imRoaum0Py904gSw==]]></Encrypt>
</xml>


2016-01-09 10:10:56 debug :
------------
String:
account-ticket<xml>
    <AppId><![CDATA[wxe5b18b9bd7e3626b]]></AppId>
    <Encrypt><![CDATA[h+T+Hlb5hE/XrhfG4dJBXjUAjjRHDfmcZnzmQK50jNRfApPkVHDeh8rCeyUIjcw+aCfq7018tFCbIi7nLoE509LJ7oGMZUWL4gDEhg3RPn6oPhoU27WhHZUAd/xZ8BLjV1GYK7hH5dtD4PMmCwgADrBGvlPYrk1rTq0vSpb9vRvrpd5m986iXZavusOtD7nvaBQDHKnY5CRABlvGZFZquaVUPN5rxi9p1t5PIS231jxXmRRePcIX7kwtpzcw01SdKjOg6u0PyfNXNcVQJvcaN3+v5Ndstx0elgtJ4gAiFHo7MQn/uJootD9G7NVJiTqV/tLyOpiCniT8DRVAa0DtLmZo/4Su94i1MFnDMfwfAo9M04kj5u1o2cI55FKFCXHdiYzleMBV5qV8HSqIx3l4320ueTIAnVlE31HAoJXVOdZaFkBJv/Hy1gko+oe368iAMcIc1QpUIW/COUifUtA0pg==]]></Encrypt>
</xml>


2016-01-09 10:20:59 debug :
------------
String:
account-ticket<xml>
    <AppId><![CDATA[wxe5b18b9bd7e3626b]]></AppId>
    <Encrypt><![CDATA[Rs8CTZqZO61e69mOAFt/EImoHb640JYrNjOOSONJuzfhJzDOUynkempMHvtGfppaHoX+AR2CHPFsNKQoqnbz+pDtSVOHKnI3e3S1qComBPl+6zi3cPzu8evCzeZ0GBa4aES5YpIAoDZi1zojuJbN8pk6JLEDQSZzIEV/1M4CplH6fjAVa2mxgPoKWDQ8WgGgKsg5Y7BvTXuWJ1+bzlsKBcc/X2EYTGz7zpQLtRyY2o1cRWrtciBHsgHwj+x5vuac2HgrNNuEB001JS/CjuwjSCq+CrrrXzh+aOl9tvF6hxY0otsp2LfW+9fq/Mxz8lVxjvWC/iAfUhJyzQV1xmyRV5upETFlZy8nnhji2hXH7lrj/qUsIEO48RkfLnD0nbdfdB/5Pl+DebsfU6SkbzZ85clPM1+WSk7CmpSJmUzJ5/Hpk3s99TP6QVHUlI5qRMV9Zyibldh7CS6MnuagWUMupg==]]></Encrypt>
</xml>


2016-01-09 10:40:57 debug :
------------
String:
account-ticket<xml>
    <AppId><![CDATA[wxe5b18b9bd7e3626b]]></AppId>
    <Encrypt><![CDATA[45AMWrISa9DmnKBfMsR7ZTU92ioz8rMejB7L1jIxBFtKW36ld5DJ9z52QsG8JBZ2KHit5TP65IhYB3AZaUVTA5n5uhi4qjxu/VC4E9hQ+36Dssl9cIRQV06IOh0TFzYGq/n1XqFbXJlNFrvCAUjEtTASI9Z+7xNMs8yH7IBa3aWcdCvQBWS5QG2QIeIS85RHzDv7VF2TU+YsjdzBQ+PDS5Pbp3eaHHjN317VGxv3WLdZsZ3/+rOsjLUT96ab9WJrrHal5Id5ouip5QL7Y4lzRxQ6Td/VhJPiKempFar/Pheq22JdW7kykoSYqrSAK5FGaH1iR6cV8x91EG7uiOYzYZjcEhwVhg4DXcX5QpWBE30M77iEiaOmJgXAnjn856otOrwIR2C/3lsHXmkZsO8Fuavs6dxxvE4Npbs/jbBkJN8YA3khi5VRJgANqGf1yxx23INN2YZRkvPd0BxXIbLtVQ==]]></Encrypt>
</xml>


2016-01-09 10:50:56 debug :
------------
String:
account-ticket<xml>
    <AppId><![CDATA[wxe5b18b9bd7e3626b]]></AppId>
    <Encrypt><![CDATA[b1NK4EsMZdUbLiLWiVzbSMVoZj/dwH0YIAN4RLvFuUr4jVPaFXwVe9yM1VQFY5CxYMaggbk3rDpLNjmF6ddV2b86jxVShvktH2L5DYM9NIMQ1UEHTHzkYOHlHwZeWEZKRb0fD/2UQI4ye3fVTMX92Wye6HFF6OwZ1HRHNygZazIWlsnz+kfpHRP6RzQjGpLPpkNF0FE5fJasQF8TuxQPbSJbkd95HoXh+RUzdaTrwBpvzs5NQM/2wxZN+NmJWvc9Pbm4xlTymAwSh1QmJ5vxQdzqU1MLYpW0N91vZDzoCExCp0k3bfdnSOuv4zbQ+Ted5kSG9qMJcL411QG3BsQM2yv/hWvhpbhXwvziIoKVoJrPyx8Rj/amuaFy6SX/UHPh5rswB4K9uuDWX/PDheQa9OP3mGIsgXflyIU4Fl6mwRFtq1mISJWyXQZGiolIkUYnTzDXgk8P7Cg7IGGcElKRBA==]]></Encrypt>
</xml>


2016-01-09 11:00:57 debug :
------------
String:
account-ticket<xml>
    <AppId><![CDATA[wxe5b18b9bd7e3626b]]></AppId>
    <Encrypt><![CDATA[Zkk1Taeg4SYkE5KotqtW5HLfIoSnzkKPhdseqZqTn06oMnXIfibemiw4GAMps6UXh6olh+vsjESnhikxkR3JEzH5e32UpZZS6FOojPJPK2UO23atSrpIfMliPK/7eGM++Gol/r3koj/RzwWuFpiJPhO3Ulph3kpyQ71DuzMoi1QUDUL06YrgGlyvY28Y3ajC6YTBmzQuj3Qdvp9/WOsCnRbVGG4WE2RIYt+uK7/KNsEbtJ/S/giQyx/V0A+mF8rZ2gHEvKLPmIirYL+zbuLYrQ6je63c6v1wpsnYiUYH1kv7TYkgKVkzStywVoxLFXEkXzdd0qQ5MH4FMZyYFpWKjPCSwWwHgv+P8DfchUwqWH8Nx4SFY2ruJBvX7pR1DBMGPhyvxsQh4YuaBK4KnZ0+ZUQxMvb1u6JeUKACFXuINLV4sxViI+57OKcnLCORd/N6cEmn2NgmpXHUkeJRXJkldg==]]></Encrypt>
</xml>


2016-01-09 11:10:56 debug :
------------
String:
account-ticket<xml>
    <AppId><![CDATA[wxe5b18b9bd7e3626b]]></AppId>
    <Encrypt><![CDATA[CWR0k+KgY3e2LgmTw0j1cg2miCDRSHET/xQJPrMULJE1I63Q/2ZBsiycscDeey0p8+c86NnDFAfiIiOV9gc6ruRpm8c16TzMLT6wqh+npLPFENHwzgbYTL6tbmWFFs85PJp2FTktfLs/4iMTpokXtTJ+M6n6b9o7+9/kHIw24xR/Gneu+u5iPunP5nzNM5hqVIoIMqXg1WHrA1fYLKRrkHCIM/jxKKcD0Z3fvclutSj5c8ZNQrAadtDKFRE+h2EZN7wR/83fqC+RISaK5IlhsepYs4rQmMzdgPLZ0bYLtzUAjdDCGxnott7bgj2hGhPL1zk6D33Qvpcczh0Ugm8lQpAkJCXYnmHxuN04bNU4FDeDzt0UMCZ8mCdAXe0MKBv56LOwOZhAJn63KCbDZxXDYheSrLiv2YQR0Pr+lqyJR73r/VtDuAtPTDrEANefMgL12daDvDEf2Ei/XDD6Ex9Uzw==]]></Encrypt>
</xml>


2016-01-09 11:20:59 debug :
------------
String:
account-ticket<xml>
    <AppId><![CDATA[wxe5b18b9bd7e3626b]]></AppId>
    <Encrypt><![CDATA[7BdqaKpH8N3nDhy9VIsH1PxbHytTVQg56+chnuP3uhqVBA/4oJePTts/ynQnljBCHK1SpJTJ91cfi1pFW/DZq14MH3D0WrW40Lf3zqBrTCqAb4fVeN4FqTye9dIN8Hyjcp7x6CnbxYUbGsI7Le4hTFwBgxD9q6TbUpTV5EbHx6/KcIITmliOK73gen2IRGvm8l1BmQkOLvWlvg50RdY6iiWgxV3/Voug7f1T4+flQYP2TY1yzwCFgG9i3hiwiv8JFF9E1D0PR65cxURIxUDztVnEk/fRTzYhwLsrOYzgUbTOcgk8MDXxhU5DbzIEE249An60xZXP10u+PWB9DHX4ktvUHvDPac7/Jl4AFoDaq/fl9EjL/t90RfFCpKVDctCeKz+JnL4k7aLhCqhG9DxRbye7hHKPb+NkGze76LfQ46CKnNBAJg1Ywoxlc6B8QCTR2QtbI67LKzJ60FSA1r3F7A==]]></Encrypt>
</xml>


2016-01-09 11:30:57 debug :
------------
String:
account-ticket<xml>
    <AppId><![CDATA[wxe5b18b9bd7e3626b]]></AppId>
    <Encrypt><![CDATA[pZi06kV3Ry7bZP5xKxzB6EouZFByfj+1WLLrvfOOYxDcfJG0cZ8ow8169gJ9U1SiaLt6RI0y8HkovHA76Dwq04R1z6pzB49fcFdsYgwquqjz474mqvCx7ZgKul+/X+3Wm58yAuhfa1LWglFmdo7dlz8Cfd88NLhm6Fu/LXOgbPQa71RIIhg1SsIqBQ2R+z9AHMll/q5rUOHI09L9U/K+g4QlxHbogSK2a3zCu7KIYd+exZUNd4rhG+XWr7gp8kCqlYphh+ffiYen3b/h/DBoKfijtqG1lere6w/8P7JxCqiVWUDy8gErO72dkLIRy4Md4lNjGttwnSQ+JdJYln9oqXYvSrD5gxOoA7vlrKotky/wrPZZkBmiyJcNCl84zOUtXJn1nXBQEvSUyW9/r8HoFt4gvOhb6HOldqTsWKJVZ5K/ia1Loa294MYwstoIl3Ryw5wmZRh2dn9retphkBVvhw==]]></Encrypt>
</xml>


2016-01-09 11:40:56 debug :
------------
String:
account-ticket<xml>
    <AppId><![CDATA[wxe5b18b9bd7e3626b]]></AppId>
    <Encrypt><![CDATA[Jc6h13ih1tkQLQAN8Fnggkb1hADM0BO4B35SCWi1lnu0CJCcsJLesAGuotrBOd6dJrlmEHDoYgl9QxUVtp0dy2qQEnXbQ17YK/O/NQUf3PvqLVa0qOiSM596OpH/+Eyhmf2XZccDhlumvdY2R+PqR0buUwplSQ2dTTr0ACDlUsRtylKUnMlgBhhzXHwBQrnMptiQyGDDD1CtQFGODzEvwzxh5sgYL4AwhrUmFbSAtYl0l7RS0cGJEnoPywPAtyJXVzO4GDGtUVmpafVj9kzAiofFwGSP79nmRuSow/xzo9PTFEDmcTWnAdWtKfEWGs0lmWg5q7w4LUbiz3kz/jcts7nkcdYOj+aB6BoHhf7/Iho8NCjwpdErmk56PmnNUZ2RemW4y5IIbCt7knzOdJrzIae/6t33Pl4U02dMKobeSrNjtNXNz9AuprE8ag3ITIbpj4f0azIU4cKexxZGy074JA==]]></Encrypt>
</xml>


2016-01-09 11:50:57 debug :
------------
String:
account-ticket<xml>
    <AppId><![CDATA[wxe5b18b9bd7e3626b]]></AppId>
    <Encrypt><![CDATA[X15OF6tDuKPwbFyMVd1AscE9E/qIGxVorBo6imSF3yrHbvPpPufDLqDDcOrQiBvo5zgB30YQlAg/nKV0rNHaEIia9HLGfkcMIpHKiwkvC8toZsaAC6L+h5Z4sCLKHCXGvKe971NrqiWNy4sHg6CYYgb0r5gk42kURasTLRfM2JAUvfXi7F9mhtgmMWjITLaYbrSvJygIcClQsd7H8xI/ghLF9Ogd3bz41ERUyN1jwOfSgu/b2fVjhNKIE53L/g6nrS7NdVekJZy5y3TjrGt9gjXofdCyfbVIopCOko7AZXH8A/JPSaxGP76KIuCdQIwj92ql9CzJyMtNyOQDsfoTSfUy2UNw3EneIomH+rEvERqZogD+gOOr94O7ljttDLXeJZ/QXB6+2iVY9wxDzi996MS0xmr5LNkkvuZ+0BH74l+ofcqsNe/QabGSItStNfvuU5lEWJIDh47I8Lujnrlv9A==]]></Encrypt>
</xml>


2016-01-09 12:00:59 debug :
------------
String:
account-ticket<xml>
    <AppId><![CDATA[wxe5b18b9bd7e3626b]]></AppId>
    <Encrypt><![CDATA[rg6rl+Tp5iE7zcuuVoeRqDXzm5jz/JMVe9lwp0FPbhg3OEawidw2faWa2fVfyouZUxBdBK49e28yIDCg28v8pShkXmkq4sdrZUqvNnG6nC4t2rPovRRAAxYKL9JLIbSUkRgO+8A6Wu5hjHsO8Z4+4Uqy10XRv5QznZ6K0KYHEFnHg+VB0mFjxAp+EbdweZpXyckms6NgDs2I9e39Hw3IzFnVMXwxtbslUx2sQV0BxyXLfQGmD9norWPgNdg/2XLlXoBqIxIts+aXHKdoIlc+9AusDCDsjqbUxbgPrp9fLe8IQqggC3dogFOZx/un9gbqb84KFsrcr4XPL7MwMLHw7xuH5efFTkRk6ELTirSLP7/Aqsq03m8YXRNLsQ39ZMMP8r73ZtXM66XoyWzVwb6XNgYm594elOOUqiN8rzZCW8uWIR5LpvR3Rzrrvk9YXWaE5qE9jmzkrecQwadRy0c/DQ==]]></Encrypt>
</xml>


2016-01-09 12:10:56 debug :
------------
String:
account-ticket<xml>
    <AppId><![CDATA[wxe5b18b9bd7e3626b]]></AppId>
    <Encrypt><![CDATA[2Bk0453S9kEldtJEyM6kZrbF9GuUQIaWdsfQHfo2on7yP5bsh8Iz3DSilXAiVCzLmQKFH77DQ2kmnaJCAtI2N9ApqRoLW+xn0ukzg9rlARALUNBUKorgoVCBq+l64WIYritNIz7ukYvjqhmwnfORm3Ns06t5mVx7COUS5LPZPU/vaM1E/6pbchg+gZXozWL81Tq4rh5Wz8WLp2tGXU+LqJWZ5OFMLgnTnoXlOFPE9jfXqBHYX7tafvdM5z/Vf3cLVqeDR6vQgglkkHjY/C5q7O+SqQyxz5xPD1PLJMftCjpS3R5jYC+IPg/cVy4+d/cqX5fzAY0iu+x1Hz7sBXmUW65bSE/byPDCH/Fl9w7Wq7ylHYfi9+M8TCWmuVBYf2o3kbVJVhvrljrMEkuCt9Ob4svwQPKW7DT77boAz73KASibZ9imJl95uIZJUSFufRNiIRfSPsGbMJnJQS9bdkooAA==]]></Encrypt>
</xml>


2016-01-09 12:20:58 debug :
------------
String:
account-ticket<xml>
    <AppId><![CDATA[wxe5b18b9bd7e3626b]]></AppId>
    <Encrypt><![CDATA[9V3J2iqn4zg1//Y8h5d7Gza7WdK+a4IIFIlCTcCfa3QG/XZ47dPiBhsLT9upwwqZnCHE/bPRuXGsmiuoz71YqLzLBd881f3zqdgLmAhsWgQGhcYnD8jYrRQNnvgkYJLafyLum/iq0bbBZoLoeef/2EOxdiix3Y4R+Hh1u3BuFUd2nj3wlI+TQyUCIvYV/GlJtXXQ3/W1v9g6XWCpKL2TqW9FhdXreAoW61JZmK2JLUAykoFWxHOn0mRChMtA5xSWo7RbaPN/5PC+34ahxsgcXCB8ggmEhNh2Vdbu/26w8qHsTFT/I8KHgmGS/Cz7ui53fHFHsMOVt44+H/G2+MX1byW0eCR3u7gwAg8p/1fd4a4XCoEP0ke3yiaFxdUppSJHuCCummMwEZRQ9QJnW/BelKOLrVgLUEyO2k21wUIGVW9nzkZtWWfPMVnswpWaJA5n3QpXcY8/oQYia/PPxeJ80Q==]]></Encrypt>
</xml>


2016-01-09 12:30:57 debug :
------------
String:
account-ticket<xml>
    <AppId><![CDATA[wxe5b18b9bd7e3626b]]></AppId>
    <Encrypt><![CDATA[fIaZzM/gBuRXcBdd06QHrWHP0N9tW6ByisnK5P5NsWQEtqrt1Kf3vULwxDXY0o/nwHg0Io3RFMHw+d0fWQeJ2kOxPx6Mjf3XmHI6kErv7y1EgttBDhEHqOJYtumUI+0HZPGcAmaegaCB4/IQunB7CBv5BQPvsZonppnwjboZYQE6u9HRpQ9OMaMSLvFlx6xAvCcONYd4A8CXKbJDUkPu941xAm2MUh8I0p76UQt0gV8DCPRC87fKZWa0BQ1/2NofldzYEHc5BZ2AV2ike/W3AFLOszptLzoYel1D5G2YbOE4ePY6Y2dZAcE/3NdBstiqJKc4GfeJ6tH/i+sQ+WjGdLo9V23ks+t9oB9hIskXHgBZoQ2WML5uqo+2eAYF/fDzUggHpd5bsXD6nr1n5X5MH1gI/WYVFcMng8RPLbzFT3v+8hCmF+dlt5uRajBMwZV2Tjj9ORxJTPmy4v7jWzPBrw==]]></Encrypt>
</xml>


2016-01-09 12:40:56 debug :
------------
String:
account-ticket<xml>
    <AppId><![CDATA[wxe5b18b9bd7e3626b]]></AppId>
    <Encrypt><![CDATA[ORQjeLh55+1cnuhGgSLLUdPtc0b5HcdvcsN1oLCsjG7LIDqjD91Y02/mrcmGN2FQ6xSuZZpHzM1Cq3nae7FJufHnozXL7xFhyqk3kYqBSanaMQ2LIDTXpzSKxWW/EnvAd9c6Asgm/m8NU2Q5Ajnu0Y21Xxir936RqThfZIkt5t46PKi7cV+yDPbvo+sGHf5o3dWEypqJ42qsw0tpeQbh9B0X4JsAn7BccDuuKvs0QMPYdk7gf7fPqFmpWkMngTYA6VnJxgMb3giypc/a45wLNrS3sk2Z5AQVbRvbo/5yoTIv0Azc15U2ELQoVRmMsjutCEBLSh3mjjnVYSzEfjf9P35BmfzfoK9/nNUCaiN9itnpFu7dJw6Qfsap3lzCY3qDG3ClNgwVaJ3V1ikCyndo2oA53jsfxB2hEkkpw8egnqmIcunMYH0dSufQNvEPFnXZYpUf6bVkOI230qUC42kngQ==]]></Encrypt>
</xml>


2016-01-09 12:50:55 debug :
------------
String:
account-ticket<xml>
    <AppId><![CDATA[wxe5b18b9bd7e3626b]]></AppId>
    <Encrypt><![CDATA[lWF4cpOEvwbip0diCDtLl8NMQitGiWhNuGtN81OmZNSaobriORpFpWXjMfCMQeSLO5GWsSI6ztg7ZujYeC/cu8tG2Y5V1jXO8MTan5nG9lTk8M4QQZKNz62RehvyNYmNh/S6xgDqLfke1vf5QH3Wi7cYZ8CprkbmZPpg5HImg/9refTQp+uRawV+1WciR0pv3GemsuGiUXi8C7eKIVyM8BxT5tGd10qF6UT7VYwr7TNDLJZ9xsci7gFOhAujuc4wHBsDeUf31nFZuSZtkAQUOhN2JUirO7REaCpCfEUQinVlX/UT3q+Iba4moYz5JgZ2nif8mWiTd14nlr6zBBlDXyZA2L9PSqC1tkL2DwZVFK1/hxQ1kz1qBwinfDxKxGGkjmL8XCoCJ2Q+e4/pDkWtZJ//73ztNe69sw8vshCPCWd8FLzwaJ+KSrReI8Gxe4W3cjV5Iasyv2byKmLSlN+uPA==]]></Encrypt>
</xml>


2016-01-09 13:00:58 debug :
------------
String:
account-ticket<xml>
    <AppId><![CDATA[wxe5b18b9bd7e3626b]]></AppId>
    <Encrypt><![CDATA[4u18JZ5QXjNAH7cb2azWyLox6kwIX961MkoTV+eEONTpRaz1hZY3+kaF9SICMMvi3ucogjCFIEw2m6mkkP0qZ/VAspwaS1JcFq+OqtPDS6E9fWh04Jr3yf+3ml0gd1RkOJWr0W5FKfAc/Ptm2n+dnvkCer/42njQaOLXll9uGQVXlNlNtO3CXMANw+v17lI/bHxvlnHZSdHLMtoYopOyUUBekFqcmx904cueT856pz1eSfMep897Tqy3urJgqjJTmnettisg15XYeH6H9wAkmz5D2Utza0bwy/KRYXB0Q/hTCtFzgHtytX6KSLRQtHKof4x6XLT4PU7nXldqk0Vwg5E5YH7bRntXo/NGdbqn0D6TTVIdFeSTPg663YK+WZ7V6M0u8XsJnbHHj5v3UdzFDmovo/aQhS1YtMxhu/OAo7w35iwGIBeh+D598vb+dX12XhGKYiVl4x/27vZhslnlTQ==]]></Encrypt>
</xml>


2016-01-09 13:10:55 debug :
------------
String:
account-ticket<xml>
    <AppId><![CDATA[wxe5b18b9bd7e3626b]]></AppId>
    <Encrypt><![CDATA[AJbWjA0tigGBtJqNDXeV3PMVo23bwR8NfLVDcDIZke1f+4j6zWaWkmvwy63JvJgUKvfioTlDTdxj5EteiVnbVFJ8sGozipa4UNce9j86CAGlCnzxw9BFHXTl30BNlVelxtT9xgVWIj9JY7D4i39jZYnRkFLzBGTnW0I7Cgsx1wISVgWzO6d5ldgUjboCqcZF+viD470JcZufNjBeuF6TR/Z65gFKghvjH9pUlG5q4ZSjgzL1JmS5CndT0x/+vrSSJ7mN6LgayLSYsXcmB9O3ajAg6GIPPANyA3IqZW2EFXEkVmvDNrPaJJw/OSr8BsrQ5yHx3/Q9Zalbts83vYsaDdU/q5CObAXAhElu1nziFjGM0kkuzzZCIiTZNsbag4xbLjPIot6BN5zDFfno1SOpHJEZ7Zu15oI+6ln18kJcLvVW+kuY/0sgtXIK+iLZnpKueSyqa87gYou9HReHTuhRvw==]]></Encrypt>
</xml>


2016-01-09 13:20:58 debug :
------------
String:
account-ticket<xml>
    <AppId><![CDATA[wxe5b18b9bd7e3626b]]></AppId>
    <Encrypt><![CDATA[FX9ANX+sA95WmYNCsfSTtrAcur2lsDYJpziS3BRrEzzxhclxF2xmU+Lcgbqi6KK6R+W3HdVyU5tSLfIIo4FCP/DBgsONbW/Wp0WwCNjL7+HDu+YbuLoN02dEtD66jHvjgDMmtn956wynCgvpZyGNVBQH9PVBYj4LFx5ejV/blBAdLfUp0dBQx4alcl869Jn/8T3dTu2wgD6J6rEM8BFnuvCxwHx/M9zcxlt0wN1J05VTJ7LSkWZjrrIukUaT+sslKZmqo5OOvE7OIJA0eEhI2625p29+bgWQdJi0NMw9U3TkUTkgoMM2bOQE2vYi4Er7fZmu6H2iaO9CbbQ0uTs91nLTUkPjtcUgNjUPeZ1EOZbp09n9EmRRoDLn+vW/0f/XEChL8wAi5XHxHX68lnRSW7u1wbyuygQ4lnaWzsHVTHyskuMnKL8GrqtGdkJ7Sa/Or77ea6dvIQpfMTK/pUhTKw==]]></Encrypt>
</xml>


2016-01-09 13:30:57 debug :
------------
String:
account-ticket<xml>
    <AppId><![CDATA[wxe5b18b9bd7e3626b]]></AppId>
    <Encrypt><![CDATA[wR9gBRsQ7smkrSXEWClGJYYwyhirPhwQPFu6HHRduR/rkVXn7bWe+b5c4HePnMMSNVzx/tk5FqvQZsdiMmTdUEgyu7gYqzECCkcA/nsHVzSyWvVj6K3pBzUEGZtavFuHCycMcJ696Bcd7cd5yz+Oe9KO7lgOQvHwkWk+cVcwGHhFeamlNqgPE3eWVXz3cjiL4OOSgU9EIqCPD0ZTrY1/9SQbC2j4gC15OAJI7avS0XwY7tg+cT9uSqg1gag/oExDOTcZe32reTN3FOdDIrAJ+y66a8MK28fpeYdUz7KJUlB+0vMZlvxU1PkC5oRP3N4kOPBmstEogabn0nDsUD0ybgLVhjjhKlbZR4qUE2VomRQ/26iQHCJpTQU+nri7h84KT0GWRs4xIzprDCriIxdKFxurh5JlLmf1VOluy9cHYFGGHPmrcdtOv2A1cGC+uF47O0Gif6dG1tS7/pX7ypGhUQ==]]></Encrypt>
</xml>


2016-01-09 13:40:56 debug :
------------
String:
account-ticket<xml>
    <AppId><![CDATA[wxe5b18b9bd7e3626b]]></AppId>
    <Encrypt><![CDATA[vlHXkUh64Z+GCEwbcC1xhZkWAyTb+yIVPLe4ac78m2e0+fZiIdV8rxnKa1UrH0UZxJ53jv19ZILcQaXSkYoaCRzJwIsdjW9RC/dbJ+24PMPokETeW4gPqtaK6Y8e1N7Z+iIUfnrTfBib5mCdsIbV/QJ/xKxVTYNoZuIK/tWqs0EP+8HGhBci9kJmZqtfaD2Eh6+FXZhTwNRs8LKzMJ3gxCONYffed0ZOCfSRw8KtWxsZSFdN/7hQPOsL1XJx/JmJCY1VITmbPUK01+hMYDd2Pji2WpA56td9VXEmWmz0g3j0gIG3UXtiexo9gXw1+cydys2VwXmaSSI4dZZyo+Gs/hiJgNrXGcBYUatQAuvjCmiGY/aWezEf4Fp66b6uBJ73iw18OdIlAlStnUFZupJ6QDns8r9eOIbuaUVSx4P6J/eCOUoT8n6XhZAB2TRdPIfvU4D9l9zeL68wBd0bOIAKgA==]]></Encrypt>
</xml>


2016-01-09 13:41:54 trace :
------------
Array:
from : o7SFQs6ZpjhF8-AVd4iulEJOS1GU ;
to : gh_f8ef5613cc37 ;
time : 1452318121 ;
type : event ;
event : subscribe ;
tousername : gh_f8ef5613cc37 ;
fromusername : o7SFQs6ZpjhF8-AVd4iulEJOS1GU ;
createtime : 1452318121 ;
msgtype : event ;
eventkey :  ;

2016-01-09 13:41:54 params :
------------
Array:
rule : -2 ;
module :  ;
message : Array ;

2016-01-09 13:41:54 response :
------------

2016-01-09 13:42:37 trace :
------------
Array:
from : o7SFQs6ZpjhF8-AVd4iulEJOS1GU ;
to : gh_f8ef5613cc37 ;
time : 1452318165 ;
type : event ;
event : CLICK ;
tousername : gh_f8ef5613cc37 ;
fromusername : o7SFQs6ZpjhF8-AVd4iulEJOS1GU ;
createtime : 1452318165 ;
msgtype : event ;
eventkey : 实木系列 ;

2016-01-09 13:42:37 params :
------------
Array:
rule : -2 ;
module :  ;
message : Array ;

2016-01-09 13:42:37 response :
------------

2016-01-09 13:50:55 debug :
------------
String:
account-ticket<xml>
    <AppId><![CDATA[wxe5b18b9bd7e3626b]]></AppId>
    <Encrypt><![CDATA[ix3/V1+Em1hLiGqYACOpRAPbRURGEiAPkJcEZsgD0BYE3+zR5nhiso5k+naG56n47IbA+c2Nr5OtZm3fgNKZxApK6lDGKoQeY/DJStQRfdgHaS6LrkrNz2Qm7363t59qDp0tL11irkrtYRdjKBlCNlZv99cU9ETpdrOK/f3WhQzBPv2b/4Zf2cHI417x/tGIsevMvuG2DJ5c6cgyrJ5sXWNjLyfi6AfZcmE2OWONrufUFEIjl10FTs5Hx3zTIuZ0acF11xyLqIS6MW9U3Behz1/aIfhyU00f8ne9+fISnBs20nV4hAFYhKpRHewfu2H6Q6RBr0Ghwc4j4fLOhCTBGVVbh71UljWk4v4s6vAgRVfeSabCmeOTOuHwOB89n+BSWy3wNgu6tF0mcqcC9doOXarZ8K4F9eUmqUPkXBY0g1wUYOrNJBKlGmy/IIFq3PtiuQDiqzOOchq8eWl7PvYJ3g==]]></Encrypt>
</xml>


2016-01-09 14:00:57 debug :
------------
String:
account-ticket<xml>
    <AppId><![CDATA[wxe5b18b9bd7e3626b]]></AppId>
    <Encrypt><![CDATA[617bSRYY0la/rt7PFnD503tDW5fFNapmyXu0t8B2yE6ruT7Co7a/AJBxZsmNzVBDhGg/t+I3iKzhj1LSiN1ymWgzpt1C8l4fsTO3nh1YSv/wcojxNjj1uVyQHxGl6ZGVzG9fe5oxMxN/pkPTgT8Syn7ZmfsUiBjoQCwmhLKYBrGhtV5uLneGDX/YXwxlHbzgJ8ChZsB0dCr9fo1PBMjESeSnFa1cGVzrIzrAQBiKHvmp8pbSD1q4T9Zs9LfGIBbawK1LnYgepHSWxkAm02QFGpkEW5nxydv6YlDcrNgaNqfFzefqKJW0T6UodFCx4qBKXuRFaVDEbE2UmW3BT/0eWfUrxY02iBM6afctLDLwFjkcTX+s3pYgRPfp5rczWE6AgZEQU5ZjkkWXGQNxEePecqfgPK0EVdKazFZ10JHkHjwyY/EvkA7tIcJ41NfqjVTecXazfuvrztz3tKNNcnZUzQ==]]></Encrypt>
</xml>


2016-01-09 14:10:55 debug :
------------
String:
account-ticket<xml>
    <AppId><![CDATA[wxe5b18b9bd7e3626b]]></AppId>
    <Encrypt><![CDATA[gcyysotq+fwCjR6FAzzv3x4tot3I5lUu8PjA4/YzCktLBXg0kdCf2SKCrMyZcSXBHnlC9Tj7C7B132+GkiI2olB9vhepkLayRdej7b08fy0oEZaOe6CNgSeQO5Ys2dXxIAFgvjVJwmeYNS2GPk8b9u6PqPdKwcjOKcHwBjuxysMICpGK6FugiBi2I7W0QkmLBo30uOB8Glft+qFMkkQ7hJHdWITeKRLKv0ReFFebkTC9cui7dPr+oN/dE1XePSzlMuRLPyab5r/Ws9l/EhwsH31dfVSSW5ZyXqzDZpBGh4w3wDZ27qkKSWcSfWHGiLlYm7wakNvSja/oYGXMsBZRB8oa7PWF9MTNQi8BUiPyDZFvduS2BRdJ9xkMBxDFCvoXwARe69VZ+lF4nohTSjWMrGJd+vjXP+H7kFLkADTg9D0So7Cq/49J1bKAG4Zuisq3eUbIOBYha1q/Ujom/M2DTg==]]></Encrypt>
</xml>


2016-01-09 14:20:56 debug :
------------
String:
account-ticket<xml>
    <AppId><![CDATA[wxe5b18b9bd7e3626b]]></AppId>
    <Encrypt><![CDATA[IerEyVS6ikQapmMFnEdGcO55ftvg9wmOdADD5tc7fRntL8RTf5HqWAuSFKaqHIPWfpSicc4DcpzQwm3/VA9afAfqTuX9/GHlVeqAqFmimEfkbEvomBNAFcEFYvYiliWH9bcyx7KIFz8gd3l1VMAY7AvuhDTD7JuWse7lm1bNoxo9i9ZvqG7AXqfSXXpjLWKyStoK5xHnuZ1Y/ZGadFfL3Jf3ukXEIuKI34kl7lFX0i6GQBSvYs5i4HSn1z8wiXCjz/o9NeDoYjX+uNGTBLuv2pROpdGtSgePjCGVQrAfWOlFLpEqp5o93dcGFZwl2a81/Y+JZGIuzm4sm+XJEeB54TYK3RbwRVDCHuJf8n/BX3p9zub/bz8GvLpYNWXpkqEBf6ufOzhGhiE4nPNscw/zOKiiDdKDMlW8LTR5+lJnXGJBCDAVpmLx6nnvhXMec1FPssnd94AOXz5OPcZMInjB3w==]]></Encrypt>
</xml>


2016-01-09 14:30:55 debug :
------------
String:
account-ticket<xml>
    <AppId><![CDATA[wxe5b18b9bd7e3626b]]></AppId>
    <Encrypt><![CDATA[BV5ZVsBZq/DlbQ3qytLplAIWzCKsA699Nj1uj2CNfRsFdTwmvXHN/76lq3rdXYac2kYlMuY8xEq25k2H7chsJrbgOZmKqkSwzRLpL9qMcOSnVhHyFz1hWVpS+VAXXtzTB5XOd/2P8+MIuW/9KYBUiPo8+Uq/sjF85hLtNXJcydLri1gs08xRHMQXOf082NWqYEFBoFRZ0o3FqOWVlhbKoLNgEW8H104rvdWApdoEgCGonq6sSKHDAnzIrCYMXB3TTURsgVO3rfh8VbwSpsE6qxmTacJNveC4VEghC5LzAMC0Tf9esvz5xOUtQ8/FmhHEGmKU7c0qxTJF/rzAsZrpaDhrfbsZd5N5TI9co1yD/r/IWuRnFjJrm4D0UCB2a63BkyYAo5Q7+IleQa0VhXaNwaCUv1z4Pajh8nkcy8hsehi9rg/pWIyYHrK7gN/PvvxhmOI9Wb08e2pCjilsLayhhA==]]></Encrypt>
</xml>


2016-01-09 14:40:57 debug :
------------
String:
account-ticket<xml>
    <AppId><![CDATA[wxe5b18b9bd7e3626b]]></AppId>
    <Encrypt><![CDATA[QEmwDtLGq4m6d3WrTEN3hD4Bdcx02xJJ6iPG/nLg8NJhQ/PH8G98oEM5Dc5fCXi58mC6CKXTpBM62rQNml181G5Iz5/Tkt3SWtsHRbhIBSFIZPVdUVIfz6JxRQpoDh7E2Yg6iEtcWbqNKQDXVrLh6nYSzFCrEzAuApRv1zGIcl8VuQqdHQa0nyTbFCOht6PzrjZkjVddg3sDOQCFvm4GPCLSjsAFkJb7vshGmzWYV3uwG5e1FoG7XO1uLdsZ+WTI50wfOrQbNGgtMHlrWfLA0cnncq3vtMRAKHA/2cHcfixsCVOqYW59uut49j3cgSrDon6iNlTdq7YWsWSvQYSitY7/lsBAkU9FuPJfCLNownkuuBQtjzybM6/8fd/DEN0SMDhQT/sTbQfXDjggSLwrb2dP5LBf7laPXNEVUvQdmwebUkg1c188zpHRp05hFpifAuFE7Fs1+SuhkhkwGTo+vw==]]></Encrypt>
</xml>


2016-01-09 14:50:59 debug :
------------
String:
account-ticket<xml>
    <AppId><![CDATA[wxe5b18b9bd7e3626b]]></AppId>
    <Encrypt><![CDATA[RoaRhZdWNOMm7bK8R7efEzbyQU1unDTdcoFAZChNVRV48qPy+n/XPKaWEQjMz3eVyrhIf4SZE4sYXGh4E8hG3mW8TFvCgUmfg/QG5OhhPGzuop5KNnD+aIcY27kfA5kBMoYNyxZv/riZcCbLIOAb6E3Lgy1DFplB8lTxjZ0Uvus29ed+tbqddVXeuXAk1bERYDBvCmPCJx1OqmsKfoQbO5pZ78baFHPLyATOEgV3AjR+4eb47Iqdik/b9kBM2Ui9mQnfq85YldCXbYFDzPJY9sIu8f/9LIeHLdtRjiUOouAkx6niSvX3CwjymqDlpB1akIVChdBvMR9HO2/GhEkaZfnHMfe/CDdWsvSzyKMXoN5Qi0UscSPDb7aVFt8RjIj8vw82kCohzRtYEfNh0hZpZp1qjZQPuPSf6P00GQfkXwkzDGkWGXCDG9rYoA4bp4vCCgUYdnxr1wtk2dqpzNd1iA==]]></Encrypt>
</xml>


2016-01-09 15:00:56 debug :
------------
String:
account-ticket<xml>
    <AppId><![CDATA[wxe5b18b9bd7e3626b]]></AppId>
    <Encrypt><![CDATA[6QHnKvKLZkLj0FkERi5RM8VEs5SESnN6eaBa6psOX/1tHgr0S1jxxH7CWLiHFijhOdy7DeYeL76V1DGHnE6cldGYrG0Tki8y3UJxLqeNEM9Eh+IOe3EcFbzpKj0nIwNiJPvpMWnYD1zQKKivfEkFj/aSWOqWQv69n14DCW5+vU1jDNPAudCtqXltb9lknHq10f/0Gb+pQK778Q39O6CT87GFLQsbdlYKGS2KxeemO0xeJbN8xbMhbAqLDBXDfBprBuWbehUGxINa71zfZ9PWx3iqQTYgn2X8Cz3eUaI5PPQbn+1J/ZEdCWfqIX35jGRCPZ0wWHk3ylFgQHHjekNkHXKK7elUD+cUPwX44z6u4rX1cwezstu06cx5GosLCJiy/WujK0GZpUTdQb3fY1pZ7EXLUA+2/Afp/zbp2MLvJw8WuLtsasIoXl6g/p9lt1vt6hiS3t9VVhMqkeFHx3Axmw==]]></Encrypt>
</xml>


2016-01-09 15:10:55 debug :
------------
String:
account-ticket<xml>
    <AppId><![CDATA[wxe5b18b9bd7e3626b]]></AppId>
    <Encrypt><![CDATA[18VqvaT1faQ+lCjzDQibZnveM+cotWzcZIR+j9PLvpAwCUCOCNBj7UtV8jw1WfbYSMlFKTY87TY9J4S8/cUKIat74PfUyNOQJLJG3vpFJROlBX3vp21n00IQ6HcWhi0geZQ/Ucjz8sF0vb+hlvGwz6lVaVlMMHSUDOqQkHFCcAiKBV9U2+vwvH1AiORh4zTbMg99woXbItmgSaXTuJrYJv/3LMpqHfmrlaxNfeeUPy6k3qbV5LeJrA6hTqjdUoRdj57RyCqFjhvdTxkjcw2c4qQlT2J2Jz5cLlU0s6PV+WoU43WEvOU9xnNjDjtGzisHw4elhcHQJL3ec64LST67G0nazr8QmJDnS1hGVUQgjGhUJL9lS+pHVKWt+dhG8O61nlVYSZX+wgXjx8ujtZMc8AHt9hRj9nknwjuQSYQIkv1uo0RZDR+inx4EZFVwPQbseyE+17u4kKw9Dhj9D8aV2w==]]></Encrypt>
</xml>


2016-01-09 15:20:56 debug :
------------
String:
account-ticket<xml>
    <AppId><![CDATA[wxe5b18b9bd7e3626b]]></AppId>
    <Encrypt><![CDATA[ErSSN4whe2tVIfJBvk6KMHnCyV1tlb9NfPtXmeHOYta1AU0lyk3cSEMXqzjzH1mYXjibJJIHSHMXdBnogudeM+zlmo5X1D/NXGnGnASzDU7ozweqBm/+r5Se/qpD3ZT/RfMa3vif5dU8iUViibx7JO8KIKWb/+p85XZwZR2rMi5NPUQ8+b/tBY76IBgEq2GNDrdewOmSMXG2mu+3ZCG+z8U+EBlThLQ7LK8+jtep/PGjQ604KdDKbMqKUwHffVfmg/Ep95/EuNdj4ajFyKq05HxEF4eTHBRA/EiE2NpLP7BnZZkjnxgLd6w1Ay/Nz+PvpWR3oqooJ4WmH5Xwj2tHKzbnHzYk/EgDrzd5DuX4lmIftrJ3Gqu9aZWHAML4/UViaNBfe0dPP+X78ozKXmBhAXdcUk/5tocZS7/CLMkP7SuXZvc6rmsP6VJCVLNs1Z6v4Dazes37k4qZxE2WofP2ug==]]></Encrypt>
</xml>


2016-01-09 15:30:55 debug :
------------
String:
account-ticket<xml>
    <AppId><![CDATA[wxe5b18b9bd7e3626b]]></AppId>
    <Encrypt><![CDATA[fb8Oz1gocsVskTZikXWZ6lriNtiU5HzOwuiEXTQMSbOeCFpZzrtat/56O8qG9wiS7Ac050azmU6KV8iSc196JKFUGITOVMO3QaWKvt/D5YVSpRJdxvSoM+adUp+2oW2M/w9ovziYWeiFuzuMrrXF8I82+4Ui1YA/qdS5ihAxEZx4JNAUlSPTFSKJy3AKy6gb9bTdZ4/+7/ANfb0+A7v7wHGOxKNy17zX1cCMaXon+zdnDR+aFZ4U3fIC/D3ncf/CAJ86AIefGFk78KG7nR4NYOKUxdhCPnmjo0aMv6+Tt4G8bhnQ3loO7k5Zv8CSt6NB9wYln0duYb5Evrm4x5YW81ZPxViHnSn8hJEQRjm3klbTYsCOMgKZ+A5o4y1pjFKGfN5BH6J8xwlfFTaEatlmqlRLHvgR6P14lo8Qx3Wg6thk8d7utsEfNEYQfgRmgYQOmmpLnrQaOYhIZf09Av0yDQ==]]></Encrypt>
</xml>


2016-01-09 15:40:55 debug :
------------
String:
account-ticket<xml>
    <AppId><![CDATA[wxe5b18b9bd7e3626b]]></AppId>
    <Encrypt><![CDATA[TdjqzTB1B6ecmuTVxP9ipfFipBF0ChxdB3X8sQ21oy5L0H/QhOFDVj7UnUhLC18rCsCnw/aCM8WxchZhXsIB1tXuM9F3qWKw4pqJadKLJ+yN73mZUNlF25idEhmkvaKTOs+BtFeJrUEmrnJnVF1xJnJlZb9xV/iTd3PhPnfJRpLAJNlxknmKdhp6Oe8k+fgAOhBDlkdAliNCcFNxB+5yeT9reJzvs3uX28ToFddHwSFmFXt0YQ0FAXwoBSUn8Dgmyxh7JsH/N0miI4WnxCsFTgoV+c3lAtYOLQCFp0jOVu7Se+mCdHxDSEDnDrgT6wvWAu4yljZlsmeel5cV3NfWifOYXHECzUtA5ij7sCHShnllj3wML/ZZfseLV9DHsjCyk5+QiG4Ozi4i5eKxZg1k3c9Fp5CnNKlJJx0hkXbdgq8jXdE0eHn4G71jcpdVWcyarPLM/Imjz5j591cJ97RtuA==]]></Encrypt>
</xml>


2016-01-09 15:50:55 debug :
------------
String:
account-ticket<xml>
    <AppId><![CDATA[wxe5b18b9bd7e3626b]]></AppId>
    <Encrypt><![CDATA[Y9zS3+29Kvdk6plbgkvps7Z4pplw07jZeiL8d+Gg6aVPAdY5jxe0zxUdgCPG5ewgUCqKo8Sb2/P8cWUHzKfLJt+p5CRFrIoTTXG0NYOVi+HzpmMB4TbB+CE4nqiEh6unehXtiqrpIwV6rRWaSBgjaX/Vq9ggK5+edg9Du+kfhF3IOImbjfQjKmLlYB7xSYlYXZ55CqgmkayDAK/gcpKFebSkhFfXCqLrxa8GDw/h/Df6FxA3vxl98Lg165DsgcH1xUqRxY0ZEMGoC/ODm4lbrxSinNBsJdMvijUv8Yg7c24MtEWn9g+G5UvVRjYEC56U9Ukg/zQCaPXvi2CU3TD2jqrBhyOndfEFzRp67bIS7UJ9LsRcF80c98GNJZcnoJeX7gvE/tYnYtjRf5r3SP8HhTFpmNGFVYMPbUbFvCXXibshoMitttY7BhJCMpGtoeezOgL91tF6DVq7JCx6XXhDww==]]></Encrypt>
</xml>


2016-01-09 16:00:56 debug :
------------
String:
account-ticket<xml>
    <AppId><![CDATA[wxe5b18b9bd7e3626b]]></AppId>
    <Encrypt><![CDATA[Qcn4pZ1F/LSAEZJ49vx1ozSiIuuM4TnTFE5SOT/Gly1qe0Qjoy6K90VfEUcJ35uJlRYosg7c7Dr+Ti8qRjM1abc/QqCtfNPleJ1LgxcJO1vUKiLG8sR5sDwj096FSX8kYEWi97kvjIwZg5DeygUpK8gJsgiKl+/dLPp90QbBnu3YqdiUYU85oH5xThCc+8any87f0jqHGTfQsEw5Dc9IfDa46gIkl9CrdR03saMMTbiP+s3jYQNUWLtRDJYm0Fft1plP7qDhjDkSOIYp2b+0uMBIMX2Gn77M3FJbh7N9bbCHIuiCmoslHIb4nrNkVn92IzK8iFveXHowyBrSSEc1kloAiRlHGV3MINJ5U4hBbKFi/xgSBHXRwACaK/QYdlzWZn2HYu6FRxg3D3tvV81In0AevLn3IfyMHYkOgLHXRoZiWMQxBfZLBmsAJsRCkq9GcFziS7LoPfXhRVcbYzzV5A==]]></Encrypt>
</xml>


2016-01-09 16:03:42 trace :
------------
Array:
from : o49xAwo7O506eZiudXTBDpDUqKI0 ;
to : gh_8a5f70a28b90 ;
time : 1452326630 ;
type : event ;
event : VIEW ;
tousername : gh_8a5f70a28b90 ;
fromusername : o49xAwo7O506eZiudXTBDpDUqKI0 ;
createtime : 1452326630 ;
msgtype : event ;
eventkey : http://front.lewaimai.com/index.php?r=lewaimaishow/lewaimaigod&adminId=28555&shopId=80400 ;
menuid : 401201303 ;

2016-01-09 16:03:42 params :
------------
Array:
rule : -2 ;
module :  ;
message : Array ;

2016-01-09 16:03:42 response :
------------

2016-01-09 16:10:56 debug :
------------
String:
account-ticket<xml>
    <AppId><![CDATA[wxe5b18b9bd7e3626b]]></AppId>
    <Encrypt><![CDATA[LnBrcj4tspZ/N4F97x0J96uk0QLgPoCbtyvs9CMOV1pa+BDbJOv60Zh36srxCsXS/oCmXciNmOwcpHetxHbmYUJD00vUwQVU02Aoj3rUAANYF/64Vi68kq5GzywlOBy9RIddYfM2k/94/Cfv6O8jKjaefqO0EqUCGYoBj24fiwFEAP8BgI3+rQHQmontfJpgenuVS9H3wrYBH/ZuygiT9cUMURG427TaUWXc2WAeyEYeAoVm77WI8PSJd3Bix6s6MfVN5UlidDjl7qKi7nHkhCXusFiq4/s61GjAOyuOP35XpHwDN9dmpty8xnSG6lhfdUXM4BAaQPFBwvWPUUQboNRaRHbM8maS66y364iL5Qc+RJNYZeyKgdTOGnFBvss/9zuxytaTNLswUlMqKj+Zom/l6BMReF+UaHg+zNf5fr79UdcyBBVUfHw8sJy5IA0fq3UOcYf1Ow89g5gKj6mJJA==]]></Encrypt>
</xml>


2016-01-09 16:20:56 debug :
------------
String:
account-ticket<xml>
    <AppId><![CDATA[wxe5b18b9bd7e3626b]]></AppId>
    <Encrypt><![CDATA[l/V5wS6TqJMiiIa3iVSbToilQv45H7v6pzALKCKt2/SxVNboim+cIs83hVOKAXmZQkxReVgoxpC1Ydjf9hKjdDFKWXO8GTU1gMebFdZ6vRQxM2Gy5lzZ8XqmjNhrX1Q2Xg11ti8QiRR+xGbDhIsNb78a+EmUGQ3Sp1rhBDva3+nnXUpKT4nSxRuxwfelUIBrPSnOXfml+1alW8cVcxY8WGXgnqPCCyd4BjkKYCz/AvFVQd50+z+zYR5pTK5/nCQlonQdYbsdHLtZXDFx3eGrq8ARsA6GYAQOFsEtGZGu+T4r3Sdl+Q22QPvYOJ/Rr+xM/azDKniJDg3X6fZ/Jc2dV7RYnvzvnDZyhcC31iDQ8Bf8rWJHCH+qbJC4VIfOV/Mh7lbbQ8hjULj9hTW3ntlyfTdyKeMIZK/01KSIM5KReS/uTJmA6MSEd5wNBmkU1fuS8rVWnvSe0RtF2D3C7eniaQ==]]></Encrypt>
</xml>


2016-01-09 16:30:56 debug :
------------
String:
account-ticket<xml>
    <AppId><![CDATA[wxe5b18b9bd7e3626b]]></AppId>
    <Encrypt><![CDATA[vcDR+1XB2snuRDjsP8znseLn93+L/6cXMtkGPNOwkf+Ic7o7war5hUfImd0htzi4mSKLQCUE6XW9HyGprJ/uJDKZ8Mp5iysfkR70cjYrjSM8i6QZHUXsBqwtbYbsMRzh3+CWiGVds4dUqwKQfQ086SxgUIbIZszjMsAG+LpbDtQ3B/wiT0mBxPiQ5jtUe26w+aBRxF4xHvQUWFpY/pV5RcC4Cp9y/41zE8xLXrEVCQMaiEl6aAvEtKiIlByTQr1n/UOP4xhmEXU1inBsgzNmI7hhcpDmyjdAztOFthtxo6st5Eq4JOOI7hXxXwN0NLYLS4GaI0mEJbC2DLmGG0XaPy2eFq8gcoqmAlYjiE42HwiR+qUZnZoGaLXW9x/79N9jxl36aExsdg8Fg/SAaZHD1HMDjHcT/+NBk4zQ8z/jUC6/mnMbHTRr8tcmSec6PKKBDkENivy22Ud0J8QfVEu/3Q==]]></Encrypt>
</xml>


2016-01-09 16:40:55 debug :
------------
String:
account-ticket<xml>
    <AppId><![CDATA[wxe5b18b9bd7e3626b]]></AppId>
    <Encrypt><![CDATA[auCr6hOhQgW7qk/PL/q4nkmxEqjDmANrrHzEMJ0mZPtHJ6NKAi6QyFHQqvq0+B0p8s/Y172DpreB4a9afSmvtCVoAqE1DASqLffIkTq7wS+tmPqSklx0bxzSOO0ne3T4H0a4IUeset8q7v5DAopdSY/EucQV4mlw3yn7M2UVnVsJvkZQASbIvo2stRjk7vp7HlH9yBG9dgLqql5Jd5xLHrLmiW8Wi1MfLJ667K7MFPlg7gz6BOQ2jTFmjiboy39VsbtswLDckmqOuseiujDIzZMlppHP0SNBhMFV26UL+K8VR4eF9qd7v7LuGKGqqAzfD2qmf+fDQ/PKdEFAtHsGlEw6wmjCAIUCi7dIGLy17HbcZIgkF1vH3f5assjRfAtPO87bFpzYaT4gW4lThnkuOtca9nS4l/Ukyyws8AoSxLZ7aU5+4pvq8d/NnUj7wdkiXIED6Vyiby94Cd1akNc3qg==]]></Encrypt>
</xml>


2016-01-09 16:50:59 debug :
------------
String:
account-ticket<xml>
    <AppId><![CDATA[wxe5b18b9bd7e3626b]]></AppId>
    <Encrypt><![CDATA[NYtZDOhxs+u//8zUIvNjTH7/uWEeP+URG2+kEH0hUQmSS5vk5bn6wi7tDVVRvZHmogWrnQyaoSyUAEIjmUXdJm1G/QpWeKs83Y1otww1hqxVsAXfrkTt4JFyLOdS5ONvRe8iJ21Og9xTq/GoPEZrw9IxdGqo8YRhK1koeC8GfxWMDZQ8ErQswlevDsePzHDDAtTemF5aZ2BCaEqLZsgm/7gFgMamHEbd14fnX/Tr2ELrnvnv3vwJXfrYtLEfka+blBLNtyKfL0eh/PHEplg6m+9nT+iCnW7AfK1Q2qzooHZ9NxXQiD0g/xMJ+vBWQGMBj9B6rwvvW0DIw6tNwkPR1r3cppwDAFLEtOatEdJ2UNpyOpJattvls2Zj3YSY32Bwq0+4n2lG5G5LPgtgwcVLJrh9q4UKpyRH+ixI+RtQ4qMm5H1MbqFe/jwfCh8SSip1nJorsn+9Buxq43vNgQEQdQ==]]></Encrypt>
</xml>


2016-01-09 17:00:59 debug :
------------
String:
account-ticket<xml>
    <AppId><![CDATA[wxe5b18b9bd7e3626b]]></AppId>
    <Encrypt><![CDATA[I3mwbjxbSy+PI1zng4ktSyXsXRcb6gKx+sM50taFMYKwCk8Imde8i6NaVWaqfLJsM3a33wk9Tgk8zcbgynmvaVu3NyAEO/mlCHI5yda+BpDa30LAExK7ibTgnVzGG8yaiPRbGwNyNiMwXwk82HN8Meo17XQSLVvRPcMWfERfkuy1NBBQjfIy4ezMdroEfG/0fIo069U/H51ZX0F+BrXitPY8UBuSdmMxaNSeAtk9VcNsTQANDNyRK1sKc1m35hS3KZ1RIxs2uckEg8iXXXw/T8RbctsXz3/WUqNFsbCV4hnK57QbHRpoQODbdyjpLyBWZICwKrlOE67DMdzORsNJrAEyDJ3SQ6FvfXUDK3ou0EV0Y9hmgeAH4nbHI7xWqbHKpvIPZPxCjbTzhc1E2ykJLuXWprcmc4zL33umDTT64JO99fbM8vXCOZ9cYd8eLGoDMIOUGj4syQr5m1rzFruE0A==]]></Encrypt>
</xml>


2016-01-09 17:10:56 debug :
------------
String:
account-ticket<xml>
    <AppId><![CDATA[wxe5b18b9bd7e3626b]]></AppId>
    <Encrypt><![CDATA[zrJpTk/z5JkytoacRQFKqnQJul3sOFonDGjEjqShpaPpGV5mDcF4qcUUlM597t7XVHJ8CcnWsLQNlYyb7lktcIbcBBmjQyXaVNhiOEIrT+R1QY0Ykbx49j9eQZ2Op14dcMwbmkeYNsLMtaTfXJQYis5plJ0mDQaY2BFQQvjbHSMSJqMILIP0SR7ZIixe2mitOakN7u6+mfwKV1MGnWvuZk8tE0Dws6LT1jLS8zMgLNmc0r5AWcfioWhdezUbwIkJIaYlwbsALgaavQycOWQ1wIkwAyj5BLGQc4SVvrdw3FxVVPGwi+RGsV887VaKImAKSbteyKCluK9huRMpBYU6mOuniadtmQIj5lYcVZblbXz1a6Nxi1DkS23A3RdxNIoN/CuLgOQ1W/ozoL/UAM2oPSPVbhDQcPHl5PUuzeSUhehrjVU7KVhzYWzWPqfprg3zagYNhchv0sI1cVutXGCdKA==]]></Encrypt>
</xml>


2016-01-09 17:20:57 debug :
------------
String:
account-ticket<xml>
    <AppId><![CDATA[wxe5b18b9bd7e3626b]]></AppId>
    <Encrypt><![CDATA[frbinCydduMWP5SFuZJtWmqLkEjtDzRbkXlXygRHNrIjffL24N0EcvaCwllZCyAAAJIUEy8HHuOPN8OeuMD9+y+cnPbqpFwk3YyeEtS5zmdybfCeH7IfkQfP6s7/LQnv2g4O3UBkN7pfXmaAdp4LEgpNAN4Xr9ftbW/tQFixt+yfgq34OWjEwfXncpT8CSsl6ni9RyQdpP26V4QoSbkBUTyjc3YmXEuV2hwITUPiSd3jOc+VL6LinOKXUPym8OgAjdkGgWFlArvflZ+I2eRIx2bQZyNX3+U/WOYpnGZtrc/4F2Eyb1ecFyxfMDCjdLi5vp1EaV4vJIQYgM68zIDmSQXYIXW+fWcWYuVpbdvQ3WHBTnnjcLFpnOBIudbNJKRhy5cvoEvr4eMeSHpTwRXNafJn4uMLn4jMQp4lvNORHrdQyZF/axXXTuCn/U2k5uMiAkBcO8G0ppOoVCQA4DrWZQ==]]></Encrypt>
</xml>


2016-01-09 17:30:56 debug :
------------
String:
account-ticket<xml>
    <AppId><![CDATA[wxe5b18b9bd7e3626b]]></AppId>
    <Encrypt><![CDATA[HmyzBmQn+JpaZEr3bYymBmPPx7JAbt8ZTYhWuG+YY7o6h8hioxHRob+AsnDzeeiTCowZfxcnbOaqzFY4jJqM/HpUPg1zoxi7G2axjNRns3QnIxu+w+IFAlkoIQZL1/3BAAiO4SeTJ3hBoVAoPoEmNquKXkHtYIhN3A8Z0ZCwiUOvt9EV1iyimvW9LYsdD+MkNpKcRk3OtKc1EwCyUXpMatEWjtVZFahkZZsNadJ0N6DJ7iq+f++zQ2+4lPBToge0kQMVwGyJ3XLAQs9SmHln3GYz2P/L7JJw/qiussvU+4CwfUNOO2uxpSGk1Q0x9aBFLxmHB/hKRM1E7Ze5T7ThuJMTRw7P1jbHq04Bxl8Xp3PJ41OSRto/yE43h1vuGPSAuigpIyqPE/UQCM1yjXAUu+cvXTfQHfnTitBycW2Ip3F96pbM3Eh0lRMoFABWzi0QT9Cbd0rh+f0JwOJVsU1GXQ==]]></Encrypt>
</xml>


2016-01-09 17:40:54 debug :
------------
String:
account-ticket<xml>
    <AppId><![CDATA[wxe5b18b9bd7e3626b]]></AppId>
    <Encrypt><![CDATA[JZSz6oI5jfPqzoaQqDI1dt5TKYfwbch6piUDoZ+XQ0RJPiuynO9ny/jy+Bj6nqBtDUekY9N3riSJBDqvmZ35A6lPQ+r2m9+gDrTBEiLkCbP0s0Rs0xgIjIoC6j0vo/hGkArXGN1KoZvw87wAbz9b31TlXVDhX60ZbWP62YZrob2k8GSSknBg+7EQuRUVQ1oMmlaqABUqiHxScP7dlkYsFAkoIxm9c+GSYcQeoICw4aZatlc6GqVVwQFOp+dcVgRnUGR0DX0DTia067pNhrnNT0XgjcTz7n2s7PsoTe+/ajKtrqTupcovE7zoNwoaGUfCYB2TAf0+zFfF1wYxS+Hl4tMidNzPh5vRNtnXjHLc/Rr6M4UmsJQ2r0+ekW1FMWamuOz0qB+4syCrvLSkH4RrcjqWlRL5Dribyw0SSk9SMzyRda+ioAffnkxFYeuxa63E6Hu0klkHz/dNNpBfmZwrZA==]]></Encrypt>
</xml>


2016-01-09 17:50:58 debug :
------------
String:
account-ticket<xml>
    <AppId><![CDATA[wxe5b18b9bd7e3626b]]></AppId>
    <Encrypt><![CDATA[+tIiTx71qY9V1ww8Zv/rF07uuQVOEQHIfY+B+hzO8VbVcLmBn/8iQJrNv1qxWg2uaqwZFkHWcOQd0GsDbvf1kxf1msahRDQhujjYklMS9Y2PL72IPLaKb6iwy/+b3Jwl3ero97lFFG5Oj+7p/i9nShs90nNbQbGcNCrNsyefEApSCPFhA9j9OuEEB0ZGgDO98b3vV5NBg6bUqCPNxv/019bRvNgRPJ8UfC5lKnM1K5/3aBNQxeWTZxpRbiTin3qCWoK8QWtKb6YhGHFhd2EG5DXOjJCgVZLWAB+O8BQxawohfKm0NPoU8Y1K/YWnkBiAmReTa43sAzL0yZUwhHSn58nfUNLc58WGVpKDehid6GMUXYcaVNHKmKn7YSWFDIuZev9taKd4U6Kc+A+5JaWqXGYjVVSl8UlIF0UeA6v+q3rjSRvYfve7gol2GAsc4oz9N9Avo+GENNEcah5AEkKB5Q==]]></Encrypt>
</xml>


2016-01-09 18:00:57 debug :
------------
String:
account-ticket<xml>
    <AppId><![CDATA[wxe5b18b9bd7e3626b]]></AppId>
    <Encrypt><![CDATA[hbCPFoxPdw42RJM3f5Q7CKRGLj73oXZT4F1AiI6xtI1YkrljuEaFQgAAqP2q+fVCiGB+6S/qR9n6ov3y8WGJNkWMhg4GKo7suWihstcgRcco1xVP8+gMyAw7aV8eiLnWFxYlyZd++TJRhGfB2ApSKZJvW7EcFh4VSJwRnQXEooyHmnWOnOVNe6sKD83nmwxmSv89R1muEXxnKmWbiKZKLvr2/RMPuYiCGcrrZuK2GiIM1a0C2epVvBvbnqX6LX0QcIutGBB9etNL2/oxE9ixZkUz38naTSwS4EiAvgADizL5fVMdwZJukuvxrgslOTCGEnZQRa54BzvCQ3rRW4S4Mq4dmdEYjv0vZUpTckyYWIonFqLu/LqEiVwP8CL0CN6o0gKLqhAu2DyMDk7izrB7XNQAnO5UuDhQVRiAFVxxbYf0NCXs18FdtFDJCOe9kJzy9mdok5alyyFQBEy7+aYiow==]]></Encrypt>
</xml>


2016-01-09 18:10:55 debug :
------------
String:
account-ticket<xml>
    <AppId><![CDATA[wxe5b18b9bd7e3626b]]></AppId>
    <Encrypt><![CDATA[obDl9q3SEZQuvGcSPACywBC8HA44dBl+51jHF/XQuQmXmHIc+04zrIuICfiVUTiIc5Ed7ngYv4C69J4ET8xDAmDjlT0vI7Y5oJk8Pvvi24lQhmxyxCgZ3ftO4jIU4ngp6Ibz/UrSb9ZtLW5vSUYoVL8eS1JngcqrM68fj0LFnzXuv7mwHmCsBwtRsxt1VeDjJhcbeUv33UWar8Oc6UxWVEEXD38fC6Ryn6Xn9wUHmlEgxcOEGgDZU6erxH8r88/QG+XVr9hGTijqnrrlwOmXzwLxa4V6p+uZ3yMe449wV130zVWFcO5IjYRsUKtMGhEQODnOBQrdUZmNCBzPbg1JYypZ8cORAbZEDUV1v6PR3TtvIB56iyPQFn67/BjrlU2pn0kZY+vl6YqaSDJ4psut0hwAwvDJFr9KEFFFMdtLjEDK9VBnDtzOI9AvVGajQuC52UWStM5Wy2BopGDXpMDUjw==]]></Encrypt>
</xml>


2016-01-09 18:20:55 debug :
------------
String:
account-ticket<xml>
    <AppId><![CDATA[wxe5b18b9bd7e3626b]]></AppId>
    <Encrypt><![CDATA[wO9eVij3FmK7KbZjlJl7KRNl74i9UOE4p4s0Mdwdsm9jtw/nsPpEpK3OQj8SzxrJfxZDfYEJ99sny3NZEqBevVnZFmvpXSKm5RbCIKDMv2YpPlwZSQDA8vmGTIU4EpnMRlCiEIG1mAn+uDWJzOFxcd9hAh3e+ZDcYPCJT4ndGaY4HPW3ZJw5B0ZdR4OOoQYf3huAb3M4WEZERIR7dpOUVKvZY9R79pB7lxHkUe5VY91f/9jzLfPsYK0RfqHszyxN8bj28tHB4t8gt81BOBTV/mgOncPunkUNh0f4zs0wwOhzPfWnE+stPW9TsMC6Y0wf1/SjAy1m2SN/RJnV5OCHKU2lypkireKUkZlOvmfUbH7QNmLxOkLkI0SWK1KuKsOy/j9KEZA2oDUOdn+wq68vfvZva/mOwHddZFdl55q0kWwlF5G376R53CECalWiO1IgkGtGt/DqzeiluAtUeENWJA==]]></Encrypt>
</xml>


2016-01-09 18:30:56 debug :
------------
String:
account-ticket<xml>
    <AppId><![CDATA[wxe5b18b9bd7e3626b]]></AppId>
    <Encrypt><![CDATA[aZi9t5eqxL3HJSJXoDEKerGPfcikWme5eOJrHr8PJrHUAajEPm0CZz6vNCocBYau+3c5q43AEOMOe+3KnHfcP4/g/LwFWqsrVhF/bJoc+9Viuof92Lg/yYZQ+veWWFEJZoqJ94Fz0bhul84fMqopHfRJxxP4lvQUzWDS/07Ymjs0lP7MY8zgChWHslcEAX7q3hVLBeBRbZ30vKZLm8HEot4G4MLMQrE34vxodVoZ0vttiiSa3lZLl+b0mvX0/l2x/EayHArCvGDHIg8g9ied0zQL/q2oFzCpq2jJHRL+KbpOOAm7No0G4D9qmr4cPUhT4eb8IVLXxWgFYX/CyCMw5yLQ25ujjN4f9WsbTQhsjQh8Oy+qJ2KGsnffmdpq4ZlP53Paroinhyz03glSgkAZG4akrF+QZU8YgXnAavnFtjTqPT9l/hHr5ivBVdJD+ZjDufxTHxLRdocOulLM8GywOg==]]></Encrypt>
</xml>


2016-01-09 18:40:58 debug :
------------
String:
account-ticket<xml>
    <AppId><![CDATA[wxe5b18b9bd7e3626b]]></AppId>
    <Encrypt><![CDATA[uo5tM6EqZ/4OEJlMi/niA3fRutRZaFl2u1Etea+1XE4pA1a0YiuDKietj1Ho/Z6eal4Y8Am6Nsfsn44ZG3PWRZR8jJUaX2Vd/FAhJg7qWJbGRQtBsen7o0iesuubBDMKaZ1BEptwkOHOJVBJ+/GI6Fu6j0DKFT1F4XfHzMbXZKIv5KPbNjUYvR4rt0zAr0BYtd3vEk/lfGyWhTi/ZO9+pODoPQsi/Kqtib7va4H3YiL6Jk7+bkmPs4cYGihwzx8dxcBSuuOZJU77ayhxRSFpDe/rXJ72pSgczIsHcgjcx+KWAGEJbHwYTZUHjH94GBN51j9MG0MRDOWKkXwRumZpnW49IxxTCBkT9QRPHqrsgKGq8J6czIaCtulU8cN0HVqKNuA3RGjZlLAVUUTx4ObOTxI3nsXA1psMyftnBV/VszlQBYtWSz3Hn2XJCLRAFk523OFW3PK4wBEDrqHeTADp2A==]]></Encrypt>
</xml>


2016-01-09 18:50:56 debug :
------------
String:
account-ticket<xml>
    <AppId><![CDATA[wxe5b18b9bd7e3626b]]></AppId>
    <Encrypt><![CDATA[nsdCQdf9iNltBiKGrQSoVwzpUJnt6JzNIHk2AgVi4F+7JPlMfSM74sSElJ4v83NlZM6jLfuB3SgzUXEnXBeChB4QXQk/4/+5Vxh4LcPMhTRxJylyg/NU8PCaX740MIGmWSLUEXZDyNDykOwYijo+b5YQE2RSeSGdDUi/GY/QJuR20zSuaPX8YLf2HiGmNSnEuCxXP6eBhLPjQFNt6m9nH130SZHXrTOKE97oBYlCKUr78yjcZnOYQke3bHmrbYm15GqbWTvLUrqoq5IlV6BW6T3DO4so1kAjUBU/SDQgbq4+exyjyXsGl1mpdcFSUW0A4jUL60UridCxJvn4GGX39137yfF9LMlBlYwvdgd2x0j/5yp1QSRjKO3excJGJm45KU7WOmt1gav8IbjdH2UK6dlitdHHZMBDiy1gmLt8GNNzzbcyh7RjWonarfrHLa7itJoy+1IrXKBKRiGzaj+g4g==]]></Encrypt>
</xml>


2016-01-09 19:00:58 debug :
------------
String:
account-ticket<xml>
    <AppId><![CDATA[wxe5b18b9bd7e3626b]]></AppId>
    <Encrypt><![CDATA[zafjAguZ1Gizi5V7DMGEATpzkhRsOS2ZT/9GsIBxk6Mmv1pqi+se5U5gfGw3SzWCL723rDfceEQ/3ddTJqwAxRp07GtoAxulI8yUUfTKuxPRFiVtEpGsaxACECmC2DJvYR5AbjhiO+S9U3Ixgewuw0EOoVvp5FOZ7pIYo1BAFe3Pdp5CZ3SgdcgPWFC0X8qWavZK/xlkAvj02/AjihMZCMrxvzPk/2b+UXS0n6xUy3x4EAjnMXp2Pb77hmeN0to1nqQiW0l6Ic51V0V0sA73KehlnMe2U96582aImb3qhE6LCxqRtmqNiUh2u3iD4MR4LFn/BFgLtv+hT+nn+p1jyIPSWrrZH18ifWkfAUsSYkRfTNbckwlb4pA6KAqO0QevW0hN2PDb4oYJxuEL2H2N35zifxoHK5xPcM7C5ImwuxyCHd0Vx55WmR/1KP1LBdc0CW29cUZhYrE158UkD/KwTw==]]></Encrypt>
</xml>


2016-01-09 19:10:56 debug :
------------
String:
account-ticket<xml>
    <AppId><![CDATA[wxe5b18b9bd7e3626b]]></AppId>
    <Encrypt><![CDATA[YkDTXSnwgGYJZ9EjarMGqzxDfBZC9WwrPdQYoApUnsmGlYTg0lPyV+Te1JzOJEsJq5HrS5J/jKMXQjcGvPYvfiSBHYfcHdeaex+kwYxpNaZwrTPebz6vk5JsUM/mqp2JhUz3zt5muhUNxQbgCWN9wT/9teBz9I9eehmXPDeDGeMPxtzzeoFkAknxOuaC6+7O1QQdre3glYu8DjlRyq2SuEc7zKgclzpgNaEeKT2Br12BTZ2Ly6ijk0V9yYZz8DawVQgYYzab0qo0RJY78iVnyLwi4I1EO32r0UoIeiTOSpRdzffcostcU8WUop3BMZLoWhTapND4dK53iUdSYRqm+HtUBa0/hJb6Oqj8Wb/FJ8OZVfba54+z95HhrfMeW8J4dNPmKAAN94a3ZNUAdePyY8Tnk6NWqa+4WT4h4qgW1hwyh3YWzkBJit66+16+qzrUlmuajjK/wPcE2FZTxen68A==]]></Encrypt>
</xml>


2016-01-09 19:11:37 trace :
------------
Array:
from : ov-0juHedy4OAFEQXc6GQSZs-47Y ;
to : gh_2c27a8e247f9 ;
time : 1452337905 ;
type : event ;
event : subscribe ;
tousername : gh_2c27a8e247f9 ;
fromusername : ov-0juHedy4OAFEQXc6GQSZs-47Y ;
createtime : 1452337905 ;
msgtype : event ;
eventkey : qrscene_8128 ;
ticket : gQFl8DoAAAAAAAAAASxodHRwOi8vd2VpeGluLnFxLmNvbS9xL0ZVTnV4UW5sSTZSYXNyNVBxRzk3AAIEjnQLVgMEAAAAAA== ;
scene : 8128 ;

2016-01-09 19:11:37 params :
------------
Array:
rule : -2 ;
module :  ;
message : Array ;

2016-01-09 19:11:37 response :
------------

2016-01-09 19:11:45 trace :
------------
Array:
from : ov-0juHedy4OAFEQXc6GQSZs-47Y ;
to : gh_2c27a8e247f9 ;
time : 1452337914 ;
type : trace ;
event : LOCATION ;
tousername : gh_2c27a8e247f9 ;
fromusername : ov-0juHedy4OAFEQXc6GQSZs-47Y ;
createtime : 1452337914 ;
msgtype : event ;
latitude : 30.472965 ;
longitude : 107.437141 ;
precision : 110.000000 ;
location_x : 30.472965 ;
location_y : 107.437141 ;

2016-01-09 19:11:45 params :
------------
Array:
message : Array ;
module : default ;
rule : -1 ;

2016-01-09 19:11:45 response :
------------
Array:
errno : -1 ;
message : Invaild value ;

2016-01-09 19:20:58 debug :
------------
String:
account-ticket<xml>
    <AppId><![CDATA[wxe5b18b9bd7e3626b]]></AppId>
    <Encrypt><![CDATA[ObJFWa+duSXDeHioF68a4awR3buqe2cc9tvkTjdncBUMpCv6xTL5UWv0Mpxc5W8sWHAvbltGdW3/74cAcjDUyqkC5Xvx0ir6wqRIaJKTKrW+Yb2xY8mNpCUm2A3+6F+MbtZcR4lQkxMqoDsKJblBOJTgkPUC1KCAFA14n52ngaXbtnzfG3MjMqSWx8XjToXUT7STQaT9dOPtWWWFX4Zv21e4le2MpXoOWyo8xjYVi0ILZxvNi9tvMJ9XPI76jfCQ1szai0RIxMqcHhLxPcqxeypSt4ac77vx5itdzMsfkbRXOAc0HauZdFETmp2UScCdcYDufd2F/kSA4HhZ29edrpLsIrB71Q6aDv08TNt7jWnstKMeL6KLFRDJcL7cUeLFTSTYWvg3o6NQOntYYQzP4PRa3u3I1QPDaustLBFGnnK3V5Aasc8q/3JJyrupEFqWIm7OCOoHtplDGjSsTXK6Tg==]]></Encrypt>
</xml>


2016-01-09 19:30:55 debug :
------------
String:
account-ticket<xml>
    <AppId><![CDATA[wxe5b18b9bd7e3626b]]></AppId>
    <Encrypt><![CDATA[R4Qd2MbtBYLTFb9g/jtmJd0vMMxKzHhjVJeRIf1azQlNS7tUZ2dGJnKoRXwHSRt/tDzSi6MPVLb+K+zJ7qNBuCyTk+3LOFLcZkR4JcFGzaHJxbE6WgO7MIt4pdixoRIWqNOa/b5KMkALIMjyRUOCY7SZLzn9BUPDzypFADa7zN5U/H1jtcc/6L7JVX8WXo6/e9MAXyEPHBDcUcgEnK7BLBzRPjCFY8FKZ70zBkTUrkLmZ+pYH8CBKLSvGlX0vq4srMba92GJ/c5O1RF9zFOdWF/Tpc1v3c9aJqmbiTuX2pXM3y/hRA/Y+u3OwT5j2Ed069sC86m8eTPvp0ciLSnaX/W+VHq3lcCrp6An6Yt+GaJruwe7zGaf9RXZFEJhFPc6ncr/V2hEkfd7h6OCAFpV/I20s0WcxUZXSnaedTUqGGhUiTv803uppfLttc3ErT2KDyPJrcr2K1g7wMaUl3zC6Q==]]></Encrypt>
</xml>


2016-01-09 19:40:56 debug :
------------
String:
account-ticket<xml>
    <AppId><![CDATA[wxe5b18b9bd7e3626b]]></AppId>
    <Encrypt><![CDATA[Vlt8Intf0IxbfjhoT8hgND/QIPdFE5ZQxGCJ9Q384U4wNNCTUzXk5YIPyCTx44lWz4xrS7jIeYmL8xBO8g5aF+ri01hNc7T+OSh9KGynlIwRNFgKeBAcGiEpMPEr6u8RL6SYaeCLaubi5Acoy+Noc1wMLe3ck5HOi4XKInZ7BssbPRjYuCQ8+7CgCeO3y1IF57vtdmyeUBM2s7N7qsQEm1EEWv/jcUgfnlN6do2BD7X10zWEByukMdELOyKMlWW2yh1lasAdGiXu4p0eWlWjam1Z8J6TZMLqLHYQicLao6PhbYFvQX745skNU1b7pNuvr8P0HHxJuxrRHH2C+CZlAu4pzdsecBvTTdQkcPCikg9Le7FKpH+Fkqq35LxCrqjB/37PV1yvs3QxPemAmh8+kyYS+n94/pq5VWvF80r1+5YpzOC4TAQrs7PwWOH5kBpdas0bMgPoAFLptsPMU5jm7A==]]></Encrypt>
</xml>


