2016-12-12 15:21:17 trace :
------------
Array:
from : oRPPWvsBRtXmIvvZuf6RMjnG-x5o ;
to : gh_b1f7fee0dba6 ;
time : 1481527277 ;
type : event ;
event : VIEW ;
tousername : gh_b1f7fee0dba6 ;
fromusername : oRPPWvsBRtXmIvvZuf6RMjnG-x5o ;
createtime : 1481527277 ;
msgtype : event ;
eventkey : http://a220.10vip10.cn/app/index.php?i=61&c=entry&eid=105 ;
menuid : 433679359 ;

2016-12-12 15:21:17 params :
------------
Array:
rule : -2 ;
module :  ;
message : Array ;

2016-12-12 15:21:17 response :
------------

2016-12-12 16:40:07 trace :
------------
Array:
from : oRPPWvhiE-I8_M_24k1_Vh_mEog4 ;
to : gh_b1f7fee0dba6 ;
time : 1481532007 ;
type : event ;
event : VIEW ;
tousername : gh_b1f7fee0dba6 ;
fromusername : oRPPWvhiE-I8_M_24k1_Vh_mEog4 ;
createtime : 1481532007 ;
msgtype : event ;
eventkey : http://a220.10vip10.cn/app/index.php?i=61&c=entry&eid=105 ;
menuid : 433679359 ;

2016-12-12 16:40:07 params :
------------
Array:
rule : -2 ;
module :  ;
message : Array ;

2016-12-12 16:40:07 response :
------------

2016-12-12 20:14:40 trace :
------------
Array:
from : oRPPWvh1x-OpYaBBdRRT9EvOYFnA ;
to : gh_b1f7fee0dba6 ;
time : 1481544880 ;
type : event ;
event : VIEW ;
tousername : gh_b1f7fee0dba6 ;
fromusername : oRPPWvh1x-OpYaBBdRRT9EvOYFnA ;
createtime : 1481544880 ;
msgtype : event ;
eventkey : http://a220.10vip10.cn/app/index.php?i=61&c=entry&eid=105 ;
menuid : 433679359 ;

2016-12-12 20:14:40 params :
------------
Array:
rule : -2 ;
module :  ;
message : Array ;

2016-12-12 20:14:40 response :
------------

2016-12-12 21:12:06 trace :
------------
Array:
from : oRPPWvvtfwabE96_k-IXGrv5pBu0 ;
to : gh_b1f7fee0dba6 ;
time : 1481548326 ;
type : event ;
event : VIEW ;
tousername : gh_b1f7fee0dba6 ;
fromusername : oRPPWvvtfwabE96_k-IXGrv5pBu0 ;
createtime : 1481548326 ;
msgtype : event ;
eventkey : http://a220.10vip10.cn/app/index.php?i=61&c=entry&eid=105 ;
menuid : 433679359 ;

2016-12-12 21:12:06 params :
------------
Array:
rule : -2 ;
module :  ;
message : Array ;

2016-12-12 21:12:06 response :
------------

2016-12-12 21:12:42 trace :
------------
Array:
from : oRPPWvvtfwabE96_k-IXGrv5pBu0 ;
to : gh_b1f7fee0dba6 ;
time : 1481548362 ;
type : event ;
event : VIEW ;
tousername : gh_b1f7fee0dba6 ;
fromusername : oRPPWvvtfwabE96_k-IXGrv5pBu0 ;
createtime : 1481548362 ;
msgtype : event ;
eventkey : http://a220.10vip10.cn/app/index.php?i=61&c=entry&eid=105 ;
menuid : 433679359 ;

2016-12-12 21:12:42 params :
------------
Array:
rule : -2 ;
module :  ;
message : Array ;

2016-12-12 21:12:42 response :
------------

