2016-04-04 09:54:03 trace :
------------
Array:
from : oywoswKEcl9RyQpGN5NWkSRAqiUs ;
to : gh_594b4a77030d ;
time : 1459734873 ;
type : event ;
event : subscribe ;
tousername : gh_594b4a77030d ;
fromusername : oywoswKEcl9RyQpGN5NWkSRAqiUs ;
createtime : 1459734873 ;
msgtype : event ;
eventkey :  ;

2016-04-04 09:54:03 params :
------------
Array:
rule : -2 ;
module :  ;
message : Array ;

2016-04-04 09:54:03 response :
------------

2016-04-04 09:54:09 trace :
------------
Array:
from : oywoswKEcl9RyQpGN5NWkSRAqiUs ;
to : gh_594b4a77030d ;
time : 1459734882 ;
type : trace ;
event : LOCATION ;
tousername : gh_594b4a77030d ;
fromusername : oywoswKEcl9RyQpGN5NWkSRAqiUs ;
createtime : 1459734882 ;
msgtype : event ;
latitude : 30.271206 ;
longitude : 120.155075 ;
precision : 40.000000 ;
location_x : 30.271206 ;
location_y : 120.155075 ;

2016-04-04 09:54:09 params :
------------
Array:
message : Array ;
module : default ;
rule : -1 ;

2016-04-04 09:54:09 response :
------------
Array:
errno : -1 ;
message : Invaild value ;

2016-04-04 09:55:01 trace :
------------
Array:
from : oywoswKEcl9RyQpGN5NWkSRAqiUs ;
to : gh_594b4a77030d ;
time : 1459734933 ;
type : trace ;
event : LOCATION ;
tousername : gh_594b4a77030d ;
fromusername : oywoswKEcl9RyQpGN5NWkSRAqiUs ;
createtime : 1459734933 ;
msgtype : event ;
latitude : 30.271206 ;
longitude : 120.155075 ;
precision : 40.000000 ;
location_x : 30.271206 ;
location_y : 120.155075 ;

2016-04-04 09:55:01 params :
------------
Array:
message : Array ;
module : default ;
rule : -1 ;

2016-04-04 09:55:01 response :
------------
Array:
errno : -1 ;
message : Invaild value ;

2016-04-04 15:31:13 trace :
------------
Array:
from : ov-0juFtjBsUQ_OVwwpfuG_rmGKk ;
to : gh_2c27a8e247f9 ;
time : 1459755105 ;
type : event ;
event : VIEW ;
tousername : gh_2c27a8e247f9 ;
fromusername : ov-0juFtjBsUQ_OVwwpfuG_rmGKk ;
createtime : 1459755105 ;
msgtype : event ;
eventkey : http:// ;
menuid : 402884334 ;

2016-04-04 15:31:13 params :
------------
Array:
rule : -2 ;
module :  ;
message : Array ;

2016-04-04 15:31:13 response :
------------

2016-04-04 15:31:19 trace :
------------
Array:
from : ov-0juFtjBsUQ_OVwwpfuG_rmGKk ;
to : gh_2c27a8e247f9 ;
time : 1459755111 ;
type : event ;
event : VIEW ;
tousername : gh_2c27a8e247f9 ;
fromusername : ov-0juFtjBsUQ_OVwwpfuG_rmGKk ;
createtime : 1459755111 ;
msgtype : event ;
eventkey : http://wsbf.915911.com/index.php?g=App&m=Index&a=index ;
menuid : 402884334 ;

2016-04-04 15:31:19 params :
------------
Array:
rule : -2 ;
module :  ;
message : Array ;

2016-04-04 15:31:19 response :
------------

2016-04-04 15:32:25 trace :
------------
Array:
from : ov-0juFtjBsUQ_OVwwpfuG_rmGKk ;
to : gh_2c27a8e247f9 ;
time : 1459755177 ;
type : event ;
event : subscribe ;
tousername : gh_2c27a8e247f9 ;
fromusername : ov-0juFtjBsUQ_OVwwpfuG_rmGKk ;
createtime : 1459755177 ;
msgtype : event ;
eventkey :  ;

2016-04-04 15:32:25 params :
------------
Array:
rule : -2 ;
module :  ;
message : Array ;

2016-04-04 15:32:25 response :
------------

2016-04-04 15:32:45 trace :
------------
Array:
from : ov-0juFtjBsUQ_OVwwpfuG_rmGKk ;
to : gh_2c27a8e247f9 ;
time : 1459755198 ;
type : event ;
event : CLICK ;
tousername : gh_2c27a8e247f9 ;
fromusername : ov-0juFtjBsUQ_OVwwpfuG_rmGKk ;
createtime : 1459755198 ;
msgtype : event ;
eventkey : erweima ;

2016-04-04 15:32:45 params :
------------
Array:
rule : -2 ;
module :  ;
message : Array ;

2016-04-04 15:32:45 response :
------------

2016-04-04 15:33:04 trace :
------------
Array:
from : ov-0juFtjBsUQ_OVwwpfuG_rmGKk ;
to : gh_2c27a8e247f9 ;
time : 1459755216 ;
type : event ;
event : subscribe ;
tousername : gh_2c27a8e247f9 ;
fromusername : ov-0juFtjBsUQ_OVwwpfuG_rmGKk ;
createtime : 1459755216 ;
msgtype : event ;
eventkey :  ;

2016-04-04 15:33:04 params :
------------
Array:
rule : -2 ;
module :  ;
message : Array ;

2016-04-04 15:33:04 response :
------------

2016-04-04 15:33:07 trace :
------------
Array:
from : ov-0juFtjBsUQ_OVwwpfuG_rmGKk ;
to : gh_2c27a8e247f9 ;
time : 1459755219 ;
type : event ;
event : VIEW ;
tousername : gh_2c27a8e247f9 ;
fromusername : ov-0juFtjBsUQ_OVwwpfuG_rmGKk ;
createtime : 1459755219 ;
msgtype : event ;
eventkey : http:// ;
menuid : 402884334 ;

2016-04-04 15:33:07 params :
------------
Array:
rule : -2 ;
module :  ;
message : Array ;

2016-04-04 15:33:07 response :
------------

2016-04-04 15:33:47 trace :
------------
Array:
from : ov-0juFtjBsUQ_OVwwpfuG_rmGKk ;
to : gh_2c27a8e247f9 ;
time : 1459755260 ;
type : event ;
event : VIEW ;
tousername : gh_2c27a8e247f9 ;
fromusername : ov-0juFtjBsUQ_OVwwpfuG_rmGKk ;
createtime : 1459755260 ;
msgtype : event ;
eventkey : http://we7.cc/app/index.php?i=59&c=home& ;
menuid : 403033311 ;

2016-04-04 15:33:47 params :
------------
Array:
rule : -2 ;
module :  ;
message : Array ;

2016-04-04 15:33:47 response :
------------

2016-04-04 15:33:57 trace :
------------
Array:
from : ov-0juFtjBsUQ_OVwwpfuG_rmGKk ;
to : gh_2c27a8e247f9 ;
time : 1459755269 ;
type : event ;
event : VIEW ;
tousername : gh_2c27a8e247f9 ;
fromusername : ov-0juFtjBsUQ_OVwwpfuG_rmGKk ;
createtime : 1459755269 ;
msgtype : event ;
eventkey : http://we7.cc/app/index.php?i=59&c=home& ;
menuid : 403033311 ;

2016-04-04 15:33:57 params :
------------
Array:
rule : -2 ;
module :  ;
message : Array ;

2016-04-04 15:33:57 response :
------------

2016-04-04 16:10:33 trace :
------------
Array:
from : ov-0juOCrkQi99aMTmO5XswkCclM ;
to : gh_2c27a8e247f9 ;
time : 1459757466 ;
type : event ;
event : VIEW ;
tousername : gh_2c27a8e247f9 ;
fromusername : ov-0juOCrkQi99aMTmO5XswkCclM ;
createtime : 1459757466 ;
msgtype : event ;
eventkey : http://we7.cc/app/index.php?i=59&c=home& ;
menuid : 403033311 ;

2016-04-04 16:10:33 params :
------------
Array:
rule : -2 ;
module :  ;
message : Array ;

2016-04-04 16:10:33 response :
------------

2016-04-04 16:11:21 trace :
------------
Array:
from : ov-0juOCrkQi99aMTmO5XswkCclM ;
to : gh_2c27a8e247f9 ;
time : 1459757513 ;
type : event ;
event : VIEW ;
tousername : gh_2c27a8e247f9 ;
fromusername : ov-0juOCrkQi99aMTmO5XswkCclM ;
createtime : 1459757513 ;
msgtype : event ;
eventkey : http://we7.cc/app/index.php?i=59&c=home& ;
menuid : 403033311 ;

2016-04-04 16:11:21 params :
------------
Array:
rule : -2 ;
module :  ;
message : Array ;

2016-04-04 16:11:21 response :
------------

2016-04-04 16:11:24 trace :
------------
Array:
from : ov-0juOCrkQi99aMTmO5XswkCclM ;
to : gh_2c27a8e247f9 ;
time : 1459757516 ;
type : event ;
event : VIEW ;
tousername : gh_2c27a8e247f9 ;
fromusername : ov-0juOCrkQi99aMTmO5XswkCclM ;
createtime : 1459757516 ;
msgtype : event ;
eventkey : http://we7.cc/app/index.php?i=59&c=home& ;
menuid : 403033311 ;

2016-04-04 16:11:24 params :
------------
Array:
rule : -2 ;
module :  ;
message : Array ;

2016-04-04 16:11:24 response :
------------

2016-04-04 16:13:06 trace :
------------
Array:
from : ov-0juOCrkQi99aMTmO5XswkCclM ;
to : gh_2c27a8e247f9 ;
time : 1459757618 ;
type : event ;
event : subscribe ;
tousername : gh_2c27a8e247f9 ;
fromusername : ov-0juOCrkQi99aMTmO5XswkCclM ;
createtime : 1459757618 ;
msgtype : event ;
eventkey :  ;

2016-04-04 16:13:06 params :
------------
Array:
rule : -2 ;
module :  ;
message : Array ;

2016-04-04 16:13:06 response :
------------

2016-04-04 16:13:08 trace :
------------
Array:
from : ov-0juOCrkQi99aMTmO5XswkCclM ;
to : gh_2c27a8e247f9 ;
time : 1459757620 ;
type : event ;
event : VIEW ;
tousername : gh_2c27a8e247f9 ;
fromusername : ov-0juOCrkQi99aMTmO5XswkCclM ;
createtime : 1459757620 ;
msgtype : event ;
eventkey : http://we7.cc/app/index.php?i=59&c=home& ;
menuid : 403033311 ;

2016-04-04 16:13:08 params :
------------
Array:
rule : -2 ;
module :  ;
message : Array ;

2016-04-04 16:13:08 response :
------------

2016-04-04 16:13:14 trace :
------------
Array:
from : ov-0juOCrkQi99aMTmO5XswkCclM ;
to : gh_2c27a8e247f9 ;
time : 1459757627 ;
type : event ;
event : VIEW ;
tousername : gh_2c27a8e247f9 ;
fromusername : ov-0juOCrkQi99aMTmO5XswkCclM ;
createtime : 1459757627 ;
msgtype : event ;
eventkey : http://we7.cc/app/index.php?i=59&c=home& ;
menuid : 403033311 ;

2016-04-04 16:13:14 params :
------------
Array:
rule : -2 ;
module :  ;
message : Array ;

2016-04-04 16:13:14 response :
------------

2016-04-04 16:17:04 trace :
------------
Array:
from : ov-0juOCrkQi99aMTmO5XswkCclM ;
to : gh_2c27a8e247f9 ;
time : 1459757857 ;
type : event ;
event : subscribe ;
tousername : gh_2c27a8e247f9 ;
fromusername : ov-0juOCrkQi99aMTmO5XswkCclM ;
createtime : 1459757857 ;
msgtype : event ;
eventkey :  ;

2016-04-04 16:17:04 params :
------------
Array:
rule : -2 ;
module :  ;
message : Array ;

2016-04-04 16:17:04 response :
------------

2016-04-04 16:17:08 trace :
------------
Array:
from : ov-0juOCrkQi99aMTmO5XswkCclM ;
to : gh_2c27a8e247f9 ;
time : 1459757859 ;
type : event ;
event : VIEW ;
tousername : gh_2c27a8e247f9 ;
fromusername : ov-0juOCrkQi99aMTmO5XswkCclM ;
createtime : 1459757859 ;
msgtype : event ;
eventkey : http://www.hao123.com ;
menuid : 403034051 ;

2016-04-04 16:17:08 params :
------------
Array:
rule : -2 ;
module :  ;
message : Array ;

2016-04-04 16:17:08 response :
------------

2016-04-04 16:20:03 trace :
------------
Array:
from : ov-0juOCrkQi99aMTmO5XswkCclM ;
to : gh_2c27a8e247f9 ;
time : 1459758036 ;
type : event ;
event : subscribe ;
tousername : gh_2c27a8e247f9 ;
fromusername : ov-0juOCrkQi99aMTmO5XswkCclM ;
createtime : 1459758036 ;
msgtype : event ;
eventkey :  ;

2016-04-04 16:20:03 params :
------------
Array:
rule : -2 ;
module :  ;
message : Array ;

2016-04-04 16:20:03 response :
------------

2016-04-04 16:20:07 trace :
------------
Array:
from : ov-0juOCrkQi99aMTmO5XswkCclM ;
to : gh_2c27a8e247f9 ;
time : 1459758039 ;
type : event ;
event : VIEW ;
tousername : gh_2c27a8e247f9 ;
fromusername : ov-0juOCrkQi99aMTmO5XswkCclM ;
createtime : 1459758039 ;
msgtype : event ;
eventkey : http://www.QQ.com ;
menuid : 403034078 ;

2016-04-04 16:20:07 params :
------------
Array:
rule : -2 ;
module :  ;
message : Array ;

2016-04-04 16:20:07 response :
------------

2016-04-04 16:20:30 trace :
------------
Array:
from : ov-0juOCrkQi99aMTmO5XswkCclM ;
to : gh_2c27a8e247f9 ;
time : 1459758063 ;
type : event ;
event : VIEW ;
tousername : gh_2c27a8e247f9 ;
fromusername : ov-0juOCrkQi99aMTmO5XswkCclM ;
createtime : 1459758063 ;
msgtype : event ;
eventkey : http://www.QQ.com ;
menuid : 403034078 ;

2016-04-04 16:20:30 params :
------------
Array:
rule : -2 ;
module :  ;
message : Array ;

2016-04-04 16:20:30 response :
------------

2016-04-04 16:31:22 trace :
------------
Array:
from : ov-0juOCrkQi99aMTmO5XswkCclM ;
to : gh_2c27a8e247f9 ;
time : 1459758715 ;
type : event ;
event : VIEW ;
tousername : gh_2c27a8e247f9 ;
fromusername : ov-0juOCrkQi99aMTmO5XswkCclM ;
createtime : 1459758715 ;
msgtype : event ;
eventkey : http://ent.qq.com/a/20160404/007463.htm#p=1 ;
menuid : 403034258 ;

2016-04-04 16:31:22 params :
------------
Array:
rule : -2 ;
module :  ;
message : Array ;

2016-04-04 16:31:22 response :
------------

2016-04-04 16:31:43 trace :
------------
Array:
from : ov-0juOCrkQi99aMTmO5XswkCclM ;
to : gh_2c27a8e247f9 ;
time : 1459758736 ;
type : event ;
event : VIEW ;
tousername : gh_2c27a8e247f9 ;
fromusername : ov-0juOCrkQi99aMTmO5XswkCclM ;
createtime : 1459758736 ;
msgtype : event ;
eventkey : http://ent.qq.com/star ;
menuid : 403034258 ;

2016-04-04 16:31:43 params :
------------
Array:
rule : -2 ;
module :  ;
message : Array ;

2016-04-04 16:31:43 response :
------------

