2016-12-17 09:56:28 trace :
------------
Array:
from : oRPPWvmbBiNpKKFESRe65pX0-UmI ;
to : gh_b1f7fee0dba6 ;
time : 1481939788 ;
type : event ;
event : VIEW ;
tousername : gh_b1f7fee0dba6 ;
fromusername : oRPPWvmbBiNpKKFESRe65pX0-UmI ;
createtime : 1481939788 ;
msgtype : event ;
eventkey : http://a233.sdsfshop.com/app/index.php?i=65&c=entry&do=guide&m=we7_wmall ;
menuid : 434129959 ;

2016-12-17 09:56:28 params :
------------
Array:
rule : -2 ;
module :  ;
message : Array ;

2016-12-17 09:56:28 response :
------------

2016-12-17 11:29:07 trace :
------------
Array:
from : oRPPWvmbBiNpKKFESRe65pX0-UmI ;
to : gh_b1f7fee0dba6 ;
time : 1481945347 ;
type : event ;
event : VIEW ;
tousername : gh_b1f7fee0dba6 ;
fromusername : oRPPWvmbBiNpKKFESRe65pX0-UmI ;
createtime : 1481945347 ;
msgtype : event ;
eventkey : http://a233.sdsfshop.com/app/index.php?i=65&c=entry&do=guide&m=we7_wmall ;
menuid : 434129959 ;

2016-12-17 11:29:07 params :
------------
Array:
rule : -2 ;
module :  ;
message : Array ;

2016-12-17 11:29:07 response :
------------

2016-12-17 21:44:40 trace :
------------
Array:
from : oRPPWvnnI_Nn-ovwoC2XxTqf3xHw ;
to : gh_b1f7fee0dba6 ;
time : 1481982280 ;
type : event ;
event : VIEW ;
tousername : gh_b1f7fee0dba6 ;
fromusername : oRPPWvnnI_Nn-ovwoC2XxTqf3xHw ;
createtime : 1481982280 ;
msgtype : event ;
eventkey : http://a233.sdsfshop.com/app/index.php?i=65&c=entry&do=guide&m=we7_wmall ;
menuid : 434129959 ;

2016-12-17 21:44:40 params :
------------
Array:
rule : -2 ;
module :  ;
message : Array ;

2016-12-17 21:44:40 response :
------------

