2016-01-11 09:00:53 debug :
------------
String:
account-ticket<xml>
    <AppId><![CDATA[wxe5b18b9bd7e3626b]]></AppId>
    <Encrypt><![CDATA[OqqineWH7C8DWg1GeiH0e7Rz/wMdvdBIvPSH4BpVmqbFqsNOmsl3y8/y9lvRAkQd30ugcEpxvhXjyKaT6mkaq+e1gcqcJ6ELrcx2lubhcZUgga+UzYCpoly1s04DzxLLMLdWzBcQQ4tAQDotH+aPS13AEL9k2GZQcw9goS2f+wlRA0IpPjmuPsyf4ZG5Mi1ZjwtJMc3nzxLYehDwMswTOf7fBcHtL5B0MnHKv5hH7mfZGCCWI8oFG4X9pUgUtxBFot4Nf/+/FnMUnLPheazZK3vzE3yy6LV0K/DxAhN1EAN/BpNh1pfFeGCt00ZaezF/t9Ep9sHvsepkP2nK2zGy9uMrf/ZLRd6riRUFsz3aZ6LN4V9RZWbmITbGRK0X/N9WVgBDQvJHDF3nJ7lLOv9vrNn2b7JDx9PrRlLT1I/RdpzO6p338q/FGP4J2iic7VS7cyZk9H9u208UrASmIJtHoQ==]]></Encrypt>
</xml>


2016-01-11 09:10:51 debug :
------------
String:
account-ticket<xml>
    <AppId><![CDATA[wxe5b18b9bd7e3626b]]></AppId>
    <Encrypt><![CDATA[ZrP9ezm4GxTxvmJmIHjbufniyDRSfrrqHgBqWsw/rhxNBojR3Ys1IkI/GNdWffj0533wwxT4BAHyZrnynkuN9GqAKqynYHCj2/vQ9oxwx5pMUqSIZCtzPmuV8f3VbmKrbFzhwB/7erf9wlj+mp8/omD4McNJH1UZ1h4ZFewLVANXZxf9ju1plPkhZjuVgm1hndKxRNvG/mjHMNJxH/hBA7NY2PALQBlhmyE/8QK6od/j+hgPj58ftiiw3ISJNZ091U+cvAbZr6hYf3/5tGPZ87jAg5Lszl/iuEMynyHg54Tu7uItZelctlpeo3xTI3u47tMzcCbw8gYQ3HnktYg/xaqdx0D0+l7UujhJ4gEvXohFDMi4ZhflR6wjnyu5Mtyoorp6lyPhe2YMlOJoSpfjjVwjxnKxAfUHAGYMVDe9I8gh0unUOC5BfrAx8ai3TPpgAnTgYKk4X0tfHyNTQEp0JQ==]]></Encrypt>
</xml>


2016-01-11 09:20:52 debug :
------------
String:
account-ticket<xml>
    <AppId><![CDATA[wxe5b18b9bd7e3626b]]></AppId>
    <Encrypt><![CDATA[+qeiHVbfUijft9XV9caYjuniyKDi793IkDSFsonzzNySHHaiWo1lJKqMvohFDXULYAyh6gqmE3idCr9R9XzG++hSYL3SQwXINarx48HDAcbIDKso/Jt70FKTO8oIwibAS9VOOTQ4xF7Odck95JZrdq1UdsuzW6gkuEsGDBIN0MrmSBQlMbC3d1O9YNXOiq4rL4A5A2r0RS5Dx1mEKURIKwng8swEn98/MwfvACUXevmMdLQoUdU/Ij5setKc5JbC17vUVbwPkI8ChrWsv1wzgi5uqk9CCsOwH04/DGKw2jcWS3MZZ6HaHJXUMlUQT8+2q82C1sdBuuhVsLKBrX/oYCl7zyH1+JQivDwMw23pEiTRTiaPpXdBRFLtO0Y1QoM3gyviOsUFnfcUBN2j+qTYOCc59oKyyNRh5o+wFuoC86fnQQ9vzFVk/DrbLGFL+GgMfPHZ2GhSfLNo71Rz9FhCqw==]]></Encrypt>
</xml>


2016-01-11 09:30:52 debug :
------------
String:
account-ticket<xml>
    <AppId><![CDATA[wxe5b18b9bd7e3626b]]></AppId>
    <Encrypt><![CDATA[0FYS8vAZpT07L9YNZxcZcLUpjBONfSyMwrD1wgFL6BUMbUou0kqe5FORusZSsMGhAzTlfH1fGKtmz/3PN44VCIUUIVhlz4iYV0xEgVsWxoklYe1e6ROTzmq/7LeBLKdanP0FoNFQcL0U9izEW70wAslo3elEszEzcexoiGLGrJ7VgYbfqOH0K3Qs0iZ+DhabCC+NcyediB0kSgC0ghUY16WbOz2xo7DlE27HDXQE82LXDuZOtHyAD/3AcR2uIOqV+P/Sgzi3WkpWZE21hicF5V/vxWuSTr/1Xn+2xulGfI7BQQaGfj3UuPEId9gY3PiZ4oWvlokpdp7pUyx8scb767d0FYamHPW6W3eK+m7V9RmwgXIqAOzo+NY9iVDcU9YqEzmY9R4Ns747yMLK8FsF4GziqSXot9Fc4eyqn4MZMT9Ub+6EI+utQQXg65I4LS3D2bFVawFLDGXyLm4GROo7jg==]]></Encrypt>
</xml>


2016-01-11 09:40:52 debug :
------------
String:
account-ticket<xml>
    <AppId><![CDATA[wxe5b18b9bd7e3626b]]></AppId>
    <Encrypt><![CDATA[SnSKhficGaZc5WNhMBG9AwHCcvXKl6yCqhmGTx3zKlsSBUUp3i3MYmMH+j2WgQZz3YjGOcZAjfCeRxVSIMS9Z+1cgAVZGcJnmIqhkpEC7dE8N3piKoQf+/riO+bV1DqbFEvXt7XxZWY5qLkD2yc5jE7ufWVOCoI+57GlTmXN4YJopKNKTKU4BgPwwIXShA264eT9/XX9kpqEfKr0Hi6NMIzsRTEmV6dgC17DOdgQoq2erKtTwhfSF0Cws+tw0iq0OtWXBgsQ+ic0mvcp0lw3qN9R0g8c2ZhL5sVc4Q0u4u+U76vIYHJbHQCZyJ0XyJQnsvZzTrmJTKJfm9r6UqEUOMmLDGuAMJQuzkpqmISiI5+z7vnLwNv9CvU47z/FF1OxPYBrpc5r34bj5muAR/Uju9EQPg5kjlE9ME1VElJ4wYsB5dY+wF1FT5epKK4SHen4xwZExOe5Iy0aIX9cRsTQTw==]]></Encrypt>
</xml>


2016-01-11 09:49:08 trace :
------------
Array:
from : o49xAwuJh-_hKP_zc6_1LnXsIfO8 ;
to : gh_8a5f70a28b90 ;
time : 1452476959 ;
type : event ;
event : VIEW ;
tousername : gh_8a5f70a28b90 ;
fromusername : o49xAwuJh-_hKP_zc6_1LnXsIfO8 ;
createtime : 1452476959 ;
msgtype : event ;
eventkey : http://front.lewaimai.com/index.php?r=lewaimaishow/lewaimaigod&adminId=28555&shopId=80400 ;
menuid : 401201303 ;

2016-01-11 09:49:08 params :
------------
Array:
rule : -2 ;
module :  ;
message : Array ;

2016-01-11 09:49:08 response :
------------

2016-01-11 09:50:52 debug :
------------
String:
account-ticket<xml>
    <AppId><![CDATA[wxe5b18b9bd7e3626b]]></AppId>
    <Encrypt><![CDATA[29Ji5+T62OdmQD8jSydSeuVPCu0LcG1K9PakPU3GFWk6KqBP/xq8JgNFK4TlHB5NqfJeg4TvLOCvsw0aNLvI5uVcdeDd9kXoIRnhqOnW3MiWd05oW2LPDS6vdGVZimlupZjR7A5HrRUXKlqbuAlHoBpqT1XNnm2Fib1twcHUk61sjk29sEWKXNHfFcT+gSvWKsLDTh+1pFNso8B9xdDD1D8IfOfe5eUZaje56Hj9gjiAYisVDNv7wum+ZkI/cj95aUPAkV4Ci3fA1ACjGNMQNmos8fg5EnKp4tK3Tzfjydi0HjQR1lz7qR2umXzk6GreetqRUBNFWRpsnJs/gbaHDbVgq1lMAjso0XdntJx8NKIAWQ0cgjEeUASJ3ZzLMmm3FGp+Gg9CK9sXRzxymh1f5H1k/g+3MccPnnwcW/PVAqNfnNijOZr26wCf9AwgBuhIU/z5C73Wy4W/Sf5PaduntA==]]></Encrypt>
</xml>


2016-01-11 10:00:56 debug :
------------
String:
account-ticket<xml>
    <AppId><![CDATA[wxe5b18b9bd7e3626b]]></AppId>
    <Encrypt><![CDATA[uzBM+FpeKQm1zjiItmk6yQpYJ5sw+eO32LJJzmbFg6y6w90QcsAyHR9M/ZZ//bcDblUdu7pP9O+8f2ZI+iRRBBBkY813IdaR2s15/ZILr0Xp6zoPx6M7NzO4mZXYNSRlEOpKwse5YVyXjnvIDyL9DcLkHpOj/BCIRHV146iGtmCvcQvgP56KsexMdq9puixUa1j6rs1PlP1pGPhje8hVXOdlWTh52SVO1kNFPPnkgvkvc8QhdUPBN4jn/54Ml3GW3I5NLPoCtxfFPCiMzhxLU0gZF/28VEWmLpkKqH9cg7V5t4DM5dR8vXPazh6RN6bj3JI1UFiaNcmzgo/e/0h5NslUYinuHgl3Hfozf0gSjHcA125CImSBtjitades+jhD8AzwV2jezkXZbuuANjAvdqdRRSOd+lPd5WYG9BXxW3sMROsqEnzZzyv+Qug6vIiTgaYZPg8b7mUyqO95drgsTg==]]></Encrypt>
</xml>


2016-01-11 10:08:46 trace :
------------
Array:
from : ov-0juCHsWcOB0pNUtKCz9mSY7f0 ;
to : gh_2c27a8e247f9 ;
time : 1452478138 ;
type : event ;
event : subscribe ;
tousername : gh_2c27a8e247f9 ;
fromusername : ov-0juCHsWcOB0pNUtKCz9mSY7f0 ;
createtime : 1452478138 ;
msgtype : event ;
eventkey :  ;

2016-01-11 10:08:46 params :
------------
Array:
rule : -2 ;
module :  ;
message : Array ;

2016-01-11 10:08:46 response :
------------

2016-01-11 10:08:49 trace :
------------
Array:
from : ov-0juCHsWcOB0pNUtKCz9mSY7f0 ;
to : gh_2c27a8e247f9 ;
time : 1452478141 ;
type : event ;
event : VIEW ;
tousername : gh_2c27a8e247f9 ;
fromusername : ov-0juCHsWcOB0pNUtKCz9mSY7f0 ;
createtime : 1452478141 ;
msgtype : event ;
eventkey : http://wsbf.915911.com/index.php?g=App&m=Index&a=fensi ;
menuid : 208916756 ;

2016-01-11 10:08:49 params :
------------
Array:
rule : -2 ;
module :  ;
message : Array ;

2016-01-11 10:08:49 response :
------------

2016-01-11 10:08:52 trace :
------------
Array:
from : ov-0juCHsWcOB0pNUtKCz9mSY7f0 ;
to : gh_2c27a8e247f9 ;
time : 1452478144 ;
type : event ;
event : CLICK ;
tousername : gh_2c27a8e247f9 ;
fromusername : ov-0juCHsWcOB0pNUtKCz9mSY7f0 ;
createtime : 1452478144 ;
msgtype : event ;
eventkey : erweima ;

2016-01-11 10:08:52 params :
------------
Array:
rule : -2 ;
module :  ;
message : Array ;

2016-01-11 10:08:52 response :
------------

2016-01-11 10:10:53 debug :
------------
String:
account-ticket<xml>
    <AppId><![CDATA[wxe5b18b9bd7e3626b]]></AppId>
    <Encrypt><![CDATA[ckL3lbt6DssVCynOzmPC62Kz5whSTxhmfRrItaLzgmZklFVKfzUB30A+IeOUiziqqPKutuOR/flPOJBSU6kxNz/xM2qm85aGvRxsvKV5AQpbY0giGxJicERzD2roQtjwOyEvQy8uL31jRmU+q4aPXWX2aMcpb810g+4ysc57/TmxU7T1L+VgXZ+8i5K4LGfWo8i9rVqXdPkGp8HT7hxT7tj/eBP/tK1BxjiO6ls23H6zLot+5oUaJsZkJ7Apg/WhmXyjMojPRQu3u4MATLZ2Q9PWgCyuu7jzqxBPA+R5d2Y7I21Uas+R+yaOnHKPrfDu/C6MHYY0R2PMe6Y03EDtln76UDHdr77W0fkd+H4DwqMrMv/e3UDCO2clOu1CkF7NKVUJagnBEfOZN53THNHFtg+7YNW21xxS1FT2htROzhlKa4QrCDw+3RxC8Jp/i77cRuD9M30oZm63js1HtlEp+Q==]]></Encrypt>
</xml>


2016-01-11 10:20:52 debug :
------------
String:
account-ticket<xml>
    <AppId><![CDATA[wxe5b18b9bd7e3626b]]></AppId>
    <Encrypt><![CDATA[fjDrRde1K1g5KKA2UL3RysdMwIiozaSy5HSI5ezHBXLrr+TAUFytLYrTiReiruRv7QZ7c67OLO5Sa8BZ4lSI8F9RusJr1FVUpAy6d2USYI03RRuCGTEgZqhR/h8jIISdEbAPGoYnsrhrLmEf1ZHSWsXcU/z9NQqJBRzbKYT6bgQdMwkqwTx2rKgQToMArQ01HsQdkRegGd204UFpkeRKjzkRTbfC7DFykp4yj3gtUvqmnmVe2AvPJBNb0l7IYdlhtmpB+Vy/+/hX/q/Ra7BpJkmFxL/oh8kUlBoc3Dc0aHHQToMBdOTfPHo/qQsPCy0ZClv25YfILh0dppHosYJiN+UuG9JDOExloU0zQixOTXsVEQPidSwkk/sATj8fe72l/8wKeAVxmMXPNZoh/1DarxrQXehM3jiQA7bQQkcU1lNRNSiEylBEs7aMnBzHpdVrsJAMDbdTFENL9/4BA3iR8Q==]]></Encrypt>
</xml>


2016-01-11 10:30:53 debug :
------------
String:
account-ticket<xml>
    <AppId><![CDATA[wxe5b18b9bd7e3626b]]></AppId>
    <Encrypt><![CDATA[UUv0STm6Iij2qb1jKeLg6Mm/KkzhyEZioi1K0QSYXn/6aiTNAKCwHewO7Kd8RR7o9GZYQz+Lcv6zZxEMCw/ELZgCnsgNBPse4xVT+sgQyRmZv7XBvSKSvXnEXmPiWTzVGDg/06j+ESaNUtal3FITMOAZ2SqO3AQk/2owkYvtprdDKPiV9BCWIC7OEEeP3qUGP73sbz20KMPSjO7oexNh/YAzxUAaFirGfvcOmXttVbCFTSHgfYMZOYo8ihKbGtpV9365FxHg8W8x0FmU/oSEGRkwvpAi6hVgRLxkeeurMYz++vZPcJHJfLGsVMDVHAdeLuTIYgnSp+/CvflWPKRiUy4UsPO+EnMVkWIz+83KNY136xwlvEP78yv3jd4oGZhiflQT2AJmdCybcmV74GhJxmmx32hJ3z2rea3HZMftG/PHHqHr5CdwFoRr9ubp4D719JMNXBOvAv3kYJZFEBcmbg==]]></Encrypt>
</xml>


2016-01-11 10:40:51 debug :
------------
String:
account-ticket<xml>
    <AppId><![CDATA[wxe5b18b9bd7e3626b]]></AppId>
    <Encrypt><![CDATA[gvpfVXPj2whIUIs8kMQIYJjGxiy/fD+cfCdJ+0OnTmqe6m/lTt0y4p55+g59g+ns2/posV64xMFV8Cpd/3Yej6s1A1IoiSxGlfOLzLVyfecgNFD9zCqOenFLfUp1l6/xoXz7BDronyMN0WpztRV3w4NmVZHp17uHm6hJSHL5JT/NxfFCbT5A7vJDvE4n4LGmaYQA9CwJIKps8j47eKV/QkRO215K2JUH3rCXCI3KCDodZkS7LXt07LV65bd/t6SqMdI4T/hIaHvQYhYqPcPCIFpoFPTM9H75yjvRFUs7izIKKVMvAndFcxbqCTWrOzRmWyO9rzib3M4TfDKjEc+iPVfSF9tkX5OIQy3gJpoZZMd4lE9RUZrHqp7jVKmLWyzXiTu3o1AjRC2TSywVsOA1rX94mx9hFBBneTj1JBuQ7AnkeSSVmGFuGbknwi7PQR6GGcKvD21eyJ7SqmWnaBJ5vw==]]></Encrypt>
</xml>


2016-01-11 10:50:53 debug :
------------
String:
account-ticket<xml>
    <AppId><![CDATA[wxe5b18b9bd7e3626b]]></AppId>
    <Encrypt><![CDATA[H2VRqCX4n466DpXo1EqBP3pGaoCf1m1pUaTzWrNkF12/AH6GuCNFQ+SgaevsKRH7QQWN6IXybsvqQM/0z6WrPKY1Z8P03r7tGJoSmvtOkuGnB+cFbJj+1DtO20k683En6tK83mYMoRbnqQMhkAwlscTYzTkXJLNyWBE0xrvwBcwAMxvkqNb8tP2aQbr6yGQPlx7J3iwREkJQnZ/8KMLC2hJhNLFa2i3uIdFHEKMHFHoTMDgi9eY7sOmA5FtM7RBbHHpkdVC68BQJr6NuAxibTNRhYVCCin/46rN0gWCvMT6sZ/NqyJsk6Q3HIUu5qxg9EKcZXwIQCdrMjMDVc1UygOrYeb040o2sIPKWHw8U1+vY7yuUtUKXUHpG4Bwwn9rFmTljwi1m3xdPOFzAd3o3K2xY9NsLQFQ3qmYiL3KbvpWPu1NwyrERd+6OeBS5UkR0AGYJHfalMw5CWNn37XAUlA==]]></Encrypt>
</xml>


2016-01-11 11:00:54 debug :
------------
String:
account-ticket<xml>
    <AppId><![CDATA[wxe5b18b9bd7e3626b]]></AppId>
    <Encrypt><![CDATA[gfEoOI0tjZj3twS6nNb16mz3FjjHc2GgScIyPZ2xhGaFw6WvsRZuiF1fc3W0fT3Oc2vQfrzIJ9ix6S4+8uxfgp3+9M7zpsg7E1Lcp/zT32RcopFmlPeE2dgOjUd1zVmDopnUpLosRY2Dca4fRzbNFu5p3NFH90FLK9iKBbXxaxyNVuiHjiVoL+ryWXw8BH4OKRT6jRPdfzlZ7P2mTb8jm0O1LZfX2zYWctgtYorCzyuTUy7AY0wIfRwl/N4oF8kCKx6KmTzH8hDmcHE0ChRPZIBsKwg2XFnu3jXYtNUcnSnQoWyasDFCf8FPz/ZQTDIt7VUQBoD+GdhQFe1WN4gkcdYrKt/Jo0JvyjeEZ0Z0zqMlCvyKAVhryz4218DktMwqf6r2PH3QQ2swv4C73ZPEEWju5wh2fyR+Ksq0R25Ha9iOfwJ3Nptc17oaX4usYoCaGdbU3UgE0aRtvqN8bqjzuA==]]></Encrypt>
</xml>


2016-01-11 11:10:53 debug :
------------
String:
account-ticket<xml>
    <AppId><![CDATA[wxe5b18b9bd7e3626b]]></AppId>
    <Encrypt><![CDATA[rXQfxwb+12PME/62OAmTGImLYjN/QXHJRA4CnRbHjOTfcIQKowdQjdirT4xcl0RadI8MPSdr6aGcbfRrkr7ybyOwa7rrIl1YmV3F4kLtnyxGvvzW9QJBECZ2d5ziljZbsmwNsfXZUyrtNX1cMe+fMjuvV3HsqWKPnLdS9/Z1s/BWfu4DP+y2/87lSGumyqsXVmHwypT4mUfA5DpbRVk7+BTV6rQd75M0GslKvCPHKupDXNO8Sl+1hiq0igr1NC4177Dt322eWsdt5wH7WF+u/tWVDu1Ft52JojI38yNdVy9ZvKHAGlpf9wtX5MJMYwA0xX2zfOJF5egUDHm9vKXpT7j9rlVGvw8ODktmlN5/DU0/y3lK54r8e5p6gpa46htq7qtB7e1n14gBAiIkGfba59Re40A4oqfbgZjSKgTPxCBZDVVhsO6ahnepgSIDB4qG6oWKTqCOEUpNXHzRtNjvag==]]></Encrypt>
</xml>


2016-01-11 11:13:42 trace :
------------
Array:
from : oywoswPzokXuRneFMBVbR4QOsN-s ;
to : gh_594b4a77030d ;
time : 1452482034 ;
type : trace ;
event : LOCATION ;
tousername : gh_594b4a77030d ;
fromusername : oywoswPzokXuRneFMBVbR4QOsN-s ;
createtime : 1452482034 ;
msgtype : event ;
latitude : 22.842932 ;
longitude : 114.159973 ;
precision : 150.000000 ;
location_x : 22.842932 ;
location_y : 114.159973 ;

2016-01-11 11:13:42 params :
------------
Array:
message : Array ;
module : default ;
rule : -1 ;

2016-01-11 11:13:42 response :
------------
Array:
errno : -1 ;
message : Invaild value ;

2016-01-11 11:15:07 trace :
------------
Array:
from : oywoswPzokXuRneFMBVbR4QOsN-s ;
to : gh_594b4a77030d ;
time : 1452482119 ;
type : trace ;
event : LOCATION ;
tousername : gh_594b4a77030d ;
fromusername : oywoswPzokXuRneFMBVbR4QOsN-s ;
createtime : 1452482119 ;
msgtype : event ;
latitude : 22.842932 ;
longitude : 114.159973 ;
precision : 150.000000 ;
location_x : 22.842932 ;
location_y : 114.159973 ;

2016-01-11 11:15:07 params :
------------
Array:
message : Array ;
module : default ;
rule : -1 ;

2016-01-11 11:15:07 response :
------------
Array:
errno : -1 ;
message : Invaild value ;

2016-01-11 11:20:54 debug :
------------
String:
account-ticket<xml>
    <AppId><![CDATA[wxe5b18b9bd7e3626b]]></AppId>
    <Encrypt><![CDATA[XLbRT1rBNMX9C3CJyPjr49ZnDj1oc99/2QmtoPgtyxftvG+rWDo3eW05ZiexmXv/0F468esL4mAyd5XO/c7BtBj0xfaJej2/+rn9C/jjybeBguIlxX5/wV6IJ9vmPCo72HDrYvBAm/oaYDLOZTeI6FaGb/Y7OznqLM/z1vpxN+5SWKFxORFj3eSJolwuLKyPE1QnZx3S2px7P5uQIeuIexuxQbuJwTQyKtrn/yDd4ql/9SV9cLvM9cx245R8yDfhTrweEu4v03gwNzjJJVxYS9sNIsdWMGTTNKVhlKJLy5W89ge4zqEWEnHSGXHqcbh9yAV0d5mqHKnAztLBNmZVf6f/tt/7pUiEwRElENkgkl1+EGm7ZL5x0dJHE9+/d0Bi/J6ssrRaKJi7g/PrsTnn0u+XbAUY4Q6Zy/c/bByUjvfJyJeHgiLUW00yN8gfymkk/vbkJJQp8T9AAxq70Cxr0Q==]]></Encrypt>
</xml>


2016-01-11 11:30:53 debug :
------------
String:
account-ticket<xml>
    <AppId><![CDATA[wxe5b18b9bd7e3626b]]></AppId>
    <Encrypt><![CDATA[X7M8n2lmK3o2WRaGMo4sW/156pVNbpN2QvngxfNTTID0A5FnIeF5DaY/uTkEmWTqvt1UVac1R5TBhsNP0bugW6XHIE4c9qNiTSZTdBWFkjZHXVUQDShXOtm7RHKIgzFFK2q8Tu1OIWz1L6rga+6cT7+ZV8BbalhnYzqF6652QkzcLM/dSxTm/vhLAUC24vLl+ghLI7OTu3EBqFrb+GRakOZ6/YmTx3N4MABFk6Oco0M0C2BSaIWXo8KVDHaiUhmNIEJe4ZAbCD6AIgOEOfOV0PPvO7J0tGitfg+DGtM/MScLuDScitC8adJNexuXiIwCvJhyaF44jUfFdTyUlL532E5m4YB0a9Mu0wNMq65yrBzUjDAp76g5IhUmEoCOBpUp+aow6U9vEVb8ZJaKlj4/VPBGI2p4E4gXfPw3Q0nJHp1o8Sub3KaDBbHn3hkbk8VMBG+j+ydiTyeTrbw5a1F72w==]]></Encrypt>
</xml>


2016-01-11 11:40:53 debug :
------------
String:
account-ticket<xml>
    <AppId><![CDATA[wxe5b18b9bd7e3626b]]></AppId>
    <Encrypt><![CDATA[jvArT7grfv2VyMehFRiOuuwyIS9im8OSsAWke1UbZy1AgulxoI+X4gS7Qq6aJP6PeNBed8gWhTsJU4mEcmA7wIBpasSNFtD6GQhepw1dS30U3XXvhj9BeUEcMj31RlQcNRZvDwP6PjOxPGHXGqcipmqmMWxfwKdhcLYXGlDoBcLd+aGhrgCaaa3H8i7HEAEyamuycMZSihMI7rk8Hhfju57YxVAhIrSxxq73o485Qj+NtRIYL7w9RvjFheVZ0Pnb0z+e843d3j+QFK4xTUFxKZ10IoAvVtQIpOZrDcp+egnbAN7kq/bBAe1UNGCUvcgnqRXhxhqY7LMVALBhfO2T2Upy7t1jBGsCpoezg37PaFRYcbhrZ96O9umVHk8d42og+uLLDK7ntdAsEmUb22iyH3IsfFlHjHxJPkkcLuwOISGUpTBJlWKkSBXvAnh3jt/DG/3DxrdJEl3Wop2rM6JV3Q==]]></Encrypt>
</xml>


2016-01-11 11:50:58 debug :
------------
String:
account-ticket<xml>
    <AppId><![CDATA[wxe5b18b9bd7e3626b]]></AppId>
    <Encrypt><![CDATA[BAnF+/+7YDyIjDTipRUUPbYDm+mExR0ufQZJF6a1Id24xSMMn0fGJNoHNpUyRdwg+/EWPD6h/J1AZ012D8EPrO/iqLuJZQ7f5mMjyPtXJxIdVTBPhNJLOSyMHHb5vsInXccRChBOhrhyV2krHL33n9KrtHT+FUUB6S7kkAtclHAh6vgZN9VYtoBjqWPYrxLiHeFsDgfKfJvrV0yJRngPaJ94vXvB4r1z6m3pgidUQUnl2zMed4Clpx9XQMvXDECkQXwiHiAphayYs6t2LYDOrvqZ7Eul0pWkHDPlpBoE7Mhw9q2hDSn1zkhoEDDjahWw3D9wQEeQXNp50Oy9WUa6ouXmz/d/KYFiyOZbYH57mVz4hdQCW+Zs0Pg/8oEXmB0Oj1u2Eb4hN+h856mfJ43rytjE3Q+z8SC9+b4asCi63mAqVNuVydDTrMWZ6BVhHeaLzE66XaOwP1D27W5hLL2lCQ==]]></Encrypt>
</xml>


2016-01-11 12:00:58 debug :
------------
String:
account-ticket<xml>
    <AppId><![CDATA[wxe5b18b9bd7e3626b]]></AppId>
    <Encrypt><![CDATA[iUqvJMgcAP8KQQpqRX1DY8xV9+FVPvz/50ZJSYfJig+ZYYno9NTn1WS4tNTwheO3XSmw9gZ0N9kFjaofPfAofBtZ69XahOyvk77KOBymGJbaNsUAiXiTLJ2JSlUQe42RcvK/O0PU4WeXSHH1Ev/r9P4kky/VLb6fy0g8r7J02sGOQmMtVQGVV26txFr6KvWUh2012yhNwE4M31XBdSELreoyaLYid9VRHvjEdoNRoZ4B3LixzTOofFsz9W5KQIMLDYKjGVLWSOjOVegW34iOfys93eUqnFqTsW1V5wOmim1RbCzWqYSWP2vwRkWxp7OmTL8E2tXEXSUafGlnGe1bDt+qZoTYS292vwFhp5zjqw80RtbrpCtOsELkarIhUJICpFkg/qv8IdpZZSQOCRVhLTswYvf2cwnjg3+noJTcFXgXPhnNPLXhhwTnhUrcr5R7KEJNXk24z74zatMSfghwQg==]]></Encrypt>
</xml>


2016-01-11 12:10:54 debug :
------------
String:
account-ticket<xml>
    <AppId><![CDATA[wxe5b18b9bd7e3626b]]></AppId>
    <Encrypt><![CDATA[DF3+IHuUI/nbiFmySHJTGohEk76tbme9gt981jsz/Cj6yUTuMAbgRr1SoXd5r3r630TnNYvIV7h0oEPtMvoRYTHby/OYRWtHdcVzuj5w5xf21smHB56cQgZ3yUpln7Ry3MepflPgef9o+vEPvkg6V/Lmm7mVa2UDETam2YniRhp/PvNmts3wXK7o9Ich3GjrDwuFffn9a7Y/X/tKksqYcWAieHlkyl/EC7h8omTNxyF0mwkhW3xg9y6kW4F9O5OJ3P/9v9yr/LBou/Qb4AYcQOhgw5sjIeC5HZjPNX+q3jEh/f4JBqMn1MiqFNjz3tyE8TFtoHIPz2Ca6bZjf5JgBEvyA2Gr78MsRHTbWH9JQKboBhejxutcCF42dsHS/a/jIrFMY4cr+b6Z1HDaUdoKzjq3BBV7M69JJ8SIRStyJyPA2NpE6wxCD5UL4ssMyHfovJg26JG/D4jxi9OR3SrsTg==]]></Encrypt>
</xml>


2016-01-11 12:20:51 debug :
------------
String:
account-ticket<xml>
    <AppId><![CDATA[wxe5b18b9bd7e3626b]]></AppId>
    <Encrypt><![CDATA[Ydf4b43uEj1SLQroaeBVV4T1HsBmbudfFW9/MljGWHSxApZLGYD3xUvWgpmMHHj18r1t6RFCVL2PpVBzydInRxB8gMlChiwNA2BZLvUmCLMJGCb7d8cb14d5rftt11VB0ZRzipMxIL54O/e4xWbt6Dta3leeaPutejkj8iItp5IBUyrzDQY0OHQRHy3GrTUnkU3b7uStBsa4NCDDVfkwQhyH6WRGryRtMGHw5lerym6FRqDzVd1pi0VWql5mnORpcWq0IBZZHrH4vKGGK5S59xO84kRhqHGyYRzfLNKSr58E895nEvJ8fQ1g65i2ipZK6d5ScKydnGvQ8KiOt11ysHknMPYixdXcUACEDG2cP+i5L5r1GXn3I62fW9G2r55gcbRRR9Oe8sWAQ4Jn06SWJ6SLtO8jtj3nUaOwaIav4SDOjKR/YeAYYXTrIkNUYC0bTTyWamj7FpFLITSWHNwAMA==]]></Encrypt>
</xml>


2016-01-11 12:30:54 debug :
------------
String:
account-ticket<xml>
    <AppId><![CDATA[wxe5b18b9bd7e3626b]]></AppId>
    <Encrypt><![CDATA[kxXXO+CCx1sbGUG+Kz71cEA2kLAU6TtbWDHaR/u/aq2bKMxp5bnqAdUfq9JiZvplKmJzGLrAqyrAdXyea7ZWL93A809ksioF81ws/aCKAzwpz4BiixxU/FCvhDyNgmQP2HBm0ZKvFhfrO7ea40jokLSeB3EWXG+pT6REBdExd3DRi6lN8TEoY0EWA7cvYQcVnQvbsdyL3HyeuyRCziiNoPnB0oQTQGOBi9OeKoACWHKkT1aDW+eC5vShm4tflLWi9ZHHvf92siJ0/K4k4dTI9uW4419sqHmC4wZ5sug+pvglFRb1ggGeOfiM0R3ovU8Q0LIyBrtfO9hYIv7DYCTvztmP9dhrCcnvBD7Uwtiuwyg/OgLxxqk/r8zZDlAPlJyk7QdhsevaoQ5Je1X+Ufn3n6PrIV9HxHo4aibhoa6nnIpc++m3ASLDaRlyUUjgwCmvCzovOSCcpHaIdY2SLKYBfw==]]></Encrypt>
</xml>


2016-01-11 12:40:53 debug :
------------
String:
account-ticket<xml>
    <AppId><![CDATA[wxe5b18b9bd7e3626b]]></AppId>
    <Encrypt><![CDATA[1lSaAczNgSPYpRWoH/0ymaoWkVSLEPZJFTcE1XxTg4t4k3M/bRcaDpF4hIwes/l6RE/R5gfAgUXh69crmluj3j9n4pGjCxrOfuFqX7t7ipsf/FSkys2TH+n2BkSH+WllSCDeWrpYbQQc9f7bjTGq1/sHmCp51I2goXqmLiwES8dK3DjGau04/bfEkyJpNZdRz90H3yExYO5rac6mwkk/TF5/UMxQci3gxbLqIv0Rb7+bZJUnv17epXk6ud4tTFfEfwlU9Zno6PpQ7u8nVZtNmJNCjP8KllneSlPSGZn1gBLe1zzAudwrs75s4VdG0KKkJe/VEHH4y0lNalPkm5dOo2n7DQgqWL5H4XdA7fI/xwUfJt/zMBywvPacSQi7QbRcqjmm53FxcMqZRpFz21u1d/2yNF20HYYHztpx0UFrgEX0wvJGGVSeTC583Uj7LQjNd+eZBlx6j52OXnV4dTZAcw==]]></Encrypt>
</xml>


2016-01-11 12:50:54 debug :
------------
String:
account-ticket<xml>
    <AppId><![CDATA[wxe5b18b9bd7e3626b]]></AppId>
    <Encrypt><![CDATA[4400d3ldz5urprU2xEwxivKGooJ1YpVGNgp/5wPgb2S7jv5ntZKpIK4unnyTEbqAYxcS1gDu281WpD2uoCdqmxdHX8K0iL2ITyUENSHBpIfQ6BZuQ2xrTQDvUC2L7tS+X8YmmbGqejZ6FeSTDPW6dS0D83BiYn56Etivhc3DdQcFtVSpnMT6pHdoJmcyO55t2pq6CWwJ2C0Lmi6c/KF31CSz21+5ZBhC/vdsUAl97Jj7HCwyjDPUfGSXJTUjhR3ujdA9323h9/GePXV6Tu8S/Elz/eVjNY0vSg0yvMMxqXuBEtifeKh7F5eDS1hu2Jx1a3P8QEJ6hCHgvCYk3Q2pE4PLDEW6Ukz+KRLKc2Ox8FP5Mpi1/E5VuH5itA6WGajNw8w4XZxFA4snnrjZaC5zU1oFZlY65YUPAiwfobpma63vHlECkzzTRBFvRXJCt0bwKIvuDFZLnc/bKC8CxQ8jyQ==]]></Encrypt>
</xml>


2016-01-11 13:00:54 debug :
------------
String:
account-ticket<xml>
    <AppId><![CDATA[wxe5b18b9bd7e3626b]]></AppId>
    <Encrypt><![CDATA[1R+iRMpuInayXGNwqt59k524DnbGPEU21M0K8DIbb6HlAOrjAc/4anJhWcCZzqGtcM9CCfoXSXEddsGDPK6mridTbQYwKY+tlYPZmWCz6O4w9pFtggTOopg5Rzl/CZAZcNIHKtEIHjnqo1O3Sr2mTDHPedR1855dX0tKWOVlVf0QCTMwWfWO9vKf49udm3uTBQaCgfmC+zCIYGjX71KrYpI+xK1PwPCTPEU/C3Z2tBpB/yBijxCqzaDGmj5D9uBQ33IcNXRb9pP6oH0i+rDIUsE3ivv49ysw66M9pIso8dp9vCL5Kl8IvZRKs6EZsbk6eK5BiKehaHoH+QFg82QlBq6zOUJyQXVPhspqOFTOFK2eIBZsFzJXr0ODLRp1/4icbBfLL6f/gLRbI1lbU2LsurRH19rYVnL/joacEYoa3spzhaKMzJXgqCVpeWeEzU7W4Z3+ac2Y1sajJOJJg/bY7A==]]></Encrypt>
</xml>


2016-01-11 13:10:55 debug :
------------
String:
account-ticket<xml>
    <AppId><![CDATA[wxe5b18b9bd7e3626b]]></AppId>
    <Encrypt><![CDATA[wLMsMDLaxT9DksPeOrligNt93hAaHKIbKrukbXs2191SI+zu922MBDIxqFu49R1o0F0oNTH2OHMUGRymY86GcMiLqSXy1D9kxn6ZKRra61JnLqJuSBHuyV3kLFQV/emJrOqcqD9zWg3D6yjjSsuyptSOGXlQK29ObQDz+/1vYQqAVgZ+m7vQ6gKhNL8l0LM5I6C7gdWBUS4pnW3eS67uo/eGOU5xrs8KOgt+1rnzRXQA/hEiT/UxbWk6hdfOuEbZaoZFrevD5k/tjx6yCvOW3DirRmBI6YKbgoqoUJ3Rmfw8KNiD2PKFX7SCO46QlaQxz5ipopvq/80bC96BmF3TsKdk5vrrpXCgxqQB3VXxV7v8a5B7Ek0oP5l1iUiGCxfYjpDjlaCTpQLApkvzH+yyFvXPc4EWo/56PVUOVXfowwVa/l7mM4oM2RZcwEgmihqE/x6GAVKhgA1V5ZKN5OIXAg==]]></Encrypt>
</xml>


2016-01-11 13:20:53 debug :
------------
String:
account-ticket<xml>
    <AppId><![CDATA[wxe5b18b9bd7e3626b]]></AppId>
    <Encrypt><![CDATA[ofKTyr9pkHPhcHngIUy6vmLpL/15MooEh29pxJWu/0OROv3s4Dc2UlbfKW5vMRfOBNGrGYTLDZ8wIc4K86FzRJlawJYdCdbDQUrjPjrx0E+fzpiaVWTb9gM2VTZka9F8o5hAZcURrp50d3mgmWqoFB7Th3evnMes6+g6KLmhgaZR2i43SL/bfzy+TTZa5Y1tGi+Qc0rstCIw+DCImwjOS7zjQ4LgvPP3u6LEFKV0+tYKTxuGi7yOTOYO2v+xXgW2NYqCGkqruk6BAJ7lh/PGpF02H1zm0JG4ut2urGYMJ6MByySHCGWAxOpuDAAv/3WmaeQczomNFqCfM1y57g8Hmp6UwG3kdoD6kPN4fdscxg0aWRtW6R7zYZlhXg/GCp1VPdIKQ13fCC36LjtSaGtHzjWRFX5tI07sfuDPgjs8UYFD58Ahs4bcU9yYUgyeRUzjtA8WfEpZsiqxJj+AovdE4A==]]></Encrypt>
</xml>


2016-01-11 13:30:52 debug :
------------
String:
account-ticket<xml>
    <AppId><![CDATA[wxe5b18b9bd7e3626b]]></AppId>
    <Encrypt><![CDATA[ecw+5MYpr+suQJNTaE6iEls8AFj/576sORyP5eViIISpeCgoEHWtUghhtTTY2w71pcsBZb4lAcLZrgVO1W4kkDGtP7X/FnbnOeD8LVGeNeTHrf3QwQDfXzSPFApiZsSu2/pdwAk6fVTPqMY4Otg5DJOB6yiADL0c1HQP9N2JUOVZHiVbCS/4giM8fH9JJX71lVDpAbSR0OURNIiFY24fO7G/9DSL6CMe0100tN6dFGovwLR9m0F0Wavi4xKjhZl7DCCnJaLc/KiBBo70+LXQoYbzAq53Asi0KcoTpAUBTzNwzKlTHuL5zlDLWSe0NrKflH6f40Tz/mtKfW20xskQKNSt5IYhCs+ElsYNKFFyiDEaNwKfYQtGJ/xyprLR65w0eX+tbHvVjmeKn8KSc2iNvftKPcgzF2akotAq9gCvBRQCmJ39PP4G9U1KsapwSjOR9y9kw5vsB816rFYO99IfRA==]]></Encrypt>
</xml>


2016-01-11 13:40:53 debug :
------------
String:
account-ticket<xml>
    <AppId><![CDATA[wxe5b18b9bd7e3626b]]></AppId>
    <Encrypt><![CDATA[Rmo/JNlPYDtxXiujlFHV6NcrQJZsZ6PTviPCT4gp9oPkLhpr0YOBt+5ruYcbwulVvBdCXxBgR3B4BIG6LnVQwtAknuR3tdGLkXoQKoTxudei1awnxY7Q/sKkFThNmiOAfU4si+Yk+0Qw6awQyQ7A8XMtn/D5z72ThWSD3er8u9ssE1JAo6NTP55Eic4GMvcTB61G50vbzSHTQnT7nj16H05IHBO4MEoaLkZBq1msspu4HIwEssatkWbKDNIuSaflHidQOwQfHtOwI0Z2HhyFrlJsOzrXncUPfQzWUc2eiBdpzZcgGkEa9mdFL2BjYmqh8oLyyJAQX+VDKKuEZTcsJ7qM87qOqI/kuUlsgI6d3ZfpfxjhgPNYpZ+sTtzSb+eiIhZaCtM9qnZ4k0MHEe1RIthCG9vqmgT1dJt6YXWwIMbLNAkWB0LBvXP09mbUJc8R0qZe1ZlCAZX2VHDBdIGe5g==]]></Encrypt>
</xml>


2016-01-11 13:50:52 debug :
------------
String:
account-ticket<xml>
    <AppId><![CDATA[wxe5b18b9bd7e3626b]]></AppId>
    <Encrypt><![CDATA[wwE4VLvey3Km5NyTZtl778wiJ/O0a3/0HJnCenO5CnMwUWbmtyNuT3zayB1S45XD2/TYAJxbXJVxDc6rVvFg5zfX4pUhKzwmmadBl7WOb+AVooALv70FKWAF6rYNN69hcdTHN2Z3KN4YJxg0CMtYSyU362pSdkJSVO5Pf3nHDwW17VSPY5WCJvrPPyMcODQvMDkqI9BA6cj33bXRkC5ZhSnTuXztD29od/UQObhe170K+5LgcjC4Bh3Zyy74OqE/CfCMiyHXoitv1dHcgfw5sRyvVqZT5cmAIcZNcKH8ncpnGcNPyNR6n231htmc+RWUtlg7uxYU/1IqMZosGzDU18/MNwLrWo10EEAFAGcX3nwEtmdYX19ECuqemTvX64miU/G+INn1BpNklvD/4ekXlXrEiPV5u+KpgNMTMVSiWvNzs5UHY/Vn5bS44N2EeynwtabomUI/2RpEx41NfS7qFA==]]></Encrypt>
</xml>


2016-01-11 14:00:52 debug :
------------
String:
account-ticket<xml>
    <AppId><![CDATA[wxe5b18b9bd7e3626b]]></AppId>
    <Encrypt><![CDATA[LL4s89y3F/o0/zZIr1F6V9PH+i0AGwzD57kY6nD9QcPbtsBtmpgRQfqEwuoCYDZxy9gvtMmUS3X1bqbwpceRgCm/LQ07r0ndX9zJcpanT2VLyyj+ORa1HQW+od9iHI6iUMrTXx8NogRbtmktTbgJ7LpKlBP7/cxFDPRpP+kF36bRZ9A9QRX//RJUpSoWQZ1v9NGQCR82tqQrwTeK89Yz0R4G/W+TRqLCYwKY6IyyRaaoLMaZhmDO9JElQ5wm3ZfUKhCoUMPU5mz2MVbYRgjIcKbt5vQOuFeKmp3GUXI1Qy0may66r9oibzVZxI6UyFPUfD4nrsl2cJeNcAXYa2NkhWaJpkGT6hcTi/fg6Cl01bLOV2r7tCG7yYjPVaB7uvF2Vd2mnWX3UjEj2yenLp/XHM0JEtezb304603YANKgwWbF8EkohAK0nESN+6rxEoSlObT9MCHbTlxbI3elSxA0Ng==]]></Encrypt>
</xml>


2016-01-11 14:10:52 debug :
------------
String:
account-ticket<xml>
    <AppId><![CDATA[wxe5b18b9bd7e3626b]]></AppId>
    <Encrypt><![CDATA[QrGq2o5WYER5o6k5b5HDC81weZ8X0nsA0hOgbtNH5Woz3l/GyVH5D75Tpxz/6MBzhsAGd74nCtFsofPdbEYD8Cf2L/c0pOXTafOQ0nYllqw75K4PTorrZJlA0TvEukkv6R+erDAUwoOMmbbMXaRX61Q+yWyxCb9stbxjWLf3hVjTZkDttJIl2MYfOPAWDzKuvyxhHAA5Gf6M/ZqZ3MAOK8O5dM6ArJGP/Tw9qG2PWuyj+mkkpAU3Shmc63OMyheH0BqkFNHlrZWT2GXvmQwycR5XK4wb/kuMa06N/9GiJCNlTYMId8dg7CgD1922CC3ffbnMVTEnkOIrwSqryy9MSjcGSf9UE0P7HNbwJIS4qaHKSjggUMi3QNCOQGiWC9ek4vLax4BQ9KhyXJp44h/AgNCzChqGtaM4jW6CubW7U8kjBPpXmbch/8q/cNFXj0MpYvJoUH6yqp/xyHXedXTyGg==]]></Encrypt>
</xml>


2016-01-11 14:20:53 debug :
------------
String:
account-ticket<xml>
    <AppId><![CDATA[wxe5b18b9bd7e3626b]]></AppId>
    <Encrypt><![CDATA[CNonkiJXSs9778C9wDKKkz64gF+C7gINdFtqB8mGWFPnriF/Gw355dgibSJID286aGPlL+7IcAS+GpT6kboRg2jbl5xpr+4wXFdAXyw4njKRDQykf+M1edi47Ypsu3+qY//tJMmZqMRWhZ8r08XCqR9pKq6iaiA4GM3zfpvzKEpv1ROwoLT287ahf3unNreCwSMQPuUCjhKrQxyiWhfYLk4nsH1QAFrkIM+VEzvyZua0rtPEUgj3leIfn3RK68TuLIsm9TIk7s211FjLw2K3bjuiI8jRGXxNogytQ7OMCUfozNE5KJK6Wt6QlLPSCQAIhUdO6x42LmBr1CoYVUpdTb86u0kyi9yxt2U2z4rUUlghnlC1gIpyKertM4TwErDza1xy9LoEo+AMl2gXqHHGpzCppv0DgiaeoedIP2HGB3VV2O5L6RYuM0x6IGQrV397lmMvHpdIbKPeC9pIYB+q/w==]]></Encrypt>
</xml>


2016-01-11 14:30:54 debug :
------------
String:
account-ticket<xml>
    <AppId><![CDATA[wxe5b18b9bd7e3626b]]></AppId>
    <Encrypt><![CDATA[qTJYY5f7rfig/m5Tke1fMoXWi4HLgGYw5bqkxMkQ7xmqBETGayzRzQQCwrHABUCAW5AzmCgtrxj81+kODfxOUhdIDnHMF+nAO2U4jLJEzLZSL9UrExmwhT4JqBAWkuvH8XCWsQxAVCnSH9PPjSKLFqrT5+293hE3+DkXeuXfpxrgtqHxg8B46oLGWmb6JqBPfUlOdFcO1jbM6FgS4Gjwmnw3QWeqfPBY6xZK91LkgvYE1wG/AibhPKOFNoTgdE6MhSRAcHxIsfPfr4MEQ0ZCrkt0Uw9PXmTueu3GXTrsJeveWSdlcU+ZrQt3sL0QoQm+m9JiU9Ma42oi304pd3EO9etqfVVvnO7Ln9Tf3UCMMUpwo+SEdXDD+2W/aOt8UZaediW019kPobiHEbk9XSWQ5sfZ2ObGPw4Y2BmgdWVjVRiBiafaBCq52sMD9ZU0ibYFtZ7bO/GExXH6B5F1g5HfZw==]]></Encrypt>
</xml>


2016-01-11 14:35:18 trace :
------------
Array:
from : o7SFQs4gERmw5QhtmwHawqVbsM1Y ;
to : gh_f8ef5613cc37 ;
time : 1452494130 ;
type : event ;
event : subscribe ;
tousername : gh_f8ef5613cc37 ;
fromusername : o7SFQs4gERmw5QhtmwHawqVbsM1Y ;
createtime : 1452494130 ;
msgtype : event ;
eventkey :  ;

2016-01-11 14:35:18 params :
------------
Array:
rule : -2 ;
module :  ;
message : Array ;

2016-01-11 14:35:18 response :
------------

2016-01-11 14:35:39 trace :
------------
Array:
from : o7SFQs4gERmw5QhtmwHawqVbsM1Y ;
to : gh_f8ef5613cc37 ;
time : 1452494151 ;
type : event ;
event : CLICK ;
tousername : gh_f8ef5613cc37 ;
fromusername : o7SFQs4gERmw5QhtmwHawqVbsM1Y ;
createtime : 1452494151 ;
msgtype : event ;
eventkey : 实木系列 ;

2016-01-11 14:35:39 params :
------------
Array:
rule : -2 ;
module :  ;
message : Array ;

2016-01-11 14:35:39 response :
------------

2016-01-11 14:36:07 trace :
------------
Array:
from : o7SFQs4gERmw5QhtmwHawqVbsM1Y ;
to : gh_f8ef5613cc37 ;
time : 1452494179 ;
type : event ;
event : CLICK ;
tousername : gh_f8ef5613cc37 ;
fromusername : o7SFQs4gERmw5QhtmwHawqVbsM1Y ;
createtime : 1452494179 ;
msgtype : event ;
eventkey : 公司简介 ;

2016-01-11 14:36:07 params :
------------
Array:
rule : -2 ;
module :  ;
message : Array ;

2016-01-11 14:36:07 response :
------------

2016-01-11 14:36:44 trace :
------------
Array:
from : o7SFQs4gERmw5QhtmwHawqVbsM1Y ;
to : gh_f8ef5613cc37 ;
time : 1452494215 ;
type : text ;
event :  ;
tousername : gh_f8ef5613cc37 ;
fromusername : o7SFQs4gERmw5QhtmwHawqVbsM1Y ;
createtime : 1452494215 ;
msgtype : text ;
content : 购购购 ;
msgid : 6238415151460898985 ;
redirection :  ;
source :  ;

2016-01-11 14:36:44 params :
------------
Array:
rule : -2 ;
module :  ;
message : Array ;

2016-01-11 14:36:44 response :
------------

2016-01-11 14:40:53 debug :
------------
String:
account-ticket<xml>
    <AppId><![CDATA[wxe5b18b9bd7e3626b]]></AppId>
    <Encrypt><![CDATA[S6egPN8pN3FMeUQ+TWt1M/rj86QHq7PEJA7qq/VaCVxDNqg28zZAL9gqo8GpO3r+YwrDVrqg8fClNPJQyyNWjHO1x8FmgI+55SF7tySPNlwrjyfIdCdY+CL63We6V1rckeNSvnK1sZBnmgBwEad6UlbUj8emAsS0EnzsTGRLm3AWs9jGj5zrI673+T3aUEgR5gHT9DxvOkkuWWJP4QeyJilKBRIk7a7ImG4zS0SMsn16Y6vEtD2+iYe/4gYZqR42M8kaBdGVCybJWuFCnw7jOjduX+QjWu7SMzAxTF7JbPFOO5+YquHvodI+LTWpvKk2sasD37R+Y/IqhCEisgMOXRj7YS4C3IEiJLEiNB7sCloRlKk2WIJ88li/wVMiOx2sTarQN8B/PlajIs+ZZpRAHiodXAWS92m0pel3zLmt3ljESLymv++hjiJGqHUjq1uEn3V1NoEkPkFBq1LboyzDug==]]></Encrypt>
</xml>


2016-01-11 14:50:52 debug :
------------
String:
account-ticket<xml>
    <AppId><![CDATA[wxe5b18b9bd7e3626b]]></AppId>
    <Encrypt><![CDATA[naQ8qGEd4kuBq3yNLOUqJ0+kqfp1MEolFW5/SupQ6KYDALg273dq6RmMxVQPeefpE3k3P+M0INHPNeA9c1dGR+TMR1U6CpTvmBhZYoAV4Zn7EaCaAecyRMB0PrP0mDfrIhmRCOuSc8W0Rr/gZhzlyXc0dc5aKRj1hxo0AKWi40nXss14eKhbOxwrYmO9/AU0V61gukEXaShl4KgUM8Rz0lWJNbc3hmXgB9C8jpNEiUsrTsH8xi9jZKwh0OOAW2SblT/SBz/zWfCY5B0xTCnKLG5xnZOAfXeYc/75BohFF4HBh2EUYRSc6q/Gd0oHv+mW+G7mHaE9uJ7m5FsPRwfWNV7MKdWop1oNjseYWLiaWzipiSD6HNe8ZwKx95r7TewKGarjmnr1IbC3r429zvW6rY/rjo74JJ+DobZyVZJLkNLPxrDfc40uDWgfyQ5T9FXqJueiCpv4vQ1h3EB0MYelgw==]]></Encrypt>
</xml>


2016-01-11 15:00:52 debug :
------------
String:
account-ticket<xml>
    <AppId><![CDATA[wxe5b18b9bd7e3626b]]></AppId>
    <Encrypt><![CDATA[+qJd7Mpst+XOmcSqSH+KQSJe2pU6Gy3L5gGyi44DDzwYez0gEoaYczlUQ6poD0niw4U/avyaOVepXjjJ3aWyBfcNxHjy4y81eHRkM4urZTpaO5s757c1ZbmZlT/pWozVi1s0JToFdHCMObytPZf8C8PZFwHRWd1GVuS1BaXkA2bXzBZiscuaARa8NylUvUyTlvM5oqlA/TvnNeSAdYcH9vCib7xDpZuTEynGJnZQHj8dm2F2WzMd2bSyGVhqz7aviPPcmtVgUHqEHsJZBhB0mlbYgEGAY+hB90o8M4e//dhIbseh7oFoVCWYB2eTYH1Zbr8wac+XLt2csWX8mmSbZ62MjwnuULDJu6pEuydMUiGCVJ1kQmE/JzfgGu3U1yPnmP3c5i8LRi6fddqJ3Mjy/sA5LC4CtWhJEVrzgjS8VDONtByihqNsH+7G4yFY7ru6tnPYKUWGPc6ySa72R/WpZg==]]></Encrypt>
</xml>


2016-01-11 15:10:53 debug :
------------
String:
account-ticket<xml>
    <AppId><![CDATA[wxe5b18b9bd7e3626b]]></AppId>
    <Encrypt><![CDATA[AwbUpuBPw69xO0J+4dARpJoWJPWqApmTh+3MUSnQS7E/PP1coMKGkLIfEqRW6FhEGRtwPWCGBFRUWiNzZ+AA0ewMktK+M4edTWPivsQMR+0k8K8/HiUXMFMfhdMttrQTuwiH5br/OQRZ/6g/LCJ1dCQ5LCg3TvJ+0aM0mvBzrYpwyQQkTiid9fu2Nm5oP9zV7o1DQD8JDU+JFxxoI4iLgxsEsD12A1vOyjrT7l3LO9lDW6V3FMklShEIHPagZyiq6Tn6m5nFazDTxBWpDZG89np1w/SHd3xRkGtt95CDAMmZbEYKeZsj+M6/SPGRMQqzkVTjMrgmipT8+7SF672KZfy4oXDdNjf+Dvv5nxuTkbF+twIoNb88kqWo83r9ipytBnPDXXcD2CMdcyiTAZi2/hPrT+CupfDzge7Ng8DgUGq/DkefS7yWTYVJAjQ4syFeREF6VlHMI+e4DIkXmoOP3g==]]></Encrypt>
</xml>


2016-01-11 15:20:56 debug :
------------
String:
account-ticket<xml>
    <AppId><![CDATA[wxe5b18b9bd7e3626b]]></AppId>
    <Encrypt><![CDATA[7qeKDkRDSKydXvW6uNkdhNKTZM4CQH3ZUNXkcE+SyV5c5ZSjajHbBOOqdxV7q91+m4bRe8QrYv9jY3zgfnAomGnUVAczSqrTuSvzcSEAbedC0/iBNoMS6klsLipaKRQIctTBwOmX3px6ttRGcJi8AiJynnmruM1ujc3mZ/CkvDhN5Tj1mHtPYrZ/fie3Aw/qwEZw5/qdwHdI21J5HzEX6tCXi6P6LtpAyccblDndV4Kvuw56mmMe39BqCkvsu0Gga3ClN+yvU7sdFpL6kEkFb0S0HsgQaXHNfF29VM1EeVvtliwrL+SfRsILJRZCm1EGTsAK1LPVjX7bztWK9TpKYywDO9BIyxIRBBi9a/57rlhrFcZCrUacT9SO1aP73RHISura13cpOM9V6sfU6L37zvwJkvV2ekcn++qr360sjb4jemfrsTN8G556IlsooBkrgIeYOUYstKqzlBysTDsGWA==]]></Encrypt>
</xml>


2016-01-11 15:30:51 debug :
------------
String:
account-ticket<xml>
    <AppId><![CDATA[wxe5b18b9bd7e3626b]]></AppId>
    <Encrypt><![CDATA[pobylecEYAIVCSUtft9rzBieLb42HT6QWFZrNzW1Mhpit6jBOItlocgPGyAK5zOEk4TuNYGuPebADSk0ZUU7i6jUGEAhZ+t0rzGd4sJ5wXg3qHO2aWXnHLGJb9NLGckP5GBRopnyLZrNLoHdm+w4LYfh3kWx99jmeoi3+FzMA/lgVCmrd82YCV3unrupH5AeHhLq55zeZJPcP/BFh/mK747N1Ar8poUbK3qh1qICx5NYI8iW/EzFCVx1eT+bllasolV+nhwIeYwmh5tCOsuktAabnQ/mEysOk7ot37/xsoWoIPIgiTTTxTxiUR0MOpRSArG13z5rEoDmEMQXFk7TnT/+JACQXoW7euHHjGiDm5WCOTM1mTCVVdNF5tBn3ygZvE0qntAEoIyJ06Kvq1xWTW3YB2draX1pz908tc4wHFPF8Pq7Xjuz1SWpqt6l143O1taYgUUnUFIt995T5a83UA==]]></Encrypt>
</xml>


2016-01-11 15:40:53 debug :
------------
String:
account-ticket<xml>
    <AppId><![CDATA[wxe5b18b9bd7e3626b]]></AppId>
    <Encrypt><![CDATA[K6QCs2DLQ2y4MsZdB/0jwP3/CR074z51MSG934e0ukHctKXdzL/7BVpoQo1lcTgXzn5jioOHt/s2eRJgJmO0LcAhnGqdizMx+u822bwOYTHNv6WpA+SVqw8p+6P++y6JK0NCRsjqEqQmF1Wh2CAK6Ch52fa35gc4Zgb7OWMxBNqyXp+cJrFbjGG5kk9H3YIFtaJPQ5R98Z0uzoCvYrFlhMfnH7aTKkYL26M0GikTYsMG+XuoT9sCXkZz1fl3Kk4qgzwrEyazKThaT/Y/tKm6n5Klv2zQJk/pBYvnt6ex+F50wmXjQIrpdbHMcrqtWIO8CNT8n9T/4i01Iri9OuBfJsz+rLXJyr95hSOnTflkWY5PmGpyToHpl5k4ZCdkepkWlUO/Y8MGZzY2Uabk25oiqHJsHcduzzq1o9VkDWAiw0GccGh4uJWvfEX7iKPL35d3QhCHngWYUKlQSUJUMEiftw==]]></Encrypt>
</xml>


2016-01-11 15:50:52 debug :
------------
String:
account-ticket<xml>
    <AppId><![CDATA[wxe5b18b9bd7e3626b]]></AppId>
    <Encrypt><![CDATA[WfdhvRzYkKi9vlZXDb9/mhmgbdxTdyOQCc/DxpbPhDHAbS8GNGYehbmBvKc7PQqXRZjXA/AgOpa8cKM8QiC9A/+EdNePY/rbn3Re0ccTnooNcfD+ElshnME3Ewp6JGBqywe8O8UV92wQ6CWLPHV4mHX4ZYEbkFXrmIv+gOjBQkCz/cuN0K308b5BcqLpGOUumawD7DbjHZmmE+DlTLASA4TkK1dI74XRo010berk/OCKrIiaoy6sHBDy9ezulAwGHbtL6CRQgozp2g4eA0VRQlslnwsCoYaM29APXgbM/zCAlGJ4UdtxPtnJPJJ70Aab137IZYSlVHlA351WOwePL/D4Xi7eZL6P9H8c8Cx6Nze1h/QWilNTysa7PCosbJLIkyKEUd5sqGD8dJS2iNEnkgqvx0oP5mCJ44gqgMTXtC+cEpGACe7sLwH+Jcy27yIpWvKfBA8P+FpMnzpmZRXj1g==]]></Encrypt>
</xml>


2016-01-11 15:51:29 trace :
------------
Array:
from : o49xAwrJKhUoo7ZeReUEM0zwn_RI ;
to : gh_8a5f70a28b90 ;
time : 1452498701 ;
type : event ;
event : VIEW ;
tousername : gh_8a5f70a28b90 ;
fromusername : o49xAwrJKhUoo7ZeReUEM0zwn_RI ;
createtime : 1452498701 ;
msgtype : event ;
eventkey : http://front.lewaimai.com/index.php?r=lewaimaishow/lewaimaigod&adminId=28555&shopId=80400 ;
menuid : 401201303 ;

2016-01-11 15:51:29 params :
------------
Array:
rule : -2 ;
module :  ;
message : Array ;

2016-01-11 15:51:29 response :
------------

2016-01-11 16:00:55 debug :
------------
String:
account-ticket<xml>
    <AppId><![CDATA[wxe5b18b9bd7e3626b]]></AppId>
    <Encrypt><![CDATA[eyT27txOjppFrOMGU2/aSdtl5CTVOUWWwy0tOdDtHGiRj94HKkX1gjuI/1NDynGfM3a4tb884r5pxZsDGASdhAPBgSH6pDbox75w2hecx4gIWCqn84c6ALY3qz8MH6J+/PWivx9J+QWCePfsx4ElQ2oMWgRvXE31AvnO5NZhmDx0IINcfaVx9yacYcDNnQYns0jWRIAoeOWlTs1y/SB9hSSJi3o419eKnw+ngj0+RJXelPi+HQos6qvpF9w6S54rt6C46grMGndchUwEXAqA0kUzLvmCLialGlHs1xsXbBKhzmpPU/x+yhQu9SK/RVExTZ+cIcDUirff3AY1TyBiXGdLidE13Kh/sYs4Y7+Tz5njVR3t3Ob1BqkfOWmAxlfmFUG8MExfOT9yBqtJAZWYADzgB98rjxw8keIN9HxkCUtJTSNMufK8EfPsbEofWfjgRInTcenI75HPPlGtHj2hrw==]]></Encrypt>
</xml>


2016-01-11 16:10:52 debug :
------------
String:
account-ticket<xml>
    <AppId><![CDATA[wxe5b18b9bd7e3626b]]></AppId>
    <Encrypt><![CDATA[9m17h2eNpd/bExGg0or6wV4rj4oX+U+WEWPfJmigl7WeGBdcJpwwgQgwJQpAGQW3UnGuxnRZC73F1R4I853yxQCJfMxEJN22oia0LdDwYfzN/ifInE5SGPoHMGp3lTcXPdqf7zZnjj2pi2TCaFFzGC9MVA/NIxgChdc3Qwi03GOacD3Lx6Aqs5Ioy6UjEIcfKl6gwNWDMCvXgMVQgKYI//iWut/sxGtB27oj4WH3A4fUlbLb0jitLHCR5dvtaDuacETdImS4PRO/5wGLt2hqV/bx4H6YVsDDK9goNzwtVnaDZqWQsZX5o+RPTDjyAVG6QNO3sSo85f+abglyb0VMSw1WEtbKzWYJ7Aex3Y8u6Wyx+oSL82h0TaRRv2mYBpvEGJ/O3pU6l/lNN7+H+wjkthK/qRboHIpA8o9pCGLmD0RYtPfV6EpK4tGUXuTI0FA68Q/uNrqjwUsF+7CIWPisWg==]]></Encrypt>
</xml>


2016-01-11 16:20:53 debug :
------------
String:
account-ticket<xml>
    <AppId><![CDATA[wxe5b18b9bd7e3626b]]></AppId>
    <Encrypt><![CDATA[/iX74nRbnxb9rkavMhiEYmDEOGTxVwOV4uumiJN9sp7nZMUSWyrhDcEcKDpTvXAg+M7JMQJrmnW1JcPWKYoL50gw0rEj1a+X+v42ys2Ip/FlXLFsAssmgIsQ2DMgG8/mSwr+rDEgzb3FEZnK0M/sfO0W8EbNU/ZRdh6rSlHau6XzINEjWmyHEjXsHe0Y2MPsihKXG+ZSiEOHE0m8EbiExyWMx85K01ztn2mNf5jsNNVD3xv0BI7C1fiVSmUBFb17+WFzuhpiZGD1B66FyS/7bfzIntWpQROw5Gw1wqQSPdmtbPcGiByqFFQdPD/XM0lHQBAxbi7XdHG0se+3EdCh3wvCwtIW8q0vbEIHbq5AG6zQ41u3u728WBCW91qRMlyCXRWcVlt34fHandHKMXkvoBr86fGMiXrWE+Y+kpdCSJdDTs0xm/m5YjVNYUvXz5WkrGL6iwpmWzrzHes1yTKVTA==]]></Encrypt>
</xml>


2016-01-11 16:30:53 debug :
------------
String:
account-ticket<xml>
    <AppId><![CDATA[wxe5b18b9bd7e3626b]]></AppId>
    <Encrypt><![CDATA[oJKyxGwzDB2LRW6DBGQ9l7u0LwaN6E0a+FnZYRkP/cQggqFIB2DTJIZflhm5+Auo1fjMeeoPYO1i5cV6+9ZVLr/febRt58D40L9MzYEhn5ybp9BeKZkHIr+hMui0Ho25Ffmed2Pqna2/gtGiT+k6R3pUbEDzSIzdAcEPsnovq6IyXn4ee4AwOe48msAWEPA89gF49Ge2hmms4ykfOyAACmrB+LaUTpcF8K66r5twamR9nk5rfrJMwu6DxRSD0+Jh0RQenYs6t/pZxTWpfa3nucBgRTC56lFEGTidVsYLCcv2vOVD0f63uFGEy/tp7aAJKl8HrzYaCFDAP6ODzayxabgofQHug+NuD7Qt8VazwhniJiTE9s/4mBn0QsSWRkuA/JO0GUYXslpg1+ss7Dr2eOY+t3WNxi1lkhJOXrSw3zBJDTY1aKWDvtPrWycEdBNK3f4N57D8bNu/fmfr+FKmrw==]]></Encrypt>
</xml>


2016-01-11 16:40:52 debug :
------------
String:
account-ticket<xml>
    <AppId><![CDATA[wxe5b18b9bd7e3626b]]></AppId>
    <Encrypt><![CDATA[nhspDmHu7xIUFzh27sdiyykCnApe6/38WeZkkHBDErldBpZ+3pJmUpPIE3+0g1FMWGRUEymUENGBA/B3jESKPvz32MNFw9+QhZD2MciwmoVV29eFfo5EWB8PmJPDBILcu9PUxYenbp8Iw7KC2FCFx/Q1Cg20oeQVGMEZD7xYb6H5OzfJ89472OsR18k9IFA8bwGFJwVfMk9EAhyswh/QPA42G0V7/7jYrq0dTgJhM7jhJLLBk+r8dnibxWObFWCkLmdrg3ae+HotSYe9P4zvx51BrvGVVga2GrJS669Mk89QX9xhPjUEPvqGs5ACd6LAa2AIBgZYCrZx6KZbxnVrxWsh82wBKQGOnTsCn/TCZ/maSTSG3ffrQEsOa6nIEONSllGBxBeRiUKb9uynBHFUVbZa0h/BFV33iNlpEg/5ge0PToSoyi7XjYocmmZ/ZPQ5e6MxANmXfK1J8JRU2vvWTQ==]]></Encrypt>
</xml>


2016-01-11 16:50:52 debug :
------------
String:
account-ticket<xml>
    <AppId><![CDATA[wxe5b18b9bd7e3626b]]></AppId>
    <Encrypt><![CDATA[XZlHNZuq+Y2YBdy9xQHsFLodaBroqhfVKrSrg8vYSKno6Oica9cAU0kKwoz8avtQbKLspB2BufXvhoSwKwqO0K66HYQ3G0Sn9RdbWJ05PHekBFRCNbWrMWIyS4C+auTTSPONJ99xxHJE/F0y4FViPgIq9jArDS3+VIUv4OgGJ93jydeqB5ZuhIWhZYvoI/RGiTdSrTnPPvhXliKJbOzb2B0GISZSGJixw5Sk73W49f9C/3j8J9Vuvu3rmJ7JBiffJDg4evzwzkXy/weTOeU/6fKRFOlQZv687WA641gmwMhlfpu6f0NPP790/8dDkXaKy2CZWCrVSAmImwSL9CKtZPZOtnrRbBdEyUDZU3pfrdOpZk8DceTLHL06CZiiNKzMyoaR0t3BkNw3SKuxzzm5MBDfdIGK9Q/iLysjqFQmgG2YRFf/AMY0jnORBC0aeyxuDVni3FFCPxNTwc8uAsOEVA==]]></Encrypt>
</xml>


2016-01-11 17:00:54 debug :
------------
String:
account-ticket<xml>
    <AppId><![CDATA[wxe5b18b9bd7e3626b]]></AppId>
    <Encrypt><![CDATA[0YB71ES7p1Uip17+d4KasiimKPi8uTXMHIL8a6F4SKe1TP93sR22YkzBdsvoORWIzBKUkNJ7V9rFOKxyHyWjuF2TrsdQfzoLM44AwhmAukZVU6egKuSasY0iE1lUkq40EJHaKyRuuZ4gyXYAmqqtIL1aZpDOR053SdViR1K/+Rvun+DPyG6Z28dTORF3gvtUJJo3W+2LkMRRH+jtRHCCaT4jkZm2ZBFYNtGjXaloK5BdOSu81h1Ifc8cq2hxaODb3bGqE6hm2D8qSvGRZWgcOevoKwJal2lssgCnUXzO8oTjZX1tLoAAbgDKt6PuQ+6Y5lVXBiJdV4cELOzsSfOafFLKmwWR3XVOX2qD1MyvKECIjLL+1e71YGOOkg4u+FV6I98pNU8zKNIzL88YxiCjRCvTZn5Uw3VWuJiHQfxC3Y1kGuNxNZ5Vjk19Ai91nIBFufwmqUoixhzyKLSZsilEsA==]]></Encrypt>
</xml>


2016-01-11 17:10:53 debug :
------------
String:
account-ticket<xml>
    <AppId><![CDATA[wxe5b18b9bd7e3626b]]></AppId>
    <Encrypt><![CDATA[qvzHHrMGpXeDC2Pv1ZXA56zca87ebx0p0hH1HNn+/20nmaiTW4k17ZdUKhpC3gcRGTQKYiykhf0qysHw0TvzPOy6c3sJJTpnbHiZ8QN9Fi6pKTMTOEvLITiHgEJLE0CkO/3ckE3DiH0Lt3D3PKTj6Yxr+N8+dtZl7SYV1q8qz2/c6pJgOX4IRCmIG/ciwLsqbfMPamhElv2yvUHm9z4RdHA0r0PtEoIvoxgbD6lcviyJT54perwBrugbiVY+UBseMAc/xSJFKZT3c1+iUq27t25bazO3QCeEly7XHk8Fm4Sx4Mx6lJu4rsHtCXv6iZYdGosyT4/zfn8r6ZiRtonKfUQ21CjfhUbbcVJvtVQFqsv3SeQXoXRzohG9BoD4upRGcECY4UGeUCEA0KAV1eXVgF6myFDySEMq3sjPm76swOx6aOrYnQG/xLgE0pb1gdugFEnFcDxv/yy5SdKgpLhivA==]]></Encrypt>
</xml>


2016-01-11 17:20:54 debug :
------------
String:
account-ticket<xml>
    <AppId><![CDATA[wxe5b18b9bd7e3626b]]></AppId>
    <Encrypt><![CDATA[aKk4NB6TQGiFPhqRPHuah//Pec/Ne1HHIgwgl7lZwWuOHT/U2H7JuHtN6zHW4WQDT0IcUbCCmHpo1FQoVkaLLslYAjK7SA+2jluMjceRjQgQh0rtekdE/YXe7rYtfi976Sj+peupDLBqPCYQRuk1L44pKh7Y/JLgCKRh/EUo2obOLrtNWP+cTFr7NocvBtd3k9uyb0FuuVit/5+ZwEw06Cmq4UD5nwUHcELYYmtb4QivllLYToqwVZdnGh+gnabLhhi0RdycrXC3iC45xD1rVDuAvO0EnU9rudl36He0dKcLcNScAfPtRLeMzh6gPIzDyrhgBtcne7Ug0L+9TxF17eSwo5DT3eEKk3KbWFANBQEuT56aYuleznGtMvwa60Z9NR5oz07ztKu2Yrxe00KarWm81Ha3RIi0Se8IdjBoqRWw6Iwx9VKabtz19j9ZeF0M42wKotD6XkeTl8YkdQzYGw==]]></Encrypt>
</xml>


2016-01-11 17:30:51 debug :
------------
String:
account-ticket<xml>
    <AppId><![CDATA[wxe5b18b9bd7e3626b]]></AppId>
    <Encrypt><![CDATA[vUKQBSQS/KcPtGvbAY+Mz0lpKOdeLRh668qv0uQREvFnLB+sewErBhrS6UPNtOQum3mNNHKPUR/WsQ9qlCgHtfz4ztHjf1lC+BM8kOmJH5OGMLmhBR2hI+t5cVy5g0Tx+4LXgT4WfMe1YXIfgV34DKd0FqpMS5wnAbFXVWV5qHIz7OAP+Vs0J6KB9Gtyxchi/ZTvbW7mEs2fn27VB+pl1oF9IDltoiGBCpEAZ0qe8P5f/joDsOWNWb/0vYD76ne82r31uj86s6Gsu8nvCRURMf6voyIpzyprWA41Zq1mRta0h4Oh5e7CeGmjWQpUHEHxfV2tZXED9uOQwE1K2AQLeMSqpFz7acwM10udFi3uDfKpzUexzPAWkeuo80HrzJwMISu44AbuJU/A6o2rCBBO5+ARLNs4d08hJ/iDRwJQURAy9xgiMjTWlCZTMvGlZj+R8NtPN6lD3l1sjz/BlX7Ucg==]]></Encrypt>
</xml>


2016-01-11 17:40:53 debug :
------------
String:
account-ticket<xml>
    <AppId><![CDATA[wxe5b18b9bd7e3626b]]></AppId>
    <Encrypt><![CDATA[N75wcUbMHa+SILbEswcdNAgo8+Gl3q2kV8teDAcfyiEiGxs968WeWs6zcxFk35hiotD0PAFRxXjSK63qkgwH19H0JE8lPH91kNG6bYgn3ZQhmOhgGJT89LjmJ2bU07zjpXK4C1nB1W8nJlnxwKENyADwhZCwOF3s/ZXKAkbfglSLx/Yrsi+8J3J+j+Axbl5KoDp6q7Vvbyc3gzjHWzFBWXhUbNm2SMoehtV847mjYfqzgD/eD60HGc/vojvkpGddRJ8NiWv6uWYWAnamzatMwfrPogyBjvoHI63CqVtiNSzIVqbVi7vdX4zv8LN47BBX43WlOV9wRcJOTTcI0uBDQ3LM6v78Jx1O+J62UX0OZ/uJnShKD6fSIRjP+Q2KDIbDCDL5ysvMU5LzIWGz/+OfvHUTVZYam3b5/AfxZ8VrPvvkG3De0d45jwx8txoMamjUFt3vjdflWMm/3yf5sDBp6w==]]></Encrypt>
</xml>


2016-01-11 17:50:55 debug :
------------
String:
account-ticket<xml>
    <AppId><![CDATA[wxe5b18b9bd7e3626b]]></AppId>
    <Encrypt><![CDATA[JoZn99pHfpHLyVmFh4Tks1V66OWfAEWXqO81/9p1F6kaaWotfOrI8+cDRUMBgvih/MKYd1+P5dO/iz5AWY2+dGQAvPJ44TRmEnJjW4IdU08TX9v9o3dWDsOztK7o2MG9wphP4/26N14pOMkmmtYIkZ0CmlOOOsAi/0e4Xsh37yhx9r7/tfOui4l2Rnt3DQgAbfjtiHQpni2TbBdvGwHHVVyBenDbWwN/K+SpXeVlh/BgMOdJh2rjtLZnhG+bGMc1R24S448t1iefa8W/m09OOGejDc8O3+ambyvuyuZ2DMG6UEVEPx0PxmfF7pB2UijWocJQDwvLpVP3/pYANp0V8XnX4lR69fD1uBIhGWexYf6V1SGc7/dgBAB9zNdjia7fhjED3v5+nKn0hDr488QkvbRtKHXXLcRdsCON8fJlFGlfmkgK5Scg3t75flrbRCqpQjwD1yeF0aXd0F/ScDPkIw==]]></Encrypt>
</xml>


2016-01-11 17:51:51 trace :
------------
Array:
from : o49xAwkeXCHDf8vbRJvoIHoAJ1QQ ;
to : gh_8a5f70a28b90 ;
time : 1452505923 ;
type : event ;
event : VIEW ;
tousername : gh_8a5f70a28b90 ;
fromusername : o49xAwkeXCHDf8vbRJvoIHoAJ1QQ ;
createtime : 1452505923 ;
msgtype : event ;
eventkey : http://front.lewaimai.com/index.php?r=lewaimaishow/lewaimaigod&adminId=28555&shopId=80400 ;
menuid : 401201303 ;

2016-01-11 17:51:51 params :
------------
Array:
rule : -2 ;
module :  ;
message : Array ;

2016-01-11 17:51:51 response :
------------

2016-01-11 17:52:05 trace :
------------
Array:
from : o49xAwkeXCHDf8vbRJvoIHoAJ1QQ ;
to : gh_8a5f70a28b90 ;
time : 1452505937 ;
type : event ;
event : VIEW ;
tousername : gh_8a5f70a28b90 ;
fromusername : o49xAwkeXCHDf8vbRJvoIHoAJ1QQ ;
createtime : 1452505937 ;
msgtype : event ;
eventkey : http://front.lewaimai.com/index.php?r=lewaimaishow/lewaimaigod&adminId=28555&shopId=80400 ;
menuid : 401201303 ;

2016-01-11 17:52:05 params :
------------
Array:
rule : -2 ;
module :  ;
message : Array ;

2016-01-11 17:52:05 response :
------------

2016-01-11 17:52:25 trace :
------------
Array:
from : o49xAwkeXCHDf8vbRJvoIHoAJ1QQ ;
to : gh_8a5f70a28b90 ;
time : 1452505957 ;
type : event ;
event : VIEW ;
tousername : gh_8a5f70a28b90 ;
fromusername : o49xAwkeXCHDf8vbRJvoIHoAJ1QQ ;
createtime : 1452505957 ;
msgtype : event ;
eventkey : http://front.lewaimai.com/index.php?r=lewaimaishow/lewaimaigod&adminId=28555&shopId=80400 ;
menuid : 401201303 ;

2016-01-11 17:52:25 params :
------------
Array:
rule : -2 ;
module :  ;
message : Array ;

2016-01-11 17:52:25 response :
------------

2016-01-11 17:53:06 trace :
------------
Array:
from : o49xAwkeXCHDf8vbRJvoIHoAJ1QQ ;
to : gh_8a5f70a28b90 ;
time : 1452505999 ;
type : event ;
event : VIEW ;
tousername : gh_8a5f70a28b90 ;
fromusername : o49xAwkeXCHDf8vbRJvoIHoAJ1QQ ;
createtime : 1452505999 ;
msgtype : event ;
eventkey : http://front.lewaimai.com/index.php?r=lewaimaishow/lewaimaigod&adminId=28555&shopId=80400 ;
menuid : 401201303 ;

2016-01-11 17:53:06 params :
------------
Array:
rule : -2 ;
module :  ;
message : Array ;

2016-01-11 17:53:06 response :
------------

2016-01-11 17:53:09 trace :
------------
Array:
from : o49xAwkeXCHDf8vbRJvoIHoAJ1QQ ;
to : gh_8a5f70a28b90 ;
time : 1452506001 ;
type : event ;
event : VIEW ;
tousername : gh_8a5f70a28b90 ;
fromusername : o49xAwkeXCHDf8vbRJvoIHoAJ1QQ ;
createtime : 1452506001 ;
msgtype : event ;
eventkey : http://front.lewaimai.com/index.php?r=lewaimaishow/lewaimaigod&adminId=28555&shopId=80400 ;
menuid : 401201303 ;

2016-01-11 17:53:09 params :
------------
Array:
rule : -2 ;
module :  ;
message : Array ;

2016-01-11 17:53:09 response :
------------

2016-01-11 18:00:53 debug :
------------
String:
account-ticket<xml>
    <AppId><![CDATA[wxe5b18b9bd7e3626b]]></AppId>
    <Encrypt><![CDATA[gk5s1Y0VJcEsV8xwtfQWTSG99ML01FDLIpoNw3AbduJNCBYlOVfmNbt7TUrOolqOvxpexqKvFCDMNhU00R63WgLM2xE/1qzFf/bf7U9QW6Ub1kqqyUiU4x6b8n0v8/qSv6MpyShD5w949LpgZbrydbNxjeIIHU4h9WgSvxl67mNRnoooa1jPMqkoYa29g01QBUTWachYceNwZ5iujlRyH988XNmBitIVwofb6ZxXY28TftBU990GxKhqoUe51aLQWgcmCszxq30y5+skTWilB2nA1vYT3/xGjxfM/ODmy4pqWw1lrwAbit3lNGkd5s5Oh3GY+oWwGfTSvViE7VWsfJkSz3+jk7OHFT06+xEvWatTRk2PBFxpvUjsWTlDNo4j9ME2y1d9yG7uHze6MFDNo9WeOvHEYUtLFgJUbfAfchMgc/QPe3cccE3nm1Tg1TYJBkaDkwWoCB+T/hQ013kaJQ==]]></Encrypt>
</xml>


2016-01-11 18:10:52 debug :
------------
String:
account-ticket<xml>
    <AppId><![CDATA[wxe5b18b9bd7e3626b]]></AppId>
    <Encrypt><![CDATA[Dxae9eFtNDmlBRflBeOW7Ly96Od5HtcwMtNwBp4z3RqhwNDw1Ed6G8HsGo0OkIk+SXFEHhAkyQj4cVH7t2aSemlFjpaQb3QDxPYlgH82xPeWsFHS6rBNdd62DB+ht/Xp4ZOcujnu6oPbbCrIYr1YvdcBHWtq1SNEsXLeJc8kZngUBLCCWBiytcV0fEGaIRK+FtcmAng4VKUXxgQO/iQSbg+SfiOBgROdV0RqEbOziltjIhgJ0xifgYrBusOvOd6vH2LpUo6Ldxs3haZlZcrsdxubq0NId7tmbYXbR/FcUqqC/H1bnpbF3GHw23aFCr21ib537eYQzSCLkgMwRcnEg+aO0OPhIj/oQ8U2Te6exL/6hXRBnDxPQVKEdOjOnTEYBKiR0tfQDaniECCVa5r/RBa182eJSmeP7pLqJSyXJ8cgakVJ+Rxdd2EMhbeJdMf51cu4axjlD4CmCWoTe00f7g==]]></Encrypt>
</xml>


2016-01-11 18:20:53 debug :
------------
String:
account-ticket<xml>
    <AppId><![CDATA[wxe5b18b9bd7e3626b]]></AppId>
    <Encrypt><![CDATA[Em4WIwZq4Q/o9T17rlZq2ZKgCI+8ux1EMioJwleTaVzsgc5+54myA/eUUqcl2pbsOLtAQplfRcw3OZN4R62aoj4g5ySfkGtWv6xFtEwHPPqa4/zl+ncDo7cMb+cNXSmExDoqsok/NgFVH8w9sPJGCibOAhdbH7gZ5IjqQCiGOf2dNL8+o/4zkTQkN1p57JzL/oaERy3yQb43B9PWMrIaj/FDvHvZNXO2zA4yERX8dx2AmQXq8yS+xSXX99j9JxElui85RG8uyNRBmTdgdF4XX8AL2azYs43ibvzf/Pnl2hYmGGMWwmFeAXzDmJz6Svv3wKeXFIXVqVnQCYRL035pXGOpAdeeIIaiDbwjdNAlLnYxJPmptfhxEn1bMziIkZxKLFFTnkpuq1cO9WQC2y7tPj2wWmVCRk3Go0Fj/oqfeZ81IrHwypeQ8F16FfSauCJhiYmIR5h0+/h+wDbajdkxUQ==]]></Encrypt>
</xml>


2016-01-11 18:30:53 debug :
------------
String:
account-ticket<xml>
    <AppId><![CDATA[wxe5b18b9bd7e3626b]]></AppId>
    <Encrypt><![CDATA[xAdxyabFsp4WO6vUxdxi0BW9u1Uktsb2RTAJv+n8YywN760JVijt4URI/5RkHnXsWT86DIaXDcLi8fOfyNVvwB7BXrIOJaW9+DudjOuGnL+O7CTuYo68G1fWtx02dekUh6rjVgqfLbtfRmfmeeW5HLxsCNHK7GjYROBUHY8kcUt5ojIpBWVKjVLcPvnB38KT2/v7B5ySjUxpbIdprxNlLnt7uAR9DFBiPxKpzHxWlylZg8Vs1QcwAlaujOnovz1nnGxktXaBS4WKJnLVtyQ7L9fXKzBlHAOTMATqTBsmasZJpRAFDPBfaBr6E4eH2GpImb8vUR+wOMAGNeGixt47yf8qYnm0XjHQ65B0GqkC1DzuL4oRKJw6/ZOSp4MgTmu6DWDbMT3A1Fd55yYjtdYaTVOMwADvGTRlpdYkQ+0e1JRdYkPldBixGgBSCtkyCUHjDkGVmzwYVprvfVr/wRsFIg==]]></Encrypt>
</xml>


2016-01-11 18:40:52 debug :
------------
String:
account-ticket<xml>
    <AppId><![CDATA[wxe5b18b9bd7e3626b]]></AppId>
    <Encrypt><![CDATA[D7bVX8pOWcCdxj7gDk6dG/kH/jRoBsGJATw8fGiCUsedNkqmQPq9VhNfwuodqJ12O+M95tiol8jci82d14PFD9n/OhzbaHU2wXjmkf+ZFKVwfOqhWo0nqmzbsPBlL8zzsQG8P1terxBkhT0ZYFXlSw9S8egmabLjdU5qoOxyAWDCO58Q8nGIpyoP+W967Mb4F8kfAA9DQ1iKN90cFcgdB+NHo9GfhUDOAZzWv6ZJe5K2bXOnW4zh2YW7UQrURH8kfQKH/n0kRiUPbspGkMq/+OugZx7ewmiTr4YgoSO4zn0K/lzNSzpb48jwutYsNGv9xfqQ+AtyPq4tTOU+6IVnUONPzoDmYaNt0qYQiF8R7YcFtI+hT5TEaJGLTml8a9zvtKQhJo3I0l3jnsfuDU+VP3YF5pU+Mqfk28iND5zeLFMHKE15xQqFPiuhfM99T3xX9fnQtiyPX6w4DVwAs6D0sg==]]></Encrypt>
</xml>


2016-01-11 18:50:50 debug :
------------
String:
account-ticket<xml>
    <AppId><![CDATA[wxe5b18b9bd7e3626b]]></AppId>
    <Encrypt><![CDATA[O/ZpVWVNOkIN+IOfYtqYI4GacDeMoYThKx4bL2oDE4E2TLsuAsWX/RbY97vVEvhaGzHqxqNz5tF09vrdJ81wAXBcwTBvxxMnFQpxMjcznW3WDZakMsgXymL15lGDzjVubtwhJwjN1cGDCJSduehrOInqFzmuhDDDbWNUesIsKxg5xanRbeG5GnC7Bpx/066vtEHqqNXhqISSuzr6BDJ/gp58fE/rnk+lfZyxOExdH+ueM2sAsCLiEjNpmO4UmIwfSMPZ2DKLJRPKW7z7y9WztqJrnfODu6AWn6Cnc6xAjGg+PJNO/OHSob+tCQ2iw0KqIpFIq2cSCirTsTKq1uE/up2qmNBNg2JmjkUTsUjntl636+IQsy3WqCZpnoWQrYAgDoHvORKlN8jhM2q2EmQ6mQmP6Lapc1sKJtqQ26B9r72CxgEnbfdlXMHH7XtNJtSSU2wMjFJn6AODc7DF6ga9sw==]]></Encrypt>
</xml>


2016-01-11 19:00:53 debug :
------------
String:
account-ticket<xml>
    <AppId><![CDATA[wxe5b18b9bd7e3626b]]></AppId>
    <Encrypt><![CDATA[AcS/2iTOLcvR+ddX+LqfCgHqn6M/OZ7Tu7DzSUjMA/XWzzT1gb/NUlyaLnuuk1h3qrHKhynZIPGDgk6mi4wrdxkp0ZzrrT9x6IGuLftbCWvQL7BvdILn/15ix0DO1But2bOWImf1R0pZH7U/GtqCBjbzJlc68uW1LlPMSMSTf2Dzj2ItJQtr2OSlDFdVvHXvZ5h0Fn9Xh1ACQGPKz/DC74JsrYFiayahJiDDWKiAFBJVS5Lbn/S9ve7TE8s8rN+sKCJxUY8KcBbj55S1ucHt/ZkNRWFO+WoCiPpF9j6ocggj6x1wHsdHHXMCi3YPqI9/1shMFKieeyZTgZ9jTMT5/IbAKLCJ7z/YvZVmEs1TnBtGOpejW+KnLgCBDveO1bFjTI94zPyzMm1TuLq1CvDwWMUb40tZzJpR01NRiQizStYDprDo1JnJbFvpoXP5JiIkmUABp/YRSnRonsK7JKS+FQ==]]></Encrypt>
</xml>


2016-01-11 19:10:52 debug :
------------
String:
account-ticket<xml>
    <AppId><![CDATA[wxe5b18b9bd7e3626b]]></AppId>
    <Encrypt><![CDATA[kX1Lu3GVHJQxBJkHoU4oCVzhQrHAS3mq6yGVXQu68CZvfrLORB6Qf464btzHkqQfnC5UZh1uXYWAAwNxOZqNwGy2PewKLIBSUOVP8pke5dBh900mg3zUL507xuK5R3I5AjkJGmc/6AWpCTqhKn1RtB7xy4ahPpWAV/LwZ72/VdRk2qRJEKvkytgfuoeizEXcFnSCnCrIlZY4ffq/8a7s9gLV18XfJrwbGVElhKpIJdXO45S2BPfUef9g0iY4T1wO6D+V5re7LVVlsPBJelOaQ0oq8S+vA1HajRUAWqqBKUWxkiGFRi3ey3LIwZjaZsU+UkOJ2MOb6zb3CSICXBhEi+7/QFyFt0NsMpcYT2ld+QIWo5pChwvOz/r68lTAIja7rhGwN9T3gs0f+XW/IzHX7nBa2qEeAnV/l7Y21uVDqIgBum3RzDp+xQKLXj61yIXGSoHCkS9NHVYLtQYpeSFsGQ==]]></Encrypt>
</xml>


2016-01-11 19:20:53 debug :
------------
String:
account-ticket<xml>
    <AppId><![CDATA[wxe5b18b9bd7e3626b]]></AppId>
    <Encrypt><![CDATA[nfKLypMZ6CnzZgrgr3j9MQ6ejsU32+BsFFV+6arbs9h7PUYP7UZ3gb1VxSkDQuXDG3QFRQp5jBTSL10/8RG4ZYGa2BLytUmK/tnDzOz4WlnKwAhoc/rR3Xbw0b6NwkiULr5UUisShD0LOHVdx3gCO5Wp/FC7C6gdX+3j3rFJUUWl4/0NVpV9hxfN1RpGeDV09mNZyVJ8eDB0NLvTn8FicKyCGwEiEtjFd6dSyehEyXdaOCR3bARyrx+Skq9/Z7GQdLYOFDOdx9IO53OVHHTpz166SRO07LZN+Smv3wm/+hh7hYP/PTD71neUeZIAOm53XcW8BakJPz5ggviLiXVuoVtc5mraZ/xLm7QSoKfU5w/cVq8xybreWVmX5iBaSPoDig1HdeUw/RQ7d9zSEelIFdMMGIZ36N9jUsslgk3jyTPBVj4ByBIbDEcvptOk+aDIBFBG/aodH+jn3sfOi7GjwA==]]></Encrypt>
</xml>


2016-01-11 19:30:54 debug :
------------
String:
account-ticket<xml>
    <AppId><![CDATA[wxe5b18b9bd7e3626b]]></AppId>
    <Encrypt><![CDATA[HSYvFKgcNzWjaUppOcWgfL282ZxwfnubuItwH1RoU7t3RXvmw9LG/qT0V7HSFli8NRJJdMvF0onP9QAE4eQvHyO18whqFZ8XvLUq1fCm11w2gOg8S351vJ5pkwWZg1sBezhyuiJnGdFFPjA5L7//EJOjlr0kDMMTPxhb39a2Jbu0t/SfK6cjRa6xHO7pxNNW1PNVbgYyyay8kT2KRskZ9f7OOERWP8nnvrzF68d0IU9oZHAMBpUEr7c5yT1JNnC0kiCiEBLbYDmBd6jwsBI/SAnuUUHVSYuv/HR43nS46Q4RXC7hoDdCKPdEFvFzv44MGNNLjw2jdM2em3p6Z7hIvfDgPBbk6Y+K8UP+SujwE2k3kAvvMU2jdWQnqJf5x1kvQiBRpPOXQKhBL7cbQKDJm5K1cXZFg5hS+gVmAS9j6Qa34kDi4w5fZdWQ43/QaPXz3fa+l9LweqcFeEaVUQ3RtQ==]]></Encrypt>
</xml>


2016-01-11 19:40:53 debug :
------------
String:
account-ticket<xml>
    <AppId><![CDATA[wxe5b18b9bd7e3626b]]></AppId>
    <Encrypt><![CDATA[lJsuvfe+mARBxakYabA+Lq3myaH3oyImL8QK0zvrO+93of5/fESsndc5uP1P8b9djtPOIY3XDeD5gHbAGJF/ukW5fWU4pYcYf0jbg5FpoUhLTyMou/ONXfkaS0qaEw0WOxUp+hcuncU5ZrNyyhYxdyciDFWNbm5/MeGuJontlOY3KhON511/Z0JIimXIyra4QIQd0RLJIFucUrWfU7LDwGsijuYAdDsT7RUQtC/GRIIaL0x7f8qDz7YTPAm/tVaQpSdEG0Tpj8dnmMs0JpHHifoe16JDa4V/jdYfeIdDf6nkFgUmjd3yo5ZlE/4LiT/FilZ5C3gwPixdl5YKePht7bSFyFO7JKB/fLLL7zM872eJZGIqCYrSPQo0+W3PVUBAT1XdQdzPu1sNSqMKnFOmn8nBEpCPnkwIHFUfAmtLYhoPHrtsk6RYrOLuriVxsbI07PAC/s4gFXY/z+K9dTRayw==]]></Encrypt>
</xml>


2016-01-11 19:50:53 debug :
------------
String:
account-ticket<xml>
    <AppId><![CDATA[wxe5b18b9bd7e3626b]]></AppId>
    <Encrypt><![CDATA[9UnqQzO90dUk08IOH7WkEOuIFN4Vu1So5dNi5P9aFIxiTgfJEk9efDYJTH8JJwvIlb6AJRsDBfNUjzfeogz7KOPHOZUY5ehfxRpB75UhPGzeOpuv84Rm9bkz5qnbnOysFVCiD//xCp3q+lXb8aNR+k0o9o18HM+lb2iDwyCCD/w+eTSOnmJvwpK0obPqSeFtfA2UO0SNwIFonUGKhtGJFtiDvl8zgu1PbfG6q/i/x5wMr3a12GKHGvEk1anRVM9d3pQrLTKSSmvx6T7Wv/3Sn+ebp8f68lj7x6LsHxtG3gzEML+i759D/Xc08MLn2iZUu3xkgMwrK0vL6It4vXLF3sqSQBXtUE+JIpnME728uTsVan3D0Kjkn/StWuSuczxAFZQTJ4+Dg4duWjtvN1Ys4x1i4d726apAGtoSxNaNp6Vze0UxYmErGwOlnwWbWACB81iTjn8imfWBn1kXZe0cyg==]]></Encrypt>
</xml>


2016-01-11 19:52:16 trace :
------------
Array:
from : od9jLwtVdNEIcUZI0aca8ZjNQ18s ;
to : gh_ed9cc7248212 ;
time : 1452513148 ;
type : event ;
event : subscribe ;
tousername : gh_ed9cc7248212 ;
fromusername : od9jLwtVdNEIcUZI0aca8ZjNQ18s ;
createtime : 1452513148 ;
msgtype : event ;
eventkey :  ;

2016-01-11 19:52:16 params :
------------
Array:
rule : -2 ;
module :  ;
message : Array ;

2016-01-11 19:52:16 response :
------------

2016-01-11 20:00:52 debug :
------------
String:
account-ticket<xml>
    <AppId><![CDATA[wxe5b18b9bd7e3626b]]></AppId>
    <Encrypt><![CDATA[jzsCRYdI2H8KD+6B7QTWXgngFxIT89eo63qtAGYF4TiBbNWJLIaYoExndIg8EJ6DVfisWRCAtmgF3P1v9AFqbKz1Pw/DDuYVn+GKIxExZppxjaz5n0fAljcP/hzgvPs3ypxvFp1aNXwgIUXegQDAGGyciQ0T6Z+c5Cj6ksL5MAktvlpHX6cs+/X+wfmIFCRlZ1bPjAv4crmhwebtA4Zh/0KW+ugKZc8UnykIPfbF9i+5XHp6lX+d8oAH/MVhpmLaameMW+7FyZ7nHpsszSZvyuOIxSjlaOlu5mm/ct2YJ1K9CMBIokq/UExzIa+2wW/LZ9d+vRJoF1icwY/DVAHZ3NnOmn3SlBe4jS8SQw3GRW4+ac2cC29EQZt8QHGbL2rkoYBCXyLBWCU4jElMD8YV4zwyoWRPrJj/Isu7uUGtBEjriRgmbH4a9W/cyQ1ZhH6M9wbIg5diLvG4hjXZ7BwQVQ==]]></Encrypt>
</xml>


2016-01-11 20:10:53 debug :
------------
String:
account-ticket<xml>
    <AppId><![CDATA[wxe5b18b9bd7e3626b]]></AppId>
    <Encrypt><![CDATA[C9W0iXBom+NeZ0oo5G/EPjMcKEcHdYS48CTJibdrU/vrLe1e+X/zBASs5tC2fTK00ZB1zAD7Dh8Jeoziqbz87ezid1rqRItV2oM3l3SJIoSxyzCCOHdJwmmsOz+Ec0rwchn/IJU5ztMqyxcv1q8ABZORNk35+W8J9Sfmr/jr41MFY/TxHFIN7Pv2m7+UcfwGHrNk0Q74dmRiQg58jZciRyHo2ftsoIWfFo4+BLb1NoJSZwzlei1IIKTDTCRUKDL9XJ5lrCKGjysLAvtnFUIqmjO+J/LhY7UHZdeRMbVJ6k/0ICHDdr5YIsRbJ5roYh9QeSrwIrRlJu/sKj8qgx3FQlSep0/gJzQ0oXhCrS+xSUGx0pMKV9Egia/Dwpkvcyu4zCq13tQujsabs1M9LEizLwu3qX/o7T4CrYCYgEdL8idc2Tt+BYRDMbJMxWqXFMQnWuVzZFeg3k139ou/5wyqUg==]]></Encrypt>
</xml>


2016-01-11 20:20:52 debug :
------------
String:
account-ticket<xml>
    <AppId><![CDATA[wxe5b18b9bd7e3626b]]></AppId>
    <Encrypt><![CDATA[OZGfzUmVbYTzp6JMEr9AXFFXPBvOJUMVnXMSlCknNIb8JrnZg4aEtxJUdrLrYC8cUUtdrOEEyjp+eIRIhIIu1A+ipMVK5m7Redm5cgOSoZnpThhZSgEaE7VSl/kUVqcFfSzxwvvn19nv0rKyCvmVxgIsyL86WP24txK4KvoUx6nfF3sxb36+EptrhpuKfJ9lQFeqzSUiANGZSca04SsEawfCRAcDTNPREK34RKkXe3qcrL4OUVHW+A1Uy1ffmGCoiCXr817KvXhGosTCOFpdYU1RUKX4V33IWLTxmzwKw+xEcWRzL/KH19/Hccmpz1fz8ZxnFrcMuvH4t9V9Ng7zu/RudEsaHperjAYtYE0Ows7KmQG5xalnZteYpWV0wzPPEZIL4nWxqfK2cuTDOxtC0l+B6Vl/w1YGTWTN/7a+h4foaXDH/25dKOcBwSQIPOuDKn3sLAN+PRVceeD2YJPx+A==]]></Encrypt>
</xml>


2016-01-11 20:30:53 debug :
------------
String:
account-ticket<xml>
    <AppId><![CDATA[wxe5b18b9bd7e3626b]]></AppId>
    <Encrypt><![CDATA[6AyfU73vcPv2Ksqf3Rh/QqBcvbQFOTNDomohFCtzl1HDhv0mplP65RGLAbsFw38Ryg6qIpYh0lwcy87Qy44pRtCbCuWMx3V8C+KoDbUwOELe7Y9oqjMzIRoDclZTIzad/eSeh6qPT43QQfiHsUfaEL6vSMIPq0FKvG4bRWlA+o8WVe5JQjoxvmGwYqChlNswq1+kubOgGzDLdKhuJx1PnpMQJrwvd/1tm6Ma4bU/1Y0IDJoT/dizHzuYeOJm7EDodXIrhfYSSs73GwH0ug7TYc39Vc9XtQ3ENiMUkElVbeTwoszFlMQhrDEG7JVqD3n2Ud0pmkHaVWKWLofmIBKxHBpP6AJAlfordwaNje/77z7oG0OgK5n9/53DLNInIWldk3acJ6XVovtDdToJ5S4WavDz56HcZedh8djYjKgeQrL2DURcwErp13U0o71QCg8UKEd+CCFfAJK+V90edr8PRQ==]]></Encrypt>
</xml>


2016-01-11 20:40:52 debug :
------------
String:
account-ticket<xml>
    <AppId><![CDATA[wxe5b18b9bd7e3626b]]></AppId>
    <Encrypt><![CDATA[g1hV248ZYA8fCB4BrIadZCenwMnxVN0VAJcbFFGQcApO//G4ZU734ZoRaxvSxtFyS3pcOoJFY0An5pNeNICCYmgQOAXhjJyv3Cif5W1dSQ5zRhCBmzmAdcBvplMgR00a8fCSDad27AFB2DgARpMwF8YYyb/VU/5FhQv+H0TfxUkkhkYBY1ZiZ9d1UT9YuBrcY6rsyw0ebQWacGg/siaFpwJVt6LAH6V7xxkNFCN6oYTV6HIn0ZMKDKtqk+Yp9Ylu7A5MdvQQrDwPm/8XQUHzqg0FFbhC7QDlsq/NAeGeLGe7Im4Qnpq0HPCmffZEqXpEx7g5zMFhg/2zrMIp7NK+ec6FD70uWYPGPnhdfPPxzKYiiE5dnqcMUFBas5+yZ8O3C+zzrwCGoRL8KUBmyq1hkS+wDbzvQPSWw9DGCD1g6Sgtc650wJhxvAifJ+jhe2ygxzO3tBwn21mi7B6Zpoq/EQ==]]></Encrypt>
</xml>


2016-01-11 20:50:52 debug :
------------
String:
account-ticket<xml>
    <AppId><![CDATA[wxe5b18b9bd7e3626b]]></AppId>
    <Encrypt><![CDATA[DtgT9X1nPPXJSKyVCUXY5IZkxPy94ldK8NlqYDfbLVa/xdk22fwMnxIY+non95Ud0poq7EoFI8nHTNg14bFIUfCLvunJxG8xkyVA2BwKThLQunTh+XwZBkUpHHMTEz6ZuZ4o5QBQU6OWtxv1XPoVnPdfK4YVUtKPXvZ4tggrbnDkiq8I3Mnfa/qejSDTsMfZge5VH6qd7R/cYARN3XrkCdiUnFy4g+LhgB+QeGez/Xr+hDj5WOguTsYVTK0iP9Jzoxbs6WNvdX0LNFWW4NwrzvD6c+pZL6mFElfVibIsWP837P0Gc/85fo3Rv9B80Tz5P6hAzyZyy2cW9oZz6cuGK1BEc7f0/TGnZ1TP0SHwEy8jdxkbLl7tq1F346mHJD1uEdIDYWYz0B43e23MasPayV4vxnJ9McSjH/k+thyjBjPGg4thED7AW1z8NQH9b4qtJxSz/pELbw2nl6oXMTXQaQ==]]></Encrypt>
</xml>


2016-01-11 21:00:54 debug :
------------
String:
account-ticket<xml>
    <AppId><![CDATA[wxe5b18b9bd7e3626b]]></AppId>
    <Encrypt><![CDATA[3XrEFmhwNXSDYQkKXSmJkA7QVsWBQJCLYWBOmNVg6odXuqFI2FMsk8O8Y/XK6kRH6Benk4TEkRJkjzyv8UYlVMKYsZZrviEFfECoMp50r0k+i1pKd1Vx6FSIMM5KU5zIPI+OoKvWAVrzW9MeWGOwty0vdwK+kQymO2PM/CEtAQNeVyIiHoMP9j1bVjCAolgQLdECp34gCgVGUXUqapZN4xHlVrIOVq9EtvpxbiMqRmz9pxPy57+9LMf4DCJoRFG4C3/Ng+EiTrOIZbEw+e0alMmXsa9K4qcAgScchvssO4AB4IlkCH5FMSIc3ChMCbVEwhNp0ZjRl8aoXiT6PO2xO634R5tMP1jqXF/NTLlY1Rzz+zD8gpOUBO1LeTqRL4drQ7VFwuu0eGeiDGCVcZ1HA2yKqlTQiz8Na4Go0d5/RGp/13VMie0u+BevYdZuE65YjTsUhVrmzndi6Rxj+WRvqQ==]]></Encrypt>
</xml>


2016-01-11 21:10:53 debug :
------------
String:
account-ticket<xml>
    <AppId><![CDATA[wxe5b18b9bd7e3626b]]></AppId>
    <Encrypt><![CDATA[n0w6LFKRhRdVeeYIaQWSbKT+QzjEextO5lVB6+xw7igCwNYjLILXv0fo/sSKgf3FcAyOBWbBEIqhtCZnItoJHOHYseEb51/B+8aQzLihyd3jTsUOlNxiU2kEwpMNDgZuG/moO8EXdSflqtEtermswjZIqBcDBPq5KF1Uj25GFrnFlPFnioaH5C+mZBP82Xnp+Wfto+6DWk/m7wLvNP9LBYVQi7Qv7rMxWpWstLoTQs34kDiuW1nCYlCEfOZmfB+0vvM/x+9PKegGWHvOZHxciYvVFAyrNJGZPRA3e07raiXJ6rHoxfZXka25dpmZlrQd2lil2+6+s3wb+HHdg3c4zZCEHbsaqUHEBOXwejW49L+MeBL4gcSi4v8BEZSNzPc8JkE8sofpojrsUYnP77/H0I9hdjuRUeynJk7Vp7OIs3OAzGekjHt14D85X6yawlj8XqCDtxzlTA1Uu5Yn7fe8qg==]]></Encrypt>
</xml>


2016-01-11 21:20:53 debug :
------------
String:
account-ticket<xml>
    <AppId><![CDATA[wxe5b18b9bd7e3626b]]></AppId>
    <Encrypt><![CDATA[yo2A3E6MRAQspgpMJR3aKRUDygy6TrtXbUYf0EYjOWuk55QAifEawIdKW6B/8IRhlKKqzx7uxfZGJJotA45QG9J1McnXHB4vmvwOdzlxLsqJ18AfakvsWfVZRu6wBfz1l9Tq1w6BstsS+mtJosaJlv2gyrl9kUilurBQDFyftE9hbLgQBBeQF31YuPfM49JvRwXDydLUUIXAyFUOAa1N8xQlCVCzzxzYGHidGg6rbxxgBIy2MyyLQ4kZb2qS+ikyEqnR7iXHtgmHEIMNGzXh1VZJzJITmXK2YdkpWHZPsTZa0aajlxH8z+OsvVApn2blwptOZwt1k4BE4I3xhDv0cKl+shekqtYTC1IrQ1y9ApDF1skienlaFhXKeC420xihNKwz67wwPPutSr2MQJNLu1X3IG07CcRHwe4lt/aG/Ts/jXCd1SWofPPxETgle6tm+7F5rbthDspRm9equjVwhA==]]></Encrypt>
</xml>


2016-01-11 21:30:52 debug :
------------
String:
account-ticket<xml>
    <AppId><![CDATA[wxe5b18b9bd7e3626b]]></AppId>
    <Encrypt><![CDATA[AReitxip2+u0e87MkEwRh6ssBVXBN0CmGxbXIAF5TGTZnp+uLpHu/GL7djqQ9OrB+4vUYnBj75FRECMIAptmmHH8+8fWyKC4wFYM0CuaD0pvW1zKAAbToebHz17wEoPMsfEEHO+o9+Ee/CznqxJQLEYpNDFclgKayc7eHAbD6UDyvZHRpYeh8vQfhW4TKlkM6baY72v5nXzh8kAKte/IBeRZOhBOUXYwDxxwET59KtOU9uOkUZL5viKjKJtZH8fc107NRfgQSg1raNqYM6dLEdnNu2Q8371bVvnvrDi4lkWkHdeOkkvw+Bb/MV13QDPSwbjPfMAhgKS3rcF1m/JE20r7WmsDs2WoGIwoEfAxA1+4B4M1ZWCBAOJ5JtkgJ/l6BrW53Ex69RAP5E/11JeheIBtcS8UHare1kwAFCV6jKzIKOINNIxKxDMDtLHvjQukqbs2MYEkZHe0qlbHiKXB4g==]]></Encrypt>
</xml>


2016-01-11 21:40:52 debug :
------------
String:
account-ticket<xml>
    <AppId><![CDATA[wxe5b18b9bd7e3626b]]></AppId>
    <Encrypt><![CDATA[ziqKKcqgSbxgqjfvhnK6MHSM8K6jbdx9a8OH/i1Qrtgibvyylgfvb+irzEr24sTgtW4+ls7aMrhbZUCibIssm9S8C32U7Dv9d/RCFSjb9QP2Y80iKOhHX4LBdwDsbHXoHvf4VMcQw0jQQG4K6hDzfw1SSnrLjqYdtzxI+0/RtMxISIiy8hBVP2in/lt5sy9SU45lU21Umy2FmR9YkyJN6NeXmGqLHysMyYGWAkwHz7EF0AuWoSI6euHsm5/toYT2uvW4vxJRUzYo71XleXSZorOl/fYa7vzFskr0Ae9vM7l3ribJGIFpiOUYJkH6++ANaM5g4q9ah4TfCgS31OJgKVZdw9XLKUlzWQNP9IxXRdjyzZRSES/A8dzWn99PF3HRZOEXcH3TXg4Kk32o0o3LKhiPEfQJg8QSu/9pVyt44Bd6jhhofMnz/TRY0cAAq32QYEaSNclOcXPKiA3sK2Bxcw==]]></Encrypt>
</xml>


2016-01-11 21:50:51 debug :
------------
String:
account-ticket<xml>
    <AppId><![CDATA[wxe5b18b9bd7e3626b]]></AppId>
    <Encrypt><![CDATA[e8cgP6+gPsuVRLZn03hqAiwZZFbMalsPBDt5KmWSPDhJHf0nFSFzVT3mW0vmwZ3UbLNHu7Z01q77uSzZJ2F4v67zzudpxlOUtoSOCYDyFtZOAWA/mp00Z5hbEL0/SiZzf3W1sxvI0jeVnxki9sf4J55v8023rRIyFOSgZc9ZRtBWfUOUb5XsLlrRE5Y+v0R90epz6xYdXk5eK1S52M5vnIPMR3gg+3Jn8mGDdOa5VRXeWZhEbT40HMNTvegCW+IXIoa/BZbThhpb3a/h6/CLdFQM/tcjcAZ01FQYH3d9q3xX0JxQhFndBfGZ5BT7b8Zsmog6d7MIP1GDBZv4O2pYnfJBCVYw6JTibdq9ogKlgK4I4QLZ4mIRz08EOjO4SxiqmnfhWcw1i+OmF6S8tl9tsGk/ewtZpk3KlPuYB8pBB8EkdtZLtJuj9OXooGa72d9lVdkr/fU/7buPWdGV90iX1g==]]></Encrypt>
</xml>


2016-01-11 22:00:55 debug :
------------
String:
account-ticket<xml>
    <AppId><![CDATA[wxe5b18b9bd7e3626b]]></AppId>
    <Encrypt><![CDATA[MWKVVaiSTojbeqEuTf37G8Lo4hRGuq235g5aauj5f5OO4CZuoKSNi3vBsjvI7Ok4a9D8Jv8h9dui7yZQC//YOvNhFhkcURqPnk3JmHWaJIXEdD91Flp/EmYJrDA9LrObmjE67xWwkB1eVHTQSW903aT4uhiKpQptiF2hKlRVszmMlW9N8Szlrdm/uvohjFY7N23qW0yqEfrVPwSmfEtko1mHR62k0PHaEnn3VvE5QuatnaCtWE7aQXz+I4fQEM39mnhfPiJz6nHkAag/TQrSHARSIcoN2AwhVUSUFJPmYMW6Ez9JPx1nZ/ivp3Z4suSNLTRdNQ8jdbgunZucNfAod49hfzkuXzsdNoIFmLml7xZvsb3lDUz5kOKIh+eI0/N9rLdLNQOtLW+kE93d5OaNUpuqLjvEu69xgzxUGRiCIElpuKEbEHa3m5IOg4HSCDoRfJVSKK/vvoOCv2eqJBrbnQ==]]></Encrypt>
</xml>


2016-01-11 22:10:55 debug :
------------
String:
account-ticket<xml>
    <AppId><![CDATA[wxe5b18b9bd7e3626b]]></AppId>
    <Encrypt><![CDATA[1rW7Jwl7P6KOi8pm7i93ZoUq1TwC21qpUV2MKqTiN0uCZ19Zih2UqEsHXvp1n+b/5Ssm/94kGgpHGKP/XyebFqAZbm27J2lC+T7xUOgPzJOGp2cUcjXe+2aagpldNUVvgQzN+zfQzE+cUY42+rAQk7YkDKIp+Dy3eLHs3YGzYlLEh75Ftq9lcXRWPoqssBZ13FCBVAu2GhutQKWlducsbmEv7PdnqEVqKf00fXuDmiDqEfbusm/I+9VB9WOMfLqkLsp2mT5ix+IqZ9LOAqLRs0B2Bg2gxv6VxQ9u02/UIPA1cW6UNteMzPABeGBXs++9l/8TQcV6IQ3X1JceuRyjRc3u/iYJa9Z9ymJHnpyJ/ct5DxxGOH9aWNRZfgE//wroe4CsxInHygFFCpR7mWDkUfTccJxtM7fLHfDowVvrY6XdEy/dccXZaEvtjY2chySkiGO15VtRIeSjWunHT1t8iQ==]]></Encrypt>
</xml>


2016-01-11 22:20:55 debug :
------------
String:
account-ticket<xml>
    <AppId><![CDATA[wxe5b18b9bd7e3626b]]></AppId>
    <Encrypt><![CDATA[+1X/69+qnws/bvzTSRvI6Jb5yJpUakV6aYEpwqyRQ/4tqfSCpemNt2Bd4xx6ug305meeNgZljp36yan04lHmMuN5tdrem/aqw9JEFxYSP1vbl3xef41CWq/FRz+lY0Q7dQyjX6szeztYOJidoiIQ1q91jMWnrKtEtLzixZ+2mz4aD23IhXSMR+4TZbXUIM60d1ijiayoM4MIKMFxZM66Kr3QaJUApYsdpV2UeYCh0dWpGNpFRgIfkXgJZAVTz5hmmX47JS8AI5mNp7bJo0lfUqClY7PpDquD6n+orbjeSvF68yLTD9KCytpIT4v63V5NgsjT5QvA9cs1wnTjDGOvCUK6Ylp113irlLmW9K/ByqDJaSwRZHP0cxPRVQmNvxxcZH20iUm8gTqPFGskKMzj0VYqJafh7/cjoYQrw0RQHq/XWLEsoV8sYQQR4vs8QcsoPAMie5wYNOWjnaBJSCzDTQ==]]></Encrypt>
</xml>


2016-01-11 22:30:51 debug :
------------
String:
account-ticket<xml>
    <AppId><![CDATA[wxe5b18b9bd7e3626b]]></AppId>
    <Encrypt><![CDATA[WWEHUJan4qPnJQQNiu5vSH/9LBrV5qO12xSplVKSQ4h5uGDZpc0VN6vCPjpV+PFSAz5ppPp0jStN9FStqymrMBX8IuLuqR1NKODjQN9fIy2+GAqBs4sb3uBUMkx9X9CHLqviwMhvxkEVlUZCr876FSvmlb7Vp5iHRNTiaNHa/EErYSWvOvlN9NmkYSJh2+y/6Gjfzl52XwdlxqYXP4n1XKRlo2SQSD5JD6YBH7ClWFSCscrvXJ6xmwUupISEdFtztMhv7S3vCTsaNqprYxQOOH6e6n+RjtSV3F41ab1YRKAyoK8Iw37eMg3uuKQ4T4WdpDiAKUOExrYAgr6gqXNWwbscTHYHPpOdhGf7dgz0NNODksr2MBiMMIKvbUWoZ6iEbMXsn32/HsvGRBtM4e/iwSbTkPAYfkoTDmaV71Yr9NlM7dW8/RK5b1gPug2DMFRnmjuCmaPss6WTXz3OQIDmuQ==]]></Encrypt>
</xml>


2016-01-11 22:40:51 debug :
------------
String:
account-ticket<xml>
    <AppId><![CDATA[wxe5b18b9bd7e3626b]]></AppId>
    <Encrypt><![CDATA[kXrk4RBBEw4H+KtW1FG8xNdbuXJYgzT3yKmvGHGKMbAFrjcOMhDFNRKNHWYfLtf4ivak21xTicHNmC2NUhj+uyWMRtpTTY7DWnrQW77PdhJ9PjI8YJbwkkmVpeqbiJyTotOnZdBF+j39ZDUO6xPpqD6iMpj+R75q/i8bBkUfWt2TnSC4+5jLuy8O6tOWIFkY3Vsfltct4ttfD0ujCDs35yKzXO00RsfnZmSIiAuo3OVTx7PT21hAm/Q1E0v6oY8KShoCwEXzhVM7AlYdPFFiHQEl7qZ4992PEKEgGMxOJvBWzL4VNB8yCrESoNzaK2kBml385s4v4ZXVTmqh/Ls7sjpeEJUkC3xMgOAl1YRDhGDYmK++M+L/RTHp1JhBXLycCpKyg7lx77rz5QCZc/PaQ+yPNmRZIVLyJ4ctt2tUqsKCDcbucEVkvE3WcIGnnA/60BGzrnUa4qQQDt5bn7fVsg==]]></Encrypt>
</xml>


2016-01-11 22:50:51 debug :
------------
String:
account-ticket<xml>
    <AppId><![CDATA[wxe5b18b9bd7e3626b]]></AppId>
    <Encrypt><![CDATA[ALh+gUGD2a+xDC63LMqgp8Px+7L4QuhXmbtv0i1cqGl492i/JmIj05BpF9ajFEmvwZhDJv+yed5eY5mvzMr+KCLleOScpKIDePR+oY32gXMrccysw/kkH9qXdAxo9DL0269mkDWuVZxhIceMyq4W3QBDrY7IPMVuR7Ls/jebgWApkpvVbBHcqCtXdPuJFQ5o0kluhxngt6vMbBSRlmChTeyWxxnX+iN3qySjtMUy7YHCWjaBg3JB70YiZmH9IwszWSZYBaQ5B4PFrsIUE1kN34no6tOKh0itwYNvqplroOhJVZknPIqS5dJ6pLs6qPmE9/W2mxOEgTReW7dqfkk4Lp/JdnqVWQqMhl1u9dCjTopV2eNEqA7Ra35lwRvq69xUhodbJMsYzaskntyfBoK7KsmUALXErrrw96HIdUahnYPb3wl9BK0CASIEkvds+IMwWeokybSefAx8fwkZqaHVRA==]]></Encrypt>
</xml>


2016-01-11 23:00:54 debug :
------------
String:
account-ticket<xml>
    <AppId><![CDATA[wxe5b18b9bd7e3626b]]></AppId>
    <Encrypt><![CDATA[YCT+lsCneno6epmdGDkWt0M6SqvhYgZLGS79tvtO6zNZOnaEz0oMJso+5yevMRWOuGpvPDmUxktilEtXP6ITSSTO7lhBxMKRZpswWnynLipdc8aD47B3Jg8QOYJ2jbOZX3xKoeahtP8gBsg8b5gTcqU0XKMa7TeAwFbQv/RYRW4iAr9/+dp8MTiOF+elx6xRNYPhILsu8VRCLytXAgL32QetCOsTdIVySzhbj8hNEiWh2Il/rZ4Qeur0D/yTHchBEP/xGPR6jsnGsrMtJtwm/qoigAqLmiBD0O1rSA6AjQSB7BB58rvjMvbyWWEw4M1FExGORijF6zriRQpZDmZKFJ7+BHaDN0jGeAa++21EenFSh985G7usimp4JW8vDAC9Qv8+vv7fYEM4/iyI/GpMPCqUBHVCVizZVasq/GUE2UkkldPc+0XOqmXIQMGp7uyA2UwwvpNIXeXpJllV8OtHOQ==]]></Encrypt>
</xml>


2016-01-11 23:10:54 debug :
------------
String:
account-ticket<xml>
    <AppId><![CDATA[wxe5b18b9bd7e3626b]]></AppId>
    <Encrypt><![CDATA[tzRgo4lm3QlPWUbqO3JeJLqD4BwbOIDIy9A34pgRRXKZUYWiSfFV3nKshjRKsAHxGbijtssr3MgNu07eyPbFh7wF0khF8413gxnRNtLglj98o9R8ftIj6hHZ1U3GaVVplk8uVIELsPKGhlJ7G4kqJ4S5oShKleye2xXrAZqizt0pxmlkxng/T+3LXWDhsBlqEuZPum29I58VKZrnXhEgjypMzcfNfSXo3Cxht6OuFhUH2+P/QFVUNbngGP7r6tGtil9eZYScMkgO+82Xm0Ys42uH1c7wYXk9id5Zo9dvgcEccrPrG93B3ueUJebkH2IZ50rrz5scYRxqum32OzWLuzC67RMPUgfWWNgnr9DghCLGKJfrO7qwfP6mqAZWNoAVSeaJf9YZUOGswuzjnfKRv+o/qdxTU/nB77LGAWXlSAQyf8lacizIM0cfptl89qOlXJVSVCPl0SBhVZKzs+8Gmg==]]></Encrypt>
</xml>


2016-01-11 23:20:55 debug :
------------
String:
account-ticket<xml>
    <AppId><![CDATA[wxe5b18b9bd7e3626b]]></AppId>
    <Encrypt><![CDATA[O2gGzwGEZOa70/A8de9y99A8ZcF0r5TqysVchrmmdLriM6VmZmIjSYeI7Ej5sqdcdPsUGkZBruNdgpL6ZJBTeqLH5NHUEaXY5RPwChYub58nELOIXt+5UA+DoKxbPIQotY3AJufbZM3+lggs37QjFgJeZsbtqCHCyB8G0dcYfDHYM4/4mB8W9c3Xs4qnuGxzhC0FFPKcuKHmK8GhH64/ZUKLgH63SgCe/+jb3wYqoQf76t5FdhbvEyjpH0RV+ELrpPtJ0e/usg80rv3tF8VGFlMnCW2jqlJ5QybqAyh+4cY63z9hrgGQe3AUanltv1OlWNNk2XSOqbAK3SQuMSr5kV5GnFliEkbxaLc96lBzA1ATHIDIdstCX5VxXktQ/jFOWuGqxgK//ta56DvTGPS6C9Wp63oaafJpKdBBydtP74HhWVam2JNrJ+K5p6zYWOvaaDl6q+/aGtS/1cVj9vz0qw==]]></Encrypt>
</xml>


2016-01-11 23:30:54 debug :
------------
String:
account-ticket<xml>
    <AppId><![CDATA[wxe5b18b9bd7e3626b]]></AppId>
    <Encrypt><![CDATA[EG8X9E5pOp/Tj7gBdd1h6EumhCc1pbfcA29QwJOlB/bX+XBZbXkmJUPaNQLNWxzNVApbpqqd4XTPHc0UQcm2/2U8gLfoj23kbKI1mA49K0bXZV1cw59e37RR1ZCFjLAPhD8gByqd8scrldMPFnPCvHVCwo6A63r6kt9Nw5MXR9KP+LYRUYupdCvbnNFCzOAoFL4IYaqZULApRNFFPZzjq6cQT305scxHhnJRHHDJr7wBdCLPdqqgzaL/lp4UfFpBLEK9jPSQivq0o2cVCmP1QX6zX35qf5wSnsc9l6i6eLvaA5jmv+9NVJGLLgm5uDz8/mBpu8t9/16R5+V6nQydsSGJ5DtUrR0d70AUdNgXCzdBc4FOsSrtXDCLe+E/7ogEZIcXY2KYo4zty88p31TVwZpFxSGvSvZe6QW0QA0mQTVnC2RlVDCK9rOGa8JS8I+2KDxrC6Ju1GzvwQtDnCvgng==]]></Encrypt>
</xml>


2016-01-11 23:40:53 debug :
------------
String:
account-ticket<xml>
    <AppId><![CDATA[wxe5b18b9bd7e3626b]]></AppId>
    <Encrypt><![CDATA[000dM/KBrBMJTZtOk9GD40yrrRkwQ26dnqvWxEVov8APjnnTRIBMIign3iVBgvuT5wjMP4G0FnOkydDulLyyCtzJXe0MBQnJeXE/jQP1eMTFgpuaPGatQu/I6jK0LU51QeTz+tIVKjzvQl4CCib4S3064QpzZYIyPd+XD5p7xr5esRVZwf0zyP8mEX6IldoYb2kKOOosNlp/d+fMn34wkj2CkSy/+mUnESTf74P2c1I4Q3/KDQ8aN9g9FC2F9SbLfsT/R0xrKLti5yPH3n9H6fxyG+dLV7oyoW7Zw/8dtPuKEbtEKOMDIJooHtdoie6KIlHfgSLMSTmE7E95SBxb7DXBL4Kp2eRNDCm3EQBxuqpyUE35nGlqRf7uzNpqC77UXyp/NOS4Iw9kEIvHp8dvCz5Gb5bQihtwmm9AHekyDg3++G/77mNaJUVNclqKkGysgA37ndj4wtQc/7zWsS5AEA==]]></Encrypt>
</xml>


2016-01-11 23:50:52 debug :
------------
String:
account-ticket<xml>
    <AppId><![CDATA[wxe5b18b9bd7e3626b]]></AppId>
    <Encrypt><![CDATA[AdUoi2wDU7xd5KoZYd+dAaEKH5qzpHtMWNKiUphLhiE4B6rmI6aff16X1QhuiwrD6TK7ZtcinyAVlfqHgHAb+WrOoobkS4NkbUcxuxWFGCD2R3Gp26A71hKotcAzn02XOh34lxcmlKh7R3iCuQtrN1rgs8Cs4YiW9dNA2X8nP9MMYFcuyJC6xQgZ5XqM/IzfPg11Nmx87wRfO3qq+Zjw2A36d1PXr3IsFXWMnUjIHkURbOHvJkGUp3mizSRt/h3GtVWd5HriSHoO58G26z+n0wNoVB+pFOZfAP/w/T0EPB/n2JACZnuTrHhfxoMnIXdt69hjlJONPOZjnbxlscQE+nLLmQkDwfG8MksaMQYVOByu+MFUXM2Gpkau7janAim59hW5jDHdqIb6UsbMtu2wIifpsrRkjITp/8W4xLgNN8+s0MyQu2BRv+MjctHNwJM5i8zQILyTxt89TDGcJr9EGQ==]]></Encrypt>
</xml>


