2016-12-28 00:04:57 trace :
------------
Array:
from : oRPPWvps_LCf2grvL8ZPDP2AdozQ ;
to : gh_b1f7fee0dba6 ;
time : 1482854697 ;
type : event ;
event : VIEW ;
tousername : gh_b1f7fee0dba6 ;
fromusername : oRPPWvps_LCf2grvL8ZPDP2AdozQ ;
createtime : 1482854697 ;
msgtype : event ;
eventkey : http://a233.sdsfshop.com/app/index.php?i=65&c=entry&do=guide&m=we7_wmall ;
menuid : 434129959 ;

2016-12-28 00:04:57 params :
------------
Array:
rule : -2 ;
module :  ;
message : Array ;

2016-12-28 00:04:57 response :
------------

2016-12-28 08:53:12 trace :
------------
Array:
from : oRPPWvps_LCf2grvL8ZPDP2AdozQ ;
to : gh_b1f7fee0dba6 ;
time : 1482886392 ;
type : event ;
event : VIEW ;
tousername : gh_b1f7fee0dba6 ;
fromusername : oRPPWvps_LCf2grvL8ZPDP2AdozQ ;
createtime : 1482886392 ;
msgtype : event ;
eventkey : http://a233.sdsfshop.com/app/index.php?i=65&c=entry&do=guide&m=we7_wmall ;
menuid : 434129959 ;

2016-12-28 08:53:12 params :
------------
Array:
rule : -2 ;
module :  ;
message : Array ;

2016-12-28 08:53:12 response :
------------

2016-12-28 15:13:04 trace :
------------
Array:
from : oRPPWvps_LCf2grvL8ZPDP2AdozQ ;
to : gh_b1f7fee0dba6 ;
time : 1482909183 ;
type : event ;
event : VIEW ;
tousername : gh_b1f7fee0dba6 ;
fromusername : oRPPWvps_LCf2grvL8ZPDP2AdozQ ;
createtime : 1482909183 ;
msgtype : event ;
eventkey : http://a233.sdsfshop.com/app/index.php?i=65&c=entry&do=guide&m=we7_wmall ;
menuid : 434129959 ;

2016-12-28 15:13:04 params :
------------
Array:
rule : -2 ;
module :  ;
message : Array ;

2016-12-28 15:13:04 response :
------------

2016-12-28 15:13:56 trace :
------------
Array:
from : oRPPWvps_LCf2grvL8ZPDP2AdozQ ;
to : gh_b1f7fee0dba6 ;
time : 1482909236 ;
type : event ;
event : VIEW ;
tousername : gh_b1f7fee0dba6 ;
fromusername : oRPPWvps_LCf2grvL8ZPDP2AdozQ ;
createtime : 1482909236 ;
msgtype : event ;
eventkey : http://a233.sdsfshop.com/app/index.php?i=65&c=entry&do=guide&m=we7_wmall ;
menuid : 434129959 ;

2016-12-28 15:13:56 params :
------------
Array:
rule : -2 ;
module :  ;
message : Array ;

2016-12-28 15:13:56 response :
------------

2016-12-28 15:15:12 trace :
------------
Array:
from : oRPPWvps_LCf2grvL8ZPDP2AdozQ ;
to : gh_b1f7fee0dba6 ;
time : 1482909312 ;
type : event ;
event : VIEW ;
tousername : gh_b1f7fee0dba6 ;
fromusername : oRPPWvps_LCf2grvL8ZPDP2AdozQ ;
createtime : 1482909312 ;
msgtype : event ;
eventkey : http://a233.sdsfshop.com/app/index.php?i=65&c=entry&do=guide&m=we7_wmall ;
menuid : 434129959 ;

2016-12-28 15:15:12 params :
------------
Array:
rule : -2 ;
module :  ;
message : Array ;

2016-12-28 15:15:12 response :
------------

2016-12-28 15:20:54 trace :
------------
Array:
from : oRPPWvps_LCf2grvL8ZPDP2AdozQ ;
to : gh_b1f7fee0dba6 ;
time : 1482909654 ;
type : event ;
event : VIEW ;
tousername : gh_b1f7fee0dba6 ;
fromusername : oRPPWvps_LCf2grvL8ZPDP2AdozQ ;
createtime : 1482909654 ;
msgtype : event ;
eventkey : http://a233.sdsfshop.com/app/index.php?i=65&c=entry&do=guide&m=we7_wmall ;
menuid : 434129959 ;

2016-12-28 15:20:54 params :
------------
Array:
rule : -2 ;
module :  ;
message : Array ;

2016-12-28 15:20:54 response :
------------

2016-12-28 15:25:09 trace :
------------
Array:
from : oRPPWvps_LCf2grvL8ZPDP2AdozQ ;
to : gh_b1f7fee0dba6 ;
time : 1482909909 ;
type : event ;
event : VIEW ;
tousername : gh_b1f7fee0dba6 ;
fromusername : oRPPWvps_LCf2grvL8ZPDP2AdozQ ;
createtime : 1482909909 ;
msgtype : event ;
eventkey : http://a233.sdsfshop.com/app/index.php?i=65&c=entry&do=guide&m=we7_wmall ;
menuid : 434129959 ;

2016-12-28 15:25:09 params :
------------
Array:
rule : -2 ;
module :  ;
message : Array ;

2016-12-28 15:25:09 response :
------------

2016-12-28 15:27:31 trace :
------------
Array:
from : oRPPWvps_LCf2grvL8ZPDP2AdozQ ;
to : gh_b1f7fee0dba6 ;
time : 1482910051 ;
type : event ;
event : VIEW ;
tousername : gh_b1f7fee0dba6 ;
fromusername : oRPPWvps_LCf2grvL8ZPDP2AdozQ ;
createtime : 1482910051 ;
msgtype : event ;
eventkey : http://a233.sdsfshop.com/app/index.php?i=65&c=entry&do=guide&m=we7_wmall ;
menuid : 434129959 ;

2016-12-28 15:27:31 params :
------------
Array:
rule : -2 ;
module :  ;
message : Array ;

2016-12-28 15:27:31 response :
------------

2016-12-28 15:29:05 trace :
------------
Array:
from : oRPPWvps_LCf2grvL8ZPDP2AdozQ ;
to : gh_b1f7fee0dba6 ;
time : 1482910145 ;
type : event ;
event : VIEW ;
tousername : gh_b1f7fee0dba6 ;
fromusername : oRPPWvps_LCf2grvL8ZPDP2AdozQ ;
createtime : 1482910145 ;
msgtype : event ;
eventkey : http://a233.sdsfshop.com/app/index.php?i=65&c=entry&do=guide&m=we7_wmall ;
menuid : 434129959 ;

2016-12-28 15:29:05 params :
------------
Array:
rule : -2 ;
module :  ;
message : Array ;

2016-12-28 15:29:05 response :
------------

2016-12-28 15:33:54 trace :
------------
Array:
from : oRPPWvps_LCf2grvL8ZPDP2AdozQ ;
to : gh_b1f7fee0dba6 ;
time : 1482910434 ;
type : event ;
event : VIEW ;
tousername : gh_b1f7fee0dba6 ;
fromusername : oRPPWvps_LCf2grvL8ZPDP2AdozQ ;
createtime : 1482910434 ;
msgtype : event ;
eventkey : http://a233.sdsfshop.com/app/index.php?i=65&c=entry&do=guide&m=we7_wmall ;
menuid : 434129959 ;

2016-12-28 15:33:54 params :
------------
Array:
rule : -2 ;
module :  ;
message : Array ;

2016-12-28 15:33:54 response :
------------

2016-12-28 16:25:23 trace :
------------
Array:
from : oRPPWvps_LCf2grvL8ZPDP2AdozQ ;
to : gh_b1f7fee0dba6 ;
time : 1482913523 ;
type : event ;
event : VIEW ;
tousername : gh_b1f7fee0dba6 ;
fromusername : oRPPWvps_LCf2grvL8ZPDP2AdozQ ;
createtime : 1482913523 ;
msgtype : event ;
eventkey : http://a233.sdsfshop.com/app/index.php?i=65&c=entry&do=guide&m=we7_wmall ;
menuid : 434129959 ;

2016-12-28 16:25:23 params :
------------
Array:
rule : -2 ;
module :  ;
message : Array ;

2016-12-28 16:25:23 response :
------------

2016-12-28 16:25:50 trace :
------------
Array:
from : oRPPWvps_LCf2grvL8ZPDP2AdozQ ;
to : gh_b1f7fee0dba6 ;
time : 1482913550 ;
type : event ;
event : VIEW ;
tousername : gh_b1f7fee0dba6 ;
fromusername : oRPPWvps_LCf2grvL8ZPDP2AdozQ ;
createtime : 1482913550 ;
msgtype : event ;
eventkey : http://a233.sdsfshop.com/app/index.php?i=65&c=entry&do=guide&m=we7_wmall ;
menuid : 434129959 ;

2016-12-28 16:25:50 params :
------------
Array:
rule : -2 ;
module :  ;
message : Array ;

2016-12-28 16:25:50 response :
------------

2016-12-28 16:27:34 trace :
------------
Array:
from : oRPPWvps_LCf2grvL8ZPDP2AdozQ ;
to : gh_b1f7fee0dba6 ;
time : 1482913654 ;
type : event ;
event : VIEW ;
tousername : gh_b1f7fee0dba6 ;
fromusername : oRPPWvps_LCf2grvL8ZPDP2AdozQ ;
createtime : 1482913654 ;
msgtype : event ;
eventkey : http://a233.sdsfshop.com/app/index.php?i=65&c=entry&do=guide&m=we7_wmall ;
menuid : 434129959 ;

2016-12-28 16:27:34 params :
------------
Array:
rule : -2 ;
module :  ;
message : Array ;

2016-12-28 16:27:34 response :
------------

2016-12-28 16:27:51 trace :
------------
Array:
from : oRPPWvoID-0bqVD_vjHhgc73Tg5k ;
to : gh_b1f7fee0dba6 ;
time : 1482913672 ;
type : event ;
event : VIEW ;
tousername : gh_b1f7fee0dba6 ;
fromusername : oRPPWvoID-0bqVD_vjHhgc73Tg5k ;
createtime : 1482913672 ;
msgtype : event ;
eventkey : http://a233.sdsfshop.com/app/index.php?i=65&c=entry&do=guide&m=we7_wmall ;
menuid : 434129959 ;

2016-12-28 16:27:51 params :
------------
Array:
rule : -2 ;
module :  ;
message : Array ;

2016-12-28 16:27:51 response :
------------

2016-12-28 16:28:07 trace :
------------
Array:
from : oRPPWvps_LCf2grvL8ZPDP2AdozQ ;
to : gh_b1f7fee0dba6 ;
time : 1482913687 ;
type : event ;
event : VIEW ;
tousername : gh_b1f7fee0dba6 ;
fromusername : oRPPWvps_LCf2grvL8ZPDP2AdozQ ;
createtime : 1482913687 ;
msgtype : event ;
eventkey : http://a233.sdsfshop.com/app/index.php?i=65&c=entry&do=guide&m=we7_wmall ;
menuid : 434129959 ;

2016-12-28 16:28:07 params :
------------
Array:
rule : -2 ;
module :  ;
message : Array ;

2016-12-28 16:28:07 response :
------------

2016-12-28 16:56:14 trace :
------------
Array:
from : oRPPWvoID-0bqVD_vjHhgc73Tg5k ;
to : gh_b1f7fee0dba6 ;
time : 1482915374 ;
type : event ;
event : VIEW ;
tousername : gh_b1f7fee0dba6 ;
fromusername : oRPPWvoID-0bqVD_vjHhgc73Tg5k ;
createtime : 1482915374 ;
msgtype : event ;
eventkey : http://a233.sdsfshop.com/app/index.php?i=65&c=entry&do=guide&m=we7_wmall ;
menuid : 434129959 ;

2016-12-28 16:56:14 params :
------------
Array:
rule : -2 ;
module :  ;
message : Array ;

2016-12-28 16:56:14 response :
------------

2016-12-28 17:28:33 trace :
------------
Array:
from : oRPPWvps_LCf2grvL8ZPDP2AdozQ ;
to : gh_b1f7fee0dba6 ;
time : 1482917313 ;
type : event ;
event : VIEW ;
tousername : gh_b1f7fee0dba6 ;
fromusername : oRPPWvps_LCf2grvL8ZPDP2AdozQ ;
createtime : 1482917313 ;
msgtype : event ;
eventkey : http://a233.sdsfshop.com/app/index.php?i=65&c=entry&do=guide&m=we7_wmall ;
menuid : 434129959 ;

2016-12-28 17:28:33 params :
------------
Array:
rule : -2 ;
module :  ;
message : Array ;

2016-12-28 17:28:33 response :
------------

2016-12-28 17:40:39 trace :
------------
Array:
from : oRPPWvps_LCf2grvL8ZPDP2AdozQ ;
to : gh_b1f7fee0dba6 ;
time : 1482918039 ;
type : event ;
event : VIEW ;
tousername : gh_b1f7fee0dba6 ;
fromusername : oRPPWvps_LCf2grvL8ZPDP2AdozQ ;
createtime : 1482918039 ;
msgtype : event ;
eventkey : http://a233.sdsfshop.com/app/index.php?i=65&c=entry&do=guide&m=we7_wmall ;
menuid : 434129959 ;

2016-12-28 17:40:39 params :
------------
Array:
rule : -2 ;
module :  ;
message : Array ;

2016-12-28 17:40:39 response :
------------

2016-12-28 17:41:11 trace :
------------
Array:
from : oRPPWvps_LCf2grvL8ZPDP2AdozQ ;
to : gh_b1f7fee0dba6 ;
time : 1482918071 ;
type : event ;
event : VIEW ;
tousername : gh_b1f7fee0dba6 ;
fromusername : oRPPWvps_LCf2grvL8ZPDP2AdozQ ;
createtime : 1482918071 ;
msgtype : event ;
eventkey : http://a233.sdsfshop.com/app/index.php?i=65&c=entry&do=guide&m=we7_wmall ;
menuid : 434129959 ;

2016-12-28 17:41:11 params :
------------
Array:
rule : -2 ;
module :  ;
message : Array ;

2016-12-28 17:41:11 response :
------------

2016-12-28 17:53:43 trace :
------------
Array:
from : oRPPWvps_LCf2grvL8ZPDP2AdozQ ;
to : gh_b1f7fee0dba6 ;
time : 1482918823 ;
type : event ;
event : VIEW ;
tousername : gh_b1f7fee0dba6 ;
fromusername : oRPPWvps_LCf2grvL8ZPDP2AdozQ ;
createtime : 1482918823 ;
msgtype : event ;
eventkey : http://a233.sdsfshop.com/app/index.php?i=65&c=entry&do=guide&m=we7_wmall ;
menuid : 434129959 ;

2016-12-28 17:53:43 params :
------------
Array:
rule : -2 ;
module :  ;
message : Array ;

2016-12-28 17:53:43 response :
------------

2016-12-28 17:55:13 trace :
------------
Array:
from : oRPPWvps_LCf2grvL8ZPDP2AdozQ ;
to : gh_b1f7fee0dba6 ;
time : 1482918913 ;
type : event ;
event : VIEW ;
tousername : gh_b1f7fee0dba6 ;
fromusername : oRPPWvps_LCf2grvL8ZPDP2AdozQ ;
createtime : 1482918913 ;
msgtype : event ;
eventkey : http://a233.sdsfshop.com/app/index.php?i=65&c=entry&do=guide&m=we7_wmall ;
menuid : 434129959 ;

2016-12-28 17:55:13 params :
------------
Array:
rule : -2 ;
module :  ;
message : Array ;

2016-12-28 17:55:13 response :
------------

2016-12-28 17:55:41 trace :
------------
Array:
from : oRPPWvps_LCf2grvL8ZPDP2AdozQ ;
to : gh_b1f7fee0dba6 ;
time : 1482918941 ;
type : event ;
event : VIEW ;
tousername : gh_b1f7fee0dba6 ;
fromusername : oRPPWvps_LCf2grvL8ZPDP2AdozQ ;
createtime : 1482918941 ;
msgtype : event ;
eventkey : http://a233.sdsfshop.com/app/index.php?i=65&c=entry&do=guide&m=we7_wmall ;
menuid : 434129959 ;

2016-12-28 17:55:41 params :
------------
Array:
rule : -2 ;
module :  ;
message : Array ;

2016-12-28 17:55:41 response :
------------

2016-12-28 17:55:54 trace :
------------
Array:
from : oRPPWvps_LCf2grvL8ZPDP2AdozQ ;
to : gh_b1f7fee0dba6 ;
time : 1482918954 ;
type : event ;
event : VIEW ;
tousername : gh_b1f7fee0dba6 ;
fromusername : oRPPWvps_LCf2grvL8ZPDP2AdozQ ;
createtime : 1482918954 ;
msgtype : event ;
eventkey : http://a233.sdsfshop.com/app/index.php?i=65&c=entry&do=guide&m=we7_wmall ;
menuid : 434129959 ;

2016-12-28 17:55:54 params :
------------
Array:
rule : -2 ;
module :  ;
message : Array ;

2016-12-28 17:55:54 response :
------------

2016-12-28 17:59:31 trace :
------------
Array:
from : oRPPWvnXi8DvqrlZfuYXMyC0JWlY ;
to : gh_b1f7fee0dba6 ;
time : 1482919171 ;
type : event ;
event : VIEW ;
tousername : gh_b1f7fee0dba6 ;
fromusername : oRPPWvnXi8DvqrlZfuYXMyC0JWlY ;
createtime : 1482919171 ;
msgtype : event ;
eventkey : http://a233.sdsfshop.com/app/index.php?i=65&c=entry&do=guide&m=we7_wmall ;
menuid : 434129959 ;

2016-12-28 17:59:31 params :
------------
Array:
rule : -2 ;
module :  ;
message : Array ;

2016-12-28 17:59:31 response :
------------

2016-12-28 17:59:58 trace :
------------
Array:
from : oRPPWvnXi8DvqrlZfuYXMyC0JWlY ;
to : gh_b1f7fee0dba6 ;
time : 1482919198 ;
type : event ;
event : VIEW ;
tousername : gh_b1f7fee0dba6 ;
fromusername : oRPPWvnXi8DvqrlZfuYXMyC0JWlY ;
createtime : 1482919198 ;
msgtype : event ;
eventkey : http://a233.sdsfshop.com/app/index.php?i=65&c=entry&do=guide&m=we7_wmall ;
menuid : 434129959 ;

2016-12-28 17:59:58 params :
------------
Array:
rule : -2 ;
module :  ;
message : Array ;

2016-12-28 17:59:58 response :
------------

2016-12-28 20:03:01 trace :
------------
Array:
from : oRPPWvps_LCf2grvL8ZPDP2AdozQ ;
to : gh_b1f7fee0dba6 ;
time : 1482926581 ;
type : event ;
event : VIEW ;
tousername : gh_b1f7fee0dba6 ;
fromusername : oRPPWvps_LCf2grvL8ZPDP2AdozQ ;
createtime : 1482926581 ;
msgtype : event ;
eventkey : http://a233.sdsfshop.com/app/index.php?i=65&c=entry&do=guide&m=we7_wmall ;
menuid : 434129959 ;

2016-12-28 20:03:01 params :
------------
Array:
rule : -2 ;
module :  ;
message : Array ;

2016-12-28 20:03:01 response :
------------

2016-12-28 20:03:16 trace :
------------
Array:
from : oRPPWvps_LCf2grvL8ZPDP2AdozQ ;
to : gh_b1f7fee0dba6 ;
time : 1482926596 ;
type : event ;
event : VIEW ;
tousername : gh_b1f7fee0dba6 ;
fromusername : oRPPWvps_LCf2grvL8ZPDP2AdozQ ;
createtime : 1482926596 ;
msgtype : event ;
eventkey : http://a233.sdsfshop.com/app/index.php?i=65&c=entry&do=guide&m=we7_wmall ;
menuid : 434129959 ;

2016-12-28 20:03:16 params :
------------
Array:
rule : -2 ;
module :  ;
message : Array ;

2016-12-28 20:03:16 response :
------------

