2016-01-04 09:01:02 debug :
------------
String:
account-ticket<xml>
    <AppId><![CDATA[wxe5b18b9bd7e3626b]]></AppId>
    <Encrypt><![CDATA[IZAecoEYVe1hxAPrN4+KusahcVSwyeIRKKHLrFPk9Z5Q2gr6apUIe0VJZ1pPDBfXNSiFnqt3P73Mk9WJXRjw76BEtctlruytFUgCOwhpt/o+nO/fTBxZYOd2n4FBn8olGssrfDKWYkVO3tHvFAD2HrvHP7ZWiyJHOtuE3lac+0hvwLjJlA6Ji8W0i+nQrtLHL+l3VZzcOPZ8PlC9/7VdEOPIGr+N76tzBBPWjrnfIU5LUZgoAfsCcNwSsvBddddNrPb8Tuzb7d5Cz/QkeJQ033xnMOmxOgne76QhmZl8E4uTXj7qh8M0WFq/h2jTk7UA0HiMpurmdCSshvjW/uboh5AJj24NyKASg/s56PKdqu4pnueixyIG9KDgtjL0MIyXivnnugCyTuLPrKPl218Y2SKKQ1s5twrHqWQ7XRVPAlPF+Qxlus+5CckFWGBEzr312dpa+XrCpHejIT91tqjahQ==]]></Encrypt>
</xml>


2016-01-04 09:11:02 debug :
------------
String:
account-ticket<xml>
    <AppId><![CDATA[wxe5b18b9bd7e3626b]]></AppId>
    <Encrypt><![CDATA[cKDEGWz1Uaa3+HDxUvYL28bvEzvx0ePqww7AF8K1wZWRRbrxFDzy3w7/C2PEcR1MryDWqjuj08N6lv/IViU1oPcXDFsgpVFJIPnIjoSqIdozq0cB3CsFH7RzvY9NpxYIpip6TI1mt7+tKKTSo04aLiS9RbNeeecUH1vYDRd75Nzke7sDf7vX5rbkWaCjTqnNYnrUDsPMTgT++YiQtk6NxFYFwUMjyZY6z08akduvV5JXeAi/cz8gXH9GhkbxUi2xVTFiXBdwb5BqXCT38ViyfRsXk+ctjimIs6XOxllRTWXPMw1IsI3k6a6RYKhnwfAnsBBLiJ1Ol6cjWkzx4f7jPVTuZ07GqKvdCe4vS0u0jwhLKW43BXPaUA1FvkhZNAkYiPgD0TepEV6/YRNYxhwg0IAn5di1+L7jVOtD2GYeoX+FtP/hI+xrKEAdfTzm2jlWaNJ2cTLACfrMSiZNbMY8Rg==]]></Encrypt>
</xml>


2016-01-04 09:21:02 debug :
------------
String:
account-ticket<xml>
    <AppId><![CDATA[wxe5b18b9bd7e3626b]]></AppId>
    <Encrypt><![CDATA[AI3YDK96wgpT9dVl4oej3CJl1rTKrsv4ChzHgRfwywOVd9JqDkHrFakANWPYb88XnGp6Kak7ycZA/rLDrp+akV5Dvy8vSCdzskXUxcblA5caBiTYh4oxZNYVLaCQeYrXkCLZX7C0jBbEJblbrz/klzUuPN3CpjVtKU8E2ZqZgo8r07P5VkTuHDKKKvzElV0JNsdZ5XfK3MY0p3AaRXxeDnlvH4l+YML+oU85EyT2Xj3bFfjjkcSBXMQBaYBpgulfXFVf4Fo8+NSKOJUP0pgOQqZclfkQ0izNTapA140MwqVdCTQJPIrW77qKZ1Z2NU1xh6Kme4BQarxAdidKIV8/G5XHBc+bsM6qG9v2E/kfoMxoVkbxUv8/0WaOmQdk5KBIwe+Tvu6urjM4+hqEoEFXeuRj6mAiDkb+UFQo6F4KfckVGd0NrDWC6G7pYs9/3cx9aEAc/dEgoFv+0u9Fp8csVQ==]]></Encrypt>
</xml>


2016-01-04 09:31:03 debug :
------------
String:
account-ticket<xml>
    <AppId><![CDATA[wxe5b18b9bd7e3626b]]></AppId>
    <Encrypt><![CDATA[azm31OQU2Rse0s1dQZff33llImdZCCRA/05+dCCY9O1+t8Np7RdNP0+Fcha5v06R70NSWyXlbJpKC5zlmBff0hyTEeI+ag+Fin9Jdj24/XWkTQ4V0aU/ajv6YpHDZczZpuXFLWvVTHBnrDiQ+B6EJxmdqkoUI84KaHKnUCZhzvkXVdlzzqalMH8DIQU7tNuOQNS8AsLUhLnBnZCx5o2k6jwfNu5QNIoo8RtCy+TVK8CDNAD6VPuotCQJVGuiHD4OzcXfFte+M15nNp74DWVjPussGzUTsxztqoeLccL7u/Z27qUAH8dtU2gFKuBSiP/0BlP9mkv8GnYB6aOjM/o9gP36Z0jUHk+cdGl1jXarjHh3tLzRS4mpyHAj4Yvbw9WIXvSnVsxYzAIc8q5B4MD42SBppWUJ67XUCNtdwdlsoebZnKd7sFKNGUnNVCO200XoaENhBBXmkm4KT/BctwCR1g==]]></Encrypt>
</xml>


2016-01-04 09:41:02 debug :
------------
String:
account-ticket<xml>
    <AppId><![CDATA[wxe5b18b9bd7e3626b]]></AppId>
    <Encrypt><![CDATA[rqr5RBG4oIz/oerBemao5qPcn7iQK3tRMKXSsqJQuzT4GvTRwtQaRffOeB4YvgWuUQ1PUOF2y+jXpIiVeDjRcK+bwRQhlIEvt8KHrQNdr7txeGQHOjdQ5hNIEoOSZ2ZyquO1Bcm6eka5qwp9DukwTXs1HXESZlE/ghua1pcjL5mYziDgOkDf1pELpRfo/vIDl2p9+F26iThAT2gSPtrOoyoznH9L7j9fTRlCD6wHFXEj2J4iQwjE4sluwhRMYbhz0Dj8V62A0UyI/DAxNLIVNwcvcnIw843xvgbxbwRZBzSXV83VfQpBouMt4FnSa/9Yb5FCDlCXKNhnUG7SQg9gYOT4wyebK/FRk1kIsBkiIn4llxEnkxHgIp7cvriBzfDriDvxWoDz8xWPv1AkZp2QAywkSDGlgI7qprxsYIIJJzozXGhQ2W/TRPTBGhkDzPsXt8rSqn5bgTMOXufaOExEuA==]]></Encrypt>
</xml>


2016-01-04 09:51:01 debug :
------------
String:
account-ticket<xml>
    <AppId><![CDATA[wxe5b18b9bd7e3626b]]></AppId>
    <Encrypt><![CDATA[WtwdHkPW3B66qpBFt+aeXracDXtbUogm2MtL6F5VNeQQaYfWRTlV6hM4IdoWW/DwmXbFds877WQd5x+nNI4qm3OZiSCs8PJCgDrSo6B82dxYPLyKxvFg+5Z6SOrmaJNp85X3rTn2mdveArgjt7Df9j/03nxCSj7AM6EWncnQaz2RoTz+1+jx6xcepqBoq1f7OEsSW7bz2oLG/hr+UhWt1rEp3gXRI963Vy53CYNwTKfyicPgiHe2pnpyAIiOmiFGOIXq6RTwlsszbPGxOddPTrvMiffzfUH8O7CMt93uCm0YFchTT4B2sugv5bp8tT/gdQhQtvhg3zfU93piYXPNoCVCKGXFfkn59G/eSNU1wAFvXMNnqY59PDdigr3AlLS/9QJW18QX4hBlSbYOMqomtTWDuS+CCl/rmD3TQqRXVvHTtU5qMnbe99gkjS7/3X7W+DmdoSYXPNHeL+znoM4D4Q==]]></Encrypt>
</xml>


2016-01-04 10:31:07 debug :
------------
String:
account-ticket<xml>
    <AppId><![CDATA[wxe5b18b9bd7e3626b]]></AppId>
    <Encrypt><![CDATA[oW+EPERjNeID6LrvsyW3iySJeIuKR3sTwo+lZfjAFcHoFZBLSA8Wxl1zNVRr6hNcqw13YOwB5hrbuJnMhcWd1cHGdHWWBEv+r3g3MXmS+hKaWPfhCOIkCQ1CQ8ZTcJHNMRUJEWwI5o2aSZcqGRA6PvaVRsSxyAPvWPKkSxuVGnTjarWWvkqw0GK68++DuOqhCBAwOJYNS2elyNFTBnCiqYg5PkLOUPbYumJwiUtQm/LcK/oUYnZlSs5ZDED//Z3htYYyT1dYwbL0u5KaSZAKX9lAjMXiDDWyt9caCM+RbxKleaKAyKB0hFDnpaC6Exw0D8BOVUil79511QWcQwe4ZTyzKmPmLDf/QOvvhGo4AfOhx4EepTIbshT4AzQwkcOqRYat2mZz6haEBjDzUjshZoqQ01TOa5dKueQy5naTkhd0E/bGjKtNRC8K3wIlalfrYzUoRf4SrwpPJaPcJAaiGg==]]></Encrypt>
</xml>


2016-01-04 10:31:10 debug :
------------
String:
account-ticket<xml>
    <AppId><![CDATA[wxe5b18b9bd7e3626b]]></AppId>
    <Encrypt><![CDATA[oW+EPERjNeID6LrvsyW3iySJeIuKR3sTwo+lZfjAFcHoFZBLSA8Wxl1zNVRr6hNcqw13YOwB5hrbuJnMhcWd1cHGdHWWBEv+r3g3MXmS+hKaWPfhCOIkCQ1CQ8ZTcJHNMRUJEWwI5o2aSZcqGRA6PvaVRsSxyAPvWPKkSxuVGnTjarWWvkqw0GK68++DuOqhCBAwOJYNS2elyNFTBnCiqYg5PkLOUPbYumJwiUtQm/LcK/oUYnZlSs5ZDED//Z3htYYyT1dYwbL0u5KaSZAKX9lAjMXiDDWyt9caCM+RbxKleaKAyKB0hFDnpaC6Exw0D8BOVUil79511QWcQwe4ZTyzKmPmLDf/QOvvhGo4AfOhx4EepTIbshT4AzQwkcOqRYat2mZz6haEBjDzUjshZoqQ01TOa5dKueQy5naTkhd0E/bGjKtNRC8K3wIlalfrYzUoRf4SrwpPJaPcJAaiGg==]]></Encrypt>
</xml>


2016-01-04 10:41:00 debug :
------------
String:
account-ticket<xml>
    <AppId><![CDATA[wxe5b18b9bd7e3626b]]></AppId>
    <Encrypt><![CDATA[Xk2EgW2yfnfaw5I3KHLGBld3sErtjXGvGNJ2at8K0zwjxGoO6DifjCZC62I8Qa4t47X19fNVCX3Ky7YR3qpDgWbXs1ZH9UPVuRd5hEcmAI/nkh8JafaN+RUx3JHlQ4P8Zge6ojNDctns/w7HQZKjJ697VnD8mqn7qlAVtVvjiFuLisiu1h44weWnsE2OhIwEXD626Im1cf6Wg1dmw+/VQpy0/9j7TqGWpXy2/gmpOmKqGOmURJqALc/UxYCDJG/Jz56/m7YpUuKdGSCjqquaZ5c1cQOCHogwSPXViRCVhjpGOXNYWla1TXKxZVgRrHNXr8iPng7KwCUIsZdQlCkqExSV5QiyDNw520okzOx5I0tTqhm/EyYS3xzlssogEern579VFaMETpYV14+t7Ugs6xjlPfJBMU8Vnwm8TTGLvErpo172mII0uWiGo3RTsCTW0BwMHsFQqRNrKuJUPsCNAQ==]]></Encrypt>
</xml>


2016-01-04 10:50:59 debug :
------------
String:
account-ticket<xml>
    <AppId><![CDATA[wxe5b18b9bd7e3626b]]></AppId>
    <Encrypt><![CDATA[rDpoEaqgiz/GWpsXieuFlRMw74ejg6+GkVh4xpSSEVAEODd1QKeH/RatHKiMFDGcNjgeHMNBov9GsqtS6BDlOHRN51dghj9uXxdpmcRaZWvaCivWc5jfKu42lDp3yR2XFQDo0KnYTW72rzoI/xK0bDD1Bb2vANVCCmDJ08o1CdWpbHASSWsVbWZc88gL63UPHhVy4KohBV9Y6DBBE6q1rvA4vMWwZ7M3c9ALuhftxWK8xNN59pZgyC82VbBrzrLOTf2/PuLtvizdxHJKhSBk/syxwP59Ef1H0gOWFEFgDj3IjO3dQka/M55cEkQWnIQ8vRAiZwg6RgSKD7U+quOsU54F/rrpHS5yasM0X4lWFz4+6ADXJNgA0soHFduTs8QwfTPo5+MIa3vq3O+uEqhM8XkFg00i/LVsA0oTyE2CWozH4Vl5KCypB4M1IhnBvn6DKgxX4O6K40DLMgvtmi8nCw==]]></Encrypt>
</xml>


2016-01-04 11:01:01 debug :
------------
String:
account-ticket<xml>
    <AppId><![CDATA[wxe5b18b9bd7e3626b]]></AppId>
    <Encrypt><![CDATA[LgQ3okmeCAiwXIqIOGPzlcNFhkhky6syVn/Od2MEBSqYLtl4k8TRCRvuMiacjuFnOKK9IwjF1kZKyxAFYNbEXXjyrJospTvvF3wX+b23Aj78WElTSE5aIWfKYdPEsRm8Zj1zsoeyyM4nGMam782bM1XsW+m2g2X/RyVEED5AJPAUZAPVefv+bRigJrlEqRcGySR3QslWTmDgLSFB92dNfZLI2dbuVq54rv6s/SVCjc0VwMrUAY7n9A50e9G0S3pC06fK3dX5aMYYDOA3jamn9X/xwZ1fA7jvTH8XFSIukozIvOfodZ/bMBtnzIiisZzJK8D8jLN5r6TC47ZzzGQbdSju1Nq7YesGX5jeukkpt1dWviSazlI78Etsp2u0LbaaECvN9G8yU5yv1FFhdj0EgUeDYFbrterv3Wn/BG2Tr1BUGTfhp/+Dt1G75sl0hxH6wzw+JnvUWr1t8k+CiewLbg==]]></Encrypt>
</xml>


2016-01-04 11:01:46 trace :
------------
Array:
from : o49xAwvqTbos0OBSrw3C2QchSD8A ;
to : gh_8a5f70a28b90 ;
time : 1451876508 ;
type : event ;
event : VIEW ;
tousername : gh_8a5f70a28b90 ;
fromusername : o49xAwvqTbos0OBSrw3C2QchSD8A ;
createtime : 1451876508 ;
msgtype : event ;
eventkey : http://front.lewaimai.com/index.php?r=lewaimaishow/lewaimaigod&adminId=28555&shopId=80400 ;
menuid : 401201303 ;

2016-01-04 11:01:46 params :
------------
Array:
rule : -2 ;
module :  ;
message : Array ;

2016-01-04 11:01:46 response :
------------

2016-01-04 11:05:07 trace :
------------
Array:
from : o49xAwgW0sZIPY7nAgkqt_Wp7djc ;
to : gh_8a5f70a28b90 ;
time : 1451876709 ;
type : event ;
event : subscribe ;
tousername : gh_8a5f70a28b90 ;
fromusername : o49xAwgW0sZIPY7nAgkqt_Wp7djc ;
createtime : 1451876709 ;
msgtype : event ;
eventkey :  ;

2016-01-04 11:05:07 params :
------------
Array:
rule : -2 ;
module :  ;
message : Array ;

2016-01-04 11:05:07 response :
------------

2016-01-04 11:05:09 trace :
------------
Array:
from : o49xAwvqTbos0OBSrw3C2QchSD8A ;
to : gh_8a5f70a28b90 ;
time : 1451876711 ;
type : event ;
event : VIEW ;
tousername : gh_8a5f70a28b90 ;
fromusername : o49xAwvqTbos0OBSrw3C2QchSD8A ;
createtime : 1451876711 ;
msgtype : event ;
eventkey : http://front.lewaimai.com/index.php?r=lewaimaishow/lewaimaigod&adminId=28555&shopId=80400 ;
menuid : 401201303 ;

2016-01-04 11:05:09 params :
------------
Array:
rule : -2 ;
module :  ;
message : Array ;

2016-01-04 11:05:09 response :
------------

2016-01-04 11:09:48 trace :
------------
Array:
from : o49xAwvqTbos0OBSrw3C2QchSD8A ;
to : gh_8a5f70a28b90 ;
time : 1451876986 ;
type : event ;
event : VIEW ;
tousername : gh_8a5f70a28b90 ;
fromusername : o49xAwvqTbos0OBSrw3C2QchSD8A ;
createtime : 1451876986 ;
msgtype : event ;
eventkey : http://front.lewaimai.com/index.php?r=lewaimaishow/lewaimaigod&adminId=28555&shopId=80400 ;
menuid : 401201303 ;

2016-01-04 11:09:48 params :
------------
Array:
rule : -2 ;
module :  ;
message : Array ;

2016-01-04 11:09:48 response :
------------

2016-01-04 11:11:02 debug :
------------
String:
account-ticket<xml>
    <AppId><![CDATA[wxe5b18b9bd7e3626b]]></AppId>
    <Encrypt><![CDATA[+Y1ORAyFI/15MliW+pGP6o/6K+9O8LMvkU50Va6jjUq8do4tA2I7+zew5bdVZptHerLndlJTXIdVYjB7uTXa8CEK7/ZiucOz25syRH9YDdAeTyBmtcoNFtdk+nLGk64uvhETCW3gwa2d5oDk2PXrfRW91Gu2QlTSkmlFFl4irCPTCcwMTWk9qvJuA4Wch/aVIsGOqBZiDltd6eKy53pel4S21AVuZZb8E5rDqy8tSNPz/YAUfvFPtOpiJb4utZbLR+Vcg1GVmsHHfw4VKwZhextyl+kwUc9CF63YwAuQOjLpOWDLFCQjNYhyrKQDiBeS7whR/LWPCtyfJzWJJCtLKPiobeLeCg2/DPwva8mafLM0iKgM1PbNSMrz+qj3M4zgkkT6X04A+CufpjXUaKXX+TRpCa4yURNWYBX9pdqTXGRP1RhCTesoTRw3xND50Ka0aplspqxnXbdc8q5nVMM39w==]]></Encrypt>
</xml>


2016-01-04 11:21:05 debug :
------------
String:
account-ticket<xml>
    <AppId><![CDATA[wxe5b18b9bd7e3626b]]></AppId>
    <Encrypt><![CDATA[lwsk3jBdFIMds0vzqTmJ6MeS3XuABvp2JqH4l7x1g3phTgmTNvRUR3lqAmLoReYwzvHxQUjwqNz86TgU3nRvbgon99sRBRSUNq50vVl4utGiHhrzzyPvBUgggcSrhiVWqTfiQ5gozj4GZPhIv0MqDKsyboIiIPZzr1RepJJUJG9BOAlJmz8E2b/OlS8+/xgKaeEaN772PA45Ti83AoKTG27SGaVMZ7lm1dR5BZtP2riK0YqfF3MBL0AdiAY60XTwtu5vokh8Cdl6JGoID7xc2UVFXsdW8X3v3A9jd900QYvU6IY1iiSAX1v+XmK5LRE+awWgGd0lrEMqplwgTa92yk0pSVLP9DyQ2SRs/Q+O/wQxvSKFAmv74f7y7nDAH6btPdR3lJWNYmycZFjyrUqsN/NAnyLmf9Lsu4m7AcISGfGtQEGOGUBk7srTU1bASQN52Am4W1kjnGzwuWvXyeZClQ==]]></Encrypt>
</xml>


2016-01-04 11:31:03 debug :
------------
String:
account-ticket<xml>
    <AppId><![CDATA[wxe5b18b9bd7e3626b]]></AppId>
    <Encrypt><![CDATA[PhefdwntqjHVR7qHYLVhl6eRucLWu8Sn1SiLR2Gy9c2rNYneGzETOi0uqwD7xQxQF+nwNTK1ZRQNUXzS0EWBFRK9ybyoy03+kVjv0rrRK+R8pFnk3fy3i8NbtIr/Ri5bR6Q3l3e8hPhyeO1R0JfLLNaWfOCGQY4MZHm+UvbU+UjwQhJxMKrRqU3z8vOngH9XnEmQrR7xeQVfSUX8hqgJ8tZJPaHqAAMx8zx0RMTyMyQ1VdB4Esr7dF6ef3ZD8AviMDLiLSYkEVBQGlYOAhp5RWXGI9f2mR0c50L7Cvp5jjRzoui8ocWwtW1yqtu6jdJwazcYCfkPU2BfaaNqGe0Fbn8FKd110qk/FR+yeZZN3oiTdT5OF7dVqSj/n9JEKYGqzl2Yp8gSMfLnSnD2c1wovNciJKazXRE1YMc5zbhdLHcizZPWBby0erEq1mIdUYzhzgIzMpjqG0eVdHa5x1i0Aw==]]></Encrypt>
</xml>


2016-01-04 11:41:03 debug :
------------
String:
account-ticket<xml>
    <AppId><![CDATA[wxe5b18b9bd7e3626b]]></AppId>
    <Encrypt><![CDATA[hQbfNo4ulnUSzWee9Wk+LyyTvBRKU/t4+DegFnmUd+3WhEB+RAbbQ3HrESRySy8vg9kDbGLY1+heSP6wY684C6tlbJ/PL1ykDrHhJJbZuUPQFNFocZOvJ1k2zQ7VTLUBq9ayIdvj1OT70FKDoteX1euH7H1TOKoKVGza5bkmceHgfkGGwiJ3Dh1mneIPF4VTK9pyQSXPGHiiwmdOGka0bn31la7VNHV3LAUVAiIdqwnXj8lhAya3bB3TegqSYPVsdeUXhkPd0rbDC9C6JXLqLZ/h79ClSDIUjMeo5+LBLkS+wi4v3rdTJlmv0PrnQDxjytpVfag8XwGWtanQofAwsjuUnT5v/Fz1ORbGagkxV9kyGd7lAbS11LiE2AuylqHzt3uTBCL5kOJEGVVYuXgn+STBs51n0pfo3M4g2J9NWPah0Bv1+jQeBBsQwy7ndUbvyIO1m52mSfCa7keHnBo/Ug==]]></Encrypt>
</xml>


2016-01-04 11:51:04 debug :
------------
String:
account-ticket<xml>
    <AppId><![CDATA[wxe5b18b9bd7e3626b]]></AppId>
    <Encrypt><![CDATA[e0cmo/cBFUaXb9mUgTSTyD1fbDppUJ/yhNODXtPPZCTeQET3AmmIwxP648yLMBhiFa/8iWc4JYpmR2ULbe3oZwCMr0WBNv0B36Z3zmpeGJDmsNYN9hzZzY4rPCp3HcIQjQkoJ6oq+3bIWsnzkufezWJCzBT1P5sIzwVjJByfGOCO4b4Yzus5FlH4fIQR2L3Q2vxhiH6oiHYzO3+stz0FV7ZXNvENyvbe6FsBBK4su8pJYPWq/KS0VJE7a7flNCf2otQgwIqB0k/xaDbP5IrMPmcO3KjtjVaLAk+frsLR5C76jJOUVqPm/eK+hLdduMfHiwPXqh+JUZay+TKvZoiXutLsckDri2mZ2KcVsnq1+N5WCwZUBmvs8zie8J1f6POQrALCPNncWOgvJUc8TE/y4CXrI9ramei4WVlJV+g9WZ9YhSzmmV/gd7PZA0qBmpQFRlaW97W2nHt6toQJ4XVxVw==]]></Encrypt>
</xml>


2016-01-04 12:01:04 debug :
------------
String:
account-ticket<xml>
    <AppId><![CDATA[wxe5b18b9bd7e3626b]]></AppId>
    <Encrypt><![CDATA[yD77OQy7tyYNBL2WG28MSFkPu2kg7PqeNZDM3NDGIgYUFlcx6rC68y3vx9Qwg4gofZx3ewSE33JYV5oTKlfpYvuERn3Z1DnG3LrRaYH+dPlBxerxFWhvB7Cgnk58K7Crl2b+XQ3q6xMTlA4vQzL/l6vLO96p0UrnevLfXgdup4/aWJPsqjeqvrCYLOCPDBdfHBkhSbKJ3byjli2Ye06fi7MsCoFWxuUrJNDuJ9ZQCkWHNABoqpDqwYGJG4WVeD21BJSE1hbuPgYf4HJ/FEkcY80lT02boc88QAXUlD8Xh1qwPFLZRNrjbxzNM0CWQPUN54wOraYtfneYyUrYIMZA5qQ1iEv2Iom7+WYGlVzvEefR9v78IvBkm82G8YLqRUh3kzKavHf5N/tOyACUXcoQtNKnRqlbnVsThrZ84DVsc34i6rN0/o9GuCGQ6zoS85xAYEpeePqPvGfdO70mHRlMvg==]]></Encrypt>
</xml>


2016-01-04 12:11:02 debug :
------------
String:
account-ticket<xml>
    <AppId><![CDATA[wxe5b18b9bd7e3626b]]></AppId>
    <Encrypt><![CDATA[Jwx5unzWMZKWVmGLl/M9o/FK9esTkvx0f7xSUstYfS2p/w8z4FBBjBTSkXrsw7jaie5U0tX28nOTxeTMsv943hhhw4nr/sS+4ZDoiVnwBh85ayqqcEKNDkpOYfKJZRpRQM03MviBm0a1X7nm+LSYd0Kw20sag808ZaKD5YvapPnb/WXr8q7hk5Tu/6OG2FN3PgGwURT8XrbwySjN5figZh8arz7xaCAcVl9vnAbbOQS0+fpV8re/c5R3EJ3PgZKYu8LSOyHXtUe8EvY2mOPl3cF2c4RhKh/NMF/nnegJSr6thDlXn5+saLOcOk26loUVfvvMW7DFWr2cddTnAa4cQhfSHaHNRMkvOxaSMcQZXeEzhDy75x2lMHWZtH/mzejk23VDnP10X7Kt/p3LTH+EgK5KO9OGPRQ/KkbtyzjCBrqYIBC3tjrQz4Cq16obx14SuHTYLDOLlCg8ZmfQxYDLDw==]]></Encrypt>
</xml>


2016-01-04 12:11:10 trace :
------------
Array:
from : o49xAwnwblFAYsKuv92GAzllYoZE ;
to : gh_8a5f70a28b90 ;
time : 1451880672 ;
type : event ;
event : VIEW ;
tousername : gh_8a5f70a28b90 ;
fromusername : o49xAwnwblFAYsKuv92GAzllYoZE ;
createtime : 1451880672 ;
msgtype : event ;
eventkey : http://front.lewaimai.com/index.php?r=lewaimaishow/lewaimaigod&adminId=28555&shopId=80400 ;
menuid : 401201303 ;

2016-01-04 12:11:10 params :
------------
Array:
rule : -2 ;
module :  ;
message : Array ;

2016-01-04 12:11:10 response :
------------

2016-01-04 12:12:25 trace :
------------
Array:
from : o49xAwnwblFAYsKuv92GAzllYoZE ;
to : gh_8a5f70a28b90 ;
time : 1451880747 ;
type : event ;
event : VIEW ;
tousername : gh_8a5f70a28b90 ;
fromusername : o49xAwnwblFAYsKuv92GAzllYoZE ;
createtime : 1451880747 ;
msgtype : event ;
eventkey : http://front.lewaimai.com/index.php?r=lewaimaishow/lewaimaigod&adminId=28555&shopId=80400 ;
menuid : 401201303 ;

2016-01-04 12:12:25 params :
------------
Array:
rule : -2 ;
module :  ;
message : Array ;

2016-01-04 12:12:25 response :
------------

2016-01-04 12:13:49 trace :
------------
Array:
from : o49xAwnwblFAYsKuv92GAzllYoZE ;
to : gh_8a5f70a28b90 ;
time : 1451880831 ;
type : event ;
event : VIEW ;
tousername : gh_8a5f70a28b90 ;
fromusername : o49xAwnwblFAYsKuv92GAzllYoZE ;
createtime : 1451880831 ;
msgtype : event ;
eventkey : http://front.lewaimai.com/index.php?r=lewaimaishow/lewaimaigod&adminId=28555&shopId=80400 ;
menuid : 401201303 ;

2016-01-04 12:13:49 params :
------------
Array:
rule : -2 ;
module :  ;
message : Array ;

2016-01-04 12:13:49 response :
------------

2016-01-04 12:21:01 debug :
------------
String:
account-ticket<xml>
    <AppId><![CDATA[wxe5b18b9bd7e3626b]]></AppId>
    <Encrypt><![CDATA[ozlBzTETF09bl4xO6YZuWUPuwZ1K8LG6pvYxFYgutxNam7eiCKA5+SPT9/jKxlOZFLgEGG9VscP1s360mZxYaa5CRLetZG2o1Q9zyYi09b1oUVg37ff2zXB5aqNZfTkuyVc2XUPcaQaS6OBvNE6VTdUxNuOYiVLwv10z/irD4YyqhtG4n+dtxw4BQETk7bEgqyq8adF8YW6qz7gpJT8d8DSh+eS26hA2qqsKz6KNVSiG9vYJUjDMYn35Pg2W2BdXVNfcI67OSLDDQpeXmUtwE4DrwvB6G2HlPTgClA3goANj7zpqxOSM+dqC+U1gPKZ+qixgBd0n6W7DOd/3VnJoI1cvbWKJqO7EiBZSJ4/X1gQHKptIBoQWdlIFbyf7P+ehLFy/BdoYJJeJqOSVtb6MF2QKLoYrTU88Kac5WqVG2LTUy+UmKQIfcm7sI3G/CMy/8juOsZ2imsme+Znn0507UA==]]></Encrypt>
</xml>


2016-01-04 12:31:03 debug :
------------
String:
account-ticket<xml>
    <AppId><![CDATA[wxe5b18b9bd7e3626b]]></AppId>
    <Encrypt><![CDATA[IWSzx56A27Itj++nRIisP8V6Km7HxiHeJql9lFaiW5KjJ0Co+6r62vgO4CHu302ZyUWk2Vgo1aUYbtiFCK4TlU5I7tWONvZ68NFNWJVEQDAxEa0QlAoI2D7NCpPnjMikPI4NVC1mEY8PzDaTUOHcvYH3nyHA5FmloN616d0z7H240HbStivDrLFNt2ewrJfPQEpZlbuQucRmZNB0MCh2iLpGEBExG2KYDFhjPMEJ4mUp8T8RrEeOusRmEgTQ9nVmQeiGd/ikH2KrUdxCqahx80xM1XafqWPuAxKrB6Vd3Dpwk7qbSVsQJsaNm5J2mTtO1WlEpXWCSeJJVTZ69bN+OTiZrmXMxeuMESGf6yPS6AAIjFJV/bVxTGpFqk/92wAUP/Qrr370D/8VKJ7hwm9vP54tsJ6QajipxEdbhbYdcJx+8/hBVvAfBylfR5qb6WaOJtsjIsTMzvba13plps4HLQ==]]></Encrypt>
</xml>


2016-01-04 12:41:01 debug :
------------
String:
account-ticket<xml>
    <AppId><![CDATA[wxe5b18b9bd7e3626b]]></AppId>
    <Encrypt><![CDATA[sHijkD8j1pX1lI+jN5Urgo4jW4LTz5SJDict0EAQEfen855EZH9gdP26fHW1q/Ui77mzcPQk3xO0BTiw/G4/yqnfxE+iIR+6TPk25/vCdzjZS1/se/V4zLAGyg1vE67eeN66gHXbhWQT3pyJtc/D2oOHlLGq2L48Ur+EMzB66f0Do4u9ySmpielwTQS9rIIiC+KPeCct6ir6zFQKquSTdfy+2qpIeG07kfOGzzKfpmx4qtkRvL2REPb3pxPjsRSTjoMhyYRRooDRR7L92wRCW1lcO6lC134GNplcazuMJQ6K0BvyW8FXGCwYJWnT/x6tZbbtBdzUbwh2rY2zOc50HZTt7ObVDfb4Zm91oM9elLcOJW80Hz8vcMR5ohYfiUstFWNEetqYuK4Z16rHRNcIKynmolHbdUuCuRAzSYHMJb2X7vWThBgiVaAyiDQAIluWS6tzYZORpJUBb0J051gGpQ==]]></Encrypt>
</xml>


2016-01-04 12:46:35 trace :
------------
Array:
from : o49xAwjXaKyBfPf6N0BBab5o2-rc ;
to : gh_8a5f70a28b90 ;
time : 1451882797 ;
type : event ;
event : VIEW ;
tousername : gh_8a5f70a28b90 ;
fromusername : o49xAwjXaKyBfPf6N0BBab5o2-rc ;
createtime : 1451882797 ;
msgtype : event ;
eventkey : http://front.lewaimai.com/index.php?r=lewaimaishow/lewaimaigod&adminId=28555&shopId=80400 ;
menuid : 401201303 ;

2016-01-04 12:46:35 params :
------------
Array:
rule : -2 ;
module :  ;
message : Array ;

2016-01-04 12:46:35 response :
------------

2016-01-04 12:51:03 debug :
------------
String:
account-ticket<xml>
    <AppId><![CDATA[wxe5b18b9bd7e3626b]]></AppId>
    <Encrypt><![CDATA[uYWqLI2IMnhJns8gj0Zk5Ioev7DB8ID1wXPNdowU0+dZhGaBPJzk1pBm9XxbiGLw/hh2b98aZBF1drutmd5ctjq9Nh2ugP7iRhMXPUxjaE+W0p0zoli6dn+cdEgIjq7xuUqlIAulFf6Sxw0AqZnTsNCDlld/+dXWlZVVdzUYZ3anNh7BzpK0VDy9Ints2YjCxmdWZgDYjcxFwZGiwFUpIx3sv/tNd8xVy+W8qPZ+QMmmD28UvwqJyQh1/UvFuylr1JDHqP6+jLWwgZo/rEgn2lYFHYRx+Ad7BoPDptpe5o+pndu3FhncoOyaB41QVD4vdur4L6Z8UU0532tFTPvKjU4Tve9laXMnuna3yrP5sIqfuC9voQ5IUrNQmrz1P4S7E3SR1T/KrhZvEwVPpOzcFTGz0geySW+A6JyQOT3utWyx7MxmvNbQAAChBBMuRH5kWvKRLJ6yDeCIolbGyu+vig==]]></Encrypt>
</xml>


2016-01-04 13:01:25 debug :
------------
String:
account-ticket<xml>
    <AppId><![CDATA[wxe5b18b9bd7e3626b]]></AppId>
    <Encrypt><![CDATA[oJ9qz6zeywaxjnCs0sn0aFuDZRtkl6kKUGjqEx8oqMVK2cha2u8VkI/yWsZctAEgAEyEVtamyShK/Ux8PZksGdBr+nsc/KYC6mNbgDq6Nna8lTmlRRn5Z58dXWdoBCGB1fJmVQF2JuYqioVpsQrqjzOycQ1k3HhTHFoxbBszk8z6BvCND+daUWtRr4S/+O8ryRIpaDxIEOuiwxa11RfUpr+XKIBoqkWpbo3LysdDjwaQJxhb2vwIwoPeL46yIg+ECEPjRXg9fIAvWgu8VQAhqS/HxqnnqaP5SvamUlExhWSktST3iRnzEtIPT0JOWFNhSAVbd943SyXTNocDLM5Vsi3pwD58b4EIId3LJyCCLJc8QozFt+dnl0+ElmFtC53dcon82VGbO0yMi3u8sz29kT+h3vO+z4HLET92N6f01d6UhrU3aqn42JyS1lT90VPRcCHcmnFOiBMoq9mQZrUBTw==]]></Encrypt>
</xml>


2016-01-04 13:01:26 debug :
------------
String:
account-ticket<xml>
    <AppId><![CDATA[wxe5b18b9bd7e3626b]]></AppId>
    <Encrypt><![CDATA[oJ9qz6zeywaxjnCs0sn0aFuDZRtkl6kKUGjqEx8oqMVK2cha2u8VkI/yWsZctAEgAEyEVtamyShK/Ux8PZksGdBr+nsc/KYC6mNbgDq6Nna8lTmlRRn5Z58dXWdoBCGB1fJmVQF2JuYqioVpsQrqjzOycQ1k3HhTHFoxbBszk8z6BvCND+daUWtRr4S/+O8ryRIpaDxIEOuiwxa11RfUpr+XKIBoqkWpbo3LysdDjwaQJxhb2vwIwoPeL46yIg+ECEPjRXg9fIAvWgu8VQAhqS/HxqnnqaP5SvamUlExhWSktST3iRnzEtIPT0JOWFNhSAVbd943SyXTNocDLM5Vsi3pwD58b4EIId3LJyCCLJc8QozFt+dnl0+ElmFtC53dcon82VGbO0yMi3u8sz29kT+h3vO+z4HLET92N6f01d6UhrU3aqn42JyS1lT90VPRcCHcmnFOiBMoq9mQZrUBTw==]]></Encrypt>
</xml>


2016-01-04 13:11:09 debug :
------------
String:
account-ticket<xml>
    <AppId><![CDATA[wxe5b18b9bd7e3626b]]></AppId>
    <Encrypt><![CDATA[QoJYv9G1/FPYMmURrmruj6/G2l0EwpUX5i6NddOhAhQMhyU3O7EExgMXEs7tSbf7jz9oVRHdM3nSWt09D7HV8P//Hgiu73B2rndwy/WbV7sSHJaTin0ly5lWQYcO8XdCg7jlitLBcw/LoPq0d8CmriTuJzf7YDaoziVypDKj1nyjRlEO7AlZH2ynBomr0bsHOmdeJDaRQccgqIUJFFPyh9mJF0RhDr/LhDWfusnzdArGwxfAPxHKab/pTj+G5As7XOVbzxG0C+dqMCLKKyoW4VakInpCgAZfdASGRcrYJJUrRdl86QR9GRxgLI0i0L488/v08ggRgoKnQjyh6844rmcvo9HoPDq/z2XZYC+BJ5vOOjx2nIoh883GpoSSAwipe40IjLltjrF7C2pU6o2pdDkLvukB3q+Ci8+W82GItsuQnOVZoyNsSYOKtSwjGegeLcIDhm1KMapaYhWO6lUEEQ==]]></Encrypt>
</xml>


2016-01-04 13:18:15 trace :
------------
Array:
from : o49xAwvqTbos0OBSrw3C2QchSD8A ;
to : gh_8a5f70a28b90 ;
time : 1451884698 ;
type : event ;
event : VIEW ;
tousername : gh_8a5f70a28b90 ;
fromusername : o49xAwvqTbos0OBSrw3C2QchSD8A ;
createtime : 1451884698 ;
msgtype : event ;
eventkey : http://front.lewaimai.com/index.php?r=lewaimaishow/lewaimaigod&adminId=28555&shopId=80400 ;
menuid : 401201303 ;

2016-01-04 13:18:15 params :
------------
Array:
rule : -2 ;
module :  ;
message : Array ;

2016-01-04 13:18:15 response :
------------

2016-01-04 13:21:11 debug :
------------
String:
account-ticket<xml>
    <AppId><![CDATA[wxe5b18b9bd7e3626b]]></AppId>
    <Encrypt><![CDATA[0rQw08CbMUZQ9SzocT88zcesS7PisBEr/U+2+mHjLHnj8DVAI8pcVpHVMJ1SVAQEM3WWKhE+WwNFAKvEJEqNhLsKyCSA2W/wG0oCcnIvUrdtES6BepWd2vTiuBXCBVzmg3DxqV8/G/cZfS3yRWKWjIJkhpuO7xmhkMnDuA+2+Fo0B02BZnjg5cHhL3I75dFVgK+2AJr+E7uWIWjRjKuu0olmAjlcOT4M9JY0hxuhoi3GL1qIBhKkfsthb+nFaMW9C6q7Zwm8YnyOzPfhLSNM8HX0FXgFinRLjEiDdnQ7YeToqHR1kpbfSny3Ki41kHiAPhuqBNRjOBcC57NnoVGbzaHGHEfuCxTGJ9bqKZqYlsU+EoDDWsg4WmbIZRl8op8nKQDluPLaPqoT2YS8rjp36fR5UdYvuIfj3Lty4thJolcf9sqECqjaAmchHJrlZ4vBft4c941Fi6sV4Irk5ptJrA==]]></Encrypt>
</xml>


2016-01-04 13:23:46 trace :
------------
Array:
from : o49xAwqYIW2eHTiry-zMbE0bviuk ;
to : gh_8a5f70a28b90 ;
time : 1451885028 ;
type : event ;
event : VIEW ;
tousername : gh_8a5f70a28b90 ;
fromusername : o49xAwqYIW2eHTiry-zMbE0bviuk ;
createtime : 1451885028 ;
msgtype : event ;
eventkey : http://front.lewaimai.com/index.php?r=lewaimaishow/lewaimaigod&adminId=28555&shopId=80400 ;
menuid : 401201303 ;

2016-01-04 13:23:46 params :
------------
Array:
rule : -2 ;
module :  ;
message : Array ;

2016-01-04 13:23:46 response :
------------

2016-01-04 13:31:03 debug :
------------
String:
account-ticket<xml>
    <AppId><![CDATA[wxe5b18b9bd7e3626b]]></AppId>
    <Encrypt><![CDATA[9Y0Q5/QfOzy027FAWdgRX5m1ra4w4vL0XH7Dl7QUoXlJbbD1zdAtOiA4RGxZrBitOJqEpwtAzlYJ3oUs+F8Wnxbt2RLAnuEP9UCRBPMYDktJt5pdQU7gui0zMWHDDlMgvHRdHe4jqptu2zHICahQliyz04HDdXSG1U98A/3M7tNcrssStOnUxh+PASqqp/fIN2ufUnl5qaGaZ3PiVt3t6x0ORkPWCLYrQHnOxKWR2rxdpZ96YLqtj4BsOd98PPi+Ii6QyXZa2XQb2gzjmvhQ/buFkB4rCMzzJhCbZ7CuVuHQWUnbA3OSKis8R8HqJA+5KoLRMYoN2m6JSyyhpibAeWhMYzpbqMMzXPGhsjHrWNM/E0/JtE6nwijzZ6+x/VUPg3GRz1qVtQwIQZqv935TojLpRMSwuTvpY2zyFuQJs+Wbg4g36qwVObTZU1LyHFLZz5yzMifsZK0p38oDHb38/w==]]></Encrypt>
</xml>


2016-01-04 13:33:59 trace :
------------
Array:
from : o49xAwvqTbos0OBSrw3C2QchSD8A ;
to : gh_8a5f70a28b90 ;
time : 1451885642 ;
type : event ;
event : VIEW ;
tousername : gh_8a5f70a28b90 ;
fromusername : o49xAwvqTbos0OBSrw3C2QchSD8A ;
createtime : 1451885642 ;
msgtype : event ;
eventkey : http://front.lewaimai.com/index.php?r=lewaimaishow/lewaimaigod&adminId=28555&shopId=80400 ;
menuid : 401201303 ;

2016-01-04 13:33:59 params :
------------
Array:
rule : -2 ;
module :  ;
message : Array ;

2016-01-04 13:33:59 response :
------------

2016-01-04 13:35:26 trace :
------------
Array:
from : o49xAwqYIW2eHTiry-zMbE0bviuk ;
to : gh_8a5f70a28b90 ;
time : 1451885728 ;
type : event ;
event : VIEW ;
tousername : gh_8a5f70a28b90 ;
fromusername : o49xAwqYIW2eHTiry-zMbE0bviuk ;
createtime : 1451885728 ;
msgtype : event ;
eventkey : http://front.lewaimai.com/index.php?r=lewaimaishow/lewaimaigod&adminId=28555&shopId=80400 ;
menuid : 401201303 ;

2016-01-04 13:35:26 params :
------------
Array:
rule : -2 ;
module :  ;
message : Array ;

2016-01-04 13:35:26 response :
------------

2016-01-04 13:36:28 trace :
------------
Array:
from : o49xAwvqTbos0OBSrw3C2QchSD8A ;
to : gh_8a5f70a28b90 ;
time : 1451885791 ;
type : event ;
event : VIEW ;
tousername : gh_8a5f70a28b90 ;
fromusername : o49xAwvqTbos0OBSrw3C2QchSD8A ;
createtime : 1451885791 ;
msgtype : event ;
eventkey : http://front.lewaimai.com/index.php?r=lewaimaishow/lewaimaigod&adminId=28555&shopId=80400 ;
menuid : 401201303 ;

2016-01-04 13:36:28 params :
------------
Array:
rule : -2 ;
module :  ;
message : Array ;

2016-01-04 13:36:28 response :
------------

2016-01-04 13:36:49 trace :
------------
Array:
from : o49xAwqYIW2eHTiry-zMbE0bviuk ;
to : gh_8a5f70a28b90 ;
time : 1451885811 ;
type : event ;
event : VIEW ;
tousername : gh_8a5f70a28b90 ;
fromusername : o49xAwqYIW2eHTiry-zMbE0bviuk ;
createtime : 1451885811 ;
msgtype : event ;
eventkey : http://front.lewaimai.com/index.php?r=lewaimaishow/lewaimaigod&adminId=28555&shopId=80400 ;
menuid : 401201303 ;

2016-01-04 13:36:49 params :
------------
Array:
rule : -2 ;
module :  ;
message : Array ;

2016-01-04 13:36:49 response :
------------

2016-01-04 13:41:10 debug :
------------
String:
account-ticket<xml>
    <AppId><![CDATA[wxe5b18b9bd7e3626b]]></AppId>
    <Encrypt><![CDATA[yGRiyjBljKBLnrQITbX1slLeGADwfc8CfEoNGK5/jmk7gi+NlANKpi/nEoIZ6SHOfaQtv1MRIiBo3kSfXvx/ulfrkxUK6Hjq18Gz8Mi9sFnG61offVHq3YIO3IBWBUJGAalAvu1PM4G6mkv2Lo4Evf4AZG0gFhSewf7DE7T4huPzzjLfYoKzCjCgc8Ftiy87yrhWJDXtLNy/mfdKlwBEhG+XB7lg2AjKBCqKAhP8GuPAAGx8Tbe5eCXpJjkNx+Vm3YSdxFXz50eVETqctrL+bnegOjAlaA1RASm7PoOyj6SCR7TUO6xAnrAVKjfb0PfPNWGwAjh2o9ohLwhi3+4sW96gYW7fRKu6eDkPvikBfXIkpMtX3H8McfzHbEoDDPpx2LaG1J8JBQXI30lK9wCwQrFyr/A6fM3WHBaC9x0WHwA0jZ4zW/aG70mJ1TeG+UPyIavjj5upSK5gM7pc+4h4qQ==]]></Encrypt>
</xml>


2016-01-04 13:44:58 params :
------------
Array:
rule : -2 ;
module :  ;
message : Array ;

2016-01-04 13:44:58 response :
------------

2016-01-04 13:44:58 trace :
------------
Array:
from : o49xAwkoj_kDEjFvMbGkiyDUhN4c ;
to : gh_8a5f70a28b90 ;
time : 1451886182 ;
type : event ;
event : VIEW ;
tousername : gh_8a5f70a28b90 ;
fromusername : o49xAwkoj_kDEjFvMbGkiyDUhN4c ;
createtime : 1451886182 ;
msgtype : event ;
eventkey : http://front.lewaimai.com/index.php?r=lewaimaishow/lewaimaigod&adminId=28555&shopId=80400 ;
menuid : 401201303 ;

2016-01-04 13:44:58 params :
------------
Array:
rule : -2 ;
module :  ;
message : Array ;

2016-01-04 13:44:58 response :
------------

2016-01-04 13:44:58 trace :
------------
Array:
from : o49xAwkoj_kDEjFvMbGkiyDUhN4c ;
to : gh_8a5f70a28b90 ;
time : 1451886182 ;
type : event ;
event : VIEW ;
tousername : gh_8a5f70a28b90 ;
fromusername : o49xAwkoj_kDEjFvMbGkiyDUhN4c ;
createtime : 1451886182 ;
msgtype : event ;
eventkey : http://front.lewaimai.com/index.php?r=lewaimaishow/lewaimaigod&adminId=28555&shopId=80400 ;
menuid : 401201303 ;

2016-01-04 13:44:58 params :
------------
Array:
rule : -2 ;
module :  ;
message : Array ;

2016-01-04 13:44:58 response :
------------

2016-01-04 13:50:58 debug :
------------
String:
account-ticket<xml>
    <AppId><![CDATA[wxe5b18b9bd7e3626b]]></AppId>
    <Encrypt><![CDATA[VV6rOQ1VKRjUAaeGqRSA2zKMN0fQPmail9roHk3x6lNYiQlfSQaeBD/xCy2sVhFjk3Aq/kEyxsE1JknroWU/pMXboQXs7zK433MiXZ8jsBN0mNHZgZaRLL8WqYZuwI3w0VDR9E/Z8gMIO8twukf/i/OLFNSku3zoupW2Ec49KShqlXBc2L75C3E1WJVV9cU75SjZXPwYXAedkgphwTwh72LEYg6cmGNUf+Nxb2HFLUBi3EJmLQEeS6iHXpihrlfAqi5iWgpBMeZk+cVGvOA5KEvRLqZkPP1ETjFn3X4mBNXkyfHGXtKJHAmQs5p3mASl4LV8+2JwQAGaDrcf3XjhOEnU4gknrAdeuBpALijqhn/lPQrg78PGN0Ehz/WtHiYGXM7rUYfRk2L5Llqh/SSlIITB75EPNhoMJ5RLndKLDBqrMzN0uZPI9629urrIrRLM1U6jKb09reussIL5R8oDxw==]]></Encrypt>
</xml>


2016-01-04 13:52:47 trace :
------------
Array:
from : o49xAwuJh-_hKP_zc6_1LnXsIfO8 ;
to : gh_8a5f70a28b90 ;
time : 1451886770 ;
type : event ;
event : VIEW ;
tousername : gh_8a5f70a28b90 ;
fromusername : o49xAwuJh-_hKP_zc6_1LnXsIfO8 ;
createtime : 1451886770 ;
msgtype : event ;
eventkey : http://front.lewaimai.com/index.php?r=lewaimaishow/lewaimaigod&adminId=28555&shopId=80400 ;
menuid : 401201303 ;

2016-01-04 13:52:48 params :
------------
Array:
rule : -2 ;
module :  ;
message : Array ;

2016-01-04 13:52:48 response :
------------

2016-01-04 14:01:02 debug :
------------
String:
account-ticket<xml>
    <AppId><![CDATA[wxe5b18b9bd7e3626b]]></AppId>
    <Encrypt><![CDATA[qxOeN3k+RaytpLwXvoq72pvyu47Ql2f+X3InOtAsDHKsswoGEOwff4E/eykple5NdxCeCf77FazHLWsnAiWaI8QR+9DkzW9JeY78balmWM3eDTLnINWyqHY0s3At5BNqM2fPP6+VxDLRTSvUwdVKXiQ256VuoED4TzVMePrzQxod44QrsFR4YXAyPsf4x2MCpu3O2e6AvIvvpVlQILIH6WYbZt0H7CuGP6xZCvHdKG5LiBrVu+Q1i9H2/iEg4knt0EgA/eIrVwDuIaGbw5wlNhvRa9cphsHsZZ6XN6pLtZ7T5YKrq9gK3Rx9IWoLurAHxjcGxDkQdqsf5cyzQWT2RNp2WGpwtPm6oGYj3ZP8w/HCgOP3npHKFbNAyXF0z4mD1W8jrcwviITJETOKpkgvXEmRdGAGOkGv+X/Um6Lp9nEuymHp4vTvttsVwm9hM6x9gjnv7zAyAsimW/MiILdHvQ==]]></Encrypt>
</xml>


2016-01-04 14:11:00 debug :
------------
String:
account-ticket<xml>
    <AppId><![CDATA[wxe5b18b9bd7e3626b]]></AppId>
    <Encrypt><![CDATA[AEHUk+J03WJ/mn6wCemlqMc3YAut2vFYj+m177teYKppdwZr6tV8MV/jPb46UrIt1W04ICLzt30ux2Uyrcxwj5elH0+Xe+7doNKUuL7lJNp2mm7QqTWghhcyUDZPx9y1lHUu7P87B8WhaHPYYKedxreuCYyymIvSFRffiSrt+FxGvCYSzpxgU8uJQ1mxS5Liy2lpjjCsV17NQfujd9Cw+IelMoQ4/o+nH9Ys5aoEVy4E5H4HoiDIGlmlIgC5pVE9cyp06mYLcP53e7UsJyooj+9F7w8MyYt7meIhBSUiJmdoaHTkVP4Fv+g+RvlsngVtYNkRrRNfZEYouhMj9Y/wRqKdsfIgg8AJhCV5dCQmD5tKHNREdKSeIsCzZ2fQNOFJoCslIK/tItPwGCo4tIDbBmiLcRGf0bECgzGDStvwo0sG6nkqUbqSLEwvcK3hYW9rr/Lg73Gcfjjc+w0IjFB/eQ==]]></Encrypt>
</xml>


2016-01-04 14:21:00 debug :
------------
String:
account-ticket<xml>
    <AppId><![CDATA[wxe5b18b9bd7e3626b]]></AppId>
    <Encrypt><![CDATA[IcRuPaG3WwwT9yO+VF19oBKR1qcDIXvy+C9Z34meLIW+6JPlrxHFDQyCalcDVldGtb+tByPRv8/DuaKvFTAHAv7D/WolLJLog7WTWkdLOnytVq3U1gEjVXlE35macddm2RJrZ70IEjVy/Htex9ZSJksavNT5fcH0bZ9jJvr0uyBkU5MFdmqpcqRiJ95fl1gw+fOj3vR9JMt73pFOaHxJLQ9sZHRycI08reQBiRmXl+lCy/PGagAL04jz+OSHT1JmO+4/o6kaqbjbqoYMOfXM5kbRjApmoXDMP9/jhLLnrJyOSLBLCxDjnQCX4Rh7HcUdo1LLnILHdZ8ylg+l2DCkTGjJ7vIZsI0+lZv/qfNEWPeG8gWLcEHhcrU354G6IvXpDZa0sTtV3F31vO6zc25X8KFezExCST7pUJZnDekgezI9IHholYLE50MlmcIgDmKcczUzOtcB0LDNkQCO8fUFNw==]]></Encrypt>
</xml>


2016-01-04 14:27:40 trace :
------------
Array:
from : oywoswDzlwJzkwO9a60mV3ee63-0 ;
to : gh_594b4a77030d ;
time : 1451888862 ;
type : trace ;
event : LOCATION ;
tousername : gh_594b4a77030d ;
fromusername : oywoswDzlwJzkwO9a60mV3ee63-0 ;
createtime : 1451888862 ;
msgtype : event ;
latitude : 22.797756 ;
longitude : 113.792938 ;
precision : 150.000000 ;
location_x : 22.797756 ;
location_y : 113.792938 ;

2016-01-04 14:27:40 params :
------------
Array:
message : Array ;
module : default ;
rule : -1 ;

2016-01-04 14:27:40 response :
------------
Array:
errno : -1 ;
message : Invaild value ;

2016-01-04 14:27:46 trace :
------------
Array:
from : oywoswDzlwJzkwO9a60mV3ee63-0 ;
to : gh_594b4a77030d ;
time : 1451888868 ;
type : trace ;
event : LOCATION ;
tousername : gh_594b4a77030d ;
fromusername : oywoswDzlwJzkwO9a60mV3ee63-0 ;
createtime : 1451888868 ;
msgtype : event ;
latitude : 22.797804 ;
longitude : 113.792900 ;
precision : 40.000000 ;
location_x : 22.797804 ;
location_y : 113.792900 ;

2016-01-04 14:27:46 params :
------------
Array:
message : Array ;
module : default ;
rule : -1 ;

2016-01-04 14:27:46 response :
------------
Array:
errno : -1 ;
message : Invaild value ;

2016-01-04 14:27:52 trace :
------------
Array:
from : oywoswDzlwJzkwO9a60mV3ee63-0 ;
to : gh_594b4a77030d ;
time : 1451888874 ;
type : trace ;
event : LOCATION ;
tousername : gh_594b4a77030d ;
fromusername : oywoswDzlwJzkwO9a60mV3ee63-0 ;
createtime : 1451888874 ;
msgtype : event ;
latitude : 22.797804 ;
longitude : 113.792900 ;
precision : 40.000000 ;
location_x : 22.797804 ;
location_y : 113.792900 ;

2016-01-04 14:27:52 params :
------------
Array:
message : Array ;
module : default ;
rule : -1 ;

2016-01-04 14:27:52 response :
------------
Array:
errno : -1 ;
message : Invaild value ;

2016-01-04 14:27:57 trace :
------------
Array:
from : oywoswDzlwJzkwO9a60mV3ee63-0 ;
to : gh_594b4a77030d ;
time : 1451888880 ;
type : trace ;
event : LOCATION ;
tousername : gh_594b4a77030d ;
fromusername : oywoswDzlwJzkwO9a60mV3ee63-0 ;
createtime : 1451888880 ;
msgtype : event ;
latitude : 22.797756 ;
longitude : 113.792908 ;
precision : 150.000000 ;
location_x : 22.797756 ;
location_y : 113.792908 ;

2016-01-04 14:27:57 params :
------------
Array:
message : Array ;
module : default ;
rule : -1 ;

2016-01-04 14:27:57 response :
------------
Array:
errno : -1 ;
message : Invaild value ;

2016-01-04 14:28:04 trace :
------------
Array:
from : oywoswDzlwJzkwO9a60mV3ee63-0 ;
to : gh_594b4a77030d ;
time : 1451888887 ;
type : trace ;
event : LOCATION ;
tousername : gh_594b4a77030d ;
fromusername : oywoswDzlwJzkwO9a60mV3ee63-0 ;
createtime : 1451888887 ;
msgtype : event ;
latitude : 22.797756 ;
longitude : 113.792908 ;
precision : 150.000000 ;
location_x : 22.797756 ;
location_y : 113.792908 ;

2016-01-04 14:28:04 params :
------------
Array:
message : Array ;
module : default ;
rule : -1 ;

2016-01-04 14:28:04 response :
------------
Array:
errno : -1 ;
message : Invaild value ;

2016-01-04 14:28:09 trace :
------------
Array:
from : oywoswDzlwJzkwO9a60mV3ee63-0 ;
to : gh_594b4a77030d ;
time : 1451888892 ;
type : trace ;
event : LOCATION ;
tousername : gh_594b4a77030d ;
fromusername : oywoswDzlwJzkwO9a60mV3ee63-0 ;
createtime : 1451888892 ;
msgtype : event ;
latitude : 22.797756 ;
longitude : 113.792908 ;
precision : 150.000000 ;
location_x : 22.797756 ;
location_y : 113.792908 ;

2016-01-04 14:28:10 params :
------------
Array:
message : Array ;
module : default ;
rule : -1 ;

2016-01-04 14:28:10 response :
------------
Array:
errno : -1 ;
message : Invaild value ;

2016-01-04 14:28:15 trace :
------------
Array:
from : oywoswDzlwJzkwO9a60mV3ee63-0 ;
to : gh_594b4a77030d ;
time : 1451888898 ;
type : trace ;
event : LOCATION ;
tousername : gh_594b4a77030d ;
fromusername : oywoswDzlwJzkwO9a60mV3ee63-0 ;
createtime : 1451888898 ;
msgtype : event ;
latitude : 22.797756 ;
longitude : 113.792908 ;
precision : 150.000000 ;
location_x : 22.797756 ;
location_y : 113.792908 ;

2016-01-04 14:28:16 params :
------------
Array:
message : Array ;
module : default ;
rule : -1 ;

2016-01-04 14:28:16 response :
------------
Array:
errno : -1 ;
message : Invaild value ;

2016-01-04 14:28:22 trace :
------------
Array:
from : oywoswDzlwJzkwO9a60mV3ee63-0 ;
to : gh_594b4a77030d ;
time : 1451888904 ;
type : trace ;
event : LOCATION ;
tousername : gh_594b4a77030d ;
fromusername : oywoswDzlwJzkwO9a60mV3ee63-0 ;
createtime : 1451888904 ;
msgtype : event ;
latitude : 22.797756 ;
longitude : 113.792908 ;
precision : 150.000000 ;
location_x : 22.797756 ;
location_y : 113.792908 ;

2016-01-04 14:28:22 params :
------------
Array:
message : Array ;
module : default ;
rule : -1 ;

2016-01-04 14:28:22 response :
------------
Array:
errno : -1 ;
message : Invaild value ;

2016-01-04 14:28:28 trace :
------------
Array:
from : oywoswDzlwJzkwO9a60mV3ee63-0 ;
to : gh_594b4a77030d ;
time : 1451888910 ;
type : trace ;
event : LOCATION ;
tousername : gh_594b4a77030d ;
fromusername : oywoswDzlwJzkwO9a60mV3ee63-0 ;
createtime : 1451888910 ;
msgtype : event ;
latitude : 22.797756 ;
longitude : 113.792908 ;
precision : 150.000000 ;
location_x : 22.797756 ;
location_y : 113.792908 ;

2016-01-04 14:28:28 params :
------------
Array:
message : Array ;
module : default ;
rule : -1 ;

2016-01-04 14:28:28 response :
------------
Array:
errno : -1 ;
message : Invaild value ;

2016-01-04 14:28:34 trace :
------------
Array:
from : oywoswDzlwJzkwO9a60mV3ee63-0 ;
to : gh_594b4a77030d ;
time : 1451888916 ;
type : trace ;
event : LOCATION ;
tousername : gh_594b4a77030d ;
fromusername : oywoswDzlwJzkwO9a60mV3ee63-0 ;
createtime : 1451888916 ;
msgtype : event ;
latitude : 22.797756 ;
longitude : 113.792908 ;
precision : 150.000000 ;
location_x : 22.797756 ;
location_y : 113.792908 ;

2016-01-04 14:28:34 params :
------------
Array:
message : Array ;
module : default ;
rule : -1 ;

2016-01-04 14:28:34 response :
------------
Array:
errno : -1 ;
message : Invaild value ;

2016-01-04 14:28:40 trace :
------------
Array:
from : oywoswDzlwJzkwO9a60mV3ee63-0 ;
to : gh_594b4a77030d ;
time : 1451888922 ;
type : trace ;
event : LOCATION ;
tousername : gh_594b4a77030d ;
fromusername : oywoswDzlwJzkwO9a60mV3ee63-0 ;
createtime : 1451888922 ;
msgtype : event ;
latitude : 22.797756 ;
longitude : 113.792908 ;
precision : 150.000000 ;
location_x : 22.797756 ;
location_y : 113.792908 ;

2016-01-04 14:28:40 params :
------------
Array:
message : Array ;
module : default ;
rule : -1 ;

2016-01-04 14:28:40 response :
------------
Array:
errno : -1 ;
message : Invaild value ;

2016-01-04 14:28:46 trace :
------------
Array:
from : oywoswDzlwJzkwO9a60mV3ee63-0 ;
to : gh_594b4a77030d ;
time : 1451888928 ;
type : trace ;
event : LOCATION ;
tousername : gh_594b4a77030d ;
fromusername : oywoswDzlwJzkwO9a60mV3ee63-0 ;
createtime : 1451888928 ;
msgtype : event ;
latitude : 22.797798 ;
longitude : 113.792824 ;
precision : 40.000000 ;
location_x : 22.797798 ;
location_y : 113.792824 ;

2016-01-04 14:28:46 params :
------------
Array:
message : Array ;
module : default ;
rule : -1 ;

2016-01-04 14:28:46 response :
------------
Array:
errno : -1 ;
message : Invaild value ;

2016-01-04 14:28:52 trace :
------------
Array:
from : oywoswDzlwJzkwO9a60mV3ee63-0 ;
to : gh_594b4a77030d ;
time : 1451888934 ;
type : trace ;
event : LOCATION ;
tousername : gh_594b4a77030d ;
fromusername : oywoswDzlwJzkwO9a60mV3ee63-0 ;
createtime : 1451888934 ;
msgtype : event ;
latitude : 22.797798 ;
longitude : 113.792824 ;
precision : 40.000000 ;
location_x : 22.797798 ;
location_y : 113.792824 ;

2016-01-04 14:28:52 params :
------------
Array:
message : Array ;
module : default ;
rule : -1 ;

2016-01-04 14:28:52 response :
------------
Array:
errno : -1 ;
message : Invaild value ;

2016-01-04 14:29:33 trace :
------------
Array:
from : oywoswDzlwJzkwO9a60mV3ee63-0 ;
to : gh_594b4a77030d ;
time : 1451888976 ;
type : trace ;
event : LOCATION ;
tousername : gh_594b4a77030d ;
fromusername : oywoswDzlwJzkwO9a60mV3ee63-0 ;
createtime : 1451888976 ;
msgtype : event ;
latitude : 22.797798 ;
longitude : 113.792824 ;
precision : 40.000000 ;
location_x : 22.797798 ;
location_y : 113.792824 ;

2016-01-04 14:29:33 params :
------------
Array:
message : Array ;
module : default ;
rule : -1 ;

2016-01-04 14:29:33 response :
------------
Array:
errno : -1 ;
message : Invaild value ;

2016-01-04 14:29:41 trace :
------------
Array:
from : oywoswDzlwJzkwO9a60mV3ee63-0 ;
to : gh_594b4a77030d ;
time : 1451888983 ;
type : trace ;
event : LOCATION ;
tousername : gh_594b4a77030d ;
fromusername : oywoswDzlwJzkwO9a60mV3ee63-0 ;
createtime : 1451888983 ;
msgtype : event ;
latitude : 22.797815 ;
longitude : 113.792862 ;
precision : 40.000000 ;
location_x : 22.797815 ;
location_y : 113.792862 ;

2016-01-04 14:29:41 params :
------------
Array:
message : Array ;
module : default ;
rule : -1 ;

2016-01-04 14:29:41 response :
------------
Array:
errno : -1 ;
message : Invaild value ;

2016-01-04 14:29:46 trace :
------------
Array:
from : oywoswDzlwJzkwO9a60mV3ee63-0 ;
to : gh_594b4a77030d ;
time : 1451888988 ;
type : trace ;
event : LOCATION ;
tousername : gh_594b4a77030d ;
fromusername : oywoswDzlwJzkwO9a60mV3ee63-0 ;
createtime : 1451888988 ;
msgtype : event ;
latitude : 22.797815 ;
longitude : 113.792862 ;
precision : 40.000000 ;
location_x : 22.797815 ;
location_y : 113.792862 ;

2016-01-04 14:29:46 params :
------------
Array:
message : Array ;
module : default ;
rule : -1 ;

2016-01-04 14:29:46 response :
------------
Array:
errno : -1 ;
message : Invaild value ;

2016-01-04 14:29:46 trace :
------------
Array:
from : oywoswDzlwJzkwO9a60mV3ee63-0 ;
to : gh_594b4a77030d ;
time : 1451888988 ;
type : event ;
event : VIEW ;
tousername : gh_594b4a77030d ;
fromusername : oywoswDzlwJzkwO9a60mV3ee63-0 ;
createtime : 1451888988 ;
msgtype : event ;
eventkey : http://mp.weixin.qq.com/s?__biz=MzIyNDExMTgxOQ==&mid=401375925&idx=1&sn=1055fe52b539b629ff2957852f3f5d13&scene=18#wechat_redirect ;
menuid : 401824823 ;

2016-01-04 14:29:46 params :
------------
Array:
rule : -2 ;
module :  ;
message : Array ;

2016-01-04 14:29:46 response :
------------

2016-01-04 14:30:03 trace :
------------
Array:
from : oywoswDzlwJzkwO9a60mV3ee63-0 ;
to : gh_594b4a77030d ;
time : 1451889006 ;
type : trace ;
event : LOCATION ;
tousername : gh_594b4a77030d ;
fromusername : oywoswDzlwJzkwO9a60mV3ee63-0 ;
createtime : 1451889006 ;
msgtype : event ;
latitude : 22.797815 ;
longitude : 113.792862 ;
precision : 40.000000 ;
location_x : 22.797815 ;
location_y : 113.792862 ;

2016-01-04 14:30:03 params :
------------
Array:
message : Array ;
module : default ;
rule : -1 ;

2016-01-04 14:30:03 response :
------------
Array:
errno : -1 ;
message : Invaild value ;

2016-01-04 14:31:01 debug :
------------
String:
account-ticket<xml>
    <AppId><![CDATA[wxe5b18b9bd7e3626b]]></AppId>
    <Encrypt><![CDATA[US61R+K5mKPxV0KwZZVnre861izG7hEFNgubfhknqGIm6XUgagYGw/9n9GV9nHgS2r9CExknJIMhYlc4Y5cVIlV2gakRXOZ1pthAtejxPxtPI04aJUkYAlFenr8DOkSRTUxZf+lT/Cix+JCGQBPegPuEiRNUgyN9vgtdpy/cr17IvIcDcdc1qDq/nGkmoF1xFI/oyI8KtWrjdD1ZJF2AG2RKfbVyI+RdiDFet0B0K1SS9juHOmkcWE0/Pz2cLNKsFd35slkX7G/LyKvfpa7ETZ9/Ua7ilpTFzxydh00gsbvs61aeGlF+pR7VRjH9YphP2tVbSGfxg317xjo9EXVxPiFpnnPWk8I+aeLc2ovReNG6jvKCmwMUvUdfwiVk6c9hmHgDC9ORHFoP8iZqlYE5vvNIUByn4a+Z7R09YuVYoxDu4kK42UXChiI3Y6J5X4Ed6ulqcGwWPN/+TZ1qxn06NQ==]]></Encrypt>
</xml>


2016-01-04 14:40:06 trace :
------------
Array:
from : o49xAwsi2ieuCfEJRKAql9Zdf23M ;
to : gh_8a5f70a28b90 ;
time : 1451889609 ;
type : event ;
event : subscribe ;
tousername : gh_8a5f70a28b90 ;
fromusername : o49xAwsi2ieuCfEJRKAql9Zdf23M ;
createtime : 1451889609 ;
msgtype : event ;
eventkey :  ;

2016-01-04 14:40:06 params :
------------
Array:
rule : -2 ;
module :  ;
message : Array ;

2016-01-04 14:40:06 response :
------------

2016-01-04 14:40:09 trace :
------------
Array:
from : o49xAwsi2ieuCfEJRKAql9Zdf23M ;
to : gh_8a5f70a28b90 ;
time : 1451889612 ;
type : event ;
event : VIEW ;
tousername : gh_8a5f70a28b90 ;
fromusername : o49xAwsi2ieuCfEJRKAql9Zdf23M ;
createtime : 1451889612 ;
msgtype : event ;
eventkey : http://front.lewaimai.com/index.php?r=lewaimaishow/lewaimaigod&adminId=28555&shopId=80400 ;
menuid : 401201303 ;

2016-01-04 14:40:09 params :
------------
Array:
rule : -2 ;
module :  ;
message : Array ;

2016-01-04 14:40:09 response :
------------

2016-01-04 14:40:36 trace :
------------
Array:
from : o49xAwsi2ieuCfEJRKAql9Zdf23M ;
to : gh_8a5f70a28b90 ;
time : 1451889638 ;
type : event ;
event : VIEW ;
tousername : gh_8a5f70a28b90 ;
fromusername : o49xAwsi2ieuCfEJRKAql9Zdf23M ;
createtime : 1451889638 ;
msgtype : event ;
eventkey : http://front.lewaimai.com/index.php?r=lewaimaishow/lewaimaigod&adminId=28555&shopId=80400 ;
menuid : 401201303 ;

2016-01-04 14:40:36 params :
------------
Array:
rule : -2 ;
module :  ;
message : Array ;

2016-01-04 14:40:36 response :
------------

2016-01-04 14:41:01 debug :
------------
String:
account-ticket<xml>
    <AppId><![CDATA[wxe5b18b9bd7e3626b]]></AppId>
    <Encrypt><![CDATA[1vrp2TZvLAbBdg5U5xEMCzQzKYvGt46vxepdKf1PrA6byrxLSsII+kVgM5skhcWZYH5V1TR+qxTFuJFeEFxQ4KH/rDO3nwOGR9FSnT/s+3rCQOaJUwUTS5qs17MTiBUSC+x6D491N0d5twp7+m7TFOQg9nvRdOv7pmT7/HknHgLtvPWKzErztdTDbCYMApaq7GvA8ccuK9nrdUTRLYJznhvYtnASKDMEZDEiXwuZP4pSKrZGMoeVEnmWxTrHCZeL2p83UbPyxo/Pv6jyO0qnyBuEY/iTJ18XVNz5CQBxIshTRgGs6LYiR5w0sLdzIxUS8JcVHiejDqY8A2hu4wk56Rrjn0uK10YTQ8/XBSKS5cyggTO2lPRRUfCvoqL8e/qp+5KeGqHf0eiRJ8pyL8pk80K+yfHKtOAggQBCgxUglI03oQOKH6u+KVEhxIEXfxWhN5Hz1uXC8GgHKQ2O2EHeUg==]]></Encrypt>
</xml>


2016-01-04 14:46:38 trace :
------------
Array:
from : o49xAwsi2ieuCfEJRKAql9Zdf23M ;
to : gh_8a5f70a28b90 ;
time : 1451890000 ;
type : event ;
event : VIEW ;
tousername : gh_8a5f70a28b90 ;
fromusername : o49xAwsi2ieuCfEJRKAql9Zdf23M ;
createtime : 1451890000 ;
msgtype : event ;
eventkey : http://front.lewaimai.com/index.php?r=lewaimaishow/lewaimaigod&adminId=28555&shopId=80400 ;
menuid : 401201303 ;

2016-01-04 14:46:38 params :
------------
Array:
rule : -2 ;
module :  ;
message : Array ;

2016-01-04 14:46:38 response :
------------

2016-01-04 14:50:24 trace :
------------
Array:
from : o49xAwsi2ieuCfEJRKAql9Zdf23M ;
to : gh_8a5f70a28b90 ;
time : 1451890224 ;
type : event ;
event : VIEW ;
tousername : gh_8a5f70a28b90 ;
fromusername : o49xAwsi2ieuCfEJRKAql9Zdf23M ;
createtime : 1451890224 ;
msgtype : event ;
eventkey : http://front.lewaimai.com/index.php?r=lewaimaiuser/orderhistory&adminId=28555 ;
menuid : 401201303 ;

2016-01-04 14:50:24 params :
------------
Array:
rule : -2 ;
module :  ;
message : Array ;

2016-01-04 14:50:24 response :
------------

2016-01-04 14:51:00 debug :
------------
String:
account-ticket<xml>
    <AppId><![CDATA[wxe5b18b9bd7e3626b]]></AppId>
    <Encrypt><![CDATA[KHtvR3JMJpgczK7C71wPehJuKCbSpVSqsIFHvOEbG6XTdqX8I1m4TyZVi40MqrkH4KSJOLDax4BmswtF4b48jbVFDsY6NQ7VmNWATGpeaqwzjpzZVTleE9td99bjO9s9NFdwBlYxFeGOKt6TWr706DQLKi68mlvFyB9XCz/swVjcHHY/uH9YnvieQ9x4vVyLdGiTahp/GQgcf8ireXeveCWJMzIOf3kYZiu0/rne8mySp7BoWLrdd73PRwEnYbDVdNdyDqka42kgROTLIPHW7B0x5WEAMFkmq3RAqS5tzxrljz9okAeuMQW8wPkn9la8aK7RmAs7vfEWatrKq/YNXB7Xdsoq456Vmp4EWwjYJeG6NURjNO6QZwyi+6X8y1Am3S3l39jIognRJjv7QbhObsGNy9DAF1vDWMy0DbttInwsR/+YjH1bLdvil3hREYMbLnbzaUBqF7QELmNsI6+4gw==]]></Encrypt>
</xml>


2016-01-04 15:00:27 trace :
------------
Array:
from : o49xAwkUZfOLIAwSxsubeA6nd7bM ;
to : gh_8a5f70a28b90 ;
time : 1451890830 ;
type : event ;
event : VIEW ;
tousername : gh_8a5f70a28b90 ;
fromusername : o49xAwkUZfOLIAwSxsubeA6nd7bM ;
createtime : 1451890830 ;
msgtype : event ;
eventkey : http://front.lewaimai.com/index.php?r=lewaimaishow/lewaimaigod&adminId=28555&shopId=80400 ;
menuid : 401201303 ;

2016-01-04 15:00:27 params :
------------
Array:
rule : -2 ;
module :  ;
message : Array ;

2016-01-04 15:00:27 response :
------------

2016-01-04 15:01:03 debug :
------------
String:
account-ticket<xml>
    <AppId><![CDATA[wxe5b18b9bd7e3626b]]></AppId>
    <Encrypt><![CDATA[l5pttZQjVCd2ZS7uAuGAPX7YqCexil6iMb+c07pNG/a3ae3hOxbvmvJlVoXUutm/6AKabZWl3HskV/DWexzILYsMIz3FDa3Ipt6RGyZ3Lf4oNgZCwl+vIXnA/EjhiAqmRIuph7CdVl242VeWcE2leLr7R414edIe5N+OYACdFvJB54CwgoGUaEGaWLY2iU8qMdMzK7Qz50FG9vpiJMuy7GT1hAfSZVoFS1RP+rnYGs10gDRy7efNSCLIFg2SGtgNjilcFFXIqPLv20MeswjNLhHU32t5YsgYfydgIoORyqIod6W8u3LhQS4I3LZkq7cDUPSz9wmWxr7lB/hI30CFb3pQE94tTwBrMEdrDogiPY9WwulxaN5Lf/mfU2/bMD3fyqGikXzrhiPuSkB8ZM+EDbFZuGIy7iKrPv2s8pHgFeZU+f/spyi5U13X6t7UbIqnrLouRAG+7F2UhXBimIpsLw==]]></Encrypt>
</xml>


2016-01-04 15:11:00 debug :
------------
String:
account-ticket<xml>
    <AppId><![CDATA[wxe5b18b9bd7e3626b]]></AppId>
    <Encrypt><![CDATA[/tMbkzIAI2LqtekRmAKUBL4edqskVJNnI2X4yDQLKUyqGR+U7jk69XAbcTjp65MNbDJlIAsNv2etItQSs2kYfVf8kjDdGZHmhCwffbtTBlsbj6ou0iZvmZdsyqJYiKcmoh2zWwLI2KaQorun0qbZlcmrApElkHvngc2Klccuq0sTMi7Mui0M54Tinjn/sZsgemWhgAo+FLfigeHFG10rYLxlkI+TnWY61zTgwUTfpwesqGFgSbaMw2Cl/IE8yl/PX0EnKkDPU51/rFiUXLzTYp9eea79pGLqLoGiMO/eIkmBIEpn1MWB1Cl1C2W147Hjr7nC2UuFHmYWsd53RJAXqkJCrk9NxqujC6dXmJZHnjS80/hl+5EjIs8aaID5TUEOpApjGrK8PVKl0DOln8b1TxkbL9H/8sBoNs0wBpx/2TRY0o21+XpyPem1kNXWlUznqqD/fC30vfW1BuCK4EzpHw==]]></Encrypt>
</xml>


2016-01-04 15:21:01 debug :
------------
String:
account-ticket<xml>
    <AppId><![CDATA[wxe5b18b9bd7e3626b]]></AppId>
    <Encrypt><![CDATA[YR5o23soE8FY1jGwwcsxEi7Lbz6gBPlQWEIAqY1LHe/RL72qfbRA1YVVJAKcNiniI+v+vZvZE74jd98qO31GJyy1qBXasngJO/Y78h+5m3NEF65JXoELkBOA0s8HAoMXwXcbE5isP5u78Rj5BiWso75DAIpflAzI3I+SCevV6vgPmzHo2+tW7fv8yoy23TXTM1hz+PVRWtC3I/g8wGRvIrRjsSvJaMDKcND6UicjdDJ2qeTj/47MmsitgZoS127J8JkIKXRzOpp1ne+W7C+s+xgIMrBIAY1JdcBeHIfzC0ETx4sEEFiYJQB52wSeAqBAb7UzSx/nZTlOXihKYuxONZwfKgHazCAHgu6ZmAMESCKPFlslUf5QSM9JV2oYou4niNhOEeoez1SKHgKkrckaEMZoulCsgWL6A2mwqWyqIn1bHcuf2p2cRbEtbXmcSpeuzWmTurYnCurI3cg7500X5Q==]]></Encrypt>
</xml>


2016-01-04 15:31:00 debug :
------------
String:
account-ticket<xml>
    <AppId><![CDATA[wxe5b18b9bd7e3626b]]></AppId>
    <Encrypt><![CDATA[GUF+NTSAGm3X0aREymOV46B4dVdOywJJCQ2S9YEdzOO+YxO2FbSyDlgFl7EkhnHbuh1wOdvGucjoYM4vKaQyT/CeYuH1EgyEo87FBEQx2MZedJKRJYaxMVWCT6MJzkOwvxmoULxFmnfmWtZq80DKev469wrvxEnAwjsrV9zcWkal1VZ7OLUgl1FMpoOl+Mz5dR//EGSkMwab/qY6uGureM182SKXBRHqNDCvtgA2O7M/xb6dbGtgn5inWFFhy+1H/QnwZF+d1fhune+LPC1qamEVF1uNx4f7g/t3jQS6qlXJMPJltXtdRjs+Lr0vA/sELsM5qQmffUxO7haDDj5MIIwn9HhQOPPXmEQ0X7YScfXIMSvAeLi/x79xxr54VDLLkATXvxICZ/5S/ZhKhccIr9RJXnO+/HR3niREh9zMjKAKiA8GuP25kJh4iUlNAvnIZyFSporq3AARKT3n/haVzQ==]]></Encrypt>
</xml>


2016-01-04 15:41:02 debug :
------------
String:
account-ticket<xml>
    <AppId><![CDATA[wxe5b18b9bd7e3626b]]></AppId>
    <Encrypt><![CDATA[Ob4c54wtiO7IZhWHhw4bmc0m1v834y9eZn2ADlW6lFZ3B0HQ8fge086Q/0vZ9QBnxnhRXe8r8e8uNUBcG80q0D6Lw29seHEb5/u/HtHOIvrsL83AKAmKUvYSOvzKxCqKH20+qGgMLcNoy1shMw7SZ/xdVxEmoCvTsd+LERrzls4/5XcA9EwFAxLYtEXHoyUTAxZP6wRAl7BufhV2vMfzIEQRNk843nRjEI+/X/gai53KG8IXCCg9wZNAbQwIcWiZwhfTwgn3lqa5UHH5C/oEPhh5vuMf8PsaFgz3tXVSOAsqm89uJr7XVbLe7yMzqZOqc0vFrDNz/j9DMvXlnlIxXSdT88xR9oLRmGOjw202LjJgeuQIHNyndnGsLwIAMX78sMQvfEA11wn20MdN3A1uQ3tv6lpgdIGKTBeXT0Q9kSisP2UuTRe0XHNPIzadf5SRk7gJoUONVYvmKOiGADND0g==]]></Encrypt>
</xml>


2016-01-04 15:51:02 debug :
------------
String:
account-ticket<xml>
    <AppId><![CDATA[wxe5b18b9bd7e3626b]]></AppId>
    <Encrypt><![CDATA[ax877Jy4Y7eh2uub4PFWGiJnUHzi0Zd2NgFlCkxKS+CKF1rsKXS6F6+Pcy2v5T5A3ivkfIraBFjWEQKU5ltwYyreJPiGCR00E6rvVvYpcPwUOzzsTQ7t1+LLV+0JY/b6cVUJImy4vasXknjAX5Q5zpj7AYS9emT73jR7uGQXp9tNVoS3Yx7j4SRt1y5Q/lCfD++wbgjleqPWBHRUss90u3z5XW1FLtbPr6xY3/I4F2XrxEBDuyL2L917WgdL8RpU0IozUBV5Gy7A1MYupBU90x/hIc52ns8/T/xuO6BWjr3MMRTTQbNDxUcFA+n2ADwX0lQ2PIGppqZEb272e8R085tQW2VReP7hYVYmdpjaXG8MC13Y5imQTrCDBVAM3sFbGElfmtHc7VjO4jL9H5KglY3DXShwL41CdkCuKo8dtotwXkH6VCnaLfF4CCBSnaL7I768q57Fz7CIY7rQD8iFxw==]]></Encrypt>
</xml>


2016-01-04 16:01:02 debug :
------------
String:
account-ticket<xml>
    <AppId><![CDATA[wxe5b18b9bd7e3626b]]></AppId>
    <Encrypt><![CDATA[QeaPbcch/gSvOrVOOBLd2HFwNZpQYFqCESKXWkwhcVyPnTC6zrxF+ved5NbneUpa7xMAxvt2cMCixCq1SgRngyfEuLaH7PXhqatlfVSKdCr8sIk+mRJx6jK34CENngRWcDF4zFEmR7bFLhrKWy/xwhqSnujG1EcWDLgyVNavYhWpNPa1vrSW1lf9AzYVnjhmNvAAQGDnltJW9QYmXP4qLsJNyMLp9GoA7PitbzYfGcCspOJuuuRRzxd4RXs/hSjJlO0jqyLTwNwnGnmnn3UYQH333/ZG4voEDdn/KarRbi7/o43KVBPTb+hbaVks3f1mQCBwF3or81cDE6fTQqmv1LCHj/vbHJAV2Z3j/p+s40fl4pJpRCOsrgOqjUeF2c1xAGsYFEYwW7jhXwTIi8fQ3eLvqVG7aVtVC02W5gtZxhQbaexs85lQc9dOZkfofm6uGKMMA5xK1DGcGcThkEZz8g==]]></Encrypt>
</xml>


2016-01-04 16:11:01 debug :
------------
String:
account-ticket<xml>
    <AppId><![CDATA[wxe5b18b9bd7e3626b]]></AppId>
    <Encrypt><![CDATA[R479RzSg9MIz5yDAplCKKX6XbYTBNmDplLAN1LUekEnjMe0Aw2H7lywKjMmtWqNyJLFozsOs3fdmUO3f7pJbSYThnwloviUgwFr7hHipczBO+O9WnGK+72Wp7mlau6b8YeUMYf3eCbmcdrBg0teqnPU97YKvqZ5epFxCXdm5nuBAsvSB9UfYDDPH9uZKm9RmrJ1ZD+qNhmERkKjAf1pqu/6uDEpfP/db+fE8sqXM7DLMTjExVSqAmNYNACAmNP0EO4k7NtUOVGl7YecnXfooXytPWzm5u87Is9deXmK3BDyXWuBBjB+7350fOvPFfAt9YWG15D9zNHFcWjcxh3mOdtRpxaGoYwQ38JkXE5eOqezdGpTbO+3e32HKrnIcEEwA+LTr95qq/TgIhScaDDQgQj99a+i668hOBHkgRBN4+6Bb+jcisQpNbCK2gDOnT+8VpeseNUmz3VhuyHORRuH8tA==]]></Encrypt>
</xml>


2016-01-04 16:21:00 debug :
------------
String:
account-ticket<xml>
    <AppId><![CDATA[wxe5b18b9bd7e3626b]]></AppId>
    <Encrypt><![CDATA[3wOueY3EYLGSK9njeCSuEjpYAxVk50JSZl88RgzXT2KKxGrEKCm6aXrXy7l6xvDQSW45xt3tXrbbLFrqoVcGxBAZMYd3XW1UIaMeiXF7RinMQj43ituxgPnFHiSLj02x3fYpaVjxWvAGKuHpHtyvUK42n0D9rTIn63l2v6H3x1DsLkkxTGCwgicTuM/9OqPeyGsC0zCw1VZ00J3KMQq661Q31BQdWr5mFG5QugvscBZQHUeIuo7n62oNBoAxftNNSx5E96a3XMr83HmLORw4MTOrCrIFAzCyedPpC1xZtueUWYYH7CWMt149oHh2iQeWJT+dBzS6TwZFTRpQTfTNFq7zL/vNsOp01WkDCy/9K0d/Z7bUZ4NnnaRXg0B/daDiUBDc6zRiRGhRiHJ9WUughPYEHgjRl0D81YxQ9Q1nXyEy+SIy7KL2M/umVMP16mwArsKtRreQaMOr5wYmKL45Sw==]]></Encrypt>
</xml>


2016-01-04 16:25:07 trace :
------------
Array:
from : o49xAwqYIW2eHTiry-zMbE0bviuk ;
to : gh_8a5f70a28b90 ;
time : 1451895910 ;
type : event ;
event : VIEW ;
tousername : gh_8a5f70a28b90 ;
fromusername : o49xAwqYIW2eHTiry-zMbE0bviuk ;
createtime : 1451895910 ;
msgtype : event ;
eventkey : http://front.lewaimai.com/index.php?r=lewaimaishow/lewaimaigod&adminId=28555&shopId=80400 ;
menuid : 401201303 ;

2016-01-04 16:25:07 params :
------------
Array:
rule : -2 ;
module :  ;
message : Array ;

2016-01-04 16:25:07 response :
------------

2016-01-04 16:31:02 debug :
------------
String:
account-ticket<xml>
    <AppId><![CDATA[wxe5b18b9bd7e3626b]]></AppId>
    <Encrypt><![CDATA[Jjd4IPzw3eSxUNvftybFGq7TYNNqAT3s9xtqgX7KFi0vmIjWEPZvGwSQ3cM+MvIOdbDDnnMMovR+z7qWFjhpp5nmaIZQuujxvG8UDaIzc4nGvgDh7hWLdccNbeRkyamECePPURp/hM7YqIVClAe7LPOt5VXaQJhN1yetWCVpi3xbPTFb1KrN2yV5ExWHEqpfWgwVbKQ62gPT2mJlgA6TPv+livT7uliO8voZzIsRt2LcT2uGUIgXd+qjH0sLEkvvFfVAszwkj9+aJlgmSxpdEH2fnchJwlyg3hQXhc2TdI7nA9MLIcXvYGNWSU5Q+MAUcOzgjyBB5R+4h6SKt/TxRdt0/tIvzQ6VoG5gRwlcgyDJFAcb+/yAn8jpdZ6QaH3LNMi0dojqJFd2YLVPjrmdgCEYTt32rPQoy5Xa9+H9U8TXyMQl9lbQPfbIrY7Ow7lXAbmYg8a+QzuwOL3uQZ6REw==]]></Encrypt>
</xml>


2016-01-04 16:31:27 trace :
------------
Array:
from : o49xAwvqTbos0OBSrw3C2QchSD8A ;
to : gh_8a5f70a28b90 ;
time : 1451896290 ;
type : event ;
event : VIEW ;
tousername : gh_8a5f70a28b90 ;
fromusername : o49xAwvqTbos0OBSrw3C2QchSD8A ;
createtime : 1451896290 ;
msgtype : event ;
eventkey : http://front.lewaimai.com/index.php?r=lewaimaishow/lewaimaigod&adminId=28555&shopId=80400 ;
menuid : 401201303 ;

2016-01-04 16:31:27 params :
------------
Array:
rule : -2 ;
module :  ;
message : Array ;

2016-01-04 16:31:27 response :
------------

2016-01-04 16:31:50 trace :
------------
Array:
from : o49xAwvqTbos0OBSrw3C2QchSD8A ;
to : gh_8a5f70a28b90 ;
time : 1451896312 ;
type : event ;
event : VIEW ;
tousername : gh_8a5f70a28b90 ;
fromusername : o49xAwvqTbos0OBSrw3C2QchSD8A ;
createtime : 1451896312 ;
msgtype : event ;
eventkey : http://front.lewaimai.com/index.php?r=lewaimaishow/lewaimaigod&adminId=28555&shopId=80400 ;
menuid : 401201303 ;

2016-01-04 16:31:50 params :
------------
Array:
rule : -2 ;
module :  ;
message : Array ;

2016-01-04 16:31:50 response :
------------

2016-01-04 16:32:04 trace :
------------
Array:
from : o49xAwvqTbos0OBSrw3C2QchSD8A ;
to : gh_8a5f70a28b90 ;
time : 1451896327 ;
type : event ;
event : VIEW ;
tousername : gh_8a5f70a28b90 ;
fromusername : o49xAwvqTbos0OBSrw3C2QchSD8A ;
createtime : 1451896327 ;
msgtype : event ;
eventkey : http://front.lewaimai.com/index.php?r=lewaimaishow/lewaimaigod&adminId=28555&shopId=80400 ;
menuid : 401201303 ;

2016-01-04 16:32:04 params :
------------
Array:
rule : -2 ;
module :  ;
message : Array ;

2016-01-04 16:32:04 response :
------------

2016-01-04 16:35:37 trace :
------------
Array:
from : o49xAwjKkO86JfZVaxiBXfJRmOSI ;
to : gh_8a5f70a28b90 ;
time : 1451896540 ;
type : event ;
event : subscribe ;
tousername : gh_8a5f70a28b90 ;
fromusername : o49xAwjKkO86JfZVaxiBXfJRmOSI ;
createtime : 1451896540 ;
msgtype : event ;
eventkey :  ;

2016-01-04 16:35:37 params :
------------
Array:
rule : -2 ;
module :  ;
message : Array ;

2016-01-04 16:35:37 response :
------------

2016-01-04 16:35:42 trace :
------------
Array:
from : o49xAwjKkO86JfZVaxiBXfJRmOSI ;
to : gh_8a5f70a28b90 ;
time : 1451896544 ;
type : event ;
event : VIEW ;
tousername : gh_8a5f70a28b90 ;
fromusername : o49xAwjKkO86JfZVaxiBXfJRmOSI ;
createtime : 1451896544 ;
msgtype : event ;
eventkey : http://front.lewaimai.com/index.php?r=lewaimaishow/lewaimaigod&adminId=28555&shopId=80400 ;
menuid : 401201303 ;

2016-01-04 16:35:42 params :
------------
Array:
rule : -2 ;
module :  ;
message : Array ;

2016-01-04 16:35:42 response :
------------

2016-01-04 16:39:11 trace :
------------
Array:
from : o49xAwjKkO86JfZVaxiBXfJRmOSI ;
to : gh_8a5f70a28b90 ;
time : 1451896754 ;
type : event ;
event : VIEW ;
tousername : gh_8a5f70a28b90 ;
fromusername : o49xAwjKkO86JfZVaxiBXfJRmOSI ;
createtime : 1451896754 ;
msgtype : event ;
eventkey : http://front.lewaimai.com/index.php?r=lewaimaishow/lewaimaigod&adminId=28555&shopId=80400 ;
menuid : 401201303 ;

2016-01-04 16:39:11 params :
------------
Array:
rule : -2 ;
module :  ;
message : Array ;

2016-01-04 16:39:11 response :
------------

2016-01-04 16:41:03 debug :
------------
String:
account-ticket<xml>
    <AppId><![CDATA[wxe5b18b9bd7e3626b]]></AppId>
    <Encrypt><![CDATA[3VwmZkPGYuGskNmLIfF1mumg0Qq3TQD9CD2PUfT2tp5+ya1HB6/hPVoCXtx5MGBGfuaXF9SCySg3ztFP3Ds8MAVRlM+8MGnWoKWGV+Tj/G6uxtynyhTfh6C0PGTZ8z4tg25R9/+K4XC8mjfQ22R+PND1HWSt8qVh+e5zq9j1MhtZ7253uXnsxZLllGLhWXIAmGbCPTKlxUX+pHWnWytodu5kfUm+A85VOuHZvC4mQlP1quYrc4fznETPqEjPCdVWRCU2TvTR3DVRlrez1ze/lZaMnBbqUA3bViPGLP1OCzK/OuitT6EPY/w098Efg/v5GI03GzstgvQS2mV8KgdpMnc76V9M6vYxIzPTIsU4s2ujsmFIUlN9N9tx+R8SIZRrwPQVhgzeslgcVLQFhoju5Q5xPS7AWLiFu/IAzju6DW3F4nfj6njNjhoiiokpRH9Llm0VfvcrkqN6jSSQCY9Oig==]]></Encrypt>
</xml>


2016-01-04 16:47:20 trace :
------------
Array:
from : o49xAwjKkO86JfZVaxiBXfJRmOSI ;
to : gh_8a5f70a28b90 ;
time : 1451897243 ;
type : event ;
event : VIEW ;
tousername : gh_8a5f70a28b90 ;
fromusername : o49xAwjKkO86JfZVaxiBXfJRmOSI ;
createtime : 1451897243 ;
msgtype : event ;
eventkey : http://front.lewaimai.com/index.php?r=lewaimaishow/lewaimaigod&adminId=28555&shopId=80400 ;
menuid : 401201303 ;

2016-01-04 16:47:20 params :
------------
Array:
rule : -2 ;
module :  ;
message : Array ;

2016-01-04 16:47:20 response :
------------

2016-01-04 16:50:22 trace :
------------
Array:
from : o49xAwpTu19whob96ulubBPHYzTM ;
to : gh_8a5f70a28b90 ;
time : 1451897425 ;
type : event ;
event : VIEW ;
tousername : gh_8a5f70a28b90 ;
fromusername : o49xAwpTu19whob96ulubBPHYzTM ;
createtime : 1451897425 ;
msgtype : event ;
eventkey : http://front.lewaimai.com/index.php?r=lewaimaishow/lewaimaigod&adminId=28555&shopId=80400 ;
menuid : 401201303 ;

2016-01-04 16:50:22 params :
------------
Array:
rule : -2 ;
module :  ;
message : Array ;

2016-01-04 16:50:22 response :
------------

2016-01-04 16:50:56 trace :
------------
Array:
from : o49xAwpTu19whob96ulubBPHYzTM ;
to : gh_8a5f70a28b90 ;
time : 1451897458 ;
type : event ;
event : VIEW ;
tousername : gh_8a5f70a28b90 ;
fromusername : o49xAwpTu19whob96ulubBPHYzTM ;
createtime : 1451897458 ;
msgtype : event ;
eventkey : http://front.lewaimai.com/index.php?r=lewaimaishow/lewaimaigod&adminId=28555&shopId=80400 ;
menuid : 401201303 ;

2016-01-04 16:50:56 params :
------------
Array:
rule : -2 ;
module :  ;
message : Array ;

2016-01-04 16:50:56 response :
------------

2016-01-04 16:50:58 debug :
------------
String:
account-ticket<xml>
    <AppId><![CDATA[wxe5b18b9bd7e3626b]]></AppId>
    <Encrypt><![CDATA[lnMT3oES6q5ifW9osHKRuZop/lL1akn5rDDUCy5lzxuhI5IJQFGaBBSgaSQE3WxI0rXLM504f6rXTMIkWVv69cuEJuqL2nDLDqvNwlxoZkELHJUfB4/leHWVE4n9ZVLHKiyptL9Ph6Fb/Ld7sQrpx22tw1vXkHBn8pXwe2q1WVUXOtRafyzvJ1DcvpCQuaBQcyOPbvuFbO6c/q+2psSwv+us10X3xr/yCgRSLk3/GE6rOZRlqQtHr0MS68HoPS+rL+9xkZgbLLIxB0KLFF9TC4tP1wVkSgA1hIeAdR0eIS2yo4/eEioFyD/QNYemSKz8OwS92L1g52Zt3aughQwFAcGaPakdCqXCFEEsOGX5oNxPkAKNzQvLcOln1eQUbpm8195DUyUK+qkjt2nEhLsPcYERC+T6KNR0CEvFd4CuAmCK43o9z9g97aaeMNXBXeQkPTiZNLPoofHx3aU/650RVQ==]]></Encrypt>
</xml>


2016-01-04 16:54:24 trace :
------------
Array:
from : o49xAwjKkO86JfZVaxiBXfJRmOSI ;
to : gh_8a5f70a28b90 ;
time : 1451897666 ;
type : event ;
event : VIEW ;
tousername : gh_8a5f70a28b90 ;
fromusername : o49xAwjKkO86JfZVaxiBXfJRmOSI ;
createtime : 1451897666 ;
msgtype : event ;
eventkey : http://front.lewaimai.com/index.php?r=lewaimaishow/lewaimaigod&adminId=28555&shopId=80400 ;
menuid : 401201303 ;

2016-01-04 16:54:24 params :
------------
Array:
rule : -2 ;
module :  ;
message : Array ;

2016-01-04 16:54:24 response :
------------

2016-01-04 16:55:48 trace :
------------
Array:
from : o49xAwjKkO86JfZVaxiBXfJRmOSI ;
to : gh_8a5f70a28b90 ;
time : 1451897751 ;
type : event ;
event : VIEW ;
tousername : gh_8a5f70a28b90 ;
fromusername : o49xAwjKkO86JfZVaxiBXfJRmOSI ;
createtime : 1451897751 ;
msgtype : event ;
eventkey : http://front.lewaimai.com/index.php?r=lewaimaiuser/orderhistory&adminId=28555 ;
menuid : 401201303 ;

2016-01-04 16:55:48 params :
------------
Array:
rule : -2 ;
module :  ;
message : Array ;

2016-01-04 16:55:48 response :
------------

2016-01-04 16:55:53 trace :
------------
Array:
from : o49xAwjKkO86JfZVaxiBXfJRmOSI ;
to : gh_8a5f70a28b90 ;
time : 1451897755 ;
type : event ;
event : VIEW ;
tousername : gh_8a5f70a28b90 ;
fromusername : o49xAwjKkO86JfZVaxiBXfJRmOSI ;
createtime : 1451897755 ;
msgtype : event ;
eventkey : http://mp.weixin.qq.com/s?__biz=MzI1OTAzMDc1NQ==&mid=401182862&idx=1&sn=1641648c675046da343d13cb97b200d2&scene=18#rd ;
menuid : 401201303 ;

2016-01-04 16:55:53 params :
------------
Array:
rule : -2 ;
module :  ;
message : Array ;

2016-01-04 16:55:53 response :
------------

2016-01-04 16:56:12 trace :
------------
Array:
from : o49xAwjKkO86JfZVaxiBXfJRmOSI ;
to : gh_8a5f70a28b90 ;
time : 1451897774 ;
type : event ;
event : VIEW ;
tousername : gh_8a5f70a28b90 ;
fromusername : o49xAwjKkO86JfZVaxiBXfJRmOSI ;
createtime : 1451897774 ;
msgtype : event ;
eventkey : http://front.lewaimai.com/index.php?r=lewaimaishow/lewaimaigod&adminId=28555&shopId=80400 ;
menuid : 401201303 ;

2016-01-04 16:56:12 params :
------------
Array:
rule : -2 ;
module :  ;
message : Array ;

2016-01-04 16:56:12 response :
------------

2016-01-04 16:56:13 trace :
------------
Array:
from : o49xAwjKkO86JfZVaxiBXfJRmOSI ;
to : gh_8a5f70a28b90 ;
time : 1451897776 ;
type : event ;
event : VIEW ;
tousername : gh_8a5f70a28b90 ;
fromusername : o49xAwjKkO86JfZVaxiBXfJRmOSI ;
createtime : 1451897776 ;
msgtype : event ;
eventkey : http://front.lewaimai.com/index.php?r=lewaimaishow/lewaimaigod&adminId=28555&shopId=80400 ;
menuid : 401201303 ;

2016-01-04 16:56:13 params :
------------
Array:
rule : -2 ;
module :  ;
message : Array ;

2016-01-04 16:56:13 response :
------------

2016-01-04 17:00:54 trace :
------------
Array:
from : o7SFQs9L5tFVc-wvfj_78Q4nf6FM ;
to : gh_f8ef5613cc37 ;
time : 1451898057 ;
type : event ;
event : subscribe ;
tousername : gh_f8ef5613cc37 ;
fromusername : o7SFQs9L5tFVc-wvfj_78Q4nf6FM ;
createtime : 1451898057 ;
msgtype : event ;
eventkey :  ;

2016-01-04 17:00:54 params :
------------
Array:
rule : -2 ;
module :  ;
message : Array ;

2016-01-04 17:00:54 response :
------------

2016-01-04 17:01:00 debug :
------------
String:
account-ticket<xml>
    <AppId><![CDATA[wxe5b18b9bd7e3626b]]></AppId>
    <Encrypt><![CDATA[ArbiHqK0aGGOHQK4semYhjP5jsb0txkGA5zFqXgDIq9iehoJkq4q5P0P6uuzm/RBLQAHCcgKlBzE4xIUm8vzgmxX+Wf3kJvATWcni+GUcYDjxB5AKQoF/u9sJ7krSbmzo3bakmldzUXpcRmdE/cfOPO7rgIOdESMOtwppOUPnz04pVCkRTcWGhRsTWCDhvXKyZP+8728s4/Thd9iBs7WbXLIt5HtOjMQuZtKL38ivjQx5TQ2Zz9x1MieR4YZdf5HYbFaBTQnRiLBtHY61ucEL1mt1Ng8gxxKoUIbsTE0TMohbe0yM+jOMv8uohkwPqSTay7n6Gg9nQFEn+RgH2K+7pPokaoo6UbxBuV5XbzKudgMt02NqdfbvY+ToI6zeIISoi4iWR2vPBiPWFAmQAFcTBMTNP8c3gQObvLOs7OsfQm1RfoyU7leraT650MVBPA1Rw7Ds9PRZTFwqHSVo8YcSQ==]]></Encrypt>
</xml>


2016-01-04 17:01:34 trace :
------------
Array:
from : o49xAwjKkO86JfZVaxiBXfJRmOSI ;
to : gh_8a5f70a28b90 ;
time : 1451898097 ;
type : event ;
event : VIEW ;
tousername : gh_8a5f70a28b90 ;
fromusername : o49xAwjKkO86JfZVaxiBXfJRmOSI ;
createtime : 1451898097 ;
msgtype : event ;
eventkey : http://front.lewaimai.com/index.php?r=lewaimaiuser/orderhistory&adminId=28555 ;
menuid : 401201303 ;

2016-01-04 17:01:34 params :
------------
Array:
rule : -2 ;
module :  ;
message : Array ;

2016-01-04 17:01:34 response :
------------

2016-01-04 17:11:00 debug :
------------
String:
account-ticket<xml>
    <AppId><![CDATA[wxe5b18b9bd7e3626b]]></AppId>
    <Encrypt><![CDATA[hWs1HtT34q25yc4c9EFCY4lrxGuUKEZYANmAVpp5zJwZ3AX8lr4Mp0cxnc19dyIDtotUJSn2v2y9Qqfjpe3N2W5Zs1aeLMma73484wqi8+PJl5OeFXkq8bzuGXCa1SWL4X0KwynKbiqk31GV2glZfX2dD3qOkyAaZ1+MR3He8pe/GmEZ0Xq5LOGanWImM2KPfD3ldJVwA8/g8sjO96+E1wslP5g0xoX8bfK434Y/eJ3SNKeSs2nMeMNUujYr7hAlYgRD1rj5KklNEDem2vkMPNbVsb0ttDoT8ynsCjdWvhyGAq+cGyLGpw49ztqM/q11tzZyNkeFBJP7vEk5aq/iEwERl1yNCl8TJFAT5mDlIXEkeqKyYBFE+LjbhQ29jp1gdUb/PosywIm2FjHS5DkiIGByU57w+uO9Auieow+0ViziJ3yH1o6Y1ucp4q49qtrNKJrMa2v5z9QXq0CCcoGXbQ==]]></Encrypt>
</xml>


2016-01-04 17:20:48 trace :
------------
Array:
from : o49xAwjKkO86JfZVaxiBXfJRmOSI ;
to : gh_8a5f70a28b90 ;
time : 1451899250 ;
type : event ;
event : VIEW ;
tousername : gh_8a5f70a28b90 ;
fromusername : o49xAwjKkO86JfZVaxiBXfJRmOSI ;
createtime : 1451899250 ;
msgtype : event ;
eventkey : http://front.lewaimai.com/index.php?r=lewaimaiuser/orderhistory&adminId=28555 ;
menuid : 401201303 ;

2016-01-04 17:20:48 params :
------------
Array:
rule : -2 ;
module :  ;
message : Array ;

2016-01-04 17:20:48 response :
------------

2016-01-04 17:21:00 debug :
------------
String:
account-ticket<xml>
    <AppId><![CDATA[wxe5b18b9bd7e3626b]]></AppId>
    <Encrypt><![CDATA[/0FxwN+SLgGXHS9UokW+/mSkfHlGhsua314YrK8/Y+KHYeBpjKhJjklqDx6amJ4ipPACTgiPKGEpTIinBaCodQtc7bUlKRX4f8QD9Efmy4NKHfQZavUH/r2sDN5gAYyRVwidsX8O1Dh1qN1lSBbkoRbwe6+B53GwbrmROmuG5YSaH5yj1aiSkBOhYN+MO+xcC3p/7grTlYKHsaaMzfvKnWulyt/RekpqHlKwn0T1ULYjUXuS3vbEv1z+HRwJp1PCULCB8F0TxGAzOH8qq9ZqYyz9IoWg/kPfnZHwUrGffkX1HY5L8loOnPS8+tgDxWB3lPfFnjXSFTE2Plo4x1VARQ0PVbhE6V00d52dqSIZWhfVML9Yt3eamlrCbUXMf+ALmiQK5oUTYOVhHJllOwkhHSJYOZajUP+k0Y+D23ocAtxNy2u8coYyhmwX3p9lj0qeLZYlvr+O/oLsvv3og2Hf+A==]]></Encrypt>
</xml>


2016-01-04 17:31:04 debug :
------------
String:
account-ticket<xml>
    <AppId><![CDATA[wxe5b18b9bd7e3626b]]></AppId>
    <Encrypt><![CDATA[vtSjr+m4FxN18zaFkySVG8GIpBZvnKhU7TKLKYZAkwrsDgB0CqGz6IxUN0gg0r+pmELJ0Zxhaf20q5qLwKQuUcGZ3cYiHI/wnuaBj43OlEAigYbqQMgTG39tIf07nGfbR2rXWmX1RvHMHR4PJk8jnomhhl/G+KrWZuOyg6VRtw8zC6loTr8rRzLp2yjJGlizvRTaqBXcwDX7tOFGutJ8QPRII+A6f2lK9L/WRBBOhrB8YOcxPO5F2QlUr0x5gGkx9xnHA5wyEaeysOZWPjTpgJSuvqHrTD3gPfv4EtOsszGg7n0kUrb/m0wHI1rD+MF2aiGbmQfARdV+Bm+2uTDd05LhbUqdFDeUCDO2wOVnBYvCnZcpVok+rTXAdGCGbypiIz+J1NbOgyoA74ZwCDaa4Rghbav/FIavN7CcnBSGpcKKEJjiDO3sYgbMEw8Fft/BL+ni59mvqRJbsOvrdb7qgA==]]></Encrypt>
</xml>


2016-01-04 17:41:00 debug :
------------
String:
account-ticket<xml>
    <AppId><![CDATA[wxe5b18b9bd7e3626b]]></AppId>
    <Encrypt><![CDATA[GA4Kguw3MQYdzw+7vCRE+Bl3kIAgVJiOSVCOKct0Q3ZcisxgvcpcoWlc9xdRJ/zxDdR2VhWLeXQ9eTb+rHBcykZt3FYdlGxmcTNQZ1KcElBkbl8NFu/pfYPG85bu+CeQ6E6flyy/dCJlFzmqS8iF/t+MKkvAOI84EgC5iTvEzZOLD15ogzTSJg9GwzwSqc2wyNP+niwWU7v/3hrRQziTEZEpWGUbfroN/Izpa/nZuzsfpL7JCqHOw8H9jHH/7+LmcP9AaKqD0Srmw8IAXOaxgAmDPOyhfuBrPvSm19chOnS7yToZZNudZqQgSlAF5Y1dKwWHwp0zMYQVKzOTqNMrnACbC8+HGzaeK2FMWQ4cr32GAtmtQMVYDWB3jT4qL4zLNmIWDibb9W/YQgyc6mEonUOBm91MmiPLgiTAcSlNPNI4ToxrA9Zofi/FmKmEDR+le5jnNuZ44ZEN3V8dZpg0dg==]]></Encrypt>
</xml>


2016-01-04 17:51:00 debug :
------------
String:
account-ticket<xml>
    <AppId><![CDATA[wxe5b18b9bd7e3626b]]></AppId>
    <Encrypt><![CDATA[IYi8ZAjcWDLzv0N07xmydgjRAUxJ2a59/4FdxtMd7vA9myU8tgBnryrys/9lGrFdEydBs1kempTQQmj94ranm7h0S/iBx/tvluiLPbpM0md/ciaXcTfwoUvfyEMfKyDAfYRmSlxgKyuoqOAY60MTUUNglLVb6tOGjwz6l60chxcQuJFoioHb/+y9LGF1+JmsGesKtx3x6Twn4hMrZUmJK8yqPQQ6kN6uCK7CYyavIgzIfw17D4jsZ2N37P68SEH/YE54OQaWBp863mSKZM9q7KaK+DWhWIOSOh2zvy4zJc5v07hGOdDw8lAxV2U3CNmoMb+ihfCXwy8LW6AmByyGjPpc7xA9bWP4tsMu0ukAv7+pZL3Hm5Wfuz0Rc8UQRlmGWNrMfoy8UibGB06A8+JDbgHkkLB2gI++MFRmgtuVhmzYKUYpPyytjnsp94P7kP+rPqEPxOpMKdgg20jg7C252A==]]></Encrypt>
</xml>


2016-01-04 18:01:01 debug :
------------
String:
account-ticket<xml>
    <AppId><![CDATA[wxe5b18b9bd7e3626b]]></AppId>
    <Encrypt><![CDATA[ZOBbQ4lHLeoBs5QfrxqjWlq29kZkc0d/taTc/aj6YQc1W9l9HWP/LlMEES5xqJYNwPVgAKHnISaCMNVsz5s3i7kDtk0EBquhiMNturq6BPt122G6ZBlQLTA3rgjtoZt06KI1f2m8L+ObEvA5MMGgb2YL+irj0AxDhgppgPL37OtN3AmeA8TyTwvmHgvjkh7zzFWSI1gg6sFRluc+TdC1511j7XvVGV0lmsskSBlikowNFUQ1px4wJ7H+G1+MyNr3kDkZSg64rij7rUzv2yfkNVNKnRPEJh3FzqjbnrkUfgibA4El01cg0CaBZZJVG3TujzacwQRH9ztngO0SeHXyyzR9nK4zkSRPV6Uh8TXkEZDBfcDz8dqD0RmZWG5zI82pB9wwhCSOFyRZHkirOKHUq7/cQLMQ90k7wG5i8lInScdK29a4Jg8FEa4Hk4LIdhmI1Uno+aVmBFyCkfwlTkssEA==]]></Encrypt>
</xml>


2016-01-04 18:11:02 debug :
------------
String:
account-ticket<xml>
    <AppId><![CDATA[wxe5b18b9bd7e3626b]]></AppId>
    <Encrypt><![CDATA[AXWZsTTjUaotM6qn9K6hPDIcK6u70UCoGGlpy4Aqt26cW0LJmQ9V8p0/TZsuFtY4X1qK90qNWSDYcC4cdOxA7Kedz0OtqzqPcbsobUhoyELhkihCj9W2BIKJTQKjardj8zOSxmzgMQn9MRyqqVpe/044L2NZfOQjkLPcR+HeC4C2CV6xEflBQaoRijdzT8tvsCOj4KMPeVWoq+34Tsmifhxv4lrFKLlNtLouMqxEbmkzZyUY2cFvIVPlt40f3fosbreVlwadth5tTuHHVOh4ADYxCr+pyw9OUeZG0Y3j2pY5pH5kil/kVwihIXbDG3AhXsbF2+sQfDDTgLvLstr4vd2hj7Lac6aVzD3DzWVZtUek8UIZgbv/f723nwNPkh97qldJ0tF0FZTA/cY+mSpSAI8LCXbwyyyvzK4BIj8E5QniXacoQHhx49RVEvjL1YFKf77Mq645wQgGgpR0a0fcNQ==]]></Encrypt>
</xml>


2016-01-04 18:21:03 debug :
------------
String:
account-ticket<xml>
    <AppId><![CDATA[wxe5b18b9bd7e3626b]]></AppId>
    <Encrypt><![CDATA[VVjp15gDw65zMf4cA8bN5XQSomQt1g1kIXHaG1iPXO1/cQvSoucAE+g3ugKUgFtmtpS8weu8cOfbuIQ4fQqJow/fMlGgdpG6E0LndGbxAV/2VU5LYP5vgDKUETFbleF6dv2HuQEMDXMJLO1XkMNGrWXG8TO3X4xMkFuZmRDAkkNHdJZ1qJI5wtm89cYfWB3BfjjFhRBbD7DDix/+Lakil0p6LXn+4iztw2WgMYfDrSE8NDeKgn2Sctr59v48rzEXH6WFEfTDOwJvUjiUYXYKN0IxmOtZhMBViUIOGV2RpUCN+RqFI41B9l4VvuFck2S4wH7RB9Hr15WAr/w2jMiRnskJasEGGiNmU7omIoxsCgWpKk5KNQK0VZL97jJK63HTr8jGiM4YNRDsp4xiTsJLW4royJdUyuWQA/IinvqJmyiGQSw9v9sdDoPCt+6SF1Co1hNJ3i/srSXQhgL3pg1/Kw==]]></Encrypt>
</xml>


2016-01-04 18:31:04 debug :
------------
String:
account-ticket<xml>
    <AppId><![CDATA[wxe5b18b9bd7e3626b]]></AppId>
    <Encrypt><![CDATA[6hYFdkRuwuwOPWNWpIOX7AwoVXqWqz20A1ulkJuysOybpbV5/NYX95VogtZG71vPb8MIWyzpl+W7L5oEspX1p1QmL8gxEAn2xL5HbgBiBgMTO8FbE7MAWy4AwG77AmxWwbLzxGK+TUPQvF8i+PzDzdRRmNTDAf8vadtE524VLF1DgDAFDf9KYyUpdY150XbgUdXDxVLGlD+53/K/MD/jhU0CPA9UXj3borCyNhwM6hcuPNNTgQkfmrITLD3HnEDNLVuTP+wgYO2h1LO/2zxjzICEZd0inVeCUKr1lRwXmD5zQR/OiI72bOV7Z2U4v1y/IVcFqmKIXARdzy8HyHChqLiumoWK6GFdk/GIdetPLDpBd32yzj/W+m/pic3PzlaJw8Pfr07hBPUa6/ETe9reKBMvPmLpJuzgYgslILGHjP1myY/Ros7JWGNdGTTOcxRZCojHz3ybJJhtoBhX+GTvdA==]]></Encrypt>
</xml>


2016-01-04 18:41:02 debug :
------------
String:
account-ticket<xml>
    <AppId><![CDATA[wxe5b18b9bd7e3626b]]></AppId>
    <Encrypt><![CDATA[xGJbH/Iv/kEiB23zNACvxqwt+adw4Ouhu6ML3Wy28YVD0V7S3EKrMDcPIy4C8uwYaI3v2WCT/5J5ohuD7Mje4wLRKFV+D5vdzHW6MoUrXpWwcvsqQf9B4hJ1tOE374J/1iP+j9ekpX4hFXPZpfTmI2AzrP9Ba7Nhk/5Zrwic6ogxYQP2fDIVKjYVmPgw1N3XfUHItqOZbcGD++XDtTPf76tGnmvjptaMOHTwHZD6wOLJAmSACaOKS19G2w1kseW/+xRwBVm+NyYE17pUs+MwPji8wHfyD3qcAgUFhwCv0f63H5bYk8uhGHvhxFwKIGRSo9xA30r9GqXYs+ZyU/HBYQeQx5GqBP5s79KeyR3eIPdEOaftdyufEKDr3ldFtMUSZK7Fl2N0I9AVlpC+es3mVXOTthZJOfZXmkvn2vUpyq9R6Wou3M2w5SDpB3BBJ5XrfkdjqOoyEkx8kpaFYGHkpg==]]></Encrypt>
</xml>


2016-01-04 18:50:59 debug :
------------
String:
account-ticket<xml>
    <AppId><![CDATA[wxe5b18b9bd7e3626b]]></AppId>
    <Encrypt><![CDATA[NXltCfgRSuB57FOzSxycpN1D7X4F+73ymta2+Q1muOz4xNrAmWNrBXEi6+gdZNGwphQZXQHhOv2lt5GltulqC+rpAMMHlyoU/dhMv1zAVBRnmf1cOTmYPaITQlIyBt1F60X9fakvzx8Dp1Zdj7082kmDY+VUzx/uOIugcrLgxeooUM0xCsZWT8COiD0eow8eOEC32XzN0nIZXPixjFZaryz+R9WZoPLdStf/wmx7FBGK+qnVRYStq7Tz5kndEajbzUhoUsWjEUrV5oFdiRGfL5ID3jewo8mLCQ+2DVt3JnbBilKqKBWANN3u364MxbRFIAupL/bkjP1g7nxIJrwOr8tFHWQ6gDiOifMoo7JpQgmFf3i/+MBNpghCtZmR9GiQLdrzsM16RP2Kp076sN4aJEns3gz1K+Rkn6cwGd6K6QllCP4eOy5ZOT+u6Im2F5iNQfVsxhGG8YHOIgMo1wbfUw==]]></Encrypt>
</xml>


2016-01-04 18:54:09 trace :
------------
Array:
from : o49xAwotXASIfu20RccejlmWnHCA ;
to : gh_8a5f70a28b90 ;
time : 1451904851 ;
type : event ;
event : subscribe ;
tousername : gh_8a5f70a28b90 ;
fromusername : o49xAwotXASIfu20RccejlmWnHCA ;
createtime : 1451904851 ;
msgtype : event ;
eventkey :  ;

2016-01-04 18:54:09 params :
------------
Array:
rule : -2 ;
module :  ;
message : Array ;

2016-01-04 18:54:09 response :
------------

2016-01-04 18:54:12 trace :
------------
Array:
from : o49xAwotXASIfu20RccejlmWnHCA ;
to : gh_8a5f70a28b90 ;
time : 1451904854 ;
type : event ;
event : VIEW ;
tousername : gh_8a5f70a28b90 ;
fromusername : o49xAwotXASIfu20RccejlmWnHCA ;
createtime : 1451904854 ;
msgtype : event ;
eventkey : http://front.lewaimai.com/index.php?r=lewaimaishow/lewaimaigod&adminId=28555&shopId=80400 ;
menuid : 401201303 ;

2016-01-04 18:54:12 params :
------------
Array:
rule : -2 ;
module :  ;
message : Array ;

2016-01-04 18:54:12 response :
------------

2016-01-04 18:59:17 trace :
------------
Array:
from : o49xAwotXASIfu20RccejlmWnHCA ;
to : gh_8a5f70a28b90 ;
time : 1451905160 ;
type : event ;
event : VIEW ;
tousername : gh_8a5f70a28b90 ;
fromusername : o49xAwotXASIfu20RccejlmWnHCA ;
createtime : 1451905160 ;
msgtype : event ;
eventkey : http://front.lewaimai.com/index.php?r=lewaimaishow/lewaimaigod&adminId=28555&shopId=80400 ;
menuid : 401201303 ;

2016-01-04 18:59:17 params :
------------
Array:
rule : -2 ;
module :  ;
message : Array ;

2016-01-04 18:59:17 response :
------------

2016-01-04 19:01:04 debug :
------------
String:
account-ticket<xml>
    <AppId><![CDATA[wxe5b18b9bd7e3626b]]></AppId>
    <Encrypt><![CDATA[zmcmufyZ06dcMn2n0JYkWbhsF5rv+fbiR3XPe++Dw+8V6W50rQKd7vj4ZFt+R18ApCJh9MI+rNRxPAR2DGescYWk9e/7J3ikVEFwoe2fMo1LF9KTv/4BwyOAQyRnMilrDf2mJ4NkGQHWSyCedx1I5EktCWHHf3qkfXiCvnYy01fkxq/Z4qoMchy0+RDvzHHX59nJEKSOPEs9jA8s5hJQPNDq77WJ/+cMKZ3u+rPnm0YIt9iK50+1lsqbDqFgTv1sZ/BDZb4s46mNDBcM6qVDVq2SWPhGt8avfcQWBWASW5K4Pvfn95d+MAkNsTr2JLvXlFC3CrNfNSWm/k2OUwiyJkHoSVMR6nPWuDTu+h/JrmHV281Tc+uX8TCz3Oob5LKSqbEuIaBwPIs74Fsj7frC8e7wEDRhqbq2bZBvhH5ZQ5mCbk95/htW/0E+8sjewjKy+TX5DDR61qcY9HtqrAb00A==]]></Encrypt>
</xml>


2016-01-04 19:11:00 debug :
------------
String:
account-ticket<xml>
    <AppId><![CDATA[wxe5b18b9bd7e3626b]]></AppId>
    <Encrypt><![CDATA[vwCZ42e00eTUhhM5ybCwb8q49zPTKboqvJR1O5vHWQJEJIzkgkg5aEnhZi3I7wCU2TLR1/id0ZWyTQzILMr86az9gx+l6jikTZ12sTe6enVqFD9Bu45FebvVDJma5TS6Org+DTe94papjBGjQM1NNlE/dKXaLC3GlSPSqWIgd+6/Jo0g67o1T/HAdSnL7FTKzqFnooTvknlCPR4Kvizys6cpZDl1+1dnkNnNMFZnOGvJGV//etewGcq1mPY4HlUeIrcLna9Xub99Rzx3e8bEWP8Yt7qndGF8lNHR4pbadh3tYIdNZEJhzLZAPXsi3h4Hx7CM8uwtWxOOcvAiKJF6lCUuv5vZ4i9wst4El96EMw9JUa8260FGP7tmWePQ/sdwtjn8w4Z6XNzq9SLcE++LE3MCkYW6AGNnl+9TMc1ZaPg0fIYpP+nCCMjNMmZ1N4txW6VQoDqdNo4Ww4hmwUOA9Q==]]></Encrypt>
</xml>


2016-01-04 19:21:01 debug :
------------
String:
account-ticket<xml>
    <AppId><![CDATA[wxe5b18b9bd7e3626b]]></AppId>
    <Encrypt><![CDATA[858HWKCasNSQL9T6+fFgJ1Bxmjr8Bkie4867pTnXv9RUkF6p+cjylm0oM6TJuTm2ocYmD2yALWvRDz6vCx0MsUxi8NOP1vqG8m+6jxZ6vVlvpdSg/KxPBkIQY3LEFzMJP/W2a7dDRnIDK0nesVbAK7hgVBq+gC3hkg3+cikSgQwON1PUQBMlqN2G75L/Od/7j9ePnU8QBIWhNiqmdfBpUCt4FzMxaFVeZhSEbe6Z1AIz0JRMyn4kc7rrDmFmC918dDAePTAsW5zDJ6Uh0PqE9APh7uL9iPz1fcrDqiCxx/3Yth1yoH6dmt/A/1I0i/a/271cMkmUqWJQ7w7aldhF/lr4zBEPVy1WuptjDYIiU7lVMAl4P+rVigRr7+/PLIdzRIKrPaVQ+CQw8wriQK4waauGJIebFrzK74RIw9Af1VM5+AVWtyITljygClu/rymaPIOuIkzj39FgO0fyVrrcbg==]]></Encrypt>
</xml>


2016-01-04 19:31:00 debug :
------------
String:
account-ticket<xml>
    <AppId><![CDATA[wxe5b18b9bd7e3626b]]></AppId>
    <Encrypt><![CDATA[CoKWT0Ott6wzY+ljL0wc7Fs7Q3KPSgTNoLHIXFaABiePoPQCnN8OYL8qOb2cjLkM3UjZVL4eiZ5Eo5GmczqAbIV6TpM6370/KFT0NxY4EbBS3IM+rMfvVWPE/cS8xODuyEScrvRxrWCsk9/5bbuMkJJN+YYPQuNUGOZpYN4mT1rKg6RrEuoOQOMo+EhcHSpx1QIc0dV7SFDRcWvM9psTUQMKyQjz9Lp9tMyRmIkviw8Aw5KbhnWuDR352w5R3Eoikv6lXy5GvzdMlS0SYpBpoFnyV8EvL1iBmUaxRuzHGQFAVGa2qxjtoxjTvRMV2HPtHvm8LdvPafTHq2ZkYzOhoqPmKVNvzFnS6PrAPejYwPAQm45y70m6HDRFMKbI5urTQwIkGRIW0P3ZE0IocxCwRuEu/DTfSaAaSaWN2reZ4Brq3mp4+hL1peAUYQO1nuogrBQ7npI44kGcucS4+MkFJw==]]></Encrypt>
</xml>


2016-01-04 19:41:01 debug :
------------
String:
account-ticket<xml>
    <AppId><![CDATA[wxe5b18b9bd7e3626b]]></AppId>
    <Encrypt><![CDATA[Txs4HL8eBECLMyW1ogW5ZbpSptCvepzF7ZrA7sNwVrNQBSIC+WII/AhtRLzUHWA8MUMUjummqFeMWZUZTO0qrLfdCu7BcolA70qOWT9Eq2GMOSTMe6RnGpwVCsO3mu/BVgDzJ0uAWYndkLIJXTeJx5sUPr2jldtRscYhJDlIkCHHcjwp4PIlfDKFT1KrCrLmv/cujffKy9MeCWz0n9vakVz1augFL6Kix0SqBpOUvgQdW3UpVJYsjv3k5saIQOUmbW9aObE3p25yLovDws0IhEM5SxK5MlLtZDqV8XcXPfbYZmorEtUC7zMdjkhaqInPLthZoJTjk8epRsNjFzHCo7/9jFZmirZ3eSChLjQAXAEZIBCyc5o1AapQzoYQFCaGcSvTHCAgqo79vk0yqTBVo1ylDzdwy2LB4rUIDlIgn7D3r9Nnz03tDPSZzf8ESR1HAmaQSMPYEY2NtoOQ7+sb/Q==]]></Encrypt>
</xml>


2016-01-04 19:50:59 debug :
------------
String:
account-ticket<xml>
    <AppId><![CDATA[wxe5b18b9bd7e3626b]]></AppId>
    <Encrypt><![CDATA[2DsCqouXzVXFouSBQKkddVbcncEdZnHFlPcMJkipqiL7xuVWZP9MXq1elxpGYbgc6vi9KsD1nkfLu3C704CsM3PIdwHatiFIDsysj3rcB2TsBY0hF3BcliHz3wed+DoQfQkQylvUobM9EALG4WKUGKGlcDZbT9407jFd1puXjsaKL1jAnXRx+6kftFOUNXvrvgkPGDaxz7Nj2FsIR7O/Pxp7IJWvYlGckTC3Nd/dfKl7/F2BFMQdVQWCcADgcIoputASafNdoNwvkPJQ4chxdLiQXIbQaDPNp/BhFcBlxVr/AksKT/zRwZ4QiOTOkpqL0wyLyND6Ev1nr0mANmfRs9QVUqjVo9ZUSHzwS1keHxDtpxmj+2PRczweIbAuT4ACwpcxEHN7Azzh3iEl85P7Xl3vvIVWRpBGqg/xkLxD/4kR0uzM2WEURpUDQQoWw36ZSyk5VAeH4/IqT6QUYqCmQg==]]></Encrypt>
</xml>


2016-01-04 19:56:29 trace :
------------
Array:
from : o49xAwjinKwmEwjeiLa8hqoq6CuQ ;
to : gh_8a5f70a28b90 ;
time : 1451908592 ;
type : event ;
event : VIEW ;
tousername : gh_8a5f70a28b90 ;
fromusername : o49xAwjinKwmEwjeiLa8hqoq6CuQ ;
createtime : 1451908592 ;
msgtype : event ;
eventkey : http://front.lewaimai.com/index.php?r=lewaimaishow/lewaimaigod&adminId=28555&shopId=80400 ;
menuid : 401201303 ;

2016-01-04 19:56:29 params :
------------
Array:
rule : -2 ;
module :  ;
message : Array ;

2016-01-04 19:56:29 response :
------------

2016-01-04 20:01:01 debug :
------------
String:
account-ticket<xml>
    <AppId><![CDATA[wxe5b18b9bd7e3626b]]></AppId>
    <Encrypt><![CDATA[1/xzMN+GJyjC9ycO5a6ZBanFGhDCaS3NXG9rQjgzHzC/cyApQdamkbXuU+4mCXQ7jp13VrcvF0gmNjIMj8zjDCRxos0EW92Bi2OFv7lW+Ff1tuemzTcKpkDXYesHkcaKOB39xrxT0CG/9WZnJ+VKoJj6eKDBQxKW7KqsNkPvJQ2qR2fDtnprPg/iZNhHYkzWxAZXountRlsjec8Xiq/oG8EYSEYx+gHi4/fyQF5ZhHp3qcIX3Vub4EZ28O+IVpkMaFmLgIZtFAHymgkPs+Pzc00WASw3ympWrPRIvHN0hiWicYx+SqEr20KHwgXXIPawnI1y6qX/fKXlUPkXBw+mo+1LeccA2cTk2OaD7fV79+gXST6aNdzF38slf/HuBGDvzvveJvmW0XWPYr/JMRRJqkLmZH0LWe7UKzvIl3UJfvUo+uITn3wMVOW6H15b5J150ePaaIzsmLHXc1m2IQfHGw==]]></Encrypt>
</xml>


2016-01-04 20:11:00 debug :
------------
String:
account-ticket<xml>
    <AppId><![CDATA[wxe5b18b9bd7e3626b]]></AppId>
    <Encrypt><![CDATA[EQRq8W22BRxZx5T95ldDMVj/LT9ggA+MLQjYjypyVignbBtdO5yPQbbJ5ckCh8kFVBH4BmepMxiik0zwJjRLfZZsOMdAcRvZY8xA3HvaC8bMr05NIvDQLNIX6TYsnKJpDfWkPeTaGDXnuX8n+kJrGHyhvEBbNzh2qxeVuBfpJ5Q0HRY2SAFMVq/Ms8Hl/3Cw82/YIhVhzTl/vWZVEqkCKDgqjoYzcic8MMg7XotrKCtoZaQXBKEjKyBgvZUaozIwRfeMKy0VFK1ky2U9CDsCrHlCFzYT83w4Ymn6fz4JoX3GE8ciPvN5g0E9MyK47Gp9EuY+Q5DcGSP/KT/HOsVgk60MFgnvbnoH6sRBFAQblv3bAUuCyWQfHJL6j9A6IORY+KZFlmMXocJLdnrcokazC6uMa8NoAqt7ONuXuam49DahhFwfJ3ez1Vb3q27s7vF3anKE+ADJvsNoDa05udj4ng==]]></Encrypt>
</xml>


2016-01-04 20:21:00 debug :
------------
String:
account-ticket<xml>
    <AppId><![CDATA[wxe5b18b9bd7e3626b]]></AppId>
    <Encrypt><![CDATA[VjzeLWGWb2zZu3B4druyA5jpuhPa8tQF9GGL2I7jWpaOn7yr9zK5iDawBYtgIfA2Ns5KXcvZjCwpj4i4gigzF+kpTKJ3bmLPm7J7sCvzrv5EqNt338o40EF6FYRJDsiGjsa3KED7/ZQk3OjzjeFIz0JRAC5rM6M6yHYwsp89kFvjublj/jPnktmSr3HFvhpW1KTcNJ1mWrjSwYB+ejrRvEmP+tu3Nq/PW5+bT1zxx9MnzszwXfoyp5r8t4U6h0iBB6qAlQjoXoSxvA//ZWWcHFxWUoOHM+Ly3ou/WH4mu7BNOdzFBR5zESDeq9msOPqG69xVUAHJpvXV8jnQM0/aN2y7srQMNpR/ZaIOI4eu2JYMW8ic02rwt3jAGJbhqBzzvvQ5Dt5Kp3JvnDTAheCy1it+W6TC0umIuB7seuQgh8YxgWmwOS7lP/6JwroJ67F2RCkB2A+2C15M2+w90aK9Mg==]]></Encrypt>
</xml>


2016-01-04 20:31:02 debug :
------------
String:
account-ticket<xml>
    <AppId><![CDATA[wxe5b18b9bd7e3626b]]></AppId>
    <Encrypt><![CDATA[+b2IwKwyBza2KfkMV37rmCq/ff4Vcy2BJkd0wX72lYfxTGQxJLe3vKbsUxS+fOG4Gr4bBZYXRGvtnLzrkdjbx/0QYQ5jC2SYFjnF7Is/vyJydJzxEYj3auaWdwYtanv6gVQUnle0ELi7AfrkRc5pboeBR6kbhvFzwadH77kQ73ofKPVfHMqVgFNLJIH2af/OWpYX1BC75H2Nj0MRLe57LUZ+n+m/Q4APFVRJM1Q+0mZJm6j8QLE75KugxGyilIhiEhLM1yMMTe0VgoP3MAWL50JrzbWldJsIWmwCEkg8s2S/umqmPn7IpmYyvF5NeriSbTmAoV1NAG9wagm5xINnB6laE+zZnJD4wqHZDgKfaKKmxea3/PYZjvEM0GJmOlV1U8GJMXC1A0S7idC/Yf/zsljOhbIka9ZS74Pt6Bn4uZwjmKtLmZAdnStT1ge9KVs/3DjBu7x+i0HKokT5yoMEVQ==]]></Encrypt>
</xml>


2016-01-04 20:41:00 debug :
------------
String:
account-ticket<xml>
    <AppId><![CDATA[wxe5b18b9bd7e3626b]]></AppId>
    <Encrypt><![CDATA[6VroCNWrc7d0pfpPpW63hnCuX51NZ6xjIYWZzqutbof5Dq5mJ9gT5iokuBVkOpwXdr8zzAzulA6Uh/Tp2c+7XZ7k7EZ6UkJ16hfbiP4f82xe4stT9UrqxzkTFz0gb7aX3T1OJCoFBJz8t5PFvCM5sefdcfIuiChpdN7z65VAXVkixIbPktvldOhtHoS/5iJ6PvaDo9PaXpyqLEF92ZTN8OgJOpyU5z9Ahcxq0JzevenVaMtXiAT1kF+c4xugOUPxHtMFrjgXH/xVJXX7XLIAg4EzYARzE7/S0sZNceEsoMOT/sY0wmspYOYUiH/ZQUeROXT3TViGvFjeQQJmaxCMq5BKPiT5AQnLWNoBspqD4vPu7Ijvfbh7aBpn+qMNQJxVb7xUq1WpFO6NYZ2v6EPElv2blMhMyWv3yA9bdZscIPiI3YoxVSkvh+pu61EDN3My8+yCyvLVMxFZWf5qhv6grw==]]></Encrypt>
</xml>


2016-01-04 20:51:01 debug :
------------
String:
account-ticket<xml>
    <AppId><![CDATA[wxe5b18b9bd7e3626b]]></AppId>
    <Encrypt><![CDATA[OF+7pWnsOhubLX1rn4Sn0IVdBQLXyuuRv9HCV0CYz8PDfhc7f0j/SsqzSn/B+aExyPnZCrFph2ihiV7JKZQI7Tua9OBR7vlZJ2HBxyHW12/KPyvPCHRdma6BZxfe76LYpJFxzfdzYvw2kxjtY0+9TBMxheD1kqq16H9CeogrFtwD6hXxtZKhNtMFCYAiw01FuLlnzJD0RLxJQ+wMTMr/IipklPo1kcOVVGMKQb8VAfHeMlDFSAHP/TKrzS3AkRvae9+GIFgpuIf4zG+oF7o6XfvQIC2oPtms5PjsEdkIfGG6MztU7iC2khCrHXCYUZTvc4fsZa3RzdNPe2JOx6z6O1t8WUeYIrKgY+qWd7tRamJGtkNVXonDEK91zaK8l4MpT1Gqk7hww04Flgjv1cB/3wX+tiZqLzTgDotOZhSlqQnBARtF2WyLq5PW7jpxveW+pAPvm884rC5qedaDwVRKlg==]]></Encrypt>
</xml>


2016-01-04 21:01:02 debug :
------------
String:
account-ticket<xml>
    <AppId><![CDATA[wxe5b18b9bd7e3626b]]></AppId>
    <Encrypt><![CDATA[V2zoporNMQYyX+qQm88t6INSZu8OhX1r2IxeCx+nc5RStgJpT1iGn6uNsfnj7M8c1QpTsJ5ZX3Q+N87P/PCgAi1zJ7fH0WtMhF1j4s/PigjjhizPIxLPZX2PEQhgytGimqiLAOtf+pyhcWfZ5shFZCMp3wQxSr3uNETq3WTeDlM5fwXEIuBQb4Y1w0yDbkdFrQXEktntyutQ0/HylKN823XODbZXP5x33ybVyWuSTLHyV8uk7okJnzkztMCOS4dItZ9m2q1uNiYa+fNDShBjlGZrg+tQ9DYlzWThZp9lxwUxFRtYEU79TKQFr+zjgTGYYlivz2moGFxuLPpe1QHmQ5bfxc9wJYEuB3/+EoIYIEBz2u94hX3G+6EVmm3PP+tkrp2DV8lymxp+6IH9hG3a/fT7kVmBnYOYS9lWO9QXTHVtnxcGTfLy0TWatdot5uzs1Qs1OsanXc/DXw59Y4QqEg==]]></Encrypt>
</xml>


2016-01-04 21:11:00 debug :
------------
String:
account-ticket<xml>
    <AppId><![CDATA[wxe5b18b9bd7e3626b]]></AppId>
    <Encrypt><![CDATA[9wsxLFsDmUh5U4U019Obos+wmSy5mc4CLQ3D00Itm4Oau37Sd7mr/3etZ+UbWWoQM1AxLn6Shf9K9PRAh6lXyolofDEeN4LyEJfG/QXxhuEgTZu4mSCES+zjbeRAmFEvyuJhYhRr8iOkkx4mZj/1RunG8vZkrKEtC6EuIAMtOnbTEPq+9qzH9okD+Fs89mvUOyGMmrpyT98GGGapvu9THNtbWht5WZ+nT+SBqDQ8zBmIj58P7n5gQ1dJOEdkT+QZ5byTuNcFpKWa9eyRkEpUMnBCJuOQxbnFH6He4p/0TW5C58kQHmseR504tza66pn8v6aTCgLzQiMUotYRFhNI1zXQxk/7AwF0HXEf2Nr6HUdeBiw5nGa6MpxM00rmXvNUSJGiC1TJ1AgnRQ1gSgtEJ3206bdzS4c/YXoMiBP2uOi0e4sBGDFvnshFlYBl9UUgFfVygwT0TYJkJUVnBOPkDg==]]></Encrypt>
</xml>


2016-01-04 21:19:35 trace :
------------
Array:
from : o49xAwmS-clvjMB5t8vvk65IUfzo ;
to : gh_8a5f70a28b90 ;
time : 1451913578 ;
type : event ;
event : VIEW ;
tousername : gh_8a5f70a28b90 ;
fromusername : o49xAwmS-clvjMB5t8vvk65IUfzo ;
createtime : 1451913578 ;
msgtype : event ;
eventkey : http://front.lewaimai.com/index.php?r=lewaimaishow/lewaimaigod&adminId=28555&shopId=80400 ;
menuid : 401201303 ;

2016-01-04 21:19:35 params :
------------
Array:
rule : -2 ;
module :  ;
message : Array ;

2016-01-04 21:19:35 response :
------------

2016-01-04 21:21:01 debug :
------------
String:
account-ticket<xml>
    <AppId><![CDATA[wxe5b18b9bd7e3626b]]></AppId>
    <Encrypt><![CDATA[ttNj6NDdvNXUsidrYyacUmSxbsBLZDdUDE7eWyRSyQRr1FeQz1bnupbJCVnE2tJTEzHTkKSIsM6z9q7BUf87Qb8wjKTLxHY6APDk16ZNjyCGUS3KxRqwEPbVt9rAyTIa2nzcCIekt2cxzSRGwxslv6LHDZTmQOi3UWLbNktYh/aOab4xGOE24K2vpkpYVnrssBQaHyJQFwFWU/TqA8RN4kuHaIqLgVoAiz9hVYUk/qEYDuIUXX/IJpG2IUT/pqmOyeI5o/j07EZ1vl0fJnz5PohW5+mKDC1vEuJBd8sgS0okRxtFYASNt6lq/e59uQHm8i7OJyjuIPDNjcLFCBZerXsHUVVdFzSFwwFbIzUzhJvP3wgspLJHMDeZrUMLjSLVX+sa2EbU+v1drFOIYMHf6Vmq/+GpzYdkGItMEN8K8cahbNt8JwO0Gy9fkF0JJ12M761skPqMDfBxNAvulPopYg==]]></Encrypt>
</xml>


2016-01-04 21:22:15 trace :
------------
Array:
from : o49xAwmS-clvjMB5t8vvk65IUfzo ;
to : gh_8a5f70a28b90 ;
time : 1451913738 ;
type : event ;
event : VIEW ;
tousername : gh_8a5f70a28b90 ;
fromusername : o49xAwmS-clvjMB5t8vvk65IUfzo ;
createtime : 1451913738 ;
msgtype : event ;
eventkey : http://front.lewaimai.com/index.php?r=lewaimaishow/lewaimaigod&adminId=28555&shopId=80400 ;
menuid : 401201303 ;

2016-01-04 21:22:15 params :
------------
Array:
rule : -2 ;
module :  ;
message : Array ;

2016-01-04 21:22:15 response :
------------

2016-01-04 21:31:00 debug :
------------
String:
account-ticket<xml>
    <AppId><![CDATA[wxe5b18b9bd7e3626b]]></AppId>
    <Encrypt><![CDATA[s9ugBAJ7/gN9rCs8uc2bs1UKuQGtosXMG5a/jXg8PdUaXbvUYTQkTpZ7iXeSzEqIN4EMkZf+lplInpn7pmhO+ev+2lJO28t6r09ZXAlPrylFBqS/XQVqvGyU3saFTC8LymlkXmwJA4mNS9aYcdHFpJYyICFYtJ7gV+Sm+n5dHreH8xuTMR0CIBSmHM4Zd1XGEEKuZly89Ti5cwS3ffQQDTguximwiOYJU7bbETW6M1JwDFSwIxmGocKxAqeZqAuu3F4TiTnp1g5+ykoW+OYnQ9Xi9qMI32THMYXD9gfQyZsgbtDi4GmwJne5KQIW0oKDgGcHI4kxuaHgEvMF8D0Ze2N/EW2Yz/wKs/LYQu2OkwbmbxOP1QK+bWZVytDng6u3JsFfmkYkXZq3KFMI5trn2gqPr/cR25oSwZycVAosVxNI65NmCIYduNPNMyUQMgrsRutUugkYONjiUm8rZPpoew==]]></Encrypt>
</xml>


2016-01-04 21:41:00 debug :
------------
String:
account-ticket<xml>
    <AppId><![CDATA[wxe5b18b9bd7e3626b]]></AppId>
    <Encrypt><![CDATA[s0R80krY0IkOZBCXNa5c+XIuRfvi/YnQlj3O0agyWV7EvjsixpCBOvNeLHazxzC08ZyX4N8RffZP9+ziv/6NO+5Y47UcoH7ANk7WhsNtsBaVl8y1y5mRbPeHgO1hnAubifWV3ftCSctIRPOBoxGZBiL6bri3WvuMP6KUwnSjGFJYpAXg0dyRWiZP8Oj/sNfkiJ2qvxxxqDB6oTlYynod+hU9dNGOfl4mGQ9YfUIz3nbKyal09gxbNBR23AwONvFp7GZrRiNMqScIuud/CceIflRR59Vl9C/uu/RDg6/BVAWPLMtwzqJpohlNXgX5s3+Jc3jYYPaAReVazJkGp+xz2OE7BQ3tqHRH0uXO9Tl35Eo9TDJYV+n5ow1vfWv4tFMRMiKL12pcXWSU/9HJvAv7iFKxBRtZvGw7eZ0MbGuSGWdPRU1bJKQpn8HfQGHBBkhGMmC/ty6ePr30uyBtm+RzgQ==]]></Encrypt>
</xml>


2016-01-04 21:51:00 debug :
------------
String:
account-ticket<xml>
    <AppId><![CDATA[wxe5b18b9bd7e3626b]]></AppId>
    <Encrypt><![CDATA[WW6987+YfPujQD8JuGyHIP3tYVwAL11RZpKOIFVrk2LUi8RAqNwQhJ9MbL0+T2uLRtscAOljunc8bqw3EUepK5nj4NCeBw3UVVRQJI9pvIMNj2Fg4CytfBdCO+TIZts4H3st9/vK7GOa43vFQue1HR14DvyQOK35rDKNSctRUufJgfBAAfd4M66EMLe6b+ful4UplwDJgmaI6G86u3fwDt0g4iS2xYs6HCPxv9ST+RFegxF1DsQxv5tnMIHxOAHc09Ih2n5vLiUicLwNLR8b0AJ1C7+02tcI3Z9IYmYuWLNg1GOW7Gm2IS0WlaQ5AyfCoAHEtE560jd7po0XqwGgSrN5J3FjUtQS2gCFOSfMVpdIyidcTXN59WTbRNL+Wa0Ka7VIlWjg8Ytbb939gMCKk7QnRZ2mDAiKiYZ/4l5LyKYhT9C0GaUKygvD5lmJF2YVXYkDu7XJpv4a4XTI6IM99w==]]></Encrypt>
</xml>


2016-01-04 22:01:00 debug :
------------
String:
account-ticket<xml>
    <AppId><![CDATA[wxe5b18b9bd7e3626b]]></AppId>
    <Encrypt><![CDATA[J3EhnSYVdS1sRmDqI6N43VQqu7XXdJ+NCuJgTsPFPbjVbdyP8iHGO5T9HpEHWHVnueLO1uriUQEgLI1GweL0CUoESBwfXQ1OIMbgO8viga54Y5+0tlPf/vA+bCUbjs9+mwoIvsxWufPeik+mmki72S0k7EMVrr+cU2CsmPif0egOnvAcDO9YLGcjVcXXv7ToOixbWp6nR6vxrDm8Y/IjaF5svsFK637EvuKG16U5N0gjRXbSyp+AaZHCRUeyB+vGC9aUNSdfJO3c0vtJbnTl8akQdYqvxoFLNPWUz4W0Xz3yRyT69YskNnNSeZeEV2gyOcu8uvnJLpYlbuOMeJvB96cN7UOJS3dIko5KtRyZeCk0+gLHTmOZpeKc/GMd05I343zWCIiagc8SBPl5DLmeEY+8jh6i3JCvAitXA2Hjt2Ldlwb3tNaFkMnK3ACvyytyD0Obvuq2t3IhoI36i+OctQ==]]></Encrypt>
</xml>


2016-01-04 22:03:19 trace :
------------
Array:
from : o49xAwug7RJ1jh4WSJA0_PVt9VQ0 ;
to : gh_8a5f70a28b90 ;
time : 1451916202 ;
type : event ;
event : VIEW ;
tousername : gh_8a5f70a28b90 ;
fromusername : o49xAwug7RJ1jh4WSJA0_PVt9VQ0 ;
createtime : 1451916202 ;
msgtype : event ;
eventkey : http://front.lewaimai.com/index.php?r=lewaimaishow/lewaimaigod&adminId=28555&shopId=80400 ;
menuid : 401201303 ;

2016-01-04 22:03:19 params :
------------
Array:
rule : -2 ;
module :  ;
message : Array ;

2016-01-04 22:03:19 response :
------------

2016-01-04 22:03:27 trace :
------------
Array:
from : o49xAwug7RJ1jh4WSJA0_PVt9VQ0 ;
to : gh_8a5f70a28b90 ;
time : 1451916210 ;
type : event ;
event : VIEW ;
tousername : gh_8a5f70a28b90 ;
fromusername : o49xAwug7RJ1jh4WSJA0_PVt9VQ0 ;
createtime : 1451916210 ;
msgtype : event ;
eventkey : http://front.lewaimai.com/index.php?r=lewaimaishow/lewaimaigod&adminId=28555&shopId=80400 ;
menuid : 401201303 ;

2016-01-04 22:03:27 params :
------------
Array:
rule : -2 ;
module :  ;
message : Array ;

2016-01-04 22:03:27 response :
------------

2016-01-04 22:11:00 debug :
------------
String:
account-ticket<xml>
    <AppId><![CDATA[wxe5b18b9bd7e3626b]]></AppId>
    <Encrypt><![CDATA[R519lPDx8dWubKHL15BIfOnL6GbfI1Y1ZFUAfyMBPfVLcypUPjolMb/3r8nwEXdoQRRx4/gFbKT4k9cJRiNmsVCqaQl7vrM9zW5qB6bc3zD6DwMQW61afjGWfdQb3d0sJuOKF0/5mJ4NEXvZ69Lo/yDsAa3lejf6SqE6dCL/Nn1gS5bzZYOC8v+5YKYxvdQAyzKPtR4I6gdsGOV14aECIdwOyvA1tWiv4818ZwG1WHejtRtLgj9KZ5m5URaDvtXCt3KYYVYJnjNto0+FK9kULcIszjEt/1ehUU1hEt+tHEo2YTmbL9icpaFekwHgCgMwudv4+rLv7K1A6HEyEZXJ2xGM3KYeHuU3v4MilznKgRAWBuNuIVMTsJAxQRd/hmzsvHERCdAl1LBV2FbihxnG3aLszjtPFS/jqjZGxoXTRf34L5rF4WcIZxhnIIA/7TNtPMpIqJSdQQvkQnoc44kDJw==]]></Encrypt>
</xml>


2016-01-04 22:21:00 debug :
------------
String:
account-ticket<xml>
    <AppId><![CDATA[wxe5b18b9bd7e3626b]]></AppId>
    <Encrypt><![CDATA[u7DkOH/roGLAnOc7NE/MfjuoEnUYmDYlcL+z1Ayy3WmtJmR813loPt+63v16JOzvrjl0r7Q2M/gtoPnITIurtNm5JK5Vb7t6p9rBfme2nbgpcjVv7IK5Sg8b/jPlO23yVNkCSJf/mFR57X6QSdMyRg5DPROChuN9LO/UYbooT7JcxETYZpfm4xFqufp2TaaNiowuP1KS+KfJmL1o4WXz/cbWKSB1LTBuVpsDxIb8oxOvrPpYVNqfjS4oVmuCA0OIoXiI/YFcO28SgsjqRLcTHxrhAJxdp6UKMZquo0bGcY0ZOsh9HogFLQGkBKhbHxPa0XqodY3l4344dixcj6Ud0S2PWp1jSWktJt+KOH0fuF0eITS6eJ9R6uj2aDMndTeewHWScrgll9Bnr4RrrStAErazEqjgRIqfOvd8rNs7yZijyriHhe4tK1ZCSndlPUcElP7RRXwyo209u8riZeJCVA==]]></Encrypt>
</xml>


2016-01-04 22:30:59 debug :
------------
String:
account-ticket<xml>
    <AppId><![CDATA[wxe5b18b9bd7e3626b]]></AppId>
    <Encrypt><![CDATA[I0YUkD3DAtV8nOAsRRxqEglKv3Bvh/8XMraDc9mN05UFbJSpxs9hDNQqTVAAsxLSr7/ghZ/6DkGulaTbuGiDXzEVX/UEsGetjjkCPCK5NxWaHjop+6RpZwvqJYGJjeWRBTaGK6vR5VlC4CSOmpnJVOI9ikMXbG2aD35vCTucELI/GsKIhYtXt/dOPi9GkLWGRLxTFY5Zis2AJ4c08MNJcuIq3bZYBBKl7gpJqrsR/T98LQnoeQ9qCu0l3BVZ1tU3uUfxctjqkg1TdB5ozgiuAWg8XC1Un8ycRz9G1bTCiOqW4pEeNUfnYV1ji7+VHSoQxDAc7bvKG+L+06eNT/4Pd0vaGwAbExXriaCFYr38zTwb+56DrZMOLlUESuFGER17ZIsjVXwJD1w3ZLJohrfdAFtoZtU9P5FlPFPxBS77T16GtjJtMnHRArBFb6/yYrFjd0qLp5+jMybDbEwHd+3nHA==]]></Encrypt>
</xml>


2016-01-04 22:40:59 debug :
------------
String:
account-ticket<xml>
    <AppId><![CDATA[wxe5b18b9bd7e3626b]]></AppId>
    <Encrypt><![CDATA[f5ls1znoCCDCKPITUU3mU7MhSIceYRsl48n7RsURllxvMEmWrc6UG4iAtFenWz1GDI0WHZre0oZo3WGjMeclQpPQHfK97WKUfdXww1/CowMuxsEIylzzsHMYRwGbWMe4O//PQ0I+U0PHjoslgFAkFxWPEI5jpZmBVDSgQgeVtjNuji25ra1V/dCrt9ZtZfkd8+U7f4JLsP2YXCtyIe223q+1nO7xkaiPXK78QdsI2eZmRpfW7nC6OJKb+wYWFEinlV4DceJ6RXKIux1o681cs3GqqNY3XEon5Vcjn27Wmbcsp9Q5a4SfSqXNEg94wIAkBiBlWPBVNFh8dHyQISCX5IJA26cuYI5262CKEnhrR8BxCtJb/qopI/n09kgWQ8Q1gcyEKvs7SNFvLoTc9wQ0AzOU47vhBko4rFdMXvSyeTGfYnJ/Cf62pF13GbLrSQWiw74wBb5uIRV2ih/mBkjI8g==]]></Encrypt>
</xml>


2016-01-04 22:50:59 debug :
------------
String:
account-ticket<xml>
    <AppId><![CDATA[wxe5b18b9bd7e3626b]]></AppId>
    <Encrypt><![CDATA[XXFhIvOVqqNVgOO9OPdlPq7GdwqMEsHzS85ci57ggR2TsdIzIL/NAld2RwXHGJLDOe3KmNcnLcDEVgl2C9E/6MiOt6Of4Irs9KK+RHVi7MZKpALOLVpP0AG5p98YnEPJE6mMqn7Nw/iEozo455Lq/pZbJtjgqRFdIV/HkCqezCAWOR6reF/Ns3C5LyPkA+awl65jqh/E44y5zIujBQ5/4dxbzCntdAD2/wTNcVDMGE/+Dq2yxHCyGqYTs3W935HwIut4Zj8EDNAug4G/DMs6k1jXEjAHJ+jv7je8Tm6rKFHwAAsxfYtWgZkMChu6EWJhmADSG72UgqWtoMSrqjWEGV86fBPRSXs/JNZV4fyIivS/hsbOPircYNY/rKxRIncrHmMzhDnnrBBsl8wMJPspp1RpkRft9wm7ISfrpfJUAZ2DAN58+HFQB3Dqm10JTn/rMRS2jqU6PqG75XCUmUs0YA==]]></Encrypt>
</xml>


2016-01-04 23:01:01 debug :
------------
String:
account-ticket<xml>
    <AppId><![CDATA[wxe5b18b9bd7e3626b]]></AppId>
    <Encrypt><![CDATA[w+dlOUXMU+ZHSW0Q/ekyfi3IyYJofnS+higfssuuBZWpC8bXdKuZBhSozq3orVVZVsGOKO93Qn89wFmvz8j3CimCj9A2RNwJADR+3nNLK0xltHkNOpx/ZUVpc5E/oEgR9M6YeOjwJFDq972mDVcc7wIfcxORz+jp0idsLRuimGrKuru4XAH/j6PYsMqLJ1cTXSL6lTBy3fTTW1pBcXCEE1yCsdNCNK0WwpvGamesEgpW18jGf4qqKSRsRu64RyRZPp0Lt9X+7NTLvcUjus0l1WPQlDccTwLHrbNy+51a5z6S1LM4XVQfg/2qPXdXYcVjuxxqDEDI/uKkY0UHL+BSJYG6RIJMUVTpfVBKBYEWU8D0X0OKEYdfMUB5wpTBffarC6qNGwpltE316Xf17Ckdzdc4voNoS7/mqe1G9cttr5NogNHFqUBEFKlE/Hf2k+zhERSDpUyFrulv+WxpD9druw==]]></Encrypt>
</xml>


2016-01-04 23:11:01 debug :
------------
String:
account-ticket<xml>
    <AppId><![CDATA[wxe5b18b9bd7e3626b]]></AppId>
    <Encrypt><![CDATA[d/R9O6BwI5UDqfAaRHTu7zd2U3q7OP9OkGBTVqwhIcOh3g1JqsNqVGVuIWQUo3WI7IhAs/7dnsQJ4KmSqFUhrLttsVB+sYyM4ebwuA6Btj2mo60HDHp7OOJCB6f8T3Kw9STE9zscI4ARCVCSqIh2hsZgERjNJHckbQvMQl4slb7CoNB3ZaiLVMNEMh8v7OXIrX7P6SfBhq6/0aTfUt5kTFy0ax8i8mhPFYIEaasHWjbJCA4HGlq9RyF7axCoQky1O9V2qNK/Mef8onkyGn7Ggu1+fR9bLz5llvXF67CaXyAbd++IPO7HsRBFJxO1d5byanZ0CJkm5BewAbOSt7HeXAfRnEgWiKk/5B1nOgwQg1a9oYk1C0ShLL14Yc+hDARGpyApERxZpR50JbTGP5hfhdEdjAyTUy0k2W8XX/bgwMgInula1TDhb+KPhPpfGYB3sJts55R8kJtHEQOjFvEP3Q==]]></Encrypt>
</xml>


2016-01-04 23:21:00 debug :
------------
String:
account-ticket<xml>
    <AppId><![CDATA[wxe5b18b9bd7e3626b]]></AppId>
    <Encrypt><![CDATA[JcGSjftNkJ4qi+XS1nPSJPUHDL8obIs2PyMKfVqG4tUP0eJhacVDMCVUBIwWDf+FClrnmeGx8eI9bXXYbfbD/3NJ5URLmmd8T4u4yYCIRi6ucvRTU038Z7+93q8JEeMolVUfwHZoP/EPP2DSneeGtc1xU3cGCecEz/0eZSRvqmVYkgpwLBv/M5rZkCkGK4CWF09hTryBoju6mbxtrjKfA3r5+gXOQYe+tuYMCjxbrg8sL+zEe7uKnJzzSdKQFJMcxJhTN41TacBPop1AeCV36XBNo5EvqYs56o2E+u+tKdJKO8tE+36t1akZSpUPMKHOMRXdOGj2SgNiStRQZcdMzVm/XUt2NG4XjsDXWC/fVFetkwxx8Klfr/c2v6vdCOXsblzdfncffYgGk6Xx1Nt5c3XoIoc/JzD/zOKGG/HH8Npy3iNpQMIN9X9smN93rtOVqZfexxawsDHi2Nb18/2u3g==]]></Encrypt>
</xml>


2016-01-04 23:31:00 debug :
------------
String:
account-ticket<xml>
    <AppId><![CDATA[wxe5b18b9bd7e3626b]]></AppId>
    <Encrypt><![CDATA[SRuzvjN4587eyEFdmIJgAcxzaMFPxptWWZdIvnmZKjcicJjLwH0UwL6fXtGT9qzglrbwvirBI3WAIueGNWjJaVGcqN/HPrOMXQtth6KKpjS25/NaWsa+zd/mm1JQEFsJ6uLIz8rBfgMjmI9+grqJzVf8r3oVXbU9P3DrLcu8H5b+BbGp57DWiPlWgOWgrlq3kZES+5XNTpjrfyNwOtkWdqnHN5IH/DlC+TUL1HCSZAC8IPlvKamd2FAlZUQ5FkFoAiQCQ+hjdmAJAVqIShZkf0qBO/GGYg34wHEmzkYb9cWRhRCniVXZqyvO3aN1efK+by3aKk4/a/e9Ty8ZUJbSMW6XoBmo5T3ancB0APeyGQD3GNeKXuf6GhAunWnsATKalE0a4/cReNYS6BBw2xJOJlh86i64e5yIXrIJCNyUs3X+TFp3enrCzIEcjXfvzHpv9v060tt4MMZmr27sd2EYLg==]]></Encrypt>
</xml>


2016-01-04 23:40:57 debug :
------------
String:
account-ticket<xml>
    <AppId><![CDATA[wxe5b18b9bd7e3626b]]></AppId>
    <Encrypt><![CDATA[/vE4H2ZXcBR592ujZtC86JbCdQrU5AQCx52v75QdGntJTjCstSVOJorvsw5aHh1+fWOAlKSyfXrGQn67zZkwIA23PhJd2J376n8isYr/oJXaqmLSbk65Cffhi9KRZtr/g+62Gk4UnLvYMd7zoIFMVsI+YZHg+u/2LRXyXcgHKQ4hI5jDiExnefyXQk2QyzAsx0oRpLU91lYmwsSDUKRHyS+QzrZRt29PxaEt53mA1VVHm70LxD8CiVhrVTXkVwdtjinJNjjzlMk6X/T0UIut+5ZWlTfemsob8gkYteTgYBGywhnqDnI3jEScRLcpTOqq8o0bzQEe8x9vt1oRb18i+6jqTU2BMEfYBGYR63nXgaKSGrWMIxxo7KWD26/lRyD/d6gOAp17Ye0Qroh4NS2Kst0gEHFxMCb7tAc7pwYwaxd2BpDgFHZPP4ptKsAJld6qsUF0HcB2mjm0YcN5pgWhiQ==]]></Encrypt>
</xml>


2016-01-04 23:50:58 debug :
------------
String:
account-ticket<xml>
    <AppId><![CDATA[wxe5b18b9bd7e3626b]]></AppId>
    <Encrypt><![CDATA[tV/2n9bXL5j5nncho3c+1z9Fuvev05l+iraRwXSbnXF6AJwFBYrJBkKqzcrVMm3f01H2NDXUlVxYpZ3GwaqeIBYcD/F596Mou04ZAnWjLw9O+ebhQaNW9nSRjNrGixbjfpzgDHx5wCuZNTTQhBIR541AMhI12so4IUVkVj3ziOxoAu6u5ats2zotVTbp38cHkeZvP8qNjuLwegyMZnz2IQYqQb0gT/N/gOhbTTGVbBbRnMEBwQcNLcscNMwsJQXB65mG1fCUnbozTlIIR7gdfgHK6UXC3vVXZvVb0JXJ3C7Syrr6RH0GeGcSbRlx6+LdBcaX+ruB10zyBlmbhtV0nHLYcq3VdOu3Ip1YsFNrz4WyHXuKMtJF/VlVUfPv9P6eR37iSrXljnSCFuDmOlrETdkgUl5L64Li8lP41WxXg0u64rUIUUMxjWyilE7/WTMQH8YUONCFIM7Z80LIpFIukw==]]></Encrypt>
</xml>


