2016-01-30 09:07:14 trace :
------------
Array:
from : o49xAwqbW25fr_sh9WYoQiiMmyb0 ;
to : gh_8a5f70a28b90 ;
time : 1454116052 ;
type : event ;
event : VIEW ;
tousername : gh_8a5f70a28b90 ;
fromusername : o49xAwqbW25fr_sh9WYoQiiMmyb0 ;
createtime : 1454116052 ;
msgtype : event ;
eventkey : http://front.lewaimai.com/index.php?r=lewaimaishow/lewaimaigod&adminId=28555&shopId=80400 ;
menuid : 401201303 ;

2016-01-30 09:07:14 params :
------------
Array:
rule : -2 ;
module :  ;
message : Array ;

2016-01-30 09:07:14 response :
------------

2016-01-30 09:25:58 trace :
------------
Array:
from : od9jLwjz63aUHHL3yGtvbRbxofQk ;
to : gh_ed9cc7248212 ;
time : 1454117177 ;
type : event ;
event : subscribe ;
tousername : gh_ed9cc7248212 ;
fromusername : od9jLwjz63aUHHL3yGtvbRbxofQk ;
createtime : 1454117177 ;
msgtype : event ;
eventkey :  ;

2016-01-30 09:25:58 params :
------------
Array:
rule : -2 ;
module :  ;
message : Array ;

2016-01-30 09:25:58 response :
------------

2016-01-30 09:45:51 trace :
------------
Array:
from : oTkNdwfcbkmL1qqIXGE2sD5lX_Is ;
to : gh_cf305f6ee642 ;
time : 1454118369 ;
type : event ;
event : ShakearoundUserShake ;
tousername : gh_cf305f6ee642 ;
fromusername : oTkNdwfcbkmL1qqIXGE2sD5lX_Is ;
createtime : 1454118369 ;
msgtype : event ;
chosenbeacon :  ;
aroundbeacons :  ;
chosenpageid : 1888906 ;

2016-01-30 09:45:51 params :
------------
Array:
rule : -2 ;
module :  ;
message : Array ;

2016-01-30 09:45:51 response :
------------

2016-01-30 09:46:20 trace :
------------
Array:
from : oTkNdwfcbkmL1qqIXGE2sD5lX_Is ;
to : gh_cf305f6ee642 ;
time : 1454118398 ;
type : event ;
event : ShakearoundUserShake ;
tousername : gh_cf305f6ee642 ;
fromusername : oTkNdwfcbkmL1qqIXGE2sD5lX_Is ;
createtime : 1454118398 ;
msgtype : event ;
chosenbeacon :  ;
aroundbeacons :  ;
chosenpageid : 1888906 ;

2016-01-30 09:46:20 params :
------------
Array:
rule : -2 ;
module :  ;
message : Array ;

2016-01-30 09:46:20 response :
------------

2016-01-30 10:05:02 trace :
------------
Array:
from : od9jLwkK8-z98xWT_PrWsGlcP8WY ;
to : gh_ed9cc7248212 ;
time : 1454119520 ;
type : event ;
event : subscribe ;
tousername : gh_ed9cc7248212 ;
fromusername : od9jLwkK8-z98xWT_PrWsGlcP8WY ;
createtime : 1454119520 ;
msgtype : event ;
eventkey :  ;

2016-01-30 10:05:02 params :
------------
Array:
rule : -2 ;
module :  ;
message : Array ;

2016-01-30 10:05:02 response :
------------

2016-01-30 10:08:34 trace :
------------
Array:
from : oTkNdwWORI7nw2_iT2Q2dt9qARno ;
to : gh_cf305f6ee642 ;
time : 1454119732 ;
type : event ;
event : ShakearoundUserShake ;
tousername : gh_cf305f6ee642 ;
fromusername : oTkNdwWORI7nw2_iT2Q2dt9qARno ;
createtime : 1454119732 ;
msgtype : event ;
chosenbeacon :  ;
aroundbeacons :  ;
chosenpageid : 1888906 ;

2016-01-30 10:08:34 params :
------------
Array:
rule : -2 ;
module :  ;
message : Array ;

2016-01-30 10:08:34 response :
------------

2016-01-30 10:08:59 trace :
------------
Array:
from : oTkNdwWORI7nw2_iT2Q2dt9qARno ;
to : gh_cf305f6ee642 ;
time : 1454119757 ;
type : event ;
event : ShakearoundUserShake ;
tousername : gh_cf305f6ee642 ;
fromusername : oTkNdwWORI7nw2_iT2Q2dt9qARno ;
createtime : 1454119757 ;
msgtype : event ;
chosenbeacon :  ;
aroundbeacons :  ;
chosenpageid : 1888906 ;

2016-01-30 10:08:59 params :
------------
Array:
rule : -2 ;
module :  ;
message : Array ;

2016-01-30 10:08:59 response :
------------

2016-01-30 10:09:06 trace :
------------
Array:
from : oTkNdwWORI7nw2_iT2Q2dt9qARno ;
to : gh_cf305f6ee642 ;
time : 1454119765 ;
type : event ;
event : ShakearoundUserShake ;
tousername : gh_cf305f6ee642 ;
fromusername : oTkNdwWORI7nw2_iT2Q2dt9qARno ;
createtime : 1454119765 ;
msgtype : event ;
chosenbeacon :  ;
chosenpageid : 1888906 ;

2016-01-30 10:09:06 params :
------------
Array:
rule : -2 ;
module :  ;
message : Array ;

2016-01-30 10:09:06 response :
------------

2016-01-30 10:09:06 trace :
------------
Array:
from : oTkNdwWORI7nw2_iT2Q2dt9qARno ;
to : gh_cf305f6ee642 ;
time : 1454119765 ;
type : event ;
event : ShakearoundUserShake ;
tousername : gh_cf305f6ee642 ;
fromusername : oTkNdwWORI7nw2_iT2Q2dt9qARno ;
createtime : 1454119765 ;
msgtype : event ;
chosenbeacon :  ;
chosenpageid : 1840323 ;

2016-01-30 10:09:06 params :
------------
Array:
rule : -2 ;
module :  ;
message : Array ;

2016-01-30 10:09:06 response :
------------

2016-01-30 10:11:09 trace :
------------
Array:
from : oTkNdwfcbkmL1qqIXGE2sD5lX_Is ;
to : gh_cf305f6ee642 ;
time : 1454119888 ;
type : event ;
event : ShakearoundUserShake ;
tousername : gh_cf305f6ee642 ;
fromusername : oTkNdwfcbkmL1qqIXGE2sD5lX_Is ;
createtime : 1454119888 ;
msgtype : event ;
chosenbeacon :  ;
aroundbeacons :  ;
chosenpageid : 1888906 ;

2016-01-30 10:11:09 params :
------------
Array:
rule : -2 ;
module :  ;
message : Array ;

2016-01-30 10:11:09 response :
------------

2016-01-30 10:12:40 trace :
------------
Array:
from : oTkNdwfcbkmL1qqIXGE2sD5lX_Is ;
to : gh_cf305f6ee642 ;
time : 1454119979 ;
type : event ;
event : ShakearoundUserShake ;
tousername : gh_cf305f6ee642 ;
fromusername : oTkNdwfcbkmL1qqIXGE2sD5lX_Is ;
createtime : 1454119979 ;
msgtype : event ;
chosenbeacon :  ;
aroundbeacons :  ;
chosenpageid : 1888906 ;

2016-01-30 10:12:40 params :
------------
Array:
rule : -2 ;
module :  ;
message : Array ;

2016-01-30 10:12:40 response :
------------

2016-01-30 11:13:22 trace :
------------
Array:
from : oTkNdwfaZaF2xPTbpMzmSkdmQIWI ;
to : gh_cf305f6ee642 ;
time : 1454123620 ;
type : event ;
event : ShakearoundUserShake ;
tousername : gh_cf305f6ee642 ;
fromusername : oTkNdwfaZaF2xPTbpMzmSkdmQIWI ;
createtime : 1454123620 ;
msgtype : event ;
chosenbeacon :  ;
aroundbeacons :  ;
chosenpageid : 1840323 ;

2016-01-30 11:13:22 params :
------------
Array:
rule : -2 ;
module :  ;
message : Array ;

2016-01-30 11:13:22 response :
------------

2016-01-30 11:13:48 trace :
------------
Array:
from : oTkNdwfaZaF2xPTbpMzmSkdmQIWI ;
to : gh_cf305f6ee642 ;
time : 1454123646 ;
type : event ;
event : ShakearoundUserShake ;
tousername : gh_cf305f6ee642 ;
fromusername : oTkNdwfaZaF2xPTbpMzmSkdmQIWI ;
createtime : 1454123646 ;
msgtype : event ;
chosenbeacon :  ;
aroundbeacons :  ;
chosenpageid : 1888906 ;

2016-01-30 11:13:48 params :
------------
Array:
rule : -2 ;
module :  ;
message : Array ;

2016-01-30 11:13:48 response :
------------

2016-01-30 11:14:18 trace :
------------
Array:
from : oTkNdwVTuKCoTmXebKxWJSmLhHOo ;
to : gh_cf305f6ee642 ;
time : 1454123677 ;
type : event ;
event : ShakearoundUserShake ;
tousername : gh_cf305f6ee642 ;
fromusername : oTkNdwVTuKCoTmXebKxWJSmLhHOo ;
createtime : 1454123677 ;
msgtype : event ;
chosenbeacon :  ;
aroundbeacons :  ;
chosenpageid : 1888906 ;

2016-01-30 11:14:18 params :
------------
Array:
rule : -2 ;
module :  ;
message : Array ;

2016-01-30 11:14:18 response :
------------

2016-01-30 11:15:21 trace :
------------
Array:
from : oTkNdwfaZaF2xPTbpMzmSkdmQIWI ;
to : gh_cf305f6ee642 ;
time : 1454123739 ;
type : event ;
event : ShakearoundUserShake ;
tousername : gh_cf305f6ee642 ;
fromusername : oTkNdwfaZaF2xPTbpMzmSkdmQIWI ;
createtime : 1454123739 ;
msgtype : event ;
chosenbeacon :  ;
aroundbeacons :  ;
chosenpageid : 1888906 ;

2016-01-30 11:15:21 params :
------------
Array:
rule : -2 ;
module :  ;
message : Array ;

2016-01-30 11:15:21 response :
------------

2016-01-30 11:16:21 trace :
------------
Array:
from : oTkNdwfaZaF2xPTbpMzmSkdmQIWI ;
to : gh_cf305f6ee642 ;
time : 1454123800 ;
type : event ;
event : ShakearoundUserShake ;
tousername : gh_cf305f6ee642 ;
fromusername : oTkNdwfaZaF2xPTbpMzmSkdmQIWI ;
createtime : 1454123800 ;
msgtype : event ;
chosenbeacon :  ;
aroundbeacons :  ;
chosenpageid : 1840323 ;

2016-01-30 11:16:21 params :
------------
Array:
rule : -2 ;
module :  ;
message : Array ;

2016-01-30 11:16:21 response :
------------

2016-01-30 11:16:57 trace :
------------
Array:
from : oTkNdwfaZaF2xPTbpMzmSkdmQIWI ;
to : gh_cf305f6ee642 ;
time : 1454123835 ;
type : event ;
event : ShakearoundUserShake ;
tousername : gh_cf305f6ee642 ;
fromusername : oTkNdwfaZaF2xPTbpMzmSkdmQIWI ;
createtime : 1454123835 ;
msgtype : event ;
chosenbeacon :  ;
chosenpageid : 1840323 ;

2016-01-30 11:16:57 params :
------------
Array:
rule : -2 ;
module :  ;
message : Array ;

2016-01-30 11:16:57 response :
------------

2016-01-30 11:17:02 trace :
------------
Array:
from : oTkNdwVTuKCoTmXebKxWJSmLhHOo ;
to : gh_cf305f6ee642 ;
time : 1454123840 ;
type : event ;
event : ShakearoundUserShake ;
tousername : gh_cf305f6ee642 ;
fromusername : oTkNdwVTuKCoTmXebKxWJSmLhHOo ;
createtime : 1454123840 ;
msgtype : event ;
chosenbeacon :  ;
aroundbeacons :  ;
chosenpageid : 1888906 ;

2016-01-30 11:17:02 params :
------------
Array:
rule : -2 ;
module :  ;
message : Array ;

2016-01-30 11:17:02 response :
------------

2016-01-30 11:17:49 trace :
------------
Array:
from : oTkNdwXla6iIIbQGRFwefWL9w3TE ;
to : gh_cf305f6ee642 ;
time : 1454123888 ;
type : event ;
event : ShakearoundUserShake ;
tousername : gh_cf305f6ee642 ;
fromusername : oTkNdwXla6iIIbQGRFwefWL9w3TE ;
createtime : 1454123888 ;
msgtype : event ;
chosenbeacon :  ;
aroundbeacons :  ;
chosenpageid : 1840323 ;

2016-01-30 11:17:49 params :
------------
Array:
rule : -2 ;
module :  ;
message : Array ;

2016-01-30 11:17:49 response :
------------

2016-01-30 11:17:55 trace :
------------
Array:
from : oTkNdwVTuKCoTmXebKxWJSmLhHOo ;
to : gh_cf305f6ee642 ;
time : 1454123894 ;
type : event ;
event : ShakearoundUserShake ;
tousername : gh_cf305f6ee642 ;
fromusername : oTkNdwVTuKCoTmXebKxWJSmLhHOo ;
createtime : 1454123894 ;
msgtype : event ;
chosenbeacon :  ;
aroundbeacons :  ;
chosenpageid : 1839779 ;

2016-01-30 11:17:55 params :
------------
Array:
rule : -2 ;
module :  ;
message : Array ;

2016-01-30 11:17:55 response :
------------

2016-01-30 11:18:03 trace :
------------
Array:
from : oTkNdwXla6iIIbQGRFwefWL9w3TE ;
to : gh_cf305f6ee642 ;
time : 1454123901 ;
type : event ;
event : ShakearoundUserShake ;
tousername : gh_cf305f6ee642 ;
fromusername : oTkNdwXla6iIIbQGRFwefWL9w3TE ;
createtime : 1454123901 ;
msgtype : event ;
chosenbeacon :  ;
aroundbeacons :  ;
chosenpageid : 1840323 ;

2016-01-30 11:18:03 params :
------------
Array:
rule : -2 ;
module :  ;
message : Array ;

2016-01-30 11:18:03 response :
------------

2016-01-30 11:18:10 trace :
------------
Array:
from : oTkNdwfaZaF2xPTbpMzmSkdmQIWI ;
to : gh_cf305f6ee642 ;
time : 1454123909 ;
type : event ;
event : ShakearoundUserShake ;
tousername : gh_cf305f6ee642 ;
fromusername : oTkNdwfaZaF2xPTbpMzmSkdmQIWI ;
createtime : 1454123909 ;
msgtype : event ;
chosenbeacon :  ;
aroundbeacons :  ;
chosenpageid : 1839779 ;

2016-01-30 11:18:10 params :
------------
Array:
rule : -2 ;
module :  ;
message : Array ;

2016-01-30 11:18:10 response :
------------

2016-01-30 11:18:16 trace :
------------
Array:
from : oTkNdwXla6iIIbQGRFwefWL9w3TE ;
to : gh_cf305f6ee642 ;
time : 1454123914 ;
type : event ;
event : ShakearoundUserShake ;
tousername : gh_cf305f6ee642 ;
fromusername : oTkNdwXla6iIIbQGRFwefWL9w3TE ;
createtime : 1454123914 ;
msgtype : event ;
chosenbeacon :  ;
aroundbeacons :  ;
chosenpageid : 1840323 ;

2016-01-30 11:18:16 params :
------------
Array:
rule : -2 ;
module :  ;
message : Array ;

2016-01-30 11:18:16 response :
------------

2016-01-30 11:18:20 trace :
------------
Array:
from : oTkNdwXla6iIIbQGRFwefWL9w3TE ;
to : gh_cf305f6ee642 ;
time : 1454123919 ;
type : event ;
event : ShakearoundUserShake ;
tousername : gh_cf305f6ee642 ;
fromusername : oTkNdwXla6iIIbQGRFwefWL9w3TE ;
createtime : 1454123919 ;
msgtype : event ;
chosenbeacon :  ;
aroundbeacons :  ;
chosenpageid : 1840323 ;

2016-01-30 11:18:20 params :
------------
Array:
rule : -2 ;
module :  ;
message : Array ;

2016-01-30 11:18:20 response :
------------

2016-01-30 11:19:41 trace :
------------
Array:
from : oTkNdwVTuKCoTmXebKxWJSmLhHOo ;
to : gh_cf305f6ee642 ;
time : 1454124000 ;
type : event ;
event : ShakearoundUserShake ;
tousername : gh_cf305f6ee642 ;
fromusername : oTkNdwVTuKCoTmXebKxWJSmLhHOo ;
createtime : 1454124000 ;
msgtype : event ;
chosenbeacon :  ;
aroundbeacons :  ;
chosenpageid : 1839779 ;

2016-01-30 11:19:41 params :
------------
Array:
rule : -2 ;
module :  ;
message : Array ;

2016-01-30 11:19:41 response :
------------

2016-01-30 11:20:01 trace :
------------
Array:
from : oTkNdwfaZaF2xPTbpMzmSkdmQIWI ;
to : gh_cf305f6ee642 ;
time : 1454124019 ;
type : event ;
event : ShakearoundUserShake ;
tousername : gh_cf305f6ee642 ;
fromusername : oTkNdwfaZaF2xPTbpMzmSkdmQIWI ;
createtime : 1454124019 ;
msgtype : event ;
chosenbeacon :  ;
aroundbeacons :  ;
chosenpageid : 1839779 ;

2016-01-30 11:20:01 params :
------------
Array:
rule : -2 ;
module :  ;
message : Array ;

2016-01-30 11:20:01 response :
------------

2016-01-30 11:20:09 trace :
------------
Array:
from : oTkNdwVuNcvbgsRiLNyCw7sIupH8 ;
to : gh_cf305f6ee642 ;
time : 1454124028 ;
type : event ;
event : ShakearoundUserShake ;
tousername : gh_cf305f6ee642 ;
fromusername : oTkNdwVuNcvbgsRiLNyCw7sIupH8 ;
createtime : 1454124028 ;
msgtype : event ;
chosenbeacon :  ;
aroundbeacons :  ;
chosenpageid : 1839779 ;

2016-01-30 11:20:09 params :
------------
Array:
rule : -2 ;
module :  ;
message : Array ;

2016-01-30 11:20:09 response :
------------

2016-01-30 11:20:22 trace :
------------
Array:
from : oTkNdwfaZaF2xPTbpMzmSkdmQIWI ;
to : gh_cf305f6ee642 ;
time : 1454124041 ;
type : event ;
event : ShakearoundUserShake ;
tousername : gh_cf305f6ee642 ;
fromusername : oTkNdwfaZaF2xPTbpMzmSkdmQIWI ;
createtime : 1454124041 ;
msgtype : event ;
chosenbeacon :  ;
aroundbeacons :  ;
chosenpageid : 1839779 ;

2016-01-30 11:20:22 params :
------------
Array:
rule : -2 ;
module :  ;
message : Array ;

2016-01-30 11:20:22 response :
------------

2016-01-30 11:20:48 trace :
------------
Array:
from : oTkNdwfaZaF2xPTbpMzmSkdmQIWI ;
to : gh_cf305f6ee642 ;
time : 1454124067 ;
type : event ;
event : ShakearoundUserShake ;
tousername : gh_cf305f6ee642 ;
fromusername : oTkNdwfaZaF2xPTbpMzmSkdmQIWI ;
createtime : 1454124067 ;
msgtype : event ;
chosenbeacon :  ;
aroundbeacons :  ;
chosenpageid : 1839779 ;

2016-01-30 11:20:48 params :
------------
Array:
rule : -2 ;
module :  ;
message : Array ;

2016-01-30 11:20:48 response :
------------

2016-01-30 11:21:24 trace :
------------
Array:
from : oTkNdwfaZaF2xPTbpMzmSkdmQIWI ;
to : gh_cf305f6ee642 ;
time : 1454124103 ;
type : event ;
event : ShakearoundUserShake ;
tousername : gh_cf305f6ee642 ;
fromusername : oTkNdwfaZaF2xPTbpMzmSkdmQIWI ;
createtime : 1454124103 ;
msgtype : event ;
chosenbeacon :  ;
aroundbeacons :  ;
chosenpageid : 1839779 ;

2016-01-30 11:21:24 params :
------------
Array:
rule : -2 ;
module :  ;
message : Array ;

2016-01-30 11:21:24 response :
------------

2016-01-30 11:21:38 trace :
------------
Array:
from : oTkNdwfaZaF2xPTbpMzmSkdmQIWI ;
to : gh_cf305f6ee642 ;
time : 1454124117 ;
type : event ;
event : ShakearoundUserShake ;
tousername : gh_cf305f6ee642 ;
fromusername : oTkNdwfaZaF2xPTbpMzmSkdmQIWI ;
createtime : 1454124117 ;
msgtype : event ;
chosenbeacon :  ;
chosenpageid : 1839779 ;

2016-01-30 11:21:38 params :
------------
Array:
rule : -2 ;
module :  ;
message : Array ;

2016-01-30 11:21:38 response :
------------

2016-01-30 11:23:06 trace :
------------
Array:
from : oTkNdwVTuKCoTmXebKxWJSmLhHOo ;
to : gh_cf305f6ee642 ;
time : 1454124204 ;
type : event ;
event : VIEW ;
tousername : gh_cf305f6ee642 ;
fromusername : oTkNdwVTuKCoTmXebKxWJSmLhHOo ;
createtime : 1454124204 ;
msgtype : event ;
eventkey : http://www.tonell.cn/ ;
menuid : 401129803 ;

2016-01-30 11:23:06 params :
------------
Array:
rule : -2 ;
module :  ;
message : Array ;

2016-01-30 11:23:06 response :
------------

2016-01-30 11:23:34 trace :
------------
Array:
from : oTkNdwb3uv7x-1-ucj86DsXIUb6M ;
to : gh_cf305f6ee642 ;
time : 1454124232 ;
type : event ;
event : subscribe ;
tousername : gh_cf305f6ee642 ;
fromusername : oTkNdwb3uv7x-1-ucj86DsXIUb6M ;
createtime : 1454124232 ;
msgtype : event ;
eventkey :  ;

2016-01-30 11:23:37 params :
------------
Array:
message : Array ;
module : czt_subscribe_redpack ;
rule : 113 ;
priority : 0 ;
keyword : Array ;

2016-01-30 11:23:37 response :
------------
Array:
FromUserName : gh_cf305f6ee642 ;
ToUserName : oTkNdwb3uv7x-1-ucj86DsXIUb6M ;
MsgType : text ;
Content : 出错，未能领到红包:( ;

2016-01-30 11:23:38 trace :
------------
Array:
from : oTkNdwb3uv7x-1-ucj86DsXIUb6M ;
to : gh_cf305f6ee642 ;
time : 1454124237 ;
type : event ;
event : VIEW ;
tousername : gh_cf305f6ee642 ;
fromusername : oTkNdwb3uv7x-1-ucj86DsXIUb6M ;
createtime : 1454124237 ;
msgtype : event ;
eventkey : http://www.tonell.cn/ ;
menuid : 401129803 ;

2016-01-30 11:23:38 params :
------------
Array:
rule : -2 ;
module :  ;
message : Array ;

2016-01-30 11:23:38 response :
------------

2016-01-30 11:24:01 trace :
------------
Array:
from : oTkNdwfaZaF2xPTbpMzmSkdmQIWI ;
to : gh_cf305f6ee642 ;
time : 1454124260 ;
type : event ;
event : VIEW ;
tousername : gh_cf305f6ee642 ;
fromusername : oTkNdwfaZaF2xPTbpMzmSkdmQIWI ;
createtime : 1454124260 ;
msgtype : event ;
eventkey : http://www.tonell.cn/wap/index.php?ctl=user_message ;
menuid : 401129803 ;

2016-01-30 11:24:01 params :
------------
Array:
rule : -2 ;
module :  ;
message : Array ;

2016-01-30 11:24:01 response :
------------

2016-01-30 11:24:09 trace :
------------
Array:
from : oTkNdwfaZaF2xPTbpMzmSkdmQIWI ;
to : gh_cf305f6ee642 ;
time : 1454124268 ;
type : event ;
event : VIEW ;
tousername : gh_cf305f6ee642 ;
fromusername : oTkNdwfaZaF2xPTbpMzmSkdmQIWI ;
createtime : 1454124268 ;
msgtype : event ;
eventkey : http://www.tonell.cn/ ;
menuid : 401129803 ;

2016-01-30 11:24:09 params :
------------
Array:
rule : -2 ;
module :  ;
message : Array ;

2016-01-30 11:24:09 response :
------------

2016-01-30 11:25:17 trace :
------------
Array:
from : oTkNdwfcbkmL1qqIXGE2sD5lX_Is ;
to : gh_cf305f6ee642 ;
time : 1454124336 ;
type : event ;
event : ShakearoundUserShake ;
tousername : gh_cf305f6ee642 ;
fromusername : oTkNdwfcbkmL1qqIXGE2sD5lX_Is ;
createtime : 1454124336 ;
msgtype : event ;
chosenbeacon :  ;
aroundbeacons :  ;
chosenpageid : 1839779 ;

2016-01-30 11:25:17 params :
------------
Array:
rule : -2 ;
module :  ;
message : Array ;

2016-01-30 11:25:17 response :
------------

2016-01-30 11:25:18 trace :
------------
Array:
from : oTkNdwb3uv7x-1-ucj86DsXIUb6M ;
to : gh_cf305f6ee642 ;
time : 1454124336 ;
type : event ;
event : VIEW ;
tousername : gh_cf305f6ee642 ;
fromusername : oTkNdwb3uv7x-1-ucj86DsXIUb6M ;
createtime : 1454124336 ;
msgtype : event ;
eventkey : http://www.tonell.cn/ ;
menuid : 401129803 ;

2016-01-30 11:25:18 params :
------------
Array:
rule : -2 ;
module :  ;
message : Array ;

2016-01-30 11:25:18 response :
------------

2016-01-30 11:25:18 trace :
------------
Array:
from : oTkNdwfaZaF2xPTbpMzmSkdmQIWI ;
to : gh_cf305f6ee642 ;
time : 1454124337 ;
type : event ;
event : VIEW ;
tousername : gh_cf305f6ee642 ;
fromusername : oTkNdwfaZaF2xPTbpMzmSkdmQIWI ;
createtime : 1454124337 ;
msgtype : event ;
eventkey : http://www.tonell.cn/ ;
menuid : 401129803 ;

2016-01-30 11:25:18 params :
------------
Array:
rule : -2 ;
module :  ;
message : Array ;

2016-01-30 11:25:18 response :
------------

2016-01-30 11:25:32 trace :
------------
Array:
from : ov-0juI-QmVtWNc-PiEyN5w96Hv8 ;
to : gh_2c27a8e247f9 ;
time : 1454124350 ;
type : event ;
event : subscribe ;
tousername : gh_2c27a8e247f9 ;
fromusername : ov-0juI-QmVtWNc-PiEyN5w96Hv8 ;
createtime : 1454124350 ;
msgtype : event ;
eventkey :  ;

2016-01-30 11:25:32 params :
------------
Array:
rule : -2 ;
module :  ;
message : Array ;

2016-01-30 11:25:32 response :
------------

2016-01-30 11:25:36 trace :
------------
Array:
from : ov-0juI-QmVtWNc-PiEyN5w96Hv8 ;
to : gh_2c27a8e247f9 ;
time : 1454124354 ;
type : event ;
event : VIEW ;
tousername : gh_2c27a8e247f9 ;
fromusername : ov-0juI-QmVtWNc-PiEyN5w96Hv8 ;
createtime : 1454124354 ;
msgtype : event ;
eventkey : http://wsbf.915911.com/index.php?g=App&m=Index&a=fensi ;
menuid : 208916756 ;

2016-01-30 11:25:36 params :
------------
Array:
rule : -2 ;
module :  ;
message : Array ;

2016-01-30 11:25:36 response :
------------

2016-01-30 11:25:40 trace :
------------
Array:
from : ov-0juI-QmVtWNc-PiEyN5w96Hv8 ;
to : gh_2c27a8e247f9 ;
time : 1454124358 ;
type : event ;
event : VIEW ;
tousername : gh_2c27a8e247f9 ;
fromusername : ov-0juI-QmVtWNc-PiEyN5w96Hv8 ;
createtime : 1454124358 ;
msgtype : event ;
eventkey : http://wsbf.915911.com/index.php?g=App&m=Index&a=fensi ;
menuid : 208916756 ;

2016-01-30 11:25:40 params :
------------
Array:
rule : -2 ;
module :  ;
message : Array ;

2016-01-30 11:25:40 response :
------------

2016-01-30 11:26:01 trace :
------------
Array:
from : oTkNdwb3uv7x-1-ucj86DsXIUb6M ;
to : gh_cf305f6ee642 ;
time : 1454124379 ;
type : event ;
event : VIEW ;
tousername : gh_cf305f6ee642 ;
fromusername : oTkNdwb3uv7x-1-ucj86DsXIUb6M ;
createtime : 1454124379 ;
msgtype : event ;
eventkey : http://www.tonell.cn/ ;
menuid : 401129803 ;

2016-01-30 11:26:01 params :
------------
Array:
rule : -2 ;
module :  ;
message : Array ;

2016-01-30 11:26:01 response :
------------

2016-01-30 11:26:15 trace :
------------
Array:
from : oTkNdwb3uv7x-1-ucj86DsXIUb6M ;
to : gh_cf305f6ee642 ;
time : 1454124394 ;
type : event ;
event : VIEW ;
tousername : gh_cf305f6ee642 ;
fromusername : oTkNdwb3uv7x-1-ucj86DsXIUb6M ;
createtime : 1454124394 ;
msgtype : event ;
eventkey : http://www.tonell.cn/wap/index.php?ctl=user_message ;
menuid : 401129803 ;

2016-01-30 11:26:15 params :
------------
Array:
rule : -2 ;
module :  ;
message : Array ;

2016-01-30 11:26:15 response :
------------

2016-01-30 11:27:42 trace :
------------
Array:
from : oTkNdwb3uv7x-1-ucj86DsXIUb6M ;
to : gh_cf305f6ee642 ;
time : 1454124481 ;
type : event ;
event : VIEW ;
tousername : gh_cf305f6ee642 ;
fromusername : oTkNdwb3uv7x-1-ucj86DsXIUb6M ;
createtime : 1454124481 ;
msgtype : event ;
eventkey : http://www.tonell.cn/ ;
menuid : 401129803 ;

2016-01-30 11:27:42 params :
------------
Array:
rule : -2 ;
module :  ;
message : Array ;

2016-01-30 11:27:42 response :
------------

2016-01-30 11:29:52 trace :
------------
Array:
from : oTkNdwb3uv7x-1-ucj86DsXIUb6M ;
to : gh_cf305f6ee642 ;
time : 1454124611 ;
type : event ;
event : VIEW ;
tousername : gh_cf305f6ee642 ;
fromusername : oTkNdwb3uv7x-1-ucj86DsXIUb6M ;
createtime : 1454124611 ;
msgtype : event ;
eventkey : http://www.tonell.cn/ ;
menuid : 401129803 ;

2016-01-30 11:29:52 params :
------------
Array:
rule : -2 ;
module :  ;
message : Array ;

2016-01-30 11:29:52 response :
------------

2016-01-30 11:30:13 trace :
------------
Array:
from : oTkNdwfaZaF2xPTbpMzmSkdmQIWI ;
to : gh_cf305f6ee642 ;
time : 1454124632 ;
type : event ;
event : VIEW ;
tousername : gh_cf305f6ee642 ;
fromusername : oTkNdwfaZaF2xPTbpMzmSkdmQIWI ;
createtime : 1454124632 ;
msgtype : event ;
eventkey : http://www.tonell.cn/ ;
menuid : 401129803 ;

2016-01-30 11:30:13 params :
------------
Array:
rule : -2 ;
module :  ;
message : Array ;

2016-01-30 11:30:13 response :
------------

2016-01-30 11:31:41 trace :
------------
Array:
from : oTkNdwVTuKCoTmXebKxWJSmLhHOo ;
to : gh_cf305f6ee642 ;
time : 1454124719 ;
type : event ;
event : VIEW ;
tousername : gh_cf305f6ee642 ;
fromusername : oTkNdwVTuKCoTmXebKxWJSmLhHOo ;
createtime : 1454124719 ;
msgtype : event ;
eventkey : http://www.tonell.cn/wap/index.php?ctl=user&act=login ;
menuid : 401129803 ;

2016-01-30 11:31:41 params :
------------
Array:
rule : -2 ;
module :  ;
message : Array ;

2016-01-30 11:31:41 response :
------------

2016-01-30 11:31:48 trace :
------------
Array:
from : oTkNdwVTuKCoTmXebKxWJSmLhHOo ;
to : gh_cf305f6ee642 ;
time : 1454124726 ;
type : event ;
event : VIEW ;
tousername : gh_cf305f6ee642 ;
fromusername : oTkNdwVTuKCoTmXebKxWJSmLhHOo ;
createtime : 1454124726 ;
msgtype : event ;
eventkey : http://www.tonell.cn/wap/index.php?ctl=user_message ;
menuid : 401129803 ;

2016-01-30 11:31:48 params :
------------
Array:
rule : -2 ;
module :  ;
message : Array ;

2016-01-30 11:31:48 response :
------------

2016-01-30 11:32:02 trace :
------------
Array:
from : oTkNdwVTuKCoTmXebKxWJSmLhHOo ;
to : gh_cf305f6ee642 ;
time : 1454124740 ;
type : event ;
event : VIEW ;
tousername : gh_cf305f6ee642 ;
fromusername : oTkNdwVTuKCoTmXebKxWJSmLhHOo ;
createtime : 1454124740 ;
msgtype : event ;
eventkey : http://www.tonell.cn/ ;
menuid : 401129803 ;

2016-01-30 11:32:02 params :
------------
Array:
rule : -2 ;
module :  ;
message : Array ;

2016-01-30 11:32:02 response :
------------

2016-01-30 11:32:20 trace :
------------
Array:
from : oTkNdwVTuKCoTmXebKxWJSmLhHOo ;
to : gh_cf305f6ee642 ;
time : 1454124758 ;
type : event ;
event : VIEW ;
tousername : gh_cf305f6ee642 ;
fromusername : oTkNdwVTuKCoTmXebKxWJSmLhHOo ;
createtime : 1454124758 ;
msgtype : event ;
eventkey : http://www.tonell.cn/ ;
menuid : 401129803 ;

2016-01-30 11:32:20 params :
------------
Array:
rule : -2 ;
module :  ;
message : Array ;

2016-01-30 11:32:20 response :
------------

2016-01-30 11:32:30 trace :
------------
Array:
from : ov-0juGyMu3nBx5OTBH1dcVanSbI ;
to : gh_2c27a8e247f9 ;
time : 1454124768 ;
type : event ;
event : subscribe ;
tousername : gh_2c27a8e247f9 ;
fromusername : ov-0juGyMu3nBx5OTBH1dcVanSbI ;
createtime : 1454124768 ;
msgtype : event ;
eventkey :  ;

2016-01-30 11:32:30 params :
------------
Array:
rule : -2 ;
module :  ;
message : Array ;

2016-01-30 11:32:30 response :
------------

2016-01-30 11:32:39 trace :
------------
Array:
from : ov-0juP8BBpJhW3rdJsFrcBG_X_I ;
to : gh_2c27a8e247f9 ;
time : 1454124777 ;
type : event ;
event : subscribe ;
tousername : gh_2c27a8e247f9 ;
fromusername : ov-0juP8BBpJhW3rdJsFrcBG_X_I ;
createtime : 1454124777 ;
msgtype : event ;
eventkey :  ;

2016-01-30 11:32:39 params :
------------
Array:
rule : -2 ;
module :  ;
message : Array ;

2016-01-30 11:32:39 response :
------------

2016-01-30 11:32:44 trace :
------------
Array:
from : ov-0juP8BBpJhW3rdJsFrcBG_X_I ;
to : gh_2c27a8e247f9 ;
time : 1454124782 ;
type : event ;
event : VIEW ;
tousername : gh_2c27a8e247f9 ;
fromusername : ov-0juP8BBpJhW3rdJsFrcBG_X_I ;
createtime : 1454124782 ;
msgtype : event ;
eventkey : http://wsbf.915911.com/index.php?g=App&m=Index&a=fensi ;
menuid : 208916756 ;

2016-01-30 11:32:44 params :
------------
Array:
rule : -2 ;
module :  ;
message : Array ;

2016-01-30 11:32:44 response :
------------

2016-01-30 11:33:07 trace :
------------
Array:
from : oTkNdwVTuKCoTmXebKxWJSmLhHOo ;
to : gh_cf305f6ee642 ;
time : 1454124806 ;
type : event ;
event : VIEW ;
tousername : gh_cf305f6ee642 ;
fromusername : oTkNdwVTuKCoTmXebKxWJSmLhHOo ;
createtime : 1454124806 ;
msgtype : event ;
eventkey : http://www.tonell.cn/ ;
menuid : 401129803 ;

2016-01-30 11:33:07 params :
------------
Array:
rule : -2 ;
module :  ;
message : Array ;

2016-01-30 11:33:07 response :
------------

2016-01-30 11:33:28 trace :
------------
Array:
from : oTkNdwfaZaF2xPTbpMzmSkdmQIWI ;
to : gh_cf305f6ee642 ;
time : 1454124827 ;
type : event ;
event : VIEW ;
tousername : gh_cf305f6ee642 ;
fromusername : oTkNdwfaZaF2xPTbpMzmSkdmQIWI ;
createtime : 1454124827 ;
msgtype : event ;
eventkey : http://www.tonell.cn/ ;
menuid : 401129803 ;

2016-01-30 11:33:28 params :
------------
Array:
rule : -2 ;
module :  ;
message : Array ;

2016-01-30 11:33:28 response :
------------

2016-01-30 11:37:58 trace :
------------
Array:
from : ov-0juL1ifHIZDHOAcBo7YYFsr34 ;
to : gh_2c27a8e247f9 ;
time : 1454125096 ;
type : event ;
event : subscribe ;
tousername : gh_2c27a8e247f9 ;
fromusername : ov-0juL1ifHIZDHOAcBo7YYFsr34 ;
createtime : 1454125096 ;
msgtype : event ;
eventkey :  ;

2016-01-30 11:37:58 params :
------------
Array:
rule : -2 ;
module :  ;
message : Array ;

2016-01-30 11:37:58 response :
------------

2016-01-30 11:40:33 trace :
------------
Array:
from : ov-0juANa_QoM926x0N9iztqouL0 ;
to : gh_2c27a8e247f9 ;
time : 1454125251 ;
type : event ;
event : subscribe ;
tousername : gh_2c27a8e247f9 ;
fromusername : ov-0juANa_QoM926x0N9iztqouL0 ;
createtime : 1454125251 ;
msgtype : event ;
eventkey :  ;

2016-01-30 11:40:33 params :
------------
Array:
rule : -2 ;
module :  ;
message : Array ;

2016-01-30 11:40:33 response :
------------

2016-01-30 11:40:43 trace :
------------
Array:
from : ov-0juANa_QoM926x0N9iztqouL0 ;
to : gh_2c27a8e247f9 ;
time : 1454125262 ;
type : event ;
event : VIEW ;
tousername : gh_2c27a8e247f9 ;
fromusername : ov-0juANa_QoM926x0N9iztqouL0 ;
createtime : 1454125262 ;
msgtype : event ;
eventkey : http://wsbf.915911.com/index.php?g=App&m=Index&a=fensi ;
menuid : 208916756 ;

2016-01-30 11:40:43 params :
------------
Array:
rule : -2 ;
module :  ;
message : Array ;

2016-01-30 11:40:43 response :
------------

2016-01-30 11:41:33 trace :
------------
Array:
from : oTkNdwb3uv7x-1-ucj86DsXIUb6M ;
to : gh_cf305f6ee642 ;
time : 1454125312 ;
type : event ;
event : VIEW ;
tousername : gh_cf305f6ee642 ;
fromusername : oTkNdwb3uv7x-1-ucj86DsXIUb6M ;
createtime : 1454125312 ;
msgtype : event ;
eventkey : http://www.tonell.cn/wap/index.php?ctl=user_message ;
menuid : 401129803 ;

2016-01-30 11:41:33 params :
------------
Array:
rule : -2 ;
module :  ;
message : Array ;

2016-01-30 11:41:33 response :
------------

2016-01-30 11:42:25 trace :
------------
Array:
from : ov-0juOnVDoc1jRpyGEcJFb_6x8w ;
to : gh_2c27a8e247f9 ;
time : 1454125364 ;
type : event ;
event : subscribe ;
tousername : gh_2c27a8e247f9 ;
fromusername : ov-0juOnVDoc1jRpyGEcJFb_6x8w ;
createtime : 1454125364 ;
msgtype : event ;
eventkey :  ;

2016-01-30 11:42:25 params :
------------
Array:
rule : -2 ;
module :  ;
message : Array ;

2016-01-30 11:42:25 response :
------------

2016-01-30 11:42:29 trace :
------------
Array:
from : ov-0juOnVDoc1jRpyGEcJFb_6x8w ;
to : gh_2c27a8e247f9 ;
time : 1454125368 ;
type : event ;
event : VIEW ;
tousername : gh_2c27a8e247f9 ;
fromusername : ov-0juOnVDoc1jRpyGEcJFb_6x8w ;
createtime : 1454125368 ;
msgtype : event ;
eventkey : http://wsbf.915911.com/index.php?g=App&m=Index&a=fensi ;
menuid : 208916756 ;

2016-01-30 11:42:29 params :
------------
Array:
rule : -2 ;
module :  ;
message : Array ;

2016-01-30 11:42:29 response :
------------

2016-01-30 11:46:46 trace :
------------
Array:
from : ov-0juLzTUNBU931WsnZ7q2IW7mo ;
to : gh_2c27a8e247f9 ;
time : 1454125625 ;
type : event ;
event : subscribe ;
tousername : gh_2c27a8e247f9 ;
fromusername : ov-0juLzTUNBU931WsnZ7q2IW7mo ;
createtime : 1454125625 ;
msgtype : event ;
eventkey :  ;

2016-01-30 11:46:46 params :
------------
Array:
rule : -2 ;
module :  ;
message : Array ;

2016-01-30 11:46:46 response :
------------

2016-01-30 11:46:50 trace :
------------
Array:
from : ov-0juLzTUNBU931WsnZ7q2IW7mo ;
to : gh_2c27a8e247f9 ;
time : 1454125628 ;
type : trace ;
event : LOCATION ;
tousername : gh_2c27a8e247f9 ;
fromusername : ov-0juLzTUNBU931WsnZ7q2IW7mo ;
createtime : 1454125628 ;
msgtype : event ;
latitude : 39.284443 ;
longitude : 118.441353 ;
precision : 150.000000 ;
location_x : 39.284443 ;
location_y : 118.441353 ;

2016-01-30 11:46:50 params :
------------
Array:
message : Array ;
module : default ;
rule : -1 ;

2016-01-30 11:46:50 response :
------------
Array:
errno : -1 ;
message : Invaild value ;

2016-01-30 11:48:20 trace :
------------
Array:
from : oTkNdwSkrcFMisJYVnadypv33nDw ;
to : gh_cf305f6ee642 ;
time : 1454125718 ;
type : event ;
event : subscribe ;
tousername : gh_cf305f6ee642 ;
fromusername : oTkNdwSkrcFMisJYVnadypv33nDw ;
createtime : 1454125718 ;
msgtype : event ;
eventkey :  ;

2016-01-30 11:48:27 params :
------------
Array:
message : Array ;
module : czt_subscribe_redpack ;
rule : 113 ;
priority : 0 ;
keyword : Array ;

2016-01-30 11:48:27 response :
------------
Array:
FromUserName : gh_cf305f6ee642 ;
ToUserName : oTkNdwSkrcFMisJYVnadypv33nDw ;
MsgType : text ;
Content : 出错，未能领到红包:( ;

2016-01-30 11:48:27 trace :
------------
Array:
from : oTkNdwSkrcFMisJYVnadypv33nDw ;
to : gh_cf305f6ee642 ;
time : 1454125718 ;
type : event ;
event : subscribe ;
tousername : gh_cf305f6ee642 ;
fromusername : oTkNdwSkrcFMisJYVnadypv33nDw ;
createtime : 1454125718 ;
msgtype : event ;
eventkey :  ;

2016-01-30 11:48:27 params :
------------
Array:
message : Array ;
module : czt_subscribe_redpack ;
rule : 113 ;
priority : 0 ;
keyword : Array ;

2016-01-30 11:48:27 response :
------------
Array:
FromUserName : gh_cf305f6ee642 ;
ToUserName : oTkNdwSkrcFMisJYVnadypv33nDw ;
MsgType : text ;
Content : 出错，未能领到红包:( ;

2016-01-30 11:48:33 trace :
------------
Array:
from : ov-0juMPoizyjOktEW-H0jDw1ma0 ;
to : gh_2c27a8e247f9 ;
time : 1454125731 ;
type : event ;
event : subscribe ;
tousername : gh_2c27a8e247f9 ;
fromusername : ov-0juMPoizyjOktEW-H0jDw1ma0 ;
createtime : 1454125731 ;
msgtype : event ;
eventkey :  ;

2016-01-30 11:48:33 params :
------------
Array:
rule : -2 ;
module :  ;
message : Array ;

2016-01-30 11:48:33 response :
------------

2016-01-30 11:48:35 trace :
------------
Array:
from : ov-0juMPoizyjOktEW-H0jDw1ma0 ;
to : gh_2c27a8e247f9 ;
time : 1454125734 ;
type : event ;
event : VIEW ;
tousername : gh_2c27a8e247f9 ;
fromusername : ov-0juMPoizyjOktEW-H0jDw1ma0 ;
createtime : 1454125734 ;
msgtype : event ;
eventkey : http://wsbf.915911.com/index.php?g=App&m=Index&a=fensi ;
menuid : 208916756 ;

2016-01-30 11:48:35 params :
------------
Array:
rule : -2 ;
module :  ;
message : Array ;

2016-01-30 11:48:35 response :
------------

2016-01-30 11:55:39 trace :
------------
Array:
from : ov-0juFbiu0B_0l3wgPbLfeNBC04 ;
to : gh_2c27a8e247f9 ;
time : 1454126157 ;
type : event ;
event : subscribe ;
tousername : gh_2c27a8e247f9 ;
fromusername : ov-0juFbiu0B_0l3wgPbLfeNBC04 ;
createtime : 1454126157 ;
msgtype : event ;
eventkey :  ;

2016-01-30 11:55:39 params :
------------
Array:
rule : -2 ;
module :  ;
message : Array ;

2016-01-30 11:55:39 response :
------------

2016-01-30 11:56:47 trace :
------------
Array:
from : ov-0juDfGWEsl5AWJp7LZ7reqZSk ;
to : gh_2c27a8e247f9 ;
time : 1454126225 ;
type : event ;
event : subscribe ;
tousername : gh_2c27a8e247f9 ;
fromusername : ov-0juDfGWEsl5AWJp7LZ7reqZSk ;
createtime : 1454126225 ;
msgtype : event ;
eventkey :  ;

2016-01-30 11:56:47 params :
------------
Array:
rule : -2 ;
module :  ;
message : Array ;

2016-01-30 11:56:47 response :
------------

2016-01-30 11:56:53 trace :
------------
Array:
from : ov-0juDfGWEsl5AWJp7LZ7reqZSk ;
to : gh_2c27a8e247f9 ;
time : 1454126231 ;
type : trace ;
event : LOCATION ;
tousername : gh_2c27a8e247f9 ;
fromusername : ov-0juDfGWEsl5AWJp7LZ7reqZSk ;
createtime : 1454126231 ;
msgtype : event ;
latitude : 36.824158 ;
longitude : 114.565132 ;
precision : 2800.000000 ;
location_x : 36.824158 ;
location_y : 114.565132 ;

2016-01-30 11:56:53 params :
------------
Array:
message : Array ;
module : default ;
rule : -1 ;

2016-01-30 11:56:53 response :
------------
Array:
errno : -1 ;
message : Invaild value ;

2016-01-30 11:57:01 trace :
------------
Array:
from : ov-0juDfGWEsl5AWJp7LZ7reqZSk ;
to : gh_2c27a8e247f9 ;
time : 1454126239 ;
type : text ;
event :  ;
tousername : gh_2c27a8e247f9 ;
fromusername : ov-0juDfGWEsl5AWJp7LZ7reqZSk ;
createtime : 1454126239 ;
msgtype : text ;
content : 红包 ;
msgid : 6245424641162460306 ;
redirection :  ;
source :  ;

2016-01-30 11:57:01 params :
------------
Array:
rule : -2 ;
module :  ;
message : Array ;

2016-01-30 11:57:01 response :
------------

2016-01-30 11:57:05 trace :
------------
Array:
from : ov-0juDfGWEsl5AWJp7LZ7reqZSk ;
to : gh_2c27a8e247f9 ;
time : 1454126244 ;
type : trace ;
event : LOCATION ;
tousername : gh_2c27a8e247f9 ;
fromusername : ov-0juDfGWEsl5AWJp7LZ7reqZSk ;
createtime : 1454126244 ;
msgtype : event ;
latitude : 36.824158 ;
longitude : 114.565132 ;
precision : 2800.000000 ;
location_x : 36.824158 ;
location_y : 114.565132 ;

2016-01-30 11:57:05 params :
------------
Array:
message : Array ;
module : default ;
rule : -1 ;

2016-01-30 11:57:05 response :
------------
Array:
errno : -1 ;
message : Invaild value ;

2016-01-30 12:01:54 trace :
------------
Array:
from : ov-0juL-4eRMDqtqI_s20jaL5ixo ;
to : gh_2c27a8e247f9 ;
time : 1454126532 ;
type : event ;
event : subscribe ;
tousername : gh_2c27a8e247f9 ;
fromusername : ov-0juL-4eRMDqtqI_s20jaL5ixo ;
createtime : 1454126532 ;
msgtype : event ;
eventkey :  ;

2016-01-30 12:01:54 params :
------------
Array:
rule : -2 ;
module :  ;
message : Array ;

2016-01-30 12:01:54 response :
------------

2016-01-30 12:05:05 trace :
------------
Array:
from : ov-0juJC90HyUhOXGvQw26Fs4mRM ;
to : gh_2c27a8e247f9 ;
time : 1454126724 ;
type : event ;
event : subscribe ;
tousername : gh_2c27a8e247f9 ;
fromusername : ov-0juJC90HyUhOXGvQw26Fs4mRM ;
createtime : 1454126724 ;
msgtype : event ;
eventkey :  ;

2016-01-30 12:05:05 params :
------------
Array:
rule : -2 ;
module :  ;
message : Array ;

2016-01-30 12:05:05 response :
------------

2016-01-30 12:11:09 trace :
------------
Array:
from : ov-0juID31YtdRNXmgxzKcsDN7b8 ;
to : gh_2c27a8e247f9 ;
time : 1454127088 ;
type : event ;
event : subscribe ;
tousername : gh_2c27a8e247f9 ;
fromusername : ov-0juID31YtdRNXmgxzKcsDN7b8 ;
createtime : 1454127088 ;
msgtype : event ;
eventkey :  ;

2016-01-30 12:11:09 params :
------------
Array:
rule : -2 ;
module :  ;
message : Array ;

2016-01-30 12:11:09 response :
------------

2016-01-30 12:14:04 trace :
------------
Array:
from : oTkNdwfcbkmL1qqIXGE2sD5lX_Is ;
to : gh_cf305f6ee642 ;
time : 1454127263 ;
type : event ;
event : ShakearoundUserShake ;
tousername : gh_cf305f6ee642 ;
fromusername : oTkNdwfcbkmL1qqIXGE2sD5lX_Is ;
createtime : 1454127263 ;
msgtype : event ;
chosenbeacon :  ;
aroundbeacons :  ;
chosenpageid : 1839779 ;

2016-01-30 12:14:04 params :
------------
Array:
rule : -2 ;
module :  ;
message : Array ;

2016-01-30 12:14:04 response :
------------

2016-01-30 12:14:12 trace :
------------
Array:
from : oTkNdwfcbkmL1qqIXGE2sD5lX_Is ;
to : gh_cf305f6ee642 ;
time : 1454127271 ;
type : event ;
event : ShakearoundUserShake ;
tousername : gh_cf305f6ee642 ;
fromusername : oTkNdwfcbkmL1qqIXGE2sD5lX_Is ;
createtime : 1454127271 ;
msgtype : event ;
chosenbeacon :  ;
chosenpageid : 1839779 ;

2016-01-30 12:14:12 params :
------------
Array:
rule : -2 ;
module :  ;
message : Array ;

2016-01-30 12:14:12 response :
------------

2016-01-30 12:14:46 trace :
------------
Array:
from : oTkNdwfcbkmL1qqIXGE2sD5lX_Is ;
to : gh_cf305f6ee642 ;
time : 1454127305 ;
type : event ;
event : ShakearoundUserShake ;
tousername : gh_cf305f6ee642 ;
fromusername : oTkNdwfcbkmL1qqIXGE2sD5lX_Is ;
createtime : 1454127305 ;
msgtype : event ;
chosenbeacon :  ;
chosenpageid : 1888906 ;

2016-01-30 12:14:46 params :
------------
Array:
rule : -2 ;
module :  ;
message : Array ;

2016-01-30 12:14:46 response :
------------

2016-01-30 12:14:55 trace :
------------
Array:
from : oTkNdwfcbkmL1qqIXGE2sD5lX_Is ;
to : gh_cf305f6ee642 ;
time : 1454127314 ;
type : event ;
event : ShakearoundUserShake ;
tousername : gh_cf305f6ee642 ;
fromusername : oTkNdwfcbkmL1qqIXGE2sD5lX_Is ;
createtime : 1454127314 ;
msgtype : event ;
chosenbeacon :  ;
chosenpageid : 1839779 ;

2016-01-30 12:14:55 params :
------------
Array:
rule : -2 ;
module :  ;
message : Array ;

2016-01-30 12:14:55 response :
------------

2016-01-30 12:15:00 trace :
------------
Array:
from : oTkNdwfcbkmL1qqIXGE2sD5lX_Is ;
to : gh_cf305f6ee642 ;
time : 1454127319 ;
type : event ;
event : ShakearoundUserShake ;
tousername : gh_cf305f6ee642 ;
fromusername : oTkNdwfcbkmL1qqIXGE2sD5lX_Is ;
createtime : 1454127319 ;
msgtype : event ;
chosenbeacon :  ;
chosenpageid : 1888906 ;

2016-01-30 12:15:00 params :
------------
Array:
rule : -2 ;
module :  ;
message : Array ;

2016-01-30 12:15:00 response :
------------

2016-01-30 12:15:02 trace :
------------
Array:
from : oTkNdwfcbkmL1qqIXGE2sD5lX_Is ;
to : gh_cf305f6ee642 ;
time : 1454127320 ;
type : event ;
event : ShakearoundUserShake ;
tousername : gh_cf305f6ee642 ;
fromusername : oTkNdwfcbkmL1qqIXGE2sD5lX_Is ;
createtime : 1454127320 ;
msgtype : event ;
chosenbeacon :  ;
chosenpageid : 1888906 ;

2016-01-30 12:15:02 params :
------------
Array:
rule : -2 ;
module :  ;
message : Array ;

2016-01-30 12:15:02 response :
------------

2016-01-30 12:15:07 trace :
------------
Array:
from : oTkNdwfcbkmL1qqIXGE2sD5lX_Is ;
to : gh_cf305f6ee642 ;
time : 1454127326 ;
type : event ;
event : ShakearoundUserShake ;
tousername : gh_cf305f6ee642 ;
fromusername : oTkNdwfcbkmL1qqIXGE2sD5lX_Is ;
createtime : 1454127326 ;
msgtype : event ;
chosenbeacon :  ;
chosenpageid : 1840323 ;

2016-01-30 12:15:07 params :
------------
Array:
rule : -2 ;
module :  ;
message : Array ;

2016-01-30 12:15:07 response :
------------

2016-01-30 12:15:08 trace :
------------
Array:
from : oTkNdwfcbkmL1qqIXGE2sD5lX_Is ;
to : gh_cf305f6ee642 ;
time : 1454127326 ;
type : event ;
event : ShakearoundUserShake ;
tousername : gh_cf305f6ee642 ;
fromusername : oTkNdwfcbkmL1qqIXGE2sD5lX_Is ;
createtime : 1454127326 ;
msgtype : event ;
chosenbeacon :  ;
chosenpageid : 1840323 ;

2016-01-30 12:15:08 params :
------------
Array:
rule : -2 ;
module :  ;
message : Array ;

2016-01-30 12:15:08 response :
------------

2016-01-30 12:15:18 trace :
------------
Array:
from : oTkNdwfcbkmL1qqIXGE2sD5lX_Is ;
to : gh_cf305f6ee642 ;
time : 1454127336 ;
type : event ;
event : ShakearoundUserShake ;
tousername : gh_cf305f6ee642 ;
fromusername : oTkNdwfcbkmL1qqIXGE2sD5lX_Is ;
createtime : 1454127336 ;
msgtype : event ;
chosenbeacon :  ;
chosenpageid : 1888906 ;

2016-01-30 12:15:18 params :
------------
Array:
rule : -2 ;
module :  ;
message : Array ;

2016-01-30 12:15:18 response :
------------

2016-01-30 12:15:19 trace :
------------
Array:
from : oTkNdwfcbkmL1qqIXGE2sD5lX_Is ;
to : gh_cf305f6ee642 ;
time : 1454127337 ;
type : event ;
event : ShakearoundUserShake ;
tousername : gh_cf305f6ee642 ;
fromusername : oTkNdwfcbkmL1qqIXGE2sD5lX_Is ;
createtime : 1454127337 ;
msgtype : event ;
chosenbeacon :  ;
chosenpageid : 1888906 ;

2016-01-30 12:15:19 params :
------------
Array:
rule : -2 ;
module :  ;
message : Array ;

2016-01-30 12:15:19 response :
------------

2016-01-30 12:15:20 trace :
------------
Array:
from : oTkNdwfcbkmL1qqIXGE2sD5lX_Is ;
to : gh_cf305f6ee642 ;
time : 1454127339 ;
type : event ;
event : ShakearoundUserShake ;
tousername : gh_cf305f6ee642 ;
fromusername : oTkNdwfcbkmL1qqIXGE2sD5lX_Is ;
createtime : 1454127339 ;
msgtype : event ;
chosenbeacon :  ;
chosenpageid : 1840323 ;

2016-01-30 12:15:20 params :
------------
Array:
rule : -2 ;
module :  ;
message : Array ;

2016-01-30 12:15:20 response :
------------

2016-01-30 12:15:39 trace :
------------
Array:
from : oTkNdwfcbkmL1qqIXGE2sD5lX_Is ;
to : gh_cf305f6ee642 ;
time : 1454127358 ;
type : event ;
event : ShakearoundUserShake ;
tousername : gh_cf305f6ee642 ;
fromusername : oTkNdwfcbkmL1qqIXGE2sD5lX_Is ;
createtime : 1454127358 ;
msgtype : event ;
chosenbeacon :  ;
chosenpageid : 1840323 ;

2016-01-30 12:15:39 params :
------------
Array:
rule : -2 ;
module :  ;
message : Array ;

2016-01-30 12:15:39 response :
------------

2016-01-30 12:26:20 trace :
------------
Array:
from : od9jLwmhG31ZmCgz8QpMxtZTAPtw ;
to : gh_ed9cc7248212 ;
time : 1454127999 ;
type : event ;
event : subscribe ;
tousername : gh_ed9cc7248212 ;
fromusername : od9jLwmhG31ZmCgz8QpMxtZTAPtw ;
createtime : 1454127999 ;
msgtype : event ;
eventkey :  ;

2016-01-30 12:26:20 params :
------------
Array:
rule : -2 ;
module :  ;
message : Array ;

2016-01-30 12:26:20 response :
------------

2016-01-30 13:05:25 trace :
------------
Array:
from : ov-0juLznBTsnbK1zMMt7km5dO6A ;
to : gh_2c27a8e247f9 ;
time : 1454130343 ;
type : event ;
event : subscribe ;
tousername : gh_2c27a8e247f9 ;
fromusername : ov-0juLznBTsnbK1zMMt7km5dO6A ;
createtime : 1454130343 ;
msgtype : event ;
eventkey :  ;

2016-01-30 13:05:25 params :
------------
Array:
rule : -2 ;
module :  ;
message : Array ;

2016-01-30 13:05:25 response :
------------

2016-01-30 13:09:53 trace :
------------
Array:
from : od9jLwrL7phvLasG8EXZ6XbYy0aw ;
to : gh_ed9cc7248212 ;
time : 1454130612 ;
type : event ;
event : subscribe ;
tousername : gh_ed9cc7248212 ;
fromusername : od9jLwrL7phvLasG8EXZ6XbYy0aw ;
createtime : 1454130612 ;
msgtype : event ;
eventkey :  ;

2016-01-30 13:09:53 params :
------------
Array:
rule : -2 ;
module :  ;
message : Array ;

2016-01-30 13:09:53 response :
------------

2016-01-30 13:11:19 trace :
------------
Array:
from : od9jLwoYRYRXSCY-E9xn_RFZES2Y ;
to : gh_ed9cc7248212 ;
time : 1454130698 ;
type : event ;
event : subscribe ;
tousername : gh_ed9cc7248212 ;
fromusername : od9jLwoYRYRXSCY-E9xn_RFZES2Y ;
createtime : 1454130698 ;
msgtype : event ;
eventkey :  ;

2016-01-30 13:11:19 params :
------------
Array:
rule : -2 ;
module :  ;
message : Array ;

2016-01-30 13:11:19 response :
------------

2016-01-30 13:11:39 trace :
------------
Array:
from : od9jLwtgHMgG3zxyMxldNlTSr3xg ;
to : gh_ed9cc7248212 ;
time : 1454130717 ;
type : event ;
event : subscribe ;
tousername : gh_ed9cc7248212 ;
fromusername : od9jLwtgHMgG3zxyMxldNlTSr3xg ;
createtime : 1454130717 ;
msgtype : event ;
eventkey :  ;

2016-01-30 13:11:39 params :
------------
Array:
rule : -2 ;
module :  ;
message : Array ;

2016-01-30 13:11:39 response :
------------

2016-01-30 13:38:28 trace :
------------
Array:
from : ov-0juBLjx4qsmAVo32qtNLMwTEA ;
to : gh_2c27a8e247f9 ;
time : 1454132327 ;
type : event ;
event : subscribe ;
tousername : gh_2c27a8e247f9 ;
fromusername : ov-0juBLjx4qsmAVo32qtNLMwTEA ;
createtime : 1454132327 ;
msgtype : event ;
eventkey :  ;

2016-01-30 13:38:28 params :
------------
Array:
rule : -2 ;
module :  ;
message : Array ;

2016-01-30 13:38:28 response :
------------

2016-01-30 13:43:43 trace :
------------
Array:
from : od9jLwjaZ85hawII1edUysf2Kzho ;
to : gh_ed9cc7248212 ;
time : 1454132642 ;
type : event ;
event : subscribe ;
tousername : gh_ed9cc7248212 ;
fromusername : od9jLwjaZ85hawII1edUysf2Kzho ;
createtime : 1454132642 ;
msgtype : event ;
eventkey :  ;

2016-01-30 13:43:43 params :
------------
Array:
rule : -2 ;
module :  ;
message : Array ;

2016-01-30 13:43:43 response :
------------

2016-01-30 14:06:27 trace :
------------
Array:
from : ov-0juLnIySmJx6ZKeP8HOhyfYAE ;
to : gh_2c27a8e247f9 ;
time : 1454134006 ;
type : event ;
event : subscribe ;
tousername : gh_2c27a8e247f9 ;
fromusername : ov-0juLnIySmJx6ZKeP8HOhyfYAE ;
createtime : 1454134006 ;
msgtype : event ;
eventkey :  ;

2016-01-30 14:06:27 params :
------------
Array:
rule : -2 ;
module :  ;
message : Array ;

2016-01-30 14:06:27 response :
------------

2016-01-30 14:06:38 trace :
------------
Array:
from : ov-0juLnIySmJx6ZKeP8HOhyfYAE ;
to : gh_2c27a8e247f9 ;
time : 1454134016 ;
type : event ;
event : VIEW ;
tousername : gh_2c27a8e247f9 ;
fromusername : ov-0juLnIySmJx6ZKeP8HOhyfYAE ;
createtime : 1454134016 ;
msgtype : event ;
eventkey : http://wsbf.915911.com/index.php?g=App&m=Index&a=fensi ;
menuid : 208916756 ;

2016-01-30 14:06:38 params :
------------
Array:
rule : -2 ;
module :  ;
message : Array ;

2016-01-30 14:06:38 response :
------------

2016-01-30 14:06:44 trace :
------------
Array:
from : ov-0juLnIySmJx6ZKeP8HOhyfYAE ;
to : gh_2c27a8e247f9 ;
time : 1454134023 ;
type : event ;
event : VIEW ;
tousername : gh_2c27a8e247f9 ;
fromusername : ov-0juLnIySmJx6ZKeP8HOhyfYAE ;
createtime : 1454134023 ;
msgtype : event ;
eventkey : http://wsbf.915911.com/index.php?g=App&m=Index&a=fensi ;
menuid : 208916756 ;

2016-01-30 14:06:44 params :
------------
Array:
rule : -2 ;
module :  ;
message : Array ;

2016-01-30 14:06:44 response :
------------

2016-01-30 14:12:55 trace :
------------
Array:
from : ov-0juBm9CzhiiBb7F6YdmzgsjCQ ;
to : gh_2c27a8e247f9 ;
time : 1454134393 ;
type : event ;
event : subscribe ;
tousername : gh_2c27a8e247f9 ;
fromusername : ov-0juBm9CzhiiBb7F6YdmzgsjCQ ;
createtime : 1454134393 ;
msgtype : event ;
eventkey :  ;

2016-01-30 14:12:55 params :
------------
Array:
rule : -2 ;
module :  ;
message : Array ;

2016-01-30 14:12:55 response :
------------

2016-01-30 14:13:00 trace :
------------
Array:
from : ov-0juBm9CzhiiBb7F6YdmzgsjCQ ;
to : gh_2c27a8e247f9 ;
time : 1454134399 ;
type : trace ;
event : LOCATION ;
tousername : gh_2c27a8e247f9 ;
fromusername : ov-0juBm9CzhiiBb7F6YdmzgsjCQ ;
createtime : 1454134399 ;
msgtype : event ;
latitude : 22.829201 ;
longitude : 114.093491 ;
precision : 150.000000 ;
location_x : 22.829201 ;
location_y : 114.093491 ;

2016-01-30 14:13:00 params :
------------
Array:
message : Array ;
module : default ;
rule : -1 ;

2016-01-30 14:13:00 response :
------------
Array:
errno : -1 ;
message : Invaild value ;

2016-01-30 14:41:32 trace :
------------
Array:
from : ov-0juA6zU1xQ6kg4kWrWzGcixxQ ;
to : gh_2c27a8e247f9 ;
time : 1454136111 ;
type : event ;
event : subscribe ;
tousername : gh_2c27a8e247f9 ;
fromusername : ov-0juA6zU1xQ6kg4kWrWzGcixxQ ;
createtime : 1454136111 ;
msgtype : event ;
eventkey :  ;

2016-01-30 14:41:32 params :
------------
Array:
rule : -2 ;
module :  ;
message : Array ;

2016-01-30 14:41:32 response :
------------

2016-01-30 14:42:58 trace :
------------
Array:
from : ov-0juA6zU1xQ6kg4kWrWzGcixxQ ;
to : gh_2c27a8e247f9 ;
time : 1454136197 ;
type : event ;
event : VIEW ;
tousername : gh_2c27a8e247f9 ;
fromusername : ov-0juA6zU1xQ6kg4kWrWzGcixxQ ;
createtime : 1454136197 ;
msgtype : event ;
eventkey : http://wsbf.915911.com/index.php?g=App&m=Index&a=fensi ;
menuid : 208916756 ;

2016-01-30 14:42:58 params :
------------
Array:
rule : -2 ;
module :  ;
message : Array ;

2016-01-30 14:42:58 response :
------------

2016-01-30 14:45:27 trace :
------------
Array:
from : ov-0juFUEiTfhDQWjJRuXoJvTzCQ ;
to : gh_2c27a8e247f9 ;
time : 1454136346 ;
type : event ;
event : subscribe ;
tousername : gh_2c27a8e247f9 ;
fromusername : ov-0juFUEiTfhDQWjJRuXoJvTzCQ ;
createtime : 1454136346 ;
msgtype : event ;
eventkey :  ;

2016-01-30 14:45:27 params :
------------
Array:
rule : -2 ;
module :  ;
message : Array ;

2016-01-30 14:45:27 response :
------------

2016-01-30 14:45:51 trace :
------------
Array:
from : ov-0juFUEiTfhDQWjJRuXoJvTzCQ ;
to : gh_2c27a8e247f9 ;
time : 1454136369 ;
type : trace ;
event : LOCATION ;
tousername : gh_2c27a8e247f9 ;
fromusername : ov-0juFUEiTfhDQWjJRuXoJvTzCQ ;
createtime : 1454136369 ;
msgtype : event ;
latitude : 23.089115 ;
longitude : 113.349342 ;
precision : 30.000000 ;
location_x : 23.089115 ;
location_y : 113.349342 ;

2016-01-30 14:45:51 params :
------------
Array:
message : Array ;
module : default ;
rule : -1 ;

2016-01-30 14:45:51 response :
------------
Array:
errno : -1 ;
message : Invaild value ;

2016-01-30 14:48:14 trace :
------------
Array:
from : od9jLwmVdd_icUNtrxYTnFSzLTRo ;
to : gh_ed9cc7248212 ;
time : 1454136513 ;
type : event ;
event : subscribe ;
tousername : gh_ed9cc7248212 ;
fromusername : od9jLwmVdd_icUNtrxYTnFSzLTRo ;
createtime : 1454136513 ;
msgtype : event ;
eventkey :  ;

2016-01-30 14:48:14 params :
------------
Array:
rule : -2 ;
module :  ;
message : Array ;

2016-01-30 14:48:14 response :
------------

2016-01-30 14:48:27 trace :
------------
Array:
from : od9jLwmVdd_icUNtrxYTnFSzLTRo ;
to : gh_ed9cc7248212 ;
time : 1454136526 ;
type : event ;
event : VIEW ;
tousername : gh_ed9cc7248212 ;
fromusername : od9jLwmVdd_icUNtrxYTnFSzLTRo ;
createtime : 1454136526 ;
msgtype : event ;
eventkey : http://we7.cc/app/index.php?i=30&c=entry&do=shop&m=ewei_shop&p=list&pcate=185&ccate=190 ;
menuid : 402621621 ;

2016-01-30 14:48:27 params :
------------
Array:
rule : -2 ;
module :  ;
message : Array ;

2016-01-30 14:48:27 response :
------------

2016-01-30 14:57:21 trace :
------------
Array:
from : ov-0juCuFRMZ5B1yVytswMf2eBv0 ;
to : gh_2c27a8e247f9 ;
time : 1454137060 ;
type : event ;
event : subscribe ;
tousername : gh_2c27a8e247f9 ;
fromusername : ov-0juCuFRMZ5B1yVytswMf2eBv0 ;
createtime : 1454137060 ;
msgtype : event ;
eventkey :  ;

2016-01-30 14:57:21 params :
------------
Array:
rule : -2 ;
module :  ;
message : Array ;

2016-01-30 14:57:21 response :
------------

2016-01-30 14:58:04 trace :
------------
Array:
from : ov-0juNvoFmmHUvQXE8cPn_fyi4o ;
to : gh_2c27a8e247f9 ;
time : 1454137103 ;
type : event ;
event : subscribe ;
tousername : gh_2c27a8e247f9 ;
fromusername : ov-0juNvoFmmHUvQXE8cPn_fyi4o ;
createtime : 1454137103 ;
msgtype : event ;
eventkey :  ;

2016-01-30 14:58:04 params :
------------
Array:
rule : -2 ;
module :  ;
message : Array ;

2016-01-30 14:58:04 response :
------------

2016-01-30 14:58:11 trace :
------------
Array:
from : ov-0juNvoFmmHUvQXE8cPn_fyi4o ;
to : gh_2c27a8e247f9 ;
time : 1454137110 ;
type : trace ;
event : LOCATION ;
tousername : gh_2c27a8e247f9 ;
fromusername : ov-0juNvoFmmHUvQXE8cPn_fyi4o ;
createtime : 1454137110 ;
msgtype : event ;
latitude : 34.359650 ;
longitude : 108.738312 ;
precision : 150.000000 ;
location_x : 34.359650 ;
location_y : 108.738312 ;

2016-01-30 14:58:11 params :
------------
Array:
message : Array ;
module : default ;
rule : -1 ;

2016-01-30 14:58:11 response :
------------
Array:
errno : -1 ;
message : Invaild value ;

2016-01-30 14:58:33 trace :
------------
Array:
from : ov-0juNvoFmmHUvQXE8cPn_fyi4o ;
to : gh_2c27a8e247f9 ;
time : 1454137131 ;
type : trace ;
event : LOCATION ;
tousername : gh_2c27a8e247f9 ;
fromusername : ov-0juNvoFmmHUvQXE8cPn_fyi4o ;
createtime : 1454137131 ;
msgtype : event ;
latitude : 34.359650 ;
longitude : 108.738358 ;
precision : 150.000000 ;
location_x : 34.359650 ;
location_y : 108.738358 ;

2016-01-30 14:58:33 params :
------------
Array:
message : Array ;
module : default ;
rule : -1 ;

2016-01-30 14:58:33 response :
------------
Array:
errno : -1 ;
message : Invaild value ;

2016-01-30 14:58:50 trace :
------------
Array:
from : ov-0juAH7PBVtn9SG6HWytK3fJwA ;
to : gh_2c27a8e247f9 ;
time : 1454137148 ;
type : event ;
event : subscribe ;
tousername : gh_2c27a8e247f9 ;
fromusername : ov-0juAH7PBVtn9SG6HWytK3fJwA ;
createtime : 1454137148 ;
msgtype : event ;
eventkey :  ;

2016-01-30 14:58:50 params :
------------
Array:
rule : -2 ;
module :  ;
message : Array ;

2016-01-30 14:58:50 response :
------------

2016-01-30 15:05:54 trace :
------------
Array:
from : ov-0juJuugsgwKgY3JiJN9jEMeVE ;
to : gh_2c27a8e247f9 ;
time : 1454137573 ;
type : event ;
event : subscribe ;
tousername : gh_2c27a8e247f9 ;
fromusername : ov-0juJuugsgwKgY3JiJN9jEMeVE ;
createtime : 1454137573 ;
msgtype : event ;
eventkey :  ;

2016-01-30 15:05:54 params :
------------
Array:
rule : -2 ;
module :  ;
message : Array ;

2016-01-30 15:05:54 response :
------------

2016-01-30 15:06:00 trace :
------------
Array:
from : ov-0juJuugsgwKgY3JiJN9jEMeVE ;
to : gh_2c27a8e247f9 ;
time : 1454137579 ;
type : trace ;
event : LOCATION ;
tousername : gh_2c27a8e247f9 ;
fromusername : ov-0juJuugsgwKgY3JiJN9jEMeVE ;
createtime : 1454137579 ;
msgtype : event ;
latitude : 28.811766 ;
longitude : 113.061165 ;
precision : 150.000000 ;
location_x : 28.811766 ;
location_y : 113.061165 ;

2016-01-30 15:06:00 params :
------------
Array:
message : Array ;
module : default ;
rule : -1 ;

2016-01-30 15:06:00 response :
------------
Array:
errno : -1 ;
message : Invaild value ;

2016-01-30 15:06:00 trace :
------------
Array:
from : ov-0juJuugsgwKgY3JiJN9jEMeVE ;
to : gh_2c27a8e247f9 ;
time : 1454137579 ;
type : event ;
event : VIEW ;
tousername : gh_2c27a8e247f9 ;
fromusername : ov-0juJuugsgwKgY3JiJN9jEMeVE ;
createtime : 1454137579 ;
msgtype : event ;
eventkey : http://wsbf.915911.com/index.php?g=App&m=Index&a=fensi ;
menuid : 208916756 ;

2016-01-30 15:06:00 params :
------------
Array:
rule : -2 ;
module :  ;
message : Array ;

2016-01-30 15:06:00 response :
------------

2016-01-30 15:06:05 trace :
------------
Array:
from : ov-0juJuugsgwKgY3JiJN9jEMeVE ;
to : gh_2c27a8e247f9 ;
time : 1454137584 ;
type : event ;
event : VIEW ;
tousername : gh_2c27a8e247f9 ;
fromusername : ov-0juJuugsgwKgY3JiJN9jEMeVE ;
createtime : 1454137584 ;
msgtype : event ;
eventkey : http://wsbf.915911.com/index.php?g=App&m=Index&a=fensi ;
menuid : 208916756 ;

2016-01-30 15:06:05 params :
------------
Array:
rule : -2 ;
module :  ;
message : Array ;

2016-01-30 15:06:05 response :
------------

2016-01-30 15:08:42 trace :
------------
Array:
from : ov-0juKWJlg4W3DmembnZS0RVMlU ;
to : gh_2c27a8e247f9 ;
time : 1454137741 ;
type : event ;
event : subscribe ;
tousername : gh_2c27a8e247f9 ;
fromusername : ov-0juKWJlg4W3DmembnZS0RVMlU ;
createtime : 1454137741 ;
msgtype : event ;
eventkey :  ;

2016-01-30 15:08:42 params :
------------
Array:
rule : -2 ;
module :  ;
message : Array ;

2016-01-30 15:08:42 response :
------------

2016-01-30 15:17:17 trace :
------------
Array:
from : ov-0juM2WABvcxUJcps28i1P6RPc ;
to : gh_2c27a8e247f9 ;
time : 1454138256 ;
type : event ;
event : subscribe ;
tousername : gh_2c27a8e247f9 ;
fromusername : ov-0juM2WABvcxUJcps28i1P6RPc ;
createtime : 1454138256 ;
msgtype : event ;
eventkey :  ;

2016-01-30 15:17:17 params :
------------
Array:
rule : -2 ;
module :  ;
message : Array ;

2016-01-30 15:17:17 response :
------------

2016-01-30 15:24:46 trace :
------------
Array:
from : od9jLwpSXBgaw2G9dT-cbQ_szJxM ;
to : gh_ed9cc7248212 ;
time : 1454138705 ;
type : event ;
event : subscribe ;
tousername : gh_ed9cc7248212 ;
fromusername : od9jLwpSXBgaw2G9dT-cbQ_szJxM ;
createtime : 1454138705 ;
msgtype : event ;
eventkey :  ;

2016-01-30 15:24:46 params :
------------
Array:
rule : -2 ;
module :  ;
message : Array ;

2016-01-30 15:24:46 response :
------------

2016-01-30 15:25:06 trace :
------------
Array:
from : oTkNdwfcbkmL1qqIXGE2sD5lX_Is ;
to : gh_cf305f6ee642 ;
time : 1454138725 ;
type : event ;
event : VIEW ;
tousername : gh_cf305f6ee642 ;
fromusername : oTkNdwfcbkmL1qqIXGE2sD5lX_Is ;
createtime : 1454138725 ;
msgtype : event ;
eventkey : http://www.tonell.cn/ ;
menuid : 401129803 ;

2016-01-30 15:25:06 params :
------------
Array:
rule : -2 ;
module :  ;
message : Array ;

2016-01-30 15:25:06 response :
------------

2016-01-30 15:31:51 trace :
------------
Array:
from : od9jLwq-qXTouavURKh6lhd--fMw ;
to : gh_ed9cc7248212 ;
time : 1454139130 ;
type : event ;
event : subscribe ;
tousername : gh_ed9cc7248212 ;
fromusername : od9jLwq-qXTouavURKh6lhd--fMw ;
createtime : 1454139130 ;
msgtype : event ;
eventkey :  ;

2016-01-30 15:31:51 params :
------------
Array:
rule : -2 ;
module :  ;
message : Array ;

2016-01-30 15:31:51 response :
------------

2016-01-30 15:32:36 trace :
------------
Array:
from : od9jLwj4xb4Emk3Th9FyHSP6wyDw ;
to : gh_ed9cc7248212 ;
time : 1454139174 ;
type : event ;
event : subscribe ;
tousername : gh_ed9cc7248212 ;
fromusername : od9jLwj4xb4Emk3Th9FyHSP6wyDw ;
createtime : 1454139174 ;
msgtype : event ;
eventkey :  ;

2016-01-30 15:32:36 params :
------------
Array:
rule : -2 ;
module :  ;
message : Array ;

2016-01-30 15:32:36 response :
------------

2016-01-30 15:33:45 trace :
------------
Array:
from : od9jLwq-qXTouavURKh6lhd--fMw ;
to : gh_ed9cc7248212 ;
time : 1454139243 ;
type : event ;
event : VIEW ;
tousername : gh_ed9cc7248212 ;
fromusername : od9jLwq-qXTouavURKh6lhd--fMw ;
createtime : 1454139243 ;
msgtype : event ;
eventkey : http://we7.cc/app/index.php?i=30&c=entry&do=shop&m=ewei_shop&p=list&pcate=185&ccate=190 ;
menuid : 402621621 ;

2016-01-30 15:33:45 params :
------------
Array:
rule : -2 ;
module :  ;
message : Array ;

2016-01-30 15:33:45 response :
------------

2016-01-30 15:42:57 trace :
------------
Array:
from : oTkNdwfcbkmL1qqIXGE2sD5lX_Is ;
to : gh_cf305f6ee642 ;
time : 1454139796 ;
type : event ;
event : ShakearoundUserShake ;
tousername : gh_cf305f6ee642 ;
fromusername : oTkNdwfcbkmL1qqIXGE2sD5lX_Is ;
createtime : 1454139796 ;
msgtype : event ;
chosenbeacon :  ;
aroundbeacons :  ;
chosenpageid : 1839779 ;

2016-01-30 15:42:57 params :
------------
Array:
rule : -2 ;
module :  ;
message : Array ;

2016-01-30 15:42:57 response :
------------

2016-01-30 15:45:31 trace :
------------
Array:
from : oTkNdwfcbkmL1qqIXGE2sD5lX_Is ;
to : gh_cf305f6ee642 ;
time : 1454139950 ;
type : event ;
event : ShakearoundUserShake ;
tousername : gh_cf305f6ee642 ;
fromusername : oTkNdwfcbkmL1qqIXGE2sD5lX_Is ;
createtime : 1454139950 ;
msgtype : event ;
chosenbeacon :  ;
aroundbeacons :  ;
chosenpageid : 1839779 ;

2016-01-30 15:45:31 params :
------------
Array:
rule : -2 ;
module :  ;
message : Array ;

2016-01-30 15:45:31 response :
------------

2016-01-30 15:51:45 trace :
------------
Array:
from : oTkNdwfcbkmL1qqIXGE2sD5lX_Is ;
to : gh_cf305f6ee642 ;
time : 1454140324 ;
type : event ;
event : ShakearoundUserShake ;
tousername : gh_cf305f6ee642 ;
fromusername : oTkNdwfcbkmL1qqIXGE2sD5lX_Is ;
createtime : 1454140324 ;
msgtype : event ;
chosenbeacon :  ;
aroundbeacons :  ;
chosenpageid : 1839779 ;

2016-01-30 15:51:45 params :
------------
Array:
rule : -2 ;
module :  ;
message : Array ;

2016-01-30 15:51:45 response :
------------

2016-01-30 15:51:48 trace :
------------
Array:
from : oTkNdwfcbkmL1qqIXGE2sD5lX_Is ;
to : gh_cf305f6ee642 ;
time : 1454140327 ;
type : event ;
event : ShakearoundUserShake ;
tousername : gh_cf305f6ee642 ;
fromusername : oTkNdwfcbkmL1qqIXGE2sD5lX_Is ;
createtime : 1454140327 ;
msgtype : event ;
chosenbeacon :  ;
chosenpageid : 1896483 ;

2016-01-30 15:51:48 params :
------------
Array:
rule : -2 ;
module :  ;
message : Array ;

2016-01-30 15:51:48 response :
------------

2016-01-30 15:51:48 trace :
------------
Array:
from : oTkNdwfcbkmL1qqIXGE2sD5lX_Is ;
to : gh_cf305f6ee642 ;
time : 1454140327 ;
type : event ;
event : ShakearoundUserShake ;
tousername : gh_cf305f6ee642 ;
fromusername : oTkNdwfcbkmL1qqIXGE2sD5lX_Is ;
createtime : 1454140327 ;
msgtype : event ;
chosenbeacon :  ;
chosenpageid : 1839779 ;

2016-01-30 15:51:48 params :
------------
Array:
rule : -2 ;
module :  ;
message : Array ;

2016-01-30 15:51:48 response :
------------

2016-01-30 15:52:36 trace :
------------
Array:
from : oTkNdwfcbkmL1qqIXGE2sD5lX_Is ;
to : gh_cf305f6ee642 ;
time : 1454140375 ;
type : event ;
event : ShakearoundUserShake ;
tousername : gh_cf305f6ee642 ;
fromusername : oTkNdwfcbkmL1qqIXGE2sD5lX_Is ;
createtime : 1454140375 ;
msgtype : event ;
chosenbeacon :  ;
aroundbeacons :  ;
chosenpageid : 1839779 ;

2016-01-30 15:52:36 params :
------------
Array:
rule : -2 ;
module :  ;
message : Array ;

2016-01-30 15:52:36 response :
------------

2016-01-30 15:52:39 trace :
------------
Array:
from : oTkNdwfcbkmL1qqIXGE2sD5lX_Is ;
to : gh_cf305f6ee642 ;
time : 1454140378 ;
type : event ;
event : ShakearoundUserShake ;
tousername : gh_cf305f6ee642 ;
fromusername : oTkNdwfcbkmL1qqIXGE2sD5lX_Is ;
createtime : 1454140378 ;
msgtype : event ;
chosenbeacon :  ;
chosenpageid : 1839779 ;

2016-01-30 15:52:39 params :
------------
Array:
rule : -2 ;
module :  ;
message : Array ;

2016-01-30 15:52:39 response :
------------

2016-01-30 15:52:39 trace :
------------
Array:
from : oTkNdwfcbkmL1qqIXGE2sD5lX_Is ;
to : gh_cf305f6ee642 ;
time : 1454140378 ;
type : event ;
event : ShakearoundUserShake ;
tousername : gh_cf305f6ee642 ;
fromusername : oTkNdwfcbkmL1qqIXGE2sD5lX_Is ;
createtime : 1454140378 ;
msgtype : event ;
chosenbeacon :  ;
chosenpageid : 1896483 ;

2016-01-30 15:52:39 params :
------------
Array:
rule : -2 ;
module :  ;
message : Array ;

2016-01-30 15:52:39 response :
------------

2016-01-30 16:00:07 trace :
------------
Array:
from : oTkNdwXla6iIIbQGRFwefWL9w3TE ;
to : gh_cf305f6ee642 ;
time : 1454140826 ;
type : event ;
event : ShakearoundUserShake ;
tousername : gh_cf305f6ee642 ;
fromusername : oTkNdwXla6iIIbQGRFwefWL9w3TE ;
createtime : 1454140826 ;
msgtype : event ;
chosenbeacon :  ;
aroundbeacons :  ;
chosenpageid : 1839779 ;

2016-01-30 16:00:07 params :
------------
Array:
rule : -2 ;
module :  ;
message : Array ;

2016-01-30 16:00:07 response :
------------

2016-01-30 16:00:17 trace :
------------
Array:
from : oTkNdwXla6iIIbQGRFwefWL9w3TE ;
to : gh_cf305f6ee642 ;
time : 1454140836 ;
type : event ;
event : ShakearoundUserShake ;
tousername : gh_cf305f6ee642 ;
fromusername : oTkNdwXla6iIIbQGRFwefWL9w3TE ;
createtime : 1454140836 ;
msgtype : event ;
chosenbeacon :  ;
chosenpageid : 1839779 ;

2016-01-30 16:00:17 params :
------------
Array:
rule : -2 ;
module :  ;
message : Array ;

2016-01-30 16:00:17 response :
------------

2016-01-30 16:00:17 trace :
------------
Array:
from : oTkNdwXla6iIIbQGRFwefWL9w3TE ;
to : gh_cf305f6ee642 ;
time : 1454140836 ;
type : event ;
event : ShakearoundUserShake ;
tousername : gh_cf305f6ee642 ;
fromusername : oTkNdwXla6iIIbQGRFwefWL9w3TE ;
createtime : 1454140836 ;
msgtype : event ;
chosenbeacon :  ;
chosenpageid : 1896483 ;

2016-01-30 16:00:17 params :
------------
Array:
rule : -2 ;
module :  ;
message : Array ;

2016-01-30 16:00:17 response :
------------

2016-01-30 16:12:14 trace :
------------
Array:
from : od9jLwtTgSV-DkKwz_qXcjlTIYag ;
to : gh_ed9cc7248212 ;
time : 1454141553 ;
type : event ;
event : subscribe ;
tousername : gh_ed9cc7248212 ;
fromusername : od9jLwtTgSV-DkKwz_qXcjlTIYag ;
createtime : 1454141553 ;
msgtype : event ;
eventkey :  ;

2016-01-30 16:12:14 params :
------------
Array:
rule : -2 ;
module :  ;
message : Array ;

2016-01-30 16:12:14 response :
------------

2016-01-30 18:41:10 trace :
------------
Array:
from : ov-0juD6fqdmpK_2sbQGJcWDoUP4 ;
to : gh_2c27a8e247f9 ;
time : 1454150489 ;
type : event ;
event : subscribe ;
tousername : gh_2c27a8e247f9 ;
fromusername : ov-0juD6fqdmpK_2sbQGJcWDoUP4 ;
createtime : 1454150489 ;
msgtype : event ;
eventkey : qrscene_8449 ;
ticket : gQFs8DoAAAAAAAAAASxodHRwOi8vd2VpeGluLnFxLmNvbS9xL28wTjFYQVhsSUtSWmtRak9zMjk3AAIE9VU8VgMEAAAAAA== ;
scene : 8449 ;

2016-01-30 18:41:10 params :
------------
Array:
rule : -2 ;
module :  ;
message : Array ;

2016-01-30 18:41:10 response :
------------

2016-01-30 19:20:03 trace :
------------
Array:
from : ov-0juCdMbSstt1CxTiWd_d763iY ;
to : gh_2c27a8e247f9 ;
time : 1454152820 ;
type : event ;
event : subscribe ;
tousername : gh_2c27a8e247f9 ;
fromusername : ov-0juCdMbSstt1CxTiWd_d763iY ;
createtime : 1454152820 ;
msgtype : event ;
eventkey :  ;

2016-01-30 19:20:03 params :
------------
Array:
rule : -2 ;
module :  ;
message : Array ;

2016-01-30 19:20:03 response :
------------

2016-01-30 19:20:05 trace :
------------
Array:
from : ov-0juCdMbSstt1CxTiWd_d763iY ;
to : gh_2c27a8e247f9 ;
time : 1454152824 ;
type : trace ;
event : LOCATION ;
tousername : gh_2c27a8e247f9 ;
fromusername : ov-0juCdMbSstt1CxTiWd_d763iY ;
createtime : 1454152824 ;
msgtype : event ;
latitude : 36.820770 ;
longitude : 118.282265 ;
precision : 65.000000 ;
location_x : 36.820770 ;
location_y : 118.282265 ;

2016-01-30 19:20:05 params :
------------
Array:
message : Array ;
module : default ;
rule : -1 ;

2016-01-30 19:20:05 response :
------------
Array:
errno : -1 ;
message : Invaild value ;

2016-01-30 19:20:08 trace :
------------
Array:
from : ov-0juCdMbSstt1CxTiWd_d763iY ;
to : gh_2c27a8e247f9 ;
time : 1454152827 ;
type : event ;
event : VIEW ;
tousername : gh_2c27a8e247f9 ;
fromusername : ov-0juCdMbSstt1CxTiWd_d763iY ;
createtime : 1454152827 ;
msgtype : event ;
eventkey : http://wsbf.915911.com/index.php?g=App&m=Index&a=fensi ;
menuid : 208916756 ;

2016-01-30 19:20:08 params :
------------
Array:
rule : -2 ;
module :  ;
message : Array ;

2016-01-30 19:20:08 response :
------------

