2016-03-26 16:41:39 trace :
------------
Array:
from : oIJh1jm38ZvtCwR1_ivCIpdZ_-VU ;
to : gh_8792052896c2 ;
time : 1458981715 ;
type : event ;
event : subscribe ;
tousername : gh_8792052896c2 ;
fromusername : oIJh1jm38ZvtCwR1_ivCIpdZ_-VU ;
createtime : 1458981715 ;
msgtype : event ;
eventkey :  ;

2016-03-26 16:41:39 params :
------------
Array:
rule : -2 ;
module :  ;
message : Array ;

2016-03-26 16:41:39 response :
------------

2016-03-26 16:42:26 trace :
------------
Array:
from : oIJh1jm38ZvtCwR1_ivCIpdZ_-VU ;
to : gh_8792052896c2 ;
time : 1458981763 ;
type : event ;
event : VIEW ;
tousername : gh_8792052896c2 ;
fromusername : oIJh1jm38ZvtCwR1_ivCIpdZ_-VU ;
createtime : 1458981763 ;
msgtype : event ;
eventkey : http://www.wepower365.com/app.php/module/3g/mobile/view/10669/7021/ ;
menuid : 209874298 ;

2016-03-26 16:42:26 params :
------------
Array:
rule : -2 ;
module :  ;
message : Array ;

2016-03-26 16:42:26 response :
------------

2016-03-26 16:42:32 trace :
------------
Array:
from : oIJh1jm38ZvtCwR1_ivCIpdZ_-VU ;
to : gh_8792052896c2 ;
time : 1458981770 ;
type : event ;
event : VIEW ;
tousername : gh_8792052896c2 ;
fromusername : oIJh1jm38ZvtCwR1_ivCIpdZ_-VU ;
createtime : 1458981770 ;
msgtype : event ;
eventkey : http://www.wepower365.com/app.php/module/3g/mobile/view/10669/7021/ ;
menuid : 209874298 ;

2016-03-26 16:42:32 params :
------------
Array:
rule : -2 ;
module :  ;
message : Array ;

2016-03-26 16:42:32 response :
------------

2016-03-26 16:43:14 trace :
------------
Array:
from : oIJh1jm38ZvtCwR1_ivCIpdZ_-VU ;
to : gh_8792052896c2 ;
time : 1458981812 ;
type : event ;
event : CLICK ;
tousername : gh_8792052896c2 ;
fromusername : oIJh1jm38ZvtCwR1_ivCIpdZ_-VU ;
createtime : 1458981812 ;
msgtype : event ;
eventkey : 首页 ;

2016-03-26 16:43:14 params :
------------
Array:
rule : -2 ;
module :  ;
message : Array ;

2016-03-26 16:43:14 response :
------------

2016-03-26 16:44:25 trace :
------------
Array:
from : oIJh1jm38ZvtCwR1_ivCIpdZ_-VU ;
to : gh_8792052896c2 ;
time : 1458981883 ;
type : event ;
event : CLICK ;
tousername : gh_8792052896c2 ;
fromusername : oIJh1jm38ZvtCwR1_ivCIpdZ_-VU ;
createtime : 1458981883 ;
msgtype : event ;
eventkey : 首页 ;

2016-03-26 16:44:25 params :
------------
Array:
rule : -2 ;
module :  ;
message : Array ;

2016-03-26 16:44:25 response :
------------

2016-03-26 16:44:37 trace :
------------
Array:
from : oIJh1jm38ZvtCwR1_ivCIpdZ_-VU ;
to : gh_8792052896c2 ;
time : 1458981895 ;
type : event ;
event : CLICK ;
tousername : gh_8792052896c2 ;
fromusername : oIJh1jm38ZvtCwR1_ivCIpdZ_-VU ;
createtime : 1458981895 ;
msgtype : event ;
eventkey : 首页 ;

2016-03-26 16:44:37 params :
------------
Array:
rule : -2 ;
module :  ;
message : Array ;

2016-03-26 16:44:37 response :
------------

2016-03-26 16:44:48 trace :
------------
Array:
from : oIJh1jm38ZvtCwR1_ivCIpdZ_-VU ;
to : gh_8792052896c2 ;
time : 1458981905 ;
type : event ;
event : CLICK ;
tousername : gh_8792052896c2 ;
fromusername : oIJh1jm38ZvtCwR1_ivCIpdZ_-VU ;
createtime : 1458981905 ;
msgtype : event ;
eventkey : 品牌 ;

2016-03-26 16:44:48 params :
------------
Array:
rule : -2 ;
module :  ;
message : Array ;

2016-03-26 16:44:48 response :
------------

2016-03-26 16:44:54 trace :
------------
Array:
from : oIJh1jm38ZvtCwR1_ivCIpdZ_-VU ;
to : gh_8792052896c2 ;
time : 1458981911 ;
type : event ;
event : CLICK ;
tousername : gh_8792052896c2 ;
fromusername : oIJh1jm38ZvtCwR1_ivCIpdZ_-VU ;
createtime : 1458981911 ;
msgtype : event ;
eventkey : 相册 ;

2016-03-26 16:44:54 params :
------------
Array:
rule : -2 ;
module :  ;
message : Array ;

2016-03-26 16:44:54 response :
------------

2016-03-26 16:44:58 trace :
------------
Array:
from : oIJh1jm38ZvtCwR1_ivCIpdZ_-VU ;
to : gh_8792052896c2 ;
time : 1458981915 ;
type : event ;
event : CLICK ;
tousername : gh_8792052896c2 ;
fromusername : oIJh1jm38ZvtCwR1_ivCIpdZ_-VU ;
createtime : 1458981915 ;
msgtype : event ;
eventkey : 攻略 ;

2016-03-26 16:44:58 params :
------------
Array:
rule : -2 ;
module :  ;
message : Array ;

2016-03-26 16:44:58 response :
------------

2016-03-26 17:31:06 trace :
------------
Array:
from : oIJh1jm38ZvtCwR1_ivCIpdZ_-VU ;
to : gh_8792052896c2 ;
time : 1458984683 ;
type : event ;
event : CLICK ;
tousername : gh_8792052896c2 ;
fromusername : oIJh1jm38ZvtCwR1_ivCIpdZ_-VU ;
createtime : 1458984683 ;
msgtype : event ;
eventkey : 首页 ;

2016-03-26 17:31:06 params :
------------
Array:
rule : -2 ;
module :  ;
message : Array ;

2016-03-26 17:31:06 response :
------------

2016-03-26 18:36:41 trace :
------------
Array:
from : oWqRdwRDvNjfmLA5hLjkJZMyTCfk ;
to : gh_4be38e8ae9cd ;
time : 1458988618 ;
type : event ;
event : VIEW ;
tousername : gh_4be38e8ae9cd ;
fromusername : oWqRdwRDvNjfmLA5hLjkJZMyTCfk ;
createtime : 1458988618 ;
msgtype : event ;
eventkey : http://we7.cc/app/index.php?i=15&c=entry&eid=101 ;
menuid : 636085160 ;

2016-03-26 18:36:41 params :
------------
Array:
rule : -2 ;
module :  ;
message : Array ;

2016-03-26 18:36:41 response :
------------

