2016-02-28 14:33:37 trace :
------------
Array:
from : o7SFQs4ceBrp7dXkVNTI0_F6PeJw ;
to : gh_f8ef5613cc37 ;
time : 1456641287 ;
type : image ;
event :  ;
tousername : gh_f8ef5613cc37 ;
fromusername : o7SFQs4ceBrp7dXkVNTI0_F6PeJw ;
createtime : 1456641287 ;
msgtype : image ;
picurl : http://mmbiz.qpic.cn/mmbiz/hvtKeEu4Tc2P7wKy1Vw4vyMmibZG1iaib5NKwaBsRTVnhcvhiaH1dTAaINJ9teN9D35ysMIGuNdibhMpQwqEM7ncgdw/0 ;
msgid : 6256226690078452266 ;
mediaid : 1FiOl4pOGrHUzeZco5Q_jxh2CTREsLfuQ8tvWYNbjb5Ml6nkZQoa4DA6uRsfw-bB ;
url : http://mmbiz.qpic.cn/mmbiz/hvtKeEu4Tc2P7wKy1Vw4vyMmibZG1iaib5NKwaBsRTVnhcvhiaH1dTAaINJ9teN9D35ysMIGuNdibhMpQwqEM7ncgdw/0 ;

2016-02-28 14:33:37 params :
------------
Array:
rule : -2 ;
module :  ;
message : Array ;

2016-02-28 14:33:37 response :
------------

2016-02-28 14:33:37 trace :
------------
Array:
from : o7SFQs4ceBrp7dXkVNTI0_F6PeJw ;
to : gh_f8ef5613cc37 ;
time : 1456641288 ;
type : image ;
event :  ;
tousername : gh_f8ef5613cc37 ;
fromusername : o7SFQs4ceBrp7dXkVNTI0_F6PeJw ;
createtime : 1456641288 ;
msgtype : image ;
picurl : http://mmbiz.qpic.cn/mmbiz/hvtKeEu4Tc2P7wKy1Vw4vyMmibZG1iaib5NCQ6PHhOfOR1rMsz8FoE2JJr3rvUyUZPwMY489lvEdHAdrC6Po5NoicQ/0 ;
msgid : 6256226694373419563 ;
mediaid : n6192a24n0AKXZTdoOyT6aG7ITJ5y6J7zmhmvP9_jF6fkepvyNOmpFDiC_4BODqq ;
url : http://mmbiz.qpic.cn/mmbiz/hvtKeEu4Tc2P7wKy1Vw4vyMmibZG1iaib5NCQ6PHhOfOR1rMsz8FoE2JJr3rvUyUZPwMY489lvEdHAdrC6Po5NoicQ/0 ;

2016-02-28 14:33:37 params :
------------
Array:
rule : -2 ;
module :  ;
message : Array ;

2016-02-28 14:33:37 response :
------------

2016-02-28 14:33:38 trace :
------------
Array:
from : o7SFQs4ceBrp7dXkVNTI0_F6PeJw ;
to : gh_f8ef5613cc37 ;
time : 1456641289 ;
type : image ;
event :  ;
tousername : gh_f8ef5613cc37 ;
fromusername : o7SFQs4ceBrp7dXkVNTI0_F6PeJw ;
createtime : 1456641289 ;
msgtype : image ;
picurl : http://mmbiz.qpic.cn/mmbiz/hvtKeEu4Tc2P7wKy1Vw4vyMmibZG1iaib5N3jT9puPQMic35l9STzb2rC4SSibAbxnqalan4UPLpkYU9pWMUe1s73cg/0 ;
msgid : 6256226698668386860 ;
mediaid : 4xB_ysX3pM9ITJdaRkYJHiR_G-283slUDJmbQO6PiEnv92qIsT4V0xbyDcr9Hdma ;
url : http://mmbiz.qpic.cn/mmbiz/hvtKeEu4Tc2P7wKy1Vw4vyMmibZG1iaib5N3jT9puPQMic35l9STzb2rC4SSibAbxnqalan4UPLpkYU9pWMUe1s73cg/0 ;

2016-02-28 14:33:38 params :
------------
Array:
rule : -2 ;
module :  ;
message : Array ;

2016-02-28 14:33:38 response :
------------

2016-02-28 14:33:38 trace :
------------
Array:
from : o7SFQs4ceBrp7dXkVNTI0_F6PeJw ;
to : gh_f8ef5613cc37 ;
time : 1456641289 ;
type : image ;
event :  ;
tousername : gh_f8ef5613cc37 ;
fromusername : o7SFQs4ceBrp7dXkVNTI0_F6PeJw ;
createtime : 1456641289 ;
msgtype : image ;
picurl : http://mmbiz.qpic.cn/mmbiz/hvtKeEu4Tc2P7wKy1Vw4vyMmibZG1iaib5NNQVWJBQA2z1Cb2ibkS4JEoIbwTZFScicZ5HNvoDTvQTaEYibamWvDPzibQ/0 ;
msgid : 6256226698668386861 ;
mediaid : YZSwtyXRD-_060xMwe-0S1T8muoxByfU82qE4PkTWZaonHerfBk9J8yBzwhv3o6F ;
url : http://mmbiz.qpic.cn/mmbiz/hvtKeEu4Tc2P7wKy1Vw4vyMmibZG1iaib5NNQVWJBQA2z1Cb2ibkS4JEoIbwTZFScicZ5HNvoDTvQTaEYibamWvDPzibQ/0 ;

2016-02-28 14:33:38 params :
------------
Array:
rule : -2 ;
module :  ;
message : Array ;

2016-02-28 14:33:38 response :
------------

2016-02-28 14:35:17 trace :
------------
Array:
from : o7SFQs4ceBrp7dXkVNTI0_F6PeJw ;
to : gh_f8ef5613cc37 ;
time : 1456641389 ;
type : text ;
event :  ;
tousername : gh_f8ef5613cc37 ;
fromusername : o7SFQs4ceBrp7dXkVNTI0_F6PeJw ;
createtime : 1456641389 ;
msgtype : text ;
content : 精美     广告  形象  抱枕 ;
msgid : 6256227128165116529 ;
redirection :  ;
source :  ;

2016-02-28 14:35:17 params :
------------
Array:
rule : -2 ;
module :  ;
message : Array ;

2016-02-28 14:35:17 response :
------------

2016-02-28 15:24:36 trace :
------------
Array:
from : oywoswOoyrhpDCN37YBcOy1sxvVs ;
to : gh_594b4a77030d ;
time : 1456644347 ;
type : event ;
event : subscribe ;
tousername : gh_594b4a77030d ;
fromusername : oywoswOoyrhpDCN37YBcOy1sxvVs ;
createtime : 1456644347 ;
msgtype : event ;
eventkey :  ;

2016-02-28 15:24:36 params :
------------
Array:
rule : -2 ;
module :  ;
message : Array ;

2016-02-28 15:24:36 response :
------------

2016-02-28 15:24:38 trace :
------------
Array:
from : oywoswOoyrhpDCN37YBcOy1sxvVs ;
to : gh_594b4a77030d ;
time : 1456644350 ;
type : trace ;
event : LOCATION ;
tousername : gh_594b4a77030d ;
fromusername : oywoswOoyrhpDCN37YBcOy1sxvVs ;
createtime : 1456644350 ;
msgtype : event ;
latitude : 23.239603 ;
longitude : 116.470474 ;
precision : 150.000000 ;
location_x : 23.239603 ;
location_y : 116.470474 ;

2016-02-28 15:24:38 params :
------------
Array:
message : Array ;
module : default ;
rule : -1 ;

2016-02-28 15:24:38 response :
------------
Array:
errno : -1 ;
message : Invaild value ;

2016-02-28 15:24:44 trace :
------------
Array:
from : oywoswOoyrhpDCN37YBcOy1sxvVs ;
to : gh_594b4a77030d ;
time : 1456644356 ;
type : trace ;
event : LOCATION ;
tousername : gh_594b4a77030d ;
fromusername : oywoswOoyrhpDCN37YBcOy1sxvVs ;
createtime : 1456644356 ;
msgtype : event ;
latitude : 23.239603 ;
longitude : 116.470474 ;
precision : 150.000000 ;
location_x : 23.239603 ;
location_y : 116.470474 ;

2016-02-28 15:24:44 params :
------------
Array:
message : Array ;
module : default ;
rule : -1 ;

2016-02-28 15:24:44 response :
------------
Array:
errno : -1 ;
message : Invaild value ;

2016-02-28 15:24:46 trace :
------------
Array:
from : oywoswOoyrhpDCN37YBcOy1sxvVs ;
to : gh_594b4a77030d ;
time : 1456644358 ;
type : event ;
event : VIEW ;
tousername : gh_594b4a77030d ;
fromusername : oywoswOoyrhpDCN37YBcOy1sxvVs ;
createtime : 1456644358 ;
msgtype : event ;
eventkey : http://mp.weixin.qq.com/s?__biz=MzIyNDExMTgxOQ==&mid=401376031&idx=1&sn=412f72caedb38ddee6d15c9685dd0d47&scene=0#wechat_redirect ;
menuid : 401824823 ;

2016-02-28 15:24:46 params :
------------
Array:
rule : -2 ;
module :  ;
message : Array ;

2016-02-28 15:24:46 response :
------------

2016-02-28 15:24:53 trace :
------------
Array:
from : oywoswOoyrhpDCN37YBcOy1sxvVs ;
to : gh_594b4a77030d ;
time : 1456644364 ;
type : trace ;
event : LOCATION ;
tousername : gh_594b4a77030d ;
fromusername : oywoswOoyrhpDCN37YBcOy1sxvVs ;
createtime : 1456644364 ;
msgtype : event ;
latitude : 23.239603 ;
longitude : 116.470474 ;
precision : 150.000000 ;
location_x : 23.239603 ;
location_y : 116.470474 ;

2016-02-28 15:24:53 params :
------------
Array:
message : Array ;
module : default ;
rule : -1 ;

2016-02-28 15:24:53 response :
------------
Array:
errno : -1 ;
message : Invaild value ;

2016-02-28 21:34:04 trace :
------------
Array:
from : fromUser ;
to : toUser ;
time : 1456666502 ;
type : text ;
event :  ;
tousername : toUser ;
fromusername : fromUser ;
createtime : 1456666502 ;
msgtype : text ;
content : 测试内容 ;
msgid : 1234567890123456 ;
redirection :  ;
source :  ;

2016-02-28 21:34:05 params :
------------
Array:
rule : -2 ;
module :  ;
message : Array ;

2016-02-28 21:34:05 response :
------------

