2017-07-02 11:47:33 trace :
------------
Array:
from : oKmKPxJHyElf_UXyQsHhwTKGelLA ;
to : gh_e86b5de80d72 ;
time : 1498967252 ;
type : event ;
event : VIEW ;
tousername : gh_e86b5de80d72 ;
fromusername : oKmKPxJHyElf_UXyQsHhwTKGelLA ;
createtime : 1498967252 ;
msgtype : event ;
eventkey : http://www.richmei.com/app/index.php?i=65&c=entry&eid=838 ;
menuid : 601386062 ;

2017-07-02 11:47:33 params :
------------
Array:
message : Array ;
module : basic ;
rule : 171 ;
priority : 0 ;
keyword : Array ;

2017-07-02 11:47:33 response :
------------
Array:
FromUserName : gh_e86b5de80d72 ;
ToUserName : oKmKPxJHyElf_UXyQsHhwTKGelLA ;
MsgType : text ;
Content : 欢迎关注丰媒！/:rose/:rose

丰媒已经开通的深圳配送区： 
民治南景新村，民治樟坑一区，民治沙吓社区（14:00前下单，当天配送到社区合作点门口）

产地源头鲜果直摘配送，丰媒让您足不出户就能享受到全国各地丰富有营养的、特色的时令水果 ;

2017-07-02 21:15:54 trace :
------------
Array:
from : oKmKPxJHyElf_UXyQsHhwTKGelLA ;
to : gh_e86b5de80d72 ;
time : 1499001348 ;
type : event ;
event : VIEW ;
tousername : gh_e86b5de80d72 ;
fromusername : oKmKPxJHyElf_UXyQsHhwTKGelLA ;
createtime : 1499001348 ;
msgtype : event ;
eventkey : http://www.richmei.com/app/index.php?i=65&c=entry&eid=851 ;
menuid : 601386062 ;

2017-07-02 21:15:54 params :
------------
Array:
message : Array ;
module : basic ;
rule : 171 ;
priority : 0 ;
keyword : Array ;

2017-07-02 21:15:54 response :
------------
Array:
FromUserName : gh_e86b5de80d72 ;
ToUserName : oKmKPxJHyElf_UXyQsHhwTKGelLA ;
MsgType : text ;
Content : 欢迎关注丰媒！/:rose/:rose

丰媒已经开通的深圳配送区： 
民治南景新村，民治樟坑一区，民治沙吓社区（14:00前下单，当天配送到社区合作点门口）

产地源头鲜果直摘配送，丰媒让您足不出户就能享受到全国各地丰富有营养的、特色的时令水果 ;

