2017-01-25 18:07:35 trace :
------------
Array:
from : oRPPWviNuQtRwi4XXbCAXh5k3RJc ;
to : gh_b1f7fee0dba6 ;
time : 1485338858 ;
type : event ;
event : VIEW ;
tousername : gh_b1f7fee0dba6 ;
fromusername : oRPPWviNuQtRwi4XXbCAXh5k3RJc ;
createtime : 1485338858 ;
msgtype : event ;
eventkey : http://a233.sdsfshop.com/app/index.php?i=65&c=entry&eid=851 ;
menuid : 434402732 ;

2017-01-25 18:07:35 params :
------------
Array:
message : Array ;
module : basic ;
rule : 171 ;
priority : 0 ;
keyword : Array ;

2017-01-25 18:07:35 response :
------------
Array:
FromUserName : gh_b1f7fee0dba6 ;
ToUserName : oRPPWviNuQtRwi4XXbCAXh5k3RJc ;
MsgType : text ;
Content : 欢迎关注 保芝蓝 门店！ ;

2017-01-25 18:07:42 trace :
------------
Array:
from : oRPPWviNuQtRwi4XXbCAXh5k3RJc ;
to : gh_b1f7fee0dba6 ;
time : 1485338865 ;
type : event ;
event : VIEW ;
tousername : gh_b1f7fee0dba6 ;
fromusername : oRPPWviNuQtRwi4XXbCAXh5k3RJc ;
createtime : 1485338865 ;
msgtype : event ;
eventkey : http://a233.sdsfshop.com/app/index.php?i=65&c=entry&eid=851 ;
menuid : 434402732 ;

2017-01-25 18:07:42 params :
------------
Array:
message : Array ;
module : basic ;
rule : 171 ;
priority : 0 ;
keyword : Array ;

2017-01-25 18:07:42 response :
------------
Array:
FromUserName : gh_b1f7fee0dba6 ;
ToUserName : oRPPWviNuQtRwi4XXbCAXh5k3RJc ;
MsgType : text ;
Content : 欢迎关注 保芝蓝 门店！ ;

