2017-02-16 09:14:02 trace :
------------
Array:
from : oRPPWvt2s8L5P1UvZRTcyZOd8pVU ;
to : gh_b1f7fee0dba6 ;
time : 1487207641 ;
type : event ;
event : VIEW ;
tousername : gh_b1f7fee0dba6 ;
fromusername : oRPPWvt2s8L5P1UvZRTcyZOd8pVU ;
createtime : 1487207641 ;
msgtype : event ;
eventkey : http://a233.sdsfshop.com/app/index.php?i=65&c=entry&eid=851 ;
menuid : 434402732 ;

2017-02-16 09:14:02 params :
------------
Array:
message : Array ;
module : basic ;
rule : 171 ;
priority : 0 ;
keyword : Array ;

2017-02-16 09:14:02 response :
------------
Array:
FromUserName : gh_b1f7fee0dba6 ;
ToUserName : oRPPWvt2s8L5P1UvZRTcyZOd8pVU ;
MsgType : text ;
Content : 欢迎关注 保芝蓝 门店！ ;

2017-02-16 18:01:30 trace :
------------
Array:
from : oRPPWvvcyLRlPFdOJZIrjg8CA9hg ;
to : gh_b1f7fee0dba6 ;
time : 1487239289 ;
type : event ;
event : VIEW ;
tousername : gh_b1f7fee0dba6 ;
fromusername : oRPPWvvcyLRlPFdOJZIrjg8CA9hg ;
createtime : 1487239289 ;
msgtype : event ;
eventkey : http://a233.sdsfshop.com/app/index.php?i=65&c=entry&eid=851 ;
menuid : 434402732 ;

2017-02-16 18:01:30 params :
------------
Array:
message : Array ;
module : basic ;
rule : 171 ;
priority : 0 ;
keyword : Array ;

2017-02-16 18:01:30 response :
------------
Array:
FromUserName : gh_b1f7fee0dba6 ;
ToUserName : oRPPWvvcyLRlPFdOJZIrjg8CA9hg ;
MsgType : text ;
Content : 欢迎关注 保芝蓝 门店！ ;

