2017-07-14 01:28:28 trace :
------------
Array:
from : oKmKPxKBnGN-iFbQdoJbzAjbZ4Fc ;
to : gh_e86b5de80d72 ;
time : 1499966907 ;
type : event ;
event : VIEW ;
tousername : gh_e86b5de80d72 ;
fromusername : oKmKPxKBnGN-iFbQdoJbzAjbZ4Fc ;
createtime : 1499966907 ;
msgtype : event ;
eventkey : http://www.richmei.com/app/index.php?i=65&c=entry&eid=838 ;
menuid : 601494847 ;

2017-07-14 01:28:28 params :
------------
Array:
message : Array ;
module : basic ;
rule : 171 ;
priority : 0 ;
keyword : Array ;

2017-07-14 01:28:28 response :
------------
Array:
FromUserName : gh_e86b5de80d72 ;
ToUserName : oKmKPxKBnGN-iFbQdoJbzAjbZ4Fc ;
MsgType : text ;
Content : 欢迎关注丰媒！/:rose/:rose

丰媒已经开通的深圳配送区： 
民治南景新村，民治樟坑一区，民治沙吓社区（14:00前下单，当天配送到社区合作点门口）

产地源头鲜果直摘配送，丰媒让您足不出户就能享受到全国各地丰富有营养的、特色的时令水果 ;

2017-07-14 01:28:42 trace :
------------
Array:
from : oKmKPxKBnGN-iFbQdoJbzAjbZ4Fc ;
to : gh_e86b5de80d72 ;
time : 1499966919 ;
type : event ;
event : VIEW ;
tousername : gh_e86b5de80d72 ;
fromusername : oKmKPxKBnGN-iFbQdoJbzAjbZ4Fc ;
createtime : 1499966919 ;
msgtype : event ;
eventkey : http://www.richmei.com/app/index.php?i=65&c=entry&eid=838 ;
menuid : 601494847 ;

2017-07-14 01:28:42 params :
------------
Array:
message : Array ;
module : basic ;
rule : 171 ;
priority : 0 ;
keyword : Array ;

2017-07-14 01:28:42 response :
------------
Array:
FromUserName : gh_e86b5de80d72 ;
ToUserName : oKmKPxKBnGN-iFbQdoJbzAjbZ4Fc ;
MsgType : text ;
Content : 欢迎关注丰媒！/:rose/:rose

丰媒已经开通的深圳配送区： 
民治南景新村，民治樟坑一区，民治沙吓社区（14:00前下单，当天配送到社区合作点门口）

产地源头鲜果直摘配送，丰媒让您足不出户就能享受到全国各地丰富有营养的、特色的时令水果 ;

2017-07-14 01:28:45 trace :
------------
Array:
from : oKmKPxKBnGN-iFbQdoJbzAjbZ4Fc ;
to : gh_e86b5de80d72 ;
time : 1499966922 ;
type : event ;
event : VIEW ;
tousername : gh_e86b5de80d72 ;
fromusername : oKmKPxKBnGN-iFbQdoJbzAjbZ4Fc ;
createtime : 1499966922 ;
msgtype : event ;
eventkey : http://www.richmei.com/app/index.php?i=65&c=home&a=page&id=7 ;
menuid : 601494847 ;

2017-07-14 01:28:45 params :
------------
Array:
message : Array ;
module : basic ;
rule : 171 ;
priority : 0 ;
keyword : Array ;

2017-07-14 01:28:45 response :
------------
Array:
FromUserName : gh_e86b5de80d72 ;
ToUserName : oKmKPxKBnGN-iFbQdoJbzAjbZ4Fc ;
MsgType : text ;
Content : 欢迎关注丰媒！/:rose/:rose

丰媒已经开通的深圳配送区： 
民治南景新村，民治樟坑一区，民治沙吓社区（14:00前下单，当天配送到社区合作点门口）

产地源头鲜果直摘配送，丰媒让您足不出户就能享受到全国各地丰富有营养的、特色的时令水果 ;

2017-07-14 01:28:45 trace :
------------
Array:
from : oKmKPxKBnGN-iFbQdoJbzAjbZ4Fc ;
to : gh_e86b5de80d72 ;
time : 1499966925 ;
type : event ;
event : CLICK ;
tousername : gh_e86b5de80d72 ;
fromusername : oKmKPxKBnGN-iFbQdoJbzAjbZ4Fc ;
createtime : 1499966925 ;
msgtype : event ;
eventkey : 民治配送 ;

2017-07-14 01:28:45 params :
------------
Array:
message : Array ;
module : news ;
rule : 173 ;
priority : 0 ;
keyword : Array ;

2017-07-14 01:28:45 response :
------------
Array:
FromUserName : gh_e86b5de80d72 ;
ToUserName : oKmKPxKBnGN-iFbQdoJbzAjbZ4Fc ;
MsgType : news ;
ArticleCount : 1 ;
Articles : Array ;

2017-07-14 01:28:49 trace :
------------
Array:
from : oKmKPxKBnGN-iFbQdoJbzAjbZ4Fc ;
to : gh_e86b5de80d72 ;
time : 1499966928 ;
type : event ;
event : VIEW ;
tousername : gh_e86b5de80d72 ;
fromusername : oKmKPxKBnGN-iFbQdoJbzAjbZ4Fc ;
createtime : 1499966928 ;
msgtype : event ;
eventkey : http://www.richmei.com/app/index.php?i=65&c=home&a=page&id=8 ;
menuid : 601494847 ;

2017-07-14 01:28:49 params :
------------
Array:
message : Array ;
module : basic ;
rule : 171 ;
priority : 0 ;
keyword : Array ;

2017-07-14 01:28:49 response :
------------
Array:
FromUserName : gh_e86b5de80d72 ;
ToUserName : oKmKPxKBnGN-iFbQdoJbzAjbZ4Fc ;
MsgType : text ;
Content : 欢迎关注丰媒！/:rose/:rose

丰媒已经开通的深圳配送区： 
民治南景新村，民治樟坑一区，民治沙吓社区（14:00前下单，当天配送到社区合作点门口）

产地源头鲜果直摘配送，丰媒让您足不出户就能享受到全国各地丰富有营养的、特色的时令水果 ;

2017-07-14 07:09:34 trace :
------------
Array:
from : oKmKPxJHyElf_UXyQsHhwTKGelLA ;
to : gh_e86b5de80d72 ;
time : 1499987374 ;
type : trace ;
event : LOCATION ;
tousername : gh_e86b5de80d72 ;
fromusername : oKmKPxJHyElf_UXyQsHhwTKGelLA ;
createtime : 1499987374 ;
msgtype : event ;
latitude : 22.701595 ;
longitude : 113.994461 ;
precision : 40.000000 ;
location_x : 22.701595 ;
location_y : 113.994461 ;

2017-07-14 07:09:34 params :
------------
Array:
message : Array ;
module : default ;
rule : -1 ;

2017-07-14 07:09:34 response :
------------
Array:
errno : -1 ;
message : Invaild value ;

2017-07-14 07:09:37 trace :
------------
Array:
from : oKmKPxJHyElf_UXyQsHhwTKGelLA ;
to : gh_e86b5de80d72 ;
time : 1499987376 ;
type : event ;
event : VIEW ;
tousername : gh_e86b5de80d72 ;
fromusername : oKmKPxJHyElf_UXyQsHhwTKGelLA ;
createtime : 1499987376 ;
msgtype : event ;
eventkey : http://www.richmei.com/app/index.php?i=65&c=entry&eid=838 ;
menuid : 601494847 ;

2017-07-14 07:09:37 params :
------------
Array:
message : Array ;
module : basic ;
rule : 171 ;
priority : 0 ;
keyword : Array ;

2017-07-14 07:09:37 response :
------------
Array:
FromUserName : gh_e86b5de80d72 ;
ToUserName : oKmKPxJHyElf_UXyQsHhwTKGelLA ;
MsgType : text ;
Content : 欢迎关注丰媒！/:rose/:rose

丰媒已经开通的深圳配送区： 
民治南景新村，民治樟坑一区，民治沙吓社区（14:00前下单，当天配送到社区合作点门口）

产地源头鲜果直摘配送，丰媒让您足不出户就能享受到全国各地丰富有营养的、特色的时令水果 ;

2017-07-14 07:09:44 trace :
------------
Array:
from : oKmKPxJHyElf_UXyQsHhwTKGelLA ;
to : gh_e86b5de80d72 ;
time : 1499987383 ;
type : trace ;
event : LOCATION ;
tousername : gh_e86b5de80d72 ;
fromusername : oKmKPxJHyElf_UXyQsHhwTKGelLA ;
createtime : 1499987383 ;
msgtype : event ;
latitude : 22.701595 ;
longitude : 113.994461 ;
precision : 40.000000 ;
location_x : 22.701595 ;
location_y : 113.994461 ;

2017-07-14 07:09:44 params :
------------
Array:
message : Array ;
module : default ;
rule : -1 ;

2017-07-14 07:09:44 response :
------------
Array:
errno : -1 ;
message : Invaild value ;

2017-07-14 07:09:45 trace :
------------
Array:
from : oKmKPxJHyElf_UXyQsHhwTKGelLA ;
to : gh_e86b5de80d72 ;
time : 1499987384 ;
type : event ;
event : VIEW ;
tousername : gh_e86b5de80d72 ;
fromusername : oKmKPxJHyElf_UXyQsHhwTKGelLA ;
createtime : 1499987384 ;
msgtype : event ;
eventkey : http://www.richmei.com/app/index.php?i=65&c=entry&eid=851 ;
menuid : 601494847 ;

2017-07-14 07:09:45 params :
------------
Array:
message : Array ;
module : basic ;
rule : 171 ;
priority : 0 ;
keyword : Array ;

2017-07-14 07:09:45 response :
------------
Array:
FromUserName : gh_e86b5de80d72 ;
ToUserName : oKmKPxJHyElf_UXyQsHhwTKGelLA ;
MsgType : text ;
Content : 欢迎关注丰媒！/:rose/:rose

丰媒已经开通的深圳配送区： 
民治南景新村，民治樟坑一区，民治沙吓社区（14:00前下单，当天配送到社区合作点门口）

产地源头鲜果直摘配送，丰媒让您足不出户就能享受到全国各地丰富有营养的、特色的时令水果 ;

2017-07-14 07:09:48 trace :
------------
Array:
from : oKmKPxJHyElf_UXyQsHhwTKGelLA ;
to : gh_e86b5de80d72 ;
time : 1499987388 ;
type : trace ;
event : LOCATION ;
tousername : gh_e86b5de80d72 ;
fromusername : oKmKPxJHyElf_UXyQsHhwTKGelLA ;
createtime : 1499987388 ;
msgtype : event ;
latitude : 22.701620 ;
longitude : 113.994431 ;
precision : 40.000000 ;
location_x : 22.701620 ;
location_y : 113.994431 ;

2017-07-14 07:09:48 params :
------------
Array:
message : Array ;
module : default ;
rule : -1 ;

2017-07-14 07:09:48 response :
------------
Array:
errno : -1 ;
message : Invaild value ;

2017-07-14 07:09:49 trace :
------------
Array:
from : oKmKPxJHyElf_UXyQsHhwTKGelLA ;
to : gh_e86b5de80d72 ;
time : 1499987388 ;
type : event ;
event : VIEW ;
tousername : gh_e86b5de80d72 ;
fromusername : oKmKPxJHyElf_UXyQsHhwTKGelLA ;
createtime : 1499987388 ;
msgtype : event ;
eventkey : http://www.richmei.com/app/index.php?i=65&c=entry&eid=838 ;
menuid : 601494847 ;

2017-07-14 07:09:49 params :
------------
Array:
message : Array ;
module : basic ;
rule : 171 ;
priority : 0 ;
keyword : Array ;

2017-07-14 07:09:49 response :
------------
Array:
FromUserName : gh_e86b5de80d72 ;
ToUserName : oKmKPxJHyElf_UXyQsHhwTKGelLA ;
MsgType : text ;
Content : 欢迎关注丰媒！/:rose/:rose

丰媒已经开通的深圳配送区： 
民治南景新村，民治樟坑一区，民治沙吓社区（14:00前下单，当天配送到社区合作点门口）

产地源头鲜果直摘配送，丰媒让您足不出户就能享受到全国各地丰富有营养的、特色的时令水果 ;

2017-07-14 07:09:55 trace :
------------
Array:
from : oKmKPxJHyElf_UXyQsHhwTKGelLA ;
to : gh_e86b5de80d72 ;
time : 1499987394 ;
type : event ;
event : VIEW ;
tousername : gh_e86b5de80d72 ;
fromusername : oKmKPxJHyElf_UXyQsHhwTKGelLA ;
createtime : 1499987394 ;
msgtype : event ;
eventkey : http://www.richmei.com/app/index.php?i=65&c=home&a=page&id=7 ;
menuid : 601494847 ;

2017-07-14 07:09:55 params :
------------
Array:
message : Array ;
module : basic ;
rule : 171 ;
priority : 0 ;
keyword : Array ;

2017-07-14 07:09:55 response :
------------
Array:
FromUserName : gh_e86b5de80d72 ;
ToUserName : oKmKPxJHyElf_UXyQsHhwTKGelLA ;
MsgType : text ;
Content : 欢迎关注丰媒！/:rose/:rose

丰媒已经开通的深圳配送区： 
民治南景新村，民治樟坑一区，民治沙吓社区（14:00前下单，当天配送到社区合作点门口）

产地源头鲜果直摘配送，丰媒让您足不出户就能享受到全国各地丰富有营养的、特色的时令水果 ;

2017-07-14 07:09:59 trace :
------------
Array:
from : oKmKPxJHyElf_UXyQsHhwTKGelLA ;
to : gh_e86b5de80d72 ;
time : 1499987398 ;
type : trace ;
event : LOCATION ;
tousername : gh_e86b5de80d72 ;
fromusername : oKmKPxJHyElf_UXyQsHhwTKGelLA ;
createtime : 1499987398 ;
msgtype : event ;
latitude : 22.701649 ;
longitude : 113.994415 ;
precision : 40.000000 ;
location_x : 22.701649 ;
location_y : 113.994415 ;

2017-07-14 07:09:59 params :
------------
Array:
message : Array ;
module : default ;
rule : -1 ;

2017-07-14 07:09:59 response :
------------
Array:
errno : -1 ;
message : Invaild value ;

2017-07-14 07:10:00 trace :
------------
Array:
from : oKmKPxJHyElf_UXyQsHhwTKGelLA ;
to : gh_e86b5de80d72 ;
time : 1499987399 ;
type : event ;
event : CLICK ;
tousername : gh_e86b5de80d72 ;
fromusername : oKmKPxJHyElf_UXyQsHhwTKGelLA ;
createtime : 1499987399 ;
msgtype : event ;
eventkey : 民治配送 ;

2017-07-14 07:10:00 params :
------------
Array:
message : Array ;
module : news ;
rule : 173 ;
priority : 0 ;
keyword : Array ;

2017-07-14 07:10:00 response :
------------
Array:
FromUserName : gh_e86b5de80d72 ;
ToUserName : oKmKPxJHyElf_UXyQsHhwTKGelLA ;
MsgType : news ;
ArticleCount : 1 ;
Articles : Array ;

2017-07-14 07:10:50 trace :
------------
Array:
from : oKmKPxJHyElf_UXyQsHhwTKGelLA ;
to : gh_e86b5de80d72 ;
time : 1499987449 ;
type : event ;
event : VIEW ;
tousername : gh_e86b5de80d72 ;
fromusername : oKmKPxJHyElf_UXyQsHhwTKGelLA ;
createtime : 1499987449 ;
msgtype : event ;
eventkey : http://www.richmei.com/app/index.php?i=65&c=entry&eid=838 ;
menuid : 601494847 ;

2017-07-14 07:10:50 params :
------------
Array:
message : Array ;
module : basic ;
rule : 171 ;
priority : 0 ;
keyword : Array ;

2017-07-14 07:10:50 response :
------------
Array:
FromUserName : gh_e86b5de80d72 ;
ToUserName : oKmKPxJHyElf_UXyQsHhwTKGelLA ;
MsgType : text ;
Content : 欢迎关注丰媒！/:rose/:rose

丰媒已经开通的深圳配送区： 
民治南景新村，民治樟坑一区，民治沙吓社区（14:00前下单，当天配送到社区合作点门口）

产地源头鲜果直摘配送，丰媒让您足不出户就能享受到全国各地丰富有营养的、特色的时令水果 ;

2017-07-14 07:10:53 trace :
------------
Array:
from : oKmKPxJHyElf_UXyQsHhwTKGelLA ;
to : gh_e86b5de80d72 ;
time : 1499987452 ;
type : trace ;
event : LOCATION ;
tousername : gh_e86b5de80d72 ;
fromusername : oKmKPxJHyElf_UXyQsHhwTKGelLA ;
createtime : 1499987452 ;
msgtype : event ;
latitude : 22.701649 ;
longitude : 113.994415 ;
precision : 40.000000 ;
location_x : 22.701649 ;
location_y : 113.994415 ;

2017-07-14 07:10:53 params :
------------
Array:
message : Array ;
module : default ;
rule : -1 ;

2017-07-14 07:10:53 response :
------------
Array:
errno : -1 ;
message : Invaild value ;

2017-07-14 08:14:39 trace :
------------
Array:
from : oKmKPxOZqKVeJeyZ0e0SsH_hdUAU ;
to : gh_e86b5de80d72 ;
time : 1499991275 ;
type : trace ;
event : LOCATION ;
tousername : gh_e86b5de80d72 ;
fromusername : oKmKPxOZqKVeJeyZ0e0SsH_hdUAU ;
createtime : 1499991275 ;
msgtype : event ;
latitude : 30.692568 ;
longitude : 104.036201 ;
precision : 870.000000 ;
location_x : 30.692568 ;
location_y : 104.036201 ;

2017-07-14 08:14:39 params :
------------
Array:
message : Array ;
module : default ;
rule : -1 ;

2017-07-14 08:14:39 response :
------------
Array:
errno : -1 ;
message : Invaild value ;

2017-07-14 10:35:42 trace :
------------
Array:
from : oKmKPxKBnGN-iFbQdoJbzAjbZ4Fc ;
to : gh_e86b5de80d72 ;
time : 1499999739 ;
type : event ;
event : VIEW ;
tousername : gh_e86b5de80d72 ;
fromusername : oKmKPxKBnGN-iFbQdoJbzAjbZ4Fc ;
createtime : 1499999739 ;
msgtype : event ;
eventkey : http://www.richmei.com/app/index.php?i=65&c=entry&eid=851 ;
menuid : 601494847 ;

2017-07-14 10:35:42 params :
------------
Array:
message : Array ;
module : basic ;
rule : 171 ;
priority : 0 ;
keyword : Array ;

2017-07-14 10:35:42 response :
------------
Array:
FromUserName : gh_e86b5de80d72 ;
ToUserName : oKmKPxKBnGN-iFbQdoJbzAjbZ4Fc ;
MsgType : text ;
Content : 欢迎关注丰媒！/:rose/:rose

丰媒已经开通的深圳配送区： 
民治南景新村，民治樟坑一区，民治沙吓社区（14:00前下单，当天配送到社区合作点门口）

产地源头鲜果直摘配送，丰媒让您足不出户就能享受到全国各地丰富有营养的、特色的时令水果 ;

2017-07-14 10:35:44 trace :
------------
Array:
from : oKmKPxKBnGN-iFbQdoJbzAjbZ4Fc ;
to : gh_e86b5de80d72 ;
time : 1499999744 ;
type : event ;
event : VIEW ;
tousername : gh_e86b5de80d72 ;
fromusername : oKmKPxKBnGN-iFbQdoJbzAjbZ4Fc ;
createtime : 1499999744 ;
msgtype : event ;
eventkey : http://www.richmei.com/app/index.php?i=65&c=entry&eid=838 ;
menuid : 601494847 ;

2017-07-14 10:35:44 params :
------------
Array:
message : Array ;
module : basic ;
rule : 171 ;
priority : 0 ;
keyword : Array ;

2017-07-14 10:35:44 response :
------------
Array:
FromUserName : gh_e86b5de80d72 ;
ToUserName : oKmKPxKBnGN-iFbQdoJbzAjbZ4Fc ;
MsgType : text ;
Content : 欢迎关注丰媒！/:rose/:rose

丰媒已经开通的深圳配送区： 
民治南景新村，民治樟坑一区，民治沙吓社区（14:00前下单，当天配送到社区合作点门口）

产地源头鲜果直摘配送，丰媒让您足不出户就能享受到全国各地丰富有营养的、特色的时令水果 ;

2017-07-14 10:35:51 trace :
------------
Array:
from : oKmKPxKBnGN-iFbQdoJbzAjbZ4Fc ;
to : gh_e86b5de80d72 ;
time : 1499999750 ;
type : event ;
event : VIEW ;
tousername : gh_e86b5de80d72 ;
fromusername : oKmKPxKBnGN-iFbQdoJbzAjbZ4Fc ;
createtime : 1499999750 ;
msgtype : event ;
eventkey : http://www.richmei.com/app/index.php?i=65&c=home&a=page&id=7 ;
menuid : 601494847 ;

2017-07-14 10:35:51 params :
------------
Array:
message : Array ;
module : basic ;
rule : 171 ;
priority : 0 ;
keyword : Array ;

2017-07-14 10:35:51 response :
------------
Array:
FromUserName : gh_e86b5de80d72 ;
ToUserName : oKmKPxKBnGN-iFbQdoJbzAjbZ4Fc ;
MsgType : text ;
Content : 欢迎关注丰媒！/:rose/:rose

丰媒已经开通的深圳配送区： 
民治南景新村，民治樟坑一区，民治沙吓社区（14:00前下单，当天配送到社区合作点门口）

产地源头鲜果直摘配送，丰媒让您足不出户就能享受到全国各地丰富有营养的、特色的时令水果 ;

2017-07-14 10:35:54 trace :
------------
Array:
from : oKmKPxKBnGN-iFbQdoJbzAjbZ4Fc ;
to : gh_e86b5de80d72 ;
time : 1499999754 ;
type : event ;
event : VIEW ;
tousername : gh_e86b5de80d72 ;
fromusername : oKmKPxKBnGN-iFbQdoJbzAjbZ4Fc ;
createtime : 1499999754 ;
msgtype : event ;
eventkey : http://www.richmei.com/app/index.php?i=65&c=home&a=page&id=8 ;
menuid : 601494847 ;

2017-07-14 10:35:54 params :
------------
Array:
message : Array ;
module : basic ;
rule : 171 ;
priority : 0 ;
keyword : Array ;

2017-07-14 10:35:54 response :
------------
Array:
FromUserName : gh_e86b5de80d72 ;
ToUserName : oKmKPxKBnGN-iFbQdoJbzAjbZ4Fc ;
MsgType : text ;
Content : 欢迎关注丰媒！/:rose/:rose

丰媒已经开通的深圳配送区： 
民治南景新村，民治樟坑一区，民治沙吓社区（14:00前下单，当天配送到社区合作点门口）

产地源头鲜果直摘配送，丰媒让您足不出户就能享受到全国各地丰富有营养的、特色的时令水果 ;

2017-07-14 11:14:02 trace :
------------
Array:
from : oKmKPxKBnGN-iFbQdoJbzAjbZ4Fc ;
to : gh_e86b5de80d72 ;
time : 1500002041 ;
type : event ;
event : VIEW ;
tousername : gh_e86b5de80d72 ;
fromusername : oKmKPxKBnGN-iFbQdoJbzAjbZ4Fc ;
createtime : 1500002041 ;
msgtype : event ;
eventkey : http://www.richmei.com/app/index.php?i=65&c=entry&eid=851 ;
menuid : 601494847 ;

2017-07-14 11:14:02 params :
------------
Array:
message : Array ;
module : basic ;
rule : 171 ;
priority : 0 ;
keyword : Array ;

2017-07-14 11:14:02 response :
------------
Array:
FromUserName : gh_e86b5de80d72 ;
ToUserName : oKmKPxKBnGN-iFbQdoJbzAjbZ4Fc ;
MsgType : text ;
Content : 欢迎关注丰媒！/:rose/:rose

丰媒已经开通的深圳配送区： 
民治南景新村，民治樟坑一区，民治沙吓社区（14:00前下单，当天配送到社区合作点门口）

产地源头鲜果直摘配送，丰媒让您足不出户就能享受到全国各地丰富有营养的、特色的时令水果 ;

2017-07-14 11:14:06 trace :
------------
Array:
from : oKmKPxKBnGN-iFbQdoJbzAjbZ4Fc ;
to : gh_e86b5de80d72 ;
time : 1500002045 ;
type : event ;
event : VIEW ;
tousername : gh_e86b5de80d72 ;
fromusername : oKmKPxKBnGN-iFbQdoJbzAjbZ4Fc ;
createtime : 1500002045 ;
msgtype : event ;
eventkey : http://www.richmei.com/app/index.php?i=65&c=entry&eid=838 ;
menuid : 601494847 ;

2017-07-14 11:14:06 params :
------------
Array:
message : Array ;
module : basic ;
rule : 171 ;
priority : 0 ;
keyword : Array ;

2017-07-14 11:14:06 response :
------------
Array:
FromUserName : gh_e86b5de80d72 ;
ToUserName : oKmKPxKBnGN-iFbQdoJbzAjbZ4Fc ;
MsgType : text ;
Content : 欢迎关注丰媒！/:rose/:rose

丰媒已经开通的深圳配送区： 
民治南景新村，民治樟坑一区，民治沙吓社区（14:00前下单，当天配送到社区合作点门口）

产地源头鲜果直摘配送，丰媒让您足不出户就能享受到全国各地丰富有营养的、特色的时令水果 ;

2017-07-14 11:33:12 trace :
------------
Array:
from : oKmKPxKBnGN-iFbQdoJbzAjbZ4Fc ;
to : gh_e86b5de80d72 ;
time : 1500003191 ;
type : trace ;
event : LOCATION ;
tousername : gh_e86b5de80d72 ;
fromusername : oKmKPxKBnGN-iFbQdoJbzAjbZ4Fc ;
createtime : 1500003191 ;
msgtype : event ;
latitude : 22.604706 ;
longitude : 114.036850 ;
precision : 65.000000 ;
location_x : 22.604706 ;
location_y : 114.036850 ;

2017-07-14 11:33:12 params :
------------
Array:
message : Array ;
module : default ;
rule : -1 ;

2017-07-14 11:33:12 response :
------------
Array:
errno : -1 ;
message : Invaild value ;

2017-07-14 11:33:12 trace :
------------
Array:
from : oKmKPxKBnGN-iFbQdoJbzAjbZ4Fc ;
to : gh_e86b5de80d72 ;
time : 1500003191 ;
type : event ;
event : VIEW ;
tousername : gh_e86b5de80d72 ;
fromusername : oKmKPxKBnGN-iFbQdoJbzAjbZ4Fc ;
createtime : 1500003191 ;
msgtype : event ;
eventkey : http://www.richmei.com/app/index.php?i=65&c=entry&eid=851 ;
menuid : 601494847 ;

2017-07-14 11:33:12 params :
------------
Array:
message : Array ;
module : basic ;
rule : 171 ;
priority : 0 ;
keyword : Array ;

2017-07-14 11:33:12 response :
------------
Array:
FromUserName : gh_e86b5de80d72 ;
ToUserName : oKmKPxKBnGN-iFbQdoJbzAjbZ4Fc ;
MsgType : text ;
Content : 欢迎关注丰媒！/:rose/:rose

丰媒已经开通的深圳配送区： 
民治南景新村，民治樟坑一区，民治沙吓社区（14:00前下单，当天配送到社区合作点门口）

产地源头鲜果直摘配送，丰媒让您足不出户就能享受到全国各地丰富有营养的、特色的时令水果 ;

2017-07-14 11:33:19 trace :
------------
Array:
from : oKmKPxKBnGN-iFbQdoJbzAjbZ4Fc ;
to : gh_e86b5de80d72 ;
time : 1500003198 ;
type : event ;
event : VIEW ;
tousername : gh_e86b5de80d72 ;
fromusername : oKmKPxKBnGN-iFbQdoJbzAjbZ4Fc ;
createtime : 1500003198 ;
msgtype : event ;
eventkey : http://www.richmei.com/app/index.php?i=65&c=entry&eid=838 ;
menuid : 601494847 ;

2017-07-14 11:33:19 params :
------------
Array:
message : Array ;
module : basic ;
rule : 171 ;
priority : 0 ;
keyword : Array ;

2017-07-14 11:33:19 response :
------------
Array:
FromUserName : gh_e86b5de80d72 ;
ToUserName : oKmKPxKBnGN-iFbQdoJbzAjbZ4Fc ;
MsgType : text ;
Content : 欢迎关注丰媒！/:rose/:rose

丰媒已经开通的深圳配送区： 
民治南景新村，民治樟坑一区，民治沙吓社区（14:00前下单，当天配送到社区合作点门口）

产地源头鲜果直摘配送，丰媒让您足不出户就能享受到全国各地丰富有营养的、特色的时令水果 ;

2017-07-14 12:23:36 trace :
------------
Array:
from : oKmKPxKBnGN-iFbQdoJbzAjbZ4Fc ;
to : gh_e86b5de80d72 ;
time : 1500006215 ;
type : event ;
event : VIEW ;
tousername : gh_e86b5de80d72 ;
fromusername : oKmKPxKBnGN-iFbQdoJbzAjbZ4Fc ;
createtime : 1500006215 ;
msgtype : event ;
eventkey : http://www.richmei.com/app/index.php?i=65&c=entry&eid=851 ;
menuid : 601494847 ;

2017-07-14 12:23:36 params :
------------
Array:
message : Array ;
module : basic ;
rule : 171 ;
priority : 0 ;
keyword : Array ;

2017-07-14 12:23:36 response :
------------
Array:
FromUserName : gh_e86b5de80d72 ;
ToUserName : oKmKPxKBnGN-iFbQdoJbzAjbZ4Fc ;
MsgType : text ;
Content : 欢迎关注丰媒！/:rose/:rose

丰媒已经开通的深圳配送区： 
民治南景新村，民治樟坑一区，民治沙吓社区（14:00前下单，当天配送到社区合作点门口）

产地源头鲜果直摘配送，丰媒让您足不出户就能享受到全国各地丰富有营养的、特色的时令水果 ;

2017-07-14 12:39:37 trace :
------------
Array:
from : oKmKPxKBnGN-iFbQdoJbzAjbZ4Fc ;
to : gh_e86b5de80d72 ;
time : 1500007177 ;
type : event ;
event : VIEW ;
tousername : gh_e86b5de80d72 ;
fromusername : oKmKPxKBnGN-iFbQdoJbzAjbZ4Fc ;
createtime : 1500007177 ;
msgtype : event ;
eventkey : http://www.richmei.com/app/index.php?i=65&c=entry&eid=838 ;
menuid : 601494847 ;

2017-07-14 12:39:37 params :
------------
Array:
message : Array ;
module : basic ;
rule : 171 ;
priority : 0 ;
keyword : Array ;

2017-07-14 12:39:37 response :
------------
Array:
FromUserName : gh_e86b5de80d72 ;
ToUserName : oKmKPxKBnGN-iFbQdoJbzAjbZ4Fc ;
MsgType : text ;
Content : 欢迎关注丰媒！/:rose/:rose

丰媒已经开通的深圳配送区： 
民治南景新村，民治樟坑一区，民治沙吓社区（14:00前下单，当天配送到社区合作点门口）

产地源头鲜果直摘配送，丰媒让您足不出户就能享受到全国各地丰富有营养的、特色的时令水果 ;

2017-07-14 14:20:43 trace :
------------
Array:
from : oKmKPxNofisF4OG8CRSN0nJ5x4Y8 ;
to : gh_e86b5de80d72 ;
time : 1500013242 ;
type : event ;
event : VIEW ;
tousername : gh_e86b5de80d72 ;
fromusername : oKmKPxNofisF4OG8CRSN0nJ5x4Y8 ;
createtime : 1500013242 ;
msgtype : event ;
eventkey : http://www.richmei.com/app/index.php?i=65&c=entry&eid=851 ;
menuid : 601494847 ;

2017-07-14 14:20:43 params :
------------
Array:
message : Array ;
module : basic ;
rule : 171 ;
priority : 0 ;
keyword : Array ;

2017-07-14 14:20:43 response :
------------
Array:
FromUserName : gh_e86b5de80d72 ;
ToUserName : oKmKPxNofisF4OG8CRSN0nJ5x4Y8 ;
MsgType : text ;
Content : 欢迎关注丰媒！/:rose/:rose

丰媒已经开通的深圳配送区： 
民治南景新村，民治樟坑一区，民治沙吓社区（14:00前下单，当天配送到社区合作点门口）

产地源头鲜果直摘配送，丰媒让您足不出户就能享受到全国各地丰富有营养的、特色的时令水果 ;

2017-07-14 14:20:44 trace :
------------
Array:
from : oKmKPxNofisF4OG8CRSN0nJ5x4Y8 ;
to : gh_e86b5de80d72 ;
time : 1500013241 ;
type : trace ;
event : LOCATION ;
tousername : gh_e86b5de80d72 ;
fromusername : oKmKPxNofisF4OG8CRSN0nJ5x4Y8 ;
createtime : 1500013241 ;
msgtype : event ;
latitude : 22.635916 ;
longitude : 114.048523 ;
precision : 15.000000 ;
location_x : 22.635916 ;
location_y : 114.048523 ;

2017-07-14 14:20:44 params :
------------
Array:
message : Array ;
module : default ;
rule : -1 ;

2017-07-14 14:20:44 response :
------------
Array:
errno : -1 ;
message : Invaild value ;

2017-07-14 14:22:26 trace :
------------
Array:
from : oKmKPxNofisF4OG8CRSN0nJ5x4Y8 ;
to : gh_e86b5de80d72 ;
time : 1500013346 ;
type : trace ;
event : LOCATION ;
tousername : gh_e86b5de80d72 ;
fromusername : oKmKPxNofisF4OG8CRSN0nJ5x4Y8 ;
createtime : 1500013346 ;
msgtype : event ;
latitude : 22.635916 ;
longitude : 114.048523 ;
precision : 15.000000 ;
location_x : 22.635916 ;
location_y : 114.048523 ;

2017-07-14 14:22:26 params :
------------
Array:
message : Array ;
module : default ;
rule : -1 ;

2017-07-14 14:22:26 response :
------------
Array:
errno : -1 ;
message : Invaild value ;

2017-07-14 14:23:20 trace :
------------
Array:
from : oKmKPxKXmDpfsNgwZyYTZlGV8xrU ;
to : gh_e86b5de80d72 ;
time : 1500013400 ;
type : event ;
event : subscribe ;
tousername : gh_e86b5de80d72 ;
fromusername : oKmKPxKXmDpfsNgwZyYTZlGV8xrU ;
createtime : 1500013400 ;
msgtype : event ;
eventkey :  ;

2017-07-14 14:23:20 params :
------------
Array:
message : Array ;
module : basic ;
rule : 171 ;
priority : 0 ;
keyword : Array ;

2017-07-14 14:23:20 response :
------------
Array:
FromUserName : gh_e86b5de80d72 ;
ToUserName : oKmKPxKXmDpfsNgwZyYTZlGV8xrU ;
MsgType : text ;
Content : 欢迎关注丰媒！/:rose/:rose

丰媒已经开通的深圳配送区： 
民治南景新村，民治樟坑一区，民治沙吓社区（14:00前下单，当天配送到社区合作点门口）

产地源头鲜果直摘配送，丰媒让您足不出户就能享受到全国各地丰富有营养的、特色的时令水果 ;

2017-07-14 14:23:24 trace :
------------
Array:
from : oKmKPxKXmDpfsNgwZyYTZlGV8xrU ;
to : gh_e86b5de80d72 ;
time : 1500013403 ;
type : trace ;
event : LOCATION ;
tousername : gh_e86b5de80d72 ;
fromusername : oKmKPxKXmDpfsNgwZyYTZlGV8xrU ;
createtime : 1500013403 ;
msgtype : event ;
latitude : 22.635813 ;
longitude : 114.048302 ;
precision : 65.000000 ;
location_x : 22.635813 ;
location_y : 114.048302 ;

2017-07-14 14:23:24 params :
------------
Array:
message : Array ;
module : default ;
rule : -1 ;

2017-07-14 14:23:24 response :
------------
Array:
errno : -1 ;
message : Invaild value ;

2017-07-14 14:23:38 trace :
------------
Array:
from : oKmKPxKXmDpfsNgwZyYTZlGV8xrU ;
to : gh_e86b5de80d72 ;
time : 1500013418 ;
type : event ;
event : VIEW ;
tousername : gh_e86b5de80d72 ;
fromusername : oKmKPxKXmDpfsNgwZyYTZlGV8xrU ;
createtime : 1500013418 ;
msgtype : event ;
eventkey : http://www.richmei.com/app/index.php?i=65&c=entry&eid=851 ;
menuid : 601494847 ;

2017-07-14 14:23:38 params :
------------
Array:
message : Array ;
module : basic ;
rule : 171 ;
priority : 0 ;
keyword : Array ;

2017-07-14 14:23:38 response :
------------
Array:
FromUserName : gh_e86b5de80d72 ;
ToUserName : oKmKPxKXmDpfsNgwZyYTZlGV8xrU ;
MsgType : text ;
Content : 欢迎关注丰媒！/:rose/:rose

丰媒已经开通的深圳配送区： 
民治南景新村，民治樟坑一区，民治沙吓社区（14:00前下单，当天配送到社区合作点门口）

产地源头鲜果直摘配送，丰媒让您足不出户就能享受到全国各地丰富有营养的、特色的时令水果 ;

2017-07-14 14:23:58 trace :
------------
Array:
from : oKmKPxKBnGN-iFbQdoJbzAjbZ4Fc ;
to : gh_e86b5de80d72 ;
time : 1500013437 ;
type : event ;
event : TEMPLATESENDJOBFINISH ;
tousername : gh_e86b5de80d72 ;
fromusername : oKmKPxKBnGN-iFbQdoJbzAjbZ4Fc ;
createtime : 1500013437 ;
msgtype : event ;
msgid : 601719560 ;
status : success ;

2017-07-14 14:23:58 params :
------------
Array:
message : Array ;
module : basic ;
rule : 171 ;
priority : 0 ;
keyword : Array ;

2017-07-14 14:23:58 response :
------------
Array:
FromUserName : gh_e86b5de80d72 ;
ToUserName : oKmKPxKBnGN-iFbQdoJbzAjbZ4Fc ;
MsgType : text ;
Content : 欢迎关注丰媒！/:rose/:rose

丰媒已经开通的深圳配送区： 
民治南景新村，民治樟坑一区，民治沙吓社区（14:00前下单，当天配送到社区合作点门口）

产地源头鲜果直摘配送，丰媒让您足不出户就能享受到全国各地丰富有营养的、特色的时令水果 ;

2017-07-14 14:24:00 trace :
------------
Array:
from : oKmKPxNofisF4OG8CRSN0nJ5x4Y8 ;
to : gh_e86b5de80d72 ;
time : 1500013439 ;
type : trace ;
event : LOCATION ;
tousername : gh_e86b5de80d72 ;
fromusername : oKmKPxNofisF4OG8CRSN0nJ5x4Y8 ;
createtime : 1500013439 ;
msgtype : event ;
latitude : 22.635916 ;
longitude : 114.048523 ;
precision : 15.000000 ;
location_x : 22.635916 ;
location_y : 114.048523 ;

2017-07-14 14:24:00 params :
------------
Array:
message : Array ;
module : default ;
rule : -1 ;

2017-07-14 14:24:00 response :
------------
Array:
errno : -1 ;
message : Invaild value ;

2017-07-14 14:24:06 trace :
------------
Array:
from : oKmKPxNofisF4OG8CRSN0nJ5x4Y8 ;
to : gh_e86b5de80d72 ;
time : 1500013445 ;
type : event ;
event : VIEW ;
tousername : gh_e86b5de80d72 ;
fromusername : oKmKPxNofisF4OG8CRSN0nJ5x4Y8 ;
createtime : 1500013445 ;
msgtype : event ;
eventkey : http://www.richmei.com/app/index.php?i=65&c=entry&eid=851 ;
menuid : 601494847 ;

2017-07-14 14:24:06 params :
------------
Array:
message : Array ;
module : basic ;
rule : 171 ;
priority : 0 ;
keyword : Array ;

2017-07-14 14:24:06 response :
------------
Array:
FromUserName : gh_e86b5de80d72 ;
ToUserName : oKmKPxNofisF4OG8CRSN0nJ5x4Y8 ;
MsgType : text ;
Content : 欢迎关注丰媒！/:rose/:rose

丰媒已经开通的深圳配送区： 
民治南景新村，民治樟坑一区，民治沙吓社区（14:00前下单，当天配送到社区合作点门口）

产地源头鲜果直摘配送，丰媒让您足不出户就能享受到全国各地丰富有营养的、特色的时令水果 ;

2017-07-14 14:29:14 trace :
------------
Array:
from : oKmKPxNofisF4OG8CRSN0nJ5x4Y8 ;
to : gh_e86b5de80d72 ;
time : 1500013745 ;
type : trace ;
event : LOCATION ;
tousername : gh_e86b5de80d72 ;
fromusername : oKmKPxNofisF4OG8CRSN0nJ5x4Y8 ;
createtime : 1500013745 ;
msgtype : event ;
latitude : 22.635923 ;
longitude : 114.048470 ;
precision : 40.000000 ;
location_x : 22.635923 ;
location_y : 114.048470 ;

2017-07-14 14:29:14 params :
------------
Array:
message : Array ;
module : default ;
rule : -1 ;

2017-07-14 14:29:14 response :
------------
Array:
errno : -1 ;
message : Invaild value ;

2017-07-14 14:29:15 trace :
------------
Array:
from : oKmKPxNofisF4OG8CRSN0nJ5x4Y8 ;
to : gh_e86b5de80d72 ;
time : 1500013745 ;
type : trace ;
event : LOCATION ;
tousername : gh_e86b5de80d72 ;
fromusername : oKmKPxNofisF4OG8CRSN0nJ5x4Y8 ;
createtime : 1500013745 ;
msgtype : event ;
latitude : 22.635923 ;
longitude : 114.048470 ;
precision : 40.000000 ;
location_x : 22.635923 ;
location_y : 114.048470 ;

2017-07-14 14:29:15 params :
------------
Array:
message : Array ;
module : default ;
rule : -1 ;

2017-07-14 14:29:15 response :
------------
Array:
errno : -1 ;
message : Invaild value ;

2017-07-14 14:31:52 trace :
------------
Array:
from : oKmKPxO72K6pRqDCcbxkCc9wQCbQ ;
to : gh_e86b5de80d72 ;
time : 1500013912 ;
type : event ;
event : user_gifting_card ;
tousername : gh_e86b5de80d72 ;
fromusername : oKmKPxO72K6pRqDCcbxkCc9wQCbQ ;
createtime : 1500013912 ;
msgtype : event ;
cardid : pKmKPxAs-qCj1kqISkrPjORHJbZA ;
usercardcode : 333734601541 ;
isreturnback : 1 ;
friendusername : oKmKPxKBnGN-iFbQdoJbzAjbZ4Fc ;
ischatroom : 0 ;

2017-07-14 14:31:52 params :
------------
Array:
message : Array ;
module : basic ;
rule : 171 ;
priority : 0 ;
keyword : Array ;

2017-07-14 14:31:52 response :
------------
Array:
FromUserName : gh_e86b5de80d72 ;
ToUserName : oKmKPxO72K6pRqDCcbxkCc9wQCbQ ;
MsgType : text ;
Content : 欢迎关注丰媒！/:rose/:rose

丰媒已经开通的深圳配送区： 
民治南景新村，民治樟坑一区，民治沙吓社区（14:00前下单，当天配送到社区合作点门口）

产地源头鲜果直摘配送，丰媒让您足不出户就能享受到全国各地丰富有营养的、特色的时令水果 ;

2017-07-14 14:33:08 trace :
------------
Array:
from : oKmKPxKBnGN-iFbQdoJbzAjbZ4Fc ;
to : gh_e86b5de80d72 ;
time : 1500013987 ;
type : event ;
event : VIEW ;
tousername : gh_e86b5de80d72 ;
fromusername : oKmKPxKBnGN-iFbQdoJbzAjbZ4Fc ;
createtime : 1500013987 ;
msgtype : event ;
eventkey : http://www.richmei.com/app/index.php?i=65&c=entry&eid=838 ;
menuid : 601494847 ;

2017-07-14 14:33:08 params :
------------
Array:
message : Array ;
module : basic ;
rule : 171 ;
priority : 0 ;
keyword : Array ;

2017-07-14 14:33:08 response :
------------
Array:
FromUserName : gh_e86b5de80d72 ;
ToUserName : oKmKPxKBnGN-iFbQdoJbzAjbZ4Fc ;
MsgType : text ;
Content : 欢迎关注丰媒！/:rose/:rose

丰媒已经开通的深圳配送区： 
民治南景新村，民治樟坑一区，民治沙吓社区（14:00前下单，当天配送到社区合作点门口）

产地源头鲜果直摘配送，丰媒让您足不出户就能享受到全国各地丰富有营养的、特色的时令水果 ;

2017-07-14 14:33:52 trace :
------------
Array:
from : oKmKPxKBnGN-iFbQdoJbzAjbZ4Fc ;
to : gh_e86b5de80d72 ;
time : 1500014029 ;
type : event ;
event : VIEW ;
tousername : gh_e86b5de80d72 ;
fromusername : oKmKPxKBnGN-iFbQdoJbzAjbZ4Fc ;
createtime : 1500014029 ;
msgtype : event ;
eventkey : http://www.richmei.com/app/index.php?i=65&c=entry&eid=838 ;
menuid : 601494847 ;

2017-07-14 14:33:52 params :
------------
Array:
message : Array ;
module : basic ;
rule : 171 ;
priority : 0 ;
keyword : Array ;

2017-07-14 14:33:52 response :
------------
Array:
FromUserName : gh_e86b5de80d72 ;
ToUserName : oKmKPxKBnGN-iFbQdoJbzAjbZ4Fc ;
MsgType : text ;
Content : 欢迎关注丰媒！/:rose/:rose

丰媒已经开通的深圳配送区： 
民治南景新村，民治樟坑一区，民治沙吓社区（14:00前下单，当天配送到社区合作点门口）

产地源头鲜果直摘配送，丰媒让您足不出户就能享受到全国各地丰富有营养的、特色的时令水果 ;

2017-07-14 14:34:33 trace :
------------
Array:
from : oKmKPxKBnGN-iFbQdoJbzAjbZ4Fc ;
to : gh_e86b5de80d72 ;
time : 1500014072 ;
type : event ;
event : VIEW ;
tousername : gh_e86b5de80d72 ;
fromusername : oKmKPxKBnGN-iFbQdoJbzAjbZ4Fc ;
createtime : 1500014072 ;
msgtype : event ;
eventkey : http://www.richmei.com/app/index.php?i=65&c=entry&eid=851 ;
menuid : 601494847 ;

2017-07-14 14:34:33 params :
------------
Array:
message : Array ;
module : basic ;
rule : 171 ;
priority : 0 ;
keyword : Array ;

2017-07-14 14:34:33 response :
------------
Array:
FromUserName : gh_e86b5de80d72 ;
ToUserName : oKmKPxKBnGN-iFbQdoJbzAjbZ4Fc ;
MsgType : text ;
Content : 欢迎关注丰媒！/:rose/:rose

丰媒已经开通的深圳配送区： 
民治南景新村，民治樟坑一区，民治沙吓社区（14:00前下单，当天配送到社区合作点门口）

产地源头鲜果直摘配送，丰媒让您足不出户就能享受到全国各地丰富有营养的、特色的时令水果 ;

2017-07-14 14:45:43 trace :
------------
Array:
from : oKmKPxKBnGN-iFbQdoJbzAjbZ4Fc ;
to : gh_e86b5de80d72 ;
time : 1500014742 ;
type : trace ;
event : LOCATION ;
tousername : gh_e86b5de80d72 ;
fromusername : oKmKPxKBnGN-iFbQdoJbzAjbZ4Fc ;
createtime : 1500014742 ;
msgtype : event ;
latitude : 22.537569 ;
longitude : 114.055679 ;
precision : 65.000000 ;
location_x : 22.537569 ;
location_y : 114.055679 ;

2017-07-14 14:45:43 params :
------------
Array:
message : Array ;
module : default ;
rule : -1 ;

2017-07-14 14:45:43 response :
------------
Array:
errno : -1 ;
message : Invaild value ;

2017-07-14 14:45:54 trace :
------------
Array:
from : oKmKPxKBnGN-iFbQdoJbzAjbZ4Fc ;
to : gh_e86b5de80d72 ;
time : 1500014749 ;
type : event ;
event : VIEW ;
tousername : gh_e86b5de80d72 ;
fromusername : oKmKPxKBnGN-iFbQdoJbzAjbZ4Fc ;
createtime : 1500014749 ;
msgtype : event ;
eventkey : http://www.richmei.com/app/index.php?i=65&c=entry&eid=851 ;
menuid : 601494847 ;

2017-07-14 14:45:54 params :
------------
Array:
message : Array ;
module : basic ;
rule : 171 ;
priority : 0 ;
keyword : Array ;

2017-07-14 14:45:54 response :
------------
Array:
FromUserName : gh_e86b5de80d72 ;
ToUserName : oKmKPxKBnGN-iFbQdoJbzAjbZ4Fc ;
MsgType : text ;
Content : 欢迎关注丰媒！/:rose/:rose

丰媒已经开通的深圳配送区： 
民治南景新村，民治樟坑一区，民治沙吓社区（14:00前下单，当天配送到社区合作点门口）

产地源头鲜果直摘配送，丰媒让您足不出户就能享受到全国各地丰富有营养的、特色的时令水果 ;

2017-07-14 14:46:15 trace :
------------
Array:
from : oKmKPxKBnGN-iFbQdoJbzAjbZ4Fc ;
to : gh_e86b5de80d72 ;
time : 1500014774 ;
type : event ;
event : VIEW ;
tousername : gh_e86b5de80d72 ;
fromusername : oKmKPxKBnGN-iFbQdoJbzAjbZ4Fc ;
createtime : 1500014774 ;
msgtype : event ;
eventkey : http://www.richmei.com/app/index.php?i=65&c=entry&eid=838 ;
menuid : 601494847 ;

2017-07-14 14:46:15 params :
------------
Array:
message : Array ;
module : basic ;
rule : 171 ;
priority : 0 ;
keyword : Array ;

2017-07-14 14:46:15 response :
------------
Array:
FromUserName : gh_e86b5de80d72 ;
ToUserName : oKmKPxKBnGN-iFbQdoJbzAjbZ4Fc ;
MsgType : text ;
Content : 欢迎关注丰媒！/:rose/:rose

丰媒已经开通的深圳配送区： 
民治南景新村，民治樟坑一区，民治沙吓社区（14:00前下单，当天配送到社区合作点门口）

产地源头鲜果直摘配送，丰媒让您足不出户就能享受到全国各地丰富有营养的、特色的时令水果 ;

2017-07-14 15:36:31 trace :
------------
Array:
from : oKmKPxKBnGN-iFbQdoJbzAjbZ4Fc ;
to : gh_e86b5de80d72 ;
time : 1500017790 ;
type : event ;
event : TEMPLATESENDJOBFINISH ;
tousername : gh_e86b5de80d72 ;
fromusername : oKmKPxKBnGN-iFbQdoJbzAjbZ4Fc ;
createtime : 1500017790 ;
msgtype : event ;
msgid : 601721019 ;
status : success ;

2017-07-14 15:36:31 params :
------------
Array:
message : Array ;
module : basic ;
rule : 171 ;
priority : 0 ;
keyword : Array ;

2017-07-14 15:36:31 response :
------------
Array:
FromUserName : gh_e86b5de80d72 ;
ToUserName : oKmKPxKBnGN-iFbQdoJbzAjbZ4Fc ;
MsgType : text ;
Content : 欢迎关注丰媒！/:rose/:rose

丰媒已经开通的深圳配送区： 
民治南景新村，民治樟坑一区，民治沙吓社区（14:00前下单，当天配送到社区合作点门口）

产地源头鲜果直摘配送，丰媒让您足不出户就能享受到全国各地丰富有营养的、特色的时令水果 ;

2017-07-14 17:32:50 trace :
------------
Array:
from : oKmKPxDdP-MKwKER_C5sREcjH9qY ;
to : gh_e86b5de80d72 ;
time : 1500024767 ;
type : trace ;
event : LOCATION ;
tousername : gh_e86b5de80d72 ;
fromusername : oKmKPxDdP-MKwKER_C5sREcjH9qY ;
createtime : 1500024767 ;
msgtype : event ;
latitude : 30.673601 ;
longitude : 104.064636 ;
precision : 65.000000 ;
location_x : 30.673601 ;
location_y : 104.064636 ;

2017-07-14 17:32:50 params :
------------
Array:
message : Array ;
module : default ;
rule : -1 ;

2017-07-14 17:32:50 response :
------------
Array:
errno : -1 ;
message : Invaild value ;

2017-07-14 17:32:56 trace :
------------
Array:
from : oKmKPxDdP-MKwKER_C5sREcjH9qY ;
to : gh_e86b5de80d72 ;
time : 1500024770 ;
type : event ;
event : VIEW ;
tousername : gh_e86b5de80d72 ;
fromusername : oKmKPxDdP-MKwKER_C5sREcjH9qY ;
createtime : 1500024770 ;
msgtype : event ;
eventkey : http://www.richmei.com/app/index.php?i=65&c=entry&eid=851 ;
menuid : 601494847 ;

2017-07-14 17:32:56 params :
------------
Array:
message : Array ;
module : basic ;
rule : 171 ;
priority : 0 ;
keyword : Array ;

2017-07-14 17:32:56 response :
------------
Array:
FromUserName : gh_e86b5de80d72 ;
ToUserName : oKmKPxDdP-MKwKER_C5sREcjH9qY ;
MsgType : text ;
Content : 欢迎关注丰媒！/:rose/:rose

丰媒已经开通的深圳配送区： 
民治南景新村，民治樟坑一区，民治沙吓社区（14:00前下单，当天配送到社区合作点门口）

产地源头鲜果直摘配送，丰媒让您足不出户就能享受到全国各地丰富有营养的、特色的时令水果 ;

2017-07-14 22:06:21 trace :
------------
Array:
from : oKmKPxKBnGN-iFbQdoJbzAjbZ4Fc ;
to : gh_e86b5de80d72 ;
time : 1500041181 ;
type : trace ;
event : LOCATION ;
tousername : gh_e86b5de80d72 ;
fromusername : oKmKPxKBnGN-iFbQdoJbzAjbZ4Fc ;
createtime : 1500041181 ;
msgtype : event ;
latitude : 22.634291 ;
longitude : 114.049782 ;
precision : 65.000000 ;
location_x : 22.634291 ;
location_y : 114.049782 ;

2017-07-14 22:06:21 params :
------------
Array:
message : Array ;
module : default ;
rule : -1 ;

2017-07-14 22:06:21 response :
------------
Array:
errno : -1 ;
message : Invaild value ;

2017-07-14 22:06:22 trace :
------------
Array:
from : oKmKPxKBnGN-iFbQdoJbzAjbZ4Fc ;
to : gh_e86b5de80d72 ;
time : 1500041181 ;
type : event ;
event : VIEW ;
tousername : gh_e86b5de80d72 ;
fromusername : oKmKPxKBnGN-iFbQdoJbzAjbZ4Fc ;
createtime : 1500041181 ;
msgtype : event ;
eventkey : http://www.richmei.com/app/index.php?i=65&c=entry&eid=838 ;
menuid : 601494847 ;

2017-07-14 22:06:22 params :
------------
Array:
message : Array ;
module : basic ;
rule : 171 ;
priority : 0 ;
keyword : Array ;

2017-07-14 22:06:22 response :
------------
Array:
FromUserName : gh_e86b5de80d72 ;
ToUserName : oKmKPxKBnGN-iFbQdoJbzAjbZ4Fc ;
MsgType : text ;
Content : 欢迎关注丰媒！/:rose/:rose

丰媒已经开通的深圳配送区： 
民治南景新村，民治樟坑一区，民治沙吓社区（14:00前下单，当天配送到社区合作点门口）

产地源头鲜果直摘配送，丰媒让您足不出户就能享受到全国各地丰富有营养的、特色的时令水果 ;

2017-07-14 22:10:36 trace :
------------
Array:
from : oKmKPxJHyElf_UXyQsHhwTKGelLA ;
to : gh_e86b5de80d72 ;
time : 1500041435 ;
type : event ;
event : VIEW ;
tousername : gh_e86b5de80d72 ;
fromusername : oKmKPxJHyElf_UXyQsHhwTKGelLA ;
createtime : 1500041435 ;
msgtype : event ;
eventkey : http://www.richmei.com/app/index.php?i=65&c=entry&eid=851 ;
menuid : 601494847 ;

2017-07-14 22:10:36 params :
------------
Array:
message : Array ;
module : basic ;
rule : 171 ;
priority : 0 ;
keyword : Array ;

2017-07-14 22:10:36 response :
------------
Array:
FromUserName : gh_e86b5de80d72 ;
ToUserName : oKmKPxJHyElf_UXyQsHhwTKGelLA ;
MsgType : text ;
Content : 欢迎关注丰媒！/:rose/:rose

丰媒已经开通的深圳配送区： 
民治南景新村，民治樟坑一区，民治沙吓社区（14:00前下单，当天配送到社区合作点门口）

产地源头鲜果直摘配送，丰媒让您足不出户就能享受到全国各地丰富有营养的、特色的时令水果 ;

2017-07-14 22:12:44 trace :
------------
Array:
from : oKmKPxJHyElf_UXyQsHhwTKGelLA ;
to : gh_e86b5de80d72 ;
time : 1500041564 ;
type : trace ;
event : LOCATION ;
tousername : gh_e86b5de80d72 ;
fromusername : oKmKPxJHyElf_UXyQsHhwTKGelLA ;
createtime : 1500041564 ;
msgtype : event ;
latitude : 22.701685 ;
longitude : 113.994385 ;
precision : 40.000000 ;
location_x : 22.701685 ;
location_y : 113.994385 ;

2017-07-14 22:12:44 params :
------------
Array:
message : Array ;
module : default ;
rule : -1 ;

2017-07-14 22:12:44 response :
------------
Array:
errno : -1 ;
message : Invaild value ;

2017-07-14 22:22:39 trace :
------------
Array:
from : oKmKPxKXmDpfsNgwZyYTZlGV8xrU ;
to : gh_e86b5de80d72 ;
time : 1500042159 ;
type : trace ;
event : LOCATION ;
tousername : gh_e86b5de80d72 ;
fromusername : oKmKPxKXmDpfsNgwZyYTZlGV8xrU ;
createtime : 1500042159 ;
msgtype : event ;
latitude : 22.587532 ;
longitude : 113.963432 ;
precision : 65.000000 ;
location_x : 22.587532 ;
location_y : 113.963432 ;

2017-07-14 22:22:39 params :
------------
Array:
message : Array ;
module : default ;
rule : -1 ;

2017-07-14 22:22:39 response :
------------
Array:
errno : -1 ;
message : Invaild value ;

