2017-01-04 00:19:47 trace :
------------
Array:
from : oRPPWvog7w09Bjq6CAs85zbK0i-E ;
to : gh_b1f7fee0dba6 ;
time : 1483373992 ;
type : event ;
event : VIEW ;
tousername : gh_b1f7fee0dba6 ;
fromusername : oRPPWvog7w09Bjq6CAs85zbK0i-E ;
createtime : 1483373992 ;
msgtype : event ;
eventkey : http://a233.sdsfshop.com/app/index.php?i=65&c=entry&do=guide&m=we7_wmall ;
menuid : 434275792 ;

2017-01-04 00:19:47 params :
------------
Array:
rule : -2 ;
module :  ;
message : Array ;

2017-01-04 00:19:47 response :
------------

2017-01-04 00:25:48 trace :
------------
Array:
from : oRPPWvps_LCf2grvL8ZPDP2AdozQ ;
to : gh_b1f7fee0dba6 ;
time : 1483460747 ;
type : event ;
event : VIEW ;
tousername : gh_b1f7fee0dba6 ;
fromusername : oRPPWvps_LCf2grvL8ZPDP2AdozQ ;
createtime : 1483460747 ;
msgtype : event ;
eventkey : http://a233.sdsfshop.com/app/index.php?i=65&c=entry&do=guide&m=we7_wmall ;
menuid : 434275792 ;

2017-01-04 00:25:48 params :
------------
Array:
rule : -2 ;
module :  ;
message : Array ;

2017-01-04 00:25:48 response :
------------

2017-01-04 08:55:02 trace :
------------
Array:
from : oRPPWvps_LCf2grvL8ZPDP2AdozQ ;
to : gh_b1f7fee0dba6 ;
time : 1483491301 ;
type : event ;
event : VIEW ;
tousername : gh_b1f7fee0dba6 ;
fromusername : oRPPWvps_LCf2grvL8ZPDP2AdozQ ;
createtime : 1483491301 ;
msgtype : event ;
eventkey : http://a233.sdsfshop.com/app/index.php?i=65&c=entry&do=guide&m=we7_wmall ;
menuid : 434275792 ;

2017-01-04 08:55:02 params :
------------
Array:
rule : -2 ;
module :  ;
message : Array ;

2017-01-04 08:55:02 response :
------------

2017-01-04 11:14:06 trace :
------------
Array:
from : oRPPWvps_LCf2grvL8ZPDP2AdozQ ;
to : gh_b1f7fee0dba6 ;
time : 1483499647 ;
type : event ;
event : VIEW ;
tousername : gh_b1f7fee0dba6 ;
fromusername : oRPPWvps_LCf2grvL8ZPDP2AdozQ ;
createtime : 1483499647 ;
msgtype : event ;
eventkey : http://a233.sdsfshop.com/app/index.php?i=65&c=entry&do=guide&m=we7_wmall ;
menuid : 434275792 ;

2017-01-04 11:14:06 params :
------------
Array:
rule : -2 ;
module :  ;
message : Array ;

2017-01-04 11:14:06 response :
------------

2017-01-04 11:14:29 trace :
------------
Array:
from : oRPPWvps_LCf2grvL8ZPDP2AdozQ ;
to : gh_b1f7fee0dba6 ;
time : 1483499670 ;
type : event ;
event : VIEW ;
tousername : gh_b1f7fee0dba6 ;
fromusername : oRPPWvps_LCf2grvL8ZPDP2AdozQ ;
createtime : 1483499670 ;
msgtype : event ;
eventkey : http://a233.sdsfshop.com/app/index.php?i=65&c=entry&do=guide&m=we7_wmall ;
menuid : 434275792 ;

2017-01-04 11:14:29 params :
------------
Array:
rule : -2 ;
module :  ;
message : Array ;

2017-01-04 11:14:29 response :
------------

2017-01-04 11:31:41 trace :
------------
Array:
from : oRPPWvoID-0bqVD_vjHhgc73Tg5k ;
to : gh_b1f7fee0dba6 ;
time : 1483500702 ;
type : event ;
event : VIEW ;
tousername : gh_b1f7fee0dba6 ;
fromusername : oRPPWvoID-0bqVD_vjHhgc73Tg5k ;
createtime : 1483500702 ;
msgtype : event ;
eventkey : http://a233.sdsfshop.com/app/index.php?i=65&c=entry&do=guide&m=we7_wmall ;
menuid : 434275792 ;

2017-01-04 11:31:41 params :
------------
Array:
rule : -2 ;
module :  ;
message : Array ;

2017-01-04 11:31:41 response :
------------

2017-01-04 11:34:22 trace :
------------
Array:
from : oRPPWvoID-0bqVD_vjHhgc73Tg5k ;
to : gh_b1f7fee0dba6 ;
time : 1483500863 ;
type : event ;
event : VIEW ;
tousername : gh_b1f7fee0dba6 ;
fromusername : oRPPWvoID-0bqVD_vjHhgc73Tg5k ;
createtime : 1483500863 ;
msgtype : event ;
eventkey : http://a233.sdsfshop.com/app/index.php?i=65&c=entry&do=guide&m=we7_wmall ;
menuid : 434275792 ;

2017-01-04 11:34:22 params :
------------
Array:
rule : -2 ;
module :  ;
message : Array ;

2017-01-04 11:34:22 response :
------------

2017-01-04 11:36:13 trace :
------------
Array:
from : oRPPWvps_LCf2grvL8ZPDP2AdozQ ;
to : gh_b1f7fee0dba6 ;
time : 1483500975 ;
type : event ;
event : VIEW ;
tousername : gh_b1f7fee0dba6 ;
fromusername : oRPPWvps_LCf2grvL8ZPDP2AdozQ ;
createtime : 1483500975 ;
msgtype : event ;
eventkey : http://a233.sdsfshop.com/app/index.php?i=65&c=entry&do=guide&m=we7_wmall ;
menuid : 434275792 ;

2017-01-04 11:36:13 params :
------------
Array:
rule : -2 ;
module :  ;
message : Array ;

2017-01-04 11:36:13 response :
------------

2017-01-04 11:37:43 trace :
------------
Array:
from : oRPPWvps_LCf2grvL8ZPDP2AdozQ ;
to : gh_b1f7fee0dba6 ;
time : 1483501064 ;
type : event ;
event : VIEW ;
tousername : gh_b1f7fee0dba6 ;
fromusername : oRPPWvps_LCf2grvL8ZPDP2AdozQ ;
createtime : 1483501064 ;
msgtype : event ;
eventkey : http://a233.sdsfshop.com/app/index.php?i=65&c=entry&do=guide&m=we7_wmall ;
menuid : 434275792 ;

2017-01-04 11:37:43 params :
------------
Array:
rule : -2 ;
module :  ;
message : Array ;

2017-01-04 11:37:43 response :
------------

2017-01-04 11:40:58 trace :
------------
Array:
from : oRPPWvmbBiNpKKFESRe65pX0-UmI ;
to : gh_b1f7fee0dba6 ;
time : 1483501259 ;
type : event ;
event : VIEW ;
tousername : gh_b1f7fee0dba6 ;
fromusername : oRPPWvmbBiNpKKFESRe65pX0-UmI ;
createtime : 1483501259 ;
msgtype : event ;
eventkey : http://a233.sdsfshop.com/app/index.php?i=65&c=entry&do=guide&m=we7_wmall ;
menuid : 434275792 ;

2017-01-04 11:40:58 params :
------------
Array:
rule : -2 ;
module :  ;
message : Array ;

2017-01-04 11:40:58 response :
------------

2017-01-04 11:49:54 trace :
------------
Array:
from : oRPPWvps_LCf2grvL8ZPDP2AdozQ ;
to : gh_b1f7fee0dba6 ;
time : 1483501796 ;
type : event ;
event : VIEW ;
tousername : gh_b1f7fee0dba6 ;
fromusername : oRPPWvps_LCf2grvL8ZPDP2AdozQ ;
createtime : 1483501796 ;
msgtype : event ;
eventkey : http://a233.sdsfshop.com/app/index.php?i=65&c=entry&do=guide&m=we7_wmall ;
menuid : 434275792 ;

2017-01-04 11:49:54 params :
------------
Array:
rule : -2 ;
module :  ;
message : Array ;

2017-01-04 11:49:54 response :
------------

2017-01-04 11:53:15 trace :
------------
Array:
from : oRPPWvps_LCf2grvL8ZPDP2AdozQ ;
to : gh_b1f7fee0dba6 ;
time : 1483501996 ;
type : event ;
event : VIEW ;
tousername : gh_b1f7fee0dba6 ;
fromusername : oRPPWvps_LCf2grvL8ZPDP2AdozQ ;
createtime : 1483501996 ;
msgtype : event ;
eventkey : http://a233.sdsfshop.com/app/index.php?i=65&c=entry&do=guide&m=we7_wmall ;
menuid : 434275792 ;

2017-01-04 11:53:15 params :
------------
Array:
rule : -2 ;
module :  ;
message : Array ;

2017-01-04 11:53:15 response :
------------

2017-01-04 11:58:26 trace :
------------
Array:
from : oRPPWvps_LCf2grvL8ZPDP2AdozQ ;
to : gh_b1f7fee0dba6 ;
time : 1483502307 ;
type : event ;
event : VIEW ;
tousername : gh_b1f7fee0dba6 ;
fromusername : oRPPWvps_LCf2grvL8ZPDP2AdozQ ;
createtime : 1483502307 ;
msgtype : event ;
eventkey : http://a233.sdsfshop.com/app/index.php?i=65&c=entry&do=guide&m=we7_wmall ;
menuid : 434275792 ;

2017-01-04 11:58:26 params :
------------
Array:
rule : -2 ;
module :  ;
message : Array ;

2017-01-04 11:58:26 response :
------------

2017-01-04 12:00:45 trace :
------------
Array:
from : oRPPWvps_LCf2grvL8ZPDP2AdozQ ;
to : gh_b1f7fee0dba6 ;
time : 1483502446 ;
type : event ;
event : VIEW ;
tousername : gh_b1f7fee0dba6 ;
fromusername : oRPPWvps_LCf2grvL8ZPDP2AdozQ ;
createtime : 1483502446 ;
msgtype : event ;
eventkey : http://a233.sdsfshop.com/app/index.php?i=65&c=entry&do=guide&m=we7_wmall ;
menuid : 434275792 ;

2017-01-04 12:00:45 params :
------------
Array:
rule : -2 ;
module :  ;
message : Array ;

2017-01-04 12:00:45 response :
------------

2017-01-04 12:01:47 trace :
------------
Array:
from : oRPPWvps_LCf2grvL8ZPDP2AdozQ ;
to : gh_b1f7fee0dba6 ;
time : 1483502508 ;
type : event ;
event : VIEW ;
tousername : gh_b1f7fee0dba6 ;
fromusername : oRPPWvps_LCf2grvL8ZPDP2AdozQ ;
createtime : 1483502508 ;
msgtype : event ;
eventkey : http://a233.sdsfshop.com/app/index.php?i=65&c=entry&do=guide&m=we7_wmall ;
menuid : 434275792 ;

2017-01-04 12:01:47 params :
------------
Array:
rule : -2 ;
module :  ;
message : Array ;

2017-01-04 12:01:47 response :
------------

2017-01-04 12:06:10 trace :
------------
Array:
from : oRPPWvps_LCf2grvL8ZPDP2AdozQ ;
to : gh_b1f7fee0dba6 ;
time : 1483502772 ;
type : event ;
event : VIEW ;
tousername : gh_b1f7fee0dba6 ;
fromusername : oRPPWvps_LCf2grvL8ZPDP2AdozQ ;
createtime : 1483502772 ;
msgtype : event ;
eventkey : http://a233.sdsfshop.com/app/index.php?i=65&c=entry&do=guide&m=we7_wmall ;
menuid : 434275792 ;

2017-01-04 12:06:10 params :
------------
Array:
rule : -2 ;
module :  ;
message : Array ;

2017-01-04 12:06:10 response :
------------

2017-01-04 12:36:45 trace :
------------
Array:
from : oRPPWvo2R2nNHhxIkL1ZG7A26h1E ;
to : gh_b1f7fee0dba6 ;
time : 1483504606 ;
type : event ;
event : VIEW ;
tousername : gh_b1f7fee0dba6 ;
fromusername : oRPPWvo2R2nNHhxIkL1ZG7A26h1E ;
createtime : 1483504606 ;
msgtype : event ;
eventkey : http://a233.sdsfshop.com/app/index.php?i=65&c=entry&do=guide&m=we7_wmall ;
menuid : 434275792 ;

2017-01-04 12:36:45 params :
------------
Array:
rule : -2 ;
module :  ;
message : Array ;

2017-01-04 12:36:45 response :
------------

2017-01-04 13:43:33 trace :
------------
Array:
from : oRPPWvps_LCf2grvL8ZPDP2AdozQ ;
to : gh_b1f7fee0dba6 ;
time : 1483508614 ;
type : event ;
event : VIEW ;
tousername : gh_b1f7fee0dba6 ;
fromusername : oRPPWvps_LCf2grvL8ZPDP2AdozQ ;
createtime : 1483508614 ;
msgtype : event ;
eventkey : http://a233.sdsfshop.com/app/index.php?i=65&c=entry&do=guide&m=we7_wmall ;
menuid : 434275792 ;

2017-01-04 13:43:33 params :
------------
Array:
rule : -2 ;
module :  ;
message : Array ;

2017-01-04 13:43:33 response :
------------

2017-01-04 14:38:40 trace :
------------
Array:
from : oRPPWvps_LCf2grvL8ZPDP2AdozQ ;
to : gh_b1f7fee0dba6 ;
time : 1483511922 ;
type : event ;
event : VIEW ;
tousername : gh_b1f7fee0dba6 ;
fromusername : oRPPWvps_LCf2grvL8ZPDP2AdozQ ;
createtime : 1483511922 ;
msgtype : event ;
eventkey : http://a233.sdsfshop.com/app/index.php?i=65&c=entry&do=guide&m=we7_wmall ;
menuid : 434275792 ;

2017-01-04 14:38:40 params :
------------
Array:
rule : -2 ;
module :  ;
message : Array ;

2017-01-04 14:38:40 response :
------------

2017-01-04 15:08:20 trace :
------------
Array:
from : oRPPWvps_LCf2grvL8ZPDP2AdozQ ;
to : gh_b1f7fee0dba6 ;
time : 1483513701 ;
type : event ;
event : VIEW ;
tousername : gh_b1f7fee0dba6 ;
fromusername : oRPPWvps_LCf2grvL8ZPDP2AdozQ ;
createtime : 1483513701 ;
msgtype : event ;
eventkey : http://a233.sdsfshop.com/app/index.php?i=65&c=entry&do=guide&m=we7_wmall ;
menuid : 434275792 ;

2017-01-04 15:08:20 params :
------------
Array:
rule : -2 ;
module :  ;
message : Array ;

2017-01-04 15:08:20 response :
------------

2017-01-04 15:09:42 trace :
------------
Array:
from : oRPPWvps_LCf2grvL8ZPDP2AdozQ ;
to : gh_b1f7fee0dba6 ;
time : 1483513784 ;
type : event ;
event : VIEW ;
tousername : gh_b1f7fee0dba6 ;
fromusername : oRPPWvps_LCf2grvL8ZPDP2AdozQ ;
createtime : 1483513784 ;
msgtype : event ;
eventkey : http://a233.sdsfshop.com/app/index.php?i=65&c=entry&do=guide&m=we7_wmall ;
menuid : 434275792 ;

2017-01-04 15:09:42 params :
------------
Array:
rule : -2 ;
module :  ;
message : Array ;

2017-01-04 15:09:42 response :
------------

2017-01-04 15:11:46 trace :
------------
Array:
from : oRPPWvps_LCf2grvL8ZPDP2AdozQ ;
to : gh_b1f7fee0dba6 ;
time : 1483513908 ;
type : event ;
event : VIEW ;
tousername : gh_b1f7fee0dba6 ;
fromusername : oRPPWvps_LCf2grvL8ZPDP2AdozQ ;
createtime : 1483513908 ;
msgtype : event ;
eventkey : http://a233.sdsfshop.com/app/index.php?i=65&c=entry&do=guide&m=we7_wmall ;
menuid : 434275792 ;

2017-01-04 15:11:46 params :
------------
Array:
rule : -2 ;
module :  ;
message : Array ;

2017-01-04 15:11:46 response :
------------

2017-01-04 15:16:24 trace :
------------
Array:
from : oRPPWvps_LCf2grvL8ZPDP2AdozQ ;
to : gh_b1f7fee0dba6 ;
time : 1483514186 ;
type : event ;
event : VIEW ;
tousername : gh_b1f7fee0dba6 ;
fromusername : oRPPWvps_LCf2grvL8ZPDP2AdozQ ;
createtime : 1483514186 ;
msgtype : event ;
eventkey : http://a233.sdsfshop.com/app/index.php?i=65&c=entry&do=guide&m=we7_wmall ;
menuid : 434275792 ;

2017-01-04 15:16:24 params :
------------
Array:
rule : -2 ;
module :  ;
message : Array ;

2017-01-04 15:16:24 response :
------------

2017-01-04 15:23:51 trace :
------------
Array:
from : oRPPWvps_LCf2grvL8ZPDP2AdozQ ;
to : gh_b1f7fee0dba6 ;
time : 1483514632 ;
type : event ;
event : VIEW ;
tousername : gh_b1f7fee0dba6 ;
fromusername : oRPPWvps_LCf2grvL8ZPDP2AdozQ ;
createtime : 1483514632 ;
msgtype : event ;
eventkey : http://a233.sdsfshop.com/app/index.php?i=65&c=entry&do=guide&m=we7_wmall ;
menuid : 434275792 ;

2017-01-04 15:23:51 params :
------------
Array:
rule : -2 ;
module :  ;
message : Array ;

2017-01-04 15:23:51 response :
------------

2017-01-04 15:24:53 trace :
------------
Array:
from : oRPPWvps_LCf2grvL8ZPDP2AdozQ ;
to : gh_b1f7fee0dba6 ;
time : 1483514695 ;
type : event ;
event : VIEW ;
tousername : gh_b1f7fee0dba6 ;
fromusername : oRPPWvps_LCf2grvL8ZPDP2AdozQ ;
createtime : 1483514695 ;
msgtype : event ;
eventkey : http://a233.sdsfshop.com/app/index.php?i=65&c=entry&do=guide&m=we7_wmall ;
menuid : 434275792 ;

2017-01-04 15:24:53 params :
------------
Array:
rule : -2 ;
module :  ;
message : Array ;

2017-01-04 15:24:53 response :
------------

2017-01-04 15:25:53 trace :
------------
Array:
from : oRPPWvps_LCf2grvL8ZPDP2AdozQ ;
to : gh_b1f7fee0dba6 ;
time : 1483514755 ;
type : event ;
event : VIEW ;
tousername : gh_b1f7fee0dba6 ;
fromusername : oRPPWvps_LCf2grvL8ZPDP2AdozQ ;
createtime : 1483514755 ;
msgtype : event ;
eventkey : http://a233.sdsfshop.com/app/index.php?i=65&c=entry&do=guide&m=we7_wmall ;
menuid : 434275792 ;

2017-01-04 15:25:53 params :
------------
Array:
rule : -2 ;
module :  ;
message : Array ;

2017-01-04 15:25:53 response :
------------

2017-01-04 15:28:22 trace :
------------
Array:
from : oRPPWvps_LCf2grvL8ZPDP2AdozQ ;
to : gh_b1f7fee0dba6 ;
time : 1483514904 ;
type : event ;
event : VIEW ;
tousername : gh_b1f7fee0dba6 ;
fromusername : oRPPWvps_LCf2grvL8ZPDP2AdozQ ;
createtime : 1483514904 ;
msgtype : event ;
eventkey : http://a233.sdsfshop.com/app/index.php?i=65&c=entry&do=guide&m=we7_wmall ;
menuid : 434275792 ;

2017-01-04 15:28:22 params :
------------
Array:
rule : -2 ;
module :  ;
message : Array ;

2017-01-04 15:28:22 response :
------------

2017-01-04 16:17:09 trace :
------------
Array:
from : oRPPWvps_LCf2grvL8ZPDP2AdozQ ;
to : gh_b1f7fee0dba6 ;
time : 1483517830 ;
type : event ;
event : VIEW ;
tousername : gh_b1f7fee0dba6 ;
fromusername : oRPPWvps_LCf2grvL8ZPDP2AdozQ ;
createtime : 1483517830 ;
msgtype : event ;
eventkey : http://a233.sdsfshop.com/app/index.php?i=65&c=entry&do=guide&m=we7_wmall ;
menuid : 434275792 ;

2017-01-04 16:17:09 params :
------------
Array:
rule : -2 ;
module :  ;
message : Array ;

2017-01-04 16:17:09 response :
------------

2017-01-04 16:18:01 trace :
------------
Array:
from : oRPPWvps_LCf2grvL8ZPDP2AdozQ ;
to : gh_b1f7fee0dba6 ;
time : 1483517883 ;
type : event ;
event : VIEW ;
tousername : gh_b1f7fee0dba6 ;
fromusername : oRPPWvps_LCf2grvL8ZPDP2AdozQ ;
createtime : 1483517883 ;
msgtype : event ;
eventkey : http://a233.sdsfshop.com/app/index.php?i=65&c=entry&do=guide&m=we7_wmall ;
menuid : 434275792 ;

2017-01-04 16:18:01 params :
------------
Array:
rule : -2 ;
module :  ;
message : Array ;

2017-01-04 16:18:01 response :
------------

2017-01-04 16:28:46 trace :
------------
Array:
from : oRPPWvopUdqmoofwtbXAPU3727PI ;
to : gh_b1f7fee0dba6 ;
time : 1483518528 ;
type : event ;
event : VIEW ;
tousername : gh_b1f7fee0dba6 ;
fromusername : oRPPWvopUdqmoofwtbXAPU3727PI ;
createtime : 1483518528 ;
msgtype : event ;
eventkey : http://a233.sdsfshop.com/app/index.php?i=65&c=entry&do=guide&m=we7_wmall ;
menuid : 434275792 ;

2017-01-04 16:28:46 params :
------------
Array:
rule : -2 ;
module :  ;
message : Array ;

2017-01-04 16:28:46 response :
------------

2017-01-04 16:30:20 trace :
------------
Array:
from : oRPPWvopUdqmoofwtbXAPU3727PI ;
to : gh_b1f7fee0dba6 ;
time : 1483518621 ;
type : event ;
event : VIEW ;
tousername : gh_b1f7fee0dba6 ;
fromusername : oRPPWvopUdqmoofwtbXAPU3727PI ;
createtime : 1483518621 ;
msgtype : event ;
eventkey : http://a233.sdsfshop.com/app/index.php?i=65&c=entry&do=guide&m=we7_wmall ;
menuid : 434275792 ;

2017-01-04 16:30:20 params :
------------
Array:
rule : -2 ;
module :  ;
message : Array ;

2017-01-04 16:30:20 response :
------------

2017-01-04 16:30:49 trace :
------------
Array:
from : oRPPWvopUdqmoofwtbXAPU3727PI ;
to : gh_b1f7fee0dba6 ;
time : 1483518651 ;
type : event ;
event : VIEW ;
tousername : gh_b1f7fee0dba6 ;
fromusername : oRPPWvopUdqmoofwtbXAPU3727PI ;
createtime : 1483518651 ;
msgtype : event ;
eventkey : http://a233.sdsfshop.com/app/index.php?i=65&c=entry&do=guide&m=we7_wmall ;
menuid : 434275792 ;

2017-01-04 16:30:49 params :
------------
Array:
rule : -2 ;
module :  ;
message : Array ;

2017-01-04 16:30:49 response :
------------

2017-01-04 16:32:10 trace :
------------
Array:
from : oRPPWvps_LCf2grvL8ZPDP2AdozQ ;
to : gh_b1f7fee0dba6 ;
time : 1483518731 ;
type : event ;
event : VIEW ;
tousername : gh_b1f7fee0dba6 ;
fromusername : oRPPWvps_LCf2grvL8ZPDP2AdozQ ;
createtime : 1483518731 ;
msgtype : event ;
eventkey : http://a233.sdsfshop.com/app/index.php?i=65&c=entry&do=guide&m=we7_wmall ;
menuid : 434275792 ;

2017-01-04 16:32:10 params :
------------
Array:
rule : -2 ;
module :  ;
message : Array ;

2017-01-04 16:32:10 response :
------------

2017-01-04 16:37:42 trace :
------------
Array:
from : oRPPWvps_LCf2grvL8ZPDP2AdozQ ;
to : gh_b1f7fee0dba6 ;
time : 1483519064 ;
type : event ;
event : VIEW ;
tousername : gh_b1f7fee0dba6 ;
fromusername : oRPPWvps_LCf2grvL8ZPDP2AdozQ ;
createtime : 1483519064 ;
msgtype : event ;
eventkey : http://a233.sdsfshop.com/app/index.php?i=65&c=entry&do=guide&m=we7_wmall ;
menuid : 434275792 ;

2017-01-04 16:37:42 params :
------------
Array:
rule : -2 ;
module :  ;
message : Array ;

2017-01-04 16:37:42 response :
------------

2017-01-04 16:39:33 trace :
------------
Array:
from : oRPPWvps_LCf2grvL8ZPDP2AdozQ ;
to : gh_b1f7fee0dba6 ;
time : 1483519175 ;
type : event ;
event : VIEW ;
tousername : gh_b1f7fee0dba6 ;
fromusername : oRPPWvps_LCf2grvL8ZPDP2AdozQ ;
createtime : 1483519175 ;
msgtype : event ;
eventkey : http://a233.sdsfshop.com/app/index.php?i=65&c=entry&do=guide&m=we7_wmall ;
menuid : 434275792 ;

2017-01-04 16:39:33 params :
------------
Array:
rule : -2 ;
module :  ;
message : Array ;

2017-01-04 16:39:33 response :
------------

2017-01-04 16:40:14 trace :
------------
Array:
from : oRPPWvps_LCf2grvL8ZPDP2AdozQ ;
to : gh_b1f7fee0dba6 ;
time : 1483519216 ;
type : event ;
event : VIEW ;
tousername : gh_b1f7fee0dba6 ;
fromusername : oRPPWvps_LCf2grvL8ZPDP2AdozQ ;
createtime : 1483519216 ;
msgtype : event ;
eventkey : http://a233.sdsfshop.com/app/index.php?i=65&c=entry&do=guide&m=we7_wmall ;
menuid : 434275792 ;

2017-01-04 16:40:14 params :
------------
Array:
rule : -2 ;
module :  ;
message : Array ;

2017-01-04 16:40:14 response :
------------

2017-01-04 16:43:15 trace :
------------
Array:
from : oRPPWvps_LCf2grvL8ZPDP2AdozQ ;
to : gh_b1f7fee0dba6 ;
time : 1483519397 ;
type : event ;
event : VIEW ;
tousername : gh_b1f7fee0dba6 ;
fromusername : oRPPWvps_LCf2grvL8ZPDP2AdozQ ;
createtime : 1483519397 ;
msgtype : event ;
eventkey : http://a233.sdsfshop.com/app/index.php?i=65&c=entry&do=guide&m=we7_wmall ;
menuid : 434275792 ;

2017-01-04 16:43:15 params :
------------
Array:
rule : -2 ;
module :  ;
message : Array ;

2017-01-04 16:43:15 response :
------------

2017-01-04 16:44:05 trace :
------------
Array:
from : oRPPWvps_LCf2grvL8ZPDP2AdozQ ;
to : gh_b1f7fee0dba6 ;
time : 1483519447 ;
type : event ;
event : VIEW ;
tousername : gh_b1f7fee0dba6 ;
fromusername : oRPPWvps_LCf2grvL8ZPDP2AdozQ ;
createtime : 1483519447 ;
msgtype : event ;
eventkey : http://a233.sdsfshop.com/app/index.php?i=65&c=entry&do=guide&m=we7_wmall ;
menuid : 434275792 ;

2017-01-04 16:44:05 params :
------------
Array:
rule : -2 ;
module :  ;
message : Array ;

2017-01-04 16:44:05 response :
------------

2017-01-04 17:12:44 trace :
------------
Array:
from : oRPPWvps_LCf2grvL8ZPDP2AdozQ ;
to : gh_b1f7fee0dba6 ;
time : 1483521166 ;
type : event ;
event : VIEW ;
tousername : gh_b1f7fee0dba6 ;
fromusername : oRPPWvps_LCf2grvL8ZPDP2AdozQ ;
createtime : 1483521166 ;
msgtype : event ;
eventkey : http://a233.sdsfshop.com/app/index.php?i=65&c=entry&do=guide&m=we7_wmall ;
menuid : 434275792 ;

2017-01-04 17:12:44 params :
------------
Array:
rule : -2 ;
module :  ;
message : Array ;

2017-01-04 17:12:44 response :
------------

