2017-01-31 16:41:34 trace :
------------
Array:
from : oRPPWvvEJTq8SLEs9BwMkTrvGejs ;
to : gh_b1f7fee0dba6 ;
time : 1485852093 ;
type : event ;
event : VIEW ;
tousername : gh_b1f7fee0dba6 ;
fromusername : oRPPWvvEJTq8SLEs9BwMkTrvGejs ;
createtime : 1485852093 ;
msgtype : event ;
eventkey : http://a233.sdsfshop.com/app/index.php?i=65&c=entry&eid=851 ;
menuid : 434402732 ;

2017-01-31 16:41:36 params :
------------
Array:
message : Array ;
module : basic ;
rule : 171 ;
priority : 0 ;
keyword : Array ;

2017-01-31 16:41:36 response :
------------
Array:
FromUserName : gh_b1f7fee0dba6 ;
ToUserName : oRPPWvvEJTq8SLEs9BwMkTrvGejs ;
MsgType : text ;
Content : 欢迎关注 保芝蓝 门店！ ;

2017-01-31 16:41:37 trace :
------------
Array:
from : oRPPWvvEJTq8SLEs9BwMkTrvGejs ;
to : gh_b1f7fee0dba6 ;
time : 1485852093 ;
type : event ;
event : VIEW ;
tousername : gh_b1f7fee0dba6 ;
fromusername : oRPPWvvEJTq8SLEs9BwMkTrvGejs ;
createtime : 1485852093 ;
msgtype : event ;
eventkey : http://a233.sdsfshop.com/app/index.php?i=65&c=entry&eid=851 ;
menuid : 434402732 ;

2017-01-31 16:41:37 params :
------------
Array:
message : Array ;
module : basic ;
rule : 171 ;
priority : 0 ;
keyword : Array ;

2017-01-31 16:41:37 response :
------------
Array:
FromUserName : gh_b1f7fee0dba6 ;
ToUserName : oRPPWvvEJTq8SLEs9BwMkTrvGejs ;
MsgType : text ;
Content : 欢迎关注 保芝蓝 门店！ ;

