2017-02-12 12:33:27 trace :
------------
Array:
from : oRPPWvpENpJaWdjxD7PwUPocptlg ;
to : gh_b1f7fee0dba6 ;
time : 1486874006 ;
type : event ;
event : VIEW ;
tousername : gh_b1f7fee0dba6 ;
fromusername : oRPPWvpENpJaWdjxD7PwUPocptlg ;
createtime : 1486874006 ;
msgtype : event ;
eventkey : http://a233.sdsfshop.com/app/index.php?i=65&c=entry&eid=851 ;
menuid : 434402732 ;

2017-02-12 12:33:27 params :
------------
Array:
message : Array ;
module : basic ;
rule : 171 ;
priority : 0 ;
keyword : Array ;

2017-02-12 12:33:27 response :
------------
Array:
FromUserName : gh_b1f7fee0dba6 ;
ToUserName : oRPPWvpENpJaWdjxD7PwUPocptlg ;
MsgType : text ;
Content : 欢迎关注 保芝蓝 门店！ ;

