2017-02-14 10:22:58 trace :
------------
Array:
from : oRPPWvmSbU2_C_pxRKHrFEVQwvT8 ;
to : gh_b1f7fee0dba6 ;
time : 1487038978 ;
type : event ;
event : VIEW ;
tousername : gh_b1f7fee0dba6 ;
fromusername : oRPPWvmSbU2_C_pxRKHrFEVQwvT8 ;
createtime : 1487038978 ;
msgtype : event ;
eventkey : http://a233.sdsfshop.com/app/index.php?i=65&c=entry&eid=851 ;
menuid : 434402732 ;

2017-02-14 10:22:58 params :
------------
Array:
message : Array ;
module : basic ;
rule : 171 ;
priority : 0 ;
keyword : Array ;

2017-02-14 10:22:58 response :
------------
Array:
FromUserName : gh_b1f7fee0dba6 ;
ToUserName : oRPPWvmSbU2_C_pxRKHrFEVQwvT8 ;
MsgType : text ;
Content : 欢迎关注 保芝蓝 门店！ ;

