2017-07-26 11:10:27 trace :
------------
Array:
from : oKmKPxDXk3aEiLWINN8vYJepCLyE ;
to : gh_e86b5de80d72 ;
time : 1501038627 ;
type : event ;
event : VIEW ;
tousername : gh_e86b5de80d72 ;
fromusername : oKmKPxDXk3aEiLWINN8vYJepCLyE ;
createtime : 1501038627 ;
msgtype : event ;
eventkey : http://www.richmei.com/app/index.php?i=65&c=entry&eid=851 ;
menuid : 601494847 ;

2017-07-26 11:10:27 params :
------------
Array:
message : Array ;
module : basic ;
rule : 171 ;
priority : 0 ;
keyword : Array ;

2017-07-26 11:10:27 response :
------------
Array:
FromUserName : gh_e86b5de80d72 ;
ToUserName : oKmKPxDXk3aEiLWINN8vYJepCLyE ;
MsgType : text ;
Content : 欢迎关注丰媒！/:rose/:rose

丰媒已经开通的深圳配送区： 
民治南景新村，民治樟坑一区，民治沙吓社区（14:00前下单，当天配送到社区合作点门口）

产地源头鲜果直摘配送，丰媒让您足不出户就能享受到全国各地丰富有营养的、特色的时令水果 ;

2017-07-26 11:10:37 trace :
------------
Array:
from : oKmKPxDXk3aEiLWINN8vYJepCLyE ;
to : gh_e86b5de80d72 ;
time : 1501038636 ;
type : event ;
event : VIEW ;
tousername : gh_e86b5de80d72 ;
fromusername : oKmKPxDXk3aEiLWINN8vYJepCLyE ;
createtime : 1501038636 ;
msgtype : event ;
eventkey : http://www.richmei.com/app/index.php?i=65&c=entry&eid=851 ;
menuid : 601494847 ;

2017-07-26 11:10:37 params :
------------
Array:
message : Array ;
module : basic ;
rule : 171 ;
priority : 0 ;
keyword : Array ;

2017-07-26 11:10:37 response :
------------
Array:
FromUserName : gh_e86b5de80d72 ;
ToUserName : oKmKPxDXk3aEiLWINN8vYJepCLyE ;
MsgType : text ;
Content : 欢迎关注丰媒！/:rose/:rose

丰媒已经开通的深圳配送区： 
民治南景新村，民治樟坑一区，民治沙吓社区（14:00前下单，当天配送到社区合作点门口）

产地源头鲜果直摘配送，丰媒让您足不出户就能享受到全国各地丰富有营养的、特色的时令水果 ;

2017-07-26 11:10:42 trace :
------------
Array:
from : oKmKPxDXk3aEiLWINN8vYJepCLyE ;
to : gh_e86b5de80d72 ;
time : 1501038642 ;
type : event ;
event : VIEW ;
tousername : gh_e86b5de80d72 ;
fromusername : oKmKPxDXk3aEiLWINN8vYJepCLyE ;
createtime : 1501038642 ;
msgtype : event ;
eventkey : http://www.richmei.com/app/index.php?i=65&c=entry&eid=838 ;
menuid : 601494847 ;

2017-07-26 11:10:42 params :
------------
Array:
message : Array ;
module : basic ;
rule : 171 ;
priority : 0 ;
keyword : Array ;

2017-07-26 11:10:42 response :
------------
Array:
FromUserName : gh_e86b5de80d72 ;
ToUserName : oKmKPxDXk3aEiLWINN8vYJepCLyE ;
MsgType : text ;
Content : 欢迎关注丰媒！/:rose/:rose

丰媒已经开通的深圳配送区： 
民治南景新村，民治樟坑一区，民治沙吓社区（14:00前下单，当天配送到社区合作点门口）

产地源头鲜果直摘配送，丰媒让您足不出户就能享受到全国各地丰富有营养的、特色的时令水果 ;

2017-07-26 11:10:47 trace :
------------
Array:
from : oKmKPxDXk3aEiLWINN8vYJepCLyE ;
to : gh_e86b5de80d72 ;
time : 1501038647 ;
type : event ;
event : VIEW ;
tousername : gh_e86b5de80d72 ;
fromusername : oKmKPxDXk3aEiLWINN8vYJepCLyE ;
createtime : 1501038647 ;
msgtype : event ;
eventkey : http://www.richmei.com/app/index.php?i=65&c=entry&eid=838 ;
menuid : 601494847 ;

2017-07-26 11:10:47 params :
------------
Array:
message : Array ;
module : basic ;
rule : 171 ;
priority : 0 ;
keyword : Array ;

2017-07-26 11:10:47 response :
------------
Array:
FromUserName : gh_e86b5de80d72 ;
ToUserName : oKmKPxDXk3aEiLWINN8vYJepCLyE ;
MsgType : text ;
Content : 欢迎关注丰媒！/:rose/:rose

丰媒已经开通的深圳配送区： 
民治南景新村，民治樟坑一区，民治沙吓社区（14:00前下单，当天配送到社区合作点门口）

产地源头鲜果直摘配送，丰媒让您足不出户就能享受到全国各地丰富有营养的、特色的时令水果 ;

2017-07-26 11:11:10 trace :
------------
Array:
from : oKmKPxDXk3aEiLWINN8vYJepCLyE ;
to : gh_e86b5de80d72 ;
time : 1501038670 ;
type : event ;
event : VIEW ;
tousername : gh_e86b5de80d72 ;
fromusername : oKmKPxDXk3aEiLWINN8vYJepCLyE ;
createtime : 1501038670 ;
msgtype : event ;
eventkey : http://www.richmei.com/app/index.php?i=65&c=entry&eid=838 ;
menuid : 601494847 ;

2017-07-26 11:11:10 params :
------------
Array:
message : Array ;
module : basic ;
rule : 171 ;
priority : 0 ;
keyword : Array ;

2017-07-26 11:11:10 response :
------------
Array:
FromUserName : gh_e86b5de80d72 ;
ToUserName : oKmKPxDXk3aEiLWINN8vYJepCLyE ;
MsgType : text ;
Content : 欢迎关注丰媒！/:rose/:rose

丰媒已经开通的深圳配送区： 
民治南景新村，民治樟坑一区，民治沙吓社区（14:00前下单，当天配送到社区合作点门口）

产地源头鲜果直摘配送，丰媒让您足不出户就能享受到全国各地丰富有营养的、特色的时令水果 ;

2017-07-26 11:11:14 trace :
------------
Array:
from : oKmKPxDXk3aEiLWINN8vYJepCLyE ;
to : gh_e86b5de80d72 ;
time : 1501038673 ;
type : event ;
event : VIEW ;
tousername : gh_e86b5de80d72 ;
fromusername : oKmKPxDXk3aEiLWINN8vYJepCLyE ;
createtime : 1501038673 ;
msgtype : event ;
eventkey : http://www.richmei.com/app/index.php?i=65&c=entry&eid=851 ;
menuid : 601494847 ;

2017-07-26 11:11:14 params :
------------
Array:
message : Array ;
module : basic ;
rule : 171 ;
priority : 0 ;
keyword : Array ;

2017-07-26 11:11:14 response :
------------
Array:
FromUserName : gh_e86b5de80d72 ;
ToUserName : oKmKPxDXk3aEiLWINN8vYJepCLyE ;
MsgType : text ;
Content : 欢迎关注丰媒！/:rose/:rose

丰媒已经开通的深圳配送区： 
民治南景新村，民治樟坑一区，民治沙吓社区（14:00前下单，当天配送到社区合作点门口）

产地源头鲜果直摘配送，丰媒让您足不出户就能享受到全国各地丰富有营养的、特色的时令水果 ;

2017-07-26 11:15:03 trace :
------------
Array:
from : oKmKPxDXk3aEiLWINN8vYJepCLyE ;
to : gh_e86b5de80d72 ;
time : 1501038902 ;
type : event ;
event : VIEW ;
tousername : gh_e86b5de80d72 ;
fromusername : oKmKPxDXk3aEiLWINN8vYJepCLyE ;
createtime : 1501038902 ;
msgtype : event ;
eventkey : http://www.richmei.com/app/index.php?i=65&c=entry&eid=838 ;
menuid : 601494847 ;

2017-07-26 11:15:03 params :
------------
Array:
message : Array ;
module : basic ;
rule : 171 ;
priority : 0 ;
keyword : Array ;

2017-07-26 11:15:03 response :
------------
Array:
FromUserName : gh_e86b5de80d72 ;
ToUserName : oKmKPxDXk3aEiLWINN8vYJepCLyE ;
MsgType : text ;
Content : 欢迎关注丰媒！/:rose/:rose

丰媒已经开通的深圳配送区： 
民治南景新村，民治樟坑一区，民治沙吓社区（14:00前下单，当天配送到社区合作点门口）

产地源头鲜果直摘配送，丰媒让您足不出户就能享受到全国各地丰富有营养的、特色的时令水果 ;

2017-07-26 11:15:11 trace :
------------
Array:
from : oKmKPxDXk3aEiLWINN8vYJepCLyE ;
to : gh_e86b5de80d72 ;
time : 1501038910 ;
type : event ;
event : VIEW ;
tousername : gh_e86b5de80d72 ;
fromusername : oKmKPxDXk3aEiLWINN8vYJepCLyE ;
createtime : 1501038910 ;
msgtype : event ;
eventkey : http://www.richmei.com/app/index.php?i=65&c=entry&eid=851 ;
menuid : 601494847 ;

2017-07-26 11:15:11 params :
------------
Array:
message : Array ;
module : basic ;
rule : 171 ;
priority : 0 ;
keyword : Array ;

2017-07-26 11:15:11 response :
------------
Array:
FromUserName : gh_e86b5de80d72 ;
ToUserName : oKmKPxDXk3aEiLWINN8vYJepCLyE ;
MsgType : text ;
Content : 欢迎关注丰媒！/:rose/:rose

丰媒已经开通的深圳配送区： 
民治南景新村，民治樟坑一区，民治沙吓社区（14:00前下单，当天配送到社区合作点门口）

产地源头鲜果直摘配送，丰媒让您足不出户就能享受到全国各地丰富有营养的、特色的时令水果 ;

2017-07-26 11:15:25 trace :
------------
Array:
from : oKmKPxDXk3aEiLWINN8vYJepCLyE ;
to : gh_e86b5de80d72 ;
time : 1501038924 ;
type : event ;
event : VIEW ;
tousername : gh_e86b5de80d72 ;
fromusername : oKmKPxDXk3aEiLWINN8vYJepCLyE ;
createtime : 1501038924 ;
msgtype : event ;
eventkey : http://www.richmei.com/app/index.php?i=65&c=entry&eid=851 ;
menuid : 601494847 ;

2017-07-26 11:15:25 params :
------------
Array:
message : Array ;
module : basic ;
rule : 171 ;
priority : 0 ;
keyword : Array ;

2017-07-26 11:15:25 response :
------------
Array:
FromUserName : gh_e86b5de80d72 ;
ToUserName : oKmKPxDXk3aEiLWINN8vYJepCLyE ;
MsgType : text ;
Content : 欢迎关注丰媒！/:rose/:rose

丰媒已经开通的深圳配送区： 
民治南景新村，民治樟坑一区，民治沙吓社区（14:00前下单，当天配送到社区合作点门口）

产地源头鲜果直摘配送，丰媒让您足不出户就能享受到全国各地丰富有营养的、特色的时令水果 ;

2017-07-26 11:15:31 trace :
------------
Array:
from : oKmKPxDXk3aEiLWINN8vYJepCLyE ;
to : gh_e86b5de80d72 ;
time : 1501038930 ;
type : event ;
event : VIEW ;
tousername : gh_e86b5de80d72 ;
fromusername : oKmKPxDXk3aEiLWINN8vYJepCLyE ;
createtime : 1501038930 ;
msgtype : event ;
eventkey : http://www.richmei.com/app/index.php?i=65&c=entry&eid=851 ;
menuid : 601494847 ;

2017-07-26 11:15:31 params :
------------
Array:
message : Array ;
module : basic ;
rule : 171 ;
priority : 0 ;
keyword : Array ;

2017-07-26 11:15:31 response :
------------
Array:
FromUserName : gh_e86b5de80d72 ;
ToUserName : oKmKPxDXk3aEiLWINN8vYJepCLyE ;
MsgType : text ;
Content : 欢迎关注丰媒！/:rose/:rose

丰媒已经开通的深圳配送区： 
民治南景新村，民治樟坑一区，民治沙吓社区（14:00前下单，当天配送到社区合作点门口）

产地源头鲜果直摘配送，丰媒让您足不出户就能享受到全国各地丰富有营养的、特色的时令水果 ;

2017-07-26 11:16:01 trace :
------------
Array:
from : oKmKPxOZqKVeJeyZ0e0SsH_hdUAU ;
to : gh_e86b5de80d72 ;
time : 1501038960 ;
type : trace ;
event : LOCATION ;
tousername : gh_e86b5de80d72 ;
fromusername : oKmKPxOZqKVeJeyZ0e0SsH_hdUAU ;
createtime : 1501038960 ;
msgtype : event ;
latitude : 30.671902 ;
longitude : 104.066681 ;
precision : 110.000000 ;
location_x : 30.671902 ;
location_y : 104.066681 ;

2017-07-26 11:16:01 params :
------------
Array:
message : Array ;
module : default ;
rule : -1 ;

2017-07-26 11:16:01 response :
------------
Array:
errno : -1 ;
message : Invaild value ;

2017-07-26 11:16:01 trace :
------------
Array:
from : oKmKPxOZqKVeJeyZ0e0SsH_hdUAU ;
to : gh_e86b5de80d72 ;
time : 1501038960 ;
type : event ;
event : VIEW ;
tousername : gh_e86b5de80d72 ;
fromusername : oKmKPxOZqKVeJeyZ0e0SsH_hdUAU ;
createtime : 1501038960 ;
msgtype : event ;
eventkey : http://www.richmei.com/app/index.php?i=65&c=entry&eid=851 ;
menuid : 601494847 ;

2017-07-26 11:16:01 params :
------------
Array:
message : Array ;
module : basic ;
rule : 171 ;
priority : 0 ;
keyword : Array ;

2017-07-26 11:16:01 response :
------------
Array:
FromUserName : gh_e86b5de80d72 ;
ToUserName : oKmKPxOZqKVeJeyZ0e0SsH_hdUAU ;
MsgType : text ;
Content : 欢迎关注丰媒！/:rose/:rose

丰媒已经开通的深圳配送区： 
民治南景新村，民治樟坑一区，民治沙吓社区（14:00前下单，当天配送到社区合作点门口）

产地源头鲜果直摘配送，丰媒让您足不出户就能享受到全国各地丰富有营养的、特色的时令水果 ;

2017-07-26 11:16:18 trace :
------------
Array:
from : oKmKPxOZqKVeJeyZ0e0SsH_hdUAU ;
to : gh_e86b5de80d72 ;
time : 1501038977 ;
type : trace ;
event : LOCATION ;
tousername : gh_e86b5de80d72 ;
fromusername : oKmKPxOZqKVeJeyZ0e0SsH_hdUAU ;
createtime : 1501038977 ;
msgtype : event ;
latitude : 30.671902 ;
longitude : 104.066681 ;
precision : 110.000000 ;
location_x : 30.671902 ;
location_y : 104.066681 ;

2017-07-26 11:16:18 params :
------------
Array:
message : Array ;
module : default ;
rule : -1 ;

2017-07-26 11:16:18 response :
------------
Array:
errno : -1 ;
message : Invaild value ;

2017-07-26 11:16:19 trace :
------------
Array:
from : oKmKPxOZqKVeJeyZ0e0SsH_hdUAU ;
to : gh_e86b5de80d72 ;
time : 1501038978 ;
type : event ;
event : VIEW ;
tousername : gh_e86b5de80d72 ;
fromusername : oKmKPxOZqKVeJeyZ0e0SsH_hdUAU ;
createtime : 1501038978 ;
msgtype : event ;
eventkey : http://www.richmei.com/app/index.php?i=65&c=entry&eid=851 ;
menuid : 601494847 ;

2017-07-26 11:16:19 params :
------------
Array:
message : Array ;
module : basic ;
rule : 171 ;
priority : 0 ;
keyword : Array ;

2017-07-26 11:16:19 response :
------------
Array:
FromUserName : gh_e86b5de80d72 ;
ToUserName : oKmKPxOZqKVeJeyZ0e0SsH_hdUAU ;
MsgType : text ;
Content : 欢迎关注丰媒！/:rose/:rose

丰媒已经开通的深圳配送区： 
民治南景新村，民治樟坑一区，民治沙吓社区（14:00前下单，当天配送到社区合作点门口）

产地源头鲜果直摘配送，丰媒让您足不出户就能享受到全国各地丰富有营养的、特色的时令水果 ;

2017-07-26 11:16:29 trace :
------------
Array:
from : oKmKPxOZqKVeJeyZ0e0SsH_hdUAU ;
to : gh_e86b5de80d72 ;
time : 1501038989 ;
type : trace ;
event : LOCATION ;
tousername : gh_e86b5de80d72 ;
fromusername : oKmKPxOZqKVeJeyZ0e0SsH_hdUAU ;
createtime : 1501038989 ;
msgtype : event ;
latitude : 30.671902 ;
longitude : 104.066681 ;
precision : 110.000000 ;
location_x : 30.671902 ;
location_y : 104.066681 ;

2017-07-26 11:16:29 params :
------------
Array:
message : Array ;
module : default ;
rule : -1 ;

2017-07-26 11:16:29 response :
------------
Array:
errno : -1 ;
message : Invaild value ;

2017-07-26 11:16:30 trace :
------------
Array:
from : oKmKPxOZqKVeJeyZ0e0SsH_hdUAU ;
to : gh_e86b5de80d72 ;
time : 1501038989 ;
type : event ;
event : VIEW ;
tousername : gh_e86b5de80d72 ;
fromusername : oKmKPxOZqKVeJeyZ0e0SsH_hdUAU ;
createtime : 1501038989 ;
msgtype : event ;
eventkey : http://www.richmei.com/app/index.php?i=65&c=entry&eid=838 ;
menuid : 601494847 ;

2017-07-26 11:16:30 params :
------------
Array:
message : Array ;
module : basic ;
rule : 171 ;
priority : 0 ;
keyword : Array ;

2017-07-26 11:16:30 response :
------------
Array:
FromUserName : gh_e86b5de80d72 ;
ToUserName : oKmKPxOZqKVeJeyZ0e0SsH_hdUAU ;
MsgType : text ;
Content : 欢迎关注丰媒！/:rose/:rose

丰媒已经开通的深圳配送区： 
民治南景新村，民治樟坑一区，民治沙吓社区（14:00前下单，当天配送到社区合作点门口）

产地源头鲜果直摘配送，丰媒让您足不出户就能享受到全国各地丰富有营养的、特色的时令水果 ;

2017-07-26 11:17:56 trace :
------------
Array:
from : oKmKPxDXk3aEiLWINN8vYJepCLyE ;
to : gh_e86b5de80d72 ;
time : 1501039075 ;
type : event ;
event : CLICK ;
tousername : gh_e86b5de80d72 ;
fromusername : oKmKPxDXk3aEiLWINN8vYJepCLyE ;
createtime : 1501039075 ;
msgtype : event ;
eventkey : 民治配送 ;

2017-07-26 11:17:56 params :
------------
Array:
message : Array ;
module : news ;
rule : 173 ;
priority : 0 ;
keyword : Array ;

2017-07-26 11:17:56 response :
------------
Array:
FromUserName : gh_e86b5de80d72 ;
ToUserName : oKmKPxDXk3aEiLWINN8vYJepCLyE ;
MsgType : news ;
ArticleCount : 1 ;
Articles : Array ;

2017-07-26 11:18:00 trace :
------------
Array:
from : oKmKPxDXk3aEiLWINN8vYJepCLyE ;
to : gh_e86b5de80d72 ;
time : 1501039080 ;
type : event ;
event : VIEW ;
tousername : gh_e86b5de80d72 ;
fromusername : oKmKPxDXk3aEiLWINN8vYJepCLyE ;
createtime : 1501039080 ;
msgtype : event ;
eventkey : http://www.richmei.com/app/index.php?i=65&c=home&a=page&id=7 ;
menuid : 601494847 ;

2017-07-26 11:18:00 params :
------------
Array:
message : Array ;
module : basic ;
rule : 171 ;
priority : 0 ;
keyword : Array ;

2017-07-26 11:18:00 response :
------------
Array:
FromUserName : gh_e86b5de80d72 ;
ToUserName : oKmKPxDXk3aEiLWINN8vYJepCLyE ;
MsgType : text ;
Content : 欢迎关注丰媒！/:rose/:rose

丰媒已经开通的深圳配送区： 
民治南景新村，民治樟坑一区，民治沙吓社区（14:00前下单，当天配送到社区合作点门口）

产地源头鲜果直摘配送，丰媒让您足不出户就能享受到全国各地丰富有营养的、特色的时令水果 ;

2017-07-26 11:19:07 trace :
------------
Array:
from : oKmKPxOZqKVeJeyZ0e0SsH_hdUAU ;
to : gh_e86b5de80d72 ;
time : 1501039146 ;
type : trace ;
event : LOCATION ;
tousername : gh_e86b5de80d72 ;
fromusername : oKmKPxOZqKVeJeyZ0e0SsH_hdUAU ;
createtime : 1501039146 ;
msgtype : event ;
latitude : 30.671902 ;
longitude : 104.066681 ;
precision : 110.000000 ;
location_x : 30.671902 ;
location_y : 104.066681 ;

2017-07-26 11:19:07 params :
------------
Array:
message : Array ;
module : default ;
rule : -1 ;

2017-07-26 11:19:07 response :
------------
Array:
errno : -1 ;
message : Invaild value ;

2017-07-26 11:44:27 trace :
------------
Array:
from : oKmKPxKBnGN-iFbQdoJbzAjbZ4Fc ;
to : gh_e86b5de80d72 ;
time : 1501040666 ;
type : event ;
event : VIEW ;
tousername : gh_e86b5de80d72 ;
fromusername : oKmKPxKBnGN-iFbQdoJbzAjbZ4Fc ;
createtime : 1501040666 ;
msgtype : event ;
eventkey : http://www.richmei.com/app/index.php?i=65&c=entry&eid=851 ;
menuid : 601494847 ;

2017-07-26 11:44:27 params :
------------
Array:
message : Array ;
module : basic ;
rule : 171 ;
priority : 0 ;
keyword : Array ;

2017-07-26 11:44:27 response :
------------
Array:
FromUserName : gh_e86b5de80d72 ;
ToUserName : oKmKPxKBnGN-iFbQdoJbzAjbZ4Fc ;
MsgType : text ;
Content : 欢迎关注丰媒！/:rose/:rose

丰媒已经开通的深圳配送区： 
民治南景新村，民治樟坑一区，民治沙吓社区（14:00前下单，当天配送到社区合作点门口）

产地源头鲜果直摘配送，丰媒让您足不出户就能享受到全国各地丰富有营养的、特色的时令水果 ;

2017-07-26 11:44:36 trace :
------------
Array:
from : oKmKPxKBnGN-iFbQdoJbzAjbZ4Fc ;
to : gh_e86b5de80d72 ;
time : 1501040675 ;
type : event ;
event : VIEW ;
tousername : gh_e86b5de80d72 ;
fromusername : oKmKPxKBnGN-iFbQdoJbzAjbZ4Fc ;
createtime : 1501040675 ;
msgtype : event ;
eventkey : http://www.richmei.com/app/index.php?i=65&c=entry&eid=838 ;
menuid : 601494847 ;

2017-07-26 11:44:36 params :
------------
Array:
message : Array ;
module : basic ;
rule : 171 ;
priority : 0 ;
keyword : Array ;

2017-07-26 11:44:36 response :
------------
Array:
FromUserName : gh_e86b5de80d72 ;
ToUserName : oKmKPxKBnGN-iFbQdoJbzAjbZ4Fc ;
MsgType : text ;
Content : 欢迎关注丰媒！/:rose/:rose

丰媒已经开通的深圳配送区： 
民治南景新村，民治樟坑一区，民治沙吓社区（14:00前下单，当天配送到社区合作点门口）

产地源头鲜果直摘配送，丰媒让您足不出户就能享受到全国各地丰富有营养的、特色的时令水果 ;

2017-07-26 11:44:39 trace :
------------
Array:
from : oKmKPxKBnGN-iFbQdoJbzAjbZ4Fc ;
to : gh_e86b5de80d72 ;
time : 1501040679 ;
type : event ;
event : VIEW ;
tousername : gh_e86b5de80d72 ;
fromusername : oKmKPxKBnGN-iFbQdoJbzAjbZ4Fc ;
createtime : 1501040679 ;
msgtype : event ;
eventkey : http://www.richmei.com/app/index.php?i=65&c=entry&eid=851 ;
menuid : 601494847 ;

2017-07-26 11:44:39 params :
------------
Array:
message : Array ;
module : basic ;
rule : 171 ;
priority : 0 ;
keyword : Array ;

2017-07-26 11:44:39 response :
------------
Array:
FromUserName : gh_e86b5de80d72 ;
ToUserName : oKmKPxKBnGN-iFbQdoJbzAjbZ4Fc ;
MsgType : text ;
Content : 欢迎关注丰媒！/:rose/:rose

丰媒已经开通的深圳配送区： 
民治南景新村，民治樟坑一区，民治沙吓社区（14:00前下单，当天配送到社区合作点门口）

产地源头鲜果直摘配送，丰媒让您足不出户就能享受到全国各地丰富有营养的、特色的时令水果 ;

2017-07-26 11:45:22 trace :
------------
Array:
from : oKmKPxKBnGN-iFbQdoJbzAjbZ4Fc ;
to : gh_e86b5de80d72 ;
time : 1501040721 ;
type : event ;
event : VIEW ;
tousername : gh_e86b5de80d72 ;
fromusername : oKmKPxKBnGN-iFbQdoJbzAjbZ4Fc ;
createtime : 1501040721 ;
msgtype : event ;
eventkey : http://www.richmei.com/app/index.php?i=65&c=entry&eid=851 ;
menuid : 601494847 ;

2017-07-26 11:45:22 params :
------------
Array:
message : Array ;
module : basic ;
rule : 171 ;
priority : 0 ;
keyword : Array ;

2017-07-26 11:45:22 response :
------------
Array:
FromUserName : gh_e86b5de80d72 ;
ToUserName : oKmKPxKBnGN-iFbQdoJbzAjbZ4Fc ;
MsgType : text ;
Content : 欢迎关注丰媒！/:rose/:rose

丰媒已经开通的深圳配送区： 
民治南景新村，民治樟坑一区，民治沙吓社区（14:00前下单，当天配送到社区合作点门口）

产地源头鲜果直摘配送，丰媒让您足不出户就能享受到全国各地丰富有营养的、特色的时令水果 ;

2017-07-26 11:46:05 trace :
------------
Array:
from : oKmKPxKBnGN-iFbQdoJbzAjbZ4Fc ;
to : gh_e86b5de80d72 ;
time : 1501040765 ;
type : trace ;
event : LOCATION ;
tousername : gh_e86b5de80d72 ;
fromusername : oKmKPxKBnGN-iFbQdoJbzAjbZ4Fc ;
createtime : 1501040765 ;
msgtype : event ;
latitude : 22.635887 ;
longitude : 114.048409 ;
precision : 65.000000 ;
location_x : 22.635887 ;
location_y : 114.048409 ;

2017-07-26 11:46:05 params :
------------
Array:
message : Array ;
module : default ;
rule : -1 ;

2017-07-26 11:46:05 response :
------------
Array:
errno : -1 ;
message : Invaild value ;

2017-07-26 11:46:06 trace :
------------
Array:
from : oKmKPxKBnGN-iFbQdoJbzAjbZ4Fc ;
to : gh_e86b5de80d72 ;
time : 1501040765 ;
type : event ;
event : VIEW ;
tousername : gh_e86b5de80d72 ;
fromusername : oKmKPxKBnGN-iFbQdoJbzAjbZ4Fc ;
createtime : 1501040765 ;
msgtype : event ;
eventkey : http://www.richmei.com/app/index.php?i=65&c=entry&eid=851 ;
menuid : 601494847 ;

2017-07-26 11:46:06 params :
------------
Array:
message : Array ;
module : basic ;
rule : 171 ;
priority : 0 ;
keyword : Array ;

2017-07-26 11:46:06 response :
------------
Array:
FromUserName : gh_e86b5de80d72 ;
ToUserName : oKmKPxKBnGN-iFbQdoJbzAjbZ4Fc ;
MsgType : text ;
Content : 欢迎关注丰媒！/:rose/:rose

丰媒已经开通的深圳配送区： 
民治南景新村，民治樟坑一区，民治沙吓社区（14:00前下单，当天配送到社区合作点门口）

产地源头鲜果直摘配送，丰媒让您足不出户就能享受到全国各地丰富有营养的、特色的时令水果 ;

2017-07-26 11:55:09 trace :
------------
Array:
from : oKmKPxKBnGN-iFbQdoJbzAjbZ4Fc ;
to : gh_e86b5de80d72 ;
time : 1501041309 ;
type : event ;
event : VIEW ;
tousername : gh_e86b5de80d72 ;
fromusername : oKmKPxKBnGN-iFbQdoJbzAjbZ4Fc ;
createtime : 1501041309 ;
msgtype : event ;
eventkey : http://www.richmei.com/app/index.php?i=65&c=entry&eid=838 ;
menuid : 601494847 ;

2017-07-26 11:55:09 params :
------------
Array:
message : Array ;
module : basic ;
rule : 171 ;
priority : 0 ;
keyword : Array ;

2017-07-26 11:55:09 response :
------------
Array:
FromUserName : gh_e86b5de80d72 ;
ToUserName : oKmKPxKBnGN-iFbQdoJbzAjbZ4Fc ;
MsgType : text ;
Content : 欢迎关注丰媒！/:rose/:rose

丰媒已经开通的深圳配送区： 
民治南景新村，民治樟坑一区，民治沙吓社区（14:00前下单，当天配送到社区合作点门口）

产地源头鲜果直摘配送，丰媒让您足不出户就能享受到全国各地丰富有营养的、特色的时令水果 ;

2017-07-26 11:55:39 trace :
------------
Array:
from : oKmKPxKBnGN-iFbQdoJbzAjbZ4Fc ;
to : gh_e86b5de80d72 ;
time : 1501041338 ;
type : trace ;
event : LOCATION ;
tousername : gh_e86b5de80d72 ;
fromusername : oKmKPxKBnGN-iFbQdoJbzAjbZ4Fc ;
createtime : 1501041338 ;
msgtype : event ;
latitude : 22.635878 ;
longitude : 114.048409 ;
precision : 65.000000 ;
location_x : 22.635878 ;
location_y : 114.048409 ;

2017-07-26 11:55:39 params :
------------
Array:
message : Array ;
module : default ;
rule : -1 ;

2017-07-26 11:55:39 response :
------------
Array:
errno : -1 ;
message : Invaild value ;

2017-07-26 11:56:58 trace :
------------
Array:
from : oKmKPxKBnGN-iFbQdoJbzAjbZ4Fc ;
to : gh_e86b5de80d72 ;
time : 1501041418 ;
type : event ;
event : VIEW ;
tousername : gh_e86b5de80d72 ;
fromusername : oKmKPxKBnGN-iFbQdoJbzAjbZ4Fc ;
createtime : 1501041418 ;
msgtype : event ;
eventkey : http://www.richmei.com/app/index.php?i=65&c=entry&eid=851 ;
menuid : 601494847 ;

2017-07-26 11:56:58 params :
------------
Array:
message : Array ;
module : basic ;
rule : 171 ;
priority : 0 ;
keyword : Array ;

2017-07-26 11:56:58 response :
------------
Array:
FromUserName : gh_e86b5de80d72 ;
ToUserName : oKmKPxKBnGN-iFbQdoJbzAjbZ4Fc ;
MsgType : text ;
Content : 欢迎关注丰媒！/:rose/:rose

丰媒已经开通的深圳配送区： 
民治南景新村，民治樟坑一区，民治沙吓社区（14:00前下单，当天配送到社区合作点门口）

产地源头鲜果直摘配送，丰媒让您足不出户就能享受到全国各地丰富有营养的、特色的时令水果 ;

2017-07-26 12:15:22 trace :
------------
Array:
from : oKmKPxDXk3aEiLWINN8vYJepCLyE ;
to : gh_e86b5de80d72 ;
time : 1501042522 ;
type : event ;
event : VIEW ;
tousername : gh_e86b5de80d72 ;
fromusername : oKmKPxDXk3aEiLWINN8vYJepCLyE ;
createtime : 1501042522 ;
msgtype : event ;
eventkey : http://www.richmei.com/app/index.php?i=65&c=entry&eid=851 ;
menuid : 601494847 ;

2017-07-26 12:15:22 params :
------------
Array:
message : Array ;
module : basic ;
rule : 171 ;
priority : 0 ;
keyword : Array ;

2017-07-26 12:15:22 response :
------------
Array:
FromUserName : gh_e86b5de80d72 ;
ToUserName : oKmKPxDXk3aEiLWINN8vYJepCLyE ;
MsgType : text ;
Content : 欢迎关注丰媒！/:rose/:rose

丰媒已经开通的深圳配送区： 
民治南景新村，民治樟坑一区，民治沙吓社区（14:00前下单，当天配送到社区合作点门口）

产地源头鲜果直摘配送，丰媒让您足不出户就能享受到全国各地丰富有营养的、特色的时令水果 ;

2017-07-26 12:26:03 trace :
------------
Array:
from : oKmKPxDXk3aEiLWINN8vYJepCLyE ;
to : gh_e86b5de80d72 ;
time : 1501043162 ;
type : event ;
event : VIEW ;
tousername : gh_e86b5de80d72 ;
fromusername : oKmKPxDXk3aEiLWINN8vYJepCLyE ;
createtime : 1501043162 ;
msgtype : event ;
eventkey : http://www.richmei.com/app/index.php?i=65&c=entry&eid=851 ;
menuid : 601494847 ;

2017-07-26 12:26:03 params :
------------
Array:
message : Array ;
module : basic ;
rule : 171 ;
priority : 0 ;
keyword : Array ;

2017-07-26 12:26:03 response :
------------
Array:
FromUserName : gh_e86b5de80d72 ;
ToUserName : oKmKPxDXk3aEiLWINN8vYJepCLyE ;
MsgType : text ;
Content : 欢迎关注丰媒！/:rose/:rose

丰媒已经开通的深圳配送区： 
民治南景新村，民治樟坑一区，民治沙吓社区（14:00前下单，当天配送到社区合作点门口）

产地源头鲜果直摘配送，丰媒让您足不出户就能享受到全国各地丰富有营养的、特色的时令水果 ;

2017-07-26 12:28:01 trace :
------------
Array:
from : oKmKPxOZqKVeJeyZ0e0SsH_hdUAU ;
to : gh_e86b5de80d72 ;
time : 1501043281 ;
type : trace ;
event : LOCATION ;
tousername : gh_e86b5de80d72 ;
fromusername : oKmKPxOZqKVeJeyZ0e0SsH_hdUAU ;
createtime : 1501043281 ;
msgtype : event ;
latitude : 30.671902 ;
longitude : 104.066681 ;
precision : 110.000000 ;
location_x : 30.671902 ;
location_y : 104.066681 ;

2017-07-26 12:28:01 params :
------------
Array:
message : Array ;
module : default ;
rule : -1 ;

2017-07-26 12:28:01 response :
------------
Array:
errno : -1 ;
message : Invaild value ;

2017-07-26 12:28:02 trace :
------------
Array:
from : oKmKPxOZqKVeJeyZ0e0SsH_hdUAU ;
to : gh_e86b5de80d72 ;
time : 1501043281 ;
type : event ;
event : VIEW ;
tousername : gh_e86b5de80d72 ;
fromusername : oKmKPxOZqKVeJeyZ0e0SsH_hdUAU ;
createtime : 1501043281 ;
msgtype : event ;
eventkey : http://www.richmei.com/app/index.php?i=65&c=entry&eid=838 ;
menuid : 601494847 ;

2017-07-26 12:28:02 params :
------------
Array:
message : Array ;
module : basic ;
rule : 171 ;
priority : 0 ;
keyword : Array ;

2017-07-26 12:28:02 response :
------------
Array:
FromUserName : gh_e86b5de80d72 ;
ToUserName : oKmKPxOZqKVeJeyZ0e0SsH_hdUAU ;
MsgType : text ;
Content : 欢迎关注丰媒！/:rose/:rose

丰媒已经开通的深圳配送区： 
民治南景新村，民治樟坑一区，民治沙吓社区（14:00前下单，当天配送到社区合作点门口）

产地源头鲜果直摘配送，丰媒让您足不出户就能享受到全国各地丰富有营养的、特色的时令水果 ;

2017-07-26 12:29:06 trace :
------------
Array:
from : oKmKPxOZqKVeJeyZ0e0SsH_hdUAU ;
to : gh_e86b5de80d72 ;
time : 1501043346 ;
type : event ;
event : TEMPLATESENDJOBFINISH ;
tousername : gh_e86b5de80d72 ;
fromusername : oKmKPxOZqKVeJeyZ0e0SsH_hdUAU ;
createtime : 1501043346 ;
msgtype : event ;
msgid : 601988207 ;
status : success ;

2017-07-26 12:29:06 params :
------------
Array:
message : Array ;
module : basic ;
rule : 171 ;
priority : 0 ;
keyword : Array ;

2017-07-26 12:29:06 response :
------------
Array:
FromUserName : gh_e86b5de80d72 ;
ToUserName : oKmKPxOZqKVeJeyZ0e0SsH_hdUAU ;
MsgType : text ;
Content : 欢迎关注丰媒！/:rose/:rose

丰媒已经开通的深圳配送区： 
民治南景新村，民治樟坑一区，民治沙吓社区（14:00前下单，当天配送到社区合作点门口）

产地源头鲜果直摘配送，丰媒让您足不出户就能享受到全国各地丰富有营养的、特色的时令水果 ;

2017-07-26 12:29:07 trace :
------------
Array:
from : oKmKPxOZqKVeJeyZ0e0SsH_hdUAU ;
to : gh_e86b5de80d72 ;
time : 1501043346 ;
type : event ;
event : TEMPLATESENDJOBFINISH ;
tousername : gh_e86b5de80d72 ;
fromusername : oKmKPxOZqKVeJeyZ0e0SsH_hdUAU ;
createtime : 1501043346 ;
msgtype : event ;
msgid : 601988208 ;
status : success ;

2017-07-26 12:29:07 params :
------------
Array:
message : Array ;
module : basic ;
rule : 171 ;
priority : 0 ;
keyword : Array ;

2017-07-26 12:29:07 response :
------------
Array:
FromUserName : gh_e86b5de80d72 ;
ToUserName : oKmKPxOZqKVeJeyZ0e0SsH_hdUAU ;
MsgType : text ;
Content : 欢迎关注丰媒！/:rose/:rose

丰媒已经开通的深圳配送区： 
民治南景新村，民治樟坑一区，民治沙吓社区（14:00前下单，当天配送到社区合作点门口）

产地源头鲜果直摘配送，丰媒让您足不出户就能享受到全国各地丰富有营养的、特色的时令水果 ;

2017-07-26 12:32:01 trace :
------------
Array:
from : oKmKPxFDxDL62T-vps2rjMNrL97k ;
to : gh_e86b5de80d72 ;
time : 1501043520 ;
type : event ;
event : TEMPLATESENDJOBFINISH ;
tousername : gh_e86b5de80d72 ;
fromusername : oKmKPxFDxDL62T-vps2rjMNrL97k ;
createtime : 1501043520 ;
msgtype : event ;
msgid : 601988359 ;
status : success ;

2017-07-26 12:32:01 params :
------------
Array:
message : Array ;
module : basic ;
rule : 171 ;
priority : 0 ;
keyword : Array ;

2017-07-26 12:32:01 response :
------------
Array:
FromUserName : gh_e86b5de80d72 ;
ToUserName : oKmKPxFDxDL62T-vps2rjMNrL97k ;
MsgType : text ;
Content : 欢迎关注丰媒！/:rose/:rose

丰媒已经开通的深圳配送区： 
民治南景新村，民治樟坑一区，民治沙吓社区（14:00前下单，当天配送到社区合作点门口）

产地源头鲜果直摘配送，丰媒让您足不出户就能享受到全国各地丰富有营养的、特色的时令水果 ;

2017-07-26 12:38:20 trace :
------------
Array:
from : oKmKPxOZqKVeJeyZ0e0SsH_hdUAU ;
to : gh_e86b5de80d72 ;
time : 1501043900 ;
type : trace ;
event : LOCATION ;
tousername : gh_e86b5de80d72 ;
fromusername : oKmKPxOZqKVeJeyZ0e0SsH_hdUAU ;
createtime : 1501043900 ;
msgtype : event ;
latitude : 30.671970 ;
longitude : 104.066704 ;
precision : 90.000000 ;
location_x : 30.671970 ;
location_y : 104.066704 ;

2017-07-26 12:38:20 params :
------------
Array:
message : Array ;
module : default ;
rule : -1 ;

2017-07-26 12:38:20 response :
------------
Array:
errno : -1 ;
message : Invaild value ;

2017-07-26 13:35:53 trace :
------------
Array:
from : oKmKPxOZqKVeJeyZ0e0SsH_hdUAU ;
to : gh_e86b5de80d72 ;
time : 1501047353 ;
type : trace ;
event : LOCATION ;
tousername : gh_e86b5de80d72 ;
fromusername : oKmKPxOZqKVeJeyZ0e0SsH_hdUAU ;
createtime : 1501047353 ;
msgtype : event ;
latitude : 30.671902 ;
longitude : 104.066681 ;
precision : 110.000000 ;
location_x : 30.671902 ;
location_y : 104.066681 ;

2017-07-26 13:35:53 params :
------------
Array:
message : Array ;
module : default ;
rule : -1 ;

2017-07-26 13:35:53 response :
------------
Array:
errno : -1 ;
message : Invaild value ;

2017-07-26 13:35:54 trace :
------------
Array:
from : oKmKPxOZqKVeJeyZ0e0SsH_hdUAU ;
to : gh_e86b5de80d72 ;
time : 1501047353 ;
type : event ;
event : VIEW ;
tousername : gh_e86b5de80d72 ;
fromusername : oKmKPxOZqKVeJeyZ0e0SsH_hdUAU ;
createtime : 1501047353 ;
msgtype : event ;
eventkey : http://www.richmei.com/app/index.php?i=65&c=entry&eid=838 ;
menuid : 601494847 ;

2017-07-26 13:35:54 params :
------------
Array:
message : Array ;
module : basic ;
rule : 171 ;
priority : 0 ;
keyword : Array ;

2017-07-26 13:35:54 response :
------------
Array:
FromUserName : gh_e86b5de80d72 ;
ToUserName : oKmKPxOZqKVeJeyZ0e0SsH_hdUAU ;
MsgType : text ;
Content : 欢迎关注丰媒！/:rose/:rose

丰媒已经开通的深圳配送区： 
民治南景新村，民治樟坑一区，民治沙吓社区（14:00前下单，当天配送到社区合作点门口）

产地源头鲜果直摘配送，丰媒让您足不出户就能享受到全国各地丰富有营养的、特色的时令水果 ;

2017-07-26 13:36:02 trace :
------------
Array:
from : oKmKPxOZqKVeJeyZ0e0SsH_hdUAU ;
to : gh_e86b5de80d72 ;
time : 1501047362 ;
type : trace ;
event : LOCATION ;
tousername : gh_e86b5de80d72 ;
fromusername : oKmKPxOZqKVeJeyZ0e0SsH_hdUAU ;
createtime : 1501047362 ;
msgtype : event ;
latitude : 30.671902 ;
longitude : 104.066681 ;
precision : 110.000000 ;
location_x : 30.671902 ;
location_y : 104.066681 ;

2017-07-26 13:36:02 params :
------------
Array:
message : Array ;
module : default ;
rule : -1 ;

2017-07-26 13:36:02 response :
------------
Array:
errno : -1 ;
message : Invaild value ;

2017-07-26 13:36:04 trace :
------------
Array:
from : oKmKPxOZqKVeJeyZ0e0SsH_hdUAU ;
to : gh_e86b5de80d72 ;
time : 1501047363 ;
type : event ;
event : VIEW ;
tousername : gh_e86b5de80d72 ;
fromusername : oKmKPxOZqKVeJeyZ0e0SsH_hdUAU ;
createtime : 1501047363 ;
msgtype : event ;
eventkey : http://www.richmei.com/app/index.php?i=65&c=entry&eid=851 ;
menuid : 601494847 ;

2017-07-26 13:36:04 params :
------------
Array:
message : Array ;
module : basic ;
rule : 171 ;
priority : 0 ;
keyword : Array ;

2017-07-26 13:36:04 response :
------------
Array:
FromUserName : gh_e86b5de80d72 ;
ToUserName : oKmKPxOZqKVeJeyZ0e0SsH_hdUAU ;
MsgType : text ;
Content : 欢迎关注丰媒！/:rose/:rose

丰媒已经开通的深圳配送区： 
民治南景新村，民治樟坑一区，民治沙吓社区（14:00前下单，当天配送到社区合作点门口）

产地源头鲜果直摘配送，丰媒让您足不出户就能享受到全国各地丰富有营养的、特色的时令水果 ;

2017-07-26 13:36:12 trace :
------------
Array:
from : oKmKPxOZqKVeJeyZ0e0SsH_hdUAU ;
to : gh_e86b5de80d72 ;
time : 1501047371 ;
type : trace ;
event : LOCATION ;
tousername : gh_e86b5de80d72 ;
fromusername : oKmKPxOZqKVeJeyZ0e0SsH_hdUAU ;
createtime : 1501047371 ;
msgtype : event ;
latitude : 30.671970 ;
longitude : 104.066170 ;
precision : 90.000000 ;
location_x : 30.671970 ;
location_y : 104.066170 ;

2017-07-26 13:36:12 params :
------------
Array:
message : Array ;
module : default ;
rule : -1 ;

2017-07-26 13:36:12 response :
------------
Array:
errno : -1 ;
message : Invaild value ;

2017-07-26 13:36:12 trace :
------------
Array:
from : oKmKPxOZqKVeJeyZ0e0SsH_hdUAU ;
to : gh_e86b5de80d72 ;
time : 1501047372 ;
type : event ;
event : VIEW ;
tousername : gh_e86b5de80d72 ;
fromusername : oKmKPxOZqKVeJeyZ0e0SsH_hdUAU ;
createtime : 1501047372 ;
msgtype : event ;
eventkey : http://www.richmei.com/app/index.php?i=65&c=entry&eid=838 ;
menuid : 601494847 ;

2017-07-26 13:36:12 params :
------------
Array:
message : Array ;
module : basic ;
rule : 171 ;
priority : 0 ;
keyword : Array ;

2017-07-26 13:36:12 response :
------------
Array:
FromUserName : gh_e86b5de80d72 ;
ToUserName : oKmKPxOZqKVeJeyZ0e0SsH_hdUAU ;
MsgType : text ;
Content : 欢迎关注丰媒！/:rose/:rose

丰媒已经开通的深圳配送区： 
民治南景新村，民治樟坑一区，民治沙吓社区（14:00前下单，当天配送到社区合作点门口）

产地源头鲜果直摘配送，丰媒让您足不出户就能享受到全国各地丰富有营养的、特色的时令水果 ;

2017-07-26 13:36:30 trace :
------------
Array:
from : oKmKPxOZqKVeJeyZ0e0SsH_hdUAU ;
to : gh_e86b5de80d72 ;
time : 1501047389 ;
type : trace ;
event : LOCATION ;
tousername : gh_e86b5de80d72 ;
fromusername : oKmKPxOZqKVeJeyZ0e0SsH_hdUAU ;
createtime : 1501047389 ;
msgtype : event ;
latitude : 30.671970 ;
longitude : 104.066170 ;
precision : 90.000000 ;
location_x : 30.671970 ;
location_y : 104.066170 ;

2017-07-26 13:36:30 params :
------------
Array:
message : Array ;
module : default ;
rule : -1 ;

2017-07-26 13:36:30 response :
------------
Array:
errno : -1 ;
message : Invaild value ;

2017-07-26 13:40:34 trace :
------------
Array:
from : oKmKPxOZqKVeJeyZ0e0SsH_hdUAU ;
to : gh_e86b5de80d72 ;
time : 1501047633 ;
type : event ;
event : VIEW ;
tousername : gh_e86b5de80d72 ;
fromusername : oKmKPxOZqKVeJeyZ0e0SsH_hdUAU ;
createtime : 1501047633 ;
msgtype : event ;
eventkey : http://www.richmei.com/app/index.php?i=65&c=entry&eid=838 ;
menuid : 601494847 ;

2017-07-26 13:40:34 params :
------------
Array:
message : Array ;
module : basic ;
rule : 171 ;
priority : 0 ;
keyword : Array ;

2017-07-26 13:40:34 response :
------------
Array:
FromUserName : gh_e86b5de80d72 ;
ToUserName : oKmKPxOZqKVeJeyZ0e0SsH_hdUAU ;
MsgType : text ;
Content : 欢迎关注丰媒！/:rose/:rose

丰媒已经开通的深圳配送区： 
民治南景新村，民治樟坑一区，民治沙吓社区（14:00前下单，当天配送到社区合作点门口）

产地源头鲜果直摘配送，丰媒让您足不出户就能享受到全国各地丰富有营养的、特色的时令水果 ;

2017-07-26 13:41:01 trace :
------------
Array:
from : oKmKPxOZqKVeJeyZ0e0SsH_hdUAU ;
to : gh_e86b5de80d72 ;
time : 1501047661 ;
type : event ;
event : TEMPLATESENDJOBFINISH ;
tousername : gh_e86b5de80d72 ;
fromusername : oKmKPxOZqKVeJeyZ0e0SsH_hdUAU ;
createtime : 1501047661 ;
msgtype : event ;
msgid : 601991797 ;
status : success ;

2017-07-26 13:41:01 params :
------------
Array:
message : Array ;
module : basic ;
rule : 171 ;
priority : 0 ;
keyword : Array ;

2017-07-26 13:41:01 response :
------------
Array:
FromUserName : gh_e86b5de80d72 ;
ToUserName : oKmKPxOZqKVeJeyZ0e0SsH_hdUAU ;
MsgType : text ;
Content : 欢迎关注丰媒！/:rose/:rose

丰媒已经开通的深圳配送区： 
民治南景新村，民治樟坑一区，民治沙吓社区（14:00前下单，当天配送到社区合作点门口）

产地源头鲜果直摘配送，丰媒让您足不出户就能享受到全国各地丰富有营养的、特色的时令水果 ;

2017-07-26 13:41:01 trace :
------------
Array:
from : oKmKPxOZqKVeJeyZ0e0SsH_hdUAU ;
to : gh_e86b5de80d72 ;
time : 1501047661 ;
type : event ;
event : TEMPLATESENDJOBFINISH ;
tousername : gh_e86b5de80d72 ;
fromusername : oKmKPxOZqKVeJeyZ0e0SsH_hdUAU ;
createtime : 1501047661 ;
msgtype : event ;
msgid : 601991798 ;
status : success ;

2017-07-26 13:41:01 params :
------------
Array:
message : Array ;
module : basic ;
rule : 171 ;
priority : 0 ;
keyword : Array ;

2017-07-26 13:41:01 response :
------------
Array:
FromUserName : gh_e86b5de80d72 ;
ToUserName : oKmKPxOZqKVeJeyZ0e0SsH_hdUAU ;
MsgType : text ;
Content : 欢迎关注丰媒！/:rose/:rose

丰媒已经开通的深圳配送区： 
民治南景新村，民治樟坑一区，民治沙吓社区（14:00前下单，当天配送到社区合作点门口）

产地源头鲜果直摘配送，丰媒让您足不出户就能享受到全国各地丰富有营养的、特色的时令水果 ;

2017-07-26 13:44:05 trace :
------------
Array:
from : oKmKPxOZqKVeJeyZ0e0SsH_hdUAU ;
to : gh_e86b5de80d72 ;
time : 1501047845 ;
type : event ;
event : VIEW ;
tousername : gh_e86b5de80d72 ;
fromusername : oKmKPxOZqKVeJeyZ0e0SsH_hdUAU ;
createtime : 1501047845 ;
msgtype : event ;
eventkey : http://www.richmei.com/app/index.php?i=65&c=entry&eid=838 ;
menuid : 601494847 ;

2017-07-26 13:44:05 params :
------------
Array:
message : Array ;
module : basic ;
rule : 171 ;
priority : 0 ;
keyword : Array ;

2017-07-26 13:44:05 response :
------------
Array:
FromUserName : gh_e86b5de80d72 ;
ToUserName : oKmKPxOZqKVeJeyZ0e0SsH_hdUAU ;
MsgType : text ;
Content : 欢迎关注丰媒！/:rose/:rose

丰媒已经开通的深圳配送区： 
民治南景新村，民治樟坑一区，民治沙吓社区（14:00前下单，当天配送到社区合作点门口）

产地源头鲜果直摘配送，丰媒让您足不出户就能享受到全国各地丰富有营养的、特色的时令水果 ;

2017-07-26 13:44:33 trace :
------------
Array:
from : oKmKPxOZqKVeJeyZ0e0SsH_hdUAU ;
to : gh_e86b5de80d72 ;
time : 1501047872 ;
type : event ;
event : TEMPLATESENDJOBFINISH ;
tousername : gh_e86b5de80d72 ;
fromusername : oKmKPxOZqKVeJeyZ0e0SsH_hdUAU ;
createtime : 1501047872 ;
msgtype : event ;
msgid : 601992018 ;
status : success ;

2017-07-26 13:44:33 params :
------------
Array:
message : Array ;
module : basic ;
rule : 171 ;
priority : 0 ;
keyword : Array ;

2017-07-26 13:44:33 response :
------------
Array:
FromUserName : gh_e86b5de80d72 ;
ToUserName : oKmKPxOZqKVeJeyZ0e0SsH_hdUAU ;
MsgType : text ;
Content : 欢迎关注丰媒！/:rose/:rose

丰媒已经开通的深圳配送区： 
民治南景新村，民治樟坑一区，民治沙吓社区（14:00前下单，当天配送到社区合作点门口）

产地源头鲜果直摘配送，丰媒让您足不出户就能享受到全国各地丰富有营养的、特色的时令水果 ;

2017-07-26 13:44:33 trace :
------------
Array:
from : oKmKPxOZqKVeJeyZ0e0SsH_hdUAU ;
to : gh_e86b5de80d72 ;
time : 1501047872 ;
type : event ;
event : TEMPLATESENDJOBFINISH ;
tousername : gh_e86b5de80d72 ;
fromusername : oKmKPxOZqKVeJeyZ0e0SsH_hdUAU ;
createtime : 1501047872 ;
msgtype : event ;
msgid : 601992020 ;
status : success ;

2017-07-26 13:44:33 params :
------------
Array:
message : Array ;
module : basic ;
rule : 171 ;
priority : 0 ;
keyword : Array ;

2017-07-26 13:44:33 response :
------------
Array:
FromUserName : gh_e86b5de80d72 ;
ToUserName : oKmKPxOZqKVeJeyZ0e0SsH_hdUAU ;
MsgType : text ;
Content : 欢迎关注丰媒！/:rose/:rose

丰媒已经开通的深圳配送区： 
民治南景新村，民治樟坑一区，民治沙吓社区（14:00前下单，当天配送到社区合作点门口）

产地源头鲜果直摘配送，丰媒让您足不出户就能享受到全国各地丰富有营养的、特色的时令水果 ;

2017-07-26 13:45:55 trace :
------------
Array:
from : oKmKPxKBnGN-iFbQdoJbzAjbZ4Fc ;
to : gh_e86b5de80d72 ;
time : 1501047955 ;
type : event ;
event : VIEW ;
tousername : gh_e86b5de80d72 ;
fromusername : oKmKPxKBnGN-iFbQdoJbzAjbZ4Fc ;
createtime : 1501047955 ;
msgtype : event ;
eventkey : http://www.richmei.com/app/index.php?i=65&c=entry&eid=851 ;
menuid : 601494847 ;

2017-07-26 13:45:55 params :
------------
Array:
message : Array ;
module : basic ;
rule : 171 ;
priority : 0 ;
keyword : Array ;

2017-07-26 13:45:55 response :
------------
Array:
FromUserName : gh_e86b5de80d72 ;
ToUserName : oKmKPxKBnGN-iFbQdoJbzAjbZ4Fc ;
MsgType : text ;
Content : 欢迎关注丰媒！/:rose/:rose

丰媒已经开通的深圳配送区： 
民治南景新村，民治樟坑一区，民治沙吓社区（14:00前下单，当天配送到社区合作点门口）

产地源头鲜果直摘配送，丰媒让您足不出户就能享受到全国各地丰富有营养的、特色的时令水果 ;

2017-07-26 13:46:00 trace :
------------
Array:
from : oKmKPxKBnGN-iFbQdoJbzAjbZ4Fc ;
to : gh_e86b5de80d72 ;
time : 1501047959 ;
type : event ;
event : VIEW ;
tousername : gh_e86b5de80d72 ;
fromusername : oKmKPxKBnGN-iFbQdoJbzAjbZ4Fc ;
createtime : 1501047959 ;
msgtype : event ;
eventkey : http://www.richmei.com/app/index.php?i=65&c=entry&eid=838 ;
menuid : 601494847 ;

2017-07-26 13:46:00 params :
------------
Array:
message : Array ;
module : basic ;
rule : 171 ;
priority : 0 ;
keyword : Array ;

2017-07-26 13:46:00 response :
------------
Array:
FromUserName : gh_e86b5de80d72 ;
ToUserName : oKmKPxKBnGN-iFbQdoJbzAjbZ4Fc ;
MsgType : text ;
Content : 欢迎关注丰媒！/:rose/:rose

丰媒已经开通的深圳配送区： 
民治南景新村，民治樟坑一区，民治沙吓社区（14:00前下单，当天配送到社区合作点门口）

产地源头鲜果直摘配送，丰媒让您足不出户就能享受到全国各地丰富有营养的、特色的时令水果 ;

2017-07-26 14:17:15 trace :
------------
Array:
from : oKmKPxKBnGN-iFbQdoJbzAjbZ4Fc ;
to : gh_e86b5de80d72 ;
time : 1501049834 ;
type : event ;
event : VIEW ;
tousername : gh_e86b5de80d72 ;
fromusername : oKmKPxKBnGN-iFbQdoJbzAjbZ4Fc ;
createtime : 1501049834 ;
msgtype : event ;
eventkey : http://www.richmei.com/app/index.php?i=65&c=entry&eid=838 ;
menuid : 601494847 ;

2017-07-26 14:17:15 params :
------------
Array:
message : Array ;
module : basic ;
rule : 171 ;
priority : 0 ;
keyword : Array ;

2017-07-26 14:17:15 response :
------------
Array:
FromUserName : gh_e86b5de80d72 ;
ToUserName : oKmKPxKBnGN-iFbQdoJbzAjbZ4Fc ;
MsgType : text ;
Content : 欢迎关注丰媒！/:rose/:rose

丰媒已经开通的深圳配送区： 
民治南景新村，民治樟坑一区，民治沙吓社区（14:00前下单，当天配送到社区合作点门口）

产地源头鲜果直摘配送，丰媒让您足不出户就能享受到全国各地丰富有营养的、特色的时令水果 ;

2017-07-26 14:23:30 trace :
------------
Array:
from : oKmKPxOZqKVeJeyZ0e0SsH_hdUAU ;
to : gh_e86b5de80d72 ;
time : 1501050210 ;
type : trace ;
event : LOCATION ;
tousername : gh_e86b5de80d72 ;
fromusername : oKmKPxOZqKVeJeyZ0e0SsH_hdUAU ;
createtime : 1501050210 ;
msgtype : event ;
latitude : 30.671902 ;
longitude : 104.066681 ;
precision : 110.000000 ;
location_x : 30.671902 ;
location_y : 104.066681 ;

2017-07-26 14:23:30 params :
------------
Array:
message : Array ;
module : default ;
rule : -1 ;

2017-07-26 14:23:30 response :
------------
Array:
errno : -1 ;
message : Invaild value ;

2017-07-26 14:29:06 trace :
------------
Array:
from : oKmKPxKBnGN-iFbQdoJbzAjbZ4Fc ;
to : gh_e86b5de80d72 ;
time : 1501050545 ;
type : trace ;
event : LOCATION ;
tousername : gh_e86b5de80d72 ;
fromusername : oKmKPxKBnGN-iFbQdoJbzAjbZ4Fc ;
createtime : 1501050545 ;
msgtype : event ;
latitude : 22.635933 ;
longitude : 114.048424 ;
precision : 65.000000 ;
location_x : 22.635933 ;
location_y : 114.048424 ;

2017-07-26 14:29:06 params :
------------
Array:
message : Array ;
module : default ;
rule : -1 ;

2017-07-26 14:29:06 response :
------------
Array:
errno : -1 ;
message : Invaild value ;

2017-07-26 14:29:07 trace :
------------
Array:
from : oKmKPxKBnGN-iFbQdoJbzAjbZ4Fc ;
to : gh_e86b5de80d72 ;
time : 1501050546 ;
type : event ;
event : VIEW ;
tousername : gh_e86b5de80d72 ;
fromusername : oKmKPxKBnGN-iFbQdoJbzAjbZ4Fc ;
createtime : 1501050546 ;
msgtype : event ;
eventkey : http://www.richmei.com/app/index.php?i=65&c=entry&eid=851 ;
menuid : 601494847 ;

2017-07-26 14:29:07 params :
------------
Array:
message : Array ;
module : basic ;
rule : 171 ;
priority : 0 ;
keyword : Array ;

2017-07-26 14:29:07 response :
------------
Array:
FromUserName : gh_e86b5de80d72 ;
ToUserName : oKmKPxKBnGN-iFbQdoJbzAjbZ4Fc ;
MsgType : text ;
Content : 欢迎关注丰媒！/:rose/:rose

丰媒已经开通的深圳配送区： 
民治南景新村，民治樟坑一区，民治沙吓社区（14:00前下单，当天配送到社区合作点门口）

产地源头鲜果直摘配送，丰媒让您足不出户就能享受到全国各地丰富有营养的、特色的时令水果 ;

2017-07-26 15:14:41 trace :
------------
Array:
from : oKmKPxDXk3aEiLWINN8vYJepCLyE ;
to : gh_e86b5de80d72 ;
time : 1501053280 ;
type : event ;
event : VIEW ;
tousername : gh_e86b5de80d72 ;
fromusername : oKmKPxDXk3aEiLWINN8vYJepCLyE ;
createtime : 1501053280 ;
msgtype : event ;
eventkey : http://www.richmei.com/app/index.php?i=65&c=entry&eid=851 ;
menuid : 601494847 ;

2017-07-26 15:14:41 params :
------------
Array:
message : Array ;
module : basic ;
rule : 171 ;
priority : 0 ;
keyword : Array ;

2017-07-26 15:14:41 response :
------------
Array:
FromUserName : gh_e86b5de80d72 ;
ToUserName : oKmKPxDXk3aEiLWINN8vYJepCLyE ;
MsgType : text ;
Content : 欢迎关注丰媒！/:rose/:rose

丰媒已经开通的深圳配送区： 
民治南景新村，民治樟坑一区，民治沙吓社区（14:00前下单，当天配送到社区合作点门口）

产地源头鲜果直摘配送，丰媒让您足不出户就能享受到全国各地丰富有营养的、特色的时令水果 ;

2017-07-26 15:14:44 trace :
------------
Array:
from : oKmKPxDXk3aEiLWINN8vYJepCLyE ;
to : gh_e86b5de80d72 ;
time : 1501053284 ;
type : event ;
event : VIEW ;
tousername : gh_e86b5de80d72 ;
fromusername : oKmKPxDXk3aEiLWINN8vYJepCLyE ;
createtime : 1501053284 ;
msgtype : event ;
eventkey : http://www.richmei.com/app/index.php?i=65&c=entry&eid=838 ;
menuid : 601494847 ;

2017-07-26 15:14:44 params :
------------
Array:
message : Array ;
module : basic ;
rule : 171 ;
priority : 0 ;
keyword : Array ;

2017-07-26 15:14:44 response :
------------
Array:
FromUserName : gh_e86b5de80d72 ;
ToUserName : oKmKPxDXk3aEiLWINN8vYJepCLyE ;
MsgType : text ;
Content : 欢迎关注丰媒！/:rose/:rose

丰媒已经开通的深圳配送区： 
民治南景新村，民治樟坑一区，民治沙吓社区（14:00前下单，当天配送到社区合作点门口）

产地源头鲜果直摘配送，丰媒让您足不出户就能享受到全国各地丰富有营养的、特色的时令水果 ;

2017-07-26 15:15:14 trace :
------------
Array:
from : oKmKPxDXk3aEiLWINN8vYJepCLyE ;
to : gh_e86b5de80d72 ;
time : 1501053313 ;
type : event ;
event : VIEW ;
tousername : gh_e86b5de80d72 ;
fromusername : oKmKPxDXk3aEiLWINN8vYJepCLyE ;
createtime : 1501053313 ;
msgtype : event ;
eventkey : http://www.richmei.com/app/index.php?i=65&c=entry&eid=838 ;
menuid : 601494847 ;

2017-07-26 15:15:14 params :
------------
Array:
message : Array ;
module : basic ;
rule : 171 ;
priority : 0 ;
keyword : Array ;

2017-07-26 15:15:14 response :
------------
Array:
FromUserName : gh_e86b5de80d72 ;
ToUserName : oKmKPxDXk3aEiLWINN8vYJepCLyE ;
MsgType : text ;
Content : 欢迎关注丰媒！/:rose/:rose

丰媒已经开通的深圳配送区： 
民治南景新村，民治樟坑一区，民治沙吓社区（14:00前下单，当天配送到社区合作点门口）

产地源头鲜果直摘配送，丰媒让您足不出户就能享受到全国各地丰富有营养的、特色的时令水果 ;

2017-07-26 15:15:34 trace :
------------
Array:
from : oKmKPxDXk3aEiLWINN8vYJepCLyE ;
to : gh_e86b5de80d72 ;
time : 1501053334 ;
type : event ;
event : VIEW ;
tousername : gh_e86b5de80d72 ;
fromusername : oKmKPxDXk3aEiLWINN8vYJepCLyE ;
createtime : 1501053334 ;
msgtype : event ;
eventkey : http://www.richmei.com/app/index.php?i=65&c=entry&eid=851 ;
menuid : 601494847 ;

2017-07-26 15:15:34 params :
------------
Array:
message : Array ;
module : basic ;
rule : 171 ;
priority : 0 ;
keyword : Array ;

2017-07-26 15:15:34 response :
------------
Array:
FromUserName : gh_e86b5de80d72 ;
ToUserName : oKmKPxDXk3aEiLWINN8vYJepCLyE ;
MsgType : text ;
Content : 欢迎关注丰媒！/:rose/:rose

丰媒已经开通的深圳配送区： 
民治南景新村，民治樟坑一区，民治沙吓社区（14:00前下单，当天配送到社区合作点门口）

产地源头鲜果直摘配送，丰媒让您足不出户就能享受到全国各地丰富有营养的、特色的时令水果 ;

2017-07-26 15:22:54 trace :
------------
Array:
from : oKmKPxOZqKVeJeyZ0e0SsH_hdUAU ;
to : gh_e86b5de80d72 ;
time : 1501053774 ;
type : event ;
event : TEMPLATESENDJOBFINISH ;
tousername : gh_e86b5de80d72 ;
fromusername : oKmKPxOZqKVeJeyZ0e0SsH_hdUAU ;
createtime : 1501053774 ;
msgtype : event ;
msgid : 601996765 ;
status : success ;

2017-07-26 15:22:54 params :
------------
Array:
message : Array ;
module : basic ;
rule : 171 ;
priority : 0 ;
keyword : Array ;

2017-07-26 15:22:54 response :
------------
Array:
FromUserName : gh_e86b5de80d72 ;
ToUserName : oKmKPxOZqKVeJeyZ0e0SsH_hdUAU ;
MsgType : text ;
Content : 欢迎关注丰媒！/:rose/:rose

丰媒已经开通的深圳配送区： 
民治南景新村，民治樟坑一区，民治沙吓社区（14:00前下单，当天配送到社区合作点门口）

产地源头鲜果直摘配送，丰媒让您足不出户就能享受到全国各地丰富有营养的、特色的时令水果 ;

2017-07-26 15:23:49 trace :
------------
Array:
from : oKmKPxOZqKVeJeyZ0e0SsH_hdUAU ;
to : gh_e86b5de80d72 ;
time : 1501053828 ;
type : event ;
event : TEMPLATESENDJOBFINISH ;
tousername : gh_e86b5de80d72 ;
fromusername : oKmKPxOZqKVeJeyZ0e0SsH_hdUAU ;
createtime : 1501053828 ;
msgtype : event ;
msgid : 601996803 ;
status : success ;

2017-07-26 15:23:49 params :
------------
Array:
message : Array ;
module : basic ;
rule : 171 ;
priority : 0 ;
keyword : Array ;

2017-07-26 15:23:49 response :
------------
Array:
FromUserName : gh_e86b5de80d72 ;
ToUserName : oKmKPxOZqKVeJeyZ0e0SsH_hdUAU ;
MsgType : text ;
Content : 欢迎关注丰媒！/:rose/:rose

丰媒已经开通的深圳配送区： 
民治南景新村，民治樟坑一区，民治沙吓社区（14:00前下单，当天配送到社区合作点门口）

产地源头鲜果直摘配送，丰媒让您足不出户就能享受到全国各地丰富有营养的、特色的时令水果 ;

2017-07-26 15:31:08 trace :
------------
Array:
from : oKmKPxOZqKVeJeyZ0e0SsH_hdUAU ;
to : gh_e86b5de80d72 ;
time : 1501054268 ;
type : event ;
event : TEMPLATESENDJOBFINISH ;
tousername : gh_e86b5de80d72 ;
fromusername : oKmKPxOZqKVeJeyZ0e0SsH_hdUAU ;
createtime : 1501054268 ;
msgtype : event ;
msgid : 601997213 ;
status : success ;

2017-07-26 15:31:08 params :
------------
Array:
message : Array ;
module : basic ;
rule : 171 ;
priority : 0 ;
keyword : Array ;

2017-07-26 15:31:08 response :
------------
Array:
FromUserName : gh_e86b5de80d72 ;
ToUserName : oKmKPxOZqKVeJeyZ0e0SsH_hdUAU ;
MsgType : text ;
Content : 欢迎关注丰媒！/:rose/:rose

丰媒已经开通的深圳配送区： 
民治南景新村，民治樟坑一区，民治沙吓社区（14:00前下单，当天配送到社区合作点门口）

产地源头鲜果直摘配送，丰媒让您足不出户就能享受到全国各地丰富有营养的、特色的时令水果 ;

2017-07-26 15:32:49 trace :
------------
Array:
from : oKmKPxOZqKVeJeyZ0e0SsH_hdUAU ;
to : gh_e86b5de80d72 ;
time : 1501054369 ;
type : event ;
event : TEMPLATESENDJOBFINISH ;
tousername : gh_e86b5de80d72 ;
fromusername : oKmKPxOZqKVeJeyZ0e0SsH_hdUAU ;
createtime : 1501054369 ;
msgtype : event ;
msgid : 601997284 ;
status : success ;

2017-07-26 15:32:49 params :
------------
Array:
message : Array ;
module : basic ;
rule : 171 ;
priority : 0 ;
keyword : Array ;

2017-07-26 15:32:49 response :
------------
Array:
FromUserName : gh_e86b5de80d72 ;
ToUserName : oKmKPxOZqKVeJeyZ0e0SsH_hdUAU ;
MsgType : text ;
Content : 欢迎关注丰媒！/:rose/:rose

丰媒已经开通的深圳配送区： 
民治南景新村，民治樟坑一区，民治沙吓社区（14:00前下单，当天配送到社区合作点门口）

产地源头鲜果直摘配送，丰媒让您足不出户就能享受到全国各地丰富有营养的、特色的时令水果 ;

2017-07-26 16:42:39 trace :
------------
Array:
from : oKmKPxKBnGN-iFbQdoJbzAjbZ4Fc ;
to : gh_e86b5de80d72 ;
time : 1501058559 ;
type : trace ;
event : LOCATION ;
tousername : gh_e86b5de80d72 ;
fromusername : oKmKPxKBnGN-iFbQdoJbzAjbZ4Fc ;
createtime : 1501058559 ;
msgtype : event ;
latitude : 22.635908 ;
longitude : 114.048409 ;
precision : 65.000000 ;
location_x : 22.635908 ;
location_y : 114.048409 ;

2017-07-26 16:42:39 params :
------------
Array:
message : Array ;
module : default ;
rule : -1 ;

2017-07-26 16:42:39 response :
------------
Array:
errno : -1 ;
message : Invaild value ;

2017-07-26 16:42:40 trace :
------------
Array:
from : oKmKPxKBnGN-iFbQdoJbzAjbZ4Fc ;
to : gh_e86b5de80d72 ;
time : 1501058560 ;
type : event ;
event : VIEW ;
tousername : gh_e86b5de80d72 ;
fromusername : oKmKPxKBnGN-iFbQdoJbzAjbZ4Fc ;
createtime : 1501058560 ;
msgtype : event ;
eventkey : http://www.richmei.com/app/index.php?i=65&c=entry&eid=851 ;
menuid : 601494847 ;

2017-07-26 16:42:40 params :
------------
Array:
message : Array ;
module : basic ;
rule : 171 ;
priority : 0 ;
keyword : Array ;

2017-07-26 16:42:40 response :
------------
Array:
FromUserName : gh_e86b5de80d72 ;
ToUserName : oKmKPxKBnGN-iFbQdoJbzAjbZ4Fc ;
MsgType : text ;
Content : 欢迎关注丰媒！/:rose/:rose

丰媒已经开通的深圳配送区： 
民治南景新村，民治樟坑一区，民治沙吓社区（14:00前下单，当天配送到社区合作点门口）

产地源头鲜果直摘配送，丰媒让您足不出户就能享受到全国各地丰富有营养的、特色的时令水果 ;

2017-07-26 16:42:50 trace :
------------
Array:
from : oKmKPxKBnGN-iFbQdoJbzAjbZ4Fc ;
to : gh_e86b5de80d72 ;
time : 1501058569 ;
type : event ;
event : VIEW ;
tousername : gh_e86b5de80d72 ;
fromusername : oKmKPxKBnGN-iFbQdoJbzAjbZ4Fc ;
createtime : 1501058569 ;
msgtype : event ;
eventkey : http://www.richmei.com/app/index.php?i=65&c=entry&eid=851 ;
menuid : 601494847 ;

2017-07-26 16:42:50 params :
------------
Array:
message : Array ;
module : basic ;
rule : 171 ;
priority : 0 ;
keyword : Array ;

2017-07-26 16:42:50 response :
------------
Array:
FromUserName : gh_e86b5de80d72 ;
ToUserName : oKmKPxKBnGN-iFbQdoJbzAjbZ4Fc ;
MsgType : text ;
Content : 欢迎关注丰媒！/:rose/:rose

丰媒已经开通的深圳配送区： 
民治南景新村，民治樟坑一区，民治沙吓社区（14:00前下单，当天配送到社区合作点门口）

产地源头鲜果直摘配送，丰媒让您足不出户就能享受到全国各地丰富有营养的、特色的时令水果 ;

2017-07-26 17:03:04 trace :
------------
Array:
from : oKmKPxKBnGN-iFbQdoJbzAjbZ4Fc ;
to : gh_e86b5de80d72 ;
time : 1501059783 ;
type : trace ;
event : LOCATION ;
tousername : gh_e86b5de80d72 ;
fromusername : oKmKPxKBnGN-iFbQdoJbzAjbZ4Fc ;
createtime : 1501059783 ;
msgtype : event ;
latitude : 22.635914 ;
longitude : 114.048332 ;
precision : 65.000000 ;
location_x : 22.635914 ;
location_y : 114.048332 ;

2017-07-26 17:03:04 params :
------------
Array:
message : Array ;
module : default ;
rule : -1 ;

2017-07-26 17:03:04 response :
------------
Array:
errno : -1 ;
message : Invaild value ;

2017-07-26 17:03:06 trace :
------------
Array:
from : oKmKPxKBnGN-iFbQdoJbzAjbZ4Fc ;
to : gh_e86b5de80d72 ;
time : 1501059785 ;
type : event ;
event : VIEW ;
tousername : gh_e86b5de80d72 ;
fromusername : oKmKPxKBnGN-iFbQdoJbzAjbZ4Fc ;
createtime : 1501059785 ;
msgtype : event ;
eventkey : http://www.richmei.com/app/index.php?i=65&c=entry&eid=838 ;
menuid : 601494847 ;

2017-07-26 17:03:06 params :
------------
Array:
message : Array ;
module : basic ;
rule : 171 ;
priority : 0 ;
keyword : Array ;

2017-07-26 17:03:06 response :
------------
Array:
FromUserName : gh_e86b5de80d72 ;
ToUserName : oKmKPxKBnGN-iFbQdoJbzAjbZ4Fc ;
MsgType : text ;
Content : 欢迎关注丰媒！/:rose/:rose

丰媒已经开通的深圳配送区： 
民治南景新村，民治樟坑一区，民治沙吓社区（14:00前下单，当天配送到社区合作点门口）

产地源头鲜果直摘配送，丰媒让您足不出户就能享受到全国各地丰富有营养的、特色的时令水果 ;

2017-07-26 17:09:26 trace :
------------
Array:
from : oKmKPxKBnGN-iFbQdoJbzAjbZ4Fc ;
to : gh_e86b5de80d72 ;
time : 1501060166 ;
type : trace ;
event : LOCATION ;
tousername : gh_e86b5de80d72 ;
fromusername : oKmKPxKBnGN-iFbQdoJbzAjbZ4Fc ;
createtime : 1501060166 ;
msgtype : event ;
latitude : 22.635859 ;
longitude : 114.048424 ;
precision : 65.000000 ;
location_x : 22.635859 ;
location_y : 114.048424 ;

2017-07-26 17:09:26 params :
------------
Array:
message : Array ;
module : default ;
rule : -1 ;

2017-07-26 17:09:26 response :
------------
Array:
errno : -1 ;
message : Invaild value ;

2017-07-26 17:09:27 trace :
------------
Array:
from : oKmKPxKBnGN-iFbQdoJbzAjbZ4Fc ;
to : gh_e86b5de80d72 ;
time : 1501060167 ;
type : event ;
event : VIEW ;
tousername : gh_e86b5de80d72 ;
fromusername : oKmKPxKBnGN-iFbQdoJbzAjbZ4Fc ;
createtime : 1501060167 ;
msgtype : event ;
eventkey : http://www.richmei.com/app/index.php?i=65&c=entry&eid=851 ;
menuid : 601494847 ;

2017-07-26 17:09:27 params :
------------
Array:
message : Array ;
module : basic ;
rule : 171 ;
priority : 0 ;
keyword : Array ;

2017-07-26 17:09:27 response :
------------
Array:
FromUserName : gh_e86b5de80d72 ;
ToUserName : oKmKPxKBnGN-iFbQdoJbzAjbZ4Fc ;
MsgType : text ;
Content : 欢迎关注丰媒！/:rose/:rose

丰媒已经开通的深圳配送区： 
民治南景新村，民治樟坑一区，民治沙吓社区（14:00前下单，当天配送到社区合作点门口）

产地源头鲜果直摘配送，丰媒让您足不出户就能享受到全国各地丰富有营养的、特色的时令水果 ;

2017-07-26 17:09:39 trace :
------------
Array:
from : oKmKPxKBnGN-iFbQdoJbzAjbZ4Fc ;
to : gh_e86b5de80d72 ;
time : 1501060179 ;
type : event ;
event : VIEW ;
tousername : gh_e86b5de80d72 ;
fromusername : oKmKPxKBnGN-iFbQdoJbzAjbZ4Fc ;
createtime : 1501060179 ;
msgtype : event ;
eventkey : http://www.richmei.com/app/index.php?i=65&c=entry&eid=838 ;
menuid : 601494847 ;

2017-07-26 17:09:39 params :
------------
Array:
message : Array ;
module : basic ;
rule : 171 ;
priority : 0 ;
keyword : Array ;

2017-07-26 17:09:39 response :
------------
Array:
FromUserName : gh_e86b5de80d72 ;
ToUserName : oKmKPxKBnGN-iFbQdoJbzAjbZ4Fc ;
MsgType : text ;
Content : 欢迎关注丰媒！/:rose/:rose

丰媒已经开通的深圳配送区： 
民治南景新村，民治樟坑一区，民治沙吓社区（14:00前下单，当天配送到社区合作点门口）

产地源头鲜果直摘配送，丰媒让您足不出户就能享受到全国各地丰富有营养的、特色的时令水果 ;

2017-07-26 17:09:42 trace :
------------
Array:
from : oKmKPxKBnGN-iFbQdoJbzAjbZ4Fc ;
to : gh_e86b5de80d72 ;
time : 1501060181 ;
type : event ;
event : VIEW ;
tousername : gh_e86b5de80d72 ;
fromusername : oKmKPxKBnGN-iFbQdoJbzAjbZ4Fc ;
createtime : 1501060181 ;
msgtype : event ;
eventkey : http://www.richmei.com/app/index.php?i=65&c=entry&eid=838 ;
menuid : 601494847 ;

2017-07-26 17:09:42 params :
------------
Array:
message : Array ;
module : basic ;
rule : 171 ;
priority : 0 ;
keyword : Array ;

2017-07-26 17:09:42 response :
------------
Array:
FromUserName : gh_e86b5de80d72 ;
ToUserName : oKmKPxKBnGN-iFbQdoJbzAjbZ4Fc ;
MsgType : text ;
Content : 欢迎关注丰媒！/:rose/:rose

丰媒已经开通的深圳配送区： 
民治南景新村，民治樟坑一区，民治沙吓社区（14:00前下单，当天配送到社区合作点门口）

产地源头鲜果直摘配送，丰媒让您足不出户就能享受到全国各地丰富有营养的、特色的时令水果 ;

2017-07-26 17:11:55 trace :
------------
Array:
from : oKmKPxKBnGN-iFbQdoJbzAjbZ4Fc ;
to : gh_e86b5de80d72 ;
time : 1501060315 ;
type : event ;
event : VIEW ;
tousername : gh_e86b5de80d72 ;
fromusername : oKmKPxKBnGN-iFbQdoJbzAjbZ4Fc ;
createtime : 1501060315 ;
msgtype : event ;
eventkey : http://www.richmei.com/app/index.php?i=65&c=entry&eid=851 ;
menuid : 601494847 ;

2017-07-26 17:11:55 params :
------------
Array:
message : Array ;
module : basic ;
rule : 171 ;
priority : 0 ;
keyword : Array ;

2017-07-26 17:11:55 response :
------------
Array:
FromUserName : gh_e86b5de80d72 ;
ToUserName : oKmKPxKBnGN-iFbQdoJbzAjbZ4Fc ;
MsgType : text ;
Content : 欢迎关注丰媒！/:rose/:rose

丰媒已经开通的深圳配送区： 
民治南景新村，民治樟坑一区，民治沙吓社区（14:00前下单，当天配送到社区合作点门口）

产地源头鲜果直摘配送，丰媒让您足不出户就能享受到全国各地丰富有营养的、特色的时令水果 ;

2017-07-26 17:13:34 trace :
------------
Array:
from : oKmKPxKBnGN-iFbQdoJbzAjbZ4Fc ;
to : gh_e86b5de80d72 ;
time : 1501060413 ;
type : trace ;
event : LOCATION ;
tousername : gh_e86b5de80d72 ;
fromusername : oKmKPxKBnGN-iFbQdoJbzAjbZ4Fc ;
createtime : 1501060413 ;
msgtype : event ;
latitude : 22.635876 ;
longitude : 114.048363 ;
precision : 65.000000 ;
location_x : 22.635876 ;
location_y : 114.048363 ;

2017-07-26 17:13:34 params :
------------
Array:
message : Array ;
module : default ;
rule : -1 ;

2017-07-26 17:13:34 response :
------------
Array:
errno : -1 ;
message : Invaild value ;

2017-07-26 17:13:37 trace :
------------
Array:
from : oKmKPxKBnGN-iFbQdoJbzAjbZ4Fc ;
to : gh_e86b5de80d72 ;
time : 1501060416 ;
type : trace ;
event : LOCATION ;
tousername : gh_e86b5de80d72 ;
fromusername : oKmKPxKBnGN-iFbQdoJbzAjbZ4Fc ;
createtime : 1501060416 ;
msgtype : event ;
latitude : 22.635866 ;
longitude : 114.048409 ;
precision : 65.000000 ;
location_x : 22.635866 ;
location_y : 114.048409 ;

2017-07-26 17:13:37 params :
------------
Array:
message : Array ;
module : default ;
rule : -1 ;

2017-07-26 17:13:37 response :
------------
Array:
errno : -1 ;
message : Invaild value ;

2017-07-26 17:13:41 trace :
------------
Array:
from : oKmKPxKBnGN-iFbQdoJbzAjbZ4Fc ;
to : gh_e86b5de80d72 ;
time : 1501060420 ;
type : event ;
event : VIEW ;
tousername : gh_e86b5de80d72 ;
fromusername : oKmKPxKBnGN-iFbQdoJbzAjbZ4Fc ;
createtime : 1501060420 ;
msgtype : event ;
eventkey : http://www.richmei.com/app/index.php?i=65&c=entry&eid=851 ;
menuid : 601494847 ;

2017-07-26 17:13:41 params :
------------
Array:
message : Array ;
module : basic ;
rule : 171 ;
priority : 0 ;
keyword : Array ;

2017-07-26 17:13:41 response :
------------
Array:
FromUserName : gh_e86b5de80d72 ;
ToUserName : oKmKPxKBnGN-iFbQdoJbzAjbZ4Fc ;
MsgType : text ;
Content : 欢迎关注丰媒！/:rose/:rose

丰媒已经开通的深圳配送区： 
民治南景新村，民治樟坑一区，民治沙吓社区（14:00前下单，当天配送到社区合作点门口）

产地源头鲜果直摘配送，丰媒让您足不出户就能享受到全国各地丰富有营养的、特色的时令水果 ;

2017-07-26 17:19:29 trace :
------------
Array:
from : oKmKPxKBnGN-iFbQdoJbzAjbZ4Fc ;
to : gh_e86b5de80d72 ;
time : 1501060768 ;
type : event ;
event : VIEW ;
tousername : gh_e86b5de80d72 ;
fromusername : oKmKPxKBnGN-iFbQdoJbzAjbZ4Fc ;
createtime : 1501060768 ;
msgtype : event ;
eventkey : http://www.richmei.com/app/index.php?i=65&c=entry&eid=851 ;
menuid : 601494847 ;

2017-07-26 17:19:29 params :
------------
Array:
message : Array ;
module : basic ;
rule : 171 ;
priority : 0 ;
keyword : Array ;

2017-07-26 17:19:29 response :
------------
Array:
FromUserName : gh_e86b5de80d72 ;
ToUserName : oKmKPxKBnGN-iFbQdoJbzAjbZ4Fc ;
MsgType : text ;
Content : 欢迎关注丰媒！/:rose/:rose

丰媒已经开通的深圳配送区： 
民治南景新村，民治樟坑一区，民治沙吓社区（14:00前下单，当天配送到社区合作点门口）

产地源头鲜果直摘配送，丰媒让您足不出户就能享受到全国各地丰富有营养的、特色的时令水果 ;

2017-07-26 17:25:54 trace :
------------
Array:
from : oKmKPxKBnGN-iFbQdoJbzAjbZ4Fc ;
to : gh_e86b5de80d72 ;
time : 1501061153 ;
type : event ;
event : VIEW ;
tousername : gh_e86b5de80d72 ;
fromusername : oKmKPxKBnGN-iFbQdoJbzAjbZ4Fc ;
createtime : 1501061153 ;
msgtype : event ;
eventkey : http://www.richmei.com/app/index.php?i=65&c=entry&eid=851 ;
menuid : 601494847 ;

2017-07-26 17:25:54 params :
------------
Array:
message : Array ;
module : basic ;
rule : 171 ;
priority : 0 ;
keyword : Array ;

2017-07-26 17:25:54 response :
------------
Array:
FromUserName : gh_e86b5de80d72 ;
ToUserName : oKmKPxKBnGN-iFbQdoJbzAjbZ4Fc ;
MsgType : text ;
Content : 欢迎关注丰媒！/:rose/:rose

丰媒已经开通的深圳配送区： 
民治南景新村，民治樟坑一区，民治沙吓社区（14:00前下单，当天配送到社区合作点门口）

产地源头鲜果直摘配送，丰媒让您足不出户就能享受到全国各地丰富有营养的、特色的时令水果 ;

2017-07-26 17:35:19 trace :
------------
Array:
from : oKmKPxKBnGN-iFbQdoJbzAjbZ4Fc ;
to : gh_e86b5de80d72 ;
time : 1501061718 ;
type : trace ;
event : LOCATION ;
tousername : gh_e86b5de80d72 ;
fromusername : oKmKPxKBnGN-iFbQdoJbzAjbZ4Fc ;
createtime : 1501061718 ;
msgtype : event ;
latitude : 22.635818 ;
longitude : 114.048424 ;
precision : 65.000000 ;
location_x : 22.635818 ;
location_y : 114.048424 ;

2017-07-26 17:35:19 params :
------------
Array:
message : Array ;
module : default ;
rule : -1 ;

2017-07-26 17:35:19 response :
------------
Array:
errno : -1 ;
message : Invaild value ;

2017-07-26 17:35:22 trace :
------------
Array:
from : oKmKPxKBnGN-iFbQdoJbzAjbZ4Fc ;
to : gh_e86b5de80d72 ;
time : 1501061722 ;
type : event ;
event : VIEW ;
tousername : gh_e86b5de80d72 ;
fromusername : oKmKPxKBnGN-iFbQdoJbzAjbZ4Fc ;
createtime : 1501061722 ;
msgtype : event ;
eventkey : http://www.richmei.com/app/index.php?i=65&c=entry&eid=851 ;
menuid : 601494847 ;

2017-07-26 17:35:22 params :
------------
Array:
message : Array ;
module : basic ;
rule : 171 ;
priority : 0 ;
keyword : Array ;

2017-07-26 17:35:22 response :
------------
Array:
FromUserName : gh_e86b5de80d72 ;
ToUserName : oKmKPxKBnGN-iFbQdoJbzAjbZ4Fc ;
MsgType : text ;
Content : 欢迎关注丰媒！/:rose/:rose

丰媒已经开通的深圳配送区： 
民治南景新村，民治樟坑一区，民治沙吓社区（14:00前下单，当天配送到社区合作点门口）

产地源头鲜果直摘配送，丰媒让您足不出户就能享受到全国各地丰富有营养的、特色的时令水果 ;

2017-07-26 17:36:50 trace :
------------
Array:
from : oKmKPxKBnGN-iFbQdoJbzAjbZ4Fc ;
to : gh_e86b5de80d72 ;
time : 1501061810 ;
type : trace ;
event : LOCATION ;
tousername : gh_e86b5de80d72 ;
fromusername : oKmKPxKBnGN-iFbQdoJbzAjbZ4Fc ;
createtime : 1501061810 ;
msgtype : event ;
latitude : 22.635897 ;
longitude : 114.048271 ;
precision : 65.000000 ;
location_x : 22.635897 ;
location_y : 114.048271 ;

2017-07-26 17:36:50 params :
------------
Array:
message : Array ;
module : default ;
rule : -1 ;

2017-07-26 17:36:50 response :
------------
Array:
errno : -1 ;
message : Invaild value ;

2017-07-26 17:41:30 trace :
------------
Array:
from : oKmKPxKBnGN-iFbQdoJbzAjbZ4Fc ;
to : gh_e86b5de80d72 ;
time : 1501062089 ;
type : event ;
event : VIEW ;
tousername : gh_e86b5de80d72 ;
fromusername : oKmKPxKBnGN-iFbQdoJbzAjbZ4Fc ;
createtime : 1501062089 ;
msgtype : event ;
eventkey : http://www.richmei.com/app/index.php?i=65&c=entry&eid=851 ;
menuid : 601494847 ;

2017-07-26 17:41:30 params :
------------
Array:
message : Array ;
module : basic ;
rule : 171 ;
priority : 0 ;
keyword : Array ;

2017-07-26 17:41:30 response :
------------
Array:
FromUserName : gh_e86b5de80d72 ;
ToUserName : oKmKPxKBnGN-iFbQdoJbzAjbZ4Fc ;
MsgType : text ;
Content : 欢迎关注丰媒！/:rose/:rose

丰媒已经开通的深圳配送区： 
民治南景新村，民治樟坑一区，民治沙吓社区（14:00前下单，当天配送到社区合作点门口）

产地源头鲜果直摘配送，丰媒让您足不出户就能享受到全国各地丰富有营养的、特色的时令水果 ;

2017-07-26 20:40:52 trace :
------------
Array:
from : oKmKPxKBnGN-iFbQdoJbzAjbZ4Fc ;
to : gh_e86b5de80d72 ;
time : 1501072851 ;
type : trace ;
event : LOCATION ;
tousername : gh_e86b5de80d72 ;
fromusername : oKmKPxKBnGN-iFbQdoJbzAjbZ4Fc ;
createtime : 1501072851 ;
msgtype : event ;
latitude : 22.634556 ;
longitude : 114.049423 ;
precision : 65.000000 ;
location_x : 22.634556 ;
location_y : 114.049423 ;

2017-07-26 20:40:52 params :
------------
Array:
message : Array ;
module : default ;
rule : -1 ;

2017-07-26 20:40:52 response :
------------
Array:
errno : -1 ;
message : Invaild value ;

2017-07-26 20:40:53 trace :
------------
Array:
from : oKmKPxKBnGN-iFbQdoJbzAjbZ4Fc ;
to : gh_e86b5de80d72 ;
time : 1501072852 ;
type : event ;
event : VIEW ;
tousername : gh_e86b5de80d72 ;
fromusername : oKmKPxKBnGN-iFbQdoJbzAjbZ4Fc ;
createtime : 1501072852 ;
msgtype : event ;
eventkey : http://www.richmei.com/app/index.php?i=65&c=entry&eid=851 ;
menuid : 601494847 ;

2017-07-26 20:40:53 params :
------------
Array:
message : Array ;
module : basic ;
rule : 171 ;
priority : 0 ;
keyword : Array ;

2017-07-26 20:40:53 response :
------------
Array:
FromUserName : gh_e86b5de80d72 ;
ToUserName : oKmKPxKBnGN-iFbQdoJbzAjbZ4Fc ;
MsgType : text ;
Content : 欢迎关注丰媒！/:rose/:rose

丰媒已经开通的深圳配送区： 
民治南景新村，民治樟坑一区，民治沙吓社区（14:00前下单，当天配送到社区合作点门口）

产地源头鲜果直摘配送，丰媒让您足不出户就能享受到全国各地丰富有营养的、特色的时令水果 ;

2017-07-26 20:42:27 trace :
------------
Array:
from : oKmKPxKBnGN-iFbQdoJbzAjbZ4Fc ;
to : gh_e86b5de80d72 ;
time : 1501072946 ;
type : event ;
event : TEMPLATESENDJOBFINISH ;
tousername : gh_e86b5de80d72 ;
fromusername : oKmKPxKBnGN-iFbQdoJbzAjbZ4Fc ;
createtime : 1501072946 ;
msgtype : event ;
msgid : 602009786 ;
status : success ;

2017-07-26 20:42:27 params :
------------
Array:
message : Array ;
module : basic ;
rule : 171 ;
priority : 0 ;
keyword : Array ;

2017-07-26 20:42:27 response :
------------
Array:
FromUserName : gh_e86b5de80d72 ;
ToUserName : oKmKPxKBnGN-iFbQdoJbzAjbZ4Fc ;
MsgType : text ;
Content : 欢迎关注丰媒！/:rose/:rose

丰媒已经开通的深圳配送区： 
民治南景新村，民治樟坑一区，民治沙吓社区（14:00前下单，当天配送到社区合作点门口）

产地源头鲜果直摘配送，丰媒让您足不出户就能享受到全国各地丰富有营养的、特色的时令水果 ;

2017-07-26 20:42:39 trace :
------------
Array:
from : oKmKPxKBnGN-iFbQdoJbzAjbZ4Fc ;
to : gh_e86b5de80d72 ;
time : 1501072959 ;
type : trace ;
event : LOCATION ;
tousername : gh_e86b5de80d72 ;
fromusername : oKmKPxKBnGN-iFbQdoJbzAjbZ4Fc ;
createtime : 1501072959 ;
msgtype : event ;
latitude : 22.634430 ;
longitude : 114.049599 ;
precision : 65.000000 ;
location_x : 22.634430 ;
location_y : 114.049599 ;

2017-07-26 20:42:39 params :
------------
Array:
message : Array ;
module : default ;
rule : -1 ;

2017-07-26 20:42:39 response :
------------
Array:
errno : -1 ;
message : Invaild value ;

2017-07-26 22:53:02 trace :
------------
Array:
from : oKmKPxKBnGN-iFbQdoJbzAjbZ4Fc ;
to : gh_e86b5de80d72 ;
time : 1501080782 ;
type : event ;
event : VIEW ;
tousername : gh_e86b5de80d72 ;
fromusername : oKmKPxKBnGN-iFbQdoJbzAjbZ4Fc ;
createtime : 1501080782 ;
msgtype : event ;
eventkey : http://www.richmei.com/app/index.php?i=65&c=entry&eid=851 ;
menuid : 601494847 ;

2017-07-26 22:53:02 params :
------------
Array:
message : Array ;
module : basic ;
rule : 171 ;
priority : 0 ;
keyword : Array ;

2017-07-26 22:53:02 response :
------------
Array:
FromUserName : gh_e86b5de80d72 ;
ToUserName : oKmKPxKBnGN-iFbQdoJbzAjbZ4Fc ;
MsgType : text ;
Content : 欢迎关注丰媒！/:rose/:rose

丰媒已经开通的深圳配送区： 
民治南景新村，民治樟坑一区，民治沙吓社区（14:00前下单，当天配送到社区合作点门口）

产地源头鲜果直摘配送，丰媒让您足不出户就能享受到全国各地丰富有营养的、特色的时令水果 ;

