2017-06-22 08:19:22 trace :
------------
Array:
from : oKmKPxKBnGN-iFbQdoJbzAjbZ4Fc ;
to : gh_e86b5de80d72 ;
time : 1498090762 ;
type : event ;
event : VIEW ;
tousername : gh_e86b5de80d72 ;
fromusername : oKmKPxKBnGN-iFbQdoJbzAjbZ4Fc ;
createtime : 1498090762 ;
msgtype : event ;
eventkey : http://www.richmei.com/app/index.php?i=65&c=entry&eid=851 ;
menuid : 601200429 ;

2017-06-22 08:19:22 params :
------------
Array:
message : Array ;
module : basic ;
rule : 171 ;
priority : 0 ;
keyword : Array ;

2017-06-22 08:19:22 response :
------------
Array:
FromUserName : gh_e86b5de80d72 ;
ToUserName : oKmKPxKBnGN-iFbQdoJbzAjbZ4Fc ;
MsgType : text ;
Content : 欢迎关注 保芝蓝 门店！ ;

2017-06-22 08:23:58 trace :
------------
Array:
from : oKmKPxJJjxV2jmiT2_UoDI3qK4Lc ;
to : gh_e86b5de80d72 ;
time : 1498091038 ;
type : event ;
event : subscribe ;
tousername : gh_e86b5de80d72 ;
fromusername : oKmKPxJJjxV2jmiT2_UoDI3qK4Lc ;
createtime : 1498091038 ;
msgtype : event ;
eventkey :  ;

2017-06-22 08:23:58 params :
------------
Array:
message : Array ;
module : basic ;
rule : 171 ;
priority : 0 ;
keyword : Array ;

2017-06-22 08:23:58 response :
------------
Array:
FromUserName : gh_e86b5de80d72 ;
ToUserName : oKmKPxJJjxV2jmiT2_UoDI3qK4Lc ;
MsgType : text ;
Content : 欢迎关注 保芝蓝 门店！ ;

2017-06-22 08:24:41 trace :
------------
Array:
from : oKmKPxJJjxV2jmiT2_UoDI3qK4Lc ;
to : gh_e86b5de80d72 ;
time : 1498091081 ;
type : event ;
event : VIEW ;
tousername : gh_e86b5de80d72 ;
fromusername : oKmKPxJJjxV2jmiT2_UoDI3qK4Lc ;
createtime : 1498091081 ;
msgtype : event ;
eventkey : http://www.richmei.com/app/index.php?i=65&c=entry&eid=851 ;
menuid : 601200429 ;

2017-06-22 08:24:41 params :
------------
Array:
message : Array ;
module : basic ;
rule : 171 ;
priority : 0 ;
keyword : Array ;

2017-06-22 08:24:41 response :
------------
Array:
FromUserName : gh_e86b5de80d72 ;
ToUserName : oKmKPxJJjxV2jmiT2_UoDI3qK4Lc ;
MsgType : text ;
Content : 欢迎关注 保芝蓝 门店！ ;

2017-06-22 08:25:21 trace :
------------
Array:
from : oKmKPxJJjxV2jmiT2_UoDI3qK4Lc ;
to : gh_e86b5de80d72 ;
time : 1498091121 ;
type : event ;
event : VIEW ;
tousername : gh_e86b5de80d72 ;
fromusername : oKmKPxJJjxV2jmiT2_UoDI3qK4Lc ;
createtime : 1498091121 ;
msgtype : event ;
eventkey : http://www.richmei.com/app/index.php?i=65&c=entry&eid=853 ;
menuid : 601200429 ;

2017-06-22 08:25:21 params :
------------
Array:
message : Array ;
module : basic ;
rule : 171 ;
priority : 0 ;
keyword : Array ;

2017-06-22 08:25:21 response :
------------
Array:
FromUserName : gh_e86b5de80d72 ;
ToUserName : oKmKPxJJjxV2jmiT2_UoDI3qK4Lc ;
MsgType : text ;
Content : 欢迎关注 保芝蓝 门店！ ;

2017-06-22 08:25:34 trace :
------------
Array:
from : oKmKPxJJjxV2jmiT2_UoDI3qK4Lc ;
to : gh_e86b5de80d72 ;
time : 1498091134 ;
type : event ;
event : VIEW ;
tousername : gh_e86b5de80d72 ;
fromusername : oKmKPxJJjxV2jmiT2_UoDI3qK4Lc ;
createtime : 1498091134 ;
msgtype : event ;
eventkey : http://www.richmei.com/app/index.php?i=65&c=entry&eid=853 ;
menuid : 601200429 ;

2017-06-22 08:25:34 params :
------------
Array:
message : Array ;
module : basic ;
rule : 171 ;
priority : 0 ;
keyword : Array ;

2017-06-22 08:25:34 response :
------------
Array:
FromUserName : gh_e86b5de80d72 ;
ToUserName : oKmKPxJJjxV2jmiT2_UoDI3qK4Lc ;
MsgType : text ;
Content : 欢迎关注 保芝蓝 门店！ ;

2017-06-22 08:25:57 trace :
------------
Array:
from : oKmKPxJJjxV2jmiT2_UoDI3qK4Lc ;
to : gh_e86b5de80d72 ;
time : 1498091157 ;
type : event ;
event : VIEW ;
tousername : gh_e86b5de80d72 ;
fromusername : oKmKPxJJjxV2jmiT2_UoDI3qK4Lc ;
createtime : 1498091157 ;
msgtype : event ;
eventkey : http://www.richmei.com/app/index.php?i=65&c=entry&eid=851 ;
menuid : 601200429 ;

2017-06-22 08:25:57 params :
------------
Array:
message : Array ;
module : basic ;
rule : 171 ;
priority : 0 ;
keyword : Array ;

2017-06-22 08:25:57 response :
------------
Array:
FromUserName : gh_e86b5de80d72 ;
ToUserName : oKmKPxJJjxV2jmiT2_UoDI3qK4Lc ;
MsgType : text ;
Content : 欢迎关注 保芝蓝 门店！ ;

2017-06-22 08:27:42 trace :
------------
Array:
from : oKmKPxKBnGN-iFbQdoJbzAjbZ4Fc ;
to : gh_e86b5de80d72 ;
time : 1498091262 ;
type : event ;
event : VIEW ;
tousername : gh_e86b5de80d72 ;
fromusername : oKmKPxKBnGN-iFbQdoJbzAjbZ4Fc ;
createtime : 1498091262 ;
msgtype : event ;
eventkey : http://www.richmei.com/app/index.php?i=65&c=entry&eid=853 ;
menuid : 601200429 ;

2017-06-22 08:27:42 params :
------------
Array:
message : Array ;
module : basic ;
rule : 171 ;
priority : 0 ;
keyword : Array ;

2017-06-22 08:27:42 response :
------------
Array:
FromUserName : gh_e86b5de80d72 ;
ToUserName : oKmKPxKBnGN-iFbQdoJbzAjbZ4Fc ;
MsgType : text ;
Content : 欢迎关注 保芝蓝 门店！ ;

2017-06-22 08:27:45 trace :
------------
Array:
from : oKmKPxKBnGN-iFbQdoJbzAjbZ4Fc ;
to : gh_e86b5de80d72 ;
time : 1498091265 ;
type : event ;
event : VIEW ;
tousername : gh_e86b5de80d72 ;
fromusername : oKmKPxKBnGN-iFbQdoJbzAjbZ4Fc ;
createtime : 1498091265 ;
msgtype : event ;
eventkey : http://www.richmei.com/app/index.php?i=65&c=entry&eid=851 ;
menuid : 601200429 ;

2017-06-22 08:27:45 params :
------------
Array:
message : Array ;
module : basic ;
rule : 171 ;
priority : 0 ;
keyword : Array ;

2017-06-22 08:27:45 response :
------------
Array:
FromUserName : gh_e86b5de80d72 ;
ToUserName : oKmKPxKBnGN-iFbQdoJbzAjbZ4Fc ;
MsgType : text ;
Content : 欢迎关注 保芝蓝 门店！ ;

2017-06-22 08:30:39 trace :
------------
Array:
from : oKmKPxO72K6pRqDCcbxkCc9wQCbQ ;
to : gh_e86b5de80d72 ;
time : 1498091439 ;
type : event ;
event : subscribe ;
tousername : gh_e86b5de80d72 ;
fromusername : oKmKPxO72K6pRqDCcbxkCc9wQCbQ ;
createtime : 1498091439 ;
msgtype : event ;
eventkey :  ;

2017-06-22 08:30:39 params :
------------
Array:
message : Array ;
module : basic ;
rule : 171 ;
priority : 0 ;
keyword : Array ;

2017-06-22 08:30:39 response :
------------
Array:
FromUserName : gh_e86b5de80d72 ;
ToUserName : oKmKPxO72K6pRqDCcbxkCc9wQCbQ ;
MsgType : text ;
Content : 欢迎关注 保芝蓝 门店！ ;

2017-06-22 08:54:01 trace :
------------
Array:
from : oKmKPxKBnGN-iFbQdoJbzAjbZ4Fc ;
to : gh_e86b5de80d72 ;
time : 1498092841 ;
type : event ;
event : VIEW ;
tousername : gh_e86b5de80d72 ;
fromusername : oKmKPxKBnGN-iFbQdoJbzAjbZ4Fc ;
createtime : 1498092841 ;
msgtype : event ;
eventkey : http://www.richmei.com/app/index.php?i=65&c=entry&eid=851 ;
menuid : 601200429 ;

2017-06-22 08:54:01 params :
------------
Array:
message : Array ;
module : basic ;
rule : 171 ;
priority : 0 ;
keyword : Array ;

2017-06-22 08:54:01 response :
------------
Array:
FromUserName : gh_e86b5de80d72 ;
ToUserName : oKmKPxKBnGN-iFbQdoJbzAjbZ4Fc ;
MsgType : text ;
Content : 欢迎关注 保芝蓝 门店！ ;

2017-06-22 09:01:20 trace :
------------
Array:
from : oKmKPxKBnGN-iFbQdoJbzAjbZ4Fc ;
to : gh_e86b5de80d72 ;
time : 1498093280 ;
type : event ;
event : VIEW ;
tousername : gh_e86b5de80d72 ;
fromusername : oKmKPxKBnGN-iFbQdoJbzAjbZ4Fc ;
createtime : 1498093280 ;
msgtype : event ;
eventkey : http://www.richmei.com/app/index.php?i=65&c=entry&eid=853 ;
menuid : 601200429 ;

2017-06-22 09:01:20 params :
------------
Array:
message : Array ;
module : basic ;
rule : 171 ;
priority : 0 ;
keyword : Array ;

2017-06-22 09:01:20 response :
------------
Array:
FromUserName : gh_e86b5de80d72 ;
ToUserName : oKmKPxKBnGN-iFbQdoJbzAjbZ4Fc ;
MsgType : text ;
Content : 欢迎关注 保芝蓝 门店！ ;

2017-06-22 09:01:40 trace :
------------
Array:
from : oKmKPxKBnGN-iFbQdoJbzAjbZ4Fc ;
to : gh_e86b5de80d72 ;
time : 1498093300 ;
type : event ;
event : VIEW ;
tousername : gh_e86b5de80d72 ;
fromusername : oKmKPxKBnGN-iFbQdoJbzAjbZ4Fc ;
createtime : 1498093300 ;
msgtype : event ;
eventkey : http://www.richmei.com/app/index.php?i=65&c=entry&eid=851 ;
menuid : 601200429 ;

2017-06-22 09:01:40 params :
------------
Array:
message : Array ;
module : basic ;
rule : 171 ;
priority : 0 ;
keyword : Array ;

2017-06-22 09:01:40 response :
------------
Array:
FromUserName : gh_e86b5de80d72 ;
ToUserName : oKmKPxKBnGN-iFbQdoJbzAjbZ4Fc ;
MsgType : text ;
Content : 欢迎关注 保芝蓝 门店！ ;

2017-06-22 09:32:26 trace :
------------
Array:
from : oKmKPxKBnGN-iFbQdoJbzAjbZ4Fc ;
to : gh_e86b5de80d72 ;
time : 1498095146 ;
type : event ;
event : VIEW ;
tousername : gh_e86b5de80d72 ;
fromusername : oKmKPxKBnGN-iFbQdoJbzAjbZ4Fc ;
createtime : 1498095146 ;
msgtype : event ;
eventkey : http://www.richmei.com/app/index.php?i=65&c=entry&eid=851 ;
menuid : 601200429 ;

2017-06-22 09:32:26 params :
------------
Array:
message : Array ;
module : basic ;
rule : 171 ;
priority : 0 ;
keyword : Array ;

2017-06-22 09:32:26 response :
------------
Array:
FromUserName : gh_e86b5de80d72 ;
ToUserName : oKmKPxKBnGN-iFbQdoJbzAjbZ4Fc ;
MsgType : text ;
Content : 欢迎关注 保芝蓝 门店！ ;

2017-06-22 09:55:45 trace :
------------
Array:
from : oKmKPxKBnGN-iFbQdoJbzAjbZ4Fc ;
to : gh_e86b5de80d72 ;
time : 1498096545 ;
type : event ;
event : VIEW ;
tousername : gh_e86b5de80d72 ;
fromusername : oKmKPxKBnGN-iFbQdoJbzAjbZ4Fc ;
createtime : 1498096545 ;
msgtype : event ;
eventkey : http://www.richmei.com/app/index.php?i=65&c=entry&eid=851 ;
menuid : 601200429 ;

2017-06-22 09:55:45 params :
------------
Array:
message : Array ;
module : basic ;
rule : 171 ;
priority : 0 ;
keyword : Array ;

2017-06-22 09:55:45 response :
------------
Array:
FromUserName : gh_e86b5de80d72 ;
ToUserName : oKmKPxKBnGN-iFbQdoJbzAjbZ4Fc ;
MsgType : text ;
Content : 欢迎关注 保芝蓝 门店！ ;

2017-06-22 09:57:13 trace :
------------
Array:
from : oKmKPxKBnGN-iFbQdoJbzAjbZ4Fc ;
to : gh_e86b5de80d72 ;
time : 1498096633 ;
type : event ;
event : VIEW ;
tousername : gh_e86b5de80d72 ;
fromusername : oKmKPxKBnGN-iFbQdoJbzAjbZ4Fc ;
createtime : 1498096633 ;
msgtype : event ;
eventkey : http://www.richmei.com/app/index.php?i=65&c=entry&eid=851 ;
menuid : 601200429 ;

2017-06-22 09:57:13 params :
------------
Array:
message : Array ;
module : basic ;
rule : 171 ;
priority : 0 ;
keyword : Array ;

2017-06-22 09:57:13 response :
------------
Array:
FromUserName : gh_e86b5de80d72 ;
ToUserName : oKmKPxKBnGN-iFbQdoJbzAjbZ4Fc ;
MsgType : text ;
Content : 欢迎关注 保芝蓝 门店！ ;

2017-06-22 10:28:21 trace :
------------
Array:
from : oKmKPxJJjxV2jmiT2_UoDI3qK4Lc ;
to : gh_e86b5de80d72 ;
time : 1498098501 ;
type : event ;
event : subscribe ;
tousername : gh_e86b5de80d72 ;
fromusername : oKmKPxJJjxV2jmiT2_UoDI3qK4Lc ;
createtime : 1498098501 ;
msgtype : event ;
eventkey :  ;

2017-06-22 10:28:21 params :
------------
Array:
message : Array ;
module : default ;
rule : -1 ;

2017-06-22 10:28:21 response :
------------
Array:
params : Array ;

2017-06-22 10:28:28 trace :
------------
Array:
from : oKmKPxJJjxV2jmiT2_UoDI3qK4Lc ;
to : gh_e86b5de80d72 ;
time : 1498098508 ;
type : event ;
event : VIEW ;
tousername : gh_e86b5de80d72 ;
fromusername : oKmKPxJJjxV2jmiT2_UoDI3qK4Lc ;
createtime : 1498098508 ;
msgtype : event ;
eventkey : http://www.richmei.com/app/index.php?i=65&c=entry&eid=851 ;
menuid : 601200429 ;

2017-06-22 10:28:28 params :
------------
Array:
message : Array ;
module : default ;
rule : -1 ;

2017-06-22 10:28:28 response :
------------
Array:
params : Array ;

2017-06-22 10:31:59 trace :
------------
Array:
from : oKmKPxJJjxV2jmiT2_UoDI3qK4Lc ;
to : gh_e86b5de80d72 ;
time : 1498098720 ;
type : event ;
event : subscribe ;
tousername : gh_e86b5de80d72 ;
fromusername : oKmKPxJJjxV2jmiT2_UoDI3qK4Lc ;
createtime : 1498098720 ;
msgtype : event ;
eventkey :  ;

2017-06-22 10:31:59 params :
------------
Array:
message : Array ;
module : default ;
rule : -1 ;

2017-06-22 10:31:59 response :
------------
Array:
params : Array ;

2017-06-22 10:32:11 trace :
------------
Array:
from : oKmKPxJJjxV2jmiT2_UoDI3qK4Lc ;
to : gh_e86b5de80d72 ;
time : 1498098732 ;
type : text ;
event :  ;
tousername : gh_e86b5de80d72 ;
fromusername : oKmKPxJJjxV2jmiT2_UoDI3qK4Lc ;
createtime : 1498098732 ;
msgtype : text ;
content : 测试 ;
msgid : 6434285060720279855 ;
redirection :  ;
source :  ;

2017-06-22 10:32:11 params :
------------
Array:
message : Array ;
module : default ;
rule : -1 ;

2017-06-22 10:32:11 response :
------------
Array:
params : Array ;

2017-06-22 10:35:34 trace :
------------
Array:
from : oKmKPxJJjxV2jmiT2_UoDI3qK4Lc ;
to : gh_e86b5de80d72 ;
time : 1498098934 ;
type : event ;
event : subscribe ;
tousername : gh_e86b5de80d72 ;
fromusername : oKmKPxJJjxV2jmiT2_UoDI3qK4Lc ;
createtime : 1498098934 ;
msgtype : event ;
eventkey :  ;

2017-06-22 10:35:34 params :
------------
Array:
message : Array ;
module : basic ;
rule : 171 ;
priority : 0 ;
keyword : Array ;

2017-06-22 10:35:34 response :
------------
Array:
FromUserName : gh_e86b5de80d72 ;
ToUserName : oKmKPxJJjxV2jmiT2_UoDI3qK4Lc ;
MsgType : text ;
Content : /:rose/:rose/:欢迎关注丰媒！产地源头鲜果直摘配送，丰媒让您足不出户就能享受到全国各地丰富有营养的、特色的时令水果 ;

2017-06-22 10:37:50 trace :
------------
Array:
from : oKmKPxJJjxV2jmiT2_UoDI3qK4Lc ;
to : gh_e86b5de80d72 ;
time : 1498099070 ;
type : event ;
event : subscribe ;
tousername : gh_e86b5de80d72 ;
fromusername : oKmKPxJJjxV2jmiT2_UoDI3qK4Lc ;
createtime : 1498099070 ;
msgtype : event ;
eventkey :  ;

2017-06-22 10:37:50 params :
------------
Array:
message : Array ;
module : basic ;
rule : 171 ;
priority : 0 ;
keyword : Array ;

2017-06-22 10:37:50 response :
------------
Array:
FromUserName : gh_e86b5de80d72 ;
ToUserName : oKmKPxJJjxV2jmiT2_UoDI3qK4Lc ;
MsgType : text ;
Content : /:rose/:rose  欢迎关注丰媒！产地源头鲜果直摘配送，丰媒让您足不出户就能享受到全国各地丰富有营养的、特色的时令水果 ;

2017-06-22 10:38:08 trace :
------------
Array:
from : oKmKPxJJjxV2jmiT2_UoDI3qK4Lc ;
to : gh_e86b5de80d72 ;
time : 1498099089 ;
type : event ;
event : VIEW ;
tousername : gh_e86b5de80d72 ;
fromusername : oKmKPxJJjxV2jmiT2_UoDI3qK4Lc ;
createtime : 1498099089 ;
msgtype : event ;
eventkey : http://www.richmei.com/app/index.php?i=65&c=entry&eid=838 ;
menuid : 601211276 ;

2017-06-22 10:38:08 params :
------------
Array:
message : Array ;
module : basic ;
rule : 171 ;
priority : 0 ;
keyword : Array ;

2017-06-22 10:38:08 response :
------------
Array:
FromUserName : gh_e86b5de80d72 ;
ToUserName : oKmKPxJJjxV2jmiT2_UoDI3qK4Lc ;
MsgType : text ;
Content : /:rose/:rose  欢迎关注丰媒！产地源头鲜果直摘配送，丰媒让您足不出户就能享受到全国各地丰富有营养的、特色的时令水果 ;

2017-06-22 12:16:44 trace :
------------
Array:
from : oKmKPxJJjxV2jmiT2_UoDI3qK4Lc ;
to : gh_e86b5de80d72 ;
time : 1498105001 ;
type : event ;
event : VIEW ;
tousername : gh_e86b5de80d72 ;
fromusername : oKmKPxJJjxV2jmiT2_UoDI3qK4Lc ;
createtime : 1498105001 ;
msgtype : event ;
eventkey : http://www.richmei.com/app/index.php?i=65&c=entry&eid=838 ;
menuid : 601211276 ;

2017-06-22 12:16:44 params :
------------
Array:
message : Array ;
module : basic ;
rule : 171 ;
priority : 0 ;
keyword : Array ;

2017-06-22 12:16:44 response :
------------
Array:
FromUserName : gh_e86b5de80d72 ;
ToUserName : oKmKPxJJjxV2jmiT2_UoDI3qK4Lc ;
MsgType : text ;
Content : /:rose/:rose  欢迎关注丰媒！产地源头鲜果直摘配送，丰媒让您足不出户就能享受到全国各地丰富有营养的、特色的时令水果 ;

2017-06-22 12:16:48 trace :
------------
Array:
from : oKmKPxJJjxV2jmiT2_UoDI3qK4Lc ;
to : gh_e86b5de80d72 ;
time : 1498105008 ;
type : event ;
event : VIEW ;
tousername : gh_e86b5de80d72 ;
fromusername : oKmKPxJJjxV2jmiT2_UoDI3qK4Lc ;
createtime : 1498105008 ;
msgtype : event ;
eventkey : http://www.richmei.com/app/index.php?i=65&c=entry&eid=838 ;
menuid : 601211276 ;

2017-06-22 12:16:48 params :
------------
Array:
message : Array ;
module : basic ;
rule : 171 ;
priority : 0 ;
keyword : Array ;

2017-06-22 12:16:48 response :
------------
Array:
FromUserName : gh_e86b5de80d72 ;
ToUserName : oKmKPxJJjxV2jmiT2_UoDI3qK4Lc ;
MsgType : text ;
Content : /:rose/:rose  欢迎关注丰媒！产地源头鲜果直摘配送，丰媒让您足不出户就能享受到全国各地丰富有营养的、特色的时令水果 ;

2017-06-22 12:17:08 trace :
------------
Array:
from : oKmKPxJJjxV2jmiT2_UoDI3qK4Lc ;
to : gh_e86b5de80d72 ;
time : 1498105026 ;
type : event ;
event : VIEW ;
tousername : gh_e86b5de80d72 ;
fromusername : oKmKPxJJjxV2jmiT2_UoDI3qK4Lc ;
createtime : 1498105026 ;
msgtype : event ;
eventkey : http://www.richmei.com/app/index.php?i=65&c=entry&eid=851 ;
menuid : 601211276 ;

2017-06-22 12:17:08 params :
------------
Array:
message : Array ;
module : basic ;
rule : 171 ;
priority : 0 ;
keyword : Array ;

2017-06-22 12:17:08 response :
------------
Array:
FromUserName : gh_e86b5de80d72 ;
ToUserName : oKmKPxJJjxV2jmiT2_UoDI3qK4Lc ;
MsgType : text ;
Content : /:rose/:rose  欢迎关注丰媒！产地源头鲜果直摘配送，丰媒让您足不出户就能享受到全国各地丰富有营养的、特色的时令水果 ;

2017-06-22 12:17:43 trace :
------------
Array:
from : oKmKPxJJjxV2jmiT2_UoDI3qK4Lc ;
to : gh_e86b5de80d72 ;
time : 1498105064 ;
type : event ;
event : VIEW ;
tousername : gh_e86b5de80d72 ;
fromusername : oKmKPxJJjxV2jmiT2_UoDI3qK4Lc ;
createtime : 1498105064 ;
msgtype : event ;
eventkey : http://www.richmei.com/app/index.php?i=65&c=home&a=page&id=7 ;
menuid : 601211276 ;

2017-06-22 12:17:43 params :
------------
Array:
message : Array ;
module : basic ;
rule : 171 ;
priority : 0 ;
keyword : Array ;

2017-06-22 12:17:43 response :
------------
Array:
FromUserName : gh_e86b5de80d72 ;
ToUserName : oKmKPxJJjxV2jmiT2_UoDI3qK4Lc ;
MsgType : text ;
Content : /:rose/:rose  欢迎关注丰媒！产地源头鲜果直摘配送，丰媒让您足不出户就能享受到全国各地丰富有营养的、特色的时令水果 ;

2017-06-22 12:17:43 trace :
------------
Array:
from : oKmKPxJJjxV2jmiT2_UoDI3qK4Lc ;
to : gh_e86b5de80d72 ;
time : 1498105061 ;
type : event ;
event : VIEW ;
tousername : gh_e86b5de80d72 ;
fromusername : oKmKPxJJjxV2jmiT2_UoDI3qK4Lc ;
createtime : 1498105061 ;
msgtype : event ;
eventkey : http://www.richmei.com/app/index.php?i=65&c=entry&eid=838 ;
menuid : 601211276 ;

2017-06-22 12:17:43 params :
------------
Array:
message : Array ;
module : basic ;
rule : 171 ;
priority : 0 ;
keyword : Array ;

2017-06-22 12:17:43 response :
------------
Array:
FromUserName : gh_e86b5de80d72 ;
ToUserName : oKmKPxJJjxV2jmiT2_UoDI3qK4Lc ;
MsgType : text ;
Content : /:rose/:rose  欢迎关注丰媒！产地源头鲜果直摘配送，丰媒让您足不出户就能享受到全国各地丰富有营养的、特色的时令水果 ;

2017-06-22 12:17:46 trace :
------------
Array:
from : oKmKPxJJjxV2jmiT2_UoDI3qK4Lc ;
to : gh_e86b5de80d72 ;
time : 1498105067 ;
type : event ;
event : VIEW ;
tousername : gh_e86b5de80d72 ;
fromusername : oKmKPxJJjxV2jmiT2_UoDI3qK4Lc ;
createtime : 1498105067 ;
msgtype : event ;
eventkey : http://www.richmei.com/app/index.php?i=65&c=entry&eid=838 ;
menuid : 601211276 ;

2017-06-22 12:17:46 params :
------------
Array:
message : Array ;
module : basic ;
rule : 171 ;
priority : 0 ;
keyword : Array ;

2017-06-22 12:17:46 response :
------------
Array:
FromUserName : gh_e86b5de80d72 ;
ToUserName : oKmKPxJJjxV2jmiT2_UoDI3qK4Lc ;
MsgType : text ;
Content : /:rose/:rose  欢迎关注丰媒！产地源头鲜果直摘配送，丰媒让您足不出户就能享受到全国各地丰富有营养的、特色的时令水果 ;

2017-06-22 12:18:03 trace :
------------
Array:
from : oKmKPxJJjxV2jmiT2_UoDI3qK4Lc ;
to : gh_e86b5de80d72 ;
time : 1498105084 ;
type : event ;
event : VIEW ;
tousername : gh_e86b5de80d72 ;
fromusername : oKmKPxJJjxV2jmiT2_UoDI3qK4Lc ;
createtime : 1498105084 ;
msgtype : event ;
eventkey : http://www.richmei.com/app/index.php?i=65&c=entry&eid=838 ;
menuid : 601211276 ;

2017-06-22 12:18:03 params :
------------
Array:
message : Array ;
module : basic ;
rule : 171 ;
priority : 0 ;
keyword : Array ;

2017-06-22 12:18:03 response :
------------
Array:
FromUserName : gh_e86b5de80d72 ;
ToUserName : oKmKPxJJjxV2jmiT2_UoDI3qK4Lc ;
MsgType : text ;
Content : /:rose/:rose  欢迎关注丰媒！产地源头鲜果直摘配送，丰媒让您足不出户就能享受到全国各地丰富有营养的、特色的时令水果 ;

2017-06-22 13:30:48 trace :
------------
Array:
from : oKmKPxKBnGN-iFbQdoJbzAjbZ4Fc ;
to : gh_e86b5de80d72 ;
time : 1498109448 ;
type : event ;
event : VIEW ;
tousername : gh_e86b5de80d72 ;
fromusername : oKmKPxKBnGN-iFbQdoJbzAjbZ4Fc ;
createtime : 1498109448 ;
msgtype : event ;
eventkey : http://www.richmei.com/app/index.php?i=65&c=entry&eid=851 ;
menuid : 601211276 ;

2017-06-22 13:30:48 params :
------------
Array:
message : Array ;
module : basic ;
rule : 171 ;
priority : 0 ;
keyword : Array ;

2017-06-22 13:30:48 response :
------------
Array:
FromUserName : gh_e86b5de80d72 ;
ToUserName : oKmKPxKBnGN-iFbQdoJbzAjbZ4Fc ;
MsgType : text ;
Content : /:rose/:rose  欢迎关注丰媒！产地源头鲜果直摘配送，丰媒让您足不出户就能享受到全国各地丰富有营养的、特色的时令水果 ;

2017-06-22 15:22:49 trace :
------------
Array:
from : oKmKPxKBnGN-iFbQdoJbzAjbZ4Fc ;
to : gh_e86b5de80d72 ;
time : 1498116168 ;
type : event ;
event : VIEW ;
tousername : gh_e86b5de80d72 ;
fromusername : oKmKPxKBnGN-iFbQdoJbzAjbZ4Fc ;
createtime : 1498116168 ;
msgtype : event ;
eventkey : http://www.richmei.com/app/index.php?i=65&c=entry&eid=851 ;
menuid : 601211276 ;

2017-06-22 15:22:49 params :
------------
Array:
message : Array ;
module : basic ;
rule : 171 ;
priority : 0 ;
keyword : Array ;

2017-06-22 15:22:49 response :
------------
Array:
FromUserName : gh_e86b5de80d72 ;
ToUserName : oKmKPxKBnGN-iFbQdoJbzAjbZ4Fc ;
MsgType : text ;
Content : /:rose/:rose  欢迎关注丰媒！产地源头鲜果直摘配送，丰媒让您足不出户就能享受到全国各地丰富有营养的、特色的时令水果 ;

2017-06-22 15:23:58 trace :
------------
Array:
from : oKmKPxO72K6pRqDCcbxkCc9wQCbQ ;
to : gh_e86b5de80d72 ;
time : 1498116237 ;
type : event ;
event : VIEW ;
tousername : gh_e86b5de80d72 ;
fromusername : oKmKPxO72K6pRqDCcbxkCc9wQCbQ ;
createtime : 1498116237 ;
msgtype : event ;
eventkey : http://www.richmei.com/app/index.php?i=65&c=entry&eid=838 ;
menuid : 601211276 ;

2017-06-22 15:23:58 params :
------------
Array:
message : Array ;
module : basic ;
rule : 171 ;
priority : 0 ;
keyword : Array ;

2017-06-22 15:23:58 response :
------------
Array:
FromUserName : gh_e86b5de80d72 ;
ToUserName : oKmKPxO72K6pRqDCcbxkCc9wQCbQ ;
MsgType : text ;
Content : /:rose/:rose  欢迎关注丰媒！产地源头鲜果直摘配送，丰媒让您足不出户就能享受到全国各地丰富有营养的、特色的时令水果 ;

2017-06-22 15:24:01 trace :
------------
Array:
from : oKmKPxO72K6pRqDCcbxkCc9wQCbQ ;
to : gh_e86b5de80d72 ;
time : 1498116240 ;
type : event ;
event : VIEW ;
tousername : gh_e86b5de80d72 ;
fromusername : oKmKPxO72K6pRqDCcbxkCc9wQCbQ ;
createtime : 1498116240 ;
msgtype : event ;
eventkey : http://www.richmei.com/app/index.php?i=65&c=entry&eid=851 ;
menuid : 601211276 ;

2017-06-22 15:24:01 params :
------------
Array:
message : Array ;
module : basic ;
rule : 171 ;
priority : 0 ;
keyword : Array ;

2017-06-22 15:24:01 response :
------------
Array:
FromUserName : gh_e86b5de80d72 ;
ToUserName : oKmKPxO72K6pRqDCcbxkCc9wQCbQ ;
MsgType : text ;
Content : /:rose/:rose  欢迎关注丰媒！产地源头鲜果直摘配送，丰媒让您足不出户就能享受到全国各地丰富有营养的、特色的时令水果 ;

2017-06-22 15:26:30 trace :
------------
Array:
from : oKmKPxKBnGN-iFbQdoJbzAjbZ4Fc ;
to : gh_e86b5de80d72 ;
time : 1498116389 ;
type : event ;
event : VIEW ;
tousername : gh_e86b5de80d72 ;
fromusername : oKmKPxKBnGN-iFbQdoJbzAjbZ4Fc ;
createtime : 1498116389 ;
msgtype : event ;
eventkey : http://www.richmei.com/app/index.php?i=65&c=entry&eid=851 ;
menuid : 601211276 ;

2017-06-22 15:26:30 params :
------------
Array:
message : Array ;
module : basic ;
rule : 171 ;
priority : 0 ;
keyword : Array ;

2017-06-22 15:26:30 response :
------------
Array:
FromUserName : gh_e86b5de80d72 ;
ToUserName : oKmKPxKBnGN-iFbQdoJbzAjbZ4Fc ;
MsgType : text ;
Content : /:rose/:rose  欢迎关注丰媒！产地源头鲜果直摘配送，丰媒让您足不出户就能享受到全国各地丰富有营养的、特色的时令水果 ;

2017-06-22 15:33:51 trace :
------------
Array:
from : oKmKPxKBnGN-iFbQdoJbzAjbZ4Fc ;
to : gh_e86b5de80d72 ;
time : 1498116828 ;
type : event ;
event : VIEW ;
tousername : gh_e86b5de80d72 ;
fromusername : oKmKPxKBnGN-iFbQdoJbzAjbZ4Fc ;
createtime : 1498116828 ;
msgtype : event ;
eventkey : http://www.richmei.com/app/index.php?i=65&c=entry&eid=851 ;
menuid : 601211276 ;

2017-06-22 15:33:51 params :
------------
Array:
message : Array ;
module : basic ;
rule : 171 ;
priority : 0 ;
keyword : Array ;

2017-06-22 15:33:51 response :
------------
Array:
FromUserName : gh_e86b5de80d72 ;
ToUserName : oKmKPxKBnGN-iFbQdoJbzAjbZ4Fc ;
MsgType : text ;
Content : /:rose/:rose  欢迎关注丰媒！产地源头鲜果直摘配送，丰媒让您足不出户就能享受到全国各地丰富有营养的、特色的时令水果 ;

2017-06-22 15:35:49 trace :
------------
Array:
from : oKmKPxKBnGN-iFbQdoJbzAjbZ4Fc ;
to : gh_e86b5de80d72 ;
time : 1498116949 ;
type : event ;
event : VIEW ;
tousername : gh_e86b5de80d72 ;
fromusername : oKmKPxKBnGN-iFbQdoJbzAjbZ4Fc ;
createtime : 1498116949 ;
msgtype : event ;
eventkey : http://www.richmei.com/app/index.php?i=65&c=entry&eid=851 ;
menuid : 601211276 ;

2017-06-22 15:35:49 params :
------------
Array:
message : Array ;
module : basic ;
rule : 171 ;
priority : 0 ;
keyword : Array ;

2017-06-22 15:35:49 response :
------------
Array:
FromUserName : gh_e86b5de80d72 ;
ToUserName : oKmKPxKBnGN-iFbQdoJbzAjbZ4Fc ;
MsgType : text ;
Content : /:rose/:rose  欢迎关注丰媒！产地源头鲜果直摘配送，丰媒让您足不出户就能享受到全国各地丰富有营养的、特色的时令水果 ;

2017-06-22 15:36:51 trace :
------------
Array:
from : oKmKPxKBnGN-iFbQdoJbzAjbZ4Fc ;
to : gh_e86b5de80d72 ;
time : 1498117010 ;
type : event ;
event : VIEW ;
tousername : gh_e86b5de80d72 ;
fromusername : oKmKPxKBnGN-iFbQdoJbzAjbZ4Fc ;
createtime : 1498117010 ;
msgtype : event ;
eventkey : http://www.richmei.com/app/index.php?i=65&c=entry&eid=851 ;
menuid : 601211276 ;

2017-06-22 15:36:51 params :
------------
Array:
message : Array ;
module : basic ;
rule : 171 ;
priority : 0 ;
keyword : Array ;

2017-06-22 15:36:51 response :
------------
Array:
FromUserName : gh_e86b5de80d72 ;
ToUserName : oKmKPxKBnGN-iFbQdoJbzAjbZ4Fc ;
MsgType : text ;
Content : /:rose/:rose  欢迎关注丰媒！产地源头鲜果直摘配送，丰媒让您足不出户就能享受到全国各地丰富有营养的、特色的时令水果 ;

2017-06-22 15:41:22 trace :
------------
Array:
from : oKmKPxKBnGN-iFbQdoJbzAjbZ4Fc ;
to : gh_e86b5de80d72 ;
time : 1498117282 ;
type : event ;
event : VIEW ;
tousername : gh_e86b5de80d72 ;
fromusername : oKmKPxKBnGN-iFbQdoJbzAjbZ4Fc ;
createtime : 1498117282 ;
msgtype : event ;
eventkey : http://www.richmei.com/app/index.php?i=65&c=entry&eid=851 ;
menuid : 601211276 ;

2017-06-22 15:41:22 params :
------------
Array:
message : Array ;
module : basic ;
rule : 171 ;
priority : 0 ;
keyword : Array ;

2017-06-22 15:41:22 response :
------------
Array:
FromUserName : gh_e86b5de80d72 ;
ToUserName : oKmKPxKBnGN-iFbQdoJbzAjbZ4Fc ;
MsgType : text ;
Content : /:rose/:rose  欢迎关注丰媒！产地源头鲜果直摘配送，丰媒让您足不出户就能享受到全国各地丰富有营养的、特色的时令水果 ;

2017-06-22 15:41:25 trace :
------------
Array:
from : oKmKPxKBnGN-iFbQdoJbzAjbZ4Fc ;
to : gh_e86b5de80d72 ;
time : 1498117284 ;
type : event ;
event : VIEW ;
tousername : gh_e86b5de80d72 ;
fromusername : oKmKPxKBnGN-iFbQdoJbzAjbZ4Fc ;
createtime : 1498117284 ;
msgtype : event ;
eventkey : http://www.richmei.com/app/index.php?i=65&c=entry&eid=838 ;
menuid : 601211276 ;

2017-06-22 15:41:25 params :
------------
Array:
message : Array ;
module : basic ;
rule : 171 ;
priority : 0 ;
keyword : Array ;

2017-06-22 15:41:25 response :
------------
Array:
FromUserName : gh_e86b5de80d72 ;
ToUserName : oKmKPxKBnGN-iFbQdoJbzAjbZ4Fc ;
MsgType : text ;
Content : /:rose/:rose  欢迎关注丰媒！产地源头鲜果直摘配送，丰媒让您足不出户就能享受到全国各地丰富有营养的、特色的时令水果 ;

2017-06-22 16:38:41 trace :
------------
Array:
from : oKmKPxKBnGN-iFbQdoJbzAjbZ4Fc ;
to : gh_e86b5de80d72 ;
time : 1498120720 ;
type : event ;
event : VIEW ;
tousername : gh_e86b5de80d72 ;
fromusername : oKmKPxKBnGN-iFbQdoJbzAjbZ4Fc ;
createtime : 1498120720 ;
msgtype : event ;
eventkey : http://www.richmei.com/app/index.php?i=65&c=entry&eid=851 ;
menuid : 601211276 ;

2017-06-22 16:38:41 params :
------------
Array:
message : Array ;
module : basic ;
rule : 171 ;
priority : 0 ;
keyword : Array ;

2017-06-22 16:38:41 response :
------------
Array:
FromUserName : gh_e86b5de80d72 ;
ToUserName : oKmKPxKBnGN-iFbQdoJbzAjbZ4Fc ;
MsgType : text ;
Content : /:rose/:rose  欢迎关注丰媒！产地源头鲜果直摘配送，丰媒让您足不出户就能享受到全国各地丰富有营养的、特色的时令水果 ;

2017-06-22 17:14:58 trace :
------------
Array:
from : oKmKPxKBnGN-iFbQdoJbzAjbZ4Fc ;
to : gh_e86b5de80d72 ;
time : 1498122897 ;
type : event ;
event : VIEW ;
tousername : gh_e86b5de80d72 ;
fromusername : oKmKPxKBnGN-iFbQdoJbzAjbZ4Fc ;
createtime : 1498122897 ;
msgtype : event ;
eventkey : http://www.richmei.com/app/index.php?i=65&c=entry&eid=851 ;
menuid : 601211276 ;

2017-06-22 17:14:58 params :
------------
Array:
message : Array ;
module : basic ;
rule : 171 ;
priority : 0 ;
keyword : Array ;

2017-06-22 17:14:58 response :
------------
Array:
FromUserName : gh_e86b5de80d72 ;
ToUserName : oKmKPxKBnGN-iFbQdoJbzAjbZ4Fc ;
MsgType : text ;
Content : /:rose/:rose  欢迎关注丰媒！产地源头鲜果直摘配送，丰媒让您足不出户就能享受到全国各地丰富有营养的、特色的时令水果 ;

2017-06-22 17:15:28 trace :
------------
Array:
from : oKmKPxKBnGN-iFbQdoJbzAjbZ4Fc ;
to : gh_e86b5de80d72 ;
time : 1498122924 ;
type : event ;
event : VIEW ;
tousername : gh_e86b5de80d72 ;
fromusername : oKmKPxKBnGN-iFbQdoJbzAjbZ4Fc ;
createtime : 1498122924 ;
msgtype : event ;
eventkey : http://www.richmei.com/app/index.php?i=65&c=entry&eid=851 ;
menuid : 601211276 ;

2017-06-22 17:15:28 params :
------------
Array:
message : Array ;
module : basic ;
rule : 171 ;
priority : 0 ;
keyword : Array ;

2017-06-22 17:15:28 response :
------------
Array:
FromUserName : gh_e86b5de80d72 ;
ToUserName : oKmKPxKBnGN-iFbQdoJbzAjbZ4Fc ;
MsgType : text ;
Content : /:rose/:rose  欢迎关注丰媒！产地源头鲜果直摘配送，丰媒让您足不出户就能享受到全国各地丰富有营养的、特色的时令水果 ;

2017-06-22 17:16:05 trace :
------------
Array:
from : oKmKPxE6aOvC9d-kzZJJRLGYW1cA ;
to : gh_e86b5de80d72 ;
time : 1498122964 ;
type : event ;
event : subscribe ;
tousername : gh_e86b5de80d72 ;
fromusername : oKmKPxE6aOvC9d-kzZJJRLGYW1cA ;
createtime : 1498122964 ;
msgtype : event ;
eventkey :  ;

2017-06-22 17:16:05 params :
------------
Array:
message : Array ;
module : basic ;
rule : 171 ;
priority : 0 ;
keyword : Array ;

2017-06-22 17:16:05 response :
------------
Array:
FromUserName : gh_e86b5de80d72 ;
ToUserName : oKmKPxE6aOvC9d-kzZJJRLGYW1cA ;
MsgType : text ;
Content : /:rose/:rose  欢迎关注丰媒！产地源头鲜果直摘配送，丰媒让您足不出户就能享受到全国各地丰富有营养的、特色的时令水果 ;

2017-06-22 17:17:41 trace :
------------
Array:
from : oKmKPxE6aOvC9d-kzZJJRLGYW1cA ;
to : gh_e86b5de80d72 ;
time : 1498123060 ;
type : event ;
event : VIEW ;
tousername : gh_e86b5de80d72 ;
fromusername : oKmKPxE6aOvC9d-kzZJJRLGYW1cA ;
createtime : 1498123060 ;
msgtype : event ;
eventkey : http://www.richmei.com/app/index.php?i=65&c=entry&eid=851 ;
menuid : 601211276 ;

2017-06-22 17:17:41 params :
------------
Array:
message : Array ;
module : basic ;
rule : 171 ;
priority : 0 ;
keyword : Array ;

2017-06-22 17:17:41 response :
------------
Array:
FromUserName : gh_e86b5de80d72 ;
ToUserName : oKmKPxE6aOvC9d-kzZJJRLGYW1cA ;
MsgType : text ;
Content : /:rose/:rose  欢迎关注丰媒！产地源头鲜果直摘配送，丰媒让您足不出户就能享受到全国各地丰富有营养的、特色的时令水果 ;

2017-06-22 17:19:14 trace :
------------
Array:
from : oKmKPxE6aOvC9d-kzZJJRLGYW1cA ;
to : gh_e86b5de80d72 ;
time : 1498123154 ;
type : event ;
event : VIEW ;
tousername : gh_e86b5de80d72 ;
fromusername : oKmKPxE6aOvC9d-kzZJJRLGYW1cA ;
createtime : 1498123154 ;
msgtype : event ;
eventkey : http://www.richmei.com/app/index.php?i=65&c=entry&eid=851 ;
menuid : 601211276 ;

2017-06-22 17:19:14 params :
------------
Array:
message : Array ;
module : basic ;
rule : 171 ;
priority : 0 ;
keyword : Array ;

2017-06-22 17:19:14 response :
------------
Array:
FromUserName : gh_e86b5de80d72 ;
ToUserName : oKmKPxE6aOvC9d-kzZJJRLGYW1cA ;
MsgType : text ;
Content : /:rose/:rose  欢迎关注丰媒！产地源头鲜果直摘配送，丰媒让您足不出户就能享受到全国各地丰富有营养的、特色的时令水果 ;

2017-06-22 17:24:15 trace :
------------
Array:
from : oKmKPxE6aOvC9d-kzZJJRLGYW1cA ;
to : gh_e86b5de80d72 ;
time : 1498123454 ;
type : event ;
event : VIEW ;
tousername : gh_e86b5de80d72 ;
fromusername : oKmKPxE6aOvC9d-kzZJJRLGYW1cA ;
createtime : 1498123454 ;
msgtype : event ;
eventkey : http://www.richmei.com/app/index.php?i=65&c=entry&eid=851 ;
menuid : 601211276 ;

2017-06-22 17:24:15 params :
------------
Array:
message : Array ;
module : basic ;
rule : 171 ;
priority : 0 ;
keyword : Array ;

2017-06-22 17:24:15 response :
------------
Array:
FromUserName : gh_e86b5de80d72 ;
ToUserName : oKmKPxE6aOvC9d-kzZJJRLGYW1cA ;
MsgType : text ;
Content : /:rose/:rose  欢迎关注丰媒！产地源头鲜果直摘配送，丰媒让您足不出户就能享受到全国各地丰富有营养的、特色的时令水果 ;

2017-06-22 17:24:27 trace :
------------
Array:
from : oKmKPxE6aOvC9d-kzZJJRLGYW1cA ;
to : gh_e86b5de80d72 ;
time : 1498123467 ;
type : event ;
event : VIEW ;
tousername : gh_e86b5de80d72 ;
fromusername : oKmKPxE6aOvC9d-kzZJJRLGYW1cA ;
createtime : 1498123467 ;
msgtype : event ;
eventkey : http://www.richmei.com/app/index.php?i=65&c=entry&eid=851 ;
menuid : 601211276 ;

2017-06-22 17:24:27 params :
------------
Array:
message : Array ;
module : basic ;
rule : 171 ;
priority : 0 ;
keyword : Array ;

2017-06-22 17:24:27 response :
------------
Array:
FromUserName : gh_e86b5de80d72 ;
ToUserName : oKmKPxE6aOvC9d-kzZJJRLGYW1cA ;
MsgType : text ;
Content : /:rose/:rose  欢迎关注丰媒！产地源头鲜果直摘配送，丰媒让您足不出户就能享受到全国各地丰富有营养的、特色的时令水果 ;

2017-06-22 17:25:12 trace :
------------
Array:
from : oKmKPxE6aOvC9d-kzZJJRLGYW1cA ;
to : gh_e86b5de80d72 ;
time : 1498123508 ;
type : event ;
event : VIEW ;
tousername : gh_e86b5de80d72 ;
fromusername : oKmKPxE6aOvC9d-kzZJJRLGYW1cA ;
createtime : 1498123508 ;
msgtype : event ;
eventkey : http://www.richmei.com/app/index.php?i=65&c=entry&eid=851 ;
menuid : 601211276 ;

2017-06-22 17:25:12 params :
------------
Array:
message : Array ;
module : basic ;
rule : 171 ;
priority : 0 ;
keyword : Array ;

2017-06-22 17:25:12 response :
------------
Array:
FromUserName : gh_e86b5de80d72 ;
ToUserName : oKmKPxE6aOvC9d-kzZJJRLGYW1cA ;
MsgType : text ;
Content : /:rose/:rose  欢迎关注丰媒！产地源头鲜果直摘配送，丰媒让您足不出户就能享受到全国各地丰富有营养的、特色的时令水果 ;

2017-06-22 17:25:29 trace :
------------
Array:
from : oKmKPxE6aOvC9d-kzZJJRLGYW1cA ;
to : gh_e86b5de80d72 ;
time : 1498123528 ;
type : event ;
event : VIEW ;
tousername : gh_e86b5de80d72 ;
fromusername : oKmKPxE6aOvC9d-kzZJJRLGYW1cA ;
createtime : 1498123528 ;
msgtype : event ;
eventkey : http://www.richmei.com/app/index.php?i=65&c=entry&eid=838 ;
menuid : 601211276 ;

2017-06-22 17:25:29 params :
------------
Array:
message : Array ;
module : basic ;
rule : 171 ;
priority : 0 ;
keyword : Array ;

2017-06-22 17:25:29 response :
------------
Array:
FromUserName : gh_e86b5de80d72 ;
ToUserName : oKmKPxE6aOvC9d-kzZJJRLGYW1cA ;
MsgType : text ;
Content : /:rose/:rose  欢迎关注丰媒！产地源头鲜果直摘配送，丰媒让您足不出户就能享受到全国各地丰富有营养的、特色的时令水果 ;

2017-06-22 17:25:34 trace :
------------
Array:
from : oKmKPxE6aOvC9d-kzZJJRLGYW1cA ;
to : gh_e86b5de80d72 ;
time : 1498123533 ;
type : event ;
event : VIEW ;
tousername : gh_e86b5de80d72 ;
fromusername : oKmKPxE6aOvC9d-kzZJJRLGYW1cA ;
createtime : 1498123533 ;
msgtype : event ;
eventkey : http://www.richmei.com/app/index.php?i=65&c=home&a=page&id=7 ;
menuid : 601211276 ;

2017-06-22 17:25:34 params :
------------
Array:
message : Array ;
module : basic ;
rule : 171 ;
priority : 0 ;
keyword : Array ;

2017-06-22 17:25:34 response :
------------
Array:
FromUserName : gh_e86b5de80d72 ;
ToUserName : oKmKPxE6aOvC9d-kzZJJRLGYW1cA ;
MsgType : text ;
Content : /:rose/:rose  欢迎关注丰媒！产地源头鲜果直摘配送，丰媒让您足不出户就能享受到全国各地丰富有营养的、特色的时令水果 ;

2017-06-22 17:25:39 trace :
------------
Array:
from : oKmKPxE6aOvC9d-kzZJJRLGYW1cA ;
to : gh_e86b5de80d72 ;
time : 1498123538 ;
type : event ;
event : VIEW ;
tousername : gh_e86b5de80d72 ;
fromusername : oKmKPxE6aOvC9d-kzZJJRLGYW1cA ;
createtime : 1498123538 ;
msgtype : event ;
eventkey : http://www.richmei.com/app/index.php?i=65&c=home&a=page&id=8 ;
menuid : 601211276 ;

2017-06-22 17:25:39 params :
------------
Array:
message : Array ;
module : basic ;
rule : 171 ;
priority : 0 ;
keyword : Array ;

2017-06-22 17:25:39 response :
------------
Array:
FromUserName : gh_e86b5de80d72 ;
ToUserName : oKmKPxE6aOvC9d-kzZJJRLGYW1cA ;
MsgType : text ;
Content : /:rose/:rose  欢迎关注丰媒！产地源头鲜果直摘配送，丰媒让您足不出户就能享受到全国各地丰富有营养的、特色的时令水果 ;

2017-06-22 17:25:51 trace :
------------
Array:
from : oKmKPxE6aOvC9d-kzZJJRLGYW1cA ;
to : gh_e86b5de80d72 ;
time : 1498123550 ;
type : event ;
event : VIEW ;
tousername : gh_e86b5de80d72 ;
fromusername : oKmKPxE6aOvC9d-kzZJJRLGYW1cA ;
createtime : 1498123550 ;
msgtype : event ;
eventkey : http://www.richmei.com/app/index.php?i=65&c=home&a=page&id=8 ;
menuid : 601211276 ;

2017-06-22 17:25:51 params :
------------
Array:
message : Array ;
module : basic ;
rule : 171 ;
priority : 0 ;
keyword : Array ;

2017-06-22 17:25:51 response :
------------
Array:
FromUserName : gh_e86b5de80d72 ;
ToUserName : oKmKPxE6aOvC9d-kzZJJRLGYW1cA ;
MsgType : text ;
Content : /:rose/:rose  欢迎关注丰媒！产地源头鲜果直摘配送，丰媒让您足不出户就能享受到全国各地丰富有营养的、特色的时令水果 ;

2017-06-22 17:53:02 trace :
------------
Array:
from : oKmKPxE6aOvC9d-kzZJJRLGYW1cA ;
to : gh_e86b5de80d72 ;
time : 1498125178 ;
type : event ;
event : VIEW ;
tousername : gh_e86b5de80d72 ;
fromusername : oKmKPxE6aOvC9d-kzZJJRLGYW1cA ;
createtime : 1498125178 ;
msgtype : event ;
eventkey : http://www.richmei.com/app/index.php?i=65&c=home&a=page&id=8 ;
menuid : 601211276 ;

2017-06-22 17:53:02 params :
------------
Array:
message : Array ;
module : basic ;
rule : 171 ;
priority : 0 ;
keyword : Array ;

2017-06-22 17:53:02 response :
------------
Array:
FromUserName : gh_e86b5de80d72 ;
ToUserName : oKmKPxE6aOvC9d-kzZJJRLGYW1cA ;
MsgType : text ;
Content : /:rose/:rose  欢迎关注丰媒！产地源头鲜果直摘配送，丰媒让您足不出户就能享受到全国各地丰富有营养的、特色的时令水果 ;

2017-06-22 17:53:06 trace :
------------
Array:
from : oKmKPxE6aOvC9d-kzZJJRLGYW1cA ;
to : gh_e86b5de80d72 ;
time : 1498125182 ;
type : event ;
event : VIEW ;
tousername : gh_e86b5de80d72 ;
fromusername : oKmKPxE6aOvC9d-kzZJJRLGYW1cA ;
createtime : 1498125182 ;
msgtype : event ;
eventkey : http://www.richmei.com/app/index.php?i=65&c=entry&eid=838 ;
menuid : 601211276 ;

2017-06-22 17:53:06 params :
------------
Array:
message : Array ;
module : basic ;
rule : 171 ;
priority : 0 ;
keyword : Array ;

2017-06-22 17:53:06 response :
------------
Array:
FromUserName : gh_e86b5de80d72 ;
ToUserName : oKmKPxE6aOvC9d-kzZJJRLGYW1cA ;
MsgType : text ;
Content : /:rose/:rose  欢迎关注丰媒！产地源头鲜果直摘配送，丰媒让您足不出户就能享受到全国各地丰富有营养的、特色的时令水果 ;

2017-06-22 20:36:08 trace :
------------
Array:
from : oKmKPxKBnGN-iFbQdoJbzAjbZ4Fc ;
to : gh_e86b5de80d72 ;
time : 1498134967 ;
type : event ;
event : VIEW ;
tousername : gh_e86b5de80d72 ;
fromusername : oKmKPxKBnGN-iFbQdoJbzAjbZ4Fc ;
createtime : 1498134967 ;
msgtype : event ;
eventkey : http://www.richmei.com/app/index.php?i=65&c=entry&eid=851 ;
menuid : 601211276 ;

2017-06-22 20:36:08 params :
------------
Array:
message : Array ;
module : basic ;
rule : 171 ;
priority : 0 ;
keyword : Array ;

2017-06-22 20:36:08 response :
------------
Array:
FromUserName : gh_e86b5de80d72 ;
ToUserName : oKmKPxKBnGN-iFbQdoJbzAjbZ4Fc ;
MsgType : text ;
Content : /:rose/:rose  欢迎关注丰媒！产地源头鲜果直摘配送，丰媒让您足不出户就能享受到全国各地丰富有营养的、特色的时令水果 ;

2017-06-22 20:37:09 trace :
------------
Array:
from : oKmKPxKBnGN-iFbQdoJbzAjbZ4Fc ;
to : gh_e86b5de80d72 ;
time : 1498135027 ;
type : event ;
event : VIEW ;
tousername : gh_e86b5de80d72 ;
fromusername : oKmKPxKBnGN-iFbQdoJbzAjbZ4Fc ;
createtime : 1498135027 ;
msgtype : event ;
eventkey : http://www.richmei.com/app/index.php?i=65&c=entry&eid=851 ;
menuid : 601211276 ;

2017-06-22 20:37:09 params :
------------
Array:
message : Array ;
module : basic ;
rule : 171 ;
priority : 0 ;
keyword : Array ;

2017-06-22 20:37:09 response :
------------
Array:
FromUserName : gh_e86b5de80d72 ;
ToUserName : oKmKPxKBnGN-iFbQdoJbzAjbZ4Fc ;
MsgType : text ;
Content : /:rose/:rose  欢迎关注丰媒！产地源头鲜果直摘配送，丰媒让您足不出户就能享受到全国各地丰富有营养的、特色的时令水果 ;

2017-06-22 20:44:47 trace :
------------
Array:
from : oKmKPxE6aOvC9d-kzZJJRLGYW1cA ;
to : gh_e86b5de80d72 ;
time : 1498135486 ;
type : event ;
event : VIEW ;
tousername : gh_e86b5de80d72 ;
fromusername : oKmKPxE6aOvC9d-kzZJJRLGYW1cA ;
createtime : 1498135486 ;
msgtype : event ;
eventkey : http://www.richmei.com/app/index.php?i=65&c=entry&eid=851 ;
menuid : 601211276 ;

2017-06-22 20:44:47 params :
------------
Array:
message : Array ;
module : basic ;
rule : 171 ;
priority : 0 ;
keyword : Array ;

2017-06-22 20:44:47 response :
------------
Array:
FromUserName : gh_e86b5de80d72 ;
ToUserName : oKmKPxE6aOvC9d-kzZJJRLGYW1cA ;
MsgType : text ;
Content : /:rose/:rose  欢迎关注丰媒！产地源头鲜果直摘配送，丰媒让您足不出户就能享受到全国各地丰富有营养的、特色的时令水果 ;

2017-06-22 20:46:44 trace :
------------
Array:
from : oKmKPxE6aOvC9d-kzZJJRLGYW1cA ;
to : gh_e86b5de80d72 ;
time : 1498135603 ;
type : event ;
event : VIEW ;
tousername : gh_e86b5de80d72 ;
fromusername : oKmKPxE6aOvC9d-kzZJJRLGYW1cA ;
createtime : 1498135603 ;
msgtype : event ;
eventkey : http://www.richmei.com/app/index.php?i=65&c=entry&eid=851 ;
menuid : 601211276 ;

2017-06-22 20:46:44 params :
------------
Array:
message : Array ;
module : basic ;
rule : 171 ;
priority : 0 ;
keyword : Array ;

2017-06-22 20:46:44 response :
------------
Array:
FromUserName : gh_e86b5de80d72 ;
ToUserName : oKmKPxE6aOvC9d-kzZJJRLGYW1cA ;
MsgType : text ;
Content : /:rose/:rose  欢迎关注丰媒！产地源头鲜果直摘配送，丰媒让您足不出户就能享受到全国各地丰富有营养的、特色的时令水果 ;

2017-06-22 21:16:13 trace :
------------
Array:
from : oKmKPxKBnGN-iFbQdoJbzAjbZ4Fc ;
to : gh_e86b5de80d72 ;
time : 1498137372 ;
type : event ;
event : VIEW ;
tousername : gh_e86b5de80d72 ;
fromusername : oKmKPxKBnGN-iFbQdoJbzAjbZ4Fc ;
createtime : 1498137372 ;
msgtype : event ;
eventkey : http://www.richmei.com/app/index.php?i=65&c=entry&eid=851 ;
menuid : 601211276 ;

2017-06-22 21:16:13 params :
------------
Array:
message : Array ;
module : basic ;
rule : 171 ;
priority : 0 ;
keyword : Array ;

2017-06-22 21:16:13 response :
------------
Array:
FromUserName : gh_e86b5de80d72 ;
ToUserName : oKmKPxKBnGN-iFbQdoJbzAjbZ4Fc ;
MsgType : text ;
Content : /:rose/:rose  欢迎关注丰媒！产地源头鲜果直摘配送，丰媒让您足不出户就能享受到全国各地丰富有营养的、特色的时令水果 ;

2017-06-22 21:19:17 trace :
------------
Array:
from : oKmKPxKBnGN-iFbQdoJbzAjbZ4Fc ;
to : gh_e86b5de80d72 ;
time : 1498137548 ;
type : event ;
event : VIEW ;
tousername : gh_e86b5de80d72 ;
fromusername : oKmKPxKBnGN-iFbQdoJbzAjbZ4Fc ;
createtime : 1498137548 ;
msgtype : event ;
eventkey : http://www.richmei.com/app/index.php?i=65&c=entry&eid=851 ;
menuid : 601211276 ;

2017-06-22 21:19:17 params :
------------
Array:
message : Array ;
module : basic ;
rule : 171 ;
priority : 0 ;
keyword : Array ;

2017-06-22 21:19:17 response :
------------
Array:
FromUserName : gh_e86b5de80d72 ;
ToUserName : oKmKPxKBnGN-iFbQdoJbzAjbZ4Fc ;
MsgType : text ;
Content : /:rose/:rose  欢迎关注丰媒！产地源头鲜果直摘配送，丰媒让您足不出户就能享受到全国各地丰富有营养的、特色的时令水果 ;

2017-06-22 21:19:30 trace :
------------
Array:
from : oKmKPxKBnGN-iFbQdoJbzAjbZ4Fc ;
to : gh_e86b5de80d72 ;
time : 1498137548 ;
type : event ;
event : VIEW ;
tousername : gh_e86b5de80d72 ;
fromusername : oKmKPxKBnGN-iFbQdoJbzAjbZ4Fc ;
createtime : 1498137548 ;
msgtype : event ;
eventkey : http://www.richmei.com/app/index.php?i=65&c=entry&eid=851 ;
menuid : 601211276 ;

2017-06-22 21:19:30 params :
------------
Array:
message : Array ;
module : basic ;
rule : 171 ;
priority : 0 ;
keyword : Array ;

2017-06-22 21:19:30 response :
------------
Array:
FromUserName : gh_e86b5de80d72 ;
ToUserName : oKmKPxKBnGN-iFbQdoJbzAjbZ4Fc ;
MsgType : text ;
Content : /:rose/:rose  欢迎关注丰媒！产地源头鲜果直摘配送，丰媒让您足不出户就能享受到全国各地丰富有营养的、特色的时令水果 ;

2017-06-22 21:23:50 trace :
------------
Array:
from : oKmKPxKBnGN-iFbQdoJbzAjbZ4Fc ;
to : gh_e86b5de80d72 ;
time : 1498137828 ;
type : event ;
event : VIEW ;
tousername : gh_e86b5de80d72 ;
fromusername : oKmKPxKBnGN-iFbQdoJbzAjbZ4Fc ;
createtime : 1498137828 ;
msgtype : event ;
eventkey : http://www.richmei.com/app/index.php?i=65&c=entry&eid=838 ;
menuid : 601211276 ;

2017-06-22 21:23:50 params :
------------
Array:
message : Array ;
module : basic ;
rule : 171 ;
priority : 0 ;
keyword : Array ;

2017-06-22 21:23:50 response :
------------
Array:
FromUserName : gh_e86b5de80d72 ;
ToUserName : oKmKPxKBnGN-iFbQdoJbzAjbZ4Fc ;
MsgType : text ;
Content : /:rose/:rose  欢迎关注丰媒！产地源头鲜果直摘配送，丰媒让您足不出户就能享受到全国各地丰富有营养的、特色的时令水果 ;

2017-06-22 21:25:04 trace :
------------
Array:
from : oKmKPxKBnGN-iFbQdoJbzAjbZ4Fc ;
to : gh_e86b5de80d72 ;
time : 1498137902 ;
type : event ;
event : VIEW ;
tousername : gh_e86b5de80d72 ;
fromusername : oKmKPxKBnGN-iFbQdoJbzAjbZ4Fc ;
createtime : 1498137902 ;
msgtype : event ;
eventkey : http://www.richmei.com/app/index.php?i=65&c=entry&eid=838 ;
menuid : 601211276 ;

2017-06-22 21:25:04 params :
------------
Array:
message : Array ;
module : basic ;
rule : 171 ;
priority : 0 ;
keyword : Array ;

2017-06-22 21:25:04 response :
------------
Array:
FromUserName : gh_e86b5de80d72 ;
ToUserName : oKmKPxKBnGN-iFbQdoJbzAjbZ4Fc ;
MsgType : text ;
Content : /:rose/:rose  欢迎关注丰媒！产地源头鲜果直摘配送，丰媒让您足不出户就能享受到全国各地丰富有营养的、特色的时令水果 ;

2017-06-22 21:26:50 trace :
------------
Array:
from : oKmKPxKBnGN-iFbQdoJbzAjbZ4Fc ;
to : gh_e86b5de80d72 ;
time : 1498138009 ;
type : event ;
event : VIEW ;
tousername : gh_e86b5de80d72 ;
fromusername : oKmKPxKBnGN-iFbQdoJbzAjbZ4Fc ;
createtime : 1498138009 ;
msgtype : event ;
eventkey : http://www.richmei.com/app/index.php?i=65&c=entry&eid=851 ;
menuid : 601211276 ;

2017-06-22 21:26:50 params :
------------
Array:
message : Array ;
module : basic ;
rule : 171 ;
priority : 0 ;
keyword : Array ;

2017-06-22 21:26:50 response :
------------
Array:
FromUserName : gh_e86b5de80d72 ;
ToUserName : oKmKPxKBnGN-iFbQdoJbzAjbZ4Fc ;
MsgType : text ;
Content : /:rose/:rose  欢迎关注丰媒！产地源头鲜果直摘配送，丰媒让您足不出户就能享受到全国各地丰富有营养的、特色的时令水果 ;

2017-06-22 21:26:56 trace :
------------
Array:
from : oKmKPxKBnGN-iFbQdoJbzAjbZ4Fc ;
to : gh_e86b5de80d72 ;
time : 1498138006 ;
type : event ;
event : VIEW ;
tousername : gh_e86b5de80d72 ;
fromusername : oKmKPxKBnGN-iFbQdoJbzAjbZ4Fc ;
createtime : 1498138006 ;
msgtype : event ;
eventkey : http://www.richmei.com/app/index.php?i=65&c=entry&eid=838 ;
menuid : 601211276 ;

2017-06-22 21:26:56 params :
------------
Array:
message : Array ;
module : basic ;
rule : 171 ;
priority : 0 ;
keyword : Array ;

2017-06-22 21:26:56 response :
------------
Array:
FromUserName : gh_e86b5de80d72 ;
ToUserName : oKmKPxKBnGN-iFbQdoJbzAjbZ4Fc ;
MsgType : text ;
Content : /:rose/:rose  欢迎关注丰媒！产地源头鲜果直摘配送，丰媒让您足不出户就能享受到全国各地丰富有营养的、特色的时令水果 ;

2017-06-22 21:26:56 trace :
------------
Array:
from : oKmKPxKBnGN-iFbQdoJbzAjbZ4Fc ;
to : gh_e86b5de80d72 ;
time : 1498138006 ;
type : event ;
event : VIEW ;
tousername : gh_e86b5de80d72 ;
fromusername : oKmKPxKBnGN-iFbQdoJbzAjbZ4Fc ;
createtime : 1498138006 ;
msgtype : event ;
eventkey : http://www.richmei.com/app/index.php?i=65&c=entry&eid=838 ;
menuid : 601211276 ;

2017-06-22 21:26:56 params :
------------
Array:
message : Array ;
module : basic ;
rule : 171 ;
priority : 0 ;
keyword : Array ;

2017-06-22 21:26:56 response :
------------
Array:
FromUserName : gh_e86b5de80d72 ;
ToUserName : oKmKPxKBnGN-iFbQdoJbzAjbZ4Fc ;
MsgType : text ;
Content : /:rose/:rose  欢迎关注丰媒！产地源头鲜果直摘配送，丰媒让您足不出户就能享受到全国各地丰富有营养的、特色的时令水果 ;

2017-06-22 21:27:01 trace :
------------
Array:
from : oKmKPxKBnGN-iFbQdoJbzAjbZ4Fc ;
to : gh_e86b5de80d72 ;
time : 1498138016 ;
type : event ;
event : VIEW ;
tousername : gh_e86b5de80d72 ;
fromusername : oKmKPxKBnGN-iFbQdoJbzAjbZ4Fc ;
createtime : 1498138016 ;
msgtype : event ;
eventkey : http://www.richmei.com/app/index.php?i=65&c=entry&eid=851 ;
menuid : 601211276 ;

2017-06-22 21:27:01 params :
------------
Array:
message : Array ;
module : basic ;
rule : 171 ;
priority : 0 ;
keyword : Array ;

2017-06-22 21:27:01 response :
------------
Array:
FromUserName : gh_e86b5de80d72 ;
ToUserName : oKmKPxKBnGN-iFbQdoJbzAjbZ4Fc ;
MsgType : text ;
Content : /:rose/:rose  欢迎关注丰媒！产地源头鲜果直摘配送，丰媒让您足不出户就能享受到全国各地丰富有营养的、特色的时令水果 ;

2017-06-22 21:30:05 trace :
------------
Array:
from : oKmKPxKBnGN-iFbQdoJbzAjbZ4Fc ;
to : gh_e86b5de80d72 ;
time : 1498138200 ;
type : event ;
event : VIEW ;
tousername : gh_e86b5de80d72 ;
fromusername : oKmKPxKBnGN-iFbQdoJbzAjbZ4Fc ;
createtime : 1498138200 ;
msgtype : event ;
eventkey : http://www.richmei.com/app/index.php?i=65&c=entry&eid=851 ;
menuid : 601211276 ;

2017-06-22 21:30:05 params :
------------
Array:
message : Array ;
module : basic ;
rule : 171 ;
priority : 0 ;
keyword : Array ;

2017-06-22 21:30:05 response :
------------
Array:
FromUserName : gh_e86b5de80d72 ;
ToUserName : oKmKPxKBnGN-iFbQdoJbzAjbZ4Fc ;
MsgType : text ;
Content : /:rose/:rose  欢迎关注丰媒！产地源头鲜果直摘配送，丰媒让您足不出户就能享受到全国各地丰富有营养的、特色的时令水果 ;

2017-06-22 21:30:10 trace :
------------
Array:
from : oKmKPxKBnGN-iFbQdoJbzAjbZ4Fc ;
to : gh_e86b5de80d72 ;
time : 1498138208 ;
type : event ;
event : VIEW ;
tousername : gh_e86b5de80d72 ;
fromusername : oKmKPxKBnGN-iFbQdoJbzAjbZ4Fc ;
createtime : 1498138208 ;
msgtype : event ;
eventkey : http://www.richmei.com/app/index.php?i=65&c=entry&eid=851 ;
menuid : 601211276 ;

2017-06-22 21:30:10 params :
------------
Array:
message : Array ;
module : basic ;
rule : 171 ;
priority : 0 ;
keyword : Array ;

2017-06-22 21:30:10 response :
------------
Array:
FromUserName : gh_e86b5de80d72 ;
ToUserName : oKmKPxKBnGN-iFbQdoJbzAjbZ4Fc ;
MsgType : text ;
Content : /:rose/:rose  欢迎关注丰媒！产地源头鲜果直摘配送，丰媒让您足不出户就能享受到全国各地丰富有营养的、特色的时令水果 ;

2017-06-22 21:30:46 trace :
------------
Array:
from : oKmKPxKBnGN-iFbQdoJbzAjbZ4Fc ;
to : gh_e86b5de80d72 ;
time : 1498138244 ;
type : event ;
event : VIEW ;
tousername : gh_e86b5de80d72 ;
fromusername : oKmKPxKBnGN-iFbQdoJbzAjbZ4Fc ;
createtime : 1498138244 ;
msgtype : event ;
eventkey : http://www.richmei.com/app/index.php?i=65&c=entry&eid=851 ;
menuid : 601211276 ;

2017-06-22 21:30:46 params :
------------
Array:
message : Array ;
module : basic ;
rule : 171 ;
priority : 0 ;
keyword : Array ;

2017-06-22 21:30:46 response :
------------
Array:
FromUserName : gh_e86b5de80d72 ;
ToUserName : oKmKPxKBnGN-iFbQdoJbzAjbZ4Fc ;
MsgType : text ;
Content : /:rose/:rose  欢迎关注丰媒！产地源头鲜果直摘配送，丰媒让您足不出户就能享受到全国各地丰富有营养的、特色的时令水果 ;

2017-06-22 21:32:24 trace :
------------
Array:
from : oKmKPxKBnGN-iFbQdoJbzAjbZ4Fc ;
to : gh_e86b5de80d72 ;
time : 1498138334 ;
type : event ;
event : VIEW ;
tousername : gh_e86b5de80d72 ;
fromusername : oKmKPxKBnGN-iFbQdoJbzAjbZ4Fc ;
createtime : 1498138334 ;
msgtype : event ;
eventkey : http://www.richmei.com/app/index.php?i=65&c=entry&eid=838 ;
menuid : 601211276 ;

2017-06-22 21:32:24 params :
------------
Array:
message : Array ;
module : basic ;
rule : 171 ;
priority : 0 ;
keyword : Array ;

2017-06-22 21:32:24 response :
------------
Array:
FromUserName : gh_e86b5de80d72 ;
ToUserName : oKmKPxKBnGN-iFbQdoJbzAjbZ4Fc ;
MsgType : text ;
Content : /:rose/:rose  欢迎关注丰媒！产地源头鲜果直摘配送，丰媒让您足不出户就能享受到全国各地丰富有营养的、特色的时令水果 ;

2017-06-22 21:33:08 trace :
------------
Array:
from : oKmKPxKBnGN-iFbQdoJbzAjbZ4Fc ;
to : gh_e86b5de80d72 ;
time : 1498138381 ;
type : event ;
event : VIEW ;
tousername : gh_e86b5de80d72 ;
fromusername : oKmKPxKBnGN-iFbQdoJbzAjbZ4Fc ;
createtime : 1498138381 ;
msgtype : event ;
eventkey : http://www.richmei.com/app/index.php?i=65&c=entry&eid=851 ;
menuid : 601211276 ;

2017-06-22 21:33:08 params :
------------
Array:
message : Array ;
module : basic ;
rule : 171 ;
priority : 0 ;
keyword : Array ;

2017-06-22 21:33:08 response :
------------
Array:
FromUserName : gh_e86b5de80d72 ;
ToUserName : oKmKPxKBnGN-iFbQdoJbzAjbZ4Fc ;
MsgType : text ;
Content : /:rose/:rose  欢迎关注丰媒！产地源头鲜果直摘配送，丰媒让您足不出户就能享受到全国各地丰富有营养的、特色的时令水果 ;

2017-06-22 21:33:12 trace :
------------
Array:
from : oKmKPxKBnGN-iFbQdoJbzAjbZ4Fc ;
to : gh_e86b5de80d72 ;
time : 1498138381 ;
type : event ;
event : VIEW ;
tousername : gh_e86b5de80d72 ;
fromusername : oKmKPxKBnGN-iFbQdoJbzAjbZ4Fc ;
createtime : 1498138381 ;
msgtype : event ;
eventkey : http://www.richmei.com/app/index.php?i=65&c=entry&eid=851 ;
menuid : 601211276 ;

2017-06-22 21:33:12 params :
------------
Array:
message : Array ;
module : basic ;
rule : 171 ;
priority : 0 ;
keyword : Array ;

2017-06-22 21:33:12 response :
------------
Array:
FromUserName : gh_e86b5de80d72 ;
ToUserName : oKmKPxKBnGN-iFbQdoJbzAjbZ4Fc ;
MsgType : text ;
Content : /:rose/:rose  欢迎关注丰媒！产地源头鲜果直摘配送，丰媒让您足不出户就能享受到全国各地丰富有营养的、特色的时令水果 ;

2017-06-22 21:34:00 trace :
------------
Array:
from : oKmKPxKBnGN-iFbQdoJbzAjbZ4Fc ;
to : gh_e86b5de80d72 ;
time : 1498138438 ;
type : event ;
event : VIEW ;
tousername : gh_e86b5de80d72 ;
fromusername : oKmKPxKBnGN-iFbQdoJbzAjbZ4Fc ;
createtime : 1498138438 ;
msgtype : event ;
eventkey : http://www.richmei.com/app/index.php?i=65&c=entry&eid=838 ;
menuid : 601211276 ;

2017-06-22 21:34:00 params :
------------
Array:
message : Array ;
module : basic ;
rule : 171 ;
priority : 0 ;
keyword : Array ;

2017-06-22 21:34:00 response :
------------
Array:
FromUserName : gh_e86b5de80d72 ;
ToUserName : oKmKPxKBnGN-iFbQdoJbzAjbZ4Fc ;
MsgType : text ;
Content : /:rose/:rose  欢迎关注丰媒！产地源头鲜果直摘配送，丰媒让您足不出户就能享受到全国各地丰富有营养的、特色的时令水果 ;

2017-06-22 21:44:47 trace :
------------
Array:
from : oKmKPxKBnGN-iFbQdoJbzAjbZ4Fc ;
to : gh_e86b5de80d72 ;
time : 1498139086 ;
type : event ;
event : VIEW ;
tousername : gh_e86b5de80d72 ;
fromusername : oKmKPxKBnGN-iFbQdoJbzAjbZ4Fc ;
createtime : 1498139086 ;
msgtype : event ;
eventkey : http://www.richmei.com/app/index.php?i=65&c=entry&eid=851 ;
menuid : 601211276 ;

2017-06-22 21:44:47 params :
------------
Array:
message : Array ;
module : basic ;
rule : 171 ;
priority : 0 ;
keyword : Array ;

2017-06-22 21:44:47 response :
------------
Array:
FromUserName : gh_e86b5de80d72 ;
ToUserName : oKmKPxKBnGN-iFbQdoJbzAjbZ4Fc ;
MsgType : text ;
Content : /:rose/:rose  欢迎关注丰媒！产地源头鲜果直摘配送，丰媒让您足不出户就能享受到全国各地丰富有营养的、特色的时令水果 ;

2017-06-22 21:45:53 trace :
------------
Array:
from : oKmKPxKBnGN-iFbQdoJbzAjbZ4Fc ;
to : gh_e86b5de80d72 ;
time : 1498139149 ;
type : event ;
event : VIEW ;
tousername : gh_e86b5de80d72 ;
fromusername : oKmKPxKBnGN-iFbQdoJbzAjbZ4Fc ;
createtime : 1498139149 ;
msgtype : event ;
eventkey : http://www.richmei.com/app/index.php?i=65&c=entry&eid=838 ;
menuid : 601211276 ;

2017-06-22 21:45:53 params :
------------
Array:
message : Array ;
module : basic ;
rule : 171 ;
priority : 0 ;
keyword : Array ;

2017-06-22 21:45:53 response :
------------
Array:
FromUserName : gh_e86b5de80d72 ;
ToUserName : oKmKPxKBnGN-iFbQdoJbzAjbZ4Fc ;
MsgType : text ;
Content : /:rose/:rose  欢迎关注丰媒！产地源头鲜果直摘配送，丰媒让您足不出户就能享受到全国各地丰富有营养的、特色的时令水果 ;

2017-06-22 21:47:28 trace :
------------
Array:
from : oKmKPxKBnGN-iFbQdoJbzAjbZ4Fc ;
to : gh_e86b5de80d72 ;
time : 1498139247 ;
type : event ;
event : VIEW ;
tousername : gh_e86b5de80d72 ;
fromusername : oKmKPxKBnGN-iFbQdoJbzAjbZ4Fc ;
createtime : 1498139247 ;
msgtype : event ;
eventkey : http://www.richmei.com/app/index.php?i=65&c=entry&eid=838 ;
menuid : 601211276 ;

2017-06-22 21:47:28 params :
------------
Array:
message : Array ;
module : basic ;
rule : 171 ;
priority : 0 ;
keyword : Array ;

2017-06-22 21:47:28 response :
------------
Array:
FromUserName : gh_e86b5de80d72 ;
ToUserName : oKmKPxKBnGN-iFbQdoJbzAjbZ4Fc ;
MsgType : text ;
Content : /:rose/:rose  欢迎关注丰媒！产地源头鲜果直摘配送，丰媒让您足不出户就能享受到全国各地丰富有营养的、特色的时令水果 ;

2017-06-22 21:47:46 trace :
------------
Array:
from : oKmKPxKBnGN-iFbQdoJbzAjbZ4Fc ;
to : gh_e86b5de80d72 ;
time : 1498139264 ;
type : event ;
event : VIEW ;
tousername : gh_e86b5de80d72 ;
fromusername : oKmKPxKBnGN-iFbQdoJbzAjbZ4Fc ;
createtime : 1498139264 ;
msgtype : event ;
eventkey : http://www.richmei.com/app/index.php?i=65&c=entry&eid=838 ;
menuid : 601211276 ;

2017-06-22 21:47:46 params :
------------
Array:
message : Array ;
module : basic ;
rule : 171 ;
priority : 0 ;
keyword : Array ;

2017-06-22 21:47:46 response :
------------
Array:
FromUserName : gh_e86b5de80d72 ;
ToUserName : oKmKPxKBnGN-iFbQdoJbzAjbZ4Fc ;
MsgType : text ;
Content : /:rose/:rose  欢迎关注丰媒！产地源头鲜果直摘配送，丰媒让您足不出户就能享受到全国各地丰富有营养的、特色的时令水果 ;

2017-06-22 21:47:52 trace :
------------
Array:
from : oKmKPxKBnGN-iFbQdoJbzAjbZ4Fc ;
to : gh_e86b5de80d72 ;
time : 1498139268 ;
type : event ;
event : VIEW ;
tousername : gh_e86b5de80d72 ;
fromusername : oKmKPxKBnGN-iFbQdoJbzAjbZ4Fc ;
createtime : 1498139268 ;
msgtype : event ;
eventkey : http://www.richmei.com/app/index.php?i=65&c=entry&eid=851 ;
menuid : 601211276 ;

2017-06-22 21:47:52 params :
------------
Array:
message : Array ;
module : basic ;
rule : 171 ;
priority : 0 ;
keyword : Array ;

2017-06-22 21:47:52 response :
------------
Array:
FromUserName : gh_e86b5de80d72 ;
ToUserName : oKmKPxKBnGN-iFbQdoJbzAjbZ4Fc ;
MsgType : text ;
Content : /:rose/:rose  欢迎关注丰媒！产地源头鲜果直摘配送，丰媒让您足不出户就能享受到全国各地丰富有营养的、特色的时令水果 ;

2017-06-22 21:48:45 trace :
------------
Array:
from : oKmKPxKBnGN-iFbQdoJbzAjbZ4Fc ;
to : gh_e86b5de80d72 ;
time : 1498139320 ;
type : event ;
event : VIEW ;
tousername : gh_e86b5de80d72 ;
fromusername : oKmKPxKBnGN-iFbQdoJbzAjbZ4Fc ;
createtime : 1498139320 ;
msgtype : event ;
eventkey : http://www.richmei.com/app/index.php?i=65&c=entry&eid=838 ;
menuid : 601211276 ;

2017-06-22 21:48:45 params :
------------
Array:
message : Array ;
module : basic ;
rule : 171 ;
priority : 0 ;
keyword : Array ;

2017-06-22 21:48:45 response :
------------
Array:
FromUserName : gh_e86b5de80d72 ;
ToUserName : oKmKPxKBnGN-iFbQdoJbzAjbZ4Fc ;
MsgType : text ;
Content : /:rose/:rose  欢迎关注丰媒！产地源头鲜果直摘配送，丰媒让您足不出户就能享受到全国各地丰富有营养的、特色的时令水果 ;

2017-06-22 23:23:19 trace :
------------
Array:
from : oKmKPxKBnGN-iFbQdoJbzAjbZ4Fc ;
to : gh_e86b5de80d72 ;
time : 1498144995 ;
type : event ;
event : VIEW ;
tousername : gh_e86b5de80d72 ;
fromusername : oKmKPxKBnGN-iFbQdoJbzAjbZ4Fc ;
createtime : 1498144995 ;
msgtype : event ;
eventkey : http://www.richmei.com/app/index.php?i=65&c=entry&eid=851 ;
menuid : 601211276 ;

2017-06-22 23:23:19 params :
------------
Array:
message : Array ;
module : basic ;
rule : 171 ;
priority : 0 ;
keyword : Array ;

2017-06-22 23:23:19 response :
------------
Array:
FromUserName : gh_e86b5de80d72 ;
ToUserName : oKmKPxKBnGN-iFbQdoJbzAjbZ4Fc ;
MsgType : text ;
Content : /:rose/:rose  欢迎关注丰媒！产地源头鲜果直摘配送，丰媒让您足不出户就能享受到全国各地丰富有营养的、特色的时令水果 ;

