2017-01-06 09:22:02 trace :
------------
Array:
from : oRPPWvoID-0bqVD_vjHhgc73Tg5k ;
to : gh_b1f7fee0dba6 ;
time : 1483665722 ;
type : event ;
event : VIEW ;
tousername : gh_b1f7fee0dba6 ;
fromusername : oRPPWvoID-0bqVD_vjHhgc73Tg5k ;
createtime : 1483665722 ;
msgtype : event ;
eventkey : http://a233.sdsfshop.com/app/index.php?i=65&c=entry&eid=851 ;
menuid : 434345128 ;

2017-01-06 09:22:02 params :
------------
Array:
rule : -2 ;
module :  ;
message : Array ;

2017-01-06 09:22:02 response :
------------

2017-01-06 10:07:14 trace :
------------
Array:
from : oRPPWvkHifuPRdXkpZj9SsUGlOFs ;
to : gh_b1f7fee0dba6 ;
time : 1483668433 ;
type : event ;
event : VIEW ;
tousername : gh_b1f7fee0dba6 ;
fromusername : oRPPWvkHifuPRdXkpZj9SsUGlOFs ;
createtime : 1483668433 ;
msgtype : event ;
eventkey : http://a233.sdsfshop.com/app/index.php?i=65&c=entry&eid=851 ;
menuid : 434345128 ;

2017-01-06 10:07:15 params :
------------
Array:
rule : -2 ;
module :  ;
message : Array ;

2017-01-06 10:07:15 response :
------------

2017-01-06 10:07:30 trace :
------------
Array:
from : oRPPWvkHifuPRdXkpZj9SsUGlOFs ;
to : gh_b1f7fee0dba6 ;
time : 1483668450 ;
type : text ;
event :  ;
tousername : gh_b1f7fee0dba6 ;
fromusername : oRPPWvkHifuPRdXkpZj9SsUGlOFs ;
createtime : 1483668450 ;
msgtype : text ;
content : /::Z ;
msgid : 6372307471291359626 ;
redirection :  ;
source :  ;

2017-01-06 10:07:30 params :
------------
Array:
rule : -2 ;
module :  ;
message : Array ;

2017-01-06 10:07:30 response :
------------

2017-01-06 10:07:45 trace :
------------
Array:
from : oRPPWvkHifuPRdXkpZj9SsUGlOFs ;
to : gh_b1f7fee0dba6 ;
time : 1483668465 ;
type : event ;
event : VIEW ;
tousername : gh_b1f7fee0dba6 ;
fromusername : oRPPWvkHifuPRdXkpZj9SsUGlOFs ;
createtime : 1483668465 ;
msgtype : event ;
eventkey : http://a233.sdsfshop.com/app/index.php?i=65&c=entry&eid=852 ;
menuid : 434345128 ;

2017-01-06 10:07:45 params :
------------
Array:
rule : -2 ;
module :  ;
message : Array ;

2017-01-06 10:07:45 response :
------------

2017-01-06 11:54:03 trace :
------------
Array:
from : oRPPWvlyk556dkwhg5nX4tJ-P2Lc ;
to : gh_b1f7fee0dba6 ;
time : 1483674843 ;
type : event ;
event : VIEW ;
tousername : gh_b1f7fee0dba6 ;
fromusername : oRPPWvlyk556dkwhg5nX4tJ-P2Lc ;
createtime : 1483674843 ;
msgtype : event ;
eventkey : http://a233.sdsfshop.com/app/index.php?i=65&c=entry&eid=836 ;
menuid : 434345128 ;

2017-01-06 11:54:03 params :
------------
Array:
rule : -2 ;
module :  ;
message : Array ;

2017-01-06 11:54:03 response :
------------

2017-01-06 12:11:06 trace :
------------
Array:
from : oRPPWvrOHY5Jih4voTiuoU49o1Dc ;
to : gh_b1f7fee0dba6 ;
time : 1483675866 ;
type : event ;
event : VIEW ;
tousername : gh_b1f7fee0dba6 ;
fromusername : oRPPWvrOHY5Jih4voTiuoU49o1Dc ;
createtime : 1483675866 ;
msgtype : event ;
eventkey : http://a233.sdsfshop.com/app/index.php?i=65&c=entry&eid=851 ;
menuid : 434345128 ;

2017-01-06 12:11:06 params :
------------
Array:
rule : -2 ;
module :  ;
message : Array ;

2017-01-06 12:11:06 response :
------------

2017-01-06 14:16:49 trace :
------------
Array:
from : oRPPWvps_LCf2grvL8ZPDP2AdozQ ;
to : gh_b1f7fee0dba6 ;
time : 1483683408 ;
type : event ;
event : VIEW ;
tousername : gh_b1f7fee0dba6 ;
fromusername : oRPPWvps_LCf2grvL8ZPDP2AdozQ ;
createtime : 1483683408 ;
msgtype : event ;
eventkey : http://a233.sdsfshop.com/app/index.php?i=65&c=entry&eid=851 ;
menuid : 434345128 ;

2017-01-06 14:16:49 params :
------------
Array:
rule : -2 ;
module :  ;
message : Array ;

2017-01-06 14:16:49 response :
------------

2017-01-06 15:46:44 trace :
------------
Array:
from : oRPPWvps_LCf2grvL8ZPDP2AdozQ ;
to : gh_b1f7fee0dba6 ;
time : 1483688804 ;
type : event ;
event : VIEW ;
tousername : gh_b1f7fee0dba6 ;
fromusername : oRPPWvps_LCf2grvL8ZPDP2AdozQ ;
createtime : 1483688804 ;
msgtype : event ;
eventkey : http://a233.sdsfshop.com/app/index.php?i=65&c=entry&eid=851 ;
menuid : 434345128 ;

2017-01-06 15:46:44 params :
------------
Array:
rule : -2 ;
module :  ;
message : Array ;

2017-01-06 15:46:44 response :
------------

2017-01-06 16:01:25 trace :
------------
Array:
from : oRPPWvlyk556dkwhg5nX4tJ-P2Lc ;
to : gh_b1f7fee0dba6 ;
time : 1483689685 ;
type : event ;
event : VIEW ;
tousername : gh_b1f7fee0dba6 ;
fromusername : oRPPWvlyk556dkwhg5nX4tJ-P2Lc ;
createtime : 1483689685 ;
msgtype : event ;
eventkey : http://a233.sdsfshop.com/app/index.php?i=65&c=entry&eid=851 ;
menuid : 434345128 ;

2017-01-06 16:01:25 params :
------------
Array:
rule : -2 ;
module :  ;
message : Array ;

2017-01-06 16:01:25 response :
------------

2017-01-06 16:02:09 trace :
------------
Array:
from : oRPPWvlyk556dkwhg5nX4tJ-P2Lc ;
to : gh_b1f7fee0dba6 ;
time : 1483689729 ;
type : event ;
event : VIEW ;
tousername : gh_b1f7fee0dba6 ;
fromusername : oRPPWvlyk556dkwhg5nX4tJ-P2Lc ;
createtime : 1483689729 ;
msgtype : event ;
eventkey : http://a233.sdsfshop.com/app/index.php?i=65&c=entry&eid=836 ;
menuid : 434345128 ;

2017-01-06 16:02:09 params :
------------
Array:
rule : -2 ;
module :  ;
message : Array ;

2017-01-06 16:02:09 response :
------------

2017-01-06 23:02:24 trace :
------------
Array:
from : oRPPWvnWIKnjkiKfvOkUcuUkBVZw ;
to : gh_b1f7fee0dba6 ;
time : 1483714943 ;
type : event ;
event : VIEW ;
tousername : gh_b1f7fee0dba6 ;
fromusername : oRPPWvnWIKnjkiKfvOkUcuUkBVZw ;
createtime : 1483714943 ;
msgtype : event ;
eventkey : http://a233.sdsfshop.com/app/index.php?i=65&c=entry&eid=851 ;
menuid : 434345128 ;

2017-01-06 23:02:24 params :
------------
Array:
rule : -2 ;
module :  ;
message : Array ;

2017-01-06 23:02:24 response :
------------

