2017-01-08 02:45:10 trace :
------------
Array:
from : oRPPWvu8-dc282E4b7sXV50E_sxU ;
to : gh_b1f7fee0dba6 ;
time : 1483814710 ;
type : event ;
event : VIEW ;
tousername : gh_b1f7fee0dba6 ;
fromusername : oRPPWvu8-dc282E4b7sXV50E_sxU ;
createtime : 1483814710 ;
msgtype : event ;
eventkey : http://a233.sdsfshop.com/app/index.php?i=65&c=entry&eid=851 ;
menuid : 434345128 ;

2017-01-08 02:45:10 params :
------------
Array:
rule : -2 ;
module :  ;
message : Array ;

2017-01-08 02:45:10 response :
------------

2017-01-08 02:45:11 trace :
------------
Array:
from : oRPPWvu8-dc282E4b7sXV50E_sxU ;
to : gh_b1f7fee0dba6 ;
time : 1483814711 ;
type : event ;
event : VIEW ;
tousername : gh_b1f7fee0dba6 ;
fromusername : oRPPWvu8-dc282E4b7sXV50E_sxU ;
createtime : 1483814711 ;
msgtype : event ;
eventkey : http://a233.sdsfshop.com/app/index.php?i=65&c=entry&eid=851 ;
menuid : 434345128 ;

2017-01-08 02:45:11 params :
------------
Array:
rule : -2 ;
module :  ;
message : Array ;

2017-01-08 02:45:11 response :
------------

2017-01-08 02:45:39 trace :
------------
Array:
from : oRPPWvu8-dc282E4b7sXV50E_sxU ;
to : gh_b1f7fee0dba6 ;
time : 1483814739 ;
type : event ;
event : VIEW ;
tousername : gh_b1f7fee0dba6 ;
fromusername : oRPPWvu8-dc282E4b7sXV50E_sxU ;
createtime : 1483814739 ;
msgtype : event ;
eventkey : http://a233.sdsfshop.com/app/index.php?i=65&c=entry&eid=852 ;
menuid : 434345128 ;

2017-01-08 02:45:39 params :
------------
Array:
rule : -2 ;
module :  ;
message : Array ;

2017-01-08 02:45:39 response :
------------

2017-01-08 13:12:28 trace :
------------
Array:
from : oRPPWvg6PFjLy9oiYr-HGwPByxQA ;
to : gh_b1f7fee0dba6 ;
time : 1483852348 ;
type : event ;
event : VIEW ;
tousername : gh_b1f7fee0dba6 ;
fromusername : oRPPWvg6PFjLy9oiYr-HGwPByxQA ;
createtime : 1483852348 ;
msgtype : event ;
eventkey : http://a233.sdsfshop.com/app/index.php?i=65&c=entry&eid=851 ;
menuid : 434345128 ;

2017-01-08 13:12:28 params :
------------
Array:
rule : -2 ;
module :  ;
message : Array ;

2017-01-08 13:12:28 response :
------------

