2017-06-20 00:36:23 trace :
------------
Array:
from : oKmKPxKBnGN-iFbQdoJbzAjbZ4Fc ;
to : gh_e86b5de80d72 ;
time : 1497890182 ;
type : event ;
event : VIEW ;
tousername : gh_e86b5de80d72 ;
fromusername : oKmKPxKBnGN-iFbQdoJbzAjbZ4Fc ;
createtime : 1497890182 ;
msgtype : event ;
eventkey : http://www.richmei.com/app/index.php?i=66&c=entry&eid=851 ;
menuid : 601100941 ;

2017-06-20 00:36:23 params :
------------
Array:
rule : -2 ;
module :  ;
message : Array ;

2017-06-20 00:36:23 response :
------------

2017-06-20 01:51:02 trace :
------------
Array:
from : oKmKPxKBnGN-iFbQdoJbzAjbZ4Fc ;
to : gh_e86b5de80d72 ;
time : 1497894662 ;
type : event ;
event : VIEW ;
tousername : gh_e86b5de80d72 ;
fromusername : oKmKPxKBnGN-iFbQdoJbzAjbZ4Fc ;
createtime : 1497894662 ;
msgtype : event ;
eventkey : http://www.richmei.com/app/index.php?i=66&c=entry&eid=851 ;
menuid : 601100941 ;

2017-06-20 01:51:02 params :
------------
Array:
rule : -2 ;
module :  ;
message : Array ;

2017-06-20 01:51:02 response :
------------

2017-06-20 01:51:21 trace :
------------
Array:
from : oKmKPxKBnGN-iFbQdoJbzAjbZ4Fc ;
to : gh_e86b5de80d72 ;
time : 1497894680 ;
type : event ;
event : VIEW ;
tousername : gh_e86b5de80d72 ;
fromusername : oKmKPxKBnGN-iFbQdoJbzAjbZ4Fc ;
createtime : 1497894680 ;
msgtype : event ;
eventkey : http://www.richmei.com/app/index.php?i=66&c=entry&eid=851 ;
menuid : 601100941 ;

2017-06-20 01:51:21 params :
------------
Array:
rule : -2 ;
module :  ;
message : Array ;

2017-06-20 01:51:21 response :
------------

2017-06-20 10:27:49 trace :
------------
Array:
from : oKmKPxKBnGN-iFbQdoJbzAjbZ4Fc ;
to : gh_e86b5de80d72 ;
time : 1497925668 ;
type : event ;
event : VIEW ;
tousername : gh_e86b5de80d72 ;
fromusername : oKmKPxKBnGN-iFbQdoJbzAjbZ4Fc ;
createtime : 1497925668 ;
msgtype : event ;
eventkey : http://www.richmei.com/app/index.php?i=66&c=entry&eid=851 ;
menuid : 601100941 ;

2017-06-20 10:27:49 params :
------------
Array:
rule : -2 ;
module :  ;
message : Array ;

2017-06-20 10:27:49 response :
------------

2017-06-20 10:28:43 trace :
------------
Array:
from : oKmKPxKBnGN-iFbQdoJbzAjbZ4Fc ;
to : gh_e86b5de80d72 ;
time : 1497925719 ;
type : event ;
event : VIEW ;
tousername : gh_e86b5de80d72 ;
fromusername : oKmKPxKBnGN-iFbQdoJbzAjbZ4Fc ;
createtime : 1497925719 ;
msgtype : event ;
eventkey : http://www.richmei.com/app/index.php?i=66&c=entry&eid=853 ;
menuid : 601100941 ;

2017-06-20 10:28:43 params :
------------
Array:
rule : -2 ;
module :  ;
message : Array ;

2017-06-20 10:28:43 response :
------------

2017-06-20 10:28:43 trace :
------------
Array:
from : oKmKPxKBnGN-iFbQdoJbzAjbZ4Fc ;
to : gh_e86b5de80d72 ;
time : 1497925722 ;
type : event ;
event : VIEW ;
tousername : gh_e86b5de80d72 ;
fromusername : oKmKPxKBnGN-iFbQdoJbzAjbZ4Fc ;
createtime : 1497925722 ;
msgtype : event ;
eventkey : http://www.richmei.com/app/index.php?i=66&c=entry&eid=851 ;
menuid : 601100941 ;

2017-06-20 10:28:43 params :
------------
Array:
rule : -2 ;
module :  ;
message : Array ;

2017-06-20 10:28:43 response :
------------

2017-06-20 14:00:47 trace :
------------
Array:
from : oKmKPxKBnGN-iFbQdoJbzAjbZ4Fc ;
to : gh_e86b5de80d72 ;
time : 1497938444 ;
type : event ;
event : VIEW ;
tousername : gh_e86b5de80d72 ;
fromusername : oKmKPxKBnGN-iFbQdoJbzAjbZ4Fc ;
createtime : 1497938444 ;
msgtype : event ;
eventkey : http://www.richmei.com/app/index.php?i=66&c=entry&eid=851 ;
menuid : 601100941 ;

2017-06-20 14:00:47 params :
------------
Array:
rule : -2 ;
module :  ;
message : Array ;

2017-06-20 14:00:47 response :
------------

2017-06-20 19:09:12 trace :
------------
Array:
from : oKmKPxKBnGN-iFbQdoJbzAjbZ4Fc ;
to : gh_e86b5de80d72 ;
time : 1497956951 ;
type : event ;
event : VIEW ;
tousername : gh_e86b5de80d72 ;
fromusername : oKmKPxKBnGN-iFbQdoJbzAjbZ4Fc ;
createtime : 1497956951 ;
msgtype : event ;
eventkey : http://www.richmei.com/app/index.php?i=66&c=entry&eid=851 ;
menuid : 601100941 ;

2017-06-20 19:09:12 params :
------------
Array:
rule : -2 ;
module :  ;
message : Array ;

2017-06-20 19:09:12 response :
------------

2017-06-20 19:17:45 trace :
------------
Array:
from : oKmKPxKBnGN-iFbQdoJbzAjbZ4Fc ;
to : gh_e86b5de80d72 ;
time : 1497957464 ;
type : event ;
event : VIEW ;
tousername : gh_e86b5de80d72 ;
fromusername : oKmKPxKBnGN-iFbQdoJbzAjbZ4Fc ;
createtime : 1497957464 ;
msgtype : event ;
eventkey : http://www.richmei.com/app/index.php?i=66&c=entry&eid=853 ;
menuid : 601100941 ;

2017-06-20 19:17:45 params :
------------
Array:
rule : -2 ;
module :  ;
message : Array ;

2017-06-20 19:17:45 response :
------------

2017-06-20 19:18:10 trace :
------------
Array:
from : oKmKPxKBnGN-iFbQdoJbzAjbZ4Fc ;
to : gh_e86b5de80d72 ;
time : 1497957489 ;
type : event ;
event : VIEW ;
tousername : gh_e86b5de80d72 ;
fromusername : oKmKPxKBnGN-iFbQdoJbzAjbZ4Fc ;
createtime : 1497957489 ;
msgtype : event ;
eventkey : http://www.richmei.com/app/index.php?i=66&c=entry&eid=853 ;
menuid : 601100941 ;

2017-06-20 19:18:10 params :
------------
Array:
rule : -2 ;
module :  ;
message : Array ;

2017-06-20 19:18:10 response :
------------

2017-06-20 19:18:13 trace :
------------
Array:
from : oKmKPxKBnGN-iFbQdoJbzAjbZ4Fc ;
to : gh_e86b5de80d72 ;
time : 1497957484 ;
type : event ;
event : VIEW ;
tousername : gh_e86b5de80d72 ;
fromusername : oKmKPxKBnGN-iFbQdoJbzAjbZ4Fc ;
createtime : 1497957484 ;
msgtype : event ;
eventkey : http://www.richmei.com/app/index.php?i=66&c=entry&eid=851 ;
menuid : 601100941 ;

2017-06-20 19:18:13 params :
------------
Array:
rule : -2 ;
module :  ;
message : Array ;

2017-06-20 19:18:13 response :
------------

2017-06-20 19:18:14 trace :
------------
Array:
from : oKmKPxKBnGN-iFbQdoJbzAjbZ4Fc ;
to : gh_e86b5de80d72 ;
time : 1497957484 ;
type : event ;
event : VIEW ;
tousername : gh_e86b5de80d72 ;
fromusername : oKmKPxKBnGN-iFbQdoJbzAjbZ4Fc ;
createtime : 1497957484 ;
msgtype : event ;
eventkey : http://www.richmei.com/app/index.php?i=66&c=entry&eid=851 ;
menuid : 601100941 ;

2017-06-20 19:18:14 params :
------------
Array:
rule : -2 ;
module :  ;
message : Array ;

2017-06-20 19:18:14 response :
------------

2017-06-20 19:18:15 trace :
------------
Array:
from : oKmKPxKBnGN-iFbQdoJbzAjbZ4Fc ;
to : gh_e86b5de80d72 ;
time : 1497957494 ;
type : event ;
event : VIEW ;
tousername : gh_e86b5de80d72 ;
fromusername : oKmKPxKBnGN-iFbQdoJbzAjbZ4Fc ;
createtime : 1497957494 ;
msgtype : event ;
eventkey : http://www.richmei.com/app/index.php?i=66&c=entry&eid=851 ;
menuid : 601100941 ;

2017-06-20 19:18:15 params :
------------
Array:
rule : -2 ;
module :  ;
message : Array ;

2017-06-20 19:18:15 response :
------------

2017-06-20 19:18:18 trace :
------------
Array:
from : oKmKPxKBnGN-iFbQdoJbzAjbZ4Fc ;
to : gh_e86b5de80d72 ;
time : 1497957497 ;
type : event ;
event : VIEW ;
tousername : gh_e86b5de80d72 ;
fromusername : oKmKPxKBnGN-iFbQdoJbzAjbZ4Fc ;
createtime : 1497957497 ;
msgtype : event ;
eventkey : http://www.richmei.com/app/index.php?i=66&c=entry&eid=853 ;
menuid : 601100941 ;

2017-06-20 19:18:18 params :
------------
Array:
rule : -2 ;
module :  ;
message : Array ;

2017-06-20 19:18:18 response :
------------

2017-06-20 19:32:26 trace :
------------
Array:
from : oKmKPxKBnGN-iFbQdoJbzAjbZ4Fc ;
to : gh_e86b5de80d72 ;
time : 1497958342 ;
type : event ;
event : VIEW ;
tousername : gh_e86b5de80d72 ;
fromusername : oKmKPxKBnGN-iFbQdoJbzAjbZ4Fc ;
createtime : 1497958342 ;
msgtype : event ;
eventkey : http://www.richmei.com/app/index.php?i=66&c=entry&eid=851 ;
menuid : 601100941 ;

2017-06-20 19:32:26 params :
------------
Array:
rule : -2 ;
module :  ;
message : Array ;

2017-06-20 19:32:26 response :
------------

2017-06-20 22:02:41 trace :
------------
Array:
from : oKmKPxKBnGN-iFbQdoJbzAjbZ4Fc ;
to : gh_e86b5de80d72 ;
time : 1497967358 ;
type : event ;
event : VIEW ;
tousername : gh_e86b5de80d72 ;
fromusername : oKmKPxKBnGN-iFbQdoJbzAjbZ4Fc ;
createtime : 1497967358 ;
msgtype : event ;
eventkey : http://www.richmei.com/app/index.php?i=66&c=entry&eid=851 ;
menuid : 601100941 ;

2017-06-20 22:02:41 params :
------------
Array:
rule : -2 ;
module :  ;
message : Array ;

2017-06-20 22:02:41 response :
------------

