2017-06-16 15:36:43 trace :
------------
Array:
from : oKmKPxKBnGN-iFbQdoJbzAjbZ4Fc ;
to : gh_e86b5de80d72 ;
time : 1497598599 ;
type : event ;
event : VIEW ;
tousername : gh_e86b5de80d72 ;
fromusername : oKmKPxKBnGN-iFbQdoJbzAjbZ4Fc ;
createtime : 1497598599 ;
msgtype : event ;
eventkey : http://www.richmei.com/app/index.php?i=66&c=entry&eid=851 ;
menuid : 601053734 ;

2017-06-16 15:36:43 params :
------------
Array:
rule : -2 ;
module :  ;
message : Array ;

2017-06-16 15:36:43 response :
------------

2017-06-16 15:37:57 trace :
------------
Array:
from : oKmKPxKBnGN-iFbQdoJbzAjbZ4Fc ;
to : gh_e86b5de80d72 ;
time : 1497598667 ;
type : event ;
event : VIEW ;
tousername : gh_e86b5de80d72 ;
fromusername : oKmKPxKBnGN-iFbQdoJbzAjbZ4Fc ;
createtime : 1497598667 ;
msgtype : event ;
eventkey : http://www.richmei.com/app/index.php?i=66&c=entry&eid=851 ;
menuid : 601053734 ;

2017-06-16 15:37:57 params :
------------
Array:
rule : -2 ;
module :  ;
message : Array ;

2017-06-16 15:37:57 response :
------------

2017-06-16 15:38:02 trace :
------------
Array:
from : oKmKPxKBnGN-iFbQdoJbzAjbZ4Fc ;
to : gh_e86b5de80d72 ;
time : 1497598667 ;
type : event ;
event : VIEW ;
tousername : gh_e86b5de80d72 ;
fromusername : oKmKPxKBnGN-iFbQdoJbzAjbZ4Fc ;
createtime : 1497598667 ;
msgtype : event ;
eventkey : http://www.richmei.com/app/index.php?i=66&c=entry&eid=851 ;
menuid : 601053734 ;

2017-06-16 15:38:02 params :
------------
Array:
rule : -2 ;
module :  ;
message : Array ;

2017-06-16 15:38:02 response :
------------

2017-06-16 15:38:02 trace :
------------
Array:
from : oKmKPxKBnGN-iFbQdoJbzAjbZ4Fc ;
to : gh_e86b5de80d72 ;
time : 1497598667 ;
type : event ;
event : VIEW ;
tousername : gh_e86b5de80d72 ;
fromusername : oKmKPxKBnGN-iFbQdoJbzAjbZ4Fc ;
createtime : 1497598667 ;
msgtype : event ;
eventkey : http://www.richmei.com/app/index.php?i=66&c=entry&eid=851 ;
menuid : 601053734 ;

2017-06-16 15:38:02 params :
------------
Array:
rule : -2 ;
module :  ;
message : Array ;

2017-06-16 15:38:02 response :
------------

2017-06-16 15:39:10 trace :
------------
Array:
from : oKmKPxKBnGN-iFbQdoJbzAjbZ4Fc ;
to : gh_e86b5de80d72 ;
time : 1497598746 ;
type : event ;
event : VIEW ;
tousername : gh_e86b5de80d72 ;
fromusername : oKmKPxKBnGN-iFbQdoJbzAjbZ4Fc ;
createtime : 1497598746 ;
msgtype : event ;
eventkey : http://www.richmei.com/app/index.php?i=66&c=entry&eid=851 ;
menuid : 601053734 ;

2017-06-16 15:39:10 params :
------------
Array:
rule : -2 ;
module :  ;
message : Array ;

2017-06-16 15:39:10 response :
------------

2017-06-16 15:41:36 trace :
------------
Array:
from : oKmKPxKBnGN-iFbQdoJbzAjbZ4Fc ;
to : gh_e86b5de80d72 ;
time : 1497598895 ;
type : event ;
event : VIEW ;
tousername : gh_e86b5de80d72 ;
fromusername : oKmKPxKBnGN-iFbQdoJbzAjbZ4Fc ;
createtime : 1497598895 ;
msgtype : event ;
eventkey : http://www.richmei.com/app/index.php?i=66&c=entry&eid=851 ;
menuid : 601053734 ;

2017-06-16 15:41:36 params :
------------
Array:
rule : -2 ;
module :  ;
message : Array ;

2017-06-16 15:41:36 response :
------------

2017-06-16 15:41:57 trace :
------------
Array:
from : oKmKPxKBnGN-iFbQdoJbzAjbZ4Fc ;
to : gh_e86b5de80d72 ;
time : 1497598913 ;
type : event ;
event : VIEW ;
tousername : gh_e86b5de80d72 ;
fromusername : oKmKPxKBnGN-iFbQdoJbzAjbZ4Fc ;
createtime : 1497598913 ;
msgtype : event ;
eventkey : http://www.richmei.com/app/index.php?i=66&c=entry&eid=851 ;
menuid : 601053734 ;

2017-06-16 15:41:57 params :
------------
Array:
rule : -2 ;
module :  ;
message : Array ;

2017-06-16 15:41:57 response :
------------

2017-06-16 15:51:14 trace :
------------
Array:
from : oKmKPxKBnGN-iFbQdoJbzAjbZ4Fc ;
to : gh_e86b5de80d72 ;
time : 1497599474 ;
type : event ;
event : VIEW ;
tousername : gh_e86b5de80d72 ;
fromusername : oKmKPxKBnGN-iFbQdoJbzAjbZ4Fc ;
createtime : 1497599474 ;
msgtype : event ;
eventkey : http://www.richmei.com/app/index.php?i=66&c=entry&eid=851 ;
menuid : 601053734 ;

2017-06-16 15:51:14 params :
------------
Array:
message : Array ;
module : chats ;
rule :  ;
priority : 255 ;
context : 1 ;

2017-06-16 15:51:14 response :
------------
Array:
errno : -1 ;
message : Invaild value ;

2017-06-16 15:54:03 trace :
------------
Array:
from : oKmKPxKBnGN-iFbQdoJbzAjbZ4Fc ;
to : gh_e86b5de80d72 ;
time : 1497599642 ;
type : event ;
event : VIEW ;
tousername : gh_e86b5de80d72 ;
fromusername : oKmKPxKBnGN-iFbQdoJbzAjbZ4Fc ;
createtime : 1497599642 ;
msgtype : event ;
eventkey : http://www.richmei.com/app/index.php?i=66&c=entry&eid=851 ;
menuid : 601053734 ;

2017-06-16 15:54:03 params :
------------
Array:
message : Array ;
module : chats ;
rule :  ;
priority : 255 ;
context : 1 ;

2017-06-16 15:54:03 response :
------------
Array:
errno : -1 ;
message : Invaild value ;

2017-06-16 15:54:19 trace :
------------
Array:
from : oKmKPxKBnGN-iFbQdoJbzAjbZ4Fc ;
to : gh_e86b5de80d72 ;
time : 1497599658 ;
type : event ;
event : VIEW ;
tousername : gh_e86b5de80d72 ;
fromusername : oKmKPxKBnGN-iFbQdoJbzAjbZ4Fc ;
createtime : 1497599658 ;
msgtype : event ;
eventkey : http://www.richmei.com/app/index.php?i=66&c=entry&eid=851 ;
menuid : 601053734 ;

2017-06-16 15:54:19 params :
------------
Array:
message : Array ;
module : chats ;
rule :  ;
priority : 255 ;
context : 1 ;

2017-06-16 15:54:19 response :
------------
Array:
errno : -1 ;
message : Invaild value ;

2017-06-16 15:57:47 trace :
------------
Array:
from : oKmKPxKBnGN-iFbQdoJbzAjbZ4Fc ;
to : gh_e86b5de80d72 ;
time : 1497599866 ;
type : event ;
event : VIEW ;
tousername : gh_e86b5de80d72 ;
fromusername : oKmKPxKBnGN-iFbQdoJbzAjbZ4Fc ;
createtime : 1497599866 ;
msgtype : event ;
eventkey : http://www.richmei.com/app/index.php?i=66&c=entry&eid=853 ;
menuid : 601098889 ;

2017-06-16 15:57:47 params :
------------
Array:
message : Array ;
module : chats ;
rule :  ;
priority : 255 ;
context : 1 ;

2017-06-16 15:57:47 response :
------------
Array:
errno : -1 ;
message : Invaild value ;

2017-06-16 16:02:30 trace :
------------
Array:
from : oKmKPxKBnGN-iFbQdoJbzAjbZ4Fc ;
to : gh_e86b5de80d72 ;
time : 1497600149 ;
type : event ;
event : VIEW ;
tousername : gh_e86b5de80d72 ;
fromusername : oKmKPxKBnGN-iFbQdoJbzAjbZ4Fc ;
createtime : 1497600149 ;
msgtype : event ;
eventkey : http://www.richmei.com/app/index.php?i=66&c=entry&eid=853 ;
menuid : 601098889 ;

2017-06-16 16:02:30 params :
------------
Array:
message : Array ;
module : chats ;
rule :  ;
priority : 255 ;
context : 1 ;

2017-06-16 16:02:30 response :
------------
Array:
errno : -1 ;
message : Invaild value ;

2017-06-16 16:07:24 trace :
------------
Array:
from : oKmKPxKBnGN-iFbQdoJbzAjbZ4Fc ;
to : gh_e86b5de80d72 ;
time : 1497600443 ;
type : event ;
event : VIEW ;
tousername : gh_e86b5de80d72 ;
fromusername : oKmKPxKBnGN-iFbQdoJbzAjbZ4Fc ;
createtime : 1497600443 ;
msgtype : event ;
eventkey : http://www.richmei.com/app/index.php?i=66&c=entry&eid=853 ;
menuid : 601098889 ;

2017-06-16 16:07:24 params :
------------
Array:
message : Array ;
module : chats ;
rule :  ;
priority : 255 ;
context : 1 ;

2017-06-16 16:07:24 response :
------------
Array:
errno : -1 ;
message : Invaild value ;

2017-06-16 16:09:24 trace :
------------
Array:
from : oKmKPxKBnGN-iFbQdoJbzAjbZ4Fc ;
to : gh_e86b5de80d72 ;
time : 1497600564 ;
type : event ;
event : VIEW ;
tousername : gh_e86b5de80d72 ;
fromusername : oKmKPxKBnGN-iFbQdoJbzAjbZ4Fc ;
createtime : 1497600564 ;
msgtype : event ;
eventkey : http://www.richmei.com/app/index.php?i=66&c=entry&eid=853 ;
menuid : 601098889 ;

2017-06-16 16:09:24 params :
------------
Array:
message : Array ;
module : chats ;
rule :  ;
priority : 255 ;
context : 1 ;

2017-06-16 16:09:24 response :
------------
Array:
errno : -1 ;
message : Invaild value ;

2017-06-16 16:10:10 trace :
------------
Array:
from : oKmKPxKBnGN-iFbQdoJbzAjbZ4Fc ;
to : gh_e86b5de80d72 ;
time : 1497600609 ;
type : event ;
event : VIEW ;
tousername : gh_e86b5de80d72 ;
fromusername : oKmKPxKBnGN-iFbQdoJbzAjbZ4Fc ;
createtime : 1497600609 ;
msgtype : event ;
eventkey : http://www.richmei.com/app/index.php?i=66&c=entry&eid=851 ;
menuid : 601098889 ;

2017-06-16 16:10:10 params :
------------
Array:
message : Array ;
module : chats ;
rule :  ;
priority : 255 ;
context : 1 ;

2017-06-16 16:10:10 response :
------------
Array:
errno : -1 ;
message : Invaild value ;

2017-06-16 16:10:20 trace :
------------
Array:
from : oKmKPxKBnGN-iFbQdoJbzAjbZ4Fc ;
to : gh_e86b5de80d72 ;
time : 1497600619 ;
type : event ;
event : VIEW ;
tousername : gh_e86b5de80d72 ;
fromusername : oKmKPxKBnGN-iFbQdoJbzAjbZ4Fc ;
createtime : 1497600619 ;
msgtype : event ;
eventkey : http://www.richmei.com/app/index.php?i=66&c=entry&eid=851 ;
menuid : 601098889 ;

2017-06-16 16:10:20 params :
------------
Array:
message : Array ;
module : chats ;
rule :  ;
priority : 255 ;
context : 1 ;

2017-06-16 16:10:20 response :
------------
Array:
errno : -1 ;
message : Invaild value ;

2017-06-16 16:13:07 trace :
------------
Array:
from : oKmKPxKBnGN-iFbQdoJbzAjbZ4Fc ;
to : gh_e86b5de80d72 ;
time : 1497600786 ;
type : event ;
event : VIEW ;
tousername : gh_e86b5de80d72 ;
fromusername : oKmKPxKBnGN-iFbQdoJbzAjbZ4Fc ;
createtime : 1497600786 ;
msgtype : event ;
eventkey : http://www.richmei.com/app/index.php?i=66&c=entry&eid=853 ;
menuid : 601098889 ;

2017-06-16 16:13:07 params :
------------
Array:
message : Array ;
module : chats ;
rule :  ;
priority : 255 ;
context : 1 ;

2017-06-16 16:13:07 response :
------------
Array:
errno : -1 ;
message : Invaild value ;

2017-06-16 16:16:06 trace :
------------
Array:
from : oKmKPxKBnGN-iFbQdoJbzAjbZ4Fc ;
to : gh_e86b5de80d72 ;
time : 1497600965 ;
type : event ;
event : VIEW ;
tousername : gh_e86b5de80d72 ;
fromusername : oKmKPxKBnGN-iFbQdoJbzAjbZ4Fc ;
createtime : 1497600965 ;
msgtype : event ;
eventkey : http://www.richmei.com/app/index.php?i=66&c=entry&eid=853 ;
menuid : 601098889 ;

2017-06-16 16:16:06 params :
------------
Array:
message : Array ;
module : chats ;
rule :  ;
priority : 255 ;
context : 1 ;

2017-06-16 16:16:06 response :
------------
Array:
errno : -1 ;
message : Invaild value ;

2017-06-16 16:16:59 trace :
------------
Array:
from : oKmKPxKBnGN-iFbQdoJbzAjbZ4Fc ;
to : gh_e86b5de80d72 ;
time : 1497601018 ;
type : event ;
event : VIEW ;
tousername : gh_e86b5de80d72 ;
fromusername : oKmKPxKBnGN-iFbQdoJbzAjbZ4Fc ;
createtime : 1497601018 ;
msgtype : event ;
eventkey : http://www.richmei.com/app/index.php?i=66&c=entry&eid=853 ;
menuid : 601098889 ;

2017-06-16 16:16:59 params :
------------
Array:
message : Array ;
module : chats ;
rule :  ;
priority : 255 ;
context : 1 ;

2017-06-16 16:16:59 response :
------------
Array:
errno : -1 ;
message : Invaild value ;

2017-06-16 16:18:44 trace :
------------
Array:
from : oKmKPxKBnGN-iFbQdoJbzAjbZ4Fc ;
to : gh_e86b5de80d72 ;
time : 1497601120 ;
type : event ;
event : VIEW ;
tousername : gh_e86b5de80d72 ;
fromusername : oKmKPxKBnGN-iFbQdoJbzAjbZ4Fc ;
createtime : 1497601120 ;
msgtype : event ;
eventkey : http://www.richmei.com/app/index.php?i=66&c=entry&eid=853 ;
menuid : 601098889 ;

2017-06-16 16:18:44 params :
------------
Array:
message : Array ;
module : chats ;
rule :  ;
priority : 255 ;
context : 1 ;

2017-06-16 16:18:44 response :
------------
Array:
errno : -1 ;
message : Invaild value ;

2017-06-16 16:19:24 trace :
------------
Array:
from : oKmKPxKBnGN-iFbQdoJbzAjbZ4Fc ;
to : gh_e86b5de80d72 ;
time : 1497601160 ;
type : event ;
event : VIEW ;
tousername : gh_e86b5de80d72 ;
fromusername : oKmKPxKBnGN-iFbQdoJbzAjbZ4Fc ;
createtime : 1497601160 ;
msgtype : event ;
eventkey : http://www.richmei.com/app/index.php?i=66&c=entry&eid=851 ;
menuid : 601098889 ;

2017-06-16 16:19:24 params :
------------
Array:
message : Array ;
module : chats ;
rule :  ;
priority : 255 ;
context : 1 ;

2017-06-16 16:19:24 response :
------------
Array:
errno : -1 ;
message : Invaild value ;

2017-06-16 16:19:26 trace :
------------
Array:
from : oKmKPxKBnGN-iFbQdoJbzAjbZ4Fc ;
to : gh_e86b5de80d72 ;
time : 1497601165 ;
type : event ;
event : VIEW ;
tousername : gh_e86b5de80d72 ;
fromusername : oKmKPxKBnGN-iFbQdoJbzAjbZ4Fc ;
createtime : 1497601165 ;
msgtype : event ;
eventkey : http://www.richmei.com/app/index.php?i=66&c=entry&eid=851 ;
menuid : 601098889 ;

2017-06-16 16:19:26 params :
------------
Array:
message : Array ;
module : chats ;
rule :  ;
priority : 255 ;
context : 1 ;

2017-06-16 16:19:26 response :
------------
Array:
errno : -1 ;
message : Invaild value ;

2017-06-16 16:22:00 trace :
------------
Array:
from : oKmKPxKBnGN-iFbQdoJbzAjbZ4Fc ;
to : gh_e86b5de80d72 ;
time : 1497601320 ;
type : event ;
event : VIEW ;
tousername : gh_e86b5de80d72 ;
fromusername : oKmKPxKBnGN-iFbQdoJbzAjbZ4Fc ;
createtime : 1497601320 ;
msgtype : event ;
eventkey : http://www.richmei.com/app/index.php?i=66&c=entry&eid=851 ;
menuid : 601098889 ;

2017-06-16 16:22:00 params :
------------
Array:
message : Array ;
module : chats ;
rule :  ;
priority : 255 ;
context : 1 ;

2017-06-16 16:22:00 response :
------------
Array:
errno : -1 ;
message : Invaild value ;

2017-06-16 16:22:04 trace :
------------
Array:
from : oKmKPxKBnGN-iFbQdoJbzAjbZ4Fc ;
to : gh_e86b5de80d72 ;
time : 1497601323 ;
type : event ;
event : VIEW ;
tousername : gh_e86b5de80d72 ;
fromusername : oKmKPxKBnGN-iFbQdoJbzAjbZ4Fc ;
createtime : 1497601323 ;
msgtype : event ;
eventkey : http://www.richmei.com/app/index.php?i=66&c=entry&eid=851 ;
menuid : 601098889 ;

2017-06-16 16:22:04 params :
------------
Array:
message : Array ;
module : chats ;
rule :  ;
priority : 255 ;
context : 1 ;

2017-06-16 16:22:04 response :
------------
Array:
errno : -1 ;
message : Invaild value ;

2017-06-16 16:22:25 trace :
------------
Array:
from : oKmKPxKBnGN-iFbQdoJbzAjbZ4Fc ;
to : gh_e86b5de80d72 ;
time : 1497601342 ;
type : event ;
event : VIEW ;
tousername : gh_e86b5de80d72 ;
fromusername : oKmKPxKBnGN-iFbQdoJbzAjbZ4Fc ;
createtime : 1497601342 ;
msgtype : event ;
eventkey : http://www.richmei.com/app/index.php?i=66&c=entry&eid=851 ;
menuid : 601098889 ;

2017-06-16 16:22:25 params :
------------
Array:
message : Array ;
module : chats ;
rule :  ;
priority : 255 ;
context : 1 ;

2017-06-16 16:22:25 response :
------------
Array:
errno : -1 ;
message : Invaild value ;

2017-06-16 16:22:35 trace :
------------
Array:
from : oKmKPxKBnGN-iFbQdoJbzAjbZ4Fc ;
to : gh_e86b5de80d72 ;
time : 1497601354 ;
type : event ;
event : VIEW ;
tousername : gh_e86b5de80d72 ;
fromusername : oKmKPxKBnGN-iFbQdoJbzAjbZ4Fc ;
createtime : 1497601354 ;
msgtype : event ;
eventkey : http://www.richmei.com/app/index.php?i=66&c=entry&eid=851 ;
menuid : 601098889 ;

2017-06-16 16:22:35 params :
------------
Array:
message : Array ;
module : chats ;
rule :  ;
priority : 255 ;
context : 1 ;

2017-06-16 16:22:35 response :
------------
Array:
errno : -1 ;
message : Invaild value ;

2017-06-16 16:27:13 trace :
------------
Array:
from : oKmKPxKBnGN-iFbQdoJbzAjbZ4Fc ;
to : gh_e86b5de80d72 ;
time : 1497601632 ;
type : event ;
event : VIEW ;
tousername : gh_e86b5de80d72 ;
fromusername : oKmKPxKBnGN-iFbQdoJbzAjbZ4Fc ;
createtime : 1497601632 ;
msgtype : event ;
eventkey : http://www.richmei.com/app/index.php?i=66&c=entry&eid=853 ;
menuid : 601099379 ;

2017-06-16 16:27:13 params :
------------
Array:
message : Array ;
module : chats ;
rule :  ;
priority : 255 ;
context : 1 ;

2017-06-16 16:27:13 response :
------------
Array:
errno : -1 ;
message : Invaild value ;

2017-06-16 16:58:09 trace :
------------
Array:
from : oKmKPxKBnGN-iFbQdoJbzAjbZ4Fc ;
to : gh_e86b5de80d72 ;
time : 1497603485 ;
type : event ;
event : VIEW ;
tousername : gh_e86b5de80d72 ;
fromusername : oKmKPxKBnGN-iFbQdoJbzAjbZ4Fc ;
createtime : 1497603485 ;
msgtype : event ;
eventkey : http://www.richmei.com/app/index.php?i=66&c=entry&eid=853 ;
menuid : 601099379 ;

2017-06-16 16:58:09 params :
------------
Array:
rule : -2 ;
module :  ;
message : Array ;

2017-06-16 16:58:09 response :
------------

2017-06-16 16:59:28 trace :
------------
Array:
from : oKmKPxKBnGN-iFbQdoJbzAjbZ4Fc ;
to : gh_e86b5de80d72 ;
time : 1497603567 ;
type : event ;
event : VIEW ;
tousername : gh_e86b5de80d72 ;
fromusername : oKmKPxKBnGN-iFbQdoJbzAjbZ4Fc ;
createtime : 1497603567 ;
msgtype : event ;
eventkey : http://www.richmei.com/app/index.php?i=66&c=entry&eid=851 ;
menuid : 601099379 ;

2017-06-16 16:59:28 params :
------------
Array:
rule : -2 ;
module :  ;
message : Array ;

2017-06-16 16:59:28 response :
------------

2017-06-16 17:28:25 trace :
------------
Array:
from : oKmKPxKBnGN-iFbQdoJbzAjbZ4Fc ;
to : gh_e86b5de80d72 ;
time : 1497605301 ;
type : event ;
event : VIEW ;
tousername : gh_e86b5de80d72 ;
fromusername : oKmKPxKBnGN-iFbQdoJbzAjbZ4Fc ;
createtime : 1497605301 ;
msgtype : event ;
eventkey : http://www.richmei.com/app/index.php?i=66&c=home&a=page&id=8 ;
menuid : 601100882 ;

2017-06-16 17:28:25 params :
------------
Array:
rule : -2 ;
module :  ;
message : Array ;

2017-06-16 17:28:25 response :
------------

2017-06-16 17:29:29 trace :
------------
Array:
from : oKmKPxKBnGN-iFbQdoJbzAjbZ4Fc ;
to : gh_e86b5de80d72 ;
time : 1497605365 ;
type : event ;
event : VIEW ;
tousername : gh_e86b5de80d72 ;
fromusername : oKmKPxKBnGN-iFbQdoJbzAjbZ4Fc ;
createtime : 1497605365 ;
msgtype : event ;
eventkey : http://www.richmei.com/app/index.php?i=66&c=home&a=page&id=8 ;
menuid : 601100882 ;

2017-06-16 17:29:29 params :
------------
Array:
rule : -2 ;
module :  ;
message : Array ;

2017-06-16 17:29:29 response :
------------

2017-06-16 17:29:32 trace :
------------
Array:
from : oKmKPxKBnGN-iFbQdoJbzAjbZ4Fc ;
to : gh_e86b5de80d72 ;
time : 1497605371 ;
type : event ;
event : VIEW ;
tousername : gh_e86b5de80d72 ;
fromusername : oKmKPxKBnGN-iFbQdoJbzAjbZ4Fc ;
createtime : 1497605371 ;
msgtype : event ;
eventkey : http://www.richmei.com/app/index.php?i=66&c=entry&eid=853 ;
menuid : 601100882 ;

2017-06-16 17:29:32 params :
------------
Array:
rule : -2 ;
module :  ;
message : Array ;

2017-06-16 17:29:32 response :
------------

2017-06-16 17:29:38 trace :
------------
Array:
from : oKmKPxKBnGN-iFbQdoJbzAjbZ4Fc ;
to : gh_e86b5de80d72 ;
time : 1497605374 ;
type : event ;
event : VIEW ;
tousername : gh_e86b5de80d72 ;
fromusername : oKmKPxKBnGN-iFbQdoJbzAjbZ4Fc ;
createtime : 1497605374 ;
msgtype : event ;
eventkey : http://www.richmei.com/app/index.php?i=66&c=home&a=page&id=8 ;
menuid : 601100882 ;

2017-06-16 17:29:38 params :
------------
Array:
rule : -2 ;
module :  ;
message : Array ;

2017-06-16 17:29:38 response :
------------

2017-06-16 17:29:40 trace :
------------
Array:
from : oKmKPxKBnGN-iFbQdoJbzAjbZ4Fc ;
to : gh_e86b5de80d72 ;
time : 1497605379 ;
type : event ;
event : VIEW ;
tousername : gh_e86b5de80d72 ;
fromusername : oKmKPxKBnGN-iFbQdoJbzAjbZ4Fc ;
createtime : 1497605379 ;
msgtype : event ;
eventkey : http://www.richmei.com/app/index.php?i=66&c=home&a=page&id=8 ;
menuid : 601100882 ;

2017-06-16 17:29:40 params :
------------
Array:
rule : -2 ;
module :  ;
message : Array ;

2017-06-16 17:29:40 response :
------------

2017-06-16 17:29:42 trace :
------------
Array:
from : oKmKPxKBnGN-iFbQdoJbzAjbZ4Fc ;
to : gh_e86b5de80d72 ;
time : 1497605376 ;
type : event ;
event : VIEW ;
tousername : gh_e86b5de80d72 ;
fromusername : oKmKPxKBnGN-iFbQdoJbzAjbZ4Fc ;
createtime : 1497605376 ;
msgtype : event ;
eventkey : http://www.richmei.com/app/index.php?i=66&c=entry&eid=853 ;
menuid : 601100882 ;

2017-06-16 17:29:42 params :
------------
Array:
rule : -2 ;
module :  ;
message : Array ;

2017-06-16 17:29:42 response :
------------

2017-06-16 17:29:45 trace :
------------
Array:
from : oKmKPxKBnGN-iFbQdoJbzAjbZ4Fc ;
to : gh_e86b5de80d72 ;
time : 1497605376 ;
type : event ;
event : VIEW ;
tousername : gh_e86b5de80d72 ;
fromusername : oKmKPxKBnGN-iFbQdoJbzAjbZ4Fc ;
createtime : 1497605376 ;
msgtype : event ;
eventkey : http://www.richmei.com/app/index.php?i=66&c=entry&eid=853 ;
menuid : 601100882 ;

2017-06-16 17:29:45 params :
------------
Array:
rule : -2 ;
module :  ;
message : Array ;

2017-06-16 17:29:45 response :
------------

2017-06-16 17:30:08 trace :
------------
Array:
from : oKmKPxKBnGN-iFbQdoJbzAjbZ4Fc ;
to : gh_e86b5de80d72 ;
time : 1497605407 ;
type : event ;
event : VIEW ;
tousername : gh_e86b5de80d72 ;
fromusername : oKmKPxKBnGN-iFbQdoJbzAjbZ4Fc ;
createtime : 1497605407 ;
msgtype : event ;
eventkey : http://www.richmei.com/app/index.php?i=66&c=entry&eid=853 ;
menuid : 601100882 ;

2017-06-16 17:30:08 params :
------------
Array:
rule : -2 ;
module :  ;
message : Array ;

2017-06-16 17:30:08 response :
------------

2017-06-16 17:30:14 trace :
------------
Array:
from : oKmKPxKBnGN-iFbQdoJbzAjbZ4Fc ;
to : gh_e86b5de80d72 ;
time : 1497605414 ;
type : event ;
event : VIEW ;
tousername : gh_e86b5de80d72 ;
fromusername : oKmKPxKBnGN-iFbQdoJbzAjbZ4Fc ;
createtime : 1497605414 ;
msgtype : event ;
eventkey : http://www.richmei.com/app/index.php?i=66&c=entry&eid=853 ;
menuid : 601100882 ;

2017-06-16 17:30:14 params :
------------
Array:
rule : -2 ;
module :  ;
message : Array ;

2017-06-16 17:30:14 response :
------------

2017-06-16 17:30:24 trace :
------------
Array:
from : oKmKPxKBnGN-iFbQdoJbzAjbZ4Fc ;
to : gh_e86b5de80d72 ;
time : 1497605421 ;
type : event ;
event : VIEW ;
tousername : gh_e86b5de80d72 ;
fromusername : oKmKPxKBnGN-iFbQdoJbzAjbZ4Fc ;
createtime : 1497605421 ;
msgtype : event ;
eventkey : http://www.richmei.com/app/index.php?i=66&c=home&a=page&id=8 ;
menuid : 601100882 ;

2017-06-16 17:30:24 params :
------------
Array:
rule : -2 ;
module :  ;
message : Array ;

2017-06-16 17:30:24 response :
------------

2017-06-16 17:30:49 trace :
------------
Array:
from : oKmKPxKBnGN-iFbQdoJbzAjbZ4Fc ;
to : gh_e86b5de80d72 ;
time : 1497605449 ;
type : event ;
event : VIEW ;
tousername : gh_e86b5de80d72 ;
fromusername : oKmKPxKBnGN-iFbQdoJbzAjbZ4Fc ;
createtime : 1497605449 ;
msgtype : event ;
eventkey : http://www.richmei.com/app/index.php?i=66&c=entry&eid=851 ;
menuid : 601100882 ;

2017-06-16 17:30:49 params :
------------
Array:
rule : -2 ;
module :  ;
message : Array ;

2017-06-16 17:30:49 response :
------------

2017-06-16 17:32:28 trace :
------------
Array:
from : oKmKPxKBnGN-iFbQdoJbzAjbZ4Fc ;
to : gh_e86b5de80d72 ;
time : 1497605548 ;
type : event ;
event : VIEW ;
tousername : gh_e86b5de80d72 ;
fromusername : oKmKPxKBnGN-iFbQdoJbzAjbZ4Fc ;
createtime : 1497605548 ;
msgtype : event ;
eventkey : http://www.richmei.com/app/index.php?i=66&c=home&a=page&id=8 ;
menuid : 601100882 ;

2017-06-16 17:32:28 params :
------------
Array:
rule : -2 ;
module :  ;
message : Array ;

2017-06-16 17:32:28 response :
------------

2017-06-16 17:32:49 trace :
------------
Array:
from : oKmKPxKBnGN-iFbQdoJbzAjbZ4Fc ;
to : gh_e86b5de80d72 ;
time : 1497605568 ;
type : event ;
event : VIEW ;
tousername : gh_e86b5de80d72 ;
fromusername : oKmKPxKBnGN-iFbQdoJbzAjbZ4Fc ;
createtime : 1497605568 ;
msgtype : event ;
eventkey : http://www.richmei.com/app/index.php?i=66&c=entry&eid=853 ;
menuid : 601100882 ;

2017-06-16 17:32:49 params :
------------
Array:
rule : -2 ;
module :  ;
message : Array ;

2017-06-16 17:32:49 response :
------------

2017-06-16 17:33:46 trace :
------------
Array:
from : oKmKPxKBnGN-iFbQdoJbzAjbZ4Fc ;
to : gh_e86b5de80d72 ;
time : 1497605626 ;
type : event ;
event : VIEW ;
tousername : gh_e86b5de80d72 ;
fromusername : oKmKPxKBnGN-iFbQdoJbzAjbZ4Fc ;
createtime : 1497605626 ;
msgtype : event ;
eventkey : http://www.richmei.com/app/index.php?i=66&c=entry&eid=851 ;
menuid : 601100882 ;

2017-06-16 17:33:46 params :
------------
Array:
rule : -2 ;
module :  ;
message : Array ;

2017-06-16 17:33:46 response :
------------

2017-06-16 17:33:57 trace :
------------
Array:
from : oKmKPxKBnGN-iFbQdoJbzAjbZ4Fc ;
to : gh_e86b5de80d72 ;
time : 1497605637 ;
type : event ;
event : VIEW ;
tousername : gh_e86b5de80d72 ;
fromusername : oKmKPxKBnGN-iFbQdoJbzAjbZ4Fc ;
createtime : 1497605637 ;
msgtype : event ;
eventkey : http://www.richmei.com/app/index.php?i=66&c=entry&eid=853 ;
menuid : 601100882 ;

2017-06-16 17:33:57 params :
------------
Array:
rule : -2 ;
module :  ;
message : Array ;

2017-06-16 17:33:57 response :
------------

2017-06-16 17:53:22 trace :
------------
Array:
from : oKmKPxKBnGN-iFbQdoJbzAjbZ4Fc ;
to : gh_e86b5de80d72 ;
time : 1497606801 ;
type : event ;
event : VIEW ;
tousername : gh_e86b5de80d72 ;
fromusername : oKmKPxKBnGN-iFbQdoJbzAjbZ4Fc ;
createtime : 1497606801 ;
msgtype : event ;
eventkey : http://www.richmei.com/app/index.php?i=66&c=home&a=page&id=7 ;
menuid : 601100941 ;

2017-06-16 17:53:22 params :
------------
Array:
rule : -2 ;
module :  ;
message : Array ;

2017-06-16 17:53:22 response :
------------

2017-06-16 17:53:26 trace :
------------
Array:
from : oKmKPxKBnGN-iFbQdoJbzAjbZ4Fc ;
to : gh_e86b5de80d72 ;
time : 1497606806 ;
type : event ;
event : VIEW ;
tousername : gh_e86b5de80d72 ;
fromusername : oKmKPxKBnGN-iFbQdoJbzAjbZ4Fc ;
createtime : 1497606806 ;
msgtype : event ;
eventkey : http://www.richmei.com/app/index.php?i=66&c=home&a=page&id=7 ;
menuid : 601100941 ;

2017-06-16 17:53:26 params :
------------
Array:
rule : -2 ;
module :  ;
message : Array ;

2017-06-16 17:53:26 response :
------------

2017-06-16 18:03:13 trace :
------------
Array:
from : oKmKPxKBnGN-iFbQdoJbzAjbZ4Fc ;
to : gh_e86b5de80d72 ;
time : 1497607389 ;
type : event ;
event : VIEW ;
tousername : gh_e86b5de80d72 ;
fromusername : oKmKPxKBnGN-iFbQdoJbzAjbZ4Fc ;
createtime : 1497607389 ;
msgtype : event ;
eventkey : http://www.richmei.com/app/index.php?i=66&c=entry&eid=853 ;
menuid : 601100941 ;

2017-06-16 18:03:13 params :
------------
Array:
rule : -2 ;
module :  ;
message : Array ;

2017-06-16 18:03:13 response :
------------

2017-06-16 18:03:15 trace :
------------
Array:
from : oKmKPxKBnGN-iFbQdoJbzAjbZ4Fc ;
to : gh_e86b5de80d72 ;
time : 1497607395 ;
type : event ;
event : VIEW ;
tousername : gh_e86b5de80d72 ;
fromusername : oKmKPxKBnGN-iFbQdoJbzAjbZ4Fc ;
createtime : 1497607395 ;
msgtype : event ;
eventkey : http://www.richmei.com/app/index.php?i=66&c=entry&eid=851 ;
menuid : 601100941 ;

2017-06-16 18:03:15 params :
------------
Array:
rule : -2 ;
module :  ;
message : Array ;

2017-06-16 18:03:15 response :
------------

2017-06-16 18:03:27 trace :
------------
Array:
from : oKmKPxKBnGN-iFbQdoJbzAjbZ4Fc ;
to : gh_e86b5de80d72 ;
time : 1497607407 ;
type : event ;
event : VIEW ;
tousername : gh_e86b5de80d72 ;
fromusername : oKmKPxKBnGN-iFbQdoJbzAjbZ4Fc ;
createtime : 1497607407 ;
msgtype : event ;
eventkey : http://www.richmei.com/app/index.php?i=66&c=entry&eid=851 ;
menuid : 601100941 ;

2017-06-16 18:03:27 params :
------------
Array:
rule : -2 ;
module :  ;
message : Array ;

2017-06-16 18:03:27 response :
------------

2017-06-16 18:03:36 trace :
------------
Array:
from : oKmKPxKBnGN-iFbQdoJbzAjbZ4Fc ;
to : gh_e86b5de80d72 ;
time : 1497607416 ;
type : event ;
event : VIEW ;
tousername : gh_e86b5de80d72 ;
fromusername : oKmKPxKBnGN-iFbQdoJbzAjbZ4Fc ;
createtime : 1497607416 ;
msgtype : event ;
eventkey : http://www.richmei.com/app/index.php?i=66&c=entry&eid=851 ;
menuid : 601100941 ;

2017-06-16 18:03:36 params :
------------
Array:
rule : -2 ;
module :  ;
message : Array ;

2017-06-16 18:03:36 response :
------------

2017-06-16 18:05:24 trace :
------------
Array:
from : oKmKPxO72K6pRqDCcbxkCc9wQCbQ ;
to : gh_e86b5de80d72 ;
time : 1497607524 ;
type : text ;
event :  ;
tousername : gh_e86b5de80d72 ;
fromusername : oKmKPxO72K6pRqDCcbxkCc9wQCbQ ;
createtime : 1497607524 ;
msgtype : text ;
content : 你好恶心 ;
msgid : 6432175338424636698 ;
redirection :  ;
source :  ;

2017-06-16 18:05:24 params :
------------
Array:
rule : -2 ;
module :  ;
message : Array ;

2017-06-16 18:05:24 response :
------------

2017-06-16 18:12:04 trace :
------------
Array:
from : oKmKPxKBnGN-iFbQdoJbzAjbZ4Fc ;
to : gh_e86b5de80d72 ;
time : 1497607924 ;
type : event ;
event : VIEW ;
tousername : gh_e86b5de80d72 ;
fromusername : oKmKPxKBnGN-iFbQdoJbzAjbZ4Fc ;
createtime : 1497607924 ;
msgtype : event ;
eventkey : http://www.richmei.com/app/index.php?i=66&c=entry&eid=853 ;
menuid : 601100941 ;

2017-06-16 18:12:04 params :
------------
Array:
rule : -2 ;
module :  ;
message : Array ;

2017-06-16 18:12:04 response :
------------

2017-06-16 18:38:58 trace :
------------
Array:
from : oKmKPxKBnGN-iFbQdoJbzAjbZ4Fc ;
to : gh_e86b5de80d72 ;
time : 1497609538 ;
type : event ;
event : VIEW ;
tousername : gh_e86b5de80d72 ;
fromusername : oKmKPxKBnGN-iFbQdoJbzAjbZ4Fc ;
createtime : 1497609538 ;
msgtype : event ;
eventkey : http://www.richmei.com/app/index.php?i=66&c=entry&eid=851 ;
menuid : 601100941 ;

2017-06-16 18:38:58 params :
------------
Array:
rule : -2 ;
module :  ;
message : Array ;

2017-06-16 18:38:58 response :
------------

2017-06-16 19:43:16 trace :
------------
Array:
from : oKmKPxEYXL2J4Ibxeg9-iMTlZQ4g ;
to : gh_e86b5de80d72 ;
time : 1497613395 ;
type : event ;
event : subscribe ;
tousername : gh_e86b5de80d72 ;
fromusername : oKmKPxEYXL2J4Ibxeg9-iMTlZQ4g ;
createtime : 1497613395 ;
msgtype : event ;
eventkey :  ;

2017-06-16 19:43:16 params :
------------
Array:
rule : -2 ;
module :  ;
message : Array ;

2017-06-16 19:43:16 response :
------------

2017-06-16 19:43:30 trace :
------------
Array:
from : oKmKPxEYXL2J4Ibxeg9-iMTlZQ4g ;
to : gh_e86b5de80d72 ;
time : 1497613404 ;
type : event ;
event : VIEW ;
tousername : gh_e86b5de80d72 ;
fromusername : oKmKPxEYXL2J4Ibxeg9-iMTlZQ4g ;
createtime : 1497613404 ;
msgtype : event ;
eventkey : http://www.richmei.com/app/index.php?i=66&c=entry&eid=851 ;
menuid : 601100941 ;

2017-06-16 19:43:30 params :
------------
Array:
rule : -2 ;
module :  ;
message : Array ;

2017-06-16 19:43:30 response :
------------

2017-06-16 19:43:48 trace :
------------
Array:
from : oKmKPxEYXL2J4Ibxeg9-iMTlZQ4g ;
to : gh_e86b5de80d72 ;
time : 1497613428 ;
type : event ;
event : VIEW ;
tousername : gh_e86b5de80d72 ;
fromusername : oKmKPxEYXL2J4Ibxeg9-iMTlZQ4g ;
createtime : 1497613428 ;
msgtype : event ;
eventkey : http://www.richmei.com/app/index.php?i=66&c=entry&eid=851 ;
menuid : 601100941 ;

2017-06-16 19:43:48 params :
------------
Array:
rule : -2 ;
module :  ;
message : Array ;

2017-06-16 19:43:48 response :
------------

2017-06-16 21:49:09 trace :
------------
Array:
from : oKmKPxKBnGN-iFbQdoJbzAjbZ4Fc ;
to : gh_e86b5de80d72 ;
time : 1497620948 ;
type : event ;
event : VIEW ;
tousername : gh_e86b5de80d72 ;
fromusername : oKmKPxKBnGN-iFbQdoJbzAjbZ4Fc ;
createtime : 1497620948 ;
msgtype : event ;
eventkey : http://www.richmei.com/app/index.php?i=66&c=entry&eid=851 ;
menuid : 601100941 ;

2017-06-16 21:49:09 params :
------------
Array:
rule : -2 ;
module :  ;
message : Array ;

2017-06-16 21:49:09 response :
------------

2017-06-16 21:49:18 trace :
------------
Array:
from : oKmKPxKBnGN-iFbQdoJbzAjbZ4Fc ;
to : gh_e86b5de80d72 ;
time : 1497620957 ;
type : event ;
event : VIEW ;
tousername : gh_e86b5de80d72 ;
fromusername : oKmKPxKBnGN-iFbQdoJbzAjbZ4Fc ;
createtime : 1497620957 ;
msgtype : event ;
eventkey : http://www.richmei.com/app/index.php?i=66&c=entry&eid=851 ;
menuid : 601100941 ;

2017-06-16 21:49:18 params :
------------
Array:
rule : -2 ;
module :  ;
message : Array ;

2017-06-16 21:49:18 response :
------------

2017-06-16 21:49:27 trace :
------------
Array:
from : oKmKPxKBnGN-iFbQdoJbzAjbZ4Fc ;
to : gh_e86b5de80d72 ;
time : 1497620966 ;
type : event ;
event : VIEW ;
tousername : gh_e86b5de80d72 ;
fromusername : oKmKPxKBnGN-iFbQdoJbzAjbZ4Fc ;
createtime : 1497620966 ;
msgtype : event ;
eventkey : http://www.richmei.com/app/index.php?i=66&c=entry&eid=853 ;
menuid : 601100941 ;

2017-06-16 21:49:27 params :
------------
Array:
rule : -2 ;
module :  ;
message : Array ;

2017-06-16 21:49:27 response :
------------

2017-06-16 23:57:24 trace :
------------
Array:
from : oKmKPxKBnGN-iFbQdoJbzAjbZ4Fc ;
to : gh_e86b5de80d72 ;
time : 1497628643 ;
type : event ;
event : VIEW ;
tousername : gh_e86b5de80d72 ;
fromusername : oKmKPxKBnGN-iFbQdoJbzAjbZ4Fc ;
createtime : 1497628643 ;
msgtype : event ;
eventkey : http://www.richmei.com/app/index.php?i=66&c=entry&eid=853 ;
menuid : 601100941 ;

2017-06-16 23:57:24 params :
------------
Array:
rule : -2 ;
module :  ;
message : Array ;

2017-06-16 23:57:24 response :
------------

2017-06-16 23:57:38 trace :
------------
Array:
from : oKmKPxKBnGN-iFbQdoJbzAjbZ4Fc ;
to : gh_e86b5de80d72 ;
time : 1497628657 ;
type : event ;
event : VIEW ;
tousername : gh_e86b5de80d72 ;
fromusername : oKmKPxKBnGN-iFbQdoJbzAjbZ4Fc ;
createtime : 1497628657 ;
msgtype : event ;
eventkey : http://www.richmei.com/app/index.php?i=66&c=entry&eid=851 ;
menuid : 601100941 ;

2017-06-16 23:57:38 params :
------------
Array:
rule : -2 ;
module :  ;
message : Array ;

2017-06-16 23:57:38 response :
------------

2017-06-16 23:59:33 trace :
------------
Array:
from : oKmKPxKBnGN-iFbQdoJbzAjbZ4Fc ;
to : gh_e86b5de80d72 ;
time : 1497628772 ;
type : event ;
event : VIEW ;
tousername : gh_e86b5de80d72 ;
fromusername : oKmKPxKBnGN-iFbQdoJbzAjbZ4Fc ;
createtime : 1497628772 ;
msgtype : event ;
eventkey : http://www.richmei.com/app/index.php?i=66&c=entry&eid=851 ;
menuid : 601100941 ;

2017-06-16 23:59:33 params :
------------
Array:
rule : -2 ;
module :  ;
message : Array ;

2017-06-16 23:59:33 response :
------------

2017-06-16 23:59:52 trace :
------------
Array:
from : oKmKPxKBnGN-iFbQdoJbzAjbZ4Fc ;
to : gh_e86b5de80d72 ;
time : 1497628791 ;
type : event ;
event : VIEW ;
tousername : gh_e86b5de80d72 ;
fromusername : oKmKPxKBnGN-iFbQdoJbzAjbZ4Fc ;
createtime : 1497628791 ;
msgtype : event ;
eventkey : http://www.richmei.com/app/index.php?i=66&c=entry&eid=853 ;
menuid : 601100941 ;

2017-06-16 23:59:52 params :
------------
Array:
rule : -2 ;
module :  ;
message : Array ;

2017-06-16 23:59:52 response :
------------

