2017-01-13 16:24:59 trace :
------------
Array:
from : oRPPWvh8XlpWqKZzZEIh8aBpBZ8o ;
to : gh_b1f7fee0dba6 ;
time : 1484295899 ;
type : event ;
event : VIEW ;
tousername : gh_b1f7fee0dba6 ;
fromusername : oRPPWvh8XlpWqKZzZEIh8aBpBZ8o ;
createtime : 1484295899 ;
msgtype : event ;
eventkey : http://a233.sdsfshop.com/app/index.php?i=65&c=entry&eid=836 ;
menuid : 434402732 ;

2017-01-13 16:24:59 params :
------------
Array:
message : Array ;
module : basic ;
rule : 171 ;
priority : 0 ;
keyword : Array ;

2017-01-13 16:24:59 response :
------------
Array:
FromUserName : gh_b1f7fee0dba6 ;
ToUserName : oRPPWvh8XlpWqKZzZEIh8aBpBZ8o ;
MsgType : text ;
Content : 欢迎关注 保芝蓝 门店！ ;

2017-01-13 16:25:12 trace :
------------
Array:
from : oRPPWvh8XlpWqKZzZEIh8aBpBZ8o ;
to : gh_b1f7fee0dba6 ;
time : 1484295912 ;
type : event ;
event : VIEW ;
tousername : gh_b1f7fee0dba6 ;
fromusername : oRPPWvh8XlpWqKZzZEIh8aBpBZ8o ;
createtime : 1484295912 ;
msgtype : event ;
eventkey : http://a233.sdsfshop.com/app/index.php?i=65&c=entry&eid=834 ;
menuid : 434402732 ;

2017-01-13 16:25:12 params :
------------
Array:
message : Array ;
module : basic ;
rule : 171 ;
priority : 0 ;
keyword : Array ;

2017-01-13 16:25:12 response :
------------
Array:
FromUserName : gh_b1f7fee0dba6 ;
ToUserName : oRPPWvh8XlpWqKZzZEIh8aBpBZ8o ;
MsgType : text ;
Content : 欢迎关注 保芝蓝 门店！ ;

2017-01-13 16:25:23 trace :
------------
Array:
from : oRPPWvh8XlpWqKZzZEIh8aBpBZ8o ;
to : gh_b1f7fee0dba6 ;
time : 1484295923 ;
type : event ;
event : VIEW ;
tousername : gh_b1f7fee0dba6 ;
fromusername : oRPPWvh8XlpWqKZzZEIh8aBpBZ8o ;
createtime : 1484295923 ;
msgtype : event ;
eventkey : http://a233.sdsfshop.com/app/index.php?i=65&c=entry&eid=851 ;
menuid : 434402732 ;

2017-01-13 16:25:23 params :
------------
Array:
message : Array ;
module : basic ;
rule : 171 ;
priority : 0 ;
keyword : Array ;

2017-01-13 16:25:23 response :
------------
Array:
FromUserName : gh_b1f7fee0dba6 ;
ToUserName : oRPPWvh8XlpWqKZzZEIh8aBpBZ8o ;
MsgType : text ;
Content : 欢迎关注 保芝蓝 门店！ ;

2017-01-13 22:33:22 trace :
------------
Array:
from : oRPPWvi-4c6ojexpj8bgX06EZHZM ;
to : gh_b1f7fee0dba6 ;
time : 1484317991 ;
type : event ;
event : subscribe ;
tousername : gh_b1f7fee0dba6 ;
fromusername : oRPPWvi-4c6ojexpj8bgX06EZHZM ;
createtime : 1484317991 ;
msgtype : event ;
eventkey :  ;

2017-01-13 22:33:22 params :
------------
Array:
message : Array ;
module : basic ;
rule : 171 ;
priority : 0 ;
keyword : Array ;

2017-01-13 22:33:22 response :
------------
Array:
FromUserName : gh_b1f7fee0dba6 ;
ToUserName : oRPPWvi-4c6ojexpj8bgX06EZHZM ;
MsgType : text ;
Content : 欢迎关注 保芝蓝 门店！ ;

2017-01-13 22:47:13 trace :
------------
Array:
from : oRPPWvi-4c6ojexpj8bgX06EZHZM ;
to : gh_b1f7fee0dba6 ;
time : 1484318833 ;
type : event ;
event : VIEW ;
tousername : gh_b1f7fee0dba6 ;
fromusername : oRPPWvi-4c6ojexpj8bgX06EZHZM ;
createtime : 1484318833 ;
msgtype : event ;
eventkey : http://a233.sdsfshop.com/app/index.php?i=65&c=entry&eid=851 ;
menuid : 434402732 ;

2017-01-13 22:47:13 params :
------------
Array:
message : Array ;
module : basic ;
rule : 171 ;
priority : 0 ;
keyword : Array ;

2017-01-13 22:47:13 response :
------------
Array:
FromUserName : gh_b1f7fee0dba6 ;
ToUserName : oRPPWvi-4c6ojexpj8bgX06EZHZM ;
MsgType : text ;
Content : 欢迎关注 保芝蓝 门店！ ;

2017-01-13 23:22:14 trace :
------------
Array:
from : oRPPWvps_LCf2grvL8ZPDP2AdozQ ;
to : gh_b1f7fee0dba6 ;
time : 1484320934 ;
type : event ;
event : VIEW ;
tousername : gh_b1f7fee0dba6 ;
fromusername : oRPPWvps_LCf2grvL8ZPDP2AdozQ ;
createtime : 1484320934 ;
msgtype : event ;
eventkey : http://a233.sdsfshop.com/app/index.php?i=65&c=entry&eid=851 ;
menuid : 434402732 ;

2017-01-13 23:22:14 params :
------------
Array:
message : Array ;
module : basic ;
rule : 171 ;
priority : 0 ;
keyword : Array ;

2017-01-13 23:22:14 response :
------------
Array:
FromUserName : gh_b1f7fee0dba6 ;
ToUserName : oRPPWvps_LCf2grvL8ZPDP2AdozQ ;
MsgType : text ;
Content : 欢迎关注 保芝蓝 门店！ ;

2017-01-13 23:22:35 trace :
------------
Array:
from : oRPPWvps_LCf2grvL8ZPDP2AdozQ ;
to : gh_b1f7fee0dba6 ;
time : 1484320955 ;
type : event ;
event : VIEW ;
tousername : gh_b1f7fee0dba6 ;
fromusername : oRPPWvps_LCf2grvL8ZPDP2AdozQ ;
createtime : 1484320955 ;
msgtype : event ;
eventkey : http://a233.sdsfshop.com/app/index.php?i=65&c=entry&do=mine&m=we7_wmall ;
menuid : 434402732 ;

2017-01-13 23:22:35 params :
------------
Array:
message : Array ;
module : basic ;
rule : 171 ;
priority : 0 ;
keyword : Array ;

2017-01-13 23:22:35 response :
------------
Array:
FromUserName : gh_b1f7fee0dba6 ;
ToUserName : oRPPWvps_LCf2grvL8ZPDP2AdozQ ;
MsgType : text ;
Content : 欢迎关注 保芝蓝 门店！ ;

2017-01-13 23:22:56 trace :
------------
Array:
from : oRPPWvps_LCf2grvL8ZPDP2AdozQ ;
to : gh_b1f7fee0dba6 ;
time : 1484320975 ;
type : event ;
event : VIEW ;
tousername : gh_b1f7fee0dba6 ;
fromusername : oRPPWvps_LCf2grvL8ZPDP2AdozQ ;
createtime : 1484320975 ;
msgtype : event ;
eventkey : http://www.ucanv.com ;
menuid : 434402732 ;

2017-01-13 23:22:56 params :
------------
Array:
message : Array ;
module : basic ;
rule : 171 ;
priority : 0 ;
keyword : Array ;

2017-01-13 23:22:56 response :
------------
Array:
FromUserName : gh_b1f7fee0dba6 ;
ToUserName : oRPPWvps_LCf2grvL8ZPDP2AdozQ ;
MsgType : text ;
Content : 欢迎关注 保芝蓝 门店！ ;

2017-01-13 23:23:08 trace :
------------
Array:
from : oRPPWvps_LCf2grvL8ZPDP2AdozQ ;
to : gh_b1f7fee0dba6 ;
time : 1484320988 ;
type : event ;
event : VIEW ;
tousername : gh_b1f7fee0dba6 ;
fromusername : oRPPWvps_LCf2grvL8ZPDP2AdozQ ;
createtime : 1484320988 ;
msgtype : event ;
eventkey : http://a233.sdsfshop.com/app/index.php?i=65&c=entry&eid=851 ;
menuid : 434402732 ;

2017-01-13 23:23:08 params :
------------
Array:
message : Array ;
module : basic ;
rule : 171 ;
priority : 0 ;
keyword : Array ;

2017-01-13 23:23:08 response :
------------
Array:
FromUserName : gh_b1f7fee0dba6 ;
ToUserName : oRPPWvps_LCf2grvL8ZPDP2AdozQ ;
MsgType : text ;
Content : 欢迎关注 保芝蓝 门店！ ;

