2017-01-02 02:29:45 trace :
------------
Array:
from : oRPPWvps_LCf2grvL8ZPDP2AdozQ ;
to : gh_b1f7fee0dba6 ;
time : 1483208990 ;
type : event ;
event : VIEW ;
tousername : gh_b1f7fee0dba6 ;
fromusername : oRPPWvps_LCf2grvL8ZPDP2AdozQ ;
createtime : 1483208990 ;
msgtype : event ;
eventkey : http://a233.sdsfshop.com/app/index.php?i=65&c=entry&do=guide&m=we7_wmall ;
menuid : 434275792 ;

2017-01-02 02:29:45 params :
------------
Array:
rule : -2 ;
module :  ;
message : Array ;

2017-01-02 02:29:45 response :
------------

2017-01-02 05:04:57 trace :
------------
Array:
from : oRPPWvps_LCf2grvL8ZPDP2AdozQ ;
to : gh_b1f7fee0dba6 ;
time : 1483218301 ;
type : event ;
event : VIEW ;
tousername : gh_b1f7fee0dba6 ;
fromusername : oRPPWvps_LCf2grvL8ZPDP2AdozQ ;
createtime : 1483218301 ;
msgtype : event ;
eventkey : http://a233.sdsfshop.com/app/index.php?i=65&c=entry&do=guide&m=we7_wmall ;
menuid : 434275792 ;

2017-01-02 05:04:57 params :
------------
Array:
rule : -2 ;
module :  ;
message : Array ;

2017-01-02 05:04:57 response :
------------

2017-01-02 05:07:22 trace :
------------
Array:
from : oRPPWvps_LCf2grvL8ZPDP2AdozQ ;
to : gh_b1f7fee0dba6 ;
time : 1483218447 ;
type : event ;
event : VIEW ;
tousername : gh_b1f7fee0dba6 ;
fromusername : oRPPWvps_LCf2grvL8ZPDP2AdozQ ;
createtime : 1483218447 ;
msgtype : event ;
eventkey : http://a233.sdsfshop.com/app/index.php?i=65&c=entry&do=guide&m=we7_wmall ;
menuid : 434275792 ;

2017-01-02 05:07:22 params :
------------
Array:
rule : -2 ;
module :  ;
message : Array ;

2017-01-02 05:07:22 response :
------------

2017-01-02 10:21:40 trace :
------------
Array:
from : oRPPWvrjohIdeF3y6vDsQL26mxvI ;
to : gh_b1f7fee0dba6 ;
time : 1483237304 ;
type : event ;
event : VIEW ;
tousername : gh_b1f7fee0dba6 ;
fromusername : oRPPWvrjohIdeF3y6vDsQL26mxvI ;
createtime : 1483237304 ;
msgtype : event ;
eventkey : http://a233.sdsfshop.com/app/index.php?i=65&c=entry&do=guide&m=we7_wmall ;
menuid : 434275792 ;

2017-01-02 10:21:41 params :
------------
Array:
rule : -2 ;
module :  ;
message : Array ;

2017-01-02 10:21:41 response :
------------

2017-01-02 15:40:22 trace :
------------
Array:
from : oRPPWvvKwGp54zKmIbejiNhGxH9g ;
to : gh_b1f7fee0dba6 ;
time : 1483256426 ;
type : event ;
event : VIEW ;
tousername : gh_b1f7fee0dba6 ;
fromusername : oRPPWvvKwGp54zKmIbejiNhGxH9g ;
createtime : 1483256426 ;
msgtype : event ;
eventkey : http://a233.sdsfshop.com/app/index.php?i=65&c=entry&do=guide&m=we7_wmall ;
menuid : 434275792 ;

2017-01-02 15:40:22 params :
------------
Array:
rule : -2 ;
module :  ;
message : Array ;

2017-01-02 15:40:22 response :
------------

2017-01-02 17:30:18 trace :
------------
Array:
from : oRPPWvps_LCf2grvL8ZPDP2AdozQ ;
to : gh_b1f7fee0dba6 ;
time : 1483263022 ;
type : event ;
event : VIEW ;
tousername : gh_b1f7fee0dba6 ;
fromusername : oRPPWvps_LCf2grvL8ZPDP2AdozQ ;
createtime : 1483263022 ;
msgtype : event ;
eventkey : http://a233.sdsfshop.com/app/index.php?i=65&c=entry&do=guide&m=we7_wmall ;
menuid : 434275792 ;

2017-01-02 17:30:18 params :
------------
Array:
rule : -2 ;
module :  ;
message : Array ;

2017-01-02 17:30:18 response :
------------

2017-01-02 17:32:47 trace :
------------
Array:
from : oRPPWvps_LCf2grvL8ZPDP2AdozQ ;
to : gh_b1f7fee0dba6 ;
time : 1483263171 ;
type : event ;
event : VIEW ;
tousername : gh_b1f7fee0dba6 ;
fromusername : oRPPWvps_LCf2grvL8ZPDP2AdozQ ;
createtime : 1483263171 ;
msgtype : event ;
eventkey : http://a233.sdsfshop.com/app/index.php?i=65&c=entry&do=guide&m=we7_wmall ;
menuid : 434275792 ;

2017-01-02 17:32:47 params :
------------
Array:
rule : -2 ;
module :  ;
message : Array ;

2017-01-02 17:32:47 response :
------------

