2017-07-10 17:42:46 trace :
------------
Array:
from : oKmKPxKBnGN-iFbQdoJbzAjbZ4Fc ;
to : gh_e86b5de80d72 ;
time : 1499679763 ;
type : event ;
event : VIEW ;
tousername : gh_e86b5de80d72 ;
fromusername : oKmKPxKBnGN-iFbQdoJbzAjbZ4Fc ;
createtime : 1499679763 ;
msgtype : event ;
eventkey : http://www.richmei.com/app/index.php?i=65&c=entry&eid=838 ;
menuid : 601494847 ;

2017-07-10 17:42:46 params :
------------
Array:
message : Array ;
module : basic ;
rule : 171 ;
priority : 0 ;
keyword : Array ;

2017-07-10 17:42:46 response :
------------
Array:
FromUserName : gh_e86b5de80d72 ;
ToUserName : oKmKPxKBnGN-iFbQdoJbzAjbZ4Fc ;
MsgType : text ;
Content : 欢迎关注丰媒！/:rose/:rose

丰媒已经开通的深圳配送区： 
民治南景新村，民治樟坑一区，民治沙吓社区（14:00前下单，当天配送到社区合作点门口）

产地源头鲜果直摘配送，丰媒让您足不出户就能享受到全国各地丰富有营养的、特色的时令水果 ;

2017-07-10 17:43:19 trace :
------------
Array:
from : oKmKPxKBnGN-iFbQdoJbzAjbZ4Fc ;
to : gh_e86b5de80d72 ;
time : 1499679795 ;
type : event ;
event : TEMPLATESENDJOBFINISH ;
tousername : gh_e86b5de80d72 ;
fromusername : oKmKPxKBnGN-iFbQdoJbzAjbZ4Fc ;
createtime : 1499679795 ;
msgtype : event ;
msgid : 601639890 ;
status : success ;

2017-07-10 17:43:19 params :
------------
Array:
message : Array ;
module : basic ;
rule : 171 ;
priority : 0 ;
keyword : Array ;

2017-07-10 17:43:19 response :
------------
Array:
FromUserName : gh_e86b5de80d72 ;
ToUserName : oKmKPxKBnGN-iFbQdoJbzAjbZ4Fc ;
MsgType : text ;
Content : 欢迎关注丰媒！/:rose/:rose

丰媒已经开通的深圳配送区： 
民治南景新村，民治樟坑一区，民治沙吓社区（14:00前下单，当天配送到社区合作点门口）

产地源头鲜果直摘配送，丰媒让您足不出户就能享受到全国各地丰富有营养的、特色的时令水果 ;

2017-07-10 18:12:28 trace :
------------
Array:
from : oKmKPxKBnGN-iFbQdoJbzAjbZ4Fc ;
to : gh_e86b5de80d72 ;
time : 1499681548 ;
type : trace ;
event : LOCATION ;
tousername : gh_e86b5de80d72 ;
fromusername : oKmKPxKBnGN-iFbQdoJbzAjbZ4Fc ;
createtime : 1499681548 ;
msgtype : event ;
latitude : 22.635983 ;
longitude : 114.048378 ;
precision : 65.000000 ;
location_x : 22.635983 ;
location_y : 114.048378 ;

2017-07-10 18:12:28 params :
------------
Array:
message : Array ;
module : default ;
rule : -1 ;

2017-07-10 18:12:28 response :
------------
Array:
errno : -1 ;
message : Invaild value ;

2017-07-10 18:13:22 trace :
------------
Array:
from : oKmKPxKBnGN-iFbQdoJbzAjbZ4Fc ;
to : gh_e86b5de80d72 ;
time : 1499681602 ;
type : event ;
event : VIEW ;
tousername : gh_e86b5de80d72 ;
fromusername : oKmKPxKBnGN-iFbQdoJbzAjbZ4Fc ;
createtime : 1499681602 ;
msgtype : event ;
eventkey : http://www.richmei.com/app/index.php?i=65&c=entry&eid=838 ;
menuid : 601494847 ;

2017-07-10 18:13:22 params :
------------
Array:
message : Array ;
module : basic ;
rule : 171 ;
priority : 0 ;
keyword : Array ;

2017-07-10 18:13:22 response :
------------
Array:
FromUserName : gh_e86b5de80d72 ;
ToUserName : oKmKPxKBnGN-iFbQdoJbzAjbZ4Fc ;
MsgType : text ;
Content : 欢迎关注丰媒！/:rose/:rose

丰媒已经开通的深圳配送区： 
民治南景新村，民治樟坑一区，民治沙吓社区（14:00前下单，当天配送到社区合作点门口）

产地源头鲜果直摘配送，丰媒让您足不出户就能享受到全国各地丰富有营养的、特色的时令水果 ;

