2017-07-22 10:32:55 trace :
------------
Array:
from : oKmKPxKBnGN-iFbQdoJbzAjbZ4Fc ;
to : gh_e86b5de80d72 ;
time : 1500690774 ;
type : event ;
event : VIEW ;
tousername : gh_e86b5de80d72 ;
fromusername : oKmKPxKBnGN-iFbQdoJbzAjbZ4Fc ;
createtime : 1500690774 ;
msgtype : event ;
eventkey : http://www.richmei.com/app/index.php?i=65&c=entry&eid=851 ;
menuid : 601494847 ;

2017-07-22 10:32:55 params :
------------
Array:
message : Array ;
module : basic ;
rule : 171 ;
priority : 0 ;
keyword : Array ;

2017-07-22 10:32:55 response :
------------
Array:
FromUserName : gh_e86b5de80d72 ;
ToUserName : oKmKPxKBnGN-iFbQdoJbzAjbZ4Fc ;
MsgType : text ;
Content : 欢迎关注丰媒！/:rose/:rose

丰媒已经开通的深圳配送区： 
民治南景新村，民治樟坑一区，民治沙吓社区（14:00前下单，当天配送到社区合作点门口）

产地源头鲜果直摘配送，丰媒让您足不出户就能享受到全国各地丰富有营养的、特色的时令水果 ;

2017-07-22 10:35:01 trace :
------------
Array:
from : oKmKPxKBnGN-iFbQdoJbzAjbZ4Fc ;
to : gh_e86b5de80d72 ;
time : 1500690900 ;
type : trace ;
event : LOCATION ;
tousername : gh_e86b5de80d72 ;
fromusername : oKmKPxKBnGN-iFbQdoJbzAjbZ4Fc ;
createtime : 1500690900 ;
msgtype : event ;
latitude : 22.634592 ;
longitude : 114.049583 ;
precision : 65.000000 ;
location_x : 22.634592 ;
location_y : 114.049583 ;

2017-07-22 10:35:01 params :
------------
Array:
message : Array ;
module : default ;
rule : -1 ;

2017-07-22 10:35:01 response :
------------
Array:
errno : -1 ;
message : Invaild value ;

2017-07-22 10:49:09 trace :
------------
Array:
from : oKmKPxDXk3aEiLWINN8vYJepCLyE ;
to : gh_e86b5de80d72 ;
time : 1500691748 ;
type : event ;
event : VIEW ;
tousername : gh_e86b5de80d72 ;
fromusername : oKmKPxDXk3aEiLWINN8vYJepCLyE ;
createtime : 1500691748 ;
msgtype : event ;
eventkey : http://www.richmei.com/app/index.php?i=65&c=entry&eid=838 ;
menuid : 601494847 ;

2017-07-22 10:49:09 params :
------------
Array:
message : Array ;
module : basic ;
rule : 171 ;
priority : 0 ;
keyword : Array ;

2017-07-22 10:49:09 response :
------------
Array:
FromUserName : gh_e86b5de80d72 ;
ToUserName : oKmKPxDXk3aEiLWINN8vYJepCLyE ;
MsgType : text ;
Content : 欢迎关注丰媒！/:rose/:rose

丰媒已经开通的深圳配送区： 
民治南景新村，民治樟坑一区，民治沙吓社区（14:00前下单，当天配送到社区合作点门口）

产地源头鲜果直摘配送，丰媒让您足不出户就能享受到全国各地丰富有营养的、特色的时令水果 ;

2017-07-22 10:49:15 trace :
------------
Array:
from : oKmKPxDXk3aEiLWINN8vYJepCLyE ;
to : gh_e86b5de80d72 ;
time : 1500691754 ;
type : event ;
event : VIEW ;
tousername : gh_e86b5de80d72 ;
fromusername : oKmKPxDXk3aEiLWINN8vYJepCLyE ;
createtime : 1500691754 ;
msgtype : event ;
eventkey : http://www.richmei.com/app/index.php?i=65&c=entry&eid=838 ;
menuid : 601494847 ;

2017-07-22 10:49:15 params :
------------
Array:
message : Array ;
module : basic ;
rule : 171 ;
priority : 0 ;
keyword : Array ;

2017-07-22 10:49:15 response :
------------
Array:
FromUserName : gh_e86b5de80d72 ;
ToUserName : oKmKPxDXk3aEiLWINN8vYJepCLyE ;
MsgType : text ;
Content : 欢迎关注丰媒！/:rose/:rose

丰媒已经开通的深圳配送区： 
民治南景新村，民治樟坑一区，民治沙吓社区（14:00前下单，当天配送到社区合作点门口）

产地源头鲜果直摘配送，丰媒让您足不出户就能享受到全国各地丰富有营养的、特色的时令水果 ;

2017-07-22 15:39:06 trace :
------------
Array:
from : oKmKPxKBnGN-iFbQdoJbzAjbZ4Fc ;
to : gh_e86b5de80d72 ;
time : 1500709146 ;
type : trace ;
event : LOCATION ;
tousername : gh_e86b5de80d72 ;
fromusername : oKmKPxKBnGN-iFbQdoJbzAjbZ4Fc ;
createtime : 1500709146 ;
msgtype : event ;
latitude : 22.634394 ;
longitude : 114.049568 ;
precision : 65.000000 ;
location_x : 22.634394 ;
location_y : 114.049568 ;

2017-07-22 15:39:06 params :
------------
Array:
message : Array ;
module : default ;
rule : -1 ;

2017-07-22 15:39:06 response :
------------
Array:
errno : -1 ;
message : Invaild value ;

2017-07-22 15:39:07 trace :
------------
Array:
from : oKmKPxKBnGN-iFbQdoJbzAjbZ4Fc ;
to : gh_e86b5de80d72 ;
time : 1500709146 ;
type : event ;
event : VIEW ;
tousername : gh_e86b5de80d72 ;
fromusername : oKmKPxKBnGN-iFbQdoJbzAjbZ4Fc ;
createtime : 1500709146 ;
msgtype : event ;
eventkey : http://www.richmei.com/app/index.php?i=65&c=entry&eid=851 ;
menuid : 601494847 ;

2017-07-22 15:39:07 params :
------------
Array:
message : Array ;
module : basic ;
rule : 171 ;
priority : 0 ;
keyword : Array ;

2017-07-22 15:39:07 response :
------------
Array:
FromUserName : gh_e86b5de80d72 ;
ToUserName : oKmKPxKBnGN-iFbQdoJbzAjbZ4Fc ;
MsgType : text ;
Content : 欢迎关注丰媒！/:rose/:rose

丰媒已经开通的深圳配送区： 
民治南景新村，民治樟坑一区，民治沙吓社区（14:00前下单，当天配送到社区合作点门口）

产地源头鲜果直摘配送，丰媒让您足不出户就能享受到全国各地丰富有营养的、特色的时令水果 ;

2017-07-22 15:48:01 trace :
------------
Array:
from : oKmKPxKBnGN-iFbQdoJbzAjbZ4Fc ;
to : gh_e86b5de80d72 ;
time : 1500709680 ;
type : trace ;
event : LOCATION ;
tousername : gh_e86b5de80d72 ;
fromusername : oKmKPxKBnGN-iFbQdoJbzAjbZ4Fc ;
createtime : 1500709680 ;
msgtype : event ;
latitude : 22.634371 ;
longitude : 114.049583 ;
precision : 65.000000 ;
location_x : 22.634371 ;
location_y : 114.049583 ;

2017-07-22 15:48:01 params :
------------
Array:
message : Array ;
module : default ;
rule : -1 ;

2017-07-22 15:48:01 response :
------------
Array:
errno : -1 ;
message : Invaild value ;

2017-07-22 15:48:11 trace :
------------
Array:
from : oKmKPxKBnGN-iFbQdoJbzAjbZ4Fc ;
to : gh_e86b5de80d72 ;
time : 1500709690 ;
type : trace ;
event : LOCATION ;
tousername : gh_e86b5de80d72 ;
fromusername : oKmKPxKBnGN-iFbQdoJbzAjbZ4Fc ;
createtime : 1500709690 ;
msgtype : event ;
latitude : 22.634577 ;
longitude : 114.049629 ;
precision : 65.000000 ;
location_x : 22.634577 ;
location_y : 114.049629 ;

2017-07-22 15:48:11 params :
------------
Array:
message : Array ;
module : default ;
rule : -1 ;

2017-07-22 15:48:11 response :
------------
Array:
errno : -1 ;
message : Invaild value ;

2017-07-22 16:22:04 trace :
------------
Array:
from : oKmKPxDdP-MKwKER_C5sREcjH9qY ;
to : gh_e86b5de80d72 ;
time : 1500711724 ;
type : trace ;
event : LOCATION ;
tousername : gh_e86b5de80d72 ;
fromusername : oKmKPxDdP-MKwKER_C5sREcjH9qY ;
createtime : 1500711724 ;
msgtype : event ;
latitude : 30.671696 ;
longitude : 104.066124 ;
precision : 65.000000 ;
location_x : 30.671696 ;
location_y : 104.066124 ;

2017-07-22 16:22:04 params :
------------
Array:
message : Array ;
module : default ;
rule : -1 ;

2017-07-22 16:22:04 response :
------------
Array:
errno : -1 ;
message : Invaild value ;

2017-07-22 16:22:05 trace :
------------
Array:
from : oKmKPxDdP-MKwKER_C5sREcjH9qY ;
to : gh_e86b5de80d72 ;
time : 1500711725 ;
type : event ;
event : VIEW ;
tousername : gh_e86b5de80d72 ;
fromusername : oKmKPxDdP-MKwKER_C5sREcjH9qY ;
createtime : 1500711725 ;
msgtype : event ;
eventkey : http://www.richmei.com/app/index.php?i=65&c=entry&eid=851 ;
menuid : 601494847 ;

2017-07-22 16:22:05 params :
------------
Array:
message : Array ;
module : basic ;
rule : 171 ;
priority : 0 ;
keyword : Array ;

2017-07-22 16:22:05 response :
------------
Array:
FromUserName : gh_e86b5de80d72 ;
ToUserName : oKmKPxDdP-MKwKER_C5sREcjH9qY ;
MsgType : text ;
Content : 欢迎关注丰媒！/:rose/:rose

丰媒已经开通的深圳配送区： 
民治南景新村，民治樟坑一区，民治沙吓社区（14:00前下单，当天配送到社区合作点门口）

产地源头鲜果直摘配送，丰媒让您足不出户就能享受到全国各地丰富有营养的、特色的时令水果 ;

2017-07-22 18:40:46 trace :
------------
Array:
from : oKmKPxDXk3aEiLWINN8vYJepCLyE ;
to : gh_e86b5de80d72 ;
time : 1500720046 ;
type : event ;
event : VIEW ;
tousername : gh_e86b5de80d72 ;
fromusername : oKmKPxDXk3aEiLWINN8vYJepCLyE ;
createtime : 1500720046 ;
msgtype : event ;
eventkey : http://www.richmei.com/app/index.php?i=65&c=entry&eid=838 ;
menuid : 601494847 ;

2017-07-22 18:40:46 params :
------------
Array:
message : Array ;
module : basic ;
rule : 171 ;
priority : 0 ;
keyword : Array ;

2017-07-22 18:40:46 response :
------------
Array:
FromUserName : gh_e86b5de80d72 ;
ToUserName : oKmKPxDXk3aEiLWINN8vYJepCLyE ;
MsgType : text ;
Content : 欢迎关注丰媒！/:rose/:rose

丰媒已经开通的深圳配送区： 
民治南景新村，民治樟坑一区，民治沙吓社区（14:00前下单，当天配送到社区合作点门口）

产地源头鲜果直摘配送，丰媒让您足不出户就能享受到全国各地丰富有营养的、特色的时令水果 ;

2017-07-22 20:29:13 trace :
------------
Array:
from : oKmKPxKBnGN-iFbQdoJbzAjbZ4Fc ;
to : gh_e86b5de80d72 ;
time : 1500726552 ;
type : event ;
event : VIEW ;
tousername : gh_e86b5de80d72 ;
fromusername : oKmKPxKBnGN-iFbQdoJbzAjbZ4Fc ;
createtime : 1500726552 ;
msgtype : event ;
eventkey : http://www.richmei.com/app/index.php?i=65&c=entry&eid=851 ;
menuid : 601494847 ;

2017-07-22 20:29:13 params :
------------
Array:
message : Array ;
module : basic ;
rule : 171 ;
priority : 0 ;
keyword : Array ;

2017-07-22 20:29:13 response :
------------
Array:
FromUserName : gh_e86b5de80d72 ;
ToUserName : oKmKPxKBnGN-iFbQdoJbzAjbZ4Fc ;
MsgType : text ;
Content : 欢迎关注丰媒！/:rose/:rose

丰媒已经开通的深圳配送区： 
民治南景新村，民治樟坑一区，民治沙吓社区（14:00前下单，当天配送到社区合作点门口）

产地源头鲜果直摘配送，丰媒让您足不出户就能享受到全国各地丰富有营养的、特色的时令水果 ;

2017-07-22 20:29:40 trace :
------------
Array:
from : oKmKPxKBnGN-iFbQdoJbzAjbZ4Fc ;
to : gh_e86b5de80d72 ;
time : 1500726579 ;
type : event ;
event : VIEW ;
tousername : gh_e86b5de80d72 ;
fromusername : oKmKPxKBnGN-iFbQdoJbzAjbZ4Fc ;
createtime : 1500726579 ;
msgtype : event ;
eventkey : http://www.richmei.com/app/index.php?i=65&c=entry&eid=838 ;
menuid : 601494847 ;

2017-07-22 20:29:40 params :
------------
Array:
message : Array ;
module : basic ;
rule : 171 ;
priority : 0 ;
keyword : Array ;

2017-07-22 20:29:40 response :
------------
Array:
FromUserName : gh_e86b5de80d72 ;
ToUserName : oKmKPxKBnGN-iFbQdoJbzAjbZ4Fc ;
MsgType : text ;
Content : 欢迎关注丰媒！/:rose/:rose

丰媒已经开通的深圳配送区： 
民治南景新村，民治樟坑一区，民治沙吓社区（14:00前下单，当天配送到社区合作点门口）

产地源头鲜果直摘配送，丰媒让您足不出户就能享受到全国各地丰富有营养的、特色的时令水果 ;

2017-07-22 22:19:56 trace :
------------
Array:
from : oKmKPxJHyElf_UXyQsHhwTKGelLA ;
to : gh_e86b5de80d72 ;
time : 1500733196 ;
type : trace ;
event : LOCATION ;
tousername : gh_e86b5de80d72 ;
fromusername : oKmKPxJHyElf_UXyQsHhwTKGelLA ;
createtime : 1500733196 ;
msgtype : event ;
latitude : 22.701550 ;
longitude : 113.994553 ;
precision : 30.000000 ;
location_x : 22.701550 ;
location_y : 113.994553 ;

2017-07-22 22:19:57 params :
------------
Array:
message : Array ;
module : default ;
rule : -1 ;

2017-07-22 22:19:57 response :
------------
Array:
errno : -1 ;
message : Invaild value ;

2017-07-22 22:20:02 trace :
------------
Array:
from : oKmKPxJHyElf_UXyQsHhwTKGelLA ;
to : gh_e86b5de80d72 ;
time : 1500733202 ;
type : event ;
event : VIEW ;
tousername : gh_e86b5de80d72 ;
fromusername : oKmKPxJHyElf_UXyQsHhwTKGelLA ;
createtime : 1500733202 ;
msgtype : event ;
eventkey : http://www.richmei.com/app/index.php?i=65&c=entry&eid=851 ;
menuid : 601494847 ;

2017-07-22 22:20:02 params :
------------
Array:
message : Array ;
module : basic ;
rule : 171 ;
priority : 0 ;
keyword : Array ;

2017-07-22 22:20:02 response :
------------
Array:
FromUserName : gh_e86b5de80d72 ;
ToUserName : oKmKPxJHyElf_UXyQsHhwTKGelLA ;
MsgType : text ;
Content : 欢迎关注丰媒！/:rose/:rose

丰媒已经开通的深圳配送区： 
民治南景新村，民治樟坑一区，民治沙吓社区（14:00前下单，当天配送到社区合作点门口）

产地源头鲜果直摘配送，丰媒让您足不出户就能享受到全国各地丰富有营养的、特色的时令水果 ;

2017-07-22 22:20:17 trace :
------------
Array:
from : oKmKPxJHyElf_UXyQsHhwTKGelLA ;
to : gh_e86b5de80d72 ;
time : 1500733216 ;
type : trace ;
event : LOCATION ;
tousername : gh_e86b5de80d72 ;
fromusername : oKmKPxJHyElf_UXyQsHhwTKGelLA ;
createtime : 1500733216 ;
msgtype : event ;
latitude : 22.701550 ;
longitude : 113.994553 ;
precision : 30.000000 ;
location_x : 22.701550 ;
location_y : 113.994553 ;

2017-07-22 22:20:17 params :
------------
Array:
message : Array ;
module : default ;
rule : -1 ;

2017-07-22 22:20:17 response :
------------
Array:
errno : -1 ;
message : Invaild value ;

2017-07-22 22:20:18 trace :
------------
Array:
from : oKmKPxJHyElf_UXyQsHhwTKGelLA ;
to : gh_e86b5de80d72 ;
time : 1500733218 ;
type : event ;
event : VIEW ;
tousername : gh_e86b5de80d72 ;
fromusername : oKmKPxJHyElf_UXyQsHhwTKGelLA ;
createtime : 1500733218 ;
msgtype : event ;
eventkey : http://www.richmei.com/app/index.php?i=65&c=entry&eid=838 ;
menuid : 601494847 ;

2017-07-22 22:20:18 params :
------------
Array:
message : Array ;
module : basic ;
rule : 171 ;
priority : 0 ;
keyword : Array ;

2017-07-22 22:20:18 response :
------------
Array:
FromUserName : gh_e86b5de80d72 ;
ToUserName : oKmKPxJHyElf_UXyQsHhwTKGelLA ;
MsgType : text ;
Content : 欢迎关注丰媒！/:rose/:rose

丰媒已经开通的深圳配送区： 
民治南景新村，民治樟坑一区，民治沙吓社区（14:00前下单，当天配送到社区合作点门口）

产地源头鲜果直摘配送，丰媒让您足不出户就能享受到全国各地丰富有营养的、特色的时令水果 ;

2017-07-22 22:20:23 trace :
------------
Array:
from : oKmKPxJHyElf_UXyQsHhwTKGelLA ;
to : gh_e86b5de80d72 ;
time : 1500733222 ;
type : trace ;
event : LOCATION ;
tousername : gh_e86b5de80d72 ;
fromusername : oKmKPxJHyElf_UXyQsHhwTKGelLA ;
createtime : 1500733222 ;
msgtype : event ;
latitude : 22.701645 ;
longitude : 113.994553 ;
precision : 30.000000 ;
location_x : 22.701645 ;
location_y : 113.994553 ;

2017-07-22 22:20:23 params :
------------
Array:
message : Array ;
module : default ;
rule : -1 ;

2017-07-22 22:20:23 response :
------------
Array:
errno : -1 ;
message : Invaild value ;

2017-07-22 22:20:24 trace :
------------
Array:
from : oKmKPxJHyElf_UXyQsHhwTKGelLA ;
to : gh_e86b5de80d72 ;
time : 1500733223 ;
type : event ;
event : VIEW ;
tousername : gh_e86b5de80d72 ;
fromusername : oKmKPxJHyElf_UXyQsHhwTKGelLA ;
createtime : 1500733223 ;
msgtype : event ;
eventkey : http://www.richmei.com/app/index.php?i=65&c=entry&eid=851 ;
menuid : 601494847 ;

2017-07-22 22:20:24 params :
------------
Array:
message : Array ;
module : basic ;
rule : 171 ;
priority : 0 ;
keyword : Array ;

2017-07-22 22:20:24 response :
------------
Array:
FromUserName : gh_e86b5de80d72 ;
ToUserName : oKmKPxJHyElf_UXyQsHhwTKGelLA ;
MsgType : text ;
Content : 欢迎关注丰媒！/:rose/:rose

丰媒已经开通的深圳配送区： 
民治南景新村，民治樟坑一区，民治沙吓社区（14:00前下单，当天配送到社区合作点门口）

产地源头鲜果直摘配送，丰媒让您足不出户就能享受到全国各地丰富有营养的、特色的时令水果 ;

2017-07-22 22:22:05 trace :
------------
Array:
from : oKmKPxJHyElf_UXyQsHhwTKGelLA ;
to : gh_e86b5de80d72 ;
time : 1500733325 ;
type : trace ;
event : LOCATION ;
tousername : gh_e86b5de80d72 ;
fromusername : oKmKPxJHyElf_UXyQsHhwTKGelLA ;
createtime : 1500733325 ;
msgtype : event ;
latitude : 22.701550 ;
longitude : 113.994560 ;
precision : 30.000000 ;
location_x : 22.701550 ;
location_y : 113.994560 ;

2017-07-22 22:22:05 params :
------------
Array:
message : Array ;
module : default ;
rule : -1 ;

2017-07-22 22:22:05 response :
------------
Array:
errno : -1 ;
message : Invaild value ;

2017-07-22 23:18:53 trace :
------------
Array:
from : oKmKPxKBnGN-iFbQdoJbzAjbZ4Fc ;
to : gh_e86b5de80d72 ;
time : 1500736732 ;
type : trace ;
event : LOCATION ;
tousername : gh_e86b5de80d72 ;
fromusername : oKmKPxKBnGN-iFbQdoJbzAjbZ4Fc ;
createtime : 1500736732 ;
msgtype : event ;
latitude : 22.634802 ;
longitude : 114.049660 ;
precision : 10.000000 ;
location_x : 22.634802 ;
location_y : 114.049660 ;

2017-07-22 23:18:53 params :
------------
Array:
message : Array ;
module : default ;
rule : -1 ;

2017-07-22 23:18:53 response :
------------
Array:
errno : -1 ;
message : Invaild value ;

2017-07-22 23:18:54 trace :
------------
Array:
from : oKmKPxKBnGN-iFbQdoJbzAjbZ4Fc ;
to : gh_e86b5de80d72 ;
time : 1500736733 ;
type : event ;
event : VIEW ;
tousername : gh_e86b5de80d72 ;
fromusername : oKmKPxKBnGN-iFbQdoJbzAjbZ4Fc ;
createtime : 1500736733 ;
msgtype : event ;
eventkey : http://www.richmei.com/app/index.php?i=65&c=entry&eid=838 ;
menuid : 601494847 ;

2017-07-22 23:18:54 params :
------------
Array:
message : Array ;
module : basic ;
rule : 171 ;
priority : 0 ;
keyword : Array ;

2017-07-22 23:18:54 response :
------------
Array:
FromUserName : gh_e86b5de80d72 ;
ToUserName : oKmKPxKBnGN-iFbQdoJbzAjbZ4Fc ;
MsgType : text ;
Content : 欢迎关注丰媒！/:rose/:rose

丰媒已经开通的深圳配送区： 
民治南景新村，民治樟坑一区，民治沙吓社区（14:00前下单，当天配送到社区合作点门口）

产地源头鲜果直摘配送，丰媒让您足不出户就能享受到全国各地丰富有营养的、特色的时令水果 ;

