2017-01-21 06:16:44 trace :
------------
Array:
from : oRPPWvgubV-VskaEbjhrHBMPAAKo ;
to : gh_b1f7fee0dba6 ;
time : 1484950609 ;
type : event ;
event : VIEW ;
tousername : gh_b1f7fee0dba6 ;
fromusername : oRPPWvgubV-VskaEbjhrHBMPAAKo ;
createtime : 1484950609 ;
msgtype : event ;
eventkey : http://a233.sdsfshop.com/app/index.php?i=65&c=entry&eid=851 ;
menuid : 434402732 ;

2017-01-21 06:16:44 params :
------------
Array:
message : Array ;
module : basic ;
rule : 171 ;
priority : 0 ;
keyword : Array ;

2017-01-21 06:16:44 response :
------------
Array:
FromUserName : gh_b1f7fee0dba6 ;
ToUserName : oRPPWvgubV-VskaEbjhrHBMPAAKo ;
MsgType : text ;
Content : 欢迎关注 保芝蓝 门店！ ;

2017-01-21 06:17:25 trace :
------------
Array:
from : oRPPWvgubV-VskaEbjhrHBMPAAKo ;
to : gh_b1f7fee0dba6 ;
time : 1484950650 ;
type : event ;
event : VIEW ;
tousername : gh_b1f7fee0dba6 ;
fromusername : oRPPWvgubV-VskaEbjhrHBMPAAKo ;
createtime : 1484950650 ;
msgtype : event ;
eventkey : http://a233.sdsfshop.com/app/index.php?i=65&c=entry&eid=834 ;
menuid : 434402732 ;

2017-01-21 06:17:25 params :
------------
Array:
message : Array ;
module : basic ;
rule : 171 ;
priority : 0 ;
keyword : Array ;

2017-01-21 06:17:25 response :
------------
Array:
FromUserName : gh_b1f7fee0dba6 ;
ToUserName : oRPPWvgubV-VskaEbjhrHBMPAAKo ;
MsgType : text ;
Content : 欢迎关注 保芝蓝 门店！ ;

2017-01-21 08:31:48 trace :
------------
Array:
from : oRPPWvtSilWvGYUBJpmTEjGV1qL4 ;
to : gh_b1f7fee0dba6 ;
time : 1484958713 ;
type : event ;
event : VIEW ;
tousername : gh_b1f7fee0dba6 ;
fromusername : oRPPWvtSilWvGYUBJpmTEjGV1qL4 ;
createtime : 1484958713 ;
msgtype : event ;
eventkey : http://a233.sdsfshop.com/app/index.php?i=65&c=entry&eid=835 ;
menuid : 434402732 ;

2017-01-21 08:31:48 params :
------------
Array:
message : Array ;
module : basic ;
rule : 171 ;
priority : 0 ;
keyword : Array ;

2017-01-21 08:31:48 response :
------------
Array:
FromUserName : gh_b1f7fee0dba6 ;
ToUserName : oRPPWvtSilWvGYUBJpmTEjGV1qL4 ;
MsgType : text ;
Content : 欢迎关注 保芝蓝 门店！ ;

2017-01-21 10:25:38 trace :
------------
Array:
from : oRPPWvn_S0AojAd2BQ3Qs1dMkiQw ;
to : gh_b1f7fee0dba6 ;
time : 1484965543 ;
type : event ;
event : VIEW ;
tousername : gh_b1f7fee0dba6 ;
fromusername : oRPPWvn_S0AojAd2BQ3Qs1dMkiQw ;
createtime : 1484965543 ;
msgtype : event ;
eventkey : http://a233.sdsfshop.com/app/index.php?i=65&c=entry&eid=851 ;
menuid : 434402732 ;

2017-01-21 10:25:38 params :
------------
Array:
message : Array ;
module : basic ;
rule : 171 ;
priority : 0 ;
keyword : Array ;

2017-01-21 10:25:38 response :
------------
Array:
FromUserName : gh_b1f7fee0dba6 ;
ToUserName : oRPPWvn_S0AojAd2BQ3Qs1dMkiQw ;
MsgType : text ;
Content : 欢迎关注 保芝蓝 门店！ ;

