2017-07-05 20:21:20 trace :
------------
Array:
from : oKmKPxF3xb17xLL1SEVRq4qhf1-Y ;
to : gh_e86b5de80d72 ;
time : 1499257279 ;
type : event ;
event : VIEW ;
tousername : gh_e86b5de80d72 ;
fromusername : oKmKPxF3xb17xLL1SEVRq4qhf1-Y ;
createtime : 1499257279 ;
msgtype : event ;
eventkey : http://www.richmei.com/app/index.php?i=65&c=entry&eid=851 ;
menuid : 601494847 ;

2017-07-05 20:21:20 params :
------------
Array:
message : Array ;
module : basic ;
rule : 171 ;
priority : 0 ;
keyword : Array ;

2017-07-05 20:21:20 response :
------------
Array:
FromUserName : gh_e86b5de80d72 ;
ToUserName : oKmKPxF3xb17xLL1SEVRq4qhf1-Y ;
MsgType : text ;
Content : 欢迎关注丰媒！/:rose/:rose

丰媒已经开通的深圳配送区： 
民治南景新村，民治樟坑一区，民治沙吓社区（14:00前下单，当天配送到社区合作点门口）

产地源头鲜果直摘配送，丰媒让您足不出户就能享受到全国各地丰富有营养的、特色的时令水果 ;

2017-07-05 20:21:20 trace :
------------
Array:
from : oKmKPxF3xb17xLL1SEVRq4qhf1-Y ;
to : gh_e86b5de80d72 ;
time : 1499257277 ;
type : event ;
event : subscribe ;
tousername : gh_e86b5de80d72 ;
fromusername : oKmKPxF3xb17xLL1SEVRq4qhf1-Y ;
createtime : 1499257277 ;
msgtype : event ;
eventkey :  ;

2017-07-05 20:21:20 params :
------------
Array:
message : Array ;
module : basic ;
rule : 171 ;
priority : 0 ;
keyword : Array ;

2017-07-05 20:21:20 response :
------------
Array:
FromUserName : gh_e86b5de80d72 ;
ToUserName : oKmKPxF3xb17xLL1SEVRq4qhf1-Y ;
MsgType : text ;
Content : 欢迎关注丰媒！/:rose/:rose

丰媒已经开通的深圳配送区： 
民治南景新村，民治樟坑一区，民治沙吓社区（14:00前下单，当天配送到社区合作点门口）

产地源头鲜果直摘配送，丰媒让您足不出户就能享受到全国各地丰富有营养的、特色的时令水果 ;

2017-07-05 20:21:42 trace :
------------
Array:
from : oKmKPxF3xb17xLL1SEVRq4qhf1-Y ;
to : gh_e86b5de80d72 ;
time : 1499257301 ;
type : event ;
event : VIEW ;
tousername : gh_e86b5de80d72 ;
fromusername : oKmKPxF3xb17xLL1SEVRq4qhf1-Y ;
createtime : 1499257301 ;
msgtype : event ;
eventkey : http://www.richmei.com/app/index.php?i=65&c=entry&eid=838 ;
menuid : 601494847 ;

2017-07-05 20:21:42 params :
------------
Array:
message : Array ;
module : basic ;
rule : 171 ;
priority : 0 ;
keyword : Array ;

2017-07-05 20:21:42 response :
------------
Array:
FromUserName : gh_e86b5de80d72 ;
ToUserName : oKmKPxF3xb17xLL1SEVRq4qhf1-Y ;
MsgType : text ;
Content : 欢迎关注丰媒！/:rose/:rose

丰媒已经开通的深圳配送区： 
民治南景新村，民治樟坑一区，民治沙吓社区（14:00前下单，当天配送到社区合作点门口）

产地源头鲜果直摘配送，丰媒让您足不出户就能享受到全国各地丰富有营养的、特色的时令水果 ;

