2017-01-15 21:35:05 trace :
------------
Array:
from : oRPPWvkvkNbFkTlhHp23MMlhTfHc ;
to : gh_b1f7fee0dba6 ;
time : 1484487305 ;
type : event ;
event : VIEW ;
tousername : gh_b1f7fee0dba6 ;
fromusername : oRPPWvkvkNbFkTlhHp23MMlhTfHc ;
createtime : 1484487305 ;
msgtype : event ;
eventkey : http://a233.sdsfshop.com/app/index.php?i=65&c=entry&eid=851 ;
menuid : 434402732 ;

2017-01-15 21:35:05 params :
------------
Array:
message : Array ;
module : basic ;
rule : 171 ;
priority : 0 ;
keyword : Array ;

2017-01-15 21:35:05 response :
------------
Array:
FromUserName : gh_b1f7fee0dba6 ;
ToUserName : oRPPWvkvkNbFkTlhHp23MMlhTfHc ;
MsgType : text ;
Content : 欢迎关注 保芝蓝 门店！ ;

2017-01-15 21:35:35 trace :
------------
Array:
from : oRPPWvkvkNbFkTlhHp23MMlhTfHc ;
to : gh_b1f7fee0dba6 ;
time : 1484487335 ;
type : event ;
event : VIEW ;
tousername : gh_b1f7fee0dba6 ;
fromusername : oRPPWvkvkNbFkTlhHp23MMlhTfHc ;
createtime : 1484487335 ;
msgtype : event ;
eventkey : http://a233.sdsfshop.com/app/index.php?i=65&c=entry&eid=836 ;
menuid : 434402732 ;

2017-01-15 21:35:35 params :
------------
Array:
message : Array ;
module : basic ;
rule : 171 ;
priority : 0 ;
keyword : Array ;

2017-01-15 21:35:35 response :
------------
Array:
FromUserName : gh_b1f7fee0dba6 ;
ToUserName : oRPPWvkvkNbFkTlhHp23MMlhTfHc ;
MsgType : text ;
Content : 欢迎关注 保芝蓝 门店！ ;

