2017-01-07 02:01:22 trace :
------------
Array:
from : oRPPWvps_LCf2grvL8ZPDP2AdozQ ;
to : gh_b1f7fee0dba6 ;
time : 1483725682 ;
type : event ;
event : VIEW ;
tousername : gh_b1f7fee0dba6 ;
fromusername : oRPPWvps_LCf2grvL8ZPDP2AdozQ ;
createtime : 1483725682 ;
msgtype : event ;
eventkey : http://a233.sdsfshop.com/app/index.php?i=65&c=entry&eid=851 ;
menuid : 434345128 ;

2017-01-07 02:01:22 params :
------------
Array:
rule : -2 ;
module :  ;
message : Array ;

2017-01-07 02:01:22 response :
------------

2017-01-07 03:42:18 trace :
------------
Array:
from : oRPPWvps_LCf2grvL8ZPDP2AdozQ ;
to : gh_b1f7fee0dba6 ;
time : 1483731738 ;
type : event ;
event : VIEW ;
tousername : gh_b1f7fee0dba6 ;
fromusername : oRPPWvps_LCf2grvL8ZPDP2AdozQ ;
createtime : 1483731738 ;
msgtype : event ;
eventkey : http://a233.sdsfshop.com/app/index.php?i=65&c=home&a=page&id=7 ;
menuid : 434345128 ;

2017-01-07 03:42:18 params :
------------
Array:
rule : -2 ;
module :  ;
message : Array ;

2017-01-07 03:42:18 response :
------------

2017-01-07 03:42:27 trace :
------------
Array:
from : oRPPWvps_LCf2grvL8ZPDP2AdozQ ;
to : gh_b1f7fee0dba6 ;
time : 1483731746 ;
type : event ;
event : VIEW ;
tousername : gh_b1f7fee0dba6 ;
fromusername : oRPPWvps_LCf2grvL8ZPDP2AdozQ ;
createtime : 1483731746 ;
msgtype : event ;
eventkey : http://a233.sdsfshop.com/app/index.php?i=65&c=entry&eid=851 ;
menuid : 434345128 ;

2017-01-07 03:42:27 params :
------------
Array:
rule : -2 ;
module :  ;
message : Array ;

2017-01-07 03:42:27 response :
------------

2017-01-07 10:52:43 trace :
------------
Array:
from : oRPPWvps_LCf2grvL8ZPDP2AdozQ ;
to : gh_b1f7fee0dba6 ;
time : 1483757563 ;
type : event ;
event : VIEW ;
tousername : gh_b1f7fee0dba6 ;
fromusername : oRPPWvps_LCf2grvL8ZPDP2AdozQ ;
createtime : 1483757563 ;
msgtype : event ;
eventkey : http://a233.sdsfshop.com/app/index.php?i=65&c=entry&eid=851 ;
menuid : 434345128 ;

2017-01-07 10:52:43 params :
------------
Array:
rule : -2 ;
module :  ;
message : Array ;

2017-01-07 10:52:43 response :
------------

2017-01-07 10:52:54 trace :
------------
Array:
from : oRPPWvps_LCf2grvL8ZPDP2AdozQ ;
to : gh_b1f7fee0dba6 ;
time : 1483757574 ;
type : event ;
event : VIEW ;
tousername : gh_b1f7fee0dba6 ;
fromusername : oRPPWvps_LCf2grvL8ZPDP2AdozQ ;
createtime : 1483757574 ;
msgtype : event ;
eventkey : http://a233.sdsfshop.com/app/index.php?i=65&c=entry&eid=851 ;
menuid : 434345128 ;

2017-01-07 10:52:54 params :
------------
Array:
rule : -2 ;
module :  ;
message : Array ;

2017-01-07 10:52:54 response :
------------

2017-01-07 11:36:39 trace :
------------
Array:
from : oRPPWvps_LCf2grvL8ZPDP2AdozQ ;
to : gh_b1f7fee0dba6 ;
time : 1483760199 ;
type : event ;
event : VIEW ;
tousername : gh_b1f7fee0dba6 ;
fromusername : oRPPWvps_LCf2grvL8ZPDP2AdozQ ;
createtime : 1483760199 ;
msgtype : event ;
eventkey : http://a233.sdsfshop.com/app/index.php?i=65&c=entry&eid=851 ;
menuid : 434345128 ;

2017-01-07 11:36:39 params :
------------
Array:
rule : -2 ;
module :  ;
message : Array ;

2017-01-07 11:36:39 response :
------------

2017-01-07 11:39:40 trace :
------------
Array:
from : oRPPWvps_LCf2grvL8ZPDP2AdozQ ;
to : gh_b1f7fee0dba6 ;
time : 1483760380 ;
type : event ;
event : VIEW ;
tousername : gh_b1f7fee0dba6 ;
fromusername : oRPPWvps_LCf2grvL8ZPDP2AdozQ ;
createtime : 1483760380 ;
msgtype : event ;
eventkey : http://a233.sdsfshop.com/app/index.php?i=65&c=entry&eid=851 ;
menuid : 434345128 ;

2017-01-07 11:39:40 params :
------------
Array:
rule : -2 ;
module :  ;
message : Array ;

2017-01-07 11:39:40 response :
------------

2017-01-07 11:41:08 trace :
------------
Array:
from : oRPPWvps_LCf2grvL8ZPDP2AdozQ ;
to : gh_b1f7fee0dba6 ;
time : 1483760468 ;
type : event ;
event : VIEW ;
tousername : gh_b1f7fee0dba6 ;
fromusername : oRPPWvps_LCf2grvL8ZPDP2AdozQ ;
createtime : 1483760468 ;
msgtype : event ;
eventkey : http://a233.sdsfshop.com/app/index.php?i=65&c=entry&eid=851 ;
menuid : 434345128 ;

2017-01-07 11:41:08 params :
------------
Array:
rule : -2 ;
module :  ;
message : Array ;

2017-01-07 11:41:08 response :
------------

2017-01-07 13:03:11 trace :
------------
Array:
from : oRPPWvps_LCf2grvL8ZPDP2AdozQ ;
to : gh_b1f7fee0dba6 ;
time : 1483765391 ;
type : event ;
event : VIEW ;
tousername : gh_b1f7fee0dba6 ;
fromusername : oRPPWvps_LCf2grvL8ZPDP2AdozQ ;
createtime : 1483765391 ;
msgtype : event ;
eventkey : http://a233.sdsfshop.com/app/index.php?i=65&c=entry&eid=851 ;
menuid : 434345128 ;

2017-01-07 13:03:11 params :
------------
Array:
rule : -2 ;
module :  ;
message : Array ;

2017-01-07 13:03:11 response :
------------

2017-01-07 14:57:06 trace :
------------
Array:
from : oRPPWvrhFIkz_10ZmqZAROJMnVAA ;
to : gh_b1f7fee0dba6 ;
time : 1483772226 ;
type : event ;
event : VIEW ;
tousername : gh_b1f7fee0dba6 ;
fromusername : oRPPWvrhFIkz_10ZmqZAROJMnVAA ;
createtime : 1483772226 ;
msgtype : event ;
eventkey : http://a233.sdsfshop.com/app/index.php?i=65&c=entry&eid=851 ;
menuid : 434345128 ;

2017-01-07 14:57:06 params :
------------
Array:
rule : -2 ;
module :  ;
message : Array ;

2017-01-07 14:57:06 response :
------------

2017-01-07 14:57:20 trace :
------------
Array:
from : oRPPWvrhFIkz_10ZmqZAROJMnVAA ;
to : gh_b1f7fee0dba6 ;
time : 1483772240 ;
type : event ;
event : VIEW ;
tousername : gh_b1f7fee0dba6 ;
fromusername : oRPPWvrhFIkz_10ZmqZAROJMnVAA ;
createtime : 1483772240 ;
msgtype : event ;
eventkey : http://a233.sdsfshop.com/app/index.php?i=65&c=entry&eid=851 ;
menuid : 434345128 ;

2017-01-07 14:57:20 params :
------------
Array:
rule : -2 ;
module :  ;
message : Array ;

2017-01-07 14:57:20 response :
------------

2017-01-07 14:59:08 trace :
------------
Array:
from : oRPPWvps_LCf2grvL8ZPDP2AdozQ ;
to : gh_b1f7fee0dba6 ;
time : 1483772348 ;
type : event ;
event : VIEW ;
tousername : gh_b1f7fee0dba6 ;
fromusername : oRPPWvps_LCf2grvL8ZPDP2AdozQ ;
createtime : 1483772348 ;
msgtype : event ;
eventkey : http://a233.sdsfshop.com/app/index.php?i=65&c=entry&eid=851 ;
menuid : 434345128 ;

2017-01-07 14:59:08 params :
------------
Array:
rule : -2 ;
module :  ;
message : Array ;

2017-01-07 14:59:08 response :
------------

2017-01-07 18:37:38 trace :
------------
Array:
from : oRPPWvps_LCf2grvL8ZPDP2AdozQ ;
to : gh_b1f7fee0dba6 ;
time : 1483785457 ;
type : event ;
event : VIEW ;
tousername : gh_b1f7fee0dba6 ;
fromusername : oRPPWvps_LCf2grvL8ZPDP2AdozQ ;
createtime : 1483785457 ;
msgtype : event ;
eventkey : http://a233.sdsfshop.com/app/index.php?i=65&c=entry&eid=851 ;
menuid : 434345128 ;

2017-01-07 18:37:38 params :
------------
Array:
rule : -2 ;
module :  ;
message : Array ;

2017-01-07 18:37:38 response :
------------

