2017-01-10 09:15:54 trace :
------------
Array:
from : oRPPWvoID-0bqVD_vjHhgc73Tg5k ;
to : gh_b1f7fee0dba6 ;
time : 1484010954 ;
type : event ;
event : VIEW ;
tousername : gh_b1f7fee0dba6 ;
fromusername : oRPPWvoID-0bqVD_vjHhgc73Tg5k ;
createtime : 1484010954 ;
msgtype : event ;
eventkey : http://a233.sdsfshop.com/app/index.php?i=65&c=entry&eid=851 ;
menuid : 434345128 ;

2017-01-10 09:15:55 params :
------------
Array:
message : Array ;
module : basic ;
rule : 171 ;
priority : 0 ;
keyword : Array ;

2017-01-10 09:15:55 response :
------------
Array:
FromUserName : gh_b1f7fee0dba6 ;
ToUserName : oRPPWvoID-0bqVD_vjHhgc73Tg5k ;
MsgType : text ;
Content : 欢迎关注 保芝蓝 门店！ ;

2017-01-10 09:19:10 trace :
------------
Array:
from : oRPPWvoID-0bqVD_vjHhgc73Tg5k ;
to : gh_b1f7fee0dba6 ;
time : 1484011150 ;
type : event ;
event : subscribe ;
tousername : gh_b1f7fee0dba6 ;
fromusername : oRPPWvoID-0bqVD_vjHhgc73Tg5k ;
createtime : 1484011150 ;
msgtype : event ;
eventkey :  ;

2017-01-10 09:19:10 params :
------------
Array:
message : Array ;
module : basic ;
rule : 171 ;
priority : 0 ;
keyword : Array ;

2017-01-10 09:19:10 response :
------------
Array:
FromUserName : gh_b1f7fee0dba6 ;
ToUserName : oRPPWvoID-0bqVD_vjHhgc73Tg5k ;
MsgType : text ;
Content : 欢迎关注 保芝蓝 门店！ ;

2017-01-10 09:19:13 trace :
------------
Array:
from : oRPPWvoID-0bqVD_vjHhgc73Tg5k ;
to : gh_b1f7fee0dba6 ;
time : 1484011153 ;
type : event ;
event : VIEW ;
tousername : gh_b1f7fee0dba6 ;
fromusername : oRPPWvoID-0bqVD_vjHhgc73Tg5k ;
createtime : 1484011153 ;
msgtype : event ;
eventkey : http://a233.sdsfshop.com/app/index.php?i=65&c=entry&eid=851 ;
menuid : 434345128 ;

2017-01-10 09:19:13 params :
------------
Array:
message : Array ;
module : basic ;
rule : 171 ;
priority : 0 ;
keyword : Array ;

2017-01-10 09:19:13 response :
------------
Array:
FromUserName : gh_b1f7fee0dba6 ;
ToUserName : oRPPWvoID-0bqVD_vjHhgc73Tg5k ;
MsgType : text ;
Content : 欢迎关注 保芝蓝 门店！ ;

2017-01-10 09:45:52 trace :
------------
Array:
from : oRPPWvm1RKg3g8oMQZ0K5Qg1kkDE ;
to : gh_b1f7fee0dba6 ;
time : 1484012752 ;
type : event ;
event : VIEW ;
tousername : gh_b1f7fee0dba6 ;
fromusername : oRPPWvm1RKg3g8oMQZ0K5Qg1kkDE ;
createtime : 1484012752 ;
msgtype : event ;
eventkey : http://a233.sdsfshop.com/app/index.php?i=65&c=entry&eid=851 ;
menuid : 434345128 ;

2017-01-10 09:45:52 params :
------------
Array:
message : Array ;
module : basic ;
rule : 171 ;
priority : 0 ;
keyword : Array ;

2017-01-10 09:45:52 response :
------------
Array:
FromUserName : gh_b1f7fee0dba6 ;
ToUserName : oRPPWvm1RKg3g8oMQZ0K5Qg1kkDE ;
MsgType : text ;
Content : 欢迎关注 保芝蓝 门店！ ;

2017-01-10 09:48:31 trace :
------------
Array:
from : oRPPWvm7SN1lV7JzCoXyH62Ldfrw ;
to : gh_b1f7fee0dba6 ;
time : 1484012911 ;
type : event ;
event : VIEW ;
tousername : gh_b1f7fee0dba6 ;
fromusername : oRPPWvm7SN1lV7JzCoXyH62Ldfrw ;
createtime : 1484012911 ;
msgtype : event ;
eventkey : http://a233.sdsfshop.com/app/index.php?i=65&c=entry&eid=851 ;
menuid : 434345128 ;

2017-01-10 09:48:31 params :
------------
Array:
message : Array ;
module : basic ;
rule : 171 ;
priority : 0 ;
keyword : Array ;

2017-01-10 09:48:31 response :
------------
Array:
FromUserName : gh_b1f7fee0dba6 ;
ToUserName : oRPPWvm7SN1lV7JzCoXyH62Ldfrw ;
MsgType : text ;
Content : 欢迎关注 保芝蓝 门店！ ;

2017-01-10 09:49:07 trace :
------------
Array:
from : oRPPWvm7SN1lV7JzCoXyH62Ldfrw ;
to : gh_b1f7fee0dba6 ;
time : 1484012947 ;
type : event ;
event : VIEW ;
tousername : gh_b1f7fee0dba6 ;
fromusername : oRPPWvm7SN1lV7JzCoXyH62Ldfrw ;
createtime : 1484012947 ;
msgtype : event ;
eventkey : http://a233.sdsfshop.com/app/index.php?i=65&c=entry&eid=851 ;
menuid : 434345128 ;

2017-01-10 09:49:07 params :
------------
Array:
message : Array ;
module : basic ;
rule : 171 ;
priority : 0 ;
keyword : Array ;

2017-01-10 09:49:07 response :
------------
Array:
FromUserName : gh_b1f7fee0dba6 ;
ToUserName : oRPPWvm7SN1lV7JzCoXyH62Ldfrw ;
MsgType : text ;
Content : 欢迎关注 保芝蓝 门店！ ;

2017-01-10 09:49:55 trace :
------------
Array:
from : oRPPWvm7SN1lV7JzCoXyH62Ldfrw ;
to : gh_b1f7fee0dba6 ;
time : 1484012995 ;
type : event ;
event : VIEW ;
tousername : gh_b1f7fee0dba6 ;
fromusername : oRPPWvm7SN1lV7JzCoXyH62Ldfrw ;
createtime : 1484012995 ;
msgtype : event ;
eventkey : http://a233.sdsfshop.com/app/index.php?i=65&c=entry&eid=851 ;
menuid : 434345128 ;

2017-01-10 09:49:55 params :
------------
Array:
message : Array ;
module : basic ;
rule : 171 ;
priority : 0 ;
keyword : Array ;

2017-01-10 09:49:55 response :
------------
Array:
FromUserName : gh_b1f7fee0dba6 ;
ToUserName : oRPPWvm7SN1lV7JzCoXyH62Ldfrw ;
MsgType : text ;
Content : 欢迎关注 保芝蓝 门店！ ;

2017-01-10 09:50:47 trace :
------------
Array:
from : oRPPWvm7SN1lV7JzCoXyH62Ldfrw ;
to : gh_b1f7fee0dba6 ;
time : 1484013047 ;
type : event ;
event : VIEW ;
tousername : gh_b1f7fee0dba6 ;
fromusername : oRPPWvm7SN1lV7JzCoXyH62Ldfrw ;
createtime : 1484013047 ;
msgtype : event ;
eventkey : http://a233.sdsfshop.com/app/index.php?i=65&c=home&a=page&id=7 ;
menuid : 434345128 ;

2017-01-10 09:50:47 params :
------------
Array:
message : Array ;
module : basic ;
rule : 171 ;
priority : 0 ;
keyword : Array ;

2017-01-10 09:50:47 response :
------------
Array:
FromUserName : gh_b1f7fee0dba6 ;
ToUserName : oRPPWvm7SN1lV7JzCoXyH62Ldfrw ;
MsgType : text ;
Content : 欢迎关注 保芝蓝 门店！ ;

2017-01-10 09:51:15 trace :
------------
Array:
from : oRPPWvm7SN1lV7JzCoXyH62Ldfrw ;
to : gh_b1f7fee0dba6 ;
time : 1484013075 ;
type : event ;
event : VIEW ;
tousername : gh_b1f7fee0dba6 ;
fromusername : oRPPWvm7SN1lV7JzCoXyH62Ldfrw ;
createtime : 1484013075 ;
msgtype : event ;
eventkey : http://a233.sdsfshop.com/app/index.php?i=65&c=entry&eid=851 ;
menuid : 434345128 ;

2017-01-10 09:51:15 params :
------------
Array:
message : Array ;
module : basic ;
rule : 171 ;
priority : 0 ;
keyword : Array ;

2017-01-10 09:51:15 response :
------------
Array:
FromUserName : gh_b1f7fee0dba6 ;
ToUserName : oRPPWvm7SN1lV7JzCoXyH62Ldfrw ;
MsgType : text ;
Content : 欢迎关注 保芝蓝 门店！ ;

2017-01-10 10:00:22 trace :
------------
Array:
from : oRPPWvm7SN1lV7JzCoXyH62Ldfrw ;
to : gh_b1f7fee0dba6 ;
time : 1484013622 ;
type : event ;
event : VIEW ;
tousername : gh_b1f7fee0dba6 ;
fromusername : oRPPWvm7SN1lV7JzCoXyH62Ldfrw ;
createtime : 1484013622 ;
msgtype : event ;
eventkey : http://a233.sdsfshop.com/app/index.php?i=65&c=entry&eid=851 ;
menuid : 434345128 ;

2017-01-10 10:00:22 params :
------------
Array:
message : Array ;
module : basic ;
rule : 171 ;
priority : 0 ;
keyword : Array ;

2017-01-10 10:00:22 response :
------------
Array:
FromUserName : gh_b1f7fee0dba6 ;
ToUserName : oRPPWvm7SN1lV7JzCoXyH62Ldfrw ;
MsgType : text ;
Content : 欢迎关注 保芝蓝 门店！ ;

2017-01-10 10:02:18 trace :
------------
Array:
from : oRPPWvm7SN1lV7JzCoXyH62Ldfrw ;
to : gh_b1f7fee0dba6 ;
time : 1484013738 ;
type : event ;
event : VIEW ;
tousername : gh_b1f7fee0dba6 ;
fromusername : oRPPWvm7SN1lV7JzCoXyH62Ldfrw ;
createtime : 1484013738 ;
msgtype : event ;
eventkey : http://a233.sdsfshop.com/app/index.php?i=65&c=entry&eid=851 ;
menuid : 434345128 ;

2017-01-10 10:02:18 params :
------------
Array:
message : Array ;
module : basic ;
rule : 171 ;
priority : 0 ;
keyword : Array ;

2017-01-10 10:02:18 response :
------------
Array:
FromUserName : gh_b1f7fee0dba6 ;
ToUserName : oRPPWvm7SN1lV7JzCoXyH62Ldfrw ;
MsgType : text ;
Content : 欢迎关注 保芝蓝 门店！ ;

2017-01-10 10:06:31 trace :
------------
Array:
from : oRPPWvm7SN1lV7JzCoXyH62Ldfrw ;
to : gh_b1f7fee0dba6 ;
time : 1484013991 ;
type : event ;
event : VIEW ;
tousername : gh_b1f7fee0dba6 ;
fromusername : oRPPWvm7SN1lV7JzCoXyH62Ldfrw ;
createtime : 1484013991 ;
msgtype : event ;
eventkey : http://a233.sdsfshop.com/app/index.php?i=65&c=entry&eid=851 ;
menuid : 434345128 ;

2017-01-10 10:06:31 params :
------------
Array:
message : Array ;
module : basic ;
rule : 171 ;
priority : 0 ;
keyword : Array ;

2017-01-10 10:06:31 response :
------------
Array:
FromUserName : gh_b1f7fee0dba6 ;
ToUserName : oRPPWvm7SN1lV7JzCoXyH62Ldfrw ;
MsgType : text ;
Content : 欢迎关注 保芝蓝 门店！ ;

2017-01-10 10:06:46 trace :
------------
Array:
from : oRPPWvm7SN1lV7JzCoXyH62Ldfrw ;
to : gh_b1f7fee0dba6 ;
time : 1484014006 ;
type : event ;
event : VIEW ;
tousername : gh_b1f7fee0dba6 ;
fromusername : oRPPWvm7SN1lV7JzCoXyH62Ldfrw ;
createtime : 1484014006 ;
msgtype : event ;
eventkey : http://a233.sdsfshop.com/app/index.php?i=65&c=entry&eid=852 ;
menuid : 434345128 ;

2017-01-10 10:06:46 params :
------------
Array:
message : Array ;
module : basic ;
rule : 171 ;
priority : 0 ;
keyword : Array ;

2017-01-10 10:06:46 response :
------------
Array:
FromUserName : gh_b1f7fee0dba6 ;
ToUserName : oRPPWvm7SN1lV7JzCoXyH62Ldfrw ;
MsgType : text ;
Content : 欢迎关注 保芝蓝 门店！ ;

2017-01-10 10:07:01 trace :
------------
Array:
from : oRPPWvm7SN1lV7JzCoXyH62Ldfrw ;
to : gh_b1f7fee0dba6 ;
time : 1484014021 ;
type : event ;
event : VIEW ;
tousername : gh_b1f7fee0dba6 ;
fromusername : oRPPWvm7SN1lV7JzCoXyH62Ldfrw ;
createtime : 1484014021 ;
msgtype : event ;
eventkey : http://a233.sdsfshop.com/app/index.php?i=65&c=entry&eid=851 ;
menuid : 434345128 ;

2017-01-10 10:07:01 params :
------------
Array:
message : Array ;
module : basic ;
rule : 171 ;
priority : 0 ;
keyword : Array ;

2017-01-10 10:07:01 response :
------------
Array:
FromUserName : gh_b1f7fee0dba6 ;
ToUserName : oRPPWvm7SN1lV7JzCoXyH62Ldfrw ;
MsgType : text ;
Content : 欢迎关注 保芝蓝 门店！ ;

2017-01-10 10:07:19 trace :
------------
Array:
from : oRPPWvm7SN1lV7JzCoXyH62Ldfrw ;
to : gh_b1f7fee0dba6 ;
time : 1484014039 ;
type : event ;
event : VIEW ;
tousername : gh_b1f7fee0dba6 ;
fromusername : oRPPWvm7SN1lV7JzCoXyH62Ldfrw ;
createtime : 1484014039 ;
msgtype : event ;
eventkey : http://a233.sdsfshop.com/app/index.php?i=65&c=entry&eid=852 ;
menuid : 434345128 ;

2017-01-10 10:07:19 params :
------------
Array:
message : Array ;
module : basic ;
rule : 171 ;
priority : 0 ;
keyword : Array ;

2017-01-10 10:07:19 response :
------------
Array:
FromUserName : gh_b1f7fee0dba6 ;
ToUserName : oRPPWvm7SN1lV7JzCoXyH62Ldfrw ;
MsgType : text ;
Content : 欢迎关注 保芝蓝 门店！ ;

2017-01-10 10:07:45 trace :
------------
Array:
from : oRPPWvm7SN1lV7JzCoXyH62Ldfrw ;
to : gh_b1f7fee0dba6 ;
time : 1484014065 ;
type : event ;
event : VIEW ;
tousername : gh_b1f7fee0dba6 ;
fromusername : oRPPWvm7SN1lV7JzCoXyH62Ldfrw ;
createtime : 1484014065 ;
msgtype : event ;
eventkey : http://a233.sdsfshop.com/app/index.php?i=65&c=entry&eid=851 ;
menuid : 434345128 ;

2017-01-10 10:07:45 params :
------------
Array:
message : Array ;
module : basic ;
rule : 171 ;
priority : 0 ;
keyword : Array ;

2017-01-10 10:07:45 response :
------------
Array:
FromUserName : gh_b1f7fee0dba6 ;
ToUserName : oRPPWvm7SN1lV7JzCoXyH62Ldfrw ;
MsgType : text ;
Content : 欢迎关注 保芝蓝 门店！ ;

2017-01-10 10:08:04 trace :
------------
Array:
from : oRPPWvm7SN1lV7JzCoXyH62Ldfrw ;
to : gh_b1f7fee0dba6 ;
time : 1484014084 ;
type : event ;
event : VIEW ;
tousername : gh_b1f7fee0dba6 ;
fromusername : oRPPWvm7SN1lV7JzCoXyH62Ldfrw ;
createtime : 1484014084 ;
msgtype : event ;
eventkey : http://a233.sdsfshop.com/app/index.php?i=65&c=entry&eid=851 ;
menuid : 434345128 ;

2017-01-10 10:08:04 params :
------------
Array:
message : Array ;
module : basic ;
rule : 171 ;
priority : 0 ;
keyword : Array ;

2017-01-10 10:08:04 response :
------------
Array:
FromUserName : gh_b1f7fee0dba6 ;
ToUserName : oRPPWvm7SN1lV7JzCoXyH62Ldfrw ;
MsgType : text ;
Content : 欢迎关注 保芝蓝 门店！ ;

2017-01-10 10:09:07 trace :
------------
Array:
from : oRPPWvps_LCf2grvL8ZPDP2AdozQ ;
to : gh_b1f7fee0dba6 ;
time : 1484014147 ;
type : event ;
event : VIEW ;
tousername : gh_b1f7fee0dba6 ;
fromusername : oRPPWvps_LCf2grvL8ZPDP2AdozQ ;
createtime : 1484014147 ;
msgtype : event ;
eventkey : http://a233.sdsfshop.com/app/index.php?i=65&c=entry&eid=852 ;
menuid : 434345128 ;

2017-01-10 10:09:07 params :
------------
Array:
message : Array ;
module : basic ;
rule : 171 ;
priority : 0 ;
keyword : Array ;

2017-01-10 10:09:07 response :
------------
Array:
FromUserName : gh_b1f7fee0dba6 ;
ToUserName : oRPPWvps_LCf2grvL8ZPDP2AdozQ ;
MsgType : text ;
Content : 欢迎关注 保芝蓝 门店！ ;

2017-01-10 10:09:21 trace :
------------
Array:
from : oRPPWvps_LCf2grvL8ZPDP2AdozQ ;
to : gh_b1f7fee0dba6 ;
time : 1484014161 ;
type : event ;
event : VIEW ;
tousername : gh_b1f7fee0dba6 ;
fromusername : oRPPWvps_LCf2grvL8ZPDP2AdozQ ;
createtime : 1484014161 ;
msgtype : event ;
eventkey : http://a233.sdsfshop.com/app/index.php?i=65&c=entry&eid=851 ;
menuid : 434345128 ;

2017-01-10 10:09:21 params :
------------
Array:
message : Array ;
module : basic ;
rule : 171 ;
priority : 0 ;
keyword : Array ;

2017-01-10 10:09:21 response :
------------
Array:
FromUserName : gh_b1f7fee0dba6 ;
ToUserName : oRPPWvps_LCf2grvL8ZPDP2AdozQ ;
MsgType : text ;
Content : 欢迎关注 保芝蓝 门店！ ;

2017-01-10 10:09:34 trace :
------------
Array:
from : oRPPWvps_LCf2grvL8ZPDP2AdozQ ;
to : gh_b1f7fee0dba6 ;
time : 1484014174 ;
type : event ;
event : VIEW ;
tousername : gh_b1f7fee0dba6 ;
fromusername : oRPPWvps_LCf2grvL8ZPDP2AdozQ ;
createtime : 1484014174 ;
msgtype : event ;
eventkey : http://a233.sdsfshop.com/app/index.php?i=65&c=entry&eid=852 ;
menuid : 434345128 ;

2017-01-10 10:09:34 params :
------------
Array:
message : Array ;
module : basic ;
rule : 171 ;
priority : 0 ;
keyword : Array ;

2017-01-10 10:09:34 response :
------------
Array:
FromUserName : gh_b1f7fee0dba6 ;
ToUserName : oRPPWvps_LCf2grvL8ZPDP2AdozQ ;
MsgType : text ;
Content : 欢迎关注 保芝蓝 门店！ ;

2017-01-10 10:09:39 trace :
------------
Array:
from : oRPPWvps_LCf2grvL8ZPDP2AdozQ ;
to : gh_b1f7fee0dba6 ;
time : 1484014179 ;
type : event ;
event : VIEW ;
tousername : gh_b1f7fee0dba6 ;
fromusername : oRPPWvps_LCf2grvL8ZPDP2AdozQ ;
createtime : 1484014179 ;
msgtype : event ;
eventkey : http://a233.sdsfshop.com/app/index.php?i=65&c=entry&eid=851 ;
menuid : 434345128 ;

2017-01-10 10:09:39 params :
------------
Array:
message : Array ;
module : basic ;
rule : 171 ;
priority : 0 ;
keyword : Array ;

2017-01-10 10:09:39 response :
------------
Array:
FromUserName : gh_b1f7fee0dba6 ;
ToUserName : oRPPWvps_LCf2grvL8ZPDP2AdozQ ;
MsgType : text ;
Content : 欢迎关注 保芝蓝 门店！ ;

2017-01-10 10:13:53 trace :
------------
Array:
from : oRPPWvps_LCf2grvL8ZPDP2AdozQ ;
to : gh_b1f7fee0dba6 ;
time : 1484014433 ;
type : event ;
event : VIEW ;
tousername : gh_b1f7fee0dba6 ;
fromusername : oRPPWvps_LCf2grvL8ZPDP2AdozQ ;
createtime : 1484014433 ;
msgtype : event ;
eventkey : http://a233.sdsfshop.com/app/index.php?i=65&c=entry&eid=851 ;
menuid : 434345128 ;

2017-01-10 10:13:53 params :
------------
Array:
message : Array ;
module : basic ;
rule : 171 ;
priority : 0 ;
keyword : Array ;

2017-01-10 10:13:53 response :
------------
Array:
FromUserName : gh_b1f7fee0dba6 ;
ToUserName : oRPPWvps_LCf2grvL8ZPDP2AdozQ ;
MsgType : text ;
Content : 欢迎关注 保芝蓝 门店！ ;

2017-01-10 10:15:04 trace :
------------
Array:
from : oRPPWvps_LCf2grvL8ZPDP2AdozQ ;
to : gh_b1f7fee0dba6 ;
time : 1484014504 ;
type : event ;
event : VIEW ;
tousername : gh_b1f7fee0dba6 ;
fromusername : oRPPWvps_LCf2grvL8ZPDP2AdozQ ;
createtime : 1484014504 ;
msgtype : event ;
eventkey : http://a233.sdsfshop.com/app/index.php?i=65&c=entry&eid=851 ;
menuid : 434345128 ;

2017-01-10 10:15:04 params :
------------
Array:
message : Array ;
module : basic ;
rule : 171 ;
priority : 0 ;
keyword : Array ;

2017-01-10 10:15:04 response :
------------
Array:
FromUserName : gh_b1f7fee0dba6 ;
ToUserName : oRPPWvps_LCf2grvL8ZPDP2AdozQ ;
MsgType : text ;
Content : 欢迎关注 保芝蓝 门店！ ;

2017-01-10 10:16:23 trace :
------------
Array:
from : oRPPWvps_LCf2grvL8ZPDP2AdozQ ;
to : gh_b1f7fee0dba6 ;
time : 1484014583 ;
type : event ;
event : VIEW ;
tousername : gh_b1f7fee0dba6 ;
fromusername : oRPPWvps_LCf2grvL8ZPDP2AdozQ ;
createtime : 1484014583 ;
msgtype : event ;
eventkey : http://a233.sdsfshop.com/app/index.php?i=65&c=entry&eid=851 ;
menuid : 434345128 ;

2017-01-10 10:16:23 params :
------------
Array:
message : Array ;
module : basic ;
rule : 171 ;
priority : 0 ;
keyword : Array ;

2017-01-10 10:16:23 response :
------------
Array:
FromUserName : gh_b1f7fee0dba6 ;
ToUserName : oRPPWvps_LCf2grvL8ZPDP2AdozQ ;
MsgType : text ;
Content : 欢迎关注 保芝蓝 门店！ ;

2017-01-10 10:16:53 trace :
------------
Array:
from : oRPPWvps_LCf2grvL8ZPDP2AdozQ ;
to : gh_b1f7fee0dba6 ;
time : 1484014612 ;
type : event ;
event : VIEW ;
tousername : gh_b1f7fee0dba6 ;
fromusername : oRPPWvps_LCf2grvL8ZPDP2AdozQ ;
createtime : 1484014612 ;
msgtype : event ;
eventkey : http://a233.sdsfshop.com/app/index.php?i=65&c=entry&eid=851 ;
menuid : 434345128 ;

2017-01-10 10:16:53 params :
------------
Array:
message : Array ;
module : basic ;
rule : 171 ;
priority : 0 ;
keyword : Array ;

2017-01-10 10:16:53 response :
------------
Array:
FromUserName : gh_b1f7fee0dba6 ;
ToUserName : oRPPWvps_LCf2grvL8ZPDP2AdozQ ;
MsgType : text ;
Content : 欢迎关注 保芝蓝 门店！ ;

2017-01-10 10:17:27 trace :
------------
Array:
from : oRPPWvps_LCf2grvL8ZPDP2AdozQ ;
to : gh_b1f7fee0dba6 ;
time : 1484014647 ;
type : event ;
event : VIEW ;
tousername : gh_b1f7fee0dba6 ;
fromusername : oRPPWvps_LCf2grvL8ZPDP2AdozQ ;
createtime : 1484014647 ;
msgtype : event ;
eventkey : http://a233.sdsfshop.com/app/index.php?i=65&c=entry&eid=852 ;
menuid : 434345128 ;

2017-01-10 10:17:27 params :
------------
Array:
message : Array ;
module : basic ;
rule : 171 ;
priority : 0 ;
keyword : Array ;

2017-01-10 10:17:27 response :
------------
Array:
FromUserName : gh_b1f7fee0dba6 ;
ToUserName : oRPPWvps_LCf2grvL8ZPDP2AdozQ ;
MsgType : text ;
Content : 欢迎关注 保芝蓝 门店！ ;

2017-01-10 10:18:24 trace :
------------
Array:
from : oRPPWvps_LCf2grvL8ZPDP2AdozQ ;
to : gh_b1f7fee0dba6 ;
time : 1484014704 ;
type : event ;
event : VIEW ;
tousername : gh_b1f7fee0dba6 ;
fromusername : oRPPWvps_LCf2grvL8ZPDP2AdozQ ;
createtime : 1484014704 ;
msgtype : event ;
eventkey : http://a233.sdsfshop.com/app/index.php?i=65&c=entry&eid=851 ;
menuid : 434345128 ;

2017-01-10 10:18:24 params :
------------
Array:
message : Array ;
module : basic ;
rule : 171 ;
priority : 0 ;
keyword : Array ;

2017-01-10 10:18:24 response :
------------
Array:
FromUserName : gh_b1f7fee0dba6 ;
ToUserName : oRPPWvps_LCf2grvL8ZPDP2AdozQ ;
MsgType : text ;
Content : 欢迎关注 保芝蓝 门店！ ;

2017-01-10 10:19:43 trace :
------------
Array:
from : oRPPWvps_LCf2grvL8ZPDP2AdozQ ;
to : gh_b1f7fee0dba6 ;
time : 1484014783 ;
type : event ;
event : VIEW ;
tousername : gh_b1f7fee0dba6 ;
fromusername : oRPPWvps_LCf2grvL8ZPDP2AdozQ ;
createtime : 1484014783 ;
msgtype : event ;
eventkey : http://a233.sdsfshop.com/app/index.php?i=65&c=entry&eid=851 ;
menuid : 434345128 ;

2017-01-10 10:19:43 params :
------------
Array:
message : Array ;
module : basic ;
rule : 171 ;
priority : 0 ;
keyword : Array ;

2017-01-10 10:19:43 response :
------------
Array:
FromUserName : gh_b1f7fee0dba6 ;
ToUserName : oRPPWvps_LCf2grvL8ZPDP2AdozQ ;
MsgType : text ;
Content : 欢迎关注 保芝蓝 门店！ ;

2017-01-10 10:21:16 trace :
------------
Array:
from : oRPPWvoID-0bqVD_vjHhgc73Tg5k ;
to : gh_b1f7fee0dba6 ;
time : 1484014876 ;
type : event ;
event : VIEW ;
tousername : gh_b1f7fee0dba6 ;
fromusername : oRPPWvoID-0bqVD_vjHhgc73Tg5k ;
createtime : 1484014876 ;
msgtype : event ;
eventkey : http://a233.sdsfshop.com/app/index.php?i=65&c=entry&eid=851 ;
menuid : 434345128 ;

2017-01-10 10:21:16 params :
------------
Array:
message : Array ;
module : basic ;
rule : 171 ;
priority : 0 ;
keyword : Array ;

2017-01-10 10:21:16 response :
------------
Array:
FromUserName : gh_b1f7fee0dba6 ;
ToUserName : oRPPWvoID-0bqVD_vjHhgc73Tg5k ;
MsgType : text ;
Content : 欢迎关注 保芝蓝 门店！ ;

2017-01-10 10:21:29 trace :
------------
Array:
from : oRPPWvoID-0bqVD_vjHhgc73Tg5k ;
to : gh_b1f7fee0dba6 ;
time : 1484014889 ;
type : event ;
event : VIEW ;
tousername : gh_b1f7fee0dba6 ;
fromusername : oRPPWvoID-0bqVD_vjHhgc73Tg5k ;
createtime : 1484014889 ;
msgtype : event ;
eventkey : http://a233.sdsfshop.com/app/index.php?i=65&c=entry&eid=852 ;
menuid : 434345128 ;

2017-01-10 10:21:29 params :
------------
Array:
message : Array ;
module : basic ;
rule : 171 ;
priority : 0 ;
keyword : Array ;

2017-01-10 10:21:29 response :
------------
Array:
FromUserName : gh_b1f7fee0dba6 ;
ToUserName : oRPPWvoID-0bqVD_vjHhgc73Tg5k ;
MsgType : text ;
Content : 欢迎关注 保芝蓝 门店！ ;

2017-01-10 10:21:37 trace :
------------
Array:
from : oRPPWvoID-0bqVD_vjHhgc73Tg5k ;
to : gh_b1f7fee0dba6 ;
time : 1484014897 ;
type : event ;
event : VIEW ;
tousername : gh_b1f7fee0dba6 ;
fromusername : oRPPWvoID-0bqVD_vjHhgc73Tg5k ;
createtime : 1484014897 ;
msgtype : event ;
eventkey : http://a233.sdsfshop.com/app/index.php?i=65&c=entry&eid=851 ;
menuid : 434345128 ;

2017-01-10 10:21:37 params :
------------
Array:
message : Array ;
module : basic ;
rule : 171 ;
priority : 0 ;
keyword : Array ;

2017-01-10 10:21:37 response :
------------
Array:
FromUserName : gh_b1f7fee0dba6 ;
ToUserName : oRPPWvoID-0bqVD_vjHhgc73Tg5k ;
MsgType : text ;
Content : 欢迎关注 保芝蓝 门店！ ;

2017-01-10 10:22:11 trace :
------------
Array:
from : oRPPWvoID-0bqVD_vjHhgc73Tg5k ;
to : gh_b1f7fee0dba6 ;
time : 1484014931 ;
type : event ;
event : VIEW ;
tousername : gh_b1f7fee0dba6 ;
fromusername : oRPPWvoID-0bqVD_vjHhgc73Tg5k ;
createtime : 1484014931 ;
msgtype : event ;
eventkey : http://a233.sdsfshop.com/app/index.php?i=65&c=entry&eid=851 ;
menuid : 434345128 ;

2017-01-10 10:22:11 params :
------------
Array:
message : Array ;
module : basic ;
rule : 171 ;
priority : 0 ;
keyword : Array ;

2017-01-10 10:22:11 response :
------------
Array:
FromUserName : gh_b1f7fee0dba6 ;
ToUserName : oRPPWvoID-0bqVD_vjHhgc73Tg5k ;
MsgType : text ;
Content : 欢迎关注 保芝蓝 门店！ ;

2017-01-10 10:24:32 trace :
------------
Array:
from : oRPPWvps_LCf2grvL8ZPDP2AdozQ ;
to : gh_b1f7fee0dba6 ;
time : 1484015072 ;
type : event ;
event : VIEW ;
tousername : gh_b1f7fee0dba6 ;
fromusername : oRPPWvps_LCf2grvL8ZPDP2AdozQ ;
createtime : 1484015072 ;
msgtype : event ;
eventkey : http://a233.sdsfshop.com/app/index.php?i=65&c=entry&eid=851 ;
menuid : 434345128 ;

2017-01-10 10:24:32 params :
------------
Array:
message : Array ;
module : basic ;
rule : 171 ;
priority : 0 ;
keyword : Array ;

2017-01-10 10:24:32 response :
------------
Array:
FromUserName : gh_b1f7fee0dba6 ;
ToUserName : oRPPWvps_LCf2grvL8ZPDP2AdozQ ;
MsgType : text ;
Content : 欢迎关注 保芝蓝 门店！ ;

2017-01-10 10:25:29 trace :
------------
Array:
from : oRPPWvoID-0bqVD_vjHhgc73Tg5k ;
to : gh_b1f7fee0dba6 ;
time : 1484015128 ;
type : text ;
event :  ;
tousername : gh_b1f7fee0dba6 ;
fromusername : oRPPWvoID-0bqVD_vjHhgc73Tg5k ;
createtime : 1484015128 ;
msgtype : text ;
content : http://a233.sdsfshop.com/app/index.php?i=65&c=entry&do=mine&m=we7_wmall ;
msgid : 6373796441963656614 ;
redirection :  ;
source :  ;

2017-01-10 10:25:29 params :
------------
Array:
message : Array ;
module : basic ;
rule : 171 ;
priority : 0 ;
keyword : Array ;

2017-01-10 10:25:29 response :
------------
Array:
FromUserName : gh_b1f7fee0dba6 ;
ToUserName : oRPPWvoID-0bqVD_vjHhgc73Tg5k ;
MsgType : text ;
Content : 欢迎关注 保芝蓝 门店！ ;

2017-01-10 10:27:17 trace :
------------
Array:
from : oRPPWvps_LCf2grvL8ZPDP2AdozQ ;
to : gh_b1f7fee0dba6 ;
time : 1484015237 ;
type : event ;
event : VIEW ;
tousername : gh_b1f7fee0dba6 ;
fromusername : oRPPWvps_LCf2grvL8ZPDP2AdozQ ;
createtime : 1484015237 ;
msgtype : event ;
eventkey : http://a233.sdsfshop.com/app/index.php?i=65&c=entry&do=mine&m=we7_wmall ;
menuid : 434402732 ;

2017-01-10 10:27:17 params :
------------
Array:
message : Array ;
module : basic ;
rule : 171 ;
priority : 0 ;
keyword : Array ;

2017-01-10 10:27:17 response :
------------
Array:
FromUserName : gh_b1f7fee0dba6 ;
ToUserName : oRPPWvps_LCf2grvL8ZPDP2AdozQ ;
MsgType : text ;
Content : 欢迎关注 保芝蓝 门店！ ;

2017-01-10 10:27:48 trace :
------------
Array:
from : oRPPWvps_LCf2grvL8ZPDP2AdozQ ;
to : gh_b1f7fee0dba6 ;
time : 1484015268 ;
type : event ;
event : VIEW ;
tousername : gh_b1f7fee0dba6 ;
fromusername : oRPPWvps_LCf2grvL8ZPDP2AdozQ ;
createtime : 1484015268 ;
msgtype : event ;
eventkey : http://a233.sdsfshop.com/app/index.php?i=65&c=entry&eid=851 ;
menuid : 434402732 ;

2017-01-10 10:27:48 params :
------------
Array:
message : Array ;
module : basic ;
rule : 171 ;
priority : 0 ;
keyword : Array ;

2017-01-10 10:27:48 response :
------------
Array:
FromUserName : gh_b1f7fee0dba6 ;
ToUserName : oRPPWvps_LCf2grvL8ZPDP2AdozQ ;
MsgType : text ;
Content : 欢迎关注 保芝蓝 门店！ ;

2017-01-10 10:27:52 trace :
------------
Array:
from : oRPPWvps_LCf2grvL8ZPDP2AdozQ ;
to : gh_b1f7fee0dba6 ;
time : 1484015272 ;
type : event ;
event : VIEW ;
tousername : gh_b1f7fee0dba6 ;
fromusername : oRPPWvps_LCf2grvL8ZPDP2AdozQ ;
createtime : 1484015272 ;
msgtype : event ;
eventkey : http://a233.sdsfshop.com/app/index.php?i=65&c=entry&do=mine&m=we7_wmall ;
menuid : 434402732 ;

2017-01-10 10:27:52 params :
------------
Array:
message : Array ;
module : basic ;
rule : 171 ;
priority : 0 ;
keyword : Array ;

2017-01-10 10:27:52 response :
------------
Array:
FromUserName : gh_b1f7fee0dba6 ;
ToUserName : oRPPWvps_LCf2grvL8ZPDP2AdozQ ;
MsgType : text ;
Content : 欢迎关注 保芝蓝 门店！ ;

2017-01-10 10:28:31 trace :
------------
Array:
from : oRPPWvps_LCf2grvL8ZPDP2AdozQ ;
to : gh_b1f7fee0dba6 ;
time : 1484015311 ;
type : event ;
event : VIEW ;
tousername : gh_b1f7fee0dba6 ;
fromusername : oRPPWvps_LCf2grvL8ZPDP2AdozQ ;
createtime : 1484015311 ;
msgtype : event ;
eventkey : http://a233.sdsfshop.com/app/index.php?i=65&c=entry&do=mine&m=we7_wmall ;
menuid : 434402732 ;

2017-01-10 10:28:31 params :
------------
Array:
message : Array ;
module : basic ;
rule : 171 ;
priority : 0 ;
keyword : Array ;

2017-01-10 10:28:31 response :
------------
Array:
FromUserName : gh_b1f7fee0dba6 ;
ToUserName : oRPPWvps_LCf2grvL8ZPDP2AdozQ ;
MsgType : text ;
Content : 欢迎关注 保芝蓝 门店！ ;

2017-01-10 14:07:40 trace :
------------
Array:
from : oRPPWvnQxxzL_iFPum239lMwrFcA ;
to : gh_b1f7fee0dba6 ;
time : 1484028460 ;
type : event ;
event : VIEW ;
tousername : gh_b1f7fee0dba6 ;
fromusername : oRPPWvnQxxzL_iFPum239lMwrFcA ;
createtime : 1484028460 ;
msgtype : event ;
eventkey : http://a233.sdsfshop.com/app/index.php?i=65&c=entry&eid=851 ;
menuid : 434402732 ;

2017-01-10 14:07:40 params :
------------
Array:
message : Array ;
module : basic ;
rule : 171 ;
priority : 0 ;
keyword : Array ;

2017-01-10 14:07:40 response :
------------
Array:
FromUserName : gh_b1f7fee0dba6 ;
ToUserName : oRPPWvnQxxzL_iFPum239lMwrFcA ;
MsgType : text ;
Content : 欢迎关注 保芝蓝 门店！ ;

2017-01-10 19:01:32 trace :
------------
Array:
from : oRPPWvrSC3UFyuut-_lchlxXwvVs ;
to : gh_b1f7fee0dba6 ;
time : 1484046092 ;
type : event ;
event : VIEW ;
tousername : gh_b1f7fee0dba6 ;
fromusername : oRPPWvrSC3UFyuut-_lchlxXwvVs ;
createtime : 1484046092 ;
msgtype : event ;
eventkey : http://a233.sdsfshop.com/app/index.php?i=65&c=entry&do=mine&m=we7_wmall ;
menuid : 434402732 ;

2017-01-10 19:01:33 params :
------------
Array:
message : Array ;
module : basic ;
rule : 171 ;
priority : 0 ;
keyword : Array ;

2017-01-10 19:01:33 response :
------------
Array:
FromUserName : gh_b1f7fee0dba6 ;
ToUserName : oRPPWvrSC3UFyuut-_lchlxXwvVs ;
MsgType : text ;
Content : 欢迎关注 保芝蓝 门店！ ;

