2017-01-03 00:17:40 trace :
------------
Array:
from : oRPPWvps_LCf2grvL8ZPDP2AdozQ ;
to : gh_b1f7fee0dba6 ;
time : 1483287464 ;
type : event ;
event : VIEW ;
tousername : gh_b1f7fee0dba6 ;
fromusername : oRPPWvps_LCf2grvL8ZPDP2AdozQ ;
createtime : 1483287464 ;
msgtype : event ;
eventkey : http://a233.sdsfshop.com/app/index.php?i=65&c=entry&do=guide&m=we7_wmall ;
menuid : 434275792 ;

2017-01-03 00:17:40 params :
------------
Array:
rule : -2 ;
module :  ;
message : Array ;

2017-01-03 00:17:40 response :
------------

2017-01-03 00:18:06 trace :
------------
Array:
from : oRPPWvps_LCf2grvL8ZPDP2AdozQ ;
to : gh_b1f7fee0dba6 ;
time : 1483287491 ;
type : event ;
event : VIEW ;
tousername : gh_b1f7fee0dba6 ;
fromusername : oRPPWvps_LCf2grvL8ZPDP2AdozQ ;
createtime : 1483287491 ;
msgtype : event ;
eventkey : http://a233.sdsfshop.com/app/index.php?i=65&c=entry&do=guide&m=we7_wmall ;
menuid : 434275792 ;

2017-01-03 00:18:06 params :
------------
Array:
rule : -2 ;
module :  ;
message : Array ;

2017-01-03 00:18:06 response :
------------

2017-01-03 00:22:57 trace :
------------
Array:
from : oRPPWvps_LCf2grvL8ZPDP2AdozQ ;
to : gh_b1f7fee0dba6 ;
time : 1483287782 ;
type : event ;
event : VIEW ;
tousername : gh_b1f7fee0dba6 ;
fromusername : oRPPWvps_LCf2grvL8ZPDP2AdozQ ;
createtime : 1483287782 ;
msgtype : event ;
eventkey : http://a233.sdsfshop.com/app/index.php?i=65&c=entry&do=guide&m=we7_wmall ;
menuid : 434275792 ;

2017-01-03 00:22:57 params :
------------
Array:
rule : -2 ;
module :  ;
message : Array ;

2017-01-03 00:22:57 response :
------------

2017-01-03 11:09:07 trace :
------------
Array:
from : oRPPWvps_LCf2grvL8ZPDP2AdozQ ;
to : gh_b1f7fee0dba6 ;
time : 1483326552 ;
type : event ;
event : VIEW ;
tousername : gh_b1f7fee0dba6 ;
fromusername : oRPPWvps_LCf2grvL8ZPDP2AdozQ ;
createtime : 1483326552 ;
msgtype : event ;
eventkey : http://a233.sdsfshop.com/app/index.php?i=65&c=entry&do=guide&m=we7_wmall ;
menuid : 434275792 ;

2017-01-03 11:09:07 params :
------------
Array:
rule : -2 ;
module :  ;
message : Array ;

2017-01-03 11:09:07 response :
------------

2017-01-03 19:29:44 trace :
------------
Array:
from : oRPPWvps_LCf2grvL8ZPDP2AdozQ ;
to : gh_b1f7fee0dba6 ;
time : 1483356588 ;
type : event ;
event : VIEW ;
tousername : gh_b1f7fee0dba6 ;
fromusername : oRPPWvps_LCf2grvL8ZPDP2AdozQ ;
createtime : 1483356588 ;
msgtype : event ;
eventkey : http://a233.sdsfshop.com/app/index.php?i=65&c=entry&do=guide&m=we7_wmall ;
menuid : 434275792 ;

2017-01-03 19:29:44 params :
------------
Array:
rule : -2 ;
module :  ;
message : Array ;

2017-01-03 19:29:44 response :
------------

2017-01-03 19:30:25 trace :
------------
Array:
from : oRPPWvps_LCf2grvL8ZPDP2AdozQ ;
to : gh_b1f7fee0dba6 ;
time : 1483356630 ;
type : event ;
event : VIEW ;
tousername : gh_b1f7fee0dba6 ;
fromusername : oRPPWvps_LCf2grvL8ZPDP2AdozQ ;
createtime : 1483356630 ;
msgtype : event ;
eventkey : http://a233.sdsfshop.com/app/index.php?i=65&c=entry&do=guide&m=we7_wmall ;
menuid : 434275792 ;

2017-01-03 19:30:25 params :
------------
Array:
rule : -2 ;
module :  ;
message : Array ;

2017-01-03 19:30:25 response :
------------

2017-01-03 21:19:39 trace :
------------
Array:
from : oRPPWvs3Ek-fXoXFgdKd-WHTTYPc ;
to : gh_b1f7fee0dba6 ;
time : 1483363184 ;
type : event ;
event : VIEW ;
tousername : gh_b1f7fee0dba6 ;
fromusername : oRPPWvs3Ek-fXoXFgdKd-WHTTYPc ;
createtime : 1483363184 ;
msgtype : event ;
eventkey : http://a233.sdsfshop.com/app/index.php?i=65&c=entry&do=guide&m=we7_wmall ;
menuid : 434275792 ;

2017-01-03 21:19:39 params :
------------
Array:
rule : -2 ;
module :  ;
message : Array ;

2017-01-03 21:19:39 response :
------------

2017-01-03 22:33:52 trace :
------------
Array:
from : oRPPWvsEYkv5vSuZHt3hfkLs_a-8 ;
to : gh_b1f7fee0dba6 ;
time : 1483367637 ;
type : event ;
event : VIEW ;
tousername : gh_b1f7fee0dba6 ;
fromusername : oRPPWvsEYkv5vSuZHt3hfkLs_a-8 ;
createtime : 1483367637 ;
msgtype : event ;
eventkey : http://a233.sdsfshop.com/app/index.php?i=65&c=entry&do=guide&m=we7_wmall ;
menuid : 434275792 ;

2017-01-03 22:33:52 params :
------------
Array:
rule : -2 ;
module :  ;
message : Array ;

2017-01-03 22:33:52 response :
------------

2017-01-03 08:40:15 trace :
------------
Array:
from : oRPPWvu8-dc282E4b7sXV50E_sxU ;
to : gh_b1f7fee0dba6 ;
time : 1483404021 ;
type : text ;
event :  ;
tousername : gh_b1f7fee0dba6 ;
fromusername : oRPPWvu8-dc282E4b7sXV50E_sxU ;
createtime : 1483404021 ;
msgtype : text ;
content : /:8-) ;
msgid : 6371171757384220151 ;
redirection :  ;
source :  ;

2017-01-03 08:40:15 params :
------------
Array:
rule : -2 ;
module :  ;
message : Array ;

2017-01-03 08:40:15 response :
------------

2017-01-03 08:47:04 trace :
------------
Array:
from : oRPPWvps_LCf2grvL8ZPDP2AdozQ ;
to : gh_b1f7fee0dba6 ;
time : 1483404426 ;
type : event ;
event : VIEW ;
tousername : gh_b1f7fee0dba6 ;
fromusername : oRPPWvps_LCf2grvL8ZPDP2AdozQ ;
createtime : 1483404426 ;
msgtype : event ;
eventkey : http://a233.sdsfshop.com/app/index.php?i=65&c=entry&do=guide&m=we7_wmall ;
menuid : 434275792 ;

2017-01-03 08:47:04 params :
------------
Array:
message : Array ;
module : chats ;
rule :  ;
priority : 255 ;
context : 1 ;

2017-01-03 08:47:04 response :
------------
Array:
errno : -1 ;
message : Invaild value ;

2017-01-03 09:00:09 trace :
------------
Array:
from : oRPPWvps_LCf2grvL8ZPDP2AdozQ ;
to : gh_b1f7fee0dba6 ;
time : 1483405209 ;
type : event ;
event : VIEW ;
tousername : gh_b1f7fee0dba6 ;
fromusername : oRPPWvps_LCf2grvL8ZPDP2AdozQ ;
createtime : 1483405209 ;
msgtype : event ;
eventkey : http://a233.sdsfshop.com/app/index.php?i=65&c=entry&do=guide&m=we7_wmall ;
menuid : 434275792 ;

2017-01-03 09:00:09 params :
------------
Array:
rule : -2 ;
module :  ;
message : Array ;

2017-01-03 09:00:09 response :
------------

2017-01-03 15:04:32 trace :
------------
Array:
from : oRPPWvps_LCf2grvL8ZPDP2AdozQ ;
to : gh_b1f7fee0dba6 ;
time : 1483427071 ;
type : event ;
event : VIEW ;
tousername : gh_b1f7fee0dba6 ;
fromusername : oRPPWvps_LCf2grvL8ZPDP2AdozQ ;
createtime : 1483427071 ;
msgtype : event ;
eventkey : http://a233.sdsfshop.com/app/index.php?i=65&c=entry&do=guide&m=we7_wmall ;
menuid : 434275792 ;

2017-01-03 15:04:32 params :
------------
Array:
rule : -2 ;
module :  ;
message : Array ;

2017-01-03 15:04:32 response :
------------

2017-01-03 15:04:56 trace :
------------
Array:
from : oRPPWvps_LCf2grvL8ZPDP2AdozQ ;
to : gh_b1f7fee0dba6 ;
time : 1483427095 ;
type : event ;
event : VIEW ;
tousername : gh_b1f7fee0dba6 ;
fromusername : oRPPWvps_LCf2grvL8ZPDP2AdozQ ;
createtime : 1483427095 ;
msgtype : event ;
eventkey : http://a233.sdsfshop.com/app/index.php?i=65&c=entry&do=guide&m=we7_wmall ;
menuid : 434275792 ;

2017-01-03 15:04:56 params :
------------
Array:
rule : -2 ;
module :  ;
message : Array ;

2017-01-03 15:04:56 response :
------------

2017-01-03 15:05:30 trace :
------------
Array:
from : oRPPWvps_LCf2grvL8ZPDP2AdozQ ;
to : gh_b1f7fee0dba6 ;
time : 1483427129 ;
type : event ;
event : VIEW ;
tousername : gh_b1f7fee0dba6 ;
fromusername : oRPPWvps_LCf2grvL8ZPDP2AdozQ ;
createtime : 1483427129 ;
msgtype : event ;
eventkey : http://a233.sdsfshop.com/app/index.php?i=65&c=entry&do=guide&m=we7_wmall ;
menuid : 434275792 ;

2017-01-03 15:05:30 params :
------------
Array:
rule : -2 ;
module :  ;
message : Array ;

2017-01-03 15:05:30 response :
------------

2017-01-03 15:06:05 trace :
------------
Array:
from : oRPPWvps_LCf2grvL8ZPDP2AdozQ ;
to : gh_b1f7fee0dba6 ;
time : 1483427164 ;
type : event ;
event : VIEW ;
tousername : gh_b1f7fee0dba6 ;
fromusername : oRPPWvps_LCf2grvL8ZPDP2AdozQ ;
createtime : 1483427164 ;
msgtype : event ;
eventkey : http://a233.sdsfshop.com/app/index.php?i=65&c=entry&do=guide&m=we7_wmall ;
menuid : 434275792 ;

2017-01-03 15:06:05 params :
------------
Array:
rule : -2 ;
module :  ;
message : Array ;

2017-01-03 15:06:05 response :
------------

2017-01-03 15:06:19 trace :
------------
Array:
from : oRPPWvps_LCf2grvL8ZPDP2AdozQ ;
to : gh_b1f7fee0dba6 ;
time : 1483427178 ;
type : event ;
event : VIEW ;
tousername : gh_b1f7fee0dba6 ;
fromusername : oRPPWvps_LCf2grvL8ZPDP2AdozQ ;
createtime : 1483427178 ;
msgtype : event ;
eventkey : http://a233.sdsfshop.com/app/index.php?i=65&c=entry&do=guide&m=we7_wmall ;
menuid : 434275792 ;

2017-01-03 15:06:19 params :
------------
Array:
rule : -2 ;
module :  ;
message : Array ;

2017-01-03 15:06:19 response :
------------

2017-01-03 17:21:18 trace :
------------
Array:
from : oRPPWvps_LCf2grvL8ZPDP2AdozQ ;
to : gh_b1f7fee0dba6 ;
time : 1483435277 ;
type : event ;
event : VIEW ;
tousername : gh_b1f7fee0dba6 ;
fromusername : oRPPWvps_LCf2grvL8ZPDP2AdozQ ;
createtime : 1483435277 ;
msgtype : event ;
eventkey : http://a233.sdsfshop.com/app/index.php?i=65&c=entry&do=guide&m=we7_wmall ;
menuid : 434275792 ;

2017-01-03 17:21:18 params :
------------
Array:
rule : -2 ;
module :  ;
message : Array ;

2017-01-03 17:21:18 response :
------------

2017-01-03 17:22:29 trace :
------------
Array:
from : oRPPWvps_LCf2grvL8ZPDP2AdozQ ;
to : gh_b1f7fee0dba6 ;
time : 1483435348 ;
type : event ;
event : VIEW ;
tousername : gh_b1f7fee0dba6 ;
fromusername : oRPPWvps_LCf2grvL8ZPDP2AdozQ ;
createtime : 1483435348 ;
msgtype : event ;
eventkey : http://a233.sdsfshop.com/app/index.php?i=65&c=entry&do=guide&m=we7_wmall ;
menuid : 434275792 ;

2017-01-03 17:22:29 params :
------------
Array:
rule : -2 ;
module :  ;
message : Array ;

2017-01-03 17:22:29 response :
------------

2017-01-03 17:23:01 trace :
------------
Array:
from : oRPPWvps_LCf2grvL8ZPDP2AdozQ ;
to : gh_b1f7fee0dba6 ;
time : 1483435380 ;
type : event ;
event : VIEW ;
tousername : gh_b1f7fee0dba6 ;
fromusername : oRPPWvps_LCf2grvL8ZPDP2AdozQ ;
createtime : 1483435380 ;
msgtype : event ;
eventkey : http://a233.sdsfshop.com/app/index.php?i=65&c=entry&do=guide&m=we7_wmall ;
menuid : 434275792 ;

2017-01-03 17:23:01 params :
------------
Array:
rule : -2 ;
module :  ;
message : Array ;

2017-01-03 17:23:01 response :
------------

2017-01-03 17:25:47 trace :
------------
Array:
from : oRPPWvps_LCf2grvL8ZPDP2AdozQ ;
to : gh_b1f7fee0dba6 ;
time : 1483435547 ;
type : event ;
event : VIEW ;
tousername : gh_b1f7fee0dba6 ;
fromusername : oRPPWvps_LCf2grvL8ZPDP2AdozQ ;
createtime : 1483435547 ;
msgtype : event ;
eventkey : http://a233.sdsfshop.com/app/index.php?i=65&c=entry&do=guide&m=we7_wmall ;
menuid : 434275792 ;

2017-01-03 17:25:47 params :
------------
Array:
rule : -2 ;
module :  ;
message : Array ;

2017-01-03 17:25:47 response :
------------

2017-01-03 17:27:36 trace :
------------
Array:
from : oRPPWvps_LCf2grvL8ZPDP2AdozQ ;
to : gh_b1f7fee0dba6 ;
time : 1483435655 ;
type : event ;
event : VIEW ;
tousername : gh_b1f7fee0dba6 ;
fromusername : oRPPWvps_LCf2grvL8ZPDP2AdozQ ;
createtime : 1483435655 ;
msgtype : event ;
eventkey : http://a233.sdsfshop.com/app/index.php?i=65&c=entry&do=guide&m=we7_wmall ;
menuid : 434275792 ;

2017-01-03 17:27:36 params :
------------
Array:
rule : -2 ;
module :  ;
message : Array ;

2017-01-03 17:27:36 response :
------------

2017-01-03 17:28:17 trace :
------------
Array:
from : oRPPWvps_LCf2grvL8ZPDP2AdozQ ;
to : gh_b1f7fee0dba6 ;
time : 1483435697 ;
type : event ;
event : VIEW ;
tousername : gh_b1f7fee0dba6 ;
fromusername : oRPPWvps_LCf2grvL8ZPDP2AdozQ ;
createtime : 1483435697 ;
msgtype : event ;
eventkey : http://a233.sdsfshop.com/app/index.php?i=65&c=entry&do=guide&m=we7_wmall ;
menuid : 434275792 ;

2017-01-03 17:28:17 params :
------------
Array:
rule : -2 ;
module :  ;
message : Array ;

2017-01-03 17:28:17 response :
------------

2017-01-03 17:29:04 trace :
------------
Array:
from : oRPPWvps_LCf2grvL8ZPDP2AdozQ ;
to : gh_b1f7fee0dba6 ;
time : 1483435743 ;
type : event ;
event : VIEW ;
tousername : gh_b1f7fee0dba6 ;
fromusername : oRPPWvps_LCf2grvL8ZPDP2AdozQ ;
createtime : 1483435743 ;
msgtype : event ;
eventkey : http://a233.sdsfshop.com/app/index.php?i=65&c=entry&do=guide&m=we7_wmall ;
menuid : 434275792 ;

2017-01-03 17:29:04 params :
------------
Array:
rule : -2 ;
module :  ;
message : Array ;

2017-01-03 17:29:04 response :
------------

2017-01-03 17:29:15 trace :
------------
Array:
from : oRPPWvps_LCf2grvL8ZPDP2AdozQ ;
to : gh_b1f7fee0dba6 ;
time : 1483435754 ;
type : event ;
event : VIEW ;
tousername : gh_b1f7fee0dba6 ;
fromusername : oRPPWvps_LCf2grvL8ZPDP2AdozQ ;
createtime : 1483435754 ;
msgtype : event ;
eventkey : http://a233.sdsfshop.com/app/index.php?i=65&c=entry&do=guide&m=we7_wmall ;
menuid : 434275792 ;

2017-01-03 17:29:15 params :
------------
Array:
rule : -2 ;
module :  ;
message : Array ;

2017-01-03 17:29:15 response :
------------

2017-01-03 17:30:44 trace :
------------
Array:
from : oRPPWvps_LCf2grvL8ZPDP2AdozQ ;
to : gh_b1f7fee0dba6 ;
time : 1483435844 ;
type : event ;
event : VIEW ;
tousername : gh_b1f7fee0dba6 ;
fromusername : oRPPWvps_LCf2grvL8ZPDP2AdozQ ;
createtime : 1483435844 ;
msgtype : event ;
eventkey : http://a233.sdsfshop.com/app/index.php?i=65&c=entry&do=guide&m=we7_wmall ;
menuid : 434275792 ;

2017-01-03 17:30:44 params :
------------
Array:
rule : -2 ;
module :  ;
message : Array ;

2017-01-03 17:30:44 response :
------------

2017-01-03 17:33:03 trace :
------------
Array:
from : oRPPWvps_LCf2grvL8ZPDP2AdozQ ;
to : gh_b1f7fee0dba6 ;
time : 1483435983 ;
type : event ;
event : VIEW ;
tousername : gh_b1f7fee0dba6 ;
fromusername : oRPPWvps_LCf2grvL8ZPDP2AdozQ ;
createtime : 1483435983 ;
msgtype : event ;
eventkey : http://a233.sdsfshop.com/app/index.php?i=65&c=entry&do=guide&m=we7_wmall ;
menuid : 434275792 ;

2017-01-03 17:33:03 params :
------------
Array:
rule : -2 ;
module :  ;
message : Array ;

2017-01-03 17:33:03 response :
------------

2017-01-03 17:36:44 trace :
------------
Array:
from : oRPPWvps_LCf2grvL8ZPDP2AdozQ ;
to : gh_b1f7fee0dba6 ;
time : 1483436203 ;
type : event ;
event : VIEW ;
tousername : gh_b1f7fee0dba6 ;
fromusername : oRPPWvps_LCf2grvL8ZPDP2AdozQ ;
createtime : 1483436203 ;
msgtype : event ;
eventkey : http://a233.sdsfshop.com/app/index.php?i=65&c=entry&do=guide&m=we7_wmall ;
menuid : 434275792 ;

2017-01-03 17:36:44 params :
------------
Array:
rule : -2 ;
module :  ;
message : Array ;

2017-01-03 17:36:44 response :
------------

2017-01-03 17:37:05 trace :
------------
Array:
from : oRPPWvps_LCf2grvL8ZPDP2AdozQ ;
to : gh_b1f7fee0dba6 ;
time : 1483436225 ;
type : event ;
event : VIEW ;
tousername : gh_b1f7fee0dba6 ;
fromusername : oRPPWvps_LCf2grvL8ZPDP2AdozQ ;
createtime : 1483436225 ;
msgtype : event ;
eventkey : http://a233.sdsfshop.com/app/index.php?i=65&c=entry&do=guide&m=we7_wmall ;
menuid : 434275792 ;

2017-01-03 17:37:05 params :
------------
Array:
rule : -2 ;
module :  ;
message : Array ;

2017-01-03 17:37:05 response :
------------

2017-01-03 17:38:09 trace :
------------
Array:
from : oRPPWvps_LCf2grvL8ZPDP2AdozQ ;
to : gh_b1f7fee0dba6 ;
time : 1483436289 ;
type : event ;
event : VIEW ;
tousername : gh_b1f7fee0dba6 ;
fromusername : oRPPWvps_LCf2grvL8ZPDP2AdozQ ;
createtime : 1483436289 ;
msgtype : event ;
eventkey : http://a233.sdsfshop.com/app/index.php?i=65&c=entry&do=guide&m=we7_wmall ;
menuid : 434275792 ;

2017-01-03 17:38:09 params :
------------
Array:
rule : -2 ;
module :  ;
message : Array ;

2017-01-03 17:38:09 response :
------------

2017-01-03 21:14:23 trace :
------------
Array:
from : oRPPWvps_LCf2grvL8ZPDP2AdozQ ;
to : gh_b1f7fee0dba6 ;
time : 1483449263 ;
type : event ;
event : VIEW ;
tousername : gh_b1f7fee0dba6 ;
fromusername : oRPPWvps_LCf2grvL8ZPDP2AdozQ ;
createtime : 1483449263 ;
msgtype : event ;
eventkey : http://a233.sdsfshop.com/app/index.php?i=65&c=entry&do=guide&m=we7_wmall ;
menuid : 434275792 ;

2017-01-03 21:14:23 params :
------------
Array:
rule : -2 ;
module :  ;
message : Array ;

2017-01-03 21:14:23 response :
------------

2017-01-03 21:15:16 trace :
------------
Array:
from : oRPPWvps_LCf2grvL8ZPDP2AdozQ ;
to : gh_b1f7fee0dba6 ;
time : 1483449316 ;
type : event ;
event : VIEW ;
tousername : gh_b1f7fee0dba6 ;
fromusername : oRPPWvps_LCf2grvL8ZPDP2AdozQ ;
createtime : 1483449316 ;
msgtype : event ;
eventkey : http://a233.sdsfshop.com/app/index.php?i=65&c=entry&do=guide&m=we7_wmall ;
menuid : 434275792 ;

2017-01-03 21:15:16 params :
------------
Array:
rule : -2 ;
module :  ;
message : Array ;

2017-01-03 21:15:16 response :
------------

2017-01-03 22:30:34 trace :
------------
Array:
from : oRPPWvps_LCf2grvL8ZPDP2AdozQ ;
to : gh_b1f7fee0dba6 ;
time : 1483453833 ;
type : event ;
event : VIEW ;
tousername : gh_b1f7fee0dba6 ;
fromusername : oRPPWvps_LCf2grvL8ZPDP2AdozQ ;
createtime : 1483453833 ;
msgtype : event ;
eventkey : http://a233.sdsfshop.com/app/index.php?i=65&c=entry&do=guide&m=we7_wmall ;
menuid : 434275792 ;

2017-01-03 22:30:34 params :
------------
Array:
rule : -2 ;
module :  ;
message : Array ;

2017-01-03 22:30:34 response :
------------

