2017-07-28 13:25:46 trace :
------------
Array:
from : oKmKPxDXk3aEiLWINN8vYJepCLyE ;
to : gh_e86b5de80d72 ;
time : 1501219545 ;
type : event ;
event : TEMPLATESENDJOBFINISH ;
tousername : gh_e86b5de80d72 ;
fromusername : oKmKPxDXk3aEiLWINN8vYJepCLyE ;
createtime : 1501219545 ;
msgtype : event ;
msgid : 602081141 ;
status : success ;

2017-07-28 13:25:46 params :
------------
Array:
message : Array ;
module : basic ;
rule : 171 ;
priority : 0 ;
keyword : Array ;

2017-07-28 13:25:46 response :
------------
Array:
FromUserName : gh_e86b5de80d72 ;
ToUserName : oKmKPxDXk3aEiLWINN8vYJepCLyE ;
MsgType : text ;
Content : 欢迎关注丰媒！/:rose/:rose

丰媒已经开通的深圳配送区： 
民治南景新村，民治樟坑一区，民治沙吓社区（14:00前下单，当天配送到社区合作点门口）

产地源头鲜果直摘配送，丰媒让您足不出户就能享受到全国各地丰富有营养的、特色的时令水果 ;

2017-07-28 13:43:04 trace :
------------
Array:
from : oKmKPxKBnGN-iFbQdoJbzAjbZ4Fc ;
to : gh_e86b5de80d72 ;
time : 1501220584 ;
type : event ;
event : VIEW ;
tousername : gh_e86b5de80d72 ;
fromusername : oKmKPxKBnGN-iFbQdoJbzAjbZ4Fc ;
createtime : 1501220584 ;
msgtype : event ;
eventkey : http://www.richmei.com/app/index.php?i=65&c=entry&eid=838 ;
menuid : 601494847 ;

2017-07-28 13:43:04 params :
------------
Array:
message : Array ;
module : basic ;
rule : 171 ;
priority : 0 ;
keyword : Array ;

2017-07-28 13:43:04 response :
------------
Array:
FromUserName : gh_e86b5de80d72 ;
ToUserName : oKmKPxKBnGN-iFbQdoJbzAjbZ4Fc ;
MsgType : text ;
Content : 欢迎关注丰媒！/:rose/:rose

丰媒已经开通的深圳配送区： 
民治南景新村，民治樟坑一区，民治沙吓社区（14:00前下单，当天配送到社区合作点门口）

产地源头鲜果直摘配送，丰媒让您足不出户就能享受到全国各地丰富有营养的、特色的时令水果 ;

2017-07-28 13:58:48 trace :
------------
Array:
from : oKmKPxDXk3aEiLWINN8vYJepCLyE ;
to : gh_e86b5de80d72 ;
time : 1501221527 ;
type : event ;
event : TEMPLATESENDJOBFINISH ;
tousername : gh_e86b5de80d72 ;
fromusername : oKmKPxDXk3aEiLWINN8vYJepCLyE ;
createtime : 1501221527 ;
msgtype : event ;
msgid : 602082361 ;
status : success ;

2017-07-28 13:58:48 params :
------------
Array:
message : Array ;
module : basic ;
rule : 171 ;
priority : 0 ;
keyword : Array ;

2017-07-28 13:58:48 response :
------------
Array:
FromUserName : gh_e86b5de80d72 ;
ToUserName : oKmKPxDXk3aEiLWINN8vYJepCLyE ;
MsgType : text ;
Content : 欢迎关注丰媒！/:rose/:rose

丰媒已经开通的深圳配送区： 
民治南景新村，民治樟坑一区，民治沙吓社区（14:00前下单，当天配送到社区合作点门口）

产地源头鲜果直摘配送，丰媒让您足不出户就能享受到全国各地丰富有营养的、特色的时令水果 ;

2017-07-28 14:43:53 trace :
------------
Array:
from : oKmKPxDXk3aEiLWINN8vYJepCLyE ;
to : gh_e86b5de80d72 ;
time : 1501224232 ;
type : event ;
event : TEMPLATESENDJOBFINISH ;
tousername : gh_e86b5de80d72 ;
fromusername : oKmKPxDXk3aEiLWINN8vYJepCLyE ;
createtime : 1501224232 ;
msgtype : event ;
msgid : 602084075 ;
status : success ;

2017-07-28 14:43:53 params :
------------
Array:
message : Array ;
module : basic ;
rule : 171 ;
priority : 0 ;
keyword : Array ;

2017-07-28 14:43:53 response :
------------
Array:
FromUserName : gh_e86b5de80d72 ;
ToUserName : oKmKPxDXk3aEiLWINN8vYJepCLyE ;
MsgType : text ;
Content : 欢迎关注丰媒！/:rose/:rose

丰媒已经开通的深圳配送区： 
民治南景新村，民治樟坑一区，民治沙吓社区（14:00前下单，当天配送到社区合作点门口）

产地源头鲜果直摘配送，丰媒让您足不出户就能享受到全国各地丰富有营养的、特色的时令水果 ;

2017-07-28 14:45:21 trace :
------------
Array:
from : oKmKPxDXk3aEiLWINN8vYJepCLyE ;
to : gh_e86b5de80d72 ;
time : 1501224321 ;
type : event ;
event : TEMPLATESENDJOBFINISH ;
tousername : gh_e86b5de80d72 ;
fromusername : oKmKPxDXk3aEiLWINN8vYJepCLyE ;
createtime : 1501224321 ;
msgtype : event ;
msgid : 602084119 ;
status : success ;

2017-07-28 14:45:21 params :
------------
Array:
message : Array ;
module : basic ;
rule : 171 ;
priority : 0 ;
keyword : Array ;

2017-07-28 14:45:21 response :
------------
Array:
FromUserName : gh_e86b5de80d72 ;
ToUserName : oKmKPxDXk3aEiLWINN8vYJepCLyE ;
MsgType : text ;
Content : 欢迎关注丰媒！/:rose/:rose

丰媒已经开通的深圳配送区： 
民治南景新村，民治樟坑一区，民治沙吓社区（14:00前下单，当天配送到社区合作点门口）

产地源头鲜果直摘配送，丰媒让您足不出户就能享受到全国各地丰富有营养的、特色的时令水果 ;

2017-07-28 14:46:33 trace :
------------
Array:
from : oKmKPxDXk3aEiLWINN8vYJepCLyE ;
to : gh_e86b5de80d72 ;
time : 1501224392 ;
type : event ;
event : TEMPLATESENDJOBFINISH ;
tousername : gh_e86b5de80d72 ;
fromusername : oKmKPxDXk3aEiLWINN8vYJepCLyE ;
createtime : 1501224392 ;
msgtype : event ;
msgid : 602084162 ;
status : success ;

2017-07-28 14:46:33 params :
------------
Array:
message : Array ;
module : basic ;
rule : 171 ;
priority : 0 ;
keyword : Array ;

2017-07-28 14:46:33 response :
------------
Array:
FromUserName : gh_e86b5de80d72 ;
ToUserName : oKmKPxDXk3aEiLWINN8vYJepCLyE ;
MsgType : text ;
Content : 欢迎关注丰媒！/:rose/:rose

丰媒已经开通的深圳配送区： 
民治南景新村，民治樟坑一区，民治沙吓社区（14:00前下单，当天配送到社区合作点门口）

产地源头鲜果直摘配送，丰媒让您足不出户就能享受到全国各地丰富有营养的、特色的时令水果 ;

2017-07-28 15:13:00 trace :
------------
Array:
from : oKmKPxKBnGN-iFbQdoJbzAjbZ4Fc ;
to : gh_e86b5de80d72 ;
time : 1501225979 ;
type : event ;
event : VIEW ;
tousername : gh_e86b5de80d72 ;
fromusername : oKmKPxKBnGN-iFbQdoJbzAjbZ4Fc ;
createtime : 1501225979 ;
msgtype : event ;
eventkey : http://www.richmei.com/app/index.php?i=65&c=entry&eid=838 ;
menuid : 601494847 ;

2017-07-28 15:13:00 params :
------------
Array:
message : Array ;
module : basic ;
rule : 171 ;
priority : 0 ;
keyword : Array ;

2017-07-28 15:13:00 response :
------------
Array:
FromUserName : gh_e86b5de80d72 ;
ToUserName : oKmKPxKBnGN-iFbQdoJbzAjbZ4Fc ;
MsgType : text ;
Content : 欢迎关注丰媒！/:rose/:rose

丰媒已经开通的深圳配送区： 
民治南景新村，民治樟坑一区，民治沙吓社区（14:00前下单，当天配送到社区合作点门口）

产地源头鲜果直摘配送，丰媒让您足不出户就能享受到全国各地丰富有营养的、特色的时令水果 ;

2017-07-28 15:22:31 trace :
------------
Array:
from : oKmKPxDXk3aEiLWINN8vYJepCLyE ;
to : gh_e86b5de80d72 ;
time : 1501226550 ;
type : event ;
event : VIEW ;
tousername : gh_e86b5de80d72 ;
fromusername : oKmKPxDXk3aEiLWINN8vYJepCLyE ;
createtime : 1501226550 ;
msgtype : event ;
eventkey : http://www.richmei.com/app/index.php?i=65&c=entry&eid=838 ;
menuid : 601494847 ;

2017-07-28 15:22:31 params :
------------
Array:
message : Array ;
module : basic ;
rule : 171 ;
priority : 0 ;
keyword : Array ;

2017-07-28 15:22:31 response :
------------
Array:
FromUserName : gh_e86b5de80d72 ;
ToUserName : oKmKPxDXk3aEiLWINN8vYJepCLyE ;
MsgType : text ;
Content : 欢迎关注丰媒！/:rose/:rose

丰媒已经开通的深圳配送区： 
民治南景新村，民治樟坑一区，民治沙吓社区（14:00前下单，当天配送到社区合作点门口）

产地源头鲜果直摘配送，丰媒让您足不出户就能享受到全国各地丰富有营养的、特色的时令水果 ;

2017-07-28 15:57:51 trace :
------------
Array:
from : oKmKPxKBnGN-iFbQdoJbzAjbZ4Fc ;
to : gh_e86b5de80d72 ;
time : 1501228671 ;
type : trace ;
event : LOCATION ;
tousername : gh_e86b5de80d72 ;
fromusername : oKmKPxKBnGN-iFbQdoJbzAjbZ4Fc ;
createtime : 1501228671 ;
msgtype : event ;
latitude : 22.635927 ;
longitude : 114.048386 ;
precision : 65.000000 ;
location_x : 22.635927 ;
location_y : 114.048386 ;

2017-07-28 15:57:51 params :
------------
Array:
message : Array ;
module : default ;
rule : -1 ;

2017-07-28 15:57:51 response :
------------
Array:
errno : -1 ;
message : Invaild value ;

2017-07-28 15:57:52 trace :
------------
Array:
from : oKmKPxKBnGN-iFbQdoJbzAjbZ4Fc ;
to : gh_e86b5de80d72 ;
time : 1501228672 ;
type : event ;
event : VIEW ;
tousername : gh_e86b5de80d72 ;
fromusername : oKmKPxKBnGN-iFbQdoJbzAjbZ4Fc ;
createtime : 1501228672 ;
msgtype : event ;
eventkey : http://www.richmei.com/app/index.php?i=65&c=entry&eid=851 ;
menuid : 601494847 ;

2017-07-28 15:57:52 params :
------------
Array:
message : Array ;
module : basic ;
rule : 171 ;
priority : 0 ;
keyword : Array ;

2017-07-28 15:57:52 response :
------------
Array:
FromUserName : gh_e86b5de80d72 ;
ToUserName : oKmKPxKBnGN-iFbQdoJbzAjbZ4Fc ;
MsgType : text ;
Content : 欢迎关注丰媒！/:rose/:rose

丰媒已经开通的深圳配送区： 
民治南景新村，民治樟坑一区，民治沙吓社区（14:00前下单，当天配送到社区合作点门口）

产地源头鲜果直摘配送，丰媒让您足不出户就能享受到全国各地丰富有营养的、特色的时令水果 ;

2017-07-28 15:58:29 trace :
------------
Array:
from : oKmKPxKBnGN-iFbQdoJbzAjbZ4Fc ;
to : gh_e86b5de80d72 ;
time : 1501228709 ;
type : event ;
event : TEMPLATESENDJOBFINISH ;
tousername : gh_e86b5de80d72 ;
fromusername : oKmKPxKBnGN-iFbQdoJbzAjbZ4Fc ;
createtime : 1501228709 ;
msgtype : event ;
msgid : 602087310 ;
status : success ;

2017-07-28 15:58:29 params :
------------
Array:
message : Array ;
module : basic ;
rule : 171 ;
priority : 0 ;
keyword : Array ;

2017-07-28 15:58:29 response :
------------
Array:
FromUserName : gh_e86b5de80d72 ;
ToUserName : oKmKPxKBnGN-iFbQdoJbzAjbZ4Fc ;
MsgType : text ;
Content : 欢迎关注丰媒！/:rose/:rose

丰媒已经开通的深圳配送区： 
民治南景新村，民治樟坑一区，民治沙吓社区（14:00前下单，当天配送到社区合作点门口）

产地源头鲜果直摘配送，丰媒让您足不出户就能享受到全国各地丰富有营养的、特色的时令水果 ;

2017-07-28 15:58:30 trace :
------------
Array:
from : oKmKPxKBnGN-iFbQdoJbzAjbZ4Fc ;
to : gh_e86b5de80d72 ;
time : 1501228709 ;
type : event ;
event : TEMPLATESENDJOBFINISH ;
tousername : gh_e86b5de80d72 ;
fromusername : oKmKPxKBnGN-iFbQdoJbzAjbZ4Fc ;
createtime : 1501228709 ;
msgtype : event ;
msgid : 602087311 ;
status : success ;

2017-07-28 15:58:30 params :
------------
Array:
message : Array ;
module : basic ;
rule : 171 ;
priority : 0 ;
keyword : Array ;

2017-07-28 15:58:30 response :
------------
Array:
FromUserName : gh_e86b5de80d72 ;
ToUserName : oKmKPxKBnGN-iFbQdoJbzAjbZ4Fc ;
MsgType : text ;
Content : 欢迎关注丰媒！/:rose/:rose

丰媒已经开通的深圳配送区： 
民治南景新村，民治樟坑一区，民治沙吓社区（14:00前下单，当天配送到社区合作点门口）

产地源头鲜果直摘配送，丰媒让您足不出户就能享受到全国各地丰富有营养的、特色的时令水果 ;

2017-07-28 15:58:30 trace :
------------
Array:
from : oKmKPxKBnGN-iFbQdoJbzAjbZ4Fc ;
to : gh_e86b5de80d72 ;
time : 1501228709 ;
type : event ;
event : TEMPLATESENDJOBFINISH ;
tousername : gh_e86b5de80d72 ;
fromusername : oKmKPxKBnGN-iFbQdoJbzAjbZ4Fc ;
createtime : 1501228709 ;
msgtype : event ;
msgid : 602087312 ;
status : success ;

2017-07-28 15:58:30 params :
------------
Array:
message : Array ;
module : basic ;
rule : 171 ;
priority : 0 ;
keyword : Array ;

2017-07-28 15:58:30 response :
------------
Array:
FromUserName : gh_e86b5de80d72 ;
ToUserName : oKmKPxKBnGN-iFbQdoJbzAjbZ4Fc ;
MsgType : text ;
Content : 欢迎关注丰媒！/:rose/:rose

丰媒已经开通的深圳配送区： 
民治南景新村，民治樟坑一区，民治沙吓社区（14:00前下单，当天配送到社区合作点门口）

产地源头鲜果直摘配送，丰媒让您足不出户就能享受到全国各地丰富有营养的、特色的时令水果 ;

2017-07-28 15:58:30 trace :
------------
Array:
from : oKmKPxKBnGN-iFbQdoJbzAjbZ4Fc ;
to : gh_e86b5de80d72 ;
time : 1501228710 ;
type : event ;
event : TEMPLATESENDJOBFINISH ;
tousername : gh_e86b5de80d72 ;
fromusername : oKmKPxKBnGN-iFbQdoJbzAjbZ4Fc ;
createtime : 1501228710 ;
msgtype : event ;
msgid : 602087313 ;
status : success ;

2017-07-28 15:58:30 params :
------------
Array:
message : Array ;
module : basic ;
rule : 171 ;
priority : 0 ;
keyword : Array ;

2017-07-28 15:58:30 response :
------------
Array:
FromUserName : gh_e86b5de80d72 ;
ToUserName : oKmKPxKBnGN-iFbQdoJbzAjbZ4Fc ;
MsgType : text ;
Content : 欢迎关注丰媒！/:rose/:rose

丰媒已经开通的深圳配送区： 
民治南景新村，民治樟坑一区，民治沙吓社区（14:00前下单，当天配送到社区合作点门口）

产地源头鲜果直摘配送，丰媒让您足不出户就能享受到全国各地丰富有营养的、特色的时令水果 ;

2017-07-28 16:03:58 trace :
------------
Array:
from : oKmKPxDXk3aEiLWINN8vYJepCLyE ;
to : gh_e86b5de80d72 ;
time : 1501229038 ;
type : event ;
event : TEMPLATESENDJOBFINISH ;
tousername : gh_e86b5de80d72 ;
fromusername : oKmKPxDXk3aEiLWINN8vYJepCLyE ;
createtime : 1501229038 ;
msgtype : event ;
msgid : 602087534 ;
status : success ;

2017-07-28 16:03:58 params :
------------
Array:
message : Array ;
module : basic ;
rule : 171 ;
priority : 0 ;
keyword : Array ;

2017-07-28 16:03:58 response :
------------
Array:
FromUserName : gh_e86b5de80d72 ;
ToUserName : oKmKPxDXk3aEiLWINN8vYJepCLyE ;
MsgType : text ;
Content : 欢迎关注丰媒！/:rose/:rose

丰媒已经开通的深圳配送区： 
民治南景新村，民治樟坑一区，民治沙吓社区（14:00前下单，当天配送到社区合作点门口）

产地源头鲜果直摘配送，丰媒让您足不出户就能享受到全国各地丰富有营养的、特色的时令水果 ;

2017-07-28 16:36:48 trace :
------------
Array:
from : oKmKPxKBnGN-iFbQdoJbzAjbZ4Fc ;
to : gh_e86b5de80d72 ;
time : 1501231008 ;
type : event ;
event : VIEW ;
tousername : gh_e86b5de80d72 ;
fromusername : oKmKPxKBnGN-iFbQdoJbzAjbZ4Fc ;
createtime : 1501231008 ;
msgtype : event ;
eventkey : http://www.richmei.com/app/index.php?i=65&c=entry&eid=851 ;
menuid : 601494847 ;

2017-07-28 16:36:48 params :
------------
Array:
message : Array ;
module : basic ;
rule : 171 ;
priority : 0 ;
keyword : Array ;

2017-07-28 16:36:48 response :
------------
Array:
FromUserName : gh_e86b5de80d72 ;
ToUserName : oKmKPxKBnGN-iFbQdoJbzAjbZ4Fc ;
MsgType : text ;
Content : 欢迎关注丰媒！/:rose/:rose

丰媒已经开通的深圳配送区： 
民治南景新村，民治樟坑一区，民治沙吓社区（14:00前下单，当天配送到社区合作点门口）

产地源头鲜果直摘配送，丰媒让您足不出户就能享受到全国各地丰富有营养的、特色的时令水果 ;

2017-07-28 16:41:06 trace :
------------
Array:
from : oKmKPxKBnGN-iFbQdoJbzAjbZ4Fc ;
to : gh_e86b5de80d72 ;
time : 1501231265 ;
type : trace ;
event : LOCATION ;
tousername : gh_e86b5de80d72 ;
fromusername : oKmKPxKBnGN-iFbQdoJbzAjbZ4Fc ;
createtime : 1501231265 ;
msgtype : event ;
latitude : 22.635832 ;
longitude : 114.048347 ;
precision : 65.000000 ;
location_x : 22.635832 ;
location_y : 114.048347 ;

2017-07-28 16:41:06 params :
------------
Array:
message : Array ;
module : default ;
rule : -1 ;

2017-07-28 16:41:06 response :
------------
Array:
errno : -1 ;
message : Invaild value ;

2017-07-28 16:41:07 trace :
------------
Array:
from : oKmKPxKBnGN-iFbQdoJbzAjbZ4Fc ;
to : gh_e86b5de80d72 ;
time : 1501231266 ;
type : event ;
event : VIEW ;
tousername : gh_e86b5de80d72 ;
fromusername : oKmKPxKBnGN-iFbQdoJbzAjbZ4Fc ;
createtime : 1501231266 ;
msgtype : event ;
eventkey : http://www.richmei.com/app/index.php?i=65&c=entry&eid=851 ;
menuid : 601494847 ;

2017-07-28 16:41:07 params :
------------
Array:
message : Array ;
module : basic ;
rule : 171 ;
priority : 0 ;
keyword : Array ;

2017-07-28 16:41:07 response :
------------
Array:
FromUserName : gh_e86b5de80d72 ;
ToUserName : oKmKPxKBnGN-iFbQdoJbzAjbZ4Fc ;
MsgType : text ;
Content : 欢迎关注丰媒！/:rose/:rose

丰媒已经开通的深圳配送区： 
民治南景新村，民治樟坑一区，民治沙吓社区（14:00前下单，当天配送到社区合作点门口）

产地源头鲜果直摘配送，丰媒让您足不出户就能享受到全国各地丰富有营养的、特色的时令水果 ;

2017-07-28 16:42:29 trace :
------------
Array:
from : oKmKPxKBnGN-iFbQdoJbzAjbZ4Fc ;
to : gh_e86b5de80d72 ;
time : 1501231349 ;
type : event ;
event : VIEW ;
tousername : gh_e86b5de80d72 ;
fromusername : oKmKPxKBnGN-iFbQdoJbzAjbZ4Fc ;
createtime : 1501231349 ;
msgtype : event ;
eventkey : http://www.richmei.com/app/index.php?i=65&c=entry&eid=851 ;
menuid : 601494847 ;

2017-07-28 16:42:29 params :
------------
Array:
message : Array ;
module : basic ;
rule : 171 ;
priority : 0 ;
keyword : Array ;

2017-07-28 16:42:29 response :
------------
Array:
FromUserName : gh_e86b5de80d72 ;
ToUserName : oKmKPxKBnGN-iFbQdoJbzAjbZ4Fc ;
MsgType : text ;
Content : 欢迎关注丰媒！/:rose/:rose

丰媒已经开通的深圳配送区： 
民治南景新村，民治樟坑一区，民治沙吓社区（14:00前下单，当天配送到社区合作点门口）

产地源头鲜果直摘配送，丰媒让您足不出户就能享受到全国各地丰富有营养的、特色的时令水果 ;

2017-07-28 16:58:25 trace :
------------
Array:
from : oKmKPxKBnGN-iFbQdoJbzAjbZ4Fc ;
to : gh_e86b5de80d72 ;
time : 1501232304 ;
type : trace ;
event : LOCATION ;
tousername : gh_e86b5de80d72 ;
fromusername : oKmKPxKBnGN-iFbQdoJbzAjbZ4Fc ;
createtime : 1501232304 ;
msgtype : event ;
latitude : 22.635878 ;
longitude : 114.048416 ;
precision : 65.000000 ;
location_x : 22.635878 ;
location_y : 114.048416 ;

2017-07-28 16:58:25 params :
------------
Array:
message : Array ;
module : default ;
rule : -1 ;

2017-07-28 16:58:25 response :
------------
Array:
errno : -1 ;
message : Invaild value ;

2017-07-28 16:58:40 trace :
------------
Array:
from : oKmKPxKBnGN-iFbQdoJbzAjbZ4Fc ;
to : gh_e86b5de80d72 ;
time : 1501232319 ;
type : event ;
event : VIEW ;
tousername : gh_e86b5de80d72 ;
fromusername : oKmKPxKBnGN-iFbQdoJbzAjbZ4Fc ;
createtime : 1501232319 ;
msgtype : event ;
eventkey : http://www.richmei.com/app/index.php?i=65&c=entry&eid=851 ;
menuid : 601494847 ;

2017-07-28 16:58:40 params :
------------
Array:
message : Array ;
module : basic ;
rule : 171 ;
priority : 0 ;
keyword : Array ;

2017-07-28 16:58:40 response :
------------
Array:
FromUserName : gh_e86b5de80d72 ;
ToUserName : oKmKPxKBnGN-iFbQdoJbzAjbZ4Fc ;
MsgType : text ;
Content : 欢迎关注丰媒！/:rose/:rose

丰媒已经开通的深圳配送区： 
民治南景新村，民治樟坑一区，民治沙吓社区（14:00前下单，当天配送到社区合作点门口）

产地源头鲜果直摘配送，丰媒让您足不出户就能享受到全国各地丰富有营养的、特色的时令水果 ;

2017-07-28 17:03:38 trace :
------------
Array:
from : oKmKPxKBnGN-iFbQdoJbzAjbZ4Fc ;
to : gh_e86b5de80d72 ;
time : 1501232618 ;
type : trace ;
event : LOCATION ;
tousername : gh_e86b5de80d72 ;
fromusername : oKmKPxKBnGN-iFbQdoJbzAjbZ4Fc ;
createtime : 1501232618 ;
msgtype : event ;
latitude : 22.635933 ;
longitude : 114.048386 ;
precision : 65.000000 ;
location_x : 22.635933 ;
location_y : 114.048386 ;

2017-07-28 17:03:38 params :
------------
Array:
message : Array ;
module : default ;
rule : -1 ;

2017-07-28 17:03:38 response :
------------
Array:
errno : -1 ;
message : Invaild value ;

2017-07-28 17:03:40 trace :
------------
Array:
from : oKmKPxKBnGN-iFbQdoJbzAjbZ4Fc ;
to : gh_e86b5de80d72 ;
time : 1501232619 ;
type : event ;
event : VIEW ;
tousername : gh_e86b5de80d72 ;
fromusername : oKmKPxKBnGN-iFbQdoJbzAjbZ4Fc ;
createtime : 1501232619 ;
msgtype : event ;
eventkey : http://www.richmei.com/app/index.php?i=65&c=entry&eid=838 ;
menuid : 601494847 ;

2017-07-28 17:03:40 params :
------------
Array:
message : Array ;
module : basic ;
rule : 171 ;
priority : 0 ;
keyword : Array ;

2017-07-28 17:03:40 response :
------------
Array:
FromUserName : gh_e86b5de80d72 ;
ToUserName : oKmKPxKBnGN-iFbQdoJbzAjbZ4Fc ;
MsgType : text ;
Content : 欢迎关注丰媒！/:rose/:rose

丰媒已经开通的深圳配送区： 
民治南景新村，民治樟坑一区，民治沙吓社区（14:00前下单，当天配送到社区合作点门口）

产地源头鲜果直摘配送，丰媒让您足不出户就能享受到全国各地丰富有营养的、特色的时令水果 ;

2017-07-28 17:04:07 trace :
------------
Array:
from : oKmKPxKBnGN-iFbQdoJbzAjbZ4Fc ;
to : gh_e86b5de80d72 ;
time : 1501232647 ;
type : event ;
event : VIEW ;
tousername : gh_e86b5de80d72 ;
fromusername : oKmKPxKBnGN-iFbQdoJbzAjbZ4Fc ;
createtime : 1501232647 ;
msgtype : event ;
eventkey : http://www.richmei.com/app/index.php?i=65&c=entry&eid=838 ;
menuid : 601494847 ;

2017-07-28 17:04:07 params :
------------
Array:
message : Array ;
module : basic ;
rule : 171 ;
priority : 0 ;
keyword : Array ;

2017-07-28 17:04:07 response :
------------
Array:
FromUserName : gh_e86b5de80d72 ;
ToUserName : oKmKPxKBnGN-iFbQdoJbzAjbZ4Fc ;
MsgType : text ;
Content : 欢迎关注丰媒！/:rose/:rose

丰媒已经开通的深圳配送区： 
民治南景新村，民治樟坑一区，民治沙吓社区（14:00前下单，当天配送到社区合作点门口）

产地源头鲜果直摘配送，丰媒让您足不出户就能享受到全国各地丰富有营养的、特色的时令水果 ;

2017-07-28 18:06:57 trace :
------------
Array:
from : oKmKPxKBnGN-iFbQdoJbzAjbZ4Fc ;
to : gh_e86b5de80d72 ;
time : 1501236417 ;
type : trace ;
event : LOCATION ;
tousername : gh_e86b5de80d72 ;
fromusername : oKmKPxKBnGN-iFbQdoJbzAjbZ4Fc ;
createtime : 1501236417 ;
msgtype : event ;
latitude : 22.635942 ;
longitude : 114.048233 ;
precision : 65.000000 ;
location_x : 22.635942 ;
location_y : 114.048233 ;

2017-07-28 18:06:57 params :
------------
Array:
message : Array ;
module : default ;
rule : -1 ;

2017-07-28 18:06:57 response :
------------
Array:
errno : -1 ;
message : Invaild value ;

2017-07-28 18:06:58 trace :
------------
Array:
from : oKmKPxKBnGN-iFbQdoJbzAjbZ4Fc ;
to : gh_e86b5de80d72 ;
time : 1501236418 ;
type : event ;
event : VIEW ;
tousername : gh_e86b5de80d72 ;
fromusername : oKmKPxKBnGN-iFbQdoJbzAjbZ4Fc ;
createtime : 1501236418 ;
msgtype : event ;
eventkey : http://www.richmei.com/app/index.php?i=65&c=entry&eid=851 ;
menuid : 601494847 ;

2017-07-28 18:06:58 params :
------------
Array:
message : Array ;
module : basic ;
rule : 171 ;
priority : 0 ;
keyword : Array ;

2017-07-28 18:06:58 response :
------------
Array:
FromUserName : gh_e86b5de80d72 ;
ToUserName : oKmKPxKBnGN-iFbQdoJbzAjbZ4Fc ;
MsgType : text ;
Content : 欢迎关注丰媒！/:rose/:rose

丰媒已经开通的深圳配送区： 
民治南景新村，民治樟坑一区，民治沙吓社区（14:00前下单，当天配送到社区合作点门口）

产地源头鲜果直摘配送，丰媒让您足不出户就能享受到全国各地丰富有营养的、特色的时令水果 ;

2017-07-28 18:07:15 trace :
------------
Array:
from : oKmKPxKBnGN-iFbQdoJbzAjbZ4Fc ;
to : gh_e86b5de80d72 ;
time : 1501236434 ;
type : event ;
event : VIEW ;
tousername : gh_e86b5de80d72 ;
fromusername : oKmKPxKBnGN-iFbQdoJbzAjbZ4Fc ;
createtime : 1501236434 ;
msgtype : event ;
eventkey : http://www.richmei.com/app/index.php?i=65&c=entry&eid=838 ;
menuid : 601494847 ;

2017-07-28 18:07:15 params :
------------
Array:
message : Array ;
module : basic ;
rule : 171 ;
priority : 0 ;
keyword : Array ;

2017-07-28 18:07:15 response :
------------
Array:
FromUserName : gh_e86b5de80d72 ;
ToUserName : oKmKPxKBnGN-iFbQdoJbzAjbZ4Fc ;
MsgType : text ;
Content : 欢迎关注丰媒！/:rose/:rose

丰媒已经开通的深圳配送区： 
民治南景新村，民治樟坑一区，民治沙吓社区（14:00前下单，当天配送到社区合作点门口）

产地源头鲜果直摘配送，丰媒让您足不出户就能享受到全国各地丰富有营养的、特色的时令水果 ;

2017-07-28 18:07:47 trace :
------------
Array:
from : oKmKPxKBnGN-iFbQdoJbzAjbZ4Fc ;
to : gh_e86b5de80d72 ;
time : 1501236466 ;
type : event ;
event : VIEW ;
tousername : gh_e86b5de80d72 ;
fromusername : oKmKPxKBnGN-iFbQdoJbzAjbZ4Fc ;
createtime : 1501236466 ;
msgtype : event ;
eventkey : http://www.richmei.com/app/index.php?i=65&c=entry&eid=851 ;
menuid : 601494847 ;

2017-07-28 18:07:47 params :
------------
Array:
message : Array ;
module : basic ;
rule : 171 ;
priority : 0 ;
keyword : Array ;

2017-07-28 18:07:47 response :
------------
Array:
FromUserName : gh_e86b5de80d72 ;
ToUserName : oKmKPxKBnGN-iFbQdoJbzAjbZ4Fc ;
MsgType : text ;
Content : 欢迎关注丰媒！/:rose/:rose

丰媒已经开通的深圳配送区： 
民治南景新村，民治樟坑一区，民治沙吓社区（14:00前下单，当天配送到社区合作点门口）

产地源头鲜果直摘配送，丰媒让您足不出户就能享受到全国各地丰富有营养的、特色的时令水果 ;

2017-07-28 18:09:27 trace :
------------
Array:
from : oKmKPxKBnGN-iFbQdoJbzAjbZ4Fc ;
to : gh_e86b5de80d72 ;
time : 1501236566 ;
type : event ;
event : TEMPLATESENDJOBFINISH ;
tousername : gh_e86b5de80d72 ;
fromusername : oKmKPxKBnGN-iFbQdoJbzAjbZ4Fc ;
createtime : 1501236566 ;
msgtype : event ;
msgid : 602091587 ;
status : success ;

2017-07-28 18:09:27 params :
------------
Array:
message : Array ;
module : basic ;
rule : 171 ;
priority : 0 ;
keyword : Array ;

2017-07-28 18:09:27 response :
------------
Array:
FromUserName : gh_e86b5de80d72 ;
ToUserName : oKmKPxKBnGN-iFbQdoJbzAjbZ4Fc ;
MsgType : text ;
Content : 欢迎关注丰媒！/:rose/:rose

丰媒已经开通的深圳配送区： 
民治南景新村，民治樟坑一区，民治沙吓社区（14:00前下单，当天配送到社区合作点门口）

产地源头鲜果直摘配送，丰媒让您足不出户就能享受到全国各地丰富有营养的、特色的时令水果 ;

2017-07-28 18:09:27 trace :
------------
Array:
from : oKmKPxKBnGN-iFbQdoJbzAjbZ4Fc ;
to : gh_e86b5de80d72 ;
time : 1501236567 ;
type : event ;
event : TEMPLATESENDJOBFINISH ;
tousername : gh_e86b5de80d72 ;
fromusername : oKmKPxKBnGN-iFbQdoJbzAjbZ4Fc ;
createtime : 1501236567 ;
msgtype : event ;
msgid : 602091588 ;
status : success ;

2017-07-28 18:09:27 params :
------------
Array:
message : Array ;
module : basic ;
rule : 171 ;
priority : 0 ;
keyword : Array ;

2017-07-28 18:09:27 response :
------------
Array:
FromUserName : gh_e86b5de80d72 ;
ToUserName : oKmKPxKBnGN-iFbQdoJbzAjbZ4Fc ;
MsgType : text ;
Content : 欢迎关注丰媒！/:rose/:rose

丰媒已经开通的深圳配送区： 
民治南景新村，民治樟坑一区，民治沙吓社区（14:00前下单，当天配送到社区合作点门口）

产地源头鲜果直摘配送，丰媒让您足不出户就能享受到全国各地丰富有营养的、特色的时令水果 ;

2017-07-28 18:09:27 trace :
------------
Array:
from : oKmKPxKBnGN-iFbQdoJbzAjbZ4Fc ;
to : gh_e86b5de80d72 ;
time : 1501236567 ;
type : event ;
event : TEMPLATESENDJOBFINISH ;
tousername : gh_e86b5de80d72 ;
fromusername : oKmKPxKBnGN-iFbQdoJbzAjbZ4Fc ;
createtime : 1501236567 ;
msgtype : event ;
msgid : 602091590 ;
status : success ;

2017-07-28 18:09:27 params :
------------
Array:
message : Array ;
module : basic ;
rule : 171 ;
priority : 0 ;
keyword : Array ;

2017-07-28 18:09:27 response :
------------
Array:
FromUserName : gh_e86b5de80d72 ;
ToUserName : oKmKPxKBnGN-iFbQdoJbzAjbZ4Fc ;
MsgType : text ;
Content : 欢迎关注丰媒！/:rose/:rose

丰媒已经开通的深圳配送区： 
民治南景新村，民治樟坑一区，民治沙吓社区（14:00前下单，当天配送到社区合作点门口）

产地源头鲜果直摘配送，丰媒让您足不出户就能享受到全国各地丰富有营养的、特色的时令水果 ;

2017-07-28 18:09:28 trace :
------------
Array:
from : oKmKPxKBnGN-iFbQdoJbzAjbZ4Fc ;
to : gh_e86b5de80d72 ;
time : 1501236567 ;
type : event ;
event : TEMPLATESENDJOBFINISH ;
tousername : gh_e86b5de80d72 ;
fromusername : oKmKPxKBnGN-iFbQdoJbzAjbZ4Fc ;
createtime : 1501236567 ;
msgtype : event ;
msgid : 602091592 ;
status : success ;

2017-07-28 18:09:28 params :
------------
Array:
message : Array ;
module : basic ;
rule : 171 ;
priority : 0 ;
keyword : Array ;

2017-07-28 18:09:28 response :
------------
Array:
FromUserName : gh_e86b5de80d72 ;
ToUserName : oKmKPxKBnGN-iFbQdoJbzAjbZ4Fc ;
MsgType : text ;
Content : 欢迎关注丰媒！/:rose/:rose

丰媒已经开通的深圳配送区： 
民治南景新村，民治樟坑一区，民治沙吓社区（14:00前下单，当天配送到社区合作点门口）

产地源头鲜果直摘配送，丰媒让您足不出户就能享受到全国各地丰富有营养的、特色的时令水果 ;

2017-07-28 18:13:28 trace :
------------
Array:
from : oKmKPxKBnGN-iFbQdoJbzAjbZ4Fc ;
to : gh_e86b5de80d72 ;
time : 1501236807 ;
type : trace ;
event : LOCATION ;
tousername : gh_e86b5de80d72 ;
fromusername : oKmKPxKBnGN-iFbQdoJbzAjbZ4Fc ;
createtime : 1501236807 ;
msgtype : event ;
latitude : 22.635977 ;
longitude : 114.048409 ;
precision : 5.000000 ;
location_x : 22.635977 ;
location_y : 114.048409 ;

2017-07-28 18:13:28 params :
------------
Array:
message : Array ;
module : default ;
rule : -1 ;

2017-07-28 18:13:28 response :
------------
Array:
errno : -1 ;
message : Invaild value ;

2017-07-28 18:13:32 trace :
------------
Array:
from : oKmKPxKBnGN-iFbQdoJbzAjbZ4Fc ;
to : gh_e86b5de80d72 ;
time : 1501236811 ;
type : event ;
event : VIEW ;
tousername : gh_e86b5de80d72 ;
fromusername : oKmKPxKBnGN-iFbQdoJbzAjbZ4Fc ;
createtime : 1501236811 ;
msgtype : event ;
eventkey : http://www.richmei.com/app/index.php?i=65&c=entry&eid=851 ;
menuid : 601494847 ;

2017-07-28 18:13:32 params :
------------
Array:
message : Array ;
module : basic ;
rule : 171 ;
priority : 0 ;
keyword : Array ;

2017-07-28 18:13:32 response :
------------
Array:
FromUserName : gh_e86b5de80d72 ;
ToUserName : oKmKPxKBnGN-iFbQdoJbzAjbZ4Fc ;
MsgType : text ;
Content : 欢迎关注丰媒！/:rose/:rose

丰媒已经开通的深圳配送区： 
民治南景新村，民治樟坑一区，民治沙吓社区（14:00前下单，当天配送到社区合作点门口）

产地源头鲜果直摘配送，丰媒让您足不出户就能享受到全国各地丰富有营养的、特色的时令水果 ;

2017-07-28 18:16:13 trace :
------------
Array:
from : oKmKPxKBnGN-iFbQdoJbzAjbZ4Fc ;
to : gh_e86b5de80d72 ;
time : 1501236972 ;
type : trace ;
event : LOCATION ;
tousername : gh_e86b5de80d72 ;
fromusername : oKmKPxKBnGN-iFbQdoJbzAjbZ4Fc ;
createtime : 1501236972 ;
msgtype : event ;
latitude : 22.635893 ;
longitude : 114.048447 ;
precision : 50.000000 ;
location_x : 22.635893 ;
location_y : 114.048447 ;

2017-07-28 18:16:13 params :
------------
Array:
message : Array ;
module : default ;
rule : -1 ;

2017-07-28 18:16:13 response :
------------
Array:
errno : -1 ;
message : Invaild value ;

2017-07-28 18:16:17 trace :
------------
Array:
from : oKmKPxKBnGN-iFbQdoJbzAjbZ4Fc ;
to : gh_e86b5de80d72 ;
time : 1501236977 ;
type : event ;
event : VIEW ;
tousername : gh_e86b5de80d72 ;
fromusername : oKmKPxKBnGN-iFbQdoJbzAjbZ4Fc ;
createtime : 1501236977 ;
msgtype : event ;
eventkey : http://www.richmei.com/app/index.php?i=65&c=entry&eid=851 ;
menuid : 601494847 ;

2017-07-28 18:16:17 params :
------------
Array:
message : Array ;
module : basic ;
rule : 171 ;
priority : 0 ;
keyword : Array ;

2017-07-28 18:16:17 response :
------------
Array:
FromUserName : gh_e86b5de80d72 ;
ToUserName : oKmKPxKBnGN-iFbQdoJbzAjbZ4Fc ;
MsgType : text ;
Content : 欢迎关注丰媒！/:rose/:rose

丰媒已经开通的深圳配送区： 
民治南景新村，民治樟坑一区，民治沙吓社区（14:00前下单，当天配送到社区合作点门口）

产地源头鲜果直摘配送，丰媒让您足不出户就能享受到全国各地丰富有营养的、特色的时令水果 ;

2017-07-28 18:16:39 trace :
------------
Array:
from : oKmKPxKBnGN-iFbQdoJbzAjbZ4Fc ;
to : gh_e86b5de80d72 ;
time : 1501236998 ;
type : event ;
event : TEMPLATESENDJOBFINISH ;
tousername : gh_e86b5de80d72 ;
fromusername : oKmKPxKBnGN-iFbQdoJbzAjbZ4Fc ;
createtime : 1501236998 ;
msgtype : event ;
msgid : 602091780 ;
status : success ;

2017-07-28 18:16:39 params :
------------
Array:
message : Array ;
module : basic ;
rule : 171 ;
priority : 0 ;
keyword : Array ;

2017-07-28 18:16:39 response :
------------
Array:
FromUserName : gh_e86b5de80d72 ;
ToUserName : oKmKPxKBnGN-iFbQdoJbzAjbZ4Fc ;
MsgType : text ;
Content : 欢迎关注丰媒！/:rose/:rose

丰媒已经开通的深圳配送区： 
民治南景新村，民治樟坑一区，民治沙吓社区（14:00前下单，当天配送到社区合作点门口）

产地源头鲜果直摘配送，丰媒让您足不出户就能享受到全国各地丰富有营养的、特色的时令水果 ;

2017-07-28 18:16:39 trace :
------------
Array:
from : oKmKPxKBnGN-iFbQdoJbzAjbZ4Fc ;
to : gh_e86b5de80d72 ;
time : 1501236999 ;
type : event ;
event : TEMPLATESENDJOBFINISH ;
tousername : gh_e86b5de80d72 ;
fromusername : oKmKPxKBnGN-iFbQdoJbzAjbZ4Fc ;
createtime : 1501236999 ;
msgtype : event ;
msgid : 602091782 ;
status : success ;

2017-07-28 18:16:39 params :
------------
Array:
message : Array ;
module : basic ;
rule : 171 ;
priority : 0 ;
keyword : Array ;

2017-07-28 18:16:39 response :
------------
Array:
FromUserName : gh_e86b5de80d72 ;
ToUserName : oKmKPxKBnGN-iFbQdoJbzAjbZ4Fc ;
MsgType : text ;
Content : 欢迎关注丰媒！/:rose/:rose

丰媒已经开通的深圳配送区： 
民治南景新村，民治樟坑一区，民治沙吓社区（14:00前下单，当天配送到社区合作点门口）

产地源头鲜果直摘配送，丰媒让您足不出户就能享受到全国各地丰富有营养的、特色的时令水果 ;

2017-07-28 18:16:39 trace :
------------
Array:
from : oKmKPxKBnGN-iFbQdoJbzAjbZ4Fc ;
to : gh_e86b5de80d72 ;
time : 1501236999 ;
type : event ;
event : TEMPLATESENDJOBFINISH ;
tousername : gh_e86b5de80d72 ;
fromusername : oKmKPxKBnGN-iFbQdoJbzAjbZ4Fc ;
createtime : 1501236999 ;
msgtype : event ;
msgid : 602091783 ;
status : success ;

2017-07-28 18:16:39 params :
------------
Array:
message : Array ;
module : basic ;
rule : 171 ;
priority : 0 ;
keyword : Array ;

2017-07-28 18:16:39 response :
------------
Array:
FromUserName : gh_e86b5de80d72 ;
ToUserName : oKmKPxKBnGN-iFbQdoJbzAjbZ4Fc ;
MsgType : text ;
Content : 欢迎关注丰媒！/:rose/:rose

丰媒已经开通的深圳配送区： 
民治南景新村，民治樟坑一区，民治沙吓社区（14:00前下单，当天配送到社区合作点门口）

产地源头鲜果直摘配送，丰媒让您足不出户就能享受到全国各地丰富有营养的、特色的时令水果 ;

2017-07-28 18:20:03 trace :
------------
Array:
from : oKmKPxKBnGN-iFbQdoJbzAjbZ4Fc ;
to : gh_e86b5de80d72 ;
time : 1501237203 ;
type : trace ;
event : LOCATION ;
tousername : gh_e86b5de80d72 ;
fromusername : oKmKPxKBnGN-iFbQdoJbzAjbZ4Fc ;
createtime : 1501237203 ;
msgtype : event ;
latitude : 22.635832 ;
longitude : 114.048386 ;
precision : 65.000000 ;
location_x : 22.635832 ;
location_y : 114.048386 ;

2017-07-28 18:20:03 params :
------------
Array:
message : Array ;
module : default ;
rule : -1 ;

2017-07-28 18:20:03 response :
------------
Array:
errno : -1 ;
message : Invaild value ;

2017-07-28 18:20:04 trace :
------------
Array:
from : oKmKPxKBnGN-iFbQdoJbzAjbZ4Fc ;
to : gh_e86b5de80d72 ;
time : 1501237203 ;
type : event ;
event : VIEW ;
tousername : gh_e86b5de80d72 ;
fromusername : oKmKPxKBnGN-iFbQdoJbzAjbZ4Fc ;
createtime : 1501237203 ;
msgtype : event ;
eventkey : http://www.richmei.com/app/index.php?i=65&c=entry&eid=838 ;
menuid : 601494847 ;

2017-07-28 18:20:04 params :
------------
Array:
message : Array ;
module : basic ;
rule : 171 ;
priority : 0 ;
keyword : Array ;

2017-07-28 18:20:04 response :
------------
Array:
FromUserName : gh_e86b5de80d72 ;
ToUserName : oKmKPxKBnGN-iFbQdoJbzAjbZ4Fc ;
MsgType : text ;
Content : 欢迎关注丰媒！/:rose/:rose

丰媒已经开通的深圳配送区： 
民治南景新村，民治樟坑一区，民治沙吓社区（14:00前下单，当天配送到社区合作点门口）

产地源头鲜果直摘配送，丰媒让您足不出户就能享受到全国各地丰富有营养的、特色的时令水果 ;

2017-07-28 18:20:58 trace :
------------
Array:
from : oKmKPxKBnGN-iFbQdoJbzAjbZ4Fc ;
to : gh_e86b5de80d72 ;
time : 1501237258 ;
type : trace ;
event : LOCATION ;
tousername : gh_e86b5de80d72 ;
fromusername : oKmKPxKBnGN-iFbQdoJbzAjbZ4Fc ;
createtime : 1501237258 ;
msgtype : event ;
latitude : 22.635925 ;
longitude : 114.048386 ;
precision : 65.000000 ;
location_x : 22.635925 ;
location_y : 114.048386 ;

2017-07-28 18:20:58 params :
------------
Array:
message : Array ;
module : default ;
rule : -1 ;

2017-07-28 18:20:58 response :
------------
Array:
errno : -1 ;
message : Invaild value ;

2017-07-28 18:21:00 trace :
------------
Array:
from : oKmKPxKBnGN-iFbQdoJbzAjbZ4Fc ;
to : gh_e86b5de80d72 ;
time : 1501237259 ;
type : event ;
event : VIEW ;
tousername : gh_e86b5de80d72 ;
fromusername : oKmKPxKBnGN-iFbQdoJbzAjbZ4Fc ;
createtime : 1501237259 ;
msgtype : event ;
eventkey : http://www.richmei.com/app/index.php?i=65&c=entry&eid=851 ;
menuid : 601494847 ;

2017-07-28 18:21:00 params :
------------
Array:
message : Array ;
module : basic ;
rule : 171 ;
priority : 0 ;
keyword : Array ;

2017-07-28 18:21:00 response :
------------
Array:
FromUserName : gh_e86b5de80d72 ;
ToUserName : oKmKPxKBnGN-iFbQdoJbzAjbZ4Fc ;
MsgType : text ;
Content : 欢迎关注丰媒！/:rose/:rose

丰媒已经开通的深圳配送区： 
民治南景新村，民治樟坑一区，民治沙吓社区（14:00前下单，当天配送到社区合作点门口）

产地源头鲜果直摘配送，丰媒让您足不出户就能享受到全国各地丰富有营养的、特色的时令水果 ;

2017-07-28 18:21:04 trace :
------------
Array:
from : oKmKPxKBnGN-iFbQdoJbzAjbZ4Fc ;
to : gh_e86b5de80d72 ;
time : 1501237264 ;
type : event ;
event : VIEW ;
tousername : gh_e86b5de80d72 ;
fromusername : oKmKPxKBnGN-iFbQdoJbzAjbZ4Fc ;
createtime : 1501237264 ;
msgtype : event ;
eventkey : http://www.richmei.com/app/index.php?i=65&c=entry&eid=838 ;
menuid : 601494847 ;

2017-07-28 18:21:04 params :
------------
Array:
message : Array ;
module : basic ;
rule : 171 ;
priority : 0 ;
keyword : Array ;

2017-07-28 18:21:04 response :
------------
Array:
FromUserName : gh_e86b5de80d72 ;
ToUserName : oKmKPxKBnGN-iFbQdoJbzAjbZ4Fc ;
MsgType : text ;
Content : 欢迎关注丰媒！/:rose/:rose

丰媒已经开通的深圳配送区： 
民治南景新村，民治樟坑一区，民治沙吓社区（14:00前下单，当天配送到社区合作点门口）

产地源头鲜果直摘配送，丰媒让您足不出户就能享受到全国各地丰富有营养的、特色的时令水果 ;

2017-07-28 18:26:25 trace :
------------
Array:
from : oKmKPxKBnGN-iFbQdoJbzAjbZ4Fc ;
to : gh_e86b5de80d72 ;
time : 1501237585 ;
type : trace ;
event : LOCATION ;
tousername : gh_e86b5de80d72 ;
fromusername : oKmKPxKBnGN-iFbQdoJbzAjbZ4Fc ;
createtime : 1501237585 ;
msgtype : event ;
latitude : 22.635878 ;
longitude : 114.048370 ;
precision : 65.000000 ;
location_x : 22.635878 ;
location_y : 114.048370 ;

2017-07-28 18:26:25 params :
------------
Array:
message : Array ;
module : default ;
rule : -1 ;

2017-07-28 18:26:25 response :
------------
Array:
errno : -1 ;
message : Invaild value ;

2017-07-28 18:26:27 trace :
------------
Array:
from : oKmKPxKBnGN-iFbQdoJbzAjbZ4Fc ;
to : gh_e86b5de80d72 ;
time : 1501237587 ;
type : event ;
event : VIEW ;
tousername : gh_e86b5de80d72 ;
fromusername : oKmKPxKBnGN-iFbQdoJbzAjbZ4Fc ;
createtime : 1501237587 ;
msgtype : event ;
eventkey : http://www.richmei.com/app/index.php?i=65&c=entry&eid=851 ;
menuid : 601494847 ;

2017-07-28 18:26:27 params :
------------
Array:
message : Array ;
module : basic ;
rule : 171 ;
priority : 0 ;
keyword : Array ;

2017-07-28 18:26:27 response :
------------
Array:
FromUserName : gh_e86b5de80d72 ;
ToUserName : oKmKPxKBnGN-iFbQdoJbzAjbZ4Fc ;
MsgType : text ;
Content : 欢迎关注丰媒！/:rose/:rose

丰媒已经开通的深圳配送区： 
民治南景新村，民治樟坑一区，民治沙吓社区（14:00前下单，当天配送到社区合作点门口）

产地源头鲜果直摘配送，丰媒让您足不出户就能享受到全国各地丰富有营养的、特色的时令水果 ;

2017-07-28 18:26:35 trace :
------------
Array:
from : oKmKPxKBnGN-iFbQdoJbzAjbZ4Fc ;
to : gh_e86b5de80d72 ;
time : 1501237595 ;
type : event ;
event : VIEW ;
tousername : gh_e86b5de80d72 ;
fromusername : oKmKPxKBnGN-iFbQdoJbzAjbZ4Fc ;
createtime : 1501237595 ;
msgtype : event ;
eventkey : http://www.richmei.com/app/index.php?i=65&c=entry&eid=851 ;
menuid : 601494847 ;

2017-07-28 18:26:35 params :
------------
Array:
message : Array ;
module : basic ;
rule : 171 ;
priority : 0 ;
keyword : Array ;

2017-07-28 18:26:35 response :
------------
Array:
FromUserName : gh_e86b5de80d72 ;
ToUserName : oKmKPxKBnGN-iFbQdoJbzAjbZ4Fc ;
MsgType : text ;
Content : 欢迎关注丰媒！/:rose/:rose

丰媒已经开通的深圳配送区： 
民治南景新村，民治樟坑一区，民治沙吓社区（14:00前下单，当天配送到社区合作点门口）

产地源头鲜果直摘配送，丰媒让您足不出户就能享受到全国各地丰富有营养的、特色的时令水果 ;

2017-07-28 18:26:39 trace :
------------
Array:
from : oKmKPxKBnGN-iFbQdoJbzAjbZ4Fc ;
to : gh_e86b5de80d72 ;
time : 1501237598 ;
type : event ;
event : VIEW ;
tousername : gh_e86b5de80d72 ;
fromusername : oKmKPxKBnGN-iFbQdoJbzAjbZ4Fc ;
createtime : 1501237598 ;
msgtype : event ;
eventkey : http://www.richmei.com/app/index.php?i=65&c=entry&eid=838 ;
menuid : 601494847 ;

2017-07-28 18:26:39 params :
------------
Array:
message : Array ;
module : basic ;
rule : 171 ;
priority : 0 ;
keyword : Array ;

2017-07-28 18:26:39 response :
------------
Array:
FromUserName : gh_e86b5de80d72 ;
ToUserName : oKmKPxKBnGN-iFbQdoJbzAjbZ4Fc ;
MsgType : text ;
Content : 欢迎关注丰媒！/:rose/:rose

丰媒已经开通的深圳配送区： 
民治南景新村，民治樟坑一区，民治沙吓社区（14:00前下单，当天配送到社区合作点门口）

产地源头鲜果直摘配送，丰媒让您足不出户就能享受到全国各地丰富有营养的、特色的时令水果 ;

2017-07-28 18:27:03 trace :
------------
Array:
from : oKmKPxKBnGN-iFbQdoJbzAjbZ4Fc ;
to : gh_e86b5de80d72 ;
time : 1501237623 ;
type : trace ;
event : LOCATION ;
tousername : gh_e86b5de80d72 ;
fromusername : oKmKPxKBnGN-iFbQdoJbzAjbZ4Fc ;
createtime : 1501237623 ;
msgtype : event ;
latitude : 22.635817 ;
longitude : 114.048424 ;
precision : 65.000000 ;
location_x : 22.635817 ;
location_y : 114.048424 ;

2017-07-28 18:27:03 params :
------------
Array:
message : Array ;
module : default ;
rule : -1 ;

2017-07-28 18:27:03 response :
------------
Array:
errno : -1 ;
message : Invaild value ;

2017-07-28 18:27:04 trace :
------------
Array:
from : oKmKPxKBnGN-iFbQdoJbzAjbZ4Fc ;
to : gh_e86b5de80d72 ;
time : 1501237624 ;
type : event ;
event : VIEW ;
tousername : gh_e86b5de80d72 ;
fromusername : oKmKPxKBnGN-iFbQdoJbzAjbZ4Fc ;
createtime : 1501237624 ;
msgtype : event ;
eventkey : http://www.richmei.com/app/index.php?i=65&c=entry&eid=851 ;
menuid : 601494847 ;

2017-07-28 18:27:04 params :
------------
Array:
message : Array ;
module : basic ;
rule : 171 ;
priority : 0 ;
keyword : Array ;

2017-07-28 18:27:04 response :
------------
Array:
FromUserName : gh_e86b5de80d72 ;
ToUserName : oKmKPxKBnGN-iFbQdoJbzAjbZ4Fc ;
MsgType : text ;
Content : 欢迎关注丰媒！/:rose/:rose

丰媒已经开通的深圳配送区： 
民治南景新村，民治樟坑一区，民治沙吓社区（14:00前下单，当天配送到社区合作点门口）

产地源头鲜果直摘配送，丰媒让您足不出户就能享受到全国各地丰富有营养的、特色的时令水果 ;

2017-07-28 18:27:24 trace :
------------
Array:
from : oKmKPxKBnGN-iFbQdoJbzAjbZ4Fc ;
to : gh_e86b5de80d72 ;
time : 1501237644 ;
type : event ;
event : TEMPLATESENDJOBFINISH ;
tousername : gh_e86b5de80d72 ;
fromusername : oKmKPxKBnGN-iFbQdoJbzAjbZ4Fc ;
createtime : 1501237644 ;
msgtype : event ;
msgid : 602092024 ;
status : success ;

2017-07-28 18:27:24 params :
------------
Array:
message : Array ;
module : basic ;
rule : 171 ;
priority : 0 ;
keyword : Array ;

2017-07-28 18:27:24 response :
------------
Array:
FromUserName : gh_e86b5de80d72 ;
ToUserName : oKmKPxKBnGN-iFbQdoJbzAjbZ4Fc ;
MsgType : text ;
Content : 欢迎关注丰媒！/:rose/:rose

丰媒已经开通的深圳配送区： 
民治南景新村，民治樟坑一区，民治沙吓社区（14:00前下单，当天配送到社区合作点门口）

产地源头鲜果直摘配送，丰媒让您足不出户就能享受到全国各地丰富有营养的、特色的时令水果 ;

2017-07-28 18:27:25 trace :
------------
Array:
from : oKmKPxKBnGN-iFbQdoJbzAjbZ4Fc ;
to : gh_e86b5de80d72 ;
time : 1501237644 ;
type : event ;
event : TEMPLATESENDJOBFINISH ;
tousername : gh_e86b5de80d72 ;
fromusername : oKmKPxKBnGN-iFbQdoJbzAjbZ4Fc ;
createtime : 1501237644 ;
msgtype : event ;
msgid : 602092025 ;
status : success ;

2017-07-28 18:27:25 params :
------------
Array:
message : Array ;
module : basic ;
rule : 171 ;
priority : 0 ;
keyword : Array ;

2017-07-28 18:27:25 response :
------------
Array:
FromUserName : gh_e86b5de80d72 ;
ToUserName : oKmKPxKBnGN-iFbQdoJbzAjbZ4Fc ;
MsgType : text ;
Content : 欢迎关注丰媒！/:rose/:rose

丰媒已经开通的深圳配送区： 
民治南景新村，民治樟坑一区，民治沙吓社区（14:00前下单，当天配送到社区合作点门口）

产地源头鲜果直摘配送，丰媒让您足不出户就能享受到全国各地丰富有营养的、特色的时令水果 ;

2017-07-28 18:27:25 trace :
------------
Array:
from : oKmKPxKBnGN-iFbQdoJbzAjbZ4Fc ;
to : gh_e86b5de80d72 ;
time : 1501237644 ;
type : event ;
event : TEMPLATESENDJOBFINISH ;
tousername : gh_e86b5de80d72 ;
fromusername : oKmKPxKBnGN-iFbQdoJbzAjbZ4Fc ;
createtime : 1501237644 ;
msgtype : event ;
msgid : 602092026 ;
status : success ;

2017-07-28 18:27:25 params :
------------
Array:
message : Array ;
module : basic ;
rule : 171 ;
priority : 0 ;
keyword : Array ;

2017-07-28 18:27:25 response :
------------
Array:
FromUserName : gh_e86b5de80d72 ;
ToUserName : oKmKPxKBnGN-iFbQdoJbzAjbZ4Fc ;
MsgType : text ;
Content : 欢迎关注丰媒！/:rose/:rose

丰媒已经开通的深圳配送区： 
民治南景新村，民治樟坑一区，民治沙吓社区（14:00前下单，当天配送到社区合作点门口）

产地源头鲜果直摘配送，丰媒让您足不出户就能享受到全国各地丰富有营养的、特色的时令水果 ;

2017-07-28 18:31:04 trace :
------------
Array:
from : oKmKPxKBnGN-iFbQdoJbzAjbZ4Fc ;
to : gh_e86b5de80d72 ;
time : 1501237864 ;
type : trace ;
event : LOCATION ;
tousername : gh_e86b5de80d72 ;
fromusername : oKmKPxKBnGN-iFbQdoJbzAjbZ4Fc ;
createtime : 1501237864 ;
msgtype : event ;
latitude : 22.635883 ;
longitude : 114.048439 ;
precision : 10.000000 ;
location_x : 22.635883 ;
location_y : 114.048439 ;

2017-07-28 18:31:04 params :
------------
Array:
message : Array ;
module : default ;
rule : -1 ;

2017-07-28 18:31:04 response :
------------
Array:
errno : -1 ;
message : Invaild value ;

2017-07-28 18:31:05 trace :
------------
Array:
from : oKmKPxKBnGN-iFbQdoJbzAjbZ4Fc ;
to : gh_e86b5de80d72 ;
time : 1501237865 ;
type : event ;
event : VIEW ;
tousername : gh_e86b5de80d72 ;
fromusername : oKmKPxKBnGN-iFbQdoJbzAjbZ4Fc ;
createtime : 1501237865 ;
msgtype : event ;
eventkey : http://www.richmei.com/app/index.php?i=65&c=entry&eid=838 ;
menuid : 601494847 ;

2017-07-28 18:31:05 params :
------------
Array:
message : Array ;
module : basic ;
rule : 171 ;
priority : 0 ;
keyword : Array ;

2017-07-28 18:31:05 response :
------------
Array:
FromUserName : gh_e86b5de80d72 ;
ToUserName : oKmKPxKBnGN-iFbQdoJbzAjbZ4Fc ;
MsgType : text ;
Content : 欢迎关注丰媒！/:rose/:rose

丰媒已经开通的深圳配送区： 
民治南景新村，民治樟坑一区，民治沙吓社区（14:00前下单，当天配送到社区合作点门口）

产地源头鲜果直摘配送，丰媒让您足不出户就能享受到全国各地丰富有营养的、特色的时令水果 ;

2017-07-28 18:33:42 trace :
------------
Array:
from : oKmKPxKBnGN-iFbQdoJbzAjbZ4Fc ;
to : gh_e86b5de80d72 ;
time : 1501238022 ;
type : event ;
event : VIEW ;
tousername : gh_e86b5de80d72 ;
fromusername : oKmKPxKBnGN-iFbQdoJbzAjbZ4Fc ;
createtime : 1501238022 ;
msgtype : event ;
eventkey : http://www.richmei.com/app/index.php?i=65&c=entry&eid=851 ;
menuid : 601494847 ;

2017-07-28 18:33:42 params :
------------
Array:
message : Array ;
module : basic ;
rule : 171 ;
priority : 0 ;
keyword : Array ;

2017-07-28 18:33:42 response :
------------
Array:
FromUserName : gh_e86b5de80d72 ;
ToUserName : oKmKPxKBnGN-iFbQdoJbzAjbZ4Fc ;
MsgType : text ;
Content : 欢迎关注丰媒！/:rose/:rose

丰媒已经开通的深圳配送区： 
民治南景新村，民治樟坑一区，民治沙吓社区（14:00前下单，当天配送到社区合作点门口）

产地源头鲜果直摘配送，丰媒让您足不出户就能享受到全国各地丰富有营养的、特色的时令水果 ;

2017-07-28 18:34:02 trace :
------------
Array:
from : oKmKPxKBnGN-iFbQdoJbzAjbZ4Fc ;
to : gh_e86b5de80d72 ;
time : 1501238042 ;
type : event ;
event : VIEW ;
tousername : gh_e86b5de80d72 ;
fromusername : oKmKPxKBnGN-iFbQdoJbzAjbZ4Fc ;
createtime : 1501238042 ;
msgtype : event ;
eventkey : http://www.richmei.com/app/index.php?i=65&c=entry&eid=838 ;
menuid : 601494847 ;

2017-07-28 18:34:02 params :
------------
Array:
message : Array ;
module : basic ;
rule : 171 ;
priority : 0 ;
keyword : Array ;

2017-07-28 18:34:02 response :
------------
Array:
FromUserName : gh_e86b5de80d72 ;
ToUserName : oKmKPxKBnGN-iFbQdoJbzAjbZ4Fc ;
MsgType : text ;
Content : 欢迎关注丰媒！/:rose/:rose

丰媒已经开通的深圳配送区： 
民治南景新村，民治樟坑一区，民治沙吓社区（14:00前下单，当天配送到社区合作点门口）

产地源头鲜果直摘配送，丰媒让您足不出户就能享受到全国各地丰富有营养的、特色的时令水果 ;

2017-07-28 18:34:22 trace :
------------
Array:
from : oKmKPxKBnGN-iFbQdoJbzAjbZ4Fc ;
to : gh_e86b5de80d72 ;
time : 1501238061 ;
type : trace ;
event : LOCATION ;
tousername : gh_e86b5de80d72 ;
fromusername : oKmKPxKBnGN-iFbQdoJbzAjbZ4Fc ;
createtime : 1501238061 ;
msgtype : event ;
latitude : 22.635845 ;
longitude : 114.048370 ;
precision : 65.000000 ;
location_x : 22.635845 ;
location_y : 114.048370 ;

2017-07-28 18:34:22 params :
------------
Array:
message : Array ;
module : default ;
rule : -1 ;

2017-07-28 18:34:22 response :
------------
Array:
errno : -1 ;
message : Invaild value ;

2017-07-28 18:34:23 trace :
------------
Array:
from : oKmKPxKBnGN-iFbQdoJbzAjbZ4Fc ;
to : gh_e86b5de80d72 ;
time : 1501238062 ;
type : event ;
event : VIEW ;
tousername : gh_e86b5de80d72 ;
fromusername : oKmKPxKBnGN-iFbQdoJbzAjbZ4Fc ;
createtime : 1501238062 ;
msgtype : event ;
eventkey : http://www.richmei.com/app/index.php?i=65&c=entry&eid=838 ;
menuid : 601494847 ;

2017-07-28 18:34:23 params :
------------
Array:
message : Array ;
module : basic ;
rule : 171 ;
priority : 0 ;
keyword : Array ;

2017-07-28 18:34:23 response :
------------
Array:
FromUserName : gh_e86b5de80d72 ;
ToUserName : oKmKPxKBnGN-iFbQdoJbzAjbZ4Fc ;
MsgType : text ;
Content : 欢迎关注丰媒！/:rose/:rose

丰媒已经开通的深圳配送区： 
民治南景新村，民治樟坑一区，民治沙吓社区（14:00前下单，当天配送到社区合作点门口）

产地源头鲜果直摘配送，丰媒让您足不出户就能享受到全国各地丰富有营养的、特色的时令水果 ;

2017-07-28 18:39:57 trace :
------------
Array:
from : oKmKPxKBnGN-iFbQdoJbzAjbZ4Fc ;
to : gh_e86b5de80d72 ;
time : 1501238396 ;
type : trace ;
event : LOCATION ;
tousername : gh_e86b5de80d72 ;
fromusername : oKmKPxKBnGN-iFbQdoJbzAjbZ4Fc ;
createtime : 1501238396 ;
msgtype : event ;
latitude : 22.635885 ;
longitude : 114.048332 ;
precision : 65.000000 ;
location_x : 22.635885 ;
location_y : 114.048332 ;

2017-07-28 18:39:57 params :
------------
Array:
message : Array ;
module : default ;
rule : -1 ;

2017-07-28 18:39:57 response :
------------
Array:
errno : -1 ;
message : Invaild value ;

2017-07-28 18:40:00 trace :
------------
Array:
from : oKmKPxKBnGN-iFbQdoJbzAjbZ4Fc ;
to : gh_e86b5de80d72 ;
time : 1501238399 ;
type : event ;
event : VIEW ;
tousername : gh_e86b5de80d72 ;
fromusername : oKmKPxKBnGN-iFbQdoJbzAjbZ4Fc ;
createtime : 1501238399 ;
msgtype : event ;
eventkey : http://www.richmei.com/app/index.php?i=65&c=entry&eid=838 ;
menuid : 601494847 ;

2017-07-28 18:40:00 params :
------------
Array:
message : Array ;
module : basic ;
rule : 171 ;
priority : 0 ;
keyword : Array ;

2017-07-28 18:40:00 response :
------------
Array:
FromUserName : gh_e86b5de80d72 ;
ToUserName : oKmKPxKBnGN-iFbQdoJbzAjbZ4Fc ;
MsgType : text ;
Content : 欢迎关注丰媒！/:rose/:rose

丰媒已经开通的深圳配送区： 
民治南景新村，民治樟坑一区，民治沙吓社区（14:00前下单，当天配送到社区合作点门口）

产地源头鲜果直摘配送，丰媒让您足不出户就能享受到全国各地丰富有营养的、特色的时令水果 ;

2017-07-28 18:41:08 trace :
------------
Array:
from : oKmKPxKBnGN-iFbQdoJbzAjbZ4Fc ;
to : gh_e86b5de80d72 ;
time : 1501238468 ;
type : event ;
event : VIEW ;
tousername : gh_e86b5de80d72 ;
fromusername : oKmKPxKBnGN-iFbQdoJbzAjbZ4Fc ;
createtime : 1501238468 ;
msgtype : event ;
eventkey : http://www.richmei.com/app/index.php?i=65&c=entry&eid=851 ;
menuid : 601494847 ;

2017-07-28 18:41:08 params :
------------
Array:
message : Array ;
module : basic ;
rule : 171 ;
priority : 0 ;
keyword : Array ;

2017-07-28 18:41:08 response :
------------
Array:
FromUserName : gh_e86b5de80d72 ;
ToUserName : oKmKPxKBnGN-iFbQdoJbzAjbZ4Fc ;
MsgType : text ;
Content : 欢迎关注丰媒！/:rose/:rose

丰媒已经开通的深圳配送区： 
民治南景新村，民治樟坑一区，民治沙吓社区（14:00前下单，当天配送到社区合作点门口）

产地源头鲜果直摘配送，丰媒让您足不出户就能享受到全国各地丰富有营养的、特色的时令水果 ;

2017-07-28 18:41:19 trace :
------------
Array:
from : oKmKPxKBnGN-iFbQdoJbzAjbZ4Fc ;
to : gh_e86b5de80d72 ;
time : 1501238478 ;
type : trace ;
event : LOCATION ;
tousername : gh_e86b5de80d72 ;
fromusername : oKmKPxKBnGN-iFbQdoJbzAjbZ4Fc ;
createtime : 1501238478 ;
msgtype : event ;
latitude : 22.635927 ;
longitude : 114.048378 ;
precision : 65.000000 ;
location_x : 22.635927 ;
location_y : 114.048378 ;

2017-07-28 18:41:19 params :
------------
Array:
message : Array ;
module : default ;
rule : -1 ;

2017-07-28 18:41:19 response :
------------
Array:
errno : -1 ;
message : Invaild value ;

2017-07-28 18:41:21 trace :
------------
Array:
from : oKmKPxKBnGN-iFbQdoJbzAjbZ4Fc ;
to : gh_e86b5de80d72 ;
time : 1501238480 ;
type : event ;
event : VIEW ;
tousername : gh_e86b5de80d72 ;
fromusername : oKmKPxKBnGN-iFbQdoJbzAjbZ4Fc ;
createtime : 1501238480 ;
msgtype : event ;
eventkey : http://www.richmei.com/app/index.php?i=65&c=entry&eid=838 ;
menuid : 601494847 ;

2017-07-28 18:41:21 params :
------------
Array:
message : Array ;
module : basic ;
rule : 171 ;
priority : 0 ;
keyword : Array ;

2017-07-28 18:41:21 response :
------------
Array:
FromUserName : gh_e86b5de80d72 ;
ToUserName : oKmKPxKBnGN-iFbQdoJbzAjbZ4Fc ;
MsgType : text ;
Content : 欢迎关注丰媒！/:rose/:rose

丰媒已经开通的深圳配送区： 
民治南景新村，民治樟坑一区，民治沙吓社区（14:00前下单，当天配送到社区合作点门口）

产地源头鲜果直摘配送，丰媒让您足不出户就能享受到全国各地丰富有营养的、特色的时令水果 ;

2017-07-28 18:42:24 trace :
------------
Array:
from : oKmKPxKBnGN-iFbQdoJbzAjbZ4Fc ;
to : gh_e86b5de80d72 ;
time : 1501238544 ;
type : trace ;
event : LOCATION ;
tousername : gh_e86b5de80d72 ;
fromusername : oKmKPxKBnGN-iFbQdoJbzAjbZ4Fc ;
createtime : 1501238544 ;
msgtype : event ;
latitude : 22.635851 ;
longitude : 114.048340 ;
precision : 10.000000 ;
location_x : 22.635851 ;
location_y : 114.048340 ;

2017-07-28 18:42:24 params :
------------
Array:
message : Array ;
module : default ;
rule : -1 ;

2017-07-28 18:42:24 response :
------------
Array:
errno : -1 ;
message : Invaild value ;

2017-07-28 18:42:26 trace :
------------
Array:
from : oKmKPxKBnGN-iFbQdoJbzAjbZ4Fc ;
to : gh_e86b5de80d72 ;
time : 1501238545 ;
type : event ;
event : VIEW ;
tousername : gh_e86b5de80d72 ;
fromusername : oKmKPxKBnGN-iFbQdoJbzAjbZ4Fc ;
createtime : 1501238545 ;
msgtype : event ;
eventkey : http://www.richmei.com/app/index.php?i=65&c=entry&eid=851 ;
menuid : 601494847 ;

2017-07-28 18:42:26 params :
------------
Array:
message : Array ;
module : basic ;
rule : 171 ;
priority : 0 ;
keyword : Array ;

2017-07-28 18:42:26 response :
------------
Array:
FromUserName : gh_e86b5de80d72 ;
ToUserName : oKmKPxKBnGN-iFbQdoJbzAjbZ4Fc ;
MsgType : text ;
Content : 欢迎关注丰媒！/:rose/:rose

丰媒已经开通的深圳配送区： 
民治南景新村，民治樟坑一区，民治沙吓社区（14:00前下单，当天配送到社区合作点门口）

产地源头鲜果直摘配送，丰媒让您足不出户就能享受到全国各地丰富有营养的、特色的时令水果 ;

2017-07-28 18:44:52 trace :
------------
Array:
from : oKmKPxKBnGN-iFbQdoJbzAjbZ4Fc ;
to : gh_e86b5de80d72 ;
time : 1501238692 ;
type : trace ;
event : LOCATION ;
tousername : gh_e86b5de80d72 ;
fromusername : oKmKPxKBnGN-iFbQdoJbzAjbZ4Fc ;
createtime : 1501238692 ;
msgtype : event ;
latitude : 22.635883 ;
longitude : 114.048302 ;
precision : 10.000000 ;
location_x : 22.635883 ;
location_y : 114.048302 ;

2017-07-28 18:44:52 params :
------------
Array:
message : Array ;
module : default ;
rule : -1 ;

2017-07-28 18:44:52 response :
------------
Array:
errno : -1 ;
message : Invaild value ;

2017-07-28 18:44:53 trace :
------------
Array:
from : oKmKPxKBnGN-iFbQdoJbzAjbZ4Fc ;
to : gh_e86b5de80d72 ;
time : 1501238692 ;
type : event ;
event : VIEW ;
tousername : gh_e86b5de80d72 ;
fromusername : oKmKPxKBnGN-iFbQdoJbzAjbZ4Fc ;
createtime : 1501238692 ;
msgtype : event ;
eventkey : http://www.richmei.com/app/index.php?i=65&c=entry&eid=851 ;
menuid : 601494847 ;

2017-07-28 18:44:53 params :
------------
Array:
message : Array ;
module : basic ;
rule : 171 ;
priority : 0 ;
keyword : Array ;

2017-07-28 18:44:53 response :
------------
Array:
FromUserName : gh_e86b5de80d72 ;
ToUserName : oKmKPxKBnGN-iFbQdoJbzAjbZ4Fc ;
MsgType : text ;
Content : 欢迎关注丰媒！/:rose/:rose

丰媒已经开通的深圳配送区： 
民治南景新村，民治樟坑一区，民治沙吓社区（14:00前下单，当天配送到社区合作点门口）

产地源头鲜果直摘配送，丰媒让您足不出户就能享受到全国各地丰富有营养的、特色的时令水果 ;

2017-07-28 18:44:57 trace :
------------
Array:
from : oKmKPxKBnGN-iFbQdoJbzAjbZ4Fc ;
to : gh_e86b5de80d72 ;
time : 1501238697 ;
type : event ;
event : VIEW ;
tousername : gh_e86b5de80d72 ;
fromusername : oKmKPxKBnGN-iFbQdoJbzAjbZ4Fc ;
createtime : 1501238697 ;
msgtype : event ;
eventkey : http://www.richmei.com/app/index.php?i=65&c=entry&eid=838 ;
menuid : 601494847 ;

2017-07-28 18:44:57 params :
------------
Array:
message : Array ;
module : basic ;
rule : 171 ;
priority : 0 ;
keyword : Array ;

2017-07-28 18:44:57 response :
------------
Array:
FromUserName : gh_e86b5de80d72 ;
ToUserName : oKmKPxKBnGN-iFbQdoJbzAjbZ4Fc ;
MsgType : text ;
Content : 欢迎关注丰媒！/:rose/:rose

丰媒已经开通的深圳配送区： 
民治南景新村，民治樟坑一区，民治沙吓社区（14:00前下单，当天配送到社区合作点门口）

产地源头鲜果直摘配送，丰媒让您足不出户就能享受到全国各地丰富有营养的、特色的时令水果 ;

2017-07-28 18:52:20 trace :
------------
Array:
from : oKmKPxKBnGN-iFbQdoJbzAjbZ4Fc ;
to : gh_e86b5de80d72 ;
time : 1501239139 ;
type : event ;
event : VIEW ;
tousername : gh_e86b5de80d72 ;
fromusername : oKmKPxKBnGN-iFbQdoJbzAjbZ4Fc ;
createtime : 1501239139 ;
msgtype : event ;
eventkey : http://www.richmei.com/app/index.php?i=65&c=entry&eid=838 ;
menuid : 601494847 ;

2017-07-28 18:52:20 params :
------------
Array:
message : Array ;
module : basic ;
rule : 171 ;
priority : 0 ;
keyword : Array ;

2017-07-28 18:52:20 response :
------------
Array:
FromUserName : gh_e86b5de80d72 ;
ToUserName : oKmKPxKBnGN-iFbQdoJbzAjbZ4Fc ;
MsgType : text ;
Content : 欢迎关注丰媒！/:rose/:rose

丰媒已经开通的深圳配送区： 
民治南景新村，民治樟坑一区，民治沙吓社区（14:00前下单，当天配送到社区合作点门口）

产地源头鲜果直摘配送，丰媒让您足不出户就能享受到全国各地丰富有营养的、特色的时令水果 ;

2017-07-28 18:54:29 trace :
------------
Array:
from : oKmKPxKBnGN-iFbQdoJbzAjbZ4Fc ;
to : gh_e86b5de80d72 ;
time : 1501239269 ;
type : trace ;
event : LOCATION ;
tousername : gh_e86b5de80d72 ;
fromusername : oKmKPxKBnGN-iFbQdoJbzAjbZ4Fc ;
createtime : 1501239269 ;
msgtype : event ;
latitude : 22.635920 ;
longitude : 114.048393 ;
precision : 65.000000 ;
location_x : 22.635920 ;
location_y : 114.048393 ;

2017-07-28 18:54:29 params :
------------
Array:
message : Array ;
module : default ;
rule : -1 ;

2017-07-28 18:54:29 response :
------------
Array:
errno : -1 ;
message : Invaild value ;

2017-07-28 18:54:31 trace :
------------
Array:
from : oKmKPxKBnGN-iFbQdoJbzAjbZ4Fc ;
to : gh_e86b5de80d72 ;
time : 1501239270 ;
type : event ;
event : VIEW ;
tousername : gh_e86b5de80d72 ;
fromusername : oKmKPxKBnGN-iFbQdoJbzAjbZ4Fc ;
createtime : 1501239270 ;
msgtype : event ;
eventkey : http://www.richmei.com/app/index.php?i=65&c=entry&eid=838 ;
menuid : 601494847 ;

2017-07-28 18:54:31 params :
------------
Array:
message : Array ;
module : basic ;
rule : 171 ;
priority : 0 ;
keyword : Array ;

2017-07-28 18:54:31 response :
------------
Array:
FromUserName : gh_e86b5de80d72 ;
ToUserName : oKmKPxKBnGN-iFbQdoJbzAjbZ4Fc ;
MsgType : text ;
Content : 欢迎关注丰媒！/:rose/:rose

丰媒已经开通的深圳配送区： 
民治南景新村，民治樟坑一区，民治沙吓社区（14:00前下单，当天配送到社区合作点门口）

产地源头鲜果直摘配送，丰媒让您足不出户就能享受到全国各地丰富有营养的、特色的时令水果 ;

2017-07-28 18:55:26 trace :
------------
Array:
from : oKmKPxKBnGN-iFbQdoJbzAjbZ4Fc ;
to : gh_e86b5de80d72 ;
time : 1501239325 ;
type : event ;
event : VIEW ;
tousername : gh_e86b5de80d72 ;
fromusername : oKmKPxKBnGN-iFbQdoJbzAjbZ4Fc ;
createtime : 1501239325 ;
msgtype : event ;
eventkey : http://www.richmei.com/app/index.php?i=65&c=entry&eid=838 ;
menuid : 601494847 ;

2017-07-28 18:55:26 params :
------------
Array:
message : Array ;
module : basic ;
rule : 171 ;
priority : 0 ;
keyword : Array ;

2017-07-28 18:55:26 response :
------------
Array:
FromUserName : gh_e86b5de80d72 ;
ToUserName : oKmKPxKBnGN-iFbQdoJbzAjbZ4Fc ;
MsgType : text ;
Content : 欢迎关注丰媒！/:rose/:rose

丰媒已经开通的深圳配送区： 
民治南景新村，民治樟坑一区，民治沙吓社区（14:00前下单，当天配送到社区合作点门口）

产地源头鲜果直摘配送，丰媒让您足不出户就能享受到全国各地丰富有营养的、特色的时令水果 ;

2017-07-28 19:01:58 trace :
------------
Array:
from : oKmKPxKBnGN-iFbQdoJbzAjbZ4Fc ;
to : gh_e86b5de80d72 ;
time : 1501239717 ;
type : trace ;
event : LOCATION ;
tousername : gh_e86b5de80d72 ;
fromusername : oKmKPxKBnGN-iFbQdoJbzAjbZ4Fc ;
createtime : 1501239717 ;
msgtype : event ;
latitude : 22.635923 ;
longitude : 114.048347 ;
precision : 65.000000 ;
location_x : 22.635923 ;
location_y : 114.048347 ;

2017-07-28 19:01:58 params :
------------
Array:
message : Array ;
module : default ;
rule : -1 ;

2017-07-28 19:01:58 response :
------------
Array:
errno : -1 ;
message : Invaild value ;

2017-07-28 19:01:59 trace :
------------
Array:
from : oKmKPxKBnGN-iFbQdoJbzAjbZ4Fc ;
to : gh_e86b5de80d72 ;
time : 1501239719 ;
type : event ;
event : VIEW ;
tousername : gh_e86b5de80d72 ;
fromusername : oKmKPxKBnGN-iFbQdoJbzAjbZ4Fc ;
createtime : 1501239719 ;
msgtype : event ;
eventkey : http://www.richmei.com/app/index.php?i=65&c=entry&eid=851 ;
menuid : 601494847 ;

2017-07-28 19:01:59 params :
------------
Array:
message : Array ;
module : basic ;
rule : 171 ;
priority : 0 ;
keyword : Array ;

2017-07-28 19:01:59 response :
------------
Array:
FromUserName : gh_e86b5de80d72 ;
ToUserName : oKmKPxKBnGN-iFbQdoJbzAjbZ4Fc ;
MsgType : text ;
Content : 欢迎关注丰媒！/:rose/:rose

丰媒已经开通的深圳配送区： 
民治南景新村，民治樟坑一区，民治沙吓社区（14:00前下单，当天配送到社区合作点门口）

产地源头鲜果直摘配送，丰媒让您足不出户就能享受到全国各地丰富有营养的、特色的时令水果 ;

2017-07-28 19:05:10 trace :
------------
Array:
from : oKmKPxKBnGN-iFbQdoJbzAjbZ4Fc ;
to : gh_e86b5de80d72 ;
time : 1501239910 ;
type : trace ;
event : LOCATION ;
tousername : gh_e86b5de80d72 ;
fromusername : oKmKPxKBnGN-iFbQdoJbzAjbZ4Fc ;
createtime : 1501239910 ;
msgtype : event ;
latitude : 22.635868 ;
longitude : 114.048447 ;
precision : 10.000000 ;
location_x : 22.635868 ;
location_y : 114.048447 ;

2017-07-28 19:05:10 params :
------------
Array:
message : Array ;
module : default ;
rule : -1 ;

2017-07-28 19:05:10 response :
------------
Array:
errno : -1 ;
message : Invaild value ;

2017-07-28 19:20:44 trace :
------------
Array:
from : oKmKPxJJjxV2jmiT2_UoDI3qK4Lc ;
to : gh_e86b5de80d72 ;
time : 1501240844 ;
type : event ;
event : subscribe ;
tousername : gh_e86b5de80d72 ;
fromusername : oKmKPxJJjxV2jmiT2_UoDI3qK4Lc ;
createtime : 1501240844 ;
msgtype : event ;
eventkey :  ;

2017-07-28 19:20:44 params :
------------
Array:
message : Array ;
module : basic ;
rule : 171 ;
priority : 0 ;
keyword : Array ;

2017-07-28 19:20:44 response :
------------
Array:
FromUserName : gh_e86b5de80d72 ;
ToUserName : oKmKPxJJjxV2jmiT2_UoDI3qK4Lc ;
MsgType : text ;
Content : 欢迎关注丰媒！/:rose/:rose

丰媒已经开通的深圳配送区： 
民治南景新村，民治樟坑一区，民治沙吓社区（14:00前下单，当天配送到社区合作点门口）

产地源头鲜果直摘配送，丰媒让您足不出户就能享受到全国各地丰富有营养的、特色的时令水果 ;

2017-07-28 19:20:49 trace :
------------
Array:
from : oKmKPxJJjxV2jmiT2_UoDI3qK4Lc ;
to : gh_e86b5de80d72 ;
time : 1501240848 ;
type : trace ;
event : LOCATION ;
tousername : gh_e86b5de80d72 ;
fromusername : oKmKPxJJjxV2jmiT2_UoDI3qK4Lc ;
createtime : 1501240848 ;
msgtype : event ;
latitude : 22.635332 ;
longitude : 114.045937 ;
precision : 500.000000 ;
location_x : 22.635332 ;
location_y : 114.045937 ;

2017-07-28 19:20:49 params :
------------
Array:
message : Array ;
module : default ;
rule : -1 ;

2017-07-28 19:20:49 response :
------------
Array:
errno : -1 ;
message : Invaild value ;

2017-07-28 19:20:49 trace :
------------
Array:
from : oKmKPxJJjxV2jmiT2_UoDI3qK4Lc ;
to : gh_e86b5de80d72 ;
time : 1501240848 ;
type : event ;
event : VIEW ;
tousername : gh_e86b5de80d72 ;
fromusername : oKmKPxJJjxV2jmiT2_UoDI3qK4Lc ;
createtime : 1501240848 ;
msgtype : event ;
eventkey : http://www.richmei.com/app/index.php?i=65&c=entry&eid=851 ;
menuid : 601494847 ;

2017-07-28 19:20:49 params :
------------
Array:
message : Array ;
module : basic ;
rule : 171 ;
priority : 0 ;
keyword : Array ;

2017-07-28 19:20:49 response :
------------
Array:
FromUserName : gh_e86b5de80d72 ;
ToUserName : oKmKPxJJjxV2jmiT2_UoDI3qK4Lc ;
MsgType : text ;
Content : 欢迎关注丰媒！/:rose/:rose

丰媒已经开通的深圳配送区： 
民治南景新村，民治樟坑一区，民治沙吓社区（14:00前下单，当天配送到社区合作点门口）

产地源头鲜果直摘配送，丰媒让您足不出户就能享受到全国各地丰富有营养的、特色的时令水果 ;

2017-07-28 19:22:02 trace :
------------
Array:
from : oKmKPxJJjxV2jmiT2_UoDI3qK4Lc ;
to : gh_e86b5de80d72 ;
time : 1501240922 ;
type : trace ;
event : LOCATION ;
tousername : gh_e86b5de80d72 ;
fromusername : oKmKPxJJjxV2jmiT2_UoDI3qK4Lc ;
createtime : 1501240922 ;
msgtype : event ;
latitude : 22.635332 ;
longitude : 114.045937 ;
precision : 500.000000 ;
location_x : 22.635332 ;
location_y : 114.045937 ;

2017-07-28 19:22:02 params :
------------
Array:
message : Array ;
module : default ;
rule : -1 ;

2017-07-28 19:22:02 response :
------------
Array:
errno : -1 ;
message : Invaild value ;

2017-07-28 19:22:04 trace :
------------
Array:
from : oKmKPxJJjxV2jmiT2_UoDI3qK4Lc ;
to : gh_e86b5de80d72 ;
time : 1501240924 ;
type : event ;
event : VIEW ;
tousername : gh_e86b5de80d72 ;
fromusername : oKmKPxJJjxV2jmiT2_UoDI3qK4Lc ;
createtime : 1501240924 ;
msgtype : event ;
eventkey : http://www.richmei.com/app/index.php?i=65&c=entry&eid=838 ;
menuid : 601494847 ;

2017-07-28 19:22:04 params :
------------
Array:
message : Array ;
module : basic ;
rule : 171 ;
priority : 0 ;
keyword : Array ;

2017-07-28 19:22:04 response :
------------
Array:
FromUserName : gh_e86b5de80d72 ;
ToUserName : oKmKPxJJjxV2jmiT2_UoDI3qK4Lc ;
MsgType : text ;
Content : 欢迎关注丰媒！/:rose/:rose

丰媒已经开通的深圳配送区： 
民治南景新村，民治樟坑一区，民治沙吓社区（14:00前下单，当天配送到社区合作点门口）

产地源头鲜果直摘配送，丰媒让您足不出户就能享受到全国各地丰富有营养的、特色的时令水果 ;

2017-07-28 19:22:30 trace :
------------
Array:
from : oKmKPxJJjxV2jmiT2_UoDI3qK4Lc ;
to : gh_e86b5de80d72 ;
time : 1501240949 ;
type : trace ;
event : LOCATION ;
tousername : gh_e86b5de80d72 ;
fromusername : oKmKPxJJjxV2jmiT2_UoDI3qK4Lc ;
createtime : 1501240949 ;
msgtype : event ;
latitude : 22.635332 ;
longitude : 114.045937 ;
precision : 500.000000 ;
location_x : 22.635332 ;
location_y : 114.045937 ;

2017-07-28 19:22:30 params :
------------
Array:
message : Array ;
module : default ;
rule : -1 ;

2017-07-28 19:22:30 response :
------------
Array:
errno : -1 ;
message : Invaild value ;

2017-07-28 20:33:12 trace :
------------
Array:
from : oKmKPxKBnGN-iFbQdoJbzAjbZ4Fc ;
to : gh_e86b5de80d72 ;
time : 1501245192 ;
type : event ;
event : VIEW ;
tousername : gh_e86b5de80d72 ;
fromusername : oKmKPxKBnGN-iFbQdoJbzAjbZ4Fc ;
createtime : 1501245192 ;
msgtype : event ;
eventkey : http://www.richmei.com/app/index.php?i=65&c=entry&eid=851 ;
menuid : 601494847 ;

2017-07-28 20:33:12 params :
------------
Array:
message : Array ;
module : basic ;
rule : 171 ;
priority : 0 ;
keyword : Array ;

2017-07-28 20:33:12 response :
------------
Array:
FromUserName : gh_e86b5de80d72 ;
ToUserName : oKmKPxKBnGN-iFbQdoJbzAjbZ4Fc ;
MsgType : text ;
Content : 欢迎关注丰媒！/:rose/:rose

丰媒已经开通的深圳配送区： 
民治南景新村，民治樟坑一区，民治沙吓社区（14:00前下单，当天配送到社区合作点门口）

产地源头鲜果直摘配送，丰媒让您足不出户就能享受到全国各地丰富有营养的、特色的时令水果 ;

2017-07-28 20:33:14 trace :
------------
Array:
from : oKmKPxKBnGN-iFbQdoJbzAjbZ4Fc ;
to : gh_e86b5de80d72 ;
time : 1501245194 ;
type : event ;
event : VIEW ;
tousername : gh_e86b5de80d72 ;
fromusername : oKmKPxKBnGN-iFbQdoJbzAjbZ4Fc ;
createtime : 1501245194 ;
msgtype : event ;
eventkey : http://www.richmei.com/app/index.php?i=65&c=entry&eid=838 ;
menuid : 601494847 ;

2017-07-28 20:33:14 params :
------------
Array:
message : Array ;
module : basic ;
rule : 171 ;
priority : 0 ;
keyword : Array ;

2017-07-28 20:33:14 response :
------------
Array:
FromUserName : gh_e86b5de80d72 ;
ToUserName : oKmKPxKBnGN-iFbQdoJbzAjbZ4Fc ;
MsgType : text ;
Content : 欢迎关注丰媒！/:rose/:rose

丰媒已经开通的深圳配送区： 
民治南景新村，民治樟坑一区，民治沙吓社区（14:00前下单，当天配送到社区合作点门口）

产地源头鲜果直摘配送，丰媒让您足不出户就能享受到全国各地丰富有营养的、特色的时令水果 ;

2017-07-28 20:33:22 trace :
------------
Array:
from : oKmKPxJJjxV2jmiT2_UoDI3qK4Lc ;
to : gh_e86b5de80d72 ;
time : 1501245202 ;
type : event ;
event : TEMPLATESENDJOBFINISH ;
tousername : gh_e86b5de80d72 ;
fromusername : oKmKPxJJjxV2jmiT2_UoDI3qK4Lc ;
createtime : 1501245202 ;
msgtype : event ;
msgid : 602094270 ;
status : success ;

2017-07-28 20:33:22 params :
------------
Array:
message : Array ;
module : basic ;
rule : 171 ;
priority : 0 ;
keyword : Array ;

2017-07-28 20:33:22 response :
------------
Array:
FromUserName : gh_e86b5de80d72 ;
ToUserName : oKmKPxJJjxV2jmiT2_UoDI3qK4Lc ;
MsgType : text ;
Content : 欢迎关注丰媒！/:rose/:rose

丰媒已经开通的深圳配送区： 
民治南景新村，民治樟坑一区，民治沙吓社区（14:00前下单，当天配送到社区合作点门口）

产地源头鲜果直摘配送，丰媒让您足不出户就能享受到全国各地丰富有营养的、特色的时令水果 ;

2017-07-28 20:36:08 trace :
------------
Array:
from : oKmKPxOZqKVeJeyZ0e0SsH_hdUAU ;
to : gh_e86b5de80d72 ;
time : 1501245368 ;
type : event ;
event : TEMPLATESENDJOBFINISH ;
tousername : gh_e86b5de80d72 ;
fromusername : oKmKPxOZqKVeJeyZ0e0SsH_hdUAU ;
createtime : 1501245368 ;
msgtype : event ;
msgid : 602094319 ;
status : success ;

2017-07-28 20:36:08 params :
------------
Array:
message : Array ;
module : basic ;
rule : 171 ;
priority : 0 ;
keyword : Array ;

2017-07-28 20:36:08 response :
------------
Array:
FromUserName : gh_e86b5de80d72 ;
ToUserName : oKmKPxOZqKVeJeyZ0e0SsH_hdUAU ;
MsgType : text ;
Content : 欢迎关注丰媒！/:rose/:rose

丰媒已经开通的深圳配送区： 
民治南景新村，民治樟坑一区，民治沙吓社区（14:00前下单，当天配送到社区合作点门口）

产地源头鲜果直摘配送，丰媒让您足不出户就能享受到全国各地丰富有营养的、特色的时令水果 ;

2017-07-28 20:42:59 trace :
------------
Array:
from : oKmKPxKBnGN-iFbQdoJbzAjbZ4Fc ;
to : gh_e86b5de80d72 ;
time : 1501245778 ;
type : event ;
event : VIEW ;
tousername : gh_e86b5de80d72 ;
fromusername : oKmKPxKBnGN-iFbQdoJbzAjbZ4Fc ;
createtime : 1501245778 ;
msgtype : event ;
eventkey : http://www.richmei.com/app/index.php?i=65&c=entry&eid=838 ;
menuid : 601494847 ;

2017-07-28 20:42:59 params :
------------
Array:
message : Array ;
module : basic ;
rule : 171 ;
priority : 0 ;
keyword : Array ;

2017-07-28 20:42:59 response :
------------
Array:
FromUserName : gh_e86b5de80d72 ;
ToUserName : oKmKPxKBnGN-iFbQdoJbzAjbZ4Fc ;
MsgType : text ;
Content : 欢迎关注丰媒！/:rose/:rose

丰媒已经开通的深圳配送区： 
民治南景新村，民治樟坑一区，民治沙吓社区（14:00前下单，当天配送到社区合作点门口）

产地源头鲜果直摘配送，丰媒让您足不出户就能享受到全国各地丰富有营养的、特色的时令水果 ;

2017-07-28 21:20:40 trace :
------------
Array:
from : oKmKPxOZqKVeJeyZ0e0SsH_hdUAU ;
to : gh_e86b5de80d72 ;
time : 1501248040 ;
type : event ;
event : VIEW ;
tousername : gh_e86b5de80d72 ;
fromusername : oKmKPxOZqKVeJeyZ0e0SsH_hdUAU ;
createtime : 1501248040 ;
msgtype : event ;
eventkey : http://www.richmei.com/app/index.php?i=65&c=entry&eid=838 ;
menuid : 601494847 ;

2017-07-28 21:20:40 params :
------------
Array:
message : Array ;
module : basic ;
rule : 171 ;
priority : 0 ;
keyword : Array ;

2017-07-28 21:20:40 response :
------------
Array:
FromUserName : gh_e86b5de80d72 ;
ToUserName : oKmKPxOZqKVeJeyZ0e0SsH_hdUAU ;
MsgType : text ;
Content : 欢迎关注丰媒！/:rose/:rose

丰媒已经开通的深圳配送区： 
民治南景新村，民治樟坑一区，民治沙吓社区（14:00前下单，当天配送到社区合作点门口）

产地源头鲜果直摘配送，丰媒让您足不出户就能享受到全国各地丰富有营养的、特色的时令水果 ;

2017-07-28 21:20:58 trace :
------------
Array:
from : oKmKPxFDxDL62T-vps2rjMNrL97k ;
to : gh_e86b5de80d72 ;
time : 1501248057 ;
type : trace ;
event : LOCATION ;
tousername : gh_e86b5de80d72 ;
fromusername : oKmKPxFDxDL62T-vps2rjMNrL97k ;
createtime : 1501248057 ;
msgtype : event ;
latitude : 30.672132 ;
longitude : 104.066887 ;
precision : 90.000000 ;
location_x : 30.672132 ;
location_y : 104.066887 ;

2017-07-28 21:20:58 params :
------------
Array:
message : Array ;
module : default ;
rule : -1 ;

2017-07-28 21:20:58 response :
------------
Array:
errno : -1 ;
message : Invaild value ;

2017-07-28 21:20:58 trace :
------------
Array:
from : oKmKPxFDxDL62T-vps2rjMNrL97k ;
to : gh_e86b5de80d72 ;
time : 1501248058 ;
type : event ;
event : VIEW ;
tousername : gh_e86b5de80d72 ;
fromusername : oKmKPxFDxDL62T-vps2rjMNrL97k ;
createtime : 1501248058 ;
msgtype : event ;
eventkey : http://www.richmei.com/app/index.php?i=65&c=entry&eid=838 ;
menuid : 601494847 ;

2017-07-28 21:20:58 params :
------------
Array:
message : Array ;
module : basic ;
rule : 171 ;
priority : 0 ;
keyword : Array ;

2017-07-28 21:20:58 response :
------------
Array:
FromUserName : gh_e86b5de80d72 ;
ToUserName : oKmKPxFDxDL62T-vps2rjMNrL97k ;
MsgType : text ;
Content : 欢迎关注丰媒！/:rose/:rose

丰媒已经开通的深圳配送区： 
民治南景新村，民治樟坑一区，民治沙吓社区（14:00前下单，当天配送到社区合作点门口）

产地源头鲜果直摘配送，丰媒让您足不出户就能享受到全国各地丰富有营养的、特色的时令水果 ;

2017-07-28 21:21:22 trace :
------------
Array:
from : oKmKPxDXk3aEiLWINN8vYJepCLyE ;
to : gh_e86b5de80d72 ;
time : 1501248082 ;
type : event ;
event : VIEW ;
tousername : gh_e86b5de80d72 ;
fromusername : oKmKPxDXk3aEiLWINN8vYJepCLyE ;
createtime : 1501248082 ;
msgtype : event ;
eventkey : http://www.richmei.com/app/index.php?i=65&c=entry&eid=838 ;
menuid : 601494847 ;

2017-07-28 21:21:22 params :
------------
Array:
message : Array ;
module : basic ;
rule : 171 ;
priority : 0 ;
keyword : Array ;

2017-07-28 21:21:22 response :
------------
Array:
FromUserName : gh_e86b5de80d72 ;
ToUserName : oKmKPxDXk3aEiLWINN8vYJepCLyE ;
MsgType : text ;
Content : 欢迎关注丰媒！/:rose/:rose

丰媒已经开通的深圳配送区： 
民治南景新村，民治樟坑一区，民治沙吓社区（14:00前下单，当天配送到社区合作点门口）

产地源头鲜果直摘配送，丰媒让您足不出户就能享受到全国各地丰富有营养的、特色的时令水果 ;

2017-07-28 21:21:36 trace :
------------
Array:
from : oKmKPxFDxDL62T-vps2rjMNrL97k ;
to : gh_e86b5de80d72 ;
time : 1501248095 ;
type : trace ;
event : LOCATION ;
tousername : gh_e86b5de80d72 ;
fromusername : oKmKPxFDxDL62T-vps2rjMNrL97k ;
createtime : 1501248095 ;
msgtype : event ;
latitude : 30.672132 ;
longitude : 104.066887 ;
precision : 90.000000 ;
location_x : 30.672132 ;
location_y : 104.066887 ;

2017-07-28 21:21:36 params :
------------
Array:
message : Array ;
module : default ;
rule : -1 ;

2017-07-28 21:21:36 response :
------------
Array:
errno : -1 ;
message : Invaild value ;

2017-07-28 21:29:47 trace :
------------
Array:
from : oKmKPxOZqKVeJeyZ0e0SsH_hdUAU ;
to : gh_e86b5de80d72 ;
time : 1501248586 ;
type : trace ;
event : LOCATION ;
tousername : gh_e86b5de80d72 ;
fromusername : oKmKPxOZqKVeJeyZ0e0SsH_hdUAU ;
createtime : 1501248586 ;
msgtype : event ;
latitude : 30.671877 ;
longitude : 104.066818 ;
precision : 110.000000 ;
location_x : 30.671877 ;
location_y : 104.066818 ;

2017-07-28 21:29:47 params :
------------
Array:
message : Array ;
module : default ;
rule : -1 ;

2017-07-28 21:29:47 response :
------------
Array:
errno : -1 ;
message : Invaild value ;

2017-07-28 21:42:47 trace :
------------
Array:
from : oKmKPxKBnGN-iFbQdoJbzAjbZ4Fc ;
to : gh_e86b5de80d72 ;
time : 1501249367 ;
type : trace ;
event : LOCATION ;
tousername : gh_e86b5de80d72 ;
fromusername : oKmKPxKBnGN-iFbQdoJbzAjbZ4Fc ;
createtime : 1501249367 ;
msgtype : event ;
latitude : 22.634670 ;
longitude : 114.049629 ;
precision : 10.000000 ;
location_x : 22.634670 ;
location_y : 114.049629 ;

2017-07-28 21:42:47 params :
------------
Array:
message : Array ;
module : default ;
rule : -1 ;

2017-07-28 21:42:47 response :
------------
Array:
errno : -1 ;
message : Invaild value ;

2017-07-28 21:42:48 trace :
------------
Array:
from : oKmKPxKBnGN-iFbQdoJbzAjbZ4Fc ;
to : gh_e86b5de80d72 ;
time : 1501249368 ;
type : event ;
event : VIEW ;
tousername : gh_e86b5de80d72 ;
fromusername : oKmKPxKBnGN-iFbQdoJbzAjbZ4Fc ;
createtime : 1501249368 ;
msgtype : event ;
eventkey : http://www.richmei.com/app/index.php?i=65&c=entry&eid=838 ;
menuid : 601494847 ;

2017-07-28 21:42:48 params :
------------
Array:
message : Array ;
module : basic ;
rule : 171 ;
priority : 0 ;
keyword : Array ;

2017-07-28 21:42:48 response :
------------
Array:
FromUserName : gh_e86b5de80d72 ;
ToUserName : oKmKPxKBnGN-iFbQdoJbzAjbZ4Fc ;
MsgType : text ;
Content : 欢迎关注丰媒！/:rose/:rose

丰媒已经开通的深圳配送区： 
民治南景新村，民治樟坑一区，民治沙吓社区（14:00前下单，当天配送到社区合作点门口）

产地源头鲜果直摘配送，丰媒让您足不出户就能享受到全国各地丰富有营养的、特色的时令水果 ;

2017-07-28 21:43:51 trace :
------------
Array:
from : oKmKPxKBnGN-iFbQdoJbzAjbZ4Fc ;
to : gh_e86b5de80d72 ;
time : 1501249430 ;
type : trace ;
event : LOCATION ;
tousername : gh_e86b5de80d72 ;
fromusername : oKmKPxKBnGN-iFbQdoJbzAjbZ4Fc ;
createtime : 1501249430 ;
msgtype : event ;
latitude : 22.634464 ;
longitude : 114.049538 ;
precision : 65.000000 ;
location_x : 22.634464 ;
location_y : 114.049538 ;

2017-07-28 21:43:51 params :
------------
Array:
message : Array ;
module : default ;
rule : -1 ;

2017-07-28 21:43:51 response :
------------
Array:
errno : -1 ;
message : Invaild value ;

2017-07-28 21:44:23 trace :
------------
Array:
from : oKmKPxKBnGN-iFbQdoJbzAjbZ4Fc ;
to : gh_e86b5de80d72 ;
time : 1501249463 ;
type : trace ;
event : LOCATION ;
tousername : gh_e86b5de80d72 ;
fromusername : oKmKPxKBnGN-iFbQdoJbzAjbZ4Fc ;
createtime : 1501249463 ;
msgtype : event ;
latitude : 22.634495 ;
longitude : 114.049423 ;
precision : 65.000000 ;
location_x : 22.634495 ;
location_y : 114.049423 ;

2017-07-28 21:44:23 params :
------------
Array:
message : Array ;
module : default ;
rule : -1 ;

2017-07-28 21:44:23 response :
------------
Array:
errno : -1 ;
message : Invaild value ;

2017-07-28 21:44:25 trace :
------------
Array:
from : oKmKPxKBnGN-iFbQdoJbzAjbZ4Fc ;
to : gh_e86b5de80d72 ;
time : 1501249465 ;
type : event ;
event : VIEW ;
tousername : gh_e86b5de80d72 ;
fromusername : oKmKPxKBnGN-iFbQdoJbzAjbZ4Fc ;
createtime : 1501249465 ;
msgtype : event ;
eventkey : http://www.richmei.com/app/index.php?i=65&c=entry&eid=851 ;
menuid : 601494847 ;

2017-07-28 21:44:25 params :
------------
Array:
message : Array ;
module : basic ;
rule : 171 ;
priority : 0 ;
keyword : Array ;

2017-07-28 21:44:25 response :
------------
Array:
FromUserName : gh_e86b5de80d72 ;
ToUserName : oKmKPxKBnGN-iFbQdoJbzAjbZ4Fc ;
MsgType : text ;
Content : 欢迎关注丰媒！/:rose/:rose

丰媒已经开通的深圳配送区： 
民治南景新村，民治樟坑一区，民治沙吓社区（14:00前下单，当天配送到社区合作点门口）

产地源头鲜果直摘配送，丰媒让您足不出户就能享受到全国各地丰富有营养的、特色的时令水果 ;

2017-07-28 21:44:45 trace :
------------
Array:
from : oKmKPxKBnGN-iFbQdoJbzAjbZ4Fc ;
to : gh_e86b5de80d72 ;
time : 1501249484 ;
type : event ;
event : TEMPLATESENDJOBFINISH ;
tousername : gh_e86b5de80d72 ;
fromusername : oKmKPxKBnGN-iFbQdoJbzAjbZ4Fc ;
createtime : 1501249484 ;
msgtype : event ;
msgid : 602095753 ;
status : success ;

2017-07-28 21:44:45 params :
------------
Array:
message : Array ;
module : basic ;
rule : 171 ;
priority : 0 ;
keyword : Array ;

2017-07-28 21:44:45 response :
------------
Array:
FromUserName : gh_e86b5de80d72 ;
ToUserName : oKmKPxKBnGN-iFbQdoJbzAjbZ4Fc ;
MsgType : text ;
Content : 欢迎关注丰媒！/:rose/:rose

丰媒已经开通的深圳配送区： 
民治南景新村，民治樟坑一区，民治沙吓社区（14:00前下单，当天配送到社区合作点门口）

产地源头鲜果直摘配送，丰媒让您足不出户就能享受到全国各地丰富有营养的、特色的时令水果 ;

2017-07-28 21:44:45 trace :
------------
Array:
from : oKmKPxKBnGN-iFbQdoJbzAjbZ4Fc ;
to : gh_e86b5de80d72 ;
time : 1501249484 ;
type : event ;
event : TEMPLATESENDJOBFINISH ;
tousername : gh_e86b5de80d72 ;
fromusername : oKmKPxKBnGN-iFbQdoJbzAjbZ4Fc ;
createtime : 1501249484 ;
msgtype : event ;
msgid : 602095754 ;
status : success ;

2017-07-28 21:44:45 params :
------------
Array:
message : Array ;
module : basic ;
rule : 171 ;
priority : 0 ;
keyword : Array ;

2017-07-28 21:44:45 response :
------------
Array:
FromUserName : gh_e86b5de80d72 ;
ToUserName : oKmKPxKBnGN-iFbQdoJbzAjbZ4Fc ;
MsgType : text ;
Content : 欢迎关注丰媒！/:rose/:rose

丰媒已经开通的深圳配送区： 
民治南景新村，民治樟坑一区，民治沙吓社区（14:00前下单，当天配送到社区合作点门口）

产地源头鲜果直摘配送，丰媒让您足不出户就能享受到全国各地丰富有营养的、特色的时令水果 ;

2017-07-28 21:44:45 trace :
------------
Array:
from : oKmKPxKBnGN-iFbQdoJbzAjbZ4Fc ;
to : gh_e86b5de80d72 ;
time : 1501249485 ;
type : event ;
event : TEMPLATESENDJOBFINISH ;
tousername : gh_e86b5de80d72 ;
fromusername : oKmKPxKBnGN-iFbQdoJbzAjbZ4Fc ;
createtime : 1501249485 ;
msgtype : event ;
msgid : 602095755 ;
status : success ;

2017-07-28 21:44:45 params :
------------
Array:
message : Array ;
module : basic ;
rule : 171 ;
priority : 0 ;
keyword : Array ;

2017-07-28 21:44:45 response :
------------
Array:
FromUserName : gh_e86b5de80d72 ;
ToUserName : oKmKPxKBnGN-iFbQdoJbzAjbZ4Fc ;
MsgType : text ;
Content : 欢迎关注丰媒！/:rose/:rose

丰媒已经开通的深圳配送区： 
民治南景新村，民治樟坑一区，民治沙吓社区（14:00前下单，当天配送到社区合作点门口）

产地源头鲜果直摘配送，丰媒让您足不出户就能享受到全国各地丰富有营养的、特色的时令水果 ;

2017-07-28 21:47:52 trace :
------------
Array:
from : oKmKPxKBnGN-iFbQdoJbzAjbZ4Fc ;
to : gh_e86b5de80d72 ;
time : 1501249671 ;
type : event ;
event : VIEW ;
tousername : gh_e86b5de80d72 ;
fromusername : oKmKPxKBnGN-iFbQdoJbzAjbZ4Fc ;
createtime : 1501249671 ;
msgtype : event ;
eventkey : http://www.richmei.com/app/index.php?i=65&c=entry&eid=838 ;
menuid : 601494847 ;

2017-07-28 21:47:52 params :
------------
Array:
message : Array ;
module : basic ;
rule : 171 ;
priority : 0 ;
keyword : Array ;

2017-07-28 21:47:52 response :
------------
Array:
FromUserName : gh_e86b5de80d72 ;
ToUserName : oKmKPxKBnGN-iFbQdoJbzAjbZ4Fc ;
MsgType : text ;
Content : 欢迎关注丰媒！/:rose/:rose

丰媒已经开通的深圳配送区： 
民治南景新村，民治樟坑一区，民治沙吓社区（14:00前下单，当天配送到社区合作点门口）

产地源头鲜果直摘配送，丰媒让您足不出户就能享受到全国各地丰富有营养的、特色的时令水果 ;

2017-07-28 21:49:05 trace :
------------
Array:
from : oKmKPxKBnGN-iFbQdoJbzAjbZ4Fc ;
to : gh_e86b5de80d72 ;
time : 1501249745 ;
type : trace ;
event : LOCATION ;
tousername : gh_e86b5de80d72 ;
fromusername : oKmKPxKBnGN-iFbQdoJbzAjbZ4Fc ;
createtime : 1501249745 ;
msgtype : event ;
latitude : 22.634468 ;
longitude : 114.049423 ;
precision : 65.000000 ;
location_x : 22.634468 ;
location_y : 114.049423 ;

2017-07-28 21:49:05 params :
------------
Array:
message : Array ;
module : default ;
rule : -1 ;

2017-07-28 21:49:05 response :
------------
Array:
errno : -1 ;
message : Invaild value ;

2017-07-28 21:49:07 trace :
------------
Array:
from : oKmKPxKBnGN-iFbQdoJbzAjbZ4Fc ;
to : gh_e86b5de80d72 ;
time : 1501249747 ;
type : event ;
event : VIEW ;
tousername : gh_e86b5de80d72 ;
fromusername : oKmKPxKBnGN-iFbQdoJbzAjbZ4Fc ;
createtime : 1501249747 ;
msgtype : event ;
eventkey : http://www.richmei.com/app/index.php?i=65&c=entry&eid=838 ;
menuid : 601494847 ;

2017-07-28 21:49:07 params :
------------
Array:
message : Array ;
module : basic ;
rule : 171 ;
priority : 0 ;
keyword : Array ;

2017-07-28 21:49:07 response :
------------
Array:
FromUserName : gh_e86b5de80d72 ;
ToUserName : oKmKPxKBnGN-iFbQdoJbzAjbZ4Fc ;
MsgType : text ;
Content : 欢迎关注丰媒！/:rose/:rose

丰媒已经开通的深圳配送区： 
民治南景新村，民治樟坑一区，民治沙吓社区（14:00前下单，当天配送到社区合作点门口）

产地源头鲜果直摘配送，丰媒让您足不出户就能享受到全国各地丰富有营养的、特色的时令水果 ;

2017-07-28 21:50:04 trace :
------------
Array:
from : oKmKPxKBnGN-iFbQdoJbzAjbZ4Fc ;
to : gh_e86b5de80d72 ;
time : 1501249803 ;
type : trace ;
event : LOCATION ;
tousername : gh_e86b5de80d72 ;
fromusername : oKmKPxKBnGN-iFbQdoJbzAjbZ4Fc ;
createtime : 1501249803 ;
msgtype : event ;
latitude : 22.634481 ;
longitude : 114.049553 ;
precision : 65.000000 ;
location_x : 22.634481 ;
location_y : 114.049553 ;

2017-07-28 21:50:04 params :
------------
Array:
message : Array ;
module : default ;
rule : -1 ;

2017-07-28 21:50:04 response :
------------
Array:
errno : -1 ;
message : Invaild value ;

2017-07-28 21:50:05 trace :
------------
Array:
from : oKmKPxKBnGN-iFbQdoJbzAjbZ4Fc ;
to : gh_e86b5de80d72 ;
time : 1501249805 ;
type : event ;
event : VIEW ;
tousername : gh_e86b5de80d72 ;
fromusername : oKmKPxKBnGN-iFbQdoJbzAjbZ4Fc ;
createtime : 1501249805 ;
msgtype : event ;
eventkey : http://www.richmei.com/app/index.php?i=65&c=entry&eid=838 ;
menuid : 601494847 ;

2017-07-28 21:50:05 params :
------------
Array:
message : Array ;
module : basic ;
rule : 171 ;
priority : 0 ;
keyword : Array ;

2017-07-28 21:50:05 response :
------------
Array:
FromUserName : gh_e86b5de80d72 ;
ToUserName : oKmKPxKBnGN-iFbQdoJbzAjbZ4Fc ;
MsgType : text ;
Content : 欢迎关注丰媒！/:rose/:rose

丰媒已经开通的深圳配送区： 
民治南景新村，民治樟坑一区，民治沙吓社区（14:00前下单，当天配送到社区合作点门口）

产地源头鲜果直摘配送，丰媒让您足不出户就能享受到全国各地丰富有营养的、特色的时令水果 ;

2017-07-28 21:50:17 trace :
------------
Array:
from : oKmKPxKBnGN-iFbQdoJbzAjbZ4Fc ;
to : gh_e86b5de80d72 ;
time : 1501249816 ;
type : event ;
event : VIEW ;
tousername : gh_e86b5de80d72 ;
fromusername : oKmKPxKBnGN-iFbQdoJbzAjbZ4Fc ;
createtime : 1501249816 ;
msgtype : event ;
eventkey : http://www.richmei.com/app/index.php?i=65&c=entry&eid=851 ;
menuid : 601494847 ;

2017-07-28 21:50:17 params :
------------
Array:
message : Array ;
module : basic ;
rule : 171 ;
priority : 0 ;
keyword : Array ;

2017-07-28 21:50:17 response :
------------
Array:
FromUserName : gh_e86b5de80d72 ;
ToUserName : oKmKPxKBnGN-iFbQdoJbzAjbZ4Fc ;
MsgType : text ;
Content : 欢迎关注丰媒！/:rose/:rose

丰媒已经开通的深圳配送区： 
民治南景新村，民治樟坑一区，民治沙吓社区（14:00前下单，当天配送到社区合作点门口）

产地源头鲜果直摘配送，丰媒让您足不出户就能享受到全国各地丰富有营养的、特色的时令水果 ;

2017-07-28 22:05:41 trace :
------------
Array:
from : oKmKPxOZqKVeJeyZ0e0SsH_hdUAU ;
to : gh_e86b5de80d72 ;
time : 1501250741 ;
type : trace ;
event : LOCATION ;
tousername : gh_e86b5de80d72 ;
fromusername : oKmKPxOZqKVeJeyZ0e0SsH_hdUAU ;
createtime : 1501250741 ;
msgtype : event ;
latitude : 30.671877 ;
longitude : 104.066818 ;
precision : 110.000000 ;
location_x : 30.671877 ;
location_y : 104.066818 ;

2017-07-28 22:05:41 params :
------------
Array:
message : Array ;
module : default ;
rule : -1 ;

2017-07-28 22:05:41 response :
------------
Array:
errno : -1 ;
message : Invaild value ;

2017-07-28 22:06:35 trace :
------------
Array:
from : oKmKPxOZqKVeJeyZ0e0SsH_hdUAU ;
to : gh_e86b5de80d72 ;
time : 1501250794 ;
type : event ;
event : TEMPLATESENDJOBFINISH ;
tousername : gh_e86b5de80d72 ;
fromusername : oKmKPxOZqKVeJeyZ0e0SsH_hdUAU ;
createtime : 1501250794 ;
msgtype : event ;
msgid : 602096107 ;
status : success ;

2017-07-28 22:06:35 params :
------------
Array:
message : Array ;
module : basic ;
rule : 171 ;
priority : 0 ;
keyword : Array ;

2017-07-28 22:06:35 response :
------------
Array:
FromUserName : gh_e86b5de80d72 ;
ToUserName : oKmKPxOZqKVeJeyZ0e0SsH_hdUAU ;
MsgType : text ;
Content : 欢迎关注丰媒！/:rose/:rose

丰媒已经开通的深圳配送区： 
民治南景新村，民治樟坑一区，民治沙吓社区（14:00前下单，当天配送到社区合作点门口）

产地源头鲜果直摘配送，丰媒让您足不出户就能享受到全国各地丰富有营养的、特色的时令水果 ;

2017-07-28 22:06:49 trace :
------------
Array:
from : oKmKPxOZqKVeJeyZ0e0SsH_hdUAU ;
to : gh_e86b5de80d72 ;
time : 1501250808 ;
type : event ;
event : TEMPLATESENDJOBFINISH ;
tousername : gh_e86b5de80d72 ;
fromusername : oKmKPxOZqKVeJeyZ0e0SsH_hdUAU ;
createtime : 1501250808 ;
msgtype : event ;
msgid : 602096112 ;
status : success ;

2017-07-28 22:06:49 params :
------------
Array:
message : Array ;
module : basic ;
rule : 171 ;
priority : 0 ;
keyword : Array ;

2017-07-28 22:06:49 response :
------------
Array:
FromUserName : gh_e86b5de80d72 ;
ToUserName : oKmKPxOZqKVeJeyZ0e0SsH_hdUAU ;
MsgType : text ;
Content : 欢迎关注丰媒！/:rose/:rose

丰媒已经开通的深圳配送区： 
民治南景新村，民治樟坑一区，民治沙吓社区（14:00前下单，当天配送到社区合作点门口）

产地源头鲜果直摘配送，丰媒让您足不出户就能享受到全国各地丰富有营养的、特色的时令水果 ;

2017-07-28 22:11:40 trace :
------------
Array:
from : oKmKPxOZqKVeJeyZ0e0SsH_hdUAU ;
to : gh_e86b5de80d72 ;
time : 1501251099 ;
type : event ;
event : TEMPLATESENDJOBFINISH ;
tousername : gh_e86b5de80d72 ;
fromusername : oKmKPxOZqKVeJeyZ0e0SsH_hdUAU ;
createtime : 1501251099 ;
msgtype : event ;
msgid : 602096175 ;
status : success ;

2017-07-28 22:11:40 params :
------------
Array:
message : Array ;
module : basic ;
rule : 171 ;
priority : 0 ;
keyword : Array ;

2017-07-28 22:11:40 response :
------------
Array:
FromUserName : gh_e86b5de80d72 ;
ToUserName : oKmKPxOZqKVeJeyZ0e0SsH_hdUAU ;
MsgType : text ;
Content : 欢迎关注丰媒！/:rose/:rose

丰媒已经开通的深圳配送区： 
民治南景新村，民治樟坑一区，民治沙吓社区（14:00前下单，当天配送到社区合作点门口）

产地源头鲜果直摘配送，丰媒让您足不出户就能享受到全国各地丰富有营养的、特色的时令水果 ;

2017-07-28 22:20:06 trace :
------------
Array:
from : oKmKPxKBnGN-iFbQdoJbzAjbZ4Fc ;
to : gh_e86b5de80d72 ;
time : 1501251606 ;
type : event ;
event : VIEW ;
tousername : gh_e86b5de80d72 ;
fromusername : oKmKPxKBnGN-iFbQdoJbzAjbZ4Fc ;
createtime : 1501251606 ;
msgtype : event ;
eventkey : http://www.richmei.com/app/index.php?i=65&c=entry&eid=851 ;
menuid : 601494847 ;

2017-07-28 22:20:06 params :
------------
Array:
message : Array ;
module : basic ;
rule : 171 ;
priority : 0 ;
keyword : Array ;

2017-07-28 22:20:06 response :
------------
Array:
FromUserName : gh_e86b5de80d72 ;
ToUserName : oKmKPxKBnGN-iFbQdoJbzAjbZ4Fc ;
MsgType : text ;
Content : 欢迎关注丰媒！/:rose/:rose

丰媒已经开通的深圳配送区： 
民治南景新村，民治樟坑一区，民治沙吓社区（14:00前下单，当天配送到社区合作点门口）

产地源头鲜果直摘配送，丰媒让您足不出户就能享受到全国各地丰富有营养的、特色的时令水果 ;

2017-07-28 22:21:18 trace :
------------
Array:
from : oKmKPxOZqKVeJeyZ0e0SsH_hdUAU ;
to : gh_e86b5de80d72 ;
time : 1501251678 ;
type : event ;
event : TEMPLATESENDJOBFINISH ;
tousername : gh_e86b5de80d72 ;
fromusername : oKmKPxOZqKVeJeyZ0e0SsH_hdUAU ;
createtime : 1501251678 ;
msgtype : event ;
msgid : 602096325 ;
status : success ;

2017-07-28 22:21:18 params :
------------
Array:
message : Array ;
module : basic ;
rule : 171 ;
priority : 0 ;
keyword : Array ;

2017-07-28 22:21:18 response :
------------
Array:
FromUserName : gh_e86b5de80d72 ;
ToUserName : oKmKPxOZqKVeJeyZ0e0SsH_hdUAU ;
MsgType : text ;
Content : 欢迎关注丰媒！/:rose/:rose

丰媒已经开通的深圳配送区： 
民治南景新村，民治樟坑一区，民治沙吓社区（14:00前下单，当天配送到社区合作点门口）

产地源头鲜果直摘配送，丰媒让您足不出户就能享受到全国各地丰富有营养的、特色的时令水果 ;

2017-07-28 22:23:25 trace :
------------
Array:
from : oKmKPxOZqKVeJeyZ0e0SsH_hdUAU ;
to : gh_e86b5de80d72 ;
time : 1501251805 ;
type : event ;
event : TEMPLATESENDJOBFINISH ;
tousername : gh_e86b5de80d72 ;
fromusername : oKmKPxOZqKVeJeyZ0e0SsH_hdUAU ;
createtime : 1501251805 ;
msgtype : event ;
msgid : 602096348 ;
status : success ;

2017-07-28 22:23:25 params :
------------
Array:
message : Array ;
module : basic ;
rule : 171 ;
priority : 0 ;
keyword : Array ;

2017-07-28 22:23:25 response :
------------
Array:
FromUserName : gh_e86b5de80d72 ;
ToUserName : oKmKPxOZqKVeJeyZ0e0SsH_hdUAU ;
MsgType : text ;
Content : 欢迎关注丰媒！/:rose/:rose

丰媒已经开通的深圳配送区： 
民治南景新村，民治樟坑一区，民治沙吓社区（14:00前下单，当天配送到社区合作点门口）

产地源头鲜果直摘配送，丰媒让您足不出户就能享受到全国各地丰富有营养的、特色的时令水果 ;

2017-07-28 22:23:51 trace :
------------
Array:
from : oKmKPxOZqKVeJeyZ0e0SsH_hdUAU ;
to : gh_e86b5de80d72 ;
time : 1501251830 ;
type : event ;
event : TEMPLATESENDJOBFINISH ;
tousername : gh_e86b5de80d72 ;
fromusername : oKmKPxOZqKVeJeyZ0e0SsH_hdUAU ;
createtime : 1501251830 ;
msgtype : event ;
msgid : 602096354 ;
status : success ;

2017-07-28 22:23:51 params :
------------
Array:
message : Array ;
module : basic ;
rule : 171 ;
priority : 0 ;
keyword : Array ;

2017-07-28 22:23:51 response :
------------
Array:
FromUserName : gh_e86b5de80d72 ;
ToUserName : oKmKPxOZqKVeJeyZ0e0SsH_hdUAU ;
MsgType : text ;
Content : 欢迎关注丰媒！/:rose/:rose

丰媒已经开通的深圳配送区： 
民治南景新村，民治樟坑一区，民治沙吓社区（14:00前下单，当天配送到社区合作点门口）

产地源头鲜果直摘配送，丰媒让您足不出户就能享受到全国各地丰富有营养的、特色的时令水果 ;

2017-07-28 22:39:30 trace :
------------
Array:
from : oKmKPxOZqKVeJeyZ0e0SsH_hdUAU ;
to : gh_e86b5de80d72 ;
time : 1501252770 ;
type : event ;
event : TEMPLATESENDJOBFINISH ;
tousername : gh_e86b5de80d72 ;
fromusername : oKmKPxOZqKVeJeyZ0e0SsH_hdUAU ;
createtime : 1501252770 ;
msgtype : event ;
msgid : 602096651 ;
status : success ;

2017-07-28 22:39:30 params :
------------
Array:
message : Array ;
module : basic ;
rule : 171 ;
priority : 0 ;
keyword : Array ;

2017-07-28 22:39:30 response :
------------
Array:
FromUserName : gh_e86b5de80d72 ;
ToUserName : oKmKPxOZqKVeJeyZ0e0SsH_hdUAU ;
MsgType : text ;
Content : 欢迎关注丰媒！/:rose/:rose

丰媒已经开通的深圳配送区： 
民治南景新村，民治樟坑一区，民治沙吓社区（14:00前下单，当天配送到社区合作点门口）

产地源头鲜果直摘配送，丰媒让您足不出户就能享受到全国各地丰富有营养的、特色的时令水果 ;

2017-07-28 22:40:12 trace :
------------
Array:
from : oKmKPxOZqKVeJeyZ0e0SsH_hdUAU ;
to : gh_e86b5de80d72 ;
time : 1501252812 ;
type : event ;
event : TEMPLATESENDJOBFINISH ;
tousername : gh_e86b5de80d72 ;
fromusername : oKmKPxOZqKVeJeyZ0e0SsH_hdUAU ;
createtime : 1501252812 ;
msgtype : event ;
msgid : 602096669 ;
status : success ;

2017-07-28 22:40:12 params :
------------
Array:
message : Array ;
module : basic ;
rule : 171 ;
priority : 0 ;
keyword : Array ;

2017-07-28 22:40:12 response :
------------
Array:
FromUserName : gh_e86b5de80d72 ;
ToUserName : oKmKPxOZqKVeJeyZ0e0SsH_hdUAU ;
MsgType : text ;
Content : 欢迎关注丰媒！/:rose/:rose

丰媒已经开通的深圳配送区： 
民治南景新村，民治樟坑一区，民治沙吓社区（14:00前下单，当天配送到社区合作点门口）

产地源头鲜果直摘配送，丰媒让您足不出户就能享受到全国各地丰富有营养的、特色的时令水果 ;

2017-07-28 22:41:35 trace :
------------
Array:
from : oKmKPxOZqKVeJeyZ0e0SsH_hdUAU ;
to : gh_e86b5de80d72 ;
time : 1501252895 ;
type : event ;
event : TEMPLATESENDJOBFINISH ;
tousername : gh_e86b5de80d72 ;
fromusername : oKmKPxOZqKVeJeyZ0e0SsH_hdUAU ;
createtime : 1501252895 ;
msgtype : event ;
msgid : 602096705 ;
status : success ;

2017-07-28 22:41:35 params :
------------
Array:
message : Array ;
module : basic ;
rule : 171 ;
priority : 0 ;
keyword : Array ;

2017-07-28 22:41:35 response :
------------
Array:
FromUserName : gh_e86b5de80d72 ;
ToUserName : oKmKPxOZqKVeJeyZ0e0SsH_hdUAU ;
MsgType : text ;
Content : 欢迎关注丰媒！/:rose/:rose

丰媒已经开通的深圳配送区： 
民治南景新村，民治樟坑一区，民治沙吓社区（14:00前下单，当天配送到社区合作点门口）

产地源头鲜果直摘配送，丰媒让您足不出户就能享受到全国各地丰富有营养的、特色的时令水果 ;

2017-07-28 22:42:34 trace :
------------
Array:
from : oKmKPxOZqKVeJeyZ0e0SsH_hdUAU ;
to : gh_e86b5de80d72 ;
time : 1501252953 ;
type : event ;
event : TEMPLATESENDJOBFINISH ;
tousername : gh_e86b5de80d72 ;
fromusername : oKmKPxOZqKVeJeyZ0e0SsH_hdUAU ;
createtime : 1501252953 ;
msgtype : event ;
msgid : 602096717 ;
status : success ;

2017-07-28 22:42:34 params :
------------
Array:
message : Array ;
module : basic ;
rule : 171 ;
priority : 0 ;
keyword : Array ;

2017-07-28 22:42:34 response :
------------
Array:
FromUserName : gh_e86b5de80d72 ;
ToUserName : oKmKPxOZqKVeJeyZ0e0SsH_hdUAU ;
MsgType : text ;
Content : 欢迎关注丰媒！/:rose/:rose

丰媒已经开通的深圳配送区： 
民治南景新村，民治樟坑一区，民治沙吓社区（14:00前下单，当天配送到社区合作点门口）

产地源头鲜果直摘配送，丰媒让您足不出户就能享受到全国各地丰富有营养的、特色的时令水果 ;

2017-07-28 22:43:00 trace :
------------
Array:
from : oKmKPxOZqKVeJeyZ0e0SsH_hdUAU ;
to : gh_e86b5de80d72 ;
time : 1501252980 ;
type : event ;
event : TEMPLATESENDJOBFINISH ;
tousername : gh_e86b5de80d72 ;
fromusername : oKmKPxOZqKVeJeyZ0e0SsH_hdUAU ;
createtime : 1501252980 ;
msgtype : event ;
msgid : 602096723 ;
status : success ;

2017-07-28 22:43:00 params :
------------
Array:
message : Array ;
module : basic ;
rule : 171 ;
priority : 0 ;
keyword : Array ;

2017-07-28 22:43:00 response :
------------
Array:
FromUserName : gh_e86b5de80d72 ;
ToUserName : oKmKPxOZqKVeJeyZ0e0SsH_hdUAU ;
MsgType : text ;
Content : 欢迎关注丰媒！/:rose/:rose

丰媒已经开通的深圳配送区： 
民治南景新村，民治樟坑一区，民治沙吓社区（14:00前下单，当天配送到社区合作点门口）

产地源头鲜果直摘配送，丰媒让您足不出户就能享受到全国各地丰富有营养的、特色的时令水果 ;

2017-07-28 22:43:14 trace :
------------
Array:
from : oKmKPxOZqKVeJeyZ0e0SsH_hdUAU ;
to : gh_e86b5de80d72 ;
time : 1501252994 ;
type : trace ;
event : LOCATION ;
tousername : gh_e86b5de80d72 ;
fromusername : oKmKPxOZqKVeJeyZ0e0SsH_hdUAU ;
createtime : 1501252994 ;
msgtype : event ;
latitude : 30.672241 ;
longitude : 104.066872 ;
precision : 90.000000 ;
location_x : 30.672241 ;
location_y : 104.066872 ;

2017-07-28 22:43:14 params :
------------
Array:
message : Array ;
module : default ;
rule : -1 ;

2017-07-28 22:43:14 response :
------------
Array:
errno : -1 ;
message : Invaild value ;

2017-07-28 23:03:25 trace :
------------
Array:
from : oKmKPxKBnGN-iFbQdoJbzAjbZ4Fc ;
to : gh_e86b5de80d72 ;
time : 1501254205 ;
type : trace ;
event : LOCATION ;
tousername : gh_e86b5de80d72 ;
fromusername : oKmKPxKBnGN-iFbQdoJbzAjbZ4Fc ;
createtime : 1501254205 ;
msgtype : event ;
latitude : 22.634586 ;
longitude : 114.049461 ;
precision : 10.000000 ;
location_x : 22.634586 ;
location_y : 114.049461 ;

2017-07-28 23:03:25 params :
------------
Array:
message : Array ;
module : default ;
rule : -1 ;

2017-07-28 23:03:25 response :
------------
Array:
errno : -1 ;
message : Invaild value ;

2017-07-28 23:03:26 trace :
------------
Array:
from : oKmKPxKBnGN-iFbQdoJbzAjbZ4Fc ;
to : gh_e86b5de80d72 ;
time : 1501254206 ;
type : event ;
event : VIEW ;
tousername : gh_e86b5de80d72 ;
fromusername : oKmKPxKBnGN-iFbQdoJbzAjbZ4Fc ;
createtime : 1501254206 ;
msgtype : event ;
eventkey : http://www.richmei.com/app/index.php?i=65&c=entry&eid=851 ;
menuid : 601494847 ;

2017-07-28 23:03:26 params :
------------
Array:
message : Array ;
module : basic ;
rule : 171 ;
priority : 0 ;
keyword : Array ;

2017-07-28 23:03:26 response :
------------
Array:
FromUserName : gh_e86b5de80d72 ;
ToUserName : oKmKPxKBnGN-iFbQdoJbzAjbZ4Fc ;
MsgType : text ;
Content : 欢迎关注丰媒！/:rose/:rose

丰媒已经开通的深圳配送区： 
民治南景新村，民治樟坑一区，民治沙吓社区（14:00前下单，当天配送到社区合作点门口）

产地源头鲜果直摘配送，丰媒让您足不出户就能享受到全国各地丰富有营养的、特色的时令水果 ;

2017-07-28 23:03:37 trace :
------------
Array:
from : oKmKPxKBnGN-iFbQdoJbzAjbZ4Fc ;
to : gh_e86b5de80d72 ;
time : 1501254216 ;
type : event ;
event : VIEW ;
tousername : gh_e86b5de80d72 ;
fromusername : oKmKPxKBnGN-iFbQdoJbzAjbZ4Fc ;
createtime : 1501254216 ;
msgtype : event ;
eventkey : http://www.richmei.com/app/index.php?i=65&c=entry&eid=838 ;
menuid : 601494847 ;

2017-07-28 23:03:37 params :
------------
Array:
message : Array ;
module : basic ;
rule : 171 ;
priority : 0 ;
keyword : Array ;

2017-07-28 23:03:37 response :
------------
Array:
FromUserName : gh_e86b5de80d72 ;
ToUserName : oKmKPxKBnGN-iFbQdoJbzAjbZ4Fc ;
MsgType : text ;
Content : 欢迎关注丰媒！/:rose/:rose

丰媒已经开通的深圳配送区： 
民治南景新村，民治樟坑一区，民治沙吓社区（14:00前下单，当天配送到社区合作点门口）

产地源头鲜果直摘配送，丰媒让您足不出户就能享受到全国各地丰富有营养的、特色的时令水果 ;

2017-07-28 23:12:08 trace :
------------
Array:
from : oKmKPxKBnGN-iFbQdoJbzAjbZ4Fc ;
to : gh_e86b5de80d72 ;
time : 1501254728 ;
type : event ;
event : VIEW ;
tousername : gh_e86b5de80d72 ;
fromusername : oKmKPxKBnGN-iFbQdoJbzAjbZ4Fc ;
createtime : 1501254728 ;
msgtype : event ;
eventkey : http://www.richmei.com/app/index.php?i=65&c=entry&eid=851 ;
menuid : 601494847 ;

2017-07-28 23:12:08 params :
------------
Array:
message : Array ;
module : basic ;
rule : 171 ;
priority : 0 ;
keyword : Array ;

2017-07-28 23:12:08 response :
------------
Array:
FromUserName : gh_e86b5de80d72 ;
ToUserName : oKmKPxKBnGN-iFbQdoJbzAjbZ4Fc ;
MsgType : text ;
Content : 欢迎关注丰媒！/:rose/:rose

丰媒已经开通的深圳配送区： 
民治南景新村，民治樟坑一区，民治沙吓社区（14:00前下单，当天配送到社区合作点门口）

产地源头鲜果直摘配送，丰媒让您足不出户就能享受到全国各地丰富有营养的、特色的时令水果 ;

2017-07-28 23:12:14 trace :
------------
Array:
from : oKmKPxKBnGN-iFbQdoJbzAjbZ4Fc ;
to : gh_e86b5de80d72 ;
time : 1501254733 ;
type : event ;
event : VIEW ;
tousername : gh_e86b5de80d72 ;
fromusername : oKmKPxKBnGN-iFbQdoJbzAjbZ4Fc ;
createtime : 1501254733 ;
msgtype : event ;
eventkey : http://www.richmei.com/app/index.php?i=65&c=entry&eid=838 ;
menuid : 601494847 ;

2017-07-28 23:12:14 params :
------------
Array:
message : Array ;
module : basic ;
rule : 171 ;
priority : 0 ;
keyword : Array ;

2017-07-28 23:12:14 response :
------------
Array:
FromUserName : gh_e86b5de80d72 ;
ToUserName : oKmKPxKBnGN-iFbQdoJbzAjbZ4Fc ;
MsgType : text ;
Content : 欢迎关注丰媒！/:rose/:rose

丰媒已经开通的深圳配送区： 
民治南景新村，民治樟坑一区，民治沙吓社区（14:00前下单，当天配送到社区合作点门口）

产地源头鲜果直摘配送，丰媒让您足不出户就能享受到全国各地丰富有营养的、特色的时令水果 ;

2017-07-28 23:51:14 trace :
------------
Array:
from : oKmKPxKBnGN-iFbQdoJbzAjbZ4Fc ;
to : gh_e86b5de80d72 ;
time : 1501257074 ;
type : event ;
event : VIEW ;
tousername : gh_e86b5de80d72 ;
fromusername : oKmKPxKBnGN-iFbQdoJbzAjbZ4Fc ;
createtime : 1501257074 ;
msgtype : event ;
eventkey : http://www.richmei.com/app/index.php?i=65&c=entry&eid=851 ;
menuid : 601494847 ;

2017-07-28 23:51:14 params :
------------
Array:
message : Array ;
module : basic ;
rule : 171 ;
priority : 0 ;
keyword : Array ;

2017-07-28 23:51:14 response :
------------
Array:
FromUserName : gh_e86b5de80d72 ;
ToUserName : oKmKPxKBnGN-iFbQdoJbzAjbZ4Fc ;
MsgType : text ;
Content : 欢迎关注丰媒！/:rose/:rose

丰媒已经开通的深圳配送区： 
民治南景新村，民治樟坑一区，民治沙吓社区（14:00前下单，当天配送到社区合作点门口）

产地源头鲜果直摘配送，丰媒让您足不出户就能享受到全国各地丰富有营养的、特色的时令水果 ;

2017-07-28 23:51:57 trace :
------------
Array:
from : oKmKPxKBnGN-iFbQdoJbzAjbZ4Fc ;
to : gh_e86b5de80d72 ;
time : 1501257117 ;
type : event ;
event : VIEW ;
tousername : gh_e86b5de80d72 ;
fromusername : oKmKPxKBnGN-iFbQdoJbzAjbZ4Fc ;
createtime : 1501257117 ;
msgtype : event ;
eventkey : http://www.richmei.com/app/index.php?i=65&c=entry&eid=838 ;
menuid : 601494847 ;

2017-07-28 23:51:57 params :
------------
Array:
message : Array ;
module : basic ;
rule : 171 ;
priority : 0 ;
keyword : Array ;

2017-07-28 23:51:57 response :
------------
Array:
FromUserName : gh_e86b5de80d72 ;
ToUserName : oKmKPxKBnGN-iFbQdoJbzAjbZ4Fc ;
MsgType : text ;
Content : 欢迎关注丰媒！/:rose/:rose

丰媒已经开通的深圳配送区： 
民治南景新村，民治樟坑一区，民治沙吓社区（14:00前下单，当天配送到社区合作点门口）

产地源头鲜果直摘配送，丰媒让您足不出户就能享受到全国各地丰富有营养的、特色的时令水果 ;

